START-OF-LOG: 3.0
CREATED-BY: vhfmanager-downloader
CONTEST: ZRS julijsko UKV tekmovanje - Official results - VHFManager
CALLSIGN: DJ3SN
CATEGORY: 435 MHz - checklog
CATEGORY-OPERATOR: SINGLE-OP
CATEGORY-ASSISTED: NON-ASSISTED
CATEGORY-TRANSMITTER: ONE
CATEGORY-STATION: FIXED
QSO: 435000 PH 2025-07-05 1405 DJ3SN         59  1 JN48SQ   DF2FQ         59  2 JN58UB  
QSO: 435000 PH 2025-07-05 1408 DJ3SN         59  2 JN48SQ   OL3Z          59  12 JN79FX 
QSO: 435000 PH 2025-07-05 1412 DJ3SN         59  3 JN48SQ   HB9XC         59  6 JN37MD  
QSO: 435000 PH 2025-07-05 1419 DJ3SN         59  4 JN48SQ   DF7CHR        59  8 JN57MT  
QSO: 435000 PH 2025-07-05 1427 DJ3SN         59  5 JN48SQ   DL8NAS        59  2 JN59LE  
QSO: 435000 PH 2025-07-05 1432 DJ3SN         59  6 JN48SQ   HB9AJ         59  8 JN37SH  
QSO: 435000 PH 2025-07-05 1438 DJ3SN         59  7 JN48SQ   HB9GF         59  13 JN47BC 
QSO: 435000 PH 2025-07-05 1446 DJ3SN         59  8 JN48SQ   DK0NA         59  50 JO50TI 
QSO: 435000 PH 2025-07-05 1454 DJ3SN         59  9 JN48SQ   OE5D          59  23 JN68PC 
QSO: 435000 PH 2025-07-05 1500 DJ3SN         59  10 JN48SQ  DA1DH         59  4 JN48PS  
QSO: 435000 PH 2025-07-05 1512 DJ3SN         59  11 JN48SQ  DL3SFB        59  23 JN48WM 
QSO: 435000 PH 2025-07-05 1540 DJ3SN         59  12 JN48SQ  OK2A          59  87 JO60JJ 
QSO: 435000 PH 2025-07-05 1613 DJ3SN         59  13 JN48SQ  HB9IAB/P      59  18 JN36GU 
QSO: 435000 PH 2025-07-05 1616 DJ3SN         59  14 JN48SQ  DF0YY         59  57 JO62GD 
QSO: 435000 PH 2025-07-05 1625 DJ3SN         59  15 JN48SQ  OM3W          59  123 JN99CH
QSO: 435000 PH 2025-07-06 0623 DJ3SN         59  16 JN48SQ  OE5LHM/P      59  48 JN78CN 
QSO: 435000 PH 2025-07-06 0625 DJ3SN         59  17 JN48SQ  DB1RUL        59  15 JN49JC 
QSO: 435000 PH 2025-07-06 0630 DJ3SN         59  18 JN48SQ  OR6T          59  149 JO20KV
QSO: 435000 PH 2025-07-06 0746 DJ3SN         59  19 JN48SQ  OK5P          59  123 JO70SM
QSO: 435000 PH 2025-07-06 0853 DJ3SN         59  20 JN48SQ  HB9GT         59  40 JN47MH 
END-OF-LOG:
