START-OF-LOG: 3.0
CONTEST: CQ-WPX-CW
CALLSIGN: JH1OJV
LOCATION: DX
CATEGORY-OPERATOR: SINGLE-OP
CATEGORY-ASSISTED: NON-ASSISTED
CATEGORY-BAND: ALL
CATEGORY-POWER: QRP
CATEGORY-MODE: CW
CATEGORY-TRANSMITTER: ONE
CATEGORY-STATION:
CATEGORY-OVERLAY: CLASSIC
GRID-LOCATOR:
CLAIMED-SCORE: 9
NAME: Shigeo Udagawa
CREATED-BY:
SOAPBOX: Very nice my 1st CQ-WPX.
QSO:    28000  CW 2021-05-30 0028  JH1OJV           599  001   HL2BQG           599  923      
QSO:    28000  CW 2021-05-30 0050  JH1OJV           599  002   DS4EOI           599  935      
QSO:    21000  CW 2021-05-30 0126  JH1OJV           599  003   8N3OLP           599  341      
END-OF-LOG:
