START-OF-LOG: 3.0
CONTEST: CQ-WPX-CW
CALLSIGN: JI1RSF
LOCATION: DX
CATEGORY-OPERATOR: SINGLE-OP
CATEGORY-ASSISTED: NON-ASSISTED
CATEGORY-BAND: ALL
CATEGORY-POWER: LOW
CATEGORY-MODE: CW
CATEGORY-TRANSMITTER: ONE
CATEGORY-STATION: FIXED
CATEGORY-OVERLAY: TB-WIRES
GRID-LOCATOR: PM96qh
CLAIMED-SCORE: 23970
NAME: Takeshi Kawade
OPERATORS: JI1RSF
CREATED-BY: CTESTWIN by JI1AQY
SOAPBOX: I enjoyed the contest.
QSO:    14000  CW 2021-05-29 0020  JI1RSF           599  001   BH4TVU           599  020     0
QSO:    14000  CW 2021-05-29 0023  JI1RSF           599  002   BY7KP            599  025     0
QSO:    14000  CW 2021-05-29 0027  JI1RSF           599  003   DU3T             599  050     0
QSO:    14000  CW 2021-05-29 0031  JI1RSF           599  004   8N1OLP           599  043     0
QSO:    14000  CW 2021-05-29 0036  JI1RSF           599  005   DS4EOI           599  053     0
QSO:    14000  CW 2021-05-29 0038  JI1RSF           599  006   BD4TUC           599  074     0
QSO:    14000  CW 2021-05-29 0043  JI1RSF           599  007   BG6GQE           599  025     0
QSO:    14000  CW 2021-05-29 0046  JI1RSF           599  008   JE4MHL           599  059     0
QSO:    14000  CW 2021-05-29 0050  JI1RSF           599  009   JF1NHD           599  052     0
QSO:    14000  CW 2021-05-29 0051  JI1RSF           599  010   JH9FCP           599  046     0
QSO:    14000  CW 2021-05-29 0053  JI1RSF           599  011   RM0F             599  091     0
QSO:    14000  CW 2021-05-29 0055  JI1RSF           599  012   BA3MM            599  044     0
QSO:    14000  CW 2021-05-29 0057  JI1RSF           599  013   JR3BOT           599  039     0
QSO:    14000  CW 2021-05-29 0059  JI1RSF           599  014   DU3TW            599  042     0
QSO:    21000  CW 2021-05-29 0113  JI1RSF           599  015   UC0B             599  116     0
QSO:    21000  CW 2021-05-29 0116  JI1RSF           599  016   B1Z              599  063     0
QSO:    21000  CW 2021-05-29 0119  JI1RSF           599  017   BY1CY            599  073     0
QSO:    21000  CW 2021-05-29 0126  JI1RSF           599  018   R0DX             599  055     0
QSO:    21000  CW 2021-05-29 0132  JI1RSF           599  019   BA7QT            599  080     0
QSO:    21000  CW 2021-05-29 0135  JI1RSF           599  020   JA1ZGO           599  086     0
QSO:    21000  CW 2021-05-29 0136  JI1RSF           599  021   VR2CC            599  119     0
QSO:    21000  CW 2021-05-29 0146  JI1RSF           599  022   BH3BTX           599  048     0
QSO:    21000  CW 2021-05-29 0223  JI1RSF           599  023   DS4JI            599  212     0
QSO:    21000  CW 2021-05-29 0225  JI1RSF           599  024   JG6YLY           599  143     0
QSO:    21000  CW 2021-05-29 0231  JI1RSF           599  025   JA0FVU           599  140     0
QSO:    21000  CW 2021-05-29 0233  JI1RSF           599  026   BL7JJ            599  094     0
QSO:    21000  CW 2021-05-29 0235  JI1RSF           599  027   JA5QYR           599  080     0
QSO:    21000  CW 2021-05-29 0238  JI1RSF           599  028   JH8YOH           599  082     0
QSO:    21000  CW 2021-05-29 0240  JI1RSF           599  029   BD4QB            599  062     0
QSO:    28000  CW 2021-05-29 0247  JI1RSF           599  030   JA1PNA           599  075     0
QSO:    28000  CW 2021-05-29 0250  JI1RSF           599  031   BA8BA            599  110     0
QSO:    28000  CW 2021-05-29 0253  JI1RSF           599  032   VR2CC            599  067     0
QSO:    28000  CW 2021-05-29 0256  JI1RSF           599  033   DU3TW            599  067     0
QSO:    28000  CW 2021-05-29 0301  JI1RSF           599  034   BY1CY            599  050     0
QSO:    14000  CW 2021-05-29 0315  JI1RSF           599  035   JH0ZHQ           599  052     0
QSO:    14000  CW 2021-05-29 0318  JI1RSF           599  036   DS3EXX           599  015     0
QSO:    14000  CW 2021-05-29 0627  JI1RSF           599  037   WR6Y             599  599     0
QSO:    14000  CW 2021-05-29 0630  JI1RSF           599  038   KR7O             599  627     0
QSO:    14000  CW 2021-05-29 0634  JI1RSF           599  039   ND7M             599  794     0
QSO:    14000  CW 2021-05-29 0640  JI1RSF           599  040   KL7RA            599  594     0
QSO:    14000  CW 2021-05-29 0642  JI1RSF           599  041   N7GZ             599  218     0
QSO:    14000  CW 2021-05-29 0647  JI1RSF           599  042   KZ1W             599  434     0
QSO:    14000  CW 2021-05-29 0657  JI1RSF           599  043   NR5W             599  220     0
QSO:    14000  CW 2021-05-29 0700  JI1RSF           599  044   KU1CW            599  586     0
QSO:    14000  CW 2021-05-29 0706  JI1RSF           599  045   NJ6G             599  499     0
QSO:    14000  CW 2021-05-29 0709  JI1RSF           599  046   4D3X             599  313     0
QSO:    14000  CW 2021-05-29 0712  JI1RSF           599  047   NA2U             599  721     0
QSO:    14000  CW 2021-05-29 0723  JI1RSF           599  048   VE7JH            599  523     0
QSO:    14000  CW 2021-05-29 0733  JI1RSF           599  049   WH6R             599  156     0
QSO:    14000  CW 2021-05-29 0737  JI1RSF           599  050   KH6LC            599  499     0
QSO:    14000  CW 2021-05-29 0742  JI1RSF           599  051   ND7K             599  895     0
QSO:     7000  CW 2021-05-29 0747  JI1RSF           599  052   N7ZG             599  286     0
QSO:     7000  CW 2021-05-29 0752  JI1RSF           599  053   ND7K             599  544     0
QSO:     7000  CW 2021-05-29 0805  JI1RSF           599  054   WH7T             599  103     0
QSO:     7000  CW 2021-05-29 0809  JI1RSF           599  055   KU6W             599  294     0
QSO:     7000  CW 2021-05-29 0812  JI1RSF           599  056   R0CY             599  021     0
QSO:     7000  CW 2021-05-29 0818  JI1RSF           599  057   VA7AAA           599  220     0
QSO:     7000  CW 2021-05-29 0821  JI1RSF           599  058   KW7Y             599  371     0
QSO:     7000  CW 2021-05-29 0823  JI1RSF           599  059   NA6TT            599  454     0
QSO:    14000  CW 2021-05-29 0940  JI1RSF           599  060   UA0DX            599  294     0
QSO:    14000  CW 2021-05-29 0942  JI1RSF           599  061   JA7IC            599  169     0
QSO:    14000  CW 2021-05-29 0947  JI1RSF           599  062   4I1EBC           599  268     0
QSO:     3500  CW 2021-05-29 0951  JI1RSF           599  063   JK2EIJ/0         599  009     0
QSO:     7000  CW 2021-05-29 1542  JI1RSF           599  064   VK2IA            599  928     0
QSO:     7000  CW 2021-05-29 1547  JI1RSF           599  065   UA4M             599  516     0
QSO:     7000  CW 2021-05-29 1552  JI1RSF           599  066   UA4W             599  1361    0
QSO:     7000  CW 2021-05-29 1559  JI1RSF           599  067   ZL25NZ           599  910     0
QSO:     7000  CW 2021-05-29 1613  JI1RSF           599  068   4L8A             599  597     0
QSO:     7000  CW 2021-05-29 1624  JI1RSF           599  069   BY3GA            599  107     0
QSO:     7000  CW 2021-05-29 1631  JI1RSF           599  070   JR2SCJ           599  396     0
QSO:    14000  CW 2021-05-30 0246  JI1RSF           599  071   UC3K             599  2476    0
QSO:    21000  CW 2021-05-30 0257  JI1RSF           599  072   YC1JGE           599  107     0
QSO:    21000  CW 2021-05-30 0311  JI1RSF           599  073   HL5FEI           599  279     0
QSO:    28000  CW 2021-05-30 0318  JI1RSF           599  074   VR2EH            599  415     0
QSO:    28000  CW 2021-05-30 0322  JI1RSF           599  075   BY8DX            599  1327    0
QSO:    28000  CW 2021-05-30 0328  JI1RSF           599  076   DS4EOI           599  976     0
QSO:    28000  CW 2021-05-30 0332  JI1RSF           599  077   HL2WA            599  828     0
QSO:    21000  CW 2021-05-30 0341  JI1RSF           599  078   E2A              599  434     0
QSO:    14000  CW 2021-05-30 0711  JI1RSF           599  079   KW7Y             599  1487    0
QSO:    14000  CW 2021-05-30 0717  JI1RSF           599  080   NR6O             599  1421    0
QSO:    14000  CW 2021-05-30 0722  JI1RSF           599  081   KH0W             599  372     0
QSO:    14000  CW 2021-05-30 0725  JI1RSF           599  082   KZ1W             599  852     0
QSO:    14000  CW 2021-05-30 0731  JI1RSF           599  083   VK4DX            599  618     0
QSO:     7000  CW 2021-05-30 0737  JI1RSF           599  084   K6AR             599  1055    0
QSO:     7000  CW 2021-05-30 0742  JI1RSF           599  085   PT5T             599  1183    0
QSO:     7000  CW 2021-05-30 0755  JI1RSF           599  086   KU1CW            599  1835    0
QSO:     7000  CW 2021-05-30 0804  JI1RSF           599  087   NR6O             599  985     0
QSO:     7000  CW 2021-05-30 0809  JI1RSF           599  088   NR5W             599  807     0
QSO:     7000  CW 2021-05-30 0826  JI1RSF           599  089   ZM4T             599  1538    0
QSO:    14000  CW 2021-05-30 0845  JI1RSF           599  090   VK4KW            599  711     0
QSO:    14000  CW 2021-05-30 0852  JI1RSF           599  091   NJ6G             599  1513    0
QSO:    14000  CW 2021-05-30 0855  JI1RSF           599  092   KA6BIM           599  1080    0
QSO:    14000  CW 2021-05-30 0859  JI1RSF           599  093   YB0ECT           599  479     0
QSO:     7000  CW 2021-05-30 0907  JI1RSF           599  094   4D3X             599  792     0
QSO:     7000  CW 2021-05-30 0909  JI1RSF           599  095   JH9FCP           599  701     0
QSO:     7000  CW 2021-05-30 0917  JI1RSF           599  096   LW2DOD           599  501     0
QSO:    14000  CW 2021-05-30 1527  JI1RSF           599  097   SO4M             599  1902    0
QSO:    14000  CW 2021-05-30 1530  JI1RSF           599  098   YL7A             599  1600    0
QSO:    14000  CW 2021-05-30 1532  JI1RSF           599  099   HA8M             599  1330    0
QSO:    14000  CW 2021-05-30 1537  JI1RSF           599  100   HG8A             599  3658    0
QSO:    14000  CW 2021-05-30 1548  JI1RSF           599  101   YT3X             599  2582    0
QSO:    14000  CW 2021-05-30 1553  JI1RSF           599  102   LZ9W             599  2581    0
QSO:    14000  CW 2021-05-30 1557  JI1RSF           599  103   R9AE             599  886     0
QSO:    14000  CW 2021-05-30 1559  JI1RSF           599  103   YT5A             599  2697    0
QSO:    14000  CW 2021-05-30 1606  JI1RSF           599  104   UA6LCW           599  1421    0
QSO:    14000  CW 2021-05-30 1608  JI1RSF           599  104   ES9C             599  5378    0
QSO:    14000  CW 2021-05-30 1613  JI1RSF           599  105   YT1A             599  1845    0
QSO:    14000  CW 2021-05-30 1619  JI1RSF           599  106   OL4A             599  2153    0
END-OF-LOG:
