START-OF-LOG: 3.0
CONTEST: CQ-WPX-CW
CALLSIGN: WW7E
LOCATION: OR
CATEGORY-OPERATOR: SINGLE-OP
CATEGORY-ASSISTED: ASSISTED
CATEGORY-BAND: 20M
CATEGORY-POWER: HIGH
CATEGORY-MODE: CW
CATEGORY-TRANSMITTER: ONE
CATEGORY-STATION: FIXED
CATEGORY-OVERLAY:
GRID-LOCATOR: CN85MS
CLAIMED-SCORE: 207468
NAME: Mike Ritz
OPERATORS: W7VO
CLUB: WILLAMETTE VALLEY DX CLUB
CREATED-BY: N1MM Logger+ 1.0.9143.0
QSO:    14004  CW 2021-05-29 0006  WW7E             599  0001  ND7K             599  0020     
QSO:    14000  CW 2021-05-29 0010  WW7E             599  0002  KU1CW            599  0031     
QSO:    14003  CW 2021-05-29 0012  WW7E             599  0003  KV2K             599  0027     
QSO:    14016  CW 2021-05-29 0014  WW7E             599  0004  NA2U             599  0028     
QSO:    14030  CW 2021-05-29 0023  WW7E             599  0005  WR3O             599  0060     
QSO:    14032  CW 2021-05-29 0024  WW7E             599  0006  KE1B             599  0045     
QSO:    14035  CW 2021-05-29 0026  WW7E             599  0007  P40A             599  0040     
QSO:    14045  CW 2021-05-29 0026  WW7E             599  0008  KT7E             599  0046     
QSO:    14056  CW 2021-05-29 0034  WW7E             599  0009  K3LR             599  0078     
QSO:    14001  CW 2021-05-29 0035  WW7E             599  0010  KO2Y             599  0027     
QSO:    14007  CW 2021-05-29 0040  WW7E             599  0011  AI0Y/9           599  0032     
QSO:    14032  CW 2021-05-29 0042  WW7E             599  0012  K2RD             599  0063     
QSO:    14035  CW 2021-05-29 0043  WW7E             599  0013  WR6Y             599  0087     
QSO:    14037  CW 2021-05-29 0044  WW7E             599  0014  N4ZZ             599  0095     
QSO:    14062  CW 2021-05-29 0048  WW7E             599  0015  NI6W             599  0079     
QSO:    14064  CW 2021-05-29 0049  WW7E             599  0016  NQ9RP            599  0038     
QSO:    14066  CW 2021-05-29 0049  WW7E             599  0017  K5RX             599  0065     
QSO:    14068  CW 2021-05-29 0050  WW7E             599  0018  WE6Z             599  0036     
QSO:    14005  CW 2021-05-29 0051  WW7E             599  0019  NX6T             599  0143     
QSO:    14018  CW 2021-05-29 0054  WW7E             599  0020  NU5A             599  0107     
QSO:    14024  CW 2021-05-29 0058  WW7E             599  0021  WG3J             599  0071     
QSO:    14029  CW 2021-05-29 0058  WW7E             599  0022  ND2T             599  0108     
QSO:    14039  CW 2021-05-29 0100  WW7E             599  0023  WC6H             599  0117     
QSO:    14042  CW 2021-05-29 0101  WW7E             599  0024  NC8C             599  0057     
QSO:    14059  CW 2021-05-29 0104  WW7E             599  0025  NJ6G             599  0105     
QSO:    14063  CW 2021-05-29 0106  WW7E             599  0026  N0AT             599  0092     
QSO:    14065  CW 2021-05-29 0107  WW7E             599  0027  WT7TT            599  0099     
QSO:    14069  CW 2021-05-29 0108  WW7E             599  0028  K9LJN            599  0095     
QSO:    14072  CW 2021-05-29 0110  WW7E             599  0029  KH6LC            599  0088     
QSO:    14061  CW 2021-05-29 0111  WW7E             599  0030  WW1X             599  0203     
QSO:    14062  CW 2021-05-29 0119  WW7E             599  0031  NN0DX            599  0056     
QSO:    14071  CW 2021-05-29 0124  WW7E             599  0032  OG2P             599  0090     
QSO:    14003  CW 2021-05-29 0126  WW7E             599  0033  NS1DX            599  0208     
QSO:    14004  CW 2021-05-29 0127  WW7E             599  0034  KR7O             599  0207     
QSO:    14005  CW 2021-05-29 0129  WW7E             599  0035  NZ4N             599  0051     
QSO:    14006  CW 2021-05-29 0130  WW7E             599  0036  NN5Z             599  0175     
QSO:    14016  CW 2021-05-29 0132  WW7E             599  0037  KR2Q             599  0145     
QSO:    14017  CW 2021-05-29 0134  WW7E             599  0038  KO0A             599  0195     
QSO:    14018  CW 2021-05-29 0135  WW7E             599  0039  CR3DX            599  0327     
QSO:    14021  CW 2021-05-29 0137  WW7E             599  0040  KM9P             599  0245     
QSO:    14048  CW 2021-05-29 0144  WW7E             599  0041  AG6AU            599  0059     
QSO:    14050  CW 2021-05-29 0145  WW7E             599  0042  K8GL             599  0187     
QSO:    14053  CW 2021-05-29 0147  WW7E             599  0043  EF8R             599  0330     
QSO:    14068  CW 2021-05-29 0150  WW7E             599  0044  WD0T             599  0155     
QSO:    14071  CW 2021-05-29 0151  WW7E             599  0045  NR3Z             599  0100     
QSO:    14010  CW 2021-05-29 0153  WW7E             599  0046  KL7RA            599  0176     
QSO:    14011  CW 2021-05-29 0154  WW7E             599  0047  W6SX             599  0159     
QSO:    14016  CW 2021-05-29 0155  WW7E             599  0048  NW6H             599  0228     
QSO:    14020  CW 2021-05-29 0156  WW7E             599  0049  NG1R             599  0117     
QSO:    14028  CW 2021-05-29 0158  WW7E             599  0050  AA6AA            599  0078     
QSO:    14030  CW 2021-05-29 0200  WW7E             599  0051  P49Y             599  0238     
QSO:    14034  CW 2021-05-29 0201  WW7E             599  0052  N4KS             599  0244     
QSO:    14035  CW 2021-05-29 0202  WW7E             599  0053  KU6F             599  0095     
QSO:    14042  CW 2021-05-29 0205  WW7E             599  0054  KC7V             599  0080     
QSO:    14045  CW 2021-05-29 0206  WW7E             599  0055  K1DG             599  0031     
QSO:    14047  CW 2021-05-29 0206  WW7E             599  0056  WM6A             599  0161     
QSO:    14051  CW 2021-05-29 0208  WW7E             599  0057  WI9WI            599  0173     
QSO:    14056  CW 2021-05-29 0209  WW7E             599  0058  WN6K             599  0057     
QSO:    14015  CW 2021-05-29 0212  WW7E             599  0059  KM0O             599  0066     
QSO:    14023  CW 2021-05-29 0213  WW7E             599  0060  W0OR             599  0154     
QSO:    14031  CW 2021-05-29 0214  WW7E             599  0061  NJ8M             599  0176     
QSO:    14044  CW 2021-05-29 0237  WW7E             599  0062  W6TK             599  0165     
QSO:    14054  CW 2021-05-29 0238  WW7E             599  0063  NN3Q             599  0239     
QSO:    14046  CW 2021-05-29 0240  WW7E             599  0064  KU0K             599  0163     
QSO:    14002  CW 2021-05-29 0242  WW7E             599  0065  W0EWD            599  0264     
QSO:    14011  CW 2021-05-29 0244  WW7E             599  0066  VE3MGY           599  0207     
QSO:    14039  CW 2021-05-29 0247  WW7E             599  0067  KS9W             599  0117     
QSO:    14041  CW 2021-05-29 0248  WW7E             599  0068  WI0WA            599  0135     
QSO:    14052  CW 2021-05-29 0250  WW7E             599  0069  AG3I             599  0240     
QSO:    14053  CW 2021-05-29 0252  WW7E             599  0070  K6NR             599  0223     
QSO:    14061  CW 2021-05-29 0253  WW7E             599  0071  KH6TU            599  0346     
QSO:    14069  CW 2021-05-29 0254  WW7E             599  0072  KG9N             599  0251     
QSO:    14019  CW 2021-05-29 0300  WW7E             599  0073  ZM1M             599  0153     
QSO:    14020  CW 2021-05-29 0303  WW7E             599  0074  ZL1IF            599  0119     
QSO:    14024  CW 2021-05-29 0304  WW7E             599  0075  K1KI             599  0403     
QSO:    14025  CW 2021-05-29 0305  WW7E             599  0076  NR6O             599  0279     
QSO:    14054  CW 2021-05-29 0308  WW7E             599  0077  KH6CJJ           599  0199     
QSO:    14007  CW 2021-05-29 0310  WW7E             599  0078  AH6AA            599  0160     
QSO:    14038  CW 2021-05-29 0312  WW7E             599  0079  AJ6V             599  0225     
QSO:    14016  CW 2021-05-29 0314  WW7E             599  0080  W7CXX            599  0115     
QSO:    14007  CW 2021-05-29 0317  WW7E             599  0081  NN6DX            599  0032     
QSO:    14066  CW 2021-05-29 0321  WW7E             599  0082  WX8C             599  0226     
QSO:    14067  CW 2021-05-29 0322  WW7E             599  0083  N8KR             599  0109     
QSO:    14062  CW 2021-05-29 0324  WW7E             599  0084  KU8E             599  0135     
QSO:    14008  CW 2021-05-29 0327  WW7E             599  0085  N5CW             599  0240     
QSO:    14029  CW 2021-05-29 0329  WW7E             599  0086  WT3K             599  0235     
QSO:    14066  CW 2021-05-29 0332  WW7E             599  0087  K9ZO             599  0081     
QSO:    14005  CW 2021-05-29 0448  WW7E             599  0088  ZL4TT            599  0164     
QSO:    14048  CW 2021-05-29 0453  WW7E             599  0089  WK6LA            599  0435     
QSO:    14057  CW 2021-05-29 0457  WW7E             599  0090  VK4DX            599  0085     
QSO:    14030  CW 2021-05-29 0501  WW7E             599  0091  SN7Q             599  0650     
QSO:    14026  CW 2021-05-29 0503  WW7E             599  0092  SO4M             599  0387     
QSO:    14012  CW 2021-05-29 0512  WW7E             599  0093  S50K             599  0635     
QSO:    14061  CW 2021-05-29 0514  WW7E             599  0094  VK4KW            599  0173     
QSO:    14053  CW 2021-05-29 0516  WW7E             599  0095  VK3JA            599  0164     
QSO:    14064  CW 2021-05-29 0518  WW7E             599  0096  5W1SA            599  0079     
QSO:    14038  CW 2021-05-29 0535  WW7E             599  0097  OL4A             599  0334     
QSO:    14043  CW 2021-05-29 0536  WW7E             599  0098  JP7DKQ           599  0069     
QSO:    14025  CW 2021-05-29 1626  WW7E             599  0099  N4CW             599  0698     
QSO:    14041  CW 2021-05-29 1627  WW7E             599  0100  NN7CW            599  1239     
QSO:    14053  CW 2021-05-29 1630  WW7E             599  0101  AB2E             599  0608     
QSO:    14061  CW 2021-05-29 1632  WW7E             599  0102  N5TOO            599  0225     
QSO:    14062  CW 2021-05-29 1633  WW7E             599  0103  AD5A             599  0741     
QSO:    14005  CW 2021-05-29 1636  WW7E             599  0104  N0AV             599  0576     
QSO:    14010  CW 2021-05-29 1637  WW7E             599  0105  KX2P             599  0187     
QSO:    14017  CW 2021-05-29 1640  WW7E             599  0106  NT0EE            599  0413     
QSO:    14034  CW 2021-05-29 1641  WW7E             599  0107  N9TK             599  0334     
QSO:    14035  CW 2021-05-29 1642  WW7E             599  0108  NA8V             599  1143     
QSO:    14080  CW 2021-05-29 1647  WW7E             599  0109  K9NW             599  0163     
QSO:    14112  CW 2021-05-29 1649  WW7E             599  0110  NO8C             599  0112     
QSO:    14015  CW 2021-05-29 1651  WW7E             599  0111  KT0A             599  0310     
QSO:    14037  CW 2021-05-29 1654  WW7E             599  0112  NT0K             599  1068     
QSO:    14045  CW 2021-05-29 1656  WW7E             599  0113  VB3E             599  1496     
QSO:    14050  CW 2021-05-29 1657  WW7E             599  0114  PT5T             599  0365     
QSO:    14058  CW 2021-05-29 1659  WW7E             599  0115  VE3EJ            599  1321     
QSO:    14065  CW 2021-05-29 1700  WW7E             599  0116  VC2W             599  1683     
QSO:    14068  CW 2021-05-29 1701  WW7E             599  0117  KT0R             599  0546     
QSO:    14033  CW 2021-05-29 1708  WW7E             599  0118  KN1CBR           599  0073     
QSO:    14032  CW 2021-05-29 1715  WW7E             599  0119  NE2V             599  0489     
QSO:    14019  CW 2021-05-29 1718  WW7E             599  0120  AJ1AJ            599  0287     
QSO:    14030  CW 2021-05-29 1720  WW7E             599  0121  WF3T             599  0255     
QSO:    14043  CW 2021-05-29 1724  WW7E             599  0122  N4QS             599  0651     
QSO:    14048  CW 2021-05-29 1725  WW7E             599  0123  VE5SF            599  0243     
QSO:    14069  CW 2021-05-29 1730  WW7E             599  0124  AK1W             599  0936     
QSO:    14062  CW 2021-05-29 1732  WW7E             599  0125  KE2D             599  0672     
QSO:    14061  CW 2021-05-29 1733  WW7E             599  0126  WK2G             599  0545     
QSO:    14052  CW 2021-05-29 1735  WW7E             599  0127  K1ZZ             599  1434     
QSO:    14054  CW 2021-05-29 1736  WW7E             599  0128  NC6V             599  0167     
QSO:    14070  CW 2021-05-29 1739  WW7E             599  0129  W8MET            599  0465     
QSO:    14059  CW 2021-05-29 1838  WW7E             599  0130  KR2AA            599  0955     
QSO:    14070  CW 2021-05-29 1839  WW7E             599  0131  K1AR             599  1082     
QSO:    14054  CW 2021-05-29 1840  WW7E             599  0132  NI4W             599  0811     
QSO:    14055  CW 2021-05-29 1842  WW7E             599  0133  VP5M             599  1400     
QSO:    14058  CW 2021-05-29 1844  WW7E             599  0134  N8KH             599  0465     
QSO:    14001  CW 2021-05-29 1846  WW7E             599  0135  K2SSS            599  1414     
QSO:    14040  CW 2021-05-29 1850  WW7E             599  0136  W3LL             599  1041     
QSO:    14046  CW 2021-05-29 1852  WW7E             599  0137  N3QE             599  1124     
QSO:    14064  CW 2021-05-29 1854  WW7E             599  0138  AD4EB            599  1415     
QSO:    14069  CW 2021-05-29 1859  WW7E             599  0139  KM5G             599  0413     
QSO:    14101  CW 2021-05-29 1902  WW7E             599  0140  NA0N             599  0423     
QSO:    14012  CW 2021-05-29 1906  WW7E             599  0141  K3CCR            599  0280     
QSO:    14012  CW 2021-05-29 1908  WW7E             599  0142  WA2CP            599  0438     
QSO:    14027  CW 2021-05-29 1910  WW7E             599  0143  N3FJP            599  0161     
QSO:    14033  CW 2021-05-29 1913  WW7E             599  0144  VE3JM            599  1564     
QSO:    14039  CW 2021-05-29 1915  WW7E             599  0145  N5RZ             599  0709     
QSO:    14048  CW 2021-05-29 1917  WW7E             599  0146  KT5V             599  0417     
QSO:    14089  CW 2021-05-29 1924  WW7E             599  0147  KS7T             599  0419     
QSO:    14095  CW 2021-05-29 1926  WW7E             599  0148  VE2FK            599  0151     
QSO:    14056  CW 2021-05-29 1941  WW7E             599  0149  KM0DX            599  0163     
QSO:    14090  CW 2021-05-29 1944  WW7E             599  0150  ZF5T             599  1787     
QSO:    14003  CW 2021-05-29 2020  WW7E             599  0151  ED7R             599  1484     
QSO:    14010  CW 2021-05-29 2022  WW7E             599  0152  KA7ESE           599  0034     
QSO:    14038  CW 2021-05-29 2025  WW7E             599  0153  N0TA             599  0435     
QSO:    14040  CW 2021-05-29 2026  WW7E             599  0154  WF6C             599  0124     
QSO:    14033  CW 2021-05-29 2037  WW7E             599  0155  NJ3K             599  0428     
QSO:    14050  CW 2021-05-29 2039  WW7E             599  0156  N5EE             599  0107     
QSO:    14047  CW 2021-05-29 2040  WW7E             599  0157  AA5B             599  0228     
QSO:    14067  CW 2021-05-29 2043  WW7E             599  0158  K3UL             599  0594     
QSO:    14070  CW 2021-05-29 2044  WW7E             599  0159  AC1U             599  1564     
QSO:    14096  CW 2021-05-29 2045  WW7E             599  0160  VC3T             599  1423     
QSO:    14047  CW 2021-05-29 2050  WW7E             599  0161  N6AR             599  1238     
QSO:    14085  CW 2021-05-29 2054  WW7E             599  0162  K8AJS            599  0602     
QSO:    14004  CW 2021-05-29 2057  WW7E             599  0163  N3OC             599  0699     
QSO:    14034  CW 2021-05-29 2100  WW7E             599  0164  WK7S             599  1212     
QSO:    14053  CW 2021-05-29 2105  WW7E             599  0165  NP2X             599  1005     
QSO:    14065  CW 2021-05-29 2109  WW7E             599  0166  IR2Q             599  1911     
QSO:    14006  CW 2021-05-29 2112  WW7E             599  0167  NG7M             599  0262     
QSO:    14010  CW 2021-05-29 2113  WW7E             599  0168  AD4TR            599  1544     
QSO:    14027  CW 2021-05-29 2115  WW7E             599  0169  NO7R             599  0377     
QSO:    14037  CW 2021-05-29 2117  WW7E             599  0170  W0IZ             599  0592     
QSO:    14059  CW 2021-05-29 2126  WW7E             599  0171  KM6Z             599  0822     
QSO:    14065  CW 2021-05-29 2127  WW7E             599  0172  N5UM             599  0089     
QSO:    14096  CW 2021-05-29 2134  WW7E             599  0173  WY3A             599  0926     
QSO:    14034  CW 2021-05-29 2139  WW7E             599  0174  YT3X             599  1851     
QSO:    14049  CW 2021-05-29 2144  WW7E             599  0175  HG3N             599  1221     
QSO:    14066  CW 2021-05-29 2147  WW7E             599  0176  ED1R             599  1491     
QSO:    14007  CW 2021-05-29 2155  WW7E             599  0177  E73M             599  1387     
QSO:    14022  CW 2021-05-29 2202  WW7E             599  0178  Z35T             599  1259     
QSO:    14026  CW 2021-05-29 2215  WW7E             599  0179  UW1M             599  2039     
QSO:    14028  CW 2021-05-29 2217  WW7E             599  0180  DL1QQ            599  1203     
QSO:    14031  CW 2021-05-29 2220  WW7E             599  0181  HA8M             599  0943     
QSO:    14038  CW 2021-05-29 2222  WW7E             599  0182  DM0A             599  1921     
QSO:    14039  CW 2021-05-29 2223  WW7E             599  0183  OG73X            599  1606     
QSO:    14041  CW 2021-05-29 2225  WW7E             599  0184  IR2C             599  0869     
QSO:    14042  CW 2021-05-29 2230  WW7E             599  0185  HG8A             599  2253     
QSO:    14047  CW 2021-05-29 2231  WW7E             599  0186  N6RK             599  0069     
QSO:    14055  CW 2021-05-29 2234  WW7E             599  0187  OM7M             599  1879     
QSO:    14057  CW 2021-05-29 2238  WW7E             599  0188  S57DX            599  1575     
QSO:    14060  CW 2021-05-29 2240  WW7E             599  0189  S53A             599  1145     
QSO:    14060  CW 2021-05-29 2241  WW7E             599  0190  YT0Z             599  1915     
QSO:    14062  CW 2021-05-29 2243  WW7E             599  0191  EB7A             599  2142     
QSO:    14069  CW 2021-05-29 2247  WW7E             599  0192  VA2UR            599  0738     
QSO:    14002  CW 2021-05-29 2250  WW7E             599  0193  S53MM            599  2275     
QSO:    14010  CW 2021-05-29 2252  WW7E             599  0194  NR3X             599  1950     
QSO:    14016  CW 2021-05-29 2256  WW7E             599  0195  S57K             599  1690     
QSO:    14017  CW 2021-05-29 2259  WW7E             599  0196  LZ8E             599  2492     
QSO:    14020  CW 2021-05-29 2302  WW7E             599  0197  WS9M             599  0918     
QSO:    14029  CW 2021-05-29 2306  WW7E             599  0198  YT5A             599  1798     
QSO:    14034  CW 2021-05-29 2307  WW7E             599  0199  TM2Y             599  2056     
QSO:    14043  CW 2021-05-29 2311  WW7E             599  0200  P3X              599  2937     
QSO:    14046  CW 2021-05-29 2313  WW7E             599  0201  DJ5MW            599  1819     
QSO:    14085  CW 2021-05-29 2319  WW7E             599  0202  VE9HF            599  0299     
QSO:    14098  CW 2021-05-29 2322  WW7E             599  0203  EA3ICJ           599  0596     
QSO:    14040  CW 2021-05-29 2324  WW7E             599  0204  OH8X             599  1575     
QSO:    14048  CW 2021-05-29 2328  WW7E             599  0205  KV0I             599  0608     
QSO:    14054  CW 2021-05-29 2331  WW7E             599  0206  K8LX             599  0589     
QSO:    14048  CW 2021-05-29 2333  WW7E             599  0207  KW8N             599  0613     
QSO:    14054  CW 2021-05-29 2338  WW7E             599  0208  IQ8SN            599  2136     
QSO:    14017  CW 2021-05-30 0057  WW7E             599  0209  K2LNS            599  0908     
QSO:    14021  CW 2021-05-30 0059  WW7E             599  0210  WP4WW            599  0425     
QSO:    14035  CW 2021-05-30 0100  WW7E             599  0211  WH7T             599  0567     
QSO:    14039  CW 2021-05-30 0102  WW7E             599  0212  NO9E             599  0361     
QSO:    14037  CW 2021-05-30 0103  WW7E             599  0213  AA3B             599  2718     
QSO:    14013  CW 2021-05-30 0105  WW7E             599  0214  KK5I             599  1623     
QSO:    14017  CW 2021-05-30 0107  WW7E             599  0215  PS4T             599  0739     
QSO:    14018  CW 2021-05-30 0108  WW7E             599  0216  NN8UU            599  0303     
QSO:    14031  CW 2021-05-30 0110  WW7E             599  0217  NY4A             599  1745     
QSO:    14035  CW 2021-05-30 0111  WW7E             599  0218  WA4JUK           599  0505     
QSO:    14036  CW 2021-05-30 0111  WW7E             599  0219  NN5P             599  1612     
QSO:    14041  CW 2021-05-30 0118  WW7E             599  0220  KN5A             599  0724     
QSO:    14046  CW 2021-05-30 0125  WW7E             599  0221  OA4SS            599  0576     
QSO:    14052  CW 2021-05-30 0127  WW7E             599  0222  WO3Z             599  0155     
QSO:    14063  CW 2021-05-30 0128  WW7E             599  0223  NG7A             599  0489     
QSO:    14069  CW 2021-05-30 0129  WW7E             599  0224  AJ9C             599  0383     
QSO:    14066  CW 2021-05-30 0130  WW7E             599  0225  WA1T             599  0427     
QSO:    14042  CW 2021-05-30 0132  WW7E             599  0226  4A7A             599  0093     
QSO:    14003  CW 2021-05-30 0134  WW7E             599  0227  AB3CX            599  1998     
QSO:    14008  CW 2021-05-30 0136  WW7E             599  0228  W8FJ             599  0825     
QSO:    14016  CW 2021-05-30 0140  WW7E             599  0229  WF1OC            599  0265     
QSO:    14023  CW 2021-05-30 0141  WW7E             599  0230  N3ZL             599  0338     
QSO:    14027  CW 2021-05-30 0142  WW7E             599  0231  KQ4R             599  1076     
QSO:    14032  CW 2021-05-30 0146  WW7E             599  0232  JF1NHD           599  0509     
QSO:    14046  CW 2021-05-30 0149  WW7E             599  0233  WA6KHK           599  0310     
QSO:    14025  CW 2021-05-30 0152  WW7E             599  0234  KN7K             599  0732     
QSO:    14008  CW 2021-05-30 0156  WW7E             599  0235  KD5J             599  0244     
QSO:    14018  CW 2021-05-30 0159  WW7E             599  0236  PR7AB            599  0858     
QSO:    14061  CW 2021-05-30 0202  WW7E             599  0237  W6AYC            599  0353     
QSO:    14048  CW 2021-05-30 0206  WW7E             599  0238  VE3VN            599  0302     
QSO:    14051  CW 2021-05-30 0208  WW7E             599  0239  K0WA             599  0576     
QSO:    14052  CW 2021-05-30 0209  WW7E             599  0240  VA7RR            599  1287     
QSO:    14015  CW 2021-05-30 0225  WW7E             599  0241  RU1A             599  3719     
QSO:    14055  CW 2021-05-30 0229  WW7E             599  0242  LN8W             599  1608     
QSO:    14057  CW 2021-05-30 0231  WW7E             599  0243  SG5Z             599  0119     
QSO:    14044  CW 2021-05-30 0235  WW7E             599  0244  W2AW             599  0933     
QSO:    14053  CW 2021-05-30 0236  WW7E             599  0245  K0AP             599  0482     
QSO:    14002  CW 2021-05-30 0240  WW7E             599  0246  N3UA             599  0264     
QSO:    14063  CW 2021-05-30 0242  WW7E             599  0247  KR5X             599  0537     
QSO:    14000  CW 2021-05-30 0245  WW7E             599  0248  UA3KW            599  0957     
QSO:    14025  CW 2021-05-30 0249  WW7E             599  0249  RG2A             599  1544     
QSO:    14031  CW 2021-05-30 0251  WW7E             599  0250  UC3K             599  2487     
QSO:    14038  CW 2021-05-30 0252  WW7E             599  0251  N4HAI            599  0186     
QSO:    14040  CW 2021-05-30 0255  WW7E             599  0252  ZM4T             599  1185     
QSO:    14018  CW 2021-05-30 0256  WW7E             599  0253  ZL3P             599  0195     
QSO:    14017  CW 2021-05-30 0300  WW7E             599  0254  YL7A             599  1150     
QSO:    14023  CW 2021-05-30 0306  WW7E             599  0255  R5AJ             599  0876     
QSO:    14007  CW 2021-05-30 0319  WW7E             599  0256  SJ0X             599  1308     
QSO:    14007  CW 2021-05-30 0322  WW7E             599  0257  KM4EA            599  0260     
QSO:    14027  CW 2021-05-30 0324  WW7E             599  0258  KE0UI            599  0960     
QSO:    14043  CW 2021-05-30 0327  WW7E             599  0259  N5AW             599  0246     
QSO:    14048  CW 2021-05-30 0328  WW7E             599  0260  N7DD             599  0261     
QSO:    14055  CW 2021-05-30 0332  WW7E             599  0261  OH2A             599  1888     
QSO:    14037  CW 2021-05-30 0343  WW7E             599  0262  ES9C             599  3998     
QSO:    14014  CW 2021-05-30 0346  WW7E             599  0263  YL2SM            599  1789     
QSO:    14051  CW 2021-05-30 0349  WW7E             599  0264  LY73BB           599  1010     
QSO:    14027  CW 2021-05-30 0459  WW7E             599  0265  WA7NB            599  0234     
QSO:    14041  CW 2021-05-30 0504  WW7E             599  0266  JH8YOH           599  1027     
QSO:    14034  CW 2021-05-30 0512  WW7E             599  0267  DM6V             599  1548     
QSO:    14060  CW 2021-05-30 0518  WW7E             599  0268  DK3WW            599  1491     
QSO:    14010  CW 2021-05-30 0521  WW7E             599  0269  VK2PN            599  0350     
QSO:    14048  CW 2021-05-30 0528  WW7E             599  0270  WH6R             599  0395     
QSO:    14009  CW 2021-05-30 1524  WW7E             599  0271  S57AL            599  1551     
QSO:    14017  CW 2021-05-30 1525  WW7E             599  0272  UA4M             599  2740     
QSO:    14013  CW 2021-05-30 1528  WW7E             599  0273  HG21TISZA        599  2128     
QSO:    14034  CW 2021-05-30 1536  WW7E             599  0274  OI3AX            599  1031     
QSO:    14046  CW 2021-05-30 1539  WW7E             599  0275  KB9S             599  0296     
QSO:    14050  CW 2021-05-30 1542  WW7E             599  0276  DA0BCC           599  2029     
QSO:    14057  CW 2021-05-30 1544  WW7E             599  0277  M6T              599  2253     
QSO:    14068  CW 2021-05-30 1546  WW7E             599  0278  RL3A             599  5269     
QSO:    14094  CW 2021-05-30 1548  WW7E             599  0279  G5O              599  1930     
QSO:    14079  CW 2021-05-30 1549  WW7E             599  0280  MM9I             599  2406     
QSO:    14009  CW 2021-05-30 1555  WW7E             599  0281  HB9ON            599  2116     
QSO:    14005  CW 2021-05-30 1558  WW7E             599  0282  JH4UYB           599  2110     
QSO:    14066  CW 2021-05-30 1600  WW7E             599  0283  JH0ZHQ           599  0573     
QSO:    14015  CW 2021-05-30 1603  WW7E             599  0284  S52C             599  2561     
QSO:    14024  CW 2021-05-30 1605  WW7E             599  0285  SM2U             599  2061     
QSO:    14026  CW 2021-05-30 1606  WW7E             599  0286  HA8A             599  2385     
QSO:    14031  CW 2021-05-30 1608  WW7E             599  0287  NQ2F             599  1272     
QSO:    14011  CW 2021-05-30 1609  WW7E             599  0288  ND3D             599  2139     
QSO:    14023  CW 2021-05-30 1612  WW7E             599  0289  HG3R             599  2187     
QSO:    14036  CW 2021-05-30 1616  WW7E             599  0290  II2S             599  2832     
QSO:    14048  CW 2021-05-30 1626  WW7E             599  0291  UC0B             599  2602     
QSO:    14062  CW 2021-05-30 1629  WW7E             599  0292  SG1A             599  2201     
QSO:    14065  CW 2021-05-30 1634  WW7E             599  0293  RT4F             599  3228     
QSO:    14067  CW 2021-05-30 1636  WW7E             599  0294  S57X             599  2446     
QSO:    14086  CW 2021-05-30 1639  WW7E             599  0295  EU5C             599  1246     
QSO:    14093  CW 2021-05-30 1640  WW7E             599  0296  WS7L             599  0865     
QSO:    14096  CW 2021-05-30 1643  WW7E             599  0297  CR2X             599  0828     
QSO:    14003  CW 2021-05-30 1647  WW7E             599  0298  9A7A             599  4342     
QSO:    14062  CW 2021-05-30 1651  WW7E             599  0299  HG1A             599  2231     
QSO:    14066  CW 2021-05-30 1652  WW7E             599  0300  OK3X             599  1408     
QSO:    14021  CW 2021-05-30 1702  WW7E             599  0301  HA7A             599  0485     
QSO:    14024  CW 2021-05-30 1703  WW7E             599  0302  OL3Z             599  2334     
QSO:    14037  CW 2021-05-30 1707  WW7E             599  0303  K7JQ             599  0881     
QSO:    14041  CW 2021-05-30 1708  WW7E             599  0304  LZ9W             599  2669     
QSO:    14090  CW 2021-05-30 1717  WW7E             599  0305  S53Z             599  0214     
QSO:    14091  CW 2021-05-30 1719  WW7E             599  0306  OH0V             599  2971     
QSO:    14095  CW 2021-05-30 1721  WW7E             599  0307  K6KM             599  0342     
QSO:    14035  CW 2021-05-30 1728  WW7E             599  0308  OL75KCR          599  1317     
QSO:    14036  CW 2021-05-30 1731  WW7E             599  0309  NN0G             599  0066     
QSO:    14038  CW 2021-05-30 1733  WW7E             599  0310  N3RD             599  0809     
QSO:    14039  CW 2021-05-30 1734  WW7E             599  0311  HG0Y             599  1982     
QSO:    14044  CW 2021-05-30 1737  WW7E             599  0312  SP8R             599  3686     
QSO:    14047  CW 2021-05-30 1740  WW7E             599  0313  OL8M             599  1885     
QSO:    14063  CW 2021-05-30 1746  WW7E             599  0314  UV5U             599  1374     
QSO:    14040  CW 2021-05-30 1819  WW7E             599  0315  RU3A             599  0198     
QSO:    14019  CW 2021-05-30 1825  WW7E             599  0316  OE3WMA           599  0377     
QSO:    14020  CW 2021-05-30 1829  WW7E             599  0317  OM8CW            599  2112     
QSO:    14037  CW 2021-05-30 1831  WW7E             599  0318  TM6X             599  1838     
QSO:    14043  CW 2021-05-30 1836  WW7E             599  0319  NA4J             599  0447     
QSO:    14073  CW 2021-05-30 1840  WW7E             599  0320  C7A              599  1328     
QSO:    14048  CW 2021-05-30 1841  WW7E             599  0321  ZF1A             599  0946     
QSO:    14009  CW 2021-05-30 1847  WW7E             599  0322  DF2CK            599  0125     
QSO:    14032  CW 2021-05-30 1855  WW7E             599  0323  9A5MX            599  0014     
QSO:    14038  CW 2021-05-30 1857  WW7E             599  0324  CN8KD            599  1262     
QSO:    14057  CW 2021-05-30 1900  WW7E             599  0325  NB1N             599  1551     
QSO:    14061  CW 2021-05-30 1901  WW7E             599  0326  VA3SZ            599  0226     
QSO:    14035  CW 2021-05-30 1907  WW7E             599  0327  AK6M             599  0560     
QSO:    14024  CW 2021-05-30 1925  WW7E             599  0328  DK7A             599  1859     
QSO:    14024  CW 2021-05-30 1927  WW7E             599  0329  VE3BR            599  0904     
QSO:    14033  CW 2021-05-30 1931  WW7E             599  0330  KY0W             599  1799     
QSO:    14048  CW 2021-05-30 1934  WW7E             599  0331  IK0YUT           599  0441     
QSO:    14005  CW 2021-05-30 1939  WW7E             599  0332  WC1M             599  3097     
QSO:    14005  CW 2021-05-30 1943  WW7E             599  0333  AC3U             599  0368     
QSO:    14015  CW 2021-05-30 1947  WW7E             599  0334  LX7I             599  1503     
QSO:    14027  CW 2021-05-30 1950  WW7E             599  0335  K9WWT            599  0318     
QSO:    14038  CW 2021-05-30 1954  WW7E             599  0336  RG6G             599  3756     
QSO:    14067  CW 2021-05-30 2000  WW7E             599  0337  IO1T             599  1941     
QSO:    14069  CW 2021-05-30 2005  WW7E             599  0338  DL3DXX           599  0848     
QSO:    14059  CW 2021-05-30 2008  WW7E             599  0339  S59AA            599  2489     
QSO:    14050  CW 2021-05-30 2021  WW7E             599  0340  NT6X             599  0209     
QSO:    14023  CW 2021-05-30 2035  WW7E             599  0341  G9W              599  1830     
QSO:    14013  CW 2021-05-30 2039  WW7E             599  0342  9H6A             599  1303     
QSO:    14008  CW 2021-05-30 2040  WW7E             599  0343  KM1W             599  3046     
QSO:    14001  CW 2021-05-30 2043  WW7E             599  0344  KP2M             599  3867     
QSO:    14058  CW 2021-05-30 2047  WW7E             599  0345  NE8P             599  1242     
QSO:    14001  CW 2021-05-30 2053  WW7E             599  0346  F5OGL            599  1057     
QSO:    14014  CW 2021-05-30 2057  WW7E             599  0347  LY4A             599  1948     
QSO:    14018  CW 2021-05-30 2059  WW7E             599  0348  OM0M             599  1134     
QSO:    14053  CW 2021-05-30 2108  WW7E             599  0349  N3AM             599  1203     
QSO:    14026  CW 2021-05-30 2111  WW7E             599  0350  AE5X             599  0151     
QSO:    14030  CW 2021-05-30 2113  WW7E             599  0351  K9CT             599  0471     
QSO:    14015  CW 2021-05-30 2119  WW7E             599  0352  K4EJ             599  0733     
QSO:    14037  CW 2021-05-30 2121  WW7E             599  0353  WI7N             599  0631     
QSO:    14035  CW 2021-05-30 2122  WW7E             599  0354  W1WEF            599  0405     
QSO:    14038  CW 2021-05-30 2124  WW7E             599  0355  NS4T             599  0219     
QSO:    14022  CW 2021-05-30 2125  WW7E             599  0356  AK0DX            599  0359     
QSO:    14042  CW 2021-05-30 2126  WW7E             599  0357  AJ2Y             599  0257     
QSO:    14058  CW 2021-05-30 2127  WW7E             599  0358  N1TO             599  1864     
QSO:    14062  CW 2021-05-30 2128  WW7E             599  0359  WB9HFK           599  0776     
QSO:    14072  CW 2021-05-30 2130  WW7E             599  0360  K8MP             599  1430     
QSO:    14023  CW 2021-05-30 2148  WW7E             599  0361  EV1R             599  1529     
QSO:    14050  CW 2021-05-30 2152  WW7E             599  0362  OK5Z             599  3775     
QSO:    14058  CW 2021-05-30 2155  WW7E             599  0363  OK4YL            599  1010     
QSO:    14069  CW 2021-05-30 2157  WW7E             599  0364  NN1N             599  0305     
QSO:    14044  CW 2021-05-30 2200  WW7E             599  0365  S53EA            599  1955     
QSO:    14049  CW 2021-05-30 2202  WW7E             599  0366  VE9CB            599  2430     
QSO:    14037  CW 2021-05-30 2210  WW7E             599  0367  W9RE             599  1188     
QSO:    14083  CW 2021-05-30 2216  WW7E             599  0368  OL3R             599  1337     
QSO:    14023  CW 2021-05-30 2222  WW7E             599  0369  W0FLS            599  0568     
QSO:    14012  CW 2021-05-30 2225  WW7E             599  0370  VC3A             599  2504     
QSO:    14071  CW 2021-05-30 2231  WW7E             599  0371  WT2P             599  0837     
QSO:    14069  CW 2021-05-30 2232  WW7E             599  0372  WP3C             599  2691     
QSO:    14063  CW 2021-05-30 2234  WW7E             599  0373  IO2T             599  2035     
QSO:    14051  CW 2021-05-30 2243  WW7E             599  0374  W5MX             599  2297     
QSO:    14005  CW 2021-05-30 2246  WW7E             599  0375  HG7T             599  2150     
END-OF-LOG:
