START-OF-LOG: 3.0
CONTEST: ARRL-EME
CALLSIGN: KA1W
CATEGORY-OPERATOR: SINGLE-OP
CATEGORY-BAND: 144
CATEGORY-MODE: MIXED
OPERATORS: KA1W
LOCATION: CT
CATEGORY-ASSISTED: NON-ASSISTED
CATEGORY-STATION: FIXED
CATEGORY-TRANSMITTER: ONE
CATEGORY-POWER: 
CLUB: 
CREATED-BY: TRANSCRIPTION OF PAPER LOG
HQ-CATEGORY: SO-2M
QSO: 144 DG 2021-11-20 0047 KA1W RRR OK1DIX RO
QSO: 144 DG 2021-11-20 0057 KA1W RRR WB9UWA RO
QSO: 144 DG 2021-11-20 0103 KA1W RRR R3PA RO
QSO: 144 DG 2021-11-20 0109 KA1W RRR G8RWG RO
QSO: 144 DG 2021-11-20 0116 KA1W RRR AC0RA RO
QSO: 144 DG 2021-11-20 0119 KA1W RRR I3MEK RO
QSO: 144 DG 2021-11-20 0127 KA1W RRR S51ZD RO
QSO: 144 DG 2021-11-20 0137 KA1W RO K5QE RRR
QSO: 144 DG 2021-11-20 0159 KA1W RO RX1AS RRR
QSO: 144 DG 2021-11-20 0206 KA1W RO IW4ARD RRR
QSO: 144 DG 2021-11-20 0214 KA1W RO I2FAK RRR
QSO: 144 DG 2021-11-20 0306 KA1W RO UA5Y RRR
QSO: 144 DG 2021-11-20 0334 KA1W RO AG4W RRR
QSO: 144 DG 2021-11-20 0350 KA1W RO WA1NPZ RRR
QSO: 144 DG 2021-11-20 0406 KA1W -30 W7AH -20
QSO: 144 DG 2021-11-20 0441 KA1W RRR K3JYD RO
QSO: 144 DG 2021-11-20 0512 KA1W RO K1DG RRR
QSO: 144 DG 2021-11-20 0527 KA1W RRR PA2CHR RO
QSO: 144 DG 2021-11-20 2353 KA1W RRR UA3PTW RO
QSO: 144 DG 2021-11-21 0001 KA1W RRR PA3DZL RO
QSO: 144 DG 2021-11-21 0041 KA1W RO LZ1DX RRR
QSO: 144 DG 2021-11-21 0050 KA1W RO K9MRI RRR
QSO: 144 DG 2021-11-21 0105 KA1W RRR N0AKL RO
QSO: 144 DG 2021-11-21 0154 KA1W RO AA5C RRR
QSO: 144 DG 2021-11-21 0354 KA1W RO K7ULS RRR
QSO: 144 DG 2021-11-21 0444 KA1W RO K2TXB RRR
QSO: 144 DG 2021-11-21 0450 KA1W RO DL7APV RRR
QSO: 144 DG 2021-11-21 0618 KA1W RO HA8CE RRR
QSO: 144 DG 2021-11-21 0643 KA1W RO UT9UR RRR
QSO: 144 DG 2021-11-21 0652 KA1W RRR OH2BYJ RO
QSO: 144 DG 2021-11-21 0657 KA1W RRR F5AQX RO
QSO: 144 DG 2021-11-21 0701 KA1W RRR S52OT RO
QSO: 144 DG 2021-11-21 0731 KA1W RRR F6HEO RO
QSO: 144 DG 2021-11-21 0733 KA1W RRR SK6EI RO
QSO: 144 DG 2021-11-21 0746 KA1W RRR N7NW RO
QSO: 144 DG 2021-11-21 2325 KA1W RRR S52LM RO
QSO: 144 DG 2021-12-18 0025 KA1W RRR SM4GGC RO
QSO: 144 DG 2021-12-18 0042 KA1W -14 W7GJ R
QSO: 144 DG 2021-12-18 0230 KA1W RO YO5TP RRR
QSO: 144 DG 2021-12-18 0322 KA1W RO OH2LE RRR
QSO: 144 DG 2021-12-18 2338 KA1W RO YL2GD RRR
QSO: 144 DG 2021-12-19 0010 KA1W RO G1KAW RRR
QSO: 144 DG 2021-12-19 0024 KA1W RRR HG5BMU RO
QSO: 144 DG 2021-12-19 0043 KA1W RRR DB8WK RO
QSO: 144 DG 2021-12-19 0052 KA1W RRR AI1K RO
QSO: 144 DG 2021-12-19 0116 KA1W RRR W4ZST RO
QSO: 144 DG 2021-12-19 0221 KA1W RRR DL7APV RO
QSO: 144 DG 2021-12-19 0229 KA1W RO W7OJT RRR
QSO: 144 DG 2021-12-19 0629 KA1W RO EB5EEO RRR
QSO: 144 DG 2021-12-19 0650 KA1W RO S59A RRR
QSO: 144 DG 2021-12-19 0712 KA1W RO SM2BYC RRR
QSO: 144 DG 2021-12-19 0746 KA1W RRR W2LPL RO
QSO: 144 DG 2021-12-19 0805 KA1W RRR N1AV RO
QSO: 144 DG 2021-12-19 0821 KA1W RO KG6NK RRR
END-OF-LOG: