START-OF-LOG: 3.0
CONTEST: CQ-WW-SSB
CALLSIGN: F1HTU
LOCATION: DX
CATEGORY-OPERATOR: SINGLE-OP
CATEGORY-ASSISTED: NON-ASSISTED
CATEGORY-BAND: ALL
CATEGORY-POWER: LOW
CATEGORY-MODE: SSB
CATEGORY-TRANSMITTER: ONE
CATEGORY-STATION: FIXED
CATEGORY-OVERLAY:
GRID-LOCATOR: JN08CA
CLAIMED-SCORE: 64372
NAME: MAINGRAUD Olivier
CREATED-BY: Win-Test 4.45.0
QSO:    7000 PH 2024-10-26 0015 F1HTU            59  14    HG7T             59   15      0
QSO:    7000 PH 2024-10-26 0016 F1HTU            59  14    CR3A             59   33      0
QSO:    7000 PH 2024-10-26 0019 F1HTU            59  14    RT6A             59   16      0
QSO:    7000 PH 2024-10-26 0020 F1HTU            59  14    IO5O             59   15      0
QSO:    7000 PH 2024-10-26 0022 F1HTU            59  14    SX9V             59   20      0
QSO:    7000 PH 2024-10-26 0025 F1HTU            59  14    OM2VL            59   15      0
QSO:    7000 PH 2024-10-26 0026 F1HTU            59  14    9A5Y             59   15      0
QSO:    7000 PH 2024-10-26 0027 F1HTU            59  14    CR5T             59   14      0
QSO:    7000 PH 2024-10-26 0028 F1HTU            59  14    SP8R             59   15      0
QSO:    7000 PH 2024-10-26 0029 F1HTU            59  14    CR6K             59   14      0
QSO:    7000 PH 2024-10-26 0030 F1HTU            59  14    SN7T             59   15      0
QSO:    7000 PH 2024-10-26 0030 F1HTU            59  14    YT1A             59   15      0
QSO:    7000 PH 2024-10-26 0031 F1HTU            59  14    LZ9W             59   20      0
QSO:    7000 PH 2024-10-26 0031 F1HTU            59  14    9A1A             59   15      0
QSO:    7000 PH 2024-10-26 0033 F1HTU            59  14    SO9I             59   15      0
QSO:    7000 PH 2024-10-26 0034 F1HTU            59  14    CN3A             59   33      0
QSO:    7000 PH 2024-10-26 0036 F1HTU            59  14    UZ7C             59   16      0
QSO:    7000 PH 2024-10-26 0038 F1HTU            59  14    IQ0ID            59   15      0
QSO:    7000 PH 2024-10-26 0039 F1HTU            59  14    YO7SR            59   20      0
QSO:    7000 PH 2024-10-26 0043 F1HTU            59  14    LN8W             59   14      0
QSO:    7000 PH 2024-10-26 0711 F1HTU            59  14    EA1FQO           59   14      0
QSO:    7000 PH 2024-10-26 0714 F1HTU            59  14    M0DCX            59   14      0
QSO:    7000 PH 2024-10-26 0715 F1HTU            59  14    K3LR             59   05      0
QSO:    7000 PH 2024-10-26 0717 F1HTU            59  14    OT5A             59   14      0
QSO:    7000 PH 2024-10-26 0718 F1HTU            59  14    KC1XX            59   05      0
QSO:    7000 PH 2024-10-26 0720 F1HTU            59  14    PI4RS            59   14      0
QSO:    7000 PH 2024-10-26 0721 F1HTU            59  14    M6T              59   14      0
QSO:    7000 PH 2024-10-26 0723 F1HTU            59  14    KE2AY            59   05      0
QSO:    7000 PH 2024-10-26 0725 F1HTU            59  14    K1LZ             59   05      0
QSO:    7000 PH 2024-10-26 0725 F1HTU            59  14    DF0HQ            59   14      0
QSO:    7000 PH 2024-10-26 0731 F1HTU            59  14    VY2TT            59   05      0
QSO:    7000 PH 2024-10-26 0733 F1HTU            59  14    LX1NO            59   14      0
QSO:    7000 PH 2024-10-26 0737 F1HTU            59  14    TM3Z             59   14      0
QSO:   14000 PH 2024-10-26 0739 F1HTU            59  14    OE4C             59   15      0
QSO:   14000 PH 2024-10-26 0800 F1HTU            59  14    HG5E             59   15      0
QSO:   14000 PH 2024-10-26 0804 F1HTU            59  14    SP9XCN           59   15      0
QSO:   14000 PH 2024-10-26 0805 F1HTU            59  14    PA3AAV           59   14      0
QSO:   14000 PH 2024-10-26 0809 F1HTU            59  14    IW1CHX           59   15      0
QSO:   14000 PH 2024-10-26 0811 F1HTU            59  14    EA3CI            59   14      0
QSO:   14000 PH 2024-10-26 0813 F1HTU            59  14    K3LR             59   05      0
QSO:   14000 PH 2024-10-26 0816 F1HTU            59  14    N1DE             59   05      0
QSO:   14000 PH 2024-10-26 0817 F1HTU            59  14    MI7DGO           59   14      0
QSO:   14000 PH 2024-10-26 0818 F1HTU            59  14    K5TR             59   04      0
QSO:   14000 PH 2024-10-26 0821 F1HTU            59  14    KC1XX            59   05      0
QSO:   14000 PH 2024-10-26 0823 F1HTU            59  14    DF0HQ            59   14      0
QSO:   14000 PH 2024-10-26 0824 F1HTU            59  14    LZ9W             59   20      0
QSO:   14000 PH 2024-10-26 0825 F1HTU            59  14    TK4TH            59   15      0
QSO:   14000 PH 2024-10-26 0826 F1HTU            59  14    IP1H             59   15      0
QSO:   14000 PH 2024-10-26 0828 F1HTU            59  14    SP4KTR           59   15      0
QSO:   14000 PH 2024-10-26 0829 F1HTU            59  14    LX5M             59   14      0
QSO:   14000 PH 2024-10-26 0831 F1HTU            59  14    ZF1A             59   08      0
QSO:   14000 PH 2024-10-26 0832 F1HTU            59  14    S52OT            59   15      0
QSO:   14000 PH 2024-10-26 0833 F1HTU            59  14    OL3R             59   15      0
QSO:   14000 PH 2024-10-26 0834 F1HTU            59  14    M6C              59   14      0
QSO:   14000 PH 2024-10-26 0836 F1HTU            59  14    YT3X             59   15      0
QSO:   14000 PH 2024-10-26 0837 F1HTU            59  14    DQ4W             59   14      0
QSO:   14000 PH 2024-10-26 0837 F1HTU            59  14    HG2L             59   15      0
QSO:   14000 PH 2024-10-26 0838 F1HTU            59  14    9A5Y             59   15      0
QSO:   14000 PH 2024-10-26 0839 F1HTU            59  14    OE6HLF           59   15      0
QSO:   14000 PH 2024-10-26 0840 F1HTU            59  14    EA5RC            59   14      0
QSO:   14000 PH 2024-10-26 0840 F1HTU            59  14    CN3A             59   33      0
QSO:   14000 PH 2024-10-26 0842 F1HTU            59  14    OK1KKI           59   15      0
QSO:   14000 PH 2024-10-26 0844 F1HTU            59  14    G6MC             59   14      0
QSO:   14000 PH 2024-10-26 0845 F1HTU            59  14    G0SLQ            59   14      0
QSO:   14000 PH 2024-10-26 0846 F1HTU            59  14    IQ3CO            59   15      0
QSO:   14000 PH 2024-10-26 0847 F1HTU            59  14    OM5M             59   15      0
QSO:   14000 PH 2024-10-26 0847 F1HTU            59  14    OK7K             59   15      0
QSO:   14000 PH 2024-10-26 0849 F1HTU            59  14    TK9R             59   15      0
QSO:   14000 PH 2024-10-26 0851 F1HTU            59  14    EA1BLI           59   14      0
QSO:   14000 PH 2024-10-26 0851 F1HTU            59  14    EA4URE           59   14      0
QSO:   21000 PH 2024-10-26 0853 F1HTU            59  14    LN8W             59   14      0
QSO:   21000 PH 2024-10-26 0854 F1HTU            59  14    SP9XCN           59   15      0
QSO:   21000 PH 2024-10-26 0854 F1HTU            59  14    DM3W             59   14      0
QSO:   21000 PH 2024-10-26 0855 F1HTU            59  14    UA5C             59   16      0
QSO:   21000 PH 2024-10-26 0856 F1HTU            59  14    OK1IPS           59   15      0
QSO:   21000 PH 2024-10-26 0857 F1HTU            59  14    RZ9YW            59   18      0
QSO:   21000 PH 2024-10-26 0900 F1HTU            59  14    EF7A             59   14      0
QSO:   21000 PH 2024-10-26 0905 F1HTU            59  14    II8K             59   15      0
QSO:   21000 PH 2024-10-26 0906 F1HTU            59  14    YT5A             59   15      0
QSO:   21000 PH 2024-10-26 0907 F1HTU            59  14    IT9FRX           59   15      0
QSO:   21000 PH 2024-10-26 1015 F1HTU            59  14    RW9USA           59   18      0
QSO:   21000 PH 2024-10-26 1016 F1HTU            59  14    TC0F             59   20      0
QSO:   21000 PH 2024-10-26 1018 F1HTU            59  14    UP0L             59   17      0
QSO:   21000 PH 2024-10-26 1019 F1HTU            59  14    9A3J             59   15      0
QSO:   21000 PH 2024-10-26 1020 F1HTU            59  14    S57AL            59   15      0
QSO:   21000 PH 2024-10-26 1021 F1HTU            59  14    CR3A             59   33      0
QSO:   21000 PH 2024-10-26 1022 F1HTU            59  14    SN7T             59   15      0
QSO:   21000 PH 2024-10-26 1022 F1HTU            59  14    LZ9W             59   20      0
QSO:   21000 PH 2024-10-26 1023 F1HTU            59  14    SN3A             59   15      0
QSO:   21000 PH 2024-10-26 1027 F1HTU            59  14    9A1A             59   15      0
QSO:   21000 PH 2024-10-26 1028 F1HTU            59  14    OK8NM            59   15      0
QSO:   21000 PH 2024-10-26 1029 F1HTU            59  14    OH2T             51   15      0
QSO:   21000 PH 2024-10-26 1031 F1HTU            59  14    YT9A             59   15      0
QSO:   21000 PH 2024-10-26 1033 F1HTU            59  14    P33W             59   20      0
QSO:   21000 PH 2024-10-26 1034 F1HTU            59  14    LZ2VU            59   20      0
QSO:   21000 PH 2024-10-26 1034 F1HTU            59  14    OG1F             59   15      0
QSO:   21000 PH 2024-10-26 1035 F1HTU            59  14    SN2B             59   15      0
QSO:   21000 PH 2024-10-26 1036 F1HTU            59  14    S50K             59   15      0
QSO:   21000 PH 2024-10-26 1036 F1HTU            59  14    CQ7AMF           59   14      0
QSO:   21000 PH 2024-10-26 1038 F1HTU            59  14    UB7K             59   16      0
QSO:   21000 PH 2024-10-26 1039 F1HTU            59  14    OM5R             59   15      0
QSO:   21000 PH 2024-10-26 1040 F1HTU            59  14    9A7A             59   15      0
QSO:   21000 PH 2024-10-26 1040 F1HTU            59  14    TM3P             59   14      0
QSO:   21000 PH 2024-10-26 1043 F1HTU            59  14    OM5M             59   15      0
QSO:   21000 PH 2024-10-26 1043 F1HTU            59  14    RM3DA            59   16      0
QSO:   21000 PH 2024-10-26 1045 F1HTU            59  14    LZ3ZZ            59   20      0
QSO:    7000 PH 2024-10-27 0754 F1HTU            59  14    OR7G             59   14      0
QSO:    7000 PH 2024-10-27 0755 F1HTU            59  14    G4L              59   14      0
QSO:    7000 PH 2024-10-27 0756 F1HTU            59  14    DA0T             59   14      0
QSO:    7000 PH 2024-10-27 0757 F1HTU            59  14    PD1RO            59   14      0
QSO:    7000 PH 2024-10-27 0758 F1HTU            59  14    OO4O             59   14      0
QSO:    7000 PH 2024-10-27 0758 F1HTU            59  14    M6C              59   14      0
QSO:    7000 PH 2024-10-27 0759 F1HTU            59  14    OZ4FM            59   14      0
QSO:    7000 PH 2024-10-27 0801 F1HTU            59  14    OT5X             59   14      0
QSO:    7000 PH 2024-10-27 0802 F1HTU            59  14    F4JXV            59   14      0
QSO:    7000 PH 2024-10-27 0803 F1HTU            59  14    IQ4FA            59   15      0
QSO:    7000 PH 2024-10-27 0804 F1HTU            59  14    OT8M             59   14      0
QSO:    7000 PH 2024-10-27 0808 F1HTU            59  14    M0TPT            59   14      0
QSO:    7000 PH 2024-10-27 0809 F1HTU            59  14    2E0HEV           59   14      0
QSO:    7000 PH 2024-10-27 0811 F1HTU            59  14    DK0IW            59   14      0
QSO:    7000 PH 2024-10-27 0812 F1HTU            59  14    F6KOP            59   14      0
QSO:   28000 PH 2024-10-27 0917 F1HTU            59  14    RA0R             59   18      0
QSO:   28000 PH 2024-10-27 0918 F1HTU            59  14    RM8A             59   17      0
QSO:   28000 PH 2024-10-27 0922 F1HTU            59  14    JE6WOQ           59   25      0
QSO:   28000 PH 2024-10-27 0924 F1HTU            59  14    R7MM             59   16      0
QSO:   28000 PH 2024-10-27 0927 F1HTU            59  14    TF3W             59   40      0
QSO:   28000 PH 2024-10-27 0929 F1HTU            59  14    RT8U             59   18      0
QSO:   28000 PH 2024-10-27 0932 F1HTU            59  14    LZ4TX            59   20      0
QSO:   28000 PH 2024-10-27 0932 F1HTU            59  14    CQ3J             59   33      0
QSO:   28000 PH 2024-10-27 0933 F1HTU            59  14    YT5A             59   15      0
QSO:   28000 PH 2024-10-27 0935 F1HTU            59  14    OH7K             59   15      0
QSO:   28000 PH 2024-10-27 0935 F1HTU            59  14    RK4FD            59   16      0
QSO:   28000 PH 2024-10-27 0937 F1HTU            59  14    RG6AA            59   16      0
QSO:   28000 PH 2024-10-27 0939 F1HTU            59  14    UC8Y             59   18      0
QSO:   28000 PH 2024-10-27 0941 F1HTU            59  14    RL3A             59   16      0
QSO:   28000 PH 2024-10-27 0942 F1HTU            59  14    LZ2ZD            59   20      0
QSO:   28000 PH 2024-10-27 0942 F1HTU            59  14    RM3DA            59   16      0
QSO:   28000 PH 2024-10-27 0944 F1HTU            59  14    PX2A             59   11      0
QSO:   28000 PH 2024-10-27 0945 F1HTU            59  14    TC2E             59   20      0
QSO:   28000 PH 2024-10-27 0952 F1HTU            59  14    IU8RIA           59   15      0
QSO:   28000 PH 2024-10-27 0953 F1HTU            59  14    RG9A             59   17      0
QSO:   28000 PH 2024-10-27 0955 F1HTU            59  14    PV2K             59   11      0
QSO:   28000 PH 2024-10-27 1004 F1HTU            59  14    EA8DPX           59   33      0
QSO:   28000 PH 2024-10-27 1021 F1HTU            59  14    YU5R             59   15      0
QSO:   28000 PH 2024-10-27 1022 F1HTU            59  14    LZ1JZ            59   20      0
QSO:   28000 PH 2024-10-27 1024 F1HTU            59  14    PV2K             59   11      0
QSO:   28000 PH 2024-10-27 1027 F1HTU            59  14    SJ2W             59   14      0
QSO:   28000 PH 2024-10-27 1029 F1HTU            59  14    R5AJ             59   16      0
QSO:   28000 PH 2024-10-27 1029 F1HTU            59  14    UA4M             59   16      0
QSO:   28000 PH 2024-10-27 1032 F1HTU            59  14    PY7XC            59   11      0
QSO:   28000 PH 2024-10-27 1038 F1HTU            59  14    SJ8R             59   14      0
QSO:   28000 PH 2024-10-27 1039 F1HTU            59  14    B0A              59   23      0
QSO:   28000 PH 2024-10-27 1042 F1HTU            59  14    RW4W             59   16      0
QSO:   28000 PH 2024-10-27 1042 F1HTU            59  14    V47T             59   08      0
QSO:   28000 PH 2024-10-27 1043 F1HTU            59  14    LY7T             59   15      0
QSO:   28000 PH 2024-10-27 1057 F1HTU            59  14    9A4V             59   15      0
QSO:   28000 PH 2024-10-27 1101 F1HTU            59  14    J42L             59   20      0
QSO:   28000 PH 2024-10-27 1102 F1HTU            59  14    YO4NF            59   20      0
QSO:   28000 PH 2024-10-27 1103 F1HTU            59  14    LU8DPM           59   13      0
QSO:   28000 PH 2024-10-27 1106 F1HTU            59  14    YO9HP            59   20      0
QSO:   28000 PH 2024-10-27 1107 F1HTU            59  14    CQ3W             59   33      0
QSO:   28000 PH 2024-10-27 1107 F1HTU            59  14    CR3A             59   33      0
QSO:   28000 PH 2024-10-27 1108 F1HTU            59  14    OG9X             59   15      0
QSO:   28000 PH 2024-10-27 1109 F1HTU            59  14    RG2Y             59   16      0
QSO:   28000 PH 2024-10-27 1111 F1HTU            59  14    N1DE             59   05      0
QSO:   28000 PH 2024-10-27 1113 F1HTU            59  14    UB7K             59   16      0
QSO:   28000 PH 2024-10-27 1114 F1HTU            59  14    YT4T             59   15      0
QSO:   28000 PH 2024-10-27 1207 F1HTU            59  14    YP0C             59   20      0
QSO:   28000 PH 2024-10-27 1208 F1HTU            59  14    EA8DED           59   33      0
QSO:   28000 PH 2024-10-27 1211 F1HTU            59  14    CX1T             59   13      0
QSO:   28000 PH 2024-10-27 1214 F1HTU            59  14    PX2W             59   11      0
QSO:   28000 PH 2024-10-27 1214 F1HTU            59  14    CR2B             59   14      0
QSO:   28000 PH 2024-10-27 1215 F1HTU            59  14    K1TO             59   05      0
QSO:   28000 PH 2024-10-27 1216 F1HTU            59  14    N2ZN             59   05      0
QSO:   28000 PH 2024-10-27 1218 F1HTU            59  14    LP1H             59   13      0
QSO:   28000 PH 2024-10-27 1220 F1HTU            59  14    RC3U             59   16      0
QSO:   28000 PH 2024-10-27 1220 F1HTU            59  14    KQ3F             59   05      0
QSO:   28000 PH 2024-10-27 1221 F1HTU            59  14    E7AA             59   15      0
QSO:   28000 PH 2024-10-27 1224 F1HTU            59  14    K1WZ             59   05      0
QSO:   28000 PH 2024-10-27 1226 F1HTU            59  14    YO7SR            59   20      0
QSO:   28000 PH 2024-10-27 1437 F1HTU            59  14    EM100WJZ         59   16      0
QSO:   28000 PH 2024-10-27 1439 F1HTU            59  14    NN3W             59   05      0
QSO:   28000 PH 2024-10-27 1439 F1HTU            59  14    AC9S             59   04      0
QSO:   28000 PH 2024-10-27 1441 F1HTU            59  14    K1RO             59   05      0
QSO:   28000 PH 2024-10-27 1443 F1HTU            59  14    W3PP             59   05      0
QSO:   28000 PH 2024-10-27 1449 F1HTU            59  14    N5RZ             59   04      0
QSO:   28000 PH 2024-10-27 1450 F1HTU            59  14    K3ZJ             59   05      0
QSO:   28000 PH 2024-10-27 1458 F1HTU            59  14    K3MD             59   05      0
QSO:   28000 PH 2024-10-27 1500 F1HTU            59  14    NA8V             59   04      0
QSO:   28000 PH 2024-10-27 1500 F1HTU            59  14    LZ8A             59   20      0
QSO:   28000 PH 2024-10-27 1502 F1HTU            59  14    K9BGL            59   04      0
QSO:   28000 PH 2024-10-27 1503 F1HTU            59  14    AB7YQ            59   03      0
QSO:   28000 PH 2024-10-27 1511 F1HTU            59  14    FR8WE            59   39      0
QSO:   28000 PH 2024-10-27 1513 F1HTU            59  14    W8MJ             59   04      0
QSO:   28000 PH 2024-10-27 1516 F1HTU            59  14    RT5T             59   16      0
QSO:   28000 PH 2024-10-27 1517 F1HTU            59  14    N4XD             59   05      0
QSO:   28000 PH 2024-10-27 1518 F1HTU            59  14    K8AZ             59   04      0
QSO:   28000 PH 2024-10-27 1520 F1HTU            59  14    K3UL             59   05      0
QSO:   28000 PH 2024-10-27 1520 F1HTU            59  14    K0EJ             59   04      0
QSO:   28000 PH 2024-10-27 1522 F1HTU            59  14    KZ2I             59   05      0
QSO:   28000 PH 2024-10-27 1524 F1HTU            59  14    W1GD             59   05      0
QSO:   28000 PH 2024-10-27 1526 F1HTU            59  14    AB3CX            59   05      0
QSO:   28000 PH 2024-10-27 1529 F1HTU            59  14    WC3N             59   05      0
QSO:   28000 PH 2024-10-27 1530 F1HTU            59  14    UY5LW            59   16      0
QSO:   28000 PH 2024-10-27 1532 F1HTU            59  14    UZ7C             59   16      0
QSO:   28000 PH 2024-10-27 1533 F1HTU            59  14    NW8U             59   05      0
QSO:   28000 PH 2024-10-27 1535 F1HTU            59  14    K1ZK             59   05      0
QSO:   28000 PH 2024-10-27 1536 F1HTU            59  14    WQ3O             59   05      0
QSO:   28000 PH 2024-10-27 1538 F1HTU            59  14    VA3SWG           59   04      0
QSO:   28000 PH 2024-10-27 1539 F1HTU            59  14    AA4NC            59   05      0
QSO:   28000 PH 2024-10-27 1545 F1HTU            59  14    W2MM             59   05      0
QSO:   28000 PH 2024-10-27 1551 F1HTU            59  14    OG5B             59   15      0
QSO:   28000 PH 2024-10-27 1553 F1HTU            59  14    YL2SM            59   15      0
QSO:   28000 PH 2024-10-27 1555 F1HTU            59  14    P33W             59   20      0
QSO:   28000 PH 2024-10-27 1558 F1HTU            59  14    LZ1MS            59   20      0
QSO:   28000 PH 2024-10-27 1559 F1HTU            59  14    LZ1ND            59   20      0
QSO:   28000 PH 2024-10-27 1559 F1HTU            59  14    AZ1D             59   13      0
QSO:   28000 PH 2024-10-27 1601 F1HTU            59  14    ZY2N             59   11      0
QSO:   28000 PH 2024-10-27 1604 F1HTU            59  14    RK7A             59   16      0
QSO:   28000 PH 2024-10-27 1605 F1HTU            59  14    UR7R             59   16      0
QSO:   28000 PH 2024-10-27 1622 F1HTU            59  14    F6KFI            59   14      0
QSO:   14000 PH 2024-10-27 1920 F1HTU            59  14    CT1GFK           59   14      0
QSO:   14000 PH 2024-10-27 1921 F1HTU            59  14    CR6O             59   14      0
QSO:   14000 PH 2024-10-27 1922 F1HTU            59  14    YT5A             59   15      0
QSO:   14000 PH 2024-10-27 1924 F1HTU            59  14    HZ1HZ            59   21      0
QSO:   14000 PH 2024-10-27 1929 F1HTU            59  14    YU5M             59   15      0
QSO:   14000 PH 2024-10-27 1930 F1HTU            59  14    ES9C             59   15      0
QSO:   14000 PH 2024-10-27 1932 F1HTU            59  14    UW1M             59   16      0
QSO:   14000 PH 2024-10-27 1933 F1HTU            59  14    K1LZ             59   05      0
QSO:   14000 PH 2024-10-27 1935 F1HTU            59  14    KC1TNO           59   05      0
QSO:   14000 PH 2024-10-27 1936 F1HTU            59  14    UZ7C             59   16      0
QSO:   14000 PH 2024-10-27 1937 F1HTU            59  14    P33W             59   20      0
QSO:   14000 PH 2024-10-27 1938 F1HTU            59  14    SZ1A             59   20      0
QSO:   14000 PH 2024-10-27 1939 F1HTU            59  14    D4C              59   35      0
QSO:   14000 PH 2024-10-27 1940 F1HTU            59  14    NN1SS            59   05      0
QSO:   14000 PH 2024-10-27 1942 F1HTU            59  14    EA8RM            59   33      0
QSO:   14000 PH 2024-10-27 1945 F1HTU            59  14    E2M              59   26      0
QSO:   14000 PH 2024-10-27 1946 F1HTU            59  14    LY9A             59   15      0
QSO:   14000 PH 2024-10-27 1954 F1HTU            59  14    CF3A             59   04      0
QSO:   14000 PH 2024-10-27 1957 F1HTU            59  14    RC3W             59   16      0
QSO:   14000 PH 2024-10-27 2001 F1HTU            59  14    VE2GSO           59   05      0
QSO:   14000 PH 2024-10-27 2015 F1HTU            59  14    TO5A             59   08      0
QSO:   14000 PH 2024-10-27 2020 F1HTU            59  14    K3CT             59   05      0
QSO:   14000 PH 2024-10-27 2022 F1HTU            59  14    AE1P             59   05      0
QSO:   14000 PH 2024-10-27 2026 F1HTU            59  14    TA3T             59   20      0
QSO:   14000 PH 2024-10-27 2031 F1HTU            59  14    PY2DY            59   11      0
END-OF-LOG:
