START-OF-LOG: 3.0
CONTEST: CQ-WW-SSB
CALLSIGN: SP1TER
LOCATION: DX
CATEGORY-OPERATOR: SINGLE-OP
CATEGORY-ASSISTED: NON-ASSISTED
CATEGORY-BAND: ALL
CATEGORY-POWER: LOW
CATEGORY-MODE: SSB
CATEGORY-TRANSMITTER: ONE
CATEGORY-STATION: FIXED
CATEGORY-OVERLAY: CLASSIC
GRID-LOCATOR: JO84EK
CLAIMED-SCORE:
NAME: Piotr Z.
OPERATORS: SP1TER
CREATED-BY: Cloudlog
QSO:   21364 PH 2024-10-27 0809 SP1TER           59  15    UZ2M             59   16      0
QSO:   21272 PH 2024-10-27 0815 SP1TER           59  15    TM0DX            59   14      0
QSO:   21185 PH 2024-10-27 0824 SP1TER           59  15    OH8X             59   15      0
QSO:   21299 PH 2024-10-27 0831 SP1TER           59  15    SX9V             59   20      0
QSO:   21316 PH 2024-10-27 0832 SP1TER           59  15    F6ARC            59   14      0
QSO:   21332 PH 2024-10-27 0833 SP1TER           59  15    EA5KL            59   14      0
QSO:   21359 PH 2024-10-27 0834 SP1TER           59  15    TM2Y             59   14      0
QSO:   21345 PH 2024-10-27 0836 SP1TER           59  15    ME5W             59   14      0
QSO:   21425 PH 2024-10-27 0837 SP1TER           59  15    OH8WW            59   15      0
QSO:   21379 PH 2024-10-27 0839 SP1TER           59  15    YR8D             59   20      0
QSO:   21428 PH 2024-10-27 0840 SP1TER           59  15    T70A             59   15      0
QSO:   21245 PH 2024-10-27 0843 SP1TER           59  15    YT9X             59   15      0
QSO:   21290 PH 2024-10-27 0905 SP1TER           59  15    9A1A             59   15      0
QSO:   21321 PH 2024-10-27 0907 SP1TER           59  15    LZ2VU            59   20      0
QSO:   21406 PH 2024-10-27 0918 SP1TER           59  15    YU7KW            59   15      0
QSO:   21374 PH 2024-10-27 0919 SP1TER           59  15    IP4M             59   15      0
QSO:   21337 PH 2024-10-27 0921 SP1TER           59  15    CN3A             59   33      0
QSO:   21275 PH 2024-10-27 0924 SP1TER           59  15    TM6M             59   14      0
QSO:   28376 PH 2024-10-27 0931 SP1TER           59  15    SV1PMR           59   20      0
QSO:   28388 PH 2024-10-27 0933 SP1TER           59  15    P33W             59   20      0
QSO:   28343 PH 2024-10-27 0935 SP1TER           59  15    EC5K             59   14      0
QSO:   28326 PH 2024-10-27 0947 SP1TER           59  15    EA3AR            59   14      0
QSO:   28362 PH 2024-10-27 0951 SP1TER           59  15    ED5D             59   14      0
QSO:   28395 PH 2024-10-27 0956 SP1TER           59  15    EI7M             59   14      0
QSO:   28400 PH 2024-10-27 0959 SP1TER           59  15    IB9T             59   15      0
QSO:   28525 PH 2024-10-27 1004 SP1TER           59  15    EA3FC            59   14      0
QSO:   28512 PH 2024-10-27 1005 SP1TER           59  15    ED1R             59   14      0
QSO:   28595 PH 2024-10-27 1013 SP1TER           59  15    9H6A             59   15      0
QSO:   28612 PH 2024-10-27 1015 SP1TER           59  15    ED3ST            59   14      0
QSO:   28502 PH 2024-10-27 1026 SP1TER           59  15    TM3A             59   14      0
QSO:   28481 PH 2024-10-27 1029 SP1TER           59  15    CN3A             59   33      0
QSO:   28446 PH 2024-10-27 1030 SP1TER           59  15    EA5KL            59   14      0
QSO:   28423 PH 2024-10-27 1032 SP1TER           59  15    IQ0ID            59   15      0
QSO:   28361 PH 2024-10-27 1035 SP1TER           59  15    CQ3J             59   33      0
QSO:   21264 PH 2024-10-27 1048 SP1TER           59  15    TM1K             59   14      0
QSO:   21306 PH 2024-10-27 1053 SP1TER           59  15    IO0A             59   15      0
QSO:   21356 PH 2024-10-27 1055 SP1TER           59  15    YT5A             59   15      0
QSO:   21369 PH 2024-10-27 1056 SP1TER           59  15    IP4X             59   15      0
QSO:   21375 PH 2024-10-27 1057 SP1TER           59  15    TM7A             59   14      0
QSO:   28766 PH 2024-10-27 1102 SP1TER           59  15    EA4KD            59   14      0
QSO:   28697 PH 2024-10-27 1103 SP1TER           59  15    CR3A             59   33      0
QSO:   28686 PH 2024-10-27 1104 SP1TER           59  15    CQ3W             59   33      0
QSO:   28675 PH 2024-10-27 1105 SP1TER           59  15    EA4EUI           59   14      0
QSO:   28669 PH 2024-10-27 1105 SP1TER           59  15    ED3X             59   14      0
QSO:   28620 PH 2024-10-27 1109 SP1TER           59  15    ED7W             59   14      0
QSO:   28603 PH 2024-10-27 1110 SP1TER           59  15    EA1BLI           59   14      0
QSO:   28598 PH 2024-10-27 1128 SP1TER           59  15    B0A              59   23      0
QSO:   28514 PH 2024-10-27 1147 SP1TER           59  15    D4C              59   35      0
QSO:   28644 PH 2024-10-27 1157 SP1TER           59  15    BD7IS            59   24      0
QSO:   28591 PH 2024-10-27 1200 SP1TER           59  15    EA5GS            59   14      0
QSO:   28516 PH 2024-10-27 1202 SP1TER           59  15    YR8D             59   20      0
QSO:   28420 PH 2024-10-27 1209 SP1TER           59  15    W4NF             59   5       0
QSO:   28427 PH 2024-10-27 1211 SP1TER           59  15    N1PGA            59   5       0
QSO:   28402 PH 2024-10-27 1213 SP1TER           59  15    WG3J             59   5       0
QSO:   28527 PH 2024-10-27 1228 SP1TER           59  15    KC1TNO           59   5       0
QSO:   28520 PH 2024-10-27 1233 SP1TER           59  15    A65BB            59   21      0
QSO:   28337 PH 2024-10-27 1247 SP1TER           59  15    EA2W             59   14      0
QSO:   28375 PH 2024-10-27 1248 SP1TER           59  15    YT8A             59   15      0
QSO:   28405 PH 2024-10-27 1250 SP1TER           59  15    TC0F             59   20      0
QSO:   28550 PH 2024-10-27 1256 SP1TER           59  15    TA2IJ            59   20      0
QSO:   28575 PH 2024-10-27 1304 SP1TER           59  15    SZ1A             59   20      0
QSO:   28708 PH 2024-10-27 1306 SP1TER           59  15    AE1P             59   5       0
QSO:   28775 PH 2024-10-27 1318 SP1TER           59  15    NN7CW            59   5       0
QSO:   28688 PH 2024-10-27 1321 SP1TER           59  15    NN3L             59   5       0
QSO:   28999 PH 2024-10-27 1331 SP1TER           59  15    UK9AA            59   17      0
QSO:   28979 PH 2024-10-27 1334 SP1TER           59  15    K9NW             59   4       0
QSO:   28954 PH 2024-10-27 1336 SP1TER           59  15    K3ZJ             59   5       0
QSO:   28919 PH 2024-10-27 1341 SP1TER           59  15    K8AZ             59   4       0
QSO:   28848 PH 2024-10-27 1343 SP1TER           59  15    KQ3F             59   5       0
QSO:   28855 PH 2024-10-27 1347 SP1TER           59  15    K3ZU             59   5       0
QSO:   29080 PH 2024-10-27 1351 SP1TER           59  15    N2TK             59   5       0
QSO:   29100 PH 2024-10-27 1358 SP1TER           59  15    WX3B             59   5       0
QSO:   29116 PH 2024-10-27 1359 SP1TER           59  15    VE2CSM           59   5       0
QSO:   28990 PH 2024-10-27 1403 SP1TER           59  15    K9BGL            59   4       0
QSO:   28922 PH 2024-10-27 1405 SP1TER           59  15    A60A             59   21      0
QSO:   28842 PH 2024-10-27 1413 SP1TER           59  15    K9CT             59   4       0
QSO:   28823 PH 2024-10-27 1415 SP1TER           59  15    5B4ES            59   20      0
QSO:   28579 PH 2024-10-27 1424 SP1TER           59  15    ED7O             59   14      0
QSO:   21312 PH 2024-10-27 1431 SP1TER           59  15    SZ1A             59   20      0
QSO:   28536 PH 2024-10-27 1508 SP1TER           59  15    SX9V             59   20      0
QSO:   28605 PH 2024-10-27 1510 SP1TER           59  15    LZ3ZZ            59   20      0
QSO:   28908 PH 2024-10-27 1513 SP1TER           59  15    K1TO             59   5       0
QSO:   29043 PH 2024-10-27 1515 SP1TER           59  15    EA1Z             59   14      0
QSO:   29177 PH 2024-10-27 1518 SP1TER           59  15    4X7M             59   20      0
QSO:   21390 PH 2024-10-27 1523 SP1TER           59  15    P33W             59   20      0
QSO:   21376 PH 2024-10-27 1524 SP1TER           59  15    OG8M             59   15      0
QSO:   21316 PH 2024-10-27 1527 SP1TER           59  15    LZ9W             59   20      0
QSO:   21274 PH 2024-10-27 1533 SP1TER           59  15    YM3VBR           59   20      0
QSO:   29041 PH 2024-10-27 1537 SP1TER           59  15    ED5F             59   14      0
QSO:   28673 PH 2024-10-27 1540 SP1TER           59  15    KQ2M             59   5       0
QSO:   28591 PH 2024-10-27 1542 SP1TER           59  15    EE3N             59   14      0
QSO:   28558 PH 2024-10-27 1544 SP1TER           59  15    EA9KB            59   33      0
QSO:   21344 PH 2024-10-27 1551 SP1TER           59  15    CR6T             59   14      0
QSO:   21401 PH 2024-10-27 1617 SP1TER           59  15    LZ5K             59   20      0
QSO:   21391 PH 2024-10-27 1617 SP1TER           59  15    ED5D             59   14      0
QSO:   28479 PH 2024-10-27 1620 SP1TER           59  15    CR6O             59   14      0
QSO:   28847 PH 2024-10-27 1639 SP1TER           59  15    N9NC             59   5       0
QSO:   28875 PH 2024-10-27 1641 SP1TER           59  15    N6QLS            59   5       0
QSO:   28834 PH 2024-10-27 1648 SP1TER           59  15    EA7I             59   14      0
QSO:   28889 PH 2024-10-27 1653 SP1TER           59  15    N2PP             59   5       0
QSO:   28889 PH 2024-10-27 1659 SP1TER           59  15    K2RB             59   5       0
QSO:   28889 PH 2024-10-27 1708 SP1TER           59  15    WA1T             59   5       0
QSO:   21318 PH 2024-10-27 1723 SP1TER           59  15    TA3T             59   20      0
QSO:   21197 PH 2024-10-27 1728 SP1TER           59  15    SV1BJW/6         59   20      0
QSO:   21225 PH 2024-10-27 1729 SP1TER           59  15    TC0F             59   20      0
QSO:   14242 PH 2024-10-27 1744 SP1TER           59  15    YT5A             59   15      0
QSO:   14340 PH 2024-10-27 1745 SP1TER           59  15    YO7SR            59   20      0
QSO:   14327 PH 2024-10-27 1748 SP1TER           59  15    M6C              59   14      0
QSO:   14315 PH 2024-10-27 1750 SP1TER           59  15    CR3A             59   33      0
QSO:   14305 PH 2024-10-27 1754 SP1TER           59  15    GE3F             59   14      0
QSO:   14299 PH 2024-10-27 1755 SP1TER           59  15    YT3X             59   15      0
QSO:   14289 PH 2024-10-27 1756 SP1TER           59  15    G6AD             59   14      0
QSO:   14224 PH 2024-10-27 1802 SP1TER           59  15    LZ8E             59   20      0
QSO:   14216 PH 2024-10-27 1803 SP1TER           59  15    LZ9W             59   20      0
QSO:   14180 PH 2024-10-27 1806 SP1TER           59  15    YM3VBR           59   20      0
QSO:   14165 PH 2024-10-27 1808 SP1TER           59  15    F8KHN            59   14      0
QSO:   14160 PH 2024-10-27 1808 SP1TER           59  15    GM0B             59   14      0
QSO:   14188 PH 2024-10-27 1811 SP1TER           59  15    M4A              59   14      0
QSO:   14204 PH 2024-10-27 1814 SP1TER           59  15    HZ1HZ            59   21      0
QSO:   14228 PH 2024-10-27 1818 SP1TER           59  15    4L6AM            59   21      0
QSO:   14239 PH 2024-10-27 1825 SP1TER           59  15    TC0F             59   20      0
QSO:   14251 PH 2024-10-27 1827 SP1TER           59  15    TC2E             59   20      0
QSO:   14262 PH 2024-10-27 1829 SP1TER           59  15    SZ1A             59   20      0
QSO:   14293 PH 2024-10-27 1831 SP1TER           59  15    EC6DX            59   14      0
QSO:   14306 PH 2024-10-27 1833 SP1TER           59  15    P33W             59   20      0
QSO:   14320 PH 2024-10-27 1835 SP1TER           59  15    B0A              59   23      0
QSO:   14310 PH 2024-10-27 1855 SP1TER           59  15    CN3A             59   33      0
QSO:   14288 PH 2024-10-27 1857 SP1TER           59  15    EI9E             59   14      0
QSO:   14254 PH 2024-10-27 1859 SP1TER           59  15    SX9V             59   20      0
QSO:   14172 PH 2024-10-27 1913 SP1TER           59  15    EB1DJ            59   14      0
QSO:   14298 PH 2024-10-27 1915 SP1TER           59  15    TC7TR            59   20      0
QSO:   14135 PH 2024-10-27 1924 SP1TER           59  15    C4W              59   20      0
QSO:   14148 PH 2024-10-27 1926 SP1TER           59  15    CR6P             59   14      0
QSO:   14291 PH 2024-10-27 2005 SP1TER           59  15    ED5D             59   14      0
QSO:   14266 PH 2024-10-27 2013 SP1TER           59  15    KC1TNO           59   5       0
END-OF-LOG:
