START-OF-LOG: 3.0
CONTEST: CQ-WW-CW
CALLSIGN: SV1EJA
LOCATION: DX
CATEGORY-OPERATOR: SINGLE-OP
CATEGORY-ASSISTED: ASSISTED
CATEGORY-BAND: ALL
CATEGORY-POWER: LOW
CATEGORY-MODE: CW
CATEGORY-TRANSMITTER: ONE
CATEGORY-STATION: FIXED
CATEGORY-OVERLAY: CLASSIC
GRID-LOCATOR: KM18UB
CLAIMED-SCORE: 14850
NAME: DIMITRIS ZORMPAS
OPERATORS: SV1EJA
CREATED-BY: N1MM Logger+ 1.0.10530.0
QSO:    7051 CW 2024-11-23 0522 SV1EJA           599 20    SN8DT            599  15       
QSO:    7043 CW 2024-11-23 0526 SV1EJA           599 20    IB9T             599  15       
QSO:    7010 CW 2024-11-23 0537 SV1EJA           599 20    DP9A             599  14       
QSO:    7020 CW 2024-11-23 0541 SV1EJA           599 20    K5GN             599  04       
QSO:    7019 CW 2024-11-23 0549 SV1EJA           599 20    K8TZ             599  04       
QSO:    7064 CW 2024-11-23 0553 SV1EJA           599 20    CN3X             599  33       
QSO:    7054 CW 2024-11-23 0556 SV1EJA           599 20    K5TU             599  04       
QSO:    7018 CW 2024-11-23 0600 SV1EJA           599 20    4Z5PN            599  20       
QSO:    7060 CW 2024-11-23 0602 SV1EJA           599 20    W2TP             599  05       
QSO:    7064 CW 2024-11-23 0607 SV1EJA           599 20    TC3X             599  20       
QSO:    7048 CW 2024-11-23 0610 SV1EJA           599 20    YP5A             599  20       
QSO:    7017 CW 2024-11-23 0618 SV1EJA           599 20    KC1XX            599  05       
QSO:   14032 CW 2024-11-23 0626 SV1EJA           599 20    LY5R             599  15       
QSO:   28064 CW 2024-11-23 0631 SV1EJA           599 20    JA2VHO           599  25       
QSO:   28069 CW 2024-11-23 0633 SV1EJA           599 20    JF3LXP           599  25       
QSO:   28062 CW 2024-11-23 0636 SV1EJA           599 20    JH4YB            599  25       
QSO:   28063 CW 2024-11-23 0639 SV1EJA           599 20    JJ0PKS           599  25       
QSO:   28069 CW 2024-11-23 0641 SV1EJA           599 20    JI0VWL           599  25       
QSO:   28021 CW 2024-11-23 0653 SV1EJA           599 20    UN3M             599  17       
QSO:   28010 CW 2024-11-23 0655 SV1EJA           599 20    RW0A             599  18       
QSO:   28029 CW 2024-11-23 0829 SV1EJA           599 20    M6T              599  14       
QSO:   28064 CW 2024-11-23 0838 SV1EJA           599 20    UN5G             599  17       
QSO:   28018 CW 2024-11-23 0856 SV1EJA           599 20    EA8RM            599  33       
QSO:   28039 CW 2024-11-23 0859 SV1EJA           599 20    DF0HQ            599  14       
QSO:   28004 CW 2024-11-23 0916 SV1EJA           599 20    UA6LUQ           599  16       
QSO:   28051 CW 2024-11-23 0925 SV1EJA           599 20    RV1CC            599  16       
QSO:   28020 CW 2024-11-23 0952 SV1EJA           599 20    BD8CS            599  24       
QSO:   28073 CW 2024-11-23 1005 SV1EJA           599 20    LY5E             599  15       
QSO:   28071 CW 2024-11-23 1016 SV1EJA           599 20    UB7K             599  16       
QSO:   21046 CW 2024-11-23 1026 SV1EJA           599 20    G4BJM            599  14       
QSO:   21058 CW 2024-11-23 1029 SV1EJA           599 20    UC8Y             599  18       
QSO:   21059 CW 2024-11-23 1032 SV1EJA           599 20    JA6ZPR           599  25       
QSO:   21064 CW 2024-11-23 1045 SV1EJA           599 20    F6HKA            599  14       
QSO:   21057 CW 2024-11-23 1047 SV1EJA           599 20    PI4CC            599  14       
QSO:   21056 CW 2024-11-23 1049 SV1EJA           599 20    UT3EV            599  16       
QSO:   21055 CW 2024-11-23 1054 SV1EJA           599 20    4U1ITU           599  14       
QSO:   21054 CW 2024-11-23 1059 SV1EJA           599 20    OT7T             599  14       
QSO:   28038 CW 2024-11-23 1259 SV1EJA           599 20    KQ3F             599  05       
QSO:   28062 CW 2024-11-23 1304 SV1EJA           599 20    W1JQ             599  05       
QSO:   28046 CW 2024-11-23 1313 SV1EJA           599 20    CF2I             599  05       
QSO:   28002 CW 2024-11-23 1321 SV1EJA           599 20    KC1XX            599  05       
QSO:   28011 CW 2024-11-23 1336 SV1EJA           599 20    K2LE             599  05       
QSO:   28061 CW 2024-11-23 1345 SV1EJA           599 20    EA5RS            599  14       
QSO:   28060 CW 2024-11-23 1347 SV1EJA           599 20    K1DGN            599  05       
QSO:   14045 CW 2024-11-23 1703 SV1EJA           599 20    F6KOP            599  14       
QSO:   14042 CW 2024-11-23 1710 SV1EJA           599 20    PA5N             599  14       
QSO:    7012 CW 2024-11-23 1718 SV1EJA           599 20    HA3HO            599  15       
QSO:    7012 CW 2024-11-23 1720 SV1EJA           599 20    OL7D             599  15       
QSO:    7014 CW 2024-11-23 1735 SV1EJA           599 20    DJ0MDR           599  14       
QSO:    7015 CW 2024-11-23 1745 SV1EJA           599 20    RT8U             599  18       
QSO:    7025 CW 2024-11-23 1806 SV1EJA           599 20    UP0L             599  17       
QSO:   28024 CW 2024-11-24 0600 SV1EJA           599 20    JE6WOQ           599  25       
QSO:   28009 CW 2024-11-24 0602 SV1EJA           599 20    JH4UTP           599  25       
QSO:   28040 CW 2024-11-24 0626 SV1EJA           599 20    ZD7VJ            599  36       
QSO:   28070 CW 2024-11-24 0643 SV1EJA           599 20    AH2R             599  27       
QSO:   28047 CW 2024-11-24 0837 SV1EJA           599 20    EA3AR            599  14       
QSO:   28006 CW 2024-11-24 0840 SV1EJA           599 20    OE2S             599  15       
QSO:   28032 CW 2024-11-24 1122 SV1EJA           599 20    LA8HGA           599  14       
QSO:   28034 CW 2024-11-24 1127 SV1EJA           599 20    RM3F             599  16       
QSO:   28036 CW 2024-11-24 1131 SV1EJA           599 20    DP6A             599  14       
QSO:   28037 CW 2024-11-24 1133 SV1EJA           599 20    UB3A             599  16       
QSO:   28037 CW 2024-11-24 1133 SV1EJA           599 20    DQ1A             599  14       
QSO:   28038 CW 2024-11-24 1139 SV1EJA           599 20    RC9J             599  17       
QSO:   28039 CW 2024-11-24 1141 SV1EJA           599 20    RU9LA            599  17       
QSO:   28044 CW 2024-11-24 1146 SV1EJA           599 20    RU1A             599  16       
QSO:   28046 CW 2024-11-24 1151 SV1EJA           599 20    UC8U             599  18       
QSO:   28048 CW 2024-11-24 1153 SV1EJA           599 20    NM7N             599  03       
QSO:   28049 CW 2024-11-24 1155 SV1EJA           599 20    PD2JAM           599  14       
QSO:   28051 CW 2024-11-24 1209 SV1EJA           599 20    RA3AGF           599  16       
QSO:   28051 CW 2024-11-24 1211 SV1EJA           599 20    DM0A             599  14       
QSO:   28054 CW 2024-11-24 1224 SV1EJA           599 20    PA3AAV           599  14       
QSO:   28058 CW 2024-11-24 1229 SV1EJA           599 20    OH9W             599  15       
QSO:   28059 CW 2024-11-24 1232 SV1EJA           599 20    UA4S             599  16       
QSO:   28000 CW 2024-11-24 1235 SV1EJA           599 20    RK7A             599  16       
QSO:   28001 CW 2024-11-24 1242 SV1EJA           599 20    K1LZ             599  05       
QSO:   28004 CW 2024-11-24 1250 SV1EJA           599 20    GM7A             599  14       
QSO:   28007 CW 2024-11-24 1301 SV1EJA           599 20    K1KI             599  05       
QSO:   28008 CW 2024-11-24 1304 SV1EJA           599 20    OT1A             599  14       
QSO:   28009 CW 2024-11-24 1305 SV1EJA           599 20    OG7A             599  15       
QSO:   28010 CW 2024-11-24 1310 SV1EJA           599 20    YR8I             599  20       
QSO:   28011 CW 2024-11-24 1313 SV1EJA           599 20    RG2A             599  16       
QSO:   28012 CW 2024-11-24 1313 SV1EJA           599 20    CR3A             599  33       
QSO:   28013 CW 2024-11-24 1315 SV1EJA           599 20    M4T              599  14       
QSO:   28014 CW 2024-11-24 1316 SV1EJA           599 20    N4CW             599  05       
QSO:   28015 CW 2024-11-24 1318 SV1EJA           599 20    G2E              599  14       
QSO:   28015 CW 2024-11-24 1319 SV1EJA           599 20    N1LN             599  05       
QSO:   28017 CW 2024-11-24 1323 SV1EJA           599 20    G5W              599  14       
QSO:   28018 CW 2024-11-24 1327 SV1EJA           599 20    W1KM             599  05       
QSO:   28018 CW 2024-11-24 1329 SV1EJA           599 20    M2G              599  14       
QSO:   28019 CW 2024-11-24 1329 SV1EJA           599 20    TM4Q             599  14       
QSO:   28020 CW 2024-11-24 1332 SV1EJA           599 20    W2FU             599  05       
QSO:   28022 CW 2024-11-24 1342 SV1EJA           599 20    UW2U             599  16       
QSO:   28023 CW 2024-11-24 1354 SV1EJA           599 20    N2YO             599  05       
QSO:   28024 CW 2024-11-24 1356 SV1EJA           599 20    WG3J             599  05       
QSO:   28025 CW 2024-11-24 1400 SV1EJA           599 20    AA1ON            599  05       
QSO:   28026 CW 2024-11-24 1403 SV1EJA           599 20    G8X              599  14       
QSO:   28026 CW 2024-11-24 1405 SV1EJA           599 20    K3LR             599  05       
QSO:   28027 CW 2024-11-24 1406 SV1EJA           599 20    K1RM             599  05       
QSO:   28028 CW 2024-11-24 1409 SV1EJA           599 20    VE3NNT           599  04       
QSO:   28035 CW 2024-11-24 1418 SV1EJA           599 20    G4BJM            599  14       
END-OF-LOG:
