START-OF-LOG: 3.0
CONTEST: CQ-WPX-SSB
CALLSIGN: EA5AX
LOCATION: DX
CATEGORY-OPERATOR: SINGLE-OP
CATEGORY-ASSISTED: ASSISTED
CATEGORY-BAND: 15M
CATEGORY-POWER: QRP
CATEGORY-MODE: SSB
CATEGORY-TRANSMITTER: ONE
CATEGORY-STATION: FIXED
CATEGORY-OVERLAY:
GRID-LOCATOR: im98bx
CLAIMED-SCORE: 1995
NAME: Pedro
CREATED-BY: QARTest 11.3.1
SOAPBOX: 
QSO:   21192  PH 2021-03-28 1015  EA5AX            59   001 RT4F             59   939 
QSO:   21249  PH 2021-03-28 1017  EA5AX            59   002 RL4F             59   2029 
QSO:   21158  PH 2021-03-28 1020  EA5AX            59   003 RU3SD            59   248 
QSO:   21158  PH 2021-03-28 1025  EA5AX            59   004 RU3SD            59   249 
QSO:   21196  PH 2021-03-28 1027  EA5AX            59   005 RM3DA            59   2005 
QSO:   21243  PH 2021-03-28 1033  EA5AX            59   006 RA5G             59   404 
QSO:   21401  PH 2021-03-28 1036  EA5AX            59   007 SZ21TK           59   092 
QSO:   21247  PH 2021-03-28 1043  EA5AX            59   008 RA3OA            59   465 
QSO:   21370  PH 2021-03-28 1047  EA5AX            59   009 UD4F             59   1034 
QSO:   21161  PH 2021-03-28 1049  EA5AX            59   010 T6A              59   1506 
QSO:   21219  PH 2021-03-28 1058  EA5AX            59   011 4L0G             59   3197 
QSO:   21222  PH 2021-03-28 1100  EA5AX            59   012 P3X              59   3369 
QSO:   21272  PH 2021-03-28 1103  EA5AX            59   013 UW2M             59   3523 
QSO:   21293  PH 2021-03-28 1104  EA5AX            59   014 TC7G             59   1357 
QSO:   21306  PH 2021-03-28 1108  EA5AX            59   015 A42K             59   1669 
QSO:   21330  PH 2021-03-28 1111  EA5AX            59   016 C4W              59   2353 
QSO:   21370  PH 2021-03-28 1113  EA5AX            59   017 UD4F             59   1052 
QSO:   21373  PH 2021-03-28 1119  EA5AX            59   018 D1DX             59   103 
QSO:   21365  PH 2021-03-28 1124  EA5AX            59   019 4X7R             59   2416 
QSO:   21334  PH 2021-03-28 1129  EA5AX            59   020 A71AM            59   1944 
QSO:   21312  PH 2021-03-28 1131  EA5AX            59   021 UA7K             59   4717 
QSO:   21294  PH 2021-03-28 1132  EA5AX            59   022 R3ZZ             59   512 
QSO:   21249  PH 2021-03-28 1136  EA5AX            59   023 EW5A             59   3991 
QSO:   21262  PH 2021-03-28 1157  EA5AX            59   024 A60A             59   226 
QSO:   21230  PH 2021-03-28 1259  EA5AX            59   025 IZ8HUW           59   187 
QSO:   21251  PH 2021-03-28 1300  EA5AX            59   026 5B4KH            59   1151 
QSO:   21257  PH 2021-03-28 1303  EA5AX            59   027 US2IR            59   932 
QSO:   21344  PH 2021-03-28 1310  EA5AX            59   028 LU5FC            59   1428 
QSO:   21410  PH 2021-03-28 1312  EA5AX            59   029 OH2A             59   307 
QSO:   21418  PH 2021-03-28 1314  EA5AX            59   030 OG7A             59   352 
QSO:   21323  PH 2021-03-28 1316  EA5AX            59   031 YL2KO            59   541 
QSO:   21200  PH 2021-03-28 1321  EA5AX            59   032 YP0C             59   1781 
QSO:   21198  PH 2021-03-28 1323  EA5AX            59   033 IB9T             59   731 
QSO:   21275  PH 2021-03-28 1330  EA5AX            59   034 9A7Z             59   581 
QSO:   21298  PH 2021-03-28 1333  EA5AX            59   035 OH1VR            59   597 
QSO:   21206  PH 2021-03-28 1349  EA5AX            59   036 YL2VW            59   002 
QSO:   21412  PH 2021-03-28 1402  EA5AX            59   037 OG6N             59   279 
QSO:   21390  PH 2021-03-28 1408  EA5AX            59   038 UT8EL            59   120 
END-OF-LOG:
