START-OF-LOG: 3.0
CONTEST: CQ-WPX-SSB
CALLSIGN: LY11LY
LOCATION: DX
CATEGORY-OPERATOR: SINGLE-OP
CATEGORY-ASSISTED: ASSISTED
CATEGORY-BAND: ALL
CATEGORY-POWER: LOW
CATEGORY-MODE: SSB
CATEGORY-TRANSMITTER: ONE
CATEGORY-STATION:
CATEGORY-OVERLAY:
GRID-LOCATOR: KO24OP
CLAIMED-SCORE: 177073
NAME: Rolandas Mikalauskas
OPERATORS: LY4Q
CLUB: LITHUANIAN CONTEST GROUP
CREATED-BY: DXLog.net v2.5.1
QSO:    7096  PH 2021-03-27 0348  LY11LY           59   0001 ED3C             59   0184   0
QSO:    7064  PH 2021-03-27 0350  LY11LY           59   0002 UP2L             59   0458   0
QSO:    7061  PH 2021-03-27 0351  LY11LY           59   0003 EF3O             59   0120   0
QSO:    7106  PH 2021-03-27 0354  LY11LY           59   0004 UF4S             59   0336   0
QSO:    7106  PH 2021-03-27 0355  LY11LY           59   0005 UA6YN            59   0072   0
QSO:    7110  PH 2021-03-27 0357  LY11LY           59   0006 EA4KD            59   0026   0
QSO:    7112  PH 2021-03-27 0358  LY11LY           59   0007 J42S             59   0202   0
QSO:    7118  PH 2021-03-27 0359  LY11LY           59   0008 CQ3W             59   0405   0
QSO:    7139  PH 2021-03-27 0402  LY11LY           59   0009 5B4AIF           59   0156   0
QSO:    7143  PH 2021-03-27 0403  LY11LY           59   0010 US1Q             59   0549   0
QSO:    7160  PH 2021-03-27 0405  LY11LY           59   0011 CR6K             59   0450   0
QSO:    7167  PH 2021-03-27 0406  LY11LY           59   0012 RT4F             59   0432   0
QSO:    7180  PH 2021-03-27 0408  LY11LY           59   0013 LZ3ZZ            59   0296   0
QSO:    7138  PH 2021-03-27 0411  LY11LY           59   0014 4X7R             59   0100   0
QSO:    7129  PH 2021-03-27 0412  LY11LY           59   0015 IO9A             59   0425   0
QSO:    7100  PH 2021-03-27 0419  LY11LY           59   0016 IO6A             59   0254   0
QSO:    7099  PH 2021-03-27 0420  LY11LY           59   0017 YT1A             59   0220   0
QSO:    7072  PH 2021-03-27 0422  LY11LY           59   0018 R7MM             59   0088   0
QSO:    7069  PH 2021-03-27 0424  LY11LY           59   0019 RM4HZ            59   0120   0
QSO:    7059  PH 2021-03-27 0429  LY11LY           59   0020 YO4NF            59   0110   0
QSO:    7051  PH 2021-03-27 0430  LY11LY           59   0021 YT8WW            59   0141   0
QSO:    7072  PH 2021-03-27 0432  LY11LY           59   0022 YP0C             59   0296   0
QSO:    7080  PH 2021-03-27 0434  LY11LY           59   0023 4Z5UN            59   0263   0
QSO:    7117  PH 2021-03-27 0440  LY11LY           59   0024 YU1UO            59   0121   0
QSO:    7120  PH 2021-03-27 0441  LY11LY           59   0025 RC7KY            59   0234   0
QSO:    7127  PH 2021-03-27 0448  LY11LY           59   0026 RA5G             59   0374   0
QSO:    7153  PH 2021-03-27 0450  LY11LY           59   0027 S51YI            59   0280   0
QSO:    7154  PH 2021-03-27 0450  LY11LY           59   0028 PI4COM           59   0196   0
QSO:    7159  PH 2021-03-27 0452  LY11LY           59   0029 HB9NE            59   0345   0
QSO:    7166  PH 2021-03-27 0454  LY11LY           59   0030 RG5R             59   0128   0
QSO:    7171  PH 2021-03-27 0455  LY11LY           59   0031 IO4X             59   0441   0
QSO:    7173  PH 2021-03-27 0456  LY11LY           59   0032 S51CK            59   0212   0
QSO:    7185  PH 2021-03-27 0458  LY11LY           59   0033 YT5A             59   0351   0
QSO:    7188  PH 2021-03-27 0459  LY11LY           59   0034 YT7AA            59   0219   0
QSO:    7199  PH 2021-03-27 0501  LY11LY           59   0035 LZ9W             59   0547   0
QSO:    7095  PH 2021-03-27 0502  LY11LY           59   0036 TA1AQN           59   0093   0
QSO:    7097  PH 2021-03-27 0503  LY11LY           59   0037 YQ6A             59   0270   0
QSO:    7099  PH 2021-03-27 0506  LY11LY           59   0038 YO7CW            59   0074   0
QSO:    7099  PH 2021-03-27 0512  LY11LY           59   0039 LC6C             59   0196   0
QSO:    7099  PH 2021-03-27 0513  LY11LY           59   0040 OE5D             59   0006   0
QSO:    7099  PH 2021-03-27 0513  LY11LY           59   0041 S57PKT           59   0252   0
QSO:    7099  PH 2021-03-27 0514  LY11LY           59   0042 ON3UN            59   0029   0
QSO:    7099  PH 2021-03-27 0518  LY11LY           59   0043 DA0DX            59   0064   0
QSO:    7099  PH 2021-03-27 0519  LY11LY           59   0044 S53MR            59   0094   0
QSO:    7099  PH 2021-03-27 0520  LY11LY           59   0045 US6IKT           59   0046   0
QSO:    7099  PH 2021-03-27 0521  LY11LY           59   0046 DL5RU            59   0057   0
QSO:    7099  PH 2021-03-27 0522  LY11LY           59   0047 DR6R             59   0060   0
QSO:    7099  PH 2021-03-27 0525  LY11LY           59   0048 LA7TN            59   0025   0
QSO:    7099  PH 2021-03-27 0527  LY11LY           59   0049 S53M             59   0536   0
QSO:    7099  PH 2021-03-27 0527  LY11LY           59   0050 DD2CW            59   0159   0
QSO:    7099  PH 2021-03-27 0528  LY11LY           59   0051 DL1ATZ           59   0227   0
QSO:    7099  PH 2021-03-27 0528  LY11LY           59   0052 UA7K             59   0926   0
QSO:    7099  PH 2021-03-27 0528  LY11LY           59   0053 OH2A             59   0157   0
QSO:    7099  PH 2021-03-27 0529  LY11LY           59   0054 IQ4FA            59   0183   0
QSO:    7099  PH 2021-03-27 0529  LY11LY           59   0055 E7DX             59   0730   0
QSO:    7099  PH 2021-03-27 0530  LY11LY           59   0056 DP8M             59   0184   0
QSO:    7099  PH 2021-03-27 0532  LY11LY           59   0057 S55X             59   0343   0
QSO:    7099  PH 2021-03-27 0532  LY11LY           59   0058 OE1HHB           59   0221   0
QSO:    7099  PH 2021-03-27 0534  LY11LY           59   0059 YT5DM            59   0455   0
QSO:    7099  PH 2021-03-27 0535  LY11LY           59   0060 PA0AA            59   0136   0
QSO:    7099  PH 2021-03-27 0537  LY11LY           59   0061 DF7XR            59   0017   0
QSO:    7099  PH 2021-03-27 0538  LY11LY           59   0062 DL6ZBN           59   0212   0
QSO:    7099  PH 2021-03-27 0539  LY11LY           59   0063 PD9X             59   0081   0
QSO:    7099  PH 2021-03-27 0540  LY11LY           59   0064 9A2U             59   0174   0
QSO:    7099  PH 2021-03-27 0542  LY11LY           59   0065 F8KGM            59   0395   0
QSO:    7099  PH 2021-03-27 0543  LY11LY           59   0066 S57ZT            59   0107   0
QSO:    7099  PH 2021-03-27 0543  LY11LY           59   0067 HG7T             59   0269   0
QSO:    7099  PH 2021-03-27 0546  LY11LY           59   0068 DL4ZA            59   0080   0
QSO:    7099  PH 2021-03-27 0551  LY11LY           59   0069 IN3AHO           59   0027   0
QSO:    7098  PH 2021-03-27 0554  LY11LY           59   0070 OL9R             59   0189   0
QSO:    7093  PH 2021-03-27 0556  LY11LY           59   0071 RA5AD            59   0057   0
QSO:    7065  PH 2021-03-27 0600  LY11LY           59   0072 OM5M             59   0162   0
QSO:    7189  PH 2021-03-27 0604  LY11LY           59   0073 DQ2C             59   0269   0
QSO:    7183  PH 2021-03-27 0606  LY11LY           59   0074 OK5Z             59   0376   0
QSO:    7182  PH 2021-03-27 0607  LY11LY           59   0075 OG73X            59   0310   0
QSO:    7174  PH 2021-03-27 0610  LY11LY           59   0076 II8K             59   0601   0
QSO:    7169  PH 2021-03-27 0611  LY11LY           59   0077 OM77PA           59   0396   0
QSO:    7164  PH 2021-03-27 0612  LY11LY           59   0078 DA0T             59   0413   0
QSO:    7159  PH 2021-03-27 0613  LY11LY           59   0079 DP5L             59   0063   0
QSO:    7143  PH 2021-03-27 0615  LY11LY           59   0080 DP7D             59   0193   0
QSO:    7140  PH 2021-03-27 0616  LY11LY           59   0081 IR4M             59   0663   0
QSO:    7130  PH 2021-03-27 0622  LY11LY           59   0082 II2S             59   0412   0
QSO:    7123  PH 2021-03-27 0623  LY11LY           59   0083 HG8R             59   0701   0
QSO:    7114  PH 2021-03-27 0624  LY11LY           59   0084 OE5BGN           59   0381   0
QSO:    7112  PH 2021-03-27 0625  LY11LY           59   0085 F4HIK            59   0088   0
QSO:    7103  PH 2021-03-27 0627  LY11LY           59   0086 OE3LZA           59   0200   0
QSO:    7097  PH 2021-03-27 0628  LY11LY           59   0087 HG6L             59   0229   0
QSO:    7095  PH 2021-03-27 0630  LY11LY           59   0088 WP4X             59   0978   0
QSO:    7091  PH 2021-03-27 0631  LY11LY           59   0089 EA3CI            59   0259   0
QSO:    7072  PH 2021-03-27 0632  LY11LY           59   0090 SP1DSZ           59   0153   0
QSO:    7093  PH 2021-03-27 0634  LY11LY           59   0091 RU3A             59   0577   0
QSO:    7159  PH 2021-03-27 0641  LY11LY           59   0092 IK4GRO           59   0057   0
QSO:    7149  PH 2021-03-27 0644  LY11LY           59   0093 IB9A             59   0670   0
QSO:    7090  PH 2021-03-27 0648  LY11LY           59   0094 LN8W             59   0280   0
QSO:    7065  PH 2021-03-27 0651  LY11LY           59   0095 TM3Z             59   0366   0
QSO:    7137  PH 2021-03-27 0653  LY11LY           59   0096 HA2KMR           59   0272   0
QSO:    7167  PH 2021-03-27 0655  LY11LY           59   0097 OL5J             59   0086   0
QSO:    7088  PH 2021-03-27 0659  LY11LY           59   0098 UV5U             59   0201   0
QSO:    7084  PH 2021-03-27 0659  LY11LY           59   0099 OH100SRAL        59   0586   0
QSO:    7068  PH 2021-03-27 0701  LY11LY           59   0100 S51R             59   0056   0
QSO:    7090  PH 2021-03-27 0821  LY11LY           59   0101 EI4GNB           59   0111   0
QSO:    7114  PH 2021-03-27 0823  LY11LY           59   0102 DL5GA            59   0176   0
QSO:    7127  PH 2021-03-27 0825  LY11LY           59   0103 IK3UNA           59   0410   0
QSO:    7154  PH 2021-03-27 0829  LY11LY           59   0104 I2SVA            59   0040   0
QSO:    7166  PH 2021-03-27 0831  LY11LY           59   0105 SP9N             59   0528   0
QSO:    7171  PH 2021-03-27 0832  LY11LY           59   0106 SN3A             59   0703   0
QSO:    7172  PH 2021-03-27 0834  LY11LY           59   0107 OL5M             59   0236   0
QSO:    7093  PH 2021-03-27 0840  LY11LY           59   0108 OZ73A            59   0231   0
QSO:    7091  PH 2021-03-27 0843  LY11LY           59   0109 OZ1FHU           59   0096   0
QSO:    7086  PH 2021-03-27 0850  LY11LY           59   0110 OK2DDS           59   0058   0
QSO:    7084  PH 2021-03-27 0852  LY11LY           59   0111 SQ1REX           59   0091   0
QSO:    7096  PH 2021-03-27 0854  LY11LY           59   0112 SM5Q             59   0159   0
QSO:    7162  PH 2021-03-27 0857  LY11LY           59   0113 DL0LK            59   0403   0
QSO:    7187  PH 2021-03-27 0931  LY11LY           59   0114 OH0V             59   0564   0
QSO:    7185  PH 2021-03-27 0933  LY11LY           59   0115 SP7VC            59   0791   0
QSO:    7176  PH 2021-03-27 0933  LY11LY           59   0116 DL1NKS           59   0392   0
QSO:    7157  PH 2021-03-27 0938  LY11LY           59   0117 OH1Z             59   0314   0
QSO:    7119  PH 2021-03-27 0941  LY11LY           59   0118 UR5WCQ           59   0051   0
QSO:    7097  PH 2021-03-27 0946  LY11LY           59   0119 SP7RFF           59   0077   0
QSO:    7127  PH 2021-03-27 0951  LY11LY           59   0120 OK1UKY           59   0084   0
QSO:    7127  PH 2021-03-27 0956  LY11LY           59   0121 DA3T             59   0142   0
QSO:    7127  PH 2021-03-27 0958  LY11LY           59   0122 OK1BLU           59   0088   0
QSO:    7127  PH 2021-03-27 1004  LY11LY           59   0123 SQ7BTY           59   0024   0
QSO:    7127  PH 2021-03-27 1006  LY11LY           59   0124 OK2EQ            59   0168   0
QSO:    7127  PH 2021-03-27 1006  LY11LY           59   0125 OH3MM            59   0094   0
QSO:    7169  PH 2021-03-27 1423  LY11LY           59   0126 UX2MF            59   0145   0
QSO:    7195  PH 2021-03-27 1429  LY11LY           59   0127 UT3SO            59   0139   0
QSO:    7183  PH 2021-03-27 1431  LY11LY           59   0128 DL73TXL          59   0166   0
QSO:    7177  PH 2021-03-27 1432  LY11LY           59   0129 EM5N             59   0254   0
QSO:    7155  PH 2021-03-27 1434  LY11LY           59   0130 UW5ZM            59   0098   0
QSO:    7145  PH 2021-03-27 1437  LY11LY           59   0131 RM9I             59   1422   0
QSO:    7110  PH 2021-03-27 1439  LY11LY           59   0132 SP6JZL           59   0282   0
QSO:    7086  PH 2021-03-27 1440  LY11LY           59   0133 US1VM            59   0123   0
QSO:    7140  PH 2021-03-27 1619  LY11LY           59   0134 DL8AAE           59   0176   0
QSO:    7140  PH 2021-03-27 1621  LY11LY           59   0135 SM5ACQ           59   0072   0
QSO:    7140  PH 2021-03-27 1626  LY11LY           59   0136 DL1WA            59   0730   0
QSO:    7147  PH 2021-03-27 1628  LY11LY           59   0137 OV5TC            59   0528   0
QSO:    7154  PH 2021-03-27 1630  LY11LY           59   0138 UT7CR            59   1243   0
QSO:    7191  PH 2021-03-27 1636  LY11LY           59   0139 DA0C             59   0132   0
QSO:    7196  PH 2021-03-27 1640  LY11LY           59   0140 MX7DX            59   0021   0
QSO:    7051  PH 2021-03-27 1643  LY11LY           59   0141 G3M              59   0569   0
QSO:    7055  PH 2021-03-27 1644  LY11LY           59   0142 IZ4REF           59   0570   0
QSO:    7059  PH 2021-03-27 1645  LY11LY           59   0143 PA8KW            59   0296   0
QSO:    7060  PH 2021-03-27 1647  LY11LY           59   0144 LZ1340B          59   0156   0
QSO:    7061  PH 2021-03-27 1647  LY11LY           59   0145 UB8A             59   1080   0
QSO:    7067  PH 2021-03-27 1648  LY11LY           59   0146 RL4F             59   0899   0
QSO:    7072  PH 2021-03-27 1651  LY11LY           59   0147 HB9OCR           59   0397   0
QSO:    7072  PH 2021-03-27 1652  LY11LY           59   0148 IV3CNZ           59   0231   0
QSO:    7079  PH 2021-03-27 1653  LY11LY           59   0149 UA3R             59   0111   0
QSO:    7091  PH 2021-03-27 1703  LY11LY           59   0150 PA3AAV           59   0418   0
QSO:    7097  PH 2021-03-27 1705  LY11LY           59   0151 YT3D             59   0046   0
QSO:    7098  PH 2021-03-27 1705  LY11LY           59   0152 S52WW            59   0544   0
QSO:    7100  PH 2021-03-27 1710  LY11LY           59   0153 UA9CAW           59   0129   0
QSO:    7100  PH 2021-03-27 1714  LY11LY           59   0154 OK2SGY           59   0051   0
QSO:    7103  PH 2021-03-27 1720  LY11LY           59   0155 IW1FRU           59   0650   0
QSO:    7120  PH 2021-03-27 1729  LY11LY           59   0156 IK2YCW           59   0516   0
QSO:    7122  PH 2021-03-27 1731  LY11LY           59   0157 DG1IU            59   0287   0
QSO:    7123  PH 2021-03-27 1732  LY11LY           59   0158 DL4RCE           59   0090   0
QSO:    7134  PH 2021-03-27 1739  LY11LY           59   0159 RM3DA            59   1318   0
QSO:    7143  PH 2021-03-27 1741  LY11LY           59   0160 IK4VET           59   0067   0
QSO:    7096  PH 2021-03-27 2004  LY11LY           59   0161 P3X              59   2486   0
QSO:    7097  PH 2021-03-27 2005  LY11LY           59   0162 RC6U             59   1483   0
QSO:    7104  PH 2021-03-27 2008  LY11LY           59   0163 LZ7X             59   0841   0
QSO:    7105  PH 2021-03-27 2008  LY11LY           59   0164 9A4M             59   0121   0
QSO:    7110  PH 2021-03-27 2011  LY11LY           59   0165 R1IO             59   0653   0
QSO:    7110  PH 2021-03-27 2013  LY11LY           59   0167 RA4HBS           59   0333   0
QSO:    7110  PH 2021-03-27 2013  LY11LY           59   0166 IQ3PN            59   0149   0
QSO:    7110  PH 2021-03-27 2015  LY11LY           59   0168 DD2ML            59   0108   0
QSO:    7110  PH 2021-03-27 2017  LY11LY           59   0169 PC1PM            59   0283   0
QSO:    7110  PH 2021-03-27 2018  LY11LY           59   0170 ON5SV            59   0141   0
QSO:    7110  PH 2021-03-27 2019  LY11LY           59   0171 J42L             59   1837   0
QSO:    7110  PH 2021-03-27 2019  LY11LY           59   0172 ON7IDX           59   0116   0
QSO:    7110  PH 2021-03-27 2020  LY11LY           59   0173 9A3K             59   0113   0
QSO:    7110  PH 2021-03-27 2021  LY11LY           59   0174 IK6GPZ           59   0304   0
QSO:    7079  PH 2021-03-27 2038  LY11LY           59   0175 OT6M             59   0077   0
QSO:    7191  PH 2021-03-27 2039  LY11LY           59   0176 9A3DUH           59   0032   0
QSO:    7104  PH 2021-03-27 2039  LY11LY           59   0177 IN3ZNR           59   0357   0
QSO:    7104  PH 2021-03-27 2041  LY11LY           59   0178 DP7X             59   0219   0
QSO:    7144  PH 2021-03-27 2042  LY11LY           59   0179 9A6KX            59   0199   0
QSO:    7178  PH 2021-03-27 2044  LY11LY           59   0180 LX1SG            59   0091   0
QSO:    7166  PH 2021-03-27 2118  LY11LY           59   0181 LZ1EV            59   0411   0
QSO:    7175  PH 2021-03-27 2125  LY11LY           59   0182 LZ5R             59   1603   0
QSO:    7158  PH 2021-03-27 2128  LY11LY           59   0183 IK1JJM           59   0235   0
QSO:    7158  PH 2021-03-27 2130  LY11LY           59   0184 M0UGE            59   0304   0
QSO:    7156  PH 2021-03-27 2134  LY11LY           59   0185 TM0R             59   1161   0
QSO:    7128  PH 2021-03-27 2140  LY11LY           59   0186 UW2M             59   2674   0
QSO:    7138  PH 2021-03-27 2158  LY11LY           59   0187 TA7OM            59   1254   0
QSO:    7154  PH 2021-03-27 2200  LY11LY           59   0188 IK0PHY           59   1347   0
QSO:    7099  PH 2021-03-27 2202  LY11LY           59   0189 F6IRA            59   0502   0
QSO:    7174  PH 2021-03-27 2204  LY11LY           59   0190 IU0OVB           59   0636   0
QSO:    7197  PH 2021-03-27 2207  LY11LY           59   0191 Z32ID            59   0380   0
QSO:    7118  PH 2021-03-27 2208  LY11LY           59   0192 IT9DGG           59   0355   0
QSO:    7121  PH 2021-03-27 2210  LY11LY           59   0193 M1U              59   0671   0
QSO:    7117  PH 2021-03-27 2220  LY11LY           59   0194 G6MC             59   0035   0
QSO:    7062  PH 2021-03-27 2221  LY11LY           59   0195 VE9CB            59   1431   0
QSO:    7106  PH 2021-03-27 2224  LY11LY           59   0196 4L0G             59   2497   0
QSO:    7064  PH 2021-03-27 2231  LY11LY           59   0197 EB7A             59   0885   0
QSO:    7089  PH 2021-03-27 2232  LY11LY           59   0198 A61QQ            59   1735   0
QSO:    7125  PH 2021-03-27 2238  LY11LY           59   0199 A60A             59   1727   0
QSO:    7100  PH 2021-03-27 2241  LY11LY           59   0200 M0BEW            59   0261   0
QSO:    7120  PH 2021-03-28 0624  LY11LY           59   0201 IQ5PJ            59   0561   0
QSO:    7138  PH 2021-03-28 0629  LY11LY           59   0202 LZ5DB            59   1001   0
QSO:    7157  PH 2021-03-28 0634  LY11LY           59   0203 YO9RIJ           59   0408   0
QSO:    7162  PH 2021-03-28 0635  LY11LY           59   0204 IR6T             59   1674   0
QSO:    7190  PH 2021-03-28 0643  LY11LY           59   0205 RL3A             59   4327   0
QSO:    7121  PH 2021-03-28 0650  LY11LY           59   0206 IZ6OUX           59   0432   0
QSO:    7068  PH 2021-03-28 0653  LY11LY           59   0207 DR2C             59   0264   0
QSO:    7159  PH 2021-03-28 0654  LY11LY           59   0208 IX1HPN           59   0257   0
QSO:    7062  PH 2021-03-28 0655  LY11LY           59   0209 OL0W             59   0612   0
QSO:    7052  PH 2021-03-28 0658  LY11LY           59   0210 IO1T             59   0030   0
QSO:    7095  PH 2021-03-28 0707  LY11LY           59   0211 LY0NAS           59   0222   0
QSO:    7095  PH 2021-03-28 0712  LY11LY           59   0212 7S60BQ           59   0060   0
QSO:    7162  PH 2021-03-28 0723  LY11LY           59   0213 UT1AN            59   0131   0
QSO:    7056  PH 2021-03-28 0725  LY11LY           59   0214 MW8R             59   0234   0
QSO:    7080  PH 2021-03-28 0732  LY11LY           59   0215 OM4M             59   0576   0
QSO:    7108  PH 2021-03-28 0734  LY11LY           59   0216 F5OHM            59   1142   0
QSO:    7115  PH 2021-03-28 0744  LY11LY           59   0217 9A3B             59   1081   0
QSO:    7073  PH 2021-03-28 0748  LY11LY           59   0218 LX8M             59   0554   0
QSO:    7091  PH 2021-03-28 0753  LY11LY           59   0219 DJ3RA            59   0128   0
QSO:    7091  PH 2021-03-28 0753  LY11LY           59   0220 DL1ROT           59   0213   0
QSO:    7091  PH 2021-03-28 0755  LY11LY           59   0221 SE4E             59   0683   0
QSO:    7091  PH 2021-03-28 0801  LY11LY           59   0222 DM5B             59   0770   0
QSO:    7091  PH 2021-03-28 0803  LY11LY           59   0223 ON3ND            59   0207   0
QSO:    7091  PH 2021-03-28 0811  LY11LY           59   0224 OH3KQ            59   0011   0
QSO:    7159  PH 2021-03-28 0830  LY11LY           59   0225 IK2IQD           59   0642   0
QSO:    7193  PH 2021-03-28 0832  LY11LY           59   0226 DL9UP            59   1054   0
QSO:    7191  PH 2021-03-28 0833  LY11LY           59   0227 OM7PY            59   0143   0
QSO:    7178  PH 2021-03-28 0836  LY11LY           59   0228 SO7E             59   0643   0
QSO:    7170  PH 2021-03-28 0838  LY11LY           59   0229 DD8SM            59   0696   0
QSO:    7167  PH 2021-03-28 0839  LY11LY           59   0230 DH8BQA           59   0686   0
QSO:    7140  PH 2021-03-28 0841  LY11LY           59   0231 DK2OY            59   1528   0
QSO:    7137  PH 2021-03-28 0842  LY11LY           59   0232 OO4O             59   0343   0
QSO:    7106  PH 2021-03-28 0850  LY11LY           59   0233 DB5SM            59   0329   0
QSO:    7088  PH 2021-03-28 0854  LY11LY           59   0234 HB9EFJ           59   0365   0
QSO:    7065  PH 2021-03-28 0856  LY11LY           59   0235 DM3W             59   0840   0
QSO:    7052  PH 2021-03-28 0858  LY11LY           59   0236 IZ3GNG           59   0273   0
QSO:    7155  PH 2021-03-28 0901  LY11LY           59   0237 5P8Z             59   0201   0
QSO:    7068  PH 2021-03-28 0904  LY11LY           59   0238 HB9DQL           59   0848   0
QSO:   14342  PH 2021-03-28 1141  LY11LY           59   0239 RO9A             59   0693   0
QSO:   14342  PH 2021-03-28 1142  LY11LY           59   0240 RD8D             59   0741   0
QSO:   14342  PH 2021-03-28 1142  LY11LY           59   0241 RA9AU            59   0773   0
QSO:   14342  PH 2021-03-28 1143  LY11LY           59   0242 EX0M             59   0934   0
QSO:   14342  PH 2021-03-28 1147  LY11LY           59   0243 LY5BT            59   0294   0
QSO:   14342  PH 2021-03-28 1148  LY11LY           59   0244 C4W              59   0382   0
QSO:   14342  PH 2021-03-28 1151  LY11LY           59   0245 UP2L             59   3649   0
QSO:   14342  PH 2021-03-28 1152  LY11LY           59   0246 LY3CY            59   0457   0
QSO:   14342  PH 2021-03-28 1155  LY11LY           59   0247 IU1NKS           59   0449   0
QSO:   14000  PH 2021-03-28 1157  LY11LY           59   0248 IZ2GNQ           59   0573   0
QSO:   14212  PH 2021-03-28 1157  LY11LY           59   0249 II8K             59   3058   0
QSO:   14337  PH 2021-03-28 1159  LY11LY           59   0250 M0UGE            59   0515   0
QSO:   14344  PH 2021-03-28 1200  LY11LY           59   0251 IR4M             59   2696   0
QSO:   14324  PH 2021-03-28 1202  LY11LY           59   0252 IZ4REF           59   0962   0
QSO:   14323  PH 2021-03-28 1203  LY11LY           59   0253 IU0APU           59   0414   0
QSO:   14315  PH 2021-03-28 1204  LY11LY           59   0254 YT1X             59   1938   0
QSO:   14188  PH 2021-03-28 1209  LY11LY           59   0255 IT9STX           59   1270   0
QSO:   14127  PH 2021-03-28 1210  LY11LY           59   0256 RC9F             59   0036   0
QSO:   14191  PH 2021-03-28 1212  LY11LY           59   0257 9K9A             59   1608   0
QSO:   14171  PH 2021-03-28 1213  LY11LY           59   0258 RM9I             59   2893   0
QSO:   14103  PH 2021-03-28 1217  LY11LY           59   0259 VE9CB            59   1944   0
QSO:   14150  PH 2021-03-28 1217  LY11LY           59   0260 SV9FBG           59   1735   0
QSO:   14148  PH 2021-03-28 1219  LY11LY           59   0261 RT8U             59   2501   0
QSO:   14158  PH 2021-03-28 1221  LY11LY           59   0262 KV2K             59   2178   0
QSO:   14218  PH 2021-03-28 1224  LY11LY           59   0263 R4RB             59   0216   0
QSO:   14308  PH 2021-03-28 1229  LY11LY           59   0264 IQ1RY            59   0008   0
QSO:   14298  PH 2021-03-28 1231  LY11LY           59   0265 IK3UNA           59   1573   0
QSO:   14285  PH 2021-03-28 1235  LY11LY           59   0266 WR2G             59   0771   0
QSO:   14278  PH 2021-03-28 1240  LY11LY           59   0267 AA3B             59   2113   0
QSO:   14267  PH 2021-03-28 1243  LY11LY           59   0268 Z35T             59   1665   0
QSO:   14257  PH 2021-03-28 1244  LY11LY           59   0269 IZ1PNT           59   0591   0
QSO:   14236  PH 2021-03-28 1249  LY11LY           59   0270 WZ1R             59   0981   0
QSO:   14234  PH 2021-03-28 1250  LY11LY           59   0271 IO9R             59   1298   0
QSO:   14232  PH 2021-03-28 1251  LY11LY           59   0272 IB8A             59   2224   0
QSO:   14227  PH 2021-03-28 1252  LY11LY           59   0273 TM8A             59   1208   0
QSO:   14220  PH 2021-03-28 1253  LY11LY           59   0274 IK0ETA           59   2279   0
QSO:   14214  PH 2021-03-28 1253  LY11LY           59   0275 IO7T             59   1158   0
QSO:   14209  PH 2021-03-28 1255  LY11LY           59   0276 RA9SDT           59   0530   0
QSO:   14196  PH 2021-03-28 1300  LY11LY           59   0277 OO4O             59   0703   0
QSO:   14187  PH 2021-03-28 1301  LY11LY           59   0278 TA7I             59   0672   0
QSO:   14179  PH 2021-03-28 1302  LY11LY           59   0279 IU8LMC           59   0739   0
QSO:   14174  PH 2021-03-28 1303  LY11LY           59   0280 IO6A             59   1944   0
QSO:   14174  PH 2021-03-28 1303  LY11LY           59   0281 J42S             59   1782   0
QSO:   14170  PH 2021-03-28 1304  LY11LY           59   0282 MM0AOQ           59   0957   0
QSO:   14160  PH 2021-03-28 1308  LY11LY           59   0283 AK1W             59   1432   0
QSO:   14157  PH 2021-03-28 1309  LY11LY           59   0284 OP2A             59   0533   0
QSO:   14152  PH 2021-03-28 1312  LY11LY           59   0285 KQ2M             59   1985   0
QSO:   14139  PH 2021-03-28 1315  LY11LY           59   0286 IO9A             59   2984   0
QSO:   14120  PH 2021-03-28 1316  LY11LY           59   0287 RA7A             59   0475   0
QSO:   14106  PH 2021-03-28 1319  LY11LY           59   0288 R8TT             59   0453   0
QSO:   14112  PH 2021-03-28 1321  LY11LY           59   0289 VB3E             59   2863   0
QSO:   14158  PH 2021-03-28 1324  LY11LY           59   0290 IZ8CGS           59   0679   0
QSO:   14185  PH 2021-03-28 1325  LY11LY           59   0291 LX7I             59   0611   0
QSO:   14305  PH 2021-03-28 1331  LY11LY           59   0292 PA3AAV           59   0644   0
QSO:    7069  PH 2021-03-28 1335  LY11LY           59   0293 IQ1RY            59   0141   0
QSO:    7127  PH 2021-03-28 1338  LY11LY           59   0294 SQ6H             59   1007   0
QSO:    7189  PH 2021-03-28 1341  LY11LY           59   0295 OK1UVH           59   0084   0
QSO:    7172  PH 2021-03-28 1345  LY11LY           59   0296 OK1KKI           59   0718   0
QSO:    7152  PH 2021-03-28 1346  LY11LY           59   0297 SP3J             59   0536   0
QSO:   14102  PH 2021-03-28 1352  LY11LY           59   0298 T6A              59   1627   0
QSO:   14110  PH 2021-03-28 1353  LY11LY           59   0299 IQ2XI            59   0163   0
QSO:   14115  PH 2021-03-28 1354  LY11LY           59   0300 VY2WW            59   0938   0
QSO:   14140  PH 2021-03-28 1640  LY11LY           59   0301 EI4IZB           59   0397   0
QSO:   14151  PH 2021-03-28 1642  LY11LY           59   0302 4X7R             59   2828   0
QSO:   14099  PH 2021-03-28 1644  LY11LY           59   0303 VC3T             59   2307   0
QSO:   14127  PH 2021-03-28 1648  LY11LY           59   0304 TC7G             59   1593   0
QSO:   14139  PH 2021-03-28 1649  LY11LY           59   0305 EC3CVD           59   0586   0
QSO:   14115  PH 2021-03-28 1649  LY11LY           59   0306 II9W             59   0827   0
QSO:   14151  PH 2021-03-28 1652  LY11LY           59   0307 4X1IM            59   0681   0
QSO:   14174  PH 2021-03-28 1653  LY11LY           59   0308 J42L             59   2574   0
QSO:   14183  PH 2021-03-28 1655  LY11LY           59   0309 TM0R             59   2318   0
QSO:   14240  PH 2021-03-28 1658  LY11LY           59   0310 SV1PMR           59   1069   0
QSO:   14268  PH 2021-03-28 1704  LY11LY           59   0311 EI7M             59   0224   0
QSO:   14200  PH 2021-03-28 1708  LY11LY           59   0312 TC3A             59   0555   0
QSO:   14331  PH 2021-03-28 1710  LY11LY           59   0313 IZ0OVW           59   0300   0
QSO:    7065  PH 2021-03-28 1717  LY11LY           59   0314 R2QA             59   3273   0
QSO:    7074  PH 2021-03-28 1719  LY11LY           59   0315 IO8O             59   0960   0
QSO:    7078  PH 2021-03-28 1720  LY11LY           59   0316 UX1VT            59   0472   0
QSO:    7090  PH 2021-03-28 1727  LY11LY           59   0317 OK1KDO           59   0412   0
QSO:    7098  PH 2021-03-28 1731  LY11LY           59   0318 IZ8GUQ           59   0776   0
QSO:    7133  PH 2021-03-28 1742  LY11LY           59   0319 I5MXX            59   1687   0
QSO:    7154  PH 2021-03-28 1748  LY11LY           59   0320 UR6EA            59   0719   0
QSO:    7150  PH 2021-03-28 1805  LY11LY           59   0321 OM3CW            59   0311   0
QSO:    7146  PH 2021-03-28 1806  LY11LY           59   0322 IR7T             59   1296   0
QSO:    7135  PH 2021-03-28 1812  LY11LY           59   0323 MM0AOQ           59   1205   0
END-OF-LOG:
