START-OF-LOG: 3.0
CONTEST: CQ-WPX-SSB
CALLSIGN: TA4AU
LOCATION: DX
CATEGORY-OPERATOR: SINGLE-OP
CATEGORY-ASSISTED: ASSISTED
CATEGORY-BAND: 20M
CATEGORY-POWER: LOW
CATEGORY-MODE: SSB
CATEGORY-TRANSMITTER: ONE
CATEGORY-STATION: FIXED
CATEGORY-OVERLAY:
GRID-LOCATOR: KM57GS
CLAIMED-SCORE: 99180
NAME: Rasid
OPERATORS: TA4AU
CREATED-BY: N1MM Logger+ 1.0.9057.0
QSO:   14171  PH 2021-03-27 0423  TA4AU            59   0001 HZ7C             59   0099 
QSO:   14207  PH 2021-03-27 0434  TA4AU            59   0002 RA9Y             59   0334 
QSO:   14185  PH 2021-03-27 0436  TA4AU            59   0003 RC9J             59   0120 
QSO:   14244  PH 2021-03-27 0442  TA4AU            59   0004 RC9O             59   0275 
QSO:   14261  PH 2021-03-27 0447  TA4AU            59   0005 HZ1BW            59   0053 
QSO:   14259  PH 2021-03-27 0448  TA4AU            59   0006 RT4F             59   0072 
QSO:   14239  PH 2021-03-27 0449  TA4AU            59   0007 HZ1LG            59   0048 
QSO:   14225  PH 2021-03-27 0450  TA4AU            59   0008 9K9C             59   0065 
QSO:   14148  PH 2021-03-27 0453  TA4AU            59   0009 T6A              59   0077 
QSO:   14181  PH 2021-03-27 0455  TA4AU            59   0010 UF4S             59   0397 
QSO:   14195  PH 2021-03-27 0459  TA4AU            59   0011 A61QQ            59   0343 
QSO:   14216  PH 2021-03-27 0502  TA4AU            59   0012 R5AJ             59   0127 
QSO:   14222  PH 2021-03-27 0508  TA4AU            59   0013 UC5C             59   0086 
QSO:   14293  PH 2021-03-27 0509  TA4AU            59   0014 A71AM            59   0295 
QSO:   14211  PH 2021-03-27 0514  TA4AU            59   0015 9K9A             59   0141 
QSO:   14198  PH 2021-03-27 0517  TA4AU            59   0016 UA3DSS           59   0002 
QSO:   14205  PH 2021-03-27 0525  TA4AU            59   0017 HZ1TL            59   0316 
QSO:   14270  PH 2021-03-27 0528  TA4AU            59   0018 UP2L             59   0663 
QSO:   14317  PH 2021-03-27 0530  TA4AU            59   0019 RA5G             59   0048 
QSO:   14187  PH 2021-03-27 0536  TA4AU            59   0020 LX7I             59   0019 
QSO:   14150  PH 2021-03-27 0540  TA4AU            59   0021 RM4HZ            59   0246 
QSO:   14201  PH 2021-03-27 0717  TA4AU            59   0022 YL2SM            59   0155 
QSO:   14199  PH 2021-03-27 0718  TA4AU            59   0023 IK0PHY           59   0474 
QSO:   14176  PH 2021-03-27 0719  TA4AU            59   0024 IB8A             59   0181 
QSO:   14174  PH 2021-03-27 0720  TA4AU            59   0025 S57AL            59   0696 
QSO:   14172  PH 2021-03-27 0721  TA4AU            59   0026 DD8SM            59   0149 
QSO:   14165  PH 2021-03-27 0722  TA4AU            59   0027 IB1C             59   0044 
QSO:   14162  PH 2021-03-27 0723  TA4AU            59   0028 IR8W             59   0089 
QSO:   14161  PH 2021-03-27 0724  TA4AU            59   0029 II2S             59   0135 
QSO:   14160  PH 2021-03-27 0725  TA4AU            59   0030 YT1X             59   0243 
QSO:   14151  PH 2021-03-27 0726  TA4AU            59   0031 4Z4AK            59   0374 
QSO:   14135  PH 2021-03-27 0728  TA4AU            59   0032 RD8D             59   0225 
QSO:   14165  PH 2021-03-27 0731  TA4AU            59   0033 LY2DX            59   0322 
QSO:   14162  PH 2021-03-27 0734  TA4AU            59   0034 HB9NE            59   0553 
QSO:   14173  PH 2021-03-27 0735  TA4AU            59   0035 IK2YGZ           59   0019 
QSO:   14174  PH 2021-03-27 0736  TA4AU            59   0036 II9W             59   0297 
QSO:   14213  PH 2021-03-27 0738  TA4AU            59   0037 9A5W             59   0196 
QSO:   14219  PH 2021-03-27 0739  TA4AU            59   0038 IQ4FA            59   0090 
QSO:   14231  PH 2021-03-27 0743  TA4AU            59   0039 IQ4RN            59   0053 
QSO:   14239  PH 2021-03-27 0743  TA4AU            59   0040 IK5RLP           59   0025 
QSO:   14240  PH 2021-03-27 0744  TA4AU            59   0041 IO9A             59   0749 
QSO:   14272  PH 2021-03-27 0748  TA4AU            59   0042 DP7D             59   0088 
QSO:   14289  PH 2021-03-27 0750  TA4AU            59   0043 S57DX            59   0212 
QSO:   14291  PH 2021-03-27 0751  TA4AU            59   0044 SN2M             59   0028 
QSO:   14313  PH 2021-03-27 0752  TA4AU            59   0045 S50K             59   0261 
QSO:   14324  PH 2021-03-27 0800  TA4AU            59   0046 IB3N             59   0061 
QSO:   14310  PH 2021-03-27 0806  TA4AU            59   0047 IO9R             59   0234 
QSO:   14305  PH 2021-03-27 0808  TA4AU            59   0048 OL7T             59   0191 
QSO:   14300  PH 2021-03-27 0808  TA4AU            59   0049 S55OO            59   0270 
QSO:   14280  PH 2021-03-27 0810  TA4AU            59   0050 S56M             59   0268 
QSO:   14274  PH 2021-03-27 0811  TA4AU            59   0051 IZ2GNQ           59   0062 
QSO:   14235  PH 2021-03-27 0813  TA4AU            59   0052 SO4R             59   0110 
QSO:   14226  PH 2021-03-27 0815  TA4AU            59   0053 UW2M             59   1111 
QSO:   14190  PH 2021-03-27 0817  TA4AU            59   0054 4L0G             59   0878 
QSO:   14133  PH 2021-03-27 0851  TA4AU            59   0055 IS0BSR           59   0245 
QSO:   14123  PH 2021-03-27 0853  TA4AU            59   0056 R2QA             59   0987 
QSO:   14121  PH 2021-03-27 0859  TA4AU            59   0057 IZ2BKA           59   0027 
QSO:   14121  PH 2021-03-27 0900  TA4AU            59   0058 SQ9DXT           59   0002 
QSO:   14132  PH 2021-03-27 0904  TA4AU            59   0059 IU2KMA           59   0032 
QSO:   14140  PH 2021-03-27 0904  TA4AU            59   0060 GM5X             59   0180 
QSO:   14262  PH 2021-03-27 0916  TA4AU            59   0061 A73A             59   0291 
QSO:   14274  PH 2021-03-27 0917  TA4AU            59   0062 S53M             59   0800 
QSO:   14287  PH 2021-03-27 0918  TA4AU            59   0063 SO7O             59   0039 
QSO:   14303  PH 2021-03-27 0919  TA4AU            59   0064 IF9A             59   0279 
QSO:   14341  PH 2021-03-27 0923  TA4AU            59   0065 UB8A             59   0562 
QSO:   14345  PH 2021-03-27 0924  TA4AU            59   0066 IU1GHC           59   0150 
QSO:   14256  PH 2021-03-27 1057  TA4AU            59   0067 E77A             59   0400 
QSO:   14197  PH 2021-03-27 1105  TA4AU            59   0068 HA4A             59   0261 
QSO:   14125  PH 2021-03-27 1113  TA4AU            59   0069 E7CW             59   0516 
QSO:   14129  PH 2021-03-27 1115  TA4AU            59   0070 II3R             59   0113 
QSO:   14294  PH 2021-03-27 1132  TA4AU            59   0071 S56B             59   0346 
QSO:   14296  PH 2021-03-27 1133  TA4AU            59   0072 E7DX             59   1691 
QSO:   14186  PH 2021-03-27 1137  TA4AU            59   0073 YU3AWA           59   0387 
QSO:   14239  PH 2021-03-27 1143  TA4AU            59   0074 IU3BTY           59   0333 
QSO:   14244  PH 2021-03-27 1145  TA4AU            59   0075 SP9RCL           59   0131 
QSO:   14286  PH 2021-03-27 1148  TA4AU            59   0076 LY4A             59   1582 
QSO:   14307  PH 2021-03-27 1153  TA4AU            59   0077 RL3A             59   1802 
QSO:   14342  PH 2021-03-27 1155  TA4AU            59   0078 OK5Z             59   0835 
QSO:   14315  PH 2021-03-27 1159  TA4AU            59   0079 IK3UNA           59   0557 
QSO:   14318  PH 2021-03-27 1200  TA4AU            59   0080 ED4T             59   0143 
QSO:   14328  PH 2021-03-27 1203  TA4AU            59   0081 LY31A            59   0250 
QSO:   14103  PH 2021-03-27 1206  TA4AU            59   0082 UT3EV            59   0468 
QSO:   14120  PH 2021-03-27 1234  TA4AU            59   0083 IK2IQD           59   0199 
QSO:   14147  PH 2021-03-27 1240  TA4AU            59   0084 II0I             59   0419 
QSO:   14195  PH 2021-03-27 1247  TA4AU            59   0085 IU4CSS           59   0147 
QSO:   14236  PH 2021-03-27 1249  TA4AU            59   0086 IR4M             59   0845 
QSO:   14332  PH 2021-03-27 1303  TA4AU            59   0087 RY5A             59   0185 
QSO:   14336  PH 2021-03-27 1305  TA4AU            59   0088 RW1A             59   0861 
QSO:   14349  PH 2021-03-27 1306  TA4AU            59   0089 UY1IP            59   0340 
QSO:   14340  PH 2021-03-27 1306  TA4AU            59   0090 IK4GRO           59   0396 
QSO:   14323  PH 2021-03-27 1307  TA4AU            59   0091 S52WW            59   0299 
QSO:   14292  PH 2021-03-27 1309  TA4AU            59   0092 OL0W             59   0142 
QSO:   14290  PH 2021-03-27 1310  TA4AU            59   0093 I2PJA            59   0073 
QSO:   14253  PH 2021-03-27 1311  TA4AU            59   0094 IZ3NYG           59   0313 
QSO:   14171  PH 2021-03-27 1313  TA4AU            59   0095 OE5BGN           59   0624 
QSO:   14193  PH 2021-03-27 1317  TA4AU            59   0096 IZ8CGS           59   0112 
QSO:   14234  PH 2021-03-27 1319  TA4AU            59   0097 IZ4REF           59   0466 
QSO:   14293  PH 2021-03-27 1323  TA4AU            59   0098 IZ6OUX           59   0278 
QSO:   14321  PH 2021-03-27 1333  TA4AU            59   0099 9A3OS            59   0071 
QSO:   14164  PH 2021-03-27 1443  TA4AU            59   0100 OO4O             59   0354 
QSO:   14162  PH 2021-03-27 1443  TA4AU            59   0101 EA4KD            59   0753 
QSO:   14155  PH 2021-03-27 1445  TA4AU            59   0102 DJ5AN            59   0597 
QSO:   14130  PH 2021-03-27 1448  TA4AU            59   0103 DL0LK            59   0612 
QSO:   14253  PH 2021-03-27 1524  TA4AU            59   0104 IO3F             59   0118 
QSO:   14280  PH 2021-03-27 1531  TA4AU            59   0105 SQ6H             59   0280 
QSO:   14287  PH 2021-03-27 1539  TA4AU            59   0106 SE0X             59   1009 
QSO:   14289  PH 2021-03-27 1543  TA4AU            59   0107 DL1EK            59   0282 
QSO:   14291  PH 2021-03-27 1545  TA4AU            59   0108 IW1FRU           59   0554 
QSO:   14292  PH 2021-03-27 1549  TA4AU            59   0109 IN3ZNR           59   0234 
QSO:   14180  PH 2021-03-27 1551  TA4AU            59   0110 TM8A             59   0694 
QSO:   14169  PH 2021-03-27 1553  TA4AU            59   0111 DL7ON            59   0206 
QSO:   14119  PH 2021-03-27 1556  TA4AU            59   0112 HB9EYP           59   0233 
QSO:   14126  PH 2021-03-27 1602  TA4AU            59   0113 A60A             59   1550 
QSO:   14160  PH 2021-03-27 1605  TA4AU            59   0114 IK5ZWU           59   0045 
QSO:   14164  PH 2021-03-27 1606  TA4AU            59   0115 IK2AQZ           59   0098 
QSO:   14154  PH 2021-03-27 1612  TA4AU            59   0116 SP8KP            59   0400 
QSO:   14150  PH 2021-03-27 1613  TA4AU            59   0117 S53F             59   0142 
QSO:   14150  PH 2021-03-27 1614  TA4AU            59   0118 IU4FNO           59   0354 
QSO:   14150  PH 2021-03-27 1615  TA4AU            59   0119 UB2F             59   0077 
QSO:   14150  PH 2021-03-27 1615  TA4AU            59   0120 OL7O             59   0032 
QSO:   14150  PH 2021-03-27 1616  TA4AU            59   0121 IW0AEN           59   0032 
QSO:   14150  PH 2021-03-27 1618  TA4AU            59   0122 9A2EY            59   0141 
QSO:   14150  PH 2021-03-27 1619  TA4AU            59   0123 IV3KKW           59   0108 
QSO:   14150  PH 2021-03-27 1620  TA4AU            59   0124 SP1JQJ           59   0204 
QSO:   14150  PH 2021-03-27 1621  TA4AU            59   0125 SP9N             59   0759 
QSO:   14150  PH 2021-03-27 1621  TA4AU            59   0126 F6EZV            59   0402 
QSO:   14150  PH 2021-03-27 1622  TA4AU            59   0127 DK6BA            59   0237 
QSO:   14150  PH 2021-03-27 1623  TA4AU            59   0128 SP6U             59   0157 
QSO:   14150  PH 2021-03-27 1623  TA4AU            59   0129 OE3MCS           59   0040 
QSO:   14150  PH 2021-03-27 1624  TA4AU            59   0130 DK4QT            59   0011 
QSO:   14150  PH 2021-03-27 1624  TA4AU            59   0131 IZ0OTV           59   0089 
QSO:   14150  PH 2021-03-27 1625  TA4AU            59   0132 IZ1XJL           59   0056 
QSO:   14150  PH 2021-03-27 1625  TA4AU            59   0133 DL9GS            59   0085 
QSO:   14150  PH 2021-03-27 1627  TA4AU            59   0134 DH1PAL           59   0143 
QSO:   14150  PH 2021-03-27 1629  TA4AU            59   0135 3Z1K             59   0290 
QSO:   14150  PH 2021-03-27 1629  TA4AU            59   0136 9A6RT            59   0182 
QSO:   14150  PH 2021-03-27 1630  TA4AU            59   0137 9A10FF           59   0182 
QSO:   14150  PH 2021-03-27 1630  TA4AU            59   0138 9A3B             59   0702 
QSO:   14150  PH 2021-03-27 1631  TA4AU            59   0139 OK2PIM           59   0081 
QSO:   14150  PH 2021-03-27 1633  TA4AU            59   0140 IK8HOG           59   0013 
QSO:   14150  PH 2021-03-27 1633  TA4AU            59   0141 OK1NYD           59   0207 
QSO:   14150  PH 2021-03-27 1634  TA4AU            59   0142 DC2AN            59   0164 
QSO:   14150  PH 2021-03-27 1635  TA4AU            59   0143 OK1KKI           59   0205 
QSO:   14142  PH 2021-03-27 1640  TA4AU            59   0144 R4RT             59   0247 
QSO:   14184  PH 2021-03-27 1642  TA4AU            59   0145 IR9Z             59   0307 
QSO:   14224  PH 2021-03-27 1644  TA4AU            59   0146 IR6T             59   0674 
QSO:   14239  PH 2021-03-27 1645  TA4AU            59   0147 ED4W             59   0234 
QSO:   14150  PH 2021-03-27 1654  TA4AU            59   0148 OM1AVL           59   0263 
QSO:   14147  PH 2021-03-27 1658  TA4AU            59   0149 SP9KIM           59   0138 
QSO:   14190  PH 2021-03-27 1707  TA4AU            59   0150 IV3JVJ           59   0035 
QSO:   14192  PH 2021-03-27 1708  TA4AU            59   0151 IT9FRX           59   0366 
QSO:   14150  PH 2021-03-27 1712  TA4AU            59   0152 S57PKT           59   0721 
QSO:   14150  PH 2021-03-27 1713  TA4AU            59   0153 IV3RYP           59   0006 
QSO:   14150  PH 2021-03-27 1714  TA4AU            59   0154 IU1MRG           59   0193 
QSO:   14163  PH 2021-03-27 1717  TA4AU            59   0155 HB9EDM           59   0035 
QSO:   14179  PH 2021-03-27 1719  TA4AU            59   0156 IU8LMC           59   0237 
QSO:   14150  PH 2021-03-27 1758  TA4AU            59   0157 DD1JN            59   0204 
QSO:   14150  PH 2021-03-27 1800  TA4AU            59   0158 DL5PSP/M         59   0058 
QSO:   14204  PH 2021-03-27 1810  TA4AU            59   0159 WW1X             59   0989 
QSO:   14151  PH 2021-03-28 0737  TA4AU            59   0160 RL4F             59   1795 
QSO:   14142  PH 2021-03-28 0742  TA4AU            59   0161 DL4VDA           59   0903 
QSO:   14289  PH 2021-03-28 0816  TA4AU            59   0162 UX2MF            59   0635 
QSO:   14000  PH 2021-03-28 0939  TA4AU            59   0163 R3RZ             59   0439 
QSO:   14198  PH 2021-03-28 0946  TA4AU            59   0164 RK9CYA           59   0185 
QSO:   14183  PH 2021-03-28 0947  TA4AU            59   0165 YT7E             59   0397 
QSO:   14175  PH 2021-03-28 0948  TA4AU            59   0166 IU8IYE           59   0170 
QSO:   14139  PH 2021-03-28 0951  TA4AU            59   0167 HA5JI            59   1740 
QSO:   14127  PH 2021-03-28 1154  TA4AU            59   0168 OE100HLF         59   0132 
QSO:   14249  PH 2021-03-28 1157  TA4AU            59   0169 OM3RM            59   1543 
QSO:   14323  PH 2021-03-28 1205  TA4AU            59   0170 IU0APU           59   0416 
QSO:   14212  PH 2021-03-28 1213  TA4AU            59   0171 II8K             59   3087 
QSO:   14196  PH 2021-03-28 1215  TA4AU            59   0172 IZ1PNT           59   0574 
QSO:   14148  PH 2021-03-28 1226  TA4AU            59   0173 RT8U             59   2513 
QSO:   14251  PH 2021-03-28 1241  TA4AU            59   0174 9A0BR            59   0302 
QSO:   14271  PH 2021-03-28 1301  TA4AU            59   0175 EB5A             59   2546 
QSO:   14302  PH 2021-03-28 1304  TA4AU            59   0176 CR6K             59   3063 
QSO:   14309  PH 2021-03-28 1305  TA4AU            59   0177 IQ1RY            59   0082 
QSO:   14162  PH 2021-03-28 1314  TA4AU            59   0178 OE4LTB           59   0191 
QSO:   14140  PH 2021-03-28 1315  TA4AU            59   0179 HA8RJ            59   0031 
QSO:   14183  PH 2021-03-28 1320  TA4AU            59   0180 OM77PA           59   1136 
QSO:   14208  PH 2021-03-28 1352  TA4AU            59   0181 RC5Z             59   1114 
QSO:   14170  PH 2021-03-28 1452  TA4AU            59   0182 OL8W             59   0373 
QSO:   14143  PH 2021-03-28 1453  TA4AU            59   0183 DF0JR            59   0125 
QSO:   14127  PH 2021-03-28 1455  TA4AU            59   0184 SQ9NIS           59   0466 
QSO:   14157  PH 2021-03-28 1527  TA4AU            59   0185 RU4AA            59   0120 
QSO:   14156  PH 2021-03-28 1530  TA4AU            59   0186 R4AC             59   0367 
QSO:   14156  PH 2021-03-28 1531  TA4AU            59   0187 EA7K             59   0274 
QSO:   14118  PH 2021-03-28 1535  TA4AU            59   0188 DL4WA            59   0390 
QSO:   14193  PH 2021-03-28 1539  TA4AU            59   0189 RM3DA            59   2306 
QSO:   14205  PH 2021-03-28 1541  TA4AU            59   0190 S55X             59   1116 
QSO:   14217  PH 2021-03-28 1544  TA4AU            59   0191 EA3IKA           59   1462 
QSO:   14249  PH 2021-03-28 1553  TA4AU            59   0192 DM0A             59   0139 
QSO:   14348  PH 2021-03-28 1608  TA4AU            59   0193 HZ1TT            59   1415 
QSO:   14268  PH 2021-03-28 1613  TA4AU            59   0194 EC7R             59   0417 
QSO:   14225  PH 2021-03-28 1616  TA4AU            59   0195 DL5ANT           59   0310 
QSO:   14180  PH 2021-03-28 1617  TA4AU            59   0196 RU3A             59   2735 
QSO:   14159  PH 2021-03-28 1619  TA4AU            59   0197 UR2LX            59   0406 
QSO:   14130  PH 2021-03-28 1624  TA4AU            59   0198 RN3Z             59   0303 
QSO:   14113  PH 2021-03-28 1628  TA4AU            59   0199 R5AV             59   0038 
QSO:   14309  PH 2021-03-28 1631  TA4AU            59   0200 LY7Z             59   2989 
QSO:   14219  PH 2021-03-28 1846  TA4AU            59   0201 DL5IC            59   0517 
QSO:   14147  PH 2021-03-28 1858  TA4AU            59   0202 F5LIW            59   1164 
QSO:   14131  PH 2021-03-28 1900  TA4AU            59   0203 DL6ZBN           59   0857 
QSO:   14186  PH 2021-03-28 1902  TA4AU            59   0204 DK7A             59   0527 
QSO:   14237  PH 2021-03-28 1908  TA4AU            59   0205 F8KCF            59   0718 
QSO:   14116  PH 2021-03-28 1918  TA4AU            59   0206 VE3EJ            59   2990 
QSO:   14174  PH 2021-03-28 1924  TA4AU            59   0207 PH0AS            59   0273 
QSO:   14305  PH 2021-03-28 1930  TA4AU            59   0208 OP2A             59   0878 
END-OF-LOG:
