START-OF-LOG: 3.0
CREATED-BY: LM Version 4.0 (c) 1992, 2004 by DL8WAA
CONTEST: CQ-WW-CW
CALLSIGN: UT3WJ
CLAIMED-SCORE: 45468
OPERATORS: UT3WJ
CLUB: UKRAINIAN DX CLUB
NAME: Alexander Vitiv
SOAPBOX: PWR: 80 Wtts; Ant In Vee
LOCATION: DX
CATEGORY-OPERATOR: SINGLE-OP
CATEGORY-TRANSMITTER: ONE
CATEGORY-ASSISTED: NON-ASSISTED
CATEGORY-BAND: ALL
CATEGORY-POWER: LOW
CATEGORY-MODE: CW
CATEGORY-STATION: FIXED
QSO:  7000 CW 2009-11-28 0033 UT3WJ         599 16     TC4X          599 20     0
QSO:  7000 CW 2009-11-28 0038 UT3WJ         599 16     RK3DXZ        599 16     0
QSO:  7000 CW 2009-11-28 0049 UT3WJ         599 16     P33W          599 20     0
QSO:  7000 CW 2009-11-28 0052 UT3WJ         599 16     TM2T          599 14     0
QSO:  7000 CW 2009-11-28 0055 UT3WJ         599 16     G5O           599 14     0
QSO:  7000 CW 2009-11-28 0059 UT3WJ         599 16     A65DLH        599 21     0
QSO:  7000 CW 2009-11-28 0101 UT3WJ         599 16     IO5O          599 15     0
QSO:  7000 CW 2009-11-28 0105 UT3WJ         599 16     3V3S          599 33     0
QSO:  7000 CW 2009-11-28 0114 UT3WJ         599 16     GM7R          599 14     0
QSO:  7000 CW 2009-11-28 0116 UT3WJ         599 16     N1LN          599 05     0
QSO:  7000 CW 2009-11-28 0126 UT3WJ         599 16     EA6IB         599 14     0
QSO:  7000 CW 2009-11-28 0128 UT3WJ         599 16     UL0A          599 17     0
QSO:  7000 CW 2009-11-28 0130 UT3WJ         599 16     AO3T          599 14     0
QSO:  7000 CW 2009-11-28 0139 UT3WJ         599 16     OZ5D          599 14     0
QSO:  7000 CW 2009-11-28 0143 UT3WJ         599 16     CR3L          599 33     0
QSO:  7000 CW 2009-11-28 0146 UT3WJ         599 16     C4I           599 20     0
QSO:  3500 CW 2009-11-28 0157 UT3WJ         599 16     UA9FM         599 17     0
QSO:  3500 CW 2009-11-28 0159 UT3WJ         599 16     EV8D          599 16     0
QSO:  3500 CW 2009-11-28 0202 UT3WJ         599 16     DJ9IE         599 14     0
QSO:  3500 CW 2009-11-28 0205 UT3WJ         599 16     S52ZW         599 15     0
QSO:  3500 CW 2009-11-28 0207 UT3WJ         599 16     OM3RRC        599 15     0
QSO:  3500 CW 2009-11-28 0207 UT3WJ         599 16     ER4DX         599 16     0
QSO:  3500 CW 2009-11-28 0209 UT3WJ         599 16     LY7Z          599 15     0
QSO:  3500 CW 2009-11-28 0210 UT3WJ         599 16     S52X          599 15     0
QSO:  3500 CW 2009-11-28 0212 UT3WJ         599 16     YT4A          599 15     0
QSO:  3500 CW 2009-11-28 0213 UT3WJ         599 16     RT3F          599 16     0
QSO:  3500 CW 2009-11-28 0215 UT3WJ         599 16     YT4T          599 15     0
QSO:  3500 CW 2009-11-28 0217 UT3WJ         599 16     SK3W          599 14     0
QSO:  3500 CW 2009-11-28 0221 UT3WJ         599 16     9A4M          599 15     0
QSO:  3500 CW 2009-11-28 0225 UT3WJ         599 16     SN3A          599 15     0
QSO:  3500 CW 2009-11-28 0227 UT3WJ         599 16     DR2A          599 14     0
QSO:  3500 CW 2009-11-28 0231 UT3WJ         599 16     RN9S          599 16     0
QSO:  3500 CW 2009-11-28 0232 UT3WJ         599 16     RU1A          599 16     0
QSO:  3500 CW 2009-11-28 0234 UT3WJ         599 16     LZ7J          599 20     0
QSO:  3500 CW 2009-11-28 0235 UT3WJ         599 16     ES2DJ         599 15     0
QSO:  3500 CW 2009-11-28 0240 UT3WJ         599 16     LZ5XQ         599 20     0
QSO:  3500 CW 2009-11-28 0243 UT3WJ         599 16     PI4KGL        599 14     0
QSO:  3500 CW 2009-11-28 0248 UT3WJ         599 16     HA1FF         599 15     0
QSO:  3500 CW 2009-11-28 0253 UT3WJ         599 16     EI6IZ         599 14     0
QSO:  3500 CW 2009-11-28 0254 UT3WJ         599 16     K1DG          599 05     0
QSO:  3500 CW 2009-11-28 0256 UT3WJ         599 16     F4DNW         599 14     0
QSO:  7000 CW 2009-11-28 0309 UT3WJ         599 16     K0TV          599 05     0
QSO:  7000 CW 2009-11-28 0313 UT3WJ         599 16     CT3KN         599 33     0
QSO:  7000 CW 2009-11-28 0325 UT3WJ         599 16     TM6X          599 14     0
QSO:  7000 CW 2009-11-28 0334 UT3WJ         599 16     UO1P          599 17     0
QSO:  7000 CW 2009-11-28 0358 UT3WJ         599 16     AM5M          599 14     0
QSO:  7000 CW 2009-11-28 0403 UT3WJ         599 16     OH7N          599 15     0
QSO:  7000 CW 2009-11-28 0406 UT3WJ         599 16     UP7OL         599 17     0
QSO:  7000 CW 2009-11-28 0411 UT3WJ         599 16     CN3L          599 33     0
QSO:  7000 CW 2009-11-28 0414 UT3WJ         599 16     4Z5LA         599 20     0
QSO:  7000 CW 2009-11-28 0417 UT3WJ         599 16     RN9S          599 16     0
QSO:  7000 CW 2009-11-28 0419 UT3WJ         599 16     S57M          599 15     0
QSO:  7000 CW 2009-11-28 0421 UT3WJ         599 16     C4M           599 20     0
QSO:  7000 CW 2009-11-28 0427 UT3WJ         599 16     ZY7C          599 11     0
QSO:  7000 CW 2009-11-28 0434 UT3WJ         599 16     OM8A          599 15     0
QSO:  7000 CW 2009-11-28 0437 UT3WJ         599 16     RL4R          599 16     0
QSO:  7000 CW 2009-11-28 0440 UT3WJ         599 16     EA9/OL8R      599 33     0
QSO:  7000 CW 2009-11-28 0443 UT3WJ         599 16     RZ3TZL        599 16     0
QSO:  7000 CW 2009-11-28 0447 UT3WJ         599 16     EK0A          599 21     0
QSO:  7000 CW 2009-11-28 0456 UT3WJ         599 16     RV6LFE        599 16     0
QSO:  7000 CW 2009-11-28 0522 UT3WJ         599 16     UA4WKW        599 16     0
QSO:  7000 CW 2009-11-28 0536 UT3WJ         599 16     OH5Z          599 15     0
QSO:  7000 CW 2009-11-28 0539 UT3WJ         599 16     LZ7J          599 20     0
QSO:  7000 CW 2009-11-28 0541 UT3WJ         599 16     YM3A          599 20     0
QSO:  7000 CW 2009-11-28 0545 UT3WJ         599 16     UA9CLB        599 17     0
QSO:  7000 CW 2009-11-28 0552 UT3WJ         599 16     EA3JW         599 14     0
QSO:  7000 CW 2009-11-28 0554 UT3WJ         599 16     YR1C          599 20     0
QSO:  7000 CW 2009-11-28 0556 UT3WJ         599 16     S56X          599 15     0
QSO:  7000 CW 2009-11-28 0558 UT3WJ         599 16     UA6GS         599 16     0
QSO:  7000 CW 2009-11-28 0601 UT3WJ         599 16     UP0L          599 17     0
QSO:  7000 CW 2009-11-28 0605 UT3WJ         599 16     RD3BW         599 16     0
QSO:  7000 CW 2009-11-28 0608 UT3WJ         599 16     J44J          599 20     0
QSO:  7000 CW 2009-11-28 0609 UT3WJ         599 16     RK3RWA        599 16     0
QSO:  7000 CW 2009-11-28 0611 UT3WJ         599 16     OE8Q          599 15     0
QSO:  7000 CW 2009-11-28 0615 UT3WJ         599 16     OH2FT         599 15     0
QSO:  7000 CW 2009-11-28 0617 UT3WJ         599 16     ZC4T          599 20     0
QSO:  7000 CW 2009-11-28 0618 UT3WJ         599 16     OH2PQ         599 15     0
QSO:  7000 CW 2009-11-28 0619 UT3WJ         599 16     DL1A          599 14     0
QSO:  7000 CW 2009-11-28 0621 UT3WJ         599 16     LX5T          599 14     0
QSO:  7000 CW 2009-11-28 0634 UT3WJ         599 16     S58Q          599 15     0
QSO:  7000 CW 2009-11-28 0637 UT3WJ         599 16     YL2GD         599 15     0
QSO:  7000 CW 2009-11-28 0638 UT3WJ         599 16     OK7FL         599 15     0
QSO:  7000 CW 2009-11-28 0643 UT3WJ         599 16     UU8CW         599 16     0
QSO:  7000 CW 2009-11-28 0649 UT3WJ         599 16     EC6T          599 14     0
QSO:  7000 CW 2009-11-28 0650 UT3WJ         599 16     9A4D          599 15     0
QSO:  7000 CW 2009-11-28 0653 UT3WJ         599 16     IU1A          599 15     0
QSO:  7000 CW 2009-11-28 0655 UT3WJ         599 16     PA3AAU        599 14     0
QSO:  7000 CW 2009-11-28 0659 UT3WJ         599 16     EA5KA         599 14     0
QSO:  7000 CW 2009-11-28 0702 UT3WJ         599 16     RK4FWX        599 16     0
QSO:  7000 CW 2009-11-28 0703 UT3WJ         599 16     YU2FG         599 15     0
QSO:  7000 CW 2009-11-28 0704 UT3WJ         599 16     HG1A          599 15     0
QSO:  7000 CW 2009-11-28 0708 UT3WJ         599 16     IR1Y          599 15     0
QSO:  7000 CW 2009-11-28 0709 UT3WJ         599 16     UA3KA         599 16     0
QSO:  7000 CW 2009-11-28 0714 UT3WJ         599 16     LX7I          599 14     0
QSO:  7000 CW 2009-11-28 0716 UT3WJ         599 16     OL0W          599 15     0
QSO:  7000 CW 2009-11-28 0718 UT3WJ         599 16     OL3Z          599 15     0
QSO:  7000 CW 2009-11-28 0719 UT3WJ         599 16     OK1Z          599 15     0
QSO:  7000 CW 2009-11-28 0721 UT3WJ         599 16     HG1S          599 15     0
QSO:  7000 CW 2009-11-28 0723 UT3WJ         599 16     YT2W          599 15     0
QSO:  7000 CW 2009-11-28 0728 UT3WJ         599 16     DF0HQ         599 14     0
QSO:  7000 CW 2009-11-28 0856 UT3WJ         599 16     YT1VP         599 15     0
QSO:  7000 CW 2009-11-28 0909 UT3WJ         599 16     S52AW         599 15     0
QSO:  7000 CW 2009-11-28 0912 UT3WJ         599 16     DK9IP         599 14     0
QSO:  7000 CW 2009-11-28 0915 UT3WJ         599 16     TK5A          599 15     0
QSO:  7000 CW 2009-11-28 0917 UT3WJ         599 16     DK3WW         599 14     0
QSO:  7000 CW 2009-11-28 0928 UT3WJ         599 16     HB9LCW        599 14     0
QSO:  7000 CW 2009-11-28 0930 UT3WJ         599 16     RU1A          599 16     0
QSO:  7000 CW 2009-11-28 0931 UT3WJ         599 16     OE3I          599 15     0
QSO:  7000 CW 2009-11-28 0933 UT3WJ         599 16     LY8O          599 15     0
QSO:  7000 CW 2009-11-28 0935 UT3WJ         599 16     LZ9W          599 20     0
QSO:  7000 CW 2009-11-28 0936 UT3WJ         599 16     OM3RRC        599 15     0
QSO:  7000 CW 2009-11-28 0938 UT3WJ         599 16     SP6OJE        599 15     0
QSO:  7000 CW 2009-11-28 0941 UT3WJ         599 16     LY2BKT        599 15     0
QSO:  7000 CW 2009-11-28 0943 UT3WJ         599 16     OK1UG         599 15     0
QSO:  7000 CW 2009-11-28 0946 UT3WJ         599 16     Z35T          599 15     0
QSO:  7000 CW 2009-11-28 0948 UT3WJ         599 16     OE5OHO        599 15     0
QSO:  7000 CW 2009-11-28 0949 UT3WJ         599 16     SP6A          599 15     0
QSO:  7000 CW 2009-11-28 0951 UT3WJ         599 16     OE8Q          599 15     0
QSO:  7000 CW 2009-11-28 0952 UT3WJ         599 16     E79D          599 15     0
QSO:  7000 CW 2009-11-28 0954 UT3WJ         599 16     LG3Z          599 14     0
QSO:  7000 CW 2009-11-28 0956 UT3WJ         599 16     LY2VA         599 15     0
QSO:  7000 CW 2009-11-28 0958 UT3WJ         599 16     LZ9R          599 20     0
QSO:  7000 CW 2009-11-28 1000 UT3WJ         599 16     SP4TKR        599 15     0
QSO:  7000 CW 2009-11-28 1003 UT3WJ         599 16     ER1RR         599 16     0
QSO:  7000 CW 2009-11-28 1008 UT3WJ         599 16     OK2ZO         599 15     0
QSO:  7000 CW 2009-11-28 1017 UT3WJ         599 16     LA9Z          599 14     0
QSO:  7000 CW 2009-11-28 1020 UT3WJ         599 16     S52C          599 15     0
QSO:  7000 CW 2009-11-28 1034 UT3WJ         599 16     9A1O          599 15     0
QSO:  7000 CW 2009-11-28 1035 UT3WJ         599 16     SP2KDS        599 15     0
QSO:  7000 CW 2009-11-28 1037 UT3WJ         599 16     YU9DX         599 15     0
QSO:  7000 CW 2009-11-28 1042 UT3WJ         599 16     OL1M          599 15     0
QSO:  7000 CW 2009-11-28 1049 UT3WJ         599 16     UT5IZ         599 16     0
QSO:  7000 CW 2009-11-28 1051 UT3WJ         599 16     OK7Y          599 15     0
QSO:  7000 CW 2009-11-28 1053 UT3WJ         599 16     OK1HCG        599 15     0
QSO:  7000 CW 2009-11-28 1056 UT3WJ         599 16     S52C          599 15     0
QSO:  7000 CW 2009-11-28 1058 UT3WJ         599 16     PA3GWN        599 14     0
QSO:  7000 CW 2009-11-28 1059 UT3WJ         599 16     ES5RY         599 15     0
QSO:  7000 CW 2009-11-28 1101 UT3WJ         599 16     OH0Z          599 15     0
QSO:  7000 CW 2009-11-28 1103 UT3WJ         599 16     OH3OJ         599 15     0
QSO:  7000 CW 2009-11-28 1104 UT3WJ         599 16     RM3F          599 16     0
QSO:  7000 CW 2009-11-28 1108 UT3WJ         599 16     HG1DX         599 15     0
QSO:  7000 CW 2009-11-28 1115 UT3WJ         599 16     YT2RX         599 15     0
QSO:  7000 CW 2009-11-28 1120 UT3WJ         599 16     OH6M          599 15     0
QSO:  7000 CW 2009-11-28 1121 UT3WJ         599 16     LY7A          599 15     0
QSO:  7000 CW 2009-11-28 1126 UT3WJ         599 16     YL4U          599 15     0
QSO:  7000 CW 2009-11-28 1233 UT3WJ         599 16     EU1CL         599 16     0
QSO:  7000 CW 2009-11-28 1235 UT3WJ         599 16     DK9PY         599 14     0
QSO:  7000 CW 2009-11-28 1240 UT3WJ         599 16     RG9A          599 17     0
QSO:  7000 CW 2009-11-28 1403 UT3WJ         599 16     YT0A          599 15     0
QSO:  7000 CW 2009-11-28 1405 UT3WJ         599 16     AO3T          599 14     0
QSO:  7000 CW 2009-11-28 1407 UT3WJ         599 16     DL4ME         599 14     0
QSO:  7000 CW 2009-11-28 1409 UT3WJ         599 16     OE3GSA        599 15     0
QSO:  7000 CW 2009-11-28 1412 UT3WJ         599 16     YO2DFA        599 20     0
QSO:  7000 CW 2009-11-28 1414 UT3WJ         599 16     YR8T          599 20     0
QSO:  7000 CW 2009-11-28 1416 UT3WJ         599 16     YT1TA         599 15     0
QSO:  7000 CW 2009-11-28 1419 UT3WJ         599 16     RG3K          599 16     0
QSO:  7000 CW 2009-11-28 1421 UT3WJ         599 16     RN3AM         599 16     0
QSO:  7000 CW 2009-11-28 1425 UT3WJ         599 16     UN3M          599 17     0
QSO:  7000 CW 2009-11-28 1428 UT3WJ         599 16     OM/SQ9UM      599 15     0
QSO:  7000 CW 2009-11-28 1431 UT3WJ         599 16     RN6BY         599 16     0
QSO:  7000 CW 2009-11-28 1432 UT3WJ         599 16     OK1DG         599 15     0
QSO:  7000 CW 2009-11-28 1434 UT3WJ         599 16     9A2VJ         599 15     0
QSO:  7000 CW 2009-11-28 1439 UT3WJ         599 16     LA9VDA        599 14     0
QSO:  7000 CW 2009-11-28 1442 UT3WJ         599 16     HG5A          599 15     0
QSO:  7000 CW 2009-11-28 1444 UT3WJ         599 16     DF9LJ         599 14     0
QSO:  7000 CW 2009-11-28 1447 UT3WJ         599 16     DL8WN         599 14     0
QSO:  7000 CW 2009-11-28 1449 UT3WJ         599 16     DR1A          599 14     0
QSO:  7000 CW 2009-11-28 1452 UT3WJ         599 16     S50B          599 15     0
QSO:  7000 CW 2009-11-28 1453 UT3WJ         599 16     UZ2M          599 16     0
QSO:  7000 CW 2009-11-28 1455 UT3WJ         599 16     YU7W          599 15     0
QSO:  7000 CW 2009-11-28 1456 UT3WJ         599 16     S59N          599 15     0
QSO:  7000 CW 2009-11-28 1458 UT3WJ         599 16     YU1LA         599 15     0
QSO:  7000 CW 2009-11-28 1502 UT3WJ         599 16     E73PY         599 15     0
QSO:  7000 CW 2009-11-28 1507 UT3WJ         599 16     SO6I          599 15     0
QSO:  7000 CW 2009-11-28 1509 UT3WJ         599 16     9A5RJ         599 15     0
QSO:  7000 CW 2009-11-28 1511 UT3WJ         599 16     OM4KW         599 15     0
QSO:  7000 CW 2009-11-28 1513 UT3WJ         599 16     S58P          599 15     0
QSO:  7000 CW 2009-11-28 1528 UT3WJ         599 16     SN3X          599 15     0
QSO:  7000 CW 2009-11-28 1530 UT3WJ         599 16     HA5BVG        599 15     0
QSO:  7000 CW 2009-11-28 1532 UT3WJ         599 16     OH6MW         599 15     0
QSO:  7000 CW 2009-11-28 1533 UT3WJ         599 16     SN2K          599 15     0
QSO:  7000 CW 2009-11-28 1544 UT3WJ         599 16     PI4KGL        599 14     0
QSO:  7000 CW 2009-11-28 1546 UT3WJ         599 16     OL4A          599 15     0
QSO:  7000 CW 2009-11-28 1550 UT3WJ         599 16     ES5TV         599 15     0
QSO:  7000 CW 2009-11-28 2114 UT3WJ         599 16     RW0A          599 18     0
QSO:  7000 CW 2009-11-28 2115 UT3WJ         599 16     LZ3FN         599 20     0
QSO:  7000 CW 2009-11-28 2117 UT3WJ         599 16     UU5WW         599 16     0
QSO:  7000 CW 2009-11-28 2120 UT3WJ         599 16     YO3ND         599 20     0
QSO:  7000 CW 2009-11-28 2122 UT3WJ         599 16     4U1ITU        599 14     0
QSO:  7000 CW 2009-11-28 2157 UT3WJ         599 16     IS0/R7QB      599 15     0
QSO:  7000 CW 2009-11-28 2200 UT3WJ         599 16     TM6M          599 14     0
QSO:  7000 CW 2009-11-28 2202 UT3WJ         599 16     DR4A          599 14     0
QSO:  7000 CW 2009-11-28 2205 UT3WJ         599 16     PA5KT         599 14     0
QSO:  7000 CW 2009-11-28 2214 UT3WJ         599 16     ON4ALY        599 14     0
QSO:  7000 CW 2009-11-28 2219 UT3WJ         599 16     S52ZW         599 15     0
QSO:  7000 CW 2009-11-28 2221 UT3WJ         599 16     S59ABC        599 15     0
QSO:  7000 CW 2009-11-28 2223 UT3WJ         599 16     S50A          599 15     0
QSO:  7000 CW 2009-11-28 2227 UT3WJ         599 16     EA8BMG        599 33     0
QSO:  7000 CW 2009-11-28 2228 UT3WJ         599 16     OH2K          599 15     0
QSO:  7000 CW 2009-11-28 2231 UT3WJ         599 16     TM2S          599 14     0
QSO:  7000 CW 2009-11-28 2234 UT3WJ         599 16     4X0G          599 20     0
QSO:  7000 CW 2009-11-28 2254 UT3WJ         599 16     SK3W          599 14     0
QSO:  7000 CW 2009-11-29 0022 UT3WJ         599 16     J43J          599 20     0
QSO:  7000 CW 2009-11-29 0029 UT3WJ         599 16     EE2W          599 14     0
QSO:  7000 CW 2009-11-29 0033 UT3WJ         599 16     EI6DX         599 14     0
QSO:  7000 CW 2009-11-29 0034 UT3WJ         599 16     K5KG          599 05     0
QSO:  7000 CW 2009-11-29 0039 UT3WJ         599 16     G3RXP         599 14     0
QSO:  7000 CW 2009-11-29 0050 UT3WJ         599 16     PY1DX         599 11     0
QSO:  7000 CW 2009-11-29 0053 UT3WJ         599 16     RA9A          599 17     0
QSO:  7000 CW 2009-11-29 0101 UT3WJ         599 16     KP2M          599 08     0
QSO:  7000 CW 2009-11-29 0103 UT3WJ         599 16     M7A           599 14     0
QSO:  7000 CW 2009-11-29 0115 UT3WJ         599 16     OY6A          599 14     0
QSO:  7000 CW 2009-11-29 0129 UT3WJ         599 16     EA8URL        599 33     0
QSO:  7000 CW 2009-11-29 0140 UT3WJ         599 16     W1KM          599 05     0
QSO:  7000 CW 2009-11-29 0146 UT3WJ         599 16     PI4CC         599 14     0
QSO:  7000 CW 2009-11-29 0149 UT3WJ         599 16     ZY7C          599 11     0
QSO:  7000 CW 2009-11-29 0211 UT3WJ         599 16     EA3DTD        599 14     0
QSO:  7000 CW 2009-11-29 0220 UT3WJ         599 16     YW4D          599 09     0
QSO:  7000 CW 2009-11-29 0227 UT3WJ         599 16     WE3C          599 05     0
QSO:  7000 CW 2009-11-29 0240 UT3WJ         599 16     4L0A          599 21     0
QSO:  7000 CW 2009-11-29 0249 UT3WJ         599 16     AN3N          599 14     0
QSO:  7000 CW 2009-11-29 0253 UT3WJ         599 16     G6PZ          599 14     0
QSO:  7000 CW 2009-11-29 0259 UT3WJ         599 16     UN7LAN        599 17     0
QSO:  7000 CW 2009-11-29 0302 UT3WJ         599 16     NP4Z          599 08     0
QSO:  7000 CW 2009-11-29 0306 UT3WJ         599 16     EA7RM         599 14     0
QSO:  7000 CW 2009-11-29 0308 UT3WJ         599 16     N1LN          599 05     0
QSO:  7000 CW 2009-11-29 0340 UT3WJ         599 16     7W5UN         599 33     0
QSO:  7000 CW 2009-11-29 0351 UT3WJ         599 16     IG9W          599 33     0
QSO:  7000 CW 2009-11-29 0357 UT3WJ         599 16     CN3A          599 33     0
QSO:  7000 CW 2009-11-29 0359 UT3WJ         599 16     PJ2T          599 09     0
QSO:  7000 CW 2009-11-29 0408 UT3WJ         599 16     UN9L          599 17     0
QSO:  7000 CW 2009-11-29 0412 UT3WJ         599 16     EA5CW         599 14     0
QSO:  7000 CW 2009-11-29 0415 UT3WJ         599 16     CR3E          599 33     0
QSO:  7000 CW 2009-11-29 0422 UT3WJ         599 16     CR2X          599 14     0
QSO:  7000 CW 2009-11-29 0430 UT3WJ         599 16     CT1JLZ        599 14     0
QSO:  7000 CW 2009-11-29 0437 UT3WJ         599 16     EA1RJ         599 14     0
QSO:  7000 CW 2009-11-29 0445 UT3WJ         599 16     RZ4CWW        599 16     0
QSO:  7000 CW 2009-11-29 0448 UT3WJ         599 16     UA6EED        599 16     0
QSO:  7000 CW 2009-11-29 0449 UT3WJ         599 16     UA4PN         599 16     0
QSO:  7000 CW 2009-11-29 0456 UT3WJ         599 16     6Y1V          599 08     0
QSO:  7000 CW 2009-11-29 0500 UT3WJ         599 16     ES5TV         599 15     0
QSO:  7000 CW 2009-11-29 0503 UT3WJ         599 16     RK9AX         599 17     0
QSO:  7000 CW 2009-11-29 0513 UT3WJ         599 16     UN9LU         599 17     0
QSO:  7000 CW 2009-11-29 0517 UT3WJ         599 16     RU9CK         599 17     0
QSO:  7000 CW 2009-11-29 0532 UT3WJ         599 16     RA3DTN        599 16     0
QSO:  7000 CW 2009-11-29 0556 UT3WJ         599 16     LZ5XQ         599 20     0
QSO:  7000 CW 2009-11-29 0557 UT3WJ         599 16     UA5GP         599 16     0
QSO:  7000 CW 2009-11-29 0559 UT3WJ         599 16     UW9FE         599 16     0
QSO:  7000 CW 2009-11-29 0613 UT3WJ         599 16     IK1RQQ        599 15     0
QSO:  7000 CW 2009-11-29 0620 UT3WJ         599 16     DF3CB         599 14     0
QSO:  7000 CW 2009-11-29 0621 UT3WJ         599 16     UX3HA         599 16     0
QSO:  7000 CW 2009-11-29 0623 UT3WJ         599 16     YQ9W          599 20     0
QSO:  7000 CW 2009-11-29 0626 UT3WJ         599 16     DJ3WE         599 14     0
QSO:  7000 CW 2009-11-29 0629 UT3WJ         599 16     LN3N          599 14     0
QSO:  7000 CW 2009-11-29 0641 UT3WJ         599 16     OE2BZL        599 15     0
QSO:  7000 CW 2009-11-29 0645 UT3WJ         599 16     EC6TK         599 14     0
QSO:  7000 CW 2009-11-29 0647 UT3WJ         599 16     Z35M          599 15     0
QSO:  7000 CW 2009-11-29 0701 UT3WJ         599 16     YU5RA         599 15     0
QSO:  7000 CW 2009-11-29 0708 UT3WJ         599 16     LX30AK        599 14     0
QSO:  7000 CW 2009-11-29 0713 UT3WJ         599 16     UW2F          599 16     0
QSO:  7000 CW 2009-11-29 0718 UT3WJ         599 16     SN6Z          599 15     0
QSO:  7000 CW 2009-11-29 0719 UT3WJ         599 16     LY7Z          599 15     0
QSO:  7000 CW 2009-11-29 0722 UT3WJ         599 16     OH5YU         599 15     0
QSO:  7000 CW 2009-11-29 0725 UT3WJ         599 16     GW3YDX        599 14     0
QSO:  7000 CW 2009-11-29 0740 UT3WJ         599 16     9A7T          599 15     0
QSO:  7000 CW 2009-11-29 0753 UT3WJ         599 16     EW7LO         599 16     0
QSO:  7000 CW 2009-11-29 0818 UT3WJ         599 16     HA6NL         599 15     0
QSO:  7000 CW 2009-11-29 0819 UT3WJ         599 16     DL5GAF        599 14     0
QSO:  7000 CW 2009-11-29 0823 UT3WJ         599 16     HA6OA         599 15     0
QSO:  7000 CW 2009-11-29 1142 UT3WJ         599 16     LY7I          599 15     0
QSO:  7000 CW 2009-11-29 1147 UT3WJ         599 16     SP1KRF        599 15     0
QSO:  7000 CW 2009-11-29 1155 UT3WJ         599 16     LY2T          599 15     0
QSO:  7000 CW 2009-11-29 1157 UT3WJ         599 16     UA3TCJ        599 16     0
QSO:  7000 CW 2009-11-29 1203 UT3WJ         599 16     OL5Y          599 15     0
QSO:  7000 CW 2009-11-29 1205 UT3WJ         599 16     DR1A          599 14     0
QSO:  7000 CW 2009-11-29 1207 UT3WJ         599 16     OK8DD         599 15     0
QSO:  7000 CW 2009-11-29 1210 UT3WJ         599 16     OL4W          599 15     0
QSO:  7000 CW 2009-11-29 1213 UT3WJ         599 16     OK1FDR        599 15     0
QSO:  7000 CW 2009-11-29 1219 UT3WJ         599 16     OK1FAV        599 15     0
QSO:  7000 CW 2009-11-29 1221 UT3WJ         599 16     RA3LBS        599 16     0
QSO:  7000 CW 2009-11-29 1223 UT3WJ         599 16     YU3W          599 15     0
QSO:  7000 CW 2009-11-29 1225 UT3WJ         599 16     EW6AW         599 16     0
QSO:  7000 CW 2009-11-29 1229 UT3WJ         599 16     SN4N          599 15     0
QSO:  7000 CW 2009-11-29 1236 UT3WJ         599 16     SJ2W          599 14     0
QSO:  7000 CW 2009-11-29 1239 UT3WJ         599 16     E74Y          599 15     0
QSO:  7000 CW 2009-11-29 1318 UT3WJ         599 16     YT3M          599 15     0
QSO:  7000 CW 2009-11-29 1322 UT3WJ         599 16     UT2UZ         599 16     0
QSO:  7000 CW 2009-11-29 1329 UT3WJ         599 16     RW6CF         599 16     0
QSO:  7000 CW 2009-11-29 1331 UT3WJ         599 16     US2MW         599 16     0
QSO:  7000 CW 2009-11-29 1333 UT3WJ         599 16     RX3AX         599 16     0
QSO:  7000 CW 2009-11-29 1336 UT3WJ         599 16     LA9VDA        599 14     0
QSO:  7000 CW 2009-11-29 1342 UT3WJ         599 16     OH2U          599 15     0
QSO:  7000 CW 2009-11-29 1345 UT3WJ         599 16     YO9OC         599 20     0
QSO:  7000 CW 2009-11-29 1348 UT3WJ         599 16     RV3ZN         599 16     0
QSO:  7000 CW 2009-11-29 1351 UT3WJ         599 16     UU7J          599 16     0
QSO:  7000 CW 2009-11-29 1352 UT3WJ         599 16     S50F          599 15     0
QSO:  7000 CW 2009-11-29 1356 UT3WJ         599 16     SP1PWP        599 15     0
QSO:  7000 CW 2009-11-29 1358 UT3WJ         599 16     RO4W          599 16     0
QSO:  7000 CW 2009-11-29 1359 UT3WJ         599 16     US8IBS        599 16     0
QSO:  7000 CW 2009-11-29 1402 UT3WJ         599 16     OK1HEH        599 15     0
QSO:  7000 CW 2009-11-29 1405 UT3WJ         599 16     LZ2NG         599 20     0
QSO:  7000 CW 2009-11-29 1408 UT3WJ         599 16     UA3R          599 16     0
QSO:  7000 CW 2009-11-29 2117 UT3WJ         599 16     VY2TT         599 05     0
QSO:  7000 CW 2009-11-29 2126 UT3WJ         599 16     EC6TKT        599 14     0
QSO:  7000 CW 2009-11-29 2137 UT3WJ         599 16     UA1QM         599 16     0
QSO:  7000 CW 2009-11-29 2138 UT3WJ         599 16     E73M          599 15     0
QSO:  7000 CW 2009-11-29 2141 UT3WJ         599 16     G3VPW         599 14     0
QSO:  7000 CW 2009-11-29 2144 UT3WJ         599 16     HB9CA         599 14     0
QSO:  7000 CW 2009-11-29 2159 UT3WJ         599 16     OL1C          599 15     0
QSO:  7000 CW 2009-11-29 2208 UT3WJ         599 16     TM0R          599 14     0
QSO:  7000 CW 2009-11-29 2213 UT3WJ         599 16     PI4TUE        599 14     0
QSO:  7000 CW 2009-11-29 2214 UT3WJ         599 16     ES7GM         599 15     0
QSO:  7000 CW 2009-11-29 2218 UT3WJ         599 16     RA3CO         599 16     0
QSO:  7000 CW 2009-11-29 2219 UT3WJ         599 16     KC1XX         599 05     0
QSO:  7000 CW 2009-11-29 2222 UT3WJ         599 16     F5CQ          599 14     0
QSO:  7000 CW 2009-11-29 2226 UT3WJ         599 16     DK1KC         599 14     0
QSO:  7000 CW 2009-11-29 2229 UT3WJ         599 16     IR9Y          599 15     0
QSO:  7000 CW 2009-11-29 2232 UT3WJ         599 16     IZ1MKB        599 15     0
QSO:  7000 CW 2009-11-29 2240 UT3WJ         599 16     LZ1BJ         599 20     0
QSO:  7000 CW 2009-11-29 2300 UT3WJ         599 16     OE9R          599 15     0
QSO:  7000 CW 2009-11-29 2302 UT3WJ         599 16     LZ8E          599 20     0
QSO:  7000 CW 2009-11-29 2314 UT3WJ         599 16     JS3CTQ        599 25     0
END-OF-LOG:
