START-OF-LOG: 3.0
CREATED-BY:    SD by EI5DI
CONTEST:       CQ-WW-CW
CALLSIGN:      ZL2AGY
CLAIMED-SCORE: 635205
NAME:          TONY H Marr
OPERATORS:     ZL2AGY ZL2JU
SOAPBOX:       Lower bands noisy, but great to have action on 15mx,
SOAPBOX:       and even on 10mx.Thanks to Les ZL2JU for hosting our
SOAPBOX:       operation again.
SOAPBOX:       (Please note - this was one transmitter only - no
SOAPBOX:       multiplier radio).
CATEGORY-OPERATOR: MULTI-OP
CATEGORY-TRANSMITTER: ONE
CATEGORY-BAND: ALL
CATEGORY-POWER: HIGH
CATEGORY-ASSISTED: ASSISTED
CATEGORY-STATION: FIXED
QSO: 14001 CW 2009-11-28 0012 ZL2AGY        599 32     TX3A          599 30
QSO: 14045 CW 2009-11-28 0030 ZL2AGY        599 32     JA3YBK        599 25
QSO: 21023 CW 2009-11-28 0037 ZL2AGY        599 32     JF1PJK        599 25
QSO: 21026 CW 2009-11-28 0041 ZL2AGY        599 32     KH7B          599 31
QSO: 21028 CW 2009-11-28 0042 ZL2AGY        599 32     JA3YBK        599 25
QSO: 21036 CW 2009-11-28 0043 ZL2AGY        599 32     JA5FDJ        599 25
QSO: 21052 CW 2009-11-28 0047 ZL2AGY        599 32     AH0/AH2Y      599 27
QSO: 21042 CW 2009-11-28 0049 ZL2AGY        599 32     BV7FC         599 24
QSO: 21037 CW 2009-11-28 0051 ZL2AGY        599 32     RW0LT         599 19
QSO: 21015 CW 2009-11-28 0108 ZL2AGY        599 32     WH2D          599 27
QSO: 21001 CW 2009-11-28 0112 ZL2AGY        599 32     TX3A          599 30
QSO: 21009 CW 2009-11-28 0115 ZL2AGY        599 32     KH6LC         599 31
QSO: 21012 CW 2009-11-28 0119 ZL2AGY        599 32     A31A          599 32
QSO: 21015 CW 2009-11-28 0127 ZL2AGY        599 32     JA7KY         599 25
QSO: 21015 CW 2009-11-28 0129 ZL2AGY        599 32     JE6CAJ        599 25
QSO: 21015 CW 2009-11-28 0130 ZL2AGY        599 32     JA5DQH        599 25
QSO: 21015 CW 2009-11-28 0130 ZL2AGY        599 32     JG3LGD        599 25
QSO: 21015 CW 2009-11-28 0131 ZL2AGY        599 32     JA1YAI        599 25
QSO: 21015 CW 2009-11-28 0139 ZL2AGY        599 32     JO3DDD        599 25
QSO: 21030 CW 2009-11-28 0149 ZL2AGY        599 32     JA1YPA        599 25
QSO: 21033 CW 2009-11-28 0152 ZL2AGY        599 32     T88CI         599 27
QSO: 21034 CW 2009-11-28 0155 ZL2AGY        599 32     AH7C          599 31
QSO: 21036 CW 2009-11-28 0156 ZL2AGY        599 32     JG7PSJ        599 25
QSO: 21043 CW 2009-11-28 0201 ZL2AGY        599 32     PY2WB         599 11
QSO: 21044 CW 2009-11-28 0203 ZL2AGY        599 32     PT5A          599 11
QSO: 21046 CW 2009-11-28 0211 ZL2AGY        599 32     RA0QD         599 19
QSO: 21010 CW 2009-11-28 0219 ZL2AGY        599 32     JT1DA         599 23
QSO: 21019 CW 2009-11-28 0222 ZL2AGY        599 32     RW0CWA        599 19
QSO: 21026 CW 2009-11-28 0228 ZL2AGY        599 32     ZL1BYZ        599 32
QSO: 21027 CW 2009-11-28 0239 ZL2AGY        599 32     JA4COF        599 25
QSO: 21027 CW 2009-11-28 0240 ZL2AGY        599 32     JA7COI        599 25
QSO: 21027 CW 2009-11-28 0242 ZL2AGY        599 32     JA7AEM        599 25
QSO: 21027 CW 2009-11-28 0246 ZL2AGY        599 32     HC8GR         599 10
QSO: 21027 CW 2009-11-28 0249 ZL2AGY        599 32     UA0FAI        599 19
QSO: 21031 CW 2009-11-28 0301 ZL2AGY        599 32     VK6AA         599 29
QSO: 21043 CW 2009-11-28 0303 ZL2AGY        599 32     JF1SQC        599 25
QSO: 21033 CW 2009-11-28 0309 ZL2AGY        599 32     UA9OG         599 18
QSO: 21049 CW 2009-11-28 0335 ZL2AGY        599 32     JA1ZGP        599 25
QSO: 21052 CW 2009-11-28 0346 ZL2AGY        599 32     7K4XNN        599 25
QSO: 21048 CW 2009-11-28 0357 ZL2AGY        599 32     JA6ZPR        599 25
QSO: 21046 CW 2009-11-28 0359 ZL2AGY        599 32     RA0AA         599 18
QSO: 21046 CW 2009-11-28 0401 ZL2AGY        599 32     JA4XRN        599 25
QSO: 21046 CW 2009-11-28 0402 ZL2AGY        599 32     JR1NKN        599 25
QSO: 21046 CW 2009-11-28 0407 ZL2AGY        599 32     JH1EAQ        599 25
QSO: 21046 CW 2009-11-28 0408 ZL2AGY        599 32     RN0CW         599 19
QSO: 21046 CW 2009-11-28 0412 ZL2AGY        599 32     JA2CUS        599 25
QSO: 21046 CW 2009-11-28 0413 ZL2AGY        599 32     JF2QNM        599 25
QSO: 21059 CW 2009-11-28 0420 ZL2AGY        599 32     JQ1NGT        599 25
QSO: 21024 CW 2009-11-28 0436 ZL2AGY        599 32     B7M           599 24
QSO: 21023 CW 2009-11-28 0439 ZL2AGY        599 32     JH7BMF        599 25
QSO: 21023 CW 2009-11-28 0439 ZL2AGY        599 32     JE1RZR        599 25
QSO: 21023 CW 2009-11-28 0440 ZL2AGY        599 32     JQ2UOZ        599 25
QSO: 21023 CW 2009-11-28 0440 ZL2AGY        599 32     JF3IYW        599 25
QSO: 21023 CW 2009-11-28 0440 ZL2AGY        599 32     JN1NOP        599 25
QSO: 21023 CW 2009-11-28 0441 ZL2AGY        599 32     UA9TF         599 16
QSO: 21023 CW 2009-11-28 0442 ZL2AGY        599 32     JA6OXT        599 25
QSO: 21023 CW 2009-11-28 0443 ZL2AGY        599 32     JA3HBC        599 25
QSO: 21023 CW 2009-11-28 0443 ZL2AGY        599 32     JP1PZE        599 25
QSO: 21023 CW 2009-11-28 0444 ZL2AGY        599 32     JA7ACM        599 25
QSO: 21023 CW 2009-11-28 0446 ZL2AGY        599 32     JK2TTP        599 25
QSO: 21023 CW 2009-11-28 0447 ZL2AGY        599 32     JH0NEC        599 25
QSO: 21023 CW 2009-11-28 0447 ZL2AGY        599 32     KH6CD         599 31
QSO: 21023 CW 2009-11-28 0449 ZL2AGY        599 32     RV9UP         599 18
QSO: 21023 CW 2009-11-28 0450 ZL2AGY        599 32     JA3SZ         599 25
QSO: 21023 CW 2009-11-28 0451 ZL2AGY        599 32     JR1FVW        599 25
QSO: 21023 CW 2009-11-28 0452 ZL2AGY        599 32     7N4NIK        599 25
QSO: 21023 CW 2009-11-28 0454 ZL2AGY        599 32     JO1RUQ        599 25
QSO: 21023 CW 2009-11-28 0454 ZL2AGY        599 32     RZ9YF         599 18
QSO: 21023 CW 2009-11-28 0455 ZL2AGY        599 32     RU0SN         599 18
QSO: 21023 CW 2009-11-28 0455 ZL2AGY        599 32     JA7ACV        599 25
QSO: 21023 CW 2009-11-28 0457 ZL2AGY        599 32     JK1FNL        599 25
QSO: 21023 CW 2009-11-28 0458 ZL2AGY        599 32     JR1BYO        599 25
QSO: 21023 CW 2009-11-28 0502 ZL2AGY        599 32     UN9L          599 17
QSO: 21023 CW 2009-11-28 0502 ZL2AGY        599 32     JR3EOI        599 25
QSO: 21023 CW 2009-11-28 0503 ZL2AGY        599 32     JA2AXB        599 25
QSO: 21023 CW 2009-11-28 0503 ZL2AGY        599 32     JA1IE         599 25
QSO: 21023 CW 2009-11-28 0503 ZL2AGY        599 32     JH7RTQ        599 25
QSO: 21023 CW 2009-11-28 0504 ZL2AGY        599 32     RW0A          599 18
QSO: 21023 CW 2009-11-28 0505 ZL2AGY        599 32     JA1HNW        599 25
QSO: 21023 CW 2009-11-28 0509 ZL2AGY        599 32     JE3EDJ        599 25
QSO: 21023 CW 2009-11-28 0512 ZL2AGY        599 32     K0RF          599 04
QSO: 21023 CW 2009-11-28 0514 ZL2AGY        599 32     JR2UBS        599 25
QSO: 21023 CW 2009-11-28 0515 ZL2AGY        599 32     JH4UTP        599 25
QSO: 21023 CW 2009-11-28 0518 ZL2AGY        599 32     JK1OPL        599 25
QSO: 21023 CW 2009-11-28 0527 ZL2AGY        599 32     RK0SA         599 18
QSO: 21010 CW 2009-11-28 0536 ZL2AGY        599 32     AH2R          599 27
QSO: 21021 CW 2009-11-28 0539 ZL2AGY        599 32     LU7YZ         599 13
QSO: 21033 CW 2009-11-28 0542 ZL2AGY        599 32     JH3CUL        599 25
QSO: 21036 CW 2009-11-28 0544 ZL2AGY        599 32     UA9QCQ        599 17
QSO: 21051 CW 2009-11-28 0547 ZL2AGY        599 32     RW4HP         599 16
QSO: 21060 CW 2009-11-28 0548 ZL2AGY        599 32     RA9DZ         599 17
QSO: 21032 CW 2009-11-28 0550 ZL2AGY        599 32     HL5UOG        599 25
QSO: 21032 CW 2009-11-28 0551 ZL2AGY        599 32     JA7IC         599 25
QSO: 21032 CW 2009-11-28 0552 ZL2AGY        599 32     JF1NHD        599 25
QSO: 21032 CW 2009-11-28 0553 ZL2AGY        599 32     JA1UZG        599 25
QSO: 21032 CW 2009-11-28 0554 ZL2AGY        599 32     JE2KDN        599 25
QSO: 21032 CW 2009-11-28 0601 ZL2AGY        599 32     JA1IKA        599 25
QSO: 21032 CW 2009-11-28 0601 ZL2AGY        599 32     JL3MCM        599 25
QSO: 21032 CW 2009-11-28 0603 ZL2AGY        599 32     RU4WD         599 16
QSO: 21032 CW 2009-11-28 0604 ZL2AGY        599 32     JA3HU         599 25
QSO: 21032 CW 2009-11-28 0605 ZL2AGY        599 32     JJ1IVX        599 25
QSO: 21032 CW 2009-11-28 0606 ZL2AGY        599 32     RD4WM         599 16
QSO: 21032 CW 2009-11-28 0614 ZL2AGY        599 32     JA2KKA        599 25
QSO: 21032 CW 2009-11-28 0616 ZL2AGY        599 32     UA9AOL        599 17
QSO: 21032 CW 2009-11-28 0619 ZL2AGY        599 32     JO3JYE        599 25
QSO: 21032 CW 2009-11-28 0622 ZL2AGY        599 32     JI1ALP        599 25
QSO: 21027 CW 2009-11-28 0626 ZL2AGY        599 32     RC9O          599 18
QSO: 21020 CW 2009-11-28 0631 ZL2AGY        599 32     XU7ACY        599 26
QSO: 21019 CW 2009-11-28 0633 ZL2AGY        599 32     PY2ZXU        599 11
QSO: 21011 CW 2009-11-28 0637 ZL2AGY        599 32     RA3CO         599 16
QSO: 21008 CW 2009-11-28 0638 ZL2AGY        599 32     RO4W          599 16
QSO:  3505 CW 2009-11-28 0650 ZL2AGY        599 32     S57DX         599 15
QSO:  3513 CW 2009-11-28 0657 ZL2AGY        599 32     EA8M          599 33
QSO:  3520 CW 2009-11-28 0701 ZL2AGY        599 32     SN3A          599 15
QSO:  3525 CW 2009-11-28 0719 ZL2AGY        599 32     KH6MB         599 31
QSO:  3520 CW 2009-11-28 0723 ZL2AGY        599 32     N7DD          599 03
QSO:  3504 CW 2009-11-28 0732 ZL2AGY        599 32     F2DX          599 14
QSO:  3504 CW 2009-11-28 0734 ZL2AGY        599 32     W6XB          599 03
QSO:  7007 CW 2009-11-28 0737 ZL2AGY        599 32     KV0Q          599 04
QSO:  7008 CW 2009-11-28 0738 ZL2AGY        599 32     YT2W          599 15
QSO:  7009 CW 2009-11-28 0744 ZL2AGY        599 32     N2IC          599 04
QSO:  7009 CW 2009-11-28 0746 ZL2AGY        599 32     WC1M          599 05
QSO:  7014 CW 2009-11-28 0759 ZL2AGY        599 32     K7GK          599 03
QSO:  7019 CW 2009-11-28 0805 ZL2AGY        599 32     S52AW         599 15
QSO:  7025 CW 2009-11-28 0813 ZL2AGY        599 32     XE2GG         599 06
QSO:  7025 CW 2009-11-28 0815 ZL2AGY        599 32     W3LPL         599 05
QSO:  7025 CW 2009-11-28 0819 ZL2AGY        599 32     OE3I          599 15
QSO:  7023 CW 2009-11-28 0831 ZL2AGY        599 32     GM0GAV        599 14
QSO:  7021 CW 2009-11-28 0833 ZL2AGY        599 32     VK2IM         599 30
QSO:  7014 CW 2009-11-28 0834 ZL2AGY        599 32     W2FU          599 05
QSO:  7013 CW 2009-11-28 0836 ZL2AGY        599 32     OL0W          599 15
QSO:  7011 CW 2009-11-28 0838 ZL2AGY        599 32     W7VV          599 03
QSO:  7007 CW 2009-11-28 0840 ZL2AGY        599 32     G3KWK         599 14
QSO:  7007 CW 2009-11-28 0841 ZL2AGY        599 32     K6XM          599 03
QSO:  7007 CW 2009-11-28 0842 ZL2AGY        599 32     JQ1ABC        599 25
QSO:  7007 CW 2009-11-28 0842 ZL2AGY        599 32     W6IYS         599 03
QSO:  7007 CW 2009-11-28 0844 ZL2AGY        599 32     JA3CUS        599 25
QSO:  7007 CW 2009-11-28 0845 ZL2AGY        599 32     JF1PJK        599 25
QSO:  7007 CW 2009-11-28 0846 ZL2AGY        599 32     W7YAQ         599 03
QSO:  7007 CW 2009-11-28 0848 ZL2AGY        599 32     JA6GCE        599 25
QSO:  7003 CW 2009-11-28 0851 ZL2AGY        599 32     WA7LT         599 03
QSO:  7002 CW 2009-11-28 0852 ZL2AGY        599 32     W6YI          599 03
QSO:  7000 CW 2009-11-28 0853 ZL2AGY        599 32     TX3A          599 30
QSO: 14010 CW 2009-11-28 0859 ZL2AGY        599 32     RK4YJ         599 16
QSO: 14011 CW 2009-11-28 0901 ZL2AGY        599 32     ZL3TE         599 32
QSO: 14013 CW 2009-11-28 0904 ZL2AGY        599 32     R1ANB         599 29
QSO: 14013 CW 2009-11-28 0905 ZL2AGY        599 32     9A1P          599 15
QSO: 14013 CW 2009-11-28 0907 ZL2AGY        599 32     DP9A          599 14
QSO: 14013 CW 2009-11-28 0910 ZL2AGY        599 32     JR6GIM        599 25
QSO: 14013 CW 2009-11-28 0911 ZL2AGY        599 32     KH6NF         599 31
QSO: 14017 CW 2009-11-28 0915 ZL2AGY        599 32     JA4CZM        599 25
QSO: 14017 CW 2009-11-28 0917 ZL2AGY        599 32     N7VM          599 03
QSO: 14018 CW 2009-11-28 0925 ZL2AGY        599 32     UA0AGI        599 18
QSO: 14019 CW 2009-11-28 0926 ZL2AGY        599 32     ES7GM         599 15
QSO: 14020 CW 2009-11-28 0927 ZL2AGY        599 32     RW2F          599 15
QSO: 14021 CW 2009-11-28 0929 ZL2AGY        599 32     K0RF          599 04
QSO: 14021 CW 2009-11-28 0932 ZL2AGY        599 32     RW3VM         599 16
QSO: 14022 CW 2009-11-28 0939 ZL2AGY        599 32     BV7FC         599 24
QSO: 14024 CW 2009-11-28 0940 ZL2AGY        599 32     YL2KO         599 15
QSO: 14024 CW 2009-11-28 0941 ZL2AGY        599 32     ES5TV         599 15
QSO: 14027 CW 2009-11-28 0942 ZL2AGY        599 32     SN7Q          599 15
QSO: 14028 CW 2009-11-28 0943 ZL2AGY        599 32     UA6LV         599 16
QSO: 14032 CW 2009-11-28 0947 ZL2AGY        599 32     9A7A          599 15
QSO: 14032 CW 2009-11-28 0948 ZL2AGY        599 32     DF0HQ         599 14
QSO: 14033 CW 2009-11-28 0951 ZL2AGY        599 32     OL4A          599 15
QSO: 14037 CW 2009-11-28 0954 ZL2AGY        599 32     TM0R          599 14
QSO: 14040 CW 2009-11-28 0957 ZL2AGY        599 32     EA8M          599 33
QSO: 14041 CW 2009-11-28 1001 ZL2AGY        599 32     E7DX          599 15
QSO: 14044 CW 2009-11-28 1003 ZL2AGY        599 32     OL9Z          599 15
QSO: 14052 CW 2009-11-28 1010 ZL2AGY        599 32     OM8A          599 15
QSO: 14053 CW 2009-11-28 1011 ZL2AGY        599 32     DR4A          599 14
QSO: 14054 CW 2009-11-28 1015 ZL2AGY        599 32     EY7AF         599 17
QSO: 14055 CW 2009-11-28 1017 ZL2AGY        599 32     E73W          599 15
QSO: 14056 CW 2009-11-28 1020 ZL2AGY        599 32     CR6T          599 14
QSO: 14057 CW 2009-11-28 1022 ZL2AGY        599 32     CR3L          599 33
QSO: 14057 CW 2009-11-28 1023 ZL2AGY        599 32     RM3F          599 16
QSO: 14058 CW 2009-11-28 1024 ZL2AGY        599 32     IZ3DBA        599 15
QSO: 14058 CW 2009-11-28 1028 ZL2AGY        599 32     XU7ACY        599 26
QSO: 14060 CW 2009-11-28 1032 ZL2AGY        599 32     SP8NR         599 15
QSO: 14061 CW 2009-11-28 1034 ZL2AGY        599 32     OL3R          599 15
QSO: 14065 CW 2009-11-28 1038 ZL2AGY        599 32     DL6KVA        599 14
QSO: 14011 CW 2009-11-28 1047 ZL2AGY        599 32     F8CRH         599 14
QSO: 14011 CW 2009-11-28 1049 ZL2AGY        599 32     VK4TI         599 30
QSO: 14011 CW 2009-11-28 1050 ZL2AGY        599 32     W8AV          599 04
QSO: 14012 CW 2009-11-28 1053 ZL2AGY        599 32     YT2W          599 15
QSO: 14012 CW 2009-11-28 1056 ZL2AGY        599 32     PI4TUE        599 14
QSO: 14013 CW 2009-11-28 1057 ZL2AGY        599 32     BA4RF         599 24
QSO: 14015 CW 2009-11-28 1058 ZL2AGY        599 32     SN8C          599 15
QSO: 14017 CW 2009-11-28 1101 ZL2AGY        599 32     SO8A          599 15
QSO: 14018 CW 2009-11-28 1102 ZL2AGY        599 32     DL3YM         599 14
QSO: 14019 CW 2009-11-28 1104 ZL2AGY        599 32     YL4U          599 15
QSO: 14022 CW 2009-11-28 1106 ZL2AGY        599 32     IR4M          599 15
QSO: 14022 CW 2009-11-28 1106 ZL2AGY        599 32     UZ2M          599 16
QSO: 14027 CW 2009-11-28 1110 ZL2AGY        599 32     PA3S          599 14
QSO: 14030 CW 2009-11-28 1111 ZL2AGY        599 32     UP2L          599 17
QSO: 14030 CW 2009-11-28 1112 ZL2AGY        599 32     S53XX         599 15
QSO: 14032 CW 2009-11-28 1114 ZL2AGY        599 32     9A9A          599 15
QSO: 14035 CW 2009-11-28 1118 ZL2AGY        599 32     IR4X          599 15
QSO: 14043 CW 2009-11-28 1126 ZL2AGY        599 32     K8AZ          599 04
QSO: 14044 CW 2009-11-28 1128 ZL2AGY        599 32     SN6Z          599 15
QSO: 14046 CW 2009-11-28 1130 ZL2AGY        599 32     L33M          599 13
QSO: 14047 CW 2009-11-28 1132 ZL2AGY        599 32     RT6A          599 16
QSO: 14051 CW 2009-11-28 1134 ZL2AGY        599 32     OH4A          599 15
QSO: 14056 CW 2009-11-28 1136 ZL2AGY        599 32     S57DX         599 15
QSO: 14058 CW 2009-11-28 1136 ZL2AGY        599 32     VK6AA         599 29
QSO: 14060 CW 2009-11-28 1138 ZL2AGY        599 32     E73M          599 15
QSO: 14064 CW 2009-11-28 1139 ZL2AGY        599 32     OE9R          599 15
QSO: 14065 CW 2009-11-28 1141 ZL2AGY        599 32     SO9S          599 15
QSO:  7005 CW 2009-11-28 1144 ZL2AGY        599 32     OH5Z          599 15
QSO:  7005 CW 2009-11-28 1146 ZL2AGY        599 32     K0RF          599 04
QSO:  7007 CW 2009-11-28 1148 ZL2AGY        599 32     JA0QNJ        599 25
QSO:  7008 CW 2009-11-28 1149 ZL2AGY        599 32     OH2XX         599 15
QSO:  7009 CW 2009-11-28 1149 ZL2AGY        599 32     KH6LC         599 31
QSO:  7009 CW 2009-11-28 1150 ZL2AGY        599 32     K6XX          599 03
QSO:  7011 CW 2009-11-28 1157 ZL2AGY        599 32     LY8O          599 15
QSO:  7011 CW 2009-11-28 1158 ZL2AGY        599 32     K3LR          599 05
QSO:  7012 CW 2009-11-28 1159 ZL2AGY        599 32     JA5FDJ        599 25
QSO:  7012 CW 2009-11-28 1201 ZL2AGY        599 32     UW1M          599 16
QSO:  7013 CW 2009-11-28 1202 ZL2AGY        599 32     UA3TCJ        599 16
QSO:  7015 CW 2009-11-28 1207 ZL2AGY        599 32     ZM4T          599 32
QSO:  7017 CW 2009-11-28 1208 ZL2AGY        599 32     NR5M          599 04
QSO:  7019 CW 2009-11-28 1210 ZL2AGY        599 32     JA1XMS        599 25
QSO:  7022 CW 2009-11-28 1213 ZL2AGY        599 32     W7VJ          599 03
QSO:  7022 CW 2009-11-28 1216 ZL2AGY        599 32     RA9A          599 17
QSO:  7023 CW 2009-11-28 1216 ZL2AGY        599 32     W9RE          599 04
QSO:  7025 CW 2009-11-28 1218 ZL2AGY        599 32     RU1A          599 16
QSO:  7026 CW 2009-11-28 1219 ZL2AGY        599 32     EW7LO         599 16
QSO:  7027 CW 2009-11-28 1220 ZL2AGY        599 32     UU7J          599 16
QSO:  7028 CW 2009-11-28 1221 ZL2AGY        599 32     N8DD          599 03
QSO:  7029 CW 2009-11-28 1222 ZL2AGY        599 32     DK9IP         599 14
QSO:  7031 CW 2009-11-28 1225 ZL2AGY        599 32     VK6AA         599 29
QSO:  7032 CW 2009-11-28 1226 ZL2AGY        599 32     RL4R          599 16
QSO:  7033 CW 2009-11-28 1228 ZL2AGY        599 32     LY2W          599 15
QSO:  7035 CW 2009-11-28 1229 ZL2AGY        599 32     HC8GR         599 10
QSO:  7039 CW 2009-11-28 1230 ZL2AGY        599 32     KH6ND         599 31
QSO:  7040 CW 2009-11-28 1232 ZL2AGY        599 32     RW0A          599 18
QSO:  7043 CW 2009-11-28 1236 ZL2AGY        599 32     SN2K          599 15
QSO:  7051 CW 2009-11-28 1239 ZL2AGY        599 32     OH2PQ         599 15
QSO:  7057 CW 2009-11-28 1242 ZL2AGY        599 32     LY7A          599 15
QSO:  7057 CW 2009-11-28 1245 ZL2AGY        599 32     OK1DG         599 15
QSO:  7060 CW 2009-11-28 1245 ZL2AGY        599 32     ES5RY         599 15
QSO:  7061 CW 2009-11-28 1246 ZL2AGY        599 32     BY1CW         599 24
QSO:  7048 CW 2009-11-28 1249 ZL2AGY        599 32     UA6LTI        599 16
QSO:  7047 CW 2009-11-28 1250 ZL2AGY        599 32     YB3TD         599 28
QSO:  7038 CW 2009-11-28 1256 ZL2AGY        599 32     SK3W          599 14
QSO:  7032 CW 2009-11-28 1305 ZL2AGY        599 32     JH4UTP        599 25
QSO:  7028 CW 2009-11-28 1309 ZL2AGY        599 32     K9CJ          599 04
QSO:  7028 CW 2009-11-28 1310 ZL2AGY        599 32     VE2BWL        599 05
QSO:  7028 CW 2009-11-28 1311 ZL2AGY        599 32     W1OX          599 05
QSO:  7028 CW 2009-11-28 1312 ZL2AGY        599 32     WE3C          599 05
QSO:  7028 CW 2009-11-28 1313 ZL2AGY        599 32     UA3MNB        599 16
QSO:  7028 CW 2009-11-28 1314 ZL2AGY        599 32     OV3X          599 14
QSO:  7028 CW 2009-11-28 1314 ZL2AGY        599 32     KC1XX         599 05
QSO:  7028 CW 2009-11-28 1315 ZL2AGY        599 32     NQ4I          599 05
QSO:  7028 CW 2009-11-28 1315 ZL2AGY        599 32     K0FX          599 04
QSO:  7028 CW 2009-11-28 1316 ZL2AGY        599 32     K4XD          599 05
QSO:  7028 CW 2009-11-28 1317 ZL2AGY        599 32     RN3QY         599 16
QSO:  7028 CW 2009-11-28 1325 ZL2AGY        599 32     OH2U          599 15
QSO:  7030 CW 2009-11-28 1329 ZL2AGY        599 32     N7DD          599 03
QSO:  7031 CW 2009-11-28 1333 ZL2AGY        599 32     T88CI         599 27
QSO:  7035 CW 2009-11-28 1345 ZL2AGY        599 32     RA6LBS        599 16
QSO:  7037 CW 2009-11-28 1352 ZL2AGY        599 32     YT0A          599 15
QSO:  7039 CW 2009-11-28 1400 ZL2AGY        599 32     WS6X          599 04
QSO:  7040 CW 2009-11-28 1403 ZL2AGY        599 32     WH6R          599 31
QSO:  7042 CW 2009-11-28 1412 ZL2AGY        599 32     S57M          599 15
QSO:  7044 CW 2009-11-28 1418 ZL2AGY        599 32     OE3GSA        599 15
QSO:  7047 CW 2009-11-28 1424 ZL2AGY        599 32     YL2GD         599 15
QSO:  7052 CW 2009-11-28 1433 ZL2AGY        599 32     SP4TKR        599 15
QSO:  7055 CW 2009-11-28 1450 ZL2AGY        599 32     9A2VJ         599 15
QSO:  7058 CW 2009-11-28 1455 ZL2AGY        599 32     9A2VJ         599 15
QSO:  7004 CW 2009-11-28 1508 ZL2AGY        599 32     RK4FWX        599 16
QSO:  7007 CW 2009-11-28 1516 ZL2AGY        599 32     UW2I          599 16
QSO:  7022 CW 2009-11-28 1527 ZL2AGY        599 32     9A4D          599 15
QSO:  7023 CW 2009-11-28 1531 ZL2AGY        599 32     9A1O          599 15
QSO:  7021 CW 2009-11-28 1543 ZL2AGY        599 32     DL1A          599 14
QSO:  7032 CW 2009-11-28 1556 ZL2AGY        599 32     IG9W          599 33
QSO:  7043 CW 2009-11-28 1604 ZL2AGY        599 32     OE8Q          599 15
QSO:  7054 CW 2009-11-28 1610 ZL2AGY        599 32     JA1ZGP        599 25
QSO:  7001 CW 2009-11-28 1615 ZL2AGY        599 32     YT1VP         599 15
QSO:  7003 CW 2009-11-28 1618 ZL2AGY        599 32     DF0HQ         599 14
QSO:  7006 CW 2009-11-28 1621 ZL2AGY        599 32     OM8A          599 15
QSO:  7006 CW 2009-11-28 1623 ZL2AGY        599 32     OL4A          599 15
QSO:  7007 CW 2009-11-28 1623 ZL2AGY        599 32     ZM1A          599 32
QSO:  7008 CW 2009-11-28 1629 ZL2AGY        599 32     EA5CW         599 14
QSO:  7015 CW 2009-11-28 1644 ZL2AGY        599 32     RT6A          599 16
QSO:  7015 CW 2009-11-28 1648 ZL2AGY        599 32     LZ8I          599 20
QSO:  7033 CW 2009-11-28 1706 ZL2AGY        599 32     OK1Z          599 15
QSO:  7034 CW 2009-11-28 1709 ZL2AGY        599 32     9A1A          599 15
QSO:  7036 CW 2009-11-28 1713 ZL2AGY        599 32     S50A          599 15
QSO:  7001 CW 2009-11-28 1721 ZL2AGY        599 32     HA8JV         599 15
QSO:  7014 CW 2009-11-28 1730 ZL2AGY        599 32     9A5K          599 15
QSO:  7015 CW 2009-11-28 1735 ZL2AGY        599 32     LX7I          599 14
QSO:  7016 CW 2009-11-28 1738 ZL2AGY        599 32     TK5A          599 15
QSO:  7018 CW 2009-11-28 1741 ZL2AGY        599 32     OM7M          599 15
QSO:  7017 CW 2009-11-28 1752 ZL2AGY        599 32     UX5D          599 16
QSO:  7009 CW 2009-11-28 1755 ZL2AGY        599 32     HG1S          599 14
QSO:  7066 CW 2009-11-28 1801 ZL2AGY        599 32     CT1JLZ        599 14
QSO:  7056 CW 2009-11-28 1803 ZL2AGY        599 32     UT2UZ         599 16
QSO:  7050 CW 2009-11-28 1807 ZL2AGY        599 32     AM5M          599 14
QSO:  7033 CW 2009-11-28 1811 ZL2AGY        599 32     EE2W          599 14
QSO:  7032 CW 2009-11-28 1812 ZL2AGY        599 32     IR4X          599 15
QSO:  7031 CW 2009-11-28 1813 ZL2AGY        599 32     LZ9W          599 20
QSO:  7027 CW 2009-11-28 1817 ZL2AGY        599 32     S57DX         599 15
QSO:  7023 CW 2009-11-28 1819 ZL2AGY        599 32     S50B          599 15
QSO:  7022 CW 2009-11-28 1819 ZL2AGY        599 32     S57Z          599 15
QSO:  7020 CW 2009-11-28 1822 ZL2AGY        599 32     OK5W          599 15
QSO:  7020 CW 2009-11-28 1823 ZL2AGY        599 32     SO8A          599 15
QSO:  7019 CW 2009-11-28 1824 ZL2AGY        599 32     UZ2M          599 16
QSO:  7013 CW 2009-11-28 1826 ZL2AGY        599 32     IR1Y          599 15
QSO:  7012 CW 2009-11-28 1832 ZL2AGY        599 32     AO3T          599 14
QSO: 21010 CW 2009-11-28 1837 ZL2AGY        599 32     W7UT          599 03
QSO: 21010 CW 2009-11-28 1838 ZL2AGY        599 32     K1TO          599 05
QSO: 21009 CW 2009-11-28 1842 ZL2AGY        599 32     W0AIH         599 04
QSO: 21016 CW 2009-11-28 1844 ZL2AGY        599 32     VE3EJ         599 04
QSO: 21023 CW 2009-11-28 1845 ZL2AGY        599 32     K3LR          599 05
QSO: 21026 CW 2009-11-28 1848 ZL2AGY        599 32     ZP0R          599 11
QSO: 21029 CW 2009-11-28 1857 ZL2AGY        599 32     K9NR          599 04
QSO: 21057 CW 2009-11-28 1903 ZL2AGY        599 32     LW1E          599 13
QSO: 21026 CW 2009-11-28 1906 ZL2AGY        599 32     W7RN          599 03
QSO: 21026 CW 2009-11-28 1906 ZL2AGY        599 32     AE9F          599 03
QSO: 21026 CW 2009-11-28 1907 ZL2AGY        599 32     WK2G          599 05
QSO: 21027 CW 2009-11-28 1915 ZL2AGY        599 32     VE3KZ         599 04
QSO: 21027 CW 2009-11-28 1915 ZL2AGY        599 32     K4XU          599 03
QSO: 21027 CW 2009-11-28 1916 ZL2AGY        599 32     N7NG          599 04
QSO: 21027 CW 2009-11-28 1920 ZL2AGY        599 32     N4FD          599 05
QSO: 21027 CW 2009-11-28 1921 ZL2AGY        599 32     N1NK          599 05
QSO: 21027 CW 2009-11-28 1923 ZL2AGY        599 32     NQ4I          599 05
QSO: 21027 CW 2009-11-28 1925 ZL2AGY        599 32     WB4TDH        599 05
QSO: 21027 CW 2009-11-28 1932 ZL2AGY        599 32     NG0T          599 04
QSO: 21027 CW 2009-11-28 1935 ZL2AGY        599 32     W3LPL         599 05
QSO: 21027 CW 2009-11-28 1935 ZL2AGY        599 32     K3QIA         599 05
QSO: 21027 CW 2009-11-28 1937 ZL2AGY        599 32     W2CR          599 05
QSO: 21027 CW 2009-11-28 1945 ZL2AGY        599 32     K4FJ          599 05
QSO: 21022 CW 2009-11-28 1948 ZL2AGY        599 32     NR5M          599 04
QSO: 21025 CW 2009-11-28 2000 ZL2AGY        599 32     W3AU          599 05
QSO: 21029 CW 2009-11-28 2005 ZL2AGY        599 32     NL7Z          599 01
QSO: 14001 CW 2009-11-28 2012 ZL2AGY        599 32     KC1XX         599 05
QSO: 14008 CW 2009-11-28 2014 ZL2AGY        599 32     NQ4I          599 05
QSO: 14008 CW 2009-11-28 2015 ZL2AGY        599 32     TX1B          599 32
QSO: 14011 CW 2009-11-28 2016 ZL2AGY        599 32     W3LPL         599 05
QSO: 14049 CW 2009-11-28 2017 ZL2AGY        599 32     VK7GN         599 30
QSO: 14020 CW 2009-11-28 2022 ZL2AGY        599 32     NR4M          599 05
QSO: 14012 CW 2009-11-28 2023 ZL2AGY        599 32     W4RX          599 05
QSO: 14004 CW 2009-11-28 2025 ZL2AGY        599 32     K5GO          599 04
QSO: 14028 CW 2009-11-28 2028 ZL2AGY        599 32     A31A          599 32
QSO: 14034 CW 2009-11-28 2029 ZL2AGY        599 32     VE3EJ         599 04
QSO: 14040 CW 2009-11-28 2030 ZL2AGY        599 32     NZ1U          599 05
QSO: 28018 CW 2009-11-28 2038 ZL2AGY        599 32     ZL1AZE        599 32
QSO: 28026 CW 2009-11-28 2039 ZL2AGY        599 32     NA4CW         599 05
QSO: 28026 CW 2009-11-28 2040 ZL2AGY        599 32     K1TO          599 05
QSO: 28004 CW 2009-11-28 2048 ZL2AGY        599 32     K4WI          599 04
QSO: 21015 CW 2009-11-28 2155 ZL2AGY        599 32     K6NA          599 03
QSO: 21015 CW 2009-11-28 2158 ZL2AGY        599 32     N4RA          599 05
QSO: 21015 CW 2009-11-28 2202 ZL2AGY        599 32     KC1XX         599 05
QSO: 21015 CW 2009-11-28 2202 ZL2AGY        599 32     N4PN          599 05
QSO: 21015 CW 2009-11-28 2206 ZL2AGY        599 32     N0NI          599 04
QSO: 21015 CW 2009-11-28 2206 ZL2AGY        599 32     K5KG          599 05
QSO: 21015 CW 2009-11-28 2207 ZL2AGY        599 32     W0VX          599 04
QSO: 21015 CW 2009-11-28 2207 ZL2AGY        599 32     W7ZR          599 03
QSO: 21015 CW 2009-11-28 2207 ZL2AGY        599 32     KF7E          599 03
QSO: 21015 CW 2009-11-28 2208 ZL2AGY        599 32     N5ZK          599 04
QSO: 21015 CW 2009-11-28 2209 ZL2AGY        599 32     WC1M          599 05
QSO: 21015 CW 2009-11-28 2209 ZL2AGY        599 32     N4WW          599 05
QSO: 21015 CW 2009-11-28 2210 ZL2AGY        599 32     K0RI          599 04
QSO: 21015 CW 2009-11-28 2210 ZL2AGY        599 32     K0TO          599 03
QSO: 21015 CW 2009-11-28 2212 ZL2AGY        599 32     K5NA          599 04
QSO: 21015 CW 2009-11-28 2213 ZL2AGY        599 32     N8RR          599 05
QSO: 21015 CW 2009-11-28 2214 ZL2AGY        599 32     AJ4F          599 04
QSO: 21015 CW 2009-11-28 2215 ZL2AGY        599 32     N4TX          599 05
QSO: 21015 CW 2009-11-28 2218 ZL2AGY        599 32     N6QQ          599 03
QSO: 21015 CW 2009-11-28 2222 ZL2AGY        599 32     WN6K          599 03
QSO: 21015 CW 2009-11-28 2224 ZL2AGY        599 32     NR4M          599 05
QSO: 21015 CW 2009-11-28 2226 ZL2AGY        599 32     K4LTA         599 05
QSO: 21015 CW 2009-11-28 2245 ZL2AGY        599 32     K5LJ          599 04
QSO: 21015 CW 2009-11-28 2247 ZL2AGY        599 32     W6OAT         599 03
QSO: 21015 CW 2009-11-28 2248 ZL2AGY        599 32     K0IR          599 05
QSO: 21015 CW 2009-11-28 2249 ZL2AGY        599 32     K4RO          599 04
QSO: 21015 CW 2009-11-28 2252 ZL2AGY        599 32     K5GM          599 05
QSO: 21015 CW 2009-11-28 2252 ZL2AGY        599 32     N4KG          599 05
QSO: 21015 CW 2009-11-28 2253 ZL2AGY        599 32     W6KH          599 03
QSO: 21015 CW 2009-11-28 2254 ZL2AGY        599 32     VK4EJ         599 30
QSO: 21015 CW 2009-11-28 2258 ZL2AGY        599 32     VK2PN         599 30
QSO: 21015 CW 2009-11-28 2306 ZL2AGY        599 32     K7GK          599 03
QSO: 21017 CW 2009-11-28 2309 ZL2AGY        599 32     TX1B          599 32
QSO: 21039 CW 2009-11-28 2318 ZL2AGY        599 32     JH4UYB        599 25
QSO: 21015 CW 2009-11-28 2323 ZL2AGY        599 32     JR1MQ         599 25
QSO: 21008 CW 2009-11-28 2333 ZL2AGY        599 32     ZL1AZE        599 32
QSO: 21016 CW 2009-11-28 2341 ZL2AGY        599 32     N7DD          599 03
QSO: 21018 CW 2009-11-28 2342 ZL2AGY        599 32     JR1CBC        599 25
QSO: 21014 CW 2009-11-28 2346 ZL2AGY        599 32     ZM4T          599 32
QSO: 21016 CW 2009-11-28 2348 ZL2AGY        599 32     VK3FM         599 30
QSO: 28004 CW 2009-11-29 0008 ZL2AGY        599 32     JA5FDJ        599 25
QSO: 28007 CW 2009-11-29 0009 ZL2AGY        599 32     JA1ZGP        599 25
QSO: 28019 CW 2009-11-29 0011 ZL2AGY        599 32     JA3YBK        599 25
QSO: 28022 CW 2009-11-29 0016 ZL2AGY        599 32     VK4KW         599 30
QSO: 28025 CW 2009-11-29 0020 ZL2AGY        599 32     JA1IKA        599 25
QSO: 28025 CW 2009-11-29 0021 ZL2AGY        599 32     JQ1ABC        599 25
QSO: 28025 CW 2009-11-29 0024 ZL2AGY        599 32     JA2AXB        599 25
QSO: 28025 CW 2009-11-29 0025 ZL2AGY        599 32     JF1PJK        599 25
QSO: 28025 CW 2009-11-29 0029 ZL2AGY        599 32     JA1FNO        599 25
QSO: 28025 CW 2009-11-29 0030 ZL2AGY        599 32     VK4PN         599 30
QSO: 28025 CW 2009-11-29 0031 ZL2AGY        599 32     JH4UTP        599 25
QSO: 28005 CW 2009-11-29 0041 ZL2AGY        599 32     B7P           599 24
QSO: 14019 CW 2009-11-29 0107 ZL2AGY        599 32     RW0CWA        599 19
QSO: 14020 CW 2009-11-29 0108 ZL2AGY        599 32     K7GK          599 03
QSO: 14032 CW 2009-11-29 0111 ZL2AGY        599 32     JH3AIU        599 25
QSO: 14034 CW 2009-11-29 0114 ZL2AGY        599 32     UA0CM         599 19
QSO: 14034 CW 2009-11-29 0117 ZL2AGY        599 32     VK4EJ         599 30
QSO: 14041 CW 2009-11-29 0124 ZL2AGY        599 32     JA7FTR        599 25
QSO: 14050 CW 2009-11-29 0130 ZL2AGY        599 32     JA0QNJ        599 25
QSO: 14054 CW 2009-11-29 0132 ZL2AGY        599 32     JK1OPL        599 25
QSO: 14060 CW 2009-11-29 0134 ZL2AGY        599 32     JA5FDJ        599 25
QSO: 14048 CW 2009-11-29 0135 ZL2AGY        599 32     JH4UYB        599 25
QSO: 14030 CW 2009-11-29 0147 ZL2AGY        599 32     JA7COI        599 25
QSO: 14018 CW 2009-11-29 0250 ZL2AGY        599 32     T88CI         599 27
QSO: 14002 CW 2009-11-29 0253 ZL2AGY        599 32     JH1RNI        599 25
QSO: 14030 CW 2009-11-29 0319 ZL2AGY        599 32     KH6BZN        599 31
QSO: 14033 CW 2009-11-29 0322 ZL2AGY        599 32     RZ9HT         599 18
QSO: 14034 CW 2009-11-29 0326 ZL2AGY        599 32     RW0A          599 18
QSO: 14044 CW 2009-11-29 0335 ZL2AGY        599 32     JA5APU        599 25
QSO: 14018 CW 2009-11-29 0345 ZL2AGY        599 32     CW5W          599 13
QSO: 14016 CW 2009-11-29 0354 ZL2AGY        599 32     W1MU          599 05
QSO: 14012 CW 2009-11-29 0420 ZL2AGY        599 32     KH6QN         599 31
QSO: 14017 CW 2009-11-29 0423 ZL2AGY        599 32     W3HKL         599 05
QSO: 14028 CW 2009-11-29 0437 ZL2AGY        599 32     VE7GL         599 03
QSO: 14028 CW 2009-11-29 0438 ZL2AGY        599 32     JJ2JQF        599 25
QSO: 14006 CW 2009-11-29 0456 ZL2AGY        599 32     UA0ZAM        599 19
QSO: 14014 CW 2009-11-29 0501 ZL2AGY        599 32     JH8CZB        599 25
QSO: 14016 CW 2009-11-29 0505 ZL2AGY        599 32     JA8DLE        599 25
QSO: 14020 CW 2009-11-29 0508 ZL2AGY        599 32     K6MI          599 03
QSO:  7006 CW 2009-11-29 0513 ZL2AGY        599 32     NZ1U          599 05
QSO:  7007 CW 2009-11-29 0514 ZL2AGY        599 32     K1RX          599 05
QSO:  7008 CW 2009-11-29 0518 ZL2AGY        599 32     WW2DX         599 05
QSO:  7033 CW 2009-11-29 0524 ZL2AGY        599 32     N5AW          599 04
QSO:  7034 CW 2009-11-29 0525 ZL2AGY        599 32     4X0G          599 20
QSO:  7036 CW 2009-11-29 0532 ZL2AGY        599 32     HA5X          599 15
QSO:  7046 CW 2009-11-29 0537 ZL2AGY        599 32     K3CR          599 05
QSO:  7046 CW 2009-11-29 0538 ZL2AGY        599 32     K8PO          599 05
QSO:  7047 CW 2009-11-29 0539 ZL2AGY        599 32     EA8URL        599 33
QSO:  7051 CW 2009-11-29 0542 ZL2AGY        599 32     K0TV          599 05
QSO:  7052 CW 2009-11-29 0545 ZL2AGY        599 32     W3BGN         599 05
QSO:  7053 CW 2009-11-29 0547 ZL2AGY        599 32     AN8R          599 33
QSO:  7059 CW 2009-11-29 0555 ZL2AGY        599 32     P33W          599 20
QSO:  7060 CW 2009-11-29 0556 ZL2AGY        599 32     EA7RM         599 14
QSO:  7061 CW 2009-11-29 0557 ZL2AGY        599 32     AC8W          599 04
QSO:  7062 CW 2009-11-29 0558 ZL2AGY        599 32     CR5X          599 14
QSO:  7062 CW 2009-11-29 0600 ZL2AGY        599 32     TC4X          599 20
QSO:  7064 CW 2009-11-29 0601 ZL2AGY        599 32     W0AIH         599 04
QSO:  7065 CW 2009-11-29 0602 ZL2AGY        599 32     YU9DX         599 15
QSO:  7068 CW 2009-11-29 0603 ZL2AGY        599 32     H7A           599 07
QSO:  7070 CW 2009-11-29 0604 ZL2AGY        599 32     S57Q          599 15
QSO:  7002 CW 2009-11-29 0606 ZL2AGY        599 32     NR4M          599 05
QSO:  7004 CW 2009-11-29 0611 ZL2AGY        599 32     EA6IB         599 14
QSO:  7004 CW 2009-11-29 0612 ZL2AGY        599 32     VK2SU         599 30
QSO:  7004 CW 2009-11-29 0614 ZL2AGY        599 32     9A4WY         599 15
QSO:  7004 CW 2009-11-29 0615 ZL2AGY        599 32     K0KL          599 04
QSO:  7004 CW 2009-11-29 0616 ZL2AGY        599 32     N7FF          599 04
QSO:  7004 CW 2009-11-29 0619 ZL2AGY        599 32     S58Q          599 15
QSO:  7004 CW 2009-11-29 0619 ZL2AGY        599 32     N3RR          599 05
QSO:  7004 CW 2009-11-29 0620 ZL2AGY        599 32     W6ENZ         599 03
QSO:  7006 CW 2009-11-29 0630 ZL2AGY        599 32     DR1A          599 14
QSO:  7006 CW 2009-11-29 0631 ZL2AGY        599 32     K2K           599 05
QSO:  7012 CW 2009-11-29 0632 ZL2AGY        599 32     HA5MK         599 15
QSO:  7014 CW 2009-11-29 0634 ZL2AGY        599 32     LY7I          599 14
QSO:  7014 CW 2009-11-29 0637 ZL2AGY        599 32     K1TTT         599 05
QSO:  7015 CW 2009-11-29 0638 ZL2AGY        599 32     IO5O          599 15
QSO:  7015 CW 2009-11-29 0640 ZL2AGY        599 32     W5VX          599 04
QSO:  7016 CW 2009-11-29 0642 ZL2AGY        599 32     HG5A          599 15
QSO:  7027 CW 2009-11-29 0647 ZL2AGY        599 32     NY4A          599 05
QSO:  7034 CW 2009-11-29 0649 ZL2AGY        599 32     EA5KA         599 14
QSO:  7047 CW 2009-11-29 0651 ZL2AGY        599 32     SP4Z          599 15
QSO:  7048 CW 2009-11-29 0652 ZL2AGY        599 32     LY5R          599 15
QSO:  7049 CW 2009-11-29 0656 ZL2AGY        599 32     IS0/K7QB      599 15
QSO:  7050 CW 2009-11-29 0656 ZL2AGY        599 32     K5GO          599 04
QSO:  7051 CW 2009-11-29 0657 ZL2AGY        599 32     K9RS          599 05
QSO:  7058 CW 2009-11-29 0700 ZL2AGY        599 32     VE3CR         599 04
QSO:  7073 CW 2009-11-29 0702 ZL2AGY        599 32     YU5RA         599 15
QSO:  7074 CW 2009-11-29 0703 ZL2AGY        599 32     CT3KN         599 33
QSO: 21030 CW 2009-11-29 0710 ZL2AGY        599 32     RX9TL/9       599 16
QSO: 21040 CW 2009-11-29 0712 ZL2AGY        599 32     DF9ZP         599 14
QSO: 21044 CW 2009-11-29 0713 ZL2AGY        599 32     JS6RRR        599 25
QSO: 21046 CW 2009-11-29 0715 ZL2AGY        599 32     JH6RGY        599 25
QSO: 21048 CW 2009-11-29 0718 ZL2AGY        599 32     OK3R          599 15
QSO: 21059 CW 2009-11-29 0723 ZL2AGY        599 32     DR1A          599 14
QSO: 21012 CW 2009-11-29 0729 ZL2AGY        599 32     JR3EJI        599 25
QSO: 21014 CW 2009-11-29 0733 ZL2AGY        599 32     LX7I          599 14
QSO: 21018 CW 2009-11-29 0745 ZL2AGY        599 32     OL5Q          599 15
QSO: 21019 CW 2009-11-29 0746 ZL2AGY        599 32     OK1IC         599 15
QSO: 21022 CW 2009-11-29 0749 ZL2AGY        599 32     DJ5QV         599 14
QSO: 21023 CW 2009-11-29 0751 ZL2AGY        599 32     YL4U          599 15
QSO: 21034 CW 2009-11-29 0801 ZL2AGY        599 32     RN9S          599 17
QSO: 21036 CW 2009-11-29 0804 ZL2AGY        599 32     F6HKA         599 14
QSO: 21037 CW 2009-11-29 0809 ZL2AGY        599 32     E21EIC        599 26
QSO: 21038 CW 2009-11-29 0810 ZL2AGY        599 32     DF0HQ         599 14
QSO: 21039 CW 2009-11-29 0811 ZL2AGY        599 32     OK7CM         599 15
QSO: 21042 CW 2009-11-29 0812 ZL2AGY        599 32     EE2W          599 14
QSO: 21046 CW 2009-11-29 0818 ZL2AGY        599 32     JS6RGY        599 25
QSO: 21046 CW 2009-11-29 0823 ZL2AGY        599 32     RX9SA         599 16
QSO: 21048 CW 2009-11-29 0824 ZL2AGY        599 32     RG9A          599 17
QSO: 21052 CW 2009-11-29 0824 ZL2AGY        599 32     OK5W          599 15
QSO: 21055 CW 2009-11-29 0826 ZL2AGY        599 32     UZ2M          599 16
QSO: 21055 CW 2009-11-29 0826 ZL2AGY        599 32     YT2W          599 15
QSO: 21057 CW 2009-11-29 0827 ZL2AGY        599 32     HB9CA         599 14
QSO: 21058 CW 2009-11-29 0829 ZL2AGY        599 32     UA9CLB        599 17
QSO: 21067 CW 2009-11-29 0833 ZL2AGY        599 32     F5UTN         599 14
QSO: 21005 CW 2009-11-29 0835 ZL2AGY        599 32     HA0LC         599 15
QSO: 21005 CW 2009-11-29 0836 ZL2AGY        599 32     SP4Z          599 15
QSO: 21005 CW 2009-11-29 0837 ZL2AGY        599 32     UA3QFU        599 16
QSO: 21005 CW 2009-11-29 0837 ZL2AGY        599 32     UA9BS         599 17
QSO: 21005 CW 2009-11-29 0838 ZL2AGY        599 32     UA3DKT        599 16
QSO: 21005 CW 2009-11-29 0839 ZL2AGY        599 32     OH2BJ         599 15
QSO: 21005 CW 2009-11-29 0841 ZL2AGY        599 32     OK2PCL        599 15
QSO: 21005 CW 2009-11-29 0842 ZL2AGY        599 32     S57DX         599 15
QSO: 21005 CW 2009-11-29 0843 ZL2AGY        599 32     UX0FF         599 16
QSO: 21005 CW 2009-11-29 0843 ZL2AGY        599 32     RX3AGD        599 16
QSO: 21005 CW 2009-11-29 0843 ZL2AGY        599 32     LY3W          599 15
QSO: 21005 CW 2009-11-29 0844 ZL2AGY        599 32     RK3IM         599 16
QSO: 21005 CW 2009-11-29 0844 ZL2AGY        599 32     OM3LK         599 15
QSO: 21005 CW 2009-11-29 0845 ZL2AGY        599 32     DL1STG        599 14
QSO: 21005 CW 2009-11-29 0846 ZL2AGY        599 32     HA0NAR        599 15
QSO: 21005 CW 2009-11-29 0846 ZL2AGY        599 32     DL5AN         599 14
QSO: 21005 CW 2009-11-29 0847 ZL2AGY        599 32     SN7C          599 15
QSO: 21005 CW 2009-11-29 0847 ZL2AGY        599 32     RW2F          599 15
QSO: 21005 CW 2009-11-29 0848 ZL2AGY        599 32     OK6T          599 15
QSO: 21005 CW 2009-11-29 0849 ZL2AGY        599 32     OL9R          599 15
QSO: 21005 CW 2009-11-29 0849 ZL2AGY        599 32     OM7M          599 15
QSO: 21005 CW 2009-11-29 0850 ZL2AGY        599 32     OK2BPU        599 15
QSO: 21005 CW 2009-11-29 0850 ZL2AGY        599 32     DL5AN         599 14
QSO: 21005 CW 2009-11-29 0851 ZL2AGY        599 32     DL7BA         599 14
QSO: 21005 CW 2009-11-29 0852 ZL2AGY        599 32     DL1LQA        599 14
QSO: 21005 CW 2009-11-29 0852 ZL2AGY        599 32     RA6GW         599 16
QSO: 21005 CW 2009-11-29 0854 ZL2AGY        599 32     YO3FF         599 20
QSO: 21005 CW 2009-11-29 0854 ZL2AGY        599 32     OK1KT         599 15
QSO: 21005 CW 2009-11-29 0855 ZL2AGY        599 32     PI4TUE        599 14
QSO: 21005 CW 2009-11-29 0855 ZL2AGY        599 32     S51FB         599 15
QSO: 21005 CW 2009-11-29 0855 ZL2AGY        599 32     S56A          599 15
QSO: 21005 CW 2009-11-29 0856 ZL2AGY        599 32     HA3LI         599 15
QSO: 21005 CW 2009-11-29 0856 ZL2AGY        599 32     LY4T          599 15
QSO: 21005 CW 2009-11-29 0858 ZL2AGY        599 32     LY2OU         599 15
QSO: 21005 CW 2009-11-29 0858 ZL2AGY        599 32     LY5R          599 15
QSO: 21005 CW 2009-11-29 0859 ZL2AGY        599 32     S59ABC        599 15
QSO: 21005 CW 2009-11-29 0859 ZL2AGY        599 32     IK2YXB        599 15
QSO: 21005 CW 2009-11-29 0900 ZL2AGY        599 32     RX3AT         599 16
QSO: 21005 CW 2009-11-29 0901 ZL2AGY        599 32     DL9MS         599 14
QSO: 21005 CW 2009-11-29 0902 ZL2AGY        599 32     DL1RTL        599 14
QSO: 21005 CW 2009-11-29 0904 ZL2AGY        599 32     UU6JJ         599 16
QSO: 21005 CW 2009-11-29 0905 ZL2AGY        599 32     VK6HG         599 29
QSO: 21005 CW 2009-11-29 0914 ZL2AGY        599 32     RU3UR         599 16
QSO: 21016 CW 2009-11-29 0921 ZL2AGY        599 32     HG3M          599 15
QSO: 21021 CW 2009-11-29 0923 ZL2AGY        599 32     HB9CA         599 14
QSO: 21022 CW 2009-11-29 0926 ZL2AGY        599 32     IR4M          599 15
QSO: 21024 CW 2009-11-29 0926 ZL2AGY        599 32     YU2EF         599 15
QSO: 21030 CW 2009-11-29 0929 ZL2AGY        599 32     UW1M          599 16
QSO: 21032 CW 2009-11-29 0930 ZL2AGY        599 32     9A1P          599 15
QSO: 21033 CW 2009-11-29 0932 ZL2AGY        599 32     UT5JAJ        599 16
QSO: 21037 CW 2009-11-29 0934 ZL2AGY        599 32     TM0R          599 14
QSO: 21046 CW 2009-11-29 0934 ZL2AGY        599 32     DL1A          599 14
QSO: 21050 CW 2009-11-29 0936 ZL2AGY        599 32     S52ZW         599 15
QSO: 21057 CW 2009-11-29 0940 ZL2AGY        599 32     LZ5A          599 20
QSO: 21058 CW 2009-11-29 0941 ZL2AGY        599 32     S52QM         599 15
QSO: 21070 CW 2009-11-29 0945 ZL2AGY        599 32     EW4AA         599 16
QSO: 21055 CW 2009-11-29 0947 ZL2AGY        599 32     YU1KX         599 15
QSO: 21054 CW 2009-11-29 0948 ZL2AGY        599 32     S53AK         599 15
QSO: 21054 CW 2009-11-29 0949 ZL2AGY        599 32     F8IXZ         599 14
QSO: 21052 CW 2009-11-29 0950 ZL2AGY        599 32     IR4X          599 15
QSO: 21002 CW 2009-11-29 0958 ZL2AGY        599 32     YT7Z          599 15
QSO: 21046 CW 2009-11-29 1013 ZL2AGY        599 32     F5KIN         599 14
QSO: 21047 CW 2009-11-29 1014 ZL2AGY        599 32     9A1A          599 15
QSO: 21057 CW 2009-11-29 1018 ZL2AGY        599 32     S51FB         599 15
QSO: 21064 CW 2009-11-29 1023 ZL2AGY        599 32     9A7D          599 15
QSO: 21012 CW 2009-11-29 1025 ZL2AGY        599 32     RK4FWX        599 16
QSO: 14001 CW 2009-11-29 1030 ZL2AGY        599 32     EE2W          599 14
QSO: 14006 CW 2009-11-29 1035 ZL2AGY        599 32     DL1A          599 14
QSO: 14013 CW 2009-11-29 1042 ZL2AGY        599 32     S50K          599 14
QSO: 14013 CW 2009-11-29 1044 ZL2AGY        599 32     HG3R          599 15
QSO: 14024 CW 2009-11-29 1054 ZL2AGY        599 32     RN3QO         599 16
QSO: 14034 CW 2009-11-29 1113 ZL2AGY        599 32     9A1A          599 15
QSO: 14043 CW 2009-11-29 1118 ZL2AGY        599 32     HA8JV         599 15
QSO: 14044 CW 2009-11-29 1120 ZL2AGY        599 32     OL8M          599 15
QSO: 14045 CW 2009-11-29 1123 ZL2AGY        599 32     HB9CA         599 14
QSO: 14052 CW 2009-11-29 1127 ZL2AGY        599 32     P29CW         599 28
QSO: 14041 CW 2009-11-29 1131 ZL2AGY        599 32     DL5WW         599 14
QSO:  7004 CW 2009-11-29 1141 ZL2AGY        599 32     OH1BH         599 15
QSO:  7005 CW 2009-11-29 1143 ZL2AGY        599 32     K0EU          599 04
QSO:  7016 CW 2009-11-29 1149 ZL2AGY        599 32     RW0LT         599 19
QSO:  7020 CW 2009-11-29 1153 ZL2AGY        599 32     W7SW          599 03
QSO:  7020 CW 2009-11-29 1155 ZL2AGY        599 32     SM2CEW        599 14
QSO:  7020 CW 2009-11-29 1155 ZL2AGY        599 32     W6OAT         599 03
QSO:  7025 CW 2009-11-29 1201 ZL2AGY        599 32     OH2A          599 15
QSO:  7031 CW 2009-11-29 1206 ZL2AGY        599 32     KH6LC         599 31
QSO:  7034 CW 2009-11-29 1210 ZL2AGY        599 32     RW4HP         599 16
QSO:  7038 CW 2009-11-29 1214 ZL2AGY        599 32     RK9AX         599 17
QSO:  7043 CW 2009-11-29 1220 ZL2AGY        599 32     WH2D          599 27
QSO:  7044 CW 2009-11-29 1223 ZL2AGY        599 32     SO9S          599 15
QSO:  7051 CW 2009-11-29 1228 ZL2AGY        599 32     K7AR          599 01
QSO:  7051 CW 2009-11-29 1231 ZL2AGY        599 32     OH6M          599 15
QSO:  7052 CW 2009-11-29 1233 ZL2AGY        599 32     OH2PY         599 15
QSO:  7053 CW 2009-11-29 1234 ZL2AGY        599 32     SP6A          599 15
QSO:  7055 CW 2009-11-29 1237 ZL2AGY        599 32     UA3KA         599 16
QSO:  7015 CW 2009-11-29 1252 ZL2AGY        599 32     YU7W          599 15
QSO:  7027 CW 2009-11-29 1304 ZL2AGY        599 32     JM7OLW        599 25
QSO:  7046 CW 2009-11-29 1322 ZL2AGY        599 32     KG6DX         599 27
QSO:  7047 CW 2009-11-29 1326 ZL2AGY        599 32     OM8DD         599 15
QSO:  7057 CW 2009-11-29 1332 ZL2AGY        599 32     RV0CD         599 19
QSO:  7063 CW 2009-11-29 1337 ZL2AGY        599 32     9M2CNC        599 28
QSO:  7067 CW 2009-11-29 1339 ZL2AGY        599 32     JR9NVB        599 25
QSO:  7016 CW 2009-11-29 1347 ZL2AGY        599 32     UU5WW         599 16
QSO:  7023 CW 2009-11-29 1355 ZL2AGY        599 32     HG1S          599 14
QSO:  7026 CW 2009-11-29 1356 ZL2AGY        599 32     S52AW         599 15
QSO:  7022 CW 2009-11-29 1404 ZL2AGY        599 32     SM6DHU        599 14
QSO:  7019 CW 2009-11-29 1405 ZL2AGY        599 32     JA1YPA        599 25
QSO:  7019 CW 2009-11-29 1407 ZL2AGY        599 32     JR1DIU        599 25
QSO:  7019 CW 2009-11-29 1410 ZL2AGY        599 32     RV6LF         599 16
QSO:  7019 CW 2009-11-29 1413 ZL2AGY        599 32     SM6IQD        599 14
QSO:  7019 CW 2009-11-29 1415 ZL2AGY        599 32     JG1TVK        599 25
QSO:  7019 CW 2009-11-29 1418 ZL2AGY        599 32     JR4URW        599 25
QSO:  7019 CW 2009-11-29 1419 ZL2AGY        599 32     JO3DDD        599 25
QSO:  7019 CW 2009-11-29 1420 ZL2AGY        599 32     K6RR          599 03
QSO:  7019 CW 2009-11-29 1420 ZL2AGY        599 32     NG0T          599 04
QSO:  7019 CW 2009-11-29 1421 ZL2AGY        599 32     SN3T          599 15
QSO:  7019 CW 2009-11-29 1421 ZL2AGY        599 32     W6PU          599 04
QSO:  7019 CW 2009-11-29 1422 ZL2AGY        599 32     UA9UCK        599 18
QSO:  7019 CW 2009-11-29 1423 ZL2AGY        599 32     K7JI          599 03
QSO:  7019 CW 2009-11-29 1423 ZL2AGY        599 32     RA0QQ         599 19
QSO:  7019 CW 2009-11-29 1424 ZL2AGY        599 32     JN3SAC        599 25
QSO:  7019 CW 2009-11-29 1425 ZL2AGY        599 32     K6XT          599 04
QSO:  7019 CW 2009-11-29 1427 ZL2AGY        599 32     NW6P          599 03
QSO:  7019 CW 2009-11-29 1428 ZL2AGY        599 32     K8FC          599 04
QSO:  7019 CW 2009-11-29 1428 ZL2AGY        599 32     K7RST         599 03
QSO:  7019 CW 2009-11-29 1429 ZL2AGY        599 32     JA1XRH        599 25
QSO:  7019 CW 2009-11-29 1429 ZL2AGY        599 32     NW7E          599 03
QSO:  7019 CW 2009-11-29 1431 ZL2AGY        599 32     KJ9I          599 04
QSO:  7019 CW 2009-11-29 1431 ZL2AGY        599 32     RK4YJ         599 16
QSO:  7019 CW 2009-11-29 1433 ZL2AGY        599 32     LY1CX         599 15
QSO:  7019 CW 2009-11-29 1434 ZL2AGY        599 32     S53F          599 15
QSO:  7019 CW 2009-11-29 1434 ZL2AGY        599 32     RU9WX         599 16
QSO:  7019 CW 2009-11-29 1436 ZL2AGY        599 32     VE7VR         599 03
QSO:  7019 CW 2009-11-29 1436 ZL2AGY        599 32     K7WP          599 03
QSO:  7019 CW 2009-11-29 1436 ZL2AGY        599 32     LZ8E          599 20
QSO:  7019 CW 2009-11-29 1437 ZL2AGY        599 32     VE6LB         599 04
QSO:  7019 CW 2009-11-29 1441 ZL2AGY        599 32     W7WA          599 03
QSO:  7019 CW 2009-11-29 1441 ZL2AGY        599 32     OK1KT         599 15
QSO:  7019 CW 2009-11-29 1442 ZL2AGY        599 32     KY7M          599 03
QSO:  7019 CW 2009-11-29 1444 ZL2AGY        599 32     OK1DUT        599 15
QSO:  7019 CW 2009-11-29 1444 ZL2AGY        599 32     YO9HP         599 20
QSO:  7019 CW 2009-11-29 1445 ZL2AGY        599 32     IK8TEO        599 15
QSO:  7019 CW 2009-11-29 1448 ZL2AGY        599 32     RC9O          599 18
QSO:  7019 CW 2009-11-29 1449 ZL2AGY        599 32     VK5MAV        599 30
QSO:  7019 CW 2009-11-29 1449 ZL2AGY        599 32     RK9CWA        599 17
QSO:  7019 CW 2009-11-29 1450 ZL2AGY        599 32     K7IA          599 04
QSO:  7019 CW 2009-11-29 1451 ZL2AGY        599 32     LZ5ZI         599 20
QSO:  7019 CW 2009-11-29 1453 ZL2AGY        599 32     OK1KC         599 15
QSO:  7019 CW 2009-11-29 1455 ZL2AGY        599 32     Z35T          599 15
QSO:  7019 CW 2009-11-29 1456 ZL2AGY        599 32     UA9UZZ        599 18
QSO:  7019 CW 2009-11-29 1457 ZL2AGY        599 32     YO3JW         599 20
QSO:  7019 CW 2009-11-29 1457 ZL2AGY        599 32     RW6CF         599 16
QSO:  7019 CW 2009-11-29 1458 ZL2AGY        599 32     OK7FL         599 15
QSO:  7019 CW 2009-11-29 1500 ZL2AGY        599 32     LY2W          599 15
QSO:  7019 CW 2009-11-29 1501 ZL2AGY        599 32     JH0NEC        599 25
QSO:  7019 CW 2009-11-29 1503 ZL2AGY        599 32     9A1O          599 15
QSO:  7019 CW 2009-11-29 1504 ZL2AGY        599 32     N7ZG          599 03
QSO:  7019 CW 2009-11-29 1505 ZL2AGY        599 32     N6AW          599 03
QSO:  7019 CW 2009-11-29 1506 ZL2AGY        599 32     DL5ST         599 14
QSO:  7019 CW 2009-11-29 1508 ZL2AGY        599 32     F2NH          599 14
QSO:  7019 CW 2009-11-29 1509 ZL2AGY        599 32     N6ZM          599 03
QSO:  7019 CW 2009-11-29 1509 ZL2AGY        599 32     WN6M          599 03
QSO:  7019 CW 2009-11-29 1510 ZL2AGY        599 32     OE3I          599 15
QSO:  7019 CW 2009-11-29 1512 ZL2AGY        599 32     4X4DK         599 20
QSO:  7019 CW 2009-11-29 1514 ZL2AGY        599 32     YL4U          599 15
QSO:  7019 CW 2009-11-29 1515 ZL2AGY        599 32     K7ZA          599 03
QSO:  7063 CW 2009-11-29 1525 ZL2AGY        599 32     E21EIC        599 26
QSO:  7053 CW 2009-11-29 1527 ZL2AGY        599 32     S52C          599 15
QSO:  7049 CW 2009-11-29 1529 ZL2AGY        599 32     S58M          599 15
QSO:  7035 CW 2009-11-29 1534 ZL2AGY        599 32     C4I           599 20
QSO:  7033 CW 2009-11-29 1535 ZL2AGY        599 32     YR1C          599 20
QSO:  7028 CW 2009-11-29 1537 ZL2AGY        599 32     JR1BTG        599 25
QSO:  7022 CW 2009-11-29 1540 ZL2AGY        599 32     VQ99JC        599 39
QSO:  7018 CW 2009-11-29 1541 ZL2AGY        599 32     DL8QS         599 14
QSO:  7015 CW 2009-11-29 1545 ZL2AGY        599 32     HA8FM         599 15
QSO:  7014 CW 2009-11-29 1547 ZL2AGY        599 32     C4W           599 20
QSO:  7003 CW 2009-11-29 1556 ZL2AGY        599 32     UP0L          599 17
QSO:  3504 CW 2009-11-29 1605 ZL2AGY        599 32     RU1A          599 16
QSO:  3501 CW 2009-11-29 1608 ZL2AGY        599 32     OG5B          599 15
QSO:  3528 CW 2009-11-29 1617 ZL2AGY        599 32     JH1OGC        599 25
QSO:  7004 CW 2009-11-29 1621 ZL2AGY        599 32     VK8AV         599 29
QSO:  7016 CW 2009-11-29 1630 ZL2AGY        599 32     YT1E          599 15
QSO:  7016 CW 2009-11-29 1632 ZL2AGY        599 32     UA0ZAM        599 19
QSO:  7016 CW 2009-11-29 1636 ZL2AGY        599 32     HB9BIN        599 14
QSO:  7024 CW 2009-11-29 1641 ZL2AGY        599 32     CN3A          599 33
QSO:  7025 CW 2009-11-29 1641 ZL2AGY        599 32     JH3PRR        599 25
QSO:  7026 CW 2009-11-29 1642 ZL2AGY        599 32     YU1LA         599 15
QSO:  7026 CW 2009-11-29 1645 ZL2AGY        599 32     SP5AUY        599 15
QSO:  7026 CW 2009-11-29 1646 ZL2AGY        599 32     CT1FJK        599 14
QSO:  7026 CW 2009-11-29 1655 ZL2AGY        599 32     OE5OHO        599 15
QSO:  7026 CW 2009-11-29 1656 ZL2AGY        599 32     DL2HRE        599 14
QSO:  7026 CW 2009-11-29 1656 ZL2AGY        599 32     9A7T          599 15
QSO:  7026 CW 2009-11-29 1657 ZL2AGY        599 32     LZ3FN         599 20
QSO:  7026 CW 2009-11-29 1657 ZL2AGY        599 32     OL1C          599 15
QSO:  7026 CW 2009-11-29 1658 ZL2AGY        599 32     OK1DTC        599 15
QSO:  7026 CW 2009-11-29 1658 ZL2AGY        599 32     RZ6AM         599 16
QSO:  7026 CW 2009-11-29 1659 ZL2AGY        599 32     IW3HXR        599 15
QSO:  7026 CW 2009-11-29 1700 ZL2AGY        599 32     DK3WW         599 14
QSO:  7026 CW 2009-11-29 1700 ZL2AGY        599 32     OM6KW         599 15
QSO:  7026 CW 2009-11-29 1701 ZL2AGY        599 32     DK4WF         599 14
QSO:  7026 CW 2009-11-29 1706 ZL2AGY        599 32     UA4LU         599 16
QSO:  7026 CW 2009-11-29 1707 ZL2AGY        599 32     PI4CC         599 14
QSO:  7026 CW 2009-11-29 1707 ZL2AGY        599 32     UA4RF         599 16
QSO:  7026 CW 2009-11-29 1708 ZL2AGY        599 32     LY2F          599 15
QSO:  7026 CW 2009-11-29 1709 ZL2AGY        599 32     EU1AZ         599 16
QSO:  7026 CW 2009-11-29 1711 ZL2AGY        599 32     DR4A          599 14
QSO:  7026 CW 2009-11-29 1712 ZL2AGY        599 32     YR8I          599 20
QSO:  7026 CW 2009-11-29 1714 ZL2AGY        599 32     OK6T          599 15
QSO:  7029 CW 2009-11-29 1717 ZL2AGY        599 32     S51NZ         599 15
QSO:  7029 CW 2009-11-29 1718 ZL2AGY        599 32     DL2DXA        599 14
QSO:  7029 CW 2009-11-29 1718 ZL2AGY        599 32     YT3M          599 15
QSO:  7029 CW 2009-11-29 1723 ZL2AGY        599 32     JA2IDJ        599 25
QSO:  7037 CW 2009-11-29 1733 ZL2AGY        599 32     YO8TOH        599 20
QSO:  7037 CW 2009-11-29 1734 ZL2AGY        599 32     HA3OU         599 15
QSO:  7037 CW 2009-11-29 1735 ZL2AGY        599 32     9A4M          599 15
QSO:  7037 CW 2009-11-29 1736 ZL2AGY        599 32     ER4DX         599 16
QSO:  7038 CW 2009-11-29 1737 ZL2AGY        599 32     IS0AFM        599 15
QSO:  7038 CW 2009-11-29 1739 ZL2AGY        599 32     C4M           599 20
QSO:  7040 CW 2009-11-29 1740 ZL2AGY        599 32     RM3F          599 16
QSO:  7049 CW 2009-11-29 1744 ZL2AGY        599 32     RA6MQ         599 16
QSO:  7049 CW 2009-11-29 1746 ZL2AGY        599 32     ZC4T          599 20
QSO:  7058 CW 2009-11-29 1751 ZL2AGY        599 32     A65CA         599 21
QSO:  7064 CW 2009-11-29 1757 ZL2AGY        599 32     RN9MA         599 17
QSO:  7070 CW 2009-11-29 1804 ZL2AGY        599 32     IK1RQQ        599 15
QSO:  7070 CW 2009-11-29 1806 ZL2AGY        599 32     Z35T          599 15
QSO:  7074 CW 2009-11-29 1809 ZL2AGY        599 32     YB4IR         599 28
QSO:  7079 CW 2009-11-29 1812 ZL2AGY        599 32     UT5UIA        599 16
QSO: 14011 CW 2009-11-29 1834 ZL2AGY        599 32     VE6SV         599 04
QSO: 14028 CW 2009-11-29 1837 ZL2AGY        599 32     KH6LC         599 31
QSO: 14023 CW 2009-11-29 1842 ZL2AGY        599 32     A35KL         599 32
QSO: 14006 CW 2009-11-29 1845 ZL2AGY        599 32     WH6R          599 31
QSO: 21019 CW 2009-11-29 1851 ZL2AGY        599 32     N4ST          599 05
QSO: 21019 CW 2009-11-29 1851 ZL2AGY        599 32     K2LS          599 05
QSO: 21018 CW 2009-11-29 1854 ZL2AGY        599 32     W3DF          599 05
QSO: 21033 CW 2009-11-29 1901 ZL2AGY        599 32     W3OA          599 05
QSO: 21033 CW 2009-11-29 1902 ZL2AGY        599 32     K8AZ          599 04
QSO: 21033 CW 2009-11-29 1902 ZL2AGY        599 32     K1BV          599 05
QSO: 21033 CW 2009-11-29 1903 ZL2AGY        599 32     KT3Y          599 05
QSO: 21033 CW 2009-11-29 1903 ZL2AGY        599 32     NU4I          599 05
QSO: 21033 CW 2009-11-29 1904 ZL2AGY        599 32     N7AT          599 03
QSO: 21033 CW 2009-11-29 1904 ZL2AGY        599 32     WE3C          599 05
QSO: 21033 CW 2009-11-29 1904 ZL2AGY        599 32     W2YC          599 05
QSO: 21033 CW 2009-11-29 1905 ZL2AGY        599 32     K3MD          599 05
QSO: 21033 CW 2009-11-29 1905 ZL2AGY        599 32     N4ZC          599 05
QSO: 21033 CW 2009-11-29 1905 ZL2AGY        599 32     W5RU          599 04
QSO: 21033 CW 2009-11-29 1906 ZL2AGY        599 32     W5VQ          599 04
QSO: 21033 CW 2009-11-29 1907 ZL2AGY        599 32     W6YA          599 03
QSO: 21033 CW 2009-11-29 1907 ZL2AGY        599 32     K2SG          599 05
QSO: 21033 CW 2009-11-29 1907 ZL2AGY        599 32     N3CZ          599 05
QSO: 21033 CW 2009-11-29 1908 ZL2AGY        599 32     W5VX          599 04
QSO: 21033 CW 2009-11-29 1908 ZL2AGY        599 32     N2BA          599 05
QSO: 21033 CW 2009-11-29 1908 ZL2AGY        599 32     N0IJ          599 04
QSO: 21033 CW 2009-11-29 1909 ZL2AGY        599 32     K1LZ          599 05
QSO: 21033 CW 2009-11-29 1910 ZL2AGY        599 32     K0TV          599 05
QSO: 21033 CW 2009-11-29 1910 ZL2AGY        599 32     W7CT          599 03
QSO: 21033 CW 2009-11-29 1911 ZL2AGY        599 32     N2BJ          599 04
QSO: 21033 CW 2009-11-29 1911 ZL2AGY        599 32     W2FU          599 05
QSO: 21033 CW 2009-11-29 1911 ZL2AGY        599 32     WE9V          599 04
QSO: 21033 CW 2009-11-29 1912 ZL2AGY        599 32     W4UAL         599 04
QSO: 21033 CW 2009-11-29 1912 ZL2AGY        599 32     W1NR          599 05
QSO: 21033 CW 2009-11-29 1913 ZL2AGY        599 32     VE4EAR        599 04
QSO: 21033 CW 2009-11-29 1913 ZL2AGY        599 32     WA0MHJ        599 04
QSO: 21033 CW 2009-11-29 1914 ZL2AGY        599 32     W2CG          599 05
QSO: 21033 CW 2009-11-29 1914 ZL2AGY        599 32     N4BP          599 05
QSO: 21033 CW 2009-11-29 1915 ZL2AGY        599 32     W9XT          599 04
QSO: 21033 CW 2009-11-29 1915 ZL2AGY        599 32     WA0MHJ        599 04
QSO: 21033 CW 2009-11-29 1915 ZL2AGY        599 32     K0QB          599 04
QSO: 21033 CW 2009-11-29 1916 ZL2AGY        599 32     VE3HX         599 04
QSO: 21033 CW 2009-11-29 1917 ZL2AGY        599 32     W8CGN         599 04
QSO: 21033 CW 2009-11-29 1917 ZL2AGY        599 32     K2LE          599 05
QSO: 21033 CW 2009-11-29 1917 ZL2AGY        599 32     K2TTT         599 05
QSO: 21033 CW 2009-11-29 1918 ZL2AGY        599 32     N2TU          599 05
QSO: 21033 CW 2009-11-29 1918 ZL2AGY        599 32     K2EP          599 05
QSO: 21033 CW 2009-11-29 1919 ZL2AGY        599 32     VE3HX         599 04
QSO: 21033 CW 2009-11-29 1919 ZL2AGY        599 32     K3QF          599 05
QSO: 21033 CW 2009-11-29 1920 ZL2AGY        599 32     K3ND          599 05
QSO: 21033 CW 2009-11-29 1921 ZL2AGY        599 32     N4VV          599 04
QSO: 21033 CW 2009-11-29 1921 ZL2AGY        599 32     N2MM          599 05
QSO: 21033 CW 2009-11-29 1921 ZL2AGY        599 32     N7RT          599 03
QSO: 21033 CW 2009-11-29 1922 ZL2AGY        599 32     W9MU          599 04
QSO: 21033 CW 2009-11-29 1922 ZL2AGY        599 32     N8AA          599 04
QSO: 21033 CW 2009-11-29 1923 ZL2AGY        599 32     AA4CF         599 05
QSO: 21033 CW 2009-11-29 1924 ZL2AGY        599 32     K1AR          599 05
QSO: 21033 CW 2009-11-29 1924 ZL2AGY        599 32     K9OM          599 04
QSO: 21033 CW 2009-11-29 1925 ZL2AGY        599 32     KF3B          599 05
QSO: 21033 CW 2009-11-29 1926 ZL2AGY        599 32     N3EN          599 05
QSO: 21033 CW 2009-11-29 1930 ZL2AGY        599 32     K2TE          599 05
QSO: 21033 CW 2009-11-29 1932 ZL2AGY        599 32     N2NL          599 05
QSO: 21033 CW 2009-11-29 1933 ZL2AGY        599 32     K3ZO          599 05
QSO: 21033 CW 2009-11-29 1934 ZL2AGY        599 32     N3QW          599 05
QSO: 21033 CW 2009-11-29 1934 ZL2AGY        599 32     NY4A          599 05
QSO: 21033 CW 2009-11-29 1935 ZL2AGY        599 32     K3PH          599 05
QSO: 21033 CW 2009-11-29 1935 ZL2AGY        599 32     N4YDU         599 05
QSO: 21033 CW 2009-11-29 1936 ZL2AGY        599 32     W4RX          599 05
QSO: 21033 CW 2009-11-29 1939 ZL2AGY        599 32     K2PO          599 03
QSO: 21033 CW 2009-11-29 1940 ZL2AGY        599 32     K8MEG         599 04
QSO: 21033 CW 2009-11-29 1940 ZL2AGY        599 32     W3KL          599 05
QSO: 21033 CW 2009-11-29 1949 ZL2AGY        599 32     EA8URL        599 33
QSO: 21032 CW 2009-11-29 1957 ZL2AGY        599 32     K0BJ          599 04
QSO: 21032 CW 2009-11-29 2001 ZL2AGY        599 32     W7VV          599 03
QSO: 21032 CW 2009-11-29 2012 ZL2AGY        599 32     NA4CW         599 05
QSO: 21032 CW 2009-11-29 2023 ZL2AGY        599 32     K4RV          599 05
QSO: 21032 CW 2009-11-29 2048 ZL2AGY        599 32     N4IG          599 05
QSO: 21032 CW 2009-11-29 2052 ZL2AGY        599 32     W6AEA         599 03
QSO: 21032 CW 2009-11-29 2057 ZL2AGY        599 32     K6TA          599 03
QSO: 21032 CW 2009-11-29 2058 ZL2AGY        599 32     K0RC          599 04
QSO: 21032 CW 2009-11-29 2059 ZL2AGY        599 32     K4PB          599 05
QSO: 21032 CW 2009-11-29 2059 ZL2AGY        599 32     WX6V          599 03
QSO: 21032 CW 2009-11-29 2100 ZL2AGY        599 32     K8AJS         599 04
QSO: 21032 CW 2009-11-29 2100 ZL2AGY        599 32     W4PG          599 05
QSO: 21032 CW 2009-11-29 2101 ZL2AGY        599 32     K1GU          599 04
QSO: 21032 CW 2009-11-29 2102 ZL2AGY        599 32     K4UTE         599 05
QSO: 21032 CW 2009-11-29 2104 ZL2AGY        599 32     N4UU          599 05
QSO: 21032 CW 2009-11-29 2104 ZL2AGY        599 32     AD6WL         599 03
QSO: 21032 CW 2009-11-29 2105 ZL2AGY        599 32     K9IMM         599 04
QSO: 21032 CW 2009-11-29 2106 ZL2AGY        599 32     N3NT          599 05
QSO: 21032 CW 2009-11-29 2107 ZL2AGY        599 32     K9YC          599 03
QSO: 21032 CW 2009-11-29 2107 ZL2AGY        599 32     W5GZ          599 04
QSO: 21032 CW 2009-11-29 2108 ZL2AGY        599 32     N2IC          599 04
QSO: 21032 CW 2009-11-29 2109 ZL2AGY        599 32     WA7LT         599 03
QSO: 21032 CW 2009-11-29 2112 ZL2AGY        599 32     PJ2T          599 09
QSO: 21032 CW 2009-11-29 2113 ZL2AGY        599 32     K1PT          599 05
QSO: 21032 CW 2009-11-29 2113 ZL2AGY        599 32     AC4CA         599 05
QSO: 21032 CW 2009-11-29 2114 ZL2AGY        599 32     VE7JKZ        599 03
QSO: 21032 CW 2009-11-29 2116 ZL2AGY        599 32     K7XC          599 03
QSO: 21032 CW 2009-11-29 2117 ZL2AGY        599 32     K1TTT         599 05
QSO: 21032 CW 2009-11-29 2120 ZL2AGY        599 32     K5MR          599 04
QSO: 21032 CW 2009-11-29 2121 ZL2AGY        599 32     W5GAI         599 04
QSO: 21032 CW 2009-11-29 2123 ZL2AGY        599 32     W1KM          599 05
QSO: 21032 CW 2009-11-29 2123 ZL2AGY        599 32     K7GS          599 05
QSO: 21032 CW 2009-11-29 2124 ZL2AGY        599 32     WX4G          599 05
QSO: 21032 CW 2009-11-29 2124 ZL2AGY        599 32     NJ4U          599 05
QSO: 21032 CW 2009-11-29 2125 ZL2AGY        599 32     WB9Z          599 04
QSO: 21032 CW 2009-11-29 2126 ZL2AGY        599 32     NG3J          599 05
QSO: 21032 CW 2009-11-29 2127 ZL2AGY        599 32     N6JV          599 03
QSO: 21032 CW 2009-11-29 2128 ZL2AGY        599 32     N1WR          599 05
QSO: 21032 CW 2009-11-29 2129 ZL2AGY        599 32     KV1J          599 05
QSO: 21032 CW 2009-11-29 2130 ZL2AGY        599 32     KN5H          599 03
QSO: 21032 CW 2009-11-29 2131 ZL2AGY        599 32     K4ADR         599 05
QSO: 21032 CW 2009-11-29 2131 ZL2AGY        599 32     K4LQ          599 05
QSO: 21032 CW 2009-11-29 2136 ZL2AGY        599 32     ZM1A          599 32
QSO: 21032 CW 2009-11-29 2140 ZL2AGY        599 32     K6XX          599 03
QSO: 21032 CW 2009-11-29 2144 ZL2AGY        599 32     WA5Y          599 04
QSO: 21032 CW 2009-11-29 2145 ZL2AGY        599 32     VK7GN         599 30
QSO: 21032 CW 2009-11-29 2151 ZL2AGY        599 32     K5MV          599 04
QSO: 21032 CW 2009-11-29 2153 ZL2AGY        599 32     K4ADR         599 05
QSO: 21032 CW 2009-11-29 2154 ZL2AGY        599 32     W5SG          599 04
QSO: 21032 CW 2009-11-29 2154 ZL2AGY        599 32     N0AV          599 04
QSO: 21032 CW 2009-11-29 2155 ZL2AGY        599 32     N2TM          599 05
QSO: 21032 CW 2009-11-29 2155 ZL2AGY        599 32     K2CJ          599 05
QSO: 21032 CW 2009-11-29 2156 ZL2AGY        599 32     K0KL          599 04
QSO: 21032 CW 2009-11-29 2157 ZL2AGY        599 32     K7LJ          599 03
QSO: 21032 CW 2009-11-29 2200 ZL2AGY        599 32     N8TR          599 05
QSO: 21032 CW 2009-11-29 2200 ZL2AGY        599 32     N2LT          599 05
QSO: 21032 CW 2009-11-29 2201 ZL2AGY        599 32     VE3FU         599 04
QSO: 21032 CW 2009-11-29 2201 ZL2AGY        599 32     K5QY          599 04
QSO: 21032 CW 2009-11-29 2202 ZL2AGY        599 32     AC6VN         599 03
QSO: 21032 CW 2009-11-29 2203 ZL2AGY        599 32     N8BJQ         599 04
QSO: 21032 CW 2009-11-29 2203 ZL2AGY        599 32     K1RX          599 05
QSO: 21032 CW 2009-11-29 2204 ZL2AGY        599 32     W2RE          599 05
QSO: 21032 CW 2009-11-29 2204 ZL2AGY        599 32     K5DF          599 04
QSO: 21032 CW 2009-11-29 2205 ZL2AGY        599 32     KH7C          599 31
QSO: 21032 CW 2009-11-29 2207 ZL2AGY        599 32     NN1N          599 05
QSO: 21032 CW 2009-11-29 2208 ZL2AGY        599 32     W5WT          599 04
QSO: 21032 CW 2009-11-29 2209 ZL2AGY        599 32     W5XX          599 04
QSO: 21032 CW 2009-11-29 2209 ZL2AGY        599 32     K5AM          599 04
QSO: 21032 CW 2009-11-29 2210 ZL2AGY        599 32     K5WA          599 04
QSO: 21032 CW 2009-11-29 2212 ZL2AGY        599 32     W8KX          599 04
QSO: 21032 CW 2009-11-29 2216 ZL2AGY        599 32     KG7H          599 03
QSO: 21032 CW 2009-11-29 2216 ZL2AGY        599 32     W0ETT         599 04
QSO: 21032 CW 2009-11-29 2218 ZL2AGY        599 32     K8GL          599 04
QSO: 21032 CW 2009-11-29 2218 ZL2AGY        599 32     VE3XN         599 04
QSO: 21032 CW 2009-11-29 2221 ZL2AGY        599 32     K5MDX         599 04
QSO: 21032 CW 2009-11-29 2229 ZL2AGY        599 32     VK3TDX        599 30
QSO: 21014 CW 2009-11-29 2231 ZL2AGY        599 32     FO8RZ         599 32
QSO: 21003 CW 2009-11-29 2236 ZL2AGY        599 32     NR5M          599 04
QSO: 21014 CW 2009-11-29 2240 ZL2AGY        599 32     K5XT          599 04
QSO: 21016 CW 2009-11-29 2242 ZL2AGY        599 32     K5XT          599 04
QSO: 21032 CW 2009-11-29 2303 ZL2AGY        599 32     ZL4AS         599 32
QSO: 21032 CW 2009-11-29 2308 ZL2AGY        599 32     WB6QPG        599 03
QSO: 21032 CW 2009-11-29 2312 ZL2AGY        599 32     K5GO          599 04
QSO: 21032 CW 2009-11-29 2315 ZL2AGY        599 32     VK4BUI        599 30
QSO: 21006 CW 2009-11-29 2325 ZL2AGY        599 32     A35KL         599 32
QSO: 21034 CW 2009-11-29 2331 ZL2AGY        599 32     JA7NVF        599 25
QSO: 21032 CW 2009-11-29 2340 ZL2AGY        599 32     HK3O          599 09
QSO: 21032 CW 2009-11-29 2345 ZL2AGY        599 32     JA8CEA        599 25
QSO: 21032 CW 2009-11-29 2345 ZL2AGY        599 32     XE1MM         599 06
QSO: 21032 CW 2009-11-29 2348 ZL2AGY        599 32     ZL1ALZ        599 32
QSO: 21032 CW 2009-11-29 2355 ZL2AGY        599 32     HK3O          599 09
QSO: 21032 CW 2009-11-29 2357 ZL2AGY        599 32     AA6XV         599 03
QSO: 21032 CW 2009-11-29 2359 ZL2AGY        599 32     JR0EQQ        599 25
END-OF-LOG:
