START-OF-LOG: 3.0
CALLSIGN: IW1QLH
CLAIMED-SCORE: 0
CONTEST: CQ-WPX-CW
CREATED-BY: WA7BNM Web2Cabrillo 1.08
NAME: Claudio Cordeglio
OPERATORS:
SOAPBOX:
CATEGORY-OPERATOR: SINGLE-OP
CATEGORY-TRANSMITTER: ONE
CATEGORY-ASSISTED: NON-ASSISTED
CATEGORY-BAND: ALL
CATEGORY-POWER: LOW
CATEGORY-STATION: FIXED
QSO:  7020 CW 2008-05-24 1246   IW1QLH      599 001    IN3WDJ        599 282
QSO:  7020 CW 2008-05-24 1248   IW1QLH      599 002    PA6Z          599 445
QSO:  7020 CW 2008-05-24 1253   IW1QLH      599 003    LY7A          599 578
QSO:  7000 CW 2008-05-24 1301   IW1QLH      599 004    DR1A          599 736
QSO:  7010 CW 2008-05-24 1307   IW1QLH      599 005    S53F          599 546
QSO:  7010 CW 2008-05-24 1310   IW1QLH      599 006    HG8K          599 393
QSO: 14013 CW 2008-05-24 1411   IW1QLH      599 007    C4I           599 943
QSO: 14015 CW 2008-05-24 1416   IW1QLH      599 008    4O3A          599 976
QSO: 14019 CW 2008-05-24 1421   IW1QLH      599 009    UZ2M          599 1679
QSO: 14031 CW 2008-05-24 1436   IW1QLH      599 010    EA9EU         599 073
QSO: 14038 CW 2008-05-24 1446   IW1QLH      599 011    I1NVU         599 408
QSO: 14062 CW 2008-05-24 1506   IW1QLH      599 012    YQ9W          599 1128
QSO: 21028 CW 2008-05-24 1528   IW1QLH      599 013    ZX5J          599 338
QSO: 21029 CW 2008-05-24 1531   IW1QLH      599 014    VY2TT         599 284
QSO: 21030 CW 2008-05-24 1536   IW1QLH      599 015    LR4E          599 630
QSO: 21033 CW 2008-05-24 1931   IW1QLH      599 016    CT9M          599 492
QSO: 21052 CW 2008-05-24 1942   IW1QLH      599 017    PS2T          599 1198
QSO: 21053 CW 2008-05-24 1947   IW1QLH      599 018    PY1BOA        599 041
QSO: 21056 CW 2008-05-24 1953   IW1QLH      599 019    D4C           599 1617
QSO: 21019 CW 2008-05-24 2012   IW1QLH      599 020    ZY7C          599 737
QSO: 21020 CW 2008-05-24 2018   IW1QLH      599 021    P40L          599 390
QSO: 21025 CW 2008-05-24 2035   IW1QLH      599 022    6Y1V          599 368
QSO: 21022 CW 2008-05-24 2042   IW1QLH      599 023    HC8N          599 1680
QSO: 21004 CW 2008-05-24 2054   IW1QLH      599 024    YW4D          599 1102
QSO: 21016 CW 2008-05-24 2120   IW1QLH      599 025    G9A           599 242
QSO: 14001 CW 2008-05-24 2143   IW1QLH      599 026    WC1M          599 412
QSO: 14002 CW 2008-05-24 2146   IW1QLH      599 027    K1ZM          599 1618
QSO: 14010 CW 2008-05-24 2155   IW1QLH      599 028    WE3C          599 697
QSO: 14018 CW 2008-05-24 2207   IW1QLH      599 029    LX7I          599 1155
QSO: 14036 CW 2008-05-24 2221   IW1QLH      599 030    EF8M          599 705
QSO: 14003 CW 2008-05-25 0745   IW1QLH      599 031    UP0L          599 2059
QSO: 14007 CW 2008-05-25 0750   IW1QLH      599 032    OL1M          599 0
QSO: 14010 CW 2008-05-25 0752   IW1QLH      599 033    F5CWU         599 149
QSO: 14036 CW 2008-05-25 0811   IW1QLH      599 034    OP4K          599 865
QSO: 14040 CW 2008-05-25 0816   IW1QLH      599 035    F5UKR /QRP    599 278
QSO: 14052 CW 2008-05-25 0827   IW1QLH      599 036    CT3KN         599 2023
QSO: 21018 CW 2008-05-25 0935   IW1QLH      599 037    SY3M          599 398
QSO: 21031 CW 2008-05-25 0944   IW1QLH      599 038    3V8BB         599 943
QSO: 21026 CW 2008-05-25 1025   IW1QLH      599 039    EA4KA         599 1167
QSO: 21045 CW 2008-05-25 1031   IW1QLH      599 040    SM6CNN        599 1195
QSO: 21068 CW 2008-05-25 1039   IW1QLH      599 041    EA2BOV        599 531
QSO: 21004 CW 2008-05-25 1042   IW1QLH      599 042    EA5FID        599 735
QSO: 14005 CW 2008-05-25 1253   IW1QLH      599 043    NY3A          599 1723
QSO: 14029 CW 2008-05-25 1318   IW1QLH      599 044    P33W          599 1419
QSO: 14041 CW 2008-05-25 1329   IW1QLH      599 045    9A60A         599 1958
QSO: 21000 CW 2008-05-25 1744   IW1QLH      599 046    PX2W          599 1583
QSO: 21001 CW 2008-05-25 1746   IW1QLH      599 047    SV1CQN        599 151
QSO: 21018 CW 2008-05-25 1752   IW1QLH      599 048    9A1V          599 1128
QSO: 21050 CW 2008-05-25 1803   IW1QLH      599 049    LU7HN         599 1361
QSO: 21058 CW 2008-05-25 1809   IW1QLH      599 050    PY1DX         599 1007
QSO: 21062 CW 2008-05-25 1815   IW1QLH      599 051    LQ0F          599 727
QSO: 21016 CW 2008-05-25 1920   IW1QLH      599 052    LO2F          599 1875
QSO: 21034 CW 2008-05-25 1940   IW1QLH      599 053    IU3X          599 1506
QSO:  7001 CW 2008-05-25 2015   IW1QLH      599 054    ES9C          599 1414
QSO: 21013 CW 2008-05-25 2031   IW1QLH      599 055    PT2ZHA        599 944
QSO: 14010 CW 2008-05-25 2105   IW1QLH      599 056    PT1T          599 1796
QSO: 14010 CW 2008-05-25 2107   IW1QLH      599 057    NR4M          599 1892
QSO: 14011 CW 2008-05-25 2110   IW1QLH      599 058    K1LZ          599 2565
END-OF-LOG:
