START-OF-LOG: 3.0
CONTEST: ARRL-VHF-JAN
LOCATION: TN
CALLSIGN: AA4DD
CATEGORY-MODE: MIXED
CATEGORY-BAND: ALL
CATEGORY-OPERATOR: SINGLE-OP
CATEGORY-POWER: LOW
CATEGORY-STATION: FIXED
CATEGORY-TRANSMITTER: ONE
CATEGORY-ASSISTED: NON-ASSISTED
CREATED-BY: N1MM LOGGER+ 1.0.8081.0
CLUB: Bristol (TN) ARC
OPERATORS: AA4DD
HQ-CATEGORY: Single Operator, Low Power
HQ-GRID-LOCATOR: EM86UN
QSO: 50 RY 2020-01-18 1920 AA4DD EM86 KF7NN FM07
QSO: 50 RY 2020-01-18 1927 AA4DD EM86 WB8LYJ/R EM74
QSO: 50 RY 2020-01-18 1940 AA4DD EM86 N4QWZ EM66
QSO: 50 RY 2020-01-18 1953 AA4DD EM86 NS2X EM76
QSO: 50 RY 2020-01-18 1958 AA4DD EM86 KB2ACY EM85
QSO: 50 RY 2020-01-18 2004 AA4DD EM86 KR4NO EM95
QSO: 50 RY 2020-01-18 2008 AA4DD EM86 W4NH EM84
QSO: 50 RY 2020-01-18 2011 AA4DD EM86 KC4AAW EM85
QSO: 50 RY 2020-01-18 2019 AA4DD EM86 N4IQV EM96
QSO: 144 RY 2020-01-18 2213 AA4DD EM86 N4IQV EM96
QSO: 144 RY 2020-01-18 2215 AA4DD EM86 K1ISR FM06
QSO: 144 RY 2020-01-18 2223 AA4DD EM86 WY4D FM07
QSO: 144 RY 2020-01-18 2235 AA4DD EM86 N8GA EN80
QSO: 144 RY 2020-01-18 2237 AA4DD EM86 N8LBG EN80
QSO: 144 RY 2020-01-18 2238 AA4DD EM86 KE0JMK EM85
QSO: 144 RY 2020-01-18 2317 AA4DD EM86 AG4W EM64
QSO: 144 RY 2020-01-18 2326 AA4DD EM86 W4NH EM84
QSO: 144 RY 2020-01-18 2333 AA4DD EM86 W4VAS EM84
QSO: 144 RY 2020-01-18 2337 AA4DD EM86 KC4AAW EM85
QSO: 50 RY 2020-01-18 2354 AA4DD EM86 N4FV EM86
QSO: 50 RY 2020-01-18 2358 AA4DD EM86 N8GA EN80
QSO: 50 RY 2020-01-19 0041 AA4DD EM86 W3IP FM19
QSO: 144 RY 2020-01-19 0135 AA4DD EM86 KU4XO EM84
QSO: 50 RY 2020-01-19 0139 AA4DD EM86 KE0JMK EM85
QSO: 50 RY 2020-01-19 0205 AA4DD EM86 K4FJW EM86
QSO: 144 FM 2020-01-19 0207 AA4DD EM86 K4NRT EM86
QSO: 222 FM 2020-01-19 0217 AA4DD EM86 K4NRT EM86
QSO: 432 FM 2020-01-19 0221 AA4DD EM86 K4NRT EM86
QSO: 50 RY 2020-01-19 0321 AA4DD EM86 WA4NIV EM75
QSO: 50 RY 2020-01-19 0335 AA4DD EM86 KD3CQ EM18
QSO: 144 PH 2020-01-19 0355 AA4DD EM86 K4FJW EM86
QSO: 222 CW 2020-01-19 0359 AA4DD EM86 K4FJW EM86
QSO: 432 PH 2020-01-19 0402 AA4DD EM86 K4FJW EM86
QSO: 50 RY 2020-01-19 1849 AA4DD EM86 KN4JSF EM86
QSO: 50 RY 2020-01-19 1908 AA4DD EM86 N4UFP EM94
QSO: 1.2G CW 2020-01-19 2217 AA4DD EM86 K4FJW EM86
QSO: 50 RY 2020-01-20 0039 AA4DD EM86 AG4W EM64
QSO: 50 RY 2020-01-20 0047 AA4DD EM86 K4MWJ EM75
QSO: 50 RY 2020-01-20 0054 AA4DD EM86 K4YRK EM75
QSO: 50 RY 2020-01-20 0228 AA4DD EM86 WA4CQG EM72
QSO: 144 RY 2020-01-20 0308 AA4DD EM86 K3YDX FM05
QSO: 144 RY 2020-01-20 0324 AA4DD EM86 WB4IXU EM86
QSO: 50 RY 2020-01-20 0331 AA4DD EM86 WB4IXU EM86
QSO: 432 RY 2020-01-20 0343 AA4DD EM86 WB4IXU EM86
END-OF-LOG: