START-OF-LOG: 3.0
CREATED-BY: vhfmanager-downloader
CONTEST: ZRS Maraton 1. termin - Official results - VHFManager
CALLSIGN: S59Q
CATEGORY: 435 MHz - 435 MHz, multi operators
CATEGORY-OPERATOR: SINGLE-OP
CATEGORY-ASSISTED: NON-ASSISTED
CATEGORY-TRANSMITTER: ONE
CATEGORY-STATION: FIXED
QSO: 435000 PH 2012-03-18 0820 S59Q          59  1 JN66WB   S51ZG         55  1 JN76BC* 
QSO: 435000 PH 2012-03-18 0820 S59Q          59  2 JN66WB   S52Q          59  1 JN75GW* 
QSO: 435000 PH 2012-03-18 0830 S59Q          59  3 JN66WB   S56LXN        59  1 JN76HF* 
QSO: 435000 PH 2012-03-18 0842 S59Q          59  4 JN66WB   S57JZ         59  1 JN66VC  
QSO: 435000 PH 2012-03-18 0910 S59Q          59  5 JN66WB   S57RJ         59  3 JN76BJ* 
QSO: 435000 PH 2012-03-18 0913 S59Q          59  6 JN66WB   S57LM         59  5 JN76HD* 
QSO: 435000 PH 2012-03-18 0917 S59Q          59  7 JN66WB   S57D          44  1 JN76GC* 
QSO: 435000 PH 2012-03-18 0918 S59Q          59  8 JN66WB   S57BNX        44  1 JN76GC* 
QSO: 435000 PH 2012-03-18 0928 S59Q          59  9 JN66WB   S57AJ         59  1 JN76AA  
QSO: 435000 PH 2012-03-18 0928 S59Q          59  10 JN66WB  S52ON         59  1 JN76IG* 
QSO: 435000 PH 2012-03-18 1015 S59Q          59  11 JN66WB  S56IHX        59  2 JN76JA* 
QSO: 435000 PH 2012-03-18 1114 S59Q          59  12 JN66WB  S57MJ/P       59  1 JN76FD  
QSO: 435000 PH 2012-03-18 1145 S59Q          59  13 JN66WB  S53I          59  1 JN76AC* 
END-OF-LOG:
