START-OF-LOG: 3.0
CONTEST: ARRL-DX-CW
LOCATION: OH
CALLSIGN: N8TR
CATEGORY-OPERATOR: SINGLE-OP
CATEGORY-ASSISTED: ASSISTED
CATEGORY-POWER: HIGH
CATEGORY-BAND: ALL
CREATED-BY: WIN-TEST 4.23.0
CATEGORY-TRANSMITTER: ONE
CATEGORY-MODE: CW
CATEGORY-STATION: FIXED
OPERATORS: 
CLUB: NORTH COAST CONTESTERS
HQ-CATEGORY: Single Operator Unlimited, High Power
HQ-GRID-LOCATOR: EN91bh
QSO: 14006 CW 2018-02-17 0000 N8TR 599 OH T8NC 599 K 0
QSO: 14027 CW 2018-02-17 0002 N8TR 599 OH V3T 599 99 0
QSO: 14033 CW 2018-02-17 0003 N8TR 599 OH ZF21A 599 K 0
QSO: 14031 CW 2018-02-17 0004 N8TR 599 OH KH6J 599 KW 0
QSO: 14039 CW 2018-02-17 0005 N8TR 599 OH AH2R 599 KW 0
QSO: 14027 CW 2018-02-17 0006 N8TR 599 OH DU3LA 599 100 0
QSO: 14044 CW 2018-02-17 0007 N8TR 599 OH JA0QNJ 599 KW 0
QSO: 14029 CW 2018-02-17 0009 N8TR 599 OH 9V1YC 599 KW 0
QSO: 14001 CW 2018-02-17 0010 N8TR 599 OH PS2T 599 K 0
QSO: 14029 CW 2018-02-17 0011 N8TR 599 OH V47T 599 K 0
QSO: 14042 CW 2018-02-17 0012 N8TR 599 OH P40W 599 100 0
QSO: 14021 CW 2018-02-17 0013 N8TR 599 OH KL7RA 599 KW 0
QSO: 14054 CW 2018-02-17 0017 N8TR 599 OH NP4Z 599 000 0
QSO: 14014 CW 2018-02-17 0022 N8TR 599 OH T48K 599 KW 0
QSO: 14037 CW 2018-02-17 0023 N8TR 599 OH NP2N 599 K 0
QSO: 14036 CW 2018-02-17 0024 N8TR 599 OH PJ4A 599 K 0
QSO: 14039 CW 2018-02-17 0025 N8TR 599 OH 6Y2T 599 K 0
QSO: 14007 CW 2018-02-17 0026 N8TR 599 OH CE2MVF 599 K 0
QSO: 14016 CW 2018-02-17 0030 N8TR 599 OH OA4SS 599 KW 0
QSO: 14014 CW 2018-02-17 0031 N8TR 599 OH PJ2T 599 KW 0
QSO: 14032 CW 2018-02-17 0034 N8TR 599 OH TI7W 599 KW 0
QSO: 1820 CW 2018-02-17 0040 N8TR 599 OH HA8A 599 KW 0
QSO: 1835 CW 2018-02-17 0042 N8TR 599 OH CR3W 599 500 0
QSO: 1826 CW 2018-02-17 0045 N8TR 599 OH LZ2WO 599 KW 0
QSO: 1831 CW 2018-02-17 0048 N8TR 599 OH IV3YYK 599 500 0
QSO: 1822 CW 2018-02-17 0048 N8TR 599 OH PJ2T 599 KW 0
QSO: 1815 CW 2018-02-17 0051 N8TR 599 OH V31YN 599 500 0
QSO: 1828 CW 2018-02-17 0052 N8TR 599 OH NP2J 599 000 0
QSO: 1819 CW 2018-02-17 0100 N8TR 599 OH S57UN 599 KW 0
QSO: 1827 CW 2018-02-17 0105 N8TR 599 OH VP9/W6PH 599 100 0
QSO: 7021 CW 2018-02-17 0131 N8TR 599 OH CR3W 599 500 0
QSO: 7032 CW 2018-02-17 0132 N8TR 599 OH MD2C 599 400 0
QSO: 7044 CW 2018-02-17 0133 N8TR 599 OH IR4X 599 500 0
QSO: 7039 CW 2018-02-17 0135 N8TR 599 OH DD1A 599 KW 0
QSO: 7015 CW 2018-02-17 0137 N8TR 599 OH HG5C 599 KW 0
QSO: 7012 CW 2018-02-17 0138 N8TR 599 OH SN7Q 599 KW 0
QSO: 7034 CW 2018-02-17 0138 N8TR 599 OH EU1A 599 KW 0
QSO: 7055 CW 2018-02-17 0139 N8TR 599 OH OK3C 599 K 0
QSO: 7037 CW 2018-02-17 0141 N8TR 599 OH S53M 599 KW 0
QSO: 7017 CW 2018-02-17 0143 N8TR 599 OH LX7I 599 KW 0
QSO: 7006 CW 2018-02-17 0146 N8TR 599 OH EF5F 599 KW 0
QSO: 7014 CW 2018-02-17 0146 N8TR 599 OH 9A9R 599 KW 0
QSO: 7049 CW 2018-02-17 0148 N8TR 599 OH D44EE 599 99 0
QSO: 7037 CW 2018-02-17 0151 N8TR 599 OH VP5K 599 500 0
QSO: 7010 CW 2018-02-17 0151 N8TR 599 OH YU1RA 599 100 0
QSO: 7027 CW 2018-02-17 0152 N8TR 599 OH GM5A 599 400 0
QSO: 7036 CW 2018-02-17 0153 N8TR 599 OH OM7RU 599 KW 0
QSO: 7070 CW 2018-02-17 0154 N8TR 599 OH US2IR 599 KW 0
QSO: 7049 CW 2018-02-17 0155 N8TR 599 OH M5D 599 400 0
QSO: 7042 CW 2018-02-17 0157 N8TR 599 OH OE2S 599 KW 0
QSO: 7037 CW 2018-02-17 0158 N8TR 599 OH Z60A 599 KW 0
QSO: 7050 CW 2018-02-17 0201 N8TR 599 OH 4Z5LY 599 250 0
QSO: 7031 CW 2018-02-17 0203 N8TR 599 OH HA7A 599 KW 0
QSO: 7007 CW 2018-02-17 0204 N8TR 599 OH E7/KU1CW 599 KW 0
QSO: 7020 CW 2018-02-17 0206 N8TR 599 OH 9H1XT 599 400 0
QSO: 7061 CW 2018-02-17 0206 N8TR 599 OH HB9BMY 599 5W 0
QSO: 7006 CW 2018-02-17 0208 N8TR 599 OH PJ4A 599 K 0
QSO: 7057 CW 2018-02-17 0209 N8TR 599 OH PV8DX 599 100 0
QSO: 7048 CW 2018-02-17 0209 N8TR 599 OH P49Y 599 K 0
QSO: 7040 CW 2018-02-17 0210 N8TR 599 OH V47T 599 K 0
QSO: 7069 CW 2018-02-17 0213 N8TR 599 OH NP4G 599 00 0
QSO: 7029 CW 2018-02-17 0214 N8TR 599 OH ZF1A 599 K 0
QSO: 7045 CW 2018-02-17 0215 N8TR 599 OH 6Y2T 599 K 0
QSO: 7035 CW 2018-02-17 0217 N8TR 599 OH TI7W 599 KW 0
QSO: 7059 CW 2018-02-17 0218 N8TR 599 OH V3T 599 99 0
QSO: 7072 CW 2018-02-17 0219 N8TR 599 OH 8P0P 599 100 0
QSO: 7032 CW 2018-02-17 0221 N8TR 599 OH KL7RA 599 KW 0
QSO: 7054 CW 2018-02-17 0223 N8TR 599 OH E73ESP 599 500 0
QSO: 7064 CW 2018-02-17 0225 N8TR 599 OH YQ6A 599 KW 0
QSO: 7024 CW 2018-02-17 0228 N8TR 599 OH TA3D 599 KW 0
QSO: 7043 CW 2018-02-17 0229 N8TR 599 OH EA8ZS 599 KW 0
QSO: 7010 CW 2018-02-17 0229 N8TR 599 OH P3X 599 KW 0
QSO: 7058 CW 2018-02-17 0230 N8TR 599 OH OQ5M 599 KW 0
QSO: 7002 CW 2018-02-17 0231 N8TR 599 OH SV2DSJ 599 500 0
QSO: 7039 CW 2018-02-17 0231 N8TR 599 OH F4DXW 599 KW 0
QSO: 7062 CW 2018-02-17 0232 N8TR 599 OH OZ1AA 599 K 0
QSO: 7038 CW 2018-02-17 0234 N8TR 599 OH FY5KE 599 KW 0
QSO: 7051 CW 2018-02-17 0236 N8TR 599 OH VP9/W6PH 599 100 0
QSO: 7066 CW 2018-02-17 0236 N8TR 599 OH VP2MSS 599 K 0
QSO: 7022 CW 2018-02-17 0239 N8TR 599 OH CR6K 599 KW 0
QSO: 7039 CW 2018-02-17 0240 N8TR 599 OH PJ2T 599 KW 0
QSO: 7042 CW 2018-02-17 0241 N8TR 599 OH CE2MVF 599 K 0
QSO: 7042 CW 2018-02-17 0243 N8TR 599 OH KH6LC 599 KW 0
QSO: 7039 CW 2018-02-17 0245 N8TR 599 OH ZS2NF 599 100 0
QSO: 7000 CW 2018-02-17 0248 N8TR 599 OH EA9EU 599 100 0
QSO: 7051 CW 2018-02-17 0249 N8TR 599 OH UA7A 599 KW 0
QSO: 7063 CW 2018-02-17 0253 N8TR 599 OH J35X 599 100 0
QSO: 7012 CW 2018-02-17 0255 N8TR 599 OH CX2BR 599 K 0
QSO: 7028 CW 2018-02-17 0255 N8TR 599 OH NP2N 599 K 0
QSO: 1829 CW 2018-02-17 0257 N8TR 599 OH P49Y 599 K 0
QSO: 1833 CW 2018-02-17 0303 N8TR 599 OH KP4KE 599 100 0
QSO: 1817 CW 2018-02-17 0307 N8TR 599 OH PJ4A 599 K 0
QSO: 1826 CW 2018-02-17 0308 N8TR 599 OH EA6FO 599 KW 0
QSO: 1839 CW 2018-02-17 0310 N8TR 599 OH CR6K 599 KW 0
QSO: 1835 CW 2018-02-17 0313 N8TR 599 OH FM5BH 599 400 0
QSO: 1827 CW 2018-02-17 0316 N8TR 599 OH TI7W 599 KW 0
QSO: 1809 CW 2018-02-17 0324 N8TR 599 OH PY2XB 599 KW 0
QSO: 1831 CW 2018-02-17 0327 N8TR 599 OH CU4DX 599 K 0
QSO: 1833 CW 2018-02-17 0328 N8TR 599 OH LX7I 599 KW 0
QSO: 1835 CW 2018-02-17 0329 N8TR 599 OH GM5A 599 400 0
QSO: 1828 CW 2018-02-17 0332 N8TR 599 OH XE7S 599 100 0
QSO: 1819 CW 2018-02-17 0339 N8TR 599 OH V47T 599 K 0
QSO: 1829 CW 2018-02-17 0343 N8TR 599 OH EI5KF 599 100 0
QSO: 1832 CW 2018-02-17 0345 N8TR 599 OH HH2AA 599 99 0
QSO: 3531 CW 2018-02-17 0347 N8TR 599 OH 9A1A 599 KW 0
QSO: 3526 CW 2018-02-17 0348 N8TR 599 OH DJ0MDR 599 700 0
QSO: 3510 CW 2018-02-17 0348 N8TR 599 OH CS2C 599 KW 0
QSO: 3533 CW 2018-02-17 0349 N8TR 599 OH IR1G 599 500 0
QSO: 3533 CW 2018-02-17 0350 N8TR 599 OH M6T 599 400 0
QSO: 3506 CW 2018-02-17 0351 N8TR 599 OH OK2RZ 599 KW 0
QSO: 3547 CW 2018-02-17 0351 N8TR 599 OH EA2RY 599 KW 0
QSO: 3520 CW 2018-02-17 0353 N8TR 599 OH OM2VL 599 KW 0
QSO: 3518 CW 2018-02-17 0354 N8TR 599 OH E70T 599 KW 0
QSO: 3535 CW 2018-02-17 0356 N8TR 599 OH GM5A 599 400 0
QSO: 3513 CW 2018-02-17 0358 N8TR 599 OH LX7I 599 KW 0
QSO: 3507 CW 2018-02-17 0358 N8TR 599 OH TM6M 599 KW 0
QSO: 3534 CW 2018-02-17 0359 N8TR 599 OH HA5JI 599 KW 0
QSO: 3539 CW 2018-02-17 0359 N8TR 599 OH CR3W 599 500 0
QSO: 3503 CW 2018-02-17 0400 N8TR 599 OH OE3K 599 K 0
QSO: 3500 CW 2018-02-17 0401 N8TR 599 OH P3X 599 KW 0
QSO: 3564 CW 2018-02-17 0401 N8TR 599 OH UY1HY 599 500 0
QSO: 3557 CW 2018-02-17 0403 N8TR 599 OH KH6J 599 KW 0
QSO: 3549 CW 2018-02-17 0404 N8TR 599 OH VP2MSS 599 K 0
QSO: 3547 CW 2018-02-17 0410 N8TR 599 OH J6/KG9N 599 100 0
QSO: 3528 CW 2018-02-17 0410 N8TR 599 OH ZF1A 599 K 0
QSO: 3536 CW 2018-02-17 0411 N8TR 599 OH PJ4A 599 K 0
QSO: 3525 CW 2018-02-17 0412 N8TR 599 OH PS2T 599 K 0
QSO: 3538 CW 2018-02-17 0413 N8TR 599 OH TI7W 599 KW 0
QSO: 3523 CW 2018-02-17 0415 N8TR 599 OH FM5BH 599 K 0
QSO: 3532 CW 2018-02-17 0416 N8TR 599 OH KP4KE 599 100 0
QSO: 3514 CW 2018-02-17 0417 N8TR 599 OH T48K 599 KW 0
QSO: 3509 CW 2018-02-17 0421 N8TR 599 OH EI2FAK 599 500 0
QSO: 1817 CW 2018-02-17 0425 N8TR 599 OH 9A1A 599 KW 0
QSO: 1821 CW 2018-02-17 0427 N8TR 599 OH M6T 599 400 0
QSO: 1811 CW 2018-02-17 0428 N8TR 599 OH CO2AN 599 100 0
QSO: 1840 CW 2018-02-17 0430 N8TR 599 OH VP2MSS 599 K 0
QSO: 1831 CW 2018-02-17 0433 N8TR 599 OH V26M 599 K 0
QSO: 1818 CW 2018-02-17 0434 N8TR 599 OH F6FYA 599 KW 0
QSO: 1824 CW 2018-02-17 0438 N8TR 599 OH HB9DDO 599 KW 0
QSO: 7012 CW 2018-02-17 0441 N8TR 599 OH LZ5R 599 KW 0
QSO: 7034 CW 2018-02-17 0442 N8TR 599 OH EA6FO 599 KW 0
QSO: 7033 CW 2018-02-17 0443 N8TR 599 OH C6AKQ 599 99 0
QSO: 7021 CW 2018-02-17 0444 N8TR 599 OH XE7S 599 100 0
QSO: 7035 CW 2018-02-17 0447 N8TR 599 OH HI0AA 599 100 0
QSO: 7027 CW 2018-02-17 0449 N8TR 599 OH YN1N 599 400 0
QSO: 7000 CW 2018-02-17 0454 N8TR 599 OH OX5T 599 100 0
QSO: 7056 CW 2018-02-17 0457 N8TR 599 OH ZM4T 599 500 0
QSO: 7065 CW 2018-02-17 0504 N8TR 599 OH 3D2JS 599 500 0
QSO: 7041 CW 2018-02-17 0509 N8TR 599 OH OA4SS 599 KW 0
QSO: 3537 CW 2018-02-17 0513 N8TR 599 OH HB9FAP 599 KW 0
QSO: 3529 CW 2018-02-17 0513 N8TR 599 OH MD2C 599 400 0
QSO: 3539 CW 2018-02-17 0514 N8TR 599 OH GW5R 599 500 0
QSO: 3528 CW 2018-02-17 0515 N8TR 599 OH VP9/W6PH 599 100 0
QSO: 3518 CW 2018-02-17 0517 N8TR 599 OH EA6NB 599 500 0
QSO: 3555 CW 2018-02-17 0518 N8TR 599 OH EA8CN 599 100 0
QSO: 3524 CW 2018-02-17 0519 N8TR 599 OH CU4DX 599 K 0
QSO: 3524 CW 2018-02-17 0520 N8TR 599 OH KL7RA 599 KW 0
QSO: 3530 CW 2018-02-17 0522 N8TR 599 OH NP2N 599 K 0
QSO: 3503 CW 2018-02-17 0523 N8TR 599 OH P40W 599 100 0
QSO: 3541 CW 2018-02-17 0524 N8TR 599 OH XE2X 599 K 0
QSO: 3536 CW 2018-02-17 0525 N8TR 599 OH V3T 599 99 0
QSO: 3558 CW 2018-02-17 0529 N8TR 599 OH EU1A 599 KW 0
QSO: 3524 CW 2018-02-17 0532 N8TR 599 OH YQ6A 599 KW 0
QSO: 3507 CW 2018-02-17 0533 N8TR 599 OH S52AW 599 KW 0
QSO: 3520 CW 2018-02-17 0533 N8TR 599 OH YL2SM 599 KW 0
QSO: 3508 CW 2018-02-17 0535 N8TR 599 OH CN2DF 599 100 0
QSO: 3527 CW 2018-02-17 0539 N8TR 599 OH ON7T 599 KW 0
QSO: 1825 CW 2018-02-17 0543 N8TR 599 OH KH6J 599 KW 0
QSO: 1835 CW 2018-02-17 0546 N8TR 599 OH KH6LC 599 KW 0
QSO: 1828 CW 2018-02-17 0547 N8TR 599 OH ZF1A 599 K 0
QSO: 1823 CW 2018-02-17 0550 N8TR 599 OH MD2C 599 400 0
QSO: 1813 CW 2018-02-17 0554 N8TR 599 OH IK2YCW 599 500 0
QSO: 1814 CW 2018-02-17 0555 N8TR 599 OH KH7B 599 K 0
QSO: 1839 CW 2018-02-17 0556 N8TR 599 OH T48K 599 KW 0
QSO: 1805 CW 2018-02-17 0558 N8TR 599 OH P40W 599 100 0
QSO: 3537 CW 2018-02-17 0600 N8TR 599 OH PJ2T 599 KW 0
QSO: 3527 CW 2018-02-17 0600 N8TR 599 OH 6Y2T 599 K 0
QSO: 3545 CW 2018-02-17 0601 N8TR 599 OH V47T 599 K 0
QSO: 3515 CW 2018-02-17 0602 N8TR 599 OH YT3X 599 KW 0
QSO: 7016 CW 2018-02-17 0603 N8TR 599 OH CU4DX 599 K 0
QSO: 7007 CW 2018-02-17 0633 N8TR 599 OH RT0C 599 KW 0
QSO: 3553 CW 2018-02-17 0638 N8TR 599 OH OZ1LO 599 KW 0
QSO: 3515 CW 2018-02-17 0643 N8TR 599 OH CE2MVF 599 K 0
QSO: 3536 CW 2018-02-17 0644 N8TR 599 OH V26M 599 K 0
QSO: 7032 CW 2018-02-17 1235 N8TR 599 OH JI7GBI 599 KW 0
QSO: 7054 CW 2018-02-17 1239 N8TR 599 OH CO8RRM 599 100 0
QSO: 7013 CW 2018-02-17 1243 N8TR 599 OH T8NC 599 K 0
QSO: 3522 CW 2018-02-17 1251 N8TR 599 OH JA3YBK 599 KW 0
QSO: 14019 CW 2018-02-17 1259 N8TR 599 OH S58M 599 KW 0
QSO: 14041 CW 2018-02-17 1300 N8TR 599 OH OL0W 599 KW 0
QSO: 14064 CW 2018-02-17 1301 N8TR 599 OH Z33C 599 100 0
QSO: 14058 CW 2018-02-17 1301 N8TR 599 OH EA5RS 599 K 0
QSO: 14057 CW 2018-02-17 1302 N8TR 599 OH YT1A 599 KW 0
QSO: 14020 CW 2018-02-17 1303 N8TR 599 OH TM3R 599 K 0
QSO: 14022 CW 2018-02-17 1304 N8TR 599 OH SN7Q 599 KW 0
QSO: 14036 CW 2018-02-17 1305 N8TR 599 OH LZ8R 599 KW 0
QSO: 14068 CW 2018-02-17 1306 N8TR 599 OH LY5W 599 KW 0
QSO: 14065 CW 2018-02-17 1307 N8TR 599 OH OP7B 599 200 0
QSO: 14064 CW 2018-02-17 1308 N8TR 599 OH IZ8RQS 599 500 0
QSO: 14060 CW 2018-02-17 1309 N8TR 599 OH UZ3A 599 150 0
QSO: 14059 CW 2018-02-17 1310 N8TR 599 OH DJ7UC 599 500 0
QSO: 14058 CW 2018-02-17 1311 N8TR 599 OH EA8RM 599 K 0
QSO: 14052 CW 2018-02-17 1315 N8TR 599 OH ES100C 599 KW 0
QSO: 14050 CW 2018-02-17 1315 N8TR 599 OH 9A3IH 599 100 0
QSO: 14053 CW 2018-02-17 1316 N8TR 599 OH VP9/W6PH 599 100 0
QSO: 14054 CW 2018-02-17 1317 N8TR 599 OH LN8W 599 KW 0
QSO: 14050 CW 2018-02-17 1319 N8TR 599 OH PA3FQA 599 500 0
QSO: 14049 CW 2018-02-17 1321 N8TR 599 OH UA4M 599 KW 0
QSO: 14049 CW 2018-02-17 1322 N8TR 599 OH EA6FO 599 KW 0
QSO: 14049 CW 2018-02-17 1323 N8TR 599 OH Z60A 599 KW 0
QSO: 14048 CW 2018-02-17 1323 N8TR 599 OH CR3DX 599 KW 0
QSO: 14047 CW 2018-02-17 1324 N8TR 599 OH HG3R 599 KW 0
QSO: 14058 CW 2018-02-17 1325 N8TR 599 OH SD6M 599 100 0
QSO: 14065 CW 2018-02-17 1326 N8TR 599 OH OG60F 599 KW 0
QSO: 14052 CW 2018-02-17 1328 N8TR 599 OH EU1A 599 KW 0
QSO: 14043 CW 2018-02-17 1329 N8TR 599 OH CR6K 599 KW 0
QSO: 14042 CW 2018-02-17 1329 N8TR 599 OH OM2VL 599 KW 0
QSO: 14039 CW 2018-02-17 1329 N8TR 599 OH CU4DX 599 K 0
QSO: 14038 CW 2018-02-17 1330 N8TR 599 OH M6T 599 400 0
QSO: 14020 CW 2018-02-17 1331 N8TR 599 OH YL3FT 599 KW 0
QSO: 14015 CW 2018-02-17 1331 N8TR 599 OH GM5X 599 400 0
QSO: 14010 CW 2018-02-17 1331 N8TR 599 OH YQ6A 599 KW 0
QSO: 14011 CW 2018-02-17 1332 N8TR 599 OH FM5BH 599 K 0
QSO: 14008 CW 2018-02-17 1333 N8TR 599 OH C6AUM 599 99 0
QSO: 14043 CW 2018-02-17 1333 N8TR 599 OH VP2MSS 599 K 0
QSO: 14084 CW 2018-02-17 1334 N8TR 599 OH V26M 599 K 0
QSO: 21000 CW 2018-02-17 1337 N8TR 599 OH EA2RY 599 KW 0
QSO: 21028 CW 2018-02-17 1338 N8TR 599 OH TO1A 599 KW 0
QSO: 21007 CW 2018-02-17 1339 N8TR 599 OH PS2T 599 K 0
QSO: 21024 CW 2018-02-17 1340 N8TR 599 OH T48K 599 KW 0
QSO: 21033 CW 2018-02-17 1342 N8TR 599 OH TI7W 599 KW 0
QSO: 21046 CW 2018-02-17 1344 N8TR 599 OH PY1VOY 599 K 0
QSO: 21003 CW 2018-02-17 1344 N8TR 599 OH CR3DX 599 KW 0
QSO: 14030 CW 2018-02-17 1347 N8TR 599 OH IB3N 599 500 0
QSO: 14049 CW 2018-02-17 1349 N8TR 599 OH HB9TPN 599 100 0
QSO: 14032 CW 2018-02-17 1351 N8TR 599 OH YV5EMG 599 100 0
QSO: 14036 CW 2018-02-17 1352 N8TR 599 OH VP5K 599 500 0
QSO: 14010 CW 2018-02-17 1354 N8TR 599 OH PZ5RA 599 KW 0
QSO: 14071 CW 2018-02-17 1355 N8TR 599 OH LU5FC 599 K 0
QSO: 14056 CW 2018-02-17 1357 N8TR 599 OH MD2C 599 400 0
QSO: 14060 CW 2018-02-17 1407 N8TR 599 OH G6XX 599 100 0
QSO: 14000 CW 2018-02-17 1413 N8TR 599 OH HC2SL 599 KW 0
QSO: 14016 CW 2018-02-17 1415 N8TR 599 OH HP3SS 599 500 0
QSO: 14043 CW 2018-02-17 1416 N8TR 599 OH LX7I 599 KW 0
QSO: 14033 CW 2018-02-17 1419 N8TR 599 OH OZ1AAR 599 100 0
QSO: 21046 CW 2018-02-17 1422 N8TR 599 OH V26M 599 K 0
QSO: 21049 CW 2018-02-17 1422 N8TR 599 OH V47T 599 K 0
QSO: 21009 CW 2018-02-17 1423 N8TR 599 OH PJ4A 599 K 0
QSO: 21019 CW 2018-02-17 1424 N8TR 599 OH P49Y 599 K 0
QSO: 21033 CW 2018-02-17 1425 N8TR 599 OH CR6K 599 KW 0
QSO: 21032 CW 2018-02-17 1426 N8TR 599 OH EA6FO 599 KW 0
QSO: 21037 CW 2018-02-17 1427 N8TR 599 OH KP2M 599 K 0
QSO: 21056 CW 2018-02-17 1431 N8TR 599 OH HG7T 599 KW 0
QSO: 21039 CW 2018-02-17 1433 N8TR 599 OH F5IN 599 KW 0
QSO: 21041 CW 2018-02-17 1435 N8TR 599 OH M6T 599 400 0
QSO: 21011 CW 2018-02-17 1443 N8TR 599 OH DR4U 599 KW 0
QSO: 21023 CW 2018-02-17 1444 N8TR 599 OH IR4M 599 500 0
QSO: 21030 CW 2018-02-17 1444 N8TR 599 OH 9A1A 599 KW 0
QSO: 21015 CW 2018-02-17 1446 N8TR 599 OH CU4DX 599 K 0
QSO: 21009 CW 2018-02-17 1446 N8TR 599 OH OQ5M 599 KW 0
QSO: 21016 CW 2018-02-17 1448 N8TR 599 OH OZ1AA 599 K 0
QSO: 21044 CW 2018-02-17 1448 N8TR 599 OH VP2MSS 599 K 0
QSO: 21031 CW 2018-02-17 1449 N8TR 599 OH PJ2T 599 K 0
QSO: 21020 CW 2018-02-17 1449 N8TR 599 OH VP9/W6PH 599 100 0
QSO: 21016 CW 2018-02-17 1450 N8TR 599 OH LU1DZ 599 500 0
QSO: 21007 CW 2018-02-17 1452 N8TR 599 OH ZF9CW 599 100 0
QSO: 21043 CW 2018-02-17 1453 N8TR 599 OH CX2BR 599 K 0
QSO: 21023 CW 2018-02-17 1454 N8TR 599 OH LX7I 599 KW 0
QSO: 21010 CW 2018-02-17 1454 N8TR 599 OH D44EE 599 99 0
QSO: 21044 CW 2018-02-17 1455 N8TR 599 OH UA2FZ 599 KW 0
QSO: 21034 CW 2018-02-17 1456 N8TR 599 OH SN5X 599 KW 0
QSO: 21036 CW 2018-02-17 1456 N8TR 599 OH KP4KE 599 100 0
QSO: 21028 CW 2018-02-17 1458 N8TR 599 OH IR4X 599 500 0
QSO: 21040 CW 2018-02-17 1500 N8TR 599 OH P40W 599 100 0
QSO: 21032 CW 2018-02-17 1501 N8TR 599 OH PV8ADI 599 505 0
QSO: 21056 CW 2018-02-17 1511 N8TR 599 OH PY2MTV 599 100 0
QSO: 21029 CW 2018-02-17 1513 N8TR 599 OH DJ7UC 599 500 0
QSO: 21028 CW 2018-02-17 1514 N8TR 599 OH SN7Q 599 KW 0
QSO: 21027 CW 2018-02-17 1516 N8TR 599 OH OR3A 599 KW 0
QSO: 21025 CW 2018-02-17 1517 N8TR 599 OH EF1A 599 KW 0
QSO: 21018 CW 2018-02-17 1517 N8TR 599 OH TM3R 599 K 0
QSO: 21009 CW 2018-02-17 1518 N8TR 599 OH F8AAN 599 1K 0
QSO: 21002 CW 2018-02-17 1518 N8TR 599 OH ED7P 599 KW 0
QSO: 21011 CW 2018-02-17 1519 N8TR 599 OH FM5BH 599 K 0
QSO: 21051 CW 2018-02-17 1523 N8TR 599 OH 8P0P 599 100 0
QSO: 21049 CW 2018-02-17 1527 N8TR 599 OH EA5RS 599 KW 0
QSO: 21050 CW 2018-02-17 1528 N8TR 599 OH DL7ON 599 KW 0
QSO: 21039 CW 2018-02-17 1529 N8TR 599 OH I2WIJ 599 500 0
QSO: 21027 CW 2018-02-17 1530 N8TR 599 OH HG1S 599 KW 0
QSO: 21029 CW 2018-02-17 1530 N8TR 599 OH DK3GI 599 KW 0
QSO: 21037 CW 2018-02-17 1533 N8TR 599 OH YV8AD 599 100 0
QSO: 21039 CW 2018-02-17 1534 N8TR 599 OH J6/KG9N 599 100 0
QSO: 21015 CW 2018-02-17 1535 N8TR 599 OH OK7Z 599 KW 0
QSO: 21037 CW 2018-02-17 1537 N8TR 599 OH ED8W 599 100 0
QSO: 21002 CW 2018-02-17 1540 N8TR 599 OH XE1CT 599 100 0
QSO: 21029 CW 2018-02-17 1542 N8TR 599 OH 6Y2T 599 K 0
QSO: 21046 CW 2018-02-17 1558 N8TR 599 OH V31MA 599 5 0
QSO: 21004 CW 2018-02-17 1559 N8TR 599 OH HP3SS 599 500 0
QSO: 21014 CW 2018-02-17 1600 N8TR 599 OH PX5Z 599 KW 0
QSO: 21015 CW 2018-02-17 1601 N8TR 599 OH P40E 599 K 0
QSO: 21014 CW 2018-02-17 1602 N8TR 599 OH ZW8T 599 100 0
QSO: 21016 CW 2018-02-17 1607 N8TR 599 OH ZZ4X 599 KW 0
QSO: 21019 CW 2018-02-17 1608 N8TR 599 OH NP2N 599 K 0
QSO: 21038 CW 2018-02-17 1617 N8TR 599 OH PZ5RA 599 KW 0
QSO: 21028 CW 2018-02-17 1625 N8TR 599 OH CX9AU 599 KW 0
QSO: 21026 CW 2018-02-17 1625 N8TR 599 OH LU6UO 599 500 0
QSO: 21017 CW 2018-02-17 1626 N8TR 599 OH PY5AKW 599 KW 0
QSO: 21032 CW 2018-02-17 1628 N8TR 599 OH KH6LC 599 KW 0
QSO: 21031 CW 2018-02-17 1629 N8TR 599 OH ZF1A 599 K 0
QSO: 21030 CW 2018-02-17 1631 N8TR 599 OH VP5K 599 500 0
QSO: 14027 CW 2018-02-17 1631 N8TR 599 OH YN1N 599 400 0
QSO: 14002 CW 2018-02-17 1633 N8TR 599 OH 4U1A 599 100 0
QSO: 14052 CW 2018-02-17 1636 N8TR 599 OH P3X 599 KW 0
QSO: 14023 CW 2018-02-17 1638 N8TR 599 OH SV2DSJ 599 500 0
QSO: 14031 CW 2018-02-17 1640 N8TR 599 OH E77DX 599 K 0
QSO: 14098 CW 2018-02-17 1641 N8TR 599 OH GU4CHY 599 400 0
QSO: 14091 CW 2018-02-17 1642 N8TR 599 OH XE7S 599 100 0
QSO: 28029 CW 2018-02-17 1645 N8TR 599 OH PJ4A 599 K 0
QSO: 28001 CW 2018-02-17 1645 N8TR 599 OH PJ2T 599 K 0
QSO: 28026 CW 2018-02-17 1647 N8TR 599 OH P49Y 599 K 0
QSO: 28032 CW 2018-02-17 1648 N8TR 599 OH V47T 599 K 0
QSO: 28009 CW 2018-02-17 1648 N8TR 599 OH PY2XB 599 KW 0
QSO: 28030 CW 2018-02-17 1651 N8TR 599 OH TI7W 599 KW 0
QSO: 28006 CW 2018-02-17 1652 N8TR 599 OH VP2MSS 599 K 0
QSO: 28020 CW 2018-02-17 1653 N8TR 599 OH FM5BH 599 K 0
QSO: 28034 CW 2018-02-17 1658 N8TR 599 OH OA4SS 599 KW 0
QSO: 28008 CW 2018-02-17 1700 N8TR 599 OH LW8DQ 599 KW 0
QSO: 28033 CW 2018-02-17 1701 N8TR 599 OH KP4KE 599 100 0
QSO: 28033 CW 2018-02-17 1703 N8TR 599 OH EA8RM 599 K 0
QSO: 28034 CW 2018-02-17 1705 N8TR 599 OH J6/KG9N 599 100 0
QSO: 28013 CW 2018-02-17 1708 N8TR 599 OH HP3SS 599 500 0
QSO: 28019 CW 2018-02-17 1710 N8TR 599 OH CX2BR 599 K 0
QSO: 28037 CW 2018-02-17 1711 N8TR 599 OH LU5DF 599 100 0
QSO: 28027 CW 2018-02-17 1712 N8TR 599 OH P40E 599 K 0
QSO: 21033 CW 2018-02-17 1713 N8TR 599 OH C6AKQ 599 99 0
QSO: 21055 CW 2018-02-17 1715 N8TR 599 OH PY1AX 599 100 0
QSO: 21057 CW 2018-02-17 1716 N8TR 599 OH CO2RQ 599 100 0
QSO: 21011 CW 2018-02-17 1719 N8TR 599 OH HH2AA 599 99 0
QSO: 14095 CW 2018-02-17 1740 N8TR 599 OH ZS2NF 599 100 0
QSO: 14056 CW 2018-02-17 1744 N8TR 599 OH F6HKA 599 500 0
QSO: 14097 CW 2018-02-17 1745 N8TR 599 OH HA3DX 599 KW 0
QSO: 14098 CW 2018-02-17 1746 N8TR 599 OH DL1VDL 599 500 0
QSO: 14094 CW 2018-02-17 1746 N8TR 599 OH OM7RU 599 KW 0
QSO: 14091 CW 2018-02-17 1747 N8TR 599 OH IW3IE 599 500 0
QSO: 14086 CW 2018-02-17 1747 N8TR 599 OH G4IIY 599 400 0
QSO: 14085 CW 2018-02-17 1748 N8TR 599 OH EA7TG 599 500 0
QSO: 14081 CW 2018-02-17 1749 N8TR 599 OH EA5XA 599 100 0
QSO: 14078 CW 2018-02-17 1750 N8TR 599 OH OQ5M 599 KW 0
QSO: 14069 CW 2018-02-17 1750 N8TR 599 OH S52NR 599 100 0
QSO: 14069 CW 2018-02-17 1751 N8TR 599 OH DD1A 599 KW 0
QSO: 14068 CW 2018-02-17 1751 N8TR 599 OH ED8W 599 100 0
QSO: 14068 CW 2018-02-17 1752 N8TR 599 OH M0BJL 599 400 0
QSO: 14068 CW 2018-02-17 1753 N8TR 599 OH S57WJ 599 700 0
QSO: 14047 CW 2018-02-17 1755 N8TR 599 OH EI8JX 599 100 0
QSO: 14048 CW 2018-02-17 1755 N8TR 599 OH 9A4M 599 KW 0
QSO: 14050 CW 2018-02-17 1756 N8TR 599 OH IZ3SQW 599 500 0
QSO: 14051 CW 2018-02-17 1757 N8TR 599 OH OK7PN 599 KW 0
QSO: 14052 CW 2018-02-17 1757 N8TR 599 OH HG5A 599 KW 0
QSO: 14054 CW 2018-02-17 1758 N8TR 599 OH EA5YI 599 KW 0
QSO: 14055 CW 2018-02-17 1759 N8TR 599 OH IW1ARB 599 500 0
QSO: 14063 CW 2018-02-17 1801 N8TR 599 OH GM4Z 599 400 0
QSO: 14063 CW 2018-02-17 1802 N8TR 599 OH S57DX 599 KW 0
QSO: 14060 CW 2018-02-17 1803 N8TR 599 OH G3Y 599 400 0
QSO: 14060 CW 2018-02-17 1804 N8TR 599 OH EF1A 599 KW 0
QSO: 14057 CW 2018-02-17 1806 N8TR 599 OH IK0FUX 599 300 0
QSO: 14058 CW 2018-02-17 1808 N8TR 599 OH IK5ZWU 599 300 0
QSO: 14058 CW 2018-02-17 1809 N8TR 599 OH HB9DQL 599 500 0
QSO: 14046 CW 2018-02-17 1811 N8TR 599 OH EA4SV 599 KW 0
QSO: 14041 CW 2018-02-17 1812 N8TR 599 OH ED7P 599 KW 0
QSO: 14041 CW 2018-02-17 1812 N8TR 599 OH EA7GV 599 300 0
QSO: 14041 CW 2018-02-17 1813 N8TR 599 OH IR4X 599 500 0
QSO: 14039 CW 2018-02-17 1813 N8TR 599 OH HA8M 599 K 0
QSO: 14039 CW 2018-02-17 1814 N8TR 599 OH F5NTV 599 KW 0
QSO: 14036 CW 2018-02-17 1815 N8TR 599 OH KH6LC 599 K 0
QSO: 14025 CW 2018-02-17 1817 N8TR 599 OH TM5Y 599 KW 0
QSO: 14022 CW 2018-02-17 1817 N8TR 599 OH S50K 599 K 0
QSO: 14021 CW 2018-02-17 1817 N8TR 599 OH IR4M 599 500 0
QSO: 14020 CW 2018-02-17 1818 N8TR 599 OH IR1Y 599 500 0
QSO: 14018 CW 2018-02-17 1819 N8TR 599 OH EA2RY 599 KW 0
QSO: 14017 CW 2018-02-17 1820 N8TR 599 OH M0B 599 400 0
QSO: 14010 CW 2018-02-17 1821 N8TR 599 OH EF5F 599 KW 0
QSO: 14009 CW 2018-02-17 1822 N8TR 599 OH F6BEE 599 KW 0
QSO: 14052 CW 2018-02-17 1829 N8TR 599 OH ZM4T 599 500 0
QSO: 14014 CW 2018-02-17 1830 N8TR 599 OH CR3W 599 500 0
QSO: 14016 CW 2018-02-17 1831 N8TR 599 OH 9A1A 599 KW 0
QSO: 14056 CW 2018-02-17 1833 N8TR 599 OH MI5I 599 100 0
QSO: 14058 CW 2018-02-17 1834 N8TR 599 OH EA1AOQ 599 100 0
QSO: 14055 CW 2018-02-17 1834 N8TR 599 OH EA4TX 599 KW 0
QSO: 14037 CW 2018-02-17 1836 N8TR 599 OH OH8L 599 KW 0
QSO: 14032 CW 2018-02-17 1836 N8TR 599 OH OH8X 599 KW 0
QSO: 14023 CW 2018-02-17 1838 N8TR 599 OH HA7GN 599 KW 0
QSO: 14015 CW 2018-02-17 1839 N8TR 599 OH OH8WW 599 KW 0
QSO: 14087 CW 2018-02-17 1841 N8TR 599 OH ED4T 599 100 0
QSO: 14016 CW 2018-02-17 1845 N8TR 599 OH ON4UN 599 KW 0
QSO: 14048 CW 2018-02-17 1845 N8TR 599 OH OH0Z 599 K 0
QSO: 14091 CW 2018-02-17 1846 N8TR 599 OH RL3A 599 K 0
QSO: 14042 CW 2018-02-17 1846 N8TR 599 OH OG7A 599 KW 0
QSO: 14013 CW 2018-02-17 1847 N8TR 599 OH SO2R 599 K 0
QSO: 14060 CW 2018-02-17 1848 N8TR 599 OH OZ1AA 599 K 0
QSO: 14033 CW 2018-02-17 1849 N8TR 599 OH GM5A 599 400 0
QSO: 14018 CW 2018-02-17 1850 N8TR 599 OH EA5KV 599 KW 0
QSO: 14066 CW 2018-02-17 1852 N8TR 599 OH RZ1OA 599 KW 0
QSO: 14034 CW 2018-02-17 1853 N8TR 599 OH HH2AA 599 99 0
QSO: 14016 CW 2018-02-17 1854 N8TR 599 OH OH3JF 599 KW 0
QSO: 21026 CW 2018-02-17 1855 N8TR 599 OH V3T 599 99 0
QSO: 21010 CW 2018-02-17 1857 N8TR 599 OH PY4LH 599 100 0
QSO: 21017 CW 2018-02-17 1858 N8TR 599 OH PY2EX 599 KW 0
QSO: 21025 CW 2018-02-17 1859 N8TR 599 OH YN1N 599 400 0
QSO: 21039 CW 2018-02-17 1907 N8TR 599 OH V51YJ 599 150 0
QSO: 21033 CW 2018-02-17 1909 N8TR 599 OH OA4SS 599 KW 0
QSO: 21038 CW 2018-02-17 1910 N8TR 599 OH KH6J 599 KW 0
QSO: 21031 CW 2018-02-17 1911 N8TR 599 OH KH7B 599 K 0
QSO: 21020 CW 2018-02-17 1912 N8TR 599 OH ZW7T 599 100 0
QSO: 21048 CW 2018-02-17 1913 N8TR 599 OH NP4Z 599 0 0
QSO: 21054 CW 2018-02-17 1915 N8TR 599 OH HI8A 599 100 0
QSO: 21013 CW 2018-02-17 1916 N8TR 599 OH PX2A 599 K 0
QSO: 21040 CW 2018-02-17 1917 N8TR 599 OH NP4G 599 00 0
QSO: 21042 CW 2018-02-17 1933 N8TR 599 OH KH7M 599 KW 0
QSO: 21000 CW 2018-02-17 1934 N8TR 599 OH PP2CC 599 100 0
QSO: 21016 CW 2018-02-17 1941 N8TR 599 OH PT9DX 599 100 0
QSO: 14022 CW 2018-02-17 1952 N8TR 599 OH 3D2JS 599 500 0
QSO: 7055 CW 2018-02-17 2243 N8TR 599 OH FM5BH 599 K 0
QSO: 14019 CW 2018-02-17 2248 N8TR 599 OH RM0F 599 KW 0
QSO: 14014 CW 2018-02-17 2248 N8TR 599 OH CX9AU 599 KW 0
QSO: 14063 CW 2018-02-17 2250 N8TR 599 OH JR3NZC 599 KW 0
QSO: 14060 CW 2018-02-17 2251 N8TR 599 OH JL1QOC 599 200 0
QSO: 14056 CW 2018-02-17 2253 N8TR 599 OH RT0C 599 KW 0
QSO: 14041 CW 2018-02-17 2254 N8TR 599 OH JA2XYO 599 KW 0
QSO: 14037 CW 2018-02-17 2255 N8TR 599 OH JR2IOB 599 KW 0
QSO: 14037 CW 2018-02-17 2257 N8TR 599 OH JA7ACM 599 KW 0
QSO: 14034 CW 2018-02-17 2257 N8TR 599 OH JA6GCE 599 150 0
QSO: 14031 CW 2018-02-17 2257 N8TR 599 OH JA3YBK 599 KW 0
QSO: 14029 CW 2018-02-17 2258 N8TR 599 OH KH6RS 599 KW 0
QSO: 14028 CW 2018-02-17 2300 N8TR 599 OH JA7IC 599 KW 0
QSO: 14013 CW 2018-02-17 2303 N8TR 599 OH JA1MZM 599 100 0
QSO: 14026 CW 2018-02-17 2303 N8TR 599 OH ZW8T 599 100 0
QSO: 14027 CW 2018-02-17 2304 N8TR 599 OH P40E 599 K 0
QSO: 14028 CW 2018-02-17 2305 N8TR 599 OH ZF1A 599 K 0
QSO: 14048 CW 2018-02-17 2308 N8TR 599 OH JP7DKQ 599 KW 0
QSO: 14049 CW 2018-02-17 2309 N8TR 599 OH JH4UYB 599 KW 0
QSO: 14058 CW 2018-02-17 2310 N8TR 599 OH JA9KRO 599 500 0
QSO: 14061 CW 2018-02-17 2311 N8TR 599 OH 7K4XNN 599 500 0
QSO: 14062 CW 2018-02-17 2312 N8TR 599 OH JF7XKY 599 500 0
QSO: 14082 CW 2018-02-17 2315 N8TR 599 OH JR4GPA 599 100 0
QSO: 21026 CW 2018-02-17 2318 N8TR 599 OH ZM1A 599 KW 0
QSO: 21045 CW 2018-02-17 2319 N8TR 599 OH VK2GR 599 100 0
QSO: 21047 CW 2018-02-17 2320 N8TR 599 OH XE1SIX 599 100 0
QSO: 21034 CW 2018-02-17 2322 N8TR 599 OH ZL3X 599 KW 0
QSO: 7057 CW 2018-02-17 2325 N8TR 599 OH PA5KT 599 400 0
QSO: 7047 CW 2018-02-17 2327 N8TR 599 OH HP3SS 599 500 0
QSO: 3534 CW 2018-02-17 2331 N8TR 599 OH SN8B 599 K 0
QSO: 3520 CW 2018-02-17 2331 N8TR 599 OH LY7M 599 KW 0
QSO: 1820 CW 2018-02-17 2333 N8TR 599 OH VP5K 599 500 0
QSO: 1833 CW 2018-02-17 2333 N8TR 599 OH C6ARU 599 99 0
QSO: 3543 CW 2018-02-17 2348 N8TR 599 OH PA0O 599 100 0
QSO: 7056 CW 2018-02-17 2351 N8TR 599 OH CN2FR 599 100 0
QSO: 7046 CW 2018-02-17 2353 N8TR 599 OH OL0W 599 KW 0
QSO: 7048 CW 2018-02-17 2355 N8TR 599 OH OK4RQ 599 700 0
QSO: 7051 CW 2018-02-17 2355 N8TR 599 OH EA8RM 599 K 0
QSO: 7011 CW 2018-02-17 2355 N8TR 599 OH YU5R 599 KW 0
QSO: 7035 CW 2018-02-17 2357 N8TR 599 OH S50A 599 KW 0
QSO: 7009 CW 2018-02-17 2358 N8TR 599 OH DK9PY 599 KW 0
QSO: 7053 CW 2018-02-17 2359 N8TR 599 OH S56X 599 KW 0
QSO: 7014 CW 2018-02-18 0000 N8TR 599 OH LZ3ZZ 599 KW 0
QSO: 7058 CW 2018-02-18 0000 N8TR 599 OH SP3GEM 599 KW 0
QSO: 7039 CW 2018-02-18 0002 N8TR 599 OH S50D 599 KW 0
QSO: 7016 CW 2018-02-18 0002 N8TR 599 OH HG3R 599 KW 0
QSO: 7054 CW 2018-02-18 0003 N8TR 599 OH IK1JJM 599 100 0
QSO: 7002 CW 2018-02-18 0004 N8TR 599 OH LZ5XQ 599 100 0
QSO: 7015 CW 2018-02-18 0005 N8TR 599 OH SN8B 599 K 0
QSO: 7023 CW 2018-02-18 0005 N8TR 599 OH YT7A 599 KW 0
QSO: 7058 CW 2018-02-18 0006 N8TR 599 OH IK2YCW 599 500 0
QSO: 7038 CW 2018-02-18 0007 N8TR 599 OH DL1EKO 599 500 0
QSO: 7013 CW 2018-02-18 0008 N8TR 599 OH CR3DX 599 KW 0
QSO: 7030 CW 2018-02-18 0009 N8TR 599 OH OK3RM 599 KW 0
QSO: 7030 CW 2018-02-18 0010 N8TR 599 OH IR4M 599 500 0
QSO: 7023 CW 2018-02-18 0011 N8TR 599 OH OM7LW 599 KW 0
QSO: 7065 CW 2018-02-18 0011 N8TR 599 OH M6T 599 400 0
QSO: 7022 CW 2018-02-18 0012 N8TR 599 OH 9A1A 599 KW 0
QSO: 7060 CW 2018-02-18 0013 N8TR 599 OH OK7PN 599 KW 0
QSO: 7061 CW 2018-02-18 0014 N8TR 599 OH YO9HP 599 KW 0
QSO: 7020 CW 2018-02-18 0015 N8TR 599 OH S50C 599 KW 0
QSO: 7027 CW 2018-02-18 0015 N8TR 599 OH OK7K 599 KW 0
QSO: 7046 CW 2018-02-18 0017 N8TR 599 OH M7K 599 400 0
QSO: 7017 CW 2018-02-18 0017 N8TR 599 OH IK2CLB 599 500 0
QSO: 7015 CW 2018-02-18 0018 N8TR 599 OH S51YI 599 KWKW 0
QSO: 7024 CW 2018-02-18 0019 N8TR 599 OH GW4BVJ 599 100 0
QSO: 7013 CW 2018-02-18 0019 N8TR 599 OH UT4U 599 KW 0
QSO: 7036 CW 2018-02-18 0020 N8TR 599 OH HG5D 599 KW 0
QSO: 7018 CW 2018-02-18 0020 N8TR 599 OH YT9A 599 KW 0
QSO: 7037 CW 2018-02-18 0021 N8TR 599 OH RA4AR 599 KW 0
QSO: 7034 CW 2018-02-18 0022 N8TR 599 OH P40E 599 K 0
QSO: 7023 CW 2018-02-18 0023 N8TR 599 OH ZF9CW 599 100 0
QSO: 7065 CW 2018-02-18 0023 N8TR 599 OH P40W 599 100 0
QSO: 7029 CW 2018-02-18 0024 N8TR 599 OH KP4KE 599 100 0
QSO: 7057 CW 2018-02-18 0025 N8TR 599 OH XE1CT 599 100 0
QSO: 7047 CW 2018-02-18 0025 N8TR 599 OH IW3IE 599 500 0
QSO: 3524 CW 2018-02-18 0029 N8TR 599 OH OL9Z 599 KW 0
QSO: 3505 CW 2018-02-18 0031 N8TR 599 OH LZ3ZZ 599 KW 0
QSO: 3532 CW 2018-02-18 0032 N8TR 599 OH OM7M 599 KW 0
QSO: 3522 CW 2018-02-18 0034 N8TR 599 OH CR6K 599 KW 0
QSO: 3531 CW 2018-02-18 0035 N8TR 599 OH TM3R 599 K 0
QSO: 3535 CW 2018-02-18 0036 N8TR 599 OH 9A8M 599 KW 0
QSO: 3537 CW 2018-02-18 0037 N8TR 599 OH CO2JD 599 100 0
QSO: 3546 CW 2018-02-18 0037 N8TR 599 OH CO2RQ 599 100 0
QSO: 3505 CW 2018-02-18 0041 N8TR 599 OH HI8A 599 100 0
QSO: 3507 CW 2018-02-18 0042 N8TR 599 OH I2FAK 599 500 0
QSO: 1834 CW 2018-02-18 0135 N8TR 599 OH OL1A 599 KW 0
QSO: 1821 CW 2018-02-18 0139 N8TR 599 OH ON4IA 599 KW 0
QSO: 1837 CW 2018-02-18 0140 N8TR 599 OH LZ5R 599 KW 0
QSO: 1828 CW 2018-02-18 0141 N8TR 599 OH CR3DX 599 KW 0
QSO: 1823 CW 2018-02-18 0142 N8TR 599 OH KP2M 599 K 0
QSO: 3515 CW 2018-02-18 0143 N8TR 599 OH 9A7V 599 KW 0
QSO: 3514 CW 2018-02-18 0144 N8TR 599 OH 9A3B 599 K 0
QSO: 3515 CW 2018-02-18 0144 N8TR 599 OH S57AL 599 KW 0
QSO: 3532 CW 2018-02-18 0145 N8TR 599 OH IR4M 599 500 0
QSO: 3525 CW 2018-02-18 0147 N8TR 599 OH 9A0BB 599 KW 0
QSO: 3537 CW 2018-02-18 0148 N8TR 599 OH IR4X 599 500 0
QSO: 3536 CW 2018-02-18 0149 N8TR 599 OH LZ9W 599 KW 0
QSO: 3531 CW 2018-02-18 0157 N8TR 599 OH XE7S 599 100 0
QSO: 3506 CW 2018-02-18 0200 N8TR 599 OH M5B 599 400 0
QSO: 3541 CW 2018-02-18 0202 N8TR 599 OH LZ5R 599 KW 0
QSO: 3509 CW 2018-02-18 0203 N8TR 599 OH OP4K 599 KW 0
QSO: 3532 CW 2018-02-18 0204 N8TR 599 OH IK2YCW 599 500 0
QSO: 3549 CW 2018-02-18 0211 N8TR 599 OH EF1A 599 KW 0
QSO: 3512 CW 2018-02-18 0211 N8TR 599 OH HG2DX 599 KW 0
QSO: 3516 CW 2018-02-18 0213 N8TR 599 OH ZF2LC 599 500 0
QSO: 3552 CW 2018-02-18 0214 N8TR 599 OH XE1SIX 599 100 0
QSO: 1833 CW 2018-02-18 0217 N8TR 599 OH OM2XW 599 KW 0
QSO: 1822 CW 2018-02-18 0222 N8TR 599 OH EU1WW 599 KW 0
QSO: 1809 CW 2018-02-18 0225 N8TR 599 OH J6/KG9N 599 100 0
QSO: 3538 CW 2018-02-18 0229 N8TR 599 OH PZ5RA 599 KW 0
QSO: 7037 CW 2018-02-18 0231 N8TR 599 OH HA3OU 599 500 0
QSO: 7021 CW 2018-02-18 0232 N8TR 599 OH HG5A 599 KW 0
QSO: 7082 CW 2018-02-18 0233 N8TR 599 OH G6XX 599 100 0
QSO: 7053 CW 2018-02-18 0234 N8TR 599 OH S52NR 599 100 0
QSO: 7025 CW 2018-02-18 0234 N8TR 599 OH ED7P 599 KW 0
QSO: 7035 CW 2018-02-18 0235 N8TR 599 OH IW1ARB 599 500 0
QSO: 7026 CW 2018-02-18 0238 N8TR 599 OH KH7M 599 KW 0
QSO: 7049 CW 2018-02-18 0239 N8TR 599 OH J6/KG9N 599 100 0
QSO: 7034 CW 2018-02-18 0239 N8TR 599 OH PS2T 599 K 0
QSO: 7002 CW 2018-02-18 0240 N8TR 599 OH ZW8T 599 100 0
QSO: 7043 CW 2018-02-18 0242 N8TR 599 OH PV8ADI 599 K 0
QSO: 7005 CW 2018-02-18 0244 N8TR 599 OH T48K 599 KW 0
QSO: 7032 CW 2018-02-18 0244 N8TR 599 OH KH6J 599 KW 0
QSO: 7032 CW 2018-02-18 0245 N8TR 599 OH KH7B 599 K 0
QSO: 7054 CW 2018-02-18 0248 N8TR 599 OH KH6/OK6DJ 599 100 0
QSO: 7046 CW 2018-02-18 0248 N8TR 599 OH KH6RS 599 KW 0
QSO: 7006 CW 2018-02-18 0249 N8TR 599 OH UV5U 599 KW 0
QSO: 7056 CW 2018-02-18 0250 N8TR 599 OH IQ1RY 599 500 0
QSO: 7056 CW 2018-02-18 0250 N8TR 599 OH HG6N 599 KW 0
QSO: 7036 CW 2018-02-18 0252 N8TR 599 OH KH6TU 599 K 0
QSO: 7017 CW 2018-02-18 0253 N8TR 599 OH TM3R 599 K 0
QSO: 7010 CW 2018-02-18 0254 N8TR 599 OH S52DD 599 100 0
QSO: 7002 CW 2018-02-18 0255 N8TR 599 OH SP5GRM 599 KW 0
QSO: 7066 CW 2018-02-18 0255 N8TR 599 OH PY1NX 599 KW 0
QSO: 7065 CW 2018-02-18 0256 N8TR 599 OH IZ8EPX 599 500 0
QSO: 3527 CW 2018-02-18 0258 N8TR 599 OH VP5K 599 500 0
QSO: 3509 CW 2018-02-18 0300 N8TR 599 OH HP3SS 599 500 0
QSO: 3521 CW 2018-02-18 0303 N8TR 599 OH SM3EVR 599 KW 0
QSO: 3517 CW 2018-02-18 0304 N8TR 599 OH UA6AA 599 KW 0
QSO: 3529 CW 2018-02-18 0306 N8TR 599 OH SN7Q 599 KW 0
QSO: 3526 CW 2018-02-18 0308 N8TR 599 OH F5IN 599 KW 0
QSO: 3550 CW 2018-02-18 0310 N8TR 599 OH YV8AD 599 100 0
QSO: 3532 CW 2018-02-18 0312 N8TR 599 OH OA7LNW 599 500 0
QSO: 3504 CW 2018-02-18 0312 N8TR 599 OH ZF9CW 599 100 0
QSO: 3528 CW 2018-02-18 0313 N8TR 599 OH P40E 599 K 0
QSO: 3552 CW 2018-02-18 0316 N8TR 599 OH HI3Y 599 99 0
QSO: 3509 CW 2018-02-18 0318 N8TR 599 OH UW1M 599 KW 0
QSO: 3556 CW 2018-02-18 0319 N8TR 599 OH DJ7UC 599 500 0
QSO: 3512 CW 2018-02-18 0320 N8TR 599 OH DF4PD 599 200 0
QSO: 7034 CW 2018-02-18 0322 N8TR 599 OH V26M 599 K 0
QSO: 7031 CW 2018-02-18 0323 N8TR 599 OH V51YJ 599 150 0
QSO: 1810 CW 2018-02-18 0327 N8TR 599 OH LY4A 599 KW 0
QSO: 1820 CW 2018-02-18 0330 N8TR 599 OH V3T 599 99 0
QSO: 1833 CW 2018-02-18 0354 N8TR 599 OH DL7ON 599 KW 0
QSO: 7025 CW 2018-02-18 0356 N8TR 599 OH S57Q 599 KW 0
QSO: 7035 CW 2018-02-18 0357 N8TR 599 OH EA2RY 599 KW 0
QSO: 7015 CW 2018-02-18 0357 N8TR 599 OH S57DX 599 KW 0
QSO: 7007 CW 2018-02-18 0358 N8TR 599 OH YU7U 599 KW 0
QSO: 7059 CW 2018-02-18 0359 N8TR 599 OH ED8W 599 100 0
QSO: 7034 CW 2018-02-18 0401 N8TR 599 OH SN8D 599 K 0
QSO: 7010 CW 2018-02-18 0402 N8TR 599 OH HG1S 599 KW 0
QSO: 7024 CW 2018-02-18 0402 N8TR 599 OH UX4U 599 KW 0
QSO: 7009 CW 2018-02-18 0403 N8TR 599 OH R7NW 599 KW 0
QSO: 7035 CW 2018-02-18 0404 N8TR 599 OH EA8OM 599 100 0
QSO: 7035 CW 2018-02-18 0406 N8TR 599 OH HA4XH 599 KW 0
QSO: 7026 CW 2018-02-18 0407 N8TR 599 OH IZ8DVD 599 500 0
QSO: 7011 CW 2018-02-18 0408 N8TR 599 OH EA5RS 599 KW 0
QSO: 1821 CW 2018-02-18 0410 N8TR 599 OH P40E 599 K 0
QSO: 1814 CW 2018-02-18 0411 N8TR 599 OH ZF9CW 599 100 0
QSO: 3516 CW 2018-02-18 0411 N8TR 599 OH G4AMT 599 400 0
QSO: 3528 CW 2018-02-18 0412 N8TR 599 OH CR3DX 599 KW 0
QSO: 3521 CW 2018-02-18 0413 N8TR 599 OH YT9A 599 KW 0
QSO: 3538 CW 2018-02-18 0413 N8TR 599 OH HG6N 599 KW 0
QSO: 3556 CW 2018-02-18 0414 N8TR 599 OH S52AU 599 KW 0
QSO: 3532 CW 2018-02-18 0414 N8TR 599 OH HG7T 599 KW 0
QSO: 3537 CW 2018-02-18 0416 N8TR 599 OH EA6FO 599 KW 0
QSO: 3538 CW 2018-02-18 0417 N8TR 599 OH CN2FR 599 100 0
QSO: 3533 CW 2018-02-18 0419 N8TR 599 OH YL3CW 599 KW 0
QSO: 3561 CW 2018-02-18 0422 N8TR 599 OH CM8CF 599 100 0
QSO: 3526 CW 2018-02-18 0424 N8TR 599 OH KH6LC 599 K 0
QSO: 3507 CW 2018-02-18 0424 N8TR 599 OH HA8RM 599 KW 0
QSO: 3530 CW 2018-02-18 0426 N8TR 599 OH HG5A 599 KW 0
QSO: 3547 CW 2018-02-18 0426 N8TR 599 OH EA8RM 599 K 0
QSO: 3534 CW 2018-02-18 0428 N8TR 599 OH KP2M 599 K 0
QSO: 1838 CW 2018-02-18 0430 N8TR 599 OH TM3R 599 K 0
QSO: 1834 CW 2018-02-18 0435 N8TR 599 OH EA2RY 599 KW 0
QSO: 1846 CW 2018-02-18 0443 N8TR 599 OH IQ1RY 599 500 0
QSO: 3532 CW 2018-02-18 0447 N8TR 599 OH G6XX 599 400 0
QSO: 3562 CW 2018-02-18 0448 N8TR 599 OH S52NR 599 100 0
QSO: 3545 CW 2018-02-18 0448 N8TR 599 OH DL7ON 599 KW 0
QSO: 3546 CW 2018-02-18 0448 N8TR 599 OH OM7RU 599 KW 0
QSO: 3547 CW 2018-02-18 0450 N8TR 599 OH DL1NKS 599 KW 0
QSO: 7048 CW 2018-02-18 0454 N8TR 599 OH YT4W 599 KW 0
QSO: 7006 CW 2018-02-18 0454 N8TR 599 OH OK1CF 599 KW 0
QSO: 7046 CW 2018-02-18 0455 N8TR 599 OH EA5GX 599 300 0
QSO: 7030 CW 2018-02-18 0455 N8TR 599 OH S51DI 599 KW 0
QSO: 7008 CW 2018-02-18 0456 N8TR 599 OH S59N 599 100 0
QSO: 7054 CW 2018-02-18 0457 N8TR 599 OH HG7T 599 KW 0
QSO: 3536 CW 2018-02-18 1059 N8TR 599 OH ZL3X 599 KW 0
QSO: 3524 CW 2018-02-18 1100 N8TR 599 OH KH7M 599 KW 0
QSO: 1828 CW 2018-02-18 1105 N8TR 599 OH 6Y2T 599 K 0
QSO: 7031 CW 2018-02-18 1109 N8TR 599 OH AH2R 599 KW 0
QSO: 7026 CW 2018-02-18 1117 N8TR 599 OH VK5GR 599 100 0
QSO: 7003 CW 2018-02-18 1120 N8TR 599 OH VK6IT 599 100 0
QSO: 7044 CW 2018-02-18 1133 N8TR 599 OH JH4UYB 599 KW 0
QSO: 7029 CW 2018-02-18 1142 N8TR 599 OH HI3/KC1XX 599 100 0
QSO: 7029 CW 2018-02-18 1150 N8TR 599 OH JA3YBK 599 KW 0
QSO: 7037 CW 2018-02-18 1157 N8TR 599 OH VK6HZ 599 200 0
QSO: 3508 CW 2018-02-18 1203 N8TR 599 OH JA0QNJ 599 KW 0
QSO: 3507 CW 2018-02-18 1204 N8TR 599 OH JH4UYB 599 KW 0
QSO: 3524 CW 2018-02-18 1208 N8TR 599 OH JH7XMO 599 KW 0
QSO: 3509 CW 2018-02-18 1210 N8TR 599 OH JA1ZGP 599 KW 0
QSO: 3527 CW 2018-02-18 1212 N8TR 599 OH JA9KRO 599 500 0
QSO: 3502 CW 2018-02-18 1214 N8TR 599 OH JE1LFX 599 K 0
QSO: 3504 CW 2018-02-18 1218 N8TR 599 OH AH2R 599 KW 0
QSO: 14059 CW 2018-02-18 1227 N8TR 599 OH RT2F 599 KW 0
QSO: 14089 CW 2018-02-18 1228 N8TR 599 OH IM0SDX 599 100 0
QSO: 14003 CW 2018-02-18 1237 N8TR 599 OH DJ7JC 599 KW 0
QSO: 14005 CW 2018-02-18 1237 N8TR 599 OH EU1WW 599 KW 0
QSO: 14009 CW 2018-02-18 1238 N8TR 599 OH DR4U 599 KW 0
QSO: 14010 CW 2018-02-18 1239 N8TR 599 OH HA8FK 599 KW 0
QSO: 14011 CW 2018-02-18 1239 N8TR 599 OH IK2YCW 599 500 0
QSO: 14021 CW 2018-02-18 1240 N8TR 599 OH UA4FER 599 KW 0
QSO: 14070 CW 2018-02-18 1241 N8TR 599 OH J6/KG9N 599 100 0
QSO: 14093 CW 2018-02-18 1242 N8TR 599 OH YO9HP 599 KW 0
QSO: 14091 CW 2018-02-18 1242 N8TR 599 OH DL1NKS 599 KW 0
QSO: 14082 CW 2018-02-18 1243 N8TR 599 OH OZ1LO 599 KW 0
QSO: 14081 CW 2018-02-18 1244 N8TR 599 OH HA9A 599 KW 0
QSO: 14081 CW 2018-02-18 1244 N8TR 599 OH DK2OY 599 500 0
QSO: 14089 CW 2018-02-18 1245 N8TR 599 OH ON6CK 599 100 0
QSO: 14084 CW 2018-02-18 1246 N8TR 599 OH EV1R 599 KW 0
QSO: 14069 CW 2018-02-18 1247 N8TR 599 OH DJ6TK 599 100 0
QSO: 14067 CW 2018-02-18 1249 N8TR 599 OH OK5F 599 100 0
QSO: 14078 CW 2018-02-18 1250 N8TR 599 OH OM5WW 599 100 0
QSO: 14079 CW 2018-02-18 1250 N8TR 599 OH RA6MQ 599 500 0
QSO: 14098 CW 2018-02-18 1251 N8TR 599 OH EU4U 599 100 0
QSO: 14090 CW 2018-02-18 1252 N8TR 599 OH ZF9CW 599 100 0
QSO: 14066 CW 2018-02-18 1253 N8TR 599 OH S51DI 599 KW 0
QSO: 14059 CW 2018-02-18 1254 N8TR 599 OH UT4U 599 KW 0
QSO: 14057 CW 2018-02-18 1254 N8TR 599 OH F5IN 599 KW 0
QSO: 14056 CW 2018-02-18 1254 N8TR 599 OH DL2DX 599 KW 0
QSO: 14043 CW 2018-02-18 1255 N8TR 599 OH DL6KVA 599 KW 0
QSO: 14043 CW 2018-02-18 1256 N8TR 599 OH HA0NAR 599 KW 0
QSO: 14042 CW 2018-02-18 1257 N8TR 599 OH EA4OR 599 100 0
QSO: 14041 CW 2018-02-18 1300 N8TR 599 OH OR3A 599 KW 0
QSO: 14039 CW 2018-02-18 1300 N8TR 599 OH OK7W 599 KW 0
QSO: 14037 CW 2018-02-18 1301 N8TR 599 OH HG5C 599 KW 0
QSO: 14025 CW 2018-02-18 1302 N8TR 599 OH II7C 599 55 0
QSO: 14038 CW 2018-02-18 1303 N8TR 599 OH DD2ML 599 500 0
QSO: 14054 CW 2018-02-18 1305 N8TR 599 OH IZ8GCB 599 300 0
QSO: 14069 CW 2018-02-18 1306 N8TR 599 OH 3Z1K 599 KW 0
QSO: 14090 CW 2018-02-18 1307 N8TR 599 OH YO8AXP 599 100 0
QSO: 14037 CW 2018-02-18 1308 N8TR 599 OH HB9FBG 599 500 0
QSO: 14037 CW 2018-02-18 1309 N8TR 599 OH EC5CR 599 KW 0
QSO: 14031 CW 2018-02-18 1309 N8TR 599 OH UR7GO 599 200 0
QSO: 14029 CW 2018-02-18 1310 N8TR 599 OH HA9RT 599 KW 0
QSO: 14016 CW 2018-02-18 1311 N8TR 599 OH OM2Y 599 KW 0
QSO: 14013 CW 2018-02-18 1311 N8TR 599 OH UW1M 599 KW 0
QSO: 14018 CW 2018-02-18 1312 N8TR 599 OH OP4K 599 KW 0
QSO: 14028 CW 2018-02-18 1313 N8TR 599 OH HB9ARF 599 500 0
QSO: 14021 CW 2018-02-18 1313 N8TR 599 OH F5OGL 599 KW 0
QSO: 14039 CW 2018-02-18 1314 N8TR 599 OH S53MM 599 KW 0
QSO: 14029 CW 2018-02-18 1314 N8TR 599 OH DL8QS 599 450 0
QSO: 14022 CW 2018-02-18 1315 N8TR 599 OH DK3GI 599 KW 0
QSO: 14023 CW 2018-02-18 1315 N8TR 599 OH HG1S 599 KW 0
QSO: 14041 CW 2018-02-18 1316 N8TR 599 OH DL6WT 599 700 0
QSO: 14024 CW 2018-02-18 1316 N8TR 599 OH 9A5D 599 KW 0
QSO: 14044 CW 2018-02-18 1317 N8TR 599 OH LA7GIA 599 700 0
QSO: 14060 CW 2018-02-18 1318 N8TR 599 OH OZ4UN 599 500 0
QSO: 14023 CW 2018-02-18 1319 N8TR 599 OH DL9GFB 599 500 0
QSO: 14058 CW 2018-02-18 1320 N8TR 599 OH DF4XX 599 KW 0
QSO: 14022 CW 2018-02-18 1321 N8TR 599 OH UX7IW 599 200 0
QSO: 14027 CW 2018-02-18 1321 N8TR 599 OH EU8U 599 500 0
QSO: 14049 CW 2018-02-18 1322 N8TR 599 OH DL7ON 599 KW 0
QSO: 14028 CW 2018-02-18 1323 N8TR 599 OH DJ8VH 599 700 0
QSO: 14081 CW 2018-02-18 1326 N8TR 599 OH J35X 599 100 0
QSO: 14082 CW 2018-02-18 1327 N8TR 599 OH IK1JJM 599 100 0
QSO: 14013 CW 2018-02-18 1327 N8TR 599 OH YT2ISM 599 KW 0
QSO: 14095 CW 2018-02-18 1328 N8TR 599 OH PA3AAV 599 400 0
QSO: 14021 CW 2018-02-18 1328 N8TR 599 OH G6T 599 400 0
QSO: 14044 CW 2018-02-18 1329 N8TR 599 OH SP5CNA 599 500 0
QSO: 14018 CW 2018-02-18 1329 N8TR 599 OH LZ5R 599 KW 0
QSO: 14063 CW 2018-02-18 1330 N8TR 599 OH OG1D 599 KW 0
QSO: 14040 CW 2018-02-18 1331 N8TR 599 OH IQ1GE 599 500 0
QSO: 14049 CW 2018-02-18 1332 N8TR 599 OH IO2X 599 500 0
QSO: 14050 CW 2018-02-18 1332 N8TR 599 OH PA0VAJ 599 KW 0
QSO: 14050 CW 2018-02-18 1335 N8TR 599 OH RU6AV 599 KW 0
QSO: 14011 CW 2018-02-18 1336 N8TR 599 OH DR4U 599 KW 0
QSO: 14032 CW 2018-02-18 1337 N8TR 599 OH SN5Y 599 100 0
QSO: 14054 CW 2018-02-18 1338 N8TR 599 OH DL0WH 599 KW 0
QSO: 14029 CW 2018-02-18 1338 N8TR 599 OH SN8B 599 K 0
QSO: 14049 CW 2018-02-18 1338 N8TR 599 OH DK5DQ 599 100 0
QSO: 14082 CW 2018-02-18 1339 N8TR 599 OH F5PLC 599 75 0
QSO: 21041 CW 2018-02-18 1354 N8TR 599 OH CP6UA 599 KW 0
QSO: 14045 CW 2018-02-18 1420 N8TR 599 OH YU1DW 599 KW 0
QSO: 14044 CW 2018-02-18 1421 N8TR 599 OH DL5YL 599 KW 0
QSO: 14094 CW 2018-02-18 1421 N8TR 599 OH CN2DF 599 100 0
QSO: 14065 CW 2018-02-18 1423 N8TR 599 OH OY1CT 599 KW 0
QSO: 14089 CW 2018-02-18 1424 N8TR 599 OH F8KLY 599 100 0
QSO: 14064 CW 2018-02-18 1425 N8TR 599 OH DJ5MW 599 KW 0
QSO: 14088 CW 2018-02-18 1425 N8TR 599 OH R3EG 599 KW 0
QSO: 14082 CW 2018-02-18 1426 N8TR 599 OH OK2EQ 599 500 0
QSO: 14044 CW 2018-02-18 1427 N8TR 599 OH OK1XC 599 KW 0
QSO: 14084 CW 2018-02-18 1427 N8TR 599 OH DJ70WAE 599 KW 0
QSO: 14039 CW 2018-02-18 1428 N8TR 599 OH YL2SM 599 KW 0
QSO: 14100 CW 2018-02-18 1429 N8TR 599 OH M7W 599 400 0
QSO: 14009 CW 2018-02-18 1430 N8TR 599 OH SP1C 599 100 0
QSO: 14054 CW 2018-02-18 1430 N8TR 599 OH M3I 599 400 0
QSO: 14006 CW 2018-02-18 1431 N8TR 599 OH E71A 599 300 0
QSO: 14047 CW 2018-02-18 1431 N8TR 599 OH M6O 599 400 0
QSO: 14020 CW 2018-02-18 1432 N8TR 599 OH DL7CX 599 750 0
QSO: 14037 CW 2018-02-18 1432 N8TR 599 OH DF4PD 599 200 0
QSO: 14090 CW 2018-02-18 1433 N8TR 599 OH UB7K 599 KW 0
QSO: 14051 CW 2018-02-18 1433 N8TR 599 OH DL2CC 599 KW 0
QSO: 14025 CW 2018-02-18 1434 N8TR 599 OH TM1X 599 KW 0
QSO: 14030 CW 2018-02-18 1435 N8TR 599 OH F5OHM 599 KW 0
QSO: 14011 CW 2018-02-18 1436 N8TR 599 OH UT5EO 599 200 0
QSO: 14083 CW 2018-02-18 1437 N8TR 599 OH UA2FZ 599 KW 0
QSO: 14065 CW 2018-02-18 1438 N8TR 599 OH PA2A 599 400 0
QSO: 14060 CW 2018-02-18 1439 N8TR 599 OH S55N 599 95 0
QSO: 14079 CW 2018-02-18 1439 N8TR 599 OH OK1PI 599 KW 0
QSO: 14058 CW 2018-02-18 1440 N8TR 599 OH HG6N 599 KW 0
QSO: 14098 CW 2018-02-18 1441 N8TR 599 OH S59AA 599 800 0
QSO: 14066 CW 2018-02-18 1441 N8TR 599 OH OH2PM 599 K 0
QSO: 14096 CW 2018-02-18 1442 N8TR 599 OH IR3C 599 300 0
QSO: 14088 CW 2018-02-18 1442 N8TR 599 OH LY2AJ 599 100 0
QSO: 14028 CW 2018-02-18 1443 N8TR 599 OH UV5U 599 KW 0
QSO: 14066 CW 2018-02-18 1443 N8TR 599 OH LX1NO 599 KW 0
QSO: 14007 CW 2018-02-18 1444 N8TR 599 OH IK2AOO 599 500 0
QSO: 14041 CW 2018-02-18 1445 N8TR 599 OH DL6MHW 599 500 0
QSO: 14031 CW 2018-02-18 1445 N8TR 599 OH S50R 599 KW 0
QSO: 14047 CW 2018-02-18 1446 N8TR 599 OH G5LP 599 100 0
QSO: 14046 CW 2018-02-18 1446 N8TR 599 OH DL3DXX 599 KW 0
QSO: 14019 CW 2018-02-18 1447 N8TR 599 OH UW5Q 599 100 0
QSO: 14048 CW 2018-02-18 1448 N8TR 599 OH YO2LEA 599 400 0
QSO: 14028 CW 2018-02-18 1449 N8TR 599 OH SM5CCE 599 400 0
QSO: 14065 CW 2018-02-18 1450 N8TR 599 OH SP2GWH 599 500 0
QSO: 14054 CW 2018-02-18 1450 N8TR 599 OH OK2RZ 599 KW 0
QSO: 14050 CW 2018-02-18 1451 N8TR 599 OH RT5C 599 KW 0
QSO: 14046 CW 2018-02-18 1452 N8TR 599 OH IK0XFD 599 500 0
QSO: 14035 CW 2018-02-18 1454 N8TR 599 OH MW5R 599 400 0
QSO: 14047 CW 2018-02-18 1455 N8TR 599 OH OK7FL 599 500 0
QSO: 14044 CW 2018-02-18 1455 N8TR 599 OH IT9CHU 599 100 0
QSO: 14070 CW 2018-02-18 1456 N8TR 599 OH PA0GJV 599 400 0
QSO: 14025 CW 2018-02-18 1457 N8TR 599 OH YO3APJ 599 400 0
QSO: 14024 CW 2018-02-18 1459 N8TR 599 OH A61EK 599 KW 0
QSO: 14061 CW 2018-02-18 1500 N8TR 599 OH EE7K 599 KW 0
QSO: 14067 CW 2018-02-18 1501 N8TR 599 OH DL6ZBN 599 500 0
QSO: 14038 CW 2018-02-18 1502 N8TR 599 OH YT1NP 599 KW 0
QSO: 14025 CW 2018-02-18 1503 N8TR 599 OH HB9FBM 599 KW 0
QSO: 14085 CW 2018-02-18 1504 N8TR 599 OH UY1HY 599 500 0
QSO: 14062 CW 2018-02-18 1505 N8TR 599 OH UY5ZZ 599 KW 0
QSO: 14082 CW 2018-02-18 1506 N8TR 599 OH ES100A 599 KW 0
QSO: 14031 CW 2018-02-18 1507 N8TR 599 OH HA8VV 599 KW 0
QSO: 14081 CW 2018-02-18 1508 N8TR 599 OH HG6Y 599 KW 0
QSO: 14091 CW 2018-02-18 1508 N8TR 599 OH F6KOP 599 500 0
QSO: 14096 CW 2018-02-18 1510 N8TR 599 OH S53ZO 599 200 0
QSO: 14086 CW 2018-02-18 1512 N8TR 599 OH SV1JG 599 500 0
QSO: 14025 CW 2018-02-18 1513 N8TR 599 OH IW3FVZ 599 500 0
QSO: 14044 CW 2018-02-18 1514 N8TR 599 OH OZ4O 599 500 0
QSO: 14056 CW 2018-02-18 1514 N8TR 599 OH DL8SCG 599 500 0
QSO: 14085 CW 2018-02-18 1514 N8TR 599 OH OK1DO 599 KW 0
QSO: 14094 CW 2018-02-18 1515 N8TR 599 OH EW1TZ 599 KW 0
QSO: 14051 CW 2018-02-18 1515 N8TR 599 OH IK0YVV 599 500 0
QSO: 14092 CW 2018-02-18 1516 N8TR 599 OH OG55W 599 KW 0
QSO: 14048 CW 2018-02-18 1517 N8TR 599 OH DR5X 599 750 0
QSO: 14054 CW 2018-02-18 1517 N8TR 599 OH 9A4WY 599 800 0
QSO: 14043 CW 2018-02-18 1519 N8TR 599 OH PV8ADI 599 K 0
QSO: 14048 CW 2018-02-18 1521 N8TR 599 OH OT4A 599 K 0
QSO: 14044 CW 2018-02-18 1521 N8TR 599 OH DL5YM 599 KW 0
QSO: 14094 CW 2018-02-18 1522 N8TR 599 OH DL0SLG 599 100 0
QSO: 14070 CW 2018-02-18 1522 N8TR 599 OH IK2HKT 599 500 0
QSO: 14040 CW 2018-02-18 1523 N8TR 599 OH IT9ESW 599 300 0
QSO: 14064 CW 2018-02-18 1524 N8TR 599 OH G3P 599 400 0
QSO: 14099 CW 2018-02-18 1525 N8TR 599 OH EI4II 599 100 0
QSO: 14086 CW 2018-02-18 1526 N8TR 599 OH 4U13FEB 599 500 0
QSO: 14060 CW 2018-02-18 1528 N8TR 599 OH E70T 599 KW 0
QSO: 14017 CW 2018-02-18 1528 N8TR 599 OH DH7KU 599 KW 0
QSO: 14045 CW 2018-02-18 1530 N8TR 599 OH R7NW 599 KW 0
QSO: 21038 CW 2018-02-18 1535 N8TR 599 OH J35X 599 100 0
QSO: 21028 CW 2018-02-18 1540 N8TR 599 OH PY2XC 599 100 0
QSO: 21027 CW 2018-02-18 1541 N8TR 599 OH EA8RM 599 K 0
QSO: 21050 CW 2018-02-18 1545 N8TR 599 OH ZS2NF 599 100 0
QSO: 21023 CW 2018-02-18 1547 N8TR 599 OH EA8CN 599 100 0
QSO: 14006 CW 2018-02-18 1551 N8TR 599 OH TK5MH 599 KW 0
QSO: 14008 CW 2018-02-18 1553 N8TR 599 OH EA3JW 599 500 0
QSO: 14064 CW 2018-02-18 1554 N8TR 599 OH DL2SAX 599 KW 0
QSO: 14084 CW 2018-02-18 1554 N8TR 599 OH IZ2BKC 599 200 0
QSO: 14070 CW 2018-02-18 1555 N8TR 599 OH G3K 599 100 0
QSO: 14086 CW 2018-02-18 1555 N8TR 599 OH S54O 599 KW 0
QSO: 14079 CW 2018-02-18 1556 N8TR 599 OH F8ATS 599 100 0
QSO: 14088 CW 2018-02-18 1557 N8TR 599 OH S51ZJ 599 KW 0
QSO: 14053 CW 2018-02-18 1559 N8TR 599 OH S53V 599 500 0
QSO: 14030 CW 2018-02-18 1602 N8TR 599 OH IK0PXD 599 150 0
QSO: 14011 CW 2018-02-18 1603 N8TR 599 OH IZ2GRG 599 100 0
QSO: 14024 CW 2018-02-18 1603 N8TR 599 OH IZ2BKP 599 KW 0
QSO: 14016 CW 2018-02-18 1604 N8TR 599 OH PA5WT 599 400 0
QSO: 14012 CW 2018-02-18 1606 N8TR 599 OH F5JVP 599 500 0
QSO: 14099 CW 2018-02-18 1607 N8TR 599 OH DF5RF 599 100 0
QSO: 14034 CW 2018-02-18 1609 N8TR 599 OH EA1FA 599 100 0
QSO: 14072 CW 2018-02-18 1610 N8TR 599 OH F2GL 599 500 0
QSO: 14086 CW 2018-02-18 1611 N8TR 599 OH DL5AN 599 KW 0
QSO: 14024 CW 2018-02-18 1614 N8TR 599 OH PC2L 599 400 0
QSO: 14064 CW 2018-02-18 1614 N8TR 599 OH IK0EFR 599 500 0
QSO: 14036 CW 2018-02-18 1616 N8TR 599 OH SD6E 599 500 0
QSO: 14039 CW 2018-02-18 1619 N8TR 599 OH IK2WSO 599 100 0
QSO: 14033 CW 2018-02-18 1620 N8TR 599 OH LZ7DX 599 100 0
QSO: 14040 CW 2018-02-18 1621 N8TR 599 OH IK1GE 599 500 0
QSO: 14000 CW 2018-02-18 1628 N8TR 599 OH OX5T 599 100 0
QSO: 14094 CW 2018-02-18 1629 N8TR 599 OH MU0FAL 599 100 0
QSO: 14021 CW 2018-02-18 1630 N8TR 599 OH D44EE 599 99 0
QSO: 14024 CW 2018-02-18 1632 N8TR 599 OH IZ8EPX 599 500 0
QSO: 14059 CW 2018-02-18 1632 N8TR 599 OH PA3GRM 599 400 0
QSO: 14083 CW 2018-02-18 1632 N8TR 599 OH I1HJT 599 500 0
QSO: 14064 CW 2018-02-18 1636 N8TR 599 OH SP2LNW 599 500 0
QSO: 14065 CW 2018-02-18 1637 N8TR 599 OH HG7T 599 KW 0
QSO: 14086 CW 2018-02-18 1639 N8TR 599 OH G0MTN 599 400 0
QSO: 14025 CW 2018-02-18 1639 N8TR 599 OH DK9PY 599 KW 0
QSO: 14063 CW 2018-02-18 1641 N8TR 599 OH DM3F 599 100 0
QSO: 14048 CW 2018-02-18 1641 N8TR 599 OH F8AAN 599 1K 0
QSO: 14070 CW 2018-02-18 1642 N8TR 599 OH EC4TA 599 100 0
QSO: 14059 CW 2018-02-18 1643 N8TR 599 OH MJ0ASP 599 100 0
QSO: 14044 CW 2018-02-18 1643 N8TR 599 OH OK2QA 599 KW 0
QSO: 14033 CW 2018-02-18 1645 N8TR 599 OH IZ8VYU 599 500 0
QSO: 14088 CW 2018-02-18 1646 N8TR 599 OH EA5GX 599 300 0
QSO: 14032 CW 2018-02-18 1647 N8TR 599 OH MM0T 599 400 0
QSO: 14095 CW 2018-02-18 1647 N8TR 599 OH LZ9W 599 5 0
QSO: 14087 CW 2018-02-18 1650 N8TR 599 OH S57KM 599 100 0
QSO: 14011 CW 2018-02-18 1650 N8TR 599 OH G3XSV 599 400 0
QSO: 14041 CW 2018-02-18 1651 N8TR 599 OH G4RCG 599 400 0
QSO: 14016 CW 2018-02-18 1651 N8TR 599 OH EA2LU 599 KW 0
QSO: 14094 CW 2018-02-18 1653 N8TR 599 OH HA8QZ 599 KW 0
QSO: 14085 CW 2018-02-18 1654 N8TR 599 OH DH8BQA 599 500 0
QSO: 14066 CW 2018-02-18 1655 N8TR 599 OH IK4DCX 599 100 0
QSO: 14032 CW 2018-02-18 1657 N8TR 599 OH DJ6ZM 599 100 0
QSO: 14016 CW 2018-02-18 1658 N8TR 599 OH HA5PP 599 150 0
QSO: 14091 CW 2018-02-18 1700 N8TR 599 OH I0ZUT 599 100 0
QSO: 14023 CW 2018-02-18 1702 N8TR 599 OH OK2QX 599 100 0
QSO: 14092 CW 2018-02-18 1702 N8TR 599 OH YU1EA 599 500 0
QSO: 14060 CW 2018-02-18 1703 N8TR 599 OH IO5P 599 500 0
QSO: 14094 CW 2018-02-18 1705 N8TR 599 OH DJ8RS 599 500 0
QSO: 14099 CW 2018-02-18 1708 N8TR 599 OH F5CQ 599 1K 0
QSO: 28038 CW 2018-02-18 1711 N8TR 599 OH J35X 599 100 0
QSO: 28037 CW 2018-02-18 1711 N8TR 599 OH V26M 599 K 0
QSO: 28022 CW 2018-02-18 1713 N8TR 599 OH PZ5RA 599 KW 0
QSO: 28015 CW 2018-02-18 1715 N8TR 599 OH CE2MVF 599 K 0
QSO: 28012 CW 2018-02-18 1717 N8TR 599 OH KP2M 599 K 0
QSO: 28006 CW 2018-02-18 1722 N8TR 599 OH YV1FM 599 100 0
QSO: 28039 CW 2018-02-18 1730 N8TR 599 OH P40W 599 100 0
QSO: 21044 CW 2018-02-18 1734 N8TR 599 OH PP2RON 599 100 0
QSO: 21037 CW 2018-02-18 1745 N8TR 599 OH EA8OM 599 100 0
QSO: 21046 CW 2018-02-18 1746 N8TR 599 OH PR2W 599 500 0
QSO: 21053 CW 2018-02-18 1748 N8TR 599 OH HC2GRC 599 100 0
QSO: 21012 CW 2018-02-18 1751 N8TR 599 OH PP7LP 599 100 0
QSO: 14043 CW 2018-02-18 1801 N8TR 599 OH V51YJ 599 150 0
QSO: 14044 CW 2018-02-18 1801 N8TR 599 OH LZ1MS 599 KW 0
QSO: 14042 CW 2018-02-18 1803 N8TR 599 OH PA3AM 599 100 0
QSO: 14054 CW 2018-02-18 1804 N8TR 599 OH KH7M 599 KW 0
QSO: 14048 CW 2018-02-18 1805 N8TR 599 OH KH7B 599 K 0
QSO: 14057 CW 2018-02-18 1806 N8TR 599 OH DJ6OZ 599 100 0
QSO: 14035 CW 2018-02-18 1808 N8TR 599 OH EA8KC 599 KW 0
QSO: 14058 CW 2018-02-18 1809 N8TR 599 OH KH6TU 599 K 0
QSO: 14069 CW 2018-02-18 1811 N8TR 599 OH EI5DI 599 100 0
QSO: 14078 CW 2018-02-18 1812 N8TR 599 OH DF5UL 599 700 0
QSO: 14044 CW 2018-02-18 1812 N8TR 599 OH IV3IYH 599 500 0
QSO: 14001 CW 2018-02-18 1814 N8TR 599 OH CT7ACG 599 100 0
QSO: 14062 CW 2018-02-18 1816 N8TR 599 OH IZ8FWN 599 500 0
QSO: 14036 CW 2018-02-18 1817 N8TR 599 OH CN8KD 599 100 0
QSO: 14024 CW 2018-02-18 1819 N8TR 599 OH I2GPT 599 100 0
QSO: 14012 CW 2018-02-18 1821 N8TR 599 OH ZF2LC 599 500 0
QSO: 14032 CW 2018-02-18 1825 N8TR 599 OH ZL3X 599 KW 0
QSO: 14039 CW 2018-02-18 1828 N8TR 599 OH XE2AU 599 100 0
QSO: 14035 CW 2018-02-18 1832 N8TR 599 OH F6ARC 599 KW 0
QSO: 14000 CW 2018-02-18 1833 N8TR 599 OH EA8BQM 599 100 0
QSO: 14049 CW 2018-02-18 1834 N8TR 599 OH AL1G 599 K 0
QSO: 21002 CW 2018-02-18 1839 N8TR 599 OH LW3DG 599 100 0
QSO: 21011 CW 2018-02-18 1841 N8TR 599 OH PS8BR 599 100 0
QSO: 21020 CW 2018-02-18 1843 N8TR 599 OH KH6TU 599 K 0
QSO: 21032 CW 2018-02-18 1846 N8TR 599 OH CE2MVF 599 K 0
QSO: 21039 CW 2018-02-18 1848 N8TR 599 OH LW1EUD 599 100 0
QSO: 21022 CW 2018-02-18 1849 N8TR 599 OH XE7S 599 100 0
QSO: 21052 CW 2018-02-18 1938 N8TR 599 OH PY2DV 599 100 0
QSO: 21019 CW 2018-02-18 1941 N8TR 599 OH LU8DZJ 599 100 0
QSO: 21024 CW 2018-02-18 1942 N8TR 599 OH LU3CW 599 KW 0
QSO: 21057 CW 2018-02-18 1943 N8TR 599 OH CX5UA 599 500 0
QSO: 14046 CW 2018-02-18 1948 N8TR 599 OH XE2B 599 100 0
QSO: 14025 CW 2018-02-18 1952 N8TR 599 OH EI6JK 599 KW 0
QSO: 14022 CW 2018-02-18 1953 N8TR 599 OH SJ2W 599 KW 0
QSO: 14000 CW 2018-02-18 1955 N8TR 599 OH PS8BR 599 100 0
QSO: 14042 CW 2018-02-18 2000 N8TR 599 OH P49Y 599 K 0
QSO: 14048 CW 2018-02-18 2002 N8TR 599 OH GM3YTS 599 40 0
QSO: 14011 CW 2018-02-18 2003 N8TR 599 OH HC2AO 599 100 0
QSO: 7016 CW 2018-02-18 2005 N8TR 599 OH MI5I 599 100 0
QSO: 7027 CW 2018-02-18 2008 N8TR 599 OH HB9ARF 599 500 0
QSO: 7051 CW 2018-02-18 2014 N8TR 599 OH DG5E 599 700 0
QSO: 14052 CW 2018-02-18 2022 N8TR 599 OH KP4KE 599 100 0
QSO: 14044 CW 2018-02-18 2023 N8TR 599 OH PY2NY 599 100 0
QSO: 14047 CW 2018-02-18 2023 N8TR 599 OH CX2BR 599 K 0
QSO: 14028 CW 2018-02-18 2024 N8TR 599 OH KP2M 599 K 0
QSO: 7039 CW 2018-02-18 2029 N8TR 599 OH OL9A 599 KW 0
QSO: 7009 CW 2018-02-18 2032 N8TR 599 OH DK1AX 599 500 0
QSO: 14013 CW 2018-02-18 2035 N8TR 599 OH PY2EX 599 KW 0
QSO: 14045 CW 2018-02-18 2036 N8TR 599 OH NP4G 599 00 0
QSO: 14021 CW 2018-02-18 2042 N8TR 599 OH CO8CY 599 100 0
QSO: 14007 CW 2018-02-18 2044 N8TR 599 OH YV8AD 599 100 0
QSO: 7043 CW 2018-02-18 2047 N8TR 599 OH DF5UL 599 700 0
QSO: 7000 CW 2018-02-18 2051 N8TR 599 OH E71A 599 300 0
QSO: 7060 CW 2018-02-18 2146 N8TR 599 OH TZ4AM 599 500 0
QSO: 7020 CW 2018-02-18 2150 N8TR 599 OH S53F 599 KW 0
QSO: 7007 CW 2018-02-18 2151 N8TR 599 OH DL7CX 599 750 0
QSO: 7013 CW 2018-02-18 2151 N8TR 599 OH S57Z 599 KW 0
QSO: 7016 CW 2018-02-18 2152 N8TR 599 OH HG6Y 599 KW 0
QSO: 7028 CW 2018-02-18 2153 N8TR 599 OH DJ4MZ 599 KW 0
QSO: 7031 CW 2018-02-18 2154 N8TR 599 OH IB3N 599 500 0
QSO: 7022 CW 2018-02-18 2154 N8TR 599 OH OK1OA 599 500 0
QSO: 7003 CW 2018-02-18 2155 N8TR 599 OH S57AW 599 KW 0
QSO: 7023 CW 2018-02-18 2155 N8TR 599 OH S50W 599 KW 0
QSO: 7020 CW 2018-02-18 2156 N8TR 599 OH IR2R 599 500 0
QSO: 7043 CW 2018-02-18 2157 N8TR 599 OH IZ3SQW 599 500 0
QSO: 7014 CW 2018-02-18 2157 N8TR 599 OH EA8CN 599 100 0
QSO: 7008 CW 2018-02-18 2159 N8TR 599 OH EF1A 599 KW 0
QSO: 7014 CW 2018-02-18 2200 N8TR 599 OH UW1M 599 KW 0
QSO: 7036 CW 2018-02-18 2201 N8TR 599 OH UB7K 599 KW 0
QSO: 7046 CW 2018-02-18 2202 N8TR 599 OH YO8TTT 599 KW 0
QSO: 7062 CW 2018-02-18 2203 N8TR 599 OH UZ3A 599 150 0
QSO: 7005 CW 2018-02-18 2203 N8TR 599 OH DK3GI 599 KW 0
QSO: 7062 CW 2018-02-18 2204 N8TR 599 OH IZ4GOL 599 500 0
QSO: 7056 CW 2018-02-18 2204 N8TR 599 OH IZ8FWN 599 500 0
QSO: 7024 CW 2018-02-18 2205 N8TR 599 OH OP4K 599 KW 0
QSO: 7038 CW 2018-02-18 2205 N8TR 599 OH OK2RZ 599 KW 0
QSO: 7056 CW 2018-02-18 2206 N8TR 599 OH EA5KV 599 KW 0
QSO: 7025 CW 2018-02-18 2207 N8TR 599 OH HA8TP 599 KW 0
QSO: 7032 CW 2018-02-18 2208 N8TR 599 OH HG8K 599 KW 0
QSO: 7057 CW 2018-02-18 2210 N8TR 599 OH LZ5DB 599 KW 0
QSO: 7020 CW 2018-02-18 2211 N8TR 599 OH F6BEE 599 KW 0
QSO: 7027 CW 2018-02-18 2213 N8TR 599 OH OS0S 599 500 0
QSO: 14030 CW 2018-02-18 2221 N8TR 599 OH PT8CW 599 100 0
QSO: 14015 CW 2018-02-18 2222 N8TR 599 OH ZZ4X 599 KW 0
QSO: 14025 CW 2018-02-18 2226 N8TR 599 OH DS4EOI 599 1K 0
QSO: 14058 CW 2018-02-18 2228 N8TR 599 OH JE1LFX 599 K 0
QSO: 14008 CW 2018-02-18 2229 N8TR 599 OH JR2SCJ 599 KW 0
QSO: 14040 CW 2018-02-18 2230 N8TR 599 OH P48ADI 599 K 0
QSO: 14033 CW 2018-02-18 2232 N8TR 599 OH JA1PNA 599 200 0
QSO: 14028 CW 2018-02-18 2237 N8TR 599 OH JN1THL 599 500 0
QSO: 14036 CW 2018-02-18 2242 N8TR 599 OH KH6CJJ 599 150 0
QSO: 14067 CW 2018-02-18 2243 N8TR 599 OH JF1SEK 599 KW 0
QSO: 14012 CW 2018-02-18 2245 N8TR 599 OH PY1ZV 599 KW 0
QSO: 14066 CW 2018-02-18 2247 N8TR 599 OH JA1BJI 599 100 0
QSO: 7054 CW 2018-02-18 2250 N8TR 599 OH YV8AD 599 100 0
QSO: 7053 CW 2018-02-18 2252 N8TR 599 OH 7Z1SJ 599 KW 0
QSO: 7013 CW 2018-02-18 2253 N8TR 599 OH M7Q 599 400 0
QSO: 7010 CW 2018-02-18 2255 N8TR 599 OH IW3FVZ 599 500 0
QSO: 7057 CW 2018-02-18 2259 N8TR 599 OH MU0FAL 599 100 0
QSO: 7022 CW 2018-02-18 2300 N8TR 599 OH DK0SU 599 700 0
QSO: 7051 CW 2018-02-18 2304 N8TR 599 OH IK2BCP 599 500 0
QSO: 7014 CW 2018-02-18 2304 N8TR 599 OH OM7RW 599 KW 0
QSO: 7035 CW 2018-02-18 2305 N8TR 599 OH HI3AA 599 100 0
QSO: 7027 CW 2018-02-18 2311 N8TR 599 OH PR2W 599 500 0
QSO: 7015 CW 2018-02-18 2313 N8TR 599 OH OE9WGI 599 150 0
QSO: 3514 CW 2018-02-18 2317 N8TR 599 OH IB3N 599 500 0
QSO: 3511 CW 2018-02-18 2317 N8TR 599 OH DL0WH 599 KW 0
QSO: 3527 CW 2018-02-18 2319 N8TR 599 OH SN2M 599 KW 0
QSO: 7044 CW 2018-02-18 2324 N8TR 599 OH I2IFT 599 500 0
QSO: 7067 CW 2018-02-18 2328 N8TR 599 OH CO2RQ 599 100 0
QSO: 7044 CW 2018-02-18 2331 N8TR 599 OH F5CQ 599 1K 0
QSO: 1828 CW 2018-02-18 2334 N8TR 599 OH KV4FZ 599 100 0
QSO: 3516 CW 2018-02-18 2336 N8TR 599 OH HG0A 599 KW 0
QSO: 3533 CW 2018-02-18 2337 N8TR 599 OH ED7P 599 KW 0
QSO: 3526 CW 2018-02-18 2339 N8TR 599 OH DD1A 599 KW 0
QSO: 3547 CW 2018-02-18 2356 N8TR 599 OH Z60A 599 KW 0
END-OF-LOG: