START-OF-LOG: 3.0
CONTEST: ARRL-DX-CW
LOCATION: DX
CALLSIGN: UR5VR
CATEGORY-OPERATOR: SINGLE-OP
CATEGORY-ASSISTED: NON-ASSISTED
CATEGORY-POWER: LOW
CATEGORY-BAND: 20M
CATEGORY-MODE: CW
CATEGORY-STATION: FIXED
CATEGORY-TRANSMITTER: ONE
CATEGORY-OVERLAY: CLASSIK
CLUB: KIROVOGRAD REGION RADIO CLUB
CREATED-BY: UR5EQF LOG V.3.31-60
HQ-CATEGORY: Single Operator, 20 Meters
HQ-GRID-LOCATOR: KN68cl
QSO: 14000 CW 2018-02-17 1316 UR5VR 599 100 K2AX 599 NJ
QSO: 14000 CW 2018-02-17 1318 UR5VR 599 100 NN3Q 599 PA
QSO: 14000 CW 2018-02-17 1319 UR5VR 599 100 W5MX 599 KY
QSO: 14000 CW 2018-02-17 1319 UR5VR 599 100 K1RX 599 NH
QSO: 14000 CW 2018-02-17 1320 UR5VR 599 100 K1ZZ 599 CT
QSO: 14000 CW 2018-02-17 1322 UR5VR 599 100 W4RKC 599 VA
QSO: 14000 CW 2018-02-17 1324 UR5VR 599 100 K4PV 599 FL
QSO: 14000 CW 2018-02-17 1326 UR5VR 599 100 N3RD 599 PA
QSO: 14000 CW 2018-02-17 1328 UR5VR 599 100 W9SN 599 TN
QSO: 14000 CW 2018-02-17 1329 UR5VR 599 100 KE1J 599 VT
QSO: 14000 CW 2018-02-17 1333 UR5VR 599 100 N1MM 599 CT
QSO: 14000 CW 2018-02-17 1339 UR5VR 599 100 AA3B 599 PA
QSO: 14000 CW 2018-02-17 1341 UR5VR 599 100 K1KP 599 MA
QSO: 14000 CW 2018-02-17 1343 UR5VR 599 100 NA8V 599 MI
QSO: 14000 CW 2018-02-17 1344 UR5VR 599 100 W8MJ 599 MI
QSO: 14000 CW 2018-02-17 1346 UR5VR 599 100 K0OO 599 MD
QSO: 14000 CW 2018-02-17 1434 UR5VR 599 100 W1QK 599 CT
QSO: 14000 CW 2018-02-17 1435 UR5VR 599 100 K9BGL 599 IL
QSO: 14000 CW 2018-02-17 1439 UR5VR 599 100 AA9A 599 WI
QSO: 14000 CW 2018-02-17 1443 UR5VR 599 100 N2NT 599 NJ
QSO: 14000 CW 2018-02-17 1444 UR5VR 599 100 K8GL 599 MI
QSO: 14000 CW 2018-02-17 1447 UR5VR 599 100 K1KI 599 CT
QSO: 14000 CW 2018-02-17 1449 UR5VR 599 100 K1GU 599 TN
QSO: 14000 CW 2018-02-17 1450 UR5VR 599 100 KE4KY 599 KY
QSO: 14000 CW 2018-02-17 1453 UR5VR 599 100 WB4TDH 599 FL
QSO: 14000 CW 2018-02-17 1453 UR5VR 599 100 K8MP 599 OH
QSO: 14000 CW 2018-02-17 1454 UR5VR 599 100 W3IUU 599 MD
QSO: 14000 CW 2018-02-17 1455 UR5VR 599 100 W1WEF 599 CT
QSO: 14000 CW 2018-02-17 1456 UR5VR 599 100 W1PY 599 MA
QSO: 14000 CW 2018-02-17 1456 UR5VR 599 100 N0NI 599 IA
QSO: 14000 CW 2018-02-17 1457 UR5VR 599 100 W3LPL 599 MD
QSO: 14000 CW 2018-02-17 1502 UR5VR 599 100 K9LJN 599 IL
QSO: 14000 CW 2018-02-17 1505 UR5VR 599 100 N4BAA 599 PA
QSO: 14000 CW 2018-02-17 1507 UR5VR 599 100 AB5EB 599 TX
QSO: 14000 CW 2018-02-17 1508 UR5VR 599 100 K4TCG 599 TN
QSO: 14000 CW 2018-02-17 1510 UR5VR 599 100 K9PPY 599 IL
QSO: 14000 CW 2018-02-17 1511 UR5VR 599 100 N5DX 599 NY
QSO: 14000 CW 2018-02-17 1512 UR5VR 599 100 KU2M 599 NJ
QSO: 14000 CW 2018-02-17 1513 UR5VR 599 100 AA1K 599 DE
QSO: 14000 CW 2018-02-17 1514 UR5VR 599 100 K3LR 599 PA
QSO: 14000 CW 2018-02-17 1515 UR5VR 599 100 K1LZ 599 MA
QSO: 14000 CW 2018-02-17 1517 UR5VR 599 100 KM7W 599 ME
QSO: 14000 CW 2018-02-17 1518 UR5VR 599 100 K1BX 599 NH
QSO: 14000 CW 2018-02-17 1521 UR5VR 599 100 NR4M 599 VA
QSO: 14000 CW 2018-02-17 1522 UR5VR 599 100 N2IC 599 NM
QSO: 14000 CW 2018-02-17 1523 UR5VR 599 100 KQ2M 599 CT
QSO: 14000 CW 2018-02-17 1523 UR5VR 599 100 KU2C 599 PA
QSO: 14000 CW 2018-02-17 1524 UR5VR 599 100 W3EP 599 CT
QSO: 14000 CW 2018-02-17 1528 UR5VR 599 100 N4OGW 599 MS
QSO: 14000 CW 2018-02-17 1529 UR5VR 599 100 WA7NB 599 AZ
QSO: 14000 CW 2018-02-17 1531 UR5VR 599 100 K3IE 599 TN
QSO: 14000 CW 2018-02-17 1532 UR5VR 599 100 VE3MM 599 ON
QSO: 14000 CW 2018-02-17 1545 UR5VR 599 100 N8II 599 WV
QSO: 14000 CW 2018-02-17 1548 UR5VR 599 100 VA3SB 599 ON
QSO: 14000 CW 2018-02-17 1549 UR5VR 599 100 N2SR 599 NJ
QSO: 14000 CW 2018-02-17 1550 UR5VR 599 100 K2QMF 599 NY
QSO: 14000 CW 2018-02-17 1554 UR5VR 599 100 VY2TT 599 PE
QSO: 14000 CW 2018-02-17 1556 UR5VR 599 100 KR2AA 599 NY
QSO: 14000 CW 2018-02-17 1558 UR5VR 599 100 XL3A 599 ON
QSO: 14000 CW 2018-02-17 1605 UR5VR 599 100 VA2CZ 599 QC
QSO: 14000 CW 2018-02-17 1612 UR5VR 599 100 N2MM 599 NJ
QSO: 14000 CW 2018-02-17 1613 UR5VR 599 100 VA2WA 599 QC
QSO: 14000 CW 2018-02-17 1622 UR5VR 599 100 W2UP 599 VA
QSO: 14000 CW 2018-02-17 1623 UR5VR 599 100 K5ZD 599 MA
QSO: 14000 CW 2018-02-17 1627 UR5VR 599 100 VE3JM 599 ON
QSO: 14000 CW 2018-02-17 1709 UR5VR 599 100 W4RM 599 VA
QSO: 14000 CW 2018-02-18 1534 UR5VR 599 100 N2BA 599 NJ
QSO: 14000 CW 2018-02-18 1536 UR5VR 599 100 VE9HF 599 NB
QSO: 14000 CW 2018-02-18 1541 UR5VR 599 100 K1TTT 599 MA
QSO: 14000 CW 2018-02-18 1545 UR5VR 599 100 K1VMT 599 VT
QSO: 14000 CW 2018-02-18 1546 UR5VR 599 100 WY3A 599 PA
QSO: 14000 CW 2018-02-18 1548 UR5VR 599 100 VE3YAA 599 ON
QSO: 14000 CW 2018-02-18 1609 UR5VR 599 100 W8FJ 599 PA
QSO: 14000 CW 2018-02-18 1611 UR5VR 599 100 KD2RD 599 NY
QSO: 14000 CW 2018-02-18 1616 UR5VR 599 100 K2XR 599 PA
QSO: 14000 CW 2018-02-18 1618 UR5VR 599 100 K3CT 599 PA
QSO: 14000 CW 2018-02-18 1619 UR5VR 599 100 K8AZ 599 OH
QSO: 14000 CW 2018-02-18 1622 UR5VR 599 100 W1MK 599 MA
QSO: 14000 CW 2018-02-18 1624 UR5VR 599 100 W2FU 599 NY
QSO: 14000 CW 2018-02-18 1625 UR5VR 599 100 VY2ZM 599 PE
QSO: 14000 CW 2018-02-18 1639 UR5VR 599 100 N1IX 599 NH
QSO: 14000 CW 2018-02-18 1641 UR5VR 599 100 W2XL 599 NY
QSO: 14000 CW 2018-02-18 1644 UR5VR 599 100 K3SW 599 PA
QSO: 14000 CW 2018-02-18 1647 UR5VR 599 100 K3PH 599 PA
QSO: 14000 CW 2018-02-18 1653 UR5VR 599 100 KJ4QHL 599 FL
END-OF-LOG: