START-OF-LOG: 3.0
CREATED-BY: vhfmanager-downloader
CONTEST: ZRS majsko UKV tekmovanje - Official results - VHFManager
CALLSIGN: IZ4ILA/4
CATEGORY: 145 MHz - Generated log
CATEGORY-OPERATOR: SINGLE-OP
CATEGORY-ASSISTED: NON-ASSISTED
CATEGORY-TRANSMITTER: ONE
CATEGORY-STATION: FIXED
QSO: 144300 PH 2022-05-07 1400 IZ4ILA/4      1   JN54PF JN54PF IZ5ILA/4      SSB 9A6A 59   
QSO: 144300 PH 2022-05-07 1500 IZ4ILA/4      2   JN54PF JN54PF IZ5ILA/4      SSB S53BB 59  
QSO: 144300 PH 2022-05-07 1401 IZ4ILA/4      3   JN54PF JN54PF IZ5ILA/4      SSB 9A7JCY 59 
QSO: 144300 PH 2022-05-07 1401 IZ4ILA/4      4   JN54PF JN54PF IZ5ILA/4      FM  9A1N 59   
QSO: 144300 PH 2022-05-07 1402 IZ4ILA/4      5   JN54PF JN54PF IZ5ILA/4      SSB I3MU 59   
QSO: 144300 PH 2022-05-07 1403 IZ4ILA/4      6   JN54PF JN54PF IZ5ILA/4      SSB YP2DX 59  
QSO: 144300 PH 2022-05-07 1404 IZ4ILA/4      7   JN54PF JN54PF IZ5ILA/4      SSB YT3N 59   
QSO: 144300 PH 2022-05-07 1404 IZ4ILA/4      8   JN54PF JN54PF IZ5ILA/4      SSB IK1YNZ 59 
QSO: 144300 PH 2022-05-07 1404 IZ4ILA/4      9   JN54PF JN54PF IZ5ILA/4      SSB I3JUK 59  
QSO: 144300 PH 2022-05-07 1405 IZ4ILA/4      11  JN54PF JN54PF IZ5ILA/4      SSB I2AT 59   
QSO: 144300 PH 2022-05-07 1406 IZ4ILA/4      12  JN54PF JN54PF IZ5ILA/4      SSB S50J 59   
QSO: 144300 PH 2022-05-07 1406 IZ4ILA/4      13  JN54PF JN54PF IZ5ILA/4      SSB S53JPQ 59 
QSO: 144300 PH 2022-05-07 1409 IZ4ILA/4      16  JN54PF JN54PF IZ5ILA/4      SSB 9A3QB 59  
QSO: 144300 PH 2022-05-07 1410 IZ4ILA/4      17  JN54PF JN54PF IZ5ILA/4      SSB YU7ACO 59 
QSO: 144300 PH 2022-05-07 1411 IZ4ILA/4      18  JN54PF JN54PF IZ5ILA/4      SSB IW2NNZ 59 
QSO: 144300 PH 2022-05-07 1414 IZ4ILA/4      20  JN54PF JN54PF IZ5ILA/4      SSB I3FGX 59  
QSO: 144300 PH 2022-05-07 1416 IZ4ILA/4      21  JN54PF JN54PF IZ5ILA/4      SSB HA4ND 59  
QSO: 144300 PH 2022-05-07 1417 IZ4ILA/4      22  JN54PF JN54PF IZ5ILA/4      SSB 9A0P 59   
QSO: 144300 PH 2022-05-07 1420 IZ4ILA/4      23  JN54PF JN54PF IZ5ILA/4      SSB HG1W 59   
QSO: 144300 PH 2022-05-07 1425 IZ4ILA/4      25  JN54PF JN54PF IZ5ILA/4      SSB 9A3LET 59 
QSO: 144300 PH 2022-05-07 1425 IZ4ILA/4      27  JN54PF JN54PF IZ5ILA/4      SSB 9A4PB 59  
QSO: 144300 PH 2022-05-07 1425 IZ4ILA/4      28  JN54PF JN54PF IZ5ILA/4      SSB 9A5A 59   
QSO: 144300 PH 2022-05-07 1424 IZ4ILA/4      30  JN54PF JN54PF IZ5ILA/4      SSB S57Q 59   
QSO: 144300 PH 2022-05-07 1427 IZ4ILA/4      31  JN54PF JN54PF IZ5ILA/4      SSB IK3SSG 59 
QSO: 144300 PH 2022-05-07 1429 IZ4ILA/4      33  JN54PF JN54PF IZ5ILA/4      SSB IW3EPE 59 
QSO: 144300 PH 2022-05-07 1431 IZ4ILA/4      35  JN54PF JN54PF IZ5ILA/4      SSB IZ3WZQ 59 
QSO: 144300 PH 2022-05-07 1431 IZ4ILA/4      36  JN54PF JN54PF IZ5ILA/4      SSB I3MTM 59  
QSO: 144300 PH 2022-05-07 1432 IZ4ILA/4      37  JN54PF JN54PF IZ5ILA/4      SSB IV3XWD 59 
QSO: 144300 PH 2022-05-07 1433 IZ4ILA/4      38  JN54PF JN54PF IZ5ILA/4      SSB I4ABG 59  
QSO: 144300 PH 2022-05-07 1434 IZ4ILA/4      40  JN54PF JN54PF IZ5ILA/4      SSB IV3CYT 59 
QSO: 144300 PH 2022-05-07 1434 IZ4ILA/4      41  JN54PF JN54PF IZ5ILA/4      SSB IK4RAS 59 
QSO: 144300 PH 2022-05-07 1435 IZ4ILA/4      42  JN54PF JN54PF IZ5ILA/4      SSB IK4AUY 59 
QSO: 144300 PH 2022-05-07 1437 IZ4ILA/4      43  JN54PF JN54PF IZ5ILA/4      SSB HA4XN 59  
QSO: 144300 PH 2022-05-07 1436 IZ4ILA/4      44  JN54PF JN54PF IZ5ILA/4      SSB 9A3SM 59  
QSO: 144300 PH 2022-05-07 1442 IZ4ILA/4      48  JN54PF JN54PF IZ5ILA/4      SSB 9A1AL 59  
QSO: 144300 PH 2022-05-07 1444 IZ4ILA/4      50  JN54PF JN54PF IZ5ILA/4      SSB 9A1EJ 59  
QSO: 144300 PH 2022-05-07 1444 IZ4ILA/4      51  JN54PF JN54PF IZ5ILA/4      SSB 9A2KI 59  
QSO: 144300 PH 2022-05-07 1445 IZ4ILA/4      52  JN54PF JN54PF IZ5ILA/4      SSB S57LM 59  
QSO: 144300 PH 2022-05-07 1446 IZ4ILA/4      53  JN54PF JN54PF IZ5ILA/4      SSB S59K 59   
QSO: 144300 PH 2022-05-07 1448 IZ4ILA/4      54  JN54PF JN54PF IZ5ILA        SSB IU5IXQ 59 
QSO: 144300 PH 2022-05-07 1451 IZ4ILA/4      57  JN54PF JN54PF IZ5ILA/4      SSB S57RT 59  
QSO: 144300 PH 2022-05-07 1454 IZ4ILA/4      58  JN54PF JN54PF IZ5ILA/4      SSB S52IT 59  
QSO: 144300 PH 2022-05-07 1456 IZ4ILA/4      59  JN54PF JN54PF IZ5ILA/4      SSB 9A1AAY 59 
QSO: 144300 PH 2022-05-07 1456 IZ4ILA/4      60  JN54PF JN54PF IZ5ILA        SSB IU5IAP 59 
QSO: 144300 PH 2022-05-07 1503 IZ4ILA/4      62  JN54PF JN54PF IZ5ILA/4      SSB 9A8D 59   
QSO: 144300 PH 2022-05-07 1505 IZ4ILA/4      63  JN54PF JN54PF IZ5ILA/4      SSB YT1WP 59  
QSO: 144300 PH 2022-05-07 1504 IZ4ILA/4      64  JN54PF JN54PF IZ5ILA/4      SSB S50G 59   
QSO: 144300 PH 2022-05-07 1506 IZ4ILA/4      65  JN54PF JN54PF IZ5ILA/4      SSB IN3XWE 59 
QSO: 144300 PH 2022-05-07 1511 IZ4ILA/4      66  JN54PF JN54PF IZ5ILA/4      SSB IK5CZI 59 
QSO: 144300 PH 2022-05-07 1507 IZ4ILA/4      67  JN54PF JN54PF IZ5ILA/4      SSB I2CYL 59  
QSO: 144300 PH 2022-05-07 1507 IZ4ILA/4      68  JN54PF JN54PF IZ5ILA/4      SSB S53MM 59  
QSO: 144300 PH 2022-05-07 1511 IZ4ILA/4      71  JN54PF JN54PF IZ5ILA/4      SSB S57O 59   
QSO: 144300 PH 2022-05-07 1514 IZ4ILA/4      73  JN54PF JN54PF IZ5ILA/4      SSB IK3CST 59 
QSO: 144300 PH 2022-05-07 1514 IZ4ILA/4      74  JN54PF JN54PF IZ5ILA/4      SSB OK1HMP 59 
QSO: 144300 PH 2022-05-07 1515 IZ4ILA/4      76  JN54PF JN54PF IZ5ILA/4      SSB S51SL 59  
QSO: 144300 PH 2022-05-07 1519 IZ4ILA/4      78  JN54PF JN54PF IZ5ILA/4      SSB OK2KYJ 59 
QSO: 144300 PH 2022-05-07 1532 IZ4ILA/4      81  JN54PF JN54PF IZ5ILA/4      SSB OK1MWW 59 
QSO: 144300 PH 2022-05-07 1523 IZ4ILA/4      82  JN54PF JN54PF IZ5ILA/4      SSB OK1KKI 59 
QSO: 144300 PH 2022-05-07 1523 IZ4ILA/4      83  JN54PF JN54PF IZ5ILA/4      SSB IW5AXW 59 
QSO: 144300 PH 2022-05-07 1524 IZ4ILA/4      84  JN54PF JN54PF IZ5ILA/4      SSB IK5BDG 59 
QSO: 144300 PH 2022-05-07 1525 IZ4ILA/4      85  JN54PF JN54PF IZ5ILA/4      SSB OK1NPF 59 
QSO: 144300 PH 2022-05-07 1526 IZ4ILA/4      86  JN54PF JN54PF IZ5ILA/4      SSB OK2AF 59  
QSO: 144300 PH 2022-05-07 1527 IZ4ILA/4      88  JN54PF JN54PF IZ5ILA/4      SSB IK2UCK 59 
QSO: 144300 PH 2022-05-07 1531 IZ4ILA/4      90  JN54PF JN54PF IZ5ILA/4      SSB OK2KCN 59 
QSO: 144300 PH 2022-05-07 1533 IZ4ILA/4      92  JN54PF JN54PF IZ5ILA/4      SSB IQ3CO 59  
QSO: 144300 PH 2022-05-07 1533 IZ4ILA/4      93  JN54PF JN54PF IZ5ILA/4      SSB OK6R 59   
QSO: 144300 PH 2022-05-07 1535 IZ4ILA/4      94  JN54PF JN54PF IZ5ILA/4      SSB OE6END 59 
QSO: 144300 PH 2022-05-07 1537 IZ4ILA/4      97  JN54PF JN54PF IZ5ILA/4      SSB HA2R 59   
QSO: 144300 PH 2022-05-07 1538 IZ4ILA/4      99  JN54PF JN54PF IZ5ILA/4      SSB S50TA 59  
QSO: 144300 PH 2022-05-07 1539 IZ4ILA/4      100 JN54PF JN54PF IZ5ILA        SSB IU2CAT 59 
QSO: 144300 PH 2022-05-07 1543 IZ4ILA/4      104 JN54PF JN54PF IZ5ILA/4      SSB IZ1YTH 59 
QSO: 144300 PH 2022-05-07 1544 IZ4ILA/4      105 JN54PF JN54PF IZ5ILA/4      SSB IU4CHE 59 
QSO: 144300 PH 2022-05-07 1548 IZ4ILA/4      106 JN54PF JN54PF IZ5ILA/4      SSB I3JKI 59  
QSO: 144300 PH 2022-05-07 1555 IZ4ILA/4      108 JN54PF JN54PF IZ5ILA/4      SSB I0YLI 59  
QSO: 144300 PH 2022-05-07 1555 IZ4ILA/4      109 JN54PF JN54PF IZ5ILA/4      SSB IK3TPP 59 
QSO: 144300 PH 2022-05-07 1558 IZ4ILA/4      110 JN54PF JN54PF IZ5ILA/4      SSB IK2YSJ 59 
QSO: 144300 PH 2022-05-07 1600 IZ4ILA/4      113 JN54PF JN54PF IZ5ILA/4      SSB HB9DTX 59 
QSO: 144300 PH 2022-05-07 1601 IZ4ILA/4      114 JN54PF JN54PF IZ5ILA/4      SSB IK1TNU 59 
QSO: 144300 PH 2022-05-07 1607 IZ4ILA/4      116 JN54PF JN54PF IZ5ILA/4      SSB I1FY 59   
QSO: 144300 PH 2022-05-07 1609 IZ4ILA/4      118 JN54PF JN54PF IZ5ILA/4      SSB I1HHH 59  
QSO: 144300 PH 2022-05-07 1611 IZ4ILA/4      120 JN54PF JN54PF IZ5ILA/4      SSB HB9CYN 59 
QSO: 144300 PH 2022-05-07 1618 IZ4ILA/4      125 JN54PF JN54PF IZ5ILA/4      SSB IU2DMI 59 
QSO: 144300 PH 2022-05-07 1618 IZ4ILA/4      126 JN54PF JN54PF IZ5ILA/4      SSB IN3LFL 59 
QSO: 144300 PH 2022-05-07 1710 IZ4ILA/4      129 JN54PF JN54PF IZ5ILA/4      SSB HB9BAS 59 
QSO: 144300 PH 2022-05-07 1634 IZ4ILA/4      139 JN54PF JN54PF IZ5ILA/4      SSB DL0HTW 59 
QSO: 144300 PH 2022-05-07 1635 IZ4ILA/4      140 JN54PF JN54PF IZ5ILA/4      SSB IZ2ZVA 59 
QSO: 144300 PH 2022-05-07 1636 IZ4ILA/4      141 JN54PF JN54PF IZ5ILA/4      SSB IN3AHO 59 
QSO: 144300 PH 2022-05-07 1636 IZ4ILA/4      142 JN54PF JN54PF IZ5ILA/4      SSB IV3FBH 59 
QSO: 144300 PH 2022-05-07 1638 IZ4ILA/4      144 JN54PF JN54PF IZ5ILA/4      SSB IK3XJP 59 
QSO: 144300 PH 2022-05-07 1640 IZ4ILA/4      145 JN54PF JN54PF IZ5ILA/4      SSB S57NAW 59 
QSO: 144300 PH 2022-05-07 1641 IZ4ILA/4      146 JN54PF JN54PF IZ5ILA/4      SSB S51S 59   
QSO: 144300 PH 2022-05-07 1653 IZ4ILA/4      148 JN54PF JN54PF IZ5ILA/4      SSB I3WBD 59  
QSO: 144300 PH 2022-05-07 1654 IZ4ILA/4      149 JN54PF JN54PF IZ5ILA/4      SSB I2XAV 59  
QSO: 144300 PH 2022-05-07 1659 IZ4ILA/4      150 JN54PF JN54PF IZ5ILA/4      SSB IU3OWY 59 
QSO: 144300 PH 2022-05-07 1704 IZ4ILA/4      153 JN54PF JN54PF IZ5ILA/4      SSB IK5RUN 59 
QSO: 144300 PH 2022-05-07 1718 IZ4ILA/4      160 JN54PF JN54PF IZ5ILA/4      SSB HA6W 59   
QSO: 144300 PH 2022-05-07 1722 IZ4ILA/4      162 JN54PF JN54PF IZ5ILA/4      SSB OK1KEP 59 
QSO: 144300 PH 2022-05-07 1724 IZ4ILA/4      163 JN54PF JN54PF IZ5ILA/4      SSB OK4C 59   
QSO: 144300 PH 2022-05-07 1800 IZ4ILA/4      163 JN54PF JN54PF IZ5ILA/4      SSB OK2KRT 55 
QSO: 144300 PH 2022-05-07 1754 IZ4ILA/4      167 JN54PF JN54PF IZ5ILA/4      SSB OK1LN 59  
QSO: 144300 PH 2022-05-07 1730 IZ4ILA/4      168 JN54PF JN54PF IZ5ILA/4      SSB 9A2C 59   
QSO: 144300 PH 2022-05-07 1745 IZ4ILA/4      175 JN54PF JN54PF IZ5ILA/4      SSB OM6DN 59  
QSO: 144300 PH 2022-05-07 1745 IZ4ILA/4      176 JN54PF JN54PF IZ5ILA/4      SSB OK1KQH 59 
QSO: 144300 PH 2022-05-07 1747 IZ4ILA/4      177 JN54PF JN54PF IZ5ILA/4      SSB S52F 59   
QSO: 144300 PH 2022-05-07 1750 IZ4ILA/4      179 JN54PF JN54PF IZ5ILA/4      SSB S51WC 59  
QSO: 144300 PH 2022-05-07 1751 IZ4ILA/4      180 JN54PF JN54PF IZ5ILA/4      SSB IK4GNG 59 
QSO: 144300 PH 2022-05-07 1754 IZ4ILA/4      182 JN54PF JN54PF IZ5ILA/4      SSB OK2DTF 59 
QSO: 144300 PH 2022-05-07 1758 IZ4ILA/4      184 JN54PF JN54PF IZ5ILA/5      SSB IU3OAR 59 
QSO: 144300 PH 2022-05-07 1801 IZ4ILA/4      185 JN54PF JN54PF IZ5ILA/4      SSB 9A0C 59   
QSO: 144300 PH 2022-05-07 1802 IZ4ILA/4      186 JN54PF JN54PF IZ5ILA/4      SSB OK1BYR 59 
QSO: 144300 PH 2022-05-07 1805 IZ4ILA/4      187 JN54PF JN54PF IZ5ILA/4      SSB IV3VFP 59 
QSO: 144300 PH 2022-05-07 1806 IZ4ILA/4      188 JN54PF JN54PF IZ5ILA/4      SSB S59DR 59  
QSO: 144300 PH 2022-05-07 1806 IZ4ILA/4      189 JN54PF JN54PF IZ5ILA/4      SSB HA7MB 59  
QSO: 144300 PH 2022-05-07 1809 IZ4ILA/4      190 JN54PF JN54PF IZ5ILA/4      SSB 9A1W 59   
QSO: 144300 PH 2022-05-07 1812 IZ4ILA/4      193 JN54PF JN54PF IZ5ILA/4      SSB IK3XTT 59 
QSO: 144300 PH 2022-05-07 1813 IZ4ILA/4      194 JN54PF JN54PF IZ5ILA/4      SSB IK4ZHH 59 
QSO: 144300 PH 2022-05-07 1815 IZ4ILA/4      195 JN54PF JN54PF IZ5ILA/4      SSB OL2J 59   
QSO: 144300 PH 2022-05-07 1816 IZ4ILA/4      196 JN54PF JN54PF IZ5ILA/4      SSB OM3KII 59 
QSO: 144300 PH 2022-05-07 1820 IZ4ILA/4      197 JN54PF JN54PF IZ5ILA/4      CW  9A4W 599  
QSO: 144300 PH 2022-05-07 1821 IZ4ILA/4      198 JN54PF JN54PF IZ5ILA/4      CW  YT5C 599  
QSO: 144300 PH 2022-05-07 1826 IZ4ILA/4      199 JN54PF JN54PF IZ5ILA/4      SSB 9A2KO 59  
QSO: 144300 PH 2022-05-07 1829 IZ4ILA/4      200 JN54PF JN54PF IZ5ILA/4      SSB IZ1YUX 59 
QSO: 144300 PH 2022-05-07 1831 IZ4ILA/4      201 JN54PF JN54PF IZ5ILA/4      SSB 9A1CRS 59 
QSO: 144300 PH 2022-05-07 1831 IZ4ILA/4      202 JN54PF JN54PF IZ5ILA/4      SSB 9A0V 59   
QSO: 144300 PH 2022-05-07 1834 IZ4ILA/4      203 JN54PF JN54PF IZ5ILA/4      SSB IZ7UMS 59 
QSO: 144300 PH 2022-05-07 1837 IZ4ILA/4      204 JN54PF JN54PF IZ5ILA/4      SSB 9A5CZK 59 
QSO: 144300 PH 2022-05-07 1840 IZ4ILA/4      206 JN54PF JN54PF IZ5ILA/4      SSB YT5W 59   
QSO: 144300 PH 2022-05-07 1842 IZ4ILA/4      208 JN54PF JN54PF IZ5ILA/4      SSB IW1CHX 59 
QSO: 144300 PH 2022-05-07 1843 IZ4ILA/4      209 JN54PF JN54PF IZ5ILA/4      SSB 9A5IG 59  
QSO: 144300 PH 2022-05-07 1856 IZ4ILA/4      210 JN54PF JN54PF IZ5ILA/4      SSB IK7LMX 59 
QSO: 144300 PH 2022-05-07 1857 IZ4ILA/4      211 JN54PF JN54PF IZ5ILA/4      SSB IW0BCF 59 
QSO: 144300 PH 2022-05-07 1858 IZ4ILA/4      212 JN54PF JN54PF IZ5ILA/4      SSB IZ5YBK 59 
QSO: 144300 PH 2022-05-07 1911 IZ4ILA/4      218 JN54PF JN54PF IZ5ILA/4      SSB I3QJZ 59  
QSO: 144300 PH 2022-05-07 1921 IZ4ILA/4      223 JN54PF JN54PF IZ5ILA/4      SSB I5MZY/4 59
QSO: 144300 PH 2022-05-07 1924 IZ4ILA/4      224 JN54PF JN54PF IZ5ILA/4      CW  IZ3KMY 599
QSO: 144300 PH 2022-05-07 1925 IZ4ILA/4      225 JN54PF JN54PF IZ5ILA/4      CW  IC8TEM 599
QSO: 144300 PH 2022-05-07 1931 IZ4ILA/4      227 JN54PF JN54PF IZ5ILA/4      SSB I2ZSI 59  
QSO: 144300 PH 2022-05-07 1934 IZ4ILA/4      228 JN54PF JN54PF IZ5ILA/4      SSB IK2PTR/4 59
QSO: 144300 PH 2022-05-07 1945 IZ4ILA/4      229 JN54PF JN54PF IZ5ILA/4      SSB IK4PMB 59 
QSO: 144300 PH 2022-05-07 1946 IZ4ILA/4      231 JN54PF JN54PF IZ5ILA/4      SSB SP6KEP 59 
QSO: 144300 PH 2022-05-07 1947 IZ4ILA/4      232 JN54PF JN54PF IZ5ILA/4      SSB S53O 59   
QSO: 144300 PH 2022-05-07 2000 IZ4ILA/4      239 JN54PF JN54PF IZ5ILA/4      SSB OK2BMJ 59 
QSO: 144300 PH 2022-05-07 2011 IZ4ILA/4      242 JN54PF JN54PF IZ5ILA/4      SSB OM5AW 59  
QSO: 144300 PH 2022-05-07 2010 IZ4ILA/4      243 JN54PF JN54PF IZ5ILA/4      SSB OE2M 59   
QSO: 144300 PH 2022-05-07 2012 IZ4ILA/4      244 JN54PF JN54PF IZ5ILA/4      SSB IN3AQK/3 59
QSO: 144300 PH 2022-05-07 2013 IZ4ILA/4      245 JN54PF JN54PF IZ5ILA/4      SSB IZ3DRN 59 
QSO: 144300 PH 2022-05-07 2016 IZ4ILA/4      246 JN54PF JN54PF IZ5ILA/4      SSB 9A2AE 59  
QSO: 144300 PH 2022-05-07 2022 IZ4ILA/4      248 JN54PF JN54PF IZ5ILA/4      SSB IZ3PYR 59 
QSO: 144300 PH 2022-05-07 2024 IZ4ILA/4      249 JN54PF JN54PF IZ5ILA/4      SSB DL0GTH/P 59
QSO: 144300 PH 2022-05-07 2051 IZ4ILA/4      249 JN54PE JN54PF IZ5ILA/4      SSB 9A2HX 59  
QSO: 144300 PH 2022-05-07 2025 IZ4ILA/4      250 JN54PF JN54PF IZ5ILA        SSB IZ5FYF 59 
QSO: 144300 PH 2022-05-07 2029 IZ4ILA/4      251 JN54PF JN54PF IZ5ILA/4      SSB 9A5ST 59  
QSO: 144300 PH 2022-05-07 2031 IZ4ILA/4      252 JN54PF JN54PF IZ5ILA/4      SSB DA0FF 59  
QSO: 144300 PH 2022-05-07 2056 IZ4ILA/4      261 JN54PF JN54PF IZ5ILA/4      SSB S53TA 59  
QSO: 144300 PH 2022-05-07 2056 IZ4ILA/4      263 JN54PF JN54PF IZ5ILA/4      SSB 9A6ZZ 59  
QSO: 144300 PH 2022-05-07 2104 IZ4ILA/4      265 JN54PF JN54PF IZ5ILA/4      SSB IN3ZTI 59 
QSO: 144300 PH 2022-05-07 2104 IZ4ILA/4      266 JN54PF JN54PF IZ5ILA/4      SSB OK3A 59   
QSO: 144300 PH 2022-05-07 2106 IZ4ILA/4      267 JN54PF JN54PF IZ5ILA/4      SSB OK1DSX 59 
QSO: 144300 PH 2022-05-07 2121 IZ4ILA/4      272 JN54PF JN54PF IZ5ILA/4      SSB IV3/HB9CAT 59
QSO: 144300 PH 2022-05-07 2122 IZ4ILA/4      273 JN54PF JN54PF IZ5ILA/4      SSB OE1W 59   
QSO: 144300 PH 2022-05-07 2127 IZ4ILA/4      275 JN54PF JN54PF IZ5ILA/4      SSB OL7C 59   
QSO: 144300 PH 2022-05-07 2129 IZ4ILA/4      276 JN54PF JN54PF IZ5ILA/4      SSB S59P 59   
QSO: 144300 PH 2022-05-07 2148 IZ4ILA/4      277 JN54PF JN54PF IZ5ILA/4      SSB OK7O 59   
QSO: 144300 PH 2022-05-07 2153 IZ4ILA/4      278 JN54PF JN54PF IZ5ILA/4      SSB IQ5NN 59  
QSO: 144300 PH 2022-05-07 2155 IZ4ILA/4      279 JN54PF JN54PF IZ5ILA/4      SSB DL0LB 59  
QSO: 144300 PH 2022-05-07 2224 IZ4ILA/4      282 JN54PF JN54PF IZ5ILA/4      SSB OK2IGG 59 
QSO: 144300 PH 2022-05-07 2228 IZ4ILA/4      283 JN54PF JN54PF IZ5ILA/4      SSB IK5LWE 59 
QSO: 144300 PH 2022-05-07 2232 IZ4ILA/4      284 JN54PT JN54PF IZ5ILA        SSB OE6O 59   
QSO: 144300 PH 2022-05-07 2243 IZ4ILA/4      286 JN54PF JN54PF IZ5ILA/4      SSB HB9GF 59  
QSO: 144300 PH 2022-05-07 2251 IZ4ILA/4      287 JN54PF JN54PF IZ5ILA/4      SSB OL3Y 59   
QSO: 144300 PH 2022-05-07 2305 IZ4ILA/4      288 JN54PF JN54PF IZ5ILA/4      SSB DJ7R 59   
QSO: 144300 PH 2022-05-07 2315 IZ4ILA/4      289 JN54PF JN54PF IZ5ILA/4      SSB IZ5OVP 59 
QSO: 144300 PH 2022-05-07 2325 IZ4ILA/4      290 JN54PF JN54PF IZ5ILA/4      SSB DR9A 59   
QSO: 144300 PH 2022-05-07 2346 IZ4ILA/4      293 JN54PF JN54PF IZ5ILA/4      CW  OL1Z 599  
QSO: 144300 PH 2022-05-07 2358 IZ4ILA/4      295 JN54PF JN54PF IZ5ILA/4      CW  OK2KOJ 599
QSO: 144300 PH 2022-05-08 0057 IZ4ILA/4      300 JN54PF JN54PF IZ5ILA/4      CW  IO2V 599  
QSO: 144300 PH 2022-05-08 0435 IZ4ILA/4      306 JN54PF JN54PF IZ5ILA/4      SSB IQ1BD 59  
QSO: 144300 PH 2022-05-08 0449 IZ4ILA/4      308 JN54PF JN54PF IZ5ILA/4      CW  I3LGP 599 
QSO: 144300 PH 2022-05-08 0506 IZ4ILA/4      310 JN54PF JN54PF IZ5ILA/4      CW  OK7C 599  
QSO: 144300 PH 2022-05-08 0519 IZ4ILA/4      311 JN54PF JN54PF IZ5ILA/4      CW  HA1WA 599 
QSO: 144300 PH 2022-05-08 0525 IZ4ILA/4      312 JN54PF JN54PF IZ5ILA/4      CW  SN7L 599  
QSO: 144300 PH 2022-05-08 0529 IZ4ILA/4      313 JN54PF JN54PF IZ5ILA/4      CW  9A7D 599  
QSO: 144300 PH 2022-05-08 0537 IZ4ILA/4      315 JN54PF JN54PF IZ5ILA/4      CW  S52ZD 599 
QSO: 144300 PH 2022-05-08 0553 IZ4ILA/4      319 JN54PF JN54PF IZ5ILA/4      CW  E72U 599  
QSO: 144300 PH 2022-05-08 0559 IZ4ILA/4      321 JN54PF JN54PF IZ5ILA/4      CW  HB9IAB/P 599
QSO: 144300 PH 2022-05-08 0607 IZ4ILA/4      323 JN54PF JN54PF IZ5ILA/4      CW  OK1RAR 599
QSO: 144300 PH 2022-05-08 0607 IZ4ILA/4      324 JN54PF JN54PF IZ5ILA/4      SSB YO2BLX 59 
QSO: 144300 PH 2022-05-08 0643 IZ4ILA/4      330 JN54PF JN54PF IZ5ILA/4      SSB IK4OLQ 59 
QSO: 144300 PH 2022-05-08 0651 IZ4ILA/4      333 JN54PF JN54PF IZ5ILA/4      SSB IN3IIR 59 
QSO: 144300 PH 2022-05-08 0653 IZ4ILA/4      334 JN54PF JN54PF IZ5ILA/4      SSB I0FHZ 59  
QSO: 144300 PH 2022-05-08 0655 IZ4ILA/4      335 JN54PF JN54PF IZ5ILA/4      SSB IU5KRE 59 
QSO: 144300 PH 2022-05-08 0655 IZ4ILA/4      336 JN54PF JN54PF IZ5ILA/4      SSB IQ8BI 59  
QSO: 144300 PH 2022-05-08 0713 IZ4ILA/4      339 JN54PF JN54PF IZ5ILA/4      SSB IT9DJF 59 
QSO: 144300 PH 2022-05-08 0912 IZ4ILA/4      342 JN54PF JN54PF IZ5ILA/4      CW  IK7JNM 599
QSO: 144300 PH 2022-05-08 0732 IZ4ILA/4      345 JN54PF JN54PF IZ5ILA/4      SSB IW1CKM 59 
QSO: 144300 PH 2022-05-08 0734 IZ4ILA/4      346 JN54PF JN54PF IZ5ILA/4      SSB IU2ECB 59 
QSO: 144300 PH 2022-05-08 0746 IZ4ILA/4      349 JN54PF JN54PF IZ5ILA/4      SSB IQ3VI 59  
QSO: 144300 PH 2022-05-08 0717 IZ4ILA/4      350 JN54PF JN54PF IZ5ILA/5      SSB 9A1EA 59  
QSO: 144300 PH 2022-05-08 0803 IZ4ILA/4      353 JN54PF JN54PF IZ5ILA/4      SSB IU3KHB 59 
QSO: 144300 PH 2022-05-08 0806 IZ4ILA/4      354 JN54PF JN54PF IZ5ILA        SSB IQ1LA 59  
QSO: 144300 PH 2022-05-08 0807 IZ4ILA/4      355 JN54PF JN54PF IZ5ILA        SSB IU3IPI 59 
QSO: 144300 PH 2022-05-08 0808 IZ4ILA/4      356 JN54OF JN54PF IZ5ILA/4      SSB IN3FPJ 59 
QSO: 144300 PH 2022-05-08 0811 IZ4ILA/4      359 JN54PF JN54PF IZ5ILA/4      SSB IV3APH 59 
QSO: 144300 PH 2022-05-08 0819 IZ4ILA/4      364 JN54PF JN54PF IZ5ILA/4      SSB IK1YEZ 59 
QSO: 144300 PH 2022-05-08 0825 IZ4ILA/4      365 JN54PF JN54PF IZ5ILA/4      SSB IU3LYA/3 59
QSO: 144300 PH 2022-05-08 0827 IZ4ILA/4      368 JN54PF JN54PF IZ5ILA/4      SSB IK0BAL/IV3 59
QSO: 144300 PH 2022-05-08 0834 IZ4ILA/4      369 JN54PF JN54PF IZ5ILA/4      SSB IW6DCN 59 
QSO: 144300 PH 2022-05-08 0837 IZ4ILA/4      370 JN54PF JN54PF IZ5ILA/4      CW  YO2BBT 599
QSO: 144300 PH 2022-05-08 0841 IZ4ILA/4      371 JN54PF JN54PF IZ5ILA/4      CW  9A5M 599  
QSO: 144300 PH 2022-05-08 0848 IZ4ILA/4      372 JN54PF JN54PF IZ5ILA/4      SSB IK2RLN 59 
QSO: 144300 PH 2022-05-08 0911 IZ4ILA/4      379 JN54PF JN54PF IZ5ILA/4      CW  IK0OFF 599
QSO: 144300 PH 2022-05-08 0918 IZ4ILA/4      382 JN54PF JN54PF IZ5ILA/4      SSB IK5AMB 59 
QSO: 144300 PH 2022-05-08 0923 IZ4ILA/4      385 JN54PF JN54PF IZ5ILA/4      SSB IZ3GNG 59 
QSO: 144300 PH 2022-05-08 0925 IZ4ILA/4      387 JN54PF JN54PF IZ5ILA/4      SSB OK1KCB 59 
QSO: 144300 PH 2022-05-08 0937 IZ4ILA/4      391 JN54PF JN54PF IZ5ILA/4      SSB S56OA/P 59
QSO: 144300 PH 2022-05-08 0944 IZ4ILA/4      395 JN54PF JN54PF IZ5ILA/4      SSB IZ3PYS 59 
QSO: 144300 PH 2022-05-08 0952 IZ4ILA/4      396 JN54PF JN54PF IZ5ILA/4      CW  HA3FMR 599
QSO: 144300 PH 2022-05-08 1031 IZ4ILA/4      410 JN54PF JN54PF IZ5ILA/4      CW  HG7F 599  
QSO: 144300 PH 2022-05-08 1053 IZ4ILA/4      414 JN54PF JN54PF IZ5ILA/4      SSB IZ3CTT 59 
QSO: 144300 PH 2022-05-08 1134 IZ4ILA/4      417 JN54PF JN54PF IZ5ILA/4      SSB 9A3NI 59  
QSO: 144300 PH 2022-05-08 1146 IZ4ILA/4      418 JN54PF JN54PF IZ5ILA/4      CW  IK7FPU 599
QSO: 144300 PH 2022-05-08 1154 IZ4ILA/4      420 JN54PF JN54PF IZ5ILA/4      SSB OK1DCS 59 
QSO: 144300 PH 2022-05-08 1202 IZ4ILA/4      422 JN54PF JN54PF IZ5ILA/4      SSB I2SVA 59  
QSO: 144300 PH 2022-05-08 1224 IZ4ILA/4      424 JN54PF JN54PF IZ5ILA/4      SSB IK0RMR 59 
QSO: 144300 PH 2022-05-08 1225 IZ4ILA/4      425 JN54PF JN54PF IZ5ILA/4      SSB IW0AEN 59 
QSO: 144300 PH 2022-05-08 1241 IZ4ILA/4      429 JN54PF JN54PF IZ5ILA/4      CW  DK5DQ 599 
QSO: 144300 PH 2022-05-08 1258 IZ4ILA/4      430 JN54PF JN54PF IZ5ILA/4      SSB IV3KKW 59 
QSO: 144300 PH 2022-05-08 1308 IZ4ILA/4      433 JN54PF JN54PF IZ5ILA/4      SSB IZ2ABI 59 
QSO: 144300 PH 2022-05-08 1310 IZ4ILA/4      435 JN54PF JN54PF IZ5ILA/4      SSB IU2GLK 59 
QSO: 144300 PH 2022-05-08 1133 IZ4ILA/4      451 JN54PF JN54PF IZ5ILA/4      SSB 9A2MW 59  
END-OF-LOG:
