START-OF-LOG: 3.0
CREATED-BY: vhfmanager-downloader
CONTEST: ZRS 50 MHz tekmovanje - Official results - VHFManager
CALLSIGN: F6IPG
CATEGORY: 50 MHz - checklog
CATEGORY-OPERATOR: SINGLE-OP
CATEGORY-ASSISTED: NON-ASSISTED
CATEGORY-TRANSMITTER: ONE
CATEGORY-STATION: FIXED
QSO: 50000 PH 2021-06-19 1522 F6IPG         59  1 IN87VG   UT1S          59  31 KN29IC 
QSO: 50000 PH 2021-06-19 1535 F6IPG         59  2 IN87VG   YR0FRR        59  56 KN17UL 
QSO: 50000 PH 2021-06-19 1541 F6IPG         59  3 IN87VG   UR7DWW        59  76 KN18EO 
QSO: 50000 PH 2021-06-19 1617 F6IPG         59  4 IN87VG   S53M          59  85 JN86CR 
QSO: 50000 PH 2021-06-19 1621 F6IPG         59  5 IN87VG   SQ6H          59  65 JO80SH 
QSO: 50000 PH 2021-06-19 1625 F6IPG         59  6 IN87VG   9A9R          59  82 JN85OQ 
QSO: 50000 PH 2021-06-19 1630 F6IPG         59  7 IN87VG   YR8Y          59  41 KN36FU 
QSO: 50000 PH 2021-06-19 1642 F6IPG         59  8 IN87VG   OK2GM         59  105 JN99GM
QSO: 50000 PH 2021-06-19 1646 F6IPG         59  9 IN87VG   YO6KNY        59  70 KN35CW 
QSO: 50000 PH 2021-06-19 1658 F6IPG         59  10 IN87VG  YR2X          59  70 KN06TD 
QSO: 50000 PH 2021-06-19 1704 F6IPG         59  11 IN87VG  9A8D          59  115 JN95LM
QSO: 50000 PH 2021-06-19 1715 F6IPG         59  12 IN87VG  S53O          59  132 JN86AT
QSO: 50000 PH 2021-06-19 1718 F6IPG         59  13 IN87VG  YT3X          59  153 KN04LE
QSO: 50000 PH 2021-06-19 1720 F6IPG         59  14 IN87VG  YT1R          59  177 JN93UR
QSO: 50000 PH 2021-06-19 1735 F6IPG         59  15 IN87VG  GM4ZUK/P      59  154 IO86RW
QSO: 50000 PH 2021-06-19 1737 F6IPG         59  16 IN87VG  YT5W          59  88 KN04OO 
QSO: 50000 PH 2021-06-19 1740 F6IPG         59  17 IN87VG  E73DPR        59  205 JN92EP
QSO: 50000 PH 2021-06-19 1742 F6IPG         59  18 IN87VG  9A1UN         59  80 JN85UG 
QSO: 50000 PH 2021-06-19 1748 F6IPG         59  19 IN87VG  DK5QN         59  132 JO42EA
QSO: 50000 PH 2021-06-19 1751 F6IPG         59  20 IN87VG  I5MXX         59  51 JN53JU 
QSO: 50000 PH 2021-06-19 1755 F6IPG         59  21 IN87VG  OK2L          59  14 JN99BN 
QSO: 50000 PH 2021-06-19 1800 F6IPG         59  22 IN87VG  YT9X          59  161 JN93WT
QSO: 50000 PH 2021-06-19 1808 F6IPG         59  23 IN87VG  I6WJB         59  66 JN72CK 
QSO: 50000 PH 2021-06-19 1812 F6IPG         59  24 IN87VG  HB9GF         59  152 JN47BC
QSO: 50000 PH 2021-06-19 1934 F6IPG         59  25 IN87VG  SP8PAI        59  180 KO11JB
QSO: 50000 PH 2021-06-20 0845 F6IPG         59  26 IN87VG  SP9KJM        59  47 JO90JE 
QSO: 50000 PH 2021-06-20 0852 F6IPG         59  27 IN87VG  SN7L          59  305 JO91QF
QSO: 50000 PH 2021-06-20 0857 F6IPG         59  28 IN87VG  OK2PVF        59  75 JN99GU 
QSO: 50000 PH 2021-06-20 0900 F6IPG         59  29 IN87VG  UW8SM         59  255 KN28IV
QSO: 50000 PH 2021-06-20 0917 F6IPG         59  30 IN87VG  E70SIC        59  147 JN93CT
QSO: 50000 PH 2021-06-20 0922 F6IPG         59  31 IN87VG  OK7VV         59  81 JN99IO 
QSO: 50000 PH 2021-06-20 0928 F6IPG         59  32 IN87VG  YP8T          59  504 KN27OC
QSO: 50000 PH 2021-06-20 0940 F6IPG         59  33 IN87VG  YT1X          59  469 JN94WG
QSO: 50000 PH 2021-06-20 0950 F6IPG         59  34 IN87VG  LZ9A          59  558 KN12KR
QSO: 50000 PH 2021-06-20 0952 F6IPG         59  35 IN87VG  EA5Z          59  707 JM08CT
QSO: 50000 PH 2021-06-20 0953 F6IPG         59  36 IN87VG  S51DI         59  104 JN76VL
QSO: 50000 PH 2021-06-20 1041 F6IPG         59  37 IN87VG  9A1CBM        59  294 JN83EN
QSO: 50000 PH 2021-06-20 1156 F6IPG         59  38 IN87VG  YU7AJM        59  251 JN95RE
QSO: 50000 PH 2021-06-20 1204 F6IPG         59  39 IN87VG  9A1CBR        59  409 JN83FO
QSO: 50000 PH 2021-06-20 1213 F6IPG         59  40 IN87VG  LZ2ZY         59  312 KN13OT
QSO: 50000 PH 2021-06-20 1215 F6IPG         59  41 IN87VG  9A1B          59  321 JN85JP
QSO: 50000 PH 2021-06-20 1221 F6IPG         59  42 IN87VG  IQ8XF         59  428 JN70CN
QSO: 50000 PH 2021-06-20 1235 F6IPG         59  43 IN87VG  YT4ZZ         59  171 KN04RC
QSO: 50000 PH 2021-06-20 1236 F6IPG         59  44 IN87VG  YT2VP         59  297 KN04GF
QSO: 50000 PH 2021-06-20 1315 F6IPG         59  45 IN87VG  E73FDE        59  289 JN94CP
QSO: 50000 PH 2021-06-20 1320 F6IPG         59  46 IN87VG  HB9SJE        59  46 JN47JO 
QSO: 50000 PH 2021-06-20 1332 F6IPG         59  47 IN87VG  OE55D         59  198 JN68PC
QSO: 50000 PH 2021-06-20 1338 F6IPG         59  48 IN87VG  OE5FPL        59  96 JN68PG 
QSO: 50000 PH 2021-06-20 1345 F6IPG         59  49 IN87VG  TK4LS         59  321 JN42QA
QSO: 50000 PH 2021-06-20 1359 F6IPG         59  50 IN87VG  DP7D          59  219 JO32PC
END-OF-LOG:
