START-OF-LOG: 3.0
CREATED-BY: vhfmanager-downloader
CONTEST: ZRS majsko UKV tekmovanje - Official results - VHFManager
CALLSIGN: IZ4DJD
CATEGORY: 145 MHz - Generated log
CATEGORY-OPERATOR: SINGLE-OP
CATEGORY-ASSISTED: NON-ASSISTED
CATEGORY-TRANSMITTER: ONE
CATEGORY-STATION: FIXED
QSO: 144300 PH 2023-05-06 2041 IZ4DJD        1   JN54GN JN54GN IZ4DJD        SSB IO2V 59   
QSO: 144300 PH 2023-05-06 2049 IZ4DJD        2   JN54GN JN54GN IZ4DJD        SSB I4ABG 59  
QSO: 144300 PH 2023-05-07 0658 IZ4DJD        6   JN54GN JN54GN IZ4DJD        SSB IK3UNA/1 59
QSO: 144300 PH 2023-05-07 0700 IZ4DJD        7   JN54GN JN54GN IZ4DJD        SSB IK3SSG 59 
QSO: 144300 PH 2023-05-07 0816 IZ4DJD        10  JN54GN JN54GN IZ4DJD        SSB IU3OAR 59 
QSO: 144300 PH 2023-05-07 0827 IZ4DJD        11  JN54GN JN54GN IZ4DJD        SSB I3MTM 59  
QSO: 144300 PH 2023-05-07 0831 IZ4DJD        12  JN54GN JN54GN IZ4DJD        SSB IQ3CO 59  
QSO: 144300 PH 2023-05-07 0832 IZ4DJD        13  JN54GN JN54GN IZ4DJD        SSB I3FGX 59  
QSO: 144300 PH 2023-05-07 0848 IZ4DJD        14  JN54GN JN54GN IZ4DJD        SSB IK2LFH 59 
QSO: 144300 PH 2023-05-07 0910 IZ4DJD        16  JN54GN JN54GN IZ4DJD        SSB IQ3LX 59  
END-OF-LOG:
