START-OF-LOG: 3.0
CONTEST: CQ-WW-CW
CALLSIGN: S59GS
LOCATION: DX
CATEGORY-OPERATOR: SINGLE-OP
CATEGORY-ASSISTED: ASSISTED
CATEGORY-BAND: 10M
CATEGORY-POWER: QRP
CATEGORY-MODE: CW
CATEGORY-TRANSMITTER: ONE
CATEGORY-STATION: FIXED
CATEGORY-OVERLAY:
GRID-LOCATOR: JN75OO
CLAIMED-SCORE:
NAME: Slavko
OPERATORS: S59GS
CLUB: BELOKRANJEC CONTEST CLUB
CREATED-BY: N1MM Logger+ 1.0.9724.0
QSO:   28000 CW 2022-11-26 0632 S59GS            599 15    A44A             599  21       
QSO:   28000 CW 2022-11-26 0648 S59GS            599 15    E2A              599  26       
QSO:   28000 CW 2022-11-26 0658 S59GS            599 15    4X6FR            599  20       
QSO:   28000 CW 2022-11-26 0707 S59GS            599 15    4L8A             599  21       
QSO:   28000 CW 2022-11-26 0721 S59GS            599 15    UN4Q             599  17       
QSO:   28000 CW 2022-11-26 0737 S59GS            599 15    RG4A             599  16       
QSO:   28000 CW 2022-11-26 0746 S59GS            599 15    HZ7C             599  21       
QSO:   28000 CW 2022-11-26 0750 S59GS            599 15    9A2U             599  15       
QSO:   28000 CW 2022-11-26 0808 S59GS            599 15    4X0A             599  20       
QSO:   28000 CW 2022-11-26 0816 S59GS            599 15    UA4M             599  16       
QSO:   28000 CW 2022-11-26 0819 S59GS            599 15    C44C             599  20       
QSO:   28000 CW 2022-11-26 0825 S59GS            599 15    C4W              599  20       
QSO:   28000 CW 2022-11-26 0859 S59GS            599 15    RK3ER            599  16       
QSO:   28000 CW 2022-11-26 0902 S59GS            599 15    RT4F             599  16       
QSO:   28000 CW 2022-11-26 0903 S59GS            599 15    UP5B             599  17       
QSO:   28000 CW 2022-11-26 0914 S59GS            599 15    UA6AK            599  16       
QSO:   28000 CW 2022-11-26 0918 S59GS            599 15    EA7W             599  14       
QSO:   28000 CW 2022-11-26 0924 S59GS            599 15    CT1BOH           599  14       
QSO:   28000 CW 2022-11-26 0930 S59GS            599 15    EA7A             599  14       
QSO:   28000 CW 2022-11-26 0933 S59GS            599 15    UA4CC            599  16       
QSO:   28000 CW 2022-11-26 0943 S59GS            599 15    EA8RM            599  33       
QSO:   28000 CW 2022-11-26 0956 S59GS            599 15    EA7R             599  14       
QSO:   28000 CW 2022-11-26 1009 S59GS            599 15    R44M             599  16       
QSO:   28000 CW 2022-11-26 1021 S59GS            599 15    EA4URE           599  14       
QSO:   28000 CW 2022-11-26 1026 S59GS            599 15    EC7R             599  14       
QSO:   28000 CW 2022-11-26 1031 S59GS            599 15    CR6K             599  14       
QSO:   28000 CW 2022-11-26 1039 S59GS            599 15    CR5O             599  14       
QSO:   28000 CW 2022-11-26 1052 S59GS            599 15    CQ3J             599  33       
QSO:   28000 CW 2022-11-26 1054 S59GS            599 15    CR3DX            599  33       
QSO:   28000 CW 2022-11-26 1114 S59GS            599 15    CS2C             599  14       
QSO:   28000 CW 2022-11-26 1117 S59GS            599 15    EW1I             599  16       
QSO:   28000 CW 2022-11-26 1120 S59GS            599 15    9A1A             599  15       
QSO:   28000 CW 2022-11-26 1124 S59GS            599 15    SM3PZG           599  14       
QSO:   28000 CW 2022-11-26 1220 S59GS            599 15    D4L              599  35       
QSO:   14000 CW 2022-11-26 1302 S59GS            599 15    9N7AA            599  22       
QSO:   28000 CW 2022-11-27 0855 S59GS            599 15    CT3KN            599  33       
QSO:   28000 CW 2022-11-27 0859 S59GS            599 15    CR3W             599  33       
QSO:   28000 CW 2022-11-27 0927 S59GS            599 15    RL3T             599  16       
QSO:   28000 CW 2022-11-27 0931 S59GS            599 15    RM3TO            599  16       
QSO:   28000 CW 2022-11-27 0936 S59GS            599 15    RW7F             599  16       
QSO:   28000 CW 2022-11-27 0941 S59GS            599 15    4K6FO            599  21       
QSO:   28000 CW 2022-11-27 0943 S59GS            599 15    UN3M             599  17       
QSO:   28000 CW 2022-11-27 0948 S59GS            599 15    UP2L             599  17       
QSO:   28000 CW 2022-11-27 0950 S59GS            599 15    RL5A             599  16       
QSO:   28000 CW 2022-11-27 0958 S59GS            599 15    RM3DA            599  16       
QSO:   28000 CW 2022-11-27 1042 S59GS            599 15    RT4G             599  16       
QSO:   28000 CW 2022-11-27 1128 S59GS            599 15    RX9CC            599  17       
QSO:   28000 CW 2022-11-27 1154 S59GS            599 15    3B8M             599  39       
QSO:   28000 CW 2022-11-27 1221 S59GS            599 15    4Z5LY            599  20       
QSO:   28000 CW 2022-11-27 1412 S59GS            599 15    5Z4VJ            599  37       
QSO:   28000 CW 2022-11-27 1415 S59GS            599 15    7Q6M             599  37       
QSO:   28000 CW 2022-11-27 1443 S59GS            599 15    9A5Y             599  15       
QSO:   28000 CW 2022-11-27 1447 S59GS            599 15    EA8BBM           599  33       
QSO:   28000 CW 2022-11-27 1549 S59GS            599 15    LW1F             599  13       
QSO:   14000 CW 2022-11-27 1709 S59GS            599 15    TK0C             599  15       
QSO:    7000 CW 2022-11-27 1748 S59GS            599 15    TK0C             599  15       
END-OF-LOG:
