START-OF-LOG: 3.0
CONTEST: CQ-WW-RTTY
CALLSIGN: LY2F
LOCATION: DX
CATEGORY-OPERATOR: SINGLE-OP
CATEGORY-ASSISTED: ASSISTED
CATEGORY-BAND: ALL
CATEGORY-POWER: LOW
CATEGORY-MODE: RTTY
CATEGORY-TRANSMITTER: ONE
CATEGORY-STATION: FIXED
CATEGORY-OVERLAY:
GRID-LOCATOR: KO24BV
CLAIMED-SCORE: 189405
NAME: Arvydas Rimenas
OPERATORS: LY2F
CREATED-BY: 5MContest ver.8.0.7
QSO:   28106 RY 2022-09-24 1552 LY2F             599 15  DX   EA7Z             599 14  DX   
QSO:   28088 RY 2022-09-24 1553 LY2F             599 15  DX   PY3TD            599 11  DX   
QSO:   28099 RY 2022-09-24 1554 LY2F             599 15  DX   CR3DX            599 33  DX   
QSO:   28109 RY 2022-09-24 1555 LY2F             599 15  DX   PY5ZHP           599 11  DX   
QSO:   28103 RY 2022-09-24 1557 LY2F             599 15  DX   PW2L             599 11  DX   
QSO:   28079 RY 2022-09-24 1604 LY2F             599 15  DX   LT6M             599 13  DX   
QSO:   21113 RY 2022-09-24 1610 LY2F             599 15  DX   EE5K             599 14  DX   
QSO:   21129 RY 2022-09-24 1611 LY2F             599 15  DX   K9CT             599 04  IL   
QSO:   21079 RY 2022-09-24 1611 LY2F             599 15  DX   IQ9RG            599 15  DX   
QSO:   21086 RY 2022-09-24 1612 LY2F             599 15  DX   IQ1DF            599 15  DX   
QSO:   21099 RY 2022-09-24 1612 LY2F             599 15  DX   PY2QT            599 11  DX   
QSO:   21103 RY 2022-09-24 1613 LY2F             599 15  DX   C37N             599 14  DX   
QSO:   21116 RY 2022-09-24 1614 LY2F             599 15  DX   P3X              599 20  DX   
QSO:   21106 RY 2022-09-24 1615 LY2F             599 15  DX   CR5O             599 14  DX   
QSO:   21097 RY 2022-09-24 1616 LY2F             599 15  DX   EA3HKA           599 14  DX   
QSO:   21095 RY 2022-09-24 1617 LY2F             599 15  DX   IZ4BOY           599 15  DX   
QSO:   21094 RY 2022-09-24 1618 LY2F             599 15  DX   K4EA             599 05  DX   
QSO:   21128 RY 2022-09-24 1618 LY2F             599 15  DX   EF7N             599 14  DX   
QSO:   21104 RY 2022-09-24 1619 LY2F             599 15  DX   NA4DA            599 05  FL   
QSO:   21087 RY 2022-09-24 1620 LY2F             599 15  DX   EA3F             599 14  DX   
QSO:   21108 RY 2022-09-24 1621 LY2F             599 15  DX   F1RHS            599 14  DX   
QSO:   21078 RY 2022-09-24 1622 LY2F             599 15  DX   ED7O             599 14  DX   
QSO:   21112 RY 2022-09-24 1623 LY2F             599 15  DX   IR9D             599 15  DX   
QSO:   21106 RY 2022-09-24 1624 LY2F             599 15  DX   AG4TT            599 05  DX   
QSO:   21105 RY 2022-09-24 1625 LY2F             599 15  DX   WA1FCN           599 04  AL   
QSO:   21099 RY 2022-09-24 1626 LY2F             599 15  DX   IT9RBW           599 15  DX   
QSO:   21087 RY 2022-09-24 1627 LY2F             599 15  DX   VU2IBI           599 22  DX   
QSO:   14089 RY 2022-09-24 1630 LY2F             599 15  DX   IK2QEI           599 15  DX   
QSO:   14101 RY 2022-09-24 1631 LY2F             599 15  DX   S52WW            599 15  DX   
QSO:   14105 RY 2022-09-24 1631 LY2F             599 15  DX   GM9A             599 14  DX   
QSO:   14113 RY 2022-09-24 1631 LY2F             599 15  DX   ED3D             599 14  DX   
QSO:   14107 RY 2022-09-24 1632 LY2F             599 15  DX   G7C              599 14  DX   
QSO:   14118 RY 2022-09-24 1632 LY2F             599 15  DX   OH8KA            599 15  DX   
QSO:   14107 RY 2022-09-24 1633 LY2F             599 15  DX   VE2CQ            599 05  QC   
QSO:   14114 RY 2022-09-24 1636 LY2F             599 15  DX   PD2PKM           599 14  DX   
QSO:   14092 RY 2022-09-24 1637 LY2F             599 15  DX   PI4CC            599 14  DX   
QSO:   14101 RY 2022-09-24 1637 LY2F             599 15  DX   F4EQN            599 14  DX   
QSO:   14117 RY 2022-09-24 1638 LY2F             599 15  DX   YO9HP            599 20  DX   
QSO:   14089 RY 2022-09-24 1638 LY2F             599 15  DX   IZ4UFB           599 15  DX   
QSO:   14083 RY 2022-09-24 1639 LY2F             599 15  DX   CS5CRE           599 14  DX   
QSO:   14090 RY 2022-09-24 1639 LY2F             599 15  DX   SP4TKR           599 15  DX   
QSO:   14114 RY 2022-09-24 1640 LY2F             599 15  DX   Z36N             599 15  DX   
QSO:   14096 RY 2022-09-24 1640 LY2F             599 15  DX   G5W              599 14  DX   
QSO:   14100 RY 2022-09-24 1641 LY2F             599 15  DX   EA1B             599 14  DX   
QSO:   14119 RY 2022-09-24 1642 LY2F             599 15  DX   YB1AYO           599 28  DX   
QSO:   14116 RY 2022-09-24 1643 LY2F             599 15  DX   IU4CHE           599 15  DX   
QSO:   14087 RY 2022-09-24 1643 LY2F             599 15  DX   EC2DX            599 14  DX   
QSO:   14085 RY 2022-09-24 1644 LY2F             599 15  DX   4X6FR            599 20  DX   
QSO:   14088 RY 2022-09-24 1646 LY2F             599 15  DX   HZ1TT            599 21  DX   
QSO:   14111 RY 2022-09-24 1646 LY2F             599 15  DX   TF1AM            599 40  DX   
QSO:   14109 RY 2022-09-24 1646 LY2F             599 15  DX   S50W             599 15  DX   
QSO:   14095 RY 2022-09-24 1649 LY2F             599 15  DX   9M2U             599 28  DX   
QSO:   14089 RY 2022-09-24 1650 LY2F             599 15  DX   IW1CHX           599 15  DX   
QSO:   14090 RY 2022-09-24 1651 LY2F             599 15  DX   IK2AQZ           599 15  DX   
QSO:   14082 RY 2022-09-24 1652 LY2F             599 15  DX   MD7C             599 14  DX   
QSO:   14108 RY 2022-09-24 1652 LY2F             599 15  DX   IT9VCE           599 15  DX   
QSO:   14079 RY 2022-09-24 1652 LY2F             599 15  DX   IW2NOO           599 15  DX   
QSO:   14102 RY 2022-09-24 1653 LY2F             599 15  DX   SN7Q             599 15  DX   
QSO:   14105 RY 2022-09-24 1654 LY2F             599 15  DX   IZ4IRO           599 15  DX   
QSO:   14099 RY 2022-09-24 1654 LY2F             599 15  DX   IQ1DF            599 15  DX   
QSO:   14114 RY 2022-09-24 1655 LY2F             599 15  DX   S53M             599 15  DX   
QSO:   14095 RY 2022-09-24 1655 LY2F             599 15  DX   IQ9RG            599 15  DX   
QSO:   14079 RY 2022-09-24 1656 LY2F             599 15  DX   IT9BLB           599 15  DX   
QSO:   14107 RY 2022-09-24 1656 LY2F             599 15  DX   G0BRC            599 14  DX   
QSO:   14091 RY 2022-09-24 1656 LY2F             599 15  DX   IQ4FA            599 15  DX   
QSO:   14103 RY 2022-09-24 1657 LY2F             599 15  DX   IO7T             599 15  DX   
QSO:   14104 RY 2022-09-24 1657 LY2F             599 15  DX   SV3EXU           599 20  DX   
QSO:   14105 RY 2022-09-24 1658 LY2F             599 15  DX   IQ0ID            599 15  DX   
QSO:   14106 RY 2022-09-24 1658 LY2F             599 15  DX   IK2LOL           599 15  DX   
QSO:   14113 RY 2022-09-24 1658 LY2F             599 15  DX   ON4TTT           599 14  DX   
QSO:   14103 RY 2022-09-24 1659 LY2F             599 15  DX   GM5BDX           599 14  DX   
QSO:   14111 RY 2022-09-24 1659 LY2F             599 15  DX   EE4Y             599 14  DX   
QSO:   14097 RY 2022-09-24 1700 LY2F             599 15  DX   EA8DED           599 33  DX   
QSO:   14098 RY 2022-09-24 1701 LY2F             599 15  DX   P3X              599 20  DX   
QSO:   14117 RY 2022-09-24 1701 LY2F             599 15  DX   S57DX            599 15  DX   
QSO:   14084 RY 2022-09-24 1702 LY2F             599 15  DX   HB2U             599 14  DX   
QSO:   14089 RY 2022-09-24 1702 LY2F             599 15  DX   SP8R             599 15  DX   
QSO:   14109 RY 2022-09-24 1703 LY2F             599 15  DX   IU3FBL           599 15  DX   
QSO:   14095 RY 2022-09-24 1703 LY2F             599 15  DX   G5ROB            599 14  DX   
QSO:   14085 RY 2022-09-24 1704 LY2F             599 15  DX   AI3Q             599 05  PA   
QSO:   14096 RY 2022-09-24 1704 LY2F             599 15  DX   IK1PMR           599 15  DX   
QSO:   14102 RY 2022-09-24 1705 LY2F             599 15  DX   IK7MIY           599 15  DX   
QSO:   14116 RY 2022-09-24 1706 LY2F             599 15  DX   PD2GSP           599 14  DX   
QSO:   14110 RY 2022-09-24 1706 LY2F             599 15  DX   G5K              599 14  DX   
QSO:   14084 RY 2022-09-24 1707 LY2F             599 15  DX   IK1UGX           599 15  DX   
QSO:   14097 RY 2022-09-24 1707 LY2F             599 15  DX   IZ1PKV           599 15  DX   
QSO:   14082 RY 2022-09-24 1708 LY2F             599 15  DX   NG1M             599 05  RI   
QSO:   14094 RY 2022-09-24 1709 LY2F             599 15  DX   IK8NBE           599 15  DX   
QSO:   14114 RY 2022-09-24 1709 LY2F             599 15  DX   TA3/HB9FIH       599 20  DX   
QSO:   14080 RY 2022-09-24 1710 LY2F             599 15  DX   G4HVC            599 14  DX   
QSO:   14116 RY 2022-09-24 1710 LY2F             599 15  DX   IW5EIJ           599 15  DX   
QSO:   14083 RY 2022-09-24 1711 LY2F             599 15  DX   A73A             599 21  DX   
QSO:   14087 RY 2022-09-24 1712 LY2F             599 15  DX   K1SFA            599 05  MA   
QSO:   14092 RY 2022-09-24 1712 LY2F             599 15  DX   EC5C             599 14  DX   
QSO:   14081 RY 2022-09-24 1713 LY2F             599 15  DX   IT9RBW           599 15  DX   
QSO:   14096 RY 2022-09-24 1735 LY2F             599 15  DX   M3X              599 14  DX   
QSO:   14103 RY 2022-09-24 1736 LY2F             599 15  DX   DK050BN          599 14  DX   
QSO:   14084 RY 2022-09-24 1736 LY2F             599 15  DX   OK5Z             599 15  DX   
QSO:   14108 RY 2022-09-24 1736 LY2F             599 15  DX   OT2X             599 14  DX   
QSO:   14115 RY 2022-09-24 1737 LY2F             599 15  DX   F1IWH            599 14  DX   
QSO:   14082 RY 2022-09-24 1737 LY2F             599 15  DX   IK8GYS           599 15  DX   
QSO:   14116 RY 2022-09-24 1738 LY2F             599 15  DX   IK2XSL           599 15  DX   
QSO:   14105 RY 2022-09-24 1739 LY2F             599 15  DX   SV2AEL           599 20  DX   
QSO:   14098 RY 2022-09-24 1739 LY2F             599 15  DX   IK1SOW           599 15  DX   
QSO:   14098 RY 2022-09-24 1740 LY2F             599 15  DX   F5GFA            599 14  DX   
QSO:   14114 RY 2022-09-24 1740 LY2F             599 15  DX   MJ0X             599 14  DX   
QSO:   14079 RY 2022-09-24 1740 LY2F             599 15  DX   YO3VU            599 20  DX   
QSO:   14098 RY 2022-09-24 1741 LY2F             599 15  DX   4Z5LY            599 20  DX   
QSO:   14114 RY 2022-09-24 1741 LY2F             599 15  DX   IZ4BOY           599 15  DX   
QSO:   14082 RY 2022-09-24 1742 LY2F             599 15  DX   YO4DG            599 20  DX   
QSO:   14080 RY 2022-09-24 1743 LY2F             599 15  DX   CR3DX            599 33  DX   
QSO:   14094 RY 2022-09-24 1745 LY2F             599 15  DX   TF3AO            599 40  DX   
QSO:   14086 RY 2022-09-24 1746 LY2F             599 15  DX   ON4PJA           599 14  DX   
QSO:   14092 RY 2022-09-24 1747 LY2F             599 15  DX   GI4H             599 14  DX   
QSO:   14083 RY 2022-09-24 1748 LY2F             599 15  DX   EB1TR            599 14  DX   
QSO:   14116 RY 2022-09-24 1748 LY2F             599 15  DX   PA3JB            599 14  DX   
QSO:   14084 RY 2022-09-24 1749 LY2F             599 15  DX   OQ4B             599 14  DX   
QSO:   14106 RY 2022-09-24 1750 LY2F             599 15  DX   JA6ZPR           599 25  DX   
QSO:   14085 RY 2022-09-24 1750 LY2F             599 15  DX   TC3N             599 20  DX   
QSO:   14118 RY 2022-09-24 1751 LY2F             599 15  DX   YT3X             599 15  DX   
QSO:   14096 RY 2022-09-24 1752 LY2F             599 15  DX   LZ3QE            599 20  DX   
QSO:   14090 RY 2022-09-24 1752 LY2F             599 15  DX   DL4VDA           599 14  DX   
QSO:   14115 RY 2022-09-24 1753 LY2F             599 15  DX   K3WW             599 05  PA   
QSO:   14094 RY 2022-09-24 1754 LY2F             599 15  DX   IQ3RK            599 15  DX   
QSO:   14100 RY 2022-09-24 1755 LY2F             599 15  DX   9A1A             599 15  DX   
QSO:   14091 RY 2022-09-24 1756 LY2F             599 15  DX   CR5O             599 14  DX   
QSO:   14117 RY 2022-09-24 1757 LY2F             599 15  DX   K5ZD             599 05  MA   
QSO:   14086 RY 2022-09-24 1757 LY2F             599 15  DX   EA4FME           599 14  DX   
QSO:   14113 RY 2022-09-24 1758 LY2F             599 15  DX   I3VRD            599 15  DX   
QSO:   14086 RY 2022-09-24 1801 LY2F             599 15  DX   G0W              599 14  DX   
QSO:   14092 RY 2022-09-24 1801 LY2F             599 15  DX   EI6LA            599 14  DX   
QSO:   14098 RY 2022-09-24 1803 LY2F             599 15  DX   E70AW            599 15  DX   
QSO:   14106 RY 2022-09-24 1804 LY2F             599 15  DX   M2J              599 14  DX   
QSO:   14108 RY 2022-09-24 1804 LY2F             599 15  DX   DM5TI            599 14  DX   
QSO:   14109 RY 2022-09-24 1805 LY2F             599 15  DX   DM7XX            599 14  DX   
QSO:   14114 RY 2022-09-24 1806 LY2F             599 15  DX   IK2QIN           599 15  DX   
QSO:   14066 RY 2022-09-24 1806 LY2F             599 15  DX   IZ8FPK           599 15  DX   
QSO:   14101 RY 2022-09-24 1807 LY2F             599 15  DX   TF3D             599 40  DX   
QSO:   14079 RY 2022-09-24 1808 LY2F             599 15  DX   I1NVU            599 15  DX   
QSO:   14110 RY 2022-09-24 1808 LY2F             599 15  DX   IZ8DVD           599 15  DX   
QSO:   14112 RY 2022-09-24 1809 LY2F             599 15  DX   KU2M             599 05  NJ   
QSO:   14102 RY 2022-09-24 1811 LY2F             599 15  DX   GW0A             599 14  DX   
QSO:   14101 RY 2022-09-24 1813 LY2F             599 15  DX   IZ2ZQP           599 40  DX   
QSO:   14079 RY 2022-09-24 1813 LY2F             599 15  DX   G1N              599 14  DX   
QSO:   14111 RY 2022-09-24 1814 LY2F             599 15  DX   N1API            599 05  CT   
QSO:   14109 RY 2022-09-24 1816 LY2F             599 15  DX   NC1CC            599 05  RI   
QSO:   14110 RY 2022-09-24 1816 LY2F             599 15  DX   HB0DX            599 14  DX   
QSO:   14107 RY 2022-09-24 1818 LY2F             599 15  DX   IT9SSI           599 15  DX   
QSO:   14106 RY 2022-09-24 1818 LY2F             599 15  DX   KA1YQC           599 05  MA   
QSO:   14085 RY 2022-09-24 1819 LY2F             599 15  DX   SV2SKD           599 20  DX   
QSO:   14082 RY 2022-09-24 1820 LY2F             599 15  DX   W4VIC            599 05  DX   
QSO:   14116 RY 2022-09-24 1821 LY2F             599 15  DX   TM5T             599 14  DX   
QSO:   14117 RY 2022-09-24 1822 LY2F             599 15  DX   SV8JVJ           599 20  DX   
QSO:   14096 RY 2022-09-24 1824 LY2F             599 15  DX   TA3NE            599 20  DX   
QSO:   14078 RY 2022-09-24 1825 LY2F             599 15  DX   K0ZR             599 05  DX   
QSO:   14089 RY 2022-09-24 1826 LY2F             599 15  DX   EA4BAS           599 14  DX   
QSO:   14093 RY 2022-09-24 1827 LY2F             599 15  DX   AC8Y             599 05  VA   
QSO:   14085 RY 2022-09-24 1832 LY2F             599 15  DX   SV1JFL           599 20  DX   
QSO:   14102 RY 2022-09-24 1834 LY2F             599 15  DX   OM3CFR           599 15  DX   
QSO:   14099 RY 2022-09-24 1838 LY2F             599 15  DX   F4AIF            599 14  DX   
QSO:   14078 RY 2022-09-24 1840 LY2F             599 15  DX   OE6MMF           599 15  DX   
QSO:   21133 RY 2022-09-25 1433 LY2F             599 15  DX   WT3K             599 05  MD   
QSO:   21105 RY 2022-09-25 1434 LY2F             599 15  DX   WT2J             599 05  NY   
QSO:   21110 RY 2022-09-25 1434 LY2F             599 15  DX   N3FJP            599 05  MD   
QSO:   21101 RY 2022-09-25 1435 LY2F             599 15  DX   N2KI             599 05  NY   
QSO:   21128 RY 2022-09-25 1435 LY2F             599 15  DX   SN7Q             599 15  DX   
QSO:   21079 RY 2022-09-25 1436 LY2F             599 15  DX   N7US             599 04  IL   
QSO:   21124 RY 2022-09-25 1438 LY2F             599 15  DX   K3WW             599 05  PA   
QSO:   21103 RY 2022-09-25 1438 LY2F             599 15  DX   W1QK             599 05  CT   
QSO:   21101 RY 2022-09-25 1439 LY2F             599 15  DX   KA2KON           599 05  NH   
QSO:   21100 RY 2022-09-25 1440 LY2F             599 15  DX   SP8R             599 15  DX   
QSO:   21113 RY 2022-09-25 1440 LY2F             599 15  DX   K1SFA            599 05  MA   
QSO:   21107 RY 2022-09-25 1441 LY2F             599 15  DX   OL1T             599 15  DX   
QSO:   21133 RY 2022-09-25 1441 LY2F             599 15  DX   K3OQ             599 05  MD   
QSO:   21097 RY 2022-09-25 1442 LY2F             599 15  DX   WA2DNI           599 05  NY   
QSO:   28102 RY 2022-09-25 1442 LY2F             599 15  DX   NJ4P             599 04  TN   
QSO:   14117 RY 2022-09-25 1444 LY2F             599 15  DX   G5LSI            599 14  DX   
QSO:   14102 RY 2022-09-25 1445 LY2F             599 15  DX   S57ZT            599 15  DX   
QSO:   21123 RY 2022-09-25 1446 LY2F             599 15  DX   KI6DY            599 04  OH   
QSO:   14093 RY 2022-09-25 1446 LY2F             599 15  DX   PA0PIW           599 14  DX   
QSO:   21120 RY 2022-09-25 1447 LY2F             599 15  DX   AA3B             599 05  PA   
QSO:   21093 RY 2022-09-25 1448 LY2F             599 15  DX   TF1AM            599 40  DX   
QSO:   21107 RY 2022-09-25 1448 LY2F             599 15  DX   TC3N             599 20  DX   
QSO:   14101 RY 2022-09-25 1449 LY2F             599 15  DX   DQ1P             599 14  DX   
QSO:   21137 RY 2022-09-25 1449 LY2F             599 15  DX   W9MR             599 04  IL   
QSO:   14093 RY 2022-09-25 1450 LY2F             599 15  DX   LA1K             599 14  DX   
QSO:   21132 RY 2022-09-25 1450 LY2F             599 15  DX   LA1K             599 14  DX   
QSO:   14083 RY 2022-09-25 1453 LY2F             599 15  DX   R3TE             599 16  DX   
QSO:   21106 RY 2022-09-25 1453 LY2F             599 15  DX   SZ1A             599 20  DX   
QSO:   21087 RY 2022-09-25 1453 LY2F             599 15  DX   9A5X             599 15  DX   
QSO:   21128 RY 2022-09-25 1454 LY2F             599 15  DX   OM2VL            599 15  DX   
QSO:   21094 RY 2022-09-25 1455 LY2F             599 15  DX   OK1DOY           599 15  DX   
QSO:   14105 RY 2022-09-25 1456 LY2F             599 15  DX   YT7E             599 15  DX   
QSO:   21118 RY 2022-09-25 1457 LY2F             599 15  DX   9A7T             599 15  DX   
QSO:   14116 RY 2022-09-25 1457 LY2F             599 15  DX   VE7CC            599 03  B    
QSO:   14089 RY 2022-09-25 1458 LY2F             599 15  DX   A65DR            599 21  DX   
QSO:   14114 RY 2022-09-25 1458 LY2F             599 15  DX   A92GE            599 21  DX   
QSO:   21134 RY 2022-09-25 1459 LY2F             599 15  DX   AA2GF            599 05  NY   
QSO:   21138 RY 2022-09-25 1500 LY2F             599 15  DX   N3QE             599 05  MD   
QSO:   14083 RY 2022-09-25 1501 LY2F             599 15  DX   HG5D             599 15  DX   
QSO:   21102 RY 2022-09-25 1502 LY2F             599 15  DX   CR3DX            599 33  DX   
QSO:   14090 RY 2022-09-25 1502 LY2F             599 15  DX   LB6VI            599 14  DX   
QSO:   21113 RY 2022-09-25 1503 LY2F             599 15  DX   4Z5FI            599 20  DX   
QSO:   14096 RY 2022-09-25 1503 LY2F             599 15  DX   LZ7X             599 20  DX   
QSO:   21122 RY 2022-09-25 1504 LY2F             599 15  DX   W9PA             599 04  IN   
QSO:   14118 RY 2022-09-25 1505 LY2F             599 15  DX   OP5T             599 14  DX   
QSO:   14093 RY 2022-09-25 1505 LY2F             599 15  DX   M4T              599 14  DX   
QSO:   21092 RY 2022-09-25 1506 LY2F             599 15  DX   IQ0ID            599 15  DX   
QSO:   14112 RY 2022-09-25 1506 LY2F             599 15  DX   I2BRT            599 15  DX   
QSO:   21121 RY 2022-09-25 1507 LY2F             599 15  DX   K3AJ             599 05  MD   
QSO:   14079 RY 2022-09-25 1508 LY2F             599 15  DX   KT7E             599 03  DX   
QSO:   21107 RY 2022-09-25 1508 LY2F             599 15  DX   H6CT             599 15  DX   
QSO:   14117 RY 2022-09-25 1511 LY2F             599 15  DX   OZ0JD            599 14  DX   
QSO:   21080 RY 2022-09-25 1512 LY2F             599 15  DX   CR3W             599 33  DX   
QSO:   14112 RY 2022-09-25 1513 LY2F             599 15  DX   OG66X            599 15  DX   
QSO:   21078 RY 2022-09-25 1513 LY2F             599 15  DX   OK5Z             599 15  DX   
QSO:   14111 RY 2022-09-25 1513 LY2F             599 15  DX   IZ6BXQ           599 15  DX   
QSO:   21085 RY 2022-09-25 1514 LY2F             599 15  DX   OH3FM            599 15  DX   
QSO:   14113 RY 2022-09-25 1514 LY2F             599 15  DX   IV3UHL           599 15  DX   
QSO:   21091 RY 2022-09-25 1515 LY2F             599 15  DX   TI2OY            599 07  DX   
QSO:   14119 RY 2022-09-25 1515 LY2F             599 15  DX   IQ3PN            599 15  DX   
QSO:   14096 RY 2022-09-25 1517 LY2F             599 15  DX   DL9NCR           599 14  DX   
QSO:   21130 RY 2022-09-25 1517 LY2F             599 15  DX   IQ4FC            599 15  DX   
QSO:   14115 RY 2022-09-25 1518 LY2F             599 15  DX   G0HDV            599 14  DX   
QSO:   21115 RY 2022-09-25 1519 LY2F             599 15  DX   I5MXX            599 15  DX   
QSO:   14102 RY 2022-09-25 1519 LY2F             599 15  DX   DF6QV            599 14  DX   
QSO:   21118 RY 2022-09-25 1520 LY2F             599 15  DX   W4TTY            599 05  VA   
QSO:   14108 RY 2022-09-25 1520 LY2F             599 15  DX   W3GH             599 03  DX   
QSO:   21100 RY 2022-09-25 1521 LY2F             599 15  DX   9A1A             599 15  DX   
QSO:   14112 RY 2022-09-25 1521 LY2F             599 15  DX   CR3W             599 33  DX   
QSO:   21105 RY 2022-09-25 1522 LY2F             599 15  DX   VE3BR            599 04  ON   
QSO:   21133 RY 2022-09-25 1523 LY2F             599 15  DX   KI1G             599 05  RI   
QSO:   14110 RY 2022-09-25 1524 LY2F             599 15  DX   YO4RDW           599 20  DX   
QSO:   14113 RY 2022-09-25 1525 LY2F             599 15  DX   YU1NR            599 15  DX   
QSO:   14099 RY 2022-09-25 1526 LY2F             599 15  DX   YB6RMT           599 28  DX   
QSO:   21116 RY 2022-09-25 1527 LY2F             599 15  DX   IK2YCW           599 15  DX   
QSO:   21133 RY 2022-09-25 1528 LY2F             599 15  DX   SM2M             599 14  DX   
QSO:   14105 RY 2022-09-25 1529 LY2F             599 15  DX   LZ5R             599 20  DX   
QSO:   14090 RY 2022-09-25 1529 LY2F             599 15  DX   YB7YGR           599 28  DX   
QSO:   21133 RY 2022-09-25 1530 LY2F             599 15  DX   CR6T             599 14  DX   
QSO:   14098 RY 2022-09-25 1530 LY2F             599 15  DX   S51JQ            599 15  DX   
QSO:   21098 RY 2022-09-25 1531 LY2F             599 15  DX   YC2BST           599 28  DX   
QSO:   14099 RY 2022-09-25 1531 LY2F             599 15  DX   LZ1ZJ            599 20  DX   
QSO:   14114 RY 2022-09-25 1532 LY2F             599 15  DX   PA3ARM           599 14  DX   
QSO:   14131 RY 2022-09-25 1534 LY2F             599 15  DX   OG50I            599 15  DX   
QSO:   21112 RY 2022-09-25 1536 LY2F             599 15  DX   LZ8E             599 20  DX   
QSO:   14130 RY 2022-09-25 1537 LY2F             599 15  DX   IK2SND           599 15  DX   
QSO:   14129 RY 2022-09-25 1537 LY2F             599 15  DX   G1P              599 14  DX   
QSO:   21177 RY 2022-09-25 1539 LY2F             599 15  DX   VE3DZ            599 04  ON   
QSO:   14095 RY 2022-09-25 1539 LY2F             599 15  DX   ON8LX            599 14  DX   
QSO:   21102 RY 2022-09-25 1540 LY2F             599 15  DX   DL6KVA           599 14  DX   
QSO:   21098 RY 2022-09-25 1541 LY2F             599 15  DX   VE2CQ            599 05  QC   
QSO:   14083 RY 2022-09-25 1541 LY2F             599 15  DX   VJ5W             599 30  DX   
QSO:   14097 RY 2022-09-25 1541 LY2F             599 15  DX   HS3NBR           599 26  DX   
QSO:   14116 RY 2022-09-25 1542 LY2F             599 15  DX   IW3RQT           599 15  DX   
QSO:   14086 RY 2022-09-25 1542 LY2F             599 15  DX   YB7MP            599 28  DX   
QSO:   14114 RY 2022-09-25 1545 LY2F             599 15  DX   V85RH            599 28  DX   
QSO:   14123 RY 2022-09-25 1546 LY2F             599 15  DX   JA6GCE           599 25  DX   
QSO:   14107 RY 2022-09-25 1547 LY2F             599 15  DX   IU3GJD           599 15  DX   
QSO:   14137 RY 2022-09-25 1547 LY2F             599 15  DX   ZL3IO            599 32  DX   
QSO:   14096 RY 2022-09-25 1549 LY2F             599 15  DX   JT5DX            599 23  DX   
QSO:   14133 RY 2022-09-25 1550 LY2F             599 15  DX   AA3B             599 05  PA   
QSO:   14091 RY 2022-09-25 1550 LY2F             599 15  DX   YB1RKT           599 28  DX   
QSO:   14077 RY 2022-09-25 1551 LY2F             599 15  DX   MM9I             599 14  DX   
QSO:   14101 RY 2022-09-25 1551 LY2F             599 15  DX   TA4/OH2KW        599 20  DX   
QSO:   14131 RY 2022-09-25 1552 LY2F             599 15  DX   IK6VXO           599 15  DX   
QSO:   21145 RY 2022-09-25 1552 LY2F             599 15  DX   AE1P             599 05  DX   
QSO:   14125 RY 2022-09-25 1553 LY2F             599 15  DX   SO0A             599 15  DX   
QSO:   14132 RY 2022-09-25 1554 LY2F             599 15  DX   IT9XTP           599 15  DX   
QSO:   21131 RY 2022-09-25 1554 LY2F             599 15  DX   OH8WW            599 15  DX   
QSO:   14110 RY 2022-09-25 1554 LY2F             599 15  DX   AH2R             599 27  DX   
QSO:   21116 RY 2022-09-25 1555 LY2F             599 15  DX   TM1D             599 14  DX   
QSO:   14115 RY 2022-09-25 1556 LY2F             599 15  DX   IK2HKT           599 15  DX   
QSO:   21157 RY 2022-09-25 1558 LY2F             599 15  DX   NM2K             599 05  NY   
QSO:   14109 RY 2022-09-25 1558 LY2F             599 15  DX   E77EA            599 15  DX   
QSO:   14098 RY 2022-09-25 1558 LY2F             599 15  DX   LZ5GM            599 20  DX   
QSO:   21150 RY 2022-09-25 1559 LY2F             599 15  DX   K4ZW             599 04  ON   
QSO:   21124 RY 2022-09-25 1559 LY2F             599 15  DX   VE3PJ            599 04  DX   
QSO:   21146 RY 2022-09-25 1600 LY2F             599 15  DX   E2WRTC           599 26  DX   
QSO:   21127 RY 2022-09-25 1601 LY2F             599 15  DX   K9YY             599 04  IL   
QSO:   21159 RY 2022-09-25 1601 LY2F             599 15  DX   W1UE             599 05  MA   
QSO:   14097 RY 2022-09-25 1602 LY2F             599 15  DX   DL4FN            599 14  DX   
QSO:   21108 RY 2022-09-25 1602 LY2F             599 15  DX   ED3D             599 14  DX   
QSO:   14102 RY 2022-09-25 1603 LY2F             599 15  DX   YB0ECT           599 28  DX   
QSO:   21107 RY 2022-09-25 1603 LY2F             599 15  DX   TM5T             599 14  DX   
QSO:   14089 RY 2022-09-25 1604 LY2F             599 15  DX   IW5AOT           599 15  DX   
QSO:   14141 RY 2022-09-25 1604 LY2F             599 15  DX   T70A             599 15  DX   
QSO:   14085 RY 2022-09-25 1605 LY2F             599 15  DX   LZ8E             599 20  DX   
QSO:   21093 RY 2022-09-25 1605 LY2F             599 15  DX   NJ4P             599 04  TN   
QSO:   21160 RY 2022-09-25 1606 LY2F             599 15  DX   EA3CI            599 14  DX   
QSO:   14139 RY 2022-09-25 1606 LY2F             599 15  DX   SP8K             599 15  DX   
QSO:   14135 RY 2022-09-25 1607 LY2F             599 15  DX   IZ2FOS           599 15  DX   
QSO:   21142 RY 2022-09-25 1608 LY2F             599 15  DX   K1LZ             599 05  ME   
QSO:   14111 RY 2022-09-25 1609 LY2F             599 15  DX   SV3SKM           599 20  DX   
QSO:   14141 RY 2022-09-25 1609 LY2F             599 15  DX   IK1RGK           599 15  DX   
QSO:   21102 RY 2022-09-25 1610 LY2F             599 15  DX   S52WW            599 15  DX   
QSO:   14093 RY 2022-09-25 1611 LY2F             599 15  DX   IZ0MQN           599 15  DX   
QSO:   14123 RY 2022-09-25 1611 LY2F             599 15  DX   LY5W             599 15  DX   
QSO:   21113 RY 2022-09-25 1612 LY2F             599 15  DX   K5ZD             599 05  MA   
QSO:   14117 RY 2022-09-25 1613 LY2F             599 15  DX   OK2EA            599 15  DX   
QSO:   21145 RY 2022-09-25 1614 LY2F             599 15  DX   W1ARY            599 05  CT   
QSO:   14085 RY 2022-09-25 1615 LY2F             599 15  DX   YU1KT            599 15  DX   
QSO:   14099 RY 2022-09-25 1615 LY2F             599 15  DX   M5W              599 14  DX   
QSO:   21098 RY 2022-09-25 1615 LY2F             599 15  DX   EA4BAS           599 14  DX   
QSO:   14130 RY 2022-09-25 1616 LY2F             599 15  DX   YU1RH            599 15  DX   
QSO:   14098 RY 2022-09-25 1616 LY2F             599 15  DX   YB1LUE           599 28  DX   
QSO:   21077 RY 2022-09-25 1618 LY2F             599 15  DX   EA5O             599 14  DX   
QSO:   14088 RY 2022-09-25 1618 LY2F             599 15  DX   C37N             599 14  DX   
QSO:   21156 RY 2022-09-25 1619 LY2F             599 15  DX   KA1YQC           599 05  MA   
QSO:   21097 RY 2022-09-25 1620 LY2F             599 15  DX   EF1C             599 14  DX   
QSO:   21094 RY 2022-09-25 1621 LY2F             599 15  DX   AD4ES            599 05  FL   
QSO:   14091 RY 2022-09-25 1622 LY2F             599 15  DX   YC5YDD           599 28  DX   
QSO:   14112 RY 2022-09-25 1624 LY2F             599 15  DX   9A2ZI            599 15  DX   
QSO:   21134 RY 2022-09-25 1624 LY2F             599 15  DX   TA7I             599 20  DX   
QSO:   14122 RY 2022-09-25 1625 LY2F             599 15  DX   EA1CQ            599 14  DX   
QSO:   21115 RY 2022-09-25 1625 LY2F             599 15  DX   IT9SSI           599 15  DX   
QSO:   21095 RY 2022-09-25 1626 LY2F             599 15  DX   E20XMG           599 26  DX   
QSO:   21110 RY 2022-09-25 1627 LY2F             599 15  DX   EA2DLX           599 14  DX   
QSO:   14100 RY 2022-09-25 1628 LY2F             599 15  DX   IK5AMB           599 15  DX   
QSO:   14082 RY 2022-09-25 1628 LY2F             599 15  DX   EA3F             599 14  DX   
QSO:   14096 RY 2022-09-25 1630 LY2F             599 15  DX   9M2TDX           599 28  DX   
QSO:   14097 RY 2022-09-25 1631 LY2F             599 15  DX   9M4BCN           599 28  DX   
QSO:   14091 RY 2022-09-25 1632 LY2F             599 15  DX   YC6HSK           599 28  DX   
QSO:   14116 RY 2022-09-25 1633 LY2F             599 15  DX   PA2W             599 14  DX   
QSO:   14108 RY 2022-09-25 1633 LY2F             599 15  DX   DK1FW            599 14  DX   
QSO:   14106 RY 2022-09-25 1634 LY2F             599 15  DX   HB9DVZ           599 14  DX   
QSO:   14138 RY 2022-09-25 1635 LY2F             599 15  DX   M5X              599 14  DX   
QSO:   21157 RY 2022-09-25 1636 LY2F             599 15  DX   NV9L             599 04  IL   
QSO:   21112 RY 2022-09-25 1637 LY2F             599 15  DX   M4T              599 14  DX   
QSO:   21118 RY 2022-09-25 1638 LY2F             599 15  DX   WC3N             599 05  MD   
QSO:   21098 RY 2022-09-25 1639 LY2F             599 15  DX   G7C              599 14  DX   
QSO:   14127 RY 2022-09-25 1640 LY2F             599 15  DX   I0WBX            599 15  DX   
QSO:   21136 RY 2022-09-25 1642 LY2F             599 15  DX   EA2CKG           599 14  DX   
QSO:   14136 RY 2022-09-25 1642 LY2F             599 15  DX   KI1G             599 05  RI   
QSO:   14111 RY 2022-09-25 1643 LY2F             599 15  DX   I2DJX            599 15  DX   
QSO:   21114 RY 2022-09-25 1643 LY2F             599 15  DX   DJ5AN            599 14  DX   
QSO:   14128 RY 2022-09-25 1644 LY2F             599 15  DX   EF7N             599 14  DX   
QSO:   21105 RY 2022-09-25 1644 LY2F             599 15  DX   IT9FRX           599 15  DX   
QSO:   14140 RY 2022-09-25 1647 LY2F             599 15  DX   G0MTN            599 14  DX   
QSO:   14113 RY 2022-09-25 1648 LY2F             599 15  DX   IU2IHM           599 15  DX   
QSO:   21145 RY 2022-09-25 1651 LY2F             599 15  DX   DL9MKN           599 14  DX   
QSO:   14093 RY 2022-09-25 1651 LY2F             599 15  DX   ON4CT            599 14  DX   
QSO:   14126 RY 2022-09-25 1652 LY2F             599 15  DX   K1LZ             599 05  ME   
QSO:   21082 RY 2022-09-25 1653 LY2F             599 15  DX   DP9A             599 14  DX   
QSO:   21133 RY 2022-09-25 1654 LY2F             599 15  DX   9H1CG            599 15  DX   
QSO:   21090 RY 2022-09-25 1655 LY2F             599 15  DX   DL9UP            599 14  DX   
QSO:   14091 RY 2022-09-25 1655 LY2F             599 15  DX   KH6ZM            599 31  DX   
QSO:   14086 RY 2022-09-25 1657 LY2F             599 15  DX   YT3D             599 15  DX   
QSO:   21085 RY 2022-09-25 1658 LY2F             599 15  DX   G5W              599 14  DX   
QSO:   14131 RY 2022-09-25 1659 LY2F             599 15  DX   DK8ZZ            599 14  DX   
QSO:   21118 RY 2022-09-25 1700 LY2F             599 15  DX   M7W              599 14  DX   
QSO:   14120 RY 2022-09-25 1704 LY2F             599 15  DX   DP9A             599 14  DX   
QSO:   21141 RY 2022-09-25 1706 LY2F             599 15  DX   NY6DX            599 05  NY   
QSO:   21103 RY 2022-09-25 1706 LY2F             599 15  DX   K3WJV            599 05  PA   
QSO:   14107 RY 2022-09-25 1710 LY2F             599 15  DX   N8OO             599 05  DX   
QSO:   21078 RY 2022-09-25 1711 LY2F             599 15  DX   NG1M             599 05  RI   
QSO:   14099 RY 2022-09-25 1711 LY2F             599 15  DX   IQ7EY            599 15  DX   
QSO:   14090 RY 2022-09-25 1712 LY2F             599 15  DX   EC6DX            599 14  DX   
QSO:   14143 RY 2022-09-25 1714 LY2F             599 15  DX   GM0KWW           599 14  DX   
QSO:   14137 RY 2022-09-25 1714 LY2F             599 15  DX   TA7I             599 20  DX   
QSO:   14144 RY 2022-09-25 1715 LY2F             599 15  DX   EA3CI            599 14  DX   
QSO:   14113 RY 2022-09-25 1715 LY2F             599 15  DX   JH4UYB           599 25  DX   
QSO:   14093 RY 2022-09-25 1716 LY2F             599 15  DX   MM1E             599 14  DX   
QSO:   14131 RY 2022-09-25 1718 LY2F             599 15  DX   W4TTY            599 05  VA   
QSO:   14100 RY 2022-09-25 1721 LY2F             599 15  DX   AG4TT            599 05  NC   
QSO:   21099 RY 2022-09-25 1721 LY2F             599 15  DX   9A5D             599 15  DX   
QSO:   21089 RY 2022-09-25 1722 LY2F             599 15  DX   I2BRT            599 15  DX   
QSO:   14105 RY 2022-09-25 1722 LY2F             599 15  DX   LY1R             599 15  DX   
QSO:   21083 RY 2022-09-25 1723 LY2F             599 15  DX   N6WM             599 03  CA   
QSO:   14078 RY 2022-09-25 1724 LY2F             599 15  DX   VU2DED           599 22  DX   
QSO:   21146 RY 2022-09-25 1725 LY2F             599 15  DX   WI9WI            599 04  WI   
QSO:   21144 RY 2022-09-25 1727 LY2F             599 15  DX   WA7AN            599 03  AZ   
QSO:   14115 RY 2022-09-25 1727 LY2F             599 15  DX   JR4OZR           599 25  DX   
QSO:   14110 RY 2022-09-25 1728 LY2F             599 15  DX   AA2GF            599 05  NY   
QSO:   21093 RY 2022-09-25 1728 LY2F             599 15  DX   IQ2CJ            599 15  DX   
QSO:   21119 RY 2022-09-25 1730 LY2F             599 15  DX   K7AR             599 03  WA   
QSO:   14116 RY 2022-09-25 1731 LY2F             599 15  DX   DL6JZ            599 14  DX   
QSO:   14139 RY 2022-09-25 1732 LY2F             599 15  DX   N3QE             599 05  MD   
QSO:   14098 RY 2022-09-25 1732 LY2F             599 15  DX   KD3TB            599 05  PA   
QSO:   21132 RY 2022-09-25 1734 LY2F             599 15  DX   N0AV             599 04  IA   
QSO:   14083 RY 2022-09-25 1736 LY2F             599 15  DX   CO2AME           599 08  DX   
QSO:   21111 RY 2022-09-25 1737 LY2F             599 15  DX   G9D              599 14  DX   
QSO:   21131 RY 2022-09-25 1737 LY2F             599 15  DX   VE2BVV           599 05  QC   
QSO:   21144 RY 2022-09-25 1738 LY2F             599 15  DX   M6W              599 14  DX   
QSO:   21102 RY 2022-09-25 1739 LY2F             599 15  DX   K0AP             599 04  KS   
QSO:   14109 RY 2022-09-25 1740 LY2F             599 15  DX   PD9X             599 14  DX   
QSO:   14124 RY 2022-09-25 1741 LY2F             599 15  DX   LN8W             599 14  DX   
QSO:   21106 RY 2022-09-25 1742 LY2F             599 15  DX   K0AD             599 04  MN   
QSO:   14116 RY 2022-09-25 1742 LY2F             599 15  DX   9A7T             599 15  DX   
QSO:   14114 RY 2022-09-25 1743 LY2F             599 15  DX   MM2T             599 14  DX   
QSO:   21110 RY 2022-09-25 1744 LY2F             599 15  DX   VE3TW            599 04  DX   
QSO:   21119 RY 2022-09-25 1747 LY2F             599 15  DX   K2NV             599 05  DX   
QSO:   14131 RY 2022-09-25 1749 LY2F             599 15  DX   SZ1A             599 20  DX   
QSO:   14085 RY 2022-09-25 1749 LY2F             599 15  DX   7S9A             599 14  DX   
QSO:   14106 RY 2022-09-25 1750 LY2F             599 15  DX   5Q2J             599 14  DX   
QSO:   14110 RY 2022-09-25 1751 LY2F             599 15  DX   IQ4FC            599 15  DX   
QSO:   14137 RY 2022-09-25 1753 LY2F             599 15  DX   SM5ILE           599 14  DX   
QSO:   14133 RY 2022-09-25 1754 LY2F             599 15  DX   E2WRTC           599 26  DX   
QSO:   14111 RY 2022-09-25 1754 LY2F             599 15  DX   IZ1ZHG           599 15  DX   
QSO:   14099 RY 2022-09-25 1755 LY2F             599 15  DX   K4ZW             599 05  VA   
QSO:   14087 RY 2022-09-25 1757 LY2F             599 15  DX   MI0ULK           599 14  DX   
QSO:   14121 RY 2022-09-25 1800 LY2F             599 15  DX   M0AFZ            599 14  DX   
QSO:   14097 RY 2022-09-25 1802 LY2F             599 15  DX   OM8GRS           599 15  DX   
QSO:   14096 RY 2022-09-25 1803 LY2F             599 15  DX   HA1AD            599 15  DX   
QSO:   14118 RY 2022-09-25 1804 LY2F             599 15  DX   DL1QW            599 14  DX   
QSO:   14094 RY 2022-09-25 1805 LY2F             599 15  DX   EA2DLX           599 14  DX   
QSO:   14120 RY 2022-09-25 1806 LY2F             599 15  DX   OL1T             599 15  DX   
QSO:   14139 RY 2022-09-25 1806 LY2F             599 15  DX   IK7NXU           599 15  DX   
QSO:   14137 RY 2022-09-25 1807 LY2F             599 15  DX   GI4SJQ           599 14  DX   
QSO:   14103 RY 2022-09-25 1808 LY2F             599 15  DX   IK0TUM           599 15  DX   
QSO:   14143 RY 2022-09-25 1808 LY2F             599 15  DX   WT3K             599 05  MD   
QSO:   21087 RY 2022-09-25 1809 LY2F             599 15  DX   P49X             599 09  DX   
QSO:   14123 RY 2022-09-25 1810 LY2F             599 15  DX   K9CT             599 04  IL   
QSO:   14089 RY 2022-09-25 1811 LY2F             599 15  DX   I4JED            599 15  DX   
QSO:   14090 RY 2022-09-25 1811 LY2F             599 15  DX   TM6V             599 14  DX   
QSO:   14079 RY 2022-09-25 1813 LY2F             599 15  DX   WA2DNI           599 05  NY   
QSO:   14128 RY 2022-09-25 1813 LY2F             599 15  DX   AE1P             599 05  NH   
QSO:   14107 RY 2022-09-25 1814 LY2F             599 15  DX   DK3WW            599 14  DX   
QSO:   14135 RY 2022-09-25 1815 LY2F             599 15  DX   IZ5NRF           599 15  DX   
QSO:   14101 RY 2022-09-25 1816 LY2F             599 15  DX   YO7CW            599 20  DX   
QSO:   14135 RY 2022-09-25 1819 LY2F             599 15  DX   KH6TU            599 31  DX   
QSO:   14127 RY 2022-09-25 1823 LY2F             599 15  DX   K4RUM            599 05  NY   
QSO:   14078 RY 2022-09-25 1824 LY2F             599 15  DX   2E0CVN           599 14  DX   
QSO:   14114 RY 2022-09-25 1824 LY2F             599 15  DX   SV5DKL           599 20  DX   
QSO:   14082 RY 2022-09-25 1827 LY2F             599 15  DX   PI4COM           599 14  DX   
QSO:   14083 RY 2022-09-25 1828 LY2F             599 15  DX   DJ5AN            599 14  DX   
QSO:   14112 RY 2022-09-25 1829 LY2F             599 15  DX   DP7D             599 14  DX   
QSO:   21137 RY 2022-09-25 1830 LY2F             599 15  DX   J35X             599 08  DX   
QSO:   21119 RY 2022-09-25 1832 LY2F             599 15  DX   SN5X             599 15  DX   
QSO:   14140 RY 2022-09-25 1833 LY2F             599 15  DX   NY6DX            599 05  NY   
QSO:   14123 RY 2022-09-25 1835 LY2F             599 15  DX   LA3BO            599 14  DX   
QSO:   14087 RY 2022-09-25 1837 LY2F             599 15  DX   KB1QU            599 05  ME   
QSO:   14131 RY 2022-09-25 1838 LY2F             599 15  DX   N1RM             599 05  VA   
QSO:   21088 RY 2022-09-25 1839 LY2F             599 15  DX   S50W             599 15  DX   
QSO:   14147 RY 2022-09-25 1840 LY2F             599 15  DX   VE2GSO           599 04  DX   
QSO:   14085 RY 2022-09-25 1840 LY2F             599 15  DX   DP6A             599 14  DX   
QSO:   14142 RY 2022-09-25 1842 LY2F             599 15  DX   ON7ZJ            599 14  DX   
QSO:   14102 RY 2022-09-25 1842 LY2F             599 15  DX   PD1RP            599 14  DX   
QSO:   21102 RY 2022-09-25 1844 LY2F             599 15  DX   K1AR             599 05  NH   
QSO:   21102 RY 2022-09-25 1844 LY2F             599 15  DX   N6AR             599 05  FL   
QSO:   14114 RY 2022-09-25 1846 LY2F             599 15  DX   IK8UND           599 15  DX   
END-OF-LOG:
