START-OF-LOG: 3.0
CONTEST: CQ-WW-RTTY
CALLSIGN: SP9CTS
LOCATION: DX
CATEGORY-OPERATOR: SINGLE-OP
CATEGORY-ASSISTED: NON-ASSISTED
CATEGORY-BAND: 80M
CATEGORY-POWER: LOW
CATEGORY-MODE: RTTY
CATEGORY-TRANSMITTER: ONE
CATEGORY-OVERLAY:
GRID-LOCATOR: JO90kg
CLAIMED-SCORE:
NAME: GRZYWOCZ EDWARD
OPERATORS: SP9CTS
CREATED-BY: DQR_Log v. 3.2.5 - (c) SP7DQR
SOAPBOX: ic746  40w
SOAPBOX: Dipole W3DZZ
QSO:    3584 RY 2022-09-25 2110 SP9CTS           599 15  DX   DF8QB            599 14  DX    0
QSO:    3583 RY 2022-09-25 2115 SP9CTS           599 15  DX   UW8SM            599 16  DX    0
QSO:    3582 RY 2022-09-25 2119 SP9CTS           599 15  DX   SP3HRN           599 15  DX    0
QSO:    3584 RY 2022-09-25 2120 SP9CTS           599 15  DX   S51W             599 15  DX    0
QSO:    3583 RY 2022-09-25 2122 SP9CTS           599 15  DX   OU2PA            599 14  DX    0
QSO:    3583 RY 2022-09-25 2125 SP9CTS           599 15  DX   SP3EMA           599 15  DX    0
QSO:    3583 RY 2022-09-25 2125 SP9CTS           599 15  DX   S53NW            599 15  DX    0
QSO:    3583 RY 2022-09-25 2127 SP9CTS           599 15  DX   S53X             599 15  DX    0
QSO:    3583 RY 2022-09-25 2131 SP9CTS           599 15  DX   OZ/DJ1XT         599 14  DX    0
QSO:    3583 RY 2022-09-25 2131 SP9CTS           599 15  DX   DF5BX            599 14  DX    0
QSO:    3583 RY 2022-09-25 2133 SP9CTS           599 15  DX   9A1A             599 15  DX    0
QSO:    3583 RY 2022-09-25 2134 SP9CTS           599 15  DX   DK8NT            599 14  DX    0
QSO:    3583 RY 2022-09-25 2134 SP9CTS           599 15  DX   DP9A             599 14  DX    0
QSO:    3583 RY 2022-09-25 2135 SP9CTS           599 15  DX   I4AVG            599 15  DX    0
QSO:    3583 RY 2022-09-25 2136 SP9CTS           599 15  DX   9A3SM            599 15  DX    0
QSO:    3583 RY 2022-09-25 2138 SP9CTS           599 15  DX   IQ4FA            599 15  DX    0
QSO:    3583 RY 2022-09-25 2139 SP9CTS           599 15  DX   S57ZT            599 15  DX    0
QSO:    3583 RY 2022-09-25 2142 SP9CTS           599 15  DX   OL7K             599 15  DX    0
QSO:    3583 RY 2022-09-25 2143 SP9CTS           599 15  DX   DF1MM            599 14  DX    0
QSO:    3583 RY 2022-09-25 2146 SP9CTS           599 15  DX   SP9DLY           599 15  DX    0
QSO:    3583 RY 2022-09-25 2147 SP9CTS           599 15  DX   DK1FW            599 14  DX    0
QSO:    3583 RY 2022-09-25 2147 SP9CTS           599 15  DX   OL6D             599 15  DX    0
QSO:    3583 RY 2022-09-25 2148 SP9CTS           599 15  DX   DL5ARM           599 14  DX    0
QSO:    3583 RY 2022-09-25 2149 SP9CTS           599 15  DX   DL2AMT           599 14  DX    0
QSO:    3583 RY 2022-09-25 2150 SP9CTS           599 15  DX   GM2E             599 14  DX    0
QSO:    3583 RY 2022-09-25 2152 SP9CTS           599 15  DX   SM5DXR           599 14  DX    0
QSO:    3583 RY 2022-09-25 2153 SP9CTS           599 15  DX   F5BEG            599 14  DX    0
QSO:    3583 RY 2022-09-25 2153 SP9CTS           599 15  DX   RT2H             599 16  DX    0
QSO:    3583 RY 2022-09-25 2155 SP9CTS           599 15  DX   LY5W             599 15  DX    0
QSO:    3583 RY 2022-09-25 2155 SP9CTS           599 15  DX   PE1FTV           599 14  DX    0
QSO:    3583 RY 2022-09-25 2156 SP9CTS           599 15  DX   LA9TY            599 14  DX    0
QSO:    3583 RY 2022-09-25 2157 SP9CTS           599 15  DX   SQ9FMU           599 15  DX    0
QSO:    3583 RY 2022-09-25 2157 SP9CTS           599 15  DX   S51ZJ            599 15  DX    0
QSO:    3583 RY 2022-09-25 2159 SP9CTS           599 15  DX   OZ1FHU           599 14  DX    0
QSO:    3583 RY 2022-09-25 2200 SP9CTS           599 15  DX   OK1UKY           599 15  DX    0
QSO:    3583 RY 2022-09-25 2201 SP9CTS           599 15  DX   SB7A             599 14  DX    0
QSO:    3583 RY 2022-09-25 2202 SP9CTS           599 15  DX   DA0BCC           599 14  DX    0
QSO:    3583 RY 2022-09-25 2202 SP9CTS           599 15  DX   P3X              599 20  DX    0
QSO:    3583 RY 2022-09-25 2203 SP9CTS           599 15  DX   OM5XX            599 15  DX    0
QSO:    3583 RY 2022-09-25 2204 SP9CTS           599 15  DX   OH1SIC           599 15  DX    0
QSO:    3583 RY 2022-09-25 2205 SP9CTS           599 15  DX   DH6BH            599 14  DX    0
QSO:    3583 RY 2022-09-25 2206 SP9CTS           599 15  DX   UR5MW            599 16  DX    0
QSO:    3583 RY 2022-09-25 2210 SP9CTS           599 15  DX   IK4RVG           599 15  DX    0
QSO:    3583 RY 2022-09-25 2210 SP9CTS           599 15  DX   SP2R             599 15  DX    0
QSO:    3583 RY 2022-09-25 2211 SP9CTS           599 15  DX   DK9WI            599 14  DX    0
QSO:    3583 RY 2022-09-25 2212 SP9CTS           599 15  DX   OK5Z             599 15  DX    0
QSO:    3583 RY 2022-09-25 2213 SP9CTS           599 15  DX   ON4TTT           599 14  DX    0
QSO:    3583 RY 2022-09-25 2214 SP9CTS           599 15  DX   DL1AOB           599 14  DX    0
QSO:    3583 RY 2022-09-25 2216 SP9CTS           599 15  DX   OK7SE            599 15  DX    0
QSO:    3583 RY 2022-09-25 2218 SP9CTS           599 15  DX   S50W             599 15  DX    0
QSO:    3583 RY 2022-09-25 2218 SP9CTS           599 15  DX   DL6JZ            599 14  DX    0
QSO:    3583 RY 2022-09-25 2220 SP9CTS           599 15  DX   OK1KSL           599 15  DX    0
QSO:    3583 RY 2022-09-25 2220 SP9CTS           599 15  DX   HB0DX            599 14  DX    0
QSO:    3583 RY 2022-09-25 2221 SP9CTS           599 15  DX   OH1SIC           599 15  DX    0
QSO:    3583 RY 2022-09-25 2222 SP9CTS           599 15  DX   OU2PA            599 14  DX    0
QSO:    3583 RY 2022-09-25 2224 SP9CTS           599 15  DX   GW0A             599 14  DX    0
QSO:    3583 RY 2022-09-25 2225 SP9CTS           599 15  DX   DL5NAV           599 14  DX    0
QSO:    3583 RY 2022-09-25 2226 SP9CTS           599 15  DX   HG5O             599 15  DX    0
QSO:    3583 RY 2022-09-25 2230 SP9CTS           599 15  DX   SP9Z             599 15  DX    0
QSO:    3583 RY 2022-09-25 2231 SP9CTS           599 15  DX   SQ6PLE           599 15  DX    0
QSO:    3583 RY 2022-09-25 2232 SP9CTS           599 15  DX   DQ4W             599 14  DX    0
QSO:    3583 RY 2022-09-25 2235 SP9CTS           599 15  DX   M0KKM            599 14  DX    0
QSO:    3583 RY 2022-09-25 2236 SP9CTS           599 15  DX   SM7BHM           599 14  DX    0
QSO:    3583 RY 2022-09-25 2237 SP9CTS           599 15  DX   I1JTQ            599 15  DX    0
QSO:    3583 RY 2022-09-25 2237 SP9CTS           599 15  DX   OK4GP            599 15  DX    0
QSO:    3583 RY 2022-09-25 2239 SP9CTS           599 15  DX   DL4ZA            599 14  DX    0
QSO:    3583 RY 2022-09-25 2242 SP9CTS           599 15  DX   DK1KC            599 14  DX    0
QSO:    3583 RY 2022-09-25 2242 SP9CTS           599 15  DX   S56AP            599 15  DX    0
QSO:    3583 RY 2022-09-25 2243 SP9CTS           599 15  DX   EU4E             599 16  DX    0
QSO:    3583 RY 2022-09-25 2244 SP9CTS           599 15  DX   DJ9MH            599 14  DX    0
QSO:    3583 RY 2022-09-25 2246 SP9CTS           599 15  DX   DL1GME           599 14  DX    0
QSO:    3583 RY 2022-09-25 2248 SP9CTS           599 15  DX   TM3Z             599 14  DX    0
QSO:    3583 RY 2022-09-25 2253 SP9CTS           599 15  DX   CR3W             599 33  DX    0
QSO:    3583 RY 2022-09-25 2255 SP9CTS           599 15  DX   DL9NCR           599 14  DX    0
QSO:    3583 RY 2022-09-25 2256 SP9CTS           599 15  DX   IZ4YAB           599 15  DX    0
QSO:    3583 RY 2022-09-25 2259 SP9CTS           599 15  DX   G0MTN            599 14  DX    0
QSO:    3583 RY 2022-09-25 2300 SP9CTS           599 15  DX   IK3SWB           599 15  DX    0
QSO:    3583 RY 2022-09-25 2300 SP9CTS           599 15  DX   PI4COM           599 14  DX    0
QSO:    3583 RY 2022-09-25 2303 SP9CTS           599 15  DX   DJ8EW            599 14  DX    0
QSO:    3583 RY 2022-09-25 2304 SP9CTS           599 15  DX   DF6QV            599 14  DX    0
QSO:    3583 RY 2022-09-25 2306 SP9CTS           599 15  DX   YT5A             599 15  DX    0
QSO:    7040 RY 2022-09-25 2309 SP9CTS           599 15  DX   VE3DZ            599 4   ON    0
QSO:    3599 RY 2022-09-25 2323 SP9CTS           599 15  DX   IW2MXY           599 15  DX    0
QSO:    3599 RY 2022-09-25 2324 SP9CTS           599 15  DX   DP7D             599 14  DX    0
QSO:    3599 RY 2022-09-25 2327 SP9CTS           599 15  DX   DG9ACT           599 14  DX    0
QSO:    3599 RY 2022-09-25 2329 SP9CTS           599 15  DX   EV1R             599 16  DX    0
QSO:    3601 RY 2022-09-25 2335 SP9CTS           599 15  DX   E77EA            599 15  DX    0
QSO:    3600 RY 2022-09-25 2338 SP9CTS           599 15  DX   HB9DCO           599 14  DX    0
QSO:    3600 RY 2022-09-25 2339 SP9CTS           599 15  DX   DF6QV            599 14  DX    0
QSO:    3600 RY 2022-09-25 2342 SP9CTS           599 15  DX   9A7V             599 15  DX    0
QSO:    3600 RY 2022-09-25 2347 SP9CTS           599 15  DX   DF6QV            599 14  DX    0
QSO:    3600 RY 2022-09-25 2348 SP9CTS           599 15  DX   PE1HWO           599 14  DX    0
QSO:    3600 RY 2022-09-25 2349 SP9CTS           599 15  DX   IQ1DF            599 15  DX    0
QSO:    3600 RY 2022-09-25 2351 SP9CTS           599 15  DX   DH0GHU           599 14  DX    0
QSO:    3600 RY 2022-09-25 2353 SP9CTS           599 15  DX   OM5CM            599 15  DX    0
QSO:    3600 RY 2022-09-25 2355 SP9CTS           599 15  DX   DF1DX            599 14  DX    0
QSO:    3600 RY 2022-09-25 2356 SP9CTS           599 15  DX   IV3UH            599 15  DX    0
QSO:    3600 RY 2022-09-25 2357 SP9CTS           599 15  DX   IV3UT            599 15  DX    0
QSO:    3600 RY 2022-09-25 2357 SP9CTS           599 15  DX   YU1LM/QRP        599 15  DX    0
QSO:    3600 RY 2022-09-25 2359 SP9CTS           599 15  DX   IK1JJM           599 15  DX    0
END-OF-LOG:
