START-OF-LOG: 3.0
CONTEST: CQ-WW-RTTY
CALLSIGN: SV2ESW
LOCATION: DX
CATEGORY-OPERATOR: SINGLE-OP
CATEGORY-ASSISTED: ASSISTED
CATEGORY-BAND: 15M
CATEGORY-POWER: HIGH
CATEGORY-MODE: RTTY
CATEGORY-TRANSMITTER: ONE
CATEGORY-STATION: FIXED
CATEGORY-OVERLAY:
GRID-LOCATOR: KN10LL
CLAIMED-SCORE: 127680
NAME: Pantelis Ampatzis
OPERATORS: SV2ESW
CLUB: CROWS CONTEST TEAM
CREATED-BY: N1MM Logger+ 1.0.9663.0
QSO:   21089 RY 2022-09-24 0519 SV2ESW           599 20  DX   UP7L             599 17  DX   
QSO:   21093 RY 2022-09-24 0520 SV2ESW           599 20  DX   SV2HXV           599 20  DX   
QSO:   21096 RY 2022-09-24 0523 SV2ESW           599 20  DX   BD3CB            599 24  DX   
QSO:   21108 RY 2022-09-24 0526 SV2ESW           599 20  DX   JR4OZR           599 25  DX   
QSO:   21111 RY 2022-09-24 0528 SV2ESW           599 20  DX   VU2IOI           599 22  DX   
QSO:   21110 RY 2022-09-24 0531 SV2ESW           599 20  DX   JH4UYB           599 25  DX   
QSO:   21113 RY 2022-09-24 0532 SV2ESW           599 20  DX   HS5NMF           599 26  DX   
QSO:   21104 RY 2022-09-24 0533 SV2ESW           599 20  DX   JO7KMB           599 25  DX   
QSO:   21098 RY 2022-09-24 0537 SV2ESW           599 20  DX   JH7QXJ           599 25  DX   
QSO:   21104 RY 2022-09-24 0543 SV2ESW           599 20  DX   JR3RIY           599 25  DX   
QSO:   21109 RY 2022-09-24 0553 SV2ESW           599 20  DX   JE1LFX           599 25  DX   
QSO:   21104 RY 2022-09-24 0555 SV2ESW           599 20  DX   HL2WA            599 25  DX   
QSO:   21105 RY 2022-09-24 0603 SV2ESW           599 20  DX   JA1OVD           599 25  DX   
QSO:   21103 RY 2022-09-24 0613 SV2ESW           599 20  DX   4Z5FI            599 20  DX   
QSO:   21107 RY 2022-09-24 0615 SV2ESW           599 20  DX   9N7AA            599 22  DX   
QSO:   21115 RY 2022-09-24 0619 SV2ESW           599 20  DX   JA6GCE           599 25  DX   
QSO:   21101 RY 2022-09-24 0621 SV2ESW           599 20  DX   RW0SR            599 18  DX   
QSO:   21092 RY 2022-09-24 0622 SV2ESW           599 20  DX   9A5D             599 15  DX   
QSO:   21111 RY 2022-09-24 0627 SV2ESW           599 20  DX   JE4MHL           599 25  DX   
QSO:   21111 RY 2022-09-24 0628 SV2ESW           599 20  DX   JH7RTQ           599 25  DX   
QSO:   21111 RY 2022-09-24 0630 SV2ESW           599 20  DX   JA2HYD           599 25  DX   
QSO:   21110 RY 2022-09-24 0635 SV2ESW           599 20  DX   JA8KSF           599 25  DX   
QSO:   21111 RY 2022-09-24 0637 SV2ESW           599 20  DX   JG7AMD           599 25  DX   
QSO:   21111 RY 2022-09-24 0638 SV2ESW           599 20  DX   JR4VEV           599 25  DX   
QSO:   21111 RY 2022-09-24 0640 SV2ESW           599 20  DX   JH1RFM           599 25  DX   
QSO:   21111 RY 2022-09-24 0642 SV2ESW           599 20  DX   UR5MW            599 16  DX   
QSO:   21111 RY 2022-09-24 0644 SV2ESW           599 20  DX   JA2AXB           599 25  DX   
QSO:   21095 RY 2022-09-24 0649 SV2ESW           599 20  DX   Z35T             599 15  DX   
QSO:   21094 RY 2022-09-24 0651 SV2ESW           599 20  DX   IQ4FA            599 15  DX   
QSO:   21092 RY 2022-09-24 0652 SV2ESW           599 20  DX   OH8WW            599 15  DX   
QSO:   21089 RY 2022-09-24 0654 SV2ESW           599 20  DX   JA7IC            599 25  DX   
QSO:   21088 RY 2022-09-24 0655 SV2ESW           599 20  DX   OM2VL            599 15  DX   
QSO:   21084 RY 2022-09-24 0657 SV2ESW           599 20  DX   SM2M             599 14  DX   
QSO:   21084 RY 2022-09-24 0658 SV2ESW           599 20  DX   R4FCJ            599 16  DX   
QSO:   21080 RY 2022-09-24 0659 SV2ESW           599 20  DX   SN5X             599 15  DX   
QSO:   21079 RY 2022-09-24 0701 SV2ESW           599 20  DX   OK5Z             599 15  DX   
QSO:   21113 RY 2022-09-24 0704 SV2ESW           599 20  DX   JA1CSN           599 25  DX   
QSO:   21116 RY 2022-09-24 0706 SV2ESW           599 20  DX   RV1OO            599 16  DX   
QSO:   21116 RY 2022-09-24 0712 SV2ESW           599 20  DX   UA4HBM           599 16  DX   
QSO:   21116 RY 2022-09-24 0713 SV2ESW           599 20  DX   EC7YY            599 14  DX   
QSO:   21117 RY 2022-09-24 0719 SV2ESW           599 20  DX   5W1SA            599 32  DX   
QSO:   21102 RY 2022-09-24 0720 SV2ESW           599 20  DX   UA6CE            599 16  DX   
QSO:   21098 RY 2022-09-24 0726 SV2ESW           599 20  DX   EX0DX            599 17  DX   
QSO:   21104 RY 2022-09-24 0728 SV2ESW           599 20  DX   R7MM             599 16  DX   
QSO:   21111 RY 2022-09-24 0731 SV2ESW           599 20  DX   HG1S             599 15  DX   
QSO:   21112 RY 2022-09-24 0732 SV2ESW           599 20  DX   JM1XCW           599 25  DX   
QSO:   21114 RY 2022-09-24 0733 SV2ESW           599 20  DX   OH5Z             599 15  DX   
QSO:   21119 RY 2022-09-24 0736 SV2ESW           599 20  DX   5W1SW            599 32  DX   
QSO:   21121 RY 2022-09-24 0806 SV2ESW           599 20  DX   RM3DA            599 16  DX   
QSO:   21124 RY 2022-09-24 0807 SV2ESW           599 20  DX   R5AN             599 16  DX   
QSO:   21082 RY 2022-09-24 0823 SV2ESW           599 20  DX   EI8IU            599 14  DX   
QSO:   21084 RY 2022-09-24 0826 SV2ESW           599 20  DX   PI4COM           599 14  DX   
QSO:   21089 RY 2022-09-24 0830 SV2ESW           599 20  DX   G7C              599 14  DX   
QSO:   21090 RY 2022-09-24 0838 SV2ESW           599 20  DX   CR3DX            599 33  DX   
QSO:   21094 RY 2022-09-24 0844 SV2ESW           599 20  DX   F1RHS            599 14  DX   
QSO:   21101 RY 2022-09-24 0853 SV2ESW           599 20  DX   OH1F             599 15  DX   
QSO:   21101 RY 2022-09-24 0854 SV2ESW           599 20  DX   UA0OK            599 18  DX   
QSO:   21103 RY 2022-09-24 0859 SV2ESW           599 20  DX   DF8V             599 14  DX   
QSO:   21114 RY 2022-09-24 0914 SV2ESW           599 20  DX   5Q2J             599 14  DX   
QSO:   21117 RY 2022-09-24 0916 SV2ESW           599 20  DX   DA0T             599 14  DX   
QSO:   21118 RY 2022-09-24 0919 SV2ESW           599 20  DX   CR6T             599 14  DX   
QSO:   21119 RY 2022-09-24 0920 SV2ESW           599 20  DX   MW0CRI           599 14  DX   
QSO:   21121 RY 2022-09-24 0923 SV2ESW           599 20  DX   EA3CI            599 14  DX   
QSO:   21124 RY 2022-09-24 0924 SV2ESW           599 20  DX   TM3Z             599 14  DX   
QSO:   21090 RY 2022-09-24 0938 SV2ESW           599 20  DX   PA7LV            599 14  DX   
QSO:   21103 RY 2022-09-24 0941 SV2ESW           599 20  DX   SM5ILE           599 14  DX   
QSO:   21103 RY 2022-09-24 0942 SV2ESW           599 20  DX   SM5ACQ           599 14  DX   
QSO:   21103 RY 2022-09-24 0942 SV2ESW           599 20  DX   PA3ARM           599 14  DX   
QSO:   21103 RY 2022-09-24 0943 SV2ESW           599 20  DX   F5TYY            599 14  DX   
QSO:   21103 RY 2022-09-24 0943 SV2ESW           599 20  DX   DL9GTB           599 14  DX   
QSO:   21103 RY 2022-09-24 0946 SV2ESW           599 20  DX   PA2TA            599 14  DX   
QSO:   21103 RY 2022-09-24 0947 SV2ESW           599 20  DX   JA3HBF           599 25  DX   
QSO:   21103 RY 2022-09-24 0947 SV2ESW           599 20  DX   SD1A             599 14  DX   
QSO:   21103 RY 2022-09-24 0948 SV2ESW           599 20  DX   M6W              599 14  DX   
QSO:   21103 RY 2022-09-24 0949 SV2ESW           599 20  DX   OO4O             599 14  DX   
QSO:   21103 RY 2022-09-24 0950 SV2ESW           599 20  DX   5P1KZX           599 14  DX   
QSO:   21103 RY 2022-09-24 0950 SV2ESW           599 20  DX   M2J              599 14  DX   
QSO:   21103 RY 2022-09-24 0951 SV2ESW           599 20  DX   F6BQG            599 14  DX   
QSO:   21103 RY 2022-09-24 0952 SV2ESW           599 20  DX   ON7ZJ            599 14  DX   
QSO:   21103 RY 2022-09-24 0952 SV2ESW           599 20  DX   F1IWH            599 14  DX   
QSO:   21078 RY 2022-09-24 1034 SV2ESW           599 20  DX   M3AWD            599 14  DX   
QSO:   21079 RY 2022-09-24 1035 SV2ESW           599 20  DX   G1N              599 14  DX   
QSO:   21081 RY 2022-09-24 1036 SV2ESW           599 20  DX   9A5Y             599 15  DX   
QSO:   21083 RY 2022-09-24 1038 SV2ESW           599 20  DX   OZ11A            599 14  DX   
QSO:   21086 RY 2022-09-24 1040 SV2ESW           599 20  DX   IQ9RG            599 15  DX   
QSO:   21087 RY 2022-09-24 1041 SV2ESW           599 20  DX   OZ9GA            599 14  DX   
QSO:   21093 RY 2022-09-24 1043 SV2ESW           599 20  DX   GW5NF            599 14  DX   
QSO:   21094 RY 2022-09-24 1044 SV2ESW           599 20  DX   C37N             599 14  DX   
QSO:   21098 RY 2022-09-24 1046 SV2ESW           599 20  DX   EC2DX            599 14  DX   
QSO:   21099 RY 2022-09-24 1046 SV2ESW           599 20  DX   EF1A             599 14  DX   
QSO:   21102 RY 2022-09-24 1049 SV2ESW           599 20  DX   EA8DED           599 33  DX   
QSO:   21105 RY 2022-09-24 1051 SV2ESW           599 20  DX   9A5X             599 15  DX   
QSO:   21112 RY 2022-09-24 1056 SV2ESW           599 20  DX   PW2L             599 11  DX   
QSO:   21120 RY 2022-09-24 1100 SV2ESW           599 20  DX   KP2B             599 08  DX   
QSO:   21123 RY 2022-09-24 1102 SV2ESW           599 20  DX   YL2LW            599 15  DX   
QSO:   21117 RY 2022-09-24 1117 SV2ESW           599 20  DX   SQ1X             599 15  DX   
QSO:   21117 RY 2022-09-24 1118 SV2ESW           599 20  DX   PE2K             599 14  DX   
QSO:   21117 RY 2022-09-24 1119 SV2ESW           599 20  DX   G0MTN            599 14  DX   
QSO:   21117 RY 2022-09-24 1120 SV2ESW           599 20  DX   DL2HYH           599 14  DX   
QSO:   21092 RY 2022-09-24 1123 SV2ESW           599 20  DX   TF1AM            599 40  DX   
QSO:   21117 RY 2022-09-24 1125 SV2ESW           599 20  DX   JE6QQN           599 25  DX   
QSO:   21117 RY 2022-09-24 1126 SV2ESW           599 20  DX   VU2FGQ           599 22  DX   
QSO:   21117 RY 2022-09-24 1127 SV2ESW           599 20  DX   PA0CT            599 14  DX   
QSO:   21117 RY 2022-09-24 1127 SV2ESW           599 20  DX   MI0DWE           599 14  DX   
QSO:   21117 RY 2022-09-24 1130 SV2ESW           599 20  DX   G0ORY            599 14  DX   
QSO:   21117 RY 2022-09-24 1132 SV2ESW           599 20  DX   DL0CW            599 14  DX   
QSO:   21117 RY 2022-09-24 1132 SV2ESW           599 20  DX   G0FGI            599 14  DX   
QSO:   21116 RY 2022-09-24 1133 SV2ESW           599 20  DX   FY5KE            599 09  DX   
QSO:   21117 RY 2022-09-24 1135 SV2ESW           599 20  DX   EI3CTB           599 14  DX   
QSO:   21079 RY 2022-09-24 1138 SV2ESW           599 20  DX   WW4LL            599 05  GA   
QSO:   21081 RY 2022-09-24 1139 SV2ESW           599 20  DX   M0AFZ            599 14  DX   
QSO:   21085 RY 2022-09-24 1142 SV2ESW           599 20  DX   LZ2YO            599 20  DX   
QSO:   21090 RY 2022-09-24 1144 SV2ESW           599 20  DX   K4EA             599 05  GA   
QSO:   21096 RY 2022-09-24 1149 SV2ESW           599 20  DX   HZ1TT            599 21  DX   
QSO:   21107 RY 2022-09-24 1152 SV2ESW           599 20  DX   PI4CC            599 14  DX   
QSO:   21116 RY 2022-09-24 1155 SV2ESW           599 20  DX   DF2LH            599 14  DX   
QSO:   21116 RY 2022-09-24 1156 SV2ESW           599 20  DX   LA9TY            599 14  DX   
QSO:   21116 RY 2022-09-24 1156 SV2ESW           599 20  DX   ON4LY            599 14  DX   
QSO:   21116 RY 2022-09-24 1157 SV2ESW           599 20  DX   OZ6AGX           599 14  DX   
QSO:   21116 RY 2022-09-24 1157 SV2ESW           599 20  DX   SV2SNS           599 20  DX   
QSO:   21116 RY 2022-09-24 1158 SV2ESW           599 20  DX   M0VBY            599 14  DX   
QSO:   21116 RY 2022-09-24 1158 SV2ESW           599 20  DX   EA4R             599 14  DX   
QSO:   21116 RY 2022-09-24 1159 SV2ESW           599 20  DX   PA3GCU           599 14  DX   
QSO:   21116 RY 2022-09-24 1159 SV2ESW           599 20  DX   EA1EWY           599 14  DX   
QSO:   21116 RY 2022-09-24 1200 SV2ESW           599 20  DX   OH8JJ            599 15  DX   
QSO:   21116 RY 2022-09-24 1201 SV2ESW           599 20  DX   RA5AD            599 16  DX   
QSO:   21116 RY 2022-09-24 1203 SV2ESW           599 20  DX   G4SGI            599 14  DX   
QSO:   21116 RY 2022-09-24 1204 SV2ESW           599 20  DX   EA2ASB           599 14  DX   
QSO:   21126 RY 2022-09-24 1207 SV2ESW           599 20  DX   NJ4P             599 04  TN   
QSO:   21091 RY 2022-09-24 1211 SV2ESW           599 20  DX   AD4ES            599 05  FL   
QSO:   21117 RY 2022-09-24 1216 SV2ESW           599 20  DX   JA5SUD           599 25  DX   
QSO:   21117 RY 2022-09-24 1218 SV2ESW           599 20  DX   GM6DX            599 14  DX   
QSO:   21108 RY 2022-09-24 1319 SV2ESW           599 20  DX   PZ5RA            599 09  DX   
QSO:   21107 RY 2022-09-24 1320 SV2ESW           599 20  DX   K9CT             599 04  IL   
QSO:   21130 RY 2022-09-24 1325 SV2ESW           599 20  DX   GI4SJQ           599 14  DX   
QSO:   21130 RY 2022-09-24 1325 SV2ESW           599 20  DX   2E0INN           599 14  DX   
QSO:   21130 RY 2022-09-24 1326 SV2ESW           599 20  DX   WJ2D             599 05  NC   
QSO:   21130 RY 2022-09-24 1328 SV2ESW           599 20  DX   K9YY             599 04  IL   
QSO:   21130 RY 2022-09-24 1329 SV2ESW           599 20  DX   W0HRO            599 04  MO   
QSO:   21130 RY 2022-09-24 1331 SV2ESW           599 20  DX   EA/DL5EO         599 14  DX   
QSO:   21137 RY 2022-09-24 1404 SV2ESW           599 20  DX   4A2B             599 06  DX   
QSO:   21117 RY 2022-09-24 1405 SV2ESW           599 20  DX   NA5NN            599 04  MS   
QSO:   21116 RY 2022-09-24 1406 SV2ESW           599 20  DX   AC0C             599 04  KS   
QSO:   21121 RY 2022-09-24 1411 SV2ESW           599 20  DX   HD1A             599 10  DX   
QSO:   21101 RY 2022-09-24 1413 SV2ESW           599 20  DX   ES4RD            599 15  DX   
QSO:   21124 RY 2022-09-24 1418 SV2ESW           599 20  DX   K1LZ             599 05  ME   
QSO:   21115 RY 2022-09-24 1423 SV2ESW           599 20  DX   K0MD             599 04  MN   
QSO:   21112 RY 2022-09-24 1424 SV2ESW           599 20  DX   NA4DA            599 05  FL   
QSO:   21102 RY 2022-09-24 1429 SV2ESW           599 20  DX   W4TA             599 05  FL   
QSO:   21102 RY 2022-09-24 1431 SV2ESW           599 20  DX   HH2AA            599 08  DX   
QSO:   21088 RY 2022-09-24 1439 SV2ESW           599 20  DX   NS4X             599 04  TN   
QSO:   21097 RY 2022-09-24 1443 SV2ESW           599 20  DX   NT5V             599 04  TX   
QSO:   21112 RY 2022-09-24 1444 SV2ESW           599 20  DX   PH9B             599 14  DX   
QSO:   21112 RY 2022-09-24 1445 SV2ESW           599 20  DX   F8CPA            599 14  DX   
QSO:   21112 RY 2022-09-24 1446 SV2ESW           599 20  DX   TM6V             599 14  DX   
QSO:   21112 RY 2022-09-24 1447 SV2ESW           599 20  DX   K0KX             599 04  SD   
QSO:   21112 RY 2022-09-24 1447 SV2ESW           599 20  DX   DK2CF            599 14  DX   
QSO:   21112 RY 2022-09-24 1448 SV2ESW           599 20  DX   DO9JN            599 14  DX   
QSO:   21112 RY 2022-09-24 1449 SV2ESW           599 20  DX   YL1YF            599 15  DX   
QSO:   21112 RY 2022-09-24 1450 SV2ESW           599 20  DX   DL5XJ            599 14  DX   
QSO:   21112 RY 2022-09-24 1451 SV2ESW           599 20  DX   DL6ON            599 14  DX   
QSO:   21112 RY 2022-09-24 1452 SV2ESW           599 20  DX   DD5M             599 14  DX   
QSO:   21112 RY 2022-09-24 1453 SV2ESW           599 20  DX   PE4A             599 14  DX   
QSO:   21112 RY 2022-09-24 1454 SV2ESW           599 20  DX   EA3FZT           599 14  DX   
QSO:   21112 RY 2022-09-24 1455 SV2ESW           599 20  DX   DL75DRG          599 14  DX   
QSO:   21112 RY 2022-09-24 1455 SV2ESW           599 20  DX   DB1KK            599 14  DX   
QSO:   21112 RY 2022-09-24 1456 SV2ESW           599 20  DX   KW4J             599 04  AL   
QSO:   21112 RY 2022-09-24 1456 SV2ESW           599 20  DX   SP1DMD           599 15  DX   
QSO:   21112 RY 2022-09-24 1457 SV2ESW           599 20  DX   DL8LDN           599 14  DX   
QSO:   21112 RY 2022-09-24 1457 SV2ESW           599 20  DX   PA0KDV           599 14  DX   
QSO:   21112 RY 2022-09-24 1458 SV2ESW           599 20  DX   DF5BX            599 14  DX   
QSO:   21112 RY 2022-09-24 1459 SV2ESW           599 20  DX   DG2BAR           599 14  DX   
QSO:   21112 RY 2022-09-24 1459 SV2ESW           599 20  DX   PC5D             599 14  DX   
QSO:   21112 RY 2022-09-24 1500 SV2ESW           599 20  DX   DL0GMH           599 14  DX   
QSO:   21112 RY 2022-09-24 1500 SV2ESW           599 20  DX   LA3BO            599 14  DX   
QSO:   21112 RY 2022-09-24 1501 SV2ESW           599 20  DX   AI6O             599 04  MO   
QSO:   21112 RY 2022-09-24 1501 SV2ESW           599 20  DX   G0C              599 14  DX   
QSO:   21112 RY 2022-09-24 1502 SV2ESW           599 20  DX   DL8TG            599 14  DX   
QSO:   21112 RY 2022-09-24 1502 SV2ESW           599 20  DX   DF4ZL            599 14  DX   
QSO:   21112 RY 2022-09-24 1503 SV2ESW           599 20  DX   ON7DY            599 14  DX   
QSO:   21112 RY 2022-09-24 1503 SV2ESW           599 20  DX   LA100B           599 14  DX   
QSO:   21112 RY 2022-09-24 1504 SV2ESW           599 20  DX   DF1DX            599 14  DX   
QSO:   21112 RY 2022-09-24 1505 SV2ESW           599 20  DX   EB1CAR           599 14  DX   
QSO:   21112 RY 2022-09-24 1508 SV2ESW           599 20  DX   K5RZA            599 04  TX   
QSO:   21106 RY 2022-09-24 1510 SV2ESW           599 20  DX   W9FFA            599 04  IN   
QSO:   21100 RY 2022-09-24 1513 SV2ESW           599 20  DX   W1VE             599 05  VT   
QSO:   21116 RY 2022-09-24 1842 SV2ESW           599 20  DX   VE7IZ            599 03  BC   
QSO:   21111 RY 2022-09-24 1843 SV2ESW           599 20  DX   WB4YDL           599 04  TN   
QSO:   21119 RY 2022-09-24 1844 SV2ESW           599 20  DX   K3MM             599 05  MD   
QSO:   21114 RY 2022-09-24 1847 SV2ESW           599 20  DX   W0MB             599 04  MO   
QSO:   21130 RY 2022-09-24 1858 SV2ESW           599 20  DX   K9C              599 04  IL   
QSO:   21119 RY 2022-09-24 1859 SV2ESW           599 20  DX   CR3W             599 33  DX   
QSO:   21097 RY 2022-09-25 0454 SV2ESW           599 20  DX   JT5DX            599 23  DX   
QSO:   21081 RY 2022-09-25 0506 SV2ESW           599 20  DX   BD4VGZ           599 24  DX   
QSO:   21077 RY 2022-09-25 0511 SV2ESW           599 20  DX   VU2DED           599 22  DX   
QSO:   21101 RY 2022-09-25 0514 SV2ESW           599 20  DX   E2WRTC           599 26  DX   
QSO:   21094 RY 2022-09-25 0518 SV2ESW           599 20  DX   9A1A             599 15  DX   
QSO:   21102 RY 2022-09-25 0525 SV2ESW           599 20  DX   VJ3A             599 30  DX   
QSO:   21088 RY 2022-09-25 0527 SV2ESW           599 20  DX   RA0ACM           599 18  DX   
QSO:   21089 RY 2022-09-25 0530 SV2ESW           599 20  DX   BA3AX            599 24  DX   
QSO:   21104 RY 2022-09-25 0534 SV2ESW           599 20  DX   JR7IWL           599 25  DX   
QSO:   21111 RY 2022-09-25 0535 SV2ESW           599 20  DX   VU2ZMK           599 22  DX   
QSO:   21110 RY 2022-09-25 0610 SV2ESW           599 20  DX   JJ0PJD           599 25  DX   
QSO:   21115 RY 2022-09-25 0620 SV2ESW           599 20  DX   V85RH            599 28  DX   
QSO:   21113 RY 2022-09-25 0622 SV2ESW           599 20  DX   RW1A             599 16  DX   
QSO:   21108 RY 2022-09-25 0624 SV2ESW           599 20  DX   SZ1A             599 20  DX   
QSO:   21103 RY 2022-09-25 0630 SV2ESW           599 20  DX   JN1BMX           599 25  DX   
QSO:   21099 RY 2022-09-25 0631 SV2ESW           599 20  DX   IZ4BOY           599 15  DX   
QSO:   21088 RY 2022-09-25 0635 SV2ESW           599 20  DX   S50W             599 15  DX   
QSO:   21109 RY 2022-09-25 0644 SV2ESW           599 20  DX   TR8CA            599 36  DX   
QSO:   21115 RY 2022-09-25 0649 SV2ESW           599 20  DX   JS1KKY           599 25  DX   
QSO:   21115 RY 2022-09-25 0651 SV2ESW           599 20  DX   JA1CTV           599 25  DX   
QSO:   21100 RY 2022-09-25 0744 SV2ESW           599 20  DX   YL1ZF            599 15  DX   
QSO:   21100 RY 2022-09-25 0744 SV2ESW           599 20  DX   MM9I             599 14  DX   
QSO:   21100 RY 2022-09-25 0746 SV2ESW           599 20  DX   UC5D             599 16  DX   
QSO:   21108 RY 2022-09-25 0753 SV2ESW           599 20  DX   EI6JK            599 14  DX   
QSO:   21108 RY 2022-09-25 0759 SV2ESW           599 20  DX   SE4E             599 14  DX   
QSO:   21108 RY 2022-09-25 0801 SV2ESW           599 20  DX   JR7IWC           599 25  DX   
QSO:   21108 RY 2022-09-25 0802 SV2ESW           599 20  DX   DL1QW            599 14  DX   
QSO:   21108 RY 2022-09-25 0803 SV2ESW           599 20  DX   SP2FOV           599 15  DX   
QSO:   21108 RY 2022-09-25 0804 SV2ESW           599 20  DX   LB6KC            599 14  DX   
QSO:   21108 RY 2022-09-25 0805 SV2ESW           599 20  DX   SM6NET           599 14  DX   
QSO:   21108 RY 2022-09-25 0812 SV2ESW           599 20  DX   GM3STM           599 14  DX   
QSO:   21108 RY 2022-09-25 0814 SV2ESW           599 20  DX   M7W              599 14  DX   
QSO:   21108 RY 2022-09-25 0815 SV2ESW           599 20  DX   LC7N             599 14  DX   
QSO:   21108 RY 2022-09-25 0817 SV2ESW           599 20  DX   JF1LMB           599 25  DX   
QSO:   21108 RY 2022-09-25 0818 SV2ESW           599 20  DX   JA1XRA           599 25  DX   
QSO:   21107 RY 2022-09-25 0819 SV2ESW           599 20  DX   GM5BDX           599 14  DX   
QSO:   21119 RY 2022-09-25 0827 SV2ESW           599 20  DX   YL2NK            599 15  DX   
QSO:   21119 RY 2022-09-25 0827 SV2ESW           599 20  DX   GM4Z             599 14  DX   
QSO:   21119 RY 2022-09-25 0828 SV2ESW           599 20  DX   OH2HOD           599 15  DX   
QSO:   21119 RY 2022-09-25 0829 SV2ESW           599 20  DX   JR2BCF           599 25  DX   
QSO:   21119 RY 2022-09-25 0830 SV2ESW           599 20  DX   LA2HFA           599 14  DX   
QSO:   21119 RY 2022-09-25 0832 SV2ESW           599 20  DX   SM5FQQ           599 14  DX   
QSO:   21119 RY 2022-09-25 0832 SV2ESW           599 20  DX   R3DG             599 16  DX   
QSO:   21119 RY 2022-09-25 0833 SV2ESW           599 20  DX   RA3V             599 16  DX   
QSO:   21119 RY 2022-09-25 0834 SV2ESW           599 20  DX   MM2T             599 14  DX   
QSO:   21119 RY 2022-09-25 0835 SV2ESW           599 20  DX   OZ1CK            599 14  DX   
QSO:   21119 RY 2022-09-25 0836 SV2ESW           599 20  DX   OG6N             599 15  DX   
QSO:   21119 RY 2022-09-25 0837 SV2ESW           599 20  DX   SM7BHM           599 14  DX   
QSO:   21119 RY 2022-09-25 0838 SV2ESW           599 20  DX   R1AI             599 16  DX   
QSO:   21119 RY 2022-09-25 0842 SV2ESW           599 20  DX   G0MBA            599 14  DX   
QSO:   21119 RY 2022-09-25 0843 SV2ESW           599 20  DX   G4OWA            599 14  DX   
QSO:   21119 RY 2022-09-25 0844 SV2ESW           599 20  DX   JA6VZB           599 25  DX   
QSO:   21119 RY 2022-09-25 0845 SV2ESW           599 20  DX   BH2YO            599 24  DX   
QSO:   21119 RY 2022-09-25 0846 SV2ESW           599 20  DX   G8VPE            599 14  DX   
QSO:   21119 RY 2022-09-25 0848 SV2ESW           599 20  DX   G4ZOB            599 14  DX   
QSO:   21119 RY 2022-09-25 0849 SV2ESW           599 20  DX   JG1LHB           599 25  DX   
QSO:   21119 RY 2022-09-25 0850 SV2ESW           599 20  DX   CT7AUP           599 14  DX   
QSO:   21119 RY 2022-09-25 0852 SV2ESW           599 20  DX   G4OZG            599 14  DX   
QSO:   21119 RY 2022-09-25 0854 SV2ESW           599 20  DX   UN7JX            599 17  DX   
QSO:   21119 RY 2022-09-25 0855 SV2ESW           599 20  DX   JN1THL           599 25  DX   
QSO:   21119 RY 2022-09-25 0900 SV2ESW           599 20  DX   G5LSI            599 14  DX   
QSO:   21119 RY 2022-09-25 0903 SV2ESW           599 20  DX   JA1IFP           599 25  DX   
QSO:   21119 RY 2022-09-25 0904 SV2ESW           599 20  DX   SF0A             599 14  DX   
QSO:   21119 RY 2022-09-25 0905 SV2ESW           599 20  DX   ES1BH            599 15  DX   
QSO:   21119 RY 2022-09-25 0905 SV2ESW           599 20  DX   DH6BH            599 14  DX   
QSO:   21119 RY 2022-09-25 0906 SV2ESW           599 20  DX   JA7FTR           599 25  DX   
QSO:   21119 RY 2022-09-25 0907 SV2ESW           599 20  DX   PE1OYB           599 14  DX   
QSO:   21119 RY 2022-09-25 0908 SV2ESW           599 20  DX   TA9J             599 20  DX   
QSO:   21119 RY 2022-09-25 0909 SV2ESW           599 20  DX   PA3DUU           599 14  DX   
QSO:   21119 RY 2022-09-25 0909 SV2ESW           599 20  DX   EA4BAS           599 14  DX   
QSO:   21119 RY 2022-09-25 0910 SV2ESW           599 20  DX   DJ6TK            599 14  DX   
QSO:   21119 RY 2022-09-25 0910 SV2ESW           599 20  DX   G6MXL            599 14  DX   
QSO:   21119 RY 2022-09-25 0913 SV2ESW           599 20  DX   GI1GKI           599 14  DX   
QSO:   21119 RY 2022-09-25 0914 SV2ESW           599 20  DX   R3TE             599 16  DX   
QSO:   21119 RY 2022-09-25 0916 SV2ESW           599 20  DX   OZ1LFI           599 14  DX   
QSO:   21119 RY 2022-09-25 0920 SV2ESW           599 20  DX   OU2PA            599 14  DX   
QSO:   21119 RY 2022-09-25 0920 SV2ESW           599 20  DX   UB5MCD           599 16  DX   
QSO:   21119 RY 2022-09-25 0921 SV2ESW           599 20  DX   DF3VM            599 14  DX   
QSO:   21119 RY 2022-09-25 0922 SV2ESW           599 20  DX   JA6WFM           599 25  DX   
QSO:   21119 RY 2022-09-25 0923 SV2ESW           599 20  DX   G3VMY            599 14  DX   
QSO:   21119 RY 2022-09-25 0924 SV2ESW           599 20  DX   SM7BHM           599 14  DX   
QSO:   21119 RY 2022-09-25 0925 SV2ESW           599 20  DX   G3ILO            599 14  DX   
QSO:   21119 RY 2022-09-25 0925 SV2ESW           599 20  DX   G0HDV            599 14  DX   
QSO:   21119 RY 2022-09-25 0926 SV2ESW           599 20  DX   OZ1FHU           599 14  DX   
QSO:   21119 RY 2022-09-25 0927 SV2ESW           599 20  DX   HHDL6EZ          599 14  DX   
QSO:   21119 RY 2022-09-25 0928 SV2ESW           599 20  DX   SP2R             599 15  DX   
QSO:   21119 RY 2022-09-25 0929 SV2ESW           599 20  DX   9MW9W            599 28  DX   
QSO:   21119 RY 2022-09-25 0929 SV2ESW           599 20  DX   F5JNX            599 14  DX   
QSO:   21119 RY 2022-09-25 0930 SV2ESW           599 20  DX   SM5DXR           599 14  DX   
QSO:   21119 RY 2022-09-25 0931 SV2ESW           599 20  DX   F5JNX            599 14  DX   
QSO:   21119 RY 2022-09-25 0931 SV2ESW           599 20  DX   SP2V             599 15  DX   
QSO:   21119 RY 2022-09-25 0931 SV2ESW           599 20  DX   RT4W             599 16  DX   
QSO:   21119 RY 2022-09-25 0934 SV2ESW           599 20  DX   DP75ALF          599 14  DX   
QSO:   21119 RY 2022-09-25 0935 SV2ESW           599 20  DX   GU0SUP           599 14  DX   
QSO:   21112 RY 2022-09-25 0947 SV2ESW           599 20  DX   G4FPA            599 14  DX   
QSO:   21121 RY 2022-09-25 0949 SV2ESW           599 20  DX   M3X              599 14  DX   
QSO:   21121 RY 2022-09-25 0950 SV2ESW           599 20  DX   PA4GDR           599 14  DX   
QSO:   21121 RY 2022-09-25 0951 SV2ESW           599 20  DX   M0TQR            599 14  DX   
QSO:   21121 RY 2022-09-25 0952 SV2ESW           599 20  DX   G4ENZ            599 14  DX   
QSO:   21121 RY 2022-09-25 0954 SV2ESW           599 20  DX   EA2RE            599 14  DX   
QSO:   21121 RY 2022-09-25 0955 SV2ESW           599 20  DX   F5RD             599 14  DX   
QSO:   21089 RY 2022-09-25 1000 SV2ESW           599 20  DX   PV2K             599 11  DX   
QSO:   21080 RY 2022-09-25 1523 SV2ESW           599 20  DX   B3T              599 14  DX   
QSO:   21122 RY 2022-09-25 1551 SV2ESW           599 20  DX   K3AJ             599 05  MD   
QSO:   21143 RY 2022-09-25 1553 SV2ESW           599 20  DX   WV1H             599 05  RI   
QSO:   21143 RY 2022-09-25 1554 SV2ESW           599 20  DX   OZ7HB            599 14  DX   
QSO:   21143 RY 2022-09-25 1555 SV2ESW           599 20  DX   W2NO             599 05  NJ   
QSO:   21143 RY 2022-09-25 1555 SV2ESW           599 20  DX   EA8CA            599 33  DX   
QSO:   21143 RY 2022-09-25 1556 SV2ESW           599 20  DX   AA8CA            599 04  OH   
QSO:   21143 RY 2022-09-25 1557 SV2ESW           599 20  DX   G8XTJ            599 14  DX   
QSO:   21143 RY 2022-09-25 1559 SV2ESW           599 20  DX   AA5H             599 04  OK   
QSO:   21143 RY 2022-09-25 1600 SV2ESW           599 20  DX   LC5Z             599 14  DX   
QSO:   21143 RY 2022-09-25 1603 SV2ESW           599 20  DX   PA1FNW           599 14  DX   
QSO:   21143 RY 2022-09-25 1603 SV2ESW           599 20  DX   W1ARY            599 05  CT   
QSO:   21143 RY 2022-09-25 1604 SV2ESW           599 20  DX   G8KEK            599 14  DX   
QSO:   21143 RY 2022-09-25 1605 SV2ESW           599 20  DX   M0LKW            599 14  DX   
QSO:   21143 RY 2022-09-25 1605 SV2ESW           599 20  DX   DF5EV            599 14  DX   
QSO:   21143 RY 2022-09-25 1607 SV2ESW           599 20  DX   G3JFS            599 14  DX   
QSO:   21143 RY 2022-09-25 1608 SV2ESW           599 20  DX   WQ5L             599 04  MS   
QSO:   21143 RY 2022-09-25 1609 SV2ESW           599 20  DX   K1AR             599 05  NH   
QSO:   21143 RY 2022-09-25 1611 SV2ESW           599 20  DX   N3QE             599 05  MD   
QSO:   21143 RY 2022-09-25 1611 SV2ESW           599 20  DX   DK5WO            599 14  DX   
QSO:   21143 RY 2022-09-25 1612 SV2ESW           599 20  DX   W7YAQ            599 03  OR   
QSO:   21143 RY 2022-09-25 1613 SV2ESW           599 20  DX   OG50I            599 15  DX   
QSO:   21143 RY 2022-09-25 1614 SV2ESW           599 20  DX   HUI5N            599 07  DX   
QSO:   21143 RY 2022-09-25 1615 SV2ESW           599 20  DX   VE5N             599 04  SK   
QSO:   21143 RY 2022-09-25 1615 SV2ESW           599 20  DX   G5N              599 14  DX   
QSO:   21143 RY 2022-09-25 1617 SV2ESW           599 20  DX   F5LEM            599 14  DX   
QSO:   21143 RY 2022-09-25 1617 SV2ESW           599 20  DX   OH6GMD           599 15  DX   
QSO:   21143 RY 2022-09-25 1619 SV2ESW           599 20  DX   DL4MFM           599 14  DX   
QSO:   21143 RY 2022-09-25 1620 SV2ESW           599 20  DX   EA7Q             599 14  DX   
QSO:   21143 RY 2022-09-25 1620 SV2ESW           599 20  DX   LA3BPA           599 14  DX   
QSO:   21143 RY 2022-09-25 1621 SV2ESW           599 20  DX   XS0CW            599 04  DX   
QSO:   21143 RY 2022-09-25 1624 SV2ESW           599 20  DX   UA3UBT           599 16  DX   
QSO:   21143 RY 2022-09-25 1625 SV2ESW           599 20  DX   KG4W             599 05  VA   
QSO:   21143 RY 2022-09-25 1625 SV2ESW           599 20  DX   VA3LML           599 04  ON   
QSO:   21143 RY 2022-09-25 1627 SV2ESW           599 20  DX   N8WCP            599 04  OH   
QSO:   21143 RY 2022-09-25 1627 SV2ESW           599 20  DX   ON4ATW           599 14  DX   
QSO:   21143 RY 2022-09-25 1629 SV2ESW           599 20  DX   DN0UKW           599 14  DX   
QSO:   21143 RY 2022-09-25 1631 SV2ESW           599 20  DX   W8JWN            599 04  MI   
QSO:   21143 RY 2022-09-25 1631 SV2ESW           599 20  DX   W8JWN            599 04  MI   
QSO:   21143 RY 2022-09-25 1632 SV2ESW           599 20  DX   G0NRL            599 14  DX   
QSO:   21143 RY 2022-09-25 1633 SV2ESW           599 20  DX   K0CN             599 04  MN   
QSO:   21143 RY 2022-09-25 1633 SV2ESW           599 20  DX   KI1G             599 05  RI   
QSO:   21143 RY 2022-09-25 1636 SV2ESW           599 20  DX   VE2BVV           599 05  QC   
QSO:   21143 RY 2022-09-25 1637 SV2ESW           599 20  DX   M0BLF            599 14  DX   
QSO:   21143 RY 2022-09-25 1641 SV2ESW           599 20  DX   GD0TEP           599 14  DX   
QSO:   21143 RY 2022-09-25 1645 SV2ESW           599 20  DX   M0KKM            599 14  DX   
QSO:   21143 RY 2022-09-25 1646 SV2ESW           599 20  DX   F4FHV            599 14  DX   
QSO:   21143 RY 2022-09-25 1647 SV2ESW           599 20  DX   N0UR             599 04  MN   
QSO:   21143 RY 2022-09-25 1648 SV2ESW           599 20  DX   K5CS             599 04  AR   
QSO:   21143 RY 2022-09-25 1651 SV2ESW           599 20  DX   K0HB             599 04  MN   
QSO:   21143 RY 2022-09-25 1653 SV2ESW           599 20  DX   W9PA             599 04  IN   
QSO:   21143 RY 2022-09-25 1656 SV2ESW           599 20  DX   WHX3DQE          599 05  NC   
QSO:   21143 RY 2022-09-25 1658 SV2ESW           599 20  DX   EA1AAP           599 14  DX   
QSO:   21143 RY 2022-09-25 1700 SV2ESW           599 20  DX   EA2DDE           599 14  DX   
QSO:   21143 RY 2022-09-25 1701 SV2ESW           599 20  DX   K2EJ             599 05  MD   
QSO:   21143 RY 2022-09-25 1704 SV2ESW           599 20  DX   BD7UW            599 24  DX   
QSO:   21143 RY 2022-09-25 1705 SV2ESW           599 20  DX   DD7UW            599 14  DX   
QSO:   21143 RY 2022-09-25 1706 SV2ESW           599 20  DX   KD8FS            599 04  MI   
QSO:   21143 RY 2022-09-25 1708 SV2ESW           599 20  DX   F4CZV            599 14  DX   
QSO:   21143 RY 2022-09-25 1711 SV2ESW           599 20  DX   K1SFA            599 05  MA   
QSO:   21143 RY 2022-09-25 1712 SV2ESW           599 20  DX   F4FSB            599 14  DX   
QSO:   21143 RY 2022-09-25 1712 SV2ESW           599 20  DX   NM2K             599 05  NY   
QSO:   21143 RY 2022-09-25 1714 SV2ESW           599 20  DX   EA1GT/QRP        599 14  DX   
QSO:   21143 RY 2022-09-25 1716 SV2ESW           599 20  DX   B4GYT            599 24  DX   
QSO:   21143 RY 2022-09-25 1717 SV2ESW           599 20  DX   K0RC             599 04  MN   
QSO:   21143 RY 2022-09-25 1718 SV2ESW           599 20  DX   EA1AY            599 14  DX   
QSO:   21143 RY 2022-09-25 1721 SV2ESW           599 20  DX   EA1IYK           599 14  DX   
QSO:   21143 RY 2022-09-25 1723 SV2ESW           599 20  DX   VE3MZD           599 04  ON   
QSO:   21143 RY 2022-09-25 1723 SV2ESW           599 20  DX   KO7SS            599 03  AZ   
QSO:   21143 RY 2022-09-25 1724 SV2ESW           599 20  DX   EI8KW            599 14  DX   
QSO:   21143 RY 2022-09-25 1725 SV2ESW           599 20  DX   HF6C             599 15  DX   
QSO:   21143 RY 2022-09-25 1726 SV2ESW           599 20  DX   EJ5AV            599 14  DX   
QSO:   21143 RY 2022-09-25 1726 SV2ESW           599 20  DX   DJ5AN            599 14  DX   
QSO:   21143 RY 2022-09-25 1732 SV2ESW           599 20  DX   W0LM             599 04  MN   
QSO:   21081 RY 2022-09-25 1856 SV2ESW           599 20  DX   CR5O             599 14  DX   
QSO:   21078 RY 2022-09-25 1856 SV2ESW           599 20  DX   NG1M             599 05  RI   
QSO:   21078 RY 2022-09-25 1857 SV2ESW           599 20  DX   WW4LL            599 05  GA   
QSO:   21085 RY 2022-09-25 1859 SV2ESW           599 20  DX   W0PR             599 04  MN   
QSO:   21086 RY 2022-09-25 1900 SV2ESW           599 20  DX   K5TXM            599 04  TX   
QSO:   21087 RY 2022-09-25 1901 SV2ESW           599 20  DX   WT2J             599 05  NY   
QSO:   21089 RY 2022-09-25 1902 SV2ESW           599 20  DX   AC5XK            599 04  MN   
QSO:   21090 RY 2022-09-25 1903 SV2ESW           599 20  DX   AI4WW            599 05  FL   
QSO:   21096 RY 2022-09-25 1905 SV2ESW           599 20  DX   N6AR             599 05  FL   
QSO:   21099 RY 2022-09-25 1905 SV2ESW           599 20  DX   K5ZD             599 05  MA   
QSO:   21104 RY 2022-09-25 1907 SV2ESW           599 20  DX   K0ZR             599 05  VA   
QSO:   21113 RY 2022-09-25 1910 SV2ESW           599 20  DX   N2IC             599 04  NM   
QSO:   21117 RY 2022-09-25 1911 SV2ESW           599 20  DX   NV9L             599 04  IL   
QSO:   21120 RY 2022-09-25 1913 SV2ESW           599 20  DX   VE6WQ            599 04  AB   
QSO:   21120 RY 2022-09-25 1914 SV2ESW           599 20  DX   AA3B             599 05  PA   
QSO:   21121 RY 2022-09-25 1916 SV2ESW           599 20  DX   4U1WB            599 05  DC   
QSO:   21124 RY 2022-09-25 1918 SV2ESW           599 20  DX   VO1CH            599 05  NF   
QSO:   21125 RY 2022-09-25 1919 SV2ESW           599 20  DX   N7AT             599 03  AZ   
QSO:   21135 RY 2022-09-25 1921 SV2ESW           599 20  DX   CO6HLP           599 08  DX   
QSO:   21123 RY 2022-09-25 1924 SV2ESW           599 20  DX   KC9EOQ           599 04  IL   
QSO:   21123 RY 2022-09-25 1924 SV2ESW           599 20  DX   WF8E             599 05  GA   
QSO:   21123 RY 2022-09-25 1928 SV2ESW           599 20  DX   KA3D             599 05  PA   
QSO:   21137 RY 2022-09-25 1932 SV2ESW           599 20  DX   N7GP             599 03  AZ   
QSO:   21145 RY 2022-09-25 1933 SV2ESW           599 20  DX   KU1CW            599 03  OR   
QSO:   21146 RY 2022-09-25 1935 SV2ESW           599 20  DX   W7ZR             599 03  NV   
QSO:   21148 RY 2022-09-25 1935 SV2ESW           599 20  DX   VA2CZ            599 05  QC   
QSO:   21151 RY 2022-09-25 1936 SV2ESW           599 20  DX   AC4G             599 04  TN   
QSO:   21140 RY 2022-09-25 1937 SV2ESW           599 20  DX   K2CIB            599 05  FL   
QSO:   21122 RY 2022-09-25 1939 SV2ESW           599 20  DX   W4DAN            599 04  TN   
QSO:   21097 RY 2022-09-25 1946 SV2ESW           599 20  DX   ZF2WB            599 08  DX   
QSO:   21101 RY 2022-09-25 1949 SV2ESW           599 20  DX   W4MLB            599 05  FL   
QSO:   21110 RY 2022-09-25 1959 SV2ESW           599 20  DX   N0TA             599 04  CO   
END-OF-LOG:
