START-OF-LOG: 3.0
CONTEST: CQ-WW-RTTY
CALLSIGN: WS5D
LOCATION: NM
CATEGORY-OPERATOR: SINGLE-OP
CATEGORY-ASSISTED: NON-ASSISTED
CATEGORY-BAND: ALL
CATEGORY-POWER: LOW
CATEGORY-MODE: RTTY
CATEGORY-TRANSMITTER: ONE
CATEGORY-OVERLAY:
GRID-LOCATOR: DM84JJ
CLAIMED-SCORE: 546
NAME: Jack Bumgarner
OPERATORS: WS5D
CLUB: EASTERN NEW MEXICO AMATEUR RADIO CLUB
CREATED-BY: N1MM Logger+ 1.0.9657.0
QSO:   14088 RY 2022-09-24 1933 WS5D             599 04  NM   W7RN             599 03  NV   
QSO:   21089 RY 2022-09-24 1935 WS5D             599 04  NM   W7RN             599 03  NV   
QSO:   21096 RY 2022-09-24 1946 WS5D             599 04  NM   W1PR             599 03  CA   
QSO:   21097 RY 2022-09-24 1947 WS5D             599 04  NM   VE7SZ            599 03  BC   
QSO:   21084 RY 2022-09-24 1950 WS5D             599 04  NM   N6WM             599 03  CA   
QSO:   21084 RY 2022-09-24 1952 WS5D             599 04  NM   K5ZD             599 05  MA   
QSO:   21088 RY 2022-09-24 2007 WS5D             599 04  NM   WW4LL            599 04  LA   
QSO:   14080 RY 2022-09-24 2021 WS5D             599 04  NM   K0MD             599 04  MN   
QSO:   14084 RY 2022-09-24 2022 WS5D             599 04  NM   VE3NZ            599 04  ON   
QSO:   14087 RY 2022-09-24 2028 WS5D             599 04  NM   K0TC             599 04  MN   
QSO:   14089 RY 2022-09-24 2047 WS5D             599 04  NM   KB1QU            599 05  SC   
QSO:   14091 RY 2022-09-24 2053 WS5D             599 04  NM   NX0I             599 04  MO   
QSO:   14094 RY 2022-09-24 2057 WS5D             599 04  NM   AI0Y             599 04  MN   
QSO:   14082 RY 2022-09-24 2102 WS5D             599 04  NM   W4BBT            599 05  NC   
QSO:   21092 RY 2022-09-24 2110 WS5D             599 04  NM   K4EA             599 05  GA   
QSO:   21089 RY 2022-09-24 2111 WS5D             599 04  NM   W9PA             599 04  IN   
QSO:   21087 RY 2022-09-24 2114 WS5D             599 04  NM   WC7Q             599 03  WA   
QSO:   21084 RY 2022-09-24 2117 WS5D             599 04  NM   KA6BIM           599 03  OR   
QSO:   21081 RY 2022-09-24 2120 WS5D             599 04  NM   WA1FCN           599 04  AL   
END-OF-LOG:
