START-OF-LOG: 3.0
CREATED-BY: vhfmanager-downloader
CONTEST: ZRS majsko UKV tekmovanje - Official results - VHFManager
CALLSIGN: OE3TFA
CATEGORY: 435 MHz - checklog
CATEGORY-OPERATOR: SINGLE-OP
CATEGORY-ASSISTED: NON-ASSISTED
CATEGORY-TRANSMITTER: ONE
CATEGORY-STATION: FIXED
QSO: 435000 PH 2024-05-04 1643 OE3TFA        59  1 JN78UQ   OE3A          59  50 JN77XX 
QSO: 435000 PH 2024-05-04 1652 OE3TFA        59  2 JN78UQ   OL3Z          59  141 JN79FX
QSO: 435000 PH 2024-05-04 1655 OE3TFA        59  3 JN78UQ   OK2KOJ        59  27 JN79UG 
QSO: 435000 PH 2024-05-04 1658 OE3TFA        59  4 JN78UQ   OK2KEA        59  26 JN89EJ 
QSO: 435000 PH 2024-05-04 1700 OE3TFA        59  5 JN78UQ   OK2OAS        59  27 JN89DO 
QSO: 435000 PH 2024-05-04 1701 OE3TFA        59  6 JN78UQ   OE5D          59  27 JN68PC 
QSO: 435000 PH 2024-05-04 1702 OE3TFA        59  7 JN78UQ   OM3W          59  92 JN99CH 
QSO: 435000 PH 2024-05-04 1704 OE3TFA        59  8 JN78UQ   OK2C          59  78 JN99AJ 
QSO: 435000 PH 2024-05-04 1712 OE3TFA        59  9 JN78UQ   DK0NA         59  150 JO50TI
QSO: 435000 PH 2024-05-04 1715 OE3TFA        59  10 JN78UQ  OK2DGB        59  45 JN79RL 
QSO: 435000 PH 2024-05-04 1717 OE3TFA        59  11 JN78UQ  OM3KII        59  73 JN88UU 
QSO: 435000 PH 2024-05-04 1719 OE3TFA        59  12 JN78UQ  DF0YY         59  112 JO62GD
QSO: 435000 PH 2024-05-04 1723 OE3TFA        59  13 JN78UQ  HA2D          59  58 JN87TB 
QSO: 435000 PH 2024-05-04 1732 OE3TFA        59  14 JN78UQ  S59P          59  105 JN86AO
QSO: 435000 PH 2024-05-04 1937 OE3TFA        59  15 JN78UQ  OM3CQF        59  22 JN88RT 
QSO: 435000 PH 2024-05-04 1940 OE3TFA        59  16 JN78UQ  OK2A          59  217 JO60JJ
QSO: 435000 PH 2024-05-04 1949 OE3TFA        59  17 JN78UQ  DM3F          59  77 JO60OM 
QSO: 435000 PH 2024-05-04 2012 OE3TFA        59  18 JN78UQ  OK6M          59  99 JN99CR 
QSO: 435000 PH 2024-05-04 2023 OE3TFA        59  19 JN78UQ  DL2RMC        59  117 JO50WB
QSO: 435000 PH 2024-05-04 2114 OE3TFA        59  20 JN78UQ  OE3KAR        59  8 JN88EI  
QSO: 435000 PH 2024-05-05 0305 OE3TFA        59  21 JN78UQ  HG7F          59  43 JN97KR 
QSO: 435000 PH 2024-05-05 1125 OE3TFA        59  22 JN78UQ  OK6AB         59  13 JN89AI 
QSO: 435000 PH 2024-05-05 1128 OE3TFA        59  23 JN78UQ  YU7Q          59  81 KN05AO 
QSO: 435000 PH 2024-05-05 1133 OE3TFA        59  24 JN78UQ  HA6W          59  137 KN08FB
QSO: 435000 PH 2024-05-05 1139 OE3TFA        59  25 JN78UQ  OM8A          59  107 JN87WV
QSO: 435000 PH 2024-05-05 1303 OE3TFA        59  26 JN78UQ  OE3CIN        59  12 JN88FO 
QSO: 435000 PH 2024-05-05 1307 OE3TFA        59  27 JN78UQ  OK4C          59  235 JN79BU
END-OF-LOG:
