START-OF-LOG: 3.0
CALLSIGN: UA9XL
CONTEST: CQ-WW-RTTY
CREATED-BY: MixW 2.19
NAME: Anatoly Schvets
OPERATORS: UA9XL
SOAPBOX: TX/RX: Yaesu FT-2000
SOAPBOX: ANT: XL-222 (2el Yagi on 10-15-20m), dipoles
LOCATION: DX
CATEGORY-OPERATOR: SINGLE-OP
CATEGORY-TRANSMITTER: ONE
CATEGORY-ASSISTED: NON-ASSISTED
CATEGORY-BAND: ALL
CATEGORY-POWER: LOW
CATEGORY-MODE: RTTY
CATEGORY-STATION: FIXED
QSO:  3589 RY 2012-09-29 0005 UA9XL         599 17 DX  SP9KDA        599 15 DX  0
QSO:  3579 RY 2012-09-29 0010 UA9XL         599 17 DX  RW4W          599 16 DX  0
QSO:  3575 RY 2012-09-29 0011 UA9XL         599 17 DX  UO1P          599 17 DX  0
QSO:  3599 RY 2012-09-29 0012 UA9XL         599 17 DX  UT7E          599 16 DX  0
QSO:  3592 RY 2012-09-29 0015 UA9XL         599 17 DX  I4AVG         599 15 DX  0
QSO:  3582 RY 2012-09-29 0021 UA9XL         599 17 DX  OK1KSL        599 15 DX  0
QSO:  3599 RY 2012-09-29 0023 UA9XL         599 17 DX  RM5D          599 16 DX  0
QSO:  3587 RY 2012-09-29 0025 UA9XL         599 17 DX  IQ1RY         599 15 DX  0
QSO:  3603 RY 2012-09-29 0026 UA9XL         599 17 DX  DP9A          599 14 DX  0
QSO:  3599 RY 2012-09-29 0028 UA9XL         599 17 DX  OE2E          599 15 DX  0
QSO:  3593 RY 2012-09-29 0032 UA9XL         599 17 DX  EW8DD         599 16 DX  0
QSO:  3593 RY 2012-09-29 0035 UA9XL         599 17 DX  YL2CI         599 15 DX  0
QSO:  3590 RY 2012-09-29 0038 UA9XL         599 17 DX  OL3Z          599 15 DX  0
QSO:  3577 RY 2012-09-29 0041 UA9XL         599 17 DX  OK2SFP        599 15 DX  0
QSO:  3582 RY 2012-09-29 0043 UA9XL         599 17 DX  S51A          599 15 DX  0
QSO:  3584 RY 2012-09-29 0044 UA9XL         599 17 DX  OZ5NJ         599 14 DX  0
QSO:  3585 RY 2012-09-29 0045 UA9XL         599 17 DX  9A5MT         599 15 DX  0
QSO:  3588 RY 2012-09-29 0047 UA9XL         599 17 DX  DF5MA         599 14 DX  0
QSO:  3600 RY 2012-09-29 0052 UA9XL         599 17 DX  DD2ML         599 14 DX  0
QSO:  3600 RY 2012-09-29 0054 UA9XL         599 17 DX  OM5ZW         599 15 DX  0
QSO:  3604 RY 2012-09-29 0055 UA9XL         599 17 DX  HG1S          599 15 DX  0
QSO:  3602 RY 2012-09-29 0056 UA9XL         599 17 DX  DH0GHU        599 14 DX  0
QSO:  3598 RY 2012-09-29 0058 UA9XL         599 17 DX  UA4M          599 16 DX  0
QSO:  3592 RY 2012-09-29 0059 UA9XL         599 17 DX  RK4WWQ        599 16 DX  0
QSO:  3592 RY 2012-09-29 0102 UA9XL         599 17 DX  RC4HAA        599 16 DX  0
QSO:  3571 RY 2012-09-29 0106 UA9XL         599 17 DX  RZ6LV         599 16 DX  0
QSO:  3573 RY 2012-09-29 0112 UA9XL         599 17 DX  YO9HP         599 20 DX  0
QSO:  3575 RY 2012-09-29 0114 UA9XL         599 17 DX  SP9BNM        599 15 DX  0
QSO:  3577 RY 2012-09-29 0116 UA9XL         599 17 DX  DJ3NG         599 14 DX  0
QSO:  3580 RY 2012-09-29 0120 UA9XL         599 17 DX  ER4A          599 16 DX  0
QSO:  3604 RY 2012-09-29 0133 UA9XL         599 17 DX  OH2ET         599 15 DX  0
QSO:  3604 RY 2012-09-29 0135 UA9XL         599 17 DX  UT4EK         599 16 DX  0
QSO:  7035 RY 2012-09-29 0138 UA9XL         599 17 DX  EW1IP         599 16 DX  0
QSO:  7037 RY 2012-09-29 0139 UA9XL         599 17 DX  IK4MGP        599 15 DX  0
QSO:  7038 RY 2012-09-29 0141 UA9XL         599 17 DX  9A1A          599 15 DX  0
QSO:  7039 RY 2012-09-29 0141 UA9XL         599 17 DX  3Z5W          599 15 DX  0
QSO:  7039 RY 2012-09-29 0142 UA9XL         599 17 DX  UW8I          599 16 DX  0
QSO:  7041 RY 2012-09-29 0143 UA9XL         599 17 DX  UX7QV         599 16 DX  0
QSO:  7041 RY 2012-09-29 0144 UA9XL         599 17 DX  OE3K          599 15 DX  0
QSO:  7043 RY 2012-09-29 0145 UA9XL         599 17 DX  EA3GLB        599 14 DX  0
QSO:  7044 RY 2012-09-29 0147 UA9XL         599 17 DX  OL7M          599 15 DX  0
QSO:  7076 RY 2012-09-29 0152 UA9XL         599 17 DX  UT5ECZ        599 16 DX  0
QSO:  7076 RY 2012-09-29 0154 UA9XL         599 17 DX  DL8ZAW        599 14 DX  0
QSO:  7076 RY 2012-09-29 0154 UA9XL         599 17 DX  UA4ANZ        599 16 DX  0
QSO:  7076 RY 2012-09-29 0155 UA9XL         599 17 DX  YU2A          599 15 DX  0
QSO:  7065 RY 2012-09-29 0158 UA9XL         599 17 DX  YL2CI         599 15 DX  0
QSO: 14096 RY 2012-09-29 0222 UA9XL         599 17 DX  W7RN          599 03 NU  0
QSO: 14107 RY 2012-09-29 0233 UA9XL         599 17 DX  VE7YBH        599 03 BC  0
QSO: 14076 RY 2012-09-29 0243 UA9XL         599 17 DX  JT1E          599 23 DX  0
QSO: 14088 RY 2012-09-29 0247 UA9XL         599 17 DX  W7WW          599 03 AZ  0
QSO: 14113 RY 2012-09-29 0251 UA9XL         599 17 DX  K1SFA         599 05 MA  0
QSO: 14103 RY 2012-09-29 0255 UA9XL         599 17 DX  W7PRC         599 03 WA  0
QSO: 14103 RY 2012-09-29 0256 UA9XL         599 17 DX  VE5RI         599 04 SF  0
QSO: 14085 RY 2012-09-29 0303 UA9XL         599 17 DX  EX8AI         599 17 DX  0
QSO: 14085 RY 2012-09-29 0303 UA9XL         599 17 DX  W0ERP         599 04 MN  0
QSO: 14085 RY 2012-09-29 0304 UA9XL         599 17 DX  KB9GSY        599 04 IN  0
QSO: 14085 RY 2012-09-29 0305 UA9XL         599 17 DX  W1UE          599 05 DX  0
QSO: 14085 RY 2012-09-29 0307 UA9XL         599 17 DX  WB0KGN        599 04 MN  0
QSO: 14091 RY 2012-09-29 0310 UA9XL         599 17 DX  KC0BMF        599 04 IA  0
QSO: 14091 RY 2012-09-29 0311 UA9XL         599 17 DX  N7ESU         599 03 ID  0
QSO: 14091 RY 2012-09-29 0311 UA9XL         599 17 DX  EO3Q          599 16 DX  0
QSO: 14091 RY 2012-09-29 0312 UA9XL         599 17 DX  KE9ET         599 04 WI  0
QSO: 14091 RY 2012-09-29 0312 UA9XL         599 17 DX  W3LL          599 05 MD  0
QSO: 14091 RY 2012-09-29 0313 UA9XL         599 17 DX  WX6M          599 03 CA  0
QSO: 14091 RY 2012-09-29 0314 UA9XL         599 17 DX  US7IA         599 16 DX  0
QSO: 14091 RY 2012-09-29 0315 UA9XL         599 17 DX  KW7XX         599 03 WA  0
QSO: 14083 RY 2012-09-29 0323 UA9XL         599 17 DX  K9QVB/9       599 04 WI  0
QSO: 14083 RY 2012-09-29 0326 UA9XL         599 17 DX  WE0JZK        599 04 VO  0
QSO: 14083 RY 2012-09-29 0327 UA9XL         599 17 DX  K0RC          599 04 MN  0
QSO: 14083 RY 2012-09-29 0328 UA9XL         599 17 DX  K8KI          599 04 AL  0
QSO: 14084 RY 2012-09-29 0350 UA9XL         599 17 DX  SP4YPB        599 15 DX  0
QSO: 14113 RY 2012-09-29 0355 UA9XL         599 17 DX  NC7M          599 03 OR  0
QSO: 14113 RY 2012-09-29 0356 UA9XL         599 17 DX  N8BJQ         599 04 OH  0
QSO: 14110 RY 2012-09-29 0357 UA9XL         599 17 DX  LN5O          599 14 DX  0
QSO: 14109 RY 2012-09-29 0358 UA9XL         599 17 DX  R3GMT         599 16 DX  0
QSO: 14093 RY 2012-09-29 0405 UA9XL         599 17 DX  UZ2M          599 16 DX  0
QSO: 14119 RY 2012-09-29 0414 UA9XL         599 17 DX  HG1S          599 15 DX  0
QSO: 14115 RY 2012-09-29 0415 UA9XL         599 17 DX  VE7SV         599 03 BC  0
QSO: 14110 RY 2012-09-29 0416 UA9XL         599 17 DX  OH4A          599 15 DX  0
QSO: 14122 RY 2012-09-29 0422 UA9XL         599 17 DX  K7QQI         599 03 WA  0
QSO: 14118 RY 2012-09-29 0424 UA9XL         599 17 DX  OH0I          599 15 DX  0
QSO: 14118 RY 2012-09-29 0424 UA9XL         599 17 DX  W6OAT         599 05 VA  0
QSO: 14076 RY 2012-09-29 0429 UA9XL         599 17 DX  OH2ET         599 15 DX  0
QSO: 14077 RY 2012-09-29 0430 UA9XL         599 17 DX  US0MM         599 16 DX  0
QSO: 14121 RY 2012-09-29 0432 UA9XL         599 17 DX  K7QQ          599 03 WA  0
QSO: 14121 RY 2012-09-29 0433 UA9XL         599 17 DX  LS1D          599 13 DX  0
QSO: 14117 RY 2012-09-29 0435 UA9XL         599 17 DX  KA4RRU        599 05 VA  0
QSO: 14090 RY 2012-09-29 0444 UA9XL         599 17 DX  EU6AF         599 16 DX  0
QSO: 21100 RY 2012-09-29 0446 UA9XL         599 17 DX  ER4A          599 16 DX  0
QSO: 21094 RY 2012-09-29 0447 UA9XL         599 17 DX  OL8M          599 15 DX  0
QSO: 21091 RY 2012-09-29 0448 UA9XL         599 17 DX  R9OSN         599 18 DX  0
QSO: 21091 RY 2012-09-29 0449 UA9XL         599 17 DX  IV3TMV        599 15 DX  0
QSO: 21091 RY 2012-09-29 0452 UA9XL         599 17 DX  IK4RQJ        599 15 DX  0
QSO: 21091 RY 2012-09-29 0453 UA9XL         599 17 DX  JA1BNW        599 25 DX  0
QSO: 21091 RY 2012-09-29 0455 UA9XL         599 17 DX  OK2VWB        599 15 DX  0
QSO: 21081 RY 2012-09-29 0457 UA9XL         599 17 DX  9A2CD         599 15 DX  0
QSO: 21081 RY 2012-09-29 0459 UA9XL         599 17 DX  YO2RR         599 20 DX  0
QSO: 21082 RY 2012-09-29 0500 UA9XL         599 17 DX  DO4DXA        599 14 DX  0
QSO: 21084 RY 2012-09-29 0502 UA9XL         599 17 DX  SP2IW         599 15 DX  0
QSO: 21084 RY 2012-09-29 0502 UA9XL         599 17 DX  OK1AWH        599 15 DX  0
QSO: 21084 RY 2012-09-29 0503 UA9XL         599 17 DX  IW2MYH        599 15 DX  0
QSO: 21084 RY 2012-09-29 0505 UA9XL         599 17 DX  HG1A          599 15 DX  0
QSO: 21074 RY 2012-09-29 0506 UA9XL         599 17 DX  OK3C          599 15 DX  0
QSO: 21078 RY 2012-09-29 0507 UA9XL         599 17 DX  9A5BWW        599 15 DX  0
QSO: 28099 RY 2012-09-29 0510 UA9XL         599 17 DX  JE1LFX        599 25 DX  0
QSO: 28084 RY 2012-09-29 0518 UA9XL         599 17 DX  R0FA          599 19 DX  0
QSO: 28101 RY 2012-09-29 0520 UA9XL         599 17 DX  JA1XPH        599 25 DX  0
QSO: 28088 RY 2012-09-29 0521 UA9XL         599 17 DX  RU0LI         599 19 DX  0
QSO: 28085 RY 2012-09-29 0524 UA9XL         599 17 DX  UB0A          599 18 DX  0
QSO: 28097 RY 2012-09-29 0527 UA9XL         599 17 DX  RW0A          599 18 DX  0
QSO: 21077 RY 2012-09-29 0531 UA9XL         599 17 DX  S51A          599 15 DX  0
QSO: 21108 RY 2012-09-29 0534 UA9XL         599 17 DX  EU4CQ         599 16 DX  0
QSO: 21103 RY 2012-09-29 0536 UA9XL         599 17 DX  UZ2M          599 16 DX  0
QSO: 21103 RY 2012-09-29 0538 UA9XL         599 17 DX  9A5Y          599 15 DX  0
QSO: 21103 RY 2012-09-29 0539 UA9XL         599 17 DX  DO8AH         599 14 DX  0
QSO: 21103 RY 2012-09-29 0539 UA9XL         599 17 DX  SV9/DJ9XB     599 20 DX  0
QSO: 21093 RY 2012-09-29 0544 UA9XL         599 17 DX  UX1IL         599 16 DX  0
QSO: 21086 RY 2012-09-29 0547 UA9XL         599 17 DX  3Z2X          599 15 DX  0
QSO: 21115 RY 2012-09-29 0551 UA9XL         599 17 DX  EF7E          599 14 DX  0
QSO: 14095 RY 2012-09-29 0555 UA9XL         599 17 DX  UR5ETN        599 16 DX  0
QSO: 14095 RY 2012-09-29 0556 UA9XL         599 17 DX  EW8OW         599 16 DX  0
QSO: 14076 RY 2012-09-29 0558 UA9XL         599 17 DX  UW5U          599 16 DX  0
QSO: 14077 RY 2012-09-29 0600 UA9XL         599 17 DX  YU2A          599 15 DX  0
QSO: 14118 RY 2012-09-29 0603 UA9XL         599 17 DX  KH6ZM         599 31 DX  0
QSO: 14113 RY 2012-09-29 0607 UA9XL         599 17 DX  UA3UMF        599 16 DX  0
QSO: 14111 RY 2012-09-29 0609 UA9XL         599 17 DX  R9MJ          599 17 DX  0
QSO: 14076 RY 2012-09-29 0611 UA9XL         599 17 DX  UW0K          599 16 DX  0
QSO: 14079 RY 2012-09-29 0612 UA9XL         599 17 DX  IZ6TSA        599 15 DX  0
QSO: 14083 RY 2012-09-29 0617 UA9XL         599 17 DX  G4ZOY         599 14 DX  0
QSO: 14099 RY 2012-09-29 0620 UA9XL         599 17 DX  US2IOO        599 16 DX  0
QSO: 14099 RY 2012-09-29 0620 UA9XL         599 17 DX  UT3RS         599 16 DX  0
QSO: 14099 RY 2012-09-29 0624 UA9XL         599 17 DX  S50XX         599 15 DX  0
QSO: 28085 RY 2012-09-29 0629 UA9XL         599 17 DX  F8CRS         599 14 DX  0
QSO: 28085 RY 2012-09-29 0630 UA9XL         599 17 DX  UU9JQ         599 16 DX  0
QSO: 28085 RY 2012-09-29 0631 UA9XL         599 17 DX  DJ3OS         599 14 DX  0
QSO: 28085 RY 2012-09-29 0631 UA9XL         599 17 DX  YO2IS         599 20 DX  0
QSO: 28085 RY 2012-09-29 0632 UA9XL         599 17 DX  OK1EP         599 15 DX  0
QSO: 28084 RY 2012-09-29 0634 UA9XL         599 17 DX  SN9V          599 15 DX  0
QSO: 28090 RY 2012-09-29 0636 UA9XL         599 17 DX  IK7CMY        599 15 DX  0
QSO: 28118 RY 2012-09-29 0638 UA9XL         599 17 DX  OK1DBE        599 15 DX  0
QSO: 28119 RY 2012-09-29 0647 UA9XL         599 17 DX  JA5EXW        599 25 DX  0
QSO: 28081 RY 2012-09-29 0651 UA9XL         599 17 DX  DL8ZU         599 14 DX  0
QSO: 28081 RY 2012-09-29 0651 UA9XL         599 17 DX  DG1EZ         599 14 DX  0
QSO: 28081 RY 2012-09-29 0652 UA9XL         599 17 DX  F6AVL         599 14 DX  0
QSO: 28081 RY 2012-09-29 0653 UA9XL         599 17 DX  SP7PTK        599 15 DX  0
QSO: 28091 RY 2012-09-29 0655 UA9XL         599 17 DX  DJ7JC         599 14 DX  0
QSO: 28091 RY 2012-09-29 0655 UA9XL         599 17 DX  YO2LDU        599 20 DX  0
QSO: 28091 RY 2012-09-29 0656 UA9XL         599 17 DX  JA6IZZ        599 25 DX  0
QSO: 28099 RY 2012-09-29 0658 UA9XL         599 17 DX  OK2PQS        599 15 DX  0
QSO: 28099 RY 2012-09-29 0659 UA9XL         599 17 DX  SQ9UM         599 15 DX  0
QSO: 28099 RY 2012-09-29 0659 UA9XL         599 17 DX  YO3JF         599 20 DX  0
QSO: 28099 RY 2012-09-29 0701 UA9XL         599 17 DX  YO5CRQ        599 20 DX  0
QSO: 28099 RY 2012-09-29 0702 UA9XL         599 17 DX  9A2DI         599 15 DX  0
QSO: 28099 RY 2012-09-29 0703 UA9XL         599 17 DX  DD1JN         599 14 DX  0
QSO: 28099 RY 2012-09-29 0703 UA9XL         599 17 DX  DJ1OJ         599 14 DX  0
QSO: 28099 RY 2012-09-29 0704 UA9XL         599 17 DX  OK8DD         599 15 DX  0
QSO: 28099 RY 2012-09-29 0704 UA9XL         599 17 DX  DO3ME         599 14 DX  0
QSO: 28099 RY 2012-09-29 0705 UA9XL         599 17 DX  I0HJN         599 15 DX  0
QSO: 28099 RY 2012-09-29 0706 UA9XL         599 17 DX  DL5GAC        599 14 DX  0
QSO: 28099 RY 2012-09-29 0707 UA9XL         599 17 DX  E73KN         599 15 DX  0
QSO: 28099 RY 2012-09-29 0708 UA9XL         599 17 DX  Z31MM         599 15 DX  0
QSO: 28099 RY 2012-09-29 0708 UA9XL         599 17 DX  YO6HSU        599 20 DX  0
QSO: 28099 RY 2012-09-29 0709 UA9XL         599 17 DX  OK6RW         599 15 DX  0
QSO: 28099 RY 2012-09-29 0709 UA9XL         599 17 DX  HG1S          599 15 DX  0
QSO: 28099 RY 2012-09-29 0710 UA9XL         599 17 DX  IK7NXU        599 15 DX  0
QSO: 28099 RY 2012-09-29 0711 UA9XL         599 17 DX  PA2IP         599 14 DX  0
QSO: 28099 RY 2012-09-29 0712 UA9XL         599 17 DX  YO4DTB        599 20 DX  0
QSO: 28099 RY 2012-09-29 0713 UA9XL         599 17 DX  YO4BTB        599 20 DX  0
QSO: 28099 RY 2012-09-29 0713 UA9XL         599 17 DX  ON4CAS        599 14 DX  0
QSO: 28099 RY 2012-09-29 0714 UA9XL         599 17 DX  OK2PAD        599 15 DX  0
QSO: 28099 RY 2012-09-29 0716 UA9XL         599 17 DX  OK2SPD        599 15 DX  0
QSO: 28099 RY 2012-09-29 0716 UA9XL         599 17 DX  HA0LW         599 15 DX  0
QSO: 28099 RY 2012-09-29 0717 UA9XL         599 17 DX  LZ8E          599 20 DX  0
QSO: 28099 RY 2012-09-29 0718 UA9XL         599 17 DX  I0UZF         599 15 DX  0
QSO: 28081 RY 2012-09-29 0720 UA9XL         599 17 DX  DH5AO         599 14 DX  0
QSO: 28081 RY 2012-09-29 0721 UA9XL         599 17 DX  DL2FBY        599 14 DX  0
QSO: 28081 RY 2012-09-29 0722 UA9XL         599 17 DX  UT0NN         599 16 DX  0
QSO: 28081 RY 2012-09-29 0723 UA9XL         599 17 DX  RU6CH         599 16 DX  0
QSO: 28081 RY 2012-09-29 0723 UA9XL         599 17 DX  DG7UX         599 14 DX  0
QSO: 28081 RY 2012-09-29 0725 UA9XL         599 17 DX  DL5IF         599 14 DX  0
QSO: 28081 RY 2012-09-29 0725 UA9XL         599 17 DX  DJ3JD         599 14 DX  0
QSO: 28081 RY 2012-09-29 0726 UA9XL         599 17 DX  DL4ME         599 14 DX  0
QSO: 28081 RY 2012-09-29 0727 UA9XL         599 17 DX  F5VBT         599 14 DX  0
QSO: 28081 RY 2012-09-29 0727 UA9XL         599 17 DX  HG1A          599 15 DX  0
QSO: 28081 RY 2012-09-29 0728 UA9XL         599 17 DX  OK7CM         599 15 DX  0
QSO: 28081 RY 2012-09-29 0729 UA9XL         599 17 DX  DK6AR         599 14 DX  0
QSO: 28081 RY 2012-09-29 0729 UA9XL         599 17 DX  SP9BNM        599 15 DX  0
QSO: 28081 RY 2012-09-29 0729 UA9XL         599 17 DX  SP3DOF        599 15 DX  0
QSO: 28081 RY 2012-09-29 0731 UA9XL         599 17 DX  UA4NC         599 16 DX  0
QSO: 28081 RY 2012-09-29 0731 UA9XL         599 17 DX  DL3SYA        599 14 DX  0
QSO: 28081 RY 2012-09-29 0732 UA9XL         599 17 DX  UA4NC         599 16 DX  0
QSO: 28081 RY 2012-09-29 0734 UA9XL         599 17 DX  OH9R          599 15 DX  0
QSO: 28081 RY 2012-09-29 0734 UA9XL         599 17 DX  YO9CWY        599 20 DX  0
QSO: 28081 RY 2012-09-29 0735 UA9XL         599 17 DX  OK4BX         599 15 DX  0
QSO: 28081 RY 2012-09-29 0737 UA9XL         599 17 DX  IZ0HAP        599 15 DX  0
QSO: 28081 RY 2012-09-29 0737 UA9XL         599 17 DX  DG0CG         599 14 DX  0
QSO: 28081 RY 2012-09-29 0738 UA9XL         599 17 DX  IK0EFR        599 15 DX  0
QSO: 28081 RY 2012-09-29 0740 UA9XL         599 17 DX  UT5JCE        599 16 DX  0
QSO: 28081 RY 2012-09-29 0740 UA9XL         599 17 DX  HB9CIC        599 14 DX  0
QSO: 28081 RY 2012-09-29 0741 UA9XL         599 17 DX  PD4WIM        599 14 DX  0
QSO: 28081 RY 2012-09-29 0741 UA9XL         599 17 DX  DJ4MH         599 14 DX  0
QSO: 28081 RY 2012-09-29 0742 UA9XL         599 17 DX  IK2TDM        599 15 DX  0
QSO: 28081 RY 2012-09-29 0742 UA9XL         599 17 DX  IW2MYH        599 15 DX  0
QSO: 28081 RY 2012-09-29 0743 UA9XL         599 17 DX  YT2U          599 15 DX  0
QSO: 28081 RY 2012-09-29 0743 UA9XL         599 17 DX  DG5OBB        599 14 DX  0
QSO: 28081 RY 2012-09-29 0744 UA9XL         599 17 DX  5P1C          599 14 DX  0
QSO: 28081 RY 2012-09-29 0745 UA9XL         599 17 DX  PD0RXP        599 14 DX  0
QSO: 28081 RY 2012-09-29 0745 UA9XL         599 17 DX  DL1YM         599 14 DX  0
QSO: 28081 RY 2012-09-29 0746 UA9XL         599 17 DX  ON4KEB        599 14 DX  0
QSO: 28081 RY 2012-09-29 0747 UA9XL         599 17 DX  DF1IAQ        599 14 DX  0
QSO: 28081 RY 2012-09-29 0747 UA9XL         599 17 DX  OK2UHP        599 15 DX  0
QSO: 28081 RY 2012-09-29 0748 UA9XL         599 17 DX  9A4P          599 15 DX  0
QSO: 28081 RY 2012-09-29 0749 UA9XL         599 17 DX  G4SGI         599 14 DX  0
QSO: 28081 RY 2012-09-29 0749 UA9XL         599 17 DX  SP6TRX        599 15 DX  0
QSO: 28081 RY 2012-09-29 0750 UA9XL         599 17 DX  G3RKJ         599 14 DX  0
QSO: 28081 RY 2012-09-29 0751 UA9XL         599 17 DX  DL1LH         599 14 DX  0
QSO: 28081 RY 2012-09-29 0751 UA9XL         599 17 DX  UA7G          599 16 DX  0
QSO: 28081 RY 2012-09-29 0752 UA9XL         599 17 DX  DL2LMS        599 14 DX  0
QSO: 28081 RY 2012-09-29 0754 UA9XL         599 17 DX  DJ1AA         599 14 DX  0
QSO: 28081 RY 2012-09-29 0754 UA9XL         599 17 DX  DO6GZ         599 14 DX  0
QSO: 28081 RY 2012-09-29 0755 UA9XL         599 17 DX  ON4TO         599 14 DX  0
QSO: 28081 RY 2012-09-29 0756 UA9XL         599 17 DX  PD0DK         599 14 DX  0
QSO: 28081 RY 2012-09-29 0757 UA9XL         599 17 DX  SP9BGS        599 15 DX  0
QSO: 28081 RY 2012-09-29 0757 UA9XL         599 17 DX  DF1HF         599 14 DX  0
QSO: 28081 RY 2012-09-29 0758 UA9XL         599 17 DX  SP1QXK        599 15 DX  0
QSO: 28081 RY 2012-09-29 0758 UA9XL         599 17 DX  IW6NZY        599 15 DX  0
QSO: 28081 RY 2012-09-29 0759 UA9XL         599 17 DX  PA4B          599 14 DX  0
QSO: 28081 RY 2012-09-29 0759 UA9XL         599 17 DX  HA6NN         599 15 DX  0
QSO: 28081 RY 2012-09-29 0800 UA9XL         599 17 DX  S57AL         599 15 DX  0
QSO: 28081 RY 2012-09-29 0800 UA9XL         599 17 DX  DM5GI         599 14 DX  0
QSO: 28081 RY 2012-09-29 0801 UA9XL         599 17 DX  DJ6UP         599 14 DX  0
QSO: 28081 RY 2012-09-29 0802 UA9XL         599 17 DX  IZ1JLN        599 15 DX  0
QSO: 28081 RY 2012-09-29 0802 UA9XL         599 17 DX  OK1ITK        599 15 DX  0
QSO: 28081 RY 2012-09-29 0803 UA9XL         599 17 DX  DF8JE         599 14 DX  0
QSO: 28081 RY 2012-09-29 0803 UA9XL         599 17 DX  F5TLZ         599 14 DX  0
QSO: 28081 RY 2012-09-29 0804 UA9XL         599 17 DX  DL1STG        599 14 DX  0
QSO: 28081 RY 2012-09-29 0805 UA9XL         599 17 DX  DL8UO         599 14 DX  0
QSO: 28081 RY 2012-09-29 0806 UA9XL         599 17 DX  DL1DTL        599 14 DX  0
QSO: 28080 RY 2012-09-29 0808 UA9XL         599 17 DX  DL1NHW        599 14 DX  0
QSO: 28080 RY 2012-09-29 0809 UA9XL         599 17 DX  YO9HP         599 20 DX  0
QSO: 28080 RY 2012-09-29 0809 UA9XL         599 17 DX  DH7LF         599 14 DX  0
QSO: 28080 RY 2012-09-29 0810 UA9XL         599 17 DX  SP6MLX        599 15 DX  0
QSO: 28080 RY 2012-09-29 0811 UA9XL         599 17 DX  DK1AX         599 14 DX  0
QSO: 28080 RY 2012-09-29 0811 UA9XL         599 17 DX  PA0MIR        599 14 DX  0
QSO: 28080 RY 2012-09-29 0812 UA9XL         599 17 DX  SP9AUV        599 15 DX  0
QSO: 28080 RY 2012-09-29 0813 UA9XL         599 17 DX  G4MUL         599 14 DX  0
QSO: 28080 RY 2012-09-29 0814 UA9XL         599 17 DX  PD0MHZ        599 14 DX  0
QSO: 28080 RY 2012-09-29 0814 UA9XL         599 17 DX  DL7VOG        599 14 DX  0
QSO: 28080 RY 2012-09-29 0815 UA9XL         599 17 DX  OM0DX         599 15 DX  0
QSO: 28080 RY 2012-09-29 0815 UA9XL         599 17 DX  DL1RYD        599 14 DX  0
QSO: 28080 RY 2012-09-29 0816 UA9XL         599 17 DX  HA7MW         599 15 DX  0
QSO: 28080 RY 2012-09-29 0816 UA9XL         599 17 DX  IN3BFW        599 15 DX  0
QSO: 28080 RY 2012-09-29 0817 UA9XL         599 17 DX  9A203JB       599 15 DX  0
QSO: 28080 RY 2012-09-29 0819 UA9XL         599 17 DX  S51K          599 15 DX  0
QSO: 28080 RY 2012-09-29 0820 UA9XL         599 17 DX  DL1DVE        599 14 DX  0
QSO: 28080 RY 2012-09-29 0820 UA9XL         599 17 DX  DK4VY         599 14 DX  0
QSO: 28080 RY 2012-09-29 0821 UA9XL         599 17 DX  OK7O          599 15 DX  0
QSO: 28080 RY 2012-09-29 0821 UA9XL         599 17 DX  OM5ZW         599 15 DX  0
QSO: 28080 RY 2012-09-29 0822 UA9XL         599 17 DX  SP9UNX        599 15 DX  0
QSO: 28080 RY 2012-09-29 0822 UA9XL         599 17 DX  DL4FCH        599 14 DX  0
QSO: 28080 RY 2012-09-29 0823 UA9XL         599 17 DX  OP4A          599 14 DX  0
QSO: 28080 RY 2012-09-29 0824 UA9XL         599 17 DX  EE7Y          599 14 DX  0
QSO: 28080 RY 2012-09-29 0825 UA9XL         599 17 DX  DM3HZN        599 14 DX  0
QSO: 28080 RY 2012-09-29 0825 UA9XL         599 17 DX  SP6GCU        599 15 DX  0
QSO: 28080 RY 2012-09-29 0826 UA9XL         599 17 DX  DK7FP         599 14 DX  0
QSO: 28080 RY 2012-09-29 0827 UA9XL         599 17 DX  DL8RDL        599 14 DX  0
QSO: 28080 RY 2012-09-29 0827 UA9XL         599 17 DX  DL2GX         599 14 DX  0
QSO: 28080 RY 2012-09-29 0828 UA9XL         599 17 DX  PA3DBS        599 14 DX  0
QSO: 28080 RY 2012-09-29 0828 UA9XL         599 17 DX  YU1LM/QRP     599 15 DX  0
QSO: 28080 RY 2012-09-29 0829 UA9XL         599 17 DX  PA8KW         599 14 DX  0
QSO: 28080 RY 2012-09-29 0830 UA9XL         599 17 DX  SP3GXH        599 15 DX  0
QSO: 28080 RY 2012-09-29 0831 UA9XL         599 17 DX  IK5FKF        599 15 DX  0
QSO: 28080 RY 2012-09-29 0832 UA9XL         599 17 DX  DC9ZP         599 14 DX  0
QSO: 28080 RY 2012-09-29 0834 UA9XL         599 17 DX  OK2RN         599 15 DX  0
QSO: 28080 RY 2012-09-29 0834 UA9XL         599 17 DX  DL8ZAW        599 14 DX  0
QSO: 28080 RY 2012-09-29 0835 UA9XL         599 17 DX  S54AAC        599 15 DX  0
QSO: 28080 RY 2012-09-29 0836 UA9XL         599 17 DX  SN7Q          599 15 DX  0
QSO: 28080 RY 2012-09-29 0837 UA9XL         599 17 DX  HB9TOC        599 14 DX  0
QSO: 28080 RY 2012-09-29 0837 UA9XL         599 17 DX  DJ2IA         599 14 DX  0
QSO: 28080 RY 2012-09-29 0838 UA9XL         599 17 DX  OM7OM         599 15 DX  0
QSO: 28080 RY 2012-09-29 0839 UA9XL         599 17 DX  DH1AKG        599 14 DX  0
QSO: 21092 RY 2012-09-29 0846 UA9XL         599 17 DX  M5LRO         599 14 DX  0
QSO: 14078 RY 2012-09-29 0855 UA9XL         599 17 DX  UA9/RN0CF     599 17 DX  0
QSO: 14078 RY 2012-09-29 0856 UA9XL         599 17 DX  DA0CA         599 14 DX  0
QSO: 14078 RY 2012-09-29 0857 UA9XL         599 17 DX  R2MA          599 16 DX  0
QSO: 14078 RY 2012-09-29 0858 UA9XL         599 17 DX  DL2NYC        599 14 DX  0
QSO: 14078 RY 2012-09-29 0859 UA9XL         599 17 DX  ON3DI         599 14 DX  0
QSO: 14078 RY 2012-09-29 0900 UA9XL         599 17 DX  FM5CD         599 08 DX  0
QSO: 14078 RY 2012-09-29 0900 UA9XL         599 17 DX  RW4WZ         599 16 DX  0
QSO: 14078 RY 2012-09-29 0902 UA9XL         599 17 DX  RL3QCS        599 16 DX  0
QSO: 14078 RY 2012-09-29 0902 UA9XL         599 17 DX  IQ2CU         599 15 DX  0
QSO: 14078 RY 2012-09-29 0903 UA9XL         599 17 DX  ES1LS         599 15 DX  0
QSO: 14078 RY 2012-09-29 0903 UA9XL         599 17 DX  DK1AX         599 14 DX  0
QSO: 14078 RY 2012-09-29 0903 UA9XL         599 17 DX  US0MS         599 16 DX  0
QSO: 14078 RY 2012-09-29 0904 UA9XL         599 17 DX  US7IS         599 16 DX  0
QSO: 14078 RY 2012-09-29 0904 UA9XL         599 17 DX  SP2MKZ        599 15 DX  0
QSO: 14078 RY 2012-09-29 0905 UA9XL         599 17 DX  HA7YS         599 15 DX  0
QSO: 14078 RY 2012-09-29 0905 UA9XL         599 17 DX  UR5PG         599 16 DX  0
QSO: 14078 RY 2012-09-29 0906 UA9XL         599 17 DX  PA3AQL        599 14 DX  0
QSO: 14078 RY 2012-09-29 0908 UA9XL         599 17 DX  DK4WO         599 14 DX  0
QSO: 14078 RY 2012-09-29 0910 UA9XL         599 17 DX  RA9DF         599 17 DX  0
QSO: 28080 RY 2012-09-29 0914 UA9XL         599 17 DX  I2VGZ         599 15 DX  0
QSO: 28080 RY 2012-09-29 0916 UA9XL         599 17 DX  SP3GAX        599 15 DX  0
QSO: 28080 RY 2012-09-29 0917 UA9XL         599 17 DX  OK1IC         599 15 DX  0
QSO: 28080 RY 2012-09-29 0917 UA9XL         599 17 DX  IK1SOW        599 15 DX  0
QSO: 28080 RY 2012-09-29 0917 UA9XL         599 17 DX  PI4W          599 14 DX  0
QSO: 28080 RY 2012-09-29 0919 UA9XL         599 17 DX  DL6NCY        599 14 DX  0
QSO: 28081 RY 2012-09-29 0920 UA9XL         599 17 DX  YO4RST        599 20 DX  0
QSO: 28081 RY 2012-09-29 0921 UA9XL         599 17 DX  DK2AT         599 14 DX  0
QSO: 28081 RY 2012-09-29 0922 UA9XL         599 17 DX  9A3TY         599 15 DX  0
QSO: 28081 RY 2012-09-29 0923 UA9XL         599 17 DX  DH0GAS        599 14 DX  0
QSO: 28081 RY 2012-09-29 0923 UA9XL         599 17 DX  DJ9MH         599 14 DX  0
QSO: 28081 RY 2012-09-29 0924 UA9XL         599 17 DX  YO6FPW        599 20 DX  0
QSO: 28081 RY 2012-09-29 0924 UA9XL         599 17 DX  SP1DMD        599 15 DX  0
QSO: 28081 RY 2012-09-29 0925 UA9XL         599 17 DX  DL1EJD        599 14 DX  0
QSO: 28081 RY 2012-09-29 0926 UA9XL         599 17 DX  SQ1K          599 15 DX  0
QSO: 28081 RY 2012-09-29 0927 UA9XL         599 17 DX  YO5BYV        599 20 DX  0
QSO: 28081 RY 2012-09-29 0927 UA9XL         599 17 DX  SQ2RCK        599 15 DX  0
QSO: 28081 RY 2012-09-29 0928 UA9XL         599 17 DX  HG3FMZ        599 15 DX  0
QSO: 28074 RY 2012-09-29 0930 UA9XL         599 17 DX  LZ6C          599 20 DX  0
QSO: 28074 RY 2012-09-29 0931 UA9XL         599 17 DX  DK5QN         599 14 DX  0
QSO: 28088 RY 2012-09-29 0932 UA9XL         599 17 DX  F5JY          599 14 DX  0
QSO: 28091 RY 2012-09-29 0933 UA9XL         599 17 DX  R8XF          599 17 DX  0
QSO: 28102 RY 2012-09-29 0937 UA9XL         599 17 DX  OK1KSL        599 15 DX  0
QSO: 28102 RY 2012-09-29 0939 UA9XL         599 17 DX  G8BMP         599 14 DX  0
QSO: 28102 RY 2012-09-29 0940 UA9XL         599 17 DX  HA1SN         599 15 DX  0
QSO: 28102 RY 2012-09-29 0941 UA9XL         599 17 DX  UN8GV         599 17 DX  0
QSO: 28102 RY 2012-09-29 0941 UA9XL         599 17 DX  DL3KVR        599 14 DX  0
QSO: 28102 RY 2012-09-29 0941 UA9XL         599 17 DX  JA7QVI        599 25 DX  0
QSO: 28102 RY 2012-09-29 0942 UA9XL         599 17 DX  YO2LXW        599 20 DX  0
QSO: 28102 RY 2012-09-29 0943 UA9XL         599 17 DX  HA5AWT        599 15 DX  0
QSO: 28102 RY 2012-09-29 0943 UA9XL         599 17 DX  IK7RVY        599 15 DX  0
QSO: 28102 RY 2012-09-29 0944 UA9XL         599 17 DX  DL4FAP        599 14 DX  0
QSO: 28102 RY 2012-09-29 0945 UA9XL         599 17 DX  IK5ZTT        599 15 DX  0
QSO: 28102 RY 2012-09-29 0945 UA9XL         599 17 DX  LA9TY         599 14 DX  0
QSO: 28102 RY 2012-09-29 0946 UA9XL         599 17 DX  OV1A          599 14 DX  0
QSO: 28102 RY 2012-09-29 0946 UA9XL         599 17 DX  DD2ML         599 14 DX  0
QSO: 28102 RY 2012-09-29 0947 UA9XL         599 17 DX  OE2E          599 15 DX  0
QSO: 28102 RY 2012-09-29 0947 UA9XL         599 17 DX  SF6DX         599 14 DX  0
QSO: 28102 RY 2012-09-29 0948 UA9XL         599 17 DX  SP3IC         599 15 DX  0
QSO: 28102 RY 2012-09-29 0950 UA9XL         599 17 DX  OZ1AXG        599 14 DX  0
QSO: 28102 RY 2012-09-29 0950 UA9XL         599 17 DX  ON4APU        599 14 DX  0
QSO: 28102 RY 2012-09-29 0952 UA9XL         599 17 DX  IK5GQK        599 15 DX  0
QSO: 28102 RY 2012-09-29 0952 UA9XL         599 17 DX  DL4NN         599 14 DX  0
QSO: 28102 RY 2012-09-29 0953 UA9XL         599 17 DX  JA6BZI        599 25 DX  0
QSO: 28102 RY 2012-09-29 0954 UA9XL         599 17 DX  DM5JBN        599 14 DX  0
QSO: 28102 RY 2012-09-29 0955 UA9XL         599 17 DX  DK4IO         599 14 DX  0
QSO: 28102 RY 2012-09-29 0957 UA9XL         599 17 DX  LA8PDA        599 14 DX  0
QSO: 28102 RY 2012-09-29 0957 UA9XL         599 17 DX  DO8ABS        599 14 DX  0
QSO: 28102 RY 2012-09-29 0958 UA9XL         599 17 DX  S50XX         599 15 DX  0
QSO: 28102 RY 2012-09-29 0959 UA9XL         599 17 DX  DD1A          599 14 DX  0
QSO: 28102 RY 2012-09-29 1000 UA9XL         599 17 DX  DF3EH         599 14 DX  0
QSO: 28102 RY 2012-09-29 1001 UA9XL         599 17 DX  PA3EMN        599 14 DX  0
QSO: 28102 RY 2012-09-29 1001 UA9XL         599 17 DX  HB9CAL        599 14 DX  0
QSO: 28102 RY 2012-09-29 1002 UA9XL         599 17 DX  IK2XDE        599 15 DX  0
QSO: 28102 RY 2012-09-29 1002 UA9XL         599 17 DX  DJ8OG         599 14 DX  0
QSO: 28102 RY 2012-09-29 1003 UA9XL         599 17 DX  F5RD          599 14 DX  0
QSO: 28102 RY 2012-09-29 1003 UA9XL         599 17 DX  G3VIP         599 14 DX  0
QSO: 28102 RY 2012-09-29 1005 UA9XL         599 17 DX  DL4CW         599 14 DX  0
QSO: 28102 RY 2012-09-29 1005 UA9XL         599 17 DX  DF2TT         599 14 DX  0
QSO: 28102 RY 2012-09-29 1010 UA9XL         599 17 DX  EA8URL        599 33 DX  0
QSO: 21074 RY 2012-09-29 1015 UA9XL         599 17 DX  OH0Z          599 15 DX  0
QSO: 21074 RY 2012-09-29 1016 UA9XL         599 17 DX  UT8EL         599 16 DX  0
QSO: 21104 RY 2012-09-29 1021 UA9XL         599 17 DX  GM3W          599 14 DX  0
QSO: 21082 RY 2012-09-29 1023 UA9XL         599 17 DX  SP4LVK        599 15 DX  0
QSO: 21083 RY 2012-09-29 1026 UA9XL         599 17 DX  EW6DM         599 16 DX  0
QSO: 21086 RY 2012-09-29 1028 UA9XL         599 17 DX  M0CFW         599 14 DX  0
QSO: 21086 RY 2012-09-29 1030 UA9XL         599 17 DX  HB9CAM        599 14 DX  0
QSO: 21086 RY 2012-09-29 1031 UA9XL         599 17 DX  UT5PQ         599 16 DX  0
QSO: 21086 RY 2012-09-29 1031 UA9XL         599 17 DX  UR5ETN        599 16 DX  0
QSO: 21086 RY 2012-09-29 1032 UA9XL         599 17 DX  DK1AX         599 14 DX  0
QSO: 21086 RY 2012-09-29 1032 UA9XL         599 17 DX  R7MM          599 16 DX  0
QSO: 21086 RY 2012-09-29 1033 UA9XL         599 17 DX  IV3XZG        599 15 DX  0
QSO: 21086 RY 2012-09-29 1033 UA9XL         599 17 DX  YL2CI         599 15 DX  0
QSO: 21086 RY 2012-09-29 1034 UA9XL         599 17 DX  YL2TB         599 15 DX  0
QSO: 21086 RY 2012-09-29 1035 UA9XL         599 17 DX  OE6MDF        599 15 DX  0
QSO: 21086 RY 2012-09-29 1035 UA9XL         599 17 DX  G4DBW         599 14 DX  0
QSO: 21086 RY 2012-09-29 1036 UA9XL         599 17 DX  OV1A          599 14 DX  0
QSO: 21086 RY 2012-09-29 1037 UA9XL         599 17 DX  CR3L          599 33 DX  0
QSO: 21086 RY 2012-09-29 1038 UA9XL         599 17 DX  DO1GJ         599 14 DX  0
QSO: 21086 RY 2012-09-29 1038 UA9XL         599 17 DX  DG0CG         599 14 DX  0
QSO: 21086 RY 2012-09-29 1039 UA9XL         599 17 DX  YO2DFA        599 20 DX  0
QSO: 21086 RY 2012-09-29 1040 UA9XL         599 17 DX  ON6NA         599 14 DX  0
QSO: 21086 RY 2012-09-29 1040 UA9XL         599 17 DX  UX4E          599 16 DX  0
QSO: 21086 RY 2012-09-29 1041 UA9XL         599 17 DX  UY5TE         599 16 DX  0
QSO: 21086 RY 2012-09-29 1041 UA9XL         599 17 DX  DL4ZA         599 14 DX  0
QSO: 21086 RY 2012-09-29 1042 UA9XL         599 17 DX  OK2RVM        599 15 DX  0
QSO: 21086 RY 2012-09-29 1043 UA9XL         599 17 DX  OK2PAD        599 15 DX  0
QSO: 21086 RY 2012-09-29 1044 UA9XL         599 17 DX  OH2ET         599 15 DX  0
QSO: 21086 RY 2012-09-29 1045 UA9XL         599 17 DX  G3VQO         599 14 DX  0
QSO: 21086 RY 2012-09-29 1045 UA9XL         599 17 DX  OK2EA         599 15 DX  0
QSO: 21086 RY 2012-09-29 1046 UA9XL         599 17 DX  YO8RFS        599 20 DX  0
QSO: 21086 RY 2012-09-29 1046 UA9XL         599 17 DX  LS1D          599 13 DX  0
QSO: 21086 RY 2012-09-29 1047 UA9XL         599 17 DX  UT0EL         599 16 DX  0
QSO: 21086 RY 2012-09-29 1048 UA9XL         599 17 DX  F4GOH         599 14 DX  0
QSO: 21086 RY 2012-09-29 1050 UA9XL         599 17 DX  SV1HKD        599 20 DX  0
QSO: 21086 RY 2012-09-29 1050 UA9XL         599 17 DX  IK1ZVJ        599 15 DX  0
QSO: 21086 RY 2012-09-29 1051 UA9XL         599 17 DX  PA3AJH        599 14 DX  0
QSO: 21086 RY 2012-09-29 1052 UA9XL         599 17 DX  YO9CWY        599 20 DX  0
QSO: 21086 RY 2012-09-29 1053 UA9XL         599 17 DX  SN0RVG        599 15 DX  0
QSO: 21086 RY 2012-09-29 1053 UA9XL         599 17 DX  DM5JBN        599 14 DX  0
QSO: 21086 RY 2012-09-29 1054 UA9XL         599 17 DX  VE2SG         599 09 QC  0
QSO: 21086 RY 2012-09-29 1055 UA9XL         599 17 DX  PA3T          599 14 DX  0
QSO: 21086 RY 2012-09-29 1056 UA9XL         599 17 DX  I2XLF         599 15 DX  0
QSO: 21086 RY 2012-09-29 1057 UA9XL         599 17 DX  EU3AA         599 16 DX  0
QSO: 21086 RY 2012-09-29 1058 UA9XL         599 17 DX  M0DMJ         599 14 DX  0
QSO: 21086 RY 2012-09-29 1101 UA9XL         599 17 DX  RK6CK         599 16 DX  0
QSO: 21086 RY 2012-09-29 1101 UA9XL         599 17 DX  UX1UX         599 16 DX  0
QSO: 21086 RY 2012-09-29 1102 UA9XL         599 17 DX  YL2QV         599 15 DX  0
QSO: 21086 RY 2012-09-29 1103 UA9XL         599 17 DX  F/DC2IP       599 14 DX  0
QSO: 21086 RY 2012-09-29 1103 UA9XL         599 17 DX  DO6UL         599 14 DX  0
QSO: 21086 RY 2012-09-29 1104 UA9XL         599 17 DX  YU1LM/QRP     599 15 DX  0
QSO: 21086 RY 2012-09-29 1105 UA9XL         599 17 DX  IW2MXY        599 15 DX  0
QSO: 21086 RY 2012-09-29 1105 UA9XL         599 17 DX  SP6JZP        599 15 DX  0
QSO: 21086 RY 2012-09-29 1106 UA9XL         599 17 DX  VE3FJB        599 04 ON  0
QSO: 21086 RY 2012-09-29 1107 UA9XL         599 17 DX  UT2UB         599 16 DX  0
QSO: 21086 RY 2012-09-29 1109 UA9XL         599 17 DX  UX0UW         599 16 DX  0
QSO: 21086 RY 2012-09-29 1110 UA9XL         599 17 DX  EW1NM         599 16 DX  0
QSO: 21086 RY 2012-09-29 1110 UA9XL         599 17 DX  I4UUL         599 15 DX  0
QSO: 21086 RY 2012-09-29 1113 UA9XL         599 17 DX  UN8P          599 17 DX  0
QSO: 21086 RY 2012-09-29 1113 UA9XL         599 17 DX  G5D           599 14 DX  0
QSO: 21086 RY 2012-09-29 1114 UA9XL         599 17 DX  RK3HD         599 16 DX  0
QSO: 21086 RY 2012-09-29 1116 UA9XL         599 17 DX  HG1S          599 15 DX  0
QSO: 21086 RY 2012-09-29 1117 UA9XL         599 17 DX  E7/YT3H       599 15 DX  0
QSO: 21086 RY 2012-09-29 1117 UA9XL         599 17 DX  LY2CG         599 15 DX  0
QSO: 21086 RY 2012-09-29 1118 UA9XL         599 17 DX  EA5DKU        599 14 DX  0
QSO: 21086 RY 2012-09-29 1119 UA9XL         599 17 DX  UY7MM         599 16 DX  0
QSO: 21086 RY 2012-09-29 1121 UA9XL         599 17 DX  US2IOO        599 16 DX  0
QSO: 21086 RY 2012-09-29 1122 UA9XL         599 17 DX  EA2DDE        599 14 DX  0
QSO: 21086 RY 2012-09-29 1123 UA9XL         599 17 DX  DO3KMF        599 14 DX  0
QSO: 14114 RY 2012-09-29 1128 UA9XL         599 17 DX  UN5C          599 17 DX  0
QSO: 14114 RY 2012-09-29 1129 UA9XL         599 17 DX  EW8OG         599 16 DX  0
QSO: 14114 RY 2012-09-29 1131 UA9XL         599 17 DX  JF1GUQ        599 25 DX  0
QSO: 14114 RY 2012-09-29 1135 UA9XL         599 17 DX  HB9/RV3DH     599 14 DX  0
QSO: 14114 RY 2012-09-29 1136 UA9XL         599 17 DX  DH0GHU        599 14 DX  0
QSO: 14114 RY 2012-09-29 1139 UA9XL         599 17 DX  DG6OAY        599 14 DX  0
QSO: 14114 RY 2012-09-29 1140 UA9XL         599 17 DX  OK7O          599 15 DX  0
QSO: 14114 RY 2012-09-29 1140 UA9XL         599 17 DX  PA3ANN        599 14 DX  0
QSO: 14114 RY 2012-09-29 1141 UA9XL         599 17 DX  EW8OF         599 16 DX  0
QSO: 14114 RY 2012-09-29 1142 UA9XL         599 17 DX  OS4U          599 14 DX  0
QSO: 14114 RY 2012-09-29 1146 UA9XL         599 17 DX  HA8XF         599 15 DX  0
QSO: 14114 RY 2012-09-29 1146 UA9XL         599 17 DX  DL5JBW        599 14 DX  0
QSO: 14114 RY 2012-09-29 1147 UA9XL         599 17 DX  F1VEV         599 14 DX  0
QSO: 14114 RY 2012-09-29 1148 UA9XL         599 17 DX  SQ8LEC        599 15 DX  0
QSO: 14114 RY 2012-09-29 1149 UA9XL         599 17 DX  RO1B          599 16 DX  0
QSO: 14079 RY 2012-09-29 1151 UA9XL         599 17 DX  LX7I          599 14 DX  0
QSO: 14086 RY 2012-09-29 1153 UA9XL         599 17 DX  SP2MKI        599 15 DX  0
QSO: 14086 RY 2012-09-29 1157 UA9XL         599 17 DX  DJ4WM         599 14 DX  0
QSO: 14086 RY 2012-09-29 1158 UA9XL         599 17 DX  IZ4OUA        599 15 DX  0
QSO: 14086 RY 2012-09-29 1159 UA9XL         599 17 DX  JA2AXB        599 25 DX  0
QSO: 14086 RY 2012-09-29 1200 UA9XL         599 17 DX  UR5FS         599 16 DX  0
QSO: 14086 RY 2012-09-29 1200 UA9XL         599 17 DX  JI1RXQ        599 25 DX  0
QSO: 14086 RY 2012-09-29 1202 UA9XL         599 17 DX  I2NKR         599 15 DX  0
QSO: 14086 RY 2012-09-29 1204 UA9XL         599 17 DX  JG2NLN        599 25 DX  0
QSO: 14086 RY 2012-09-29 1205 UA9XL         599 17 DX  UY1HY         599 16 DX  0
QSO: 14086 RY 2012-09-29 1205 UA9XL         599 17 DX  IK2AUK        599 15 DX  0
QSO: 14086 RY 2012-09-29 1206 UA9XL         599 17 DX  DM5WH         599 14 DX  0
QSO: 14086 RY 2012-09-29 1208 UA9XL         599 17 DX  IZ2ABZ        599 15 DX  0
QSO: 14086 RY 2012-09-29 1208 UA9XL         599 17 DX  UA4FQI        599 16 DX  0
QSO: 14086 RY 2012-09-29 1210 UA9XL         599 17 DX  UR3UT         599 16 DX  0
QSO: 14086 RY 2012-09-29 1210 UA9XL         599 17 DX  RZ1ZZ         599 16 DX  0
QSO: 14086 RY 2012-09-29 1211 UA9XL         599 17 DX  DF1MM         599 14 DX  0
QSO: 14086 RY 2012-09-29 1211 UA9XL         599 17 DX  HA1TNX        599 15 DX  0
QSO: 21128 RY 2012-09-29 1215 UA9XL         599 17 DX  AJ4RW         599 05 FL  0
QSO: 21134 RY 2012-09-29 1222 UA9XL         599 17 DX  HI8PLE        599 08 DX  0
QSO: 21071 RY 2012-09-29 1226 UA9XL         599 17 DX  4M5IR         599 09 DX  0
QSO: 21074 RY 2012-09-29 1228 UA9XL         599 17 DX  KA1C          599 05 ME  0
QSO: 21074 RY 2012-09-29 1229 UA9XL         599 17 DX  WS9M          599 09 NY  0
QSO: 21074 RY 2012-09-29 1232 UA9XL         599 17 DX  I1WQR         599 15 DX  0
QSO: 21074 RY 2012-09-29 1233 UA9XL         599 17 DX  LA7CL         599 14 DX  0
QSO: 21074 RY 2012-09-29 1234 UA9XL         599 17 DX  UR3ILY        599 16 DX  0
QSO: 21074 RY 2012-09-29 1236 UA9XL         599 17 DX  AG4W          599 04 AL  0
QSO: 21140 RY 2012-09-29 1240 UA9XL         599 17 DX  UX7QV         599 16 DX  0
QSO: 21103 RY 2012-09-29 1249 UA9XL         599 17 DX  IT9HBT        599 15 DX  0
QSO: 21070 RY 2012-09-29 1252 UA9XL         599 17 DX  VA2UP         599 05 QC  0
QSO: 21070 RY 2012-09-29 1255 UA9XL         599 17 DX  OK2SWD        599 15 DX  0
QSO: 14116 RY 2012-09-29 1258 UA9XL         599 17 DX  Z33A          599 15 DX  0
QSO: 14088 RY 2012-09-29 1301 UA9XL         599 17 DX  YL2TB         599 15 DX  0
QSO: 14088 RY 2012-09-29 1303 UA9XL         599 17 DX  JA5DVC        599 25 DX  0
QSO: 14088 RY 2012-09-29 1303 UA9XL         599 17 DX  PD9NR         599 14 DX  0
QSO: 14088 RY 2012-09-29 1304 UA9XL         599 17 DX  UB0A          599 18 DX  0
QSO: 14088 RY 2012-09-29 1305 UA9XL         599 17 DX  9A6JOY        599 15 DX  0
QSO: 14088 RY 2012-09-29 1305 UA9XL         599 17 DX  ED3A          599 14 DX  0
QSO: 14088 RY 2012-09-29 1306 UA9XL         599 17 DX  RW0A          599 18 DX  0
QSO: 14088 RY 2012-09-29 1306 UA9XL         599 17 DX  OK1KSL        599 15 DX  0
QSO: 14088 RY 2012-09-29 1307 UA9XL         599 17 DX  RN4HFJ        599 16 DX  0
QSO: 14088 RY 2012-09-29 1308 UA9XL         599 17 DX  RN3DKE        599 16 DX  0
QSO: 14088 RY 2012-09-29 1310 UA9XL         599 17 DX  DL2ZA         599 14 DX  0
QSO: 14088 RY 2012-09-29 1311 UA9XL         599 17 DX  PD7BZ         599 14 DX  0
QSO: 14088 RY 2012-09-29 1311 UA9XL         599 17 DX  IZ2JNN        599 15 DX  0
QSO: 14088 RY 2012-09-29 1312 UA9XL         599 17 DX  DF5BX         599 14 DX  0
QSO: 14088 RY 2012-09-29 1313 UA9XL         599 17 DX  G4RKO         599 14 DX  0
QSO: 14088 RY 2012-09-29 1314 UA9XL         599 17 DX  JG3FEA        599 25 DX  0
QSO: 14088 RY 2012-09-29 1316 UA9XL         599 17 DX  OG8T          599 15 DX  0
QSO: 14088 RY 2012-09-29 1317 UA9XL         599 17 DX  LA3BPA        599 14 DX  0
QSO: 14088 RY 2012-09-29 1318 UA9XL         599 17 DX  SP3DOF        599 15 DX  0
QSO: 14088 RY 2012-09-29 1318 UA9XL         599 17 DX  IK4JQS        599 15 DX  0
QSO: 14088 RY 2012-09-29 1319 UA9XL         599 17 DX  IK4JMA        599 15 DX  0
QSO: 14088 RY 2012-09-29 1319 UA9XL         599 17 DX  JA2HYD        599 25 DX  0
QSO: 14088 RY 2012-09-29 1320 UA9XL         599 17 DX  OZ6TL         599 14 DX  0
QSO: 14088 RY 2012-09-29 1320 UA9XL         599 17 DX  UA9BS         599 17 DX  0
QSO: 14088 RY 2012-09-29 1321 UA9XL         599 17 DX  RA9AFZ        599 17 DX  0
QSO: 14088 RY 2012-09-29 1321 UA9XL         599 17 DX  UA3YFL        599 16 DX  0
QSO: 14088 RY 2012-09-29 1322 UA9XL         599 17 DX  RK3DOX        599 16 DX  0
QSO: 14088 RY 2012-09-29 1324 UA9XL         599 17 DX  YO9CWY        599 20 DX  0
QSO: 14088 RY 2012-09-29 1324 UA9XL         599 17 DX  IZ2GIU        599 15 DX  0
QSO: 14088 RY 2012-09-29 1325 UA9XL         599 17 DX  EU4CQ         599 16 DX  0
QSO: 14088 RY 2012-09-29 1325 UA9XL         599 17 DX  JA6BZI        599 25 DX  0
QSO: 14088 RY 2012-09-29 1326 UA9XL         599 17 DX  UN1L          599 17 DX  0
QSO: 14088 RY 2012-09-29 1326 UA9XL         599 17 DX  DL1ZBO        599 14 DX  0
END-OF-LOG:
