START-OF-LOG: 3.0
X-DATE-RECEIVED: 2024-04-01 18:17:20 UTC
CONTEST: CQ-WPX-SSB
CALLSIGN: DM1JS
LOCATION: DX
CATEGORY-OPERATOR: SINGLE-OP
CATEGORY-ASSISTED: NON-ASSISTED
CATEGORY-BAND: ALL
CATEGORY-POWER: LOW
CATEGORY-MODE: SSB
CATEGORY-TRANSMITTER: ONE
CATEGORY-STATION:
CATEGORY-OVERLAY:
GRID-LOCATOR: JO43GA
CLAIMED-SCORE: 246519
NAME: Jens Stoeber
CREATED-BY: UcxLog 8.31
QSO:   14000 PH 2024-03-30 0658 DM1JS            59  001   YU5R             59   724     0
QSO:   14000 PH 2024-03-30 0659 DM1JS            59  002   YT5A             59   843     0
QSO:   14000 PH 2024-03-30 0703 DM1JS            59  003   LZ6O             59   173     0
QSO:   14000 PH 2024-03-30 0705 DM1JS            59  004   SQ4A             59   161     0
QSO:   14000 PH 2024-03-30 0706 DM1JS            59  005   UW1M             59   747     0
QSO:   14000 PH 2024-03-30 0707 DM1JS            59  006   EB1DJ            59   248     0
QSO:   14000 PH 2024-03-30 0708 DM1JS            59  007   SZ3P             59   271     0
QSO:   14000 PH 2024-03-30 0712 DM1JS            59  008   WU2X             59   908     0
QSO:   14000 PH 2024-03-30 0714 DM1JS            59  009   TK4TH            59   013     0
QSO:   14000 PH 2024-03-30 0715 DM1JS            59  010   VK1A             59   443     0
QSO:   14000 PH 2024-03-30 0716 DM1JS            59  011   D4M              59   070     0
QSO:   14000 PH 2024-03-30 0717 DM1JS            59  012   KQ2M             59   989     0
QSO:   14000 PH 2024-03-30 0718 DM1JS            59  013   K1LZ             59   808     0
QSO:   14000 PH 2024-03-30 0720 DM1JS            59  014   Z35W             59   173     0
QSO:   14000 PH 2024-03-30 0722 DM1JS            59  015   XL3T             59   944     0
QSO:   14000 PH 2024-03-30 0723 DM1JS            59  016   OI5AY            59   081     0
QSO:   14000 PH 2024-03-30 0724 DM1JS            59  017   UT3EV            59   041     0
QSO:   14000 PH 2024-03-30 0728 DM1JS            59  018   ES3V             59   283     0
QSO:   14000 PH 2024-03-30 0730 DM1JS            59  019   CG3T             59   876     0
QSO:   14000 PH 2024-03-30 0731 DM1JS            59  020   NQ1DX            59   144     0
QSO:   14000 PH 2024-03-30 0744 DM1JS            59  021   EF7A             59   095     0
QSO:   14000 PH 2024-03-30 0745 DM1JS            59  022   S42WW            59   661     0
QSO:   14000 PH 2024-03-30 0747 DM1JS            59  023   S53F             59   062     0
QSO:   14000 PH 2024-03-30 0749 DM1JS            59  024   KL5DX            59   1203    0
QSO:   14000 PH 2024-03-30 0750 DM1JS            59  025   IT9RBW           59   433     0
QSO:   14000 PH 2024-03-30 0752 DM1JS            59  026   KF3P             59   304     0
QSO:   14000 PH 2024-03-30 0754 DM1JS            59  027   UT0ZT            59   094     0
QSO:   14000 PH 2024-03-30 0758 DM1JS            59  028   SE5E             59   090     0
QSO:   14000 PH 2024-03-30 0800 DM1JS            59  029   HG5E             59   965     0
QSO:   14000 PH 2024-03-30 0801 DM1JS            59  030   LZ9W             59   1011    0
QSO:   14000 PH 2024-03-30 0802 DM1JS            59  031   HA8EV            59   172     0
QSO:   14000 PH 2024-03-30 0804 DM1JS            59  032   S53M             59   542     0
QSO:   14000 PH 2024-03-30 0806 DM1JS            59  033   CN3A             59   1253    0
QSO:   14000 PH 2024-03-30 0808 DM1JS            59  034   ES7A             59   719     0
QSO:   14000 PH 2024-03-30 0810 DM1JS            59  035   9A5Y             59   1106    0
QSO:   14000 PH 2024-03-30 0811 DM1JS            59  036   SD3T             59   113     0
QSO:   14000 PH 2024-03-30 0812 DM1JS            59  037   IQ2DN            59   079     0
QSO:   21000 PH 2024-03-30 0814 DM1JS            59  038   CT2GSN           59   013     0
QSO:   21000 PH 2024-03-30 0815 DM1JS            59  039   SZ1A             59   175     0
QSO:   21000 PH 2024-03-30 0818 DM1JS            59  040   RW0CN            59   578     0
QSO:   21000 PH 2024-03-30 0819 DM1JS            59  041   LZ8A             59   487     0
QSO:   21000 PH 2024-03-30 0820 DM1JS            59  042   RV3FF            59   371     0
QSO:   21000 PH 2024-03-30 0822 DM1JS            59  043   LZ9W             59   276     0
QSO:   21000 PH 2024-03-30 0823 DM1JS            59  044   CR6T             59   487     0
QSO:   21000 PH 2024-03-30 0825 DM1JS            59  045   CN3A             59   407     0
QSO:   21000 PH 2024-03-30 0829 DM1JS            59  046   SV3RPQ           59   524     0
QSO:   21000 PH 2024-03-30 0831 DM1JS            59  047   YO7SR            59   462     0
QSO:   21000 PH 2024-03-30 0833 DM1JS            59  048   JF9JTS           59   237     0
QSO:   21000 PH 2024-03-30 0840 DM1JS            59  049   ZM4T             59   559     0
QSO:   21000 PH 2024-03-30 0944 DM1JS            59  050   YP7P             59   705     0
QSO:   21000 PH 2024-03-30 0945 DM1JS            59  051   ED1R             59   182     0
QSO:   21000 PH 2024-03-30 0948 DM1JS            59  052   JJ0VNR           59   744     0
QSO:   21000 PH 2024-03-30 0949 DM1JS            59  053   OG9X             59   444     0
QSO:   21000 PH 2024-03-30 0950 DM1JS            59  054   4X1VF            59   244     0
QSO:   21000 PH 2024-03-30 0956 DM1JS            59  055   LZ7A             59   254     0
QSO:   21000 PH 2024-03-30 0958 DM1JS            59  056   R3BX             59   181     0
QSO:   21000 PH 2024-03-30 1000 DM1JS            59  057   II8K             59   1021    0
QSO:   21000 PH 2024-03-30 1003 DM1JS            59  058   K1LZ             59   063     0
QSO:   21000 PH 2024-03-30 1004 DM1JS            59  059   SV9FBG           59   418     0
QSO:   21000 PH 2024-03-30 1007 DM1JS            59  060   UN9L             59   1028    0
QSO:   21000 PH 2024-03-30 1008 DM1JS            59  061   P33W             59   911     0
QSO:   21000 PH 2024-03-30 1011 DM1JS            59  062   EA5JPR           59   317     0
QSO:   21000 PH 2024-03-30 1015 DM1JS            59  063   OG100AA          59   153     0
QSO:   21000 PH 2024-03-30 1016 DM1JS            59  064   YO4NF            59   508     0
QSO:   21000 PH 2024-03-30 1018 DM1JS            59  065   VY2TT            59   798     0
QSO:   21000 PH 2024-03-30 1020 DM1JS            59  066   VC2A             59   304     0
QSO:   21000 PH 2024-03-30 1022 DM1JS            59  067   YO6XK            59   133     0
QSO:   21000 PH 2024-03-30 1026 DM1JS            59  068   RC2O             59   150     0
QSO:   21000 PH 2024-03-30 1028 DM1JS            59  069   R24W             59   196     0
QSO:   21000 PH 2024-03-30 1030 DM1JS            59  070   JA7NVF           59   929     0
QSO:   21000 PH 2024-03-30 1031 DM1JS            59  071   A44A             59   474     0
QSO:   21000 PH 2024-03-30 1032 DM1JS            59  072   RA9P             59   1225    0
QSO:   21000 PH 2024-03-30 1036 DM1JS            59  073   NN3W             59   960     0
QSO:   21000 PH 2024-03-30 1037 DM1JS            59  074   RD1AH            59   125     0
QSO:   21000 PH 2024-03-30 1039 DM1JS            59  075   N2MF             59   148     0
QSO:   21000 PH 2024-03-30 1040 DM1JS            59  076   M6T              59   579     0
QSO:   21000 PH 2024-03-30 1040 DM1JS            59  077   K1AR             59   277     0
QSO:   28000 PH 2024-03-30 1044 DM1JS            59  078   4L2M             59   823     0
QSO:   28000 PH 2024-03-30 1046 DM1JS            59  079   RA4AR            59   002     0
QSO:   28000 PH 2024-03-30 1050 DM1JS            59  080   SC4MK            59   349     0
QSO:   28000 PH 2024-03-30 1051 DM1JS            59  081   P35A             59   588     0
QSO:   28000 PH 2024-03-30 1053 DM1JS            59  082   EC8AQQ           59   043     0
QSO:   28000 PH 2024-03-30 1058 DM1JS            59  083   UA6LUQ           59   529     0
QSO:   28000 PH 2024-03-30 1059 DM1JS            59  084   BY0AC            59   448     0
QSO:   28000 PH 2024-03-30 1101 DM1JS            59  085   UP0L             59   1384    0
QSO:   28000 PH 2024-03-30 1559 DM1JS            59  086   V31XX            59   1116    0
QSO:   28000 PH 2024-03-30 1600 DM1JS            59  087   XL3T             59   1945    0
QSO:   28000 PH 2024-03-30 1601 DM1JS            59  088   VE3EJ            59   2007    0
QSO:   28000 PH 2024-03-30 1602 DM1JS            59  089   KQ2M             59   2316    0
QSO:   28000 PH 2024-03-30 1605 DM1JS            59  090   LT3E             59   838     0
QSO:   28000 PH 2024-03-30 1606 DM1JS            59  091   K1LZ             59   1176    0
QSO:   28000 PH 2024-03-30 1608 DM1JS            59  092   KB3WD            59   1384    0
QSO:   28000 PH 2024-03-30 1615 DM1JS            59  093   K1AR             59   593     0
QSO:   28000 PH 2024-03-30 1617 DM1JS            59  094   LP1H             59   878     0
QSO:   28000 PH 2024-03-30 1618 DM1JS            59  095   NG1M             59   495     0
QSO:   28000 PH 2024-03-30 1620 DM1JS            59  096   PT5J             59   1749    0
QSO:   28000 PH 2024-03-30 1625 DM1JS            59  097   KR5X             59   761     0
QSO:   28000 PH 2024-03-30 1626 DM1JS            59  098   LT7F             59   297     0
QSO:   28000 PH 2024-03-30 1629 DM1JS            59  099   NE8P             59   300     0
QSO:   28000 PH 2024-03-30 1633 DM1JS            59  100   KC1QEM           59   165     0
QSO:   28000 PH 2024-03-30 1634 DM1JS            59  101   CX2BAH           59   217     0
QSO:   28000 PH 2024-03-30 1637 DM1JS            59  102   WP3C             59   1385    0
QSO:   28000 PH 2024-03-30 1638 DM1JS            59  103   PR1T             59   605     0
QSO:   28000 PH 2024-03-30 1640 DM1JS            59  104   PJ5/SP9FIH       59   812     0
QSO:   28000 PH 2024-03-30 1642 DM1JS            59  105   C49C             59   1252    0
QSO:   28000 PH 2024-03-30 1647 DM1JS            59  106   N9NC             59   075     0
QSO:   28000 PH 2024-03-30 1650 DM1JS            59  107   NG3J             59   372     0
QSO:   28000 PH 2024-03-30 1651 DM1JS            59  108   W8MJ             59   1613    0
QSO:   28000 PH 2024-03-30 1654 DM1JS            59  109   NE1C             59   656     0
QSO:   28000 PH 2024-03-30 1656 DM1JS            59  110   KM9P             59   566     0
QSO:   28000 PH 2024-03-30 1658 DM1JS            59  111   PY4K             59   2646    0
QSO:   28000 PH 2024-03-30 1659 DM1JS            59  112   K3MD             59   363     0
QSO:   28000 PH 2024-03-30 1707 DM1JS            59  113   WU2X             59   2319    0
QSO:   28000 PH 2024-03-30 1710 DM1JS            59  114   PV2G             59   1377    0
QSO:   21000 PH 2024-03-30 1714 DM1JS            59  115   UI5R             59   1565    0
QSO:   21000 PH 2024-03-30 1715 DM1JS            59  116   NS0R             59   865     0
QSO:   21000 PH 2024-03-30 1716 DM1JS            59  117   EA5JN            59   282     0
QSO:   21000 PH 2024-03-30 1718 DM1JS            59  118   ES9C             59   1996    0
QSO:   21000 PH 2024-03-30 1719 DM1JS            59  119   LZ4Z             59   858     0
QSO:   21000 PH 2024-03-30 1720 DM1JS            59  120   WZ4F             59   1490    0
QSO:   21000 PH 2024-03-30 1722 DM1JS            59  121   DF7A             59   1390    0
QSO:   21000 PH 2024-03-30 1723 DM1JS            59  122   3W8SS            59   1143    0
QSO:   21000 PH 2024-03-30 1727 DM1JS            59  123   C4W              59   210     0
QSO:   21000 PH 2024-03-30 1731 DM1JS            59  124   WZ2F             59   1523    0
QSO:   21000 PH 2024-03-30 1735 DM1JS            59  125   K9ZO             59   516     0
QSO:   21000 PH 2024-03-30 1736 DM1JS            59  126   N0GJW            59   413     0
QSO:   21000 PH 2024-03-30 1747 DM1JS            59  127   IT9FRX           59   115     0
QSO:   21000 PH 2024-03-30 1748 DM1JS            59  128   EF5U             59   040     0
QSO:   21000 PH 2024-03-30 2206 DM1JS            59  129   AA3R             59   1440    0
QSO:   21000 PH 2024-03-30 2212 DM1JS            59  130   VE3EJ            59   2596    0
QSO:   14000 PH 2024-03-30 2217 DM1JS            59  131   WK1O             59   1552    0
QSO:   14000 PH 2024-03-30 2226 DM1JS            59  132   P33W             59   1814    0
QSO:   14000 PH 2024-03-30 2236 DM1JS            59  133   JY4CI            59   657     0
QSO:   14000 PH 2024-03-30 2240 DM1JS            59  134   WB2WPM           59   278     0
QSO:   14000 PH 2024-03-30 2244 DM1JS            59  135   AC1U             59   1677    0
QSO:   14000 PH 2024-03-30 2246 DM1JS            59  136   LP1H             59   363     0
QSO:    7000 PH 2024-03-30 2249 DM1JS            59  137   HG8A             59   2032    0
QSO:    7000 PH 2024-03-30 2250 DM1JS            59  138   TM8A             59   1313    0
QSO:    7000 PH 2024-03-30 2251 DM1JS            59  139   OL8R             59   939     0
QSO:    7000 PH 2024-03-30 2252 DM1JS            59  140   HG3R             59   2115    0
QSO:    7000 PH 2024-03-30 2252 DM1JS            59  141   TM4Y             59   653     0
QSO:    7000 PH 2024-03-30 2254 DM1JS            59  142   E7EA             59   860     0
QSO:    7000 PH 2024-03-30 2255 DM1JS            59  143   G3OHH            59   325     0
QSO:    7000 PH 2024-03-30 2300 DM1JS            59  144   UC2K             59   689     0
QSO:    7000 PH 2024-03-30 2304 DM1JS            59  145   F4DPW            59   690     0
QSO:    7000 PH 2024-03-30 2307 DM1JS            59  146   ED3T             59   1192    0
QSO:    7000 PH 2024-03-30 2308 DM1JS            59  147   S53MM            59   1904    0
QSO:    7000 PH 2024-03-30 2310 DM1JS            59  148   IB2C             59   425     0
QSO:    7000 PH 2024-03-30 2311 DM1JS            59  149   EA8A             59   1814    0
QSO:    7000 PH 2024-03-30 2314 DM1JS            59  150   F8KHN            59   754     0
QSO:    7000 PH 2024-03-30 2315 DM1JS            59  151   OM7M             59   894     0
QSO:    7000 PH 2024-03-30 2316 DM1JS            59  152   S57O             59   618     0
QSO:    7000 PH 2024-03-30 2321 DM1JS            59  153   F4EQN            59   486     0
QSO:    7000 PH 2024-03-30 2322 DM1JS            59  154   YT3D             59   1114    0
QSO:    7000 PH 2024-03-30 2324 DM1JS            59  155   YT5A             59   1387    0
QSO:    7000 PH 2024-03-30 2324 DM1JS            59  156   YT1A             59   1484    0
QSO:    7000 PH 2024-03-30 2325 DM1JS            59  157   LZ9W             59   1106    0
QSO:    7000 PH 2024-03-30 2326 DM1JS            59  158   HG3N             59   1742    0
QSO:    7000 PH 2024-03-30 2330 DM1JS            59  159   DK1RU            59   292     0
QSO:    7000 PH 2024-03-30 2334 DM1JS            59  160   9A5Y             59   1097    0
QSO:    7000 PH 2024-03-30 2334 DM1JS            59  161   YL7X             59   932     0
QSO:    7000 PH 2024-03-30 2336 DM1JS            59  162   HA2KMR           59   821     0
QSO:    7000 PH 2024-03-30 2336 DM1JS            59  163   YP0C             59   891     0
QSO:    7000 PH 2024-03-30 2338 DM1JS            59  164   RZ3B             59   1637    0
QSO:    7000 PH 2024-03-30 2339 DM1JS            59  165   S53M             59   615     0
QSO:    7000 PH 2024-03-30 2341 DM1JS            59  166   R9GM             59   1041    0
QSO:    7000 PH 2024-03-30 2345 DM1JS            59  167   PD1RO            59   352     0
QSO:    7000 PH 2024-03-30 2346 DM1JS            59  168   OE5T             59   356     0
QSO:    7000 PH 2024-03-30 2347 DM1JS            59  169   LY4L             59   1543    0
QSO:    7000 PH 2024-03-30 2349 DM1JS            59  170   HB9CVQ           59   654     0
QSO:    7000 PH 2024-03-30 2350 DM1JS            59  171   YR8D             59   504     0
QSO:    7000 PH 2024-03-30 2355 DM1JS            59  172   R2FC             59   517     0
QSO:    7000 PH 2024-03-30 2359 DM1JS            59  173   OL6N             59   268     0
QSO:    7000 PH 2024-03-31 0000 DM1JS            59  174   IK2LFF           59   1360    0
QSO:    7000 PH 2024-03-31 0002 DM1JS            59  175   IQ2MI            59   1004    0
QSO:    3500 PH 2024-03-31 0005 DM1JS            59  176   YU1LD            59   548     0
QSO:    3500 PH 2024-03-31 0006 DM1JS            59  177   RU1A             59   267     0
QSO:    3500 PH 2024-03-31 0007 DM1JS            59  178   DP7D             59   560     0
QSO:    3500 PH 2024-03-31 0008 DM1JS            59  179   OK7R             59   302     0
QSO:    3500 PH 2024-03-31 0011 DM1JS            59  180   CN9B             59   553     0
QSO:    3500 PH 2024-03-31 0013 DM1JS            59  181   M6C              59   211     0
QSO:    3500 PH 2024-03-31 0015 DM1JS            59  182   S56B             59   874     0
QSO:    3500 PH 2024-03-31 0017 DM1JS            59  183   PF00T            59   725     0
QSO:    3500 PH 2024-03-31 0018 DM1JS            59  184   LX1NO            59   1550    0
QSO:    3500 PH 2024-03-31 0025 DM1JS            59  185   HB0DX            59   1549    0
QSO:    3500 PH 2024-03-31 0028 DM1JS            59  186   LZ9W             59   566     0
QSO:    3500 PH 2024-03-31 0030 DM1JS            59  187   OK1KKI           59   695     0
QSO:    3500 PH 2024-03-31 0031 DM1JS            59  188   TM4W             59   665     0
QSO:    3500 PH 2024-03-31 0032 DM1JS            59  189   EW5A             59   3159    0
QSO:    3500 PH 2024-03-31 0033 DM1JS            59  190   DA3X             59   915     0
QSO:    3500 PH 2024-03-31 0034 DM1JS            59  191   YU3DKO           59   612     0
QSO:    3500 PH 2024-03-31 0035 DM1JS            59  192   M6T              59   648     0
QSO:    3500 PH 2024-03-31 0036 DM1JS            59  193   DP5P             59   348     0
QSO:    3500 PH 2024-03-31 0038 DM1JS            59  194   SQ2PHG           59   769     0
QSO:    3500 PH 2024-03-31 0042 DM1JS            59  195   IQ9UI            59   665     0
QSO:    3500 PH 2024-03-31 0043 DM1JS            59  196   EA3MR            59   285     0
QSO:    3500 PH 2024-03-31 0045 DM1JS            59  197   IO8O             59   922     0
QSO:    3500 PH 2024-03-31 0048 DM1JS            59  198   IP0A             59   707     0
QSO:    3500 PH 2024-03-31 0049 DM1JS            59  199   OT8M             59   1708    0
QSO:    3500 PH 2024-03-31 0049 DM1JS            59  200   YQ6A             59   909     0
QSO:    3500 PH 2024-03-31 0051 DM1JS            59  201   G2NV             59   401     0
QSO:    3500 PH 2024-03-31 0053 DM1JS            59  202   SN6E             59   190     0
QSO:    3500 PH 2024-03-31 0054 DM1JS            59  203   IU2IHM           59   391     0
QSO:    3500 PH 2024-03-31 0059 DM1JS            59  204   DL3SKF           59   402     0
QSO:    3500 PH 2024-03-31 0100 DM1JS            59  205   DO2XU            59   150     0
QSO:    3500 PH 2024-03-31 0102 DM1JS            59  206   9A3AAU           59   548     0
QSO:    3500 PH 2024-03-31 0103 DM1JS            59  207   TM4Y             59   510     0
QSO:    3500 PH 2024-03-31 0104 DM1JS            59  208   DC4A             59   1299    0
QSO:    3500 PH 2024-03-31 0106 DM1JS            59  209   OH5Z             59   244     0
QSO:    3500 PH 2024-03-31 0107 DM1JS            59  210   9A5Y             59   210     0
QSO:    3500 PH 2024-03-31 0108 DM1JS            59  211   HG7T             59   274     0
QSO:    3500 PH 2024-03-31 0109 DM1JS            59  212   HA1TJ            59   601     0
QSO:    3500 PH 2024-03-31 0110 DM1JS            59  213   E7CW             59   651     0
QSO:    3500 PH 2024-03-31 0111 DM1JS            59  214   M0MCV            59   546     0
QSO:    3500 PH 2024-03-31 0112 DM1JS            59  215   EE7L             59   450     0
QSO:    3500 PH 2024-03-31 0113 DM1JS            59  216   YL2SM            59   2280    0
QSO:    7000 PH 2024-03-31 0118 DM1JS            59  217   YQ6A             59   937     0
QSO:    7000 PH 2024-03-31 0121 DM1JS            59  218   IK0VSY           59   185     0
QSO:    7000 PH 2024-03-31 0125 DM1JS            59  219   YU5R             59   2254    0
QSO:    7000 PH 2024-03-31 0126 DM1JS            59  220   WU2X             59   3186    0
QSO:    7000 PH 2024-03-31 0126 DM1JS            59  221   E71A             59   298     0
QSO:    7000 PH 2024-03-31 0128 DM1JS            59  222   YU5A             59   1358    0
QSO:    7000 PH 2024-03-31 0129 DM1JS            59  223   IP8A             59   1629    0
QSO:    7000 PH 2024-03-31 0132 DM1JS            59  224   IT1A             59   1613    0
QSO:    7000 PH 2024-03-31 0135 DM1JS            59  225   RL3A             59   3933    0
QSO:   14000 PH 2024-03-31 0811 DM1JS            59  226   LZ5R             59   3969    0
QSO:   14000 PH 2024-03-31 0812 DM1JS            59  227   YU5M             59   1047    0
QSO:   14000 PH 2024-03-31 0815 DM1JS            59  228   RU1A             59   2076    0
QSO:   14000 PH 2024-03-31 0819 DM1JS            59  229   OH8RX            59   1447    0
QSO:   14000 PH 2024-03-31 0821 DM1JS            59  230   EA1L             59   2221    0
QSO:   14000 PH 2024-03-31 0822 DM1JS            59  231   RU3DX            59   801     0
QSO:   14000 PH 2024-03-31 0823 DM1JS            59  232   R2GM             59   208     0
QSO:   14000 PH 2024-03-31 0825 DM1JS            59  233   OH7KBF           59   496     0
QSO:   14000 PH 2024-03-31 0826 DM1JS            59  234   EC2DX            59   1873    0
QSO:   14000 PH 2024-03-31 0828 DM1JS            59  235   II8K             59   2703    0
QSO:   14000 PH 2024-03-31 0828 DM1JS            59  236   HG7T             59   1103    0
QSO:   14000 PH 2024-03-31 0829 DM1JS            59  237   OG66X            59   1111    0
QSO:   14000 PH 2024-03-31 0830 DM1JS            59  238   ES6RW            59   708     0
QSO:   14000 PH 2024-03-31 0832 DM1JS            59  239   OH5Z             59   2026    0
QSO:   14000 PH 2024-03-31 0843 DM1JS            59  240   S4EWY            59   395     0
QSO:   14000 PH 2024-03-31 0847 DM1JS            59  241   CT3KN            59   2429    0
QSO:   14000 PH 2024-03-31 0848 DM1JS            59  242   YO4NF            59   1110    0
QSO:   21000 PH 2024-03-31 0858 DM1JS            59  243   RM9I             59   2750    0
QSO:   21000 PH 2024-03-31 0900 DM1JS            59  244   C49C             59   2038    0
QSO:   21000 PH 2024-03-31 0902 DM1JS            59  245   UP7L             59   1150    0
QSO:   21000 PH 2024-03-31 0904 DM1JS            59  246   UA9CDC           59   1061    0
QSO:   21000 PH 2024-03-31 0908 DM1JS            59  247   RO9O             59   3140    0
QSO:   21000 PH 2024-03-31 0912 DM1JS            59  248   JE6RPM           59   2263    0
QSO:   21000 PH 2024-03-31 0920 DM1JS            59  249   JO7AMD           59   961     0
QSO:   28000 PH 2024-03-31 0926 DM1JS            59  250   JJ0PKS           59   1613    0
QSO:   28000 PH 2024-03-31 0928 DM1JS            59  251   JF7PHE           59   538     0
QSO:   28000 PH 2024-03-31 0935 DM1JS            59  252   UN9L             59   3016    0
QSO:   28000 PH 2024-03-31 0943 DM1JS            59  253   JM1LPN           59   1368    0
QSO:   28000 PH 2024-03-31 1001 DM1JS            59  254   JA7NVF           59   2115    0
QSO:   28000 PH 2024-03-31 1007 DM1JS            59  255   JJ0USR           59   178     0
QSO:   28000 PH 2024-03-31 1012 DM1JS            59  256   UA9CUA           59   625     0
QSO:   28000 PH 2024-03-31 1014 DM1JS            59  257   RA0WHE           59   180     0
QSO:   21000 PH 2024-03-31 1016 DM1JS            59  258   RQ5D             59   2948    0
QSO:   21000 PH 2024-03-31 1023 DM1JS            59  259   RW9QA            59   723     0
QSO:   21000 PH 2024-03-31 1027 DM1JS            59  260   RX3N             59   14      0
QSO:   14000 PH 2024-03-31 1141 DM1JS            59  261   UZ2M             59   439     0
QSO:   14000 PH 2024-03-31 1143 DM1JS            59  262   UW5Y             59   3130    0
QSO:   14000 PH 2024-03-31 1145 DM1JS            59  263   RX3XA            59   428     0
QSO:   14000 PH 2024-03-31 1146 DM1JS            59  264   OM7M             59   1943    0
QSO:   14000 PH 2024-03-31 1147 DM1JS            59  265   YT3EWW           59   1824    0
QSO:   14000 PH 2024-03-31 1148 DM1JS            59  266   EA3CI            59   1793    0
QSO:   14000 PH 2024-03-31 1151 DM1JS            59  267   KI7WX            59   2427    0
QSO:   14000 PH 2024-03-31 1153 DM1JS            59  268   YP7P             59   2084    0
QSO:   14000 PH 2024-03-31 1155 DM1JS            59  269   II3F             59   1110    0
QSO:   14000 PH 2024-03-31 1159 DM1JS            59  270   YO7SR            59   1807    0
QSO:   14000 PH 2024-03-31 1200 DM1JS            59  271   ED3T             59   1757    0
QSO:   14000 PH 2024-03-31 1206 DM1JS            59  272   YU7OBD           59   148     0
QSO:   14000 PH 2024-03-31 1207 DM1JS            59  273   ES9C             59   3206    0
QSO:   14000 PH 2024-03-31 1209 DM1JS            59  274   E77EA            59   1141    0
QSO:   14000 PH 2024-03-31 1210 DM1JS            59  275   EH3CC            59   1938    0
QSO:   14000 PH 2024-03-31 1213 DM1JS            59  276   VE3EJ            59   2999    0
QSO:   14000 PH 2024-03-31 1216 DM1JS            59  277   YT7E             59   345     0
QSO:   14000 PH 2024-03-31 1217 DM1JS            59  278   YR8D             59   1818    0
QSO:   14000 PH 2024-03-31 1219 DM1JS            59  279   PY0A             59   2021    0
QSO:   14000 PH 2024-03-31 1221 DM1JS            59  280   E70T             59   700     0
QSO:   14000 PH 2024-03-31 1224 DM1JS            59  281   UZ7C             59   2042    0
QSO:   14000 PH 2024-03-31 1229 DM1JS            59  282   PC0A             59   2040    0
QSO:   14000 PH 2024-03-31 1230 DM1JS            59  283   EC1DD            59   484     0
QSO:   14000 PH 2024-03-31 1231 DM1JS            59  284   SZ1A             59   1099    0
QSO:   14000 PH 2024-03-31 1552 DM1JS            59  285   YO4RDW           59   1069    0
QSO:   14000 PH 2024-03-31 1553 DM1JS            59  286   IK6QON           59   080     0
QSO:   14000 PH 2024-03-31 1555 DM1JS            59  287   IZ8NYE           59   000     0
QSO:   14000 PH 2024-03-31 1600 DM1JS            59  288   IG9ITO           59   947     0
QSO:   14000 PH 2024-03-31 1606 DM1JS            59  289   LZ8A             59   1766    0
QSO:   14000 PH 2024-03-31 1607 DM1JS            59  290   HA8A             59   2837    0
QSO:   14000 PH 2024-03-31 1611 DM1JS            59  291   9A100V           59   1594    0
QSO:   14000 PH 2024-03-31 1618 DM1JS            59  292   IP6A             59   150     0
QSO:   14000 PH 2024-03-31 1624 DM1JS            59  293   RM3F             59   1463    0
QSO:   14000 PH 2024-03-31 1625 DM1JS            59  294   LZ73TRC          59   462     0
QSO:   14000 PH 2024-03-31 1626 DM1JS            59  295   IQ0PH            59   153     0
QSO:   14000 PH 2024-03-31 1630 DM1JS            59  296   LZ1QN            59   380     0
QSO:   14000 PH 2024-03-31 1633 DM1JS            59  297   RW3AI            59   378     0
QSO:   14000 PH 2024-03-31 1636 DM1JS            59  298   R3OM             59   1140    0
QSO:   14000 PH 2024-03-31 1637 DM1JS            59  299   OH8WR            59   137     0
QSO:   21000 PH 2024-03-31 1645 DM1JS            59  300   VE5MX            59   2948    0
QSO:   21000 PH 2024-03-31 1645 DM1JS            59  301   XL3T             59   4059    0
QSO:   21000 PH 2024-03-31 1650 DM1JS            59  302   9K9A             59   2730    0
QSO:   21000 PH 2024-03-31 1652 DM1JS            59  303   SZ3P             59   698     0
QSO:   21000 PH 2024-03-31 1659 DM1JS            59  304   RW7K             59   3796    0
QSO:   21000 PH 2024-03-31 1701 DM1JS            59  305   ND7K             59   4787    0
QSO:   21000 PH 2024-03-31 1704 DM1JS            59  306   A42K             59   3011    0
QSO:    7000 PH 2024-03-31 1710 DM1JS            59  307   DC8YZ            59   1136    0
QSO:    7000 PH 2024-03-31 1711 DM1JS            59  308   S51CK            59   1434    0
QSO:    7000 PH 2024-03-31 1713 DM1JS            59  309   OR3A             59   478     0
QSO:    7000 PH 2024-03-31 1713 DM1JS            59  310   PA9M             59   2708    0
QSO:    7000 PH 2024-03-31 1715 DM1JS            59  311   EU4E             59   1718    0
QSO:    7000 PH 2024-03-31 1717 DM1JS            59  312   DD2ML            59   702     0
QSO:    7000 PH 2024-03-31 1718 DM1JS            59  313   HA8EV            59   1489    0
QSO:    7000 PH 2024-03-31 1719 DM1JS            59  314   DM4IM            59   866     0
QSO:    7000 PH 2024-03-31 1747 DM1JS            59  315   RM3DA            59   2275    0
QSO:    7000 PH 2024-03-31 1748 DM1JS            59  316   DQ4W             59   1017    0
QSO:    7000 PH 2024-03-31 1750 DM1JS            59  317   OL7T             59   3105    0
QSO:    7000 PH 2024-03-31 1752 DM1JS            59  318   DJ7YP            59   596     0
QSO:    7000 PH 2024-03-31 1754 DM1JS            59  319   IZ1GQI           59   397     0
QSO:    7000 PH 2024-03-31 1755 DM1JS            59  320   9A44A            59   3848    0
QSO:    7000 PH 2024-03-31 1756 DM1JS            59  321   RU1A             59   946     0
QSO:    7000 PH 2024-03-31 1757 DM1JS            59  322   OT8M             59   2216    0
QSO:    7000 PH 2024-03-31 1758 DM1JS            59  323   DK8ZZ            59   2557    0
QSO:    7000 PH 2024-03-31 1759 DM1JS            59  324   S54I             59   928     0
QSO:    7000 PH 2024-03-31 1803 DM1JS            59  325   OR7W             59   509     0
QSO:    7000 PH 2024-03-31 1803 DM1JS            59  326   DQ2C             59   602     0
QSO:    7000 PH 2024-03-31 1808 DM1JS            59  327   OG66X            59   548     0
QSO:    7000 PH 2024-03-31 1810 DM1JS            59  328   PA6DX            59   158     0
QSO:    7000 PH 2024-03-31 1811 DM1JS            59  329   ED5R             59   2092    0
QSO:    7000 PH 2024-03-31 1812 DM1JS            59  330   DP7D             59   2259    0
QSO:    7000 PH 2024-03-31 1813 DM1JS            59  331   OR3O             59   1832    0
QSO:    7000 PH 2024-03-31 1816 DM1JS            59  332   OT5K             59   875     0
QSO:    7000 PH 2024-03-31 1817 DM1JS            59  333   OM2VL            59   3591    0
QSO:   14000 PH 2024-03-31 1922 DM1JS            59  334   EP4IRN           59   909     0
QSO:   14000 PH 2024-03-31 1925 DM1JS            59  335   A61BR            59   2962    0
QSO:   14000 PH 2024-03-31 1928 DM1JS            59  336   M6T              59   2792    0
QSO:   14000 PH 2024-03-31 1930 DM1JS            59  337   DP7D             59   1984    0
QSO:   14000 PH 2024-03-31 1931 DM1JS            59  338   RK4FD            59   4595    0
QSO:   14000 PH 2024-03-31 1932 DM1JS            59  339   J42L             59   2022    0
QSO:   14000 PH 2024-03-31 1933 DM1JS            59  340   SV3RPQ           59   2126    0
QSO:   14000 PH 2024-03-31 1936 DM1JS            59  341   JE6RPM           59   2720    0
QSO:   14000 PH 2024-03-31 1940 DM1JS            59  342   ED4J             59   180     0
QSO:   14000 PH 2024-03-31 1942 DM1JS            59  343   UI5R             59   3077    0
QSO:   14000 PH 2024-03-31 1946 DM1JS            59  344   RU9A             59   3074    0
QSO:   14000 PH 2024-03-31 1950 DM1JS            59  345   RW7K             59   4099    0
QSO:   14000 PH 2024-03-31 1954 DM1JS            59  346   IO8W             59   911     0
QSO:    3500 PH 2024-03-31 1958 DM1JS            59  347   IW1FRU           59   1938    0
QSO:    3500 PH 2024-03-31 2001 DM1JS            59  348   DC8YZ            59   1258    0
QSO:    3500 PH 2024-03-31 2001 DM1JS            59  349   M0PLX/M          59   760     0
QSO:    3500 PH 2024-03-31 2006 DM1JS            59  350   OR5R             59   1886    0
QSO:    3500 PH 2024-03-31 2007 DM1JS            59  351   OL4N             59   1048    0
QSO:    3500 PH 2024-03-31 2008 DM1JS            59  352   SN7R             59   763     0
QSO:    3500 PH 2024-03-31 2012 DM1JS            59  353   OZ11A            59   1511    0
QSO:    3500 PH 2024-03-31 2013 DM1JS            59  354   PA6DX            59   078     0
QSO:    3500 PH 2024-03-31 2014 DM1JS            59  355   IV3WMS           59   1760    0
QSO:    3500 PH 2024-03-31 2015 DM1JS            59  356   DQ2C             59   294     0
QSO:    3500 PH 2024-03-31 2018 DM1JS            59  357   OE9ICI           59   607     0
QSO:    3500 PH 2024-03-31 2019 DM1JS            59  358   DP6T             59   1573    0
QSO:    3500 PH 2024-03-31 2021 DM1JS            59  359   OM5KM            59   306     0
QSO:    3500 PH 2024-03-31 2022 DM1JS            59  360   SP2JMR           59   238     0
QSO:    3500 PH 2024-03-31 2025 DM1JS            59  361   F4JVT            59   475     0
QSO:    3500 PH 2024-03-31 2026 DM1JS            59  362   S53K             59   697     0
QSO:    3500 PH 2024-03-31 2027 DM1JS            59  363   DL5XL            59   067     0
QSO:    3500 PH 2024-03-31 2030 DM1JS            59  364   DL1NKS           59   1061    0
QSO:    3500 PH 2024-03-31 2037 DM1JS            59  365   OT5X             59   1001    0
QSO:    3500 PH 2024-03-31 2038 DM1JS            59  366   OZ4GM            59   341     0
QSO:    3500 PH 2024-03-31 2041 DM1JS            59  367   DP6C             59   1091    0
QSO:    3500 PH 2024-03-31 2042 DM1JS            59  368   YT5A             59   973     0
QSO:    3500 PH 2024-03-31 2044 DM1JS            59  369   G0CNN            59   926     0
QSO:    3500 PH 2024-03-31 2045 DM1JS            59  370   OG66X            59   342     0
QSO:    3500 PH 2024-03-31 2046 DM1JS            59  371   YL2CI            59   527     0
QSO:    7000 PH 2024-03-31 2049 DM1JS            59  372   SP4TKR           59   341     0
QSO:    7000 PH 2024-03-31 2051 DM1JS            59  373   YT5A             59   2059    0
QSO:    7000 PH 2024-03-31 2056 DM1JS            59  374   E79AA            59   138     0
QSO:    7000 PH 2024-03-31 2059 DM1JS            59  375   SE5E             59   971     0
QSO:    7000 PH 2024-03-31 2106 DM1JS            59  376   IO8W             59   1072    0
QSO:    7000 PH 2024-03-31 2107 DM1JS            59  377   S58N             59   1277    0
QSO:    7000 PH 2024-03-31 2112 DM1JS            59  378   UN9L             59   4125    0
QSO:    7000 PH 2024-03-31 2116 DM1JS            59  379   P33W             59   1159    0
QSO:    7000 PH 2024-03-31 2116 DM1JS            59  380   HG8R             59   3542    0
QSO:    7000 PH 2024-03-31 2117 DM1JS            59  381   YQ4M             59   740     0
QSO:    7000 PH 2024-03-31 2118 DM1JS            59  382   YU5KBM           59   414     0
QSO:    7000 PH 2024-03-31 2120 DM1JS            59  383   RO9O             59   4393    0
QSO:    3500 PH 2024-03-31 2131 DM1JS            59  384   SK6D             59   1661    0
QSO:    3500 PH 2024-03-31 2133 DM1JS            59  385   HF6R             59   253     0
QSO:    3500 PH 2024-03-31 2135 DM1JS            59  386   DR4A             59   557     0
QSO:    3500 PH 2024-03-31 2137 DM1JS            59  387   DM4IM            59   1096    0
QSO:    3500 PH 2024-03-31 2138 DM1JS            59  388   SP2N             59   466     0
QSO:    3500 PH 2024-03-31 2139 DM1JS            59  389   DL4CQ            59   631     0
QSO:    3500 PH 2024-03-31 2140 DM1JS            59  390   PB6W             59   1426    0
QSO:    3500 PH 2024-03-31 2145 DM1JS            59  391   S58Y             59   1500    0
QSO:    3500 PH 2024-03-31 2147 DM1JS            59  392   OR7G             59   1762    0
QSO:    3500 PH 2024-03-31 2148 DM1JS            59  393   DM5B             59   406     0
QSO:    3500 PH 2024-03-31 2154 DM1JS            59  394   SP2WKB           59   847     0
QSO:    3500 PH 2024-03-31 2158 DM1JS            59  395   S53M             59   432     0
QSO:    3500 PH 2024-03-31 2213 DM1JS            59  396   HG3R             59   3566    0
QSO:    3500 PH 2024-03-31 2215 DM1JS            59  397   YU3MPN           59   617     0
QSO:    3500 PH 2024-03-31 2217 DM1JS            59  398   ON6MDG           59   795     0
QSO:    3500 PH 2024-03-31 2219 DM1JS            59  399   E7DX             59   5219    0
QSO:    7000 PH 2024-03-31 2223 DM1JS            59  400   LY2TS            59   217     0
QSO:    7000 PH 2024-03-31 2229 DM1JS            59  401   IK0PHY           59   2419    0
QSO:    7000 PH 2024-03-31 2231 DM1JS            59  402   OH5S             59   1370    0
QSO:    7000 PH 2024-03-31 2234 DM1JS            59  403   YR95IN           59   797     0
QSO:    7000 PH 2024-03-31 2235 DM1JS            59  404   EA3CI            59   2281    0
QSO:    7000 PH 2024-03-31 2236 DM1JS            59  405   ER30ARM          59   1052    0
QSO:    7000 PH 2024-03-31 2240 DM1JS            59  406   M6T              59   2663    0
QSO:    7000 PH 2024-03-31 2242 DM1JS            59  407   IO8V             59   1983    0
QSO:    7000 PH 2024-03-31 2244 DM1JS            59  408   EP1DJ            59   2468    0
QSO:    3500 PH 2024-03-31 2248 DM1JS            59  409   HA3DX            59   455     0
QSO:    3500 PH 2024-03-31 2249 DM1JS            59  410   OK1OA            59   827     0
QSO:    3500 PH 2024-03-31 2252 DM1JS            59  411   F4EQN            59   774     0
QSO:    3500 PH 2024-03-31 2253 DM1JS            59  412   II8K             59   3514    0
QSO:    3500 PH 2024-03-31 2254 DM1JS            59  413   IK3UNA           59   2799    0
QSO:    3500 PH 2024-03-31 2256 DM1JS            59  414   II2Q             59   3396    0
QSO:    3500 PH 2024-03-31 2300 DM1JS            59  415   DF8V             59   587     0
END-OF-LOG:
