START-OF-LOG: 3.0
X-DATE-RECEIVED: 2024-03-31 23:56:38 UTC
CONTEST: CQ-WPX-SSB
CALLSIGN: PU2OXB
LOCATION: DX
CATEGORY-OPERATOR: SINGLE-OP
CATEGORY-ASSISTED: ASSISTED
CATEGORY-BAND: 10M
CATEGORY-POWER: LOW
CATEGORY-MODE: SSB
CATEGORY-TRANSMITTER: ONE
CATEGORY-STATION: FIXED
CATEGORY-OVERLAY:
GRID-LOCATOR: GG56PB
CLAIMED-SCORE: 83013
NAME: ILDEFONSO ROZA NETO
OPERATORS: PU2OXB
CLUB: CABREUVADX
CREATED-BY: N1MM Logger+ 1.0.10235.0
QSO:   28413 PH 2024-03-30 0004 PU2OXB           59  0001  TI8/N7ZG         59   0007     
QSO:   28428 PH 2024-03-30 0006 PU2OXB           59  0002  CP5HK            59   0007     
QSO:   28472 PH 2024-03-30 0011 PU2OXB           59  0003  CE6PNK           59   0003     
QSO:   28526 PH 2024-03-30 0135 PU2OXB           59  0004  KP2B             59   0171     
QSO:   28498 PH 2024-03-30 0141 PU2OXB           59  0005  HI8RD            59   0146     
QSO:   28530 PH 2024-03-30 0144 PU2OXB           59  0006  PU9FDO           59   0067     
QSO:   28472 PH 2024-03-30 0146 PU2OXB           59  0007  PT2AW            59   0065     
QSO:   28339 PH 2024-03-30 0148 PU2OXB           59  0008  KV0Q             59   0259     
QSO:   28513 PH 2024-03-30 0155 PU2OXB           59  0009  CB4K             59   0093     
QSO:   28460 PH 2024-03-30 0159 PU2OXB           59  0010  JG3KIV           59   0280     
QSO:   28348 PH 2024-03-30 0201 PU2OXB           59  0011  PP2CS            59   0040     
QSO:   28375 PH 2024-03-30 0220 PU2OXB           59  0012  ND7K             59   0573     
QSO:   28524 PH 2024-03-30 0227 PU2OXB           59  0013  TI2RF            59   0096     
QSO:   28400 PH 2024-03-30 0235 PU2OXB           59  0014  V31XX            59   0418     
QSO:   28420 PH 2024-03-30 0258 PU2OXB           59  0015  CE3CLF           59   0171     
QSO:   28352 PH 2024-03-30 1141 PU2OXB           59  0016  F4HRM            59   0257     
QSO:   28304 PH 2024-03-30 1144 PU2OXB           59  0017  IO5O             59   0510     
QSO:   28313 PH 2024-03-30 1146 PU2OXB           59  0018  IB9U             59   0211     
QSO:   28330 PH 2024-03-30 1151 PU2OXB           59  0019  IZ8PGQ           59   0089     
QSO:   28480 PH 2024-03-30 1210 PU2OXB           59  0020  CE7PNK           59   0031     
QSO:   28560 PH 2024-03-30 1254 PU2OXB           59  0021  LU1VM            59   0061     
QSO:   28542 PH 2024-03-30 1259 PU2OXB           59  0022  CB1A             59   0172     
QSO:   28556 PH 2024-03-30 1300 PU2OXB           59  0023  L74V             59   0092     
QSO:   28493 PH 2024-03-30 1311 PU2OXB           59  0024  SJ8R             59   0015     
QSO:   28502 PH 2024-03-30 1324 PU2OXB           59  0025  CA3VAK           59   0195     
QSO:   28650 PH 2024-03-30 1330 PU2OXB           59  0026  LU2PWY           59   0026     
QSO:   28695 PH 2024-03-30 1332 PU2OXB           59  0027  LT5M             59   0386     
QSO:   28369 PH 2024-03-30 1351 PU2OXB           59  0028  CB1C             59   0249     
QSO:   28374 PH 2024-03-30 1353 PU2OXB           59  0029  Y95A             59   0713     
QSO:   28310 PH 2024-03-30 1432 PU2OXB           59  0030  UI5R             59   1301     
QSO:   28346 PH 2024-03-30 1436 PU2OXB           59  0031  CE3KA            59   0064     
QSO:   28575 PH 2024-03-30 1536 PU2OXB           59  0032  LU3WC            59   0266     
QSO:   28673 PH 2024-03-30 1604 PU2OXB           59  0033  LS7X             59   0050     
QSO:   28371 PH 2024-03-30 1706 PU2OXB           59  0034  OM7M             59   1190     
QSO:   28349 PH 2024-03-30 1707 PU2OXB           59  0035  K1LZ             59   1341     
QSO:   28355 PH 2024-03-30 1709 PU2OXB           59  0036  GM5X             59   1444     
QSO:   28383 PH 2024-03-30 1804 PU2OXB           59  0037  S53M             59   0533     
QSO:   28441 PH 2024-03-30 2052 PU2OXB           59  0038  LU4JEA           59   0166     
QSO:   28634 PH 2024-03-30 2213 PU2OXB           59  0039  WZ4F             59   2035     
QSO:   28561 PH 2024-03-30 2214 PU2OXB           59  0040  NE1C             59   1075     
QSO:   28504 PH 2024-03-30 2222 PU2OXB           59  0041  WP4KEY           59   0435     
QSO:   28620 PH 2024-03-30 2225 PU2OXB           59  0042  VE3YT            59   0877     
QSO:   28564 PH 2024-03-30 2229 PU2OXB           59  0043  VQ5P             59   1873     
QSO:   28453 PH 2024-03-30 2233 PU2OXB           59  0044  KQ2M             59   2298     
QSO:   28374 PH 2024-03-30 2238 PU2OXB           59  0045  XE1CKJ           59   0547     
QSO:   28310 PH 2024-03-30 2240 PU2OXB           59  0046  K2SSS            59   1278     
QSO:   28337 PH 2024-03-30 2242 PU2OXB           59  0047  VE3MZD           59   0177     
QSO:   28489 PH 2024-03-30 2247 PU2OXB           59  0048  CE2DX            59   0107     
QSO:   28459 PH 2024-03-30 2252 PU2OXB           59  0049  N3RD             59   0573     
QSO:   28368 PH 2024-03-30 2254 PU2OXB           59  0050  TO1Q             59   1031     
QSO:   28350 PH 2024-03-30 2256 PU2OXB           59  0051  WV4P             59   1478     
QSO:   28440 PH 2024-03-30 2355 PU2OXB           59  0052  NH6D             59   0524     
QSO:   28385 PH 2024-03-30 2358 PU2OXB           59  0053  WR3O             59   0897     
QSO:   28532 PH 2024-03-31 0044 PU2OXB           59  0054  AC0W             59   1103     
QSO:   28438 PH 2024-03-31 0102 PU2OXB           59  0055  NR6O             59   1501     
QSO:   28576 PH 2024-03-31 0113 PU2OXB           59  0056  JM1LPN           59   1052     
QSO:   28473 PH 2024-03-31 0133 PU2OXB           59  0057  JR1GSE           59   0719     
QSO:   28310 PH 2024-03-31 0202 PU2OXB           59  0058  JE1LFX           59   1240     
QSO:   28409 PH 2024-03-31 0217 PU2OXB           59  0059  JA7OWD           59   0845     
QSO:   28400 PH 2024-03-31 0754 PU2OXB           59  0060  PU2OXF           59   0001     
QSO:   28512 PH 2024-03-31 1016 PU2OXB           59  0061  UA4S             59   1270     
QSO:   28363 PH 2024-03-31 1018 PU2OXB           59  0062  YT5A             59   1292     
QSO:   28390 PH 2024-03-31 1028 PU2OXB           59  0063  YT8WW            59   1262     
QSO:   28370 PH 2024-03-31 1042 PU2OXB           59  0064  UC9A             59   1439     
QSO:   28343 PH 2024-03-31 1043 PU2OXB           59  0065  RW3RN            59   0877     
QSO:   28532 PH 2024-03-31 1049 PU2OXB           59  0066  UT7EZ            59   0841     
QSO:   28385 PH 2024-03-31 1105 PU2OXB           59  0067  IP9C             59   1449     
QSO:   28405 PH 2024-03-31 1112 PU2OXB           59  0068  UA9CUA           59   0713     
QSO:   28479 PH 2024-03-31 1117 PU2OXB           59  0069  RO9O             59   3402     
QSO:   28526 PH 2024-03-31 1119 PU2OXB           59  0070  R3OM             59   1025     
QSO:   28617 PH 2024-03-31 1122 PU2OXB           59  0071  SQ9ZAX           59   0275     
QSO:   28495 PH 2024-03-31 1125 PU2OXB           59  0072  RK7A             59   2014     
QSO:   28474 PH 2024-03-31 1142 PU2OXB           59  0073  RC5Z             59   0508     
QSO:   28395 PH 2024-03-31 1154 PU2OXB           59  0074  IK8IOO           59   0198     
QSO:   28362 PH 2024-03-31 1157 PU2OXB           59  0075  4L2M             59   2197     
QSO:   28301 PH 2024-03-31 1200 PU2OXB           59  0076  S55OO            59   1987     
QSO:   28355 PH 2024-03-31 1203 PU2OXB           59  0077  LZ5R             59   4471     
QSO:   28413 PH 2024-03-31 1208 PU2OXB           59  0078  TM3P             59   3345     
QSO:   28439 PH 2024-03-31 1209 PU2OXB           59  0079  OL9Z             59   1909     
QSO:   28517 PH 2024-03-31 1220 PU2OXB           59  0080  LZ9W             59   1169     
QSO:   28527 PH 2024-03-31 1222 PU2OXB           59  0081  ED2X             59   1361     
QSO:   28543 PH 2024-03-31 1225 PU2OXB           59  0082  UA4CC            59   0305     
QSO:   28583 PH 2024-03-31 1227 PU2OXB           59  0083  IZ8IEV           59   0011     
QSO:   28615 PH 2024-03-31 1228 PU2OXB           59  0084  OE9LWV           59   0096     
QSO:   28659 PH 2024-03-31 1233 PU2OXB           59  0085  DD2ML            59   0407     
QSO:   28679 PH 2024-03-31 1234 PU2OXB           59  0086  OK1WCF           59   0744     
QSO:   28626 PH 2024-03-31 1248 PU2OXB           59  0087  RU9AC            59   0778     
QSO:   28350 PH 2024-03-31 1256 PU2OXB           59  0088  IK0BAL           59   0172     
QSO:   28426 PH 2024-03-31 1300 PU2OXB           59  0089  CB3A             59   0954     
QSO:   28457 PH 2024-03-31 1302 PU2OXB           59  0090  CB4A             59   0198     
QSO:   28471 PH 2024-03-31 1323 PU2OXB           59  0091  NU2A             59   0348     
QSO:   28521 PH 2024-03-31 1324 PU2OXB           59  0092  S50E             59   0472     
QSO:   28593 PH 2024-03-31 1351 PU2OXB           59  0093  CE6CGX           59   0527     
QSO:   28458 PH 2024-03-31 1354 PU2OXB           59  0094  HG7T             59   1062     
QSO:   28450 PH 2024-03-31 1358 PU2OXB           59  0095  SP9N             59   0712     
QSO:   28388 PH 2024-03-31 1400 PU2OXB           59  0096  PU8WCB           59   0124     
QSO:   28355 PH 2024-03-31 1408 PU2OXB           59  0097  PY7ZC            59   1728     
QSO:   28428 PH 2024-03-31 1412 PU2OXB           59  0098  CN3A             59   3002     
QSO:   28422 PH 2024-03-31 1428 PU2OXB           59  0099  NE3F             59   0543     
QSO:   28660 PH 2024-03-31 1438 PU2OXB           59  0100  PZ5DX            59   3031     
QSO:   28372 PH 2024-03-31 1442 PU2OXB           59  0101  WU2X             59   2990     
QSO:   28513 PH 2024-03-31 1516 PU2OXB           59  0102  IK2CLB           59   0187     
QSO:   28500 PH 2024-03-31 1519 PU2OXB           59  0103  CB8E             59   0872     
QSO:   28383 PH 2024-03-31 1523 PU2OXB           59  0104  OL7T             59   2887     
QSO:   28365 PH 2024-03-31 1524 PU2OXB           59  0105  LT6M             59   0605     
QSO:   28322 PH 2024-03-31 1531 PU2OXB           59  0106  F4BKV            59   1189     
QSO:   28346 PH 2024-03-31 1534 PU2OXB           59  0107  9A5X             59   0889     
QSO:   28353 PH 2024-03-31 1536 PU2OXB           59  0108  IB9T             59   1700     
QSO:   28360 PH 2024-03-31 1537 PU2OXB           59  0109  TO7O             59   3180     
QSO:   28373 PH 2024-03-31 1539 PU2OXB           59  0110  DA2X             59   0621     
QSO:   28382 PH 2024-03-31 1541 PU2OXB           59  0111  LU1XAV           59   0185     
QSO:   28394 PH 2024-03-31 1543 PU2OXB           59  0112  NT0EE            59   4848     
QSO:   28410 PH 2024-03-31 1546 PU2OXB           59  0113  II8K             59   2935     
QSO:   28435 PH 2024-03-31 1550 PU2OXB           59  0114  LV8V             59   0345     
QSO:   28472 PH 2024-03-31 1552 PU2OXB           59  0115  TM4Y             59   0669     
QSO:   28542 PH 2024-03-31 1556 PU2OXB           59  0116  EA5O             59   0243     
QSO:   28610 PH 2024-03-31 1559 PU2OXB           59  0117  CE1LZR           59   0218     
QSO:   28689 PH 2024-03-31 1601 PU2OXB           59  0118  C37N             59   0174     
QSO:   28551 PH 2024-03-31 1616 PU2OXB           59  0119  LU2DT            59   0565     
QSO:   28544 PH 2024-03-31 1617 PU2OXB           59  0120  M6T              59   1836     
QSO:   28539 PH 2024-03-31 1620 PU2OXB           59  0121  F5IRA            59   0420     
QSO:   28463 PH 2024-03-31 1622 PU2OXB           59  0122  LT1E             59   0614     
QSO:   28449 PH 2024-03-31 1623 PU2OXB           59  0123  LO5U             59   0281     
QSO:   28352 PH 2024-03-31 1629 PU2OXB           59  0124  YT1X             59   1489     
QSO:   28589 PH 2024-03-31 1634 PU2OXB           59  0125  LT3E             59   2211     
QSO:   28600 PH 2024-03-31 1635 PU2OXB           59  0126  IK3UNA           59   2587     
QSO:   28652 PH 2024-03-31 1642 PU2OXB           59  0127  8P5A             59   5129     
QSO:   28314 PH 2024-03-31 1645 PU2OXB           59  0128  LU1DX            59   1434     
QSO:   28390 PH 2024-03-31 1649 PU2OXB           59  0129  CE4JZO           59   0135     
QSO:   28419 PH 2024-03-31 1654 PU2OXB           59  0130  9A44A            59   3754     
QSO:   28451 PH 2024-03-31 1657 PU2OXB           59  0131  F1DHX            59   1235     
QSO:   28487 PH 2024-03-31 1659 PU2OXB           59  0132  IU0OVB           59   0075     
QSO:   28495 PH 2024-03-31 1702 PU2OXB           59  0133  DP7D             59   1642     
QSO:   28524 PH 2024-03-31 1706 PU2OXB           59  0134  J42L             59   0919     
QSO:   28550 PH 2024-03-31 1709 PU2OXB           59  0135  CE3TL            59   0114     
QSO:   28577 PH 2024-03-31 1711 PU2OXB           59  0136  LO7H             59   1621     
QSO:   28633 PH 2024-03-31 1715 PU2OXB           59  0137  R5USK            59   0989     
QSO:   28588 PH 2024-03-31 1725 PU2OXB           59  0138  9K2JJ            59   1348     
QSO:   28534 PH 2024-03-31 1728 PU2OXB           59  0139  CX5A             59   1547     
QSO:   28508 PH 2024-03-31 1731 PU2OXB           59  0140  CX2CC            59   1328     
QSO:   28464 PH 2024-03-31 1733 PU2OXB           59  0141  LP1H             59   1993     
QSO:   28374 PH 2024-03-31 1739 PU2OXB           59  0142  S570CST          59   1863     
QSO:   28307 PH 2024-03-31 1741 PU2OXB           59  0143  LW7DX            59   1126     
QSO:   28324 PH 2024-03-31 1743 PU2OXB           59  0144  IT9ACN           59   0179     
QSO:   28454 PH 2024-03-31 1747 PU2OXB           59  0145  SQ6H             59   1616     
QSO:   28480 PH 2024-03-31 1749 PU2OXB           59  0146  DL5RBW           59   0889     
QSO:   28517 PH 2024-03-31 1751 PU2OXB           59  0147  CE2GT            59   0328     
QSO:   28516 PH 2024-03-31 1753 PU2OXB           59  0148  DL5IC            59   0542     
QSO:   28521 PH 2024-03-31 1754 PU2OXB           59  0149  CX7SS            59   0492     
QSO:   28559 PH 2024-03-31 1757 PU2OXB           59  0150  XQ3AQI           59   0272     
QSO:   28606 PH 2024-03-31 1759 PU2OXB           59  0151  CW5A             59   1203     
QSO:   28610 PH 2024-03-31 1801 PU2OXB           59  0152  CX6TU            59   0185     
QSO:   28566 PH 2024-03-31 1807 PU2OXB           59  0153  CT7AHV           59   0495     
QSO:   28471 PH 2024-03-31 1816 PU2OXB           59  0154  LU3DK            59   0756     
QSO:   28477 PH 2024-03-31 1819 PU2OXB           59  0155  F6IRA            59   0420     
QSO:   28431 PH 2024-03-31 1845 PU2OXB           59  0156  D4C              59   7410     
QSO:   28418 PH 2024-03-31 1854 PU2OXB           59  0157  M0Q              59   0165     
QSO:   28457 PH 2024-03-31 1859 PU2OXB           59  0158  G8X              59   1552     
QSO:   28530 PH 2024-03-31 1902 PU2OXB           59  0159  PT7BI            59   0114     
QSO:   28524 PH 2024-03-31 1919 PU2OXB           59  0160  CE3NR            59   0169     
QSO:   28514 PH 2024-03-31 1920 PU2OXB           59  0161  LW3DC            59   0089     
QSO:   28496 PH 2024-03-31 1922 PU2OXB           59  0162  DK5DQ            59   1693     
QSO:   28490 PH 2024-03-31 1923 PU2OXB           59  0163  XR2J             59   0342     
QSO:   28454 PH 2024-03-31 1930 PU2OXB           59  0164  CT3EN            59   0206     
QSO:   28588 PH 2024-03-31 1935 PU2OXB           59  0165  LU1BJW           59   0239     
QSO:   28681 PH 2024-03-31 1938 PU2OXB           59  0166  LQ5A             59   0553     
QSO:   28700 PH 2024-03-31 1940 PU2OXB           59  0167  K0PJ             59   1332     
QSO:   28625 PH 2024-03-31 1943 PU2OXB           59  0168  KR4Z             59   1556     
QSO:   28565 PH 2024-03-31 1944 PU2OXB           59  0169  KW7MM            59   2914     
QSO:   28361 PH 2024-03-31 1950 PU2OXB           59  0170  LU3DRP           59   0838     
QSO:   28488 PH 2024-03-31 1956 PU2OXB           59  0171  LT7F             59   0950     
QSO:   28488 PH 2024-03-31 1958 PU2OXB           59  0172  LT7F             59   0950     
QSO:   28550 PH 2024-03-31 2002 PU2OXB           59  0173  CX9AU            59   0236     
QSO:   28555 PH 2024-03-31 2004 PU2OXB           59  0174  CB7H             59   0562     
QSO:   28587 PH 2024-03-31 2006 PU2OXB           59  0175  CX2BAH           59   0720     
QSO:   28595 PH 2024-03-31 2040 PU2OXB           59  0176  VE7BC            59   1641     
QSO:   28545 PH 2024-03-31 2042 PU2OXB           59  0177  LU4FM            59   1199     
QSO:   28498 PH 2024-03-31 2045 PU2OXB           59  0178  VE5MX            59   2281     
QSO:   28485 PH 2024-03-31 2047 PU2OXB           59  0179  KR7D             59   0835     
QSO:   28483 PH 2024-03-31 2055 PU2OXB           59  0180  KZ1W             59   2345     
QSO:   28390 PH 2024-03-31 2101 PU2OXB           59  0181  K7SS             59   0998     
QSO:   28505 PH 2024-03-31 2106 PU2OXB           59  0182  CX1DF            59   0683     
QSO:   28523 PH 2024-03-31 2114 PU2OXB           59  0183  CB4T             59   0392     
QSO:   28508 PH 2024-03-31 2132 PU2OXB           59  0184  PT7PT            59   0349     
QSO:   28510 PH 2024-03-31 2135 PU2OXB           59  0185  WM7A             59   1690     
QSO:   28536 PH 2024-03-31 2138 PU2OXB           59  0186  VE4SG            59   1350     
QSO:   28525 PH 2024-03-31 2148 PU2OXB           59  0187  LU4JHF           59   0368     
QSO:   28461 PH 2024-03-31 2153 PU2OXB           59  0188  LU7JMS           59   0223     
QSO:   28418 PH 2024-03-31 2155 PU2OXB           59  0189  KC9EE            59   1295     
QSO:   28349 PH 2024-03-31 2159 PU2OXB           59  0190  NE8P             59   0809     
QSO:   28490 PH 2024-03-31 2205 PU2OXB           59  0191  CM8JFL           59   0221     
QSO:   28351 PH 2024-03-31 2216 PU2OXB           59  0192  AD4EB            59   2665     
QSO:   28454 PH 2024-03-31 2229 PU2OXB           59  0193  KT5J             59   5431     
QSO:   28453 PH 2024-03-31 2230 PU2OXB           59  0194  NN6DX            59   1078     
QSO:   28340 PH 2024-03-31 2233 PU2OXB           59  0195  V47T             59   7324     
QSO:   28324 PH 2024-03-31 2235 PU2OXB           59  0196  NP2KW            59   0208     
QSO:   28506 PH 2024-03-31 2248 PU2OXB           59  0197  TI0RC            59   4044     
QSO:   28579 PH 2024-03-31 2257 PU2OXB           59  0198  PJ5/SP9FIH       59   2357     
QSO:   28394 PH 2024-03-31 2305 PU2OXB           59  0199  KL5DX            59   3990     
QSO:   28373 PH 2024-03-31 2310 PU2OXB           59  0200  KB3WD            59   3516     
QSO:   28338 PH 2024-03-31 2313 PU2OXB           59  0201  AJ6V             59   0001     
QSO:   28404 PH 2024-03-31 2317 PU2OXB           59  0202  VA7RR            59   1657     
END-OF-LOG:
