START-OF-LOG: 3.0
X-DATE-RECEIVED: 2024-03-31 13:12:58 UTC
CONTEST: CQ-WPX-SSB
CALLSIGN: YT1BX
LOCATION: DX
CATEGORY-OPERATOR: SINGLE-OP
CATEGORY-ASSISTED: ASSISTED
CATEGORY-BAND: 15M
CATEGORY-POWER: LOW
CATEGORY-MODE: SSB
CATEGORY-TRANSMITTER: ONE
CATEGORY-STATION: FIXED
CATEGORY-OVERLAY: TB-WIRES
GRID-LOCATOR: KN03XH
CLAIMED-SCORE: 21340
NAME: Vlada Stankovic
OPERATORS: YT1BX
CLUB: CONTEST CLUB SERBIA
CREATED-BY: N1MM Logger+ 1.0.10235.0
QSO:   21322 PH 2024-03-30 0805 YT1BX            59  0001  F4HRM            59   0090     
QSO:   21318 PH 2024-03-30 0806 YT1BX            59  0002  EF7A             59   0148     
QSO:   21283 PH 2024-03-30 0811 YT1BX            59  0003  OG8M             59   0441     
QSO:   21274 PH 2024-03-30 0812 YT1BX            59  0004  EG3CC            59   0137     
QSO:   21263 PH 2024-03-30 0812 YT1BX            59  0005  EA4DW            59   0041     
QSO:   21254 PH 2024-03-30 0813 YT1BX            59  0006  PB6W             59   0246     
QSO:   21234 PH 2024-03-30 0815 YT1BX            59  0007  F6KRK            59   0281     
QSO:   21230 PH 2024-03-30 0816 YT1BX            59  0008  M6T              59   0401     
QSO:   21221 PH 2024-03-30 0818 YT1BX            59  0009  SK6D             59   0251     
QSO:   21210 PH 2024-03-30 0818 YT1BX            59  0010  P33W             59   0596     
QSO:   21203 PH 2024-03-30 0821 YT1BX            59  0011  OH2KW            59   0103     
QSO:   21154 PH 2024-03-30 0823 YT1BX            59  0012  OZ11A            59   0237     
QSO:   21396 PH 2024-03-30 0827 YT1BX            59  0013  CN3A             59   0413     
QSO:   21380 PH 2024-03-30 0828 YT1BX            59  0014  CR6T             59   0501     
QSO:   21355 PH 2024-03-30 0832 YT1BX            59  0015  OG9X             59   0295     
QSO:   21336 PH 2024-03-30 0833 YT1BX            59  0016  ED3C             59   0193     
QSO:   21313 PH 2024-03-30 0837 YT1BX            59  0017  DP7D             59   0267     
QSO:   21281 PH 2024-03-30 0842 YT1BX            59  0018  RU1A             59   0506     
QSO:   21277 PH 2024-03-30 0842 YT1BX            59  0019  ED1R             59   0138     
QSO:   21272 PH 2024-03-30 0843 YT1BX            59  0020  EA5JN            59   0020     
QSO:   21259 PH 2024-03-30 0844 YT1BX            59  0021  LY2BKT           59   0150     
QSO:   21236 PH 2024-03-30 0845 YT1BX            59  0022  DL4DBM           59   0192     
QSO:   21438 PH 2024-03-30 0858 YT1BX            59  0023  EA1DLU           59   0053     
QSO:   21413 PH 2024-03-30 0858 YT1BX            59  0024  TM5G             59   0085     
QSO:   21302 PH 2024-03-30 0907 YT1BX            59  0025  CT2HOV           59   0390     
QSO:   21241 PH 2024-03-30 0912 YT1BX            59  0026  M6C              59   0049     
QSO:   21237 PH 2024-03-30 0913 YT1BX            59  0027  PA6DX            59   0022     
QSO:   21444 PH 2024-03-30 0915 YT1BX            59  0028  OG6N             59   0253     
QSO:   21447 PH 2024-03-30 0941 YT1BX            59  0029  YL1ZS            59   0374     
QSO:   21435 PH 2024-03-30 0942 YT1BX            59  0030  EA2W             59   1376     
QSO:   21429 PH 2024-03-30 0943 YT1BX            59  0031  EA4AW            59   0109     
QSO:   21400 PH 2024-03-30 0944 YT1BX            59  0032  C37N             59   0140     
QSO:   21361 PH 2024-03-30 0951 YT1BX            59  0033  LX1NO            59   0592     
QSO:   21346 PH 2024-03-30 0953 YT1BX            59  0034  5P5K             59   0405     
QSO:   21308 PH 2024-03-30 0956 YT1BX            59  0035  D4C              59   1937     
QSO:   21175 PH 2024-03-30 1004 YT1BX            59  0036  LX5M             59   0355     
QSO:   21163 PH 2024-03-30 1005 YT1BX            59  0037  EC5EA            59   0044     
QSO:   21449 PH 2024-03-30 1007 YT1BX            59  0038  TM9DX            59   0080     
QSO:   21423 PH 2024-03-30 1009 YT1BX            59  0039  SD3T             59   0286     
QSO:   21377 PH 2024-03-30 1013 YT1BX            59  0040  UI5R             59   0767     
QSO:   21310 PH 2024-03-30 1019 YT1BX            59  0041  OH5Z             59   0658     
QSO:   21262 PH 2024-03-30 1023 YT1BX            59  0042  KQ2M             59   1393     
QSO:   21245 PH 2024-03-30 1025 YT1BX            59  0043  DC4A             59   0545     
QSO:   21238 PH 2024-03-30 1028 YT1BX            59  0044  K1LZ             59   0141     
QSO:   21204 PH 2024-03-30 1031 YT1BX            59  0045  KM3T             59   0028     
QSO:   21190 PH 2024-03-30 1033 YT1BX            59  0046  OP2A             59   0029     
QSO:   21183 PH 2024-03-30 1034 YT1BX            59  0047  EB8AH            59   0519     
QSO:   21181 PH 2024-03-30 1034 YT1BX            59  0048  M7GBS            59   0097     
QSO:   21167 PH 2024-03-30 1035 YT1BX            59  0049  EA5KB            59   0113     
QSO:   21158 PH 2024-03-30 1037 YT1BX            59  0050  VC2A             59   0325     
QSO:   21155 PH 2024-03-30 1038 YT1BX            59  0051  VE3EJ            59   1035     
QSO:   21152 PH 2024-03-30 1039 YT1BX            59  0052  VY2TT            59   0251     
QSO:   21403 PH 2024-03-30 1041 YT1BX            59  0053  SG0X             59   0212     
QSO:   21331 PH 2024-03-30 1051 YT1BX            59  0054  RX3XA            59   0178     
QSO:   21222 PH 2024-03-30 1100 YT1BX            59  0055  NN3W             59   1045     
QSO:   21164 PH 2024-03-30 1107 YT1BX            59  0056  VE3JM            59   0169     
QSO:   21419 PH 2024-03-30 1109 YT1BX            59  0057  OR3A             59   0138     
QSO:   21402 PH 2024-03-30 1113 YT1BX            59  0058  YL3CW            59   0283     
QSO:   21397 PH 2024-03-30 1114 YT1BX            59  0059  V47T             59   1852     
QSO:   21357 PH 2024-03-30 1116 YT1BX            59  0060  WU2X             59   1388     
QSO:   21323 PH 2024-03-30 1119 YT1BX            59  0061  EA3CI            59   0577     
QSO:   21320 PH 2024-03-30 1120 YT1BX            59  0062  G3Q              59   0302     
QSO:   21185 PH 2024-03-30 1138 YT1BX            59  0063  EF8W             59   0026     
QSO:   21169 PH 2024-03-30 1140 YT1BX            59  0064  CQ7DX            59   0854     
QSO:   21438 PH 2024-03-30 1145 YT1BX            59  0065  NQ1DX            59   0261     
QSO:   21436 PH 2024-03-30 1145 YT1BX            59  0066  KP4PUA           59   0542     
QSO:   21415 PH 2024-03-30 1147 YT1BX            59  0067  IK4HLQ           59   0207     
QSO:   21382 PH 2024-03-30 1148 YT1BX            59  0068  IB1D             59   1010     
QSO:   21348 PH 2024-03-30 1150 YT1BX            59  0069  TF3T             59   0253     
QSO:   21326 PH 2024-03-30 1152 YT1BX            59  0070  IP4M             59   0543     
QSO:   21317 PH 2024-03-30 1153 YT1BX            59  0071  PZ5TW            59   0764     
QSO:   21272 PH 2024-03-30 1157 YT1BX            59  0072  TM9C             59   0982     
QSO:   21171 PH 2024-03-30 1203 YT1BX            59  0073  P43A             59   0720     
QSO:   21161 PH 2024-03-30 1205 YT1BX            59  0074  CG3T             59   1050     
QSO:   21419 PH 2024-03-30 1207 YT1BX            59  0075  II2S             59   0277     
QSO:   21352 PH 2024-03-30 1214 YT1BX            59  0076  OG66X            59   0281     
QSO:   21251 PH 2024-03-30 1223 YT1BX            59  0077  OR5R             59   0731     
QSO:   21219 PH 2024-03-30 1224 YT1BX            59  0078  TM3P             59   1181     
QSO:   21216 PH 2024-03-30 1226 YT1BX            59  0079  3V8SS            59   0736     
QSO:   21450 PH 2024-03-30 1234 YT1BX            59  0080  IU1NKS           59   0121     
QSO:   21359 PH 2024-03-30 1240 YT1BX            59  0081  EE1G             59   0510     
QSO:   21250 PH 2024-03-30 1244 YT1BX            59  0082  PC0A             59   0671     
QSO:   21203 PH 2024-03-30 1248 YT1BX            59  0083  OR7G             59   0682     
QSO:   21412 PH 2024-03-30 1253 YT1BX            59  0084  NU4E             59   0882     
QSO:   21358 PH 2024-03-30 1257 YT1BX            59  0085  EI7M             59   1853     
QSO:   21343 PH 2024-03-30 1258 YT1BX            59  0086  W8MJ             59   1175     
QSO:   21178 PH 2024-03-30 1304 YT1BX            59  0087  EE3N             59   0161     
QSO:   21324 PH 2024-03-30 1325 YT1BX            59  0088  YL6W             59   0473     
QSO:   21318 PH 2024-03-30 1327 YT1BX            59  0089  CQ7X             59   1638     
QSO:   21234 PH 2024-03-30 1332 YT1BX            59  0090  TM4Y             59   0193     
QSO:   21227 PH 2024-03-30 1336 YT1BX            59  0091  F4JIK            59   0187     
QSO:   21346 PH 2024-03-30 1638 YT1BX            59  0092  OP4K             59   0722     
QSO:   21285 PH 2024-03-30 1644 YT1BX            59  0093  RK4FD            59   1975     
QSO:   21282 PH 2024-03-30 1645 YT1BX            59  0094  EE4M             59   0413     
QSO:   21274 PH 2024-03-30 1646 YT1BX            59  0095  EB1DJ            59   0869     
QSO:   21207 PH 2024-03-30 1650 YT1BX            59  0096  4X6TT            59   0411     
QSO:   21162 PH 2024-03-30 1652 YT1BX            59  0097  M1T              59   0569     
QSO:   21212 PH 2024-03-31 0652 YT1BX            59  0098  RN9C             59   1925     
QSO:   21263 PH 2024-03-31 0731 YT1BX            59  0099  RX9WN            59   0708     
QSO:   21384 PH 2024-03-31 0832 YT1BX            59  0100  9K9A             59   1881     
QSO:   21160 PH 2024-03-31 0904 YT1BX            59  0101  OG100AA          59   0481     
QSO:   21280 PH 2024-03-31 0921 YT1BX            59  0102  4Z7Z             59   2981     
QSO:   21416 PH 2024-03-31 0923 YT1BX            59  0103  4X1VF            59   0511     
QSO:   21247 PH 2024-03-31 0927 YT1BX            59  0104  EA8DMF           59   0154     
QSO:   21355 PH 2024-03-31 0932 YT1BX            59  0105  OH8RX            59   1533     
QSO:   21255 PH 2024-03-31 0957 YT1BX            59  0106  PR1T             59   1274     
QSO:   21385 PH 2024-03-31 1120 YT1BX            59  0107  EC2DX            59   2256     
QSO:   21332 PH 2024-03-31 1122 YT1BX            59  0108  EA5DFV           59   0607     
QSO:   21392 PH 2024-03-31 1130 YT1BX            59  0109  AC1U             59   2054     
QSO:   21408 PH 2024-03-31 1139 YT1BX            59  0110  NE1C             59   1119     
QSO:   21333 PH 2024-03-31 1151 YT1BX            59  0111  ED8M             59   1868     
QSO:   21397 PH 2024-03-31 1158 YT1BX            59  0112  K1JB             59   0861     
QSO:   21369 PH 2024-03-31 1206 YT1BX            59  0113  2E0CVN           59   0293     
QSO:   21437 PH 2024-03-31 1214 YT1BX            59  0114  EI4II            59   0185     
QSO:   21434 PH 2024-03-31 1215 YT1BX            59  0115  EA5JPR           59   1227     
QSO:   21400 PH 2024-03-31 1235 YT1BX            59  0116  MI7DGO           59   1075     
QSO:   21367 PH 2024-03-31 1238 YT1BX            59  0117  EB3AKL           59   0074     
QSO:   21367 PH 2024-03-31 1241 YT1BX            59  0118  F5JU             59   0074     
QSO:   21412 PH 2024-03-31 1252 YT1BX            59  0119  WZ4F             59   2851     
QSO:   21435 PH 2024-03-31 1258 YT1BX            59  0120  CT3KN            59   2614     
END-OF-LOG:
