START-OF-LOG: 3.0
CONTEST: ARRL-VHF-JUN
LOCATION: OH
CALLSIGN: N8LWF
CATEGORY-MODE: MIXED
CATEGORY-BAND: ALL
CATEGORY-OPERATOR: SINGLE-OP
CATEGORY-POWER: LOW
CATEGORY-STATION: FIXED
CATEGORY-TRANSMITTER: ONE
CATEGORY-ASSISTED: NON-ASSISTED
CATEGORY-TIME: 24-HOURS
CATEGORY-OVERLAY: OVER-50
OPERATORS: N8LWF
HQ-CATEGORY: Single Operator, Low Power
QSO: 50 DG 2019-06-08 1917 N8LWF EM89 K2AMI FN20
QSO: 50 DG 2019-06-08 1920 N8LWF EM89 WB2NVR FN31
QSO: 50 DG 2019-06-08 1933 N8LWF EM89 W2IRT FN20
QSO: 50 DG 2019-06-08 2151 N8LWF EM89 K8NU EN80
QSO: 50 DG 2019-06-08 2221 N8LWF EM89 AA8MA EN80
QSO: 50 DG 2019-06-09 1303 N8LWF EM89 KA8ZNY EM89
QSO: 50 DG 2019-06-09 1404 N8LWF EM89 AA5AM EM13
QSO: 50 DG 2019-06-09 1420 N8LWF EM89 KG5THG EM02
QSO: 50 DG 2019-06-09 1424 N8LWF EM89 KC5WX EM13
QSO: 144 DG 2019-06-09 1530 N8LWF EM89 N8GA EN80
QSO: 50 DG 2019-06-09 1625 N8LWF EM89 KE9SX EN80
END-OF-LOG: