START-OF-LOG: 3.0
LOCATION: DX
CALLSIGN: HS5SRH
CLUB:
CONTEST: CQ-WPX-SSB
CATEGORY-OPERATOR: SINGLE-OP
CATEGORY-ASSISTED: NON-ASSISTED
CATEGORY-BAND: 20M
CATEGORY-MODE: SSB
CATEGORY-POWER: LOW
CATEGORY-STATION: FIXED
CATEGORY-TRANSMITTER: ONE
CLAIMED-SCORE: 50180
OPERATORS: HS5SRH
NAME: Thanawat nithisantipong
CREATED-BY: N1MM Logger+ 1.0.5566.0
QSO: 14000 PH 2016-03-26 1032 HS5SRH        59  0001   DU1UGZ 59  0013
QSO: 14000 PH 2016-03-26 1034 HS5SRH        59  0002   YB8SNX 59  0107
QSO: 14000 PH 2016-03-26 1037 HS5SRH        59  0003   VK4KW 59  0185
QSO: 14000 PH 2016-03-26 1041 HS5SRH        59  0004   EW6W 59  0570
QSO: 14000 PH 2016-03-26 1042 HS5SRH        59  0005   HS3ANP 59  0052
QSO: 14000 PH 2016-03-26 1050 HS5SRH        59  0006   BW/JL3RDC 59  0025
QSO: 14000 PH 2016-03-26 1135 HS5SRH        59  0007   RJ4P 59  1265
QSO: 14000 PH 2016-03-26 1138 HS5SRH        59  0008   RW9USA 59  1108
QSO: 14000 PH 2016-03-26 1141 HS5SRH        59  0009   OH5C 59  0318
QSO: 14000 PH 2016-03-26 1142 HS5SRH        59  0010   LY26A 59  0598
QSO: 14000 PH 2016-03-26 1148 HS5SRH        59  0011   RK9AX 59  0908
QSO: 14000 PH 2016-03-26 1158 HS5SRH        59  0012   B7P 59  0626
QSO: 14000 PH 2016-03-26 1201 HS5SRH        59  0013   YB9WIC 59  0088
QSO: 14000 PH 2016-03-26 1203 HS5SRH        59  0014   JR6RAY 59  0017
QSO: 14000 PH 2016-03-26 1207 HS5SRH        59  0015   VK6VAX 59  0132
QSO: 14000 PH 2016-03-26 1207 HS5SRH        59  0016   YB3VO 59  0013
QSO: 14000 PH 2016-03-26 1213 HS5SRH        59  0017   YB8HI 59  0012
QSO: 14000 PH 2016-03-26 1220 HS5SRH        59  0018   9M4SG 59  0177
QSO: 14000 PH 2016-03-26 1225 HS5SRH        59  0019   OG73X 59  0819
QSO: 14000 PH 2016-03-26 1233 HS5SRH        59  0020   UW2M 59  1166
QSO: 14000 PH 2016-03-26 1236 HS5SRH        59  0021   UP0L 59  1390
QSO: 14000 PH 2016-03-26 1238 HS5SRH        59  0022   SJ2W 59  1132
QSO: 14000 PH 2016-03-26 1240 HS5SRH        59  0023   OH6LI 59  0563
QSO: 14000 PH 2016-03-26 1248 HS5SRH        59  0024   YB5BOY 59  0185
QSO: 14000 PH 2016-03-26 1252 HS5SRH        59  0025   DX9M 59  0051
QSO: 14000 PH 2016-03-26 1253 HS5SRH        59  0026   YB2DX 59  0645
QSO: 14000 PH 2016-03-26 1257 HS5SRH        59  0027   RC9J 59  0689
QSO: 14000 PH 2016-03-26 1259 HS5SRH        59  0028   YB8IBD 59  0190
QSO: 14000 PH 2016-03-26 1304 HS5SRH        59  0029   YB1C 59  0099
QSO: 14000 PH 2016-03-26 1305 HS5SRH        59  0030   HS8JCV 59  0005
QSO: 14000 PH 2016-03-26 1307 HS5SRH        59  0031   YB3HJM 59  0031
QSO: 14000 PH 2016-03-26 1308 HS5SRH        59  0032   DU4JT 59  0015
QSO: 14000 PH 2016-03-26 1309 HS5SRH        59  0033   YB7UUI 59  0132
QSO: 14000 PH 2016-03-26 1310 HS5SRH        59  0034   VK3IO 59  0095
QSO: 14000 PH 2016-03-26 1310 HS5SRH        59  0035   VK6DW 59  0053
QSO: 14000 PH 2016-03-26 1311 HS5SRH        59  0036   9M2SI 59  0356
QSO: 14000 PH 2016-03-26 1312 HS5SRH        59  0037   YB1AR 59  0366
QSO: 14000 PH 2016-03-26 1313 HS5SRH        59  0038   VK1MA 59  0031
QSO: 14000 PH 2016-03-26 1317 HS5SRH        59  0039   DU1JI 59  0131
QSO: 14000 PH 2016-03-26 1319 HS5SRH        59  0040   XW1IC 59  1168
QSO: 14000 PH 2016-03-26 1326 HS5SRH        59  0041   E21YDP 59  0068
QSO: 14000 PH 2016-03-26 1338 HS5SRH        59  0042   YB8TK 59  0057
QSO: 14000 PH 2016-03-26 1339 HS5SRH        59  0043   RT0F 59  1224
QSO: 14000 PH 2016-03-26 1342 HS5SRH        59  0044   HS0AC 59  0451
QSO: 14000 PH 2016-03-26 1348 HS5SRH        59  0045   YB8ROP 59  0053
QSO: 14000 PH 2016-03-26 1356 HS5SRH        59  0046   RU1A 59  2000
QSO: 14000 PH 2016-03-26 1358 HS5SRH        59  0047   TM8A 59  0497
QSO: 14000 PH 2016-03-26 1400 HS5SRH        59  0048   DP7D 59  1048
QSO: 14000 PH 2016-03-26 1402 HS5SRH        59  0049   OH0X 59  1330
QSO: 14000 PH 2016-03-26 1403 HS5SRH        59  0050   S53T 59  0595
QSO: 14000 PH 2016-03-26 1411 HS5SRH        59  0051   NZ3D 59  0837
QSO: 14000 PH 2016-03-26 1415 HS5SRH        59  0052   S560C 59  1071
QSO: 14000 PH 2016-03-26 1420 HS5SRH        59  0053   YC1CZZ 59  0066
QSO: 14000 PH 2016-03-26 1423 HS5SRH        59  0054   RT73GP 59  0384
QSO: 14000 PH 2016-03-26 1426 HS5SRH        59  0055   PD7DX 59  0362
QSO: 14000 PH 2016-03-26 1428 HS5SRH        59  0056   IZ1ZHG 59  0321
QSO: 14000 PH 2016-03-26 1436 HS5SRH        59  0057   II2S 59  0332
QSO: 14000 PH 2016-03-26 1442 HS5SRH        59  0058   HS0ZLE 59  0103
QSO: 14000 PH 2016-03-26 1447 HS5SRH        59  0059   OK7Z 59  0765
QSO: 14000 PH 2016-03-26 1448 HS5SRH        59  0060   UA2F 59  0885
QSO: 14000 PH 2016-03-26 1453 HS5SRH        59  0061   US5D 59  0479
QSO: 14000 PH 2016-03-26 1458 HS5SRH        59  0062   S50A 59  0680
QSO: 14000 PH 2016-03-26 1459 HS5SRH        59  0063   9N3DX 59  0013
QSO: 14000 PH 2016-03-26 1500 HS5SRH        59  0064   YB3BX 59  0039
QSO: 14000 PH 2016-03-26 1507 HS5SRH        59  0065   UI8J 59  0656
QSO: 14000 PH 2016-03-26 1510 HS5SRH        59  0066   IK0PHY 59  0787
QSO: 14000 PH 2016-03-26 1514 HS5SRH        59  0067   OP4K 59  0756
QSO: 14000 PH 2016-03-26 1515 HS5SRH        59  0068   DC4A 59  0865
QSO: 14000 PH 2016-03-26 1520 HS5SRH        59  0069   S53M 59  0132
QSO: 14000 PH 2016-03-26 1522 HS5SRH        59  0070   LZ9W 59  0904
QSO: 14000 PH 2016-03-26 1524 HS5SRH        59  0071   RK4FD 59  1456
QSO: 14000 PH 2016-03-26 1525 HS5SRH        59  0072   5E5E 59  1077
QSO: 14000 PH 2016-03-26 1530 HS5SRH        59  0073   S57S 59  0113
QSO: 14000 PH 2016-03-26 1534 HS5SRH        59  0074   CR6P 59  0894
QSO: 14000 PH 2016-03-26 1540 HS5SRH        59  0075   UT3EV 59  0551
QSO: 14000 PH 2016-03-26 1542 HS5SRH        59  0076   YE1ZAT 59  0427
QSO: 14000 PH 2016-03-26 1553 HS5SRH        59  0077   EA7ATX 59  0640
QSO: 14000 PH 2016-03-26 1604 HS5SRH        59  0078   EC2DX 59  0793
QSO: 14000 PH 2016-03-26 1607 HS5SRH        59  0079   OK2KJU 59  1031
QSO: 14000 PH 2016-03-26 1613 HS5SRH        59  0080   RJ7A 59  0203
QSO: 14000 PH 2016-03-26 1614 HS5SRH        59  0081   EB3WH 59  0106
QSO: 14000 PH 2016-03-26 1616 HS5SRH        59  0082   DF2F 59  0413
QSO: 14000 PH 2016-03-26 1616 HS5SRH        59  0083   RU6LV 59  0061
QSO: 14000 PH 2016-03-26 1617 HS5SRH        59  0084   PD9Z 59  0604
QSO: 14000 PH 2016-03-26 1618 HS5SRH        59  0085   E72X 59  0119
QSO: 14000 PH 2016-03-26 1619 HS5SRH        59  0086   OG6N 59  0792
QSO: 14000 PH 2016-03-26 1619 HS5SRH        59  0087   OM8DD 59  0668
QSO: 14000 PH 2016-03-26 1620 HS5SRH        59  0088   UT8IM 59  0501
QSO: 14000 PH 2016-03-26 1620 HS5SRH        59  0089   YB0IBM 59  0009
QSO: 14000 PH 2016-03-26 1623 HS5SRH        59  0090   UR5E 59  0143
QSO: 14000 PH 2016-03-26 1624 HS5SRH        59  0091   S53F 59  0161
QSO: 14000 PH 2016-03-26 1628 HS5SRH        59  0092   S59DKR 59  0106
QSO: 14000 PH 2016-03-26 1630 HS5SRH        59  0093   DK8MZ 59  0041
QSO: 14000 PH 2016-03-26 1638 HS5SRH        59  0094   YB0JS 59  0090
QSO: 14000 PH 2016-03-26 1639 HS5SRH        59  0095   S59ACP 59  0975
QSO: 14000 PH 2016-03-26 1641 HS5SRH        59  0096   CN2AA 59  1470
QSO: 14000 PH 2016-03-26 1644 HS5SRH        59  0097   9A9RR 59  0157
QSO: 14000 PH 2016-03-26 1649 HS5SRH        59  0098   EA9KB 59  0995
QSO: 14000 PH 2016-03-26 1658 HS5SRH        59  0099   RX7K 59  0223
QSO: 14000 PH 2016-03-26 1705 HS5SRH        59  0100   9M2GET 59  0628
QSO: 14000 PH 2016-03-26 1719 HS5SRH        59  0101   EA3QP 59  0338
QSO: 14000 PH 2016-03-26 1721 HS5SRH        59  0102   EA2RCP 59  0309
QSO: 14000 PH 2016-03-26 1726 HS5SRH        59  0103   D41CV 59  1780
QSO: 14000 PH 2016-03-26 1729 HS5SRH        59  0104   E74Y 59  0341
QSO: 14000 PH 2016-03-26 1751 HS5SRH        59  0105   C4A 59  1262
QSO: 14000 PH 2016-03-26 1754 HS5SRH        59  0106   F4DSK 59  0214
QSO: 14000 PH 2016-03-26 1755 HS5SRH        59  0107   IZ8NVV 59  0051
QSO: 14000 PH 2016-03-26 1758 HS5SRH        59  0108   DL2RMC 59  0142
QSO: 14000 PH 2016-03-26 1759 HS5SRH        59  0109   S53EA 59  1320
QSO: 14000 PH 2016-03-26 1800 HS5SRH        59  0110   DK2AT 59  0025
QSO: 14000 PH 2016-03-26 1800 HS5SRH        59  0111   RZ6L 59  0396
QSO: 14000 PH 2016-03-26 1801 HS5SRH        59  0112   DD4DA 59  0052
QSO: 14000 PH 2016-03-26 1801 HS5SRH        59  0113   RA4ACX 59  0121
QSO: 14000 PH 2016-03-26 1802 HS5SRH        59  0114   S57AC 59  0025
QSO: 14000 PH 2016-03-26 1802 HS5SRH        59  0115   9A3KS 59  0078
QSO: 14000 PH 2016-03-26 1803 HS5SRH        59  0116   Z35W 59  0410
QSO: 14000 PH 2016-03-26 1804 HS5SRH        59  0117   TM2PL 59  0353
QSO: 14000 PH 2016-03-26 1805 HS5SRH        59  0118   UR2Y 59  0607
QSO: 14000 PH 2016-03-26 1806 HS5SRH        59  0119   0N4APU 59  0507
QSO: 14000 PH 2016-03-26 1808 HS5SRH        59  0120   ED1B 59  0226
QSO: 14000 PH 2016-03-26 1810 HS5SRH        59  0121   IN3NJB 59  0004
QSO: 14000 PH 2016-03-26 1811 HS5SRH        59  0122   RA3DAD 59  0476
QSO: 14000 PH 2016-03-26 1812 HS5SRH        59  0123   YB0COX 59  0098
QSO: 14000 PH 2016-03-26 1813 HS5SRH        59  0124   I1DXD 59  0217
QSO: 14000 PH 2016-03-26 1814 HS5SRH        59  0125   DD5FM 59  0403
QSO: 14000 PH 2016-03-26 1816 HS5SRH        59  0126   7Z1SJ 59  0927
QSO: 14000 PH 2016-03-26 1817 HS5SRH        59  0127   UW2Q 59  0293
QSO: 14000 PH 2016-03-26 1817 HS5SRH        59  0128   IZ8JFL/1 59  0434
QSO: 14000 PH 2016-03-26 1818 HS5SRH        59  0129   VU2SMS 59  0099
QSO: 14000 PH 2016-03-26 1818 HS5SRH        59  0130   IK5PWQ 59  0015
QSO: 14000 PH 2016-03-26 1819 HS5SRH        59  0131   UR6EA 59  1071
QSO: 14000 PH 2016-03-26 1819 HS5SRH        59  0132   RJ3AA 59  0172
QSO: 14000 PH 2016-03-26 1820 HS5SRH        59  0133   P33W 59  3331
QSO: 14000 PH 2016-03-26 1821 HS5SRH        59  0134   IK5BSC 59  0130
QSO: 14000 PH 2016-03-26 1822 HS5SRH        59  0135   AT5R 59  0163
QSO: 14000 PH 2016-03-26 1828 HS5SRH        59  0136   CR5A 59  0495
QSO: 14000 PH 2016-03-26 2331 HS5SRH        59  0137   JI3CWI 59  0101
QSO: 14000 PH 2016-03-26 2339 HS5SRH        59  0138   VK3DOG 59  0162
QSO: 14000 PH 2016-03-26 2347 HS5SRH        59  0139   KE3X 59  2456
QSO: 14000 PH 2016-03-26 2351 HS5SRH        59  0140   BA5CJ 59  0514
QSO: 14000 PH 2016-03-26 2355 HS5SRH        59  0141   WX3B 59  1177
QSO: 14000 PH 2016-03-26 2358 HS5SRH        59  0142   RZ9U 59  0647
QSO: 14000 PH 2016-03-27 0002 HS5SRH        59  0143   JA3YBK 59  0574
QSO: 14000 PH 2016-03-27 0003 HS5SRH        59  0144   BG3ITB 59  0546
QSO: 14000 PH 2016-03-27 0008 HS5SRH        59  0145   BH2RO 59  0094
QSO: 14000 PH 2016-03-27 0009 HS5SRH        59  0146   RV9UP 59  0739
QSO: 14000 PH 2016-03-27 0010 HS5SRH        59  0147   BD7LAR 59  0024
QSO: 14000 PH 2016-03-27 0011 HS5SRH        59  0148   BH4TQX 59  0083
QSO: 14000 PH 2016-03-27 0013 HS5SRH        59  0149   JS3LSQ 59  0109
QSO: 14000 PH 2016-03-27 0014 HS5SRH        59  0150   JE3XSY 59  0039
QSO: 14000 PH 2016-03-27 0014 HS5SRH        59  0151   RZ9UF 59  0149
QSO: 14000 PH 2016-03-27 0018 HS5SRH        59  0152   BP0P 59  0097
QSO: 14000 PH 2016-03-27 0031 HS5SRH        59  0153   DU1JM 59  0370
QSO: 14000 PH 2016-03-27 0034 HS5SRH        59  0154   RT8U 59  0426
END-OF-LOG:
