START-OF-LOG: 3.0
CONTEST: CQ-WW-RTTY
CALLSIGN: IU3FBL
LOCATION: DX
CATEGORY-OPERATOR: SINGLE-OP
CATEGORY-ASSISTED: NON-ASSISTED
CATEGORY-BAND: 20M
CATEGORY-POWER: LOW
CATEGORY-MODE: RTTY
CATEGORY-TRANSMITTER: ONE
CATEGORY-OVERLAY:
GRID-LOCATOR:
CLAIMED-SCORE: 190218
NAME: ANDREA FABRIS
CLUB: ITALIAN CONTEST CLUB
CREATED-BY: QARTest 10.8.2
QSO:   14092  RY 2020-09-26 0550  IU3FBL           599  15  DX   YL2CC            599  15  DX  
QSO:   14093  RY 2020-09-26 0552  IU3FBL           599  15  DX   UZ2I             599  16  DX  
QSO:   14095  RY 2020-09-26 0553  IU3FBL           599  15  DX   RG4A             599  16  DX  
QSO:   14101  RY 2020-09-26 0555  IU3FBL           599  15  DX   A42K             599  21  DX  
QSO:   14105  RY 2020-09-26 0600  IU3FBL           599  15  DX   A61QQ            599  21  DX  
QSO:   14108  RY 2020-09-26 0600  IU3FBL           599  15  DX   UT1AA            599  16  DX  
QSO:   14111  RY 2020-09-26 0602  IU3FBL           599  15  DX   EA2CCG           599  14  DX  
QSO:   14114  RY 2020-09-26 0605  IU3FBL           599  15  DX   HG2DX            599  15  DX  
QSO:   14114  RY 2020-09-26 0605  IU3FBL           599  15  DX   UN6LN            599  17  DX  
QSO:   14114  RY 2020-09-26 0606  IU3FBL           599  15  DX   ED1R             599  14  DX  
QSO:   14081  RY 2020-09-26 0610  IU3FBL           599  15  DX   P3X              599  20  DX  
QSO:   14107  RY 2020-09-26 0613  IU3FBL           599  15  DX   HS5NMF           599  26  DX  
QSO:   14092  RY 2020-09-26 0619  IU3FBL           599  15  DX   9A5D             599  15  DX  
QSO:   14095  RY 2020-09-26 0622  IU3FBL           599  15  DX   SV3SCW           599  20  DX  
QSO:   14095  RY 2020-09-26 0623  IU3FBL           599  15  DX   R9MJ             599  17  DX  
QSO:   14113  RY 2020-09-26 0625  IU3FBL           599  15  DX   UB7K             599  16  DX  
QSO:   14110  RY 2020-09-26 0626  IU3FBL           599  15  DX   UP5B             599  17  DX  
QSO:   14110  RY 2020-09-26 0626  IU3FBL           599  15  DX   OR2A             599  14  DX  
QSO:   14110  RY 2020-09-26 0627  IU3FBL           599  15  DX   TA3ON            599  20  DX  
QSO:   14110  RY 2020-09-26 0628  IU3FBL           599  15  DX   PA3GDG           599  14  DX  
QSO:   14110  RY 2020-09-26 0629  IU3FBL           599  15  DX   UT8EL            599  16  DX  
QSO:   14110  RY 2020-09-26 0630  IU3FBL           599  15  DX   US6CQ            599  16  DX  
QSO:   14110  RY 2020-09-26 0631  IU3FBL           599  15  DX   UT2UB            599  16  DX  
QSO:   14110  RY 2020-09-26 0633  IU3FBL           599  15  DX   R4WT             599  16  DX  
QSO:   14110  RY 2020-09-26 0633  IU3FBL           599  15  DX   GM9A             599  14  DX  
QSO:   14110  RY 2020-09-26 0634  IU3FBL           599  15  DX   UT4U             599  16  DX  
QSO:   14110  RY 2020-09-26 0635  IU3FBL           599  15  DX   UR4CU            599  16  DX  
QSO:   14110  RY 2020-09-26 0636  IU3FBL           599  15  DX   UR5IHD           599  16  DX  
QSO:   14085  RY 2020-09-26 0641  IU3FBL           599  15  DX   RA3Y             599  16  DX  
QSO:   14086  RY 2020-09-26 0642  IU3FBL           599  15  DX   4L8A             599  21  DX  
QSO:   14114  RY 2020-09-26 0646  IU3FBL           599  15  DX   5Z4VJ            599  37  DX  
QSO:   14110  RY 2020-09-26 0647  IU3FBL           599  15  DX   T6A              599  21  DX  
QSO:   14106  RY 2020-09-26 0658  IU3FBL           599  15  DX   ET3AA            599  37  DX  
QSO:   14096  RY 2020-09-26 0701  IU3FBL           599  15  DX   UV2E             599  16  DX  
QSO:   14099  RY 2020-09-26 0702  IU3FBL           599  15  DX   DA2C             599  14  DX  
QSO:   14110  RY 2020-09-26 0705  IU3FBL           599  15  DX   PF0X             599  14  DX  
QSO:   14110  RY 2020-09-26 0705  IU3FBL           599  15  DX   RM5F             599  16  DX  
QSO:   14110  RY 2020-09-26 0706  IU3FBL           599  15  DX   R8XF             599  17  DX  
QSO:   14110  RY 2020-09-26 0707  IU3FBL           599  15  DX   JA1SJV           599  25  DX  
QSO:   14101  RY 2020-09-26 0710  IU3FBL           599  15  DX   JH3AIU           599  25  DX  
QSO:   14118  RY 2020-09-26 0713  IU3FBL           599  15  DX   RW0SR            599  18  DX  
QSO:   14110  RY 2020-09-26 0715  IU3FBL           599  15  DX   UC8U             599  18  DX  
QSO:   14079  RY 2020-09-26 0744  IU3FBL           599  15  DX   OH4KA            599  15  DX  
QSO:   14091  RY 2020-09-26 0758  IU3FBL           599  15  DX   M2G              599  14  DX  
QSO:   14120  RY 2020-09-26 0801  IU3FBL           599  15  DX   ES9C             599  15  DX  
QSO:   14080  RY 2020-09-26 0832  IU3FBL           599  15  DX   RG9A             599  17  DX  
QSO:   14080  RY 2020-09-26 0833  IU3FBL           599  15  DX   F4GGQ            599  14  DX  
QSO:   14108  RY 2020-09-26 0833  IU3FBL           599  15  DX   RY3D             599  16  DX  
QSO:   14126  RY 2020-09-26 0834  IU3FBL           599  15  DX   EE5H             599  14  DX  
QSO:   14122  RY 2020-09-26 0835  IU3FBL           599  15  DX   3V8SS            599  33  DX  
QSO:   14113  RY 2020-09-26 0837  IU3FBL           599  15  DX   EC1A             599  14  DX  
QSO:   14112  RY 2020-09-26 0838  IU3FBL           599  15  DX   LY2W             599  15  DX  
QSO:   14105  RY 2020-09-26 0849  IU3FBL           599  15  DX   EA1AKS           599  14  DX  
QSO:   14103  RY 2020-09-26 0850  IU3FBL           599  15  DX   ED8W             599  33  DX  
QSO:   14095  RY 2020-09-26 0851  IU3FBL           599  15  DX   EA5DFV           599  14  DX  
QSO:   14098  RY 2020-09-26 0853  IU3FBL           599  15  DX   R0WC             599  18  DX  
QSO:   14098  RY 2020-09-26 0854  IU3FBL           599  15  DX   4Z5KU            599  20  DX  
QSO:   14098  RY 2020-09-26 0856  IU3FBL           599  15  DX   UA0LD            599  19  DX  
QSO:   14098  RY 2020-09-26 0900  IU3FBL           599  15  DX   YO9CWY           599  20  DX  
QSO:   14098  RY 2020-09-26 0900  IU3FBL           599  15  DX   OH9GIT           599  15  DX  
QSO:   14098  RY 2020-09-26 0901  IU3FBL           599  15  DX   YO4NF            599  20  DX  
QSO:   14098  RY 2020-09-26 0903  IU3FBL           599  15  DX   RQ7R             599  16  DX  
QSO:   14106  RY 2020-09-26 0905  IU3FBL           599  15  DX   CR6K             599  14  DX  
QSO:   14093  RY 2020-09-26 0907  IU3FBL           599  15  DX   CN8KD            599  33  DX  
QSO:   14098  RY 2020-09-26 0912  IU3FBL           599  15  DX   SE4E             599  14  DX  
QSO:   14098  RY 2020-09-26 0913  IU3FBL           599  15  DX   R6BH             599  16  DX  
QSO:   14098  RY 2020-09-26 0914  IU3FBL           599  15  DX   F6BQG            599  14  DX  
QSO:   14098  RY 2020-09-26 0916  IU3FBL           599  15  DX   UC4I             599  16  DX  
QSO:   14098  RY 2020-09-26 0918  IU3FBL           599  15  DX   SM5ILE           599  14  DX  
QSO:   14098  RY 2020-09-26 0919  IU3FBL           599  15  DX   TA2EJ            599  20  DX  
QSO:   14101  RY 2020-09-26 0922  IU3FBL           599  15  DX   OH8KVY           599  15  DX  
QSO:   14105  RY 2020-09-26 0923  IU3FBL           599  15  DX   LZ1ZM            599  20  DX  
QSO:   14107  RY 2020-09-26 0924  IU3FBL           599  15  DX   OH3FM            599  15  DX  
QSO:   14109  RY 2020-09-26 0924  IU3FBL           599  15  DX   UA6FZ            599  16  DX  
QSO:   14112  RY 2020-09-26 0926  IU3FBL           599  15  DX   OH1MA            599  15  DX  
QSO:   14113  RY 2020-09-26 0927  IU3FBL           599  15  DX   EW6DM            599  16  DX  
QSO:   14116  RY 2020-09-26 0929  IU3FBL           599  15  DX   UT2EF            599  16  DX  
QSO:   14116  RY 2020-09-26 0930  IU3FBL           599  15  DX   UY7MM            599  16  DX  
QSO:   14109  RY 2020-09-26 0938  IU3FBL           599  15  DX   D4Z              599  35  DX  
QSO:   14097  RY 2020-09-26 0954  IU3FBL           599  15  DX   M0BEW            599  14  DX  
QSO:   14111  RY 2020-09-26 1037  IU3FBL           599  15  DX   G4LPD            599  14  DX  
QSO:   14111  RY 2020-09-26 1038  IU3FBL           599  15  DX   EA5IQO           599  14  DX  
QSO:   14111  RY 2020-09-26 1039  IU3FBL           599  15  DX   RO9A             599  17  DX  
QSO:   14111  RY 2020-09-26 1040  IU3FBL           599  15  DX   CT1FOQ           599  14  DX  
QSO:   14111  RY 2020-09-26 1041  IU3FBL           599  15  DX   G4EHN            599  14  DX  
QSO:   14111  RY 2020-09-26 1044  IU3FBL           599  15  DX   SP2KDS           599  15  DX  
QSO:   14079  RY 2020-09-26 1049  IU3FBL           599  15  DX   LZ5R             599  20  DX  
QSO:   14082  RY 2020-09-26 1050  IU3FBL           599  15  DX   R3TE             599  16  DX  
QSO:   14083  RY 2020-09-26 1051  IU3FBL           599  15  DX   EA3HKA           599  14  DX  
QSO:   14098  RY 2020-09-26 1055  IU3FBL           599  15  DX   M0NKR            599  14  DX  
QSO:   14098  RY 2020-09-26 1055  IU3FBL           599  15  DX   LZ3QE            599  20  DX  
QSO:   14098  RY 2020-09-26 1056  IU3FBL           599  15  DX   UX8ZA            599  16  DX  
QSO:   14098  RY 2020-09-26 1056  IU3FBL           599  15  DX   RQ9O             599  18  DX  
QSO:   14098  RY 2020-09-26 1057  IU3FBL           599  15  DX   JA1XRA           599  25  DX  
QSO:   14098  RY 2020-09-26 1059  IU3FBL           599  15  DX   SP4BPH           599  15  DX  
QSO:   14098  RY 2020-09-26 1100  IU3FBL           599  15  DX   SM7CIL           599  14  DX  
QSO:   14098  RY 2020-09-26 1101  IU3FBL           599  15  DX   JA9CCG           599  25  DX  
QSO:   14098  RY 2020-09-26 1102  IU3FBL           599  15  DX   UY5QJ            599  16  DX  
QSO:   14098  RY 2020-09-26 1103  IU3FBL           599  15  DX   G2U              599  14  DX  
QSO:   14098  RY 2020-09-26 1103  IU3FBL           599  15  DX   PB0ACU           599  14  DX  
QSO:   14098  RY 2020-09-26 1106  IU3FBL           599  15  DX   JH6WDG           599  25  DX  
QSO:   14098  RY 2020-09-26 1107  IU3FBL           599  15  DX   JF3IYW           599  25  DX  
QSO:   14098  RY 2020-09-26 1108  IU3FBL           599  15  DX   RA2FB            599  15  DX  
QSO:   14098  RY 2020-09-26 1109  IU3FBL           599  15  DX   UA0SR            599  18  DX  
QSO:   14098  RY 2020-09-26 1110  IU3FBL           599  15  DX   UA3XO            599  16  DX  
QSO:   14098  RY 2020-09-26 1111  IU3FBL           599  15  DX   R7MT             599  16  DX  
QSO:   14098  RY 2020-09-26 1111  IU3FBL           599  15  DX   UX4CR            599  16  DX  
QSO:   14098  RY 2020-09-26 1112  IU3FBL           599  15  DX   RA9AEA           599  17  DX  
QSO:   14098  RY 2020-09-26 1113  IU3FBL           599  15  DX   RZ9UO            599  18  DX  
QSO:   14098  RY 2020-09-26 1115  IU3FBL           599  15  DX   OZ7DK            599  14  DX  
QSO:   14098  RY 2020-09-26 1116  IU3FBL           599  15  DX   UR5LY            599  16  DX  
QSO:   14098  RY 2020-09-26 1117  IU3FBL           599  15  DX   US3EW            599  16  DX  
QSO:   14098  RY 2020-09-26 1119  IU3FBL           599  15  DX   M0UNI            599  14  DX  
QSO:   14098  RY 2020-09-26 1120  IU3FBL           599  15  DX   G8AJM            599  14  DX  
QSO:   14098  RY 2020-09-26 1121  IU3FBL           599  15  DX   GM0DYU           599  14  DX  
QSO:   14098  RY 2020-09-26 1122  IU3FBL           599  15  DX   DL4HCF/P         599  14  DX  
QSO:   14137  RY 2020-09-26 1126  IU3FBL           599  15  DX   EW7BA            599  16  DX  
QSO:   14137  RY 2020-09-26 1126  IU3FBL           599  15  DX   DQ1P             599  14  DX  
QSO:   14134  RY 2020-09-26 1127  IU3FBL           599  15  DX   SV1JG            599  20  DX  
QSO:   14134  RY 2020-09-26 1128  IU3FBL           599  15  DX   DF4XX            599  14  DX  
QSO:   14134  RY 2020-09-26 1128  IU3FBL           599  15  DX   UT3RS            599  16  DX  
QSO:   14132  RY 2020-09-26 1130  IU3FBL           599  15  DX   YL1ZF            599  15  DX  
QSO:   14132  RY 2020-09-26 1130  IU3FBL           599  15  DX   PE2K             599  14  DX  
QSO:   14133  RY 2020-09-26 1131  IU3FBL           599  15  DX   OD5ZF            599  20  DX  
QSO:   14113  RY 2020-09-26 1135  IU3FBL           599  15  DX   EI6HB            599  14  DX  
QSO:   14123  RY 2020-09-26 1136  IU3FBL           599  15  DX   DL0BI            599  14  DX  
QSO:   14123  RY 2020-09-26 1136  IU3FBL           599  15  DX   SM6MVE           599  14  DX  
QSO:   14123  RY 2020-09-26 1137  IU3FBL           599  15  DX   LY2TS            599  15  DX  
QSO:   14123  RY 2020-09-26 1137  IU3FBL           599  15  DX   PG2K             599  14  DX  
QSO:   14123  RY 2020-09-26 1139  IU3FBL           599  15  DX   EA5ME            599  14  DX  
QSO:   14123  RY 2020-09-26 1139  IU3FBL           599  15  DX   ON4CT            599  14  DX  
QSO:   14123  RY 2020-09-26 1140  IU3FBL           599  15  DX   SP2SGN           599  15  DX  
QSO:   14123  RY 2020-09-26 1140  IU3FBL           599  15  DX   DM6AS            599  14  DX  
QSO:   14123  RY 2020-09-26 1140  IU3FBL           599  15  DX   MM9I             599  14  DX  
QSO:   14123  RY 2020-09-26 1211  IU3FBL           599  15  DX   PA3DBS           599  14  DX  
QSO:   14123  RY 2020-09-26 1213  IU3FBL           599  15  DX   PA3DVA           599  14  DX  
QSO:   14123  RY 2020-09-26 1213  IU3FBL           599  15  DX   2E0XRD           599  14  DX  
QSO:   14123  RY 2020-09-26 1214  IU3FBL           599  15  DX   K3MD             599  05  PA  
QSO:   14123  RY 2020-09-26 1214  IU3FBL           599  15  DX   PD3EM            599  14  DX  
QSO:   14123  RY 2020-09-26 1215  IU3FBL           599  15  DX   PA8KW            599  14  DX  
QSO:   14123  RY 2020-09-26 1215  IU3FBL           599  15  DX   W4TTY            599  05  VA  
QSO:   14123  RY 2020-09-26 1216  IU3FBL           599  15  DX   CT7/PA3GCU       599  14  DX  
QSO:   14123  RY 2020-09-26 1217  IU3FBL           599  15  DX   DL8TG            599  14  DX  
QSO:   14123  RY 2020-09-26 1217  IU3FBL           599  15  DX   VE2RYY           599  05  QC  
QSO:   14123  RY 2020-09-26 1218  IU3FBL           599  15  DX   DL5JS            599  14  DX  
QSO:   14089  RY 2020-09-26 1224  IU3FBL           599  15  DX   TI2YO            599  07  DX  
QSO:   14123  RY 2020-09-26 1226  IU3FBL           599  15  DX   EW8DX            599  16  DX  
QSO:   14123  RY 2020-09-26 1226  IU3FBL           599  15  DX   PC1PM            599  14  DX  
QSO:   14123  RY 2020-09-26 1234  IU3FBL           599  15  DX   OH2GEK           599  15  DX  
QSO:   14123  RY 2020-09-26 1235  IU3FBL           599  15  DX   EW8G             599  16  DX  
QSO:   14122  RY 2020-09-26 1236  IU3FBL           599  15  DX   OT6M             599  14  DX  
QSO:   14122  RY 2020-09-26 1237  IU3FBL           599  15  DX   NE3H             599  05  PA  
QSO:   14122  RY 2020-09-26 1239  IU3FBL           599  15  DX   PA0CT            599  14  DX  
QSO:   14122  RY 2020-09-26 1245  IU3FBL           599  15  DX   SP4AAZ           599  15  DX  
QSO:   14088  RY 2020-09-26 1249  IU3FBL           599  15  DX   PA1CW            599  14  DX  
QSO:   14122  RY 2020-09-26 1252  IU3FBL           599  15  DX   WP3C             599  08  DX  
QSO:   14124  RY 2020-09-26 1253  IU3FBL           599  15  DX   GI5NI            599  14  DX  
QSO:   14127  RY 2020-09-26 1254  IU3FBL           599  15  DX   S52WW            599  15  DX  
QSO:   14128  RY 2020-09-26 1255  IU3FBL           599  15  DX   K5EK             599  05  NC  
QSO:   14128  RY 2020-09-26 1256  IU3FBL           599  15  DX   NV9L             599  04  IL  
QSO:   14132  RY 2020-09-26 1258  IU3FBL           599  15  DX   YC7YGR           599  28  DX  
QSO:   14088  RY 2020-09-26 1302  IU3FBL           599  15  DX   M0TDW            599  14  DX  
QSO:   14088  RY 2020-09-26 1303  IU3FBL           599  15  DX   EW8OM            599  16  DX  
QSO:   14088  RY 2020-09-26 1304  IU3FBL           599  15  DX   AA5JF            599  05  GA  
QSO:   14088  RY 2020-09-26 1304  IU3FBL           599  15  DX   F3PZ             599  14  DX  
QSO:   14088  RY 2020-09-26 1305  IU3FBL           599  15  DX   GM0KWW           599  14  DX  
QSO:   14088  RY 2020-09-26 1306  IU3FBL           599  15  DX   RA9XSL           599  17  DX  
QSO:   14105  RY 2020-09-26 1307  IU3FBL           599  15  DX   M0AFZ            599  14  DX  
QSO:   14091  RY 2020-09-26 1308  IU3FBL           599  15  DX   AD4ES            599  05  FL  
QSO:   14110  RY 2020-09-26 1310  IU3FBL           599  15  DX   EC5K             599  14  DX  
QSO:   14100  RY 2020-09-26 1318  IU3FBL           599  15  DX   TG9ADQ           599  07  DX  
QSO:   14140  RY 2020-09-26 1325  IU3FBL           599  15  DX   OG0R             599  15  DX  
QSO:   14094  RY 2020-09-26 1332  IU3FBL           599  15  DX   RM3F             599  16  DX  
QSO:   14095  RY 2020-09-26 1334  IU3FBL           599  15  DX   ZF1A             599  08  DX  
QSO:   14095  RY 2020-09-26 1417  IU3FBL           599  15  DX   M2J              599  14  DX  
QSO:   14095  RY 2020-09-26 1417  IU3FBL           599  15  DX   ON3DI            599  14  DX  
QSO:   14095  RY 2020-09-26 1417  IU3FBL           599  15  DX   G3P              599  14  DX  
QSO:   14095  RY 2020-09-26 1418  IU3FBL           599  15  DX   ON7BT            599  14  DX  
QSO:   14095  RY 2020-09-26 1418  IU3FBL           599  15  DX   PE1OYB           599  14  DX  
QSO:   14095  RY 2020-09-26 1419  IU3FBL           599  15  DX   M1TZR            599  14  DX  
QSO:   14107  RY 2020-09-26 1521  IU3FBL           599  15  DX   YB5QZ            599  28  DX  
QSO:   14107  RY 2020-09-26 1522  IU3FBL           599  15  DX   W4VIC            599  05  VA  
QSO:   14107  RY 2020-09-26 1524  IU3FBL           599  15  DX   F1DHX            599  14  DX  
QSO:   14107  RY 2020-09-26 1525  IU3FBL           599  15  DX   G8GHD            599  14  DX  
QSO:   14123  RY 2020-09-26 1528  IU3FBL           599  15  DX   AC0C             599  04  KS  
QSO:   14078  RY 2020-09-26 1530  IU3FBL           599  15  DX   EA2XR            599  14  DX  
QSO:   14086  RY 2020-09-26 1531  IU3FBL           599  15  DX   EA2VE            599  14  DX  
QSO:   14097  RY 2020-09-26 1538  IU3FBL           599  15  DX   J69DS            599  08  DX  
QSO:   14130  RY 2020-09-26 1540  IU3FBL           599  15  DX   9M2TO            599  28  DX  
QSO:   14130  RY 2020-09-26 1541  IU3FBL           599  15  DX   KA2KON           599  05  NH  
QSO:   14130  RY 2020-09-26 1541  IU3FBL           599  15  DX   UX5UO            599  16  DX  
QSO:   14130  RY 2020-09-26 1544  IU3FBL           599  15  DX   2E0CVN           599  14  DX  
QSO:   14112  RY 2020-09-26 1646  IU3FBL           599  15  DX   EA9ACD           599  33  DX  
QSO:   14109  RY 2020-09-26 1648  IU3FBL           599  15  DX   UT7NI            599  16  DX  
QSO:   14110  RY 2020-09-26 1654  IU3FBL           599  15  DX   WD5DBV           599  04  LA  
QSO:   14108  RY 2020-09-26 1656  IU3FBL           599  15  DX   AB4GG            599  04  TN  
QSO:   14106  RY 2020-09-26 1701  IU3FBL           599  15  DX   TK5MH            599  15  DX  
QSO:   14120  RY 2020-09-26 1703  IU3FBL           599  15  DX   KI1G             599  05  RI  
QSO:   14139  RY 2020-09-26 1704  IU3FBL           599  15  DX   NR4L             599  04  TN  
QSO:   14144  RY 2020-09-26 1705  IU3FBL           599  15  DX   ED7N             599  14  DX  
QSO:   14141  RY 2020-09-26 1706  IU3FBL           599  15  DX   W4IPC            599  05  NY  
QSO:   14088  RY 2020-09-26 1707  IU3FBL           599  15  DX   W4GKM            599  04  TN  
QSO:   14091  RY 2020-09-26 1709  IU3FBL           599  15  DX   W3KB             599  05  PA  
QSO:   14092  RY 2020-09-26 1713  IU3FBL           599  15  DX   F5BSB            599  14  DX  
QSO:   14093  RY 2020-09-26 1715  IU3FBL           599  15  DX   HP3SS            599  07  DX  
QSO:   14096  RY 2020-09-26 1718  IU3FBL           599  15  DX   W4RN             599  05  VA  
QSO:   14096  RY 2020-09-26 1719  IU3FBL           599  15  DX   4Z5LY            599  20  DX  
QSO:   14099  RY 2020-09-26 1721  IU3FBL           599  15  DX   9A1A             599  15  DX  
QSO:   14100  RY 2020-09-26 1722  IU3FBL           599  15  DX   KU2M             599  05  NJ  
QSO:   14098  RY 2020-09-26 1734  IU3FBL           599  15  DX   AA3B             599  05  PA  
QSO:   14098  RY 2020-09-26 1734  IU3FBL           599  15  DX   KR4U             599  05  FL  
QSO:   14140  RY 2020-09-26 1738  IU3FBL           599  15  DX   W1ARY            599  05  CT  
QSO:   14127  RY 2020-09-26 1742  IU3FBL           599  15  DX   OM7M             599  15  DX  
QSO:   14116  RY 2020-09-26 1744  IU3FBL           599  15  DX   W3FIZ            599  05  PA  
QSO:   14115  RY 2020-09-26 1745  IU3FBL           599  15  DX   EA7Z             599  14  DX  
QSO:   14089  RY 2020-09-26 1749  IU3FBL           599  15  DX   UR7GO            599  16  DX  
QSO:   14079  RY 2020-09-26 1753  IU3FBL           599  15  DX   WW4LL            599  05  ME  
QSO:   14079  RY 2020-09-26 1753  IU3FBL           599  15  DX   F5GFA            599  14  DX  
QSO:   14079  RY 2020-09-26 1907  IU3FBL           599  15  DX   LZ4A             599  20  DX  
QSO:   14084  RY 2020-09-26 1909  IU3FBL           599  15  DX   LZ2JA            599  20  DX  
QSO:   14091  RY 2020-09-26 1913  IU3FBL           599  15  DX   KP4RV            599  08  DX  
QSO:   14097  RY 2020-09-26 1914  IU3FBL           599  15  DX   KP4JRS           599  08  DX  
QSO:   14105  RY 2020-09-26 1917  IU3FBL           599  15  DX   HK3W             599  09  DX  
QSO:   14106  RY 2020-09-26 1919  IU3FBL           599  15  DX   PY2XV            599  11  DX  
QSO:   14110  RY 2020-09-26 1921  IU3FBL           599  15  DX   PY2AE            599  11  DX  
QSO:   14110  RY 2020-09-26 1923  IU3FBL           599  15  DX   N6AR             599  05  FL  
QSO:   14110  RY 2020-09-26 1924  IU3FBL           599  15  DX   PY2VZ            599  11  DX  
QSO:   14118  RY 2020-09-26 1925  IU3FBL           599  15  DX   PY2NY            599  11  DX  
QSO:   14119  RY 2020-09-26 1927  IU3FBL           599  15  DX   LW3DC            599  13  DX  
QSO:   14120  RY 2020-09-26 1928  IU3FBL           599  15  DX   NE3F             599  05  PA  
QSO:   14126  RY 2020-09-26 1931  IU3FBL           599  15  DX   PY1ZV            599  11  DX  
QSO:   14133  RY 2020-09-26 1933  IU3FBL           599  15  DX   KB1EFS           599  05  MA  
QSO:   14134  RY 2020-09-26 1934  IU3FBL           599  15  DX   PY2MC            599  11  DX  
QSO:   14136  RY 2020-09-26 1937  IU3FBL           599  15  DX   K2YG             599  05  NJ  
QSO:   14136  RY 2020-09-26 1939  IU3FBL           599  15  DX   NA3M             599  05  MD  
QSO:   14136  RY 2020-09-26 1940  IU3FBL           599  15  DX   PY2DPM           599  11  DX  
QSO:   14136  RY 2020-09-26 1944  IU3FBL           599  15  DX   CE3SJM           599  12  DX  
QSO:   14136  RY 2020-09-26 1946  IU3FBL           599  15  DX   CE3CMH           599  12  DX  
QSO:   14136  RY 2020-09-26 1947  IU3FBL           599  15  DX   PY1SAD           599  11  DX  
QSO:   14136  RY 2020-09-26 1948  IU3FBL           599  15  DX   LU5HBP           599  13  DX  
QSO:   14136  RY 2020-09-26 1953  IU3FBL           599  15  DX   N8BJQ            599  04  OH  
QSO:   14136  RY 2020-09-26 1954  IU3FBL           599  15  DX   VE3RZ            599  04  ON  
QSO:   14136  RY 2020-09-26 1956  IU3FBL           599  15  DX   NA5AR            599  04  TX  
QSO:   14136  RY 2020-09-26 1958  IU3FBL           599  15  DX   KV1J             599  05  MA  
QSO:   14136  RY 2020-09-26 1959  IU3FBL           599  15  DX   IZ3XNJ           599  15  DX  
QSO:   14136  RY 2020-09-26 2000  IU3FBL           599  15  DX   K3WJV            599  05  PA  
QSO:   14136  RY 2020-09-26 2001  IU3FBL           599  15  DX   K2TWI            599  05  NJ  
QSO:   14136  RY 2020-09-26 2001  IU3FBL           599  15  DX   K3IU             599  05  RI  
QSO:   14136  RY 2020-09-26 2003  IU3FBL           599  15  DX   PY2KP            599  11  DX  
QSO:   14084  RY 2020-09-26 2008  IU3FBL           599  15  DX   HC7AE            599  10  DX  
QSO:   14094  RY 2020-09-26 2010  IU3FBL           599  15  DX   CW4MAX           599  13  DX  
QSO:   14086  RY 2020-09-26 2013  IU3FBL           599  15  DX   W0IZ             599  04  CO  
QSO:   14086  RY 2020-09-26 2014  IU3FBL           599  15  DX   LU1BJW           599  13  DX  
QSO:   14123  RY 2020-09-26 2016  IU3FBL           599  15  DX   PY4LH            599  11  DX  
QSO:   14119  RY 2020-09-26 2019  IU3FBL           599  15  DX   P40P             599  09  DX  
QSO:   14112  RY 2020-09-26 2028  IU3FBL           599  15  DX   CO6RD            599  08  DX  
QSO:   14112  RY 2020-09-26 2029  IU3FBL           599  15  DX   KP4JFR           599  08  DX  
QSO:   14110  RY 2020-09-26 2036  IU3FBL           599  15  DX   YV5AAX           599  09  DX  
QSO:   14099  RY 2020-09-26 2046  IU3FBL           599  15  DX   WS6X             599  05  VA  
QSO:   14114  RY 2020-09-26 2053  IU3FBL           599  15  DX   S52X             599  15  DX  
QSO:   14118  RY 2020-09-26 2054  IU3FBL           599  15  DX   PY2KNK           599  11  DX  
QSO:   14105  RY 2020-09-27 0621  IU3FBL           599  15  DX   JR4ORZ           599  25  DX  
QSO:   14111  RY 2020-09-27 0628  IU3FBL           599  15  DX   ED7P             599  14  DX  
QSO:   14090  RY 2020-09-27 0637  IU3FBL           599  15  DX   UT5EPP           599  16  DX  
QSO:   14090  RY 2020-09-27 0637  IU3FBL           599  15  DX   R2ZC             599  16  DX  
QSO:   14090  RY 2020-09-27 0640  IU3FBL           599  15  DX   R4FCJ            599  16  DX  
QSO:   14104  RY 2020-09-27 0642  IU3FBL           599  15  DX   JR4OZR           599  25  DX  
QSO:   14090  RY 2020-09-27 0651  IU3FBL           599  15  DX   OV9A             599  14  DX  
QSO:   14090  RY 2020-09-27 0656  IU3FBL           599  15  DX   TA7LZB           599  20  DX  
QSO:   14090  RY 2020-09-27 0656  IU3FBL           599  15  DX   RA4CL            599  16  DX  
QSO:   14090  RY 2020-09-27 0656  IU3FBL           599  15  DX   R3KF             599  16  DX  
QSO:   14091  RY 2020-09-27 0701  IU3FBL           599  15  DX   BG4WOM           599  24  DX  
QSO:   14091  RY 2020-09-27 0708  IU3FBL           599  15  DX   JH7VHZ           599  25  DX  
QSO:   14091  RY 2020-09-27 0710  IU3FBL           599  15  DX   RV3TG            599  16  DX  
QSO:   14091  RY 2020-09-27 0711  IU3FBL           599  15  DX   Z33B             599  15  DX  
QSO:   14091  RY 2020-09-27 0712  IU3FBL           599  15  DX   UT4LW            599  16  DX  
QSO:   14114  RY 2020-09-27 0716  IU3FBL           599  15  DX   RM3DA            599  16  DX  
QSO:   14122  RY 2020-09-27 0719  IU3FBL           599  15  DX   JM1XCW           599  25  DX  
QSO:   14115  RY 2020-09-27 0722  IU3FBL           599  15  DX   RA6GW            599  16  DX  
QSO:   14117  RY 2020-09-27 0722  IU3FBL           599  15  DX   R2CA             599  16  DX  
QSO:   14109  RY 2020-09-27 0724  IU3FBL           599  15  DX   EA3JW            599  14  DX  
QSO:   14107  RY 2020-09-27 0732  IU3FBL           599  15  DX   BA4TB            599  24  DX  
QSO:   14096  RY 2020-09-27 0737  IU3FBL           599  15  DX   YM1KE            599  20  DX  
QSO:   14090  RY 2020-09-27 0740  IU3FBL           599  15  DX   EA3FZT           599  14  DX  
QSO:   14082  RY 2020-09-27 0744  IU3FBL           599  15  DX   UA5D             599  16  DX  
QSO:   14083  RY 2020-09-27 0746  IU3FBL           599  15  DX   RA6LIS           599  16  DX  
QSO:   14097  RY 2020-09-27 0750  IU3FBL           599  15  DX   R7CD             599  16  DX  
QSO:   14099  RY 2020-09-27 0751  IU3FBL           599  15  DX   SX2I             599  20  DX  
QSO:   14087  RY 2020-09-27 0753  IU3FBL           599  15  DX   IT9BLB           599  15  DX  
QSO:   14131  RY 2020-09-27 0812  IU3FBL           599  15  DX   YO3GNF           599  20  DX  
QSO:   14123  RY 2020-09-27 0815  IU3FBL           599  15  DX   OH2HOD           599  15  DX  
QSO:   14123  RY 2020-09-27 0818  IU3FBL           599  15  DX   IZ3GOG           599  15  DX  
QSO:   14124  RY 2020-09-27 0821  IU3FBL           599  15  DX   UY7C             599  16  DX  
QSO:   14121  RY 2020-09-27 0823  IU3FBL           599  15  DX   SV1AJO           599  20  DX  
QSO:   14121  RY 2020-09-27 0824  IU3FBL           599  15  DX   UY5TE            599  16  DX  
QSO:   14121  RY 2020-09-27 0825  IU3FBL           599  15  DX   RN1AO            599  16  DX  
QSO:   14121  RY 2020-09-27 0826  IU3FBL           599  15  DX   UR3QTN           599  16  DX  
QSO:   14121  RY 2020-09-27 0826  IU3FBL           599  15  DX   RZ3AV            599  16  DX  
QSO:   14121  RY 2020-09-27 0827  IU3FBL           599  15  DX   EA4GOY           599  14  DX  
QSO:   14121  RY 2020-09-27 0829  IU3FBL           599  15  DX   HG8C             599  15  DX  
QSO:   14121  RY 2020-09-27 0829  IU3FBL           599  15  DX   YT2U             599  15  DX  
QSO:   14121  RY 2020-09-27 0830  IU3FBL           599  15  DX   IZ7XNB           599  15  DX  
QSO:   14121  RY 2020-09-27 0831  IU3FBL           599  15  DX   YL7X             599  15  DX  
QSO:   14121  RY 2020-09-27 0833  IU3FBL           599  15  DX   JA9CWJ           599  25  DX  
QSO:   14121  RY 2020-09-27 0836  IU3FBL           599  15  DX   UT5CL            599  16  DX  
QSO:   14121  RY 2020-09-27 0837  IU3FBL           599  15  DX   OH2HAN           599  15  DX  
QSO:   14121  RY 2020-09-27 0839  IU3FBL           599  15  DX   OH3OJ            599  15  DX  
QSO:   14121  RY 2020-09-27 0840  IU3FBL           599  15  DX   R1FZ             599  16  DX  
QSO:   14121  RY 2020-09-27 0841  IU3FBL           599  15  DX   RA9YE            599  18  DX  
QSO:   14121  RY 2020-09-27 0842  IU3FBL           599  15  DX   SV2KF            599  20  DX  
QSO:   14121  RY 2020-09-27 0847  IU3FBL           599  15  DX   UR4EI            599  16  DX  
QSO:   14121  RY 2020-09-27 0848  IU3FBL           599  15  DX   EW1P             599  16  DX  
QSO:   14121  RY 2020-09-27 0848  IU3FBL           599  15  DX   OH1TM            599  15  DX  
QSO:   14121  RY 2020-09-27 0850  IU3FBL           599  15  DX   RD3AD            599  16  DX  
QSO:   14121  RY 2020-09-27 0852  IU3FBL           599  15  DX   JA6BZI           599  25  DX  
QSO:   14121  RY 2020-09-27 0853  IU3FBL           599  15  DX   JH4UYB           599  25  DX  
QSO:   14121  RY 2020-09-27 0857  IU3FBL           599  15  DX   UT5ECZ           599  16  DX  
QSO:   14121  RY 2020-09-27 0858  IU3FBL           599  15  DX   UN6G             599  17  DX  
QSO:   14121  RY 2020-09-27 0904  IU3FBL           599  15  DX   IK2XDE           599  15  DX  
QSO:   14121  RY 2020-09-27 0904  IU3FBL           599  15  DX   UA3ZMQ           599  16  DX  
QSO:   14121  RY 2020-09-27 0907  IU3FBL           599  15  DX   UR3AC            599  16  DX  
QSO:   14121  RY 2020-09-27 0909  IU3FBL           599  15  DX   EA4IL            599  14  DX  
QSO:   14121  RY 2020-09-27 0910  IU3FBL           599  15  DX   US7IID           599  16  DX  
QSO:   14121  RY 2020-09-27 0912  IU3FBL           599  15  DX   R5ACQ            599  16  DX  
QSO:   14121  RY 2020-09-27 0914  IU3FBL           599  15  DX   MI0BPB           599  14  DX  
QSO:   14126  RY 2020-09-27 0929  IU3FBL           599  15  DX   GM3A             599  14  DX  
QSO:   14119  RY 2020-09-27 0932  IU3FBL           599  15  DX   YL2CI            599  15  DX  
QSO:   14118  RY 2020-09-27 0933  IU3FBL           599  15  DX   EA2ESZ           599  14  DX  
QSO:   14112  RY 2020-09-27 0934  IU3FBL           599  15  DX   SK7K             599  14  DX  
QSO:   14108  RY 2020-09-27 0937  IU3FBL           599  15  DX   YO4DW            599  20  DX  
QSO:   14103  RY 2020-09-27 0939  IU3FBL           599  15  DX   UY5VA            599  16  DX  
QSO:   14096  RY 2020-09-27 0942  IU3FBL           599  15  DX   OG66X            599  15  DX  
QSO:   14096  RY 2020-09-27 0943  IU3FBL           599  15  DX   YL2GD            599  15  DX  
QSO:   14091  RY 2020-09-27 0944  IU3FBL           599  15  DX   CT7AUP           599  14  DX  
QSO:   14090  RY 2020-09-27 0945  IU3FBL           599  15  DX   UW1M             599  16  DX  
QSO:   14090  RY 2020-09-27 0948  IU3FBL           599  15  DX   PZ5RA            599  09  DX  
QSO:   14086  RY 2020-09-27 0953  IU3FBL           599  15  DX   PA0ALG           599  14  DX  
QSO:   14093  RY 2020-09-27 0957  IU3FBL           599  15  DX   EM0I             599  16  DX  
QSO:   14094  RY 2020-09-27 0958  IU3FBL           599  15  DX   DK3RA            599  14  DX  
QSO:   14100  RY 2020-09-27 1004  IU3FBL           599  15  DX   EV1R             599  16  DX  
QSO:   14100  RY 2020-09-27 1006  IU3FBL           599  15  DX   EA1GT/QRP        599  14  DX  
QSO:   14100  RY 2020-09-27 1007  IU3FBL           599  15  DX   SM5FQQ           599  14  DX  
QSO:   14100  RY 2020-09-27 1010  IU3FBL           599  15  DX   PF6X             599  14  DX  
QSO:   14100  RY 2020-09-27 1010  IU3FBL           599  15  DX   PA2EJD           599  14  DX  
QSO:   14100  RY 2020-09-27 1012  IU3FBL           599  15  DX   OZ6AGX           599  14  DX  
QSO:   14100  RY 2020-09-27 1013  IU3FBL           599  15  DX   9A5Y             599  15  DX  
QSO:   14100  RY 2020-09-27 1017  IU3FBL           599  15  DX   LA7SI            599  14  DX  
QSO:   14100  RY 2020-09-27 1018  IU3FBL           599  15  DX   G0FGI            599  14  DX  
QSO:   14100  RY 2020-09-27 1020  IU3FBL           599  15  DX   M7V              599  14  DX  
QSO:   14100  RY 2020-09-27 1021  IU3FBL           599  15  DX   LY3CY            599  15  DX  
QSO:   14100  RY 2020-09-27 1021  IU3FBL           599  15  DX   OZ1DAE           599  14  DX  
QSO:   14100  RY 2020-09-27 1022  IU3FBL           599  15  DX   IZ5TJD/7         599  15  DX  
QSO:   14100  RY 2020-09-27 1023  IU3FBL           599  15  DX   PI4COM           599  14  DX  
QSO:   14100  RY 2020-09-27 1024  IU3FBL           599  15  DX   PA2CVD           599  14  DX  
QSO:   14100  RY 2020-09-27 1025  IU3FBL           599  15  DX   G7H              599  14  DX  
QSO:   14100  RY 2020-09-27 1026  IU3FBL           599  15  DX   DL3LJ            599  14  DX  
QSO:   14100  RY 2020-09-27 1031  IU3FBL           599  15  DX   G4CUS            599  14  DX  
QSO:   14100  RY 2020-09-27 1031  IU3FBL           599  15  DX   ON6AT            599  14  DX  
QSO:   14100  RY 2020-09-27 1033  IU3FBL           599  15  DX   EA8BQM           599  33  DX  
QSO:   14100  RY 2020-09-27 1034  IU3FBL           599  15  DX   PE4A             599  14  DX  
QSO:   14100  RY 2020-09-27 1035  IU3FBL           599  15  DX   ON4LY            599  14  DX  
QSO:   14100  RY 2020-09-27 1037  IU3FBL           599  15  DX   G4EBK            599  14  DX  
QSO:   14100  RY 2020-09-27 1039  IU3FBL           599  15  DX   PD/DO1BEN        599  14  DX  
QSO:   14073  RY 2020-09-27 1042  IU3FBL           599  15  DX   LC0X             599  14  DX  
QSO:   14079  RY 2020-09-27 1044  IU3FBL           599  15  DX   EA4FME           599  14  DX  
QSO:   14080  RY 2020-09-27 1044  IU3FBL           599  15  DX   R3BB             599  16  DX  
QSO:   14085  RY 2020-09-27 1045  IU3FBL           599  15  DX   M7T              599  14  DX  
QSO:   14089  RY 2020-09-27 1051  IU3FBL           599  15  DX   RT4W             599  16  DX  
QSO:   14091  RY 2020-09-27 1052  IU3FBL           599  15  DX   UA3PI            599  16  DX  
QSO:   14098  RY 2020-09-27 1056  IU3FBL           599  15  DX   UD3T             599  16  DX  
QSO:   14106  RY 2020-09-27 1059  IU3FBL           599  15  DX   TF1AM            599  40  DX  
QSO:   14109  RY 2020-09-27 1100  IU3FBL           599  15  DX   LY7Z             599  15  DX  
QSO:   14120  RY 2020-09-27 1104  IU3FBL           599  15  DX   PA7LV            599  14  DX  
QSO:   14128  RY 2020-09-27 1106  IU3FBL           599  15  DX   RZ9AD            599  17  DX  
QSO:   14136  RY 2020-09-27 1108  IU3FBL           599  15  DX   OH9S             599  15  DX  
QSO:   14140  RY 2020-09-27 1109  IU3FBL           599  15  DX   JH4UTP           599  25  DX  
QSO:   14105  RY 2020-09-27 1300  IU3FBL           599  15  DX   SV9FBG           599  20  DX  
QSO:   14083  RY 2020-09-27 1303  IU3FBL           599  15  DX   OK1KSL           599  15  DX  
QSO:   14115  RY 2020-09-27 1305  IU3FBL           599  15  DX   K3AJ             599  05  MD  
QSO:   14122  RY 2020-09-27 1307  IU3FBL           599  15  DX   K6DTT/1          599  05  ME  
QSO:   14126  RY 2020-09-27 1312  IU3FBL           599  15  DX   F4AHV            599  14  DX  
QSO:   14086  RY 2020-09-27 1315  IU3FBL           599  15  DX   K2PAL            599  05  NY  
QSO:   14131  RY 2020-09-27 1318  IU3FBL           599  15  DX   NA4DA            599  05  FL  
QSO:   14082  RY 2020-09-27 1319  IU3FBL           599  15  DX   F5OAM            599  14  DX  
QSO:   14106  RY 2020-09-27 1320  IU3FBL           599  15  DX   N2MM             599  05  NJ  
QSO:   14134  RY 2020-09-27 1322  IU3FBL           599  15  DX   WO4O             599  05  FL  
QSO:   14143  RY 2020-09-27 1326  IU3FBL           599  15  DX   NJ3I             599  05  PA  
QSO:   14146  RY 2020-09-27 1327  IU3FBL           599  15  DX   WX8C/0           599  04  MO  
QSO:   14117  RY 2020-09-27 1328  IU3FBL           599  15  DX   G0HDV            599  14  DX  
QSO:   14148  RY 2020-09-27 1333  IU3FBL           599  15  DX   WZ8P             599  04  OH  
QSO:   14149  RY 2020-09-27 1334  IU3FBL           599  15  DX   NA5NN            599  04  MS  
QSO:   14135  RY 2020-09-27 1336  IU3FBL           599  15  DX   N0AT             599  04  MN  
QSO:   14103  RY 2020-09-27 1340  IU3FBL           599  15  DX   YB0NSI           599  28  DX  
QSO:   14104  RY 2020-09-27 1343  IU3FBL           599  15  DX   VU2DED           599  22  DX  
QSO:   14149  RY 2020-09-27 1350  IU3FBL           599  15  DX   YO9HP            599  20  DX  
QSO:   14146  RY 2020-09-27 1351  IU3FBL           599  15  DX   N3QE             599  05  MD  
QSO:   14146  RY 2020-09-27 1352  IU3FBL           599  15  DX   ND9G             599  04  IL  
QSO:   14145  RY 2020-09-27 1353  IU3FBL           599  15  DX   N2BJ             599  04  IL  
QSO:   14143  RY 2020-09-27 1353  IU3FBL           599  15  DX   KG9N             599  04  IL  
QSO:   14141  RY 2020-09-27 1355  IU3FBL           599  15  DX   K9CT             599  04  IL  
QSO:   14140  RY 2020-09-27 1357  IU3FBL           599  15  DX   W3FV             599  05  PA  
QSO:   14140  RY 2020-09-27 1357  IU3FBL           599  15  DX   K1SFA            599  05  MA  
QSO:   14131  RY 2020-09-27 1400  IU3FBL           599  15  DX   N3FJP            599  05  MD  
QSO:   14124  RY 2020-09-27 1402  IU3FBL           599  15  DX   W3DQ             599  05  DC  
QSO:   14127  RY 2020-09-27 1404  IU3FBL           599  15  DX   VE3TW            599  04  ON  
QSO:   14117  RY 2020-09-27 1412  IU3FBL           599  15  DX   W4CB             599  05  VA  
QSO:   14113  RY 2020-09-27 1414  IU3FBL           599  15  DX   AA2GF            599  05  NY  
QSO:   14127  RY 2020-09-27 1417  IU3FBL           599  15  DX   TI2OY            599  07  DX  
QSO:   14127  RY 2020-09-27 1418  IU3FBL           599  15  DX   W9ILY            599  04  IL  
QSO:   14127  RY 2020-09-27 1419  IU3FBL           599  15  DX   IX1CLD           599  15  DX  
QSO:   14127  RY 2020-09-27 1420  IU3FBL           599  15  DX   K3IE             599  04  TN  
QSO:   14127  RY 2020-09-27 1421  IU3FBL           599  15  DX   AE1P             599  05  NH  
QSO:   14152  RY 2020-09-27 1430  IU3FBL           599  15  DX   EA3CI            599  14  DX  
QSO:   14150  RY 2020-09-27 1431  IU3FBL           599  15  DX   EA8W             599  33  DX  
QSO:   14069  RY 2020-09-27 1456  IU3FBL           599  15  DX   WS9M             599  05  NY  
QSO:   14078  RY 2020-09-27 1457  IU3FBL           599  15  DX   UC5D             599  16  DX  
QSO:   14083  RY 2020-09-27 1500  IU3FBL           599  15  DX   UA3GQ            599  16  DX  
QSO:   14083  RY 2020-09-27 1504  IU3FBL           599  15  DX   RC5Z             599  16  DX  
QSO:   14114  RY 2020-09-27 1506  IU3FBL           599  15  DX   RL3A             599  16  DX  
QSO:   14114  RY 2020-09-27 1506  IU3FBL           599  15  DX   RU6MO            599  16  DX  
QSO:   14119  RY 2020-09-27 1507  IU3FBL           599  15  DX   DM4X             599  14  DX  
QSO:   14126  RY 2020-09-27 1622  IU3FBL           599  15  DX   LX1HD            599  14  DX  
QSO:   14107  RY 2020-09-27 1627  IU3FBL           599  15  DX   DF3VM            599  14  DX  
QSO:   14109  RY 2020-09-27 1628  IU3FBL           599  15  DX   DF8XC            599  14  DX  
QSO:   14110  RY 2020-09-27 1629  IU3FBL           599  15  DX   WA1Z             599  05  NH  
QSO:   14110  RY 2020-09-27 1630  IU3FBL           599  15  DX   GW7N             599  14  DX  
QSO:   14110  RY 2020-09-27 1631  IU3FBL           599  15  DX   OS0S             599  14  DX  
QSO:   14110  RY 2020-09-27 1632  IU3FBL           599  15  DX   N5VU             599  04  LA  
QSO:   14110  RY 2020-09-27 1632  IU3FBL           599  15  DX   R4CI             599  16  DX  
QSO:   14110  RY 2020-09-27 1634  IU3FBL           599  15  DX   DD1JN            599  14  DX  
QSO:   14110  RY 2020-09-27 1635  IU3FBL           599  15  DX   RT6N             599  16  DX  
QSO:   14110  RY 2020-09-27 1636  IU3FBL           599  15  DX   YV4ABR           599  09  DX  
QSO:   14110  RY 2020-09-27 1637  IU3FBL           599  15  DX   RA3TT            599  16  DX  
QSO:   14110  RY 2020-09-27 1638  IU3FBL           599  15  DX   UT8IM            599  16  DX  
QSO:   14110  RY 2020-09-27 1642  IU3FBL           599  15  DX   K5XH             599  04  AR  
QSO:   14110  RY 2020-09-27 1643  IU3FBL           599  15  DX   K2AL             599  05  NJ  
QSO:   14110  RY 2020-09-27 1645  IU3FBL           599  15  DX   N4BOS            599  05  TX  
QSO:   14110  RY 2020-09-27 1646  IU3FBL           599  15  DX   K3ODX            599  05  PA  
QSO:   14110  RY 2020-09-27 1646  IU3FBL           599  15  DX   WB4OMM           599  05  FL  
QSO:   14110  RY 2020-09-27 1647  IU3FBL           599  15  DX   WB2WPM           599  05  NY  
QSO:   14110  RY 2020-09-27 1647  IU3FBL           599  15  DX   KE2D             599  05  NJ  
QSO:   14110  RY 2020-09-27 1650  IU3FBL           599  15  DX   KG4W             599  05  VA  
QSO:   14110  RY 2020-09-27 1651  IU3FBL           599  15  DX   DF7CB            599  14  DX  
QSO:   14110  RY 2020-09-27 1651  IU3FBL           599  15  DX   DK5WO            599  14  DX  
QSO:   14148  RY 2020-09-27 1653  IU3FBL           599  15  DX   WI9WI            599  04  WI  
QSO:   14110  RY 2020-09-27 1658  IU3FBL           599  15  DX   PE4BAS           599  14  DX  
QSO:   14110  RY 2020-09-27 1659  IU3FBL           599  15  DX   PD75E            599  14  DX  
QSO:   14110  RY 2020-09-27 1701  IU3FBL           599  15  DX   N4IQ             599  05  SC  
QSO:   14110  RY 2020-09-27 1701  IU3FBL           599  15  DX   EI7KD            599  14  DX  
QSO:   14110  RY 2020-09-27 1702  IU3FBL           599  15  DX   W2YK             599  05  NY  
QSO:   14110  RY 2020-09-27 1703  IU3FBL           599  15  DX   AB4SF            599  05  VA  
QSO:   14110  RY 2020-09-27 1703  IU3FBL           599  15  DX   PA2W             599  14  DX  
QSO:   14110  RY 2020-09-27 1705  IU3FBL           599  15  DX   WA8OJR           599  05  SC  
QSO:   14110  RY 2020-09-27 1707  IU3FBL           599  15  DX   MW0CRI           599  14  DX  
QSO:   14110  RY 2020-09-27 1708  IU3FBL           599  15  DX   W4WWQ            599  05  VA  
QSO:   14110  RY 2020-09-27 1710  IU3FBL           599  15  DX   VE3KI            599  04  ON  
QSO:   14110  RY 2020-09-27 1710  IU3FBL           599  15  DX   K2RD             599  03  NV  
QSO:   14110  RY 2020-09-27 1711  IU3FBL           599  15  DX   4Z4AK            599  20  DX  
QSO:   14110  RY 2020-09-27 1712  IU3FBL           599  15  DX   DL7ATR           599  14  DX  
QSO:   14110  RY 2020-09-27 1712  IU3FBL           599  15  DX   GW4AYJ           599  14  DX  
QSO:   14110  RY 2020-09-27 1713  IU3FBL           599  15  DX   KS2G             599  05  NY  
QSO:   14110  RY 2020-09-27 1715  IU3FBL           599  15  DX   N1SNB            599  05  MA  
QSO:   14110  RY 2020-09-27 1716  IU3FBL           599  15  DX   PD9GD            599  14  DX  
QSO:   14110  RY 2020-09-27 1718  IU3FBL           599  15  DX   W3XOX            599  05  PA  
QSO:   14110  RY 2020-09-27 1719  IU3FBL           599  15  DX   DL6EZ            599  14  DX  
QSO:   14110  RY 2020-09-27 1721  IU3FBL           599  15  DX   N2TU             599  05  NC  
QSO:   14110  RY 2020-09-27 1721  IU3FBL           599  15  DX   VE3NE            599  04  ON  
QSO:   14110  RY 2020-09-27 1722  IU3FBL           599  15  DX   DJ6OZ            599  14  DX  
QSO:   14110  RY 2020-09-27 1722  IU3FBL           599  15  DX   PA0FVH           599  14  DX  
QSO:   14106  RY 2020-09-27 1725  IU3FBL           599  15  DX   G4ZWX            599  14  DX  
QSO:   14110  RY 2020-09-27 1726  IU3FBL           599  15  DX   DJ9RR            599  14  DX  
QSO:   14110  RY 2020-09-27 1727  IU3FBL           599  15  DX   AI9T             599  04  IL  
QSO:   14110  RY 2020-09-27 1727  IU3FBL           599  15  DX   KZ9DX            599  04  IL  
QSO:   14110  RY 2020-09-27 1728  IU3FBL           599  15  DX   AI3Q             599  05  PA  
QSO:   14118  RY 2020-09-27 1729  IU3FBL           599  15  DX   VE5MX            599  04  SK  
QSO:   14108  RY 2020-09-27 1732  IU3FBL           599  15  DX   K7RL             599  03  WA  
QSO:   14126  RY 2020-09-27 1829  IU3FBL           599  15  DX   AD5XD            599  04  TX  
QSO:   14125  RY 2020-09-27 1829  IU3FBL           599  15  DX   W0JW             599  04  IA  
QSO:   14134  RY 2020-09-27 1831  IU3FBL           599  15  DX   K5ZD             599  05  MA  
QSO:   14128  RY 2020-09-27 1832  IU3FBL           599  15  DX   WC3N             599  05  MD  
QSO:   14147  RY 2020-09-27 1835  IU3FBL           599  15  DX   VA3WW            599  04  ON  
QSO:   14115  RY 2020-09-27 1839  IU3FBL           599  15  DX   VE4VT            599  04  MB  
QSO:   14112  RY 2020-09-27 1842  IU3FBL           599  15  DX   W4MLB            599  05  FL  
QSO:   14110  RY 2020-09-27 1844  IU3FBL           599  15  DX   M0VBY            599  14  DX  
QSO:   14110  RY 2020-09-27 1845  IU3FBL           599  15  DX   ON6NL            599  14  DX  
QSO:   14110  RY 2020-09-27 1846  IU3FBL           599  15  DX   PE1FTV           599  14  DX  
QSO:   14110  RY 2020-09-27 1846  IU3FBL           599  15  DX   W0TY             599  04  MO  
QSO:   14110  RY 2020-09-27 1848  IU3FBL           599  15  DX   KA8G             599  04  OH  
QSO:   14130  RY 2020-09-27 1849  IU3FBL           599  15  DX   N7GP             599  03  AZ  
QSO:   14093  RY 2020-09-27 1851  IU3FBL           599  15  DX   K2RB             599  05  NY  
QSO:   14110  RY 2020-09-27 1855  IU3FBL           599  15  DX   PC4L             599  14  DX  
QSO:   14110  RY 2020-09-27 1856  IU3FBL           599  15  DX   KA4RRU           599  05  VA  
QSO:   14110  RY 2020-09-27 1857  IU3FBL           599  15  DX   F5MMB            599  14  DX  
QSO:   14101  RY 2020-09-27 1900  IU3FBL           599  15  DX   TG9ANF           599  07  DX  
QSO:   14132  RY 2020-09-27 1902  IU3FBL           599  15  DX   W5TN             599  04  TX  
QSO:   14110  RY 2020-09-27 1907  IU3FBL           599  15  DX   N3CW             599  05  VA  
QSO:   14110  RY 2020-09-27 1908  IU3FBL           599  15  DX   AJ4VE            599  05  GA  
QSO:   14110  RY 2020-09-27 1908  IU3FBL           599  15  DX   G4JBA            599  14  DX  
QSO:   14110  RY 2020-09-27 1910  IU3FBL           599  15  DX   K4CUE            599  05  VA  
QSO:   14110  RY 2020-09-27 1912  IU3FBL           599  15  DX   G4DDL            599  14  DX  
QSO:   14110  RY 2020-09-27 1914  IU3FBL           599  15  DX   CO8NDZ           599  08  DX  
QSO:   14110  RY 2020-09-27 1915  IU3FBL           599  15  DX   EA3IAZ           599  14  DX  
QSO:   14110  RY 2020-09-27 1915  IU3FBL           599  15  DX   PY4XX            599  11  DX  
QSO:   14110  RY 2020-09-27 1915  IU3FBL           599  15  DX   W3SA             599  05  NC  
QSO:   14110  RY 2020-09-27 1916  IU3FBL           599  15  DX   VA1XH            599  05  NS  
QSO:   14110  RY 2020-09-27 1917  IU3FBL           599  15  DX   KT1I             599  05  NH  
QSO:   14110  RY 2020-09-27 1918  IU3FBL           599  15  DX   WA4TMJ           599  05  VA  
QSO:   14110  RY 2020-09-27 1919  IU3FBL           599  15  DX   PY1FI            599  11  DX  
QSO:   14110  RY 2020-09-27 1920  IU3FBL           599  15  DX   SQ7BQH           599  15  DX  
QSO:   14110  RY 2020-09-27 1920  IU3FBL           599  15  DX   W2ECK            599  05  GA  
QSO:   14110  RY 2020-09-27 1921  IU3FBL           599  15  DX   VE3MZD           599  04  ON  
QSO:   14110  RY 2020-09-27 1924  IU3FBL           599  15  DX   F6DZD            599  14  DX  
QSO:   14110  RY 2020-09-27 1925  IU3FBL           599  15  DX   CO8BYT           599  08  DX  
QSO:   14110  RY 2020-09-27 1932  IU3FBL           599  15  DX   K5VIP            599  05  VA  
QSO:   14110  RY 2020-09-27 1934  IU3FBL           599  15  DX   K4REB            599  05  NC  
QSO:   14111  RY 2020-09-27 1945  IU3FBL           599  15  DX   N4GU             599  05  NC  
QSO:   14148  RY 2020-09-27 1947  IU3FBL           599  15  DX   WT9U             599  04  IN  
QSO:   14139  RY 2020-09-27 1951  IU3FBL           599  15  DX   N4YDU            599  05  NC  
QSO:   14137  RY 2020-09-27 1951  IU3FBL           599  15  DX   NR4O             599  05  NC  
QSO:   14136  RY 2020-09-27 1952  IU3FBL           599  15  DX   W1QK             599  05  CT  
QSO:   14135  RY 2020-09-27 1954  IU3FBL           599  15  DX   K9NR             599  04  IL  
QSO:   14122  RY 2020-09-27 1958  IU3FBL           599  15  DX   LO7H             599  13  DX  
QSO:   14093  RY 2020-09-27 2002  IU3FBL           599  15  DX   K4ADR            599  05  FL  
QSO:   14089  RY 2020-09-27 2003  IU3FBL           599  15  DX   W4CU             599  05  FL  
QSO:   14087  RY 2020-09-27 2004  IU3FBL           599  15  DX   NF4A             599  05  FL  
QSO:   14085  RY 2020-09-27 2005  IU3FBL           599  15  DX   CO2AME           599  08  DX  
QSO:   14099  RY 2020-09-27 2008  IU3FBL           599  15  DX   WA8MCD           599  04  MI  
QSO:   14086  RY 2020-09-27 2021  IU3FBL           599  15  DX   AI4WW            599  05  FL  
QSO:   14085  RY 2020-09-27 2022  IU3FBL           599  15  DX   AA2MF            599  05  FL  
QSO:   14101  RY 2020-09-27 2027  IU3FBL           599  15  DX   K3MM             599  05  MD  
QSO:   14130  RY 2020-09-27 2036  IU3FBL           599  15  DX   AB5EB            599  04  TX  
QSO:   14134  RY 2020-09-27 2036  IU3FBL           599  15  DX   N8CL             599  05  NY  
QSO:   14106  RY 2020-09-27 2041  IU3FBL           599  15  DX   YV5EMG           599  09  DX  
END-OF-LOG:
