START-OF-LOG: 3.0
CONTEST: CQ-WW-RTTY
CALLSIGN: W1DYJ
LOCATION: ME
CATEGORY-OPERATOR: SINGLE-OP
CATEGORY-ASSISTED: NON-ASSISTED
CATEGORY-BAND: ALL
CATEGORY-POWER: LOW
CATEGORY-MODE: RTTY
CATEGORY-TRANSMITTER: ONE
CATEGORY-OVERLAY: CLASSIC
GRID-LOCATOR: FN43xs
CLAIMED-SCORE: 79220
NAME: Larry Banks
OPERATORS: W1DYJ
CLUB: Yankee Clipper Contest Club
CREATED-BY: N3FJP's CQ WW DX RTTY Contest Log 2.1
QSO:  14083  RY 2020-09-26 0113  W1DYJ            599  05  ME   KF6RY            599  03  CA    0
QSO:  14085  RY 2020-09-26 0115  W1DYJ            599  05  ME   K2RD             599  05  NV    0
QSO:  14086  RY 2020-09-26 0116  W1DYJ            599  05  ME   N6WM             599  03  CA    0
QSO:  14087  RY 2020-09-26 0117  W1DYJ            599  05  ME   W6SX             599  03  CA    0
QSO:  14088  RY 2020-09-26 0122  W1DYJ            599  05  ME   N7XCZ            599  03  NV    0
QSO:  14092  RY 2020-09-26 0128  W1DYJ            599  05  ME   TG9ADQ           599  07  DX    0
QSO:  14106  RY 2020-09-26 0146  W1DYJ            599  05  ME   NK5G             599  04  TX    0
QSO:   7033  RY 2020-09-26 0156  W1DYJ            599  05  ME   W0GJ             599  04  IA    0
QSO:   7034  RY 2020-09-26 0158  W1DYJ            599  05  ME   N0TA             599  04  CO    0
QSO:   7036  RY 2020-09-26 0204  W1DYJ            599  05  ME   W7RN             599  03  NV    0
QSO:   7036  RY 2020-09-26 0207  W1DYJ            599  05  ME   NR4O             599  05  NC    0
QSO:   7037  RY 2020-09-26 0208  W1DYJ            599  05  ME   K4QD             599  05  FL    0
QSO:   7038  RY 2020-09-26 0215  W1DYJ            599  05  ME   OK5Z             599  15  DX    0
QSO:   7038  RY 2020-09-26 0217  W1DYJ            599  05  ME   EA2VE            599  14  DX    0
QSO:   7039  RY 2020-09-26 0218  W1DYJ            599  05  ME   SP9KR            599  15  DX    0
QSO:   7039  RY 2020-09-26 0219  W1DYJ            599  05  ME   KS0AA            599  04  KS    0
QSO:   7040  RY 2020-09-26 0223  W1DYJ            599  05  ME   IQ3KU            599  15  DX    0
QSO:   7041  RY 2020-09-26 0224  W1DYJ            599  05  ME   K8QKY            599  04  MI    0
QSO:   7042  RY 2020-09-26 0225  W1DYJ            599  05  ME   9A1A             599  15  DX    0
QSO:   7042  RY 2020-09-26 0227  W1DYJ            599  05  ME   W0LSD            599  04  CO    0
QSO:   7043  RY 2020-09-26 0230  W1DYJ            599  05  ME   ZF1A             599  08  DX    0
QSO:   7044  RY 2020-09-26 0231  W1DYJ            599  05  ME   YU7XX            599  15  DX    0
QSO:   7046  RY 2020-09-26 0240  W1DYJ            599  05  ME   SX2X             599  20  DX    0
QSO:   7047  RY 2020-09-26 0244  W1DYJ            599  05  ME   K5VIP            599  05  VA    0
QSO:   7049  RY 2020-09-26 0250  W1DYJ            599  05  ME   K9NR             599  04  IL    0
QSO:   7050  RY 2020-09-26 0251  W1DYJ            599  05  ME   IQ6AN            599  15  DX    0
QSO:   7050  RY 2020-09-26 0252  W1DYJ            599  05  ME   NR4L             599  05  TN    0
QSO:   7051  RY 2020-09-26 0256  W1DYJ            599  05  ME   IQ4FA            599  15  DX    0
QSO:   7052  RY 2020-09-26 0303  W1DYJ            599  05  ME   AD5XD            599  04  TX    0
QSO:   7053  RY 2020-09-26 0305  W1DYJ            599  05  ME   NA4DA            599  05  FL    0
QSO:   7053  RY 2020-09-26 0306  W1DYJ            599  05  ME   IQ2CJ            599  15  DX    0
QSO:   7055  RY 2020-09-26 0310  W1DYJ            599  05  ME   NG7A             599  03  IA    0
QSO:   7055  RY 2020-09-26 0311  W1DYJ            599  05  ME   HB9TOC           599  14  DX    0
QSO:   7056  RY 2020-09-26 0312  W1DYJ            599  05  ME   W9FFA            599  04  IN    0
QSO:   7058  RY 2020-09-26 0314  W1DYJ            599  05  ME   NT5V             599  04  TX    0
QSO:   7058  RY 2020-09-26 0315  W1DYJ            599  05  ME   F6AGM            599  14  DX    0
QSO:   7059  RY 2020-09-26 0316  W1DYJ            599  05  ME   N3BUO            599  05  TX    0
QSO:   7060  RY 2020-09-26 0318  W1DYJ            599  05  ME   K5RZA            599  04  TX    0
QSO:   7061  RY 2020-09-26 0319  W1DYJ            599  05  ME   S58M             599  15  DX    0
QSO:   7062  RY 2020-09-26 0322  W1DYJ            599  05  ME   N3HEE            599  05  SC    0
QSO:   7063  RY 2020-09-26 0323  W1DYJ            599  05  ME   G3TXF            599  14  DX    0
QSO:   7065  RY 2020-09-26 0329  W1DYJ            599  05  ME   VE5MX            599  04  SK    0
QSO:   3556  RY 2020-09-26 0345  W1DYJ            599  05  ME   PZ5RA            599  09  DX    0
QSO:   3555  RY 2020-09-26 0348  W1DYJ            599  05  ME   AA4LS            599  05  NC    0
QSO:   3562  RY 2020-09-26 0355  W1DYJ            599  05  ME   CR6K             599  14  DX    0
QSO:   3563  RY 2020-09-26 0356  W1DYJ            599  05  ME   K4EA             599  05  GA    0
QSO:   3563  RY 2020-09-26 0358  W1DYJ            599  05  ME   K2ZW             599  05  ME    0
QSO:   3564  RY 2020-09-26 0402  W1DYJ            599  05  ME   IQ4FA            599  15  DX    0
QSO:   3565  RY 2020-09-26 0404  W1DYJ            599  05  ME   N4QS             599  05  KY    0
QSO:   3566  RY 2020-09-26 0405  W1DYJ            599  05  ME   KC4WQ            599  05  KY    0
QSO:   3567  RY 2020-09-26 0406  W1DYJ            599  05  ME   NY3B             599  05  PA    0
QSO:   3569  RY 2020-09-26 0409  W1DYJ            599  05  ME   W9SN             599  04  TN    0
QSO:   3570  RY 2020-09-26 0411  W1DYJ            599  05  ME   LZ5R             599  20  DX    0
QSO:   3571  RY 2020-09-26 0412  W1DYJ            599  05  ME   TM3Z             599  14  DX    0
QSO:   3576  RY 2020-09-26 0414  W1DYJ            599  05  ME   NF3R             599  05  PA    0
QSO:   3576  RY 2020-09-26 0415  W1DYJ            599  05  ME   S51A             599  15  DX    0
QSO:   3577  RY 2020-09-26 0417  W1DYJ            599  05  ME   AA3B             599  05  PA    0
QSO:   3578  RY 2020-09-26 0418  W1DYJ            599  05  ME   I1JTQ            599  15  DX    0
QSO:   3578  RY 2020-09-26 0420  W1DYJ            599  05  ME   HA1TJ            599  15  DX    0
QSO:   3579  RY 2020-09-26 0421  W1DYJ            599  05  ME   VE3NE            599  04  ON    0
QSO:   3579  RY 2020-09-26 0423  W1DYJ            599  05  ME   KA4RRU           599  05  VA    0
QSO:   3580  RY 2020-09-26 0425  W1DYJ            599  05  ME   AI0Y/9           599  04  IL    0
QSO:   3581  RY 2020-09-26 0426  W1DYJ            599  05  ME   OE2E             599  15  DX    0
QSO:   3582  RY 2020-09-26 0427  W1DYJ            599  05  ME   M2G              599  14  DX    0
QSO:   3582  RY 2020-09-26 0428  W1DYJ            599  05  ME   IQ9UI            599  15  DX    0
QSO:   3583  RY 2020-09-26 0430  W1DYJ            599  05  ME   ND9G             599  04  IL    0
QSO:   3585  RY 2020-09-26 0437  W1DYJ            599  05  ME   N6WM             599  03  CA    0
QSO:   3586  RY 2020-09-26 0438  W1DYJ            599  05  ME   N9OK             599  04  IL    0
QSO:   3587  RY 2020-09-26 0440  W1DYJ            599  05  ME   W4CB             599  05  VA    0
QSO:   3588  RY 2020-09-26 0443  W1DYJ            599  05  ME   OK7O             599  15  DX    0
QSO:   3588  RY 2020-09-26 0444  W1DYJ            599  05  ME   K9NR             599  04  IL    0
QSO:   3589  RY 2020-09-26 0445  W1DYJ            599  05  ME   W1UE             599  05  MA    0
QSO:   3589  RY 2020-09-26 0447  W1DYJ            599  05  ME   ED1R             599  14  DX    0
QSO:   3590  RY 2020-09-26 0447  W1DYJ            599  05  ME   AC0C             599  04  KS    0
QSO:   3591  RY 2020-09-26 0448  W1DYJ            599  05  ME   AI9T             599  04  IL    0
QSO:   3594  RY 2020-09-26 0452  W1DYJ            599  05  ME   IZ4ZZB           599  15  DX    0
QSO:   3598  RY 2020-09-26 0455  W1DYJ            599  05  ME   OL9A             599  15  DX    0
QSO:   3598  RY 2020-09-26 0458  W1DYJ            599  05  ME   EA8BQM           599  33  DX    0
QSO:   7034  RY 2020-09-26 1204  W1DYJ            599  05  ME   KE0L             599  04  TN    0
QSO:   7039  RY 2020-09-26 1210  W1DYJ            599  05  ME   W4CU             599  05  FL    0
QSO:   7041  RY 2020-09-26 1212  W1DYJ            599  05  ME   K3TEF            599  05  PA    0
QSO:   7042  RY 2020-09-26 1215  W1DYJ            599  05  ME   N4BAA            599  05  IN    0
QSO:   7043  RY 2020-09-26 1216  W1DYJ            599  05  ME   W3GH             599  05  PA    0
QSO:   7045  RY 2020-09-26 1217  W1DYJ            599  05  ME   WA1FCN           599  05  AL    0
QSO:   7046  RY 2020-09-26 1219  W1DYJ            599  05  ME   N4QS             599  05  KY    0
QSO:   7047  RY 2020-09-26 1220  W1DYJ            599  05  ME   N2BJ             599  05  IL    0
QSO:   7049  RY 2020-09-26 1223  W1DYJ            599  05  ME   K9CT             599  04  IL    0
QSO:   7050  RY 2020-09-26 1225  W1DYJ            599  05  ME   AA3B             599  05  PA    0
QSO:   7058  RY 2020-09-26 1228  W1DYJ            599  05  ME   N3FJP            599  05  MD    0
QSO:   7060  RY 2020-09-26 1231  W1DYJ            599  05  ME   K4LTE            599  05  NC    0
QSO:   7062  RY 2020-09-26 1234  W1DYJ            599  05  ME   KA4RRU           599  05  VA    0
QSO:   7063  RY 2020-09-26 1235  W1DYJ            599  05  ME   N0AT             599  04  MN    0
QSO:   7064  RY 2020-09-26 1236  W1DYJ            599  05  ME   KI0F             599  04  MN    0
QSO:   7066  RY 2020-09-26 1237  W1DYJ            599  05  ME   W3RGA            599  05  PA    0
QSO:   7092  RY 2020-09-26 1240  W1DYJ            599  05  ME   WB4HRL           599  05  SC    0
QSO:  14089  RY 2020-09-26 1302  W1DYJ            599  05  ME   NA4DA            599  05  FL    0
QSO:  14097  RY 2020-09-26 1313  W1DYJ            599  05  ME   3Z0R             599  15  DX    0
QSO:  21078  RY 2020-09-26 1457  W1DYJ            599  05  ME   P40P             599  09  DX    0
QSO:  21092  RY 2020-09-26 1505  W1DYJ            599  05  ME   K4WI             599  05  AL    0
QSO:  21084  RY 2020-09-26 1521  W1DYJ            599  05  ME   AC0C             599  04  KS    0
QSO:  21083  RY 2020-09-26 1522  W1DYJ            599  05  ME   ED7N             599  14  DX    0
QSO:   7045  RY 2020-09-26 1531  W1DYJ            599  05  ME   W4PK             599  05  VA    0
QSO:  14083  RY 2020-09-26 1554  W1DYJ            599  05  ME   WB4YDL           599  05  TN    0
QSO:  14084  RY 2020-09-26 1601  W1DYJ            599  05  ME   W4MLB            599  05  FL    0
QSO:  14089  RY 2020-09-26 1608  W1DYJ            599  05  ME   AD4ES            599  05  FL    0
QSO:  14090  RY 2020-09-26 1609  W1DYJ            599  05  ME   K9NR             599  04  IL    0
QSO:  14094  RY 2020-09-26 1624  W1DYJ            599  05  ME   K6HGF            599  03  CA    0
QSO:  14098  RY 2020-09-26 1630  W1DYJ            599  05  ME   K5WE             599  04  OK    0
QSO:  14099  RY 2020-09-26 1635  W1DYJ            599  05  ME   OK5Z             599  15  DX    0
QSO:  14099  RY 2020-09-26 1739  W1DYJ            599  05  ME   K3IE             599  05  TN    0
QSO:  14101  RY 2020-09-26 1744  W1DYJ            599  05  ME   AA2MF            599  05  FL    0
QSO:  14103  RY 2020-09-26 1748  W1DYJ            599  05  ME   W7VXS            599  03  WA    0
QSO:  14104  RY 2020-09-26 1750  W1DYJ            599  05  ME   IQ2CJ            599  15  DX    0
QSO:  14106  RY 2020-09-26 1756  W1DYJ            599  05  ME   W0MB             599  04  MO    0
QSO:  14107  RY 2020-09-26 1758  W1DYJ            599  05  ME   AB4GG            599  05  TN    0
QSO:  14107  RY 2020-09-26 1800  W1DYJ            599  05  ME   K4RO             599  05  TN    0
QSO:  14111  RY 2020-09-26 1805  W1DYJ            599  05  ME   KF7U             599  03  AZ    0
QSO:  14115  RY 2020-09-26 1806  W1DYJ            599  05  ME   N7GP             599  03  AZ    0
QSO:  14116  RY 2020-09-26 1808  W1DYJ            599  05  ME   N6AR             599  03  FL    0
QSO:   7087  RY 2020-09-26 1900  W1DYJ            599  05  ME   NW8S             599  04  OH    0
QSO:   7087  RY 2020-09-26 1901  W1DYJ            599  05  ME   VE3MGY           599  04  ON    0
QSO:   7094  RY 2020-09-26 1903  W1DYJ            599  05  ME   K9IG             599  04  IN    0
QSO:  14082  RY 2020-09-26 1931  W1DYJ            599  05  ME   W7RN             599  03  NV    0
QSO:  14084  RY 2020-09-26 1940  W1DYJ            599  05  ME   W0IZ             599  04  CO    0
QSO:  14088  RY 2020-09-26 1949  W1DYJ            599  05  ME   N7QT             599  03  WA    0
QSO:  14089  RY 2020-09-26 1956  W1DYJ            599  05  ME   9A5D             599  15  DX    0
QSO:  14097  RY 2020-09-26 2007  W1DYJ            599  05  ME   IU4CHE           599  15  DX    0
QSO:  14098  RY 2020-09-26 2010  W1DYJ            599  05  ME   9A1A             599  15  DX    0
QSO:  14102  RY 2020-09-26 2017  W1DYJ            599  05  ME   9A5Y             599  15  DX    0
QSO:  14104  RY 2020-09-26 2022  W1DYJ            599  05  ME   IQ1RY            599  15  DX    0
QSO:  14107  RY 2020-09-26 2026  W1DYJ            599  05  ME   VE7KW            599  03  BC    0
QSO:  14111  RY 2020-09-26 2032  W1DYJ            599  05  ME   PY4RGS           599  11  DX    0
QSO:  14113  RY 2020-09-26 2034  W1DYJ            599  05  ME   AB5EB            599  04  TX    0
QSO:  14116  RY 2020-09-26 2042  W1DYJ            599  05  ME   IT9RBW           599  15  DX    0
QSO:  14122  RY 2020-09-26 2050  W1DYJ            599  05  ME   VE7KAJ           599  03  BC    0
QSO:  14125  RY 2020-09-26 2051  W1DYJ            599  05  ME   W5AP             599  04  CO    0
QSO:  14132  RY 2020-09-26 2055  W1DYJ            599  05  ME   WA8ZBT           599  04  TX    0
QSO:  14133  RY 2020-09-26 2056  W1DYJ            599  05  ME   VE7BC            599  03  BC    0
QSO:  14133  RY 2020-09-26 2058  W1DYJ            599  05  ME   WP3C             599  08  DX    0
QSO:  14134  RY 2020-09-26 2059  W1DYJ            599  05  ME   ED8W             599  33  DX    0
QSO:  14136  RY 2020-09-26 2103  W1DYJ            599  05  ME   K9QJS            599  04  WA    0
QSO:   7037  RY 2020-09-26 2118  W1DYJ            599  05  ME   YO9HP            599  20  DX    0
QSO:   7040  RY 2020-09-26 2121  W1DYJ            599  05  ME   IZ3GO            599  15  DX    0
QSO:   7042  RY 2020-09-26 2127  W1DYJ            599  05  ME   S53IXY           599  15  DX    0
QSO:   7046  RY 2020-09-26 2132  W1DYJ            599  05  ME   K5EK             599  04  NC    0
QSO:   7046  RY 2020-09-26 2134  W1DYJ            599  05  ME   PI4CG            599  14  DX    0
QSO:   7047  RY 2020-09-26 2136  W1DYJ            599  05  ME   OM3RM            599  15  DX    0
QSO:   7048  RY 2020-09-26 2148  W1DYJ            599  05  ME   VE3RZ            599  04  ON    0
QSO:   7049  RY 2020-09-26 2150  W1DYJ            599  05  ME   N2TU             599  05  NC    0
QSO:   7050  RY 2020-09-26 2151  W1DYJ            599  05  ME   IC8SQS           599  15  DX    0
QSO:   7050  RY 2020-09-26 2153  W1DYJ            599  05  ME   NV9L             599  04  IL    0
QSO:   7051  RY 2020-09-26 2155  W1DYJ            599  05  ME   OM2VL            599  15  DX    0
QSO:   7052  RY 2020-09-26 2158  W1DYJ            599  05  ME   US1IB            599  16  DX    0
QSO:   7052  RY 2020-09-26 2200  W1DYJ            599  05  ME   IZ3GOM           599  15  DX    0
QSO:   7053  RY 2020-09-26 2204  W1DYJ            599  05  ME   LZ5R             599  20  DX    0
QSO:   7053  RY 2020-09-26 2207  W1DYJ            599  05  ME   EA4Z             599  14  DX    0
QSO:   7054  RY 2020-09-26 2209  W1DYJ            599  05  ME   HG7T             599  15  DX    0
QSO:   7056  RY 2020-09-26 2211  W1DYJ            599  05  ME   LZ5K             599  20  DX    0
QSO:   7056  RY 2020-09-26 2212  W1DYJ            599  05  ME   K3AJ             599  05  MD    0
QSO:   7057  RY 2020-09-26 2213  W1DYJ            599  05  ME   K4WW             599  04  KY    0
QSO:   7057  RY 2020-09-26 2215  W1DYJ            599  05  ME   EA4GOY           599  14  DX    0
QSO:   7058  RY 2020-09-26 2325  W1DYJ            599  05  ME   IQ9UI            599  15  DX    0
QSO:   7059  RY 2020-09-26 2327  W1DYJ            599  05  ME   VE3NE            599  04  ON    0
QSO:   7061  RY 2020-09-26 2333  W1DYJ            599  05  ME   AB5EB            599  04  TX    0
QSO:   7062  RY 2020-09-26 2337  W1DYJ            599  05  ME   AD4ES            599  05  FL    0
QSO:   7063  RY 2020-09-26 2339  W1DYJ            599  05  ME   YU7BW            599  15  DX    0
QSO:   7064  RY 2020-09-26 2341  W1DYJ            599  05  ME   W9YK             599  04  IL    0
QSO:   7065  RY 2020-09-26 2342  W1DYJ            599  05  ME   WB8BZK           599  04  IL    0
QSO:   7067  RY 2020-09-26 2347  W1DYJ            599  05  ME   NF3R             599  05  PA    0
QSO:   3575  RY 2020-09-27 0203  W1DYJ            599  05  ME   NY6DX            599  03  NY    0
QSO:   3576  RY 2020-09-27 0204  W1DYJ            599  05  ME   OK5Z             599  15  DX    0
QSO:   3577  RY 2020-09-27 0205  W1DYJ            599  05  ME   NU4E             599  05  SC    0
QSO:   3577  RY 2020-09-27 0206  W1DYJ            599  05  ME   W3DQ             599  05  DC    0
QSO:   3578  RY 2020-09-27 0208  W1DYJ            599  05  ME   K0AD             599  04  MN    0
QSO:   3578  RY 2020-09-27 0212  W1DYJ            599  05  ME   K3AJ             599  05  MD    0
QSO:   3580  RY 2020-09-27 0214  W1DYJ            599  05  ME   AC9KW            599  04  IL    0
QSO:   3580  RY 2020-09-27 0216  W1DYJ            599  05  ME   WD9CIR           599  04  IL    0
QSO:   3581  RY 2020-09-27 0219  W1DYJ            599  05  ME   VE2FK            599  05  QC    0
QSO:   3582  RY 2020-09-27 0220  W1DYJ            599  05  ME   KI1G             599  05  RI    0
QSO:   3583  RY 2020-09-27 0222  W1DYJ            599  05  ME   K3AU             599  05  MD    0
QSO:   3584  RY 2020-09-27 0225  W1DYJ            599  05  ME   KD5DD            599  04  MS    0
QSO:   3586  RY 2020-09-27 0226  W1DYJ            599  05  ME   9A1A             599  15  DX    0
QSO:   3586  RY 2020-09-27 0227  W1DYJ            599  05  ME   WC3N             599  05  MD    0
QSO:   3587  RY 2020-09-27 0228  W1DYJ            599  05  ME   K3RWN            599  05  PA    0
QSO:   3588  RY 2020-09-27 0232  W1DYJ            599  05  ME   N8CWU            599  04  OH    0
QSO:   3589  RY 2020-09-27 0234  W1DYJ            599  05  ME   N4ZZ             599  05  TN    0
QSO:   3590  RY 2020-09-27 0235  W1DYJ            599  05  ME   N0AT             599  04  MN    0
QSO:   3591  RY 2020-09-27 0236  W1DYJ            599  05  ME   KG9X             599  04  IL    0
QSO:   3592  RY 2020-09-27 0238  W1DYJ            599  05  ME   W3GH             599  05  PA    0
QSO:   3594  RY 2020-09-27 0240  W1DYJ            599  05  ME   W3FIZ            599  05  PA    0
QSO:   3594  RY 2020-09-27 0242  W1DYJ            599  05  ME   NC1CC            599  05  RI    0
QSO:   3596  RY 2020-09-27 0245  W1DYJ            599  05  ME   AB4GG            599  05  TN    0
QSO:   3597  RY 2020-09-27 0248  W1DYJ            599  05  ME   VE2GSO           599  05  QC    0
QSO:   3597  RY 2020-09-27 0248  W1DYJ            599  05  ME   AC8Y             599  04  VA    0
QSO:   7034  RY 2020-09-27 0327  W1DYJ            599  05  ME   WA6I             599  03  CA    0
QSO:   7037  RY 2020-09-27 0328  W1DYJ            599  05  ME   V31MAY           599  07  DX    0
QSO:   7042  RY 2020-09-27 0338  W1DYJ            599  05  ME   CO8NMN           599  08  DX    0
QSO:   7046  RY 2020-09-27 0345  W1DYJ            599  05  ME   K9DR             599  04  WY    0
QSO:   7046  RY 2020-09-27 0346  W1DYJ            599  05  ME   K5XH             599  04  AR    0
QSO:   7055  RY 2020-09-27 0358  W1DYJ            599  05  ME   W1SRD            599  05  CA    0
QSO:   7043  RY 2020-09-27 1312  W1DYJ            599  05  ME   KS9W             599  04  CO    0
QSO:   7043  RY 2020-09-27 1313  W1DYJ            599  05  ME   K9WX             599  04  IN    0
QSO:   7045  RY 2020-09-27 1315  W1DYJ            599  05  ME   N3XL             599  05  MD    0
QSO:   7045  RY 2020-09-27 1317  W1DYJ            599  05  ME   KE0WNX           599  04  IA    0
QSO:   7048  RY 2020-09-27 1320  W1DYJ            599  05  ME   K8PK             599  04  OH    0
QSO:   7050  RY 2020-09-27 1322  W1DYJ            599  05  ME   K2RD             599  05  NV    0
QSO:   7051  RY 2020-09-27 1324  W1DYJ            599  05  ME   KO7SS            599  03  AZ    0
QSO:   7051  RY 2020-09-27 1326  W1DYJ            599  05  ME   N7GP             599  03  AZ    0
QSO:   7056  RY 2020-09-27 1332  W1DYJ            599  05  ME   WB8JAY           599  04  OH    0
QSO:   7060  RY 2020-09-27 1334  W1DYJ            599  05  ME   W9SN             599  04  TN    0
QSO:   7063  RY 2020-09-27 1334  W1DYJ            599  05  ME   K4MIL            599  05  VA    0
QSO:   7082  RY 2020-09-27 1336  W1DYJ            599  05  ME   WF4W             599  05  GA    0
QSO:   7084  RY 2020-09-27 1338  W1DYJ            599  05  ME   WS6X             599  03  VA    0
QSO:   7085  RY 2020-09-27 1340  W1DYJ            599  05  ME   NE3F             599  05  PA    0
QSO:   7088  RY 2020-09-27 1342  W1DYJ            599  05  ME   VE3TW            599  04  ON    0
QSO:  21102  RY 2020-09-27 1735  W1DYJ            599  05  ME   ZF1A             599  08  DX    0
QSO:  14076  RY 2020-09-27 1752  W1DYJ            599  05  ME   LZ5R             599  20  DX    0
QSO:  14079  RY 2020-09-27 1756  W1DYJ            599  05  ME   AD4ES            599  05  FL    0
QSO:  21086  RY 2020-09-27 1925  W1DYJ            599  05  ME   KP4JRS           599  08  DX    0
QSO:  21094  RY 2020-09-27 1927  W1DYJ            599  05  ME   CV7S             599  13  DX    0
QSO:  21096  RY 2020-09-27 1928  W1DYJ            599  05  ME   KP4JFR           599  08  DX    0
QSO:  14077  RY 2020-09-27 1944  W1DYJ            599  05  ME   YV4ABR           599  09  DX    0
QSO:  14080  RY 2020-09-27 1945  W1DYJ            599  05  ME   EF1A             599  14  DX    0
QSO:  14081  RY 2020-09-27 1946  W1DYJ            599  05  ME   KT7E             599  03  OR    0
QSO:  14081  RY 2020-09-27 1947  W1DYJ            599  05  ME   VE5RI            599  04  SK    0
QSO:  14086  RY 2020-09-27 1953  W1DYJ            599  05  ME   NF4A             599  05  FL    0
QSO:  14088  RY 2020-09-27 1955  W1DYJ            599  05  ME   W4CU             599  05  FL    0
QSO:  14089  RY 2020-09-27 1957  W1DYJ            599  05  ME   KS9W             599  04  CO    0
QSO:  14090  RY 2020-09-27 1959  W1DYJ            599  05  ME   IQ9UI            599  15  DX    0
QSO:  14091  RY 2020-09-27 2000  W1DYJ            599  05  ME   K4ADR            599  05  FL    0
QSO:  14093  RY 2020-09-27 2005  W1DYJ            599  05  ME   DP6M             599  14  DX    0
QSO:  14101  RY 2020-09-27 2019  W1DYJ            599  05  ME   EA5DFV           599  14  DX    0
QSO:  14106  RY 2020-09-27 2022  W1DYJ            599  05  ME   VE6UM            599  04  AB    0
QSO:  14106  RY 2020-09-27 2025  W1DYJ            599  05  ME   AA7UN            599  03  ID    0
QSO:  14109  RY 2020-09-27 2029  W1DYJ            599  05  ME   N7ESU            599  03  ID    0
QSO:   7038  RY 2020-09-27 2055  W1DYJ            599  05  ME   K3MM             599  05  MD    0
QSO:   7041  RY 2020-09-27 2058  W1DYJ            599  05  ME   IK2TDM           599  15  DX    0
QSO:   7042  RY 2020-09-27 2058  W1DYJ            599  05  ME   WA3AAN           599  05  PA    0
QSO:   7043  RY 2020-09-27 2101  W1DYJ            599  05  ME   NU4E             599  05  SC    0
QSO:   7049  RY 2020-09-27 2106  W1DYJ            599  05  ME   W3FV             599  05  PA    0
QSO:   7049  RY 2020-09-27 2107  W1DYJ            599  05  ME   WX8C/0           599  04  MO    0
QSO:   7055  RY 2020-09-27 2113  W1DYJ            599  05  ME   F4DVX            599  14  DX    0
QSO:   7059  RY 2020-09-27 2117  W1DYJ            599  05  ME   AC4G             599  05  TN    0
QSO:   7059  RY 2020-09-27 2119  W1DYJ            599  05  ME   N4IQ             599  05  SC    0
QSO:   7060  RY 2020-09-27 2120  W1DYJ            599  05  ME   AC9S             599  04  IL    0
QSO:   7061  RY 2020-09-27 2121  W1DYJ            599  05  ME   IT9BLB           599  15  DX    0
QSO:   7062  RY 2020-09-27 2122  W1DYJ            599  05  ME   W4GE             599  05  NC    0
QSO:   7066  RY 2020-09-27 2124  W1DYJ            599  05  ME   W4TTY            599  05  VA    0
QSO:   7067  RY 2020-09-27 2125  W1DYJ            599  05  ME   KB3Z             599  05  PA    0
QSO:   7068  RY 2020-09-27 2138  W1DYJ            599  05  ME   WK9U             599  04  WI    0
QSO:   7069  RY 2020-09-27 2139  W1DYJ            599  05  ME   W4RN             599  05  VA    0
QSO:   7070  RY 2020-09-27 2140  W1DYJ            599  05  ME   K3RWN            599  05  PA    0
QSO:   7072  RY 2020-09-27 2142  W1DYJ            599  05  ME   Z35T             599  15  DX    0
QSO:  21096  RY 2020-09-27 2157  W1DYJ            599  05  ME   ZV2C             599  11  DX    0
QSO:   7080  RY 2020-09-27 2201  W1DYJ            599  05  ME   CR6K             599  14  DX    0
QSO:   7080  RY 2020-09-27 2202  W1DYJ            599  05  ME   WD9CIR           599  04  IL    0
QSO:   7082  RY 2020-09-27 2204  W1DYJ            599  05  ME   N1RM             599  05  VA    0
QSO:   7082  RY 2020-09-27 2205  W1DYJ            599  05  ME   G8X              599  14  DX    0
QSO:   7085  RY 2020-09-27 2209  W1DYJ            599  05  ME   AC0C             599  04  KS    0
QSO:   7087  RY 2020-09-27 2212  W1DYJ            599  05  ME   W4CB             599  05  VA    0
QSO:   7088  RY 2020-09-27 2213  W1DYJ            599  05  ME   N4PSE            599  05  FL    0
QSO:   7090  RY 2020-09-27 2214  W1DYJ            599  05  ME   K9UC             599  04  WI    0
QSO:   7090  RY 2020-09-27 2216  W1DYJ            599  05  ME   W6HGF            599  03  VA    0
QSO:   7091  RY 2020-09-27 2218  W1DYJ            599  05  ME   CS5CRE           599  14  DX    0
QSO:   3577  RY 2020-09-27 2315  W1DYJ            599  05  ME   W4TTY            599  05  VA    0
QSO:   3578  RY 2020-09-27 2316  W1DYJ            599  05  ME   N3QE             599  05  MD    0
QSO:   3579  RY 2020-09-27 2317  W1DYJ            599  05  ME   N4YDU            599  05  NC    0
QSO:   3581  RY 2020-09-27 2319  W1DYJ            599  05  ME   W4PK             599  05  VA    0
QSO:   3584  RY 2020-09-27 2322  W1DYJ            599  05  ME   K3MM             599  05  MD    0
QSO:   3584  RY 2020-09-27 2323  W1DYJ            599  05  ME   HB9TOC           599  14  DX    0
QSO:   3585  RY 2020-09-27 2325  W1DYJ            599  05  ME   MI5K             599  14  DX    0
QSO:  14083  RY 2020-09-27 2330  W1DYJ            599  05  ME   HC7AE            599  10  DX    0
QSO:  14089  RY 2020-09-27 2332  W1DYJ            599  05  ME   ZF1A             599  08  DX    0
QSO:  14101  RY 2020-09-27 2335  W1DYJ            599  05  ME   PY2XV            599  11  DX    0
QSO:  14111  RY 2020-09-27 2340  W1DYJ            599  05  ME   NR4L             599  05  TN    0
QSO:   3590  RY 2020-09-27 2346  W1DYJ            599  05  ME   K6DTT/1          599  03  ME    0
QSO:   3591  RY 2020-09-27 2347  W1DYJ            599  05  ME   NQ8O             599  04  OH    0
QSO:   3593  RY 2020-09-27 2351  W1DYJ            599  05  ME   K3DMG            599  05  OH    0
QSO:   7070  RY 2020-09-27 2353  W1DYJ            599  05  ME   CR6T             599  14  DX    0
QSO:   7077  RY 2020-09-27 2356  W1DYJ            599  05  ME   VE3GYL           599  04  ON    0
QSO:   7077  RY 2020-09-27 2357  W1DYJ            599  05  ME   N9QA             599  04  WI    0
END-OF-LOG:
