START-OF-LOG: 3.0
CALLSIGN: AL1G
CLAIMED-SCORE: 48438
CLUB:
CONTEST: CQ-WPX-CW
CREATED-BY: WriteLog V10.63H
NAME: Corliss Kimmel
OPERATORS: AL1G
SOAPBOX:
LOCATION: AK
CATEGORY-OPERATOR: SINGLE-OP
CATEGORY-TRANSMITTER: ONE
CATEGORY-ASSISTED: NON-ASSISTED
CATEGORY-BAND: 20M
CATEGORY-POWER: HIGH
CATEGORY-MODE: CW
CATEGORY-STATION: FIXED
QSO: 14050 CW 2011-05-28 0002 AL1G          599    1 N6WK          599 01
QSO: 14053 CW 2011-05-28 0013 AL1G          599    2 K8GL          599 26
QSO: 14053 CW 2011-05-28 0016 AL1G          599    3 WB0GAZ        599 15
QSO: 14053 CW 2011-05-28 0018 AL1G          599    4 VE7SV         599 19
QSO: 14053 CW 2011-05-28 0019 AL1G          599    5 WA8RCN        599 019
QSO: 14053 CW 2011-05-28 0020 AL1G          599    6 K6KQV         599 010
QSO: 14069 CW 2011-05-28 0039 AL1G          599    7 AD7JP         599 40
QSO: 14069 CW 2011-05-28 0044 AL1G          599    8 W7RN          599 21
QSO: 14069 CW 2011-05-28 0045 AL1G          599    9 WB6JVP        599 3
QSO: 14069 CW 2011-05-28 0046 AL1G          599   10 N7NM          599 012
QSO: 14056 CW 2011-05-28 0449 AL1G          599   11 WD5K          599 23
QSO: 14056 CW 2011-05-28 0450 AL1G          599   12 WI7N          599 116
QSO: 14056 CW 2011-05-28 0450 AL1G          599   13 K6SXA         599 178
QSO: 14056 CW 2011-05-28 0451 AL1G          599   14 W7DTG         599 107
QSO: 14056 CW 2011-05-28 0451 AL1G          599   15 WA7SCS        599 031
QSO: 14056 CW 2011-05-28 0454 AL1G          599   16 ZX2F          599 179
QSO: 14056 CW 2011-05-28 0455 AL1G          599   17 NI7R          599 069
QSO: 14064 CW 2011-05-28 0501 AL1G          599   18 NO6F          599 322
QSO: 14064 CW 2011-05-28 0502 AL1G          599   19 N7DOE         599 083
QSO: 14064 CW 2011-05-28 0503 AL1G          599   20 N3AIU         599 165
QSO: 14064 CW 2011-05-28 0504 AL1G          599   21 W7IJ          599 129
QSO: 14064 CW 2011-05-28 0504 AL1G          599   22 W6UM          599 084
QSO: 14064 CW 2011-05-28 0506 AL1G          599   23 KA3DRR        599 193
QSO: 14064 CW 2011-05-28 0506 AL1G          599   24 W7SID         599 010
QSO: 14064 CW 2011-05-28 0507 AL1G          599   25 N6NPG         599 044
QSO: 14064 CW 2011-05-28 0507 AL1G          599   26 W4CU          599 214
QSO: 14064 CW 2011-05-28 0508 AL1G          599   27 K7HBN         599 129
QSO: 14064 CW 2011-05-28 0512 AL1G          599   28 N5LYJ         599 12
QSO: 14064 CW 2011-05-28 0513 AL1G          599   29 UA0KBG        599 79
QSO: 14064 CW 2011-05-28 0514 AL1G          599   30 W7NUW         599 009
QSO: 14064 CW 2011-05-28 0515 AL1G          599   31 N7EPD         599 32
QSO: 14064 CW 2011-05-28 0515 AL1G          599   32 K7EIQ         599 20
QSO: 14064 CW 2011-05-28 0516 AL1G          599   33 NC6RJ         599 41
QSO: 14064 CW 2011-05-28 0517 AL1G          599   34 K6TU          599 064
QSO: 14064 CW 2011-05-28 0518 AL1G          599   35 JF1NZW        599 55
QSO: 14064 CW 2011-05-28 0518 AL1G          599   36 W6SX          599 334
QSO: 14064 CW 2011-05-28 0519 AL1G          599   37 KD7H          599 072
QSO: 14064 CW 2011-05-28 0520 AL1G          599   38 N6JV          599 260
QSO: 14064 CW 2011-05-28 0521 AL1G          599   39 NC6V          599 095
QSO: 14064 CW 2011-05-28 0521 AL1G          599   40 W6BK          599 009
QSO: 14064 CW 2011-05-28 0523 AL1G          599   41 K9GA          599 029
QSO: 14064 CW 2011-05-28 0523 AL1G          599   42 NF6A          599 340
QSO: 14064 CW 2011-05-28 0524 AL1G          599   43 K7JJ          599 101
QSO: 14064 CW 2011-05-28 0525 AL1G          599   44 KJ6MBW        599 116
QSO: 14064 CW 2011-05-28 0526 AL1G          599   45 KC0MO         599 260
QSO: 14064 CW 2011-05-28 0526 AL1G          599   46 KD7MSC        599 97
QSO: 14064 CW 2011-05-28 0527 AL1G          599   47 KS6G          599 1
QSO: 14064 CW 2011-05-28 0528 AL1G          599   48 N6QQ          599 218
QSO: 14064 CW 2011-05-28 0530 AL1G          599   49 N7IR          599 142
QSO: 14064 CW 2011-05-28 0530 AL1G          599   50 W6KY          599 075
QSO: 14064 CW 2011-05-28 0532 AL1G          599   51 K7VIT         599 065
QSO: 14064 CW 2011-05-28 0532 AL1G          599   52 N6IC          599 7
QSO: 14064 CW 2011-05-28 0533 AL1G          599   53 KH6OO         599 87
QSO: 14064 CW 2011-05-28 0533 AL1G          599   54 AE6RM         599 60
QSO: 14064 CW 2011-05-28 0536 AL1G          599   55 WX6V          599 151
QSO: 14064 CW 2011-05-28 0536 AL1G          599   56 N6WIN         599 189
QSO: 14064 CW 2011-05-28 0537 AL1G          599   57 N7JXS         599 029
QSO: 14064 CW 2011-05-28 0538 AL1G          599   58 W7PP          599 173
QSO: 14064 CW 2011-05-28 0541 AL1G          599   59 JG3CQJ        599 002
QSO: 14064 CW 2011-05-28 0544 AL1G          599   60 W6QU          599 133
QSO: 14064 CW 2011-05-28 0545 AL1G          599   61 N6TU          599 031
QSO: 14064 CW 2011-05-28 0545 AL1G          599   62 NN6CH         599 130
QSO: 14064 CW 2011-05-28 0547 AL1G          599   63 N6MI          599 65
QSO: 14064 CW 2011-05-28 0548 AL1G          599   64 N7XU          599 222
QSO: 14064 CW 2011-05-28 0548 AL1G          599   65 W0ETT         599 225
QSO: 14064 CW 2011-05-28 0549 AL1G          599   66 W7HWR         599 001
QSO: 14064 CW 2011-05-28 0550 AL1G          599   67 JF2IKJ        599 004
QSO: 14044 CW 2011-05-28 1809 AL1G          599   68 W7WHO         599 365
QSO: 14044 CW 2011-05-28 1810 AL1G          599   69 KX7M          599 1230
QSO: 14044 CW 2011-05-28 1815 AL1G          599   70 VA7RR         599 784
QSO: 14044 CW 2011-05-28 1815 AL1G          599   71 VE7MID        599 172
QSO: 14044 CW 2011-05-28 1819 AL1G          599   72 KS7T          599 210
QSO: 14044 CW 2011-05-28 1826 AL1G          599   73 NX1P          599 224
QSO: 14044 CW 2011-05-28 1840 AL1G          599   74 K7LD          599 65
QSO: 14044 CW 2011-05-28 1841 AL1G          599   75 AE7EG         599 656
QSO: 14044 CW 2011-05-28 1844 AL1G          599   76 KH7X          599 1370
QSO: 14044 CW 2011-05-28 1847 AL1G          599   77 AA5TL         599 6
QSO: 14044 CW 2011-05-28 1847 AL1G          599   78 N7QS          599 54
QSO: 14044 CW 2011-05-28 1850 AL1G          599   79 AE6RS         599 70
QSO: 14044 CW 2011-05-28 1853 AL1G          599   80 W7OM          599 303
QSO: 14044 CW 2011-05-28 1854 AL1G          599   81 VA7DZ         599 213
QSO: 14044 CW 2011-05-28 1856 AL1G          599   82 K7GS          599 119
QSO: 14044 CW 2011-05-28 1856 AL1G          599   83 WL7E/WZ7      599 282
QSO: 14044 CW 2011-05-28 1858 AL1G          599   84 NG7Z          599 398
QSO: 14044 CW 2011-05-28 1859 AL1G          599   85 KY0W          599 700
QSO: 14044 CW 2011-05-28 1904 AL1G          599   86 JE1CKA        599 605
QSO: 14044 CW 2011-05-28 1907 AL1G          599   87 N7TT          599 766
QSO: 14044 CW 2011-05-28 1916 AL1G          599   88 AG6AU         599 388
QSO: 14044 CW 2011-05-28 1916 AL1G          599   89 NK7U          599 1287
QSO: 14044 CW 2011-05-28 1919 AL1G          599   90 NU7J          599 250
QSO: 14044 CW 2011-05-28 1922 AL1G          599   91 N6DX          599 65
QSO: 14045 CW 2011-05-28 1956 AL1G          599   92 KX7YT         599 21
QSO: 14045 CW 2011-05-28 2010 AL1G          599   93 K6FFY         599 83
QSO: 14045 CW 2011-05-28 2010 AL1G          599   94 K7RF          599 368
QSO: 14045 CW 2011-05-28 2013 AL1G          599   95 VE6SQ         599 155
QSO: 14041 CW 2011-05-28 2023 AL1G          599   96 7J1YAJ        599 399
QSO: 14019 CW 2011-05-28 2033 AL1G          599   97 VC7M          599 803
QSO: 14048 CW 2011-05-28 2107 AL1G          599   98 VA7KO         599 458
QSO: 14047 CW 2011-05-28 2156 AL1G          599   99 KW7Y          599 1000
QSO: 14047 CW 2011-05-28 2203 AL1G          599  100 ND2T          599 793
QSO: 14048 CW 2011-05-28 2212 AL1G          599  101 W2LK          599 102
QSO: 14048 CW 2011-05-28 2213 AL1G          599  102 NR4M          599 983
QSO: 14048 CW 2011-05-28 2214 AL1G          599  103 VE6AO         599 370
QSO: 14048 CW 2011-05-28 2217 AL1G          599  104 KL3/AB8CK     599 107
QSO: 14048 CW 2011-05-28 2218 AL1G          599  105 K0RU          599 522
QSO: 14048 CW 2011-05-28 2218 AL1G          599  106 VE3RZ         599 578
QSO: 14048 CW 2011-05-28 2221 AL1G          599  107 WX7P          599 211
QSO: 14048 CW 2011-05-28 2222 AL1G          599  108 VE2XAA        599 681
QSO: 14048 CW 2011-05-28 2223 AL1G          599  109 AD7AV         599 014
QSO: 14048 CW 2011-05-28 2224 AL1G          599  110 K7FD          599 28
QSO: 14048 CW 2011-05-28 2225 AL1G          599  111 VE7GL         599 981
QSO: 14048 CW 2011-05-28 2229 AL1G          599  112 VE7AF         599 041
QSO: 14048 CW 2011-05-28 2230 AL1G          599  113 NY6N          599 1638
QSO: 14048 CW 2011-05-28 2239 AL1G          599  114 WQ6X          599 1036
QSO: 14048 CW 2011-05-28 2244 AL1G          599  115 K7ZD          599 316
QSO: 14048 CW 2011-05-28 2245 AL1G          599  116 NQ4I          599 1201
QSO: 14048 CW 2011-05-28 2247 AL1G          599  117 K7JQ          599 487
QSO: 14048 CW 2011-05-28 2251 AL1G          599  118 N7RC          599 001
QSO: 14048 CW 2011-05-28 2257 AL1G          599  119 NR6O          599 895
QSO: 14047 CW 2011-05-28 2310 AL1G          599  120 W6HN          599 005
QSO: 14047 CW 2011-05-28 2311 AL1G          599  121 KC7V          599 853
QSO: 14047 CW 2011-05-28 2313 AL1G          599  122 W7VXS         599 365
QSO: 14047 CW 2011-05-28 2315 AL1G          599  123 KB8TYJ/P      599 125
QSO: 14046 CW 2011-05-28 2321 AL1G          599  124 K1TN          599 406
QSO: 14046 CW 2011-05-28 2323 AL1G          599  125 W8IQ          599 306
QSO: 14046 CW 2011-05-28 2324 AL1G          599  126 W7YS          599 437
QSO: 14046 CW 2011-05-28 2325 AL1G          599  127 W3LJ          599 196
QSO: 14051 CW 2011-05-28 2334 AL1G          599  128 K0FX          599 343
QSO: 14051 CW 2011-05-28 2336 AL1G          599  129 K0KX          599 325
QSO: 14052 CW 2011-05-28 2340 AL1G          599  130 N2WQ/VE3      599 741
QSO: 14052 CW 2011-05-28 2342 AL1G          599  131 WD0GTY        599 54
QSO: 14052 CW 2011-05-28 2343 AL1G          599  132 KU1CW         599 1339
QSO: 14052 CW 2011-05-28 2344 AL1G          599  133 VE4YU         599 236
QSO: 14052 CW 2011-05-28 2345 AL1G          599  134 W7MTL         599 104
QSO: 14052 CW 2011-05-28 2346 AL1G          599  135 W9OP          599 636
QSO: 14052 CW 2011-05-28 2347 AL1G          599  136 K4DJ          599 301
QSO: 14052 CW 2011-05-28 2348 AL1G          599  137 LU4FM         599 676
QSO: 14052 CW 2011-05-28 2348 AL1G          599  138 K0RC          599 221
QSO: 14052 CW 2011-05-28 2350 AL1G          599  139 KT0R          599 760
QSO: 14052 CW 2011-05-28 2354 AL1G          599  140 VA3SB         599 392
QSO: 14052 CW 2011-05-28 2356 AL1G          599  141 W5OOO         599 178
QSO: 14052 CW 2011-05-28 2356 AL1G          599  142 N3UM          599 419
QSO: 14052 CW 2011-05-29 0001 AL1G          599  143 XE1MM         599 409
QSO: 14052 CW 2011-05-29 0002 AL1G          599  144 WA3YUR        599 138
QSO: 14052 CW 2011-05-29 0006 AL1G          599  145 KD2MX         599 104
QSO: 14052 CW 2011-05-29 0009 AL1G          599  146 K7HP          599 477
QSO: 14052 CW 2011-05-29 0009 AL1G          599  147 K9CW          599 129
QSO: 14052 CW 2011-05-29 0010 AL1G          599  148 VE7BV         599 084
QSO: 14052 CW 2011-05-29 0012 AL1G          599  149 WB4PWZ        599 083
QSO: 14065 CW 2011-05-29 0047 AL1G          599  150 N4AA          599 114
QSO: 14065 CW 2011-05-29 0049 AL1G          599  151 KV0Q          599 636
QSO: 14065 CW 2011-05-29 0050 AL1G          599  152 K6CSL         599 102
QSO: 14065 CW 2011-05-29 0051 AL1G          599  153 N6NR          599 130
QSO: 14066 CW 2011-05-29 0057 AL1G          599  154 AA9IV         599 171
QSO: 14066 CW 2011-05-29 0058 AL1G          599  155 AB7RW         599 129
QSO: 14066 CW 2011-05-29 0059 AL1G          599  156 LU6UO         599 227
QSO: 14066 CW 2011-05-29 0100 AL1G          599  157 K9LJN         599 652
QSO: 14066 CW 2011-05-29 0100 AL1G          599  158 K3ZO          599 794
QSO: 14066 CW 2011-05-29 0104 AL1G          599  159 N4PSE         599 549
QSO: 14066 CW 2011-05-29 0105 AL1G          599  160 W9CPI         599 330
QSO: 14066 CW 2011-05-29 0109 AL1G          599  161 K0PDX         599 050
QSO: 14066 CW 2011-05-29 0112 AL1G          599  162 K2FU          599 434
QSO: 14066 CW 2011-05-29 0118 AL1G          599  163 K7LR          599 86
QSO: 14066 CW 2011-05-29 0119 AL1G          599  164 NY4A          599 1309
QSO: 14066 CW 2011-05-29 0119 AL1G          599  165 N6KW          599 097
QSO: 14066 CW 2011-05-29 0120 AL1G          599  166 NO6T          599 175
QSO: 14066 CW 2011-05-29 0130 AL1G          599  167 WD8KNC        599 38
QSO: 14066 CW 2011-05-29 0131 AL1G          599  168 K6GEP         599 161
QSO: 14034 CW 2011-05-29 0300 AL1G          599  169 KG6SNV        599 32
QSO: 14034 CW 2011-05-29 0302 AL1G          599  170 WB0KGN        599 39
QSO: 14034 CW 2011-05-29 0304 AL1G          599  171 NI6T          599 1322
QSO: 14034 CW 2011-05-29 0311 AL1G          599  172 K2SX          599 165
QSO: 14036 CW 2011-05-29 2147 AL1G          599  173 KT5J          599 2279
QSO: 14043 CW 2011-05-29 2149 AL1G          599  174 WB5AAR        599 1431
QSO: 14029 CW 2011-05-29 2153 AL1G          599  175 WS1L          599 808
QSO: 14047 CW 2011-05-29 2159 AL1G          599  176 NA0CW         599 1319
QSO: 14047 CW 2011-05-29 2200 AL1G          599  177 KT2Z          599 2508
QSO: 14050 CW 2011-05-29 2201 AL1G          599  178 KG0F          599 2214
QSO: 14053 CW 2011-05-29 2202 AL1G          599  179 W0BH          599 893
QSO: 14058 CW 2011-05-29 2204 AL1G          599  180 KE1B          599 1030
QSO: 14048 CW 2011-05-29 2209 AL1G          599  181 K7IA          599 845
QSO: 14060 CW 2011-05-29 2213 AL1G          599  182 K3WW          599 1226
QSO: 14011 CW 2011-05-29 2216 AL1G          599  183 K1LZ          599 2619
QSO: 14016 CW 2011-05-29 2221 AL1G          599  184 WE0Q          599 039
QSO: 14016 CW 2011-05-29 2223 AL1G          599  185 PW7T          599 1585
QSO: 14016 CW 2011-05-29 2225 AL1G          599  186 NU6N          599 175
QSO: 14016 CW 2011-05-29 2227 AL1G          599  187 WK5T          599 2829
QSO: 14018 CW 2011-05-29 2258 AL1G          599  188 K4RO          599 2163
QSO: 14040 CW 2011-05-29 2302 AL1G          599  189 XE2S          599 832
QSO: 14066 CW 2011-05-29 2315 AL1G          599  190 K0DEQ         599 277
QSO: 14067 CW 2011-05-29 2316 AL1G          599  191 WN6K          599 885
QSO: 14048 CW 2011-05-29 2323 AL1G          599  192 K7AR          599 398
QSO: 14039 CW 2011-05-29 2327 AL1G          599  193 KD4D          599 1761
QSO: 14041 CW 2011-05-29 2328 AL1G          599  194 KY7M          599 1034
QSO: 14062 CW 2011-05-29 2329 AL1G          599  195 K4HAL         599 493
QSO: 14065 CW 2011-05-29 2330 AL1G          599  196 NR5M          599 1806
QSO: 14022 CW 2011-05-29 2333 AL1G          599  197 WR3Z          599 1892
QSO: 14024 CW 2011-05-29 2335 AL1G          599  198 WS2T          599 1834
QSO: 14010 CW 2011-05-29 2340 AL1G          599  199 HK1X          599 2510
QSO: 14019 CW 2011-05-29 2342 AL1G          599  200 NV2G          599 2489
QSO: 14027 CW 2011-05-29 2349 AL1G          599  201 W3FV          599 436
END-OF-LOG:
