START-OF-LOG: 3.0
CALLSIGN: PX2V
CLUB: ARAUCARIA DX GROUP
CONTEST: CQ-WPX-CW
CLAIMED-SCORE: 49686
OPERATORS: PY2KJ
NAME: Artur Herchcovitch
CREATED-BY: N1MM Logger V11.5.2
LOCATION: DX
CATEGORY-OPERATOR: SINGLE-OP
CATEGORY-TRANSMITTER: ONE
CATEGORY-ASSISTED: ASSISTED
CATEGORY-BAND: 40M
CATEGORY-POWER: HIGH
CATEGORY-MODE: CW
CATEGORY-STATION: FIXED
QSO:  7049 CW 2011-05-29 0156 PX2V          599 0001   SE6Y          599 0842
QSO:  7049 CW 2011-05-29 0157 PX2V          599 0002   RV3F          599 0258
QSO:  7049 CW 2011-05-29 0159 PX2V          599 0003   UA4ALI        599 0980
QSO:  7049 CW 2011-05-29 0200 PX2V          599 0004   YT9M          599 0707
QSO:  7049 CW 2011-05-29 0202 PX2V          599 0005   RQ4NRQ        599 0427
QSO:  7049 CW 2011-05-29 0203 PX2V          599 0006   US3LX         599 0024
QSO:  7049 CW 2011-05-29 0204 PX2V          599 0007   UA3DSS        599 0262
QSO:  7049 CW 2011-05-29 0205 PX2V          599 0008   RK9AX         599 0255
QSO:  7049 CW 2011-05-29 0207 PX2V          599 0009   Z35T          599 0573
QSO:  7049 CW 2011-05-29 0207 PX2V          599 0010   W2CG          599 0060
QSO:  7049 CW 2011-05-29 0208 PX2V          599 0011   US5E          599 0488
QSO:  7049 CW 2011-05-29 0209 PX2V          599 0012   II9T          599 0816
QSO:  7049 CW 2011-05-29 0209 PX2V          599 0013   4L1MA         599 0388
QSO:  7049 CW 2011-05-29 0210 PX2V          599 0014   W1CU          599 0486
QSO:  7049 CW 2011-05-29 0211 PX2V          599 0015   RT5G          599 0647
QSO:  7049 CW 2011-05-29 0212 PX2V          599 0016   VU2ARC        599 0040
QSO:  7049 CW 2011-05-29 0217 PX2V          599 0017   YQ5Q          599 0809
QSO:  7049 CW 2011-05-29 0217 PX2V          599 0018   PA6Z          599 0889
QSO:  7049 CW 2011-05-29 0218 PX2V          599 0019   RN7F          599 0908
QSO:  7049 CW 2011-05-29 0219 PX2V          599 0020   UW5U          599 1418
QSO:  7049 CW 2011-05-29 0219 PX2V          599 0021   SN3R          599 2122
QSO:  7049 CW 2011-05-29 0220 PX2V          599 0022   KX7M          599 1484
QSO:  7049 CW 2011-05-29 0221 PX2V          599 0023   PY2SEX        599 0601
QSO:  7049 CW 2011-05-29 0221 PX2V          599 0024   UA3MIF        599 0974
QSO:  7049 CW 2011-05-29 0222 PX2V          599 0025   W9OP          599 0686
QSO:  7049 CW 2011-05-29 0223 PX2V          599 0026   PY2LCN        599 0014
QSO:  7049 CW 2011-05-29 0223 PX2V          599 0027   PY2ASS        599 0014
QSO:  7049 CW 2011-05-29 0225 PX2V          599 0028   YT8A          599 0980
QSO:  7049 CW 2011-05-29 0226 PX2V          599 0029   OH0X          599 1569
QSO:  7049 CW 2011-05-29 0227 PX2V          599 0030   S56X          599 1186
QSO:  7049 CW 2011-05-29 0227 PX2V          599 0031   K0PC          599 0495
QSO:  7049 CW 2011-05-29 0228 PX2V          599 0032   LY3ID         599 0448
QSO:  7049 CW 2011-05-29 0229 PX2V          599 0033   N5AW          599 1060
QSO:  7049 CW 2011-05-29 0230 PX2V          599 0034   K7QQ          599 0558
QSO:  7049 CW 2011-05-29 0234 PX2V          599 0035   DQ4W          599 0900
QSO:  7049 CW 2011-05-29 0237 PX2V          599 0036   RU5TT         599 0603
QSO:  7049 CW 2011-05-29 0237 PX2V          599 0037   UX1UF         599 0790
QSO:  7049 CW 2011-05-29 0238 PX2V          599 0038   NX2X          599 0138
QSO:  7049 CW 2011-05-29 0239 PX2V          599 0039   AD7JP         599 0747
QSO:  7049 CW 2011-05-29 0240 PX2V          599 0040   K9NW          599 0395
QSO:  7049 CW 2011-05-29 0240 PX2V          599 0041   UR7VA         599 0081
QSO:  7049 CW 2011-05-29 0240 PX2V          599 0042   WX6V          599 0580
QSO:  7049 CW 2011-05-29 0241 PX2V          599 0043   KF6T          599 0613
QSO:  7049 CW 2011-05-29 0242 PX2V          599 0044   AG6AU         599 0652
QSO:  7049 CW 2011-05-29 0242 PX2V          599 0045   KC7V          599 0639
QSO:  7049 CW 2011-05-29 0243 PX2V          599 0046   W5RYA         599 0687
QSO:  7049 CW 2011-05-29 0243 PX2V          599 0047   KE0UI         599 0607
QSO:  7049 CW 2011-05-29 0245 PX2V          599 0048   K8LF          599 0050
QSO:  7049 CW 2011-05-29 0245 PX2V          599 0049   OK3R          599 0614
QSO:  7049 CW 2011-05-29 0247 PX2V          599 0050   OH2BAD        599 0038
QSO:  7051 CW 2011-05-29 0257 PX2V          599 0051   PY3GAD        599 0015
QSO:  7051 CW 2011-05-29 0258 PX2V          599 0052   4Z4DX         599 0230
QSO:  7051 CW 2011-05-29 0302 PX2V          599 0053   SX8V          599 0831
QSO:  7051 CW 2011-05-29 0306 PX2V          599 0054   VA7ST         599 0470
QSO:  7051 CW 2011-05-29 0307 PX2V          599 0055   K3WA          599 1092
QSO:  7051 CW 2011-05-29 0307 PX2V          599 0056   K2FU          599 0492
QSO:  7051 CW 2011-05-29 0310 PX2V          599 0057   WA3YUR        599 0187
QSO:  7051 CW 2011-05-29 0312 PX2V          599 0058   WQ5L          599 0573
QSO:  7051 CW 2011-05-29 0313 PX2V          599 0059   AC0C          599 0131
QSO:  7051 CW 2011-05-29 0313 PX2V          599 0060   KO8Z          599 0257
QSO:  7051 CW 2011-05-29 0314 PX2V          599 0061   AB1J          599 0277
QSO:  7051 CW 2011-05-29 0316 PX2V          599 0062   VE3RSA        599 0231
QSO:  7051 CW 2011-05-29 0317 PX2V          599 0063   AA9IV         599 0217
QSO:  7001 CW 2011-05-29 0322 PX2V          599 0064   K1LZ          599 1840
QSO:  7072 CW 2011-05-29 0327 PX2V          599 0065   WX9U          599 0513
QSO:  7072 CW 2011-05-29 0328 PX2V          599 0066   KB1EFS        599 0232
QSO:  7072 CW 2011-05-29 0328 PX2V          599 0067   VE1RGB        599 0408
QSO:  7072 CW 2011-05-29 0329 PX2V          599 0068   ND2T          599 0525
QSO:  7072 CW 2011-05-29 0329 PX2V          599 0069   WA4SM         599 0194
QSO:  7072 CW 2011-05-29 0330 PX2V          599 0070   VE3GSI        599 0096
QSO:  7072 CW 2011-05-29 0330 PX2V          599 0071   DJ6OZ         599 0508
QSO:  7072 CW 2011-05-29 0331 PX2V          599 0072   OK1CF         599 0294
QSO:  7072 CW 2011-05-29 0334 PX2V          599 0073   RU1A          599 3091
QSO:  7072 CW 2011-05-29 0336 PX2V          599 0074   VE3KAO        599 0302
QSO:  7072 CW 2011-05-29 0336 PX2V          599 0075   K2YR          599 0119
QSO:  7072 CW 2011-05-29 0337 PX2V          599 0076   PY4ZO         599 0134
QSO:  7072 CW 2011-05-29 0337 PX2V          599 0077   OG8X          599 1851
QSO:  7072 CW 2011-05-29 0339 PX2V          599 0078   RU1QQ         599 0425
QSO:  7072 CW 2011-05-29 0344 PX2V          599 0079   OM3YCA        599 0288
QSO:  7072 CW 2011-05-29 0346 PX2V          599 0080   W8TM          599 0159
QSO:  7072 CW 2011-05-29 0349 PX2V          599 0081   KC0MO         599 1047
QSO:  7072 CW 2011-05-29 0350 PX2V          599 0082   IZ1DXS        599 0100
QSO:  7072 CW 2011-05-29 0351 PX2V          599 0083   YR8I          599 0600
QSO:  1829 CW 2011-05-29 0358 PX2V          599 0084   NO3M          599 0063
QSO:  1824 CW 2011-05-29 0359 PX2V          599 0085   NR4M          599 0124
QSO:  1831 CW 2011-05-29 0405 PX2V          599 0086   N8OO          599 0021
QSO:  7000 CW 2011-05-29 0431 PX2V          599 0087   VY2ZM         599 2099
QSO:  7069 CW 2011-05-29 0440 PX2V          599 0088   WA2JQK        599 0129
QSO:  7069 CW 2011-05-29 0441 PX2V          599 0089   IO4T          599 1559
QSO:  7069 CW 2011-05-29 0443 PX2V          599 0090   OH4A          599 0988
QSO:  7069 CW 2011-05-29 0443 PX2V          599 0091   DL4FF         599 0135
QSO:  1823 CW 2011-05-29 0525 PX2V          599 0092   PY5XH         599 0012
QSO:  7008 CW 2011-05-29 0529 PX2V          599 0093   J7A           599 1284
QSO:  7003 CW 2011-05-29 0530 PX2V          599 0094   LS1D          599 1923
QSO:  7005 CW 2011-05-29 0533 PX2V          599 0095   P40W          599 2699
QSO:  7008 CW 2011-05-29 0535 PX2V          599 0096   OL4A          599 1328
QSO:  7065 CW 2011-05-29 0537 PX2V          599 0097   NQ4I          599 1177
QSO:  7065 CW 2011-05-29 0538 PX2V          599 0098   L55D          599 0093
END-OF-LOG:
