START-OF-LOG: 3.0
CALLSIGN: F5MGD
CLUB:
CONTEST: CQ-WW-CW
CLAIMED-SCORE: 5486
OPERATORS: F5MGD
NAME: GAUCHY
CREATED-BY: N1MM Logger V12.11.1
LOCATION: DX
CATEGORY-OPERATOR: SINGLE-OP
CATEGORY-TRANSMITTER: ONE
CATEGORY-ASSISTED: NON-ASSISTED
CATEGORY-BAND: 10M
CATEGORY-POWER: LOW
CATEGORY-MODE: CW
CATEGORY-STATION: FIXED
QSO: 28000 CW 2013-11-23 1604 F5MGD         599 14     WZ2N          599 05
QSO: 28000 CW 2013-11-23 1606 F5MGD         599 14     K9QVB         599 04
QSO: 28000 CW 2013-11-23 1607 F5MGD         599 14     W2EN          599 05
QSO: 28000 CW 2013-11-23 1614 F5MGD         599 14     K3WW          599 05
QSO: 28000 CW 2013-11-23 1635 F5MGD         599 14     W9IU          599 04
QSO: 28000 CW 2013-11-23 1640 F5MGD         599 14     N0HJZ         599 04
QSO: 28000 CW 2013-11-23 1646 F5MGD         599 14     CX7ACH        599 13
QSO: 28000 CW 2013-11-23 1648 F5MGD         599 14     W4ZV          599 05
QSO: 28000 CW 2013-11-23 1650 F5MGD         599 14     K0RF          599 04
QSO: 28000 CW 2013-11-23 1652 F5MGD         599 14     K4RO          599 04
QSO: 28000 CW 2013-11-23 1700 F5MGD         599 14     K1ZZ          599 05
QSO: 28000 CW 2013-11-23 1703 F5MGD         599 14     KM0O          599 04
QSO: 28000 CW 2013-11-23 1706 F5MGD         599 14     K0VDU         599 04
QSO: 28000 CW 2013-11-23 1710 F5MGD         599 14     W2FU          599 05
QSO: 28000 CW 2013-11-23 1717 F5MGD         599 14     N1LN          599 05
QSO: 28000 CW 2013-11-23 1721 F5MGD         599 14     NZ4I          59  05
QSO: 28000 CW 2013-11-23 1722 F5MGD         599 14     WA1BXY        599 05
QSO: 28000 CW 2013-11-23 1723 F5MGD         599 14     N0NI          599 04
QSO: 28000 CW 2013-11-23 1725 F5MGD         599 14     KC1XX         599 05
QSO: 28000 CW 2013-11-23 1730 F5MGD         599 14     AA9A          599 04
QSO: 28000 CW 2013-11-23 1739 F5MGD         599 14     WB4TBH        599 04
QSO: 28000 CW 2013-11-23 1747 F5MGD         599 14     VE9AA         599 05
QSO: 28000 CW 2013-11-23 1748 F5MGD         599 14     AB4B          599 05
QSO: 28000 CW 2013-11-23 1751 F5MGD         599 14     NO9E          599 05
QSO: 28000 CW 2013-11-23 1818 F5MGD         599 14     WE3C          599 05
QSO: 28000 CW 2013-11-24 1004 F5MGD         599 14     RN3F          599 16
QSO: 28000 CW 2013-11-24 1016 F5MGD         599 14     RL6M          599 16
QSO: 28000 CW 2013-11-24 1018 F5MGD         599 14     RC7A          599 16
QSO: 28000 CW 2013-11-24 1019 F5MGD         599 14     UY2IG         599 16
QSO: 28000 CW 2013-11-24 1022 F5MGD         599 14     A45XR         599 21
QSO: 28000 CW 2013-11-24 1031 F5MGD         599 14     C4W           599 20
QSO: 28000 CW 2013-11-24 1038 F5MGD         599 14     UT7E          599 16
QSO: 28000 CW 2013-11-24 1040 F5MGD         599 14     RT2Y          599 16
QSO: 28000 CW 2013-11-24 1042 F5MGD         599 14     UT0AZA        599 16
QSO: 28000 CW 2013-11-24 1043 F5MGD         599 14     LZ4TX         599 20
QSO: 28000 CW 2013-11-24 1044 F5MGD         599 14     UT2IO         599 16
QSO: 28000 CW 2013-11-24 1046 F5MGD         599 14     RY9C          599 17
QSO: 28000 CW 2013-11-24 1058 F5MGD         599 14     LZ1NG         599 20
QSO: 28000 CW 2013-11-24 1202 F5MGD         599 14     CR3L          599 33
QSO: 28000 CW 2013-11-24 1334 F5MGD         599 14     K1RM          599 05
QSO: 28000 CW 2013-11-24 1342 F5MGD         599 14     KR2Q          599 05
QSO: 28000 CW 2013-11-24 1343 F5MGD         599 14     N2JJ          599 05
QSO: 28000 CW 2013-11-24 1347 F5MGD         599 14     N8BJQ         599 04
QSO: 28000 CW 2013-11-24 1348 F5MGD         599 14     UT3IZ         599 16
QSO: 28000 CW 2013-11-24 1351 F5MGD         599 14     WW4LL         599 05
QSO: 28000 CW 2013-11-24 1405 F5MGD         599 14     VY2ZM         599 05
QSO: 28000 CW 2013-11-24 1409 F5MGD         599 14     N9NC          599 05
QSO: 28000 CW 2013-11-24 1413 F5MGD         599 14     K4TCG         599 04
QSO: 28000 CW 2013-11-24 1426 F5MGD         599 14     N4UU          599 05
QSO: 28000 CW 2013-11-24 1428 F5MGD         599 14     K3OO          599 05
QSO: 28000 CW 2013-11-24 1431 F5MGD         599 14     TM1A          599 14
QSO: 28000 CW 2013-11-24 1434 F5MGD         599 14     N4OX          599 05
QSO: 28000 CW 2013-11-24 1437 F5MGD         599 14     P3F           599 20
QSO: 28000 CW 2013-11-24 1517 F5MGD         599 14     VE3BZ         599 04
QSO: 28000 CW 2013-11-24 1517 F5MGD         599 14     NY3A          599 05
QSO: 28000 CW 2013-11-24 1519 F5MGD         599 14     W9RE          599 04
QSO: 28000 CW 2013-11-24 1520 F5MGD         599 14     N1NK          599 05
QSO: 28000 CW 2013-11-24 1521 F5MGD         599 14     WA8RCN        599 04
QSO: 28000 CW 2013-11-24 1523 F5MGD         599 14     F8GRY         599 14
QSO: 28000 CW 2013-11-24 1537 F5MGD         599 14     K5GN          599 04
QSO: 28000 CW 2013-11-24 1538 F5MGD         599 14     K8AZ          599 04
QSO: 28000 CW 2013-11-24 1539 F5MGD         599 14     K1KP          599 05
QSO: 28000 CW 2013-11-24 1541 F5MGD         599 14     K5TR          599 04
QSO: 28000 CW 2013-11-24 1543 F5MGD         599 14     LT1F          599 13
QSO: 28000 CW 2013-11-24 1544 F5MGD         599 14     W5UE          599 04
QSO: 28000 CW 2013-11-24 1546 F5MGD         599 14     K5AX          599 04
QSO: 28000 CW 2013-11-24 1550 F5MGD         599 14     VY2TT         599 05
QSO: 28000 CW 2013-11-24 1621 F5MGD         599 14     KZ5D          599 04
QSO: 28000 CW 2013-11-24 1626 F5MGD         599 14     K1HT          599 05
QSO: 28000 CW 2013-11-24 1632 F5MGD         599 14     VE3MMQ        599 04
QSO: 28000 CW 2013-11-24 1633 F5MGD         599 14     W3EP          599 05
QSO: 28000 CW 2013-11-24 1636 F5MGD         599 14     AE5RF         599 04
QSO: 28000 CW 2013-11-24 1652 F5MGD         599 14     NN4X          599 05
QSO: 28000 CW 2013-11-24 1653 F5MGD         599 14     W0MM          599 04
QSO: 28000 CW 2013-11-24 1658 F5MGD         599 14     W1TO          599 05
QSO: 28000 CW 2013-11-24 1700 F5MGD         599 14     KB1H          599 05
QSO: 28000 CW 2013-11-24 1735 F5MGD         599 14     LP5D          599 13
QSO: 28000 CW 2013-11-24 1738 F5MGD         599 14     HK1NA         599 09
QSO: 28000 CW 2013-11-24 1741 F5MGD         599 14     HD2T          599 10
END-OF-LOG:
