START-OF-LOG: 3.0
CONTEST: CQ-WPX-SSB
CALLSIGN: JH3GCN
CLAIMED-SCORE: 54496
CATEGORY-ASSISTED: NON-ASSISTED
CATEGORY-BAND: 40M
CATEGORY-MODE: SSB
CATEGORY-OPERATOR: SINGLE-OP
CATEGORY-POWER: HIGH
CATEGORY-STATION: FIXED
CATEGORY-TIME: 24-HOURS
CATEGORY-TRANSMITTER: ONE
CREATED-BY: zlistw(zlog)
NAME: KIYOHIRO YUGE
QSO:  7000 PH 2008-03-29 1049 JH3GCN        59  001    VR2C          59  116    0
QSO:  7000 PH 2008-03-29 1050 JH3GCN        59  002    9M8Z          59  1021   0
QSO:  7000 PH 2008-03-29 1051 JH3GCN        59  003    B7P           59  052    0
QSO:  7000 PH 2008-03-29 1053 JH3GCN        59  004    BP0W          59  019    0
QSO:  7000 PH 2008-03-29 1109 JH3GCN        59  005    DX1DBT        59  011    0
QSO:  7000 PH 2008-03-29 1113 JH3GCN        59  006    TI1C          59  1115   0
QSO:  7000 PH 2008-03-29 1116 JH3GCN        59  007    9V1YC         59  728    0
QSO:  7000 PH 2008-03-29 1118 JH3GCN        59  008    YB8OUN/9      59  072    0
QSO:  7000 PH 2008-03-29 1119 JH3GCN        59  009    4D75T         59  730    0
QSO:  7000 PH 2008-03-29 1120 JH3GCN        59  010    UA0DC         59  313    0
QSO:  7000 PH 2008-03-29 1121 JH3GCN        59  011    D73D          59  462    0
QSO:  7000 PH 2008-03-29 1123 JH3GCN        59  012    DS57NE        59  196    0
QSO:  7000 PH 2008-03-29 1142 JH3GCN        59  013    UA9UZZ        59  185    0
QSO:  7000 PH 2008-03-29 1143 JH3GCN        59  014    B1Z           59  139    0
QSO:  7000 PH 2008-03-29 1144 JH3GCN        59  015    YB2DX         59  046    0
QSO:  7000 PH 2008-03-29 1145 JH3GCN        59  016    BP0P          59  019    0
QSO:  7000 PH 2008-03-29 1148 JH3GCN        59  017    6K5AQY        59  047    0
QSO:  7000 PH 2008-03-29 1151 JH3GCN        59  018    ZM2M          59  400    0
QSO:  7000 PH 2008-03-29 1153 JH3GCN        59  019    WH6R          59  469    0
QSO:  7000 PH 2008-03-29 1156 JH3GCN        59  020    YB0ZDA        59  063    0
QSO:  7000 PH 2008-03-29 1200 JH3GCN        59  021    VK4WIL        59  103    0
QSO:  7000 PH 2008-03-29 1200 JH3GCN        59  022    E21EIC        59  009    0
QSO:  7000 PH 2008-03-29 1202 JH3GCN        59  023    RW0LT         59  647    0
QSO:  7000 PH 2008-03-29 1204 JH3GCN        59  024    NH0DX         59  968    0
QSO:  7000 PH 2008-03-29 1207 JH3GCN        59  025    ZL3A          59  563    0
QSO:  7000 PH 2008-03-29 1208 JH3GCN        59  026    HL1CBH        59  111    0
QSO:  7000 PH 2008-03-29 1554 JH3GCN        59  027    RN3AHL        59  257    0
QSO:  7000 PH 2008-03-29 1558 JH3GCN        59  028    EV1R          59  681    0
QSO:  7000 PH 2008-03-29 1601 JH3GCN        59  029    OG5B          59  842    0
QSO:  7000 PH 2008-03-29 1602 JH3GCN        59  030    EO3Q          59  560    0
QSO:  7000 PH 2008-03-29 1603 JH3GCN        59  031    AH0BT         59  258    0
QSO:  7000 PH 2008-03-29 1604 JH3GCN        59  032    OM7M          59  230    0
QSO:  7000 PH 2008-03-29 1605 JH3GCN        59  033    RA3AUM        59  840    0
QSO:  7000 PH 2008-03-29 1606 JH3GCN        59  034    RU9AC         59  807    0
QSO:  7000 PH 2008-03-29 1607 JH3GCN        59  035    UT7U          59  180    0
QSO:  7000 PH 2008-03-29 1609 JH3GCN        59  036    YT8A          59  935    0
QSO:  7000 PH 2008-03-29 1610 JH3GCN        59  037    LY9Y          59  581    0
QSO:  7000 PH 2008-03-29 1611 JH3GCN        59  038    UU7J          59  655    0
QSO:  7000 PH 2008-03-29 1612 JH3GCN        59  039    UA9PC         59  1735   0
QSO:  7000 PH 2008-03-29 1618 JH3GCN        59  040    4L0A          59  1492   0
QSO:  7000 PH 2008-03-29 1624 JH3GCN        59  041    UA3SAQ        59  586    0
QSO:  7000 PH 2008-03-29 1625 JH3GCN        59  042    YO22NATO      59  453    0
QSO:  7000 PH 2008-03-29 1633 JH3GCN        59  043    9A4D          59  920    0
QSO:  7000 PH 2008-03-29 1646 JH3GCN        59  044    UA4SKW        59  441    0
QSO:  7000 PH 2008-03-29 1648 JH3GCN        59  045    S56X          59  429    0
QSO:  7000 PH 2008-03-29 1657 JH3GCN        59  046    RM3F          59  854    0
QSO:  7000 PH 2008-03-29 1704 JH3GCN        59  047    OK5R          59  1166   0
QSO:  7000 PH 2008-03-29 1706 JH3GCN        59  048    SP4TKR        59  571    0
QSO:  7000 PH 2008-03-29 1710 JH3GCN        59  049    RK4FD         59  1372   0
QSO:  7000 PH 2008-03-29 1711 JH3GCN        59  050    B4B           59  278    0
QSO:  7000 PH 2008-03-29 1742 JH3GCN        59  051    SX5P          59  334    0
QSO:  7000 PH 2008-03-29 1744 JH3GCN        59  052    S53S          59  376    0
QSO:  7000 PH 2008-03-29 1753 JH3GCN        59  053    LZ5W          59  314    0
QSO:  7000 PH 2008-03-29 1756 JH3GCN        59  054    LZ9W          59  755    0
QSO:  7000 PH 2008-03-29 1758 JH3GCN        59  055    RT9W          59  433    0
QSO:  7000 PH 2008-03-29 1801 JH3GCN        59  056    DL3TD         59  1181   0
QSO:  7000 PH 2008-03-29 1802 JH3GCN        59  057    RW9USA        59  1522   0
QSO:  7000 PH 2008-03-29 1819 JH3GCN        59  058    HG80HZ        59  734    0
QSO:  7000 PH 2008-03-29 1828 JH3GCN        59  059    UW2M          59  1821   0
QSO:  7000 PH 2008-03-29 1832 JH3GCN        59  060    UA9CDC        59  1345   0
QSO:  7000 PH 2008-03-29 1834 JH3GCN        59  061    B1P           59  398    0
QSO:  7000 PH 2008-03-29 1837 JH3GCN        59  062    RK3QWW        59  1068   0
QSO:  7000 PH 2008-03-29 1839 JH3GCN        59  063    TB37F         59  1353   0
QSO:  7000 PH 2008-03-29 1845 JH3GCN        59  064    P33W          59  534    0
QSO:  7000 PH 2008-03-29 1848 JH3GCN        59  065    B3C           59  386    0
QSO:  7000 PH 2008-03-29 1850 JH3GCN        59  066    UP0L          59  1381   0
QSO:  7000 PH 2008-03-29 1852 JH3GCN        59  067    S50A          59  1204   0
QSO:  7000 PH 2008-03-29 1859 JH3GCN        59  068    RV9SV         59  794    0
QSO:  7000 PH 2008-03-29 1901 JH3GCN        59  069    OG8X          59  1225   0
QSO:  7000 PH 2008-03-29 1905 JH3GCN        59  070    SN3X          59  394    0
QSO:  7000 PH 2008-03-29 1908 JH3GCN        59  071    HA3OV         59  1615   0
QSO:  7000 PH 2008-03-29 1914 JH3GCN        59  072    SN5G          59  728    0
QSO:  7000 PH 2008-03-29 1917 JH3GCN        59  073    OE77D         59  466    0
QSO:  7000 PH 2008-03-30 0745 JH3GCN        59  074    VE7SV         59  1197   0
QSO:  7000 PH 2008-03-30 0748 JH3GCN        59  075    NY6N          59  1555   0
QSO:  7000 PH 2008-03-30 0756 JH3GCN        59  076    NR6O          59  1119   0
QSO:  7000 PH 2008-03-30 0757 JH3GCN        59  077    N6AA          59  1030   0
QSO:  7000 PH 2008-03-30 0803 JH3GCN        59  078    AH6JR         59  592    0
QSO:  7000 PH 2008-03-30 0808 JH3GCN        59  079    WA7XX         59  615    0
QSO:  7000 PH 2008-03-30 0927 JH3GCN        59  080    UA0IT         59  331    0
QSO:  7000 PH 2008-03-30 0929 JH3GCN        59  081    W1CU          59  1351   0
QSO:  7000 PH 2008-03-30 0932 JH3GCN        59  082    K5TR          59  2648   0
QSO:  7000 PH 2008-03-30 0936 JH3GCN        59  083    ZW5F          59  777    0
QSO:  7000 PH 2008-03-30 0939 JH3GCN        59  084    KH6FKG        59  378    0
QSO:  7000 PH 2008-03-30 0942 JH3GCN        59  085    LR2F          59  408    0
QSO:  7000 PH 2008-03-30 0943 JH3GCN        59  086    HL2FDW        59  958    0
QSO:  7000 PH 2008-03-30 1010 JH3GCN        59  087    LT1F          59  694    0
QSO:  7000 PH 2008-03-30 1015 JH3GCN        59  088    DS5KJR        59  209    0
QSO:  7000 PH 2008-03-30 1016 JH3GCN        59  089    BY6AH         59  064    0
QSO:  7000 PH 2008-03-30 1021 JH3GCN        59  090    DS5FNE        59  641    0
QSO:  7000 PH 2008-03-30 1039 JH3GCN        59  091    HL1VAW        59  198    0
QSO:  7000 PH 2008-03-30 1043 JH3GCN        59  092    WH2DX         59  1648   0
QSO:  7000 PH 2008-03-30 1051 JH3GCN        59  093    B7M           59  1651   0
QSO:  7000 PH 2008-03-30 1056 JH3GCN        59  094    3G1C          59  590    0
QSO:  7000 PH 2008-03-30 1122 JH3GCN        59  095    NX5M          59  409    0
QSO:  7000 PH 2008-03-30 1152 JH3GCN        59  096    YE1ZAT        59  009    0
QSO:  7000 PH 2008-03-30 1200 JH3GCN        59  097    YJ8TZ         59  1661   0
QSO:  7000 PH 2008-03-30 1217 JH3GCN        59  098    DV1JM         59  1019   0
QSO:  7000 PH 2008-03-30 1229 JH3GCN        59  099    UA0CNX        59  422    0
QSO:  7000 PH 2008-03-30 1249 JH3GCN        59  100    9M2CCO        59  470    0
QSO:  7000 PH 2008-03-30 1933 JH3GCN        59  101    DR1A          59  1778   0
QSO:  7000 PH 2008-03-30 1939 JH3GCN        59  102    E77DX         59  3228   0
QSO:  7000 PH 2008-03-30 1942 JH3GCN        59  103    YR9P          59  2447   0
QSO:  7000 PH 2008-03-30 1951 JH3GCN        59  104    9K2HN         59  883    0
QSO:  7000 PH 2008-03-30 1955 JH3GCN        59  105    LZ130LO       59  1488   0
QSO:  7000 PH 2008-03-30 2002 JH3GCN        59  106    UT8AS         59  286    0
QSO:  7000 PH 2008-03-30 2024 JH3GCN        59  107    C4N           59  4252   0
QSO:  7000 PH 2008-03-30 2030 JH3GCN        59  108    C4I           59  1191   0
QSO:  7000 PH 2008-03-30 2034 JH3GCN        59  109    UZ7M          59  1156   0
QSO:  7000 PH 2008-03-30 2039 JH3GCN        59  110    YT3M          59  1661   0
QSO:  7000 PH 2008-03-30 2047 JH3GCN        59  111    4O3A          59  3439   0
QSO:  7000 PH 2008-03-30 2104 JH3GCN        59  112    7P8FC         59  2888   0
QSO:  7000 PH 2008-03-30 2107 JH3GCN        59  113    EK0B          59  2584   0
QSO:  7000 PH 2008-03-30 2116 JH3GCN        59  114    DL1ELY        59  1220   0
END-OF-LOG:
