START-OF-LOG: 3.0
CREATED-BY:    SD V13.30 and SDCHECK V13.30
CONTEST:       CQ-WPX-SSB
CALLSIGN:      PA0CGB
CLAIMED-SCORE: 25641
NAME:          chris blouw
CLUB:          Veron
OPERATORS:     PA0CGB
SOAPBOX:       A lovely contest
LOCATION: DX
CATEGORY-OPERATOR: SINGLE-OP
CATEGORY-TRANSMITTER: ONE
CATEGORY-ASSISTED: NON-ASSISTED
CATEGORY-BAND: ALL
CATEGORY-POWER: LOW
CATEGORY-STATION: FIXED
QSO:  7000 PH 2008-03-29 0801 PA0CGB        59   001   LY9Y          59   288
QSO:  7000 PH 2008-03-29 0803 PA0CGB        59   002   HG80HQ        59   457
QSO:  7000 PH 2008-03-29 0807 PA0CGB        59   003   IO6A          59   162
QSO:  7000 PH 2008-03-29 0808 PA0CGB        59   004   UA2FT         59   022
QSO:  7000 PH 2008-03-29 0810 PA0CGB        59   005   EI6JK         59   379
QSO:  7000 PH 2008-03-29 0811 PA0CGB        59   006   OK1WCF        59   307
QSO:  7000 PH 2008-03-29 0813 PA0CGB        59   007   LN9Z          59   304
QSO:  7000 PH 2008-03-29 0819 PA0CGB        59   008   S53A          59   519
QSO:  7000 PH 2008-03-29 0821 PA0CGB        59   009   S56X          59   298
QSO:  7000 PH 2008-03-29 0822 PA0CGB        59   010   OZ2DAN        59   069
QSO:  7000 PH 2008-03-29 0823 PA0CGB        59   011   HB9LL         59   055
QSO:  7000 PH 2008-03-29 0825 PA0CGB        59   012   SO9Q          59   224
QSO:  7000 PH 2008-03-29 0826 PA0CGB        59   013   OK7M          59   338
QSO:  7000 PH 2008-03-29 0828 PA0CGB        59   014   9A60A         59   465
QSO:  7000 PH 2008-03-29 0829 PA0CGB        59   015   LY7A          59   401
QSO:  7000 PH 2008-03-29 0833 PA0CGB        59   016   LZ5W          59   206
QSO:  7000 PH 2008-03-29 0834 PA0CGB        59   017   I2SVA         59   078
QSO:  7000 PH 2008-03-29 0835 PA0CGB        59   018   SP4TKR        59   319
QSO:  7000 PH 2008-03-29 0839 PA0CGB        59   019   OL3Z          59   108
QSO:  7000 PH 2008-03-29 0845 PA0CGB        59   020   DL3KZA        59   105
QSO:  7000 PH 2008-03-29 0851 PA0CGB        59   021   DA0BCC        59   284
QSO:  7000 PH 2008-03-29 0853 PA0CGB        59   022   SN5G          59   422
QSO:  7000 PH 2008-03-29 0855 PA0CGB        59   023   F6AEW/P       59   077
QSO:  7000 PH 2008-03-29 0858 PA0CGB        59   024   EB1WW         59   285
QSO:  7000 PH 2008-03-29 0900 PA0CGB        59   025   TM7C          59   246
QSO:  7000 PH 2008-03-29 0903 PA0CGB        59   026   IK2WXQ        59   017
QSO:  7000 PH 2008-03-29 0904 PA0CGB        59   027   DP4A          59   235
QSO:  7000 PH 2008-03-29 0908 PA0CGB        59   028   OT5A          59   321
QSO:  7000 PH 2008-03-29 0914 PA0CGB        59   029   S56M          59   574
QSO:  7000 PH 2008-03-29 0918 PA0CGB        59   030   MM3T          59   029
QSO:  7000 PH 2008-03-29 0926 PA0CGB        59   031   5Q2J          59   089
QSO:  7000 PH 2008-03-29 0931 PA0CGB        59   032   E75AZ         59   062
QSO:  7000 PH 2008-03-29 0937 PA0CGB        59   033   IA2IPY        59   030
QSO:  7000 PH 2008-03-29 0938 PA0CGB        59   034   LA9TJA        59   053
QSO:  7000 PH 2008-03-29 0941 PA0CGB        59   035   EA1FEJ        59   014
QSO:  7000 PH 2008-03-29 0946 PA0CGB        59   036   S59KW         59   285
QSO: 14000 PH 2008-03-29 1506 PA0CGB        59   037   EA4RCT        59   199
QSO: 14000 PH 2008-03-29 1507 PA0CGB        59   038   CT1BOL        59   095
QSO: 14000 PH 2008-03-29 1511 PA0CGB        59   039   CT1DIZ        59   829
QSO: 14000 PH 2008-03-29 1512 PA0CGB        59   040   4Z4OQ         59  1052
QSO: 14000 PH 2008-03-29 1513 PA0CGB        59   041   LZ2SX         59   809
QSO: 14000 PH 2008-03-29 1516 PA0CGB        59   042   Z33A          59   023
QSO: 14000 PH 2008-03-29 1517 PA0CGB        59   043   RZ4HZW        59   598
QSO: 14000 PH 2008-03-29 1519 PA0CGB        59   044   EA5KV         59   817
QSO: 14000 PH 2008-03-29 1520 PA0CGB        59   045   RT4D          59   619
QSO: 14000 PH 2008-03-29 1521 PA0CGB        59   046   UW8I          59   877
QSO: 14000 PH 2008-03-29 1521 PA0CGB        59   047   RK4FD         59  1245
QSO: 14000 PH 2008-03-29 1525 PA0CGB        59   048   RG3K          59   944
QSO: 14000 PH 2008-03-29 1526 PA0CGB        59   049   3V8BB         59  1673
QSO: 14000 PH 2008-03-29 1527 PA0CGB        59   050   AO8AA         59   713
QSO: 14000 PH 2008-03-29 1531 PA0CGB        59   051   EA4TG         59   305
QSO: 14000 PH 2008-03-29 1534 PA0CGB        59   052   IU9A          59   617
QSO: 14000 PH 2008-03-29 1535 PA0CGB        59   053   J43P          59  1107
QSO: 14000 PH 2008-03-29 1537 PA0CGB        59   054   CT7X          59   332
QSO: 14000 PH 2008-03-29 1538 PA0CGB        59   055   E73MMM        59  1187
QSO: 14000 PH 2008-03-29 1539 PA0CGB        59   056   UZ1G          59   653
QSO: 14000 PH 2008-03-29 1540 PA0CGB        59   057   4O3A          59  1325
QSO: 14000 PH 2008-03-29 1541 PA0CGB        59   058   RN3QO         59   579
QSO: 14000 PH 2008-03-29 1542 PA0CGB        59   059   YT2T          59  1067
QSO: 14000 PH 2008-03-29 1548 PA0CGB        59   060   EG5G          59   760
QSO: 14000 PH 2008-03-29 1552 PA0CGB        59   061   LZ9W          59   792
QSO: 14000 PH 2008-03-29 1553 PA0CGB        59   062   EB1WW         59   527
QSO: 14000 PH 2008-03-29 1556 PA0CGB        59   063   EB6DX         59   785
QSO: 14000 PH 2008-03-29 1556 PA0CGB        59   064   UR4Z          59  1015
QSO: 14000 PH 2008-03-29 1600 PA0CGB        59   065   TB37F         59  1210
QSO: 14000 PH 2008-03-29 1602 PA0CGB        59   066   Z35T          59   581
QSO: 14000 PH 2008-03-29 1609 PA0CGB        59   067   IO5O          59   727
QSO: 14000 PH 2008-03-29 1612 PA0CGB        59   068   CT1FMS        59   376
QSO: 14000 PH 2008-03-29 1613 PA0CGB        59   069   LZ3HI         59   109
QSO: 14000 PH 2008-03-29 1616 PA0CGB        59   070   IZ8EPX        59   709
QSO: 14000 PH 2008-03-29 1618 PA0CGB        59   071   EA4EER        59   253
QSO: 14000 PH 2008-03-29 1622 PA0CGB        59   072   RN3ZC         59   690
QSO: 14000 PH 2008-03-29 1624 PA0CGB        59   073   SV9GPV        59  1615
QSO: 14000 PH 2008-03-29 1628 PA0CGB        59   074   LZ5Z          59   430
QSO: 14000 PH 2008-03-29 1629 PA0CGB        59   075   YR1C          59   854
QSO: 21000 PH 2008-03-29 1700 PA0CGB        59   076   CQ9F          59  1010
QSO: 21000 PH 2008-03-29 1706 PA0CGB        59   077   5D5A          59  1236
QSO: 21000 PH 2008-03-29 1710 PA0CGB        59   078   CQ3T          59   707
QSO: 21000 PH 2008-03-29 1712 PA0CGB        59   079   CT9L          59  1978
QSO: 14000 PH 2008-03-29 2022 PA0CGB        59   080   9A50KDE       59   874
QSO: 14000 PH 2008-03-29 2023 PA0CGB        59   081   YT3M          59   859
QSO: 14000 PH 2008-03-29 2029 PA0CGB        59   082   YU5RA         59   920
QSO: 14000 PH 2008-03-29 2035 PA0CGB        59   083   9A8M          59   836
QSO: 14000 PH 2008-03-29 2036 PA0CGB        59   084   YT9X          59  1270
QSO: 14000 PH 2008-03-29 2048 PA0CGB        59   085   YT1BB         59  1195
QSO: 14000 PH 2008-03-29 2051 PA0CGB        59   086   HA8MD         59   266
QSO: 14000 PH 2008-03-29 2056 PA0CGB        59   087   KI1G          59   680
QSO:  7000 PH 2008-03-29 2101 PA0CGB        59   088   YT1HA         59   861
QSO:  7000 PH 2008-03-29 2102 PA0CGB        59   089   C4N           59  2392
QSO:  7000 PH 2008-03-29 2103 PA0CGB        59   090   YT8A          59  1246
QSO:  7000 PH 2008-03-29 2105 PA0CGB        59   091   YT22NATO      59   634
QSO:  7000 PH 2008-03-29 2106 PA0CGB        59   092   UU7J          59   846
QSO:  7000 PH 2008-03-29 2108 PA0CGB        59   093   EA1JJ         59   214
QSO:  7000 PH 2008-03-29 2110 PA0CGB        59   094   YT9A          59  1717
QSO:  7000 PH 2008-03-29 2115 PA0CGB        59   095   ES90C         59   863
QSO:  7000 PH 2008-03-29 2116 PA0CGB        59   096   OM3BH         59  1500
QSO:  7000 PH 2008-03-29 2118 PA0CGB        59   097   AM1A          59   220
QSO:  7000 PH 2008-03-29 2123 PA0CGB        59   098   IW0HLZ        59   189
QSO:  7000 PH 2008-03-29 2125 PA0CGB        59   099   4O3A          59  1989
QSO:  7000 PH 2008-03-29 2128 PA0CGB        59   100   9A3AGS        59   037
QSO:  3500 PH 2008-03-29 2130 PA0CGB        59   101   SN7Q          59  1037
QSO:  3500 PH 2008-03-29 2132 PA0CGB        59   102   YT3M          59   991
QSO:  3500 PH 2008-03-29 2133 PA0CGB        59   103   OM7M          59   301
QSO:  3500 PH 2008-03-29 2133 PA0CGB        59   104   9A6A          59   803
QSO:  3500 PH 2008-03-29 2135 PA0CGB        59   105   YT1T          59   294
QSO:  3500 PH 2008-03-29 2138 PA0CGB        59   106   OE2S          59   457
QSO:  3500 PH 2008-03-29 2141 PA0CGB        59   107   HA1YI         59   738
QSO:  3500 PH 2008-03-29 2142 PA0CGB        59   108   GM7V          59  1149
QSO:  3500 PH 2008-03-29 2144 PA0CGB        59   109   S51CK         59   751
QSO:  3500 PH 2008-03-29 2145 PA0CGB        59   110   DR1A          59  1058
QSO:  3500 PH 2008-03-29 2147 PA0CGB        59   111   9A60A         59   699
QSO:  7000 PH 2008-03-30 0848 PA0CGB        59   112   TM0R          59   368
QSO:  7000 PH 2008-03-30 0849 PA0CGB        59   113   F5VJK         59   479
QSO:  7000 PH 2008-03-30 0853 PA0CGB        59   114   IR9Y          59   435
QSO:  7000 PH 2008-03-30 0856 PA0CGB        59   115   SB6A          59   163
QSO:  7000 PH 2008-03-30 0859 PA0CGB        59   116   OK5R          59  2251
QSO:  7000 PH 2008-03-30 0801 PA0CGB        59   117   OL7R          59   813
QSO:  7000 PH 2008-03-30 0847 PA0CGB        59   118   EA3ATM        59   753
QSO:  7000 PH 2008-03-30 0849 PA0CGB        59   119   LY3X          59   339
QSO:  7000 PH 2008-03-30 0851 PA0CGB        59   120   S53M          59   905
QSO:  7000 PH 2008-03-30 0852 PA0CGB        59   121   OK2WED        59   051
QSO:  7000 PH 2008-03-30 0857 PA0CGB        59   122   LY1C          59   263
QSO:  7000 PH 2008-03-30 0901 PA0CGB        59   123   TM7F          59   271
QSO:  7000 PH 2008-03-30 0904 PA0CGB        59   124   E77DO         59   576
QSO:  7000 PH 2008-03-30 0907 PA0CGB        59   125   SP3GTS        59   414
QSO:  7000 PH 2008-03-30 0908 PA0CGB        59   126   OE7AJT        59   175
QSO:  7000 PH 2008-03-30 0910 PA0CGB        59   127   SN2K          59   223
QSO:  7000 PH 2008-03-30 0911 PA0CGB        59   128   9A6M          59   009
QSO:  7000 PH 2008-03-30 0912 PA0CGB        59   129   S56P          59   458
QSO:  7000 PH 2008-03-30 0917 PA0CGB        59   130   AO1O          59   223
END-OF-LOG:
