START-OF-LOG: 3.0
CREATED-BY: TR4W v.3.41 beta
CALLSIGN: UR7EM
CONTEST: CQ-WPX-SSB
CLAIMED-SCORE: 70240
CATEGORY-ASSISTED: ASSISTED
CATEGORY-BAND: ALL
CATEGORY-MODE: SSB
CATEGORY-OPERATOR: SINGLE-OP
CATEGORY-POWER: HIGH
CLUB: UCC
LOCATION: DX
NAME: Yuri Doroshko
CATEGORY-TRANSMITTER: ONE
QSO: 14110 PH 2008-03-29 1847 UR7EM         59  1      YO2MAX        59  236
QSO: 14157 PH 2008-03-29 1848 UR7EM         59  2      M8C           59  542
QSO: 14150 PH 2008-03-29 1856 UR7EM         59  3      K1ZM          59  1392
QSO: 14176 PH 2008-03-29 1857 UR7EM         59  4      YU5RA         59  805
QSO: 14211 PH 2008-03-29 1901 UR7EM         59  5      YT7B          59  36
QSO: 14255 PH 2008-03-29 1906 UR7EM         59  6      M6T           59  1706
QSO: 14134 PH 2008-03-29 1908 UR7EM         59  7      FG/OM3LA      59  1742
QSO: 14340 PH 2008-03-29 1910 UR7EM         59  8      YO3HKW        59  280
QSO: 14253 PH 2008-03-29 1926 UR7EM         59  9      9A50KDE       59  773
QSO: 14247 PH 2008-03-29 1928 UR7EM         59  10     ES90C         59  1249
QSO: 14204 PH 2008-03-29 1939 UR7EM         59  11     AO8A          59  1143
QSO: 14214 PH 2008-03-29 1948 UR7EM         59  12     CN2R          59  2190
QSO:  7050 PH 2008-03-29 1958 UR7EM         59  13     OL7R          59  520
QSO:  7061 PH 2008-03-29 1959 UR7EM         59  14     DR1A          59  1047
QSO:  7084 PH 2008-03-29 2000 UR7EM         59  15     LZ9W          59  804
QSO:  7088 PH 2008-03-29 2001 UR7EM         59  16     UP0L          59  1443
QSO:  7091 PH 2008-03-29 2002 UR7EM         59  17     S56X          59  600
QSO:  7095 PH 2008-03-29 2003 UR7EM         59  18     SN75T         59  730
QSO:  7035 PH 2008-03-29 2005 UR7EM         59  19     SP75C         59  299
QSO:  7039 PH 2008-03-29 2006 UR7EM         59  20     J42T          59  303
QSO:  7042 PH 2008-03-29 2006 UR7EM         59  21     HG80HQ        59  773
QSO:  7077 PH 2008-03-29 2011 UR7EM         59  22     RM3F          59  1035
QSO:  7080 PH 2008-03-29 2012 UR7EM         59  23     DA0BCC        59  546
QSO:  7092 PH 2008-03-29 2013 UR7EM         59  24     YR5P          59  1162
QSO:  7052 PH 2008-03-30 0316 UR7EM         59  25     RK4PB         59  266
QSO:  7070 PH 2008-03-30 0317 UR7EM         59  26     RT9W          59  657
QSO:  7074 PH 2008-03-30 0317 UR7EM         59  27     RY4I          59  687
QSO:  7080 PH 2008-03-30 0318 UR7EM         59  28     RU9AC         59  1140
QSO:  7095 PH 2008-03-30 0319 UR7EM         59  29     RX9FM         59  1155
QSO:  3799 PH 2008-03-30 0325 UR7EM         59  30     T77NM         59  1456
QSO:  3792 PH 2008-03-30 0326 UR7EM         59  31     P33W          59  405
QSO:  3786 PH 2008-03-30 0327 UR7EM         59  32     YT9A          59  2020
QSO:  3737 PH 2008-03-30 0328 UR7EM         59  33     YT9X          59  677
QSO:  3727 PH 2008-03-30 0329 UR7EM         59  34     OL7R          59  895
QSO:  3713 PH 2008-03-30 0330 UR7EM         59  35     IR2C          59  1100
QSO:  3705 PH 2008-03-30 0332 UR7EM         59  36     SP75C         59  657
QSO:  3739 PH 2008-03-30 0333 UR7EM         59  37     OM3BH         59  1801
QSO:  3747 PH 2008-03-30 0334 UR7EM         59  38     SP0DXC        59  560
QSO:  3754 PH 2008-03-30 0334 UR7EM         59  39     LY7A          59  633
QSO:  3766 PH 2008-03-30 0335 UR7EM         59  40     H22H          59  600
QSO:  3721 PH 2008-03-30 0352 UR7EM         59  41     RV3WT         59  454
QSO:  3732 PH 2008-03-30 0353 UR7EM         59  42     HG80HQ        59  855
QSO:  3741 PH 2008-03-30 0354 UR7EM         59  43     RA3RK         59  219
QSO:  3748 PH 2008-03-30 0354 UR7EM         59  44     SN7Q          59  1370
QSO:  3764 PH 2008-03-30 0355 UR7EM         59  45     9A6A          59  1024
QSO:  7058 PH 2008-03-30 0359 UR7EM         59  46     TB37F         59  1642
QSO:  7057 PH 2008-03-30 0400 UR7EM         59  47     YT9A          59  2031
QSO:  7070 PH 2008-03-30 0401 UR7EM         59  48     RV4HC         59  1060
QSO:  7082 PH 2008-03-30 0401 UR7EM         59  49     RK4FD         59  1674
QSO:  7087 PH 2008-03-30 0402 UR7EM         59  50     KP2TM         59  2734
QSO:  7099 PH 2008-03-30 0403 UR7EM         59  51     HA3OV         59  2001
QSO:  7170 PH 2008-03-30 0405 UR7EM         59  52     S50A          59  1865
QSO:  7176 PH 2008-03-30 0406 UR7EM         59  53     SN2K          59  167
QSO:  7052 PH 2008-03-30 0407 UR7EM         59  54     OM7M          59  546
QSO: 14191 PH 2008-03-30 0409 UR7EM         59  55     RK9CWW        59  1073
QSO: 14228 PH 2008-03-30 0410 UR7EM         59  56     UA0ACG        59  308
QSO: 14230 PH 2008-03-30 0410 UR7EM         59  57     UA0SJ         59  383
QSO: 14264 PH 2008-03-30 0411 UR7EM         59  58     RG9A          59  1354
QSO: 14166 PH 2008-03-30 0413 UR7EM         59  59     RK9CZO        59  456
QSO: 14201 PH 2008-03-30 0419 UR7EM         59  60     KH7B          59  2630
QSO: 14212 PH 2008-03-30 0420 UR7EM         59  61     9K2HN         59  876
QSO: 14240 PH 2008-03-30 0422 UR7EM         59  62     RA9AAA        59  382
QSO: 14173 PH 2008-03-30 0431 UR7EM         59  63     RA0QD         59  595
QSO: 14197 PH 2008-03-30 0433 UR7EM         59  64     9K2K          59  749
QSO: 14225 PH 2008-03-30 0435 UR7EM         59  65     UN7PL         59  311
QSO: 14251 PH 2008-03-30 0436 UR7EM         59  66     RK9CR         59  343
QSO: 14257 PH 2008-03-30 0437 UR7EM         59  67     UA0ANW        59  473
QSO: 14268 PH 2008-03-30 0438 UR7EM         59  68     RZ0SR         59  629
QSO: 14277 PH 2008-03-30 0439 UR7EM         59  69     RW0LT         59  1054
QSO: 14284 PH 2008-03-30 0440 UR7EM         59  70     JA8RWU        59  780
QSO: 14151 PH 2008-03-30 0459 UR7EM         59  71     UP0L          59  1596
QSO: 14160 PH 2008-03-30 0500 UR7EM         59  72     RX9JP         59  238
QSO: 14235 PH 2008-03-30 0503 UR7EM         59  73     RV9CBW        59  220
QSO: 14324 PH 2008-03-30 0505 UR7EM         59  74     JA2ZJW        59  558
QSO: 14329 PH 2008-03-30 0506 UR7EM         59  75     RK9AWN        59  410
QSO: 14197 PH 2008-03-30 0509 UR7EM         59  76     JT1BV         59  881
QSO: 14237 PH 2008-03-30 0512 UR7EM         59  77     UA9UZZ        59  824
QSO: 14312 PH 2008-03-30 0516 UR7EM         59  78     JF2QNM        59  722
QSO: 14317 PH 2008-03-30 0516 UR7EM         59  79     RK9AJZ        59  149
QSO: 14331 PH 2008-03-30 0519 UR7EM         59  80     UA0CA         59  819
QSO: 14340 PH 2008-03-30 0519 UR7EM         59  81     RA9DZ         59  454
QSO: 14191 PH 2008-03-30 0521 UR7EM         59  82     UP9L          59  462
QSO: 14115 PH 2008-03-30 0631 UR7EM         59  83     RX9FM         59  1241
QSO: 14143 PH 2008-03-30 0632 UR7EM         59  84     P33W          59  1312
QSO: 14145 PH 2008-03-30 0636 UR7EM         59  85     4Z4OQ         59  1323
QSO: 14150 PH 2008-03-30 0637 UR7EM         59  86     UN7JX         59  492
QSO: 14191 PH 2008-03-30 0639 UR7EM         59  87     OG6A          59  1764
QSO: 14196 PH 2008-03-30 0640 UR7EM         59  88     RX9AM         59  635
QSO: 14204 PH 2008-03-30 0642 UR7EM         59  89     C4I           59  1901
QSO: 14220 PH 2008-03-30 0645 UR7EM         59  90     PD1DX         59  825
QSO: 14225 PH 2008-03-30 0646 UR7EM         59  91     IO5O          59  1196
QSO: 14227 PH 2008-03-30 0646 UR7EM         59  92     EF5K          59  1289
QSO: 14235 PH 2008-03-30 0649 UR7EM         59  93     RW9USA        59  1910
QSO: 14241 PH 2008-03-30 0649 UR7EM         59  94     RT9W          59  934
QSO: 14242 PH 2008-03-30 0651 UR7EM         59  95     UA4WKW        59  1359
QSO: 14219 PH 2008-03-30 0652 UR7EM         59  96     OL3Z          59  834
QSO: 14220 PH 2008-03-30 0709 UR7EM         59  97     TM6M          59  1736
QSO: 14206 PH 2008-03-30 0712 UR7EM         59  98     E77DX         59  2639
QSO: 14306 PH 2008-03-30 0715 UR7EM         59  99     OG5B          59  1156
QSO: 14307 PH 2008-03-30 0716 UR7EM         59  100    TM7C          59  625
QSO: 14319 PH 2008-03-30 0717 UR7EM         59  101    HG80HQ        59  1114
QSO: 14322 PH 2008-03-30 0718 UR7EM         59  102    AM3SSB        59  1097
QSO: 14324 PH 2008-03-30 0719 UR7EM         59  103    RX0AE         59  808
QSO: 14331 PH 2008-03-30 0720 UR7EM         59  104    RK4HYT        59  498
QSO: 14341 PH 2008-03-30 0721 UR7EM         59  105    YT5C          59  655
QSO: 14344 PH 2008-03-30 0723 UR7EM         59  106    RA9JR         59  497
QSO: 14177 PH 2008-03-30 0724 UR7EM         59  107    EA5KV         59  1199
QSO: 14180 PH 2008-03-30 0726 UR7EM         59  108    YT3MA         59  712
QSO: 14106 PH 2008-03-30 0727 UR7EM         59  109    UN6LN         59  450
QSO: 14114 PH 2008-03-30 0729 UR7EM         59  110    RV4HC         59  1300
QSO: 14117 PH 2008-03-30 0731 UR7EM         59  111    RA9ST         59  378
QSO: 14125 PH 2008-03-30 0734 UR7EM         59  112    UN7MMM        59  834
QSO: 14134 PH 2008-03-30 0735 UR7EM         59  113    IQ2CJ         59  1331
QSO: 14172 PH 2008-03-30 0741 UR7EM         59  114    TB37F         59  1806
QSO: 14175 PH 2008-03-30 0742 UR7EM         59  115    EA6SX         59  1395
QSO: 14178 PH 2008-03-30 0743 UR7EM         59  116    OP4K          59  698
QSO: 14197 PH 2008-03-30 0745 UR7EM         59  117    MW0ZZK        59  437
QSO: 14233 PH 2008-03-30 0746 UR7EM         59  118    3V8BB         59  2472
QSO: 14238 PH 2008-03-30 0748 UR7EM         59  119    5D5A          59  992
QSO: 14272 PH 2008-03-30 0748 UR7EM         59  120    9A60A         59  1346
QSO: 14288 PH 2008-03-30 0750 UR7EM         59  121    SX1L          59  1280
QSO:  7047 PH 2008-03-30 0813 UR7EM         59  122    EK0B          59  1938
QSO:  7050 PH 2008-03-30 0814 UR7EM         59  123    E77DO         59  553
QSO:  7055 PH 2008-03-30 0816 UR7EM         59  124    LY7A          59  1038
QSO:  7072 PH 2008-03-30 0818 UR7EM         59  125    YO7LFV        59  589
QSO:  7087 PH 2008-03-30 0821 UR7EM         59  126    YO7LGI        59  203
QSO:  7133 PH 2008-03-30 0825 UR7EM         59  127    SN3X          59  534
QSO:  7039 PH 2008-03-30 0833 UR7EM         59  128    YT8A          59  1612
QSO:  7042 PH 2008-03-30 0834 UR7EM         59  129    RK3AWK        59  309
QSO:  7056 PH 2008-03-30 0835 UR7EM         59  130    YT9X          59  716
QSO:  7067 PH 2008-03-30 0837 UR7EM         59  131    S53M          59  892
QSO:  7084 PH 2008-03-30 0844 UR7EM         59  132    SO9Q          59  589
QSO:  7097 PH 2008-03-30 0847 UR7EM         59  133    SN6O          59  553
QSO:  7137 PH 2008-03-30 0850 UR7EM         59  134    S56P          59  448
QSO: 21219 PH 2008-03-30 0930 UR7EM         59  135    UA9PC         59  2085
QSO: 14142 PH 2008-03-30 0946 UR7EM         59  136    OG8X          59  1946
QSO: 14145 PH 2008-03-30 0946 UR7EM         59  137    UN9L          59  698
QSO: 14151 PH 2008-03-30 0947 UR7EM         59  138    CQ3T          59  978
QSO: 14158 PH 2008-03-30 0948 UR7EM         59  139    DL2AA         59  826
QSO: 14160 PH 2008-03-30 0948 UR7EM         59  140    DA0BCC        59  718
QSO: 14173 PH 2008-03-30 0950 UR7EM         59  141    RZ1ZZ         59  646
QSO: 14181 PH 2008-03-30 0952 UR7EM         59  142    J42T          59  691
QSO: 14220 PH 2008-03-30 0955 UR7EM         59  143    IU9A          59  1104
QSO: 14224 PH 2008-03-30 0956 UR7EM         59  144    YI9PT         59  492
QSO: 14228 PH 2008-03-30 0957 UR7EM         59  145    LA3S          59  316
QSO: 14237 PH 2008-03-30 0957 UR7EM         59  146    SV9GPV        59  2448
QSO: 14247 PH 2008-03-30 0958 UR7EM         59  147    OH8L          59  1001
QSO: 14257 PH 2008-03-30 1000 UR7EM         59  148    CQ95F         59  880
QSO: 14277 PH 2008-03-30 1001 UR7EM         59  149    DR1A          59  1375
QSO: 14281 PH 2008-03-30 1005 UR7EM         59  150    DL1Z          59  793
QSO: 14284 PH 2008-03-30 1006 UR7EM         59  151    OG5M          59  1212
QSO: 14291 PH 2008-03-30 1007 UR7EM         59  152    OG7X          59  123
QSO: 14304 PH 2008-03-30 1008 UR7EM         59  153    AM5A          59  541
QSO: 14314 PH 2008-03-30 1009 UR7EM         59  154    RV9CP         59  164
QSO: 14318 PH 2008-03-30 1009 UR7EM         59  155    SX5P          59  1224
QSO: 14342 PH 2008-03-30 1012 UR7EM         59  156    G0MTN         59  450
QSO: 14349 PH 2008-03-30 1012 UR7EM         59  157    IR5A          59  715
QSO: 14102 PH 2008-03-30 1118 UR7EM         59  158    LY3W          59  891
QSO: 14112 PH 2008-03-30 1120 UR7EM         59  159    JH4UYB        59  1656
QSO: 14222 PH 2008-03-30 1120 UR7EM         59  160    LY9Y          59  747
QSO: 14184 PH 2008-03-30 1121 UR7EM         59  161    IV3BTY        59  766
QSO: 14116 PH 2008-03-30 1124 UR7EM         59  162    RK4WWF        59  411
QSO: 14129 PH 2008-03-30 1145 UR7EM         59  163    EI9E          59  859
QSO: 14177 PH 2008-03-30 1147 UR7EM         59  164    RW1ZA         59  1258
QSO: 14219 PH 2008-03-30 1149 UR7EM         59  165    LY7A          59  873
QSO: 14232 PH 2008-03-30 1150 UR7EM         59  166    UA9CDC        59  2208
QSO: 14317 PH 2008-03-30 1152 UR7EM         59  167    C4N           59  3467
QSO: 14321 PH 2008-03-30 1153 UR7EM         59  168    IZ2FOS        59  1376
QSO: 14343 PH 2008-03-30 1154 UR7EM         59  169    JA3AOP        59  651
QSO: 14347 PH 2008-03-30 1154 UR7EM         59  170    S56P          59  597
QSO: 14101 PH 2008-03-30 1155 UR7EM         59  171    YT1HA         59  1157
QSO: 14135 PH 2008-03-30 1157 UR7EM         59  172    DF1IAQ        59  471
QSO: 14161 PH 2008-03-30 1159 UR7EM         59  173    SI9AM         59  354
QSO: 14170 PH 2008-03-30 1201 UR7EM         59  174    EE3R          59  615
QSO: 14110 PH 2008-03-30 1202 UR7EM         59  175    JQ1BVI        59  976
QSO: 14144 PH 2008-03-30 1203 UR7EM         59  176    SX3Z          59  1936
QSO: 14159 PH 2008-03-30 1204 UR7EM         59  177    OT2A          59  1086
QSO: 14172 PH 2008-03-30 1206 UR7EM         59  178    AO3A          59  996
QSO: 14181 PH 2008-03-30 1206 UR7EM         59  179    IT9STX        59  1327
QSO: 14206 PH 2008-03-30 1208 UR7EM         59  180    SP75C         59  739
QSO: 14210 PH 2008-03-30 1209 UR7EM         59  181    9A8M          59  973
QSO: 14227 PH 2008-03-30 1213 UR7EM         59  182    IZ8EPX        59  1097
QSO: 14262 PH 2008-03-30 1215 UR7EM         59  183    PI4COM        59  352
QSO: 14267 PH 2008-03-30 1216 UR7EM         59  184    OT5A          59  1467
QSO: 14275 PH 2008-03-30 1216 UR7EM         59  185    SO2R          59  1748
QSO: 14280 PH 2008-03-30 1217 UR7EM         59  186    M4U           59  1221
QSO: 14290 PH 2008-03-30 1219 UR7EM         59  187    ON4CT         59  341
QSO: 14294 PH 2008-03-30 1219 UR7EM         59  188    JI2ZJS        59  822
QSO: 14313 PH 2008-03-30 1222 UR7EM         59  189    F5OTZ         59  248
QSO: 14336 PH 2008-03-30 1225 UR7EM         59  190    LA3HPA        59  82
QSO: 14339 PH 2008-03-30 1225 UR7EM         59  191    OQ5M          59  162
QSO: 14345 PH 2008-03-30 1226 UR7EM         59  192    UP4L          59  1485
QSO:  7058 PH 2008-03-30 1239 UR7EM         59  193    UA3BL         59  831
QSO:  7074 PH 2008-03-30 1240 UR7EM         59  194    RA6GW         59  303
QSO:  7089 PH 2008-03-30 1249 UR7EM         59  195    S53S          59  1057
QSO:  7054 PH 2008-03-30 1252 UR7EM         59  196    YT2T          59  2172
QSO:  7057 PH 2008-03-30 1254 UR7EM         59  197    UR5KAT        59  192
QSO:  7065 PH 2008-03-30 1255 UR7EM         59  198    IQ3UD         59  356
QSO: 14111 PH 2008-03-30 1335 UR7EM         59  199    DL5KUT        59  708
QSO: 14147 PH 2008-03-30 1337 UR7EM         59  200    T77NM         59  1795
QSO: 14189 PH 2008-03-30 1339 UR7EM         59  201    K3ZO          59  1274
QSO: 14219 PH 2008-03-30 1341 UR7EM         59  202    EI9HX         59  1215
QSO: 14259 PH 2008-03-30 1343 UR7EM         59  203    IU2P          59  270
QSO: 14322 PH 2008-03-30 1348 UR7EM         59  204    F6DZU         59  1199
QSO: 14342 PH 2008-03-30 1349 UR7EM         59  205    CT1JLZ        59  2135
QSO: 14349 PH 2008-03-30 1349 UR7EM         59  206    RM9RZ         59  409
QSO: 14138 PH 2008-03-30 1351 UR7EM         59  207    TM0R          59  1148
QSO: 14146 PH 2008-03-30 1351 UR7EM         59  208    HB9TMW        59  248
QSO: 14206 PH 2008-03-30 1352 UR7EM         59  209    UA9QA         59  928
QSO: 14255 PH 2008-03-30 1353 UR7EM         59  210    RU9CK         59  65
QSO: 14279 PH 2008-03-30 1354 UR7EM         59  211    IR2A          59  425
QSO: 14329 PH 2008-03-30 1356 UR7EM         59  212    IM0/IK0FMB    59  1271
QSO: 14336 PH 2008-03-30 1357 UR7EM         59  213    IK8UND        59  379
END-OF-LOG:
