START-OF-LOG: 3.0
CREATED-BY: vhfmanager-downloader
CONTEST: ZRS septembrsko UKV tekmovanje - Official results - VHFManager
CALLSIGN: I1AXE
CATEGORY: 145 MHz - Generated log
CATEGORY-OPERATOR: SINGLE-OP
CATEGORY-ASSISTED: NON-ASSISTED
CATEGORY-TRANSMITTER: ONE
CATEGORY-STATION: FIXED
QSO: 144300 PH 2021-09-04 1401 I1AXE         1   JN34QM JN34QM I1AXE         SSB OM3KII 59 
QSO: 144300 PH 2021-09-04 1404 I1AXE         2   JN34QM JN34QM I1AXE         SSB OM6A 59   
QSO: 144300 PH 2021-09-04 1405 I1AXE         3   JN34QM JN34QM I1AXE         SSB OM8A 59   
QSO: 144300 PH 2021-09-04 1411 I1AXE         5   JN34QM JN34QM I1AXE         SSB IW2NNZ 59 
QSO: 144300 PH 2021-09-04 1413 I1AXE         6   JN34QM JN34QM I1AXE         SSB IU2IHM 59 
QSO: 144300 PH 2021-09-04 1413 I1AXE         7   JN34QM JN34QM I1AXE         SSB IZ2ZQP 59 
QSO: 144300 PH 2021-09-04 1452 I1AXE         9   JN34QM JN34QM I1AXE         SSB I5XX 59   
QSO: 144300 PH 2021-09-04 1415 I1AXE         11  JN34QM JN34QM I1AXE         SSB IK1WEG 59 
QSO: 144300 PH 2021-09-04 1417 I1AXE         12  JN34QM JN34QM I1AXE         SSB IN3AHO 59 
QSO: 144300 PH 2021-09-04 1418 I1AXE         13  JN34QM JN34QM I1AXE         SSB I2WEQ 59  
QSO: 144300 PH 2021-09-04 1420 I1AXE         15  JN34QM JN34QM I1AXE         SSB IW2NLP 59 
QSO: 144300 PH 2021-09-04 1425 I1AXE         17  JN34QM JN34QM I1AXE         SSB IU1LCI 59 
QSO: 144300 PH 2021-09-04 1426 I1AXE         18  JN34QM JN34QM I1AXE         SSB IK4ZIF 59 
QSO: 144300 PH 2021-09-04 1426 I1AXE         19  JN34QM JN34QM I1AXE         SSB IW2BZY 59 
QSO: 144300 PH 2021-09-04 1427 I1AXE         20  JN34QM JN34QM I1AXE         SSB IZ2QCP 59 
QSO: 144300 PH 2021-09-04 1428 I1AXE         21  JN34QM JN34QM I1AXE         SSB I2AT 59   
QSO: 144300 PH 2021-09-04 1428 I1AXE         22  JN34QM JN34QM I1AXE         SSB IK2ECM 59 
QSO: 144300 PH 2021-09-04 1429 I1AXE         23  JN34QM JN34QM I1AXE         SSB IK2YSJ 59 
QSO: 144300 PH 2021-09-04 1436 I1AXE         28  JN34QM JN34QM I1AXE         SSB S50J 59   
QSO: 144300 PH 2021-09-04 1435 I1AXE         29  JN34QM JN34QM I1AXE         SSB I3LGP 59  
QSO: 144300 PH 2021-09-04 1436 I1AXE         30  JN34QM JN34QM I1AXE         SSB 9A1E 59   
QSO: 144300 PH 2021-09-04 1438 I1AXE         31  JN34QM JN34QM I1AXE         SSB I1GDH 59  
QSO: 144300 PH 2021-09-04 1438 I1AXE         32  JN34QM JN34QM I1AXE         SSB IK5MES 59 
QSO: 144300 PH 2021-09-04 1439 I1AXE         33  JN34QM JN34QM I1AXE         SSB IU4JJJ 59 
QSO: 144300 PH 2021-09-04 1500 I1AXE         34  JN34QM JN34QM I1AXE         SSB I5FDL 59  
QSO: 144300 PH 2021-09-04 1441 I1AXE         35  JN34QM JN34QM I1AXE         SSB I2FUM 59  
QSO: 144300 PH 2021-09-04 1442 I1AXE         36  JN34QM JN34QM I1AXE         SSB IZ1YTH 59 
QSO: 144300 PH 2021-09-04 1443 I1AXE         38  JN34QM JN34QM I1AXE         SSB IZ1DXS 59 
QSO: 144300 PH 2021-09-04 1445 I1AXE         39  JN34QM JN34QM I1AXE         SSB 9A2KO 59  
QSO: 144300 PH 2021-09-04 1450 I1AXE         43  JN34QM JN34QM I1AXE         SSB IN3BJS 59 
QSO: 144300 PH 2021-09-04 1454 I1AXE         46  JN34QM JN34QM I1AXE         SSB IU5KRE 59 
QSO: 144300 PH 2021-09-04 1455 I1AXE         47  JN34QM JN34QM I1AXE         SSB I1RTH 59  
QSO: 144300 PH 2021-09-04 1455 I1AXE         48  JN34QM JN34QM I1AXE         SSB IZ1YUX 59 
QSO: 144300 PH 2021-09-04 1455 I1AXE         49  JN34QM JN34QM I1AXE         SSB IK5PWS 59 
QSO: 144300 PH 2021-09-04 1456 I1AXE         50  JN34QM JN34QM I1AXE         SSB IK4MTF 59 
QSO: 144300 PH 2021-09-04 1459 I1AXE         51  JN34QM JN34QM I1AXE         SSB IU5NHB 59 
QSO: 144300 PH 2021-09-04 1500 I1AXE         52  JN34QM JN34QM I1AXE         SSB IW5AXW 59 
QSO: 144300 PH 2021-09-04 1501 I1AXE         54  JN34QM JN34QM I1AXE         SSB IW0HLE 59 
QSO: 144300 PH 2021-09-04 1503 I1AXE         55  JN34QM JN34QM I1AXE         SSB IZ5FYF 59 
QSO: 144300 PH 2021-09-04 1506 I1AXE         56  JN34QM JN34QM I1AXE         SSB IZ5HQB 59 
QSO: 144300 PH 2021-09-04 1509 I1AXE         58  JN34QM JN34QM I1AXE         SSB IU1IEK 59 
QSO: 144300 PH 2021-09-04 1440 I1AXE         59  JN34QM JN34QM I1AXE         SSB IW2OGS 59 
QSO: 144300 PH 2021-09-04 1521 I1AXE         59  JN34QM JN34QM I1AXE         SSB IW2DOY 59 
QSO: 144300 PH 2021-09-04 1522 I1AXE         60  JN34QM JN34QM I1AXE         SSB IN3TEX/3 59
QSO: 144300 PH 2021-09-04 1524 I1AXE         62  JN34QM JN34QM I1AXE         SSB IK3XTT 59 
QSO: 144300 PH 2021-09-04 1527 I1AXE         63  JN34QM JN34QM I1AXE         SSB S52IT 59  
QSO: 144300 PH 2021-09-04 1532 I1AXE         64  JN34QM JN34QM I1AXE         SSB IN3HEZ 59 
QSO: 144300 PH 2021-09-04 1533 I1AXE         65  JN34QM JN34QM I1AXE         SSB I2ADN 59  
QSO: 144300 PH 2021-09-04 1536 I1AXE         66  JN34QM JN34QM I1AXE         SSB OL7C 59   
QSO: 144300 PH 2021-09-04 1541 I1AXE         67  JN34QM JN34QM I1AXE         SSB DH9NFM 59 
QSO: 144300 PH 2021-09-04 1553 I1AXE         68  JN34QM JN34QM I1AXE         SSB OL3Y 59   
QSO: 144300 PH 2021-09-04 1556 I1AXE         69  JN34QM JN34QM I1AXE         SSB OE1W 59   
QSO: 144300 PH 2021-09-04 1558 I1AXE         70  JN34QM JN34QM I1AXE         SSB S59DEM 59 
QSO: 144300 PH 2021-09-04 1607 I1AXE         72  JN34QM JN34QM I1AXE         SSB IW5BUX 59 
QSO: 144300 PH 2021-09-04 1609 I1AXE         73  JN34QM JN34QM I1AXE         SSB OE8TED 59 
QSO: 144300 PH 2021-09-04 1614 I1AXE         74  JN34QM JN34QM I1AXE         SSB OM2Y 59   
QSO: 144300 PH 2021-09-04 1617 I1AXE         75  JN34QM JN34QM I1AXE         SSB OK6M 59   
QSO: 144300 PH 2021-09-04 1620 I1AXE         76  JN34QM JN34QM I1AXE         SSB S50C 59   
QSO: 144300 PH 2021-09-04 1623 I1AXE         78  JN34QM JN34QM I1AXE         SSB OM2ALD 59 
QSO: 144300 PH 2021-09-04 1635 I1AXE         79  JN34QM JN34QM I1AXE         SSB OM5AW 59  
QSO: 144300 PH 2021-09-04 1640 I1AXE         80  JN34QM JN34QM I1AXE         SSB S50L 59   
QSO: 144300 PH 2021-09-05 0604 I1AXE         82  JN34QM JN34QM I1AXE         SSB IQ6AN 59  
QSO: 144300 PH 2021-09-05 0605 I1AXE         83  JN34QM JN34QM I1AXE         SSB 9A1P 59   
QSO: 144300 PH 2021-09-05 0607 I1AXE         84  JN34QM JN34QM I1AXE         SSB IW2CTQ 59 
QSO: 144300 PH 2021-09-05 0608 I1AXE         85  JN34QM JN34QM I1AXE         SSB IQ3XL 59  
QSO: 144300 PH 2021-09-05 0610 I1AXE         86  JN34QM JN34QM I1AXE         SSB S59Q 59   
QSO: 144300 PH 2021-09-05 0611 I1AXE         87  JN34QM JN34QM I1AXE         SSB OK1KFH 59 
QSO: 144300 PH 2021-09-05 0614 I1AXE         88  JN34QM JN34QM I1AXE         SSB IQ5NN 59  
QSO: 144300 PH 2021-09-05 0618 I1AXE         89  JN34QM JN34QM I1AXE         SSB 9A2L 59   
QSO: 144300 PH 2021-09-05 0619 I1AXE         90  JN34QM JN34QM I1AXE         SSB IK2AQZ 59 
QSO: 144300 PH 2021-09-05 0622 I1AXE         91  JN34QM JN34QM I1AXE         SSB IV3XWD 59 
QSO: 144300 PH 2021-09-05 0626 I1AXE         92  JN34QM JN34QM I1AXE         SSB IU3KHB 59 
QSO: 144300 PH 2021-09-05 0639 I1AXE         93  JN34QM JN34QM I1AXE         SSB OE5D 59   
QSO: 144300 PH 2021-09-05 0650 I1AXE         95  JN34QM JN34QM I1AXE         SSB II5PO 59  
QSO: 144300 PH 2021-09-05 0703 I1AXE         96  JN34QM JN34QM I1AXE         SSB IA5/IW2MXY 59
QSO: 144300 PH 2021-09-05 0712 I1AXE         98  JN34QM JN34QM I1AXE         SSB IW1CHX 59 
QSO: 144300 PH 2021-09-05 0720 I1AXE         100 JN34QM JN34QM I1AXE         SSB IK2OFS 59 
QSO: 144300 PH 2021-09-05 0723 I1AXE         102 JN34QM JN34QM I1AXE         SSB IQ5MS 59  
QSO: 144300 PH 2021-09-05 0725 I1AXE         103 JN34QM JN34QM I1AXE         SSB IW1BCO 59 
QSO: 144300 PH 2021-09-05 0733 I1AXE         104 JN34QM JN34QM I1AXE         SSB IK1YLL 59 
QSO: 144300 PH 2021-09-05 0737 I1AXE         106 JN34QM JN34QM I1AXE         SSB IN3ZTI 59 
QSO: 144300 PH 2021-09-05 0738 I1AXE         107 JN34QM JN34QM I1AXE         SSB IU1GHC 59 
QSO: 144300 PH 2021-09-05 0740 I1AXE         108 JN34QM JN34QM I1AXE         SSB HB9TTY 59 
QSO: 144300 PH 2021-09-05 0747 I1AXE         110 JN34QM JN34QM I1AXE         SSB TM0A 59   
END-OF-LOG:
