START-OF-LOG: 3.0
CONTEST: IARU-HF
LOCATION: DX
CALLSIGN: GM2T
CATEGORY-OPERATOR: MULTI-OP
CATEGORY-ASSISTED: ASSISTED
CATEGORY-POWER: HIGH
CREATED-BY: WIN-TEST 4.30.0
CATEGORY-TRANSMITTER: ONE
CATEGORY-BAND: ALL
CATEGORY-MODE: MIXED
CATEGORY-STATION: FIXED
CLUB: Cockenzie & Port Seton ARC
OPERATORS: GM4UYZ MM0CCC MM0NBW MM0VTV
HQ-CATEGORY: Multioperator, Single Transmitter, High Power
HQ-GRID-LOCATOR: IO85ss
QSO: 28515 PH 2020-07-11 1344 GM2T 59 27 OL0HQ 59 CRC
QSO: 28519 PH 2020-07-11 1345 GM2T 59 27 IN3ZNR 59 28
QSO: 28519 PH 2020-07-11 1345 GM2T 59 27 UT1UL 59 29
QSO: 28519 PH 2020-07-11 1345 GM2T 59 27 IU3FBL 59 28
QSO: 28519 PH 2020-07-11 1346 GM2T 59 27 EW1I 59 29
QSO: 28519 PH 2020-07-11 1346 GM2T 59 27 HB9TOC 59 28
QSO: 28525 PH 2020-07-11 1347 GM2T 59 27 IU3BTY 59 28
QSO: 28525 PH 2020-07-11 1348 GM2T 59 27 F5NUI 59 27
QSO: 28525 PH 2020-07-11 1349 GM2T 59 27 SQ9LPO 59 28
QSO: 28525 PH 2020-07-11 1349 GM2T 59 27 IK4LZH 59 28
QSO: 28525 PH 2020-07-11 1350 GM2T 59 27 SP7MC 59 28
QSO: 28525 PH 2020-07-11 1350 GM2T 59 27 IU2HEE 59 28
QSO: 28525 PH 2020-07-11 1351 GM2T 59 27 IK0CHU 59 28
QSO: 28525 PH 2020-07-11 1352 GM2T 59 27 9A0HQ 59 HRS
QSO: 28525 PH 2020-07-11 1352 GM2T 59 27 EA4AA 59 37
QSO: 28525 PH 2020-07-11 1353 GM2T 59 27 EW7BA 59 29
QSO: 28002 CW 2020-07-11 1355 GM2T 599 27 KC1XX 599 08
QSO: 28025 CW 2020-07-11 1356 GM2T 599 27 S50W 599 28
QSO: 28012 CW 2020-07-11 1356 GM2T 599 27 9A0HQ 599 HRS
QSO: 28015 CW 2020-07-11 1357 GM2T 599 27 K1KI 599 08
QSO: 28482 PH 2020-07-11 1357 GM2T 59 27 S57S 59 28
QSO: 28482 PH 2020-07-11 1358 GM2T 59 27 HB2U 59 28
QSO: 28482 PH 2020-07-11 1359 GM2T 59 27 EC2DX 59 37
QSO: 28482 PH 2020-07-11 1359 GM2T 59 27 F8KGM 59 27
QSO: 28482 PH 2020-07-11 1400 GM2T 59 27 F4VPL 59 27
QSO: 28482 PH 2020-07-11 1400 GM2T 59 27 DL1MHJ 59 28
QSO: 28482 PH 2020-07-11 1400 GM2T 59 27 IU3LYJ 59 28
QSO: 28482 PH 2020-07-11 1401 GM2T 59 27 SN0HQ 59 PZK
QSO: 28482 PH 2020-07-11 1402 GM2T 59 27 LY4L 59 29
QSO: 28482 PH 2020-07-11 1403 GM2T 59 27 F/G0BEA 59 27
QSO: 14263 PH 2020-07-11 1408 GM2T 59 27 GR2HQ 59 RSGB
QSO: 14004 CW 2020-07-11 1410 GM2T 599 27 NN7CW 599 08
QSO: 14025 CW 2020-07-11 1411 GM2T 599 27 9A0HQ 599 HRS
QSO: 7014 CW 2020-07-11 1412 GM2T 599 27 GR2HQ 599 RSGB
QSO: 28483 PH 2020-07-11 1418 GM2T 59 27 EU1A 59 29
QSO: 14260 PH 2020-07-11 1421 GM2T 59 27 OH2HQ 59 SRAL
QSO: 14211 PH 2020-07-11 1423 GM2T 59 27 PE1NBD 59 27
QSO: 14211 PH 2020-07-11 1423 GM2T 59 27 DH0GDS 59 28
QSO: 14211 PH 2020-07-11 1424 GM2T 59 27 IK4ZIF 59 28
QSO: 14211 PH 2020-07-11 1425 GM2T 59 27 DF0ID 59 28
QSO: 14211 PH 2020-07-11 1425 GM2T 59 27 HB9BOI 59 28
QSO: 14211 PH 2020-07-11 1426 GM2T 59 27 IN3EYI 59 28
QSO: 14211 PH 2020-07-11 1427 GM2T 59 27 SP6DVP 59 28
QSO: 14211 PH 2020-07-11 1428 GM2T 59 27 HG0R 59 28
QSO: 14211 PH 2020-07-11 1429 GM2T 59 27 DM2Y 59 28
QSO: 14211 PH 2020-07-11 1431 GM2T 59 27 OK2BRX 59 28
QSO: 14211 PH 2020-07-11 1431 GM2T 59 27 DL1VO 59 28
QSO: 14211 PH 2020-07-11 1431 GM2T 59 27 IR2Q 59 28
QSO: 14211 PH 2020-07-11 1432 GM2T 59 27 SP6QQ 59 28
QSO: 14211 PH 2020-07-11 1433 GM2T 59 27 TA2DE 59 39
QSO: 14211 PH 2020-07-11 1434 GM2T 59 27 DL2LBK 59 28
QSO: 14211 PH 2020-07-11 1434 GM2T 59 27 2E0OVG 59 27
QSO: 14211 PH 2020-07-11 1434 GM2T 59 27 OL7T 59 28
QSO: 14211 PH 2020-07-11 1435 GM2T 59 27 DL5JS 59 28
QSO: 14211 PH 2020-07-11 1436 GM2T 59 27 TA0TA 59 39
QSO: 14211 PH 2020-07-11 1436 GM2T 59 27 MW0UKK 59 27
QSO: 14211 PH 2020-07-11 1437 GM2T 59 27 CT1DVV 59 37
QSO: 14211 PH 2020-07-11 1437 GM2T 59 27 SP1FRC 59 28
QSO: 14211 PH 2020-07-11 1437 GM2T 59 27 DC5VU 59 28
QSO: 14211 PH 2020-07-11 1438 GM2T 59 27 2E0GLN 59 27
QSO: 14211 PH 2020-07-11 1438 GM2T 59 27 F5PP 59 27
QSO: 14211 PH 2020-07-11 1439 GM2T 59 27 F1PSX 59 27
QSO: 14211 PH 2020-07-11 1439 GM2T 59 27 IU2HEE 59 28
QSO: 14211 PH 2020-07-11 1440 GM2T 59 27 F4BIV 59 27
QSO: 14211 PH 2020-07-11 1441 GM2T 59 27 DK1RS 59 28
QSO: 14211 PH 2020-07-11 1442 GM2T 59 27 F4FNT 59 27
QSO: 14211 PH 2020-07-11 1442 GM2T 59 27 9A9D 59 28
QSO: 14211 PH 2020-07-11 1443 GM2T 59 27 OK2TS 59 28
QSO: 14211 PH 2020-07-11 1444 GM2T 59 27 SP5TE 59 28
QSO: 14211 PH 2020-07-11 1444 GM2T 59 27 SQ5VCO 59 28
QSO: 14211 PH 2020-07-11 1445 GM2T 59 27 DJ6APA 59 28
QSO: 14211 PH 2020-07-11 1447 GM2T 59 27 DL6MIG 59 28
QSO: 14211 PH 2020-07-11 1449 GM2T 59 27 DL2LBK 59 28
QSO: 14211 PH 2020-07-11 1449 GM2T 59 27 F1AGR 59 27
QSO: 14211 PH 2020-07-11 1450 GM2T 59 27 ON7BT 59 27
QSO: 14211 PH 2020-07-11 1450 GM2T 59 27 SP9MAT 59 28
QSO: 14211 PH 2020-07-11 1450 GM2T 59 27 M6EAM 59 27
QSO: 14211 PH 2020-07-11 1451 GM2T 59 27 DL9HB 59 28
QSO: 14211 PH 2020-07-11 1451 GM2T 59 27 M6ETL 59 27
QSO: 14211 PH 2020-07-11 1452 GM2T 59 27 DF3TE 59 28
QSO: 14211 PH 2020-07-11 1452 GM2T 59 27 M0TQR 59 27
QSO: 14211 PH 2020-07-11 1453 GM2T 59 27 HF4HQ 59 URE
QSO: 14211 PH 2020-07-11 1453 GM2T 59 27 DL8SDC 59 28
QSO: 14211 PH 2020-07-11 1453 GM2T 59 27 DL1GT 59 28
QSO: 14211 PH 2020-07-11 1453 GM2T 59 27 F4GOT 59 27
QSO: 14211 PH 2020-07-11 1454 GM2T 59 27 DM2Y 59 28
QSO: 14211 PH 2020-07-11 1454 GM2T 59 27 DL3MY 59 28
QSO: 14211 PH 2020-07-11 1455 GM2T 59 27 DK2MB 59 28
QSO: 14211 PH 2020-07-11 1455 GM2T 59 27 DA0N 59 28
QSO: 14211 PH 2020-07-11 1456 GM2T 59 27 LX1FP 59 27
QSO: 14211 PH 2020-07-11 1456 GM2T 59 27 DL5BL 59 28
QSO: 14211 PH 2020-07-11 1457 GM2T 59 27 DL4VCV 59 28
QSO: 14211 PH 2020-07-11 1457 GM2T 59 27 F4ELJ 59 27
QSO: 14211 PH 2020-07-11 1458 GM2T 59 27 SO/DO1LR 59 28
QSO: 14211 PH 2020-07-11 1458 GM2T 59 27 DF0ID 59 28
QSO: 14211 PH 2020-07-11 1459 GM2T 59 27 F6AEW 59 27
QSO: 14211 PH 2020-07-11 1500 GM2T 59 27 DB5ABS 59 28
QSO: 14211 PH 2020-07-11 1501 GM2T 59 27 YT3H 59 28
QSO: 14211 PH 2020-07-11 1501 GM2T 59 27 DB1HCL 59 28
QSO: 14211 PH 2020-07-11 1502 GM2T 59 27 R3DCB 59 29
QSO: 14211 PH 2020-07-11 1502 GM2T 59 27 DL3ABY 59 28
QSO: 14211 PH 2020-07-11 1503 GM2T 59 27 F4FFH 59 27
QSO: 14211 PH 2020-07-11 1503 GM2T 59 27 SP8KP 59 28
QSO: 14211 PH 2020-07-11 1504 GM2T 59 27 SQ9LPO 59 28
QSO: 14211 PH 2020-07-11 1504 GM2T 59 27 ON4AT 59 27
QSO: 14211 PH 2020-07-11 1504 GM2T 59 27 LZ6V 59 28
QSO: 14211 PH 2020-07-11 1505 GM2T 59 27 DH2PA 59 28
QSO: 14211 PH 2020-07-11 1505 GM2T 59 27 S50W 59 28
QSO: 14211 PH 2020-07-11 1506 GM2T 59 27 I2BRT 59 28
QSO: 14211 PH 2020-07-11 1506 GM2T 59 27 OZ1DAO 59 18
QSO: 14211 PH 2020-07-11 1507 GM2T 59 27 DG4VD 59 28
QSO: 14211 PH 2020-07-11 1508 GM2T 59 27 SO7G 59 28
QSO: 14211 PH 2020-07-11 1508 GM2T 59 27 DK4VW 59 28
QSO: 14211 PH 2020-07-11 1508 GM2T 59 27 SN7H 59 28
QSO: 14211 PH 2020-07-11 1509 GM2T 59 27 IK1RGK 59 28
QSO: 14211 PH 2020-07-11 1510 GM2T 59 27 ON7DR 59 27
QSO: 14211 PH 2020-07-11 1510 GM2T 59 27 EA2CCG 59 37
QSO: 14211 PH 2020-07-11 1511 GM2T 59 27 F6CUW 59 27
QSO: 14211 PH 2020-07-11 1512 GM2T 59 27 LX1FF 59 27
QSO: 14211 PH 2020-07-11 1514 GM2T 59 27 F4BIV 59 27
QSO: 14211 PH 2020-07-11 1515 GM2T 59 27 DJ1OJ 59 28
QSO: 14211 PH 2020-07-11 1515 GM2T 59 27 YO7SR 59 28
QSO: 14211 PH 2020-07-11 1516 GM2T 59 27 DB8AH 59 28
QSO: 14211 PH 2020-07-11 1516 GM2T 59 27 DL5OA 59 28
QSO: 14211 PH 2020-07-11 1517 GM2T 59 27 DL0YLQ 59 28
QSO: 14211 PH 2020-07-11 1517 GM2T 59 27 DM5RS 59 28
QSO: 14211 PH 2020-07-11 1518 GM2T 59 27 HB9COF 59 28
QSO: 14211 PH 2020-07-11 1518 GM2T 59 27 HG6V 59 28
QSO: 14211 PH 2020-07-11 1519 GM2T 59 27 DG3T 59 28
QSO: 14211 PH 2020-07-11 1519 GM2T 59 27 SP6DVP 59 28
QSO: 14211 PH 2020-07-11 1521 GM2T 59 27 PE1EWR 59 27
QSO: 14211 PH 2020-07-11 1521 GM2T 59 27 OM5WW 59 28
QSO: 14211 PH 2020-07-11 1522 GM2T 59 27 RT4G 59 29
QSO: 14211 PH 2020-07-11 1523 GM2T 59 27 ON3AT 59 27
QSO: 14211 PH 2020-07-11 1523 GM2T 59 27 PD3LPA 59 27
QSO: 14211 PH 2020-07-11 1524 GM2T 59 27 SN0HQ 59 PZK
QSO: 14211 PH 2020-07-11 1524 GM2T 59 27 SP6VWX 59 28
QSO: 14211 PH 2020-07-11 1524 GM2T 59 27 IO6HQ 59 ARI
QSO: 14211 PH 2020-07-11 1525 GM2T 59 27 SQ3M 59 28
QSO: 14211 PH 2020-07-11 1525 GM2T 59 27 R3DCB 59 29
QSO: 14211 PH 2020-07-11 1526 GM2T 59 27 DL2DQL 59 28
QSO: 14211 PH 2020-07-11 1527 GM2T 59 27 PA2CVD 59 27
QSO: 14211 PH 2020-07-11 1527 GM2T 59 27 HA5PP 59 28
QSO: 14211 PH 2020-07-11 1529 GM2T 59 27 UT1DX 59 29
QSO: 28495 PH 2020-07-11 1531 GM2T 59 27 YR0HQ 59 FRR
QSO: 28490 PH 2020-07-11 1532 GM2T 59 27 LY0HQ 59 LRMD
QSO: 28482 PH 2020-07-11 1534 GM2T 59 27 HG0HQ 59 MRASZ
QSO: 14220 PH 2020-07-11 1601 GM2T 59 27 HB9HQ 59 USKA
QSO: 14203 PH 2020-07-11 1602 GM2T 59 27 ER7HQ 59 ARM
QSO: 14199 PH 2020-07-11 1603 GM2T 59 27 4X1DX 59 39
QSO: 14195 PH 2020-07-11 1604 GM2T 59 27 ED3T 59 37
QSO: 14186 PH 2020-07-11 1605 GM2T 59 27 K5ZD 59 08
QSO: 14178 PH 2020-07-11 1606 GM2T 59 27 HG0HQ 59 MRASZ
QSO: 14172 PH 2020-07-11 1607 GM2T 59 27 OR1Z 59 27
QSO: 14170 PH 2020-07-11 1608 GM2T 59 27 A41NN 59 39
QSO: 14163 PH 2020-07-11 1609 GM2T 59 27 SP7MC 59 28
QSO: 14156 PH 2020-07-11 1610 GM2T 59 27 4U1A 59 28
QSO: 14149 PH 2020-07-11 1611 GM2T 59 27 OH6MSZ 59 18
QSO: 14348 PH 2020-07-11 1613 GM2T 59 27 EU1TL 59 29
QSO: 14246 PH 2020-07-11 1615 GM2T 59 27 9A0HQ 59 HRS
QSO: 14243 PH 2020-07-11 1616 GM2T 59 27 LX8HQ 59 RL
QSO: 14242 PH 2020-07-11 1616 GM2T 59 27 TM0HQ 59 REF
QSO: 14237 PH 2020-07-11 1617 GM2T 59 27 EM5HQ 59 UARL
QSO: 14215 PH 2020-07-11 1619 GM2T 59 27 YT0HQ 59 SRS
QSO: 14213 PH 2020-07-11 1619 GM2T 59 27 OE0HQ 59 OVSV
QSO: 14180 PH 2020-07-11 1623 GM2T 59 27 LZ0HQ 59 BFRA
QSO: 14174 PH 2020-07-11 1624 GM2T 59 27 PA2TMS 59 27
QSO: 14162 PH 2020-07-11 1625 GM2T 59 27 DG1IU 59 28
QSO: 14147 PH 2020-07-11 1626 GM2T 59 27 PC3T 59 27
QSO: 14167 PH 2020-07-11 1628 GM2T 59 27 PX2A 59 15
QSO: 14183 PH 2020-07-11 1631 GM2T 59 27 EI0HQ 59 IRTS
QSO: 14203 PH 2020-07-11 1634 GM2T 59 27 VU2YVK 59 41
QSO: 14205 PH 2020-07-11 1636 GM2T 59 27 LC4C 59 18
QSO: 14226 PH 2020-07-11 1637 GM2T 59 27 M1C 59 27
QSO: 14228 PH 2020-07-11 1637 GM2T 59 27 UT5C 59 29
QSO: 14251 PH 2020-07-11 1640 GM2T 59 27 EF4HQ 59 URE
QSO: 14258 PH 2020-07-11 1642 GM2T 59 27 IU3BTY 59 28
QSO: 14260 PH 2020-07-11 1642 GM2T 59 27 RT2F 59 29
QSO: 14280 PH 2020-07-11 1643 GM2T 59 27 EE7P 59 37
QSO: 14282 PH 2020-07-11 1644 GM2T 59 27 OP0HQ 59 UBA
QSO: 14285 PH 2020-07-11 1645 GM2T 59 27 DA0HQ 59 DARC
QSO: 14304 PH 2020-07-11 1647 GM2T 59 27 EU1A 59 29
QSO: 14310 PH 2020-07-11 1647 GM2T 59 27 EA3CI 59 37
QSO: 14312 PH 2020-07-11 1647 GM2T 59 27 PY4BZ 59 15
QSO: 14315 PH 2020-07-11 1648 GM2T 59 27 EW1I 59 29
QSO: 14337 PH 2020-07-11 1649 GM2T 59 27 OL0HQ 59 CRC
QSO: 14278 PH 2020-07-11 1651 GM2T 59 27 IW1FRU 59 28
QSO: 14272 PH 2020-07-11 1652 GM2T 59 27 SN8K 59 28
QSO: 14261 PH 2020-07-11 1654 GM2T 59 27 RT2F 59 29
QSO: 14256 PH 2020-07-11 1654 GM2T 59 27 DQ5M 59 28
QSO: 14319 PH 2020-07-11 1658 GM2T 59 27 8N1HQ 59 JARL
QSO: 14269 PH 2020-07-11 1702 GM2T 59 27 YO3RU 59 28
QSO: 14265 PH 2020-07-11 1703 GM2T 59 27 LY0HQ 59 LRMD
QSO: 14244 PH 2020-07-11 1704 GM2T 59 27 OM3BH 59 28
QSO: 14239 PH 2020-07-11 1705 GM2T 59 27 F6KOP 59 27
QSO: 14232 PH 2020-07-11 1707 GM2T 59 27 EA5IQX 59 37
QSO: 14223 PH 2020-07-11 1707 GM2T 59 27 DF2F 59 28
QSO: 14217 PH 2020-07-11 1708 GM2T 59 27 S50HQ 59 ZRS
QSO: 14179 PH 2020-07-11 1710 GM2T 59 27 J42L 59 28
QSO: 14160 PH 2020-07-11 1712 GM2T 59 27 A42K 59 39
QSO: 14000 CW 2020-07-11 1720 GM2T 599 27 TA3X 599 39
QSO: 14003 CW 2020-07-11 1723 GM2T 599 27 NU1AW 599 IARU
QSO: 14005 CW 2020-07-11 1725 GM2T 599 27 SE5E 599 18
QSO: 14009 CW 2020-07-11 1728 GM2T 599 27 OP0HQ 599 UBA
QSO: 14010 CW 2020-07-11 1729 GM2T 599 27 YT6W 599 28
QSO: 14011 CW 2020-07-11 1730 GM2T 599 27 S50HQ 599 ZRS
QSO: 14012 CW 2020-07-11 1731 GM2T 599 27 GR2HQ 599 RSGB
QSO: 14013 CW 2020-07-11 1732 GM2T 599 27 VE9RAC 599 09
QSO: 14013 CW 2020-07-11 1733 GM2T 599 27 K3WW 599 08
QSO: 14014 CW 2020-07-11 1733 GM2T 599 27 LZ5R 599 28
QSO: 14016 CW 2020-07-11 1736 GM2T 599 27 BA1RB 599 44
QSO: 14016 CW 2020-07-11 1736 GM2T 599 27 K3CCR 599 08
QSO: 14017 CW 2020-07-11 1738 GM2T 599 27 YR0HQ 599 FRR
QSO: 14021 CW 2020-07-11 1742 GM2T 599 27 LN2HQ 599 NRRL
QSO: 14022 CW 2020-07-11 1743 GM2T 599 27 YT0HQ 599 SRS
QSO: 14024 CW 2020-07-11 1744 GM2T 599 27 K5ZD 599 08
QSO: 14025 CW 2020-07-11 1746 GM2T 599 27 KD4D 599 08
QSO: 14026 CW 2020-07-11 1746 GM2T 599 27 EM5HQ 599 UARL
QSO: 14026 CW 2020-07-11 1747 GM2T 599 27 YT1T 599 28
QSO: 14027 CW 2020-07-11 1748 GM2T 599 27 VE3EJ 599 04
QSO: 14028 CW 2020-07-11 1749 GM2T 599 27 EF4HQ 599 URE
QSO: 14030 CW 2020-07-11 1751 GM2T 599 27 5Z4/G3AB 599 48
QSO: 14030 CW 2020-07-11 1752 GM2T 599 27 K8AZ 599 08
QSO: 14030 CW 2020-07-11 1753 GM2T 599 27 OK2QA 599 28
QSO: 14032 CW 2020-07-11 1753 GM2T 599 27 DA0HQ 599 DARC
QSO: 14032 CW 2020-07-11 1755 GM2T 599 27 IR2Q 599 28
QSO: 14036 CW 2020-07-11 1756 GM2T 599 27 F5MUX 599 27
QSO: 14037 CW 2020-07-11 1756 GM2T 599 27 OH8L 599 18
QSO: 14038 CW 2020-07-11 1757 GM2T 599 27 OH0R 599 18
QSO: 14039 CW 2020-07-11 1758 GM2T 599 27 SN7Q 599 28
QSO: 14040 CW 2020-07-11 1800 GM2T 599 27 EW2A 599 29
QSO: 14041 CW 2020-07-11 1801 GM2T 599 27 DL7ON 599 28
QSO: 14041 CW 2020-07-11 1802 GM2T 599 27 OH2HQ 599 SRAL
QSO: 14043 CW 2020-07-11 1803 GM2T 599 27 HA3NU 599 28
QSO: 14043 CW 2020-07-11 1803 GM2T 599 27 LY0HQ 599 LRMD
QSO: 14045 CW 2020-07-11 1804 GM2T 599 27 RC6U 599 29
QSO: 14048 CW 2020-07-11 1805 GM2T 599 27 PT2AW 599 13
QSO: 14049 CW 2020-07-11 1806 GM2T 599 27 OR0R 599 27
QSO: 14050 CW 2020-07-11 1808 GM2T 599 27 PA6HQ 599 VERON
QSO: 14052 CW 2020-07-11 1809 GM2T 599 27 CR6K 599 37
QSO: 14053 CW 2020-07-11 1809 GM2T 599 27 K4OAQ 599 08
QSO: 14053 CW 2020-07-11 1810 GM2T 599 27 UT5UGR 599 29
QSO: 14055 CW 2020-07-11 1810 GM2T 599 27 K1KI 599 08
QSO: 14056 CW 2020-07-11 1811 GM2T 599 27 VA2WA 599 04
QSO: 14058 CW 2020-07-11 1814 GM2T 599 27 SQ5JUP 599 28
QSO: 14060 CW 2020-07-11 1815 GM2T 599 27 BD7BM 599 44
QSO: 14060 CW 2020-07-11 1816 GM2T 599 27 UW5Y 599 29
QSO: 14061 CW 2020-07-11 1816 GM2T 599 27 HA6P 599 28
QSO: 14062 CW 2020-07-11 1817 GM2T 599 27 EA8DHV 599 36
QSO: 14065 CW 2020-07-11 1818 GM2T 599 27 VE9AA 599 09
QSO: 14066 CW 2020-07-11 1818 GM2T 599 27 LX8HQ 599 RL
QSO: 14001 CW 2020-07-11 1820 GM2T 599 27 SN3R 599 28
QSO: 14003 CW 2020-07-11 1821 GM2T 599 27 KC1XX 599 08
QSO: 14003 CW 2020-07-11 1821 GM2T 599 27 YR8D 599 28
QSO: 14005 CW 2020-07-11 1822 GM2T 599 27 DM6V 599 28
QSO: 14008 CW 2020-07-11 1826 GM2T 599 27 4X1MM 599 39
QSO: 14012 CW 2020-07-11 1827 GM2T 599 27 NC1CC 599 08
QSO: 14014 CW 2020-07-11 1828 GM2T 599 27 TM0HQ 599 REF
QSO: 14016 CW 2020-07-11 1831 GM2T 599 27 PW7HQ 599 LABRE
QSO: 7123 PH 2020-07-11 1903 GM2T 59 27 LX1FF 59 27
QSO: 7123 PH 2020-07-11 1906 GM2T 59 27 DL0WM 59 28
QSO: 7123 PH 2020-07-11 1910 GM2T 59 27 MW6LTR 59 27
QSO: 14296 PH 2020-07-11 1917 GM2T 59 27 OZ1KVM 59 18
QSO: 14296 PH 2020-07-11 1922 GM2T 59 27 OK6AB 59 28
QSO: 14296 PH 2020-07-11 1923 GM2T 59 27 DL1MHJ 59 28
QSO: 14257 PH 2020-07-11 1928 GM2T 59 27 C4W 59 39
QSO: 14230 PH 2020-07-11 1929 GM2T 59 27 LY7Z 59 29
QSO: 7123 PH 2020-07-11 1932 GM2T 59 27 OP0HQ 59 UBA
QSO: 7101 PH 2020-07-11 1933 GM2T 59 27 LX8HQ 59 RL
QSO: 7104 PH 2020-07-11 1935 GM2T 59 27 RA5A 59 29
QSO: 3761 PH 2020-07-11 1942 GM2T 59 27 SK9HQ 59 SSA
QSO: 3715 PH 2020-07-11 1943 GM2T 59 27 IO2HQ 59 ARI
QSO: 28022 CW 2020-07-11 1953 GM2T 599 27 KP2M 599 11
QSO: 28020 CW 2020-07-11 1956 GM2T 599 27 K8AZ 599 08
QSO: 28020 CW 2020-07-11 1957 GM2T 599 27 N8II 599 08
QSO: 28020 CW 2020-07-11 1957 GM2T 599 27 TM0HQ 599 REF
QSO: 28020 CW 2020-07-11 1958 GM2T 599 27 W9EW 599 08
QSO: 28020 CW 2020-07-11 1959 GM2T 599 27 K1XM 599 08
QSO: 28020 CW 2020-07-11 2002 GM2T 599 27 IW2EWB 599 28
QSO: 28020 CW 2020-07-11 2002 GM2T 599 27 E7HQ 599 ARABH
QSO: 28020 CW 2020-07-11 2003 GM2T 599 27 KD3D 599 08
QSO: 28020 CW 2020-07-11 2005 GM2T 599 27 K9OM 599 08
QSO: 28020 CW 2020-07-11 2005 GM2T 599 27 K8GL 599 08
QSO: 28020 CW 2020-07-11 2006 GM2T 599 27 IW2EAB 599 28
QSO: 28020 CW 2020-07-11 2008 GM2T 599 27 K9UIY 599 08
QSO: 28020 CW 2020-07-11 2009 GM2T 599 27 F5MMB 599 27
QSO: 28020 CW 2020-07-11 2009 GM2T 599 27 N9CIQ 599 07
QSO: 28020 CW 2020-07-11 2010 GM2T 599 27 K3WJV 599 08
QSO: 28020 CW 2020-07-11 2012 GM2T 599 27 KE4S 599 08
QSO: 28515 PH 2020-07-11 2016 GM2T 59 27 HB9HQ 59 USKA
QSO: 28007 CW 2020-07-11 2018 GM2T 599 27 EF4HQ 599 URE
QSO: 28023 CW 2020-07-11 2025 GM2T 599 27 K9NW 599 08
QSO: 28023 CW 2020-07-11 2026 GM2T 599 27 W8CAR 599 08
QSO: 28023 CW 2020-07-11 2027 GM2T 599 27 IK2CFD 599 28
QSO: 28023 CW 2020-07-11 2027 GM2T 599 27 N2KW 599 08
QSO: 28023 CW 2020-07-11 2028 GM2T 599 27 KX0C 599 07
QSO: 28023 CW 2020-07-11 2029 GM2T 599 27 K2IW 599 08
QSO: 28022 CW 2020-07-11 2030 GM2T 599 27 GR2HQ 599 RSGB
QSO: 14017 CW 2020-07-11 2034 GM2T 599 27 4L8A 599 29
QSO: 14021 CW 2020-07-11 2035 GM2T 599 27 N3BB 599 07
QSO: 14021 CW 2020-07-11 2036 GM2T 599 27 AA3B 599 08
QSO: 14022 CW 2020-07-11 2036 GM2T 599 27 IO4T 599 28
QSO: 14023 CW 2020-07-11 2037 GM2T 599 27 HA9RT 599 28
QSO: 14023 CW 2020-07-11 2037 GM2T 599 27 SN0HQ 599 PZK
QSO: 14035 CW 2020-07-11 2039 GM2T 599 27 Z30HQ 599 RSM
QSO: 7097 PH 2020-07-11 2043 GM2T 59 27 DH2PA 59 28
QSO: 7095 PH 2020-07-11 2043 GM2T 59 27 MI0I 59 27
QSO: 7095 PH 2020-07-11 2044 GM2T 59 27 UA3BL 59 29
QSO: 7100 PH 2020-07-11 2047 GM2T 59 27 RL3A 59 29
QSO: 7107 PH 2020-07-11 2047 GM2T 59 27 EW1I 59 29
QSO: 7116 PH 2020-07-11 2049 GM2T 59 27 S56WYB 59 28
QSO: 7118 PH 2020-07-11 2049 GM2T 59 27 OL7T 59 28
QSO: 14159 PH 2020-07-11 2054 GM2T 59 27 N1UR 59 08
QSO: 14163 PH 2020-07-11 2055 GM2T 59 27 F8KGM 59 27
QSO: 14186 PH 2020-07-11 2100 GM2T 59 27 Z30HQ 59 RSM
QSO: 14196 PH 2020-07-11 2102 GM2T 59 27 N2QV 59 08
QSO: 14212 PH 2020-07-11 2104 GM2T 59 27 DJ7R 59 28
QSO: 14234 PH 2020-07-11 2105 GM2T 59 27 UB7K 59 29
QSO: 14251 PH 2020-07-11 2106 GM2T 59 27 EF4HQ 59 URE
QSO: 14305 PH 2020-07-11 2107 GM2T 59 27 S53MM 59 28
QSO: 14319 PH 2020-07-11 2109 GM2T 59 27 LU7YS 59 16
QSO: 14313 PH 2020-07-11 2111 GM2T 59 27 LR4HQ 59 RAC
QSO: 14307 PH 2020-07-11 2112 GM2T 59 27 II1A 59 28
QSO: 14255 PH 2020-07-11 2114 GM2T 59 27 HA3NU 59 28
QSO: 14237 PH 2020-07-11 2116 GM2T 59 27 YR0HQ 59 FRR
QSO: 7100 PH 2020-07-11 2124 GM2T 59 27 YR0HQ 59 FRR
QSO: 7089 PH 2020-07-11 2127 GM2T 59 27 UW7LL 59 29
QSO: 7106 PH 2020-07-11 2128 GM2T 59 27 YT1A 59 28
QSO: 7110 PH 2020-07-11 2128 GM2T 59 27 RU3A 59 29
QSO: 7092 PH 2020-07-11 2129 GM2T 59 27 RA6CA 59 29
QSO: 7127 PH 2020-07-11 2132 GM2T 59 27 HB9HQ 59 USKA
QSO: 3797 PH 2020-07-11 2134 GM2T 59 27 LY0HQ 59 LRMD
QSO: 3720 PH 2020-07-11 2136 GM2T 59 27 OE0HQ 59 OVSV
QSO: 3709 PH 2020-07-11 2137 GM2T 59 27 IW1FRU 59 28
QSO: 3718 PH 2020-07-11 2139 GM2T 59 27 DH2PA 59 28
QSO: 3715 PH 2020-07-11 2142 GM2T 59 27 IO2HQ 59 ARI
QSO: 3725 PH 2020-07-11 2143 GM2T 59 27 YR0HQ 59 FRR
QSO: 3722 PH 2020-07-11 2144 GM2T 59 27 F4GOT 59 27
QSO: 3710 PH 2020-07-11 2145 GM2T 59 27 IN3EY 59 28
QSO: 3705 PH 2020-07-11 2146 GM2T 59 27 HG0HQ 59 MRASZ
QSO: 3661 PH 2020-07-11 2147 GM2T 59 27 EA2DR 59 37
QSO: 7116 PH 2020-07-11 2153 GM2T 59 27 IZ0PAU 59 28
QSO: 7110 PH 2020-07-11 2154 GM2T 59 27 LZ0HQ 59 BFRA
QSO: 7108 PH 2020-07-11 2155 GM2T 59 27 SV2AEL 59 28
QSO: 7106 PH 2020-07-11 2156 GM2T 59 27 ED3C 59 37
QSO: 7086 PH 2020-07-11 2157 GM2T 59 27 RM4HZ 59 30
QSO: 7095 PH 2020-07-11 2159 GM2T 59 27 SK9HQ 59 SSA
QSO: 7103 PH 2020-07-11 2200 GM2T 59 27 SN8K 59 28
QSO: 7130 PH 2020-07-11 2204 GM2T 59 27 PA6HQ 59 VERON
QSO: 7133 PH 2020-07-11 2206 GM2T 59 27 HG0HQ 59 MRASZ
QSO: 7098 PH 2020-07-11 2207 GM2T 59 27 HA3DX 59 28
QSO: 7091 PH 2020-07-11 2208 GM2T 59 27 IW2MXY 59 28
QSO: 7084 PH 2020-07-11 2208 GM2T 59 27 US5D 59 29
QSO: 14291 PH 2020-07-11 2210 GM2T 59 27 E7DX 59 28
QSO: 14000 CW 2020-07-11 2221 GM2T 599 27 VA2EW 599 04
QSO: 14024 CW 2020-07-11 2224 GM2T 599 27 LY6A 599 29
QSO: 14025 CW 2020-07-11 2224 GM2T 599 27 LY7Z 599 29
QSO: 14027 CW 2020-07-11 2225 GM2T 599 27 PJ4A 599 11
QSO: 14030 CW 2020-07-11 2225 GM2T 599 27 LZ9W 599 28
QSO: 14029 CW 2020-07-11 2226 GM2T 599 27 R2AA 599 29
QSO: 14030 CW 2020-07-11 2227 GM2T 599 27 RG6G 599 29
QSO: 14017 CW 2020-07-11 2227 GM2T 599 27 RL3A 599 29
QSO: 14027 CW 2020-07-11 2229 GM2T 599 27 N4BP 599 08
QSO: 14026 CW 2020-07-11 2229 GM2T 599 27 W1WEF 599 08
QSO: 14020 CW 2020-07-11 2231 GM2T 599 27 HA1TD 599 28
QSO: 14002 CW 2020-07-11 2233 GM2T 599 27 K7SV 599 08
QSO: 14008 CW 2020-07-11 2236 GM2T 599 27 KS1J 599 08
QSO: 14008 CW 2020-07-11 2236 GM2T 599 27 VE3TM 599 04
QSO: 14008 CW 2020-07-11 2237 GM2T 599 27 K2UR 599 08
QSO: 14008 CW 2020-07-11 2237 GM2T 599 27 UW1M 599 29
QSO: 14008 CW 2020-07-11 2238 GM2T 599 27 KG4W 599 08
QSO: 14008 CW 2020-07-11 2238 GM2T 599 27 K0RF 599 07
QSO: 14198 PH 2020-07-11 2241 GM2T 59 27 UA3IVF 59 29
QSO: 3718 PH 2020-07-11 2242 GM2T 59 27 SP8KP 59 28
QSO: 3723 PH 2020-07-11 2243 GM2T 59 27 OZ1HQ 59 EDR
QSO: 3777 PH 2020-07-11 2246 GM2T 59 27 GR2HQ 59 RSGB
QSO: 3526 CW 2020-07-11 2251 GM2T 599 27 9A0HQ 599 HRS
QSO: 3536 CW 2020-07-11 2253 GM2T 599 27 DL1CW 599 28
QSO: 3541 CW 2020-07-11 2254 GM2T 599 27 OK7T 599 28
QSO: 3564 CW 2020-07-11 2302 GM2T 599 27 HA6NL 599 28
QSO: 3564 CW 2020-07-11 2302 GM2T 599 27 P3X 599 39
QSO: 28012 CW 2020-07-11 2304 GM2T 599 27 IO9HQ 599 ARI
QSO: 28029 CW 2020-07-11 2307 GM2T 599 27 I2IFT 599 28
QSO: 28029 CW 2020-07-11 2308 GM2T 599 27 OE0HQ 599 OVSV
QSO: 14036 CW 2020-07-11 2317 GM2T 599 27 4O3A 599 28
QSO: 7109 PH 2020-07-11 2323 GM2T 59 27 HG6V 59 28
QSO: 14151 PH 2020-07-11 2328 GM2T 59 27 NU1AW 59 IARU
QSO: 14197 PH 2020-07-11 2332 GM2T 59 27 N2NT 59 08
QSO: 14197 PH 2020-07-11 2334 GM2T 59 27 N8II 59 08
QSO: 14197 PH 2020-07-11 2337 GM2T 59 27 IN3HEZ 59 28
QSO: 14197 PH 2020-07-11 2340 GM2T 59 27 IR4M 59 28
QSO: 14197 PH 2020-07-11 2343 GM2T 59 27 S5/M0MPM 59 28
QSO: 14197 PH 2020-07-11 2343 GM2T 59 27 AA8DC 59 08
QSO: 14197 PH 2020-07-11 2344 GM2T 59 27 W3FW 59 08
QSO: 14197 PH 2020-07-11 2348 GM2T 59 27 PY9GC 59 13
QSO: 14274 PH 2020-07-11 2354 GM2T 59 27 W1AW/4 59 ARRL
QSO: 14269 PH 2020-07-11 2358 GM2T 59 27 WR2G 59 08
QSO: 14269 PH 2020-07-11 2358 GM2T 59 27 AJ3AA 59 08
QSO: 14269 PH 2020-07-12 0000 GM2T 59 27 F5IND 59 27
QSO: 14269 PH 2020-07-12 0000 GM2T 59 27 OE4C 59 28
QSO: 7150 PH 2020-07-12 0006 GM2T 59 27 YT0HQ 59 SRS
QSO: 7126 PH 2020-07-12 0007 GM2T 59 27 OE0HQ 59 OVSV
QSO: 7107 PH 2020-07-12 0008 GM2T 59 27 IZ1OSP 59 28
QSO: 3791 PH 2020-07-12 0010 GM2T 59 27 OH2HQ 59 SRAL
QSO: 3702 PH 2020-07-12 0209 GM2T 59 27 LX1HD 59 27
QSO: 3740 PH 2020-07-12 0210 GM2T 59 27 SN0HQ 59 PZK
QSO: 3727 PH 2020-07-12 0211 GM2T 59 27 HB9HQ 59 USKA
QSO: 3732 PH 2020-07-12 0223 GM2T 59 27 YT0HQ 59 SRS
QSO: 3719 PH 2020-07-12 0225 GM2T 59 27 SN7H 59 28
QSO: 3712 PH 2020-07-12 0228 GM2T 59 27 IR2Q 59 28
QSO: 3712 PH 2020-07-12 0229 GM2T 59 27 OP0HQ 59 UBA
QSO: 3712 PH 2020-07-12 0231 GM2T 59 27 OH1POR 59 18
QSO: 3712 PH 2020-07-12 0233 GM2T 59 27 M0MCV 59 27
QSO: 3695 PH 2020-07-12 0238 GM2T 59 27 LZ1DM 59 28
QSO: 7131 PH 2020-07-12 0250 GM2T 59 27 ES7A 59 29
QSO: 3760 PH 2020-07-12 0256 GM2T 59 27 TM0HQ 59 REF
QSO: 3713 PH 2020-07-12 0258 GM2T 59 27 OM6TX 59 28
QSO: 3707 PH 2020-07-12 0301 GM2T 59 27 DK1X 59 28
QSO: 3716 PH 2020-07-12 0303 GM2T 59 27 EA3CI 59 37
QSO: 3687 PH 2020-07-12 0310 GM2T 59 27 PA0AWH 59 27
QSO: 3687 PH 2020-07-12 0312 GM2T 59 27 9A0HQ 59 HRS
QSO: 3687 PH 2020-07-12 0314 GM2T 59 27 G8HBS 59 27
QSO: 3687 PH 2020-07-12 0314 GM2T 59 27 DJ5MW 59 28
QSO: 3687 PH 2020-07-12 0317 GM2T 59 27 SP8IOV 59 28
QSO: 3687 PH 2020-07-12 0320 GM2T 59 27 LA2GKA 59 18
QSO: 14003 CW 2020-07-12 0745 GM2T 599 27 KU1CW 599 06
QSO: 14004 CW 2020-07-12 0746 GM2T 599 27 OM0R 599 28
QSO: 14005 CW 2020-07-12 0747 GM2T 599 27 IK1JJM 599 28
QSO: 14005 CW 2020-07-12 0748 GM2T 599 27 RW2F 599 29
QSO: 14006 CW 2020-07-12 0752 GM2T 599 27 YL4HQ 599 LRAL
QSO: 14006 CW 2020-07-12 0753 GM2T 599 27 RX3N 599 29
QSO: 14007 CW 2020-07-12 0754 GM2T 599 27 EA8RM 599 36
QSO: 14050 CW 2020-07-12 0756 GM2T 599 27 S50W 599 28
QSO: 14026 CW 2020-07-12 0757 GM2T 599 27 MM0T 599 27
QSO: 14048 CW 2020-07-12 0759 GM2T 599 27 ER7HQ 599 ARM
QSO: 14011 CW 2020-07-12 0800 GM2T 599 27 RT9S 599 30
QSO: 14021 CW 2020-07-12 0801 GM2T 599 27 R0HQ 599 SRR
QSO: 14213 PH 2020-07-12 0807 GM2T 59 27 HG0Y 59 28
QSO: 28482 PH 2020-07-12 0810 GM2T 59 27 SQ7OFL 59 28
QSO: 28480 PH 2020-07-12 0812 GM2T 59 27 SM3KJA 59 18
QSO: 28480 PH 2020-07-12 0813 GM2T 59 27 MM0TFU 59 27
QSO: 28480 PH 2020-07-12 0815 GM2T 59 27 GR2HQ 59 RSGB
QSO: 28480 PH 2020-07-12 0815 GM2T 59 27 SE5W 59 18
QSO: 28489 PH 2020-07-12 0835 GM2T 59 27 EF4HQ 59 URE
QSO: 7140 PH 2020-07-12 0844 GM2T 59 27 OR1X 59 27
QSO: 14234 PH 2020-07-12 0845 GM2T 59 27 SF4D 59 18
QSO: 14258 PH 2020-07-12 0846 GM2T 59 27 IQ4FA 59 28
QSO: 14260 PH 2020-07-12 0847 GM2T 59 27 YL4HQ 59 LRAL
QSO: 14280 PH 2020-07-12 0850 GM2T 59 27 DK2AT 59 28
QSO: 14280 PH 2020-07-12 0851 GM2T 59 27 RA3DX 59 29
QSO: 14280 PH 2020-07-12 0851 GM2T 59 27 RM9A 59 30
QSO: 14280 PH 2020-07-12 0852 GM2T 59 27 DK1WH/P 59 28
QSO: 28018 CW 2020-07-12 0855 GM2T 599 27 S50HQ 599 ZRS
QSO: 28013 CW 2020-07-12 0855 GM2T 599 27 R0HQ 599 SRR
QSO: 28012 CW 2020-07-12 0856 GM2T 599 27 RK8I 599 31
QSO: 28008 CW 2020-07-12 0856 GM2T 599 27 YT0HQ 599 SRS
QSO: 28018 CW 2020-07-12 0857 GM2T 599 27 SM2EKM 599 18
QSO: 28021 CW 2020-07-12 0858 GM2T 599 27 UW5Y 599 29
QSO: 28039 CW 2020-07-12 0900 GM2T 599 27 SP2LNW 599 28
QSO: 28037 CW 2020-07-12 0902 GM2T 599 27 RG6G 599 29
QSO: 28037 CW 2020-07-12 0902 GM2T 599 27 YL5W 599 29
QSO: 28036 CW 2020-07-12 0903 GM2T 599 27 OH2HQ 599 SRAL
QSO: 28004 CW 2020-07-12 0903 GM2T 599 27 LA5LJA 599 18
QSO: 28524 PH 2020-07-12 0906 GM2T 59 27 HG6V 59 28
QSO: 28524 PH 2020-07-12 0906 GM2T 59 27 OH6ECM 59 18
QSO: 28524 PH 2020-07-12 0906 GM2T 59 27 OE1SZW 59 28
QSO: 28477 PH 2020-07-12 0910 GM2T 59 27 E7DX 59 28
QSO: 28500 PH 2020-07-12 0911 GM2T 59 27 R0HQ 59 SRR
QSO: 28443 PH 2020-07-12 0912 GM2T 59 27 E7HQ 59 ARABH
QSO: 28458 PH 2020-07-12 0912 GM2T 59 27 EA1L 59 37
QSO: 28007 CW 2020-07-12 0914 GM2T 599 27 EM5HQ 599 UARL
QSO: 28467 PH 2020-07-12 0920 GM2T 59 27 ES7A 59 29
QSO: 28416 PH 2020-07-12 0923 GM2T 59 27 SQ9HZM 59 28
QSO: 28462 PH 2020-07-12 0924 GM2T 59 27 OH2HQ 59 SRAL
QSO: 28474 PH 2020-07-12 0925 GM2T 59 27 S50HQ 59 ZRS
QSO: 28505 PH 2020-07-12 0926 GM2T 59 27 YT0HQ 59 SRS
QSO: 28511 PH 2020-07-12 0927 GM2T 59 27 OM4Q 59 28
QSO: 28448 PH 2020-07-12 0928 GM2T 59 27 MI0I 59 27
QSO: 28432 PH 2020-07-12 0930 GM2T 59 27 LY5E 59 29
QSO: 28417 PH 2020-07-12 0931 GM2T 59 27 SP5TE 59 28
QSO: 28476 PH 2020-07-12 0932 GM2T 59 27 IO9HQ 59 ARI
QSO: 28421 PH 2020-07-12 0933 GM2T 59 27 ES0IA 59 29
QSO: 28466 PH 2020-07-12 0940 GM2T 59 27 TM0HQ 59 REF
QSO: 28437 PH 2020-07-12 0943 GM2T 59 27 HG6N 59 28
QSO: 28460 PH 2020-07-12 0946 GM2T 59 27 ED3C 59 37
QSO: 28421 PH 2020-07-12 0951 GM2T 59 27 SP2JMR 59 28
QSO: 28454 PH 2020-07-12 0954 GM2T 59 27 SP9TPZ 59 28
QSO: 28454 PH 2020-07-12 0954 GM2T 59 27 OK1K 59 28
QSO: 28454 PH 2020-07-12 0954 GM2T 59 27 9A9D 59 28
QSO: 28454 PH 2020-07-12 0956 GM2T 59 27 OH6NJ 59 18
QSO: 28454 PH 2020-07-12 0957 GM2T 59 27 SP9KJU 59 28
QSO: 28454 PH 2020-07-12 0958 GM2T 59 27 I5KAP 59 28
QSO: 28454 PH 2020-07-12 1001 GM2T 59 27 DL7JV 59 28
QSO: 28454 PH 2020-07-12 1002 GM2T 59 27 HB9FVL 59 28
QSO: 28454 PH 2020-07-12 1002 GM2T 59 27 RW1GW 59 29
QSO: 28454 PH 2020-07-12 1004 GM2T 59 27 F8AOF 59 27
QSO: 28454 PH 2020-07-12 1006 GM2T 59 27 DM2TO 59 28
QSO: 28454 PH 2020-07-12 1006 GM2T 59 27 DL3HXS 59 28
QSO: 28454 PH 2020-07-12 1006 GM2T 59 27 OH1ND 59 18
QSO: 28454 PH 2020-07-12 1007 GM2T 59 27 OE1HHB 59 28
QSO: 28454 PH 2020-07-12 1009 GM2T 59 27 OK1AGE 59 28
QSO: 28454 PH 2020-07-12 1009 GM2T 59 27 OH2FNR 59 18
QSO: 28454 PH 2020-07-12 1009 GM2T 59 27 DL9NDW 59 28
QSO: 28471 PH 2020-07-12 1012 GM2T 59 27 GM0V 59 27
QSO: 28541 PH 2020-07-12 1023 GM2T 59 27 OE3NLR 59 28
QSO: 28541 PH 2020-07-12 1023 GM2T 59 27 DL5ALW 59 28
QSO: 28541 PH 2020-07-12 1025 GM2T 59 27 IU1MRG 59 28
QSO: 28541 PH 2020-07-12 1026 GM2T 59 27 DL4JWU 59 28
QSO: 28541 PH 2020-07-12 1028 GM2T 59 27 OH2BRG 59 18
QSO: 28541 PH 2020-07-12 1029 GM2T 59 27 9A4TX 59 28
QSO: 28541 PH 2020-07-12 1030 GM2T 59 27 EA4FVT 59 37
QSO: 28541 PH 2020-07-12 1030 GM2T 59 27 DO6CE 59 28
QSO: 28541 PH 2020-07-12 1031 GM2T 59 27 S53G 59 28
QSO: 28541 PH 2020-07-12 1032 GM2T 59 27 OE2RPL 59 28
QSO: 28541 PH 2020-07-12 1033 GM2T 59 27 DL5MAM 59 28
QSO: 28541 PH 2020-07-12 1034 GM2T 59 27 DL1DF 59 28
QSO: 28541 PH 2020-07-12 1037 GM2T 59 27 IZ4UEZ 59 28
QSO: 28541 PH 2020-07-12 1038 GM2T 59 27 IK4RVG 59 28
QSO: 28541 PH 2020-07-12 1039 GM2T 59 27 DK4VW 59 28
QSO: 28541 PH 2020-07-12 1040 GM2T 59 27 DQ0Z 59 28
QSO: 28541 PH 2020-07-12 1041 GM2T 59 27 DO1OP 59 28
QSO: 28541 PH 2020-07-12 1043 GM2T 59 27 OH2BEV 59 18
QSO: 28541 PH 2020-07-12 1046 GM2T 59 27 IU4JJP 59 28
QSO: 28431 PH 2020-07-12 1050 GM2T 59 27 SK9HQ 59 SSA
QSO: 28427 PH 2020-07-12 1051 GM2T 59 27 YL4HQ 59 LRAL
QSO: 14183 PH 2020-07-12 1055 GM2T 59 27 RU3A 59 29
QSO: 14168 PH 2020-07-12 1057 GM2T 59 27 RT4F 59 29
QSO: 14171 PH 2020-07-12 1058 GM2T 59 27 OK1K 59 28
QSO: 14171 PH 2020-07-12 1059 GM2T 59 27 DG1EAD 59 28
QSO: 14171 PH 2020-07-12 1059 GM2T 59 27 N3XF 59 08
QSO: 14171 PH 2020-07-12 1100 GM2T 59 27 SQ9Z 59 28
QSO: 14171 PH 2020-07-12 1100 GM2T 59 27 R2DAW 59 29
QSO: 14171 PH 2020-07-12 1101 GM2T 59 27 DL7UGT 59 28
QSO: 14171 PH 2020-07-12 1101 GM2T 59 27 DL2RPN 59 28
QSO: 14171 PH 2020-07-12 1101 GM2T 59 27 LA9TY 59 18
QSO: 14171 PH 2020-07-12 1103 GM2T 59 27 F5TVK 59 27
QSO: 14171 PH 2020-07-12 1103 GM2T 59 27 E7HQ 59 ARABH
QSO: 14171 PH 2020-07-12 1104 GM2T 59 27 WA3AFS 59 08
QSO: 14171 PH 2020-07-12 1104 GM2T 59 27 OZ1DYI 59 18
QSO: 14171 PH 2020-07-12 1104 GM2T 59 27 ON3UN 59 27
QSO: 14171 PH 2020-07-12 1105 GM2T 59 27 DH7IF 59 28
QSO: 14171 PH 2020-07-12 1106 GM2T 59 27 DC2VE 59 28
QSO: 14171 PH 2020-07-12 1107 GM2T 59 27 LY5XX 59 29
QSO: 14171 PH 2020-07-12 1107 GM2T 59 27 RW1CW 59 29
QSO: 14171 PH 2020-07-12 1107 GM2T 59 27 DJ2FL 59 28
QSO: 14171 PH 2020-07-12 1108 GM2T 59 27 SN9H 59 28
QSO: 14171 PH 2020-07-12 1109 GM2T 59 27 UA9CUA 59 30
QSO: 14171 PH 2020-07-12 1109 GM2T 59 27 ON5JPJ 59 27
QSO: 14171 PH 2020-07-12 1109 GM2T 59 27 DL7FE 59 28
QSO: 14171 PH 2020-07-12 1110 GM2T 59 27 SP3CYY 59 28
QSO: 14171 PH 2020-07-12 1112 GM2T 59 27 WA1TAC 59 08
QSO: 14171 PH 2020-07-12 1113 GM2T 59 27 DG7NFX 59 28
QSO: 14171 PH 2020-07-12 1115 GM2T 59 27 UA9R 59 30
QSO: 14171 PH 2020-07-12 1116 GM2T 59 27 SP1V 59 28
QSO: 14171 PH 2020-07-12 1117 GM2T 59 27 LY2EE 59 29
QSO: 14171 PH 2020-07-12 1118 GM2T 59 27 ON7PM 59 27
QSO: 14171 PH 2020-07-12 1121 GM2T 59 27 DM5B 59 28
QSO: 14171 PH 2020-07-12 1121 GM2T 59 27 N4MM 59 08
QSO: 14171 PH 2020-07-12 1122 GM2T 59 27 DM5DX 59 28
QSO: 14171 PH 2020-07-12 1123 GM2T 59 27 SP2JMR 59 28
QSO: 14171 PH 2020-07-12 1124 GM2T 59 27 LX1FP 59 27
QSO: 14171 PH 2020-07-12 1124 GM2T 59 27 SQ2NNN 59 28
QSO: 14171 PH 2020-07-12 1127 GM2T 59 27 F5UII 59 27
QSO: 14171 PH 2020-07-12 1128 GM2T 59 27 MM0DXC 59 27
QSO: 14171 PH 2020-07-12 1128 GM2T 59 27 S57T 59 28
QSO: 14171 PH 2020-07-12 1129 GM2T 59 27 SP5JSZ 59 28
QSO: 14171 PH 2020-07-12 1130 GM2T 59 27 DL5EC 59 28
QSO: 14171 PH 2020-07-12 1133 GM2T 59 27 ON7ET 59 27
QSO: 14171 PH 2020-07-12 1133 GM2T 59 27 RA3DX 59 29
QSO: 14171 PH 2020-07-12 1133 GM2T 59 27 OK1KKI 59 28
QSO: 14171 PH 2020-07-12 1134 GM2T 59 27 LB6WH 59 18
QSO: 14171 PH 2020-07-12 1135 GM2T 59 27 IZ4AIF 59 28
QSO: 14171 PH 2020-07-12 1136 GM2T 59 27 OH1UBO 59 18
QSO: 14171 PH 2020-07-12 1138 GM2T 59 27 N2PP 59 08
QSO: 14171 PH 2020-07-12 1138 GM2T 59 27 IK4LZH 59 28
QSO: 14171 PH 2020-07-12 1138 GM2T 59 27 SQ8PIW 59 28
QSO: 14171 PH 2020-07-12 1139 GM2T 59 27 LZ1W 59 28
QSO: 14171 PH 2020-07-12 1139 GM2T 59 27 YO7DAA 59 28
QSO: 14171 PH 2020-07-12 1140 GM2T 59 27 IT9VCE 59 28
QSO: 14171 PH 2020-07-12 1140 GM2T 59 27 EA5IGO 59 37
QSO: 14171 PH 2020-07-12 1140 GM2T 59 27 F4GTT 59 27
QSO: 14171 PH 2020-07-12 1140 GM2T 59 27 DD7UW 59 28
QSO: 14171 PH 2020-07-12 1141 GM2T 59 27 IK0ALT 59 28
QSO: 14171 PH 2020-07-12 1143 GM2T 59 27 OE1XA 59 28
QSO: 14171 PH 2020-07-12 1143 GM2T 59 27 F8DRE 59 27
QSO: 14171 PH 2020-07-12 1143 GM2T 59 27 N8BI 59 08
QSO: 14171 PH 2020-07-12 1143 GM2T 59 27 S54ZZ 59 28
QSO: 14171 PH 2020-07-12 1144 GM2T 59 27 PA6HQ 59 VERON
QSO: 14171 PH 2020-07-12 1144 GM2T 59 27 RT2H 59 29
QSO: 14171 PH 2020-07-12 1146 GM2T 59 27 IV3ZYB 59 28
QSO: 14171 PH 2020-07-12 1146 GM2T 59 27 HB9GNP 59 28
QSO: 14171 PH 2020-07-12 1146 GM2T 59 27 HB9GZE 59 28
QSO: 14171 PH 2020-07-12 1146 GM2T 59 27 SP2JMR 59 28
QSO: 14171 PH 2020-07-12 1146 GM2T 59 27 DL7LG 59 28
QSO: 14171 PH 2020-07-12 1147 GM2T 59 27 SE5W 59 18
QSO: 14171 PH 2020-07-12 1147 GM2T 59 27 DL4MFR 59 28
QSO: 14171 PH 2020-07-12 1147 GM2T 59 27 DL7BO 59 28
QSO: 14171 PH 2020-07-12 1147 GM2T 59 27 DL6JZ 59 28
QSO: 14171 PH 2020-07-12 1148 GM2T 59 27 IU8LMC 59 28
QSO: 14171 PH 2020-07-12 1148 GM2T 59 27 RU1A 59 29
QSO: 14171 PH 2020-07-12 1148 GM2T 59 27 SQ9V 59 28
QSO: 14171 PH 2020-07-12 1149 GM2T 59 27 RZ9WU 59 30
QSO: 14171 PH 2020-07-12 1149 GM2T 59 27 DG1PM 59 28
QSO: 14171 PH 2020-07-12 1149 GM2T 59 27 DF9LW 59 28
QSO: 14171 PH 2020-07-12 1150 GM2T 59 27 ES0IA 59 29
QSO: 14171 PH 2020-07-12 1150 GM2T 59 27 F5JSK 59 27
QSO: 14171 PH 2020-07-12 1152 GM2T 59 27 PA4DN 59 27
QSO: 14171 PH 2020-07-12 1152 GM2T 59 27 HB9CIC 59 28
QSO: 14171 PH 2020-07-12 1152 GM2T 59 27 DK5SP/P 59 28
QSO: 14171 PH 2020-07-12 1154 GM2T 59 27 DG6KFU 59 28
QSO: 14171 PH 2020-07-12 1154 GM2T 59 27 EW7BA 59 29
QSO: 14171 PH 2020-07-12 1156 GM2T 59 27 LC8P 59 18
QSO: 14171 PH 2020-07-12 1157 GM2T 59 27 S53G 59 29
QSO: 14171 PH 2020-07-12 1158 GM2T 59 27 RA3OA 59 29
QSO: 14171 PH 2020-07-12 1158 GM2T 59 27 F8TRT 59 27
END-OF-LOG: