START-OF-LOG: 3.0
CONTEST: CQ-WPX-CW
CALLSIGN: JL3ZHU
LOCATION: DX
CATEGORY-OPERATOR: MULTI-OP
CATEGORY-ASSISTED: NON-ASSISTED
CATEGORY-BAND: ALL
CATEGORY-POWER: HIGH
CATEGORY-MODE: CW
CATEGORY-TRANSMITTER: ONE
CATEGORY-OVERLAY: TB-WIRES
GRID-LOCATOR:
CLAIMED-SCORE: 193104
NAME: JAPAN CONTESTER'S CLUB
OPERATORS: JL3RDC JP3PZG
CLUB: JAPAN CONTESTER'S CLUB
CREATED-BY: N1MM Logger+ 1.0.8418.0
QSO: 28015 CW 2020-05-30 0158 JL3ZHU        599 0001   JA3JM         599 0060   1
QSO: 28005 CW 2020-05-30 0159 JL3ZHU        599 0002   DS4EOI        599 0016   1
QSO: 28014 CW 2020-05-30 0201 JL3ZHU        599 0003   JI4WHS        599 0075   1
QSO: 28020 CW 2020-05-30 0203 JL3ZHU        599 0004   RW0AR         599 0089   1
QSO: 28021 CW 2020-05-30 0206 JL3ZHU        599 0005   JA4VNE        599 0068   1
QSO: 28024 CW 2020-05-30 0207 JL3ZHU        599 0006   BY1RX         599 0141   1
QSO: 28029 CW 2020-05-30 0209 JL3ZHU        599 0007   JA6GCE        599 0196   1
QSO: 28032 CW 2020-05-30 0209 JL3ZHU        599 0008   JE4MHL        599 0130   1
QSO: 28036 CW 2020-05-30 0211 JL3ZHU        599 0009   JR4OZR        599 0059   1
QSO: 28039 CW 2020-05-30 0212 JL3ZHU        599 0010   JK3HFN        599 0053   1
QSO: 28046 CW 2020-05-30 0214 JL3ZHU        599 0011   JA4XHF/3      599 0036   1
QSO: 28017 CW 2020-05-30 0217 JL3ZHU        599 0012   JG6JAV        599 0089   1
QSO: 28048 CW 2020-05-30 0221 JL3ZHU        599 0013   JF9JTS        599 0090   1
QSO: 28051 CW 2020-05-30 0222 JL3ZHU        599 0014   JH1TXG/9      599 0016   1
QSO: 28033 CW 2020-05-30 0225 JL3ZHU        599 0015   JA7ZFN        599 0068   1
QSO: 28013 CW 2020-05-30 0227 JL3ZHU        599 0016   JR1MEG        599 0049   1
QSO: 21021 CW 2020-05-30 0230 JL3ZHU        599 0017   JE1LFX        599 0094   1
QSO: 21024 CW 2020-05-30 0233 JL3ZHU        599 0018   BI4WXD        599 0065   1
QSO: 21010 CW 2020-05-30 0235 JL3ZHU        599 0019   BY8DX         599 0146   1
QSO: 21016 CW 2020-05-30 0238 JL3ZHU        599 0020   BY4DTA        599 0026   1
QSO: 21030 CW 2020-05-30 0239 JL3ZHU        599 0021   JE4MHL        599 0169   1
QSO: 21033 CW 2020-05-30 0240 JL3ZHU        599 0022   JF3BFS        599 0048   1
QSO: 21038 CW 2020-05-30 0242 JL3ZHU        599 0023   JE1NVD        599 0118   1
QSO: 21038 CW 2020-05-30 0242 JL3ZHU        599 0024   JF1NHD        599 0059   1
QSO: 21040 CW 2020-05-30 0244 JL3ZHU        599 0025   JR3BOT        599 0099   1
QSO: 21046 CW 2020-05-30 0247 JL3ZHU        599 0026   BG6GQE        599 0039   1
QSO: 21047 CW 2020-05-30 0248 JL3ZHU        599 0027   JA7NVF        599 0155   1
QSO: 21055 CW 2020-05-30 0249 JL3ZHU        599 0028   JK3HFN        599 0070   1
QSO: 21017 CW 2020-05-30 0720 JL3ZHU        599 0029   BG4TRN        599 0137   1
QSO: 14004 CW 2020-05-30 0722 JL3ZHU        599 0030   DS4EOI        599 0296   1
QSO: 14009 CW 2020-05-30 0724 JL3ZHU        599 0031   HL2BQG        599 0400   1
QSO: 14013 CW 2020-05-30 0727 JL3ZHU        599 0032   BY5EA         599 0149   1
QSO: 14017 CW 2020-05-30 0728 JL3ZHU        599 0033   BY1CY         599 0256   1
QSO: 14021 CW 2020-05-30 0730 JL3ZHU        599 0034   BY8DX         599 0142   1
QSO: 14053 CW 2020-05-30 0732 JL3ZHU        599 0035   BA4DL         599 0102   1
QSO: 14048 CW 2020-05-30 0734 JL3ZHU        599 0036   BG4OP         599 0534   1
QSO: 14043 CW 2020-05-30 0736 JL3ZHU        599 0037   RU0LL         599 0351   1
QSO: 14035 CW 2020-05-30 0738 JL3ZHU        599 0038   BG3JNM        599 0068   1
QSO: 14023 CW 2020-05-30 0740 JL3ZHU        599 0039   VR2XAN        599 0133   1
QSO: 14020 CW 2020-05-30 0741 JL3ZHU        599 0040   BU2EO         599 0224   1
QSO: 14013 CW 2020-05-30 0744 JL3ZHU        599 0041   BY1RX         599 0427   1
QSO: 14010 CW 2020-05-30 0745 JL3ZHU        599 0042   BI4WXD        599 0034   1
QSO: 14008 CW 2020-05-30 0746 JL3ZHU        599 0043   BH7JUO        599 0132   1
QSO: 14006 CW 2020-05-30 0749 JL3ZHU        599 0044   DU3T          599 0480   1
QSO: 21037 CW 2020-05-30 0758 JL3ZHU        599 0045   BG8TFN        599 0110   1
QSO: 21032 CW 2020-05-30 0800 JL3ZHU        599 0046   9V1YC         599 0121   1
QSO: 21031 CW 2020-05-30 0802 JL3ZHU        599 0047   YC9FAR        599 0127   1
QSO: 21021 CW 2020-05-30 0803 JL3ZHU        599 0048   VR2CO         599 0124   1
QSO: 21017 CW 2020-05-30 0805 JL3ZHU        599 0049   RC0CB         599 0208   1
QSO: 28015 CW 2020-05-30 0809 JL3ZHU        599 0050   BH4AYG        599 0045   1
QSO: 14007 CW 2020-05-30 0814 JL3ZHU        599 0051   JH4UTP        599 0501   1
QSO: 14016 CW 2020-05-30 0817 JL3ZHU        599 0052   BY4DX         599 0235   1
QSO:  7001 CW 2020-05-30 0827 JL3ZHU        599 0053   K7WP          599 0384   1
QSO:  7002 CW 2020-05-30 0828 JL3ZHU        599 0054   WN6K          599 0166   1
QSO:  7002 CW 2020-05-30 0830 JL3ZHU        599 0055   NJ6G          599 1028   1
QSO:  7003 CW 2020-05-30 0831 JL3ZHU        599 0056   KC7V          599 0394   1
QSO:  7004 CW 2020-05-30 0833 JL3ZHU        599 0057   NF6A          599 0901   1
QSO:  7004 CW 2020-05-30 0833 JL3ZHU        599 0058   KR7O          599 0905   1
QSO:  7007 CW 2020-05-30 0836 JL3ZHU        599 0059   KT7E          599 0672   1
QSO:  7007 CW 2020-05-30 0837 JL3ZHU        599 0060   NO6T          599 1403   1
QSO:  7008 CW 2020-05-30 0838 JL3ZHU        599 0061   JE4MHL        599 0288   1
QSO:  7009 CW 2020-05-30 0839 JL3ZHU        599 0062   WK5T          599 1262   1
QSO:  7011 CW 2020-05-30 0842 JL3ZHU        599 0063   NR6O          599 0467   1
QSO:  7013 CW 2020-05-30 0843 JL3ZHU        599 0064   JE4YOG        599 0030   1
QSO:  7015 CW 2020-05-30 0845 JL3ZHU        599 0065   BY4DX         599 0142   1
QSO:  7016 CW 2020-05-30 0846 JL3ZHU        599 0066   K7RF          599 2810   1
QSO:  7017 CW 2020-05-30 0847 JL3ZHU        599 0067   RC0CB         599 0140   1
QSO:  7018 CW 2020-05-30 0848 JL3ZHU        599 0068   K7RI          599 0229   1
QSO:  7019 CW 2020-05-30 0849 JL3ZHU        599 0069   ND7K          599 1257   1
QSO:  7024 CW 2020-05-30 0854 JL3ZHU        599 0070   NT7G          599 0743   1
QSO:  7025 CW 2020-05-30 0855 JL3ZHU        599 0071   NX6T          599 0364   1
QSO:  7026 CW 2020-05-30 0857 JL3ZHU        599 0072   N3BB          599 0243   1
QSO:  7028 CW 2020-05-30 0900 JL3ZHU        599 0073   N6RK          599 0348   1
QSO:  7031 CW 2020-05-30 0901 JL3ZHU        599 0074   WX5S          599 0206   1
QSO:  7036 CW 2020-05-30 0902 JL3ZHU        599 0075   JG3WDN        599 0186   1
QSO:  7037 CW 2020-05-30 0903 JL3ZHU        599 0076   KX7M          599 0072   1
QSO:  7037 CW 2020-05-30 0907 JL3ZHU        599 0077   8J17CALL      599 0133   1
QSO:  7039 CW 2020-05-30 0908 JL3ZHU        599 0078   WR7X          599 0459   1
QSO: 14015 CW 2020-05-30 0911 JL3ZHU        599 0079   BG4TRN        599 0219   1
QSO: 14018 CW 2020-05-30 0913 JL3ZHU        599 0080   WH7W          599 0752   1
QSO: 14025 CW 2020-05-30 0915 JL3ZHU        599 0081   ZL3P          599 0033   1
QSO: 14032 CW 2020-05-30 0918 JL3ZHU        599 0082   BY3GA         599 0142   1
QSO: 21005 CW 2020-05-30 0920 JL3ZHU        599 0083   DS4EOI        599 0426   1
QSO: 14005 CW 2020-05-30 0926 JL3ZHU        599 0084   BY8AC         599 0152   1
QSO:  7001 CW 2020-05-30 1915 JL3ZHU        599 0085   OM7ET         599 0978   1
QSO:  7000 CW 2020-05-30 1917 JL3ZHU        599 0086   LY2K          599 0973   1
QSO:  7002 CW 2020-05-30 1921 JL3ZHU        599 0087   OE3K          599 0562   1
QSO:  7003 CW 2020-05-30 1924 JL3ZHU        599 0088   OM6NM         599 0979   1
QSO:  7003 CW 2020-05-30 1925 JL3ZHU        599 0089   RT8U          599 1451   1
QSO:  7003 CW 2020-05-30 1926 JL3ZHU        599 0090   S51YI         599 1005   1
QSO:  7005 CW 2020-05-30 1928 JL3ZHU        599 0091   S52AW         599 0195   1
QSO:  7011 CW 2020-05-30 1933 JL3ZHU        599 0092   LZ1EV         599 0994   1
QSO:  7012 CW 2020-05-30 1936 JL3ZHU        599 0093   OL9Z          599 1208   1
QSO:  7012 CW 2020-05-30 1937 JL3ZHU        599 0094   SN3A          599 1370   1
QSO:  7013 CW 2020-05-30 1939 JL3ZHU        599 0095   DS4EOI        599 0781   1
QSO:  7014 CW 2020-05-30 1941 JL3ZHU        599 0096   LZ3ZZ         599 1268   1
QSO:  7015 CW 2020-05-30 1944 JL3ZHU        599 0097   UF5D          599 0556   1
QSO:  7019 CW 2020-05-30 1947 JL3ZHU        599 0098   RY4F          599 1328   1
QSO:  7025 CW 2020-05-30 1953 JL3ZHU        599 0099   YT7WM         599 0286   1
QSO:  7026 CW 2020-05-30 1955 JL3ZHU        599 0100   RM9I          599 1705   1
QSO:  7032 CW 2020-05-30 1958 JL3ZHU        599 0101   RX3APM        599 1416   1
QSO:  7033 CW 2020-05-30 1958 JL3ZHU        599 0102   RG6G          599 0508   1
QSO:  7036 CW 2020-05-30 2000 JL3ZHU        599 0103   JA0FVU        599 0539   1
QSO:  7041 CW 2020-05-30 2001 JL3ZHU        599 0104   R2AA          599 0838   1
QSO:  7043 CW 2020-05-30 2002 JL3ZHU        599 0105   LZ9W          599 1004   1
QSO:  7046 CW 2020-05-30 2004 JL3ZHU        599 0106   II9P          599 0925   1
QSO:  7005 CW 2020-05-30 2012 JL3ZHU        599 0107   RL3A          599 1736   1
QSO:  7008 CW 2020-05-30 2016 JL3ZHU        599 0108   BY1CY         599 0227   1
QSO:  7008 CW 2020-05-30 2031 JL3ZHU        599 0109   YT5A          599 1094   1
QSO:  7009 CW 2020-05-30 2034 JL3ZHU        599 0110   US2YW         599 0659   1
QSO:  7013 CW 2020-05-30 2035 JL3ZHU        599 0111   UA5C          599 1005   1
QSO:  7016 CW 2020-05-30 2036 JL3ZHU        599 0112   LZ5R          599 2733   1
QSO:  7024 CW 2020-05-30 2038 JL3ZHU        599 0113   UW1M          599 1665   1
QSO:  7027 CW 2020-05-30 2040 JL3ZHU        599 0114   UB6B          599 0613   1
QSO:  7034 CW 2020-05-30 2045 JL3ZHU        599 0115   UB7K          599 2304   1
QSO:  7039 CW 2020-05-30 2047 JL3ZHU        599 0116   BA4DL         599 1110   1
QSO:  7001 CW 2020-05-30 2049 JL3ZHU        599 0117   OM7M          599 2103   1
QSO:  7001 CW 2020-05-30 2050 JL3ZHU        599 0118   JH4UYB        599 1198   1
QSO: 14008 CW 2020-05-30 2100 JL3ZHU        599 0119   YU5R          599 1407   1
QSO: 14023 CW 2020-05-30 2102 JL3ZHU        599 0120   S50K          599 1467   1
QSO: 14025 CW 2020-05-30 2105 JL3ZHU        599 0121   9A9A          599 1931   1
QSO: 14043 CW 2020-05-30 2106 JL3ZHU        599 0122   II2S          599 1900   1
QSO: 14052 CW 2020-05-30 2111 JL3ZHU        599 0123   YT5A          599 1008   1
QSO: 14055 CW 2020-05-30 2112 JL3ZHU        599 0124   HG3R          599 1619   1
QSO: 14063 CW 2020-05-30 2114 JL3ZHU        599 0125   I2VXJ         599 1372   1
QSO:  7014 CW 2020-05-30 2137 JL3ZHU        599 0126   JA1CTB        599 0006   1
QSO: 14006 CW 2020-05-30 2141 JL3ZHU        599 0127   NU7J          599 0673   1
QSO: 14006 CW 2020-05-30 2143 JL3ZHU        599 0128   VC7X          599 1460   1
QSO: 14017 CW 2020-05-30 2146 JL3ZHU        599 0129   JG6JAV        599 0439   1
QSO: 14022 CW 2020-05-30 2149 JL3ZHU        599 0130   KR7O          599 1495   1
QSO: 14028 CW 2020-05-30 2151 JL3ZHU        599 0131   KW7Y          599 1394   1
QSO: 14032 CW 2020-05-30 2152 JL3ZHU        599 0132   KH7M          599 0745   1
QSO: 14035 CW 2020-05-30 2159 JL3ZHU        599 0133   KU7T          599 0900   1
QSO: 14039 CW 2020-05-30 2201 JL3ZHU        599 0134   KL7SB         599 1207   1
QSO: 14040 CW 2020-05-30 2203 JL3ZHU        599 0135   R5AJ          599 1028   1
QSO: 14042 CW 2020-05-30 2205 JL3ZHU        599 0136   KG0F          599 1072   1
QSO: 14044 CW 2020-05-30 2208 JL3ZHU        599 0137   NJ6G          599 1842   1
QSO: 21007 CW 2020-05-30 2328 JL3ZHU        599 0138   BY5EA         599 0173   1
QSO: 21024 CW 2020-05-30 2328 JL3ZHU        599 0139   BG4NMT        599 0394   1
QSO: 21003 CW 2020-05-30 2330 JL3ZHU        599 0140   BG4OP         599 0908   1
QSO: 14068 CW 2020-05-30 2331 JL3ZHU        599 0141   BD7DX         599 0524   1
QSO: 14038 CW 2020-05-30 2333 JL3ZHU        599 0142   JF1NHD        599 0908   1
QSO: 14026 CW 2020-05-30 2336 JL3ZHU        599 0143   HS5NMF        599 0415   1
QSO: 14012 CW 2020-05-30 2342 JL3ZHU        599 0144   BG7JJW        599 0713   1
QSO: 14007 CW 2020-05-30 2343 JL3ZHU        599 0145   JI1RXQ        599 0651   1
QSO: 21045 CW 2020-05-30 2347 JL3ZHU        599 0146   JK8VPQ        599 0060   1
QSO: 14006 CW 2020-05-30 2349 JL3ZHU        599 0147   JH4UYB        599 1311   1
QSO: 14013 CW 2020-05-30 2356 JL3ZHU        599 0148   8J3ITAMI/3    599 0166   1
QSO: 14018 CW 2020-05-30 2357 JL3ZHU        599 0149   BH4TVU        599 0075   1
QSO: 14022 CW 2020-05-30 2359 JL3ZHU        599 0150   BY6LY         599 0948   1
QSO: 14022 CW 2020-05-31 0000 JL3ZHU        599 0151   JE6WOQ        599 0313   1
QSO: 14023 CW 2020-05-31 0000 JL3ZHU        599 0152   JP7DKQ        599 0612   1
QSO: 14032 CW 2020-05-31 0003 JL3ZHU        599 0153   JH7QXJ        599 0257   1
QSO: 14033 CW 2020-05-31 0004 JL3ZHU        599 0154   JH9FCP        599 0008   1
QSO: 14036 CW 2020-05-31 0005 JL3ZHU        599 0155   JQ1UXN        599 0288   1
QSO: 14042 CW 2020-05-31 0006 JL3ZHU        599 0156   JK1LSE        599 0434   1
QSO: 14043 CW 2020-05-31 0008 JL3ZHU        599 0157   JA1IAZ        599 0036   1
QSO: 14045 CW 2020-05-31 0008 JL3ZHU        599 0158   JA1OHP        599 0066   1
QSO: 14047 CW 2020-05-31 0009 JL3ZHU        599 0159   JA0FVU        599 0651   1
QSO: 14048 CW 2020-05-31 0010 JL3ZHU        599 0160   JF1MIA        599 0131   1
QSO: 14049 CW 2020-05-31 0011 JL3ZHU        599 0161   JF2OZH        599 0032   1
QSO: 14051 CW 2020-05-31 0012 JL3ZHU        599 0162   JR2AWS        599 0459   1
QSO: 14052 CW 2020-05-31 0013 JL3ZHU        599 0163   JF1KWG        599 0312   1
QSO: 14056 CW 2020-05-31 0014 JL3ZHU        599 0164   JA1GQC        599 0221   1
QSO: 14059 CW 2020-05-31 0015 JL3ZHU        599 0165   JS1OYN        599 0519   1
QSO: 14060 CW 2020-05-31 0016 JL3ZHU        599 0166   JH4PUL/3      599 0119   1
QSO: 14062 CW 2020-05-31 0019 JL3ZHU        599 0167   JR5XPG        599 0137   1
QSO: 14066 CW 2020-05-31 0020 JL3ZHU        599 0168   JI1DGW        599 0073   1
QSO: 14067 CW 2020-05-31 0021 JL3ZHU        599 0169   JQ1NGT        599 0197   1
QSO: 14068 CW 2020-05-31 0021 JL3ZHU        599 0170   7L2LEG        599 0069   1
QSO: 21045 CW 2020-05-31 0026 JL3ZHU        599 0171   BA4DL         599 0459   1
QSO: 21007 CW 2020-05-31 0031 JL3ZHU        599 0172   8J17CALL      599 0315   1
QSO: 21008 CW 2020-05-31 0032 JL3ZHU        599 0173   BA7QT         599 0699   1
QSO: 21037 CW 2020-05-31 0035 JL3ZHU        599 0174   KH0W          599 0214   1
QSO: 21028 CW 2020-05-31 0042 JL3ZHU        599 0175   JH1HIC        599 0427   1
QSO: 21026 CW 2020-05-31 0043 JL3ZHU        599 0176   JF1VNR        599 0231   1
QSO: 21020 CW 2020-05-31 0046 JL3ZHU        599 0177   BI4RYH        599 0133   1
QSO: 21015 CW 2020-05-31 0047 JL3ZHU        599 0178   BY1RX         599 1150   1
QSO: 21010 CW 2020-05-31 0048 JL3ZHU        599 0179   HL2BQG        599 0764   1
QSO: 21003 CW 2020-05-31 0050 JL3ZHU        599 0180   JH4UTP        599 1315   1
QSO: 28012 CW 2020-05-31 0051 JL3ZHU        599 0181   BY8AC         599 0103   1
QSO: 28016 CW 2020-05-31 0052 JL3ZHU        599 0182   BG4OP         599 0950   1
QSO: 14063 CW 2020-05-31 0056 JL3ZHU        599 0183   JR2MIO        599 0213   1
QSO: 14060 CW 2020-05-31 0058 JL3ZHU        599 0184   JA5IVG        599 0078   1
QSO: 14054 CW 2020-05-31 0100 JL3ZHU        599 0185   JR3BOT        599 0305   1
QSO: 14040 CW 2020-05-31 0107 JL3ZHU        599 0186   JE1RZR        599 0401   1
QSO: 14037 CW 2020-05-31 0110 JL3ZHU        599 0187   JF3IYW        599 0132   1
QSO: 14027 CW 2020-05-31 0111 JL3ZHU        599 0188   BY1OK         599 0072   1
QSO: 28029 CW 2020-05-31 0118 JL3ZHU        599 0189   JF2FIU        599 0332   1
QSO: 28032 CW 2020-05-31 0121 JL3ZHU        599 0190   JH6QIL        599 0012   1
QSO: 21052 CW 2020-05-31 0123 JL3ZHU        599 0191   JM2RUV        599 0064   1
QSO: 21046 CW 2020-05-31 0124 JL3ZHU        599 0192   JF2VAX        599 0043   1
QSO: 21041 CW 2020-05-31 0125 JL3ZHU        599 0193   JE2BOM        599 0141   1
QSO: 21030 CW 2020-05-31 0128 JL3ZHU        599 0194   BG7JJW        599 0795   1
QSO: 21029 CW 2020-05-31 0129 JL3ZHU        599 0195   JR3KQJ        599 0473   1
QSO: 21020 CW 2020-05-31 0132 JL3ZHU        599 0196   8J3ITAMI/3    599 0252   1
QSO: 21012 CW 2020-05-31 0134 JL3ZHU        599 0197   VR2EH         599 0104   1
QSO: 21009 CW 2020-05-31 0135 JL3ZHU        599 0198   BD4RWR        599 0749   1
QSO: 21002 CW 2020-05-31 0204 JL3ZHU        599 0199   JA6WFM        599 0415   1
QSO: 21028 CW 2020-05-31 0207 JL3ZHU        599 0200   E2A           599 0914   1
QSO: 21037 CW 2020-05-31 0209 JL3ZHU        599 0201   JK2VOC        599 0589   1
QSO: 21040 CW 2020-05-31 0211 JL3ZHU        599 0202   BY6LY         599 1013   1
QSO: 21031 CW 2020-05-31 0213 JL3ZHU        599 0203   VR2XAN        599 0569   1
QSO: 28027 CW 2020-05-31 0216 JL3ZHU        599 0204   JN2AMD        599 0939   1
QSO: 28030 CW 2020-05-31 0218 JL3ZHU        599 0205   BG4TRN        599 0308   1
QSO: 21003 CW 2020-05-31 0221 JL3ZHU        599 0206   HS5NMF        599 0501   1
QSO: 21032 CW 2020-05-31 0223 JL3ZHU        599 0207   BY1OK         599 0095   1
QSO: 21035 CW 2020-05-31 0225 JL3ZHU        599 0208   BA7JT         599 0186   1
QSO: 21040 CW 2020-05-31 0228 JL3ZHU        599 0209   BY3GA         599 0058   1
QSO: 28012 CW 2020-05-31 0706 JL3ZHU        599 0210   RU0LL         599 0724   1
QSO: 28016 CW 2020-05-31 0707 JL3ZHU        599 0211   HL2BQG        599 0996   1
QSO: 21049 CW 2020-05-31 0709 JL3ZHU        599 0212   HG1S          599 1068   1
QSO: 21030 CW 2020-05-31 0714 JL3ZHU        599 0213   UW2M          599 3335   1
QSO: 21020 CW 2020-05-31 0715 JL3ZHU        599 0214   HL1VAU        599 0822   1
QSO: 21018 CW 2020-05-31 0717 JL3ZHU        599 0215   CN2AA         599 3581   1
QSO: 14048 CW 2020-05-31 0722 JL3ZHU        599 0216   RW0UM         599 1048   1
QSO: 14025 CW 2020-05-31 0724 JL3ZHU        599 0217   R0CBW         599 0396   1
QSO: 14004 CW 2020-05-31 0727 JL3ZHU        599 0218   KM7W          599 1580   1
QSO: 14003 CW 2020-05-31 0728 JL3ZHU        599 0219   NR6O          599 1490   1
QSO: 14005 CW 2020-05-31 0730 JL3ZHU        599 0220   JK8PBO        599 0222   1
QSO: 14005 CW 2020-05-31 0731 JL3ZHU        599 0221   KU1CW         599 1188   1
QSO: 14009 CW 2020-05-31 0733 JL3ZHU        599 0222   NO6T          599 3191   1
QSO: 14010 CW 2020-05-31 0737 JL3ZHU        599 0223   WJ9B          599 0916   1
QSO: 14010 CW 2020-05-31 0738 JL3ZHU        599 0224   BG5BDT        599 0198   1
QSO: 14012 CW 2020-05-31 0741 JL3ZHU        599 0225   ZM1M          599 0673   1
QSO: 14013 CW 2020-05-31 0744 JL3ZHU        599 0226   V73NS         599 0537   1
QSO: 14014 CW 2020-05-31 0752 JL3ZHU        599 0227   N7ZG          599 1145   1
QSO: 14017 CW 2020-05-31 0755 JL3ZHU        599 0228   WV4P          599 1094   1
QSO: 14017 CW 2020-05-31 0756 JL3ZHU        599 0229   VR2GP         599 0349   1
QSO: 14019 CW 2020-05-31 0800 JL3ZHU        599 0230   BG8TFN        599 0322   1
QSO: 14024 CW 2020-05-31 0801 JL3ZHU        599 0231   BD4RWR        599 1034   1
QSO: 14025 CW 2020-05-31 0803 JL3ZHU        599 0232   R8OM          599 0915   1
QSO: 14042 CW 2020-05-31 0810 JL3ZHU        599 0233   NA6TT         599 0610   1
QSO:  7006 CW 2020-05-31 0812 JL3ZHU        599 0234   KH0W          599 1112   1
QSO:  7010 CW 2020-05-31 0814 JL3ZHU        599 0235   KW7Y          599 2015   1
QSO:  7012 CW 2020-05-31 0816 JL3ZHU        599 0236   3G2M          599 0354   1
QSO:  7017 CW 2020-05-31 0817 JL3ZHU        599 0237   JG6JAV        599 0558   1
QSO:  7030 CW 2020-05-31 0819 JL3ZHU        599 0238   JH7QXJ        599 0341   1
QSO:  7038 CW 2020-05-31 0822 JL3ZHU        599 0239   KU1CW         599 2208   1
QSO: 14043 CW 2020-05-31 0826 JL3ZHU        599 0240   9M2ZAK        599 0300   1
QSO:  7036 CW 2020-05-31 0838 JL3ZHU        599 0241   JS1OYN        599 0717   1
QSO:  7039 CW 2020-05-31 0839 JL3ZHU        599 0242   JR4OZR        599 1000   1
QSO:  7036 CW 2020-05-31 0841 JL3ZHU        599 0243   JG7AMD        599 0204   1
QSO:  7033 CW 2020-05-31 0843 JL3ZHU        599 0244   BY1RX         599 0264   1
QSO:  7028 CW 2020-05-31 0844 JL3ZHU        599 0245   W6XU          599 0482   1
QSO:  7026 CW 2020-05-31 0846 JL3ZHU        599 0246   K7NJ          599 0096   1
QSO:  7021 CW 2020-05-31 0849 JL3ZHU        599 0247   N7ZG          599 1205   1
QSO:  7012 CW 2020-05-31 0852 JL3ZHU        599 0248   KH6LC         599 2255   1
QSO:  7011 CW 2020-05-31 0853 JL3ZHU        599 0249   NU5A          599 3206   1
QSO:  7003 CW 2020-05-31 0855 JL3ZHU        599 0250   KH6TU         599 1616   1
QSO:  7001 CW 2020-05-31 0857 JL3ZHU        599 0251   ZM4T          599 1623   1
QSO: 21014 CW 2020-05-31 0858 JL3ZHU        599 0252   4E1A          599 0194   1
QSO: 21019 CW 2020-05-31 0900 JL3ZHU        599 0253   VR2GP         599 0389   1
QSO: 14012 CW 2020-05-31 0905 JL3ZHU        599 0254   YB8RW         599 0266   1
QSO: 14024 CW 2020-05-31 0907 JL3ZHU        599 0255   RC0CB         599 0092   1
QSO: 14035 CW 2020-05-31 0909 JL3ZHU        599 0256   JE8KGH        599 0195   1
QSO: 21017 CW 2020-05-31 0914 JL3ZHU        599 0257   9M2TDX        599 0350   1
QSO: 14040 CW 2020-05-31 0916 JL3ZHU        599 0258   UA0UV         599 0278   1
QSO: 14044 CW 2020-05-31 0917 JL3ZHU        599 0259   RK0UT         599 0075   1
QSO: 14035 CW 2020-05-31 0919 JL3ZHU        599 0260   HS7AP         599 0028   1
QSO:  7000 CW 2020-05-31 0932 JL3ZHU        599 0261   NE0F          599 2081   1
QSO:  7002 CW 2020-05-31 0934 JL3ZHU        599 0262   KG0F          599 1001   1
QSO:  7007 CW 2020-05-31 0936 JL3ZHU        599 0263   JA1BJI        599 0907   1
QSO:  7009 CW 2020-05-31 0939 JL3ZHU        599 0264   BG6GQE        599 0322   1
QSO:  7010 CW 2020-05-31 0941 JL3ZHU        599 0265   NW6P          599 0426   1
QSO:  7013 CW 2020-05-31 0944 JL3ZHU        599 0266   WJ9B          599 0979   1
QSO:  7024 CW 2020-05-31 0947 JL3ZHU        599 0267   TI7W          599 3022   1
QSO:  7031 CW 2020-05-31 0950 JL3ZHU        599 0268   N7WA          599 0304   1
QSO:  7034 CW 2020-05-31 0952 JL3ZHU        599 0269   JF1MIA        599 0226   1
QSO:  7035 CW 2020-05-31 0953 JL3ZHU        599 0270   KA6BIM        599 1129   1
QSO:  7002 CW 2020-05-31 1153 JL3ZHU        599 0271   RK0UT         599 0938   1
QSO:  7008 CW 2020-05-31 1157 JL3ZHU        599 0272   NN5P          599 1234   1
QSO:  7011 CW 2020-05-31 1159 JL3ZHU        599 0273   8J3ITAMI/3    599 3009   1
QSO:  7015 CW 2020-05-31 1203 JL3ZHU        599 0274   W7DXX         599 0278   1
QSO:  7015 CW 2020-05-31 1205 JL3ZHU        599 0275   BU2EO         599 0648   1
QSO:  7016 CW 2020-05-31 1205 JL3ZHU        599 0276   JH1ASG        599 0331   1
QSO:  7018 CW 2020-05-31 1206 JL3ZHU        599 0277   BI4RYH        599 0162   1
QSO:  7020 CW 2020-05-31 1208 JL3ZHU        599 0278   BI4WXD        599 0354   1
QSO:  7021 CW 2020-05-31 1209 JL3ZHU        599 0279   JP2XYT        599 0198   1
QSO:  7031 CW 2020-05-31 1213 JL3ZHU        599 0280   JF3KCH        599 0282   1
QSO:  7033 CW 2020-05-31 1215 JL3ZHU        599 0281   BG4OP         599 1445   1
QSO:  7034 CW 2020-05-31 1216 JL3ZHU        599 0282   WX6V          599 0538   1
QSO:  7041 CW 2020-05-31 1221 JL3ZHU        599 0283   CE3CT         599 0901   1
QSO:  7032 CW 2020-05-31 1225 JL3ZHU        599 0284   BY6LY         599 1244   1
QSO:  7009 CW 2020-05-31 1236 JL3ZHU        599 0285   JK8PBO        599 0330   1
QSO:  7018 CW 2020-05-31 1240 JL3ZHU        599 0286   BY1HAM        599 0270   1
QSO: 14002 CW 2020-05-31 1246 JL3ZHU        599 0287   RK7A          599 2607   1
QSO: 14007 CW 2020-05-31 1249 JL3ZHU        599 0288   RL9Y          599 1998   1
QSO: 14008 CW 2020-05-31 1251 JL3ZHU        599 0289   OH8X          599 2546   1
QSO: 14015 CW 2020-05-31 1253 JL3ZHU        599 0290   UB6B          599 2091   1
QSO: 14021 CW 2020-05-31 1254 JL3ZHU        599 0291   HG0Y          599 0761   1
QSO: 14026 CW 2020-05-31 1256 JL3ZHU        599 0292   OH7R          599 1362   1
QSO: 14026 CW 2020-05-31 1257 JL3ZHU        599 0293   R9AE          599 1019   1
QSO: 14029 CW 2020-05-31 1258 JL3ZHU        599 0294   RM9I          599 0650   1
QSO: 14033 CW 2020-05-31 1300 JL3ZHU        599 0295   R2AA          599 4062   1
QSO: 14035 CW 2020-05-31 1301 JL3ZHU        599 0296   RM2U          599 1715   1
QSO: 14037 CW 2020-05-31 1304 JL3ZHU        599 0297   RD0A          599 0650   1
QSO: 14041 CW 2020-05-31 1306 JL3ZHU        599 0298   UW2M          599 3638   1
QSO: 14044 CW 2020-05-31 1308 JL3ZHU        599 0299   ES5RR         599 3214   1
QSO: 14045 CW 2020-05-31 1309 JL3ZHU        599 0300   OG73X         599 2145   1
QSO: 14047 CW 2020-05-31 1311 JL3ZHU        599 0301   LZ9W          599 0622   1
QSO: 14058 CW 2020-05-31 1317 JL3ZHU        599 0302   RG6G          599 3728   1
QSO: 14066 CW 2020-05-31 1321 JL3ZHU        599 0303   OH1F          599 2791   1
QSO: 14070 CW 2020-05-31 1323 JL3ZHU        599 0304   UW7LL         599 2460   1
QSO: 14007 CW 2020-05-31 1332 JL3ZHU        599 0305   BG3UPA        599 1389   1
QSO: 14015 CW 2020-05-31 1333 JL3ZHU        599 0306   HL5JZ         599 0069   1
QSO: 14023 CW 2020-05-31 1339 JL3ZHU        599 0307   US1Q          599 2971   1
QSO: 14030 CW 2020-05-31 1340 JL3ZHU        599 0308   UA3EDQ        599 1186   1
QSO: 14043 CW 2020-05-31 1342 JL3ZHU        599 0309   RT4F          599 2985   1
QSO: 14049 CW 2020-05-31 1344 JL3ZHU        599 0310   RA9JM         599 0112   1
QSO: 14054 CW 2020-05-31 1345 JL3ZHU        599 0311   LY5E          599 2612   1
QSO: 14059 CW 2020-05-31 1346 JL3ZHU        599 0312   UP2L          599 4342   1
QSO: 14063 CW 2020-05-31 1348 JL3ZHU        599 0313   OG2P          599 0603   1
QSO: 14064 CW 2020-05-31 1350 JL3ZHU        599 0314   ES2MC         599 1735   1
QSO: 14071 CW 2020-05-31 1351 JL3ZHU        599 0315   R4GM          599 0177   1
QSO:  7044 CW 2020-05-31 1353 JL3ZHU        599 0316   JR5XPG        599 0174   1
QSO:  7028 CW 2020-05-31 1356 JL3ZHU        599 0317   HL1VAU        599 0963   1
QSO:  7008 CW 2020-05-31 1359 JL3ZHU        599 0318   KL7SB         599 1720   1
QSO:  7002 CW 2020-05-31 1401 JL3ZHU        599 0319   E2A           599 1196   1
QSO:  7005 CW 2020-05-31 1402 JL3ZHU        599 0320   BY5EA         599 1691   1
QSO:  7006 CW 2020-05-31 1404 JL3ZHU        599 0321   BG7JJW        599 1117   1
QSO:  7024 CW 2020-05-31 1408 JL3ZHU        599 0322   BH4BFS        599 1010   1
QSO:  7025 CW 2020-05-31 1409 JL3ZHU        599 0323   VB7C          599 1215   1
QSO:  7027 CW 2020-05-31 1410 JL3ZHU        599 0324   JI1RXQ        599 0894   1
QSO:  7004 CW 2020-05-31 1417 JL3ZHU        599 0325   XV1X          599 0555   1
QSO:  7021 CW 2020-05-31 1422 JL3ZHU        599 0326   R0CY          599 0179   1
QSO:  7040 CW 2020-05-31 1425 JL3ZHU        599 0327   JL1LNC        599 0312   1
QSO: 14003 CW 2020-05-31 1429 JL3ZHU        599 0328   9K2NO         599 1096   1
QSO: 14005 CW 2020-05-31 1433 JL3ZHU        599 0329   RT8U          599 2608   1
QSO: 14013 CW 2020-05-31 1436 JL3ZHU        599 0330   OH0V          599 2766   1
QSO: 14013 CW 2020-05-31 1436 JL3ZHU        599 0331   OM7M          599 2117   1
QSO: 14016 CW 2020-05-31 1441 JL3ZHU        599 0332   DA2C          599 2642   1
QSO: 14019 CW 2020-05-31 1444 JL3ZHU        599 0333   UN4PG         599 1235   1
QSO: 14021 CW 2020-05-31 1447 JL3ZHU        599 0334   DA0BCC        599 2039   1
QSO: 14024 CW 2020-05-31 1449 JL3ZHU        599 0335   LZ1QN         599 1420   1
QSO: 14026 CW 2020-05-31 1451 JL3ZHU        599 0336   UA5C          599 3017   1
QSO: 14031 CW 2020-05-31 1453 JL3ZHU        599 0337   HA8DU         599 1668   1
QSO: 14033 CW 2020-05-31 1454 JL3ZHU        599 0338   RK9UE         599 0172   1
QSO: 14034 CW 2020-05-31 1455 JL3ZHU        599 0339   UC8U          599 0964   1
QSO: 14035 CW 2020-05-31 1456 JL3ZHU        599 0340   LZ5R          599 4555   1
QSO: 14037 CW 2020-05-31 1458 JL3ZHU        599 0341   LN8W          599 1542   1
QSO: 14038 CW 2020-05-31 1459 JL3ZHU        599 0342   OM7JG         599 1982   1
QSO: 14040 CW 2020-05-31 1501 JL3ZHU        599 0343   OH9W          599 1233   1
QSO: 14055 CW 2020-05-31 1506 JL3ZHU        599 0344   UA9MA         599 2158   1
QSO: 14011 CW 2020-05-31 2232 JL3ZHU        599 0345   KH6LC         599 2717   1
QSO: 14060 CW 2020-05-31 2237 JL3ZHU        599 0346   JA6WFM        599 0557   1
QSO: 14007 CW 2020-05-31 2242 JL3ZHU        599 0347   BH4TQX        599 0081   1
QSO: 14036 CW 2020-05-31 2245 JL3ZHU        599 0348   9M6MI         599 0932   1
QSO: 14040 CW 2020-05-31 2246 JL3ZHU        599 0349   BA4EO         599 0290   1
QSO: 14054 CW 2020-05-31 2247 JL3ZHU        599 0350   JK2VOC        599 0939   1
QSO: 14017 CW 2020-05-31 2253 JL3ZHU        599 0351   6K2IXF        599 0249   1
QSO: 14023 CW 2020-05-31 2255 JL3ZHU        599 0352   YC1ME         599 0263   1
QSO: 14058 CW 2020-05-31 2258 JL3ZHU        599 0353   RK0C          599 0425   1
QSO: 14052 CW 2020-05-31 2300 JL3ZHU        599 0354   JH7UJU        599 0457   1
QSO: 14021 CW 2020-05-31 2302 JL3ZHU        599 0355   HL4CEL        599 0318   1
QSO: 14031 CW 2020-05-31 2307 JL3ZHU        599 0356   JN2AMD        599 1470   1
QSO: 14017 CW 2020-05-31 2309 JL3ZHU        599 0357   BY1HAM        599 1020   1
QSO: 14011 CW 2020-05-31 2314 JL3ZHU        599 0358   JA7NVF        599 1371   1
QSO: 14049 CW 2020-05-31 2318 JL3ZHU        599 0359   9M2YDX        599 1625   1
QSO: 14054 CW 2020-05-31 2319 JL3ZHU        599 0360   JR3KQJ        599 0736   1
QSO: 14059 CW 2020-05-31 2321 JL3ZHU        599 0361   JP3WEL        599 0560   1
QSO: 21036 CW 2020-05-31 2323 JL3ZHU        599 0362   BD7BW         599 0262   1
QSO: 21026 CW 2020-05-31 2334 JL3ZHU        599 0363   BD2RJ         599 0515   1
QSO: 21017 CW 2020-05-31 2337 JL3ZHU        599 0364   6K2IXF        599 0287   1
QSO: 14012 CW 2020-05-31 2340 JL3ZHU        599 0365   9V1YC         599 1113   1
QSO: 14018 CW 2020-05-31 2341 JL3ZHU        599 0366   BD7JNA        599 0033   1
QSO: 14033 CW 2020-05-31 2344 JL3ZHU        599 0367   9M2TDX        599 0489   1
QSO: 14055 CW 2020-05-31 2347 JL3ZHU        599 0368   BG5BDY        599 0261   1
QSO: 14047 CW 2020-05-31 2350 JL3ZHU        599 0369   HS8JWH        599 0396   1
QSO: 21001 CW 2020-05-31 2357 JL3ZHU        599 0370   4F3OM         599 0627   1
END-OF-LOG:
