START-OF-LOG: 3.0
CONTEST: CQ-WPX-CW
CALLSIGN: RK3ER
LOCATION: DX
CATEGORY-OPERATOR: SINGLE-OP
CATEGORY-ASSISTED: ASSISTED
CATEGORY-BAND: 10M
CATEGORY-POWER: HIGH
CATEGORY-MODE: CW
CATEGORY-TRANSMITTER: ONE
CATEGORY-OVERLAY:
GRID-LOCATOR:
CLAIMED-SCORE: 673215
NAME: VOLOBUEV ALEXANDER
OPERATORS: RK3ER
CLUB: RO2E
CREATED-BY: 5MContest ver.7.0.7
QSO: 28020 CW 2020-05-30 0312 RK3ER         599 001    RW0AR         599 151
QSO: 28019 CW 2020-05-30 0324 RK3ER         599 002    SP5AUC        599 002
QSO: 28012 CW 2020-05-30 0325 RK3ER         599 003    RW3YA         599 001
QSO: 28022 CW 2020-05-30 0327 RK3ER         599 004    SN2M          599 005
QSO: 28012 CW 2020-05-30 0333 RK3ER         599 005    RX9L          599 040
QSO: 28012 CW 2020-05-30 0334 RK3ER         599 006    RM8L          599 020
QSO: 28012 CW 2020-05-30 0334 RK3ER         599 007    JR3JFZ        599 007
QSO: 28012 CW 2020-05-30 0336 RK3ER         599 008    RW0AJ         599 058
QSO: 28027 CW 2020-05-30 0340 RK3ER         599 009    RK0UN         599 035
QSO: 28030 CW 2020-05-30 0343 RK3ER         599 010    RU9I          599 084
QSO: 28044 CW 2020-05-30 0354 RK3ER         599 011    S58Y          599 007
QSO: 28016 CW 2020-05-30 0410 RK3ER         599 012    GW4OKT        599 029
QSO: 28015 CW 2020-05-30 0415 RK3ER         599 013    RU7M          599 014
QSO: 28026 CW 2020-05-30 0422 RK3ER         599 014    OH5Z          599 003
QSO: 28017 CW 2020-05-30 0443 RK3ER         599 015    UA9R          599 005
QSO: 28027 CW 2020-05-30 0450 RK3ER         599 016    G5LP          599 124
QSO: 28020 CW 2020-05-30 0453 RK3ER         599 017    M2L           599 067
QSO: 28017 CW 2020-05-30 0457 RK3ER         599 018    UA6EED        599 011
QSO: 28017 CW 2020-05-30 0457 RK3ER         599 019    RX6FJ         599 051
QSO: 28008 CW 2020-05-30 0504 RK3ER         599 020    LA7THA        599 001
QSO: 28009 CW 2020-05-30 0504 RK3ER         599 021    RX9SN         599 028
QSO: 28019 CW 2020-05-30 0508 RK3ER         599 022    UA6AK         599 024
QSO: 28031 CW 2020-05-30 0518 RK3ER         599 023    GM3F          599 087
QSO: 28033 CW 2020-05-30 0520 RK3ER         599 024    YU7EE         599 011
QSO: 28026 CW 2020-05-30 0521 RK3ER         599 025    LY5R          599 592
QSO: 28026 CW 2020-05-30 0521 RK3ER         599 026    4J6R          599 008
QSO: 28026 CW 2020-05-30 0522 RK3ER         599 027    RN9RF         599 057
QSO: 28026 CW 2020-05-30 0522 RK3ER         599 028    RU9SO         599 136
QSO: 28013 CW 2020-05-30 0524 RK3ER         599 029    4X6FR         599 614
QSO: 28005 CW 2020-05-30 0529 RK3ER         599 030    IB9T          599 055
QSO: 28011 CW 2020-05-30 0531 RK3ER         599 031    OZ1ADL        599 002
QSO: 28034 CW 2020-05-30 0534 RK3ER         599 032    RU6AV         599 038
QSO: 28010 CW 2020-05-30 0535 RK3ER         599 033    E77A          599 027
QSO: 28014 CW 2020-05-30 0536 RK3ER         599 034    LZ3ND         599 021
QSO: 28017 CW 2020-05-30 0537 RK3ER         599 035    LZ9W          599 046
QSO: 28019 CW 2020-05-30 0539 RK3ER         599 036    SF1Z          599 022
QSO: 28035 CW 2020-05-30 0542 RK3ER         599 037    E77G          599 027
QSO: 28027 CW 2020-05-30 0543 RK3ER         599 038    TA7I          599 151
QSO: 28029 CW 2020-05-30 0544 RK3ER         599 039    IC8FBU        599 021
QSO: 28022 CW 2020-05-30 0544 RK3ER         599 040    SX2I          599 042
QSO: 28015 CW 2020-05-30 0546 RK3ER         599 041    C4W           599 364
QSO: 28004 CW 2020-05-30 0550 RK3ER         599 042    PA3AAV        599 458
QSO: 28027 CW 2020-05-30 0552 RK3ER         599 043    LA7GIA        599 380
QSO: 28008 CW 2020-05-30 0553 RK3ER         599 044    M5D           599 023
QSO: 28010 CW 2020-05-30 0554 RK3ER         599 045    P33W          599 596
QSO: 28027 CW 2020-05-30 0556 RK3ER         599 046    SC0N          599 327
QSO: 28007 CW 2020-05-30 0559 RK3ER         599 047    LN8W          599 018
QSO: 28023 CW 2020-05-30 0601 RK3ER         599 048    LA0CX         599 032
QSO: 28012 CW 2020-05-30 0603 RK3ER         599 049    OZ8SW         599 034
QSO: 28025 CW 2020-05-30 0604 RK3ER         599 050    LZ6Y          599 354
QSO: 28031 CW 2020-05-30 0605 RK3ER         599 051    MC2I          599 049
QSO: 28035 CW 2020-05-30 0607 RK3ER         599 052    9A6A          599 049
QSO: 28040 CW 2020-05-30 0608 RK3ER         599 053    9A8A          599 034
QSO: 28023 CW 2020-05-30 0612 RK3ER         599 054    DH8BQA        599 058
QSO: 28024 CW 2020-05-30 0614 RK3ER         599 055    YO5OHO        599 039
QSO: 28024 CW 2020-05-30 0615 RK3ER         599 056    HG8C          599 038
QSO: 28024 CW 2020-05-30 0615 RK3ER         599 057    OZ7BQ         599 014
QSO: 28024 CW 2020-05-30 0616 RK3ER         599 058    DH2URF        599 019
QSO: 28024 CW 2020-05-30 0617 RK3ER         599 059    YT2RX         599 020
QSO: 28024 CW 2020-05-30 0618 RK3ER         599 060    SQ6ELV        599 010
QSO: 28024 CW 2020-05-30 0619 RK3ER         599 061    OK2VX         599 051
QSO: 28024 CW 2020-05-30 0619 RK3ER         599 062    PA5WT         599 098
QSO: 28024 CW 2020-05-30 0620 RK3ER         599 063    4O6ZD         599 006
QSO: 28009 CW 2020-05-30 0622 RK3ER         599 064    OR3A          599 016
QSO: 28019 CW 2020-05-30 0623 RK3ER         599 065    IO4T          599 503
QSO: 28022 CW 2020-05-30 0623 RK3ER         599 066    LB4UH         599 359
QSO: 28017 CW 2020-05-30 0624 RK3ER         599 067    YL4U          599 318
QSO: 28030 CW 2020-05-30 0626 RK3ER         599 068    HA8DU         599 259
QSO: 28035 CW 2020-05-30 0626 RK3ER         599 069    DK5KK         599 567
QSO: 28038 CW 2020-05-30 0627 RK3ER         599 070    DK5QN         599 053
QSO: 28038 CW 2020-05-30 0627 RK3ER         599 071    SJ0X          599 428
QSO: 28040 CW 2020-05-30 0627 RK3ER         599 072    DK9OY         599 025
QSO: 28041 CW 2020-05-30 0628 RK3ER         599 073    OH6AC         599 083
QSO: 28014 CW 2020-05-30 0629 RK3ER         599 074    YT5A          599 072
QSO: 28019 CW 2020-05-30 0629 RK3ER         599 075    HA8A          599 768
QSO: 28024 CW 2020-05-30 0631 RK3ER         599 076    OK2MBP        599 305
QSO: 28024 CW 2020-05-30 0631 RK3ER         599 077    SM7IUN        599 126
QSO: 28024 CW 2020-05-30 0631 RK3ER         599 078    DJ9DZ         599 494
QSO: 28024 CW 2020-05-30 0632 RK3ER         599 079    DC6K          599 275
QSO: 28024 CW 2020-05-30 0632 RK3ER         599 080    9A2R          599 349
QSO: 28025 CW 2020-05-30 0633 RK3ER         599 081    OK1TA         599 144
QSO: 28025 CW 2020-05-30 0633 RK3ER         599 082    SE0C          599 020
QSO: 28025 CW 2020-05-30 0634 RK3ER         599 083    DP8M          599 170
QSO: 28025 CW 2020-05-30 0635 RK3ER         599 084    OO9O          599 137
QSO: 28025 CW 2020-05-30 0635 RK3ER         599 085    GW0RYT        599 022
QSO: 28025 CW 2020-05-30 0636 RK3ER         599 086    DK1LRS        599 064
QSO: 28024 CW 2020-05-30 0639 RK3ER         599 087    G5W           599 789
QSO: 28028 CW 2020-05-30 0639 RK3ER         599 088    PG2AA         599 055
QSO: 28031 CW 2020-05-30 0641 RK3ER         56  089    OG6N          599 562
QSO: 28037 CW 2020-05-30 0641 RK3ER         599 090    SF6W          599 035
QSO: 28025 CW 2020-05-30 0643 RK3ER         599 091    PD75WR        599 060
QSO: 28025 CW 2020-05-30 0644 RK3ER         599 092    LZ8E          599 693
QSO: 28025 CW 2020-05-30 0644 RK3ER         599 093    DQ5T          599 126
QSO: 28017 CW 2020-05-30 0647 RK3ER         599 094    IB3X          599 031
QSO: 28018 CW 2020-05-30 0648 RK3ER         599 095    LA8HGA        599 123
QSO: 28021 CW 2020-05-30 0648 RK3ER         599 096    OS4M          599 004
QSO: 28026 CW 2020-05-30 0649 RK3ER         599 097    S57K          599 739
QSO: 28029 CW 2020-05-30 0650 RK3ER         599 098    LA5LJA        599 020
QSO: 28039 CW 2020-05-30 0651 RK3ER         599 099    LZ7J          599 059
QSO: 28043 CW 2020-05-30 0652 RK3ER         599 100    OG55W         599 132
QSO: 28027 CW 2020-05-30 0654 RK3ER         599 101    OK1CZ         599 031
QSO: 28027 CW 2020-05-30 0654 RK3ER         599 102    LA3NGA        599 009
QSO: 28027 CW 2020-05-30 0656 RK3ER         599 103    SP6BEN        599 021
QSO: 28027 CW 2020-05-30 0656 RK3ER         599 104    DL8MBS        599 005
QSO: 28027 CW 2020-05-30 0657 RK3ER         599 105    DL7ALM        599 006
QSO: 28009 CW 2020-05-30 0658 RK3ER         599 106    OR3A          599 078
QSO: 28018 CW 2020-05-30 0700 RK3ER         599 107    9A1CCS        599 002
QSO: 28019 CW 2020-05-30 0700 RK3ER         599 108    PA3ARM        599 050
QSO: 28020 CW 2020-05-30 0700 RK3ER         599 109    DL4YR         599 047
QSO: 28021 CW 2020-05-30 0701 RK3ER         599 110    I2WIJ         599 683
QSO: 28024 CW 2020-05-30 0702 RK3ER         599 111    HA5PP         599 089
QSO: 28027 CW 2020-05-30 0703 RK3ER         599 112    DF1LON        599 138
QSO: 28027 CW 2020-05-30 0703 RK3ER         599 113    SM7TZK        599 039
QSO: 28027 CW 2020-05-30 0703 RK3ER         599 114    IZ3NYG        599 308
QSO: 28027 CW 2020-05-30 0704 RK3ER         599 115    OK7Y          599 251
QSO: 28027 CW 2020-05-30 0705 RK3ER         599 116    UW1WU         599 211
QSO: 28004 CW 2020-05-30 0706 RK3ER         599 117    EF5U          599 051
QSO: 28007 CW 2020-05-30 0706 RK3ER         599 118    YL2SM         599 606
QSO: 28009 CW 2020-05-30 0707 RK3ER         599 119    LZ73TRC       599 311
QSO: 28010 CW 2020-05-30 0707 RK3ER         599 120    RA1AL         599 135
QSO: 28013 CW 2020-05-30 0708 RK3ER         599 121    EA5O          599 120
QSO: 28017 CW 2020-05-30 0709 RK3ER         599 122    LZ5R          599 1332
QSO: 28017 CW 2020-05-30 0710 RK3ER         599 123    OM0R          599 696
QSO: 28018 CW 2020-05-30 0711 RK3ER         599 124    OM4Q          599 640
QSO: 28018 CW 2020-05-30 0711 RK3ER         599 125    YQ6A          599 573
QSO: 28025 CW 2020-05-30 0712 RK3ER         599 126    RV1AW         599 589
QSO: 28029 CW 2020-05-30 0713 RK3ER         599 127    OQ5M          599 747
QSO: 28033 CW 2020-05-30 0713 RK3ER         599 128    MM3T          599 135
QSO: 28037 CW 2020-05-30 0714 RK3ER         599 129    OL0W          599 571
QSO: 28049 CW 2020-05-30 0715 RK3ER         599 130    UY1HY         599 169
QSO: 28028 CW 2020-05-30 0725 RK3ER         599 131    HG6N          599 1007
QSO: 28012 CW 2020-05-30 0726 RK3ER         599 132    I0GOJ         599 219
QSO: 28014 CW 2020-05-30 0727 RK3ER         599 133    DM1A          599 1029
QSO: 28016 CW 2020-05-30 0727 RK3ER         599 134    DJ8QP         599 079
QSO: 28024 CW 2020-05-30 0728 RK3ER         599 135    S50G          599 980
QSO: 28027 CW 2020-05-30 0729 RK3ER         599 136    YL2CV         599 194
QSO: 28027 CW 2020-05-30 0729 RK3ER         599 137    DA3T          599 013
QSO: 28027 CW 2020-05-30 0730 RK3ER         599 138    DK5DQ         599 097
QSO: 28027 CW 2020-05-30 0730 RK3ER         599 139    LX1ER         599 045
QSO: 28027 CW 2020-05-30 0731 RK3ER         599 140    DK1LRS        599 090
QSO: 28027 CW 2020-05-30 0731 RK3ER         599 141    DL2FQ         599 198
QSO: 28027 CW 2020-05-30 0731 RK3ER         599 142    SM7RYR        599 047
QSO: 28027 CW 2020-05-30 0732 RK3ER         599 143    GW4J          599 010
QSO: 28027 CW 2020-05-30 0732 RK3ER         599 144    OK1LV         599 013
QSO: 28027 CW 2020-05-30 0732 RK3ER         599 145    F5IDJ         599 016
QSO: 28027 CW 2020-05-30 0733 RK3ER         599 146    G4DDX         599 014
QSO: 28027 CW 2020-05-30 0733 RK3ER         599 147    PG7M          599 066
QSO: 28027 CW 2020-05-30 0734 RK3ER         599 148    DM6WAN        599 116
QSO: 28027 CW 2020-05-30 0734 RK3ER         599 149    OZ4CG         599 082
QSO: 28027 CW 2020-05-30 0734 RK3ER         599 150    DL1NKS        599 330
QSO: 28027 CW 2020-05-30 0734 RK3ER         599 151    SM3OMO        599 173
QSO: 28027 CW 2020-05-30 0735 RK3ER         599 152    S56A          599 031
QSO: 28008 CW 2020-05-30 0737 RK3ER         599 153    TK4LS         599 088
QSO: 28009 CW 2020-05-30 0740 RK3ER         599 154    OM7M          599 018
QSO: 28019 CW 2020-05-30 0742 RK3ER         599 155    OK2EA         599 061
QSO: 28028 CW 2020-05-30 0744 RK3ER         599 156    DF4XX         599 139
QSO: 28030 CW 2020-05-30 0745 RK3ER         599 157    OH0Z          599 391
QSO: 28012 CW 2020-05-30 0746 RK3ER         599 158    DO1HF         599 011
QSO: 28012 CW 2020-05-30 0747 RK3ER         599 159    SP2WGB        599 022
QSO: 28012 CW 2020-05-30 0747 RK3ER         599 160    E7/Z35M       599 072
QSO: 28012 CW 2020-05-30 0748 RK3ER         599 161    DL4FN         599 359
QSO: 28012 CW 2020-05-30 0748 RK3ER         599 162    SP50ENV       599 011
QSO: 28012 CW 2020-05-30 0749 RK3ER         599 163    EA2J          599 067
QSO: 28012 CW 2020-05-30 0749 RK3ER         599 164    IZ8GCB        599 444
QSO: 28012 CW 2020-05-30 0750 RK3ER         599 165    SN95IARU      599 379
QSO: 28012 CW 2020-05-30 0751 RK3ER         599 166    OK1XV         599 031
QSO: 28012 CW 2020-05-30 0751 RK3ER         599 167    R7AM          599 064
QSO: 28012 CW 2020-05-30 0751 RK3ER         599 168    IK3YBX        599 089
QSO: 28012 CW 2020-05-30 0752 RK3ER         599 169    9A4BL         599 012
QSO: 28012 CW 2020-05-30 0752 RK3ER         599 170    OK2RN         599 004
QSO: 28012 CW 2020-05-30 0752 RK3ER         599 171    PD0ME         599 013
QSO: 28012 CW 2020-05-30 0753 RK3ER         599 172    SP4AAZ        599 037
QSO: 28012 CW 2020-05-30 0753 RK3ER         599 173    OZ0B          599 287
QSO: 28012 CW 2020-05-30 0754 RK3ER         599 174    G4BVY         599 034
QSO: 28012 CW 2020-05-30 0754 RK3ER         599 175    F6EZV         599 009
QSO: 28012 CW 2020-05-30 0755 RK3ER         599 176    SP2HMT        599 080
QSO: 28012 CW 2020-05-30 0755 RK3ER         599 177    G3ZBU         599 007
QSO: 28012 CW 2020-05-30 0756 RK3ER         599 178    DM7W          599 315
QSO: 28012 CW 2020-05-30 0756 RK3ER         599 179    UN9GD         599 127
QSO: 28012 CW 2020-05-30 0756 RK3ER         599 180    SQ3M          599 010
QSO: 28012 CW 2020-05-30 0757 RK3ER         599 181    SE4E          599 502
QSO: 28012 CW 2020-05-30 0757 RK3ER         599 182    HA5SE         599 235
QSO: 28012 CW 2020-05-30 0758 RK3ER         599 183    ON3ND         599 190
QSO: 28012 CW 2020-05-30 0758 RK3ER         599 184    SP9NLI        599 048
QSO: 28012 CW 2020-05-30 0758 RK3ER         599 185    IK2AHB        599 011
QSO: 28012 CW 2020-05-30 0759 RK3ER         599 186    DL1DTL        599 018
QSO: 28012 CW 2020-05-30 0759 RK3ER         599 187    SP2MKI        599 294
QSO: 28012 CW 2020-05-30 0800 RK3ER         599 188    LY5W          599 152
QSO: 28012 CW 2020-05-30 0800 RK3ER         599 189    PD1BHZ        599 009
QSO: 28012 CW 2020-05-30 0800 RK3ER         599 190    UA7G          599 123
QSO: 28012 CW 2020-05-30 0801 RK3ER         599 191    DL1GBQ        599 216
QSO: 28012 CW 2020-05-30 0802 RK3ER         599 192    OK1DVA        599 096
QSO: 28012 CW 2020-05-30 0803 RK3ER         599 193    HB9ON         599 703
QSO: 28003 CW 2020-05-30 0804 RK3ER         599 194    UI2K          599 012
QSO: 28005 CW 2020-05-30 0806 RK3ER         599 195    E74Y          599 048
QSO: 28010 CW 2020-05-30 0808 RK3ER         599 196    MX7DX         599 887
QSO: 28012 CW 2020-05-30 0809 RK3ER         599 197    UA5C          599 639
QSO: 28012 CW 2020-05-30 0810 RK3ER         599 198    OE3KAB        599 045
QSO: 28017 CW 2020-05-30 0810 RK3ER         599 199    HA6NL         599 343
QSO: 28022 CW 2020-05-30 0812 RK3ER         599 200    M6O           599 206
QSO: 28027 CW 2020-05-30 0813 RK3ER         599 201    R7CD          599 359
QSO: 28028 CW 2020-05-30 0814 RK3ER         599 202    ES7GM         599 928
QSO: 28029 CW 2020-05-30 0814 RK3ER         599 203    LZ3A          599 107
QSO: 28005 CW 2020-05-30 0814 RK3ER         599 204    DK3YD         599 312
QSO: 28013 CW 2020-05-30 0815 RK3ER         599 205    SP1NY         599 369
QSO: 28020 CW 2020-05-30 0817 RK3ER         599 206    RT2C          599 990
QSO: 28012 CW 2020-05-30 0818 RK3ER         599 207    LY7T          599 328
QSO: 28016 CW 2020-05-30 0819 RK3ER         599 208    G4PVM         599 234
QSO: 28017 CW 2020-05-30 0819 RK3ER         599 209    OH3OJ         599 416
QSO: 28015 CW 2020-05-30 0820 RK3ER         599 210    SC7DX         599 334
QSO: 28018 CW 2020-05-30 0821 RK3ER         599 211    EA1R          599 005
QSO: 28014 CW 2020-05-30 0822 RK3ER         599 212    IR3C          599 622
QSO: 28016 CW 2020-05-30 0823 RK3ER         599 213    OL3A          599 873
QSO: 28021 CW 2020-05-30 0823 RK3ER         599 214    SM0T          599 014
QSO: 28025 CW 2020-05-30 0824 RK3ER         599 215    PA4O          599 731
QSO: 28032 CW 2020-05-30 0825 RK3ER         599 216    SP4JFR        599 038
QSO: 28036 CW 2020-05-30 0826 RK3ER         599 217    DK6WL         599 045
QSO: 28037 CW 2020-05-30 0826 RK3ER         599 218    PA5KT         599 262
QSO: 28037 CW 2020-05-30 0827 RK3ER         599 219    SD6F          599 074
QSO: 28039 CW 2020-05-30 0827 RK3ER         599 220    HA0LC         599 080
QSO: 28039 CW 2020-05-30 0828 RK3ER         599 221    LY2DX         599 402
QSO: 28040 CW 2020-05-30 0828 RK3ER         599 222    HA6P          599 038
QSO: 28041 CW 2020-05-30 0829 RK3ER         599 223    LA5UF         599 276
QSO: 28043 CW 2020-05-30 0829 RK3ER         599 224    PA2A          599 024
QSO: 28045 CW 2020-05-30 0830 RK3ER         599 225    SN1T          599 035
QSO: 28045 CW 2020-05-30 0831 RK3ER         599 226    DM3M          599 170
QSO: 28047 CW 2020-05-30 0832 RK3ER         599 227    OM8ON         599 068
QSO: 28048 CW 2020-05-30 0833 RK3ER         599 228    YL2PP         599 112
QSO: 28049 CW 2020-05-30 0834 RK3ER         599 229    DA0BCC        599 722
QSO: 28049 CW 2020-05-30 0834 RK3ER         599 230    SM5COP        599 075
QSO: 28050 CW 2020-05-30 0835 RK3ER         599 231    G0MTN         599 513
QSO: 28051 CW 2020-05-30 0835 RK3ER         599 232    PI4COM        599 124
QSO: 28055 CW 2020-05-30 0836 RK3ER         599 233    GX7C          599 068
QSO: 28055 CW 2020-05-30 0837 RK3ER         599 234    DJ8EW         599 178
QSO: 28056 CW 2020-05-30 0837 RK3ER         599 235    OK5Z          599 814
QSO: 28060 CW 2020-05-30 0838 RK3ER         599 236    OH9W          599 048
QSO: 28062 CW 2020-05-30 0839 RK3ER         599 237    EA5HRT        599 061
QSO: 28065 CW 2020-05-30 0839 RK3ER         599 238    S58MU         599 687
QSO: 28066 CW 2020-05-30 0840 RK3ER         599 239    DK2GZ         599 039
QSO: 28067 CW 2020-05-30 0840 RK3ER         599 240    SM5CSS        599 226
QSO: 28070 CW 2020-05-30 0841 RK3ER         599 241    LZ4A          599 138
QSO: 28008 CW 2020-05-30 0843 RK3ER         599 242    F5PCV         599 003
QSO: 28015 CW 2020-05-30 0843 RK3ER         599 243    OL3Z          599 923
QSO: 28019 CW 2020-05-30 0844 RK3ER         599 244    ON6FC         599 038
QSO: 28022 CW 2020-05-30 0845 RK3ER         599 245    YU1A          599 121
QSO: 28022 CW 2020-05-30 0846 RK3ER         599 246    SP6A          599 108
QSO: 28022 CW 2020-05-30 0846 RK3ER         599 247    DJ5IW         599 119
QSO: 28022 CW 2020-05-30 0846 RK3ER         599 248    DJ9MH         599 219
QSO: 28022 CW 2020-05-30 0848 RK3ER         599 249    M0TDW         599 193
QSO: 28022 CW 2020-05-30 0848 RK3ER         599 250    DL3GA         599 363
QSO: 28022 CW 2020-05-30 0849 RK3ER         599 251    OM5NA         599 039
QSO: 28022 CW 2020-05-30 0849 RK3ER         599 252    YO4RDW        599 520
QSO: 28022 CW 2020-05-30 0849 RK3ER         599 253    DR7Q          599 057
QSO: 28022 CW 2020-05-30 0850 RK3ER         599 254    PC5Q          599 457
QSO: 28022 CW 2020-05-30 0851 RK3ER         599 255    CT1DRB        599 109
QSO: 28022 CW 2020-05-30 0852 RK3ER         599 256    S58RU         599 062
QSO: 28022 CW 2020-05-30 0852 RK3ER         599 257    PA0JLS        599 250
QSO: 28022 CW 2020-05-30 0852 RK3ER         599 258    SP7LIE        599 044
QSO: 28022 CW 2020-05-30 0852 RK3ER         599 259    RN2FA         599 023
QSO: 28022 CW 2020-05-30 0853 RK3ER         599 260    DJ7A          599 211
QSO: 28022 CW 2020-05-30 0854 RK3ER         599 261    SP3CW         599 343
QSO: 28022 CW 2020-05-30 0855 RK3ER         599 262    IT9RWB        599 081
QSO: 28022 CW 2020-05-30 0856 RK3ER         599 263    SF5M          599 014
QSO: 28022 CW 2020-05-30 0856 RK3ER         599 264    OM3CAZ        599 202
QSO: 28022 CW 2020-05-30 0857 RK3ER         599 265    G4BVH         599 009
QSO: 28022 CW 2020-05-30 0858 RK3ER         599 266    IR1G          599 1202
QSO: 28022 CW 2020-05-30 0858 RK3ER         599 267    PA1LEX        599 181
QSO: 28022 CW 2020-05-30 0858 RK3ER         599 268    M7T           599 047
QSO: 28022 CW 2020-05-30 0859 RK3ER         599 269    SQ3RX         599 477
QSO: 28022 CW 2020-05-30 0859 RK3ER         599 270    DL7ANR        599 420
QSO: 28022 CW 2020-05-30 0900 RK3ER         599 271    G3SHF         599 038
QSO: 28022 CW 2020-05-30 0900 RK3ER         599 272    DL6RAI        599 424
QSO: 28022 CW 2020-05-30 0900 RK3ER         599 273    OK2SGY        599 250
QSO: 28022 CW 2020-05-30 0901 RK3ER         599 274    DO1UZ         599 031
QSO: 28022 CW 2020-05-30 0901 RK3ER         599 275    DL1GBQ        599 246
QSO: 28022 CW 2020-05-30 0902 RK3ER         599 276    HA6NW         599 274
QSO: 28022 CW 2020-05-30 0903 RK3ER         599 277    OE1CIW        599 305
QSO: 28022 CW 2020-05-30 0903 RK3ER         599 278    SP2HMY        599 065
QSO: 28022 CW 2020-05-30 0904 RK3ER         599 279    S51MF         599 122
QSO: 28022 CW 2020-05-30 0904 RK3ER         599 280    DG3T          599 420
QSO: 28022 CW 2020-05-30 0905 RK3ER         599 281    SP9TPV        599 015
QSO: 28022 CW 2020-05-30 0905 RK3ER         599 282    OM2RA         599 037
QSO: 28022 CW 2020-05-30 0906 RK3ER         599 283    HA7VK         599 038
QSO: 28022 CW 2020-05-30 0906 RK3ER         599 284    HA0LZ         599 085
QSO: 28022 CW 2020-05-30 0907 RK3ER         599 285    DL5JAG        599 375
QSO: 28022 CW 2020-05-30 0907 RK3ER         599 286    DL3SYA        599 118
QSO: 28022 CW 2020-05-30 0908 RK3ER         599 287    UI8C          599 302
QSO: 28022 CW 2020-05-30 0908 RK3ER         599 288    DL7VOG        599 164
QSO: 28022 CW 2020-05-30 0908 RK3ER         599 289    DL1NEO        599 162
QSO: 28000 CW 2020-05-30 0909 RK3ER         599 290    RT9A          599 519
QSO: 28011 CW 2020-05-30 0911 RK3ER         599 291    EC3A          599 480
QSO: 28014 CW 2020-05-30 0913 RK3ER         599 292    5Q6EE         599 407
QSO: 28015 CW 2020-05-30 0914 RK3ER         599 293    G0ORH         599 099
QSO: 28019 CW 2020-05-30 0914 RK3ER         599 294    SD1A          599 046
QSO: 28019 CW 2020-05-30 0915 RK3ER         599 295    EF1C          599 047
QSO: 28021 CW 2020-05-30 0916 RK3ER         599 296    9A4WY         599 072
QSO: 28023 CW 2020-05-30 0917 RK3ER         599 297    EU8U          599 826
QSO: 28024 CW 2020-05-30 0917 RK3ER         599 298    TM2Y          599 969
QSO: 28024 CW 2020-05-30 0917 RK3ER         599 299    9A5D          599 892
QSO: 28026 CW 2020-05-30 0918 RK3ER         599 300    DL8BH         599 061
QSO: 28027 CW 2020-05-30 0920 RK3ER         599 301    ID3X          599 163
QSO: 28027 CW 2020-05-30 0920 RK3ER         599 302    OH3FM         599 418
QSO: 28028 CW 2020-05-30 0921 RK3ER         599 303    LY2XW         599 640
QSO: 28028 CW 2020-05-30 0922 RK3ER         599 304    IK8UND        599 410
QSO: 28029 CW 2020-05-30 0923 RK3ER         599 305    SM5ACQ        599 007
QSO: 28034 CW 2020-05-30 0923 RK3ER         599 306    IK3UNA        599 412
QSO: 28010 CW 2020-05-30 0924 RK3ER         599 307    R2AA          599 1377
QSO: 28016 CW 2020-05-30 0926 RK3ER         599 308    MU2K          599 591
QSO: 28024 CW 2020-05-30 0930 RK3ER         599 309    RN9C          599 895
QSO: 28020 CW 2020-05-30 0931 RK3ER         599 310    OU2W          599 179
QSO: 28023 CW 2020-05-30 0935 RK3ER         599 311    HB9CAT        599 329
QSO: 28023 CW 2020-05-30 0935 RK3ER         599 312    DM3PKK        599 206
QSO: 28023 CW 2020-05-30 0936 RK3ER         599 313    OM7PY         599 024
QSO: 28023 CW 2020-05-30 0936 RK3ER         599 314    EF1A          599 043
QSO: 28023 CW 2020-05-30 0936 RK3ER         599 315    G3OTK         599 004
QSO: 28023 CW 2020-05-30 0937 RK3ER         599 316    DF5EG         599 246
QSO: 28023 CW 2020-05-30 0937 RK3ER         599 317    EA4M          599 106
QSO: 28023 CW 2020-05-30 0937 RK3ER         599 318    OV3X          599 471
QSO: 28023 CW 2020-05-30 0938 RK3ER         599 319    DJ9RR         599 338
QSO: 28023 CW 2020-05-30 0938 RK3ER         599 320    LZ55HW        599 287
QSO: 28023 CW 2020-05-30 0939 RK3ER         599 321    EA8OM         599 046
QSO: 28023 CW 2020-05-30 0939 RK3ER         599 322    PA7LV         599 028
QSO: 28002 CW 2020-05-30 0940 RK3ER         599 323    OL1ADZ        599 025
QSO: 28007 CW 2020-05-30 0941 RK3ER         599 324    M4J           599 037
QSO: 28021 CW 2020-05-30 0943 RK3ER         599 325    DL5YM         599 338
QSO: 28025 CW 2020-05-30 0944 RK3ER         599 326    SD6M          599 011
QSO: 28025 CW 2020-05-30 0945 RK3ER         599 327    YT9X          599 004
QSO: 28029 CW 2020-05-30 0945 RK3ER         599 328    E7CW          599 594
QSO: 28034 CW 2020-05-30 0946 RK3ER         599 329    DG7NFX        599 129
QSO: 28034 CW 2020-05-30 0947 RK3ER         599 330    OO4O          599 327
QSO: 28034 CW 2020-05-30 0948 RK3ER         599 331    DJ5LA         599 124
QSO: 28034 CW 2020-05-30 0948 RK3ER         599 332    G4TNI         599 055
QSO: 28034 CW 2020-05-30 0949 RK3ER         599 333    SP2FAP        599 079
QSO: 28036 CW 2020-05-30 0950 RK3ER         599 334    EB5A          599 863
QSO: 28001 CW 2020-05-30 0951 RK3ER         599 335    LZ9A          599 357
QSO: 28017 CW 2020-05-30 0952 RK3ER         599 336    G5V           599 070
QSO: 28022 CW 2020-05-30 0953 RK3ER         599 337    HA9RT         599 242
QSO: 28035 CW 2020-05-30 0955 RK3ER         599 338    OH1F          599 1051
QSO: 28035 CW 2020-05-30 0956 RK3ER         599 339    DK2OY         599 554
QSO: 28034 CW 2020-05-30 0958 RK3ER         599 340    YT5N          599 148
QSO: 28034 CW 2020-05-30 0958 RK3ER         599 341    DG0KS         599 081
QSO: 28034 CW 2020-05-30 0959 RK3ER         599 342    ON5JT         599 462
QSO: 28034 CW 2020-05-30 0959 RK3ER         599 343    UA3YFL        599 121
QSO: 28034 CW 2020-05-30 1001 RK3ER         599 344    DD0CC         599 760
QSO: 28034 CW 2020-05-30 1001 RK3ER         599 345    RA5G          599 1534
QSO: 28034 CW 2020-05-30 1002 RK3ER         599 346    S57NAW        599 092
QSO: 28034 CW 2020-05-30 1003 RK3ER         599 347    S53V          599 185
QSO: 28034 CW 2020-05-30 1003 RK3ER         599 348    DL3KWF        599 096
QSO: 28050 CW 2020-05-30 1005 RK3ER         599 349    SC3A          599 112
QSO: 28056 CW 2020-05-30 1006 RK3ER         599 350    SF0A          599 268
QSO: 28028 CW 2020-05-30 1008 RK3ER         599 351    F5IN          599 657
QSO: 28039 CW 2020-05-30 1010 RK3ER         599 352    EW5Z          599 1000
QSO: 28034 CW 2020-05-30 1011 RK3ER         599 353    PC1PM         599 132
QSO: 28034 CW 2020-05-30 1011 RK3ER         599 354    DK5ZX         599 061
QSO: 28034 CW 2020-05-30 1012 RK3ER         599 355    R7RM          599 105
QSO: 28016 CW 2020-05-30 1013 RK3ER         599 356    OL5Y          599 205
QSO: 28025 CW 2020-05-30 1015 RK3ER         599 357    9H1XT         599 305
QSO: 28002 CW 2020-05-30 1017 RK3ER         599 358    HA8VV         599 126
QSO: 28021 CW 2020-05-30 1018 RK3ER         599 359    GS2MP         599 013
QSO: 28005 CW 2020-05-30 1018 RK3ER         599 360    MM9I          599 363
QSO: 28022 CW 2020-05-30 1021 RK3ER         599 361    LY2A          599 153
QSO: 28026 CW 2020-05-30 1023 RK3ER         599 362    CR6K          599 1125
QSO: 28026 CW 2020-05-30 1025 RK3ER         599 363    GM4Z          599 064
QSO: 28018 CW 2020-05-30 1027 RK3ER         599 364    YL7X          599 948
QSO: 28032 CW 2020-05-30 1028 RK3ER         599 365    EA6FO         599 748
QSO: 28037 CW 2020-05-30 1029 RK3ER         599 366    IW3FVZ        599 298
QSO: 28023 CW 2020-05-30 1033 RK3ER         599 367    YL3FW         599 061
QSO: 28023 CW 2020-05-30 1034 RK3ER         599 368    HA7UI         599 426
QSO: 28007 CW 2020-05-30 1037 RK3ER         599 369    GB2OL         599 143
QSO: 28024 CW 2020-05-30 1040 RK3ER         599 370    HA3PT         599 136
QSO: 28024 CW 2020-05-30 1040 RK3ER         599 371    IK7RVY        599 123
QSO: 28024 CW 2020-05-30 1041 RK3ER         599 372    HA0LP         599 232
QSO: 28024 CW 2020-05-30 1041 RK3ER         599 373    IK8ARF        599 104
QSO: 28024 CW 2020-05-30 1042 RK3ER         599 374    9A3NC         599 035
QSO: 28024 CW 2020-05-30 1043 RK3ER         599 375    HA4YF         599 226
QSO: 28024 CW 2020-05-30 1044 RK3ER         599 376    DL5LYM        599 212
QSO: 28024 CW 2020-05-30 1045 RK3ER         599 377    DL7ACN        599 025
QSO: 28024 CW 2020-05-30 1045 RK3ER         599 378    DK6CQ         599 028
QSO: 28024 CW 2020-05-30 1046 RK3ER         599 379    HA8CQ         599 053
QSO: 28024 CW 2020-05-30 1046 RK3ER         599 380    OM7AW         599 050
QSO: 28024 CW 2020-05-30 1047 RK3ER         599 381    LZ2FM         599 026
QSO: 28024 CW 2020-05-30 1047 RK3ER         599 382    DL2AOM        599 025
QSO: 28009 CW 2020-05-30 1049 RK3ER         599 383    9A0AA         599 918
QSO: 28028 CW 2020-05-30 1050 RK3ER         599 384    EA7A          599 451
QSO: 28013 CW 2020-05-30 1051 RK3ER         599 385    YT5L          599 055
QSO: 28020 CW 2020-05-30 1053 RK3ER         599 386    IK2SND        599 177
QSO: 28020 CW 2020-05-30 1054 RK3ER         599 387    DL4HBF        599 054
QSO: 28020 CW 2020-05-30 1055 RK3ER         599 388    LZ0M          599 479
QSO: 28020 CW 2020-05-30 1055 RK3ER         599 389    OM5UM         599 063
QSO: 28020 CW 2020-05-30 1056 RK3ER         599 390    DA0A          599 047
QSO: 28020 CW 2020-05-30 1057 RK3ER         599 391    LX20I         599 147
QSO: 28037 CW 2020-05-30 1107 RK3ER         599 392    S52W          599 036
QSO: 28034 CW 2020-05-30 1109 RK3ER         599 393    Z32U          599 213
QSO: 28026 CW 2020-05-30 1110 RK3ER         599 394    LZ9R          599 536
QSO: 28026 CW 2020-05-30 1110 RK3ER         599 395    HG1A          599 1058
QSO: 28033 CW 2020-05-30 1111 RK3ER         599 396    G4DRS         599 175
QSO: 28031 CW 2020-05-30 1113 RK3ER         599 397    DD1LD         599 088
QSO: 28031 CW 2020-05-30 1113 RK3ER         599 398    GD1RP         599 232
QSO: 28031 CW 2020-05-30 1114 RK3ER         599 399    LZ3R          599 320
QSO: 28031 CW 2020-05-30 1115 RK3ER         599 400    DK3RY         599 018
QSO: 28031 CW 2020-05-30 1116 RK3ER         599 401    EE4A          599 123
QSO: 28031 CW 2020-05-30 1117 RK3ER         599 402    DD5ZZ         599 027
QSO: 28031 CW 2020-05-30 1118 RK3ER         599 403    EA1VT         599 110
QSO: 28030 CW 2020-05-30 1120 RK3ER         599 404    DQ4Q          599 743
QSO: 28009 CW 2020-05-30 1121 RK3ER         599 405    IK1JJM        599 536
QSO: 28017 CW 2020-05-30 1123 RK3ER         599 406    YT7AA         599 021
QSO: 28018 CW 2020-05-30 1126 RK3ER         599 407    DF6FQ         599 052
QSO: 28018 CW 2020-05-30 1127 RK3ER         599 408    SP2LNW        599 434
QSO: 28018 CW 2020-05-30 1127 RK3ER         599 409    SP6TGC        599 281
QSO: 28018 CW 2020-05-30 1128 RK3ER         599 410    OU3A          599 135
QSO: 28018 CW 2020-05-30 1128 RK3ER         599 411    SD3A          599 081
QSO: 28005 CW 2020-05-30 1129 RK3ER         599 412    DJ2QV         599 042
QSO: 28015 CW 2020-05-30 1129 RK3ER         599 413    DL6ZBN        599 443
QSO: 28021 CW 2020-05-30 1131 RK3ER         599 414    UA6GO         599 258
QSO: 28029 CW 2020-05-30 1135 RK3ER         599 415    OK5SA         599 084
QSO: 28029 CW 2020-05-30 1136 RK3ER         599 416    F8CRS         599 320
QSO: 28029 CW 2020-05-30 1136 RK3ER         599 417    OM4O          599 260
QSO: 28029 CW 2020-05-30 1137 RK3ER         599 418    DK1CE         599 038
QSO: 28029 CW 2020-05-30 1138 RK3ER         599 419    DL1ROT        599 326
QSO: 28029 CW 2020-05-30 1138 RK3ER         599 420    DL6JZ         599 170
QSO: 28029 CW 2020-05-30 1139 RK3ER         599 421    DL5RMH        599 134
QSO: 28010 CW 2020-05-30 1140 RK3ER         599 422    OK1AXB        599 176
QSO: 28012 CW 2020-05-30 1141 RK3ER         599 423    Z33B          599 154
QSO: 28017 CW 2020-05-30 1141 RK3ER         599 424    CT3KN         599 216
QSO: 28024 CW 2020-05-30 1142 RK3ER         599 425    DQ5M          599 523
QSO: 28037 CW 2020-05-30 1143 RK3ER         599 426    E71A          599 039
QSO: 28023 CW 2020-05-30 1144 RK3ER         599 427    DL0DX         599 656
QSO: 28038 CW 2020-05-30 1146 RK3ER         599 428    HB9CRV        599 127
QSO: 28029 CW 2020-05-30 1147 RK3ER         599 429    DK1KC         599 388
QSO: 28029 CW 2020-05-30 1147 RK3ER         599 430    UZ3A          599 985
QSO: 28029 CW 2020-05-30 1148 RK3ER         599 431    OK2ABU        599 130
QSO: 28029 CW 2020-05-30 1148 RK3ER         599 432    4L6QL         599 169
QSO: 28030 CW 2020-05-30 1151 RK3ER         599 433    OL1B          599 141
QSO: 28035 CW 2020-05-30 1151 RK3ER         599 434    EA1WH         599 210
QSO: 28036 CW 2020-05-30 1152 RK3ER         599 435    EB5A          599 1169
QSO: 28005 CW 2020-05-30 1154 RK3ER         599 436    P3AA          599 730
QSO: 28011 CW 2020-05-30 1154 RK3ER         599 437    S51TA         599 176
QSO: 28029 CW 2020-05-30 1155 RK3ER         599 438    RL3A          599 911
QSO: 28010 CW 2020-05-30 1156 RK3ER         599 439    HA7MF         599 373
QSO: 28002 CW 2020-05-30 1157 RK3ER         599 440    MI5I          599 372
QSO: 28029 CW 2020-05-30 1200 RK3ER         599 441    OM3RM         599 511
QSO: 28029 CW 2020-05-30 1201 RK3ER         599 442    IK6VXO        599 083
QSO: 28029 CW 2020-05-30 1201 RK3ER         599 443    DD0VS         599 061
QSO: 28029 CW 2020-05-30 1201 RK3ER         599 444    DL3DUE        599 028
QSO: 28029 CW 2020-05-30 1203 RK3ER         599 445    OE3VET        599 002
QSO: 28029 CW 2020-05-30 1204 RK3ER         599 446    SP9H          599 217
QSO: 28029 CW 2020-05-30 1205 RK3ER         599 447    OM2DT         599 278
QSO: 28029 CW 2020-05-30 1205 RK3ER         599 448    DL2TM         599 087
QSO: 28029 CW 2020-05-30 1206 RK3ER         599 449    DL2MM         599 070
QSO: 28029 CW 2020-05-30 1207 RK3ER         599 450    DH0GHU        599 393
QSO: 28029 CW 2020-05-30 1207 RK3ER         599 451    SV1CEI        599 031
QSO: 28029 CW 2020-05-30 1208 RK3ER         599 452    DL1JDQ        599 021
QSO: 28029 CW 2020-05-30 1208 RK3ER         599 453    DD2ML         599 888
QSO: 28029 CW 2020-05-30 1209 RK3ER         599 454    HA6WT         599 149
QSO: 28029 CW 2020-05-30 1210 RK3ER         599 455    OK4NN         599 137
QSO: 28029 CW 2020-05-30 1211 RK3ER         599 456    YU1LM/QRP     599 250
QSO: 28029 CW 2020-05-30 1212 RK3ER         599 457    HA3OU         599 507
QSO: 28029 CW 2020-05-30 1213 RK3ER         599 458    UA6LCJ        599 325
QSO: 28029 CW 2020-05-30 1214 RK3ER         599 459    DL2SWR        599 088
QSO: 28029 CW 2020-05-30 1215 RK3ER         599 460    CT1ELZ        599 116
QSO: 28029 CW 2020-05-30 1216 RK3ER         599 461    SN7O          599 521
QSO: 28029 CW 2020-05-30 1217 RK3ER         599 462    OM7SR         599 178
QSO: 28015 CW 2020-05-30 1219 RK3ER         599 463    F5ROX         599 021
QSO: 28016 CW 2020-05-30 1220 RK3ER         599 464    RW7F          599 576
QSO: 28018 CW 2020-05-30 1221 RK3ER         599 465    EA1G          599 073
QSO: 28029 CW 2020-05-30 1224 RK3ER         599 466    YO2MKI        599 271
QSO: 28029 CW 2020-05-30 1224 RK3ER         599 467    OK1DPU        599 241
QSO: 28029 CW 2020-05-30 1224 RK3ER         599 468    OK5ZZ         599 474
QSO: 28029 CW 2020-05-30 1225 RK3ER         599 469    YO2CMI        599 053
QSO: 28029 CW 2020-05-30 1225 RK3ER         599 470    DL1EAL        599 018
QSO: 28029 CW 2020-05-30 1226 RK3ER         599 471    DL7UXG        599 253
QSO: 28029 CW 2020-05-30 1226 RK3ER         599 472    OK1DRX        599 018
QSO: 28029 CW 2020-05-30 1227 RK3ER         599 473    DJ1YFK        599 151
QSO: 28029 CW 2020-05-30 1227 RK3ER         599 474    IK2RLS        599 016
QSO: 28029 CW 2020-05-30 1228 RK3ER         599 475    R8TA          599 018
QSO: 28029 CW 2020-05-30 1229 RK3ER         599 476    DL2DUA        599 003
QSO: 28024 CW 2020-05-30 1231 RK3ER         599 477    SX1T          599 763
QSO: 28029 CW 2020-05-30 1232 RK3ER         599 478    DL0UM         599 037
QSO: 28029 CW 2020-05-30 1233 RK3ER         599 479    PA5N          599 021
QSO: 28029 CW 2020-05-30 1233 RK3ER         599 480    DF0BV         599 298
QSO: 28029 CW 2020-05-30 1234 RK3ER         599 481    S52NR         599 468
QSO: 28029 CW 2020-05-30 1235 RK3ER         599 482    DL8UKW        599 021
QSO: 28029 CW 2020-05-30 1238 RK3ER         599 483    DK6OR         599 121
QSO: 28029 CW 2020-05-30 1240 RK3ER         599 484    IW0HBY        599 031
QSO: 28029 CW 2020-05-30 1240 RK3ER         599 485    DF8V          599 021
QSO: 28029 CW 2020-05-30 1241 RK3ER         599 486    DK7TY         599 038
QSO: 28029 CW 2020-05-30 1241 RK3ER         599 487    DL8TG         599 233
QSO: 28029 CW 2020-05-30 1242 RK3ER         599 488    R5EM          599 002
QSO: 28017 CW 2020-05-30 1244 RK3ER         599 489    R8TT          599 666
QSO: 28029 CW 2020-05-30 1245 RK3ER         599 490    I3JKI         599 023
QSO: 28029 CW 2020-05-30 1247 RK3ER         599 491    E74YM         599 047
QSO: 28029 CW 2020-05-30 1247 RK3ER         599 492    OK1LO         599 021
QSO: 28029 CW 2020-05-30 1248 RK3ER         599 493    IZ2OOS        599 082
QSO: 28029 CW 2020-05-30 1248 RK3ER         599 494    R7KO          599 154
QSO: 28029 CW 2020-05-30 1249 RK3ER         599 495    DM7C          599 079
QSO: 28029 CW 2020-05-30 1249 RK3ER         599 496    UA6YH         599 113
QSO: 28029 CW 2020-05-30 1250 RK3ER         599 497    DK5WN         599 008
QSO: 28029 CW 2020-05-30 1252 RK3ER         599 498    SV1AZL        599 067
QSO: 28029 CW 2020-05-30 1254 RK3ER         599 499    EA1VT         599 121
QSO: 28031 CW 2020-05-30 1258 RK3ER         599 500    IZ3NVR        599 041
QSO: 28040 CW 2020-05-30 1259 RK3ER         599 501    RY7Y          599 079
QSO: 28040 CW 2020-05-30 1259 RK3ER         599 502    SV9DJO        599 491
QSO: 28015 CW 2020-05-30 1303 RK3ER         599 503    DL4ME         599 275
QSO: 28015 CW 2020-05-30 1303 RK3ER         599 504    DK5WN         599 016
QSO: 28015 CW 2020-05-30 1304 RK3ER         599 505    DL9MFY        599 033
QSO: 28020 CW 2020-05-30 1338 RK3ER         599 506    R7AW          599 191
QSO: 28014 CW 2020-05-30 1339 RK3ER         599 507    DQ1V          599 021
QSO: 28013 CW 2020-05-30 1344 RK3ER         599 508    DF0SX         599 009
QSO: 28014 CW 2020-05-30 1345 RK3ER         599 509    UA9MA         599 895
QSO: 28013 CW 2020-05-30 1346 RK3ER         599 510    RG9A          599 991
QSO: 28013 CW 2020-05-30 1347 RK3ER         599 511    RT4M          599 375
QSO: 28023 CW 2020-05-30 1349 RK3ER         599 512    S59AA         599 221
QSO: 28039 CW 2020-05-30 1350 RK3ER         599 513    UG4A          599 339
QSO: 28003 CW 2020-05-30 1351 RK3ER         599 514    RG4A          599 041
QSO: 28005 CW 2020-05-30 1352 RK3ER         599 515    RT8U          599 1092
QSO: 28010 CW 2020-05-30 1352 RK3ER         599 516    RU6CO         599 125
QSO: 28011 CW 2020-05-30 1353 RK3ER         599 517    RT7N          599 445
QSO: 28011 CW 2020-05-30 1354 RK3ER         599 518    RA6C          599 228
QSO: 28011 CW 2020-05-30 1355 RK3ER         599 519    SP9DLY        599 602
QSO: 28016 CW 2020-05-30 1356 RK3ER         599 520    R8CT          599 692
QSO: 28038 CW 2020-05-30 1400 RK3ER         599 521    SP3FYX        599 037
QSO: 28029 CW 2020-05-30 1401 RK3ER         599 522    R9AB          599 037
QSO: 28027 CW 2020-05-30 1401 RK3ER         599 523    4X0A          599 276
QSO: 28036 CW 2020-05-30 1403 RK3ER         599 524    RM9RZ         599 136
QSO: 28019 CW 2020-05-30 1404 RK3ER         599 525    LY3DA         599 095
QSO: 28020 CW 2020-05-30 1410 RK3ER         599 526    TM73E         599 769
QSO: 28010 CW 2020-05-30 1411 RK3ER         599 527    UA6AUA        599 124
QSO: 28012 CW 2020-05-30 1413 RK3ER         599 528    UA6LUQ        599 271
QSO: 28022 CW 2020-05-30 1418 RK3ER         599 529    LZ3FN         599 980
QSO: 28022 CW 2020-05-30 1418 RK3ER         599 530    R7RM          599 160
QSO: 28013 CW 2020-05-30 1422 RK3ER         599 531    RC9A          599 065
QSO: 28012 CW 2020-05-30 1425 RK3ER         599 532    LZ1IA         599 084
QSO: 28012 CW 2020-05-30 1428 RK3ER         599 533    UD4C          599 003
QSO: 28012 CW 2020-05-30 1428 RK3ER         599 534    RN4HAB        599 471
QSO: 28012 CW 2020-05-30 1430 RK3ER         599 535    LZ7H          599 116
QSO: 28012 CW 2020-05-30 1431 RK3ER         599 536    LZ7O          599 134
QSO: 28012 CW 2020-05-30 1431 RK3ER         599 537    EU1AA         599 237
QSO: 28012 CW 2020-05-30 1433 RK3ER         599 538    UN8PT         599 133
QSO: 28012 CW 2020-05-30 1434 RK3ER         599 539    YO3GNF        599 324
QSO: 28012 CW 2020-05-30 1435 RK3ER         599 540    LZ1AQ         599 239
QSO: 28012 CW 2020-05-30 1436 RK3ER         599 541    LZ2GS         599 161
QSO: 28012 CW 2020-05-30 1438 RK3ER         599 542    LZ5B          599 186
QSO: 28004 CW 2020-05-30 1442 RK3ER         599 543    YO9HP         599 787
QSO: 28028 CW 2020-05-30 1444 RK3ER         599 544    RD0A          599 313
QSO: 28012 CW 2020-05-30 1446 RK3ER         599 545    UT5ECZ        599 459
QSO: 28012 CW 2020-05-30 1447 RK3ER         599 546    UN7FW         599 345
QSO: 28010 CW 2020-05-30 1452 RK3ER         599 547    LZ2JA         599 091
QSO: 28010 CW 2020-05-30 1452 RK3ER         599 548    LZ1UK         599 049
QSO: 28010 CW 2020-05-30 1452 RK3ER         599 549    YO3ND         599 524
QSO: 28010 CW 2020-05-30 1453 RK3ER         599 550    RA7E          599 258
QSO: 28010 CW 2020-05-30 1454 RK3ER         599 551    RK7X          599 028
QSO: 28010 CW 2020-05-30 1454 RK3ER         599 552    UB8QAA        599 193
QSO: 28018 CW 2020-05-30 1457 RK3ER         599 553    UT5UT         599 208
QSO: 28023 CW 2020-05-30 1500 RK3ER         599 554    UN8GA         599 110
QSO: 28023 CW 2020-05-30 1501 RK3ER         599 555    RQ9O          599 678
QSO: 28023 CW 2020-05-30 1502 RK3ER         599 556    UA6EC         599 042
QSO: 28028 CW 2020-05-30 1506 RK3ER         599 557    UC8U          599 465
QSO: 28015 CW 2020-05-30 1509 RK3ER         599 558    RW3WR         599 271
QSO: 28025 CW 2020-05-31 0331 RK3ER         599 559    BY8AC         599 1218
QSO: 28015 CW 2020-05-31 0333 RK3ER         599 560    BD4RWR        599 853
QSO: 28024 CW 2020-05-31 0334 RK3ER         599 561    BH7JUO        599 291
QSO: 28020 CW 2020-05-31 0345 RK3ER         599 562    RK9AX         599 225
QSO: 28018 CW 2020-05-31 0354 RK3ER         599 563    R0WC          599 655
QSO: 28018 CW 2020-05-31 0355 RK3ER         599 564    RM0W          599 008
QSO: 28019 CW 2020-05-31 0403 RK3ER         599 565    LZ2RS         599 193
QSO: 28010 CW 2020-05-31 0404 RK3ER         599 566    RX9WN         599 306
QSO: 28037 CW 2020-05-31 0407 RK3ER         599 567    UW5U          599 1078
QSO: 28007 CW 2020-05-31 0413 RK3ER         599 568    DS4EOI        599 1062
QSO: 28019 CW 2020-05-31 0416 RK3ER         599 569    UD4W          599 248
QSO: 28019 CW 2020-05-31 0416 RK3ER         599 570    UZ1WW         599 461
QSO: 28008 CW 2020-05-31 0421 RK3ER         599 571    BA7QT         599 766
QSO: 28019 CW 2020-05-31 0423 RK3ER         599 572    RW3PZ         599 098
QSO: 28019 CW 2020-05-31 0424 RK3ER         599 573    R9YC          599 089
QSO: 28021 CW 2020-05-31 0429 RK3ER         599 574    US1Q          599 2741
QSO: 28019 CW 2020-05-31 0432 RK3ER         599 575    DL5SFC        599 379
QSO: 28019 CW 2020-05-31 0433 RK3ER         599 576    HA8LNN        599 048
QSO: 28019 CW 2020-05-31 0434 RK3ER         599 577    YO4BEW        599 032
QSO: 28019 CW 2020-05-31 0435 RK3ER         599 578    DJ6OZ         599 351
QSO: 28019 CW 2020-05-31 0436 RK3ER         599 579    SM0FPR        599 325
QSO: 28019 CW 2020-05-31 0436 RK3ER         599 580    YO8WW         599 125
QSO: 28019 CW 2020-05-31 0437 RK3ER         599 581    DD5T          599 057
QSO: 28022 CW 2020-05-31 0441 RK3ER         599 582    BG7JJW        599 911
QSO: 28023 CW 2020-05-31 0441 RK3ER         599 583    BY4DX         599 637
QSO: 28045 CW 2020-05-31 0442 RK3ER         599 584    HZ1TT         599 362
QSO: 28019 CW 2020-05-31 0446 RK3ER         599 585    UY7C          599 1159
QSO: 28019 CW 2020-05-31 0446 RK3ER         599 586    S54X          599 1159
QSO: 28019 CW 2020-05-31 0447 RK3ER         599 587    PA3DAT        599 045
QSO: 28019 CW 2020-05-31 0447 RK3ER         599 588    RA9DZ         599 783
QSO: 28019 CW 2020-05-31 0449 RK3ER         599 589    EW3LN         599 157
QSO: 28019 CW 2020-05-31 0450 RK3ER         599 590    UR5WHQ        599 004
QSO: 28019 CW 2020-05-31 0450 RK3ER         599 591    S53M          599 2972
QSO: 28019 CW 2020-05-31 0451 RK3ER         599 592    SP3CMX        599 030
QSO: 28019 CW 2020-05-31 0452 RK3ER         599 593    YO9LL         599 143
QSO: 28019 CW 2020-05-31 0453 RK3ER         599 594    UA9OC         599 074
QSO: 28019 CW 2020-05-31 0453 RK3ER         599 595    YU1JW         599 155
QSO: 28026 CW 2020-05-31 0454 RK3ER         599 596    RA7A          599 104
QSO: 28026 CW 2020-05-31 0457 RK3ER         599 597    UA4Z          599 1393
QSO: 28022 CW 2020-05-31 0459 RK3ER         599 598    UB6B          599 265
QSO: 28014 CW 2020-05-31 0502 RK3ER         599 599    R4WZ          599 158
QSO: 28014 CW 2020-05-31 0503 RK3ER         599 600    YU1JF         599 139
QSO: 28014 CW 2020-05-31 0503 RK3ER         599 601    9A1CCY        599 1433
QSO: 28014 CW 2020-05-31 0506 RK3ER         599 602    IK6BAK        599 006
QSO: 28014 CW 2020-05-31 0506 RK3ER         599 603    RA9P          599 1900
QSO: 28014 CW 2020-05-31 0506 RK3ER         599 604    OK2EQ         599 227
QSO: 28014 CW 2020-05-31 0507 RK3ER         599 605    R9FM          599 351
QSO: 28014 CW 2020-05-31 0507 RK3ER         599 606    F4CIB         599 064
QSO: 28014 CW 2020-05-31 0508 RK3ER         599 607    UA6HFI        599 352
QSO: 28014 CW 2020-05-31 0508 RK3ER         599 608    RQ7R          599 066
QSO: 28014 CW 2020-05-31 0509 RK3ER         599 609    YO4CSL        599 072
QSO: 28020 CW 2020-05-31 0510 RK3ER         599 610    LZ3ZZ         599 191
QSO: 28033 CW 2020-05-31 0511 RK3ER         599 611    EU5C          599 1227
QSO: 28006 CW 2020-05-31 0511 RK3ER         599 612    UP2L          599 3590
QSO: 28014 CW 2020-05-31 0513 RK3ER         599 613    SP5AUY        599 542
QSO: 28014 CW 2020-05-31 0514 RK3ER         599 614    DL7JV         599 986
QSO: 28014 CW 2020-05-31 0517 RK3ER         599 615    DJ7A          599 615
QSO: 28014 CW 2020-05-31 0517 RK3ER         599 616    LY5G          599 903
QSO: 28017 CW 2020-05-31 0519 RK3ER         599 617    RN4SS         599 434
QSO: 28013 CW 2020-05-31 0520 RK3ER         599 618    TM5T          599 1523
QSO: 28003 CW 2020-05-31 0520 RK3ER         599 619    PA0O          599 279
QSO: 28015 CW 2020-05-31 0521 RK3ER         599 620    SP3JIA        599 179
QSO: 28015 CW 2020-05-31 0522 RK3ER         599 621    SM2R          599 168
QSO: 28047 CW 2020-05-31 0523 RK3ER         599 622    UW7W          599 209
QSO: 28034 CW 2020-05-31 0525 RK3ER         599 623    RC7A          599 317
QSO: 28007 CW 2020-05-31 0528 RK3ER         599 624    EV1R          599 1764
QSO: 28021 CW 2020-05-31 0529 RK3ER         599 625    OM3BH         599 2580
QSO: 28020 CW 2020-05-31 0531 RK3ER         599 626    RG6G          599 3175
QSO: 28016 CW 2020-05-31 0533 RK3ER         599 627    HA7I          599 1072
QSO: 28021 CW 2020-05-31 0534 RK3ER         599 628    OM3DX         599 2597
QSO: 28015 CW 2020-05-31 0535 RK3ER         599 629    DL4WA         599 792
QSO: 28015 CW 2020-05-31 0536 RK3ER         599 630    DL1HBT        599 115
QSO: 28021 CW 2020-05-31 0537 RK3ER         599 631    LY2J          599 1328
QSO: 28015 CW 2020-05-31 0538 RK3ER         599 632    F8DFP         599 316
QSO: 28032 CW 2020-05-31 0540 RK3ER         599 633    S55OO         599 855
QSO: 28036 CW 2020-05-31 0540 RK3ER         599 634    LY9Y          599 1545
QSO: 28047 CW 2020-05-31 0540 RK3ER         599 635    YR8I          599 325
QSO: 28037 CW 2020-05-31 0541 RK3ER         599 636    YT6W          599 2562
QSO: 28036 CW 2020-05-31 0541 RK3ER         599 637    RC6U          599 828
QSO: 28035 CW 2020-05-31 0542 RK3ER         599 638    S57J          599 309
QSO: 28023 CW 2020-05-31 0542 RK3ER         599 639    RM9I          599 2074
QSO: 28047 CW 2020-05-31 0543 RK3ER         599 640    LY9A          599 1715
QSO: 28015 CW 2020-05-31 0544 RK3ER         599 641    LZ4W          599 664
QSO: 28015 CW 2020-05-31 0545 RK3ER         599 642    UA2CZ         599 173
QSO: 28015 CW 2020-05-31 0546 RK3ER         599 643    SQ2ICX        599 190
QSO: 28015 CW 2020-05-31 0546 RK3ER         599 644    SM5EFX        599 533
QSO: 28015 CW 2020-05-31 0547 RK3ER         599 645    YL2EA         599 278
QSO: 28008 CW 2020-05-31 0548 RK3ER         599 646    R1DX          599 599
QSO: 28014 CW 2020-05-31 0549 RK3ER         599 647    R4KO          599 1133
QSO: 28014 CW 2020-05-31 0551 RK3ER         599 648    UW2M          599 3122
QSO: 28012 CW 2020-05-31 0551 RK3ER         599 649    YO4NF         599 1457
QSO: 28022 CW 2020-05-31 0552 RK3ER         599 650    OE5FDM        599 225
QSO: 28022 CW 2020-05-31 0554 RK3ER         599 651    UT3SO         599 890
QSO: 28022 CW 2020-05-31 0555 RK3ER         599 652    EU1XX         599 056
QSO: 28015 CW 2020-05-31 0559 RK3ER         599 653    F2YT          599 022
QSO: 28028 CW 2020-05-31 0559 RK3ER         599 654    E70T          599 2655
QSO: 28035 CW 2020-05-31 0600 RK3ER         599 655    DL1RNN        599 656
QSO: 28017 CW 2020-05-31 0602 RK3ER         599 656    BY5EA         599 1393
QSO: 28035 CW 2020-05-31 0605 RK3ER         599 657    R9SS          599 133
QSO: 28053 CW 2020-05-31 0607 RK3ER         599 658    EW1P          599 922
QSO: 28034 CW 2020-05-31 0609 RK3ER         599 659    SP9VEG        599 009
QSO: 28034 CW 2020-05-31 0609 RK3ER         599 660    UA4C          599 083
QSO: 28016 CW 2020-05-31 0610 RK3ER         599 661    EU4U          599 570
QSO: 28012 CW 2020-05-31 0611 RK3ER         599 662    SC0T          599 285
QSO: 28024 CW 2020-05-31 0614 RK3ER         599 663    PA75PKZ       599 708
QSO: 28033 CW 2020-05-31 0618 RK3ER         599 664    SP5ES         599 040
QSO: 28025 CW 2020-05-31 0619 RK3ER         599 665    F8AAN         599 322
QSO: 28018 CW 2020-05-31 0620 RK3ER         599 666    HB5E          599 1698
QSO: 28016 CW 2020-05-31 0623 RK3ER         599 667    S53A          599 2368
QSO: 28030 CW 2020-05-31 0623 RK3ER         599 668    S51R          599 320
QSO: 28041 CW 2020-05-31 0624 RK3ER         599 669    SP7M          599 223
QSO: 28041 CW 2020-05-31 0625 RK3ER         599 670    LZ7G          599 2475
QSO: 28041 CW 2020-05-31 0626 RK3ER         599 671    DM2M          599 1291
QSO: 28041 CW 2020-05-31 0626 RK3ER         599 672    PA5MW         599 214
QSO: 28041 CW 2020-05-31 0628 RK3ER         599 673    R4WT          599 398
QSO: 28041 CW 2020-05-31 0629 RK3ER         599 674    OZ4FF         599 069
QSO: 28021 CW 2020-05-31 0630 RK3ER         599 675    EI4II         599 308
QSO: 28020 CW 2020-05-31 0633 RK3ER         599 676    MM2N          599 297
QSO: 28001 CW 2020-05-31 0636 RK3ER         599 677    RL4F          599 1719
QSO: 28019 CW 2020-05-31 0638 RK3ER         599 678    HA2KMR        599 1051
QSO: 28022 CW 2020-05-31 0639 RK3ER         599 679    OM8FR         599 247
QSO: 28023 CW 2020-05-31 0640 RK3ER         599 680    RT4F          599 2354
QSO: 28036 CW 2020-05-31 0640 RK3ER         599 681    ON4CAU        599 026
QSO: 28030 CW 2020-05-31 0642 RK3ER         599 682    SP7IIT        599 677
QSO: 28015 CW 2020-05-31 0645 RK3ER         599 683    PA2RU         599 002
QSO: 28029 CW 2020-05-31 0646 RK3ER         599 684    M5B           599 281
QSO: 28032 CW 2020-05-31 0647 RK3ER         599 685    US2YW         599 2221
QSO: 28032 CW 2020-05-31 0647 RK3ER         599 686    PA3EVY        599 556
QSO: 28034 CW 2020-05-31 0648 RK3ER         599 687    SM5IMO        599 845
QSO: 28039 CW 2020-05-31 0649 RK3ER         599 688    DR7T          599 979
QSO: 28045 CW 2020-05-31 0650 RK3ER         599 689    M5W           599 115
QSO: 28015 CW 2020-05-31 0656 RK3ER         599 690    OK6AA         599 045
QSO: 28015 CW 2020-05-31 0656 RK3ER         599 691    SP1DMD        599 163
QSO: 28015 CW 2020-05-31 0657 RK3ER         599 692    SP3BBS        599 063
QSO: 28015 CW 2020-05-31 0658 RK3ER         599 693    DL8WN         599 451
QSO: 28015 CW 2020-05-31 0658 RK3ER         599 694    EA3CX         599 149
QSO: 28015 CW 2020-05-31 0659 RK3ER         599 695    OH3KQ         599 091
QSO: 28016 CW 2020-05-31 0702 RK3ER         599 696    SI9AM         599 1034
QSO: 28016 CW 2020-05-31 0702 RK3ER         599 697    DJ3JD         599 127
QSO: 28016 CW 2020-05-31 0703 RK3ER         599 698    DL5ST         599 279
QSO: 28016 CW 2020-05-31 0704 RK3ER         599 699    YO5CDF        599 142
QSO: 28054 CW 2020-05-31 0705 RK3ER         599 700    OG7A          599 1236
QSO: 28005 CW 2020-05-31 0706 RK3ER         599 701    YT5M          599 617
QSO: 28007 CW 2020-05-31 0708 RK3ER         599 702    S57Q          599 1400
QSO: 28010 CW 2020-05-31 0709 RK3ER         599 703    HB9ARF        599 811
QSO: 28014 CW 2020-05-31 0709 RK3ER         599 704    YR8D          599 1290
QSO: 28027 CW 2020-05-31 0711 RK3ER         599 705    RY4F          599 1979
QSO: 28006 CW 2020-05-31 0721 RK3ER         599 706    OM3IAG        599 915
QSO: 28037 CW 2020-05-31 0725 RK3ER         599 707    SP9BCH        599 128
QSO: 28011 CW 2020-05-31 0727 RK3ER         599 708    SO5N          599 135
QSO: 28011 CW 2020-05-31 0731 RK3ER         599 709    OK1A          599 220
QSO: 28011 CW 2020-05-31 0731 RK3ER         599 710    YO3FRI        599 893
QSO: 28002 CW 2020-05-31 0734 RK3ER         599 711    YP3A          599 1549
QSO: 28020 CW 2020-05-31 0736 RK3ER         599 712    EI20C         599 2761
QSO: 28021 CW 2020-05-31 0736 RK3ER         599 713    LY7Z          599 2371
QSO: 28025 CW 2020-05-31 0739 RK3ER         599 714    F5RQQ         599 1007
QSO: 28007 CW 2020-05-31 0740 RK3ER         599 715    II2S          599 2539
QSO: 28019 CW 2020-05-31 0741 RK3ER         599 716    ES5RR         599 2727
QSO: 28033 CW 2020-05-31 0745 RK3ER         599 717    OK2LF         599 361
QSO: 28033 CW 2020-05-31 0745 RK3ER         599 718    ON6MR         599 403
QSO: 28033 CW 2020-05-31 0747 RK3ER         599 719    DK1FT         599 579
QSO: 28033 CW 2020-05-31 0747 RK3ER         599 720    OH1NOA        599 379
QSO: 28033 CW 2020-05-31 0747 RK3ER         599 721    ON6LR         599 202
QSO: 28033 CW 2020-05-31 0749 RK3ER         599 722    GX1M          599 158
QSO: 28033 CW 2020-05-31 0749 RK3ER         599 723    SP2MKT        599 228
QSO: 28033 CW 2020-05-31 0750 RK3ER         599 724    DK8SR         599 017
QSO: 28033 CW 2020-05-31 0750 RK3ER         599 725    UR7EN         599 292
QSO: 28033 CW 2020-05-31 0751 RK3ER         599 726    EE2A          599 261
QSO: 28033 CW 2020-05-31 0751 RK3ER         599 727    UA5FZ         599 741
QSO: 28033 CW 2020-05-31 0752 RK3ER         599 728    DL2NFC        599 123
QSO: 28033 CW 2020-05-31 0752 RK3ER         599 729    SM5DXR        599 443
QSO: 28033 CW 2020-05-31 0753 RK3ER         599 730    F6AUS         599 263
QSO: 28033 CW 2020-05-31 0753 RK3ER         599 731    HA3FPI        599 079
QSO: 28037 CW 2020-05-31 0800 RK3ER         599 732    RX6AM         599 465
QSO: 28037 CW 2020-05-31 0800 RK3ER         599 733    LY5XX         599 684
QSO: 28050 CW 2020-05-31 0801 RK3ER         599 734    SP4Z          599 327
QSO: 28051 CW 2020-05-31 0801 RK3ER         599 735    UB7K          599 3579
QSO: 28055 CW 2020-05-31 0811 RK3ER         599 736    EA1CS         599 277
QSO: 28037 CW 2020-05-31 0816 RK3ER         599 737    SP5TAT        599 151
QSO: 28009 CW 2020-05-31 0818 RK3ER         599 738    LY4T          599 1826
QSO: 28024 CW 2020-05-31 0819 RK3ER         599 739    UA2FF         599 031
QSO: 28024 CW 2020-05-31 0819 RK3ER         599 740    ES7XX         599 240
QSO: 28036 CW 2020-05-31 0821 RK3ER         599 741    SK0QO         599 1470
QSO: 28044 CW 2020-05-31 0821 RK3ER         599 742    HG7T          599 437
QSO: 28003 CW 2020-05-31 0822 RK3ER         599 743    EA5ITT        599 777
QSO: 28022 CW 2020-05-31 0823 RK3ER         599 744    TM1D          599 436
QSO: 28022 CW 2020-05-31 0823 RK3ER         599 745    OK2BTJ        599 353
QSO: 28022 CW 2020-05-31 0824 RK3ER         599 746    DL3KWR        599 248
QSO: 28045 CW 2020-05-31 0832 RK3ER         599 747    E72U          599 419
QSO: 28063 CW 2020-05-31 0834 RK3ER         599 748    LX2LX         599 007
QSO: 28020 CW 2020-05-31 0837 RK3ER         599 749    9A7A          599 3787
QSO: 28024 CW 2020-05-31 0837 RK3ER         599 750    SQ9DJD        599 084
QSO: 28024 CW 2020-05-31 0838 RK3ER         599 751    SN5N          599 725
QSO: 28049 CW 2020-05-31 0839 RK3ER         599 752    OZ7A          599 2908
QSO: 28048 CW 2020-05-31 0840 RK3ER         599 753    IW7DMH        599 135
QSO: 28050 CW 2020-05-31 0840 RK3ER         599 754    OK7O          599 2720
QSO: 28026 CW 2020-05-31 0849 RK3ER         599 755    UA6CC         599 1129
QSO: 28037 CW 2020-05-31 0853 RK3ER         599 756    RC7C          599 202
QSO: 28037 CW 2020-05-31 0853 RK3ER         599 757    EW3M          599 1036
QSO: 28037 CW 2020-05-31 0854 RK3ER         599 758    PC4H          599 412
QSO: 28037 CW 2020-05-31 0854 RK3ER         599 759    EI4CF         599 199
QSO: 28037 CW 2020-05-31 0855 RK3ER         599 760    SQ2EEQ        599 071
QSO: 28037 CW 2020-05-31 0856 RK3ER         599 761    N4UCM/UR      599 009
QSO: 28037 CW 2020-05-31 0857 RK3ER         599 762    S57A          599 220
QSO: 28037 CW 2020-05-31 0858 RK3ER         599 763    HA5PT         599 1096
QSO: 28037 CW 2020-05-31 0858 RK3ER         599 764    S51RJ         599 575
QSO: 28037 CW 2020-05-31 0859 RK3ER         599 765    SK5AA         599 268
QSO: 28037 CW 2020-05-31 0900 RK3ER         599 766    9A1DR         599 199
QSO: 28037 CW 2020-05-31 0901 RK3ER         599 767    YT2T          599 826
QSO: 28037 CW 2020-05-31 0902 RK3ER         599 768    SQ8L          599 134
QSO: 28037 CW 2020-05-31 0902 RK3ER         599 769    RM6Y          599 854
QSO: 28037 CW 2020-05-31 0902 RK3ER         599 770    SE6K          599 324
QSO: 28028 CW 2020-05-31 0904 RK3ER         599 771    SP5CNA        599 12255
QSO: 28037 CW 2020-05-31 0906 RK3ER         599 772    DL9NDW        599 143
QSO: 28037 CW 2020-05-31 0907 RK3ER         599 773    LA2HFA        599 525
QSO: 28014 CW 2020-05-31 0908 RK3ER         599 774    PF6W          599 778
QSO: 28019 CW 2020-05-31 0909 RK3ER         599 775    DJ0SP         599 1576
QSO: 28021 CW 2020-05-31 0910 RK3ER         599 776    EF8R          599 2524
QSO: 28021 CW 2020-05-31 0912 RK3ER         599 777    SO3O          599 472
QSO: 28037 CW 2020-05-31 0913 RK3ER         599 778    DL2FCA        599 127
QSO: 28037 CW 2020-05-31 0913 RK3ER         599 779    S57KM         599 211
QSO: 28022 CW 2020-05-31 0915 RK3ER         599 780    OR5T          599 906
QSO: 28029 CW 2020-05-31 0915 RK3ER         599 781    EA5BY         599 158
QSO: 28010 CW 2020-05-31 0917 RK3ER         599 782    M7O           599 169
QSO: 28003 CW 2020-05-31 0919 RK3ER         599 783    LZ8R          599 075
QSO: 28014 CW 2020-05-31 0919 RK3ER         599 784    DH7KU         599 418
QSO: 28020 CW 2020-05-31 0920 RK3ER         599 785    G6T           599 1008
QSO: 28016 CW 2020-05-31 0921 RK3ER         599 786    OL7R          599 1008
QSO: 28035 CW 2020-05-31 0922 RK3ER         599 787    OK1FCA        599 330
QSO: 28035 CW 2020-05-31 0923 RK3ER         599 788    PA1T          599 038
QSO: 28035 CW 2020-05-31 0924 RK3ER         599 789    OM5VS         599 029
QSO: 28035 CW 2020-05-31 0924 RK3ER         599 790    SE5L          599 088
QSO: 28035 CW 2020-05-31 0924 RK3ER         599 791    OK1DKR        599 692
QSO: 28035 CW 2020-05-31 0926 RK3ER         599 792    PA3BFH        599 539
QSO: 28018 CW 2020-05-31 0927 RK3ER         599 793    OR1Z          599 610
QSO: 28023 CW 2020-05-31 0928 RK3ER         599 794    PA8AD         599 508
QSO: 28032 CW 2020-05-31 0928 RK3ER         599 795    LY7R          599 1710
QSO: 28046 CW 2020-05-31 0929 RK3ER         599 796    5Q2T          599 0047
QSO: 28038 CW 2020-05-31 0932 RK3ER         599 797    OS0S          599 078
QSO: 28035 CW 2020-05-31 0932 RK3ER         599 798    DP7D          599 1178
QSO: 28060 CW 2020-05-31 0933 RK3ER         599 799    PC3T          599 1308
QSO: 28024 CW 2020-05-31 0935 RK3ER         599 800    SE5E          599 2161
QSO: 28017 CW 2020-05-31 0936 RK3ER         599 801    9A9R          599 139
QSO: 28055 CW 2020-05-31 0936 RK3ER         599 802    ED4T          599 982
QSO: 28022 CW 2020-05-31 0937 RK3ER         599 803    YU0U          599 010
QSO: 28027 CW 2020-05-31 0943 RK3ER         599 804    IK5ZWU        599 782
QSO: 28029 CW 2020-05-31 0944 RK3ER         599 805    UA3AB         599 249
QSO: 28035 CW 2020-05-31 0945 RK3ER         599 806    YO7CW         599 404
QSO: 28013 CW 2020-05-31 0948 RK3ER         599 807    ON6NL         599 1482
QSO: 28013 CW 2020-05-31 0949 RK3ER         599 808    YT6M          599 470
QSO: 28013 CW 2020-05-31 0950 RK3ER         599 809    EA7AAW        599 410
QSO: 28013 CW 2020-05-31 0950 RK3ER         599 810    YO2LEA        599 548
QSO: 28014 CW 2020-05-31 0953 RK3ER         599 811    VU2AE         599 069
QSO: 28014 CW 2020-05-31 0954 RK3ER         599 812    IU6AIG        599 101
QSO: 28014 CW 2020-05-31 0955 RK3ER         599 813    DL2OM         599 083
QSO: 28014 CW 2020-05-31 0955 RK3ER         599 814    DL4DZ         599 186
QSO: 28014 CW 2020-05-31 0956 RK3ER         599 815    OZ5UR         599 123
QSO: 28014 CW 2020-05-31 0956 RK3ER         599 816    DL5JS         599 600
QSO: 28014 CW 2020-05-31 0957 RK3ER         599 817    DJ5QE         599 059
QSO: 28014 CW 2020-05-31 0957 RK3ER         599 818    DF5BX         599 090
QSO: 28014 CW 2020-05-31 0958 RK3ER         599 819    DF6QE         599 067
QSO: 28014 CW 2020-05-31 0959 RK3ER         599 820    DL5MEL        599 041
QSO: 28014 CW 2020-05-31 1000 RK3ER         599 821    DK3AX         599 028
QSO: 28014 CW 2020-05-31 1001 RK3ER         599 822    DL7YAD        599 280
QSO: 28014 CW 2020-05-31 1002 RK3ER         599 823    YO2GL         599 126
QSO: 28013 CW 2020-05-31 1004 RK3ER         599 824    IO6A          599 1921
QSO: 28026 CW 2020-05-31 1005 RK3ER         599 825    IK0YVV        599 1089
QSO: 28016 CW 2020-05-31 1006 RK3ER         599 826    DF9GR         599 1406
QSO: 28014 CW 2020-05-31 1008 RK3ER         599 827    OZ2BKK        599 384
QSO: 28014 CW 2020-05-31 1008 RK3ER         599 828    CT7AUP        599 121
QSO: 28014 CW 2020-05-31 1009 RK3ER         599 829    DL2NBU        599 218
QSO: 28014 CW 2020-05-31 1010 RK3ER         599 830    OM4DU         599 309
QSO: 28021 CW 2020-05-31 1010 RK3ER         599 831    PA1CW         599 504
QSO: 28024 CW 2020-05-31 1011 RK3ER         599 832    EA4OR         599 814
QSO: 28014 CW 2020-05-31 1013 RK3ER         599 833    OK2BFN        599 017
QSO: 28026 CW 2020-05-31 1014 RK3ER         599 834    EA3NO         599 342
QSO: 28014 CW 2020-05-31 1016 RK3ER         599 835    DL1SAN        599 174
QSO: 28014 CW 2020-05-31 1018 RK3ER         599 836    EA2DPA        599 215
QSO: 28014 CW 2020-05-31 1019 RK3ER         599 837    EA7MT         599 038
QSO: 28014 CW 2020-05-31 1019 RK3ER         599 838    IK4ZIF        599 103
QSO: 28014 CW 2020-05-31 1020 RK3ER         599 839    SM5F          599 026
QSO: 28014 CW 2020-05-31 1020 RK3ER         599 840    OK1ITK        599 085
QSO: 28014 CW 2020-05-31 1021 RK3ER         599 841    DD5KG         599 256
QSO: 28014 CW 2020-05-31 1021 RK3ER         599 842    SQ9FMU        599 383
QSO: 28014 CW 2020-05-31 1021 RK3ER         599 843    HA7ME         599 040
QSO: 28014 CW 2020-05-31 1022 RK3ER         599 844    S57ZT         599 219
QSO: 28014 CW 2020-05-31 1023 RK3ER         599 845    OK2ER         599 033
QSO: 28014 CW 2020-05-31 1023 RK3ER         599 846    CT7AIX        599 074
QSO: 28014 CW 2020-05-31 1024 RK3ER         599 847    OL700DKA      599 043
QSO: 28015 CW 2020-05-31 1026 RK3ER         599 848    S53JW         599 029
QSO: 28005 CW 2020-05-31 1027 RK3ER         599 849    DL2RMC        599 2058
QSO: 28014 CW 2020-05-31 1029 RK3ER         599 850    CT7/K9PM      599 145
QSO: 28018 CW 2020-05-31 1053 RK3ER         599 851    II9P          599 2833
QSO: 28014 CW 2020-05-31 1055 RK3ER         599 852    HA3HO         599 209
QSO: 28015 CW 2020-05-31 1058 RK3ER         599 853    I3FDZ         599 345
QSO: 28015 CW 2020-05-31 1059 RK3ER         599 854    OK1PFM        599 202
QSO: 28016 CW 2020-05-31 1100 RK3ER         599 855    HB9DQL        599 1658
QSO: 28015 CW 2020-05-31 1101 RK3ER         599 856    SG0M          599 015
QSO: 28023 CW 2020-05-31 1104 RK3ER         599 857    EA3PP         599 352
QSO: 28014 CW 2020-05-31 1105 RK3ER         599 858    9A0DIG        599 339
QSO: 28037 CW 2020-05-31 1106 RK3ER         599 859    ED5N          599 917
QSO: 28015 CW 2020-05-31 1107 RK3ER         599 860    DO7RL         599 006
QSO: 28015 CW 2020-05-31 1108 RK3ER         599 861    DJ4MX         599 634
QSO: 28015 CW 2020-05-31 1109 RK3ER         599 862    EC5AGM        599 091
QSO: 28015 CW 2020-05-31 1110 RK3ER         599 863    SP9JZT        599 326
QSO: 28015 CW 2020-05-31 1111 RK3ER         599 864    HA3FMR        599 159
QSO: 28014 CW 2020-05-31 1114 RK3ER         599 865    DP5L          599 488
QSO: 28060 CW 2020-05-31 1115 RK3ER         599 866    SP3SLU        599 004
QSO: 28054 CW 2020-05-31 1116 RK3ER         599 867    EA5IFY        599 074
QSO: 28047 CW 2020-05-31 1117 RK3ER         599 868    EC4TA         599 036
QSO: 28014 CW 2020-05-31 1120 RK3ER         599 869    OM6TY         599 095
QSO: 28014 CW 2020-05-31 1120 RK3ER         599 870    PF7DKW        599 023
QSO: 28014 CW 2020-05-31 1122 RK3ER         599 871    UW3U          599 722
QSO: 28014 CW 2020-05-31 1122 RK3ER         599 872    OM3CPF        599 1206
QSO: 28014 CW 2020-05-31 1124 RK3ER         599 873    SQ9S          599 492
QSO: 28014 CW 2020-05-31 1125 RK3ER         599 874    DL5JQ         599 249
QSO: 28014 CW 2020-05-31 1130 RK3ER         599 875    ON9CC         599 238
QSO: 28014 CW 2020-05-31 1131 RK3ER         599 876    EA1AER        599 242
QSO: 28014 CW 2020-05-31 1135 RK3ER         599 877    OU4N          599 565
QSO: 28014 CW 2020-05-31 1136 RK3ER         599 878    DG0AM         599 007
QSO: 28014 CW 2020-05-31 1137 RK3ER         599 879    EA5YU         599 288
QSO: 28014 CW 2020-05-31 1137 RK3ER         599 880    DG2BAR        599 103
QSO: 28014 CW 2020-05-31 1138 RK3ER         599 881    DJ0BE         599 120
QSO: 28014 CW 2020-05-31 1139 RK3ER         599 882    OM7CV         599 385
QSO: 28014 CW 2020-05-31 1139 RK3ER         599 883    OE1XTU        599 098
QSO: 28014 CW 2020-05-31 1140 RK3ER         599 884    DK7OG         599 100
QSO: 28014 CW 2020-05-31 1143 RK3ER         599 885    DL1BWU        599 104
QSO: 28049 CW 2020-05-31 1146 RK3ER         599 886    OK1OPT        599 201
QSO: 28014 CW 2020-05-31 1147 RK3ER         599 887    DK2WU         599 142
QSO: 28014 CW 2020-05-31 1148 RK3ER         599 888    DJ3XD         599 128
QSO: 28014 CW 2020-05-31 1148 RK3ER         599 889    DK5T          599 353
QSO: 28014 CW 2020-05-31 1149 RK3ER         599 890    OK1SI         599 460
QSO: 28014 CW 2020-05-31 1149 RK3ER         599 891    RA3YDA        599 813
QSO: 28014 CW 2020-05-31 1151 RK3ER         599 892    DL2BIS        599 121
QSO: 28014 CW 2020-05-31 1151 RK3ER         599 893    LY1CT         599 111
QSO: 28014 CW 2020-05-31 1152 RK3ER         599 894    DJ6RN         599 175
QSO: 28014 CW 2020-05-31 1152 RK3ER         599 895    OK2BOB        599 407
QSO: 28014 CW 2020-05-31 1153 RK3ER         599 896    MI0I          599 150
QSO: 28014 CW 2020-05-31 1153 RK3ER         599 897    DJ1TO         599 099
QSO: 28014 CW 2020-05-31 1154 RK3ER         599 898    F4HTV         599 137
QSO: 28014 CW 2020-05-31 1154 RK3ER         599 899    DK3WM         599 762
QSO: 28014 CW 2020-05-31 1155 RK3ER         599 900    DL4XU         599 503
QSO: 28014 CW 2020-05-31 1155 RK3ER         599 901    DQ1P          599 581
QSO: 28014 CW 2020-05-31 1156 RK3ER         599 902    DF6PB         599 546
QSO: 28014 CW 2020-05-31 1158 RK3ER         599 903    DL8HK         599 592
QSO: 28008 CW 2020-05-31 1200 RK3ER         599 904    DL4SDW        599 900
QSO: 28008 CW 2020-05-31 1201 RK3ER         599 905    DM5RC         599 034
QSO: 28008 CW 2020-05-31 1201 RK3ER         599 906    PD0ME         599 475
QSO: 28008 CW 2020-05-31 1204 RK3ER         599 907    DL8RBR        599 027
QSO: 28008 CW 2020-05-31 1204 RK3ER         599 908    OK1SI         599 468
QSO: 28008 CW 2020-05-31 1209 RK3ER         599 909    DL9ZP         599 021
QSO: 28008 CW 2020-05-31 1210 RK3ER         599 910    EA1CM         599 152
QSO: 28008 CW 2020-05-31 1211 RK3ER         599 911    DL6NWA        599 070
QSO: 28008 CW 2020-05-31 1214 RK3ER         599 912    DK3PM         599 091
QSO: 28008 CW 2020-05-31 1215 RK3ER         599 913    PA5TT         599 334
QSO: 28024 CW 2020-05-31 1216 RK3ER         599 914    DL1WA         599 058
QSO: 28028 CW 2020-05-31 1218 RK3ER         599 915    F6HJO         599 764
QSO: 28009 CW 2020-05-31 1236 RK3ER         599 916    DP7X          599 1072
QSO: 28027 CW 2020-05-31 1244 RK3ER         599 917    OP6A          599 806
QSO: 28019 CW 2020-05-31 1249 RK3ER         599 918    WW1X          599 504
QSO: 28004 CW 2020-05-31 1253 RK3ER         599 919    DL3DXX        599 100
QSO: 28015 CW 2020-05-31 1257 RK3ER         599 920    SM7DLK        599 008
QSO: 28020 CW 2020-05-31 1346 RK3ER         599 921    TA2SE         599 577
QSO: 28022 CW 2020-05-31 1350 RK3ER         599 922    DL6FDL        599 3288
QSO: 28010 CW 2020-05-31 1352 RK3ER         599 923    I3FIY         599 1008
QSO: 28000 CW 2020-05-31 1355 RK3ER         599 924    PI4DX         599 218
QSO: 28046 CW 2020-05-31 1413 RK3ER         599 925    E74X          599 886
QSO: 28062 CW 2020-05-31 1414 RK3ER         599 926    DG5E          599 1401
QSO: 28026 CW 2020-05-31 1415 RK3ER         599 927    II3R          599 2032
QSO: 28016 CW 2020-05-31 1418 RK3ER         599 928    HG3R          599 2703
QSO: 28009 CW 2020-05-31 1419 RK3ER         599 929    HB9TOC        599 1622
QSO: 28028 CW 2020-05-31 1421 RK3ER         599 930    IK0XFD        599 262
QSO: 28033 CW 2020-05-31 1422 RK3ER         599 931    S53MM         599 2868
QSO: 28035 CW 2020-05-31 1425 RK3ER         599 932    PT2AW         599 243
QSO: 28035 CW 2020-05-31 1427 RK3ER         599 933    HB9AFI        599 027
QSO: 28040 CW 2020-05-31 1428 RK3ER         599 934    EA7W          599 779
QSO: 28053 CW 2020-05-31 1428 RK3ER         599 935    9A7T          599 1988
QSO: 28010 CW 2020-05-31 1430 RK3ER         599 936    9A2KD         599 456
QSO: 28011 CW 2020-05-31 1431 RK3ER         599 937    S55T          599 2580
QSO: 28024 CW 2020-05-31 1441 RK3ER         599 938    PG6F          599 530
QSO: 28010 CW 2020-05-31 1442 RK3ER         599 939    CR5O          599 1317
QSO: 28014 CW 2020-05-31 1442 RK3ER         599 940    IZ2FME        599 263
QSO: 28044 CW 2020-05-31 1443 RK3ER         599 941    EA1WX         599 259
QSO: 28046 CW 2020-05-31 1444 RK3ER         599 942    S53FO         599 817
QSO: 28051 CW 2020-05-31 1444 RK3ER         599 943    YT2U          599 121
QSO: 28033 CW 2020-05-31 1446 RK3ER         599 944    HA7RY         599 1351
QSO: 28033 CW 2020-05-31 1447 RK3ER         599 945    LZ7M          599 836
QSO: 28037 CW 2020-05-31 1448 RK3ER         599 946    EA5L          599 067
QSO: 28055 CW 2020-05-31 1449 RK3ER         599 947    HB9CIP        599 215
QSO: 28045 CW 2020-05-31 1450 RK3ER         599 948    IR2Q          599 3143
QSO: 28017 CW 2020-05-31 1451 RK3ER         599 949    DF7BA/P       599 205
QSO: 28025 CW 2020-05-31 1452 RK3ER         599 950    LZ1FH         599 534
QSO: 28024 CW 2020-05-31 1454 RK3ER         599 951    IZ2BZT        599 386
QSO: 28044 CW 2020-05-31 1457 RK3ER         599 952    OK1NI         599 1117
QSO: 28027 CW 2020-05-31 1457 RK3ER         599 953    YP8T          599 2116
QSO: 28027 CW 2020-05-31 1507 RK3ER         599 954    OY1CT         599 138
QSO: 28002 CW 2020-05-31 1508 RK3ER         599 955    Z39A          599 388
QSO: 28007 CW 2020-05-31 1508 RK3ER         599 956    OE2S          599 063
QSO: 28008 CW 2020-05-31 1509 RK3ER         599 957    HA2EOU        599 353
QSO: 28009 CW 2020-05-31 1509 RK3ER         599 958    IK4EWX        599 918
QSO: 28024 CW 2020-05-31 1511 RK3ER         599 959    YL6W          599 318
QSO: 28041 CW 2020-05-31 1513 RK3ER         599 960    UW7LL         599 2578
QSO: 28025 CW 2020-05-31 1514 RK3ER         599 961    PA3DBS        599 583
QSO: 28026 CW 2020-05-31 1515 RK3ER         599 962    F5NZY         599 689
QSO: 28001 CW 2020-05-31 1516 RK3ER         599 963    HB9CVQ        599 1163
QSO: 28016 CW 2020-05-31 1517 RK3ER         599 964    DC3RJ         599 256
QSO: 28023 CW 2020-05-31 1518 RK3ER         599 965    TM6M          599 1668
QSO: 28045 CW 2020-05-31 1519 RK3ER         599 966    RA0R          599 272
QSO: 28054 CW 2020-05-31 1519 RK3ER         599 967    F6DYX         599 142
QSO: 28045 CW 2020-05-31 1523 RK3ER         599 968    EA3AVV        599 143
QSO: 28054 CW 2020-05-31 1525 RK3ER         599 969    DP6A          599 1188
QSO: 28021 CW 2020-05-31 1526 RK3ER         599 970    OL700CO       599 299
QSO: 28026 CW 2020-05-31 1528 RK3ER         599 971    S53X          599 1203
QSO: 28046 CW 2020-05-31 1529 RK3ER         599 972    LZ1JZ         599 469
QSO: 28024 CW 2020-05-31 1531 RK3ER         599 973    RZ1OK         599 872
QSO: 28024 CW 2020-05-31 1532 RK3ER         599 974    DM5B          599 496
QSO: 28024 CW 2020-05-31 1533 RK3ER         599 975    UA9XF         599 753
QSO: 28002 CW 2020-05-31 1535 RK3ER         599 976    IO9J          599 173
QSO: 28016 CW 2020-05-31 1536 RK3ER         599 977    R9CX          599 127
QSO: 28013 CW 2020-05-31 1537 RK3ER         599 978    IB3N          599 2129
QSO: 28019 CW 2020-05-31 1538 RK3ER         599 979    F5PRH         599 1144
QSO: 28028 CW 2020-05-31 1539 RK3ER         599 980    OE9WGI        599 703
QSO: 28025 CW 2020-05-31 1540 RK3ER         599 981    LY5E          599 2833
QSO: 28018 CW 2020-05-31 1540 RK3ER         599 982    IQ8SN         599 2746
QSO: 28039 CW 2020-05-31 1541 RK3ER         599 983    YL2VW         599 1861
QSO: 28044 CW 2020-05-31 1541 RK3ER         599 984    OM6RM         599 109
QSO: 28044 CW 2020-05-31 1543 RK3ER         599 986    DK3WW         599 1515
QSO: 28046 CW 2020-05-31 1544 RK3ER         599 987    RO9A          599 1200
QSO: 28035 CW 2020-05-31 1545 RK3ER         599 988    DL4ZA         599 838
QSO: 28036 CW 2020-05-31 1545 RK3ER         599 989    IQ1LA         599 255
QSO: 28019 CW 2020-05-31 1546 RK3ER         599 990    DL6MHW        599 1001
QSO: 28066 CW 2020-05-31 1548 RK3ER         599 991    OZ8PG         599 162
QSO: 28007 CW 2020-05-31 1608 RK3ER         599 992    EA5J          599 586
QSO: 28034 CW 2020-05-31 1608 RK3ER         599 993    OM7JG         599 2070
QSO: 28020 CW 2020-05-31 1609 RK3ER         599 994    R6HV          599 251
QSO: 28048 CW 2020-05-31 1609 RK3ER         599 995    2E1FVS        599 301
QSO: 28052 CW 2020-05-31 1610 RK3ER         599 996    DL1MGB        599 1266
QSO: 28022 CW 2020-05-31 1611 RK3ER         599 997    DL4CF         599 076
QSO: 28024 CW 2020-05-31 1612 RK3ER         599 998    EA7BR         599 159
QSO: 28024 CW 2020-05-31 1612 RK3ER         599 999    DL1RTL        599 907
QSO: 28024 CW 2020-05-31 1613 RK3ER         599 1000   SP2XX         599 725
QSO: 28059 CW 2020-05-31 1616 RK3ER         599 1001   MU0FAL        599 256
QSO: 28024 CW 2020-05-31 1617 RK3ER         599 1002   DL7ARV/P      599 071
QSO: 28024 CW 2020-05-31 1618 RK3ER         599 1003   M7R           599 671
QSO: 28024 CW 2020-05-31 1619 RK3ER         599 1004   PA2PCH        599 410
QSO: 28024 CW 2020-05-31 1620 RK3ER         599 1005   I2VXJ         599 2272
QSO: 28038 CW 2020-05-31 1621 RK3ER         599 1006   F5OHM         599 819
QSO: 28026 CW 2020-05-31 1622 RK3ER         599 1007   UX0LL         599 1089
QSO: 28013 CW 2020-05-31 1623 RK3ER         599 1008   G8N           599 132
QSO: 28022 CW 2020-05-31 1623 RK3ER         599 1009   UR8RF         599 570
QSO: 28043 CW 2020-05-31 1624 RK3ER         599 1010   DL6AG         599 922
QSO: 28043 CW 2020-05-31 1625 RK3ER         599 1011   DJ3GE         599 226
QSO: 28043 CW 2020-05-31 1626 RK3ER         599 1012   DL8DWW        599 464
QSO: 28043 CW 2020-05-31 1626 RK3ER         599 1013   DL7URH        599 1360
QSO: 28043 CW 2020-05-31 1626 RK3ER         599 1014   HG6L          599 913
QSO: 28054 CW 2020-05-31 1628 RK3ER         599 1015   SP1AEN        599 1301
QSO: 28005 CW 2020-05-31 1632 RK3ER         599 1016   RW4WA         599 1264
QSO: 28032 CW 2020-05-31 1633 RK3ER         599 1017   RA3AX         599 051
QSO: 28053 CW 2020-05-31 1636 RK3ER         599 1018   DO4DXA        599 097
QSO: 28026 CW 2020-05-31 1639 RK3ER         599 1019   M3X           599 749
QSO: 28021 CW 2020-05-31 1639 RK3ER         599 1020   RZ9A          599 359
QSO: 28032 CW 2020-05-31 1641 RK3ER         599 1021   DL8IH         599 123
QSO: 28056 CW 2020-05-31 1642 RK3ER         599 1022   2E0CVN        599 856
QSO: 28049 CW 2020-05-31 1643 RK3ER         599 1023   OH4XX         599 054
QSO: 28023 CW 2020-05-31 1645 RK3ER         599 1024   UA4PRU        599 093
QSO: 28009 CW 2020-05-31 1649 RK3ER         599 1025   MW6M          599 1062
QSO: 28013 CW 2020-05-31 1649 RK3ER         599 1026   RA1QD         599 355
QSO: 28005 CW 2020-05-31 1652 RK3ER         599 1027   YL7A          599 419
QSO: 28061 CW 2020-05-31 1653 RK3ER         599 1028   R9DX          599 050
QSO: 28035 CW 2020-05-31 1654 RK3ER         599 1029   EA4TX         599 047
QSO: 28015 CW 2020-05-31 1656 RK3ER         599 1030   EI8JX         599 539
QSO: 28010 CW 2020-05-31 1701 RK3ER         599 1031   RC2A          599 437
QSO: 28042 CW 2020-05-31 1702 RK3ER         599 1032   OR2F          599 1942
QSO: 28045 CW 2020-05-31 1703 RK3ER         599 1033   UF8T          599 1384
QSO: 28049 CW 2020-05-31 1703 RK3ER         599 1034   OK1YM         599 1639
QSO: 28024 CW 2020-05-31 1704 RK3ER         599 1035   OH3XZ         599 043
QSO: 28048 CW 2020-05-31 1705 RK3ER         599 1036   DL50IFM       599 365
QSO: 28060 CW 2020-05-31 1706 RK3ER         599 1037   9A1AA         599 1793
QSO: 28024 CW 2020-05-31 1707 RK3ER         599 1038   OK1PI         599 232
QSO: 28024 CW 2020-05-31 1707 RK3ER         599 1039   HA3HK         599 417
QSO: 28024 CW 2020-05-31 1708 RK3ER         599 1040   DL1KVN        599 143
QSO: 28024 CW 2020-05-31 1708 RK3ER         599 1041   RK9CYA        599 603
QSO: 28043 CW 2020-05-31 1710 RK3ER         599 1042   DL7YS         599 586
QSO: 28024 CW 2020-05-31 1712 RK3ER         599 1043   F8DSN         599 375
QSO: 28024 CW 2020-05-31 1713 RK3ER         599 1044   M0RYB         599 075
QSO: 28024 CW 2020-05-31 1713 RK3ER         599 1045   HB9HDC        599 335
QSO: 28027 CW 2020-05-31 1716 RK3ER         599 1046   IW2MXY        599 075
QSO: 28019 CW 2020-05-31 1717 RK3ER         599 1047   SQ9C          599 071
QSO: 28024 CW 2020-05-31 1720 RK3ER         599 1048   RV3YR         599 050
QSO: 28047 CW 2020-05-31 1722 RK3ER         599 1049   DF4ZL         599 436
QSO: 28066 CW 2020-05-31 1723 RK3ER         599 1050   DP4X          599 015
QSO: 28024 CW 2020-05-31 1726 RK3ER         599 1051   OK1KTI        599 188
QSO: 28024 CW 2020-05-31 1727 RK3ER         599 1052   EA4BW         599 035
QSO: 28024 CW 2020-05-31 1728 RK3ER         599 1053   IQ3NX         599 017
QSO: 28024 CW 2020-05-31 1730 RK3ER         599 1054   OK/M0SIS      599 033
QSO: 28024 CW 2020-05-31 1730 RK3ER         599 1055   DJ5KX         599 075
QSO: 28024 CW 2020-05-31 1731 RK3ER         599 1056   PD9X          599 054
QSO: 28024 CW 2020-05-31 1732 RK3ER         599 1057   RN0A          599 548
QSO: 28024 CW 2020-05-31 1732 RK3ER         599 1058   OK1DMP        599 162
QSO: 28024 CW 2020-05-31 1733 RK3ER         599 1059   OK2GU         599 325
QSO: 28024 CW 2020-05-31 1733 RK3ER         599 1060   SQ9DXN        599 532
QSO: 28024 CW 2020-05-31 1734 RK3ER         599 1061   EA7J          599 116
QSO: 28024 CW 2020-05-31 1734 RK3ER         599 1062   DL6WT         599 020
QSO: 28024 CW 2020-05-31 1735 RK3ER         599 1063   SM6NJK        599 053
QSO: 28024 CW 2020-05-31 1737 RK3ER         599 1064   EA9EU         599 033
QSO: 28024 CW 2020-05-31 1738 RK3ER         599 1065   HA1WD         599 150
QSO: 28024 CW 2020-05-31 1740 RK3ER         599 1066   HB9AJY        599 297
QSO: 28024 CW 2020-05-31 1740 RK3ER         599 1067   DJ5CL         599 002
QSO: 28024 CW 2020-05-31 1741 RK3ER         599 1068   M8C           599 111
QSO: 28024 CW 2020-05-31 1742 RK3ER         599 1069   IZ5GST        599 028
QSO: 28023 CW 2020-05-31 1742 RK3ER         599 1070   S51DX         599 623
QSO: 28039 CW 2020-05-31 1745 RK3ER         599 1071   YL3CW         599 242
QSO: 28055 CW 2020-05-31 1746 RK3ER         599 1072   DC9RI         599 345
END-OF-LOG:
