START-OF-LOG: 3.0
CONTEST: CQ-WPX-CW
CALLSIGN: UD4L
LOCATION: DX
CATEGORY-OPERATOR: SINGLE-OP
CATEGORY-ASSISTED: NON-ASSISTED
CATEGORY-BAND: ALL
CATEGORY-POWER: HIGH
CATEGORY-MODE: CW
CATEGORY-TRANSMITTER: ONE
CATEGORY-STATION: FIXED
CATEGORY-OVERLAY:
GRID-LOCATOR: LO44EI
CLAIMED-SCORE: 58064
NAME: Oleg
OPERATORS: UB4L
CREATED-BY: N1MM Logger+ 1.0.9883.0
QSO:   28015 CW 2023-05-27 1140 UD4L             599 0001  EW8OM            599  0292     
QSO:   28015 CW 2023-05-27 1140 UD4L             599 0002  UD2F             599  0053     
QSO:   28015 CW 2023-05-27 1142 UD4L             599 0003  RA5G             599  0181     
QSO:   28015 CW 2023-05-27 1142 UD4L             599 0004  9A5Y             599  0382     
QSO:   28015 CW 2023-05-27 1142 UD4L             599 0005  9A8A             599  0112     
QSO:   28015 CW 2023-05-27 1143 UD4L             599 0006  UA6LCJ           599  0461     
QSO:   28015 CW 2023-05-27 1143 UD4L             599 0007  HA7MF            599  0150     
QSO:   28015 CW 2023-05-27 1144 UD4L             599 0008  S52C             599  0735     
QSO:   28015 CW 2023-05-27 1144 UD4L             599 0009  9A7DX            599  0372     
QSO:   28015 CW 2023-05-27 1144 UD4L             599 0010  R7KX             599  0136     
QSO:   28015 CW 2023-05-27 1145 UD4L             599 0011  SF1Z             599  0372     
QSO:   28015 CW 2023-05-27 1145 UD4L             599 0012  DL4EAX           599  0018     
QSO:   28018 CW 2023-05-27 1147 UD4L             599 0013  UC4L             599  0405     
QSO:   28015 CW 2023-05-27 1148 UD4L             599 0014  DA0BCC           599  0193     
QSO:   28055 CW 2023-05-27 1151 UD4L             599 0015  CX2AQ            599  0055     
QSO:   28013 CW 2023-05-27 1153 UD4L             599 0016  HB9BXE           599  0241     
QSO:   28013 CW 2023-05-27 1154 UD4L             599 0017  R7AM             599  0133     
QSO:   21005 CW 2023-05-27 1211 UD4L             599 0018  UC4L             599  1076     
QSO:   21002 CW 2023-05-27 1226 UD4L             599 0019  NR4M             599  0617     
QSO:   21002 CW 2023-05-27 1226 UD4L             599 0020  KM9P             599  1013     
QSO:   21020 CW 2023-05-27 1228 UD4L             599 0021  AD4EB            599  0886     
QSO:   21063 CW 2023-05-27 1229 UD4L             599 0022  OY1CT            599  0399     
QSO:   21060 CW 2023-05-27 1230 UD4L             599 0023  N4WW             599  0991     
QSO:   21058 CW 2023-05-27 1231 UD4L             599 0024  K2TE             599  0166     
QSO:   21058 CW 2023-05-27 1232 UD4L             599 0025  DJ8EW            599  0201     
QSO:   21058 CW 2023-05-27 1232 UD4L             599 0026  K9LJN            599  0241     
QSO:   21058 CW 2023-05-27 1233 UD4L             599 0027  K4DY             599  0051     
QSO:   21058 CW 2023-05-27 1234 UD4L             599 0028  K1AJ             599  0135     
QSO:   21058 CW 2023-05-27 1235 UD4L             599 0029  DL2ARD           599  0609     
QSO:   21058 CW 2023-05-27 1236 UD4L             599 0030  RM0W             599  0350     
QSO:   21058 CW 2023-05-27 1236 UD4L             599 0031  UD4F             599  0733     
QSO:   21058 CW 2023-05-27 1236 UD4L             599 0032  AC1U             599  0671     
QSO:   21058 CW 2023-05-27 1237 UD4L             599 0033  HS8NKB           599  0198     
QSO:   21058 CW 2023-05-27 1238 UD4L             599 0034  YB1HDF           599  0086     
QSO:   21058 CW 2023-05-27 1239 UD4L             599 0035  JA1AKL           599  0020     
QSO:   21058 CW 2023-05-27 1239 UD4L             599 0036  SP2WGB           599  0047     
QSO:   21058 CW 2023-05-27 1240 UD4L             599 0037  JH2LTH           599  0025     
QSO:   21058 CW 2023-05-27 1240 UD4L             599 0038  HG1S             599  0102     
QSO:   21058 CW 2023-05-27 1241 UD4L             599 0039  M0NDZ            599  0069     
QSO:   21058 CW 2023-05-27 1243 UD4L             599 0040  EW8DX            599  0711     
QSO:   21058 CW 2023-05-27 1243 UD4L             599 0041  K5FUV            599  0144     
QSO:   21058 CW 2023-05-27 1244 UD4L             599 0042  LZ3QE            599  0333     
QSO:   21058 CW 2023-05-27 1244 UD4L             599 0043  RW3LA            599  0045     
QSO:   21058 CW 2023-05-27 1244 UD4L             599 0044  HG6N             599  1315     
QSO:   21058 CW 2023-05-27 1244 UD4L             599 0045  OK2QA            599  0633     
QSO:   21058 CW 2023-05-27 1245 UD4L             599 0046  JJ1RJR           599  0332     
QSO:   21058 CW 2023-05-27 1245 UD4L             599 0047  W3KB             599  0351     
QSO:   21058 CW 2023-05-27 1245 UD4L             599 0048  UP2L             599  1822     
QSO:   21058 CW 2023-05-27 1246 UD4L             599 0049  K8GL             599  0599     
QSO:   21058 CW 2023-05-27 1246 UD4L             599 0050  JH7UJU           599  0169     
QSO:   21058 CW 2023-05-27 1247 UD4L             599 0051  DK3BA            599  0349     
QSO:   21058 CW 2023-05-27 1248 UD4L             599 0052  S52W             599  0745     
QSO:   21058 CW 2023-05-27 1248 UD4L             599 0053  DL9ZP            599  0139     
QSO:   21058 CW 2023-05-27 1248 UD4L             599 0054  JA1KPF           599  0043     
QSO:   21058 CW 2023-05-27 1250 UD4L             599 0055  UB0AZR           599  0116     
QSO:   21058 CW 2023-05-27 1250 UD4L             599 0056  YD2UFR           599  0022     
QSO:   21058 CW 2023-05-27 1251 UD4L             599 0057  YU7KW            599  0638     
QSO:   21030 CW 2023-05-27 1256 UD4L             599 0058  VR2XAN           599  0854     
QSO:   21010 CW 2023-05-27 1257 UD4L             599 0059  4X6FR            599  1111     
QSO:   21012 CW 2023-05-27 1259 UD4L             599 0060  A92GE            599  0266     
QSO:   21069 CW 2023-05-27 1300 UD4L             599 0061  FR8UA            599  0084     
QSO:   21018 CW 2023-05-27 1304 UD4L             599 0062  JT5DX            599  1612     
QSO:   21079 CW 2023-05-27 1305 UD4L             599 0063  TF/DL1MGB        599  0688     
QSO:   21023 CW 2023-05-27 1308 UD4L             599 0064  9H6A             599  0395     
QSO:   21039 CW 2023-05-27 1314 UD4L             599 0065  CE3CT            599  0198     
QSO:   21041 CW 2023-05-27 1315 UD4L             599 0066  N4KS             599  0375     
QSO:   21045 CW 2023-05-27 1318 UD4L             599 0067  NF4A             599  0164     
QSO:   21045 CW 2023-05-27 1318 UD4L             599 0068  DF1SD            599  0076     
QSO:   21045 CW 2023-05-27 1319 UD4L             599 0069  K2RB             599  0241     
QSO:   21045 CW 2023-05-27 1319 UD4L             599 0070  G4OZG            599  0155     
QSO:   21045 CW 2023-05-27 1320 UD4L             599 0071  WJ1X             599  0158     
QSO:   21045 CW 2023-05-27 1320 UD4L             599 0072  N9TF             599  0209     
QSO:   21045 CW 2023-05-27 1321 UD4L             599 0073  DM3M             599  0615     
QSO:   21045 CW 2023-05-27 1321 UD4L             599 0074  OE3HLB           599  0087     
QSO:   21045 CW 2023-05-27 1322 UD4L             599 0075  N4ADC            599  0094     
QSO:   21045 CW 2023-05-27 1322 UD4L             599 0076  K4VAR            599  0032     
QSO:   21045 CW 2023-05-27 1324 UD4L             599 0077  K3WW             599  0629     
QSO:   21045 CW 2023-05-27 1324 UD4L             599 0078  EW2A             599  0540     
QSO:   21045 CW 2023-05-27 1325 UD4L             599 0079  N6MA             599  0248     
QSO:   21045 CW 2023-05-27 1326 UD4L             599 0080  VC3T             599  1065     
QSO:   21045 CW 2023-05-27 1326 UD4L             599 0081  YC9FAR           599  0287     
QSO:   21045 CW 2023-05-27 1326 UD4L             599 0082  K2LNS            599  0329     
QSO:   21045 CW 2023-05-27 1327 UD4L             599 0083  2R0CVN           599  0402     
QSO:   21045 CW 2023-05-27 1328 UD4L             599 0084  UA6GO            599  0592     
QSO:   21045 CW 2023-05-27 1328 UD4L             599 0085  WA2AAW           599  0042     
QSO:   21045 CW 2023-05-27 1328 UD4L             599 0086  WR2G             599  0217     
QSO:   21045 CW 2023-05-27 1329 UD4L             599 0087  SN7F             599  0011     
QSO:   21045 CW 2023-05-27 1329 UD4L             599 0088  S56C             599  0338     
QSO:   21045 CW 2023-05-27 1330 UD4L             599 0089  K1IB             599  0078     
QSO:   21045 CW 2023-05-27 1331 UD4L             599 0090  K3MD             599  0483     
QSO:   21045 CW 2023-05-27 1331 UD4L             599 0091  IU4CSS           599  0021     
QSO:   21045 CW 2023-05-27 1332 UD4L             599 0092  JH1EAQ           599  0497     
QSO:   21045 CW 2023-05-27 1332 UD4L             599 0093  MM4D             599  0302     
QSO:   21045 CW 2023-05-27 1333 UD4L             599 0094  ON4LY            599  0033     
QSO:   21045 CW 2023-05-27 1333 UD4L             599 0095  N3FCP            599  0356     
QSO:   21045 CW 2023-05-27 1334 UD4L             599 0096  N7WY             599  0120     
QSO:   21045 CW 2023-05-27 1334 UD4L             599 0097  DJ4MX            599  0469     
QSO:   21045 CW 2023-05-27 1335 UD4L             599 0098  NR3Z             599  0117     
QSO:   21045 CW 2023-05-27 1335 UD4L             599 0099  AD4TJ            599  0073     
QSO:   21045 CW 2023-05-27 1335 UD4L             599 0100  R7NW             599  0563     
QSO:   21045 CW 2023-05-27 1336 UD4L             599 0101  PA3BUD           599  0395     
QSO:   21045 CW 2023-05-27 1336 UD4L             599 0102  EU2F             599  0845     
QSO:   21045 CW 2023-05-27 1336 UD4L             599 0103  YB1UUN           599  0013     
QSO:   21045 CW 2023-05-27 1337 UD4L             599 0104  UA6LCJ           599  0528     
QSO:   21045 CW 2023-05-27 1337 UD4L             599 0105  JA7FTR           599  0154     
QSO:   21045 CW 2023-05-27 1338 UD4L             599 0106  IK2WYI           599  0078     
QSO:   21045 CW 2023-05-27 1338 UD4L             599 0107  NJ3K             599  0414     
QSO:   21045 CW 2023-05-27 1339 UD4L             599 0108  JR3HZW           599  0005     
QSO:   21045 CW 2023-05-27 1340 UD4L             599 0109  UP1G             599  0553     
QSO:   21045 CW 2023-05-27 1340 UD4L             599 0110  DJ3HW            599  0476     
QSO:   21045 CW 2023-05-27 1341 UD4L             599 0111  DK3ABM           599  0007     
QSO:   21045 CW 2023-05-27 1341 UD4L             599 0112  W1IE             599  0026     
QSO:   21045 CW 2023-05-27 1343 UD4L             599 0113  KR2AA            599  0689     
QSO:   21045 CW 2023-05-27 1344 UD4L             599 0114  MR2J             599  0173     
QSO:   21045 CW 2023-05-27 1344 UD4L             599 0115  9A5D             599  1828     
QSO:   21045 CW 2023-05-27 1345 UD4L             599 0116  F6GCI            599  0056     
QSO:   21045 CW 2023-05-27 1345 UD4L             599 0117  AK1MD            599  0256     
QSO:   21045 CW 2023-05-27 1346 UD4L             599 0118  RD1A/MM          599  0085     
QSO:   21045 CW 2023-05-27 1347 UD4L             599 0119  RX6FJ            599  0244     
QSO:   21045 CW 2023-05-27 1348 UD4L             599 0120  E78CB            599  0043     
QSO:   21045 CW 2023-05-27 1349 UD4L             599 0121  HB9AJP           599  0033     
QSO:   21045 CW 2023-05-27 1349 UD4L             599 0122  NU8A             599  0089     
QSO:   21045 CW 2023-05-27 1350 UD4L             599 0123  UY5LW            599  0242     
QSO:   21045 CW 2023-05-27 1350 UD4L             599 0124  KC1XX            599  0294     
QSO:   21045 CW 2023-05-27 1351 UD4L             599 0125  Z38EE            599  0112     
QSO:   21045 CW 2023-05-27 1351 UD4L             599 0126  N2ZA             599  0409     
QSO:   21045 CW 2023-05-27 1352 UD4L             599 0127  UZ7E             599  0697     
QSO:   21045 CW 2023-05-27 1353 UD4L             599 0128  EV6Z             599  0062     
QSO:   21045 CW 2023-05-27 1354 UD4L             599 0129  K2IX             599  0390     
QSO:   21045 CW 2023-05-27 1354 UD4L             599 0130  F4IEH            599  0143     
QSO:   21045 CW 2023-05-27 1355 UD4L             599 0131  W1FJ             599  0199     
QSO:   21045 CW 2023-05-27 1356 UD4L             599 0132  JR4FLW           599  0228     
QSO:   21045 CW 2023-05-27 1356 UD4L             599 0133  JA2KVB           599  0385     
QSO:   21045 CW 2023-05-27 1358 UD4L             599 0134  SV2JAO           599  0289     
QSO:   21045 CW 2023-05-27 1358 UD4L             599 0135  JH7RTQ           599  0123     
QSO:   21045 CW 2023-05-27 1358 UD4L             599 0136  UN8GA            599  0041     
QSO:   21045 CW 2023-05-27 1400 UD4L             599 0137  JI1UPL           599  0190     
QSO:   21045 CW 2023-05-27 1401 UD4L             599 0138  KM5G             599  0241     
QSO:   21045 CW 2023-05-27 1402 UD4L             599 0139  K3MSB            599  0031     
QSO:   21045 CW 2023-05-27 1403 UD4L             599 0140  N3RM             599  0041     
QSO:   21045 CW 2023-05-27 1403 UD4L             599 0141  YB2MM            599  0118     
QSO:   21045 CW 2023-05-27 1405 UD4L             599 0142  VE3TG            599  0128     
QSO:   21045 CW 2023-05-27 1406 UD4L             599 0143  JH1FSF           599  0288     
QSO:   21045 CW 2023-05-27 1407 UD4L             599 0144  JA8RUZ           599  0090     
QSO:   21045 CW 2023-05-27 1408 UD4L             599 0145  YO8RFS           599  0244     
QSO:   21045 CW 2023-05-27 1409 UD4L             599 0146  KQ4R             599  0588     
QSO:   21045 CW 2023-05-27 1409 UD4L             599 0147  N8II             599  0161     
QSO:   21045 CW 2023-05-27 1410 UD4L             599 0148  PA0RDT           599  0106     
QSO:   21045 CW 2023-05-27 1411 UD4L             599 0149  SM5DXR           599  0144     
QSO:   21048 CW 2023-05-27 1414 UD4L             599 0150  VP2EAQ           599  0152     
QSO:   21020 CW 2023-05-27 1505 UD4L             599 0151  KB1EFS/2         599  0547     
QSO:   21060 CW 2023-05-27 1506 UD4L             599 0152  AC0W             599  0087     
QSO:   21031 CW 2023-05-27 1507 UD4L             599 0153  N4SS             599  0629     
QSO:   21055 CW 2023-05-27 1507 UD4L             599 0154  VE3T             599  0248     
QSO:   21093 CW 2023-05-27 1508 UD4L             599 0155  W0ETT            599  0054     
QSO:   21061 CW 2023-05-27 1521 UD4L             599 0156  XQ1KZ            599  0232     
QSO:   21080 CW 2023-05-27 1528 UD4L             599 0157  KA8JBK           599  0264     
QSO:   21080 CW 2023-05-27 1528 UD4L             599 0158  WA5SOG           599  0326     
QSO:   21080 CW 2023-05-27 1529 UD4L             599 0159  HB9IIH           599  0069     
QSO:   21080 CW 2023-05-27 1530 UD4L             599 0160  NF9V             599  0696     
QSO:   21080 CW 2023-05-27 1531 UD4L             599 0161  EU3A             599  0478     
QSO:   21080 CW 2023-05-27 1532 UD4L             599 0162  VE2EZD           599  0193     
QSO:   21080 CW 2023-05-27 1532 UD4L             599 0163  DL1IAO           599  0014     
QSO:   21080 CW 2023-05-27 1533 UD4L             599 0164  F5ICC            599  0419     
QSO:   21080 CW 2023-05-27 1534 UD4L             599 0165  DM7EE            599  0474     
QSO:   14002 CW 2023-05-27 1536 UD4L             599 0166  UC4L             599  0819     
QSO:   14046 CW 2023-05-27 1537 UD4L             599 0167  YU3TA            599  0096     
QSO:   14046 CW 2023-05-27 1538 UD4L             599 0168  S53AR            599  0289     
QSO:   14046 CW 2023-05-27 1538 UD4L             599 0169  SP2R             599  0805     
QSO:   14044 CW 2023-05-27 1539 UD4L             599 0170  UR5MW            599  0976     
QSO:   14044 CW 2023-05-27 1541 UD4L             599 0171  W8ZO             599  0120     
QSO:    7020 CW 2023-05-27 1543 UD4L             599 0172  HG9X             599  0620     
QSO:    7020 CW 2023-05-27 1544 UD4L             599 0173  R9XS             599  0266     
QSO:    7020 CW 2023-05-27 1544 UD4L             599 0174  HA7I             599  0654     
QSO:    7020 CW 2023-05-27 1545 UD4L             599 0175  YO4BEW           599  0044     
QSO:    7020 CW 2023-05-27 1545 UD4L             599 0176  RZ1A             599  0006     
QSO:    7020 CW 2023-05-27 1546 UD4L             599 0177  OK6W             599  0881     
QSO:    7020 CW 2023-05-27 1546 UD4L             599 0178  S55T             599  0808     
QSO:    7020 CW 2023-05-27 1546 UD4L             599 0179  SP1AEN           599  0606     
QSO:    7020 CW 2023-05-27 1549 UD4L             599 0180  S51YI            599  0359     
QSO:    7020 CW 2023-05-27 1550 UD4L             599 0181  S52AW            599  0694     
QSO:    7020 CW 2023-05-27 1550 UD4L             599 0182  YT2B             599  0300     
QSO:    7020 CW 2023-05-27 1551 UD4L             599 0183  YU1A             599  0448     
QSO:    7020 CW 2023-05-27 1552 UD4L             599 0184  YT7AA            599  0046     
QSO:    7020 CW 2023-05-27 1553 UD4L             599 0185  UW3M             599  0236     
QSO:    7000 CW 2023-05-27 1559 UD4L             599 0186  UC4L             599  0185     
END-OF-LOG:
