START-OF-LOG: 3.0
CONTEST: CQ-WW-SSB
CALLSIGN: DJ7LB
CLAIMED-SCORE: 7008
CREATED-BY: UcxLog 6.44
NAME: Eugen Gertner
CLUB: BAVARIAN CONTEST CLUB
CATEGORY-OPERATOR: SINGLE-OP
CATEGORY-TRANSMITTER: ONE
CATEGORY-ASSISTED: ASSISTED
CATEGORY-BAND: ALL
CATEGORY-POWER: LOW
CATEGORY-STATION: FIXED
QSO: 14000 PH 2009-10-24 0735 DJ7LB         59  14     AM5A          59  14     0
QSO: 14000 PH 2009-10-24 0739 DJ7LB         59  14     YR8V          59  20     0
QSO: 14000 PH 2009-10-24 0741 DJ7LB         59  14     EB1WW         59  14     0
QSO: 14000 PH 2009-10-24 0755 DJ7LB         59  14     OH8X          59  15     0
QSO: 14000 PH 2009-10-24 0801 DJ7LB         59  14     CT1JLZ        59  14     0
QSO: 14000 PH 2009-10-24 0804 DJ7LB         59  14     Z37M          59  15     0
QSO: 14000 PH 2009-10-24 1011 DJ7LB         59  14     SP9LJD        59  15     0
QSO: 14000 PH 2009-10-24 1031 DJ7LB         59  14     EW8KY         59  16     0
QSO: 14000 PH 2009-10-24 1033 DJ7LB         59  14     UA6GP         59  16     0
QSO: 14000 PH 2009-10-24 1101 DJ7LB         59  14     US5D          59  16     0
QSO: 14000 PH 2009-10-24 1110 DJ7LB         59  14     YU7ZZ         59  15     0
QSO: 14000 PH 2009-10-24 1112 DJ7LB         59  14     OL1X          59  15     0
QSO: 14000 PH 2009-10-24 1115 DJ7LB         59  14     RU1A          59  16     0
QSO: 14000 PH 2009-10-24 1124 DJ7LB         59  14     OK2ZAW        59  15     0
QSO: 14000 PH 2009-10-24 1127 DJ7LB         59  14     9A8M          59  15     0
QSO: 14000 PH 2009-10-24 1133 DJ7LB         59  14     ER4DX         59  16     0
QSO: 14000 PH 2009-10-24 1137 DJ7LB         59  14     OL9Z          59  15     0
QSO: 14000 PH 2009-10-24 1158 DJ7LB         59  14     TM9R          59  14     0
QSO: 14000 PH 2009-10-24 1202 DJ7LB         59  14     OL4A          59  15     0
QSO: 14000 PH 2009-10-24 1206 DJ7LB         59  14     LZ9W          59  20     0
QSO: 14000 PH 2009-10-24 1211 DJ7LB         59  14     IR8A          59  15     0
QSO: 14000 PH 2009-10-24 1230 DJ7LB         59  14     HG7T          59  15     0
QSO: 14000 PH 2009-10-24 1238 DJ7LB         59  14     HB9AAP        59  14     0
QSO: 14000 PH 2009-10-24 1315 DJ7LB         59  14     DL2VK         59  14     0
QSO:  7000 PH 2009-10-24 1334 DJ7LB         59  14     OM7M          59  15     0
QSO: 14000 PH 2009-10-24 1338 DJ7LB         59  14     S57DX         59  15     0
QSO:  7000 PH 2009-10-24 1348 DJ7LB         59  14     HA8TP         59  15     0
QSO:  7000 PH 2009-10-24 1354 DJ7LB         59  14     SN40DVP       59  15     0
QSO: 21000 PH 2009-10-24 1428 DJ7LB         59  14     9A3B          59  15     0
QSO: 21000 PH 2009-10-24 1430 DJ7LB         59  14     OE5T          59  15     0
QSO: 21000 PH 2009-10-24 1432 DJ7LB         59  14     AO2W          59  14     0
QSO: 21000 PH 2009-10-24 1438 DJ7LB         59  14     HG6N          59  15     0
QSO: 21000 PH 2009-10-24 1443 DJ7LB         59  14     IV3YYK        59  15     0
QSO: 21000 PH 2009-10-24 1511 DJ7LB         59  14     EE9K          59  33     0
QSO: 14000 PH 2009-10-24 1616 DJ7LB         59  14     SZ1A          59  20     0
QSO: 14000 PH 2009-10-24 1622 DJ7LB         59  14     LY2W          59  15     0
QSO:  7000 PH 2009-10-25 1131 DJ7LB         59  14     OT5A          59  14     0
QSO:  7000 PH 2009-10-25 1134 DJ7LB         59  14     LY7A          59  15     0
QSO:  7000 PH 2009-10-25 1136 DJ7LB         59  14     PA1WLB        59  14     0
QSO:  7000 PH 2009-10-25 1140 DJ7LB         59  14     OK1OUE        59  15     0
QSO:  7000 PH 2009-10-25 1144 DJ7LB         59  14     DL0AT         59  14     0
QSO:  7000 PH 2009-10-25 1151 DJ7LB         59  14     HB0/HB9AON    59  14     0
QSO:  7000 PH 2009-10-25 1156 DJ7LB         59  14     EU1AZ         59  16     0
QSO: 21000 PH 2009-10-25 1228 DJ7LB         59  14     RT6A          59  16     0
QSO: 28000 PH 2009-10-25 1238 DJ7LB         59  14     E71A          59  15     0
QSO: 28000 PH 2009-10-25 1241 DJ7LB         59  14     EE9Z          59  33     0
QSO: 28000 PH 2009-10-25 1247 DJ7LB         59  14     F8EZE         59  14     0
QSO: 28000 PH 2009-10-25 1306 DJ7LB         59  14     EB1WW         59  14     0
QSO: 21000 PH 2009-10-25 1310 DJ7LB         59  14     K2TE          59  05     0
QSO: 21000 PH 2009-10-25 1312 DJ7LB         59  14     C4I           59  20     0
QSO: 14000 PH 2009-10-25 1330 DJ7LB         59  14     9A1P          59  15     0
QSO: 21000 PH 2009-10-25 1348 DJ7LB         59  14     SZ1A          59  20     0
QSO: 21000 PH 2009-10-25 1407 DJ7LB         59  14     US6EX         59  16     0
QSO: 28000 PH 2009-10-25 1411 DJ7LB         59  14     ZS9X          59  38     0
QSO: 28000 PH 2009-10-25 1430 DJ7LB         59  14     AM3SSB        59  14     0
QSO: 28000 PH 2009-10-25 1452 DJ7LB         59  14     IT9IZY        59  15     0
QSO: 28000 PH 2009-10-25 1501 DJ7LB         59  14     IF9A          59  15     0
QSO: 21000 PH 2009-10-25 1510 DJ7LB         59  14     N2RM          59  05     0
QSO: 21000 PH 2009-10-25 1512 DJ7LB         59  14     K1RX          59  05     0
QSO: 21000 PH 2009-10-25 1515 DJ7LB         59  14     K1BX          59  05     0
QSO: 21000 PH 2009-10-25 1526 DJ7LB         59  14     5B/G3RXQ      59  20     0
QSO: 21000 PH 2009-10-25 1534 DJ7LB         59  14     N8II          59  05     0
QSO: 21000 PH 2009-10-25 1545 DJ7LB         59  14     VE3EJ         59  04     0
QSO: 21000 PH 2009-10-25 1546 DJ7LB         59  14     ZC4LI         59  20     0
QSO: 21000 PH 2009-10-25 1554 DJ7LB         59  14     K1DG          59  05     0
QSO: 14000 PH 2009-10-25 1601 DJ7LB         59  14     UX2IO         59  16     0
QSO: 14000 PH 2009-10-25 1612 DJ7LB         59  14     TF3ZA         59  40     0
QSO: 28000 PH 2009-10-25 1626 DJ7LB         59  14     TS9A          59  33     0
QSO:  7000 PH 2009-10-25 1808 DJ7LB         59  14     OL4A          59  15     0
QSO:  7000 PH 2009-10-25 1825 DJ7LB         59  14     RX3FS/3       59  16     0
END-OF-LOG:
