START-OF-LOG: 3.0
CREATED-BY: N3FJP's CQ WPX Contest Log 2.6
CONTEST: CQ-WPX-SSB
CALLSIGN: KC0RQH
CATEGORY-OVERLAY: TB-WIRES
CLAIMED-SCORE: 850
OPERATORS: KC0RQH
CLUB:
NAME: Dan Monson
SOAPBOX:
SOAPBOX:
SOAPBOX:
LOCATION: MN
CATEGORY-OPERATOR: SINGLE-OP
CATEGORY-TRANSMITTER: ONE
CATEGORY-ASSISTED: NON-ASSISTED
CATEGORY-BAND: 40M
CATEGORY-POWER: LOW
CATEGORY-STATION: FIXED
QSO: 28000 PH 2012-03-24 0034 KC0RQH        59  001    LR3M          59  18
QSO: 28000 PH 2012-03-24 1942 KC0RQH        59  002    XE3N          59  510
QSO:  7000 PH 2012-03-25 0715 KC0RQH        59  003    VK7ZX         59  960
QSO:  7000 PH 2012-03-25 0719 KC0RQH        59  004    YV5T          59  1448
QSO:  7000 PH 2012-03-25 0721 KC0RQH        59  005    KE3X          59  993
QSO:  7000 PH 2012-03-25 0722 KC0RQH        59  006    NY6DX         59  663
QSO:  7000 PH 2012-03-25 0725 KC0RQH        59  007    WH7M          59  3001
QSO:  7000 PH 2012-03-25 0731 KC0RQH        59  008    N3ALN         59  327
QSO:  7000 PH 2012-03-25 0736 KC0RQH        59  009    NX1P          59  685
QSO:  7000 PH 2012-03-25 0739 KC0RQH        59  010    PJ4Z          59  1641
QSO:  7000 PH 2012-03-25 0743 KC0RQH        59  011    PZ5P          59  2925
QSO:  7000 PH 2012-03-25 0745 KC0RQH        59  012    WF3C          59  1037
QSO:  7000 PH 2012-03-25 0747 KC0RQH        59  013    HK1T          59  2011
QSO:  7000 PH 2012-03-25 0750 KC0RQH        59  014    AK1W          59  2892
QSO:  7000 PH 2012-03-25 0752 KC0RQH        59  015    NX5M          59  1197
QSO:  7000 PH 2012-03-25 0756 KC0RQH        59  016    WC6H          59  994
QSO:  7000 PH 2012-03-25 0800 KC0RQH        59  017    W6KA          59  477
END-OF-LOG:
