START-OF-LOG: 3.0
CREATED-BY: N3FJP's CQ WPX Contest Log 2.8
CONTEST: CQ-WPX-SSB
CALLSIGN: KI4FIA
CATEGORY-OVERLAY: TB-WIRES
CLAIMED-SCORE: 225435
OPERATORS: KI4FIA
CLUB:
NAME: George Fetter
SOAPBOX:
SOAPBOX:
SOAPBOX:
LOCATION: NFL
CATEGORY-OPERATOR: SINGLE-OP
CATEGORY-TRANSMITTER: ONE
CATEGORY-ASSISTED: NON-ASSISTED
CATEGORY-BAND: ALL
CATEGORY-POWER: HIGH
CATEGORY-STATION: FIXED
QSO: 14000 PH 2012-03-24 0000 KI4FIA        59  001    KF5EN         59  001
QSO: 14000 PH 2012-03-24 0001 KI4FIA        59  002    K5RMJ         59  001
QSO: 14000 PH 2012-03-24 0002 KI4FIA        59  003    N1ZN          59  003
QSO: 14000 PH 2012-03-24 0002 KI4FIA        59  004    VE3WPZ        59  002
QSO: 14000 PH 2012-03-24 0003 KI4FIA        59  005    VE3WTR        59  001
QSO: 14000 PH 2012-03-24 0004 KI4FIA        59  006    WA6KHK        59  003
QSO: 14000 PH 2012-03-24 0004 KI4FIA        59  007    NR9A          59  004
QSO: 14000 PH 2012-03-24 0004 KI4FIA        59  008    K2HYQ         59  001
QSO: 14000 PH 2012-03-24 0005 KI4FIA        59  009    K2HIG         59  002
QSO: 14000 PH 2012-03-24 0006 KI4FIA        59  010    OH8X          59  017
QSO: 14000 PH 2012-03-24 0007 KI4FIA        59  011    KC0MPQ        59  002
QSO: 14000 PH 2012-03-24 0007 KI4FIA        59  012    K1AIR         59  005
QSO: 14000 PH 2012-03-24 0009 KI4FIA        59  013    N1CLG         59  003
QSO: 14000 PH 2012-03-24 0009 KI4FIA        59  014    W4GDG         59  003
QSO: 14000 PH 2012-03-24 0010 KI4FIA        59  015    W4DUK         59  007
QSO: 14000 PH 2012-03-24 0010 KI4FIA        59  016    N8UM          59  012
QSO: 14000 PH 2012-03-24 0010 KI4FIA        59  017    K2MFW         59  007
QSO: 14000 PH 2012-03-24 0012 KI4FIA        59  018    K9EN          59  005
QSO: 14000 PH 2012-03-24 0012 KI4FIA        59  019    W2YE          59  011
QSO: 14000 PH 2012-03-24 0013 KI4FIA        59  020    W4BOO         59  004
QSO: 14000 PH 2012-03-24 0014 KI4FIA        59  021    KG1E          59  015
QSO: 14000 PH 2012-03-24 0015 KI4FIA        59  022    LU1DK         59  010
QSO: 14000 PH 2012-03-24 0016 KI4FIA        59  023    WA2JQK        59  018
QSO: 14000 PH 2012-03-24 0016 KI4FIA        59  024    KC0THR        59  009
QSO: 14000 PH 2012-03-24 0017 KI4FIA        59  025    KB3CWQ        59  005
QSO: 14000 PH 2012-03-24 0018 KI4FIA        59  026    KC2PJH        59  007
QSO: 14000 PH 2012-03-24 0018 KI4FIA        59  027    KD8GYS        59  001
QSO: 14000 PH 2012-03-24 0018 KI4FIA        59  028    NA5NN         59  028
QSO: 14000 PH 2012-03-24 0019 KI4FIA        59  029    KJ6KCG        59  002
QSO: 14000 PH 2012-03-24 0020 KI4FIA        59  030    KB8WNL        59  008
QSO: 14000 PH 2012-03-24 0021 KI4FIA        59  031    N8GEN         59  003
QSO: 14000 PH 2012-03-24 0022 KI4FIA        59  032    W4OGG         59  002
QSO: 14000 PH 2012-03-24 0022 KI4FIA        59  033    K8BZ          59  019
QSO: 14000 PH 2012-03-24 0023 KI4FIA        59  034    WA1DRQ        59  003
QSO: 14000 PH 2012-03-24 0023 KI4FIA        59  035    K1LTJ         59  010
QSO: 14000 PH 2012-03-24 0023 KI4FIA        59  036    KS3F          59  024
QSO: 14000 PH 2012-03-24 0024 KI4FIA        59  037    W2BZR         59  013
QSO: 14000 PH 2012-03-24 0024 KI4FIA        59  038    W5FWR         59  004
QSO: 14000 PH 2012-03-24 0025 KI4FIA        59  039    N7FYO         59  003
QSO: 14000 PH 2012-03-24 0026 KI4FIA        59  040    N5JWM         59  001
QSO: 14000 PH 2012-03-24 0026 KI4FIA        59  041    N3ZV          59  021
QSO: 14000 PH 2012-03-24 0029 KI4FIA        59  042    KB3NXT        59  002
QSO: 14000 PH 2012-03-24 0031 KI4FIA        59  043    W1KQ          59  030
QSO: 14000 PH 2012-03-24 0031 KI4FIA        59  044    AE7BH         59  001
QSO: 14000 PH 2012-03-24 0032 KI4FIA        59  045    N2JBA         59  004
QSO: 14000 PH 2012-03-24 0032 KI4FIA        59  046    N2PQJ         59  008
QSO: 14000 PH 2012-03-24 0033 KI4FIA        59  047    KC8CFM        59  004
QSO: 14000 PH 2012-03-24 0034 KI4FIA        59  048    W9BK          59  004
QSO: 14000 PH 2012-03-24 0034 KI4FIA        59  049    N0ZC          59  012
QSO: 14000 PH 2012-03-24 0035 KI4FIA        59  050    N8HP          59  027
QSO: 14000 PH 2012-03-24 0035 KI4FIA        59  051    K3MD          59  048
QSO: 14000 PH 2012-03-24 0035 KI4FIA        59  052    W3FW          59  033
QSO: 14000 PH 2012-03-24 0036 KI4FIA        59  053    N9LYE         59  025
QSO: 14000 PH 2012-03-24 0038 KI4FIA        59  054    KF7NMD        59  007
QSO: 14000 PH 2012-03-24 0038 KI4FIA        59  055    KB1UUB        59  011
QSO: 14000 PH 2012-03-24 0039 KI4FIA        59  056    K3EMS         59  003
QSO: 14000 PH 2012-03-24 0040 KI4FIA        59  057    KB1FRK        59  019
QSO: 14000 PH 2012-03-24 0040 KI4FIA        59  058    KS9K          59  037
QSO: 14000 PH 2012-03-24 0042 KI4FIA        59  059    VA5AA         59  031
QSO: 14000 PH 2012-03-24 0042 KI4FIA        59  060    K2DSL         59  029
QSO: 14000 PH 2012-03-24 0043 KI4FIA        59  061    N9SB          59  017
QSO: 14000 PH 2012-03-24 0044 KI4FIA        59  062    WB4MNK        59  021
QSO: 14000 PH 2012-03-24 0045 KI4FIA        59  063    N1RRD         59  003
QSO: 14000 PH 2012-03-24 0046 KI4FIA        59  064    VE3NNG        59  029
QSO: 14000 PH 2012-03-24 0047 KI4FIA        59  065    K8BL          59  042
QSO: 14000 PH 2012-03-24 0047 KI4FIA        59  066    W0PPF         59  013
QSO: 14000 PH 2012-03-24 0048 KI4FIA        59  067    YS3/NO7B      59  005
QSO: 14000 PH 2012-03-24 0049 KI4FIA        59  068    K9WWT         59  019
QSO: 14000 PH 2012-03-24 0049 KI4FIA        59  069    W9EBK         59  014
QSO: 14000 PH 2012-03-24 0050 KI4FIA        59  070    W6KA          59  013
QSO: 14000 PH 2012-03-24 0050 KI4FIA        59  071    WJ1R          59  022
QSO: 14000 PH 2012-03-24 0051 KI4FIA        59  072    VA3UG         59  045
QSO: 14000 PH 2012-03-24 0053 KI4FIA        59  073    N9UFO         59  005
QSO: 14000 PH 2012-03-24 0054 KI4FIA        59  074    W8QM          59  006
QSO: 14000 PH 2012-03-24 0056 KI4FIA        59  075    KA1GEU        59  023
QSO: 14000 PH 2012-03-24 0056 KI4FIA        59  076    VC3T          59  076
QSO: 14000 PH 2012-03-24 0059 KI4FIA        59  077    KK0SD         59  052
QSO: 14000 PH 2012-03-24 0059 KI4FIA        59  078    VE3IAE        59  039
QSO: 14000 PH 2012-03-24 0100 KI4FIA        59  079    WX1S          59  021
QSO: 14000 PH 2012-03-24 0101 KI4FIA        59  080    N7VPN         59  020
QSO: 14000 PH 2012-03-24 0102 KI4FIA        59  081    N2WLS         59  024
QSO: 14000 PH 2012-03-24 0104 KI4FIA        59  082    KC0VTJ        59  007
QSO: 14000 PH 2012-03-24 0106 KI4FIA        59  083    XL3T          59  136
QSO: 14000 PH 2012-03-24 0106 KI4FIA        59  084    KB8O          59  020
QSO: 14000 PH 2012-03-24 0106 KI4FIA        59  085    AD6LV         59  016
QSO: 14000 PH 2012-03-24 0108 KI4FIA        59  086    N9QWV         59  008
QSO: 14000 PH 2012-03-24 0109 KI4FIA        59  087    KF5ASG        59  005
QSO: 14000 PH 2012-03-24 0109 KI4FIA        59  088    NA9J          59  002
QSO: 14000 PH 2012-03-24 0109 KI4FIA        59  089    KD5RTY        59  001
QSO: 14000 PH 2012-03-24 0110 KI4FIA        59  090    W0HBH         59  056
QSO: 14000 PH 2012-03-24 0110 KI4FIA        59  091    KD0JLE        59  018
QSO: 14000 PH 2012-03-24 0111 KI4FIA        59  092    WB5C          59  026
QSO: 14000 PH 2012-03-24 0111 KI4FIA        59  093    K9KDE         59  005
QSO: 14000 PH 2012-03-24 0112 KI4FIA        59  094    N9WFT         59  006
QSO: 14000 PH 2012-03-24 0115 KI4FIA        59  095    P49Y          59  293
QSO: 14000 PH 2012-03-24 0116 KI4FIA        59  096    WM5R          59  218
QSO: 14000 PH 2012-03-24 0118 KI4FIA        59  097    NX0I          59  033
QSO: 14000 PH 2012-03-24 0119 KI4FIA        59  098    KD9ST         59  102
QSO: 14000 PH 2012-03-24 0119 KI4FIA        59  099    WP4WW         59  153
QSO: 14000 PH 2012-03-24 0120 KI4FIA        59  100    K0RH          59  165
QSO: 14000 PH 2012-03-24 0237 KI4FIA        59  101    KP2MM         59  255
QSO: 14000 PH 2012-03-24 0241 KI4FIA        59  102    P41P          59  461
QSO: 14000 PH 2012-03-24 0244 KI4FIA        59  103    PT5T          59  401
QSO: 14000 PH 2012-03-24 0245 KI4FIA        59  104    KP2TM         59  511
QSO: 14000 PH 2012-03-24 0251 KI4FIA        59  105    PW7T          59  404
QSO: 14000 PH 2012-03-24 0252 KI4FIA        59  106    ZV2V          59  422
QSO: 14000 PH 2012-03-24 0253 KI4FIA        59  107    KW7XX         59  356
QSO: 14000 PH 2012-03-24 0254 KI4FIA        59  108    CW5W          59  512
QSO: 14000 PH 2012-03-24 1213 KI4FIA        59  109    HI3CC         59  577
QSO: 14000 PH 2012-03-24 1216 KI4FIA        59  110    NW2K          59  212
QSO: 14000 PH 2012-03-24 1217 KI4FIA        59  111    WA2EHL        59  006
QSO: 14000 PH 2012-03-24 1217 KI4FIA        59  112    KF5IXE        59  126
QSO: 14000 PH 2012-03-24 1219 KI4FIA        59  113    KA5AVB        59  046
QSO: 14000 PH 2012-03-24 1221 KI4FIA        59  114    HI3/KL7JR     59  023
QSO: 14000 PH 2012-03-24 1222 KI4FIA        59  115    K8PGJ         59  134
QSO: 14000 PH 2012-03-24 1222 KI4FIA        59  116    N9RO          59  061
QSO: 14000 PH 2012-03-24 1223 KI4FIA        59  117    N9JTA         59  003
QSO: 14000 PH 2012-03-24 1223 KI4FIA        59  118    KG5NP         59  001
QSO: 14000 PH 2012-03-24 1225 KI4FIA        59  119    N2MUN         59  136
QSO: 14000 PH 2012-03-24 1226 KI4FIA        59  120    KC0DEB        59  123
QSO: 14000 PH 2012-03-24 1227 KI4FIA        59  121    NE1C          59  290
QSO: 14000 PH 2012-03-24 1228 KI4FIA        59  122    AC4CA         59  114
QSO: 14000 PH 2012-03-24 1229 KI4FIA        59  123    AK5Y          59  081
QSO: 14000 PH 2012-03-24 1231 KI4FIA        59  124    N8HMG         59  039
QSO: 14000 PH 2012-03-24 1232 KI4FIA        59  125    KC9RXP        59  002
QSO: 14000 PH 2012-03-24 1233 KI4FIA        59  126    W2WGK         59  031
QSO: 14000 PH 2012-03-24 1233 KI4FIA        59  127    N5DO          59  484
QSO: 14000 PH 2012-03-24 1234 KI4FIA        59  128    KA9NVZ        59  002
QSO: 14000 PH 2012-03-24 1235 KI4FIA        59  129    VC3B          59  315
QSO: 14000 PH 2012-03-24 1238 KI4FIA        59  130    KB9OWD        59  383
QSO: 14000 PH 2012-03-24 1238 KI4FIA        59  131    NQ9A          59  029
QSO: 14000 PH 2012-03-24 1239 KI4FIA        59  132    N2BJ          59  369
QSO: 14000 PH 2012-03-24 1240 KI4FIA        59  133    KD8EER        59  067
QSO: 14000 PH 2012-03-24 1242 KI4FIA        59  134    WV2ZOW        59  208
QSO: 14000 PH 2012-03-24 1242 KI4FIA        59  135    KC2QJB        59  039
QSO: 14000 PH 2012-03-24 1242 KI4FIA        59  136    W5IAY         59  002
QSO: 14000 PH 2012-03-24 1243 KI4FIA        59  137    KC9TJZ        59  027
QSO: 14000 PH 2012-03-24 1244 KI4FIA        59  138    KC9CDW        59  001
QSO: 14000 PH 2012-03-24 1244 KI4FIA        59  139    W8JRK         59  082
QSO: 14000 PH 2012-03-24 1244 KI4FIA        59  140    KB9UWU        59  120
QSO: 14000 PH 2012-03-24 1245 KI4FIA        59  141    KA9MOM        59  035
QSO: 14000 PH 2012-03-24 1245 KI4FIA        59  142    VE3OIL        59  002
QSO: 14000 PH 2012-03-24 1245 KI4FIA        59  143    WD8KNC        59  062
QSO: 14000 PH 2012-03-24 1246 KI4FIA        59  144    NG1R          59  380
QSO: 14000 PH 2012-03-24 1246 KI4FIA        59  145    NV9X          59  005
QSO: 14000 PH 2012-03-24 1247 KI4FIA        59  146    KB2STN        59  005
QSO: 14000 PH 2012-03-24 1251 KI4FIA        59  147    KD8NOH        59  033
QSO: 14000 PH 2012-03-24 1253 KI4FIA        59  148    N0WY          59  034
QSO: 14000 PH 2012-03-24 1253 KI4FIA        59  149    KA2IND        59  214
QSO: 14000 PH 2012-03-24 1254 KI4FIA        59  150    KE5LQ         59  058
QSO: 14000 PH 2012-03-24 1255 KI4FIA        59  151    MI0M          59  151
QSO: 14000 PH 2012-03-24 1255 KI4FIA        59  152    N5VU          59  036
QSO: 14000 PH 2012-03-24 1258 KI4FIA        59  153    P43E          59  026
QSO: 14000 PH 2012-03-24 1258 KI4FIA        59  154    KB9RDS        59  054
QSO: 14000 PH 2012-03-24 1300 KI4FIA        59  155    KE5OBY        59  001
QSO: 14000 PH 2012-03-24 1302 KI4FIA        59  156    AC0MQ         59  010
QSO: 14000 PH 2012-03-24 1303 KI4FIA        59  157    W8QGP         59  078
QSO: 14000 PH 2012-03-24 1305 KI4FIA        59  158    N9WKW         59  068
QSO: 14000 PH 2012-03-24 1305 KI4FIA        59  159    KC2TEL        59  011
QSO: 14000 PH 2012-03-24 1307 KI4FIA        59  160    KG5VK         59  075
QSO: 14000 PH 2012-03-24 1309 KI4FIA        59  161    N5YPJ         59  001
QSO: 14000 PH 2012-03-24 1310 KI4FIA        59  162    K2RET         59  136
QSO: 14000 PH 2012-03-24 1311 KI4FIA        59  163    RY3D          59  688
QSO: 14000 PH 2012-03-24 1311 KI4FIA        59  164    W5FIT         59  150
QSO: 14000 PH 2012-03-24 1312 KI4FIA        59  165    NR6O          59  609
QSO: 14000 PH 2012-03-24 1312 KI4FIA        59  166    KB3H          59  019
QSO: 14000 PH 2012-03-24 1313 KI4FIA        59  167    KB0DMA        59  014
QSO: 14000 PH 2012-03-24 1313 KI4FIA        59  168    W2DZ          59  046
QSO: 14000 PH 2012-03-24 1314 KI4FIA        59  169    NV1N          59  673
QSO: 14000 PH 2012-03-24 1315 KI4FIA        59  170    N5QF          59  001
QSO: 14000 PH 2012-03-24 1316 KI4FIA        59  171    KM0DX         59  095
QSO: 14000 PH 2012-03-24 1318 KI4FIA        59  172    N9HPA         59  031
QSO: 14000 PH 2012-03-24 1319 KI4FIA        59  173    KW3I          59  046
QSO: 14000 PH 2012-03-24 1320 KI4FIA        59  174    VA3WLD        59  008
QSO: 14000 PH 2012-03-24 1321 KI4FIA        59  175    NY6I          59  363
QSO: 14000 PH 2012-03-24 1322 KI4FIA        59  176    NW5Q          59  095
QSO: 14000 PH 2012-03-24 1323 KI4FIA        59  177    NR1I          59  160
QSO: 14000 PH 2012-03-24 1323 KI4FIA        59  178    WA0LJM        59  065
QSO: 14000 PH 2012-03-24 1325 KI4FIA        59  179    N2SQW         59  252
QSO: 14000 PH 2012-03-24 1433 KI4FIA        59  180    W7MLG         59  089
QSO: 14000 PH 2012-03-24 1434 KI4FIA        59  181    WZ7ZR         59  269
QSO: 14000 PH 2012-03-24 1441 KI4FIA        59  182    WQ5O          59  004
QSO: 14000 PH 2012-03-24 1442 KI4FIA        59  183    KX7M          59  1304
QSO: 14000 PH 2012-03-24 1442 KI4FIA        59  184    K9LZJ         59  029
QSO: 14000 PH 2012-03-24 1443 KI4FIA        59  185    K5TLJ         59  018
QSO: 14000 PH 2012-03-24 1443 KI4FIA        59  186    KG1V          59  014
QSO: 14000 PH 2012-03-24 1445 KI4FIA        59  187    N5GY          59  018
QSO: 14000 PH 2012-03-24 1446 KI4FIA        59  188    KS7T          59  070
QSO: 14000 PH 2012-03-24 1447 KI4FIA        59  189    KC9AMZ        59  002
QSO: 14000 PH 2012-03-24 1447 KI4FIA        59  190    NX5M          59  857
QSO: 14000 PH 2012-03-24 1449 KI4FIA        59  191    WG3J          59  243
QSO: 14000 PH 2012-03-24 1449 KI4FIA        59  192    WB0LJK        59  188
QSO: 14000 PH 2012-03-24 1450 KI4FIA        59  193    KC2SYK        59  009
QSO: 14000 PH 2012-03-24 1451 KI4FIA        59  194    KB3SGY        59  003
QSO: 14000 PH 2012-03-24 1451 KI4FIA        59  195    W0GN          59  064
QSO: 14000 PH 2012-03-24 1453 KI4FIA        59  196    AB8XE         59  026
QSO: 14000 PH 2012-03-24 1455 KI4FIA        59  197    KF5MYL        59  001
QSO: 14000 PH 2012-03-24 1455 KI4FIA        59  198    W7PP          59  375
QSO: 14000 PH 2012-03-24 1456 KI4FIA        59  199    K5OA          59  321
QSO: 14000 PH 2012-03-24 1456 KI4FIA        59  200    W0AJU         59  001
QSO: 14000 PH 2012-03-24 1458 KI4FIA        59  201    N2WB          59  005
QSO: 14000 PH 2012-03-24 1459 KI4FIA        59  202    K6KAL         59  060
QSO: 21000 PH 2012-03-24 1506 KI4FIA        59  203    OQ4U          59  469
QSO: 21000 PH 2012-03-24 1507 KI4FIA        59  204    7S0X          59  382
QSO: 21000 PH 2012-03-24 1508 KI4FIA        59  205    DQ8N          59  673
QSO: 21000 PH 2012-03-24 1510 KI4FIA        59  206    HF3A          59  1244
QSO: 21000 PH 2012-03-24 1512 KI4FIA        59  207    E7DX          59  1387
QSO: 14000 PH 2012-03-24 1522 KI4FIA        59  208    AB1JP         59  025
QSO: 14000 PH 2012-03-24 1523 KI4FIA        59  209    NE8I          59  003
QSO: 14000 PH 2012-03-24 1526 KI4FIA        59  210    N2MM          59  390
QSO: 14000 PH 2012-03-24 1527 KI4FIA        59  211    KN6VE         59  003
QSO: 14000 PH 2012-03-24 1534 KI4FIA        59  212    WA8QZS        59  014
QSO: 14000 PH 2012-03-24 1536 KI4FIA        59  213    KC8CAY        59  005
QSO: 14000 PH 2012-03-24 1609 KI4FIA        59  214    KE3X          59  678
QSO: 14000 PH 2012-03-24 1611 KI4FIA        59  215    N4RSP         59  017
QSO: 14000 PH 2012-03-24 1612 KI4FIA        59  216    AC8JF         59  074
QSO: 14000 PH 2012-03-24 1614 KI4FIA        59  217    KD5STH        59  001
QSO: 14000 PH 2012-03-24 1618 KI4FIA        59  218    NN3W          59  005
QSO: 14000 PH 2012-03-24 1619 KI4FIA        59  219    KC8BR         59  123
QSO: 14000 PH 2012-03-24 1619 KI4FIA        59  220    W2MYA         59  043
QSO: 14000 PH 2012-03-24 1621 KI4FIA        59  221    AF5FM         59  092
QSO: 14000 PH 2012-03-24 1621 KI4FIA        59  222    W5YH          59  183
QSO: 14000 PH 2012-03-24 1621 KI4FIA        59  223    N8WS          59  036
QSO: 14000 PH 2012-03-24 1622 KI4FIA        59  224    KR5C          59  116
QSO: 14000 PH 2012-03-24 1622 KI4FIA        59  225    AE0AR         59  040
QSO: 14000 PH 2012-03-24 1624 KI4FIA        59  226    N2JAB         59  005
QSO: 14000 PH 2012-03-24 1625 KI4FIA        59  227    CO2VE         59  609
QSO: 14000 PH 2012-03-24 1626 KI4FIA        59  228    KA3ZMN        59  001
QSO: 14000 PH 2012-03-24 1631 KI4FIA        59  229    W9COD         59  002
QSO: 14000 PH 2012-03-24 1633 KI4FIA        59  230    N9VPV         59  067
QSO: 14000 PH 2012-03-24 1638 KI4FIA        59  231    KA7BSA        59  001
QSO: 14000 PH 2012-03-24 1639 KI4FIA        59  232    KC9PAU        59  113
QSO: 14000 PH 2012-03-24 1641 KI4FIA        59  233    KA5VLQ        59  001
QSO: 14000 PH 2012-03-24 1641 KI4FIA        59  234    KC4IWI        59  006
QSO: 14000 PH 2012-03-24 1644 KI4FIA        59  235    W9GVW         59  002
QSO: 14000 PH 2012-03-24 1645 KI4FIA        59  236    KJ4IZU        59  009
QSO: 14000 PH 2012-03-24 1646 KI4FIA        59  237    N5JUM         59  012
QSO: 14000 PH 2012-03-24 1646 KI4FIA        59  238    K2MMO         59  005
QSO: 14000 PH 2012-03-24 1648 KI4FIA        59  239    KC9EOQ        59  006
QSO: 14000 PH 2012-03-24 1650 KI4FIA        59  240    KC8R          59  022
QSO: 14000 PH 2012-03-24 1654 KI4FIA        59  241    W4PV          59  211
QSO: 14000 PH 2012-03-24 1656 KI4FIA        59  242    KC2CYJ        59  249
QSO: 14000 PH 2012-03-24 1657 KI4FIA        59  243    KB3TSJ        59  001
QSO: 14000 PH 2012-03-24 1658 KI4FIA        59  244    WB5OZA        59  009
QSO: 14000 PH 2012-03-24 1659 KI4FIA        59  245    K7TYF         59  094
QSO: 14000 PH 2012-03-24 1659 KI4FIA        59  246    KF5CRF        59  005
QSO: 14000 PH 2012-03-24 1700 KI4FIA        59  247    NR4J          59  004
QSO: 14000 PH 2012-03-24 1701 KI4FIA        59  248    K5JEF         59  021
QSO: 14000 PH 2012-03-24 1702 KI4FIA        59  249    WD8IIR        59  010
QSO: 14000 PH 2012-03-24 1703 KI4FIA        59  250    K8CR          59  063
QSO: 14000 PH 2012-03-24 1704 KI4FIA        59  251    KB2FRF        59  001
QSO: 14000 PH 2012-03-24 1705 KI4FIA        59  252    WD8EOL        59  296
QSO: 14000 PH 2012-03-24 1706 KI4FIA        59  253    KI4SA         59  007
QSO: 14000 PH 2012-03-24 1709 KI4FIA        59  254    KD5TXX        59  001
QSO: 14000 PH 2012-03-24 1709 KI4FIA        59  255    K5GCC         59  058
QSO: 14000 PH 2012-03-24 1709 KI4FIA        59  256    W0KAN         59  011
QSO: 14000 PH 2012-03-24 1710 KI4FIA        59  257    KX2X          59  135
QSO: 14000 PH 2012-03-24 1710 KI4FIA        59  258    AA4ZU         59  105
QSO: 14000 PH 2012-03-24 1711 KI4FIA        59  259    W5STR         59  005
QSO: 14000 PH 2012-03-24 1713 KI4FIA        59  260    KB8UHN        59  017
QSO: 14000 PH 2012-03-24 1717 KI4FIA        59  261    KC8RPV        59  141
QSO: 14000 PH 2012-03-24 1717 KI4FIA        59  262    W5PEM         59  004
QSO: 14000 PH 2012-03-24 1719 KI4FIA        59  263    KE5YLB        59  007
QSO: 21000 PH 2012-03-24 1905 KI4FIA        59  264    KZ5J          59  321
QSO: 28000 PH 2012-03-24 1909 KI4FIA        59  265    P49Y          59  2522
QSO: 28000 PH 2012-03-24 1910 KI4FIA        59  266    TI5N          59  392
QSO: 28000 PH 2012-03-24 1912 KI4FIA        59  267    KD0JLE        59  112
QSO: 28000 PH 2012-03-24 1913 KI4FIA        59  268    VE5KS         59  044
QSO: 28000 PH 2012-03-24 1916 KI4FIA        59  269    ED1C          59  648
QSO: 28000 PH 2012-03-24 1917 KI4FIA        59  270    CQ8X          59  2171
QSO: 28000 PH 2012-03-24 1918 KI4FIA        59  271    LP1H          59  1414
QSO: 14000 PH 2012-03-24 2121 KI4FIA        59  272    EB3CW         59  1604
QSO: 14000 PH 2012-03-24 2122 KI4FIA        59  273    GW9T          59  1592
QSO: 14000 PH 2012-03-24 2123 KI4FIA        59  274    S50K          59  1581
QSO: 14000 PH 2012-03-24 2123 KI4FIA        59  275    S53M          59  1151
QSO: 14000 PH 2012-03-24 2124 KI4FIA        59  276    G2W           59  1740
QSO: 14000 PH 2012-03-24 2125 KI4FIA        59  277    9A22P         59  2803
QSO: 14000 PH 2012-03-24 2126 KI4FIA        59  278    E7DX          59  2308
QSO: 14000 PH 2012-03-24 2127 KI4FIA        59  279    HF3A          59  1776
QSO: 14000 PH 2012-03-24 2128 KI4FIA        59  280    DM9K          59  1035
QSO: 14000 PH 2012-03-24 2129 KI4FIA        59  281    LX7I          59  1856
QSO: 14000 PH 2012-03-24 2129 KI4FIA        59  282    OM0R          59  1856
QSO: 14000 PH 2012-03-24 2131 KI4FIA        59  283    DR1A          59  1829
QSO: 14000 PH 2012-03-24 2131 KI4FIA        59  284    S55T          59  1668
QSO: 14000 PH 2012-03-24 2132 KI4FIA        59  285    SO2R          59  1852
QSO: 14000 PH 2012-03-24 2132 KI4FIA        59  286    IO5O          59  1735
QSO: 28000 PH 2012-03-24 2135 KI4FIA        59  287    HK3C          59  412
QSO: 28000 PH 2012-03-24 2137 KI4FIA        59  288    WH7M          59  2181
QSO: 21000 PH 2012-03-24 2140 KI4FIA        59  289    P40W          59  1958
QSO: 21000 PH 2012-03-24 2141 KI4FIA        59  290    NN6CH         59  330
QSO: 21000 PH 2012-03-24 2143 KI4FIA        59  291    PZ5P          59  2369
QSO: 21000 PH 2012-03-24 2143 KI4FIA        59  292    PT5T          59  2254
QSO: 21000 PH 2012-03-24 2146 KI4FIA        59  293    VE3CX         59  862
QSO: 21000 PH 2012-03-24 2148 KI4FIA        59  294    K6LL          59  902
QSO: 21000 PH 2012-03-24 2149 KI4FIA        59  295    AC0B          59  915
QSO: 21000 PH 2012-03-24 2151 KI4FIA        59  296    EB8AH         59  1821
QSO: 21000 PH 2012-03-24 2152 KI4FIA        59  297    N0MA          59  255
QSO: 21000 PH 2012-03-24 2154 KI4FIA        59  298    TM1W          59  1548
QSO: 21000 PH 2012-03-24 2154 KI4FIA        59  299    WA2HIP        59  160
QSO: 21000 PH 2012-03-24 2157 KI4FIA        59  300    WI0WA         59  745
QSO: 21000 PH 2012-03-24 2158 KI4FIA        59  301    N6JV          59  840
QSO: 21000 PH 2012-03-24 2159 KI4FIA        59  302    AC4CA         59  357
QSO: 21000 PH 2012-03-24 2159 KI4FIA        59  303    NW5Q          59  200
QSO: 21000 PH 2012-03-24 2200 KI4FIA        59  304    KI6QDH        59  335
QSO: 21000 PH 2012-03-24 2201 KI4FIA        59  305    WU6W          59  330
QSO: 21000 PH 2012-03-24 2201 KI4FIA        59  306    AE6XC         59  010
QSO: 14000 PH 2012-03-24 2206 KI4FIA        59  307    OL4A          59  555
QSO: 14000 PH 2012-03-24 2208 KI4FIA        59  308    HG3R          59  1846
QSO: 14000 PH 2012-03-24 2231 KI4FIA        59  309    EI100T        59  1207
QSO: 14000 PH 2012-03-24 2233 KI4FIA        59  310    WR3Z          59  1999
QSO: 14000 PH 2012-03-24 2234 KI4FIA        59  311    EB8AH         59  1738
QSO: 14000 PH 2012-03-24 2236 KI4FIA        59  312    AB2E          59  592
QSO: 14000 PH 2012-03-24 2237 KI4FIA        59  313    VE7CC         59  1664
QSO: 14000 PH 2012-03-24 2238 KI4FIA        59  314    KJ6LJB        59  046
QSO: 14000 PH 2012-03-24 2240 KI4FIA        59  315    EI5GSB        59  499
QSO: 14000 PH 2012-03-24 2240 KI4FIA        59  316    K4UU          59  173
QSO: 14000 PH 2012-03-24 2241 KI4FIA        59  317    HB9MH         59  1213
QSO: 14000 PH 2012-03-24 2242 KI4FIA        59  318    NY4JB         59  146
QSO: 14000 PH 2012-03-24 2243 KI4FIA        59  319    N3ALN         59  265
QSO: 14000 PH 2012-03-24 2248 KI4FIA        59  320    N8XQM         59  035
QSO: 14000 PH 2012-03-24 2248 KI4FIA        59  321    KA3GLQ        59  053
QSO: 14000 PH 2012-03-24 2250 KI4FIA        59  322    WP3GW         59  342
QSO: 14000 PH 2012-03-24 2252 KI4FIA        59  323    ND3D          59  179
QSO: 14000 PH 2012-03-24 2253 KI4FIA        59  324    AK4PE         59  232
QSO: 14000 PH 2012-03-24 2253 KI4FIA        59  325    VE1BVD        59  192
QSO: 14000 PH 2012-03-24 2254 KI4FIA        59  326    G0VXE         59  593
QSO: 14000 PH 2012-03-24 2255 KI4FIA        59  327    N2KPB         59  113
QSO: 14000 PH 2012-03-24 2255 KI4FIA        59  328    W5GCX         59  516
QSO: 14000 PH 2012-03-24 2258 KI4FIA        59  329    K3WW          59  570
QSO: 14000 PH 2012-03-24 2259 KI4FIA        59  330    AD1C          59  270
QSO: 14000 PH 2012-03-24 2259 KI4FIA        59  331    K3CWF         59  234
QSO: 14000 PH 2012-03-24 2300 KI4FIA        59  332    KD0KQS        59  012
QSO: 14000 PH 2012-03-24 2300 KI4FIA        59  333    ED1G          59  627
QSO: 14000 PH 2012-03-24 2301 KI4FIA        59  334    DR5N          59  973
QSO: 14000 PH 2012-03-24 2301 KI4FIA        59  335    W7OM          59  492
QSO: 14000 PH 2012-03-24 2302 KI4FIA        59  336    N3RR          59  1142
QSO: 14000 PH 2012-03-24 2302 KI4FIA        59  337    NA4N          59  036
QSO: 14000 PH 2012-03-24 2303 KI4FIA        59  338    DQ4W          59  1753
QSO: 14000 PH 2012-03-24 2307 KI4FIA        59  339    KA9O          59  019
QSO: 14000 PH 2012-03-24 2307 KI4FIA        59  340    DL1M          59  095
QSO: 14000 PH 2012-03-24 2308 KI4FIA        59  341    MM0BQN        59  401
QSO: 14000 PH 2012-03-24 2309 KI4FIA        59  342    W3GLH         59  141
QSO: 14000 PH 2012-03-24 2309 KI4FIA        59  343    KB8OCP        59  083
QSO: 14000 PH 2012-03-24 2310 KI4FIA        59  344    NA0CW         59  588
QSO: 14000 PH 2012-03-24 2311 KI4FIA        59  345    KC2RDW        59  752
QSO: 14000 PH 2012-03-24 2312 KI4FIA        59  346    AA6K          59  347
QSO: 14000 PH 2012-03-24 2313 KI4FIA        59  347    DK0SU         59  304
QSO: 14000 PH 2012-03-24 2313 KI4FIA        59  348    AK5DX         59  643
QSO: 14000 PH 2012-03-24 2314 KI4FIA        59  349    YT1A          59  1393
QSO: 14000 PH 2012-03-24 2315 KI4FIA        59  350    W7IWW         59  396
QSO: 14000 PH 2012-03-24 2317 KI4FIA        59  351    VA3GD         59  086
QSO: 14000 PH 2012-03-24 2318 KI4FIA        59  352    KB9NW         59  125
QSO: 14000 PH 2012-03-24 2319 KI4FIA        59  353    KA2ZOH        59  072
QSO: 14000 PH 2012-03-24 2320 KI4FIA        59  354    WS7X          59  1346
QSO: 14000 PH 2012-03-24 2321 KI4FIA        59  355    AD7UP         59  013
QSO: 14000 PH 2012-03-24 2322 KI4FIA        59  356    K7JAN         59  203
QSO: 14000 PH 2012-03-24 2322 KI4FIA        59  357    AC8GX         59  352
QSO: 14000 PH 2012-03-24 2323 KI4FIA        59  358    AC7GP         59  290
QSO: 14000 PH 2012-03-24 2324 KI4FIA        59  359    WZ2L          59  100
QSO: 14000 PH 2012-03-24 2325 KI4FIA        59  360    K7MOE         59  215
QSO: 14000 PH 2012-03-24 2326 KI4FIA        59  361    9A207T        59  307
QSO: 14000 PH 2012-03-24 2327 KI4FIA        59  362    K0VVX         59  200
QSO: 14000 PH 2012-03-24 2327 KI4FIA        59  363    W5WMU         59  1482
QSO: 14000 PH 2012-03-24 2328 KI4FIA        59  364    WG5D          59  005
QSO: 14000 PH 2012-03-24 2330 KI4FIA        59  365    AC8CY         59  014
QSO: 14000 PH 2012-03-24 2330 KI4FIA        59  366    KR9E          59  165
QSO: 14000 PH 2012-03-24 2331 KI4FIA        59  367    KD8ROF        59  067
QSO: 14000 PH 2012-03-24 2331 KI4FIA        59  368    KD3HN         59  383
QSO: 14000 PH 2012-03-24 2331 KI4FIA        59  369    NU5DE         59  112
QSO: 14000 PH 2012-03-24 2333 KI4FIA        59  370    AD1DX         59  370
QSO: 14000 PH 2012-03-24 2334 KI4FIA        59  371    K6DGW         59  058
QSO: 14000 PH 2012-03-24 2336 KI4FIA        59  372    WA3F          59  500
QSO: 14000 PH 2012-03-24 2337 KI4FIA        59  373    KY6LA         59  136
QSO: 14000 PH 2012-03-24 2337 KI4FIA        59  374    K4XG          59  147
QSO: 14000 PH 2012-03-24 2338 KI4FIA        59  375    KK5TC         59  034
QSO: 14000 PH 2012-03-24 2338 KI4FIA        59  376    WB8JUI        59  018
QSO: 14000 PH 2012-03-24 2338 KI4FIA        59  377    N4KWO         59  042
QSO: 14000 PH 2012-03-24 2339 KI4FIA        59  378    WA3SRU        59  109
QSO: 14000 PH 2012-03-24 2339 KI4FIA        59  379    NW8U          59  106
QSO: 14000 PH 2012-03-24 2341 KI4FIA        59  380    WC6H          59  641
QSO: 14000 PH 2012-03-24 2341 KI4FIA        59  381    W3FV          59  412
QSO: 14000 PH 2012-03-24 2342 KI4FIA        59  382    AK3V          59  026
QSO: 14000 PH 2012-03-24 2342 KI4FIA        59  383    KB7RUQ        59  322
QSO: 14000 PH 2012-03-24 2344 KI4FIA        59  384    NY1H          59  138
QSO: 14000 PH 2012-03-24 2344 KI4FIA        59  385    KB5YEG        59  138
QSO: 14000 PH 2012-03-24 2345 KI4FIA        59  386    W0ELM         59  022
QSO: 14000 PH 2012-03-24 2347 KI4FIA        59  387    KK4EDY        59  151
QSO: 14000 PH 2012-03-24 2348 KI4FIA        59  388    WA1FXK        59  244
QSO: 14000 PH 2012-03-24 2349 KI4FIA        59  389    K9COT         59  048
QSO: 14000 PH 2012-03-24 2349 KI4FIA        59  390    AB2NI         59  008
QSO: 14000 PH 2012-03-24 2350 KI4FIA        59  391    NN3V          59  470
QSO: 14000 PH 2012-03-24 2351 KI4FIA        59  392    VE7XF         59  519
QSO: 14000 PH 2012-03-24 2351 KI4FIA        59  393    W6UX          59  507
QSO: 14000 PH 2012-03-24 2352 KI4FIA        59  394    WO8CC         59  967
QSO: 14000 PH 2012-03-24 2353 KI4FIA        59  395    WB9LRK        59  105
QSO: 14000 PH 2012-03-24 2353 KI4FIA        59  396    N0MA          59  232
QSO: 14000 PH 2012-03-24 2354 KI4FIA        59  397    WS9M          59  315
QSO: 14000 PH 2012-03-24 2356 KI4FIA        59  398    KB3WD         59  450
QSO: 14000 PH 2012-03-24 2356 KI4FIA        59  399    KI0HQ         59  197
QSO: 14000 PH 2012-03-24 2358 KI4FIA        59  400    AK1W          59  2332
QSO: 14000 PH 2012-03-24 2359 KI4FIA        59  401    AI9K          59  047
QSO: 14000 PH 2012-03-25 0000 KI4FIA        59  402    8P5A          59  3891
QSO: 14000 PH 2012-03-25 0002 KI4FIA        59  403    WV1H          59  406
QSO: 14000 PH 2012-03-25 0002 KI4FIA        59  404    WP2Z          59  3261
QSO: 14000 PH 2012-03-25 0003 KI4FIA        59  405    VC7R          59  1526
QSO: 14000 PH 2012-03-25 0004 KI4FIA        59  406    W0KVA         59  191
QSO: 14000 PH 2012-03-25 0006 KI4FIA        59  407    K9ASE         59  044
QSO: 14000 PH 2012-03-25 0006 KI4FIA        59  408    K6UW          59  109
QSO: 14000 PH 2012-03-25 0007 KI4FIA        59  409    VE3KGK        59  010
QSO: 14000 PH 2012-03-25 0007 KI4FIA        59  410    N7EPD         59  020
QSO: 14000 PH 2012-03-25 0007 KI4FIA        59  411    N3WMC         59  109
QSO: 14000 PH 2012-03-25 0008 KI4FIA        59  412    K6JJ          59  431
QSO: 14000 PH 2012-03-25 0009 KI4FIA        59  413    NE3K          59  040
QSO: 14000 PH 2012-03-25 0010 KI4FIA        59  414    W8BLG         59  135
QSO: 14000 PH 2012-03-25 0011 KI4FIA        59  415    K6AAB         59  227
QSO: 14000 PH 2012-03-25 0012 KI4FIA        59  416    AA0A          59  193
QSO: 14000 PH 2012-03-25 0012 KI4FIA        59  417    KD8NUB        59  004
QSO: 14000 PH 2012-03-25 0013 KI4FIA        59  418    K7RB          59  086
QSO: 14000 PH 2012-03-25 0014 KI4FIA        59  419    W2YC          59  816
QSO: 14000 PH 2012-03-25 0014 KI4FIA        59  420    NA8V          59  602
QSO: 14000 PH 2012-03-25 0014 KI4FIA        59  421    VA7OM         59  292
QSO: 14000 PH 2012-03-25 0014 KI4FIA        59  422    W8ARC         59  080
QSO: 14000 PH 2012-03-25 0015 KI4FIA        59  423    N3QXC         59  160
QSO: 14000 PH 2012-03-25 0202 KI4FIA        59  424    K6HNZ         59  893
QSO: 14000 PH 2012-03-25 0203 KI4FIA        59  425    VA7ST         59  814
QSO: 14000 PH 2012-03-25 0206 KI4FIA        59  426    AD7JP         59  1103
QSO: 14000 PH 2012-03-25 0209 KI4FIA        59  427    N0OJ          59  142
QSO: 14000 PH 2012-03-25 0211 KI4FIA        59  428    W7PU          59  488
QSO: 14000 PH 2012-03-25 0213 KI4FIA        59  429    AA6YX         59  649
QSO: 14000 PH 2012-03-25 0213 KI4FIA        59  430    AL9A          59  873
QSO: 14000 PH 2012-03-25 0218 KI4FIA        59  431    K0TSH         59  024
QSO: 14000 PH 2012-03-25 0222 KI4FIA        59  432    KC0UUT        59  040
QSO: 14000 PH 2012-03-25 0223 KI4FIA        59  433    CQ3L          59  522
QSO: 14000 PH 2012-03-25 0225 KI4FIA        59  434    VE9HF         59  1637
QSO: 14000 PH 2012-03-25 1258 KI4FIA        59  435    K5DHY         59  326
QSO: 14000 PH 2012-03-25 1258 KI4FIA        59  436    VE3EXW        59  106
QSO: 14000 PH 2012-03-25 1259 KI4FIA        59  437    WC8Z          59  032
QSO: 14000 PH 2012-03-25 1302 KI4FIA        59  438    KD8ONC        59  040
QSO: 14000 PH 2012-03-25 1303 KI4FIA        59  439    WB3DEL        59  206
QSO: 14000 PH 2012-03-25 1304 KI4FIA        59  440    KK7AC         59  554
QSO: 14000 PH 2012-03-25 1305 KI4FIA        59  441    KC8KCU        59  015
QSO: 14000 PH 2012-03-25 1305 KI4FIA        59  442    W2IIT         59  003
QSO: 14000 PH 2012-03-25 1306 KI4FIA        59  443    N1AGE         59  173
QSO: 14000 PH 2012-03-25 1306 KI4FIA        59  444    KC0DWX        59  114
QSO: 14000 PH 2012-03-25 1307 KI4FIA        59  445    VE3FH         59  453
QSO: 14000 PH 2012-03-25 1308 KI4FIA        59  446    KC9KLA        59  004
QSO: 14000 PH 2012-03-25 1309 KI4FIA        59  447    W9ZIP         59  007
QSO: 14000 PH 2012-03-25 1345 KI4FIA        59  448    KC0MO         59  368
QSO: 14000 PH 2012-03-25 1346 KI4FIA        59  449    VA3GUY        59  065
QSO: 14000 PH 2012-03-25 1347 KI4FIA        59  450    AF7S          59  089
QSO: 14000 PH 2012-03-25 1352 KI4FIA        59  451    KD8NNU        59  089
QSO: 14000 PH 2012-03-25 1354 KI4FIA        59  452    VA3DBT        59  135
QSO: 14000 PH 2012-03-25 1356 KI4FIA        59  453    KI6EAB        59  040
QSO: 14000 PH 2012-03-25 1357 KI4FIA        59  454    W9PDS         59  110
QSO: 14000 PH 2012-03-25 1357 KI4FIA        59  455    WA8OFM        59  086
QSO: 14000 PH 2012-03-25 1358 KI4FIA        59  456    K5ZCJ         59  228
QSO: 14000 PH 2012-03-25 1359 KI4FIA        59  457    KT7E          59  547
QSO: 14000 PH 2012-03-25 1359 KI4FIA        59  458    KO7X          59  553
QSO: 14000 PH 2012-03-25 1359 KI4FIA        59  459    W1KMA         59  264
QSO: 14000 PH 2012-03-25 1401 KI4FIA        59  460    KW3K          59  042
QSO: 14000 PH 2012-03-25 1402 KI4FIA        59  461    KF8BT         59  207
QSO: 14000 PH 2012-03-25 1409 KI4FIA        59  462    WB8WNV        59  064
QSO: 14000 PH 2012-03-25 1413 KI4FIA        59  463    AI4SV         59  087
QSO: 21000 PH 2012-03-25 1420 KI4FIA        59  464    LY5E          59  1791
QSO: 21000 PH 2012-03-25 1421 KI4FIA        59  465    CR3A          59  2163
QSO: 21000 PH 2012-03-25 1422 KI4FIA        59  466    OH1F          59  1585
QSO: 14000 PH 2012-03-25 1451 KI4FIA        59  467    KG7F          59  405
QSO: 14000 PH 2012-03-25 1452 KI4FIA        59  468    AC5T          59  078
QSO: 14000 PH 2012-03-25 1455 KI4FIA        59  469    KC2YYY        59  032
QSO: 14000 PH 2012-03-25 1457 KI4FIA        59  470    KB1TJC        59  070
QSO: 14000 PH 2012-03-25 1458 KI4FIA        59  471    AE5ZE         59  156
QSO: 14000 PH 2012-03-25 1500 KI4FIA        59  472    AC0MW         59  129
QSO: 14000 PH 2012-03-25 1500 KI4FIA        59  473    K0BAM         59  258
QSO: 14000 PH 2012-03-25 1502 KI4FIA        59  474    K5ER          59  1272
QSO: 14000 PH 2012-03-25 1504 KI4FIA        59  475    AB1OD         59  410
QSO: 14000 PH 2012-03-25 1508 KI4FIA        59  476    WF8H          59  026
QSO: 14000 PH 2012-03-25 1509 KI4FIA        59  477    KI6QDH        59  456
QSO: 14000 PH 2012-03-25 1510 KI4FIA        59  478    N8TLV         59  018
QSO: 14000 PH 2012-03-25 1511 KI4FIA        59  479    WA8FRE        59  340
QSO: 14000 PH 2012-03-25 1512 KI4FIA        59  480    W9CJO         59  026
QSO: 14000 PH 2012-03-25 1516 KI4FIA        59  481    KI4TXP        59  007
QSO: 14000 PH 2012-03-25 1518 KI4FIA        59  482    WP4AOO        59  014
QSO: 14000 PH 2012-03-25 1518 KI4FIA        59  483    N7MZW         59  560
QSO: 14000 PH 2012-03-25 1520 KI4FIA        59  484    W8CAM         59  032
QSO: 14000 PH 2012-03-25 1521 KI4FIA        59  485    N8BV          59  435
QSO: 14000 PH 2012-03-25 1521 KI4FIA        59  486    KE9RY         59  002
QSO: 14000 PH 2012-03-25 1525 KI4FIA        59  487    NY6N          59  3756
QSO: 14000 PH 2012-03-25 1527 KI4FIA        59  488    WI0WA         59  942
QSO: 14000 PH 2012-03-25 1528 KI4FIA        59  489    WB3FIZ        59  708
QSO: 14000 PH 2012-03-25 1529 KI4FIA        59  490    KK7PR         59  1757
QSO: 14000 PH 2012-03-25 1531 KI4FIA        59  491    VA3YP         59  946
QSO: 14000 PH 2012-03-25 1550 KI4FIA        59  492    W8ASA         59  328
QSO: 14000 PH 2012-03-25 1551 KI4FIA        59  493    W5OXJ         59  064
QSO: 14000 PH 2012-03-25 1907 KI4FIA        59  494    9A1A          59  2112
QSO: 14000 PH 2012-03-25 1908 KI4FIA        59  495    UZ2M          59  3703
QSO: 14000 PH 2012-03-25 1911 KI4FIA        59  496    K9QVB         59  648
QSO: 21000 PH 2012-03-25 1917 KI4FIA        59  497    N7AT          59  1401
QSO: 21000 PH 2012-03-25 1919 KI4FIA        59  498    IU9T          59  3101
QSO: 21000 PH 2012-03-25 1919 KI4FIA        59  499    II9K          59  2960
QSO: 21000 PH 2012-03-25 1921 KI4FIA        59  500    TM6M          59  3655
QSO: 21000 PH 2012-03-25 1923 KI4FIA        59  501    LN5O          59  2229
QSO: 21000 PH 2012-03-25 1924 KI4FIA        59  502    N5DO          59  1402
QSO: 21000 PH 2012-03-25 1925 KI4FIA        59  503    VE9AA         59  547
QSO: 28000 PH 2012-03-25 1929 KI4FIA        59  504    P40W          59  3332
QSO: 28000 PH 2012-03-25 1932 KI4FIA        59  505    K7HP          59  229
QSO: 14000 PH 2012-03-25 1937 KI4FIA        59  506    AD1L          59  260
QSO: 14000 PH 2012-03-25 1938 KI4FIA        59  507    RT4F          59  5673
QSO: 14000 PH 2012-03-25 1940 KI4FIA        59  508    8S0C          59  1185
QSO: 14000 PH 2012-03-25 2127 KI4FIA        59  509    OE3K          59  4940
QSO: 14000 PH 2012-03-25 2128 KI4FIA        59  510    DK8N          59  2134
QSO: 14000 PH 2012-03-25 2130 KI4FIA        59  511    ED1R          59  1833
QSO: 14000 PH 2012-03-25 2134 KI4FIA        59  512    LZ9W          59  2574
QSO: 14000 PH 2012-03-25 2135 KI4FIA        59  513    ED9Z          59  1307
QSO: 14000 PH 2012-03-25 2137 KI4FIA        59  514    NF8M          59  028
QSO: 21000 PH 2012-03-25 2144 KI4FIA        59  515    PQ5B          59  4302
QSO: 21000 PH 2012-03-25 2148 KI4FIA        59  516    KL7RA         59  2200
QSO: 21000 PH 2012-03-25 2150 KI4FIA        59  517    PR5B          59  3058
QSO: 21000 PH 2012-03-25 2150 KI4FIA        59  518    WB5AAR        59  282
QSO: 21000 PH 2012-03-25 2152 KI4FIA        59  519    PW2T          59  2765
QSO: 14000 PH 2012-03-25 2201 KI4FIA        59  520    DQ8N          59  2160
QSO: 14000 PH 2012-03-25 2248 KI4FIA        59  521    KV5Q          59  118
QSO: 14000 PH 2012-03-25 2249 KI4FIA        59  522    N0TK          59  085
QSO: 14000 PH 2012-03-25 2253 KI4FIA        59  523    OH5Z          59  1990
QSO: 14000 PH 2012-03-25 2254 KI4FIA        59  524    I2PJA         59  520
QSO: 14000 PH 2012-03-25 2255 KI4FIA        59  525    WY3P          59  330
QSO: 14000 PH 2012-03-25 2256 KI4FIA        59  526    9Y4W          59  2838
QSO: 14000 PH 2012-03-25 2257 KI4FIA        59  527    VC6R          59  3629
QSO: 14000 PH 2012-03-25 2300 KI4FIA        59  528    NC1I          59  529
QSO: 14000 PH 2012-03-25 2303 KI4FIA        59  529    KC0VEU        59  041
QSO: 14000 PH 2012-03-25 2305 KI4FIA        59  530    DL8LR         59  2726
QSO: 14000 PH 2012-03-25 2307 KI4FIA        59  531    K4ORV         59  084
QSO: 14000 PH 2012-03-25 2307 KI4FIA        59  532    KJ4TFU        59  108
QSO: 14000 PH 2012-03-25 2308 KI4FIA        59  533    W9VQ          59  117
QSO: 14000 PH 2012-03-25 2310 KI4FIA        59  534    RV1CC         59  055
QSO: 14000 PH 2012-03-25 2310 KI4FIA        59  535    CS2P          59  2170
QSO: 14000 PH 2012-03-25 2311 KI4FIA        59  536    KB1EFS        59  660
QSO: 14000 PH 2012-03-25 2311 KI4FIA        59  537    WB3ILM        59  185
QSO: 14000 PH 2012-03-25 2312 KI4FIA        59  538    KS2G          59  452
QSO: 14000 PH 2012-03-25 2312 KI4FIA        59  539    AE5YC         59  048
QSO: 14000 PH 2012-03-25 2313 KI4FIA        59  540    VE1CHL        59  148
QSO: 14000 PH 2012-03-25 2314 KI4FIA        59  541    ND8L          59  668
QSO: 14000 PH 2012-03-25 2317 KI4FIA        59  542    N8NA          59  569
QSO: 14000 PH 2012-03-25 2318 KI4FIA        59  543    PJ4Z          59  2039
QSO: 14000 PH 2012-03-25 2320 KI4FIA        59  544    HB9EE         59  2666
QSO: 14000 PH 2012-03-25 2321 KI4FIA        59  545    II9P          59  4069
QSO: 14000 PH 2012-03-25 2322 KI4FIA        59  546    WA2MCR        59  599
QSO: 14000 PH 2012-03-25 2322 KI4FIA        59  547    N3MX          59  465
QSO: 14000 PH 2012-03-25 2322 KI4FIA        59  548    WB8TLI        59  881
QSO: 14000 PH 2012-03-25 2323 KI4FIA        59  549    K1POO         59  093
QSO: 14000 PH 2012-03-25 2325 KI4FIA        59  550    TO5K          59  5236
QSO: 14000 PH 2012-03-25 2327 KI4FIA        59  551    K1KXN         59  395
QSO: 14000 PH 2012-03-25 2331 KI4FIA        59  552    N3PPH         59  243
QSO: 14000 PH 2012-03-25 2332 KI4FIA        59  553    N8IL          59  264
QSO: 14000 PH 2012-03-25 2333 KI4FIA        59  554    KB1EOF        59  081
QSO: 14000 PH 2012-03-25 2334 KI4FIA        59  555    K5LXY         59  183
QSO: 14000 PH 2012-03-25 2336 KI4FIA        59  556    CQ7A          59  629
QSO: 14000 PH 2012-03-25 2336 KI4FIA        59  557    K0KX          59  962
QSO: 14000 PH 2012-03-25 2337 KI4FIA        59  558    SJ2W          59  2511
QSO: 14000 PH 2012-03-25 2338 KI4FIA        59  559    NN0Q          59  253
QSO: 14000 PH 2012-03-25 2340 KI4FIA        59  560    W1CRK         59  179
QSO: 14000 PH 2012-03-25 2341 KI4FIA        59  561    D4C           59  2356
QSO: 14000 PH 2012-03-25 2342 KI4FIA        59  562    AD7T          59  173
QSO: 14000 PH 2012-03-25 2344 KI4FIA        59  563    WT6H          59  351
QSO: 14000 PH 2012-03-25 2345 KI4FIA        59  564    N6JV          59  1739
QSO: 14000 PH 2012-03-25 2345 KI4FIA        59  565    W0GFM         59  131
END-OF-LOG:
