START-OF-LOG: 3.0
CREATED-BY: vhfmanager-downloader
CONTEST: ZRS Maraton 2. termin - Unofficial results - VHFManager
CALLSIGN: 9A3BCL
CATEGORY: 145 MHz - VHF/UHF
CATEGORY-OPERATOR: SINGLE-OP
CATEGORY-ASSISTED: NON-ASSISTED
CATEGORY-TRANSMITTER: ONE
CATEGORY-STATION: FIXED
QSO: 144300 PH 2023-02-19 1038 9A3BCL        59  1 JN75WU   9A1W          59  77 JN75ST 
QSO: 144300 PH 2023-02-19 1040 9A3BCL        59  2 JN75WU   9A4TT         59  28 JN85OV 
QSO: 144300 PH 2023-02-19 1049 9A3BCL        59  3 JN75WU   9A1O          59  84 JN95IN 
QSO: 144300 PH 2023-02-19 1050 9A3BCL        59  4 JN75WU   9A1BN         59  9 JN75WT  
QSO: 144300 PH 2023-02-19 1052 9A3BCL        59  5 JN75WU   9A1FM         59  6 JN75XT  
QSO: 144300 PH 2023-02-19 1053 9A3BCL        59  6 JN75WU   9A1I          59  67 JN85FS 
QSO: 144300 PH 2023-02-19 1055 9A3BCL        59  7 JN75WU   9AOV          59  149 JN95PE
QSO: 144300 PH 2023-02-19 1100 9A3BCL        59  8 JN75WU   9A8D          59  107 JN95LM
QSO: 144300 PH 2023-02-19 1104 9A3BCL        59  9 JN75WU   9A9J          59  39 JN85XD 
QSO: 144300 PH 2023-02-19 1107 9A3BCL        59  10 JN75WU  9A1PKC        59  19 JN85OK 
QSO: 144300 PH 2023-02-19 1109 9A3BCL        59  11 JN75WU  9A7D          59  95 JN95CI 
QSO: 144300 PH 2023-02-19 1113 9A3BCL        59  12 JN75WU  9A1N          59  128 JN85LI
QSO: 144300 PH 2023-02-19 1120 9A3BCL        59  13 JN75WU  9A2MV         59  38 JN75VW 
QSO: 144300 PH 2023-02-19 1123 9A3BCL        59  14 JN75WU  9A2YF         59  62 JN85OO 
QSO: 144300 PH 2023-02-19 1124 9A3BCL        59  15 JN75WU  9A1K          59  23 JN85JL 
QSO: 144300 PH 2023-02-19 1139 9A3BCL        59  16 JN75WU  9A2AE         59  221 JN86HF
QSO: 144300 PH 2023-02-19 1139 9A3BCL        59  17 JN75WU  9A7A          59  60 JN75WT 
QSO: 144300 PH 2023-02-19 1140 9A3BCL        59  18 JN75WU  9A3AQ         59  7 JN75WS  
QSO: 144300 PH 2023-02-19 1157 9A3BCL        59  19 JN75WU  E73O          59  82 JN95KA 
END-OF-LOG:
