START-OF-LOG: 3.0
CONTEST: CQ-WW-CW
CALLSIGN: DK0IU
LOCATION: DX
CATEGORY-OPERATOR: MULTI-OP
CATEGORY-ASSISTED: ASSISTED
CATEGORY-BAND: ALL
CATEGORY-POWER: HIGH
CATEGORY-MODE: CW
CATEGORY-TRANSMITTER: ONE
CATEGORY-STATION:
CATEGORY-OVERLAY:
GRID-LOCATOR: JO53FG
CLAIMED-SCORE: 356034
NAME: Gerd Sapper
OPERATORS: DJ4KW DJ6TK DK9HE
CLUB: BAVARIAN CONTEST CLUB
CREATED-BY: UcxLog 8.16
QSO:    1800 CW 2021-11-27 0003 DK0IU            599 14    YT7B             599  15      0
QSO:    1800 CW 2021-11-27 0004 DK0IU            599 14    G5W              599  14      0
QSO:    1800 CW 2021-11-27 0011 DK0IU            599 14    F6KOP            599  14      0
QSO:    1800 CW 2021-11-27 0015 DK0IU            599 14    9A5W             599  15      0
QSO:    1800 CW 2021-11-27 0017 DK0IU            599 14    SM2U             599  14      0
QSO:    1800 CW 2021-11-27 0020 DK0IU            599 14    HB9CVQ           599  14      0
QSO:    7000 CW 2021-11-27 0026 DK0IU            599 14    AB2A             599  21      1
QSO:    7000 CW 2021-11-27 0036 DK0IU            599 14    IT9ESW           599  15      1
QSO:    7000 CW 2021-11-27 0037 DK0IU            599 14    RW0A             599  18      1
QSO:    7000 CW 2021-11-27 0046 DK0IU            599 14    LZ5R             599  20      1
QSO:    7000 CW 2021-11-27 0051 DK0IU            599 14    R4AC             599  16      1
QSO:    7000 CW 2021-11-27 0053 DK0IU            599 14    R4ACY            599  16      1
QSO:    7000 CW 2021-11-27 0104 DK0IU            599 14    4U9A             599  15      1
QSO:    7000 CW 2021-11-27 0106 DK0IU            599 14    YQ6A             599  20      1
QSO:    1800 CW 2021-11-27 0653 DK0IU            599 14    SP3HLM           599  15      0
QSO:    1800 CW 2021-11-27 0655 DK0IU            599 14    LN8W             599  14      0
QSO:    1800 CW 2021-11-27 0656 DK0IU            599 14    9A5M             599  15      0
QSO:    1800 CW 2021-11-27 0657 DK0IU            599 14    OL3Z             599  15      0
QSO:    1800 CW 2021-11-27 0708 DK0IU            599 14    PI4CC            599  14      0
QSO:    1800 CW 2021-11-27 0708 DK0IU            599 14    M6T              599  14      0
QSO:    1800 CW 2021-11-27 0713 DK0IU            599 14    ON7PQ            599  14      0
QSO:    1800 CW 2021-11-27 0714 DK0IU            599 14    S53O             599  15      0
QSO:    3500 CW 2021-11-27 0718 DK0IU            599 14    OL3Z             599  15      0
QSO:    3500 CW 2021-11-27 0720 DK0IU            599 14    OH3JF            599  15      0
QSO:    3500 CW 2021-11-27 0721 DK0IU            599 14    DL3ANK           599  14      0
QSO:    3500 CW 2021-11-27 0724 DK0IU            599 14    VY3TT            599  5       0
QSO:    3500 CW 2021-11-27 0726 DK0IU            599 14    DQ850DOM         599  14      0
QSO:    3500 CW 2021-11-27 0728 DK0IU            599 14    YT5DM            599  15      0
QSO:    3500 CW 2021-11-27 0729 DK0IU            599 14    ON4CT            599  14      0
QSO:    3500 CW 2021-11-27 0731 DK0IU            599 14    TK0C             599  15      0
QSO:    3500 CW 2021-11-27 0733 DK0IU            599 14    MD4K             599  14      0
QSO:    3500 CW 2021-11-27 0734 DK0IU            599 14    PG2AA            599  14      0
QSO:    3500 CW 2021-11-27 0736 DK0IU            599 14    IB3N             599  15      0
QSO:    3500 CW 2021-11-27 0740 DK0IU            599 14    K2ZW             599  5       0
QSO:    3500 CW 2021-11-27 0741 DK0IU            599 14    HA2KMR           599  15      0
QSO:    3500 CW 2021-11-27 0742 DK0IU            599 14    DP6A             599  14      0
QSO:    3500 CW 2021-11-27 0745 DK0IU            599 14    TM3R             599  14      0
QSO:    3500 CW 2021-11-27 0746 DK0IU            599 14    OK1DX            599  15      0
QSO:    3500 CW 2021-11-27 0748 DK0IU            599 14    GM7V             599  14      0
QSO:    3500 CW 2021-11-27 0749 DK0IU            599 14    OK1TN            599  15      0
QSO:    3500 CW 2021-11-27 0750 DK0IU            599 14    LA0CX            599  14      0
QSO:    3500 CW 2021-11-27 0752 DK0IU            599 14    HA1TJ            599  15      0
QSO:    3500 CW 2021-11-27 0755 DK0IU            599 14    OK5D             599  15      0
QSO:    3500 CW 2021-11-27 0757 DK0IU            599 14    DK0PO            599  14      0
QSO:    3500 CW 2021-11-27 0759 DK0IU            599 14    OH2R             599  15      0
QSO:    3500 CW 2021-11-27 0800 DK0IU            599 14    ON7PQ            599  14      0
QSO:    3500 CW 2021-11-27 0802 DK0IU            599 14    LA8OM            599  14      0
QSO:    3500 CW 2021-11-27 0803 DK0IU            599 14    M6T              599  14      0
QSO:    3500 CW 2021-11-27 0804 DK0IU            599 14    LN8W             599  14      0
QSO:    7000 CW 2021-11-27 0806 DK0IU            599 14    F6KJS            599  14      0
QSO:    7000 CW 2021-11-27 0807 DK0IU            599 14    OT5Z             599  14      0
QSO:    7000 CW 2021-11-27 0811 DK0IU            599 14    OH7R             599  15      0
QSO:    7000 CW 2021-11-27 0812 DK0IU            599 14    LY2X             599  15      0
QSO:    7000 CW 2021-11-27 0814 DK0IU            599 14    OK6W             599  15      0
QSO:    7000 CW 2021-11-27 0817 DK0IU            599 14    HB9CA            599  14      0
QSO:    7000 CW 2021-11-27 0819 DK0IU            599 14    G4BUO            599  14      0
QSO:    7000 CW 2021-11-27 0820 DK0IU            599 14    OE8TED           599  15      0
QSO:   14000 CW 2021-11-27 0823 DK0IU            599 14    YT2ISM           599  15      0
QSO:   14000 CW 2021-11-27 0828 DK0IU            599 14    JS3CTQ           599  25      0
QSO:   14000 CW 2021-11-27 0832 DK0IU            599 14    PW7B             599  11      0
QSO:   14000 CW 2021-11-27 0835 DK0IU            599 14    RT8O             599  18      0
QSO:   14000 CW 2021-11-27 0835 DK0IU            599 14    RT5T             599  16      0
QSO:   14000 CW 2021-11-27 0850 DK0IU            599 14    EA/TF2CW         599  14      0
QSO:   14000 CW 2021-11-27 0852 DK0IU            599 14    UT7NY            599  16      0
QSO:   14000 CW 2021-11-27 0854 DK0IU            599 14    EA5KM            599  14      0
QSO:   14000 CW 2021-11-27 0855 DK0IU            599 14    RV3ZN            599  16      0
QSO:   14000 CW 2021-11-27 0855 DK0IU            599 14    EW8DX            599  16      0
QSO:   14000 CW 2021-11-27 0857 DK0IU            599 14    CR3W             599  33      0
QSO:   14000 CW 2021-11-27 0857 DK0IU            599 14    RJ3A             599  16      0
QSO:   14000 CW 2021-11-27 0900 DK0IU            599 14    JA3YBK           599  25      0
QSO:   14000 CW 2021-11-27 0902 DK0IU            599 14    OH8X             599  15      0
QSO:   14000 CW 2021-11-27 0903 DK0IU            599 14    CR3DX            599  33      0
QSO:   14000 CW 2021-11-27 0907 DK0IU            599 14    EI6JK            599  14      0
QSO:   14000 CW 2021-11-27 0908 DK0IU            599 14    RA5G             599  16      0
QSO:   14000 CW 2021-11-27 0909 DK0IU            599 14    JH3CUL           599  25      0
QSO:   14000 CW 2021-11-27 0911 DK0IU            599 14    EU8U             599  16      0
QSO:   14000 CW 2021-11-27 0912 DK0IU            599 14    IB8A             599  15      0
QSO:   14000 CW 2021-11-27 0914 DK0IU            599 14    RU1A             599  16      0
QSO:   14000 CW 2021-11-27 0915 DK0IU            599 14    IR4M             599  15      0
QSO:   14000 CW 2021-11-27 0916 DK0IU            599 14    LZ9W             599  20      0
QSO:   14000 CW 2021-11-27 0918 DK0IU            599 14    EA4TD            599  14      0
QSO:   14000 CW 2021-11-27 0923 DK0IU            599 14    OF8L             599  15      0
QSO:   14000 CW 2021-11-27 0926 DK0IU            599 14    JE6RPM           599  25      0
QSO:   14000 CW 2021-11-27 0931 DK0IU            599 14    I2SVA            599  15      0
QSO:   14000 CW 2021-11-27 0935 DK0IU            599 14    4X1MM            599  20      0
QSO:   14000 CW 2021-11-27 0936 DK0IU            599 14    UA4M             599  16      0
QSO:   14000 CW 2021-11-27 0937 DK0IU            599 14    RN1ON            599  16      0
QSO:   14000 CW 2021-11-27 0940 DK0IU            599 14    UZ2M             599  16      0
QSO:   14000 CW 2021-11-27 1024 DK0IU            599 14    EV6Z             599  16      0
QSO:   14000 CW 2021-11-27 1033 DK0IU            599 14    EA3FZT           599  14      0
QSO:   14000 CW 2021-11-27 1036 DK0IU            599 14    EA5NY            599  14      0
QSO:   14000 CW 2021-11-27 1037 DK0IU            599 14    RM1Q             599  16      0
QSO:   14000 CW 2021-11-27 1038 DK0IU            599 14    EA3X             599  14      0
QSO:   14000 CW 2021-11-27 1040 DK0IU            599 14    EU1R             599  16      0
QSO:   14000 CW 2021-11-27 1041 DK0IU            599 14    RM1T             599  16      0
QSO:   14000 CW 2021-11-27 1049 DK0IU            599 14    9A9A             599  15      0
QSO:   21000 CW 2021-11-27 1057 DK0IU            599 14    R9AE             599  17      0
QSO:   21000 CW 2021-11-27 1059 DK0IU            599 14    UZ2I             599  16      0
QSO:   21000 CW 2021-11-27 1103 DK0IU            599 14    IT9BLB           599  15      0
QSO:   21000 CW 2021-11-27 1104 DK0IU            599 14    UZ5DX            599  16      0
QSO:   21000 CW 2021-11-27 1107 DK0IU            599 14    RG5A/6           599  16      0
QSO:   21000 CW 2021-11-27 1114 DK0IU            599 14    IR2L             599  15      0
QSO:   28000 CW 2021-11-27 1116 DK0IU            599 14    YT1X             599  15      0
QSO:   28000 CW 2021-11-27 1119 DK0IU            599 14    ED1R             599  14      0
QSO:   28000 CW 2021-11-27 1128 DK0IU            599 14    EA8CN            599  33      0
QSO:   28000 CW 2021-11-27 1130 DK0IU            599 14    EA8RM            599  33      0
QSO:   28000 CW 2021-11-27 1132 DK0IU            599 14    TK0C             599  15      0
QSO:   28000 CW 2021-11-27 1145 DK0IU            599 14    VR2XAN           599  24      0
QSO:   28000 CW 2021-11-27 1147 DK0IU            599 14    EA4KD            599  14      0
QSO:   28000 CW 2021-11-27 1155 DK0IU            599 14    YU7EE            599  15      0
QSO:   28000 CW 2021-11-27 1156 DK0IU            599 14    OH6AC            599  15      0
QSO:   28000 CW 2021-11-27 1200 DK0IU            599 14    EA6SX            599  14      0
QSO:   28000 CW 2021-11-27 1207 DK0IU            599 14    CR3DX            599  33      0
QSO:   28000 CW 2021-11-27 1215 DK0IU            599 14    EA5M             599  14      0
QSO:   21000 CW 2021-11-27 1219 DK0IU            599 14    RK4W             599  16      0
QSO:   21000 CW 2021-11-27 1233 DK0IU            599 14    LT1F             599  13      0
QSO:   21000 CW 2021-11-27 1235 DK0IU            599 14    HA3NU            599  15      0
QSO:   21000 CW 2021-11-27 1236 DK0IU            599 14    OK7PN            599  15      0
QSO:   21000 CW 2021-11-27 1242 DK0IU            599 14    W1VEM            599  5       0
QSO:   21000 CW 2021-11-27 1243 DK0IU            599 14    DA2X             599  14      0
QSO:   21000 CW 2021-11-27 1247 DK0IU            599 14    HA3DX            599  15      0
QSO:   21000 CW 2021-11-27 1250 DK0IU            599 14    WP4WW            599  08      0
QSO:   21000 CW 2021-11-27 1253 DK0IU            599 14    CR3W             599  33      0
QSO:   21000 CW 2021-11-27 1254 DK0IU            599 14    4Z4AK            599  20      0
QSO:   21000 CW 2021-11-27 1304 DK0IU            599 14    VE3JM            599  04      0
QSO:   21000 CW 2021-11-27 1317 DK0IU            599 14    V26K             599  08      0
QSO:   21000 CW 2021-11-27 1329 DK0IU            599 14    W2GDJ            599  5       0
QSO:   21000 CW 2021-11-27 1330 DK0IU            599 14    N2LBR            599  5       0
QSO:   21000 CW 2021-11-27 1331 DK0IU            599 14    P3AA             599  20      0
QSO:   21000 CW 2021-11-27 1332 DK0IU            599 14    HI8K             599  08      0
QSO:   21000 CW 2021-11-27 1336 DK0IU            599 14    DL8WEM           599  14      0
QSO:   21000 CW 2021-11-27 1337 DK0IU            599 14    N3FZ             599  5       0
QSO:   21000 CW 2021-11-27 1338 DK0IU            599 14    VE9ML            599  05      0
QSO:   21000 CW 2021-11-27 1339 DK0IU            599 14    K2ZJ             599  5       0
QSO:   21000 CW 2021-11-27 1340 DK0IU            599 14    K8MFO            599  4       0
QSO:   21000 CW 2021-11-27 1340 DK0IU            599 14    N8UM             599  4       0
QSO:   21000 CW 2021-11-27 1342 DK0IU            599 14    NR3X             599  5       0
QSO:   28000 CW 2021-11-27 1343 DK0IU            599 14    N4TB             599  5       0
QSO:   21000 CW 2021-11-27 1353 DK0IU            599 14    P33W             599  20      0
QSO:   21000 CW 2021-11-27 1355 DK0IU            599 14    KV2K             599  5       0
QSO:   21000 CW 2021-11-27 1356 DK0IU            599 14    K1LZ             599  5       0
QSO:   21000 CW 2021-11-27 1358 DK0IU            599 14    KU2M             599  5       0
QSO:   21000 CW 2021-11-27 1401 DK0IU            599 14    K2LE             599  5       0
QSO:   21000 CW 2021-11-27 1403 DK0IU            599 14    PS2T             599  11      0
QSO:   21000 CW 2021-11-27 1406 DK0IU            599 14    S50K             599  15      0
QSO:   21000 CW 2021-11-27 1408 DK0IU            599 14    N5DX             599  5       0
QSO:   21000 CW 2021-11-27 1410 DK0IU            599 14    KQ2M             599  5       0
QSO:   21000 CW 2021-11-27 1411 DK0IU            599 14    K1DG             599  5       0
QSO:   21000 CW 2021-11-27 1417 DK0IU            599 14    K2QMF            599  5       0
QSO:   21000 CW 2021-11-27 1419 DK0IU            599 14    4X6FR            599  20      0
QSO:   21000 CW 2021-11-27 1436 DK0IU            599 14    W1WEF            599  5       0
QSO:   21000 CW 2021-11-27 1439 DK0IU            599 14    N4UU             599  5       0
QSO:   21000 CW 2021-11-27 1441 DK0IU            599 14    OL3Z             599  15      0
QSO:   21000 CW 2021-11-27 1512 DK0IU            599 14    S50R             599  15      0
QSO:   21000 CW 2021-11-27 1515 DK0IU            599 14    OM7JG            599  15      0
QSO:   21000 CW 2021-11-27 1518 DK0IU            599 14    CR3DX            599  33      0
QSO:   21000 CW 2021-11-27 1539 DK0IU            599 14    K3ZO             599  5       0
QSO:   21000 CW 2021-11-27 1540 DK0IU            599 14    N2WW             599  5       0
QSO:   21000 CW 2021-11-27 1542 DK0IU            599 14    HK3RD            599  09      0
QSO:   21000 CW 2021-11-27 1544 DK0IU            599 14    9A9R             599  15      0
QSO:   21000 CW 2021-11-27 1548 DK0IU            599 14    N3RS             599  5       0
QSO:   21000 CW 2021-11-27 1550 DK0IU            599 14    VA3WB            599  04      0
QSO:   21000 CW 2021-11-27 1551 DK0IU            599 14    VE3NNT           599  04      0
QSO:   14000 CW 2021-11-27 1559 DK0IU            599 14    VA2UR            599  5       0
QSO:   14000 CW 2021-11-27 1601 DK0IU            599 14    W5ZO             599  4       0
QSO:   14000 CW 2021-11-27 1603 DK0IU            599 14    N3QE             599  5       0
QSO:   14000 CW 2021-11-27 1605 DK0IU            599 14    WS7X             599  5       0
QSO:   14000 CW 2021-11-27 1606 DK0IU            599 14    N2LBR            599  5       0
QSO:   14000 CW 2021-11-27 1608 DK0IU            599 14    OR3A             599  14      0
QSO:   14000 CW 2021-11-27 1608 DK0IU            599 14    OK7O             599  15      0
QSO:   14000 CW 2021-11-27 1613 DK0IU            599 14    WA2OAX           599  5       0
QSO:   14000 CW 2021-11-27 1614 DK0IU            599 14    OF1F             599  15      0
QSO:   14000 CW 2021-11-27 1616 DK0IU            599 14    W1/PY1MX         599  5       0
QSO:   14000 CW 2021-11-27 1617 DK0IU            599 14    PA3A             599  14      0
QSO:   14000 CW 2021-11-27 1618 DK0IU            599 14    W1FJ             599  5       0
QSO:   14000 CW 2021-11-27 1619 DK0IU            599 14    K9MA             599  4       0
QSO:   14000 CW 2021-11-27 1620 DK0IU            599 14    K2LNS            599  5       0
QSO:   14000 CW 2021-11-27 1621 DK0IU            599 14    K3IE             599  4       0
QSO:   14000 CW 2021-11-27 1627 DK0IU            599 14    K8MFO            599  4       0
QSO:   14000 CW 2021-11-27 1628 DK0IU            599 14    WO1N             599  5       0
QSO:   14000 CW 2021-11-27 1629 DK0IU            599 14    NA8V             599  4       0
QSO:   14000 CW 2021-11-27 1630 DK0IU            599 14    VE9ML            599  05      0
QSO:   14000 CW 2021-11-27 1631 DK0IU            599 14    KG9N             599  4       0
QSO:   14000 CW 2021-11-27 1632 DK0IU            599 14    K3WW             599  5       0
QSO:   14000 CW 2021-11-27 1633 DK0IU            599 14    VY2TT            599  5       0
QSO:   14000 CW 2021-11-27 1634 DK0IU            599 14    K0AD             599  4       0
QSO:   14000 CW 2021-11-27 1635 DK0IU            599 14    W7WA             599  3       0
QSO:   14000 CW 2021-11-27 1637 DK0IU            599 14    VO2AC            599  2       0
QSO:   14000 CW 2021-11-27 1641 DK0IU            599 14    N5YT             599  4       0
QSO:   14000 CW 2021-11-27 1642 DK0IU            599 14    YL7X             599  15      0
QSO:   14000 CW 2021-11-27 1643 DK0IU            599 14    N3ND             599  5       0
QSO:   14000 CW 2021-11-27 1644 DK0IU            599 14    OK1KQH           599  15      0
QSO:   14000 CW 2021-11-27 1646 DK0IU            599 14    N3RM             599  5       0
QSO:   14000 CW 2021-11-27 1653 DK0IU            599 14    V26K             599  08      0
QSO:    1800 CW 2021-11-27 1655 DK0IU            599 14    OE5TXF           599  15      0
QSO:    1800 CW 2021-11-27 1701 DK0IU            599 14    RC3FL            599  16      0
QSO:    1800 CW 2021-11-27 1702 DK0IU            599 14    YT5A             599  15      0
QSO:    1800 CW 2021-11-27 1704 DK0IU            599 14    DL6RAI           599  14      0
QSO:    1800 CW 2021-11-27 1706 DK0IU            599 14    DF0HQ            599  14      0
QSO:    1800 CW 2021-11-27 1709 DK0IU            599 14    YL2SM            599  15      0
QSO:    1800 CW 2021-11-27 1711 DK0IU            599 14    SP6U             599  15      0
QSO:    1800 CW 2021-11-27 1712 DK0IU            599 14    LZ9W             599  20      0
QSO:    1800 CW 2021-11-27 1713 DK0IU            599 14    F5IN             599  14      0
QSO:    1800 CW 2021-11-27 1714 DK0IU            599 14    DM7C             599  14      0
QSO:    1800 CW 2021-11-27 1716 DK0IU            599 14    OH0U             599  15      0
QSO:    1800 CW 2021-11-27 1717 DK0IU            599 14    YL3FT            599  15      0
QSO:    1800 CW 2021-11-27 1717 DK0IU            599 14    S57Q             599  15      0
QSO:    1800 CW 2021-11-27 1719 DK0IU            599 14    R3AP             599  16      0
QSO:    1800 CW 2021-11-27 1720 DK0IU            599 14    F6CWA            599  14      0
QSO:    1800 CW 2021-11-27 1723 DK0IU            599 14    RM2P             599  16      0
QSO:    1800 CW 2021-11-27 1724 DK0IU            599 14    G4U              599  14      0
QSO:    1800 CW 2021-11-27 1725 DK0IU            599 14    LA3MHA           599  14      0
QSO:    1800 CW 2021-11-27 1725 DK0IU            599 14    S51ZJ            599  15      0
QSO:    1800 CW 2021-11-27 1726 DK0IU            599 14    TK0C             599  15      0
QSO:    1800 CW 2021-11-27 1727 DK0IU            599 14    DL4TJ            599  14      0
QSO:    1800 CW 2021-11-27 1729 DK0IU            599 14    DL6MHW           599  14      0
QSO:    1800 CW 2021-11-27 1730 DK0IU            599 14    LY2NK            599  15      0
QSO:    1800 CW 2021-11-27 1731 DK0IU            599 14    DF1DT            599  14      0
QSO:    1800 CW 2021-11-27 1732 DK0IU            599 14    UT6UD            599  16      0
QSO:    1800 CW 2021-11-27 1735 DK0IU            599 14    RT3G             599  16      0
QSO:    1800 CW 2021-11-27 1740 DK0IU            599 14    LY4A             599  15      0
QSO:    1800 CW 2021-11-27 1741 DK0IU            599 14    UA1OMS           599  16      0
QSO:    1800 CW 2021-11-27 1743 DK0IU            599 14    LC9X             599  14      0
QSO:    1800 CW 2021-11-27 1744 DK0IU            599 14    SP4W             599  15      0
QSO:    1800 CW 2021-11-27 1747 DK0IU            599 14    RA3RA            599  16      0
QSO:    1800 CW 2021-11-27 1755 DK0IU            599 14    LY5R             599  15      0
QSO:    1800 CW 2021-11-27 1756 DK0IU            599 14    SP2PIK           599  15      0
QSO:    1800 CW 2021-11-27 1758 DK0IU            599 14    OK1QM            599  15      0
QSO:    1800 CW 2021-11-27 1759 DK0IU            599 14    OK6Y             599  15      0
QSO:    1800 CW 2021-11-27 1759 DK0IU            599 14    SO3O             599  15      0
QSO:    1800 CW 2021-11-27 1800 DK0IU            599 14    LY7M             599  15      0
QSO:    1800 CW 2021-11-27 1800 DK0IU            599 14    DL6JZ            599  14      0
QSO:    1800 CW 2021-11-27 1801 DK0IU            599 14    OM5VS            599  15      0
QSO:    1800 CW 2021-11-27 1801 DK0IU            599 14    SP7TEX           599  15      0
QSO:    3500 CW 2021-11-27 1814 DK0IU            599 14    HA8RJ            599  15      0
QSO:    3500 CW 2021-11-27 1815 DK0IU            599 14    SM2U             599  14      0
QSO:    3500 CW 2021-11-27 1816 DK0IU            599 14    YR8D             599  20      0
QSO:    3500 CW 2021-11-27 1819 DK0IU            599 14    LZ6Y             599  20      0
QSO:    3500 CW 2021-11-27 1820 DK0IU            599 14    LY4L             599  15      0
QSO:    3500 CW 2021-11-27 1823 DK0IU            599 14    4L/LY4ZZ         599  21      0
QSO:    3500 CW 2021-11-27 1825 DK0IU            599 14    SQ3RX            599  15      0
QSO:    3500 CW 2021-11-27 1839 DK0IU            599 14    HA4A             599  15      0
QSO:    3500 CW 2021-11-27 1839 DK0IU            599 14    LY5E             599  15      0
QSO:    3500 CW 2021-11-27 1840 DK0IU            599 14    F6KOP            599  14      0
QSO:    3500 CW 2021-11-27 1841 DK0IU            599 14    YL3CW            599  15      0
QSO:    3500 CW 2021-11-27 1843 DK0IU            599 14    LY4A             599  15      0
QSO:    3500 CW 2021-11-27 1843 DK0IU            599 14    G4BUO            599  14      0
QSO:    3500 CW 2021-11-27 1844 DK0IU            599 14    YU0T             599  15      0
QSO:    3500 CW 2021-11-27 1844 DK0IU            599 14    OM3M             599  15      0
QSO:    3500 CW 2021-11-27 1846 DK0IU            599 14    DL2NBU           599  14      0
QSO:    3500 CW 2021-11-27 1847 DK0IU            599 14    EE3M             599  14      0
QSO:    3500 CW 2021-11-27 1848 DK0IU            599 14    UR5XMM           599  16      0
QSO:    3500 CW 2021-11-27 1850 DK0IU            599 14    EV6Z             599  16      0
QSO:    3500 CW 2021-11-27 1852 DK0IU            599 14    PA5N             599  14      0
QSO:    3500 CW 2021-11-27 1852 DK0IU            599 14    M0X              599  14      0
QSO:    3500 CW 2021-11-27 1853 DK0IU            599 14    OK1MAW           599  15      0
QSO:    3500 CW 2021-11-27 2022 DK0IU            599 14    OK1RR            599  15      0
QSO:    3500 CW 2021-11-27 2023 DK0IU            599 14    SP2FAP           599  15      0
QSO:    3500 CW 2021-11-27 2024 DK0IU            599 14    I2WIJ            599  15      0
QSO:    3500 CW 2021-11-27 2026 DK0IU            599 14    OH2XX            599  15      0
QSO:    3500 CW 2021-11-27 2027 DK0IU            599 14    R3AP             599  16      0
QSO:    3500 CW 2021-11-27 2029 DK0IU            599 14    EU1AI            599  16      0
QSO:    3500 CW 2021-11-27 2030 DK0IU            599 14    MM0T             599  14      0
QSO:    3500 CW 2021-11-27 2031 DK0IU            599 14    HG7T             599  15      0
QSO:    3500 CW 2021-11-27 2032 DK0IU            599 14    9A2X             599  15      0
QSO:    3500 CW 2021-11-27 2034 DK0IU            599 14    PI4CC            599  14      0
QSO:    3500 CW 2021-11-27 2035 DK0IU            599 14    UA3RF            599  16      0
QSO:    3500 CW 2021-11-27 2036 DK0IU            599 14    HA9RT            599  15      0
QSO:    3500 CW 2021-11-27 2036 DK0IU            599 14    SK3W             599  14      0
QSO:    3500 CW 2021-11-27 2038 DK0IU            599 14    ON6FC            599  14      0
QSO:    3500 CW 2021-11-27 2039 DK0IU            599 14    OF3FM            599  15      0
QSO:    3500 CW 2021-11-27 2041 DK0IU            599 14    HG6N             599  15      0
QSO:    3500 CW 2021-11-27 2047 DK0IU            599 14    JA3YBK           599  25      0
QSO:    3500 CW 2021-11-27 2048 DK0IU            599 14    S51W             599  15      0
QSO:    3500 CW 2021-11-27 2049 DK0IU            599 14    UW0K             599  16      0
QSO:    3500 CW 2021-11-27 2057 DK0IU            599 14    JH4UYB           599  25      0
QSO:    3500 CW 2021-11-27 2102 DK0IU            599 14    RT9A             599  17      0
QSO:    3500 CW 2021-11-27 2103 DK0IU            599 14    UA7K             599  16      0
QSO:    3500 CW 2021-11-27 2104 DK0IU            599 14    ES9C             599  15      0
QSO:    3500 CW 2021-11-27 2106 DK0IU            599 14    S59MA            599  15      0
QSO:    3500 CW 2021-11-27 2107 DK0IU            599 14    OK1P             599  15      0
QSO:    3500 CW 2021-11-27 2111 DK0IU            599 14    UF5D             599  16      0
QSO:    3500 CW 2021-11-27 2116 DK0IU            599 14    OM6MW            599  15      0
QSO:    3500 CW 2021-11-27 2118 DK0IU            599 14    OL7R             599  15      0
QSO:    3500 CW 2021-11-27 2120 DK0IU            599 14    HG5C             599  15      0
QSO:    3500 CW 2021-11-27 2121 DK0IU            599 14    HA8JP            599  15      0
QSO:    3500 CW 2021-11-27 2124 DK0IU            599 14    EI6FR            599  14      0
QSO:    3500 CW 2021-11-27 2126 DK0IU            599 14    4X6FR            599  20      0
QSO:    3500 CW 2021-11-27 2131 DK0IU            599 14    CT3KN            599  33      0
QSO:    3500 CW 2021-11-27 2141 DK0IU            599 14    Z32U             599  15      0
QSO:    3500 CW 2021-11-27 2145 DK0IU            599 14    DK5DQ            599  14      0
QSO:    3500 CW 2021-11-27 2145 DK0IU            599 14    YT1T             599  15      0
QSO:    3500 CW 2021-11-27 2146 DK0IU            599 14    DJ1YFK           599  14      0
QSO:    3500 CW 2021-11-27 2149 DK0IU            599 14    OK7W             599  15      0
QSO:    3500 CW 2021-11-27 2150 DK0IU            599 14    OM0X             599  15      0
QSO:    3500 CW 2021-11-27 2156 DK0IU            599 14    GI5I             599  14      0
QSO:    3500 CW 2021-11-27 2159 DK0IU            599 14    BG2AUE           599  24      0
QSO:    3500 CW 2021-11-27 2201 DK0IU            599 14    K2ZW             599  5       0
QSO:    3500 CW 2021-11-27 2203 DK0IU            599 14    OR3A             599  14      0
QSO:    3500 CW 2021-11-27 2205 DK0IU            599 14    DP7D             599  14      0
QSO:    3500 CW 2021-11-27 2210 DK0IU            599 14    IR4B             599  15      0
QSO:    7000 CW 2021-11-27 2212 DK0IU            599 14    E73AA            599  15      0
QSO:    7000 CW 2021-11-27 2214 DK0IU            599 14    HG5D             599  15      0
QSO:    7000 CW 2021-11-27 2217 DK0IU            599 14    DR4A             599  14      0
QSO:    7000 CW 2021-11-27 2219 DK0IU            599 14    OM5WW            599  15      0
QSO:    7000 CW 2021-11-27 2223 DK0IU            599 14    EA2AFV           599  14      0
QSO:    3500 CW 2021-11-27 2224 DK0IU            599 14    OE5TXF           599  15      0
QSO:    3500 CW 2021-11-27 2231 DK0IU            599 14    ER3R             599  16      0
QSO:    3500 CW 2021-11-27 2233 DK0IU            599 14    DL7URH           599  14      0
QSO:    3500 CW 2021-11-27 2239 DK0IU            599 14    BG5TOX           599  24      0
QSO:    3500 CW 2021-11-27 2256 DK0IU            599 14    HB9CVQ           599  14      0
QSO:    3500 CW 2021-11-27 2258 DK0IU            599 14    SQ5W             599  15      0
QSO:    7000 CW 2021-11-27 2302 DK0IU            599 14    N3RS             599  5       0
QSO:    7000 CW 2021-11-27 2306 DK0IU            599 14    S52AW            599  15      0
QSO:    7000 CW 2021-11-27 2307 DK0IU            599 14    UT5C             599  16      0
QSO:    7000 CW 2021-11-27 2309 DK0IU            599 14    N4UU             599  5       0
QSO:    7000 CW 2021-11-27 2310 DK0IU            599 14    HA7A             599  15      0
QSO:    7000 CW 2021-11-27 2315 DK0IU            599 14    EY8MM            599  17      0
QSO:    7000 CW 2021-11-27 2317 DK0IU            599 14    4O3A             599  15      0
QSO:    7000 CW 2021-11-27 2318 DK0IU            599 14    LN8W             599  14      0
QSO:    7000 CW 2021-11-27 2319 DK0IU            599 14    YT3E             599  15      0
QSO:    7000 CW 2021-11-27 2319 DK0IU            599 14    P33W             599  20      0
QSO:    7000 CW 2021-11-27 2321 DK0IU            599 14    EA6FO            599  14      0
QSO:    7000 CW 2021-11-27 2330 DK0IU            599 14    EW5A             599  16      0
QSO:    7000 CW 2021-11-27 2334 DK0IU            599 14    V26K             599  08      0
QSO:    7000 CW 2021-11-27 2336 DK0IU            599 14    HA7UI            599  15      0
QSO:    7000 CW 2021-11-27 2338 DK0IU            599 14    IK6VXO           599  15      0
QSO:    7000 CW 2021-11-27 2339 DK0IU            599 14    IK3ORD           599  15      0
QSO:    7000 CW 2021-11-27 2342 DK0IU            599 14    VU2DTE           599  22      0
QSO:    7000 CW 2021-11-27 2345 DK0IU            599 14    WK1O             599  5       0
QSO:    7000 CW 2021-11-28 0646 DK0IU            599 14    SM2EKM           599  14      0
QSO:    7000 CW 2021-11-28 0653 DK0IU            599 14    ZL3X             599  32      0
QSO:    7000 CW 2021-11-28 0656 DK0IU            599 14    P44W             599  09      0
QSO:    7000 CW 2021-11-28 0658 DK0IU            599 14    OH0Z             599  15      0
QSO:    7000 CW 2021-11-28 0659 DK0IU            599 14    9A5X             599  15      0
QSO:    7000 CW 2021-11-28 0700 DK0IU            599 14    WP3C             599  08      0
QSO:    3500 CW 2021-11-28 0708 DK0IU            599 14    V31MA            599  07      0
QSO:    3500 CW 2021-11-28 0710 DK0IU            599 14    V26K             599  08      0
QSO:    3500 CW 2021-11-28 0712 DK0IU            599 14    P40XX            599  09      0
QSO:    3500 CW 2021-11-28 0716 DK0IU            599 14    TO7A             599  08      0
QSO:    3500 CW 2021-11-28 0718 DK0IU            599 14    LB6GG            599  14      0
QSO:    3500 CW 2021-11-28 0725 DK0IU            599 14    TI7W             599  07      0
QSO:    3500 CW 2021-11-28 0728 DK0IU            599 14    NR4M             599  5       0
QSO:    3500 CW 2021-11-28 0729 DK0IU            599 14    F5NTV            599  14      0
QSO:    3500 CW 2021-11-28 0730 DK0IU            599 14    KC1XX            599  5       0
QSO:    3500 CW 2021-11-28 0731 DK0IU            599 14    DJ0MDR           599  14      0
QSO:    3500 CW 2021-11-28 0732 DK0IU            599 14    SM7RYR           599  14      0
QSO:    3500 CW 2021-11-28 0735 DK0IU            599 14    KV2K             599  5       0
QSO:    3500 CW 2021-11-28 0739 DK0IU            599 14    ZF5T             599  08      0
QSO:    3500 CW 2021-11-28 0741 DK0IU            599 14    K3LR             599  5       0
QSO:    3500 CW 2021-11-28 0742 DK0IU            599 14    VY2ZM            599  5       0
QSO:    3500 CW 2021-11-28 0743 DK0IU            599 14    N4WW             599  5       0
QSO:    3500 CW 2021-11-28 0743 DK0IU            599 14    ON3DI            599  14      0
QSO:    3500 CW 2021-11-28 0743 DK0IU            599 14    M6W              599  14      0
QSO:    3500 CW 2021-11-28 0746 DK0IU            599 14    K8AL             599  4       0
QSO:    3500 CW 2021-11-28 0748 DK0IU            599 14    OK1UKY           599  15      0
QSO:    3500 CW 2021-11-28 0750 DK0IU            599 14    K9RS             599  5       0
QSO:    3500 CW 2021-11-28 0751 DK0IU            599 14    F6KVJ            599  14      0
QSO:    7000 CW 2021-11-28 0753 DK0IU            599 14    LY7R             599  15      0
QSO:    7000 CW 2021-11-28 0755 DK0IU            599 14    K1LZ             599  5       0
QSO:    7000 CW 2021-11-28 0756 DK0IU            599 14    YT3D             599  15      0
QSO:    7000 CW 2021-11-28 0758 DK0IU            599 14    K1KI             599  5       0
QSO:    7000 CW 2021-11-28 0759 DK0IU            599 14    S51YI            599  15      0
QSO:    7000 CW 2021-11-28 0805 DK0IU            599 14    CR3DX            599  33      0
QSO:    7000 CW 2021-11-28 0806 DK0IU            599 14    ON4CAU           599  14      0
QSO:    7000 CW 2021-11-28 0807 DK0IU            599 14    YP0K             599  20      0
QSO:    7000 CW 2021-11-28 0808 DK0IU            599 14    OE3WMA           599  15      0
QSO:    7000 CW 2021-11-28 0811 DK0IU            599 14    KV2K             599  5       0
QSO:    7000 CW 2021-11-28 0812 DK0IU            599 14    PA0Q             599  14      0
QSO:    7000 CW 2021-11-28 0814 DK0IU            599 14    VE3EJ            599  04      0
QSO:    7000 CW 2021-11-28 0815 DK0IU            599 14    IZ2FME           599  15      0
QSO:    7000 CW 2021-11-28 0816 DK0IU            599 14    W1KM             599  5       0
QSO:    7000 CW 2021-11-28 0819 DK0IU            599 14    OT5X             599  14      0
QSO:    7000 CW 2021-11-28 0820 DK0IU            599 14    DL1WA            599  14      0
QSO:    7000 CW 2021-11-28 0821 DK0IU            599 14    I2IFT            599  15      0
QSO:    7000 CW 2021-11-28 0822 DK0IU            599 14    LA0CX            599  14      0
QSO:    7000 CW 2021-11-28 0824 DK0IU            599 14    LC7X             599  14      0
QSO:    7000 CW 2021-11-28 0826 DK0IU            599 14    MM0T             599  14      0
QSO:    7000 CW 2021-11-28 0827 DK0IU            599 14    K8AZ             599  4       0
QSO:    7000 CW 2021-11-28 0828 DK0IU            599 14    PA3EYC           599  14      0
QSO:    7000 CW 2021-11-28 0830 DK0IU            599 14    W3LPL            599  5       0
QSO:    7000 CW 2021-11-28 0831 DK0IU            599 14    SP2FAP           599  15      0
QSO:    7000 CW 2021-11-28 0832 DK0IU            599 14    SB7S             599  14      0
QSO:    7000 CW 2021-11-28 0832 DK0IU            599 14    OM3TZZ           599  15      0
QSO:    7000 CW 2021-11-28 0833 DK0IU            599 14    HB9CVQ           599  14      0
QSO:    7000 CW 2021-11-28 0834 DK0IU            599 14    SO4R             599  15      0
QSO:    7000 CW 2021-11-28 0835 DK0IU            599 14    OE5TXF           599  15      0
QSO:    7000 CW 2021-11-28 0836 DK0IU            599 14    K1TTT            599  5       0
QSO:    7000 CW 2021-11-28 0838 DK0IU            599 14    M6T              599  14      0
QSO:    7000 CW 2021-11-28 0839 DK0IU            599 14    TK0C             599  15      0
QSO:    7000 CW 2021-11-28 0840 DK0IU            599 14    OO4O             599  14      0
QSO:    7000 CW 2021-11-28 0840 DK0IU            599 14    PA6X             599  14      0
QSO:    7000 CW 2021-11-28 0841 DK0IU            599 14    OH5Z             599  15      0
QSO:    7000 CW 2021-11-28 0842 DK0IU            599 14    G8X              599  14      0
QSO:    7000 CW 2021-11-28 0843 DK0IU            599 14    S56C             599  15      0
QSO:    7000 CW 2021-11-28 0844 DK0IU            599 14    EA5KA            599  14      0
QSO:    7000 CW 2021-11-28 0846 DK0IU            599 14    F5NKX            599  14      0
QSO:    7000 CW 2021-11-28 0847 DK0IU            599 14    KP2M             599  08      0
QSO:    7000 CW 2021-11-28 0847 DK0IU            599 14    SN6S             599  15      0
QSO:    7000 CW 2021-11-28 0848 DK0IU            599 14    OH2XX            599  15      0
QSO:    7000 CW 2021-11-28 0849 DK0IU            599 14    PA3DBS           599  14      0
QSO:    7000 CW 2021-11-28 0857 DK0IU            599 14    LX5MF            599  14      0
QSO:    7000 CW 2021-11-28 0858 DK0IU            599 14    OZ7BQ            599  14      0
QSO:    7000 CW 2021-11-28 0859 DK0IU            599 14    IK2AHB           599  15      0
QSO:    7000 CW 2021-11-28 0900 DK0IU            599 14    LB6GG            599  14      0
QSO:    7000 CW 2021-11-28 0901 DK0IU            599 14    LZ9W             599  20      0
QSO:    7000 CW 2021-11-28 0901 DK0IU            599 14    PA3ARM           599  14      0
QSO:    7000 CW 2021-11-28 0903 DK0IU            599 14    MM3T             599  14      0
QSO:    7000 CW 2021-11-28 0905 DK0IU            599 14    S52W             599  15      0
QSO:    7000 CW 2021-11-28 0906 DK0IU            599 14    DL5GAC           599  14      0
QSO:    7000 CW 2021-11-28 0907 DK0IU            599 14    OE3MWS           599  15      0
QSO:    7000 CW 2021-11-28 0908 DK0IU            599 14    SM2CEW           599  14      0
QSO:    7000 CW 2021-11-28 0909 DK0IU            599 14    OK1HEH           599  15      0
QSO:    7000 CW 2021-11-28 0910 DK0IU            599 14    AD4ES            599  5       0
QSO:    7000 CW 2021-11-28 0913 DK0IU            599 14    DL1VDL           599  14      0
QSO:    7000 CW 2021-11-28 1018 DK0IU            599 14    F6KOP            599  14      0
QSO:    7000 CW 2021-11-28 1018 DK0IU            599 14    K1TI             599  5       0
QSO:    7000 CW 2021-11-28 1019 DK0IU            599 14    K1KI             599  5       0
QSO:   14000 CW 2021-11-28 1020 DK0IU            599 14    UA4C             599  16      0
QSO:   14000 CW 2021-11-28 1020 DK0IU            599 14    R2VA             599  16      0
QSO:   14000 CW 2021-11-28 1022 DK0IU            599 14    EU7SV            599  16      0
QSO:   14000 CW 2021-11-28 1022 DK0IU            599 14    UR8RF            599  16      0
QSO:   14000 CW 2021-11-28 1023 DK0IU            599 14    G4IIY            599  14      0
QSO:   14000 CW 2021-11-28 1026 DK0IU            599 14    EF3O             599  14      0
QSO:   14000 CW 2021-11-28 1027 DK0IU            599 14    9A5O             599  15      0
QSO:   14000 CW 2021-11-28 1028 DK0IU            599 14    9A2EU            599  15      0
QSO:   14000 CW 2021-11-28 1029 DK0IU            599 14    TK0C             599  15      0
QSO:   14000 CW 2021-11-28 1030 DK0IU            599 14    UT5EPP           599  16      0
QSO:   14000 CW 2021-11-28 1031 DK0IU            599 14    RD4A             599  16      0
QSO:   14000 CW 2021-11-28 1032 DK0IU            599 14    RM5F             599  16      0
QSO:   28000 CW 2021-11-28 1037 DK0IU            599 14    F5PHY            599  14      0
QSO:   28000 CW 2021-11-28 1039 DK0IU            599 14    DA0T             599  14      0
QSO:   28000 CW 2021-11-28 1052 DK0IU            599 14    DJ0IF            599  14      0
QSO:   21000 CW 2021-11-28 1104 DK0IU            599 14    5Z4VJ            599  37      0
QSO:   21000 CW 2021-11-28 1105 DK0IU            599 14    TC3X             599  20      0
QSO:   21000 CW 2021-11-28 1112 DK0IU            599 14    IO9A             599  15      0
QSO:   21000 CW 2021-11-28 1114 DK0IU            599 14    UA1ORK           599  16      0
QSO:   21000 CW 2021-11-28 1115 DK0IU            599 14    RM1Q             599  16      0
QSO:   21000 CW 2021-11-28 1116 DK0IU            599 14    UC7A             599  16      0
QSO:   21000 CW 2021-11-28 1117 DK0IU            599 14    RT3D             599  16      0
QSO:   21000 CW 2021-11-28 1118 DK0IU            599 14    UA4O             599  16      0
QSO:   21000 CW 2021-11-28 1241 DK0IU            599 14    UA3R             599  16      0
QSO:   21000 CW 2021-11-28 1245 DK0IU            599 14    AD4ES            599  5       0
QSO:   21000 CW 2021-11-28 1247 DK0IU            599 14    K1RX             599  5       0
QSO:   21000 CW 2021-11-28 1248 DK0IU            599 14    UN3M             599  17      0
QSO:   21000 CW 2021-11-28 1250 DK0IU            599 14    N2IR             599  5       0
QSO:   21000 CW 2021-11-28 1254 DK0IU            599 14    W2XL             599  5       0
QSO:   21000 CW 2021-11-28 1259 DK0IU            599 14    ES9C             599  15      0
QSO:   21000 CW 2021-11-28 1302 DK0IU            599 14    N4AU             599  5       0
QSO:   21000 CW 2021-11-28 1303 DK0IU            599 14    SK3W             599  14      0
QSO:   21000 CW 2021-11-28 1307 DK0IU            599 14    PA6O             599  14      0
QSO:   14000 CW 2021-11-28 1346 DK0IU            599 14    UW1G             599  16      0
QSO:   14000 CW 2021-11-28 1348 DK0IU            599 14    M0X              599  14      0
QSO:   14000 CW 2021-11-28 1349 DK0IU            599 14    US8UA            599  16      0
QSO:   14000 CW 2021-11-28 1350 DK0IU            599 14    N2AA             599  5       0
QSO:   14000 CW 2021-11-28 1351 DK0IU            599 14    HF1K             599  15      0
QSO:   14000 CW 2021-11-28 1355 DK0IU            599 14    AB3AH            599  5       0
QSO:   14000 CW 2021-11-28 1356 DK0IU            599 14    K1TTT            599  5       0
QSO:   14000 CW 2021-11-28 1357 DK0IU            599 14    9A2AA            599  15      0
QSO:   14000 CW 2021-11-28 1359 DK0IU            599 14    HZ7C             599  21      0
QSO:   14000 CW 2021-11-28 1401 DK0IU            599 14    KO7SS            599  3       0
QSO:   14000 CW 2021-11-28 1402 DK0IU            599 14    PI4COM           599  14      0
QSO:   14000 CW 2021-11-28 1404 DK0IU            599 14    N4DJ             599  5       0
QSO:   14000 CW 2021-11-28 1405 DK0IU            599 14    UZ0U             599  16      0
QSO:   14000 CW 2021-11-28 1405 DK0IU            599 14    ND7K             599  3       0
QSO:   14000 CW 2021-11-28 1406 DK0IU            599 14    LZ1AQ            599  20      0
QSO:   14000 CW 2021-11-28 1407 DK0IU            599 14    UX1BZ            599  16      0
QSO:   14000 CW 2021-11-28 1408 DK0IU            599 14    WA7NB            599  3       0
QSO:   14000 CW 2021-11-28 1409 DK0IU            599 14    W3ZGD            599  5       0
QSO:   14000 CW 2021-11-28 1412 DK0IU            599 14    MM0WJE           599  14      0
QSO:   14000 CW 2021-11-28 1414 DK0IU            599 14    ND9G             599  4       0
QSO:   14000 CW 2021-11-28 1415 DK0IU            599 14    NY6YD            599  5       0
QSO:   14000 CW 2021-11-28 1416 DK0IU            599 14    9A3JB            599  15      0
QSO:   14000 CW 2021-11-28 1417 DK0IU            599 14    KG4IGC           599  5       0
QSO:   14000 CW 2021-11-28 1417 DK0IU            599 14    UT4LW            599  16      0
QSO:   14000 CW 2021-11-28 1417 DK0IU            599 14    K9CT             599  4       0
QSO:   14000 CW 2021-11-28 1418 DK0IU            599 14    N4TZ             599  4       0
QSO:   14000 CW 2021-11-28 1419 DK0IU            599 14    K3TM             599  5       0
QSO:   14000 CW 2021-11-28 1420 DK0IU            599 14    K3TN             599  5       0
QSO:   14000 CW 2021-11-28 1422 DK0IU            599 14    K3SV             599  5       0
QSO:   14000 CW 2021-11-28 1423 DK0IU            599 14    W4IT             599  5       0
QSO:   14000 CW 2021-11-28 1424 DK0IU            599 14    LY9Y             599  15      0
QSO:   14000 CW 2021-11-28 1425 DK0IU            599 14    WE9V             599  4       0
QSO:   14000 CW 2021-11-28 1426 DK0IU            599 14    UA6LCJ           599  16      0
QSO:   14000 CW 2021-11-28 1427 DK0IU            599 14    N3JJ             599  5       0
QSO:   14000 CW 2021-11-28 1428 DK0IU            599 14    N4WW             599  5       0
QSO:   21000 CW 2021-11-28 1432 DK0IU            599 14    KC1XX            599  5       0
QSO:   21000 CW 2021-11-28 1434 DK0IU            599 14    VE3EJ            599  04      0
QSO:   21000 CW 2021-11-28 1437 DK0IU            599 14    N3QE             599  5       0
QSO:   21000 CW 2021-11-28 1438 DK0IU            599 14    W3LPL            599  5       0
QSO:   21000 CW 2021-11-28 1441 DK0IU            599 14    OH0Z             599  15      0
QSO:   21000 CW 2021-11-28 1443 DK0IU            599 14    K5XU             599  4       0
QSO:   21000 CW 2021-11-28 1444 DK0IU            599 14    W5GN             599  4       0
QSO:   21000 CW 2021-11-28 1444 DK0IU            599 14    K1VMT            599  5       0
QSO:   21000 CW 2021-11-28 1448 DK0IU            599 14    N2SR             599  5       0
QSO:   21000 CW 2021-11-28 1450 DK0IU            599 14    DQ1A             599  14      0
QSO:   21000 CW 2021-11-28 1452 DK0IU            599 14    LN8W             599  14      0
QSO:   21000 CW 2021-11-28 1456 DK0IU            599 14    LX7I             599  14      0
QSO:   21000 CW 2021-11-28 1501 DK0IU            599 14    K3WW             599  5       0
QSO:   21000 CW 2021-11-28 1501 DK0IU            599 14    K1IR             599  5       0
QSO:   21000 CW 2021-11-28 1502 DK0IU            599 14    KQ3F             599  5       0
QSO:   21000 CW 2021-11-28 1505 DK0IU            599 14    V31MA            599  07      0
QSO:   21000 CW 2021-11-28 1515 DK0IU            599 14    N2IC             599  4       0
QSO:   21000 CW 2021-11-28 1519 DK0IU            599 14    VA2UR            599  5       0
QSO:   21000 CW 2021-11-28 1520 DK0IU            599 14    WX1S             599  5       0
QSO:   21000 CW 2021-11-28 1521 DK0IU            599 14    N3JT             599  5       0
QSO:   21000 CW 2021-11-28 1521 DK0IU            599 14    DL5NEN           599  14      0
QSO:   21000 CW 2021-11-28 1522 DK0IU            599 14    VE3XBG           599  04      0
QSO:   21000 CW 2021-11-28 1523 DK0IU            599 14    DL5XJ            599  14      0
QSO:   21000 CW 2021-11-28 1524 DK0IU            599 14    K3ATO            599  5       0
QSO:   21000 CW 2021-11-28 1525 DK0IU            599 14    NR4M             599  5       0
QSO:   21000 CW 2021-11-28 1526 DK0IU            599 14    K2NV             599  5       0
QSO:   21000 CW 2021-11-28 1526 DK0IU            599 14    K5ZD             599  5       0
QSO:   21000 CW 2021-11-28 1528 DK0IU            599 14    K3SW             599  5       0
QSO:   21000 CW 2021-11-28 1531 DK0IU            599 14    W9RE             599  4       0
QSO:   21000 CW 2021-11-28 1531 DK0IU            599 14    VA2WA            599  5       0
QSO:   21000 CW 2021-11-28 1536 DK0IU            599 14    P40XX            599  09      0
QSO:   14000 CW 2021-11-28 1539 DK0IU            599 14    PJ4K             599  09      0
QSO:   14000 CW 2021-11-28 1541 DK0IU            599 14    KL7RA            599  01      0
QSO:   14000 CW 2021-11-28 1544 DK0IU            599 14    EA8DHV           599  33      0
QSO:   14000 CW 2021-11-28 1545 DK0IU            599 14    HG0Y             599  15      0
QSO:   21000 CW 2021-11-28 1547 DK0IU            599 14    FY7KE            599  09      0
QSO:   21000 CW 2021-11-28 1549 DK0IU            599 14    N3AD             599  5       0
QSO:   21000 CW 2021-11-28 1550 DK0IU            599 14    EC7R             599  14      0
QSO:   21000 CW 2021-11-28 1551 DK0IU            599 14    K2DM             599  5       0
QSO:   21000 CW 2021-11-28 1552 DK0IU            599 14    ZY6T             599  11      0
QSO:   21000 CW 2021-11-28 1553 DK0IU            599 14    ZY5T             599  11      0
QSO:   21000 CW 2021-11-28 1554 DK0IU            599 14    N4WW             599  5       0
QSO:   21000 CW 2021-11-28 1558 DK0IU            599 14    TO7A             599  08      0
QSO:   21000 CW 2021-11-28 1602 DK0IU            599 14    PT4A             599  11      0
QSO:   14000 CW 2021-11-28 1604 DK0IU            599 14    ZF1A             599  08      0
QSO:   14000 CW 2021-11-28 1607 DK0IU            599 14    N6RV             599  3       0
QSO:   21000 CW 2021-11-28 1616 DK0IU            599 14    LU1MWW           599  13      0
QSO:   14000 CW 2021-11-28 1624 DK0IU            599 14    VE3NE            599  04      0
QSO:   14000 CW 2021-11-28 1629 DK0IU            599 14    K1RX             599  5       0
QSO:   14000 CW 2021-11-28 1630 DK0IU            599 14    S57DX            599  15      0
QSO:   14000 CW 2021-11-28 1633 DK0IU            599 14    HG5A             599  15      0
QSO:   14000 CW 2021-11-28 1721 DK0IU            599 14    K1RM             599  5       0
QSO:   14000 CW 2021-11-28 1722 DK0IU            599 14    WY3A             599  5       0
QSO:   14000 CW 2021-11-28 1723 DK0IU            599 14    II9P             599  15      0
QSO:   14000 CW 2021-11-28 1726 DK0IU            599 14    N4UU             599  5       0
QSO:   14000 CW 2021-11-28 1728 DK0IU            599 14    NY6DX            599  5       0
QSO:   14000 CW 2021-11-28 1733 DK0IU            599 14    IT9RZU           599  15      0
QSO:   14000 CW 2021-11-28 1737 DK0IU            599 14    IR4X             599  15      0
QSO:   14000 CW 2021-11-28 1739 DK0IU            599 14    W9SN             599  5       0
QSO:   14000 CW 2021-11-28 1741 DK0IU            599 14    OL9Z             599  15      0
QSO:   14000 CW 2021-11-28 1742 DK0IU            599 14    K8AZ             599  4       0
QSO:   14000 CW 2021-11-28 1744 DK0IU            599 14    N1UR             599  5       0
QSO:   14000 CW 2021-11-28 1744 DK0IU            599 14    KQ2M             599  5       0
QSO:   14000 CW 2021-11-28 1745 DK0IU            599 14    S53Z             599  15      0
QSO:   14000 CW 2021-11-28 1747 DK0IU            599 14    VY2ZM            599  5       0
QSO:   14000 CW 2021-11-28 1757 DK0IU            599 14    E73DX            599  15      0
QSO:   14000 CW 2021-11-28 1800 DK0IU            599 14    UA7K             599  16      0
QSO:   14000 CW 2021-11-28 1801 DK0IU            599 14    J42L             599  20      0
QSO:   14000 CW 2021-11-28 1804 DK0IU            599 14    EW5A             599  16      0
QSO:   14000 CW 2021-11-28 1808 DK0IU            599 14    KC1XX            599  5       0
QSO:   21000 CW 2021-11-28 1816 DK0IU            599 14    II8K             599  15      0
QSO:   14000 CW 2021-11-28 1817 DK0IU            599 14    W3LPL            599  5       0
QSO:   14000 CW 2021-11-28 1818 DK0IU            599 14    NR4M             599  5       0
QSO:   14000 CW 2021-11-28 1820 DK0IU            599 14    VE3NNT           599  04      0
QSO:   14000 CW 2021-11-28 1822 DK0IU            599 14    N3RS             599  5       0
QSO:   14000 CW 2021-11-28 1823 DK0IU            599 14    K1ZZ             599  5       0
QSO:   14000 CW 2021-11-28 1830 DK0IU            599 14    DM0A             599  14      0
QSO:   14000 CW 2021-11-28 1832 DK0IU            599 14    OL3Z             599  15      0
QSO:   14000 CW 2021-11-28 1833 DK0IU            599 14    K8LX             599  4       0
QSO:   21000 CW 2021-11-28 1837 DK0IU            599 14    PJ4K             599  09      0
QSO:   14000 CW 2021-11-28 1845 DK0IU            599 14    AD4ES            599  5       0
QSO:   14000 CW 2021-11-28 1845 DK0IU            599 14    NW3Y             599  5       0
QSO:   14000 CW 2021-11-28 1846 DK0IU            599 14    YT3X             599  15      0
QSO:   14000 CW 2021-11-28 1846 DK0IU            599 14    AJ1AJ            599  5       0
QSO:   14000 CW 2021-11-28 1847 DK0IU            599 14    W1KM             599  5       0
QSO:   14000 CW 2021-11-28 1848 DK0IU            599 14    KU2C             599  5       0
QSO:   14000 CW 2021-11-28 1853 DK0IU            599 14    NP4Z             599  08      0
QSO:   14000 CW 2021-11-28 1856 DK0IU            599 14    F8KCF            599  14      0
QSO:   14000 CW 2021-11-28 1906 DK0IU            599 14    XE2X             599  06      0
QSO:   14000 CW 2021-11-28 1912 DK0IU            599 14    K2ZJ             599  5       0
QSO:   14000 CW 2021-11-28 1913 DK0IU            599 14    W8WA             599  4       0
QSO:   14000 CW 2021-11-28 1914 DK0IU            599 14    OM7M             599  15      0
QSO:   14000 CW 2021-11-28 1916 DK0IU            599 14    KQ4R             599  5       0
QSO:   14000 CW 2021-11-28 1917 DK0IU            599 14    K2RB             599  5       0
QSO:   14000 CW 2021-11-28 1918 DK0IU            599 14    DL5XAT           599  14      0
QSO:   14000 CW 2021-11-28 1919 DK0IU            599 14    PJ2T             599  09      0
QSO:   14000 CW 2021-11-28 1921 DK0IU            599 14    K5KG             599  5       0
QSO:   14000 CW 2021-11-28 1924 DK0IU            599 14    CF3A             599  04      0
QSO:   14000 CW 2021-11-28 1925 DK0IU            599 14    W4NF             599  5       0
QSO:   14000 CW 2021-11-28 1930 DK0IU            599 14    LZ5R             599  20      0
QSO:   14000 CW 2021-11-28 1930 DK0IU            599 14    NF9V             599  4       0
QSO:   14000 CW 2021-11-28 1936 DK0IU            599 14    IO6A             599  15      0
QSO:   14000 CW 2021-11-28 1938 DK0IU            599 14    K1KI             599  5       0
QSO:   14000 CW 2021-11-28 1942 DK0IU            599 14    K0RF             599  4       0
QSO:   14000 CW 2021-11-28 1943 DK0IU            599 14    K1DG             599  5       0
QSO:   14000 CW 2021-11-28 1944 DK0IU            599 14    HG7T             599  15      0
QSO:   14000 CW 2021-11-28 1945 DK0IU            599 14    K3LR             599  5       0
QSO:   14000 CW 2021-11-28 1946 DK0IU            599 14    EI6FR            599  14      0
QSO:   14000 CW 2021-11-28 1948 DK0IU            599 14    K3CY             599  5       0
QSO:   14000 CW 2021-11-28 1949 DK0IU            599 14    N3AD             599  5       0
QSO:   14000 CW 2021-11-28 1952 DK0IU            599 14    NO9E             599  5       0
QSO:   14000 CW 2021-11-28 1954 DK0IU            599 14    ZP5AA            599  11      0
QSO:   14000 CW 2021-11-28 1958 DK0IU            599 14    NN7CW            599  5       0
QSO:   14000 CW 2021-11-28 2002 DK0IU            599 14    K8CX             599  4       0
QSO:   14000 CW 2021-11-28 2005 DK0IU            599 14    CE2DX            599  12      0
QSO:    7000 CW 2021-11-28 2010 DK0IU            599 14    UA4S             599  16      0
QSO:    7000 CW 2021-11-28 2011 DK0IU            599 14    R8WF             599  16      0
QSO:    7000 CW 2021-11-28 2013 DK0IU            599 14    YT1A             599  15      0
QSO:    7000 CW 2021-11-28 2013 DK0IU            599 14    SM2U             599  14      0
QSO:    7000 CW 2021-11-28 2019 DK0IU            599 14    JJ0VNR           599  25      0
QSO:    7000 CW 2021-11-28 2021 DK0IU            599 14    WA2OAX           599  5       0
QSO:    7000 CW 2021-11-28 2022 DK0IU            599 14    WA2CP            599  5       0
QSO:    7000 CW 2021-11-28 2024 DK0IU            599 14    TM5T             599  14      0
QSO:    7000 CW 2021-11-28 2024 DK0IU            599 14    UW1M             599  16      0
QSO:    7000 CW 2021-11-28 2025 DK0IU            599 14    CR3W             599  33      0
QSO:    7000 CW 2021-11-28 2027 DK0IU            599 14    N61N             599  5       0
QSO:    7000 CW 2021-11-28 2035 DK0IU            599 14    N1MM             599  5       0
QSO:    7000 CW 2021-11-28 2036 DK0IU            599 14    N2MF             599  5       0
QSO:    7000 CW 2021-11-28 2037 DK0IU            599 14    OQ5M             599  14      0
QSO:    7000 CW 2021-11-28 2037 DK0IU            599 14    N1UR             599  5       0
QSO:    7000 CW 2021-11-28 2038 DK0IU            599 14    EA8RM            599  33      0
QSO:    7000 CW 2021-11-28 2041 DK0IU            599 14    DF0HQ            599  14      0
QSO:    7000 CW 2021-11-28 2042 DK0IU            599 14    4L8A             599  21      0
QSO:    7000 CW 2021-11-28 2046 DK0IU            599 14    VE3NNT           599  04      0
QSO:    7000 CW 2021-11-28 2048 DK0IU            599 14    M0X              599  14      0
QSO:    7000 CW 2021-11-28 2049 DK0IU            599 14    RK4FM            599  16      0
QSO:    7000 CW 2021-11-28 2052 DK0IU            599 14    LY7Z             599  15      0
QSO:    7000 CW 2021-11-28 2053 DK0IU            599 14    DA0T             599  14      0
QSO:    7000 CW 2021-11-28 2055 DK0IU            599 14    RT4F             599  16      0
QSO:    7000 CW 2021-11-28 2056 DK0IU            599 14    EF1A             599  14      0
QSO:    7000 CW 2021-11-28 2057 DK0IU            599 14    BY8DX            599  24      0
QSO:    7000 CW 2021-11-28 2101 DK0IU            599 14    B7P              599  24      0
QSO:    7000 CW 2021-11-28 2104 DK0IU            599 14    UT4LW            599  16      0
QSO:    7000 CW 2021-11-28 2105 DK0IU            599 14    UA4M             599  16      0
QSO:    7000 CW 2021-11-28 2105 DK0IU            599 14    N4WW             599  5       0
QSO:    7000 CW 2021-11-28 2106 DK0IU            599 14    EA5RS            599  14      0
QSO:    7000 CW 2021-11-28 2107 DK0IU            599 14    VA2EW            599  5       0
QSO:    7000 CW 2021-11-28 2108 DK0IU            599 14    ED1R             599  14      0
QSO:    7000 CW 2021-11-28 2109 DK0IU            599 14    K1IR             599  5       0
QSO:    7000 CW 2021-11-28 2109 DK0IU            599 14    VA2WA            599  5       0
QSO:    7000 CW 2021-11-28 2111 DK0IU            599 14    RA5G             599  16      0
QSO:    7000 CW 2021-11-28 2112 DK0IU            599 14    OK2D             599  15      0
QSO:    7000 CW 2021-11-28 2113 DK0IU            599 14    NA3M             599  5       0
QSO:    7000 CW 2021-11-28 2114 DK0IU            599 14    W3FIZ            599  5       0
QSO:    7000 CW 2021-11-28 2116 DK0IU            599 14    UZ2M             599  16      0
QSO:    7000 CW 2021-11-28 2118 DK0IU            599 14    E7DX             599  15      0
QSO:    7000 CW 2021-11-28 2119 DK0IU            599 14    RT6A             599  16      0
QSO:   14000 CW 2021-11-28 2122 DK0IU            599 14    CR6K             599  14      0
QSO:    3500 CW 2021-11-28 2123 DK0IU            599 14    OH0TA            599  15      0
QSO:    3500 CW 2021-11-28 2125 DK0IU            599 14    OZ3SM            599  14      0
QSO:    3500 CW 2021-11-28 2127 DK0IU            599 14    SN5N             599  15      0
QSO:    3500 CW 2021-11-28 2128 DK0IU            599 14    YO9HP            599  20      0
QSO:    3500 CW 2021-11-28 2130 DK0IU            599 14    LZ9W             599  20      0
QSO:    3500 CW 2021-11-28 2131 DK0IU            599 14    DR4A             599  14      0
QSO:    3500 CW 2021-11-28 2132 DK0IU            599 14    IR9R             599  15      0
QSO:    3500 CW 2021-11-28 2133 DK0IU            599 14    RT4F             599  16      0
QSO:    3500 CW 2021-11-28 2134 DK0IU            599 14    EA6FO            599  14      0
QSO:    3500 CW 2021-11-28 2136 DK0IU            599 14    EA3AAV           599  14      0
QSO:    3500 CW 2021-11-28 2137 DK0IU            599 14    YT0C             599  15      0
QSO:    3500 CW 2021-11-28 2138 DK0IU            599 14    9A6A             599  15      0
QSO:    3500 CW 2021-11-28 2139 DK0IU            599 14    EW4A             599  16      0
QSO:    3500 CW 2021-11-28 2140 DK0IU            599 14    SP9DLY           599  15      0
QSO:    3500 CW 2021-11-28 2142 DK0IU            599 14    UA3LID           599  16      0
QSO:    3500 CW 2021-11-28 2143 DK0IU            599 14    UW6E             599  16      0
QSO:    3500 CW 2021-11-28 2143 DK0IU            599 14    IK1JJM           599  15      0
QSO:    3500 CW 2021-11-28 2144 DK0IU            599 14    OK7O             599  15      0
QSO:    3500 CW 2021-11-28 2144 DK0IU            599 14    HA1A             599  15      0
QSO:    3500 CW 2021-11-28 2145 DK0IU            599 14    RM9A             599  17      0
QSO:    3500 CW 2021-11-28 2146 DK0IU            599 14    UW1WU            599  16      0
QSO:    3500 CW 2021-11-28 2147 DK0IU            599 14    HG1R             599  15      0
QSO:    3500 CW 2021-11-28 2148 DK0IU            599 14    SQ7FPD           599  15      0
QSO:    3500 CW 2021-11-28 2149 DK0IU            599 14    DF0HQ            599  14      0
QSO:    3500 CW 2021-11-28 2153 DK0IU            599 14    S53RA            599  15      0
QSO:    3500 CW 2021-11-28 2153 DK0IU            599 14    YO5AVN           599  20      0
QSO:    3500 CW 2021-11-28 2154 DK0IU            599 14    OZ3U             599  14      0
QSO:    3500 CW 2021-11-28 2154 DK0IU            599 14    HG6L             599  15      0
QSO:    3500 CW 2021-11-28 2155 DK0IU            599 14    SF5X             599  14      0
QSO:    3500 CW 2021-11-28 2156 DK0IU            599 14    HG5O             599  15      0
QSO:    3500 CW 2021-11-28 2157 DK0IU            599 14    OM5KM            599  15      0
QSO:    3500 CW 2021-11-28 2158 DK0IU            599 14    RD8D             599  17      0
QSO:    3500 CW 2021-11-28 2158 DK0IU            599 14    RW0A             599  18      0
QSO:    3500 CW 2021-11-28 2159 DK0IU            599 14    R1DX             599  16      0
QSO:    3500 CW 2021-11-28 2159 DK0IU            599 14    UT3NA            599  16      0
QSO:    3500 CW 2021-11-28 2200 DK0IU            599 14    UT4UBZ           599  16      0
QSO:    3500 CW 2021-11-28 2201 DK0IU            599 14    OK1VK            599  15      0
QSO:    3500 CW 2021-11-28 2201 DK0IU            599 14    HA50VQ           599  15      0
QSO:    3500 CW 2021-11-28 2202 DK0IU            599 14    SN4D             599  15      0
QSO:    3500 CW 2021-11-28 2205 DK0IU            599 14    F2YT             599  14      0
QSO:    3500 CW 2021-11-28 2205 DK0IU            599 14    OL4W             599  15      0
QSO:    3500 CW 2021-11-28 2206 DK0IU            599 14    UA4M             599  16      0
QSO:    3500 CW 2021-11-28 2206 DK0IU            599 14    DJ8UL            599  14      0
QSO:    3500 CW 2021-11-28 2206 DK0IU            599 14    OM3CDN           599  15      0
QSO:    3500 CW 2021-11-28 2208 DK0IU            599 14    PA5KT            599  14      0
QSO:    3500 CW 2021-11-28 2209 DK0IU            599 14    ER0DX            599  16      0
QSO:    3500 CW 2021-11-28 2211 DK0IU            599 14    HB9ON            599  14      0
QSO:    3500 CW 2021-11-28 2212 DK0IU            599 14    CR3W             599  33      0
QSO:    3500 CW 2021-11-28 2214 DK0IU            599 14    EA1EVA           599  14      0
QSO:    3500 CW 2021-11-28 2216 DK0IU            599 14    S58D             599  15      0
QSO:    3500 CW 2021-11-28 2216 DK0IU            599 14    UT4LW            599  16      0
QSO:    3500 CW 2021-11-28 2217 DK0IU            599 14    S53X             599  15      0
QSO:    3500 CW 2021-11-28 2218 DK0IU            599 14    K2AX             599  5       0
QSO:    3500 CW 2021-11-28 2219 DK0IU            599 14    YO3GNF           599  20      0
QSO:    3500 CW 2021-11-28 2219 DK0IU            599 14    LZ3TL            599  20      0
QSO:    3500 CW 2021-11-28 2220 DK0IU            599 14    YT6N             599  15      0
QSO:    3500 CW 2021-11-28 2220 DK0IU            599 14    G3SVL            599  14      0
QSO:    3500 CW 2021-11-28 2221 DK0IU            599 14    RT2C             599  16      0
QSO:    3500 CW 2021-11-28 2222 DK0IU            599 14    RM5F             599  16      0
QSO:    3500 CW 2021-11-28 2222 DK0IU            599 14    S57X             599  15      0
QSO:    1800 CW 2021-11-28 2223 DK0IU            599 14    HB9ON            599  14      0
QSO:    1800 CW 2021-11-28 2224 DK0IU            599 14    OG2T             599  15      0
QSO:    1800 CW 2021-11-28 2226 DK0IU            599 14    OM2XW            599  15      0
QSO:    1800 CW 2021-11-28 2228 DK0IU            599 14    SN1T             599  15      0
QSO:    1800 CW 2021-11-28 2229 DK0IU            599 14    SK0QO            599  14      0
QSO:    1800 CW 2021-11-28 2230 DK0IU            599 14    SP2EBG           599  15      0
QSO:    1800 CW 2021-11-28 2231 DK0IU            599 14    UA4M             599  16      0
QSO:    1800 CW 2021-11-28 2232 DK0IU            599 14    UA4S             599  16      0
QSO:    1800 CW 2021-11-28 2233 DK0IU            599 14    YL1ZF            599  15      0
QSO:    1800 CW 2021-11-28 2234 DK0IU            599 14    SP6AEG           599  15      0
QSO:    1800 CW 2021-11-28 2234 DK0IU            599 14    HB9F             599  14      0
QSO:    1800 CW 2021-11-28 2235 DK0IU            599 14    HB9FAP           599  14      0
QSO:    1800 CW 2021-11-28 2236 DK0IU            599 14    SP7QO            599  15      0
QSO:    1800 CW 2021-11-28 2237 DK0IU            599 14    UT2IV            599  16      0
QSO:    1800 CW 2021-11-28 2238 DK0IU            599 14    IK0XBX           599  15      0
QSO:    1800 CW 2021-11-28 2239 DK0IU            599 14    DL3SBA           599  14      0
QSO:    1800 CW 2021-11-28 2241 DK0IU            599 14    YO5AJR           599  20      0
QSO:    1800 CW 2021-11-28 2242 DK0IU            599 14    S56X             599  15      0
QSO:    1800 CW 2021-11-28 2243 DK0IU            599 14    SO6C             599  15      0
QSO:    1800 CW 2021-11-28 2248 DK0IU            599 14    E79D             599  15      0
QSO:    1800 CW 2021-11-28 2249 DK0IU            599 14    R5WW             599  16      0
END-OF-LOG:
