START-OF-LOG: 3.0
CONTEST: CQ-WW-CW
CALLSIGN: IV3HAX
LOCATION: DX
CATEGORY-OPERATOR: SINGLE-OP
CATEGORY-ASSISTED: ASSISTED
CATEGORY-BAND: ALL
CATEGORY-POWER: LOW
CATEGORY-MODE: CW
CATEGORY-TRANSMITTER: ONE
CATEGORY-STATION: FIXED
CATEGORY-OVERLAY:
GRID-LOCATOR: JN66OB
CLAIMED-SCORE: 37179
NAME: Mauro Lizzi
CLUB: 5NNDXCC
CREATED-BY: DXLog.net v2.5.26
QSO:    3565 CW 2021-11-27 0624 IV3HAX           599 15    VY2TT            599  05      0
QSO:    3517 CW 2021-11-27 0626 IV3HAX           599 15    ZF1A             599  08      0
QSO:    3553 CW 2021-11-27 0627 IV3HAX           599 15    CF3A             599  04      0
QSO:    3552 CW 2021-11-27 0628 IV3HAX           599 15    K9ZO             599  04      0
QSO:    3568 CW 2021-11-27 0629 IV3HAX           599 15    CR3X             599  33      0
QSO:    3550 CW 2021-11-27 0631 IV3HAX           599 15    EA8RM            599  33      0
QSO:    3543 CW 2021-11-27 0633 IV3HAX           599 15    IB3N             599  15      0
QSO:    3571 CW 2021-11-27 0634 IV3HAX           599 15    DL3ANK           599  14      0
QSO:    3567 CW 2021-11-27 0635 IV3HAX           599 15    SK3W             599  14      0
QSO:    3560 CW 2021-11-27 0635 IV3HAX           599 15    OH2BAH           599  15      0
QSO:    3562 CW 2021-11-27 0636 IV3HAX           599 15    OK5MAX           599  15      0
QSO:    3543 CW 2021-11-27 0637 IV3HAX           599 15    TK0C             599  15      0
QSO:    3532 CW 2021-11-27 0640 IV3HAX           599 15    TI7W             599  07      0
QSO:    3549 CW 2021-11-27 0641 IV3HAX           599 15    PA5KT            599  14      0
QSO:    3541 CW 2021-11-27 0644 IV3HAX           599 15    MD4K             599  14      0
QSO:    3554 CW 2021-11-27 0644 IV3HAX           599 15    M0X              599  14      0
QSO:    3546 CW 2021-11-27 0645 IV3HAX           599 15    EA6FO            599  14      0
QSO:    3529 CW 2021-11-27 0646 IV3HAX           599 15    EE3M             599  14      0
QSO:    3549 CW 2021-11-27 0647 IV3HAX           599 15    SP3GTS           599  15      0
QSO:    3531 CW 2021-11-27 0647 IV3HAX           599 15    HG5R             599  15      0
QSO:    3508 CW 2021-11-27 0648 IV3HAX           599 15    OE2S             599  15      0
QSO:    3514 CW 2021-11-27 0649 IV3HAX           599 15    YU0T             599  15      0
QSO:    3502 CW 2021-11-27 0649 IV3HAX           599 15    9A6A             599  15      0
QSO:    3502 CW 2021-11-27 0650 IV3HAX           599 15    LN8W             599  14      0
QSO:    3533 CW 2021-11-27 0651 IV3HAX           599 15    TM3R             599  14      0
QSO:    3535 CW 2021-11-27 0652 IV3HAX           599 15    GM7V             599  14      0
QSO:    3555 CW 2021-11-27 0657 IV3HAX           599 15    OH0TA            599  15      0
QSO:    3544 CW 2021-11-27 0658 IV3HAX           599 15    ON4CT            599  14      0
QSO:    3517 CW 2021-11-27 0658 IV3HAX           599 15    OM6NM            599  15      0
QSO:    3536 CW 2021-11-27 0659 IV3HAX           599 15    LY5W             599  15      0
QSO:    3565 CW 2021-11-27 0718 IV3HAX           599 15    LB6GG            599  14      0
QSO:    3561 CW 2021-11-27 0718 IV3HAX           599 15    OL3Z             599  15      0
QSO:    7058 CW 2021-11-27 0720 IV3HAX           599 15    KP2M             599  08      0
QSO:    7069 CW 2021-11-27 0722 IV3HAX           599 15    V26K             599  08      0
QSO:    7066 CW 2021-11-27 0723 IV3HAX           599 15    3V8SS            599  33      0
QSO:    7052 CW 2021-11-27 0725 IV3HAX           599 15    HB0A             599  14      0
QSO:    7051 CW 2021-11-27 0727 IV3HAX           599 15    PJ2T             599  09      0
QSO:    7055 CW 2021-11-27 0728 IV3HAX           599 15    K5KG             599  05      0
QSO:    7059 CW 2021-11-27 0729 IV3HAX           599 15    VY2TT            599  05      0
QSO:    7067 CW 2021-11-27 0730 IV3HAX           599 15    LY4T             599  15      0
QSO:    7053 CW 2021-11-27 0731 IV3HAX           599 15    US1VM            599  16      0
QSO:    7040 CW 2021-11-27 0732 IV3HAX           599 15    TI7W             599  07      0
QSO:    7063 CW 2021-11-27 0735 IV3HAX           599 15    EW6EW            599  16      0
QSO:    7072 CW 2021-11-27 0736 IV3HAX           599 15    ED7R             599  14      0
QSO:    7058 CW 2021-11-27 0737 IV3HAX           599 15    K4AB             599  04      0
QSO:    7066 CW 2021-11-27 0738 IV3HAX           599 15    DR7T             599  14      0
QSO:    7064 CW 2021-11-27 0738 IV3HAX           599 15    OH7R             599  15      0
QSO:    7010 CW 2021-11-27 0741 IV3HAX           599 15    4O3A             599  15      0
QSO:    7011 CW 2021-11-27 0741 IV3HAX           599 15    PE6Q             599  14      0
QSO:    7013 CW 2021-11-27 0742 IV3HAX           599 15    HG5D             599  15      0
QSO:   21066 CW 2021-11-27 0947 IV3HAX           599 15    BG0ARE           599  23      0
QSO:   21082 CW 2021-11-27 0950 IV3HAX           599 15    BD7DT            599  24      0
QSO:   21059 CW 2021-11-27 0955 IV3HAX           599 15    EA8RM            599  33      0
QSO:   21058 CW 2021-11-27 0956 IV3HAX           599 15    CR3W             599  33      0
QSO:   21065 CW 2021-11-27 0957 IV3HAX           599 15    C4W              599  20      0
QSO:   21033 CW 2021-11-27 1000 IV3HAX           599 15    UN4Q             599  17      0
QSO:   21010 CW 2021-11-27 1004 IV3HAX           599 15    4X6FR            599  20      0
QSO:   21066 CW 2021-11-27 1019 IV3HAX           599 15    UC8U             599  18      0
QSO:   21033 CW 2021-11-27 1037 IV3HAX           599 15    LT1F             599  13      0
QSO:   21009 CW 2021-11-27 1050 IV3HAX           599 15    R2AA             599  16      0
QSO:   28011 CW 2021-11-27 1100 IV3HAX           599 15    ED1R             599  14      0
QSO:   28041 CW 2021-11-27 1115 IV3HAX           599 15    CR3W             599  33      0
QSO:   14004 CW 2021-11-27 1123 IV3HAX           599 15    EW5A             599  16      0
QSO:   14005 CW 2021-11-27 1124 IV3HAX           599 15    KC1XX            599  05      0
QSO:   14005 CW 2021-11-27 1125 IV3HAX           599 15    R7NW             599  16      0
QSO:   14007 CW 2021-11-27 1126 IV3HAX           599 15    UP0L             599  17      0
QSO:   14086 CW 2021-11-27 1127 IV3HAX           599 15    4L2M             599  21      0
QSO:   14072 CW 2021-11-27 1129 IV3HAX           599 15    JW5E             599  40      0
QSO:   14095 CW 2021-11-27 1130 IV3HAX           599 15    EE5H             599  14      0
QSO:   14092 CW 2021-11-27 1131 IV3HAX           599 15    LY4L             599  15      0
QSO:   14072 CW 2021-11-27 1131 IV3HAX           599 15    SX1T             599  20      0
QSO:   14029 CW 2021-11-27 1134 IV3HAX           599 15    ER0DX            599  16      0
QSO:   14090 CW 2021-11-27 1137 IV3HAX           599 15    CR3X             599  33      0
QSO:   21057 CW 2021-11-27 1140 IV3HAX           599 15    OY1CT            599  14      0
QSO:    3500 CW 2021-11-27 1603 IV3HAX           599 15    4L/LY4ZZ         599  21      0
QSO:    3566 CW 2021-11-27 1815 IV3HAX           599 15    3V8SS            599  33      0
QSO:    3568 CW 2021-11-27 1819 IV3HAX           599 15    IO3A             599  15      0
QSO:    7082 CW 2021-11-28 0731 IV3HAX           599 15    KP4JFR           599  08      0
QSO:    7071 CW 2021-11-28 0733 IV3HAX           599 15    V3X              599  07      0
QSO:    7053 CW 2021-11-28 0734 IV3HAX           599 15    Z39A             599  15      0
QSO:   14009 CW 2021-11-28 0738 IV3HAX           599 15    TK0C             599  15      0
QSO:   14087 CW 2021-11-28 0819 IV3HAX           599 15    JH8YOH           599  25      0
QSO:   14084 CW 2021-11-28 0832 IV3HAX           599 15    3V8SS            599  33      0
QSO:   14062 CW 2021-11-28 0834 IV3HAX           599 15    UA0DAR           599  19      0
QSO:   14042 CW 2021-11-28 0835 IV3HAX           599 15    CR3W             599  33      0
QSO:   14010 CW 2021-11-28 0838 IV3HAX           599 15    PT4A             599  11      0
QSO:   14001 CW 2021-11-28 0841 IV3HAX           599 15    JH4UYB           599  25      0
QSO:   14000 CW 2021-11-28 0841 IV3HAX           599 15    TC3X             599  20      0
QSO:   28031 CW 2021-11-28 0846 IV3HAX           599 15    R8TA             599  16      0
QSO:   28017 CW 2021-11-28 0847 IV3HAX           599 15    GM7V             599  14      0
QSO:   14060 CW 2021-11-28 0901 IV3HAX           599 15    PJ4K             599  09      0
QSO:   14057 CW 2021-11-28 0902 IV3HAX           599 15    ED8W             599  33      0
QSO:   28012 CW 2021-11-28 0918 IV3HAX           599 15    TM2Y             599  14      0
QSO:   28024 CW 2021-11-28 0921 IV3HAX           599 15    R8CT             599  17      0
QSO:   21000 CW 2021-11-28 0927 IV3HAX           599 15    UA4M             599  16      0
QSO:   21001 CW 2021-11-28 0928 IV3HAX           599 15    UA4S             599  16      0
QSO:   21002 CW 2021-11-28 0928 IV3HAX           599 15    UF5A             599  16      0
QSO:   21012 CW 2021-11-28 0931 IV3HAX           599 15    RM5W             599  16      0
QSO:   21018 CW 2021-11-28 0934 IV3HAX           599 15    CR3DX            599  33      0
QSO:   21072 CW 2021-11-28 0939 IV3HAX           599 15    M7O              599  14      0
QSO:   21000 CW 2021-11-28 0945 IV3HAX           599 15    OH5BM            599  15      0
QSO:   21091 CW 2021-11-28 0951 IV3HAX           599 15    UN8PT            599  17      0
QSO:   21088 CW 2021-11-28 0952 IV3HAX           599 15    PX2A             599  11      0
QSO:   21005 CW 2021-11-28 0956 IV3HAX           599 15    UA9MA            599  17      0
QSO:   21022 CW 2021-11-28 0958 IV3HAX           599 15    TA4/OH2KW        599  20      0
QSO:   21019 CW 2021-11-28 0959 IV3HAX           599 15    UY5VA            599  16      0
QSO:   21016 CW 2021-11-28 1001 IV3HAX           599 15    RW0A             599  18      0
QSO:   21084 CW 2021-11-28 1002 IV3HAX           599 15    RA9Y             599  18      0
QSO:   21073 CW 2021-11-28 1008 IV3HAX           599 15    4Z5ML            599  20      0
QSO:   21089 CW 2021-11-28 1010 IV3HAX           599 15    P3C              599  20      0
QSO:   14001 CW 2021-11-28 1019 IV3HAX           599 15    R8FF/8           599  18      0
QSO:   14005 CW 2021-11-28 1020 IV3HAX           599 15    YL7X             599  15      0
QSO:   14006 CW 2021-11-28 1021 IV3HAX           599 15    4X1MM            599  20      0
QSO:   14063 CW 2021-11-28 1024 IV3HAX           599 15    OF1F             599  15      0
QSO:   14078 CW 2021-11-28 1025 IV3HAX           599 15    GW5R             599  14      0
QSO:   14070 CW 2021-11-28 1026 IV3HAX           599 15    YO3FRI           599  20      0
QSO:   14094 CW 2021-11-28 1027 IV3HAX           599 15    UR8RF            599  16      0
QSO:   14060 CW 2021-11-28 1029 IV3HAX           599 15    CT3KN            599  33      0
QSO:   14063 CW 2021-11-28 1030 IV3HAX           599 15    RN2FA            599  15      0
QSO:   14084 CW 2021-11-28 1031 IV3HAX           599 15    F5VMN            599  14      0
QSO:   14067 CW 2021-11-28 1032 IV3HAX           599 15    SP4Z             599  15      0
QSO:   14095 CW 2021-11-28 1033 IV3HAX           599 15    G4IIY            599  14      0
QSO:   14006 CW 2021-11-28 1037 IV3HAX           599 15    LA8OM            599  14      0
QSO:   14010 CW 2021-11-28 1045 IV3HAX           599 15    EA6SX            599  14      0
QSO:   14009 CW 2021-11-28 1045 IV3HAX           599 15    SD6F             599  14      0
QSO:   14011 CW 2021-11-28 1046 IV3HAX           599 15    OP4K             599  14      0
QSO:   14096 CW 2021-11-28 1049 IV3HAX           599 15    DL9ZP            599  14      0
QSO:   14078 CW 2021-11-28 1052 IV3HAX           599 15    PJ2T             599  09      0
QSO:   14055 CW 2021-11-28 1053 IV3HAX           599 15    VY2TT            599  05      0
END-OF-LOG:
