START-OF-LOG: 3.0
CONTEST: CQ-WPX-RTTY
CALLSIGN: VA3IK
LOCATION: ON
CATEGORY-OPERATOR: SINGLE-OP
CATEGORY-ASSISTED: NON-ASSISTED
CATEGORY-BAND: ALL
CATEGORY-POWER: HIGH
CATEGORY-MODE: RTTY
CATEGORY-TRANSMITTER: ONE
CATEGORY-STATION: FIXED
CATEGORY-OVERLAY:
GRID-LOCATOR: FN15XI
CLAIMED-SCORE: 188175
NAME: Brian Kasper
OPERATORS: VA3IK
CREATED-BY: N1MM Logger+ 1.0.8973.0
QSO:   14084  RY 2021-02-13 1349  VA3IK            599  0001 CR5O             599  0352   
QSO:   21083  RY 2021-02-13 1358  VA3IK            599  0002 EA8AH            599  0512   
QSO:   14085  RY 2021-02-13 1409  VA3IK            599  0003 IZ4UFB           599  0132   
QSO:   14108  RY 2021-02-13 1414  VA3IK            599  0004 PA3BWD           599  0198   
QSO:   14110  RY 2021-02-13 1417  VA3IK            599  0005 WW4R             599  0513   
QSO:   14111  RY 2021-02-13 1418  VA3IK            599  0006 HG8R             599  0603   
QSO:   14085  RY 2021-02-13 1505  VA3IK            599  0007 EI0W             599  0412   
QSO:   14086  RY 2021-02-13 1510  VA3IK            599  0008 SO4M             599  0645   
QSO:   14087  RY 2021-02-13 1512  VA3IK            599  0009 HP3SS            599  0092   
QSO:   14088  RY 2021-02-13 1515  VA3IK            599  0010 9A5D             599  1032   
QSO:   14089  RY 2021-02-13 1516  VA3IK            599  0011 Z35T             599  0477   
QSO:   14089  RY 2021-02-13 1517  VA3IK            599  0012 XE1SPM           599  0110   
QSO:   14091  RY 2021-02-13 1519  VA3IK            599  0013 G0DWV            599  0345   
QSO:   14091  RY 2021-02-13 1520  VA3IK            599  0014 LX7I             599  0554   
QSO:   14093  RY 2021-02-13 1522  VA3IK            599  0015 NU4Y             599  0204   
QSO:   14093  RY 2021-02-13 1523  VA3IK            599  0016 IQ4FC            599  1354   
QSO:   14095  RY 2021-02-13 1525  VA3IK            599  0017 IK2TDM           599  0424   
QSO:   14096  RY 2021-02-13 1527  VA3IK            599  0018 M2G              599  0417   
QSO:   14099  RY 2021-02-13 1528  VA3IK            599  0019 M5ARC            599  0113   
QSO:   14100  RY 2021-02-13 1530  VA3IK            599  0020 NK5P             599  0765   
QSO:   14101  RY 2021-02-13 1531  VA3IK            599  0021 SQ2A             599  0589   
QSO:   14110  RY 2021-02-13 1538  VA3IK            599  0022 W0PR             599  0098   
QSO:   14114  RY 2021-02-13 1540  VA3IK            599  0023 WV4P             599  0255   
QSO:   14117  RY 2021-02-13 1541  VA3IK            599  0024 NA4DA            599  0265   
QSO:   14155  RY 2021-02-13 1543  VA3IK            599  0025 PA4ARI           599  0109   
QSO:   14153  RY 2021-02-13 1545  VA3IK            599  0026 UY3U             599  0153   
QSO:   14152  RY 2021-02-13 1546  VA3IK            599  0027 ON7KEC           599  0068   
QSO:   14151  RY 2021-02-13 1547  VA3IK            599  0028 OP7B             599  0027   
QSO:   14150  RY 2021-02-13 1548  VA3IK            599  0029 MM9I             599  0597   
QSO:   14149  RY 2021-02-13 1549  VA3IK            599  0030 IK6VXO           599  0725   
QSO:   14147  RY 2021-02-13 1550  VA3IK            599  0031 I2DJX            599  0282   
QSO:   14146  RY 2021-02-13 1551  VA3IK            599  0032 HI3T             599  0339   
QSO:   14145  RY 2021-02-13 1553  VA3IK            599  0033 W7II             599  0386   
QSO:   14136  RY 2021-02-13 1556  VA3IK            599  0034 CO6OV            599  0091   
QSO:   14135  RY 2021-02-13 1556  VA3IK            599  0035 DM7XX            599  0432   
QSO:   14138  RY 2021-02-13 1557  VA3IK            599  0036 DL5YM            599  0313   
QSO:   14137  RY 2021-02-13 1559  VA3IK            599  0037 NC0DX            599  0194   
QSO:   14136  RY 2021-02-13 1600  VA3IK            599  0038 I2SVA            599  0109   
QSO:   14142  RY 2021-02-13 1602  VA3IK            599  0039 M7T              599  0652   
QSO:   14151  RY 2021-02-13 1603  VA3IK            599  0040 M2A              599  0312   
QSO:   14132  RY 2021-02-13 1608  VA3IK            599  0041 NS4X             599  0251   
QSO:   14129  RY 2021-02-13 1610  VA3IK            599  0042 HG1S             599  0554   
QSO:   14130  RY 2021-02-13 1612  VA3IK            599  0043 UW8SM            599  1057   
QSO:   21085  RY 2021-02-13 1641  VA3IK            599  0044 ED8W             599  0847   
QSO:   21086  RY 2021-02-13 1642  VA3IK            599  0045 EA2ESZ           599  0253   
QSO:   21089  RY 2021-02-13 1645  VA3IK            599  0046 ZF2WF            599  0763   
QSO:   21087  RY 2021-02-13 1708  VA3IK            599  0047 CO6HLP           599  0096   
QSO:   21083  RY 2021-02-13 1711  VA3IK            599  0048 N7GP             599  0525   
QSO:   21090  RY 2021-02-13 1712  VA3IK            599  0049 WK6I/7           599  1055   
QSO:   21088  RY 2021-02-13 1719  VA3IK            599  0050 K6MI             599  0042   
QSO:   21088  RY 2021-02-13 1720  VA3IK            599  0051 W0ZW             599  0075   
QSO:   21088  RY 2021-02-13 1721  VA3IK            599  0052 WE6EZ            599  0123   
QSO:   21089  RY 2021-02-13 1726  VA3IK            599  0053 HP3SS            599  0222   
QSO:   21093  RY 2021-02-13 1727  VA3IK            599  0054 WP3C             599  0873   
QSO:   21097  RY 2021-02-13 1728  VA3IK            599  0055 CR6K             599  1438   
QSO:   21093  RY 2021-02-13 1740  VA3IK            599  0056 K2RD             599  0098   
QSO:   21085  RY 2021-02-13 1745  VA3IK            599  0057 W7YAQ            599  0504   
QSO:   21096  RY 2021-02-13 1748  VA3IK            599  0058 NG7M             599  0017   
QSO:    7078  RY 2021-02-13 1752  VA3IK            599  0059 KC2IEB           599  0029   
QSO:    7080  RY 2021-02-13 1754  VA3IK            599  0060 W2MKM            599  0196   
QSO:    7081  RY 2021-02-13 1754  VA3IK            599  0061 W3GH             599  0455   
QSO:    7084  RY 2021-02-13 1755  VA3IK            599  0062 NA2NY            599  0051   
QSO:    7085  RY 2021-02-13 1756  VA3IK            599  0063 NW8S             599  0334   
QSO:    7086  RY 2021-02-13 1757  VA3IK            599  0064 KM8V             599  0163   
QSO:    7090  RY 2021-02-13 1759  VA3IK            599  0065 WB2WPM           599  0165   
QSO:   14125  RY 2021-02-13 1801  VA3IK            599  0066 N7WY             599  0500   
QSO:   14127  RY 2021-02-13 1803  VA3IK            599  0067 ED8W             599  0977   
QSO:   14128  RY 2021-02-13 1807  VA3IK            599  0068 KD9MS            599  0699   
QSO:   14130  RY 2021-02-13 1808  VA3IK            599  0069 NB6U             599  0418   
QSO:   14134  RY 2021-02-13 1810  VA3IK            599  0070 K3IE             599  0267   
QSO:   14137  RY 2021-02-13 1811  VA3IK            599  0071 VE4VT            599  0138   
QSO:   14136  RY 2021-02-13 1812  VA3IK            599  0072 VE6BBP           599  0250   
QSO:   14140  RY 2021-02-13 1813  VA3IK            599  0073 AJ6V             599  0365   
QSO:   14146  RY 2021-02-13 1815  VA3IK            599  0074 N0HJZ            599  0064   
QSO:   14148  RY 2021-02-13 1818  VA3IK            599  0075 N7ZUF            599  0141   
QSO:   14084  RY 2021-02-13 1822  VA3IK            599  0076 N4YTM            599  0045   
QSO:   14084  RY 2021-02-13 1823  VA3IK            599  0077 N5UM             599  0037   
QSO:   14084  RY 2021-02-13 1825  VA3IK            599  0078 K0TC             599  0141   
QSO:   14084  RY 2021-02-13 1827  VA3IK            599  0079 KB7N             599  0002   
QSO:   14084  RY 2021-02-13 1832  VA3IK            599  0080 WB0N             599  0156   
QSO:   14084  RY 2021-02-13 1833  VA3IK            599  0081 N7XCZ            599  0054   
QSO:   14084  RY 2021-02-13 1835  VA3IK            599  0082 K6TJ             599  0019   
QSO:   14084  RY 2021-02-13 1835  VA3IK            599  0083 KC3EF            599  0056   
QSO:   14084  RY 2021-02-13 1836  VA3IK            599  0084 KF7ZN            599  0048   
QSO:   14084  RY 2021-02-13 1838  VA3IK            599  0085 AD5XD            599  0533   
QSO:   14084  RY 2021-02-13 1840  VA3IK            599  0086 EA8DIG           599  0269   
QSO:   14084  RY 2021-02-13 1841  VA3IK            599  0087 VE3EUS           599  0026   
QSO:   14084  RY 2021-02-13 1842  VA3IK            599  0088 K0MKL            599  0221   
QSO:   14088  RY 2021-02-13 1846  VA3IK            599  0089 WK6I/7           599  1215   
QSO:   14085  RY 2021-02-13 1847  VA3IK            599  0090 WW4LL            599  0529   
QSO:   14086  RY 2021-02-13 1848  VA3IK            599  0091 N0VT             599  0230   
QSO:   14090  RY 2021-02-13 1849  VA3IK            599  0092 WF7X             599  1007   
QSO:   14091  RY 2021-02-13 1850  VA3IK            599  0093 KT4Q             599  0416   
QSO:   14092  RY 2021-02-13 1851  VA3IK            599  0094 KZ7X             599  0985   
QSO:   14102  RY 2021-02-13 1855  VA3IK            599  0095 W7YAQ            599  0581   
QSO:   14112  RY 2021-02-13 1858  VA3IK            599  0096 VE7SZ            599  0209   
QSO:   14114  RY 2021-02-13 1859  VA3IK            599  0097 K0WA             599  0133   
QSO:   14116  RY 2021-02-13 1900  VA3IK            599  0098 N6AR             599  0874   
QSO:   14123  RY 2021-02-13 1902  VA3IK            599  0099 N0AT             599  0162   
QSO:   14126  RY 2021-02-13 1904  VA3IK            599  0100 N7JP             599  0170   
QSO:    7081  RY 2021-02-13 1929  VA3IK            599  0101 WB8JUI           599  0367   
QSO:    7082  RY 2021-02-13 1930  VA3IK            599  0102 AI0Y/9           599  0243   
QSO:    7084  RY 2021-02-13 1931  VA3IK            599  0103 N2HMM            599  0564   
QSO:    7088  RY 2021-02-13 1932  VA3IK            599  0104 KA1YQC           599  0171   
QSO:    7093  RY 2021-02-13 1934  VA3IK            599  0105 NT0K             599  0419   
QSO:    7094  RY 2021-02-13 1934  VA3IK            599  0106 W2VTV            599  0139   
QSO:    7081  RY 2021-02-13 1936  VA3IK            599  0107 KG4IGC           599  0174   
QSO:    7083  RY 2021-02-13 1937  VA3IK            599  0108 W4CB             599  0082   
QSO:    7085  RY 2021-02-13 1941  VA3IK            599  0109 ND3N             599  0167   
QSO:    7086  RY 2021-02-13 1942  VA3IK            599  0110 NF3R             599  0373   
QSO:    7081  RY 2021-02-13 2019  VA3IK            599  0111 W3XOX            599  0291   
QSO:    7083  RY 2021-02-13 2020  VA3IK            599  0112 NT3U             599  0426   
QSO:    7085  RY 2021-02-13 2022  VA3IK            599  0113 N3PKJ            599  0134   
QSO:    7085  RY 2021-02-13 2022  VA3IK            599  0114 NA4DA            599  0443   
QSO:    7086  RY 2021-02-13 2024  VA3IK            599  0115 N3FJP            599  0299   
QSO:    7091  RY 2021-02-13 2029  VA3IK            599  0116 WW4LL            599  0450   
QSO:    7095  RY 2021-02-13 2031  VA3IK            599  0117 N2TU             599  0119   
QSO:    7100  RY 2021-02-13 2033  VA3IK            599  0118 NC1CC            599  0372   
QSO:    7102  RY 2021-02-13 2034  VA3IK            599  0119 NB3R             599  0294   
QSO:    7082  RY 2021-02-13 2043  VA3IK            599  0120 AA3B             599  1483   
QSO:    7090  RY 2021-02-13 2110  VA3IK            599  0121 NU4Y             599  0468   
QSO:    7093  RY 2021-02-13 2112  VA3IK            599  0122 K4BWP            599  0468   
QSO:    7095  RY 2021-02-13 2113  VA3IK            599  0123 KC3JNW           599  0265   
QSO:    7096  RY 2021-02-13 2123  VA3IK            599  0124 K9RS             599  0300   
QSO:    7084  RY 2021-02-13 2134  VA3IK            599  0125 W9OA             599  0065   
QSO:    7090  RY 2021-02-13 2137  VA3IK            599  0126 KI1G             599  0310   
QSO:    7097  RY 2021-02-13 2139  VA3IK            599  0127 HG2DX            599  0265   
QSO:    7037  RY 2021-02-13 2148  VA3IK            599  0128 DK9IP            599  0534   
QSO:    7038  RY 2021-02-13 2149  VA3IK            599  0129 N3XL             599  0155   
QSO:    7039  RY 2021-02-13 2150  VA3IK            599  0130 K2RB             599  0463   
QSO:    7040  RY 2021-02-13 2151  VA3IK            599  0131 E73AA            599  0710   
QSO:    7042  RY 2021-02-13 2153  VA3IK            599  0132 9A5W             599  1158   
QSO:    7044  RY 2021-02-13 2155  VA3IK            599  0133 KK9A             599  1292   
QSO:    7045  RY 2021-02-13 2156  VA3IK            599  0134 N4CW             599  0624   
QSO:    7048  RY 2021-02-13 2158  VA3IK            599  0135 IQ4FC            599  1929   
QSO:    7056  RY 2021-02-13 2203  VA3IK            599  0136 EA2BJM           599  0256   
QSO:    7090  RY 2021-02-14 1414  VA3IK            599  0137 VE6BBP           599  0609   
QSO:    7090  RY 2021-02-14 1415  VA3IK            599  0138 AC3U             599  0253   
QSO:    7089  RY 2021-02-14 1416  VA3IK            599  0139 NN4NT            599  0233   
QSO:    7088  RY 2021-02-14 1418  VA3IK            599  0140 KA4RRU           599  0248   
QSO:    7094  RY 2021-02-14 1421  VA3IK            599  0141 WB8K             599  0271   
QSO:    7092  RY 2021-02-14 1423  VA3IK            599  0142 N0NI             599  0867   
QSO:    7091  RY 2021-02-14 1424  VA3IK            599  0143 KT4Q             599  0767   
QSO:    7082  RY 2021-02-14 1430  VA3IK            599  0144 WX2NJ            599  0780   
QSO:    7080  RY 2021-02-14 1431  VA3IK            599  0145 WB2PJH           599  0493   
QSO:    7084  RY 2021-02-14 1433  VA3IK            599  0146 K3MM             599  1055   
QSO:    7087  RY 2021-02-14 1438  VA3IK            599  0147 KI8I             599  0602   
QSO:    7083  RY 2021-02-14 1439  VA3IK            599  0148 N5RP             599  0024   
QSO:   14086  RY 2021-02-14 1516  VA3IK            599  0149 WO4D             599  1486   
QSO:   14087  RY 2021-02-14 1517  VA3IK            599  0150 KK6P             599  1397   
QSO:   14091  RY 2021-02-14 1522  VA3IK            599  0151 DF6QV            599  0304   
QSO:   14090  RY 2021-02-14 1522  VA3IK            599  0152 VA7ST            599  0710   
QSO:   14095  RY 2021-02-14 1525  VA3IK            599  0153 ZF2WF            599  2141   
QSO:   14088  RY 2021-02-14 1814  VA3IK            599  0154 NF4J             599  0956   
QSO:   14092  RY 2021-02-14 1816  VA3IK            599  0155 NR6O             599  0762   
QSO:   14091  RY 2021-02-14 1819  VA3IK            599  0156 KG4CUY           599  0230   
QSO:   14091  RY 2021-02-14 1820  VA3IK            599  0157 K9PW             599  0626   
QSO:   14091  RY 2021-02-14 1821  VA3IK            599  0158 KF5MU            599  0253   
QSO:   14091  RY 2021-02-14 1824  VA3IK            599  0159 WB4HRL           599  0268   
QSO:   14091  RY 2021-02-14 1824  VA3IK            599  0160 N9BBE            599  0151   
QSO:   14091  RY 2021-02-14 1825  VA3IK            599  0161 AB0TA            599  0204   
QSO:   14091  RY 2021-02-14 1826  VA3IK            599  0162 W7XQ             599  0500   
QSO:   14091  RY 2021-02-14 1829  VA3IK            599  0163 WB4YDY           599  0443   
QSO:   14091  RY 2021-02-14 1830  VA3IK            599  0164 W4SCP            599  0033   
QSO:   14091  RY 2021-02-14 1831  VA3IK            599  0165 KU4PY            599  0014   
QSO:   14091  RY 2021-02-14 1832  VA3IK            599  0166 K5XH             599  0342   
QSO:   14091  RY 2021-02-14 1835  VA3IK            599  0167 KQ3K             599  0112   
QSO:   14091  RY 2021-02-14 1836  VA3IK            599  0168 N2ESP            599  0448   
QSO:   14091  RY 2021-02-14 1839  VA3IK            599  0169 KF9VV            599  0121   
QSO:   14091  RY 2021-02-14 1843  VA3IK            599  0170 KC9K             599  0432   
QSO:   14094  RY 2021-02-14 1846  VA3IK            599  0171 N0IS             599  0443   
QSO:   14107  RY 2021-02-14 1851  VA3IK            599  0172 KS9W             599  0304   
QSO:   14107  RY 2021-02-14 1852  VA3IK            599  0173 WA0MN            599  0099   
QSO:   14107  RY 2021-02-14 1853  VA3IK            599  0174 WQ6K             599  0985   
QSO:   14107  RY 2021-02-14 1853  VA3IK            599  0175 W6SR             599  0340   
QSO:   14107  RY 2021-02-14 1854  VA3IK            599  0176 KU6W             599  1343   
QSO:   14107  RY 2021-02-14 1855  VA3IK            599  0177 WT0DX            599  0984   
QSO:   14107  RY 2021-02-14 1856  VA3IK            599  0178 WA2IVD           599  0012   
QSO:   14107  RY 2021-02-14 1900  VA3IK            599  0179 N0STP            599  0035   
QSO:   14101  RY 2021-02-14 1902  VA3IK            599  0180 WD5DBV           599  0265   
QSO:   14111  RY 2021-02-14 1906  VA3IK            599  0181 WC7Q             599  0606   
QSO:   14107  RY 2021-02-14 1910  VA3IK            599  0182 K4MM             599  0430   
QSO:   14107  RY 2021-02-14 1913  VA3IK            599  0183 K4YDE            599  0193   
QSO:   14107  RY 2021-02-14 1921  VA3IK            599  0184 KA5M             599  0487   
QSO:   21099  RY 2021-02-14 1922  VA3IK            599  0185 HI3T             599  0962   
QSO:   21104  RY 2021-02-14 1923  VA3IK            599  0186 AA7V             599  0318   
QSO:   21083  RY 2021-02-14 1929  VA3IK            599  0187 NK5P             599  1950   
QSO:   21091  RY 2021-02-14 1932  VA3IK            599  0188 CV7S             599  0899   
QSO:   21086  RY 2021-02-14 1934  VA3IK            599  0189 VE7KW            599  1089   
QSO:    7082  RY 2021-02-14 1948  VA3IK            599  0190 NA3M             599  0875   
QSO:    7082  RY 2021-02-14 1948  VA3IK            599  0191 K2YG             599  0472   
QSO:    7082  RY 2021-02-14 1949  VA3IK            599  0192 K4XL             599  0358   
QSO:    7082  RY 2021-02-14 1949  VA3IK            599  0193 VE3TW            599  0546   
QSO:    7082  RY 2021-02-14 1950  VA3IK            599  0194 N4JT             599  0166   
QSO:    7082  RY 2021-02-14 1952  VA3IK            599  0195 VA3AUW           599  0176   
QSO:    7082  RY 2021-02-14 1953  VA3IK            599  0196 W1IG             599  0081   
QSO:    7082  RY 2021-02-14 1953  VA3IK            599  0197 WB2NVR           599  0717   
QSO:    7082  RY 2021-02-14 1953  VA3IK            599  0198 WA3AAN           599  0498   
QSO:    7082  RY 2021-02-14 1954  VA3IK            599  0199 NE3F             599  0860   
QSO:    7082  RY 2021-02-14 1955  VA3IK            599  0200 N1DCH            599  0106   
QSO:    7082  RY 2021-02-14 1956  VA3IK            599  0201 K8VUS            599  0039   
QSO:    7082  RY 2021-02-14 1957  VA3IK            599  0202 KC4SOT           599  0016   
QSO:    7082  RY 2021-02-14 1957  VA3IK            599  0203 KD9MS            599  1395   
QSO:    7082  RY 2021-02-14 1958  VA3IK            599  0204 K3TN             599  0535   
QSO:    7082  RY 2021-02-14 1959  VA3IK            599  0205 AB3SX            599  0201   
QSO:    7082  RY 2021-02-14 2000  VA3IK            599  0206 N8TFD            599  0163   
QSO:    7082  RY 2021-02-14 2000  VA3IK            599  0207 KK4HEG           599  0494   
QSO:    7082  RY 2021-02-14 2001  VA3IK            599  0208 W8JE             599  0209   
QSO:    7082  RY 2021-02-14 2002  VA3IK            599  0209 K9PW             599  0679   
QSO:    7082  RY 2021-02-14 2002  VA3IK            599  0210 N4SS             599  1615   
QSO:    7082  RY 2021-02-14 2003  VA3IK            599  0211 KX1X             599  0406   
QSO:    7082  RY 2021-02-14 2005  VA3IK            599  0212 K3ORC            599  0201   
QSO:    7082  RY 2021-02-14 2006  VA3IK            599  0213 WB9TFF           599  0788   
QSO:    7082  RY 2021-02-14 2006  VA3IK            599  0214 W4TTY            599  0565   
QSO:    7082  RY 2021-02-14 2007  VA3IK            599  0215 NG1M             599  0717   
QSO:    7082  RY 2021-02-14 2008  VA3IK            599  0216 NX8G             599  0347   
QSO:    7082  RY 2021-02-14 2008  VA3IK            599  0217 KB9S             599  0091   
QSO:    7082  RY 2021-02-14 2008  VA3IK            599  0218 W4DWS            599  0162   
QSO:    7082  RY 2021-02-14 2009  VA3IK            599  0219 KE3K             599  0631   
QSO:    7082  RY 2021-02-14 2010  VA3IK            599  0220 KF1P             599  0185   
QSO:    7082  RY 2021-02-14 2011  VA3IK            599  0221 WA3ZSC           599  0254   
QSO:    7082  RY 2021-02-14 2013  VA3IK            599  0222 AE1N             599  0365   
QSO:    7082  RY 2021-02-14 2014  VA3IK            599  0223 WD0BGZ           599  0107   
QSO:    7082  RY 2021-02-14 2015  VA3IK            599  0224 KS4S             599  0469   
QSO:    7082  RY 2021-02-14 2015  VA3IK            599  0225 WA1HEW           599  0275   
QSO:    7082  RY 2021-02-14 2015  VA3IK            599  0226 N3WMC            599  0140   
QSO:    7082  RY 2021-02-14 2016  VA3IK            599  0227 KG4WOJ           599  0026   
QSO:    7082  RY 2021-02-14 2017  VA3IK            599  0228 VE3KI            599  0804   
QSO:    7082  RY 2021-02-14 2018  VA3IK            599  0229 VE2EZD           599  0219   
QSO:    7082  RY 2021-02-14 2020  VA3IK            599  0230 VE5MX            599  0908   
QSO:    7082  RY 2021-02-14 2022  VA3IK            599  0231 KI6DY            599  0248   
QSO:    7082  RY 2021-02-14 2025  VA3IK            599  0232 KA2K             599  1099   
QSO:    7082  RY 2021-02-14 2027  VA3IK            599  0233 WA8YZB           599  0258   
QSO:    7082  RY 2021-02-14 2027  VA3IK            599  0234 AB1J             599  0737   
QSO:    7082  RY 2021-02-14 2035  VA3IK            599  0235 WA2DE            599  0059   
QSO:    7082  RY 2021-02-14 2036  VA3IK            599  0236 KM4JAK           599  0382   
QSO:    7082  RY 2021-02-14 2037  VA3IK            599  0237 NY3B             599  0874   
QSO:    7082  RY 2021-02-14 2037  VA3IK            599  0238 KU9Z             599  0055   
QSO:    7082  RY 2021-02-14 2038  VA3IK            599  0239 NI3Q             599  0228   
QSO:    7082  RY 2021-02-14 2040  VA3IK            599  0240 KA3D             599  0117   
QSO:    7082  RY 2021-02-14 2040  VA3IK            599  0241 W8CAR            599  0120   
QSO:    7082  RY 2021-02-14 2041  VA3IK            599  0242 K9BAZ            599  0172   
QSO:    7082  RY 2021-02-14 2041  VA3IK            599  0243 N4YTM            599  0337   
QSO:    7082  RY 2021-02-14 2042  VA3IK            599  0244 K0HB             599  0094   
QSO:    7082  RY 2021-02-14 2042  VA3IK            599  0245 K4BX             599  0458   
QSO:    7082  RY 2021-02-14 2043  VA3IK            599  0246 AA9HQ            599  0138   
QSO:    7082  RY 2021-02-14 2044  VA3IK            599  0247 K3CCR            599  0170   
QSO:    7082  RY 2021-02-14 2044  VA3IK            599  0248 N1KM             599  0479   
QSO:    7082  RY 2021-02-14 2045  VA3IK            599  0249 WE4M             599  0308   
QSO:    7082  RY 2021-02-14 2047  VA3IK            599  0250 WV1K             599  0957   
QSO:    7082  RY 2021-02-14 2047  VA3IK            599  0251 W8AKS            599  0336   
QSO:    7082  RY 2021-02-14 2048  VA3IK            599  0252 W9YK             599  0243   
QSO:    7082  RY 2021-02-14 2049  VA3IK            599  0253 AK2S             599  0161   
QSO:    7082  RY 2021-02-14 2050  VA3IK            599  0254 WB2NFL           599  0240   
QSO:    7082  RY 2021-02-14 2051  VA3IK            599  0255 WW3S             599  1038   
QSO:    7082  RY 2021-02-14 2053  VA3IK            599  0256 W4PJW            599  0486   
QSO:    7082  RY 2021-02-14 2057  VA3IK            599  0257 WA3FAE           599  0364   
QSO:    7082  RY 2021-02-14 2059  VA3IK            599  0258 WP3C             599  2259   
QSO:    7082  RY 2021-02-14 2059  VA3IK            599  0259 W4UK             599  0614   
QSO:    7082  RY 2021-02-14 2100  VA3IK            599  0260 K8TJM            599  0090   
QSO:    7082  RY 2021-02-14 2100  VA3IK            599  0261 N9SJ             599  0516   
QSO:    7082  RY 2021-02-14 2101  VA3IK            599  0262 WA7NPX           599  0217   
QSO:    7082  RY 2021-02-14 2107  VA3IK            599  0263 W3SA             599  0625   
QSO:    7082  RY 2021-02-14 2109  VA3IK            599  0264 WK9U             599  0872   
QSO:    7082  RY 2021-02-14 2111  VA3IK            599  0265 WJ2D             599  0833   
QSO:    7082  RY 2021-02-14 2113  VA3IK            599  0266 KC9TQR           599  0006   
QSO:    7082  RY 2021-02-14 2114  VA3IK            599  0267 AB3CV            599  1456   
QSO:    7082  RY 2021-02-14 2114  VA3IK            599  0268 AB9YC            599  0583   
QSO:    7082  RY 2021-02-14 2115  VA3IK            599  0269 IW1PNJ           599  0661   
QSO:    7082  RY 2021-02-14 2118  VA3IK            599  0270 K4MIL            599  0241   
QSO:    7082  RY 2021-02-14 2119  VA3IK            599  0271 AA3EE            599  0005   
QSO:    7082  RY 2021-02-14 2121  VA3IK            599  0272 W3GQ             599  0214   
QSO:    7082  RY 2021-02-14 2122  VA3IK            599  0273 KG3V             599  0197   
QSO:    7082  RY 2021-02-14 2123  VA3IK            599  0274 AA2MA            599  0213   
QSO:    7082  RY 2021-02-14 2125  VA3IK            599  0275 WA3KCP           599  0116   
QSO:    7082  RY 2021-02-14 2128  VA3IK            599  0276 EA7JXZ           599  0436   
QSO:    7082  RY 2021-02-14 2130  VA3IK            599  0277 WB8BZK           599  0627   
QSO:    7082  RY 2021-02-14 2144  VA3IK            599  0278 WV4P             599  0926   
QSO:    7083  RY 2021-02-14 2145  VA3IK            599  0279 N3MN             599  0448   
QSO:    7036  RY 2021-02-14 2146  VA3IK            599  0280 W4PK             599  1529   
QSO:    7038  RY 2021-02-14 2148  VA3IK            599  0281 OM5ZW            599  2308   
QSO:    7034  RY 2021-02-14 2149  VA3IK            599  0282 W0GJ             599  0204   
QSO:    7035  RY 2021-02-14 2151  VA3IK            599  0283 AE4Y             599  0299   
QSO:    7035  RY 2021-02-14 2152  VA3IK            599  0284 W4VIC            599  0458   
QSO:    7035  RY 2021-02-14 2152  VA3IK            599  0285 NK5P             599  2041   
QSO:    7035  RY 2021-02-14 2154  VA3IK            599  0286 AF1R             599  0360   
QSO:    7035  RY 2021-02-14 2156  VA3IK            599  0287 K7QA             599  1065   
QSO:    7035  RY 2021-02-14 2157  VA3IK            599  0288 KT1I             599  0896   
QSO:    7035  RY 2021-02-14 2159  VA3IK            599  0289 NE8J             599  0095   
QSO:    7035  RY 2021-02-14 2201  VA3IK            599  0290 W2CDO            599  0922   
QSO:    7035  RY 2021-02-14 2203  VA3IK            599  0291 WY3P             599  0135   
QSO:    7035  RY 2021-02-14 2204  VA3IK            599  0292 WQ5OO            599  1452   
QSO:    7035  RY 2021-02-14 2205  VA3IK            599  0293 N8OXC            599  0190   
QSO:    7033  RY 2021-02-14 2208  VA3IK            599  0294 XM2X             599  0594   
QSO:    7039  RY 2021-02-14 2209  VA3IK            599  0295 K9CT             599  2035   
QSO:    7046  RY 2021-02-14 2211  VA3IK            599  0296 K8LF             599  0589   
QSO:    7044  RY 2021-02-14 2212  VA3IK            599  0297 WO4D             599  1798   
QSO:    7048  RY 2021-02-14 2216  VA3IK            599  0298 W3FV             599  0944   
QSO:    7054  RY 2021-02-14 2219  VA3IK            599  0299 AF8C             599  0074   
QSO:    7054  RY 2021-02-14 2222  VA3IK            599  0300 KS3H             599  0514   
QSO:    7054  RY 2021-02-14 2222  VA3IK            599  0301 K9CW             599  0552   
QSO:    7054  RY 2021-02-14 2223  VA3IK            599  0302 KG9Z             599  0247   
END-OF-LOG:
