START-OF-LOG: 3.0
CONTEST: ARRL-RTTY
LOCATION: IL
CALLSIGN: AA9VI
CATEGORY-OPERATOR: SINGLE-OP
CATEGORY-ASSISTED: ASSISTED
CATEGORY-POWER: LOW
CATEGORY-BAND: ALL
CREATED-BY: WIN-EQF* VERSION 3.09
CATEGORY-TRANSMITTER: ONE
OPERATORS: AA9VI
HQ-CATEGORY: Single Operator Unlimited, Low Power
HQ-GRID-LOCATOR: EN52wc
QSO: 14077 RY 2020-01-04 2027 AA9VI 599 IL K7AWB 599 WA
QSO: 14082 RY 2020-01-04 2030 AA9VI 599 IL KK6P 599 CA
QSO: 14082 RY 2020-01-04 2031 AA9VI 599 IL KT7E 599 OR
QSO: 14082 RY 2020-01-04 2032 AA9VI 599 IL AA5AU 599 LA
QSO: 14082 RY 2020-01-04 2034 AA9VI 599 IL AC0C 599 KS
QSO: 14084 RY 2020-01-04 2035 AA9VI 599 IL AA2MF 599 FL
QSO: 14084 RY 2020-01-04 2036 AA9VI 599 IL W0IZ 599 CO
QSO: 14086 RY 2020-01-04 2038 AA9VI 599 IL N6WM 599 CA
QSO: 14086 RY 2020-01-04 2039 AA9VI 599 IL W7WW 599 AZ
QSO: 14086 RY 2020-01-04 2039 AA9VI 599 IL AC9KW 599 IL
QSO: 14086 RY 2020-01-04 2041 AA9VI 599 IL OH8WW 599 137
QSO: 14088 RY 2020-01-04 2043 AA9VI 599 IL K7RU 599 WA
QSO: 14087 RY 2020-01-04 2045 AA9VI 599 IL VE6EX 599 AB
QSO: 14087 RY 2020-01-04 2048 AA9VI 599 IL HP3SS 599 268
QSO: 14089 RY 2020-01-04 2052 AA9VI 599 IL VA7ST 599 BC
QSO: 14091 RY 2020-01-04 2053 AA9VI 599 IL W1QK 599 CT
QSO: 14092 RY 2020-01-04 2055 AA9VI 599 IL K8IA 599 AZ
QSO: 14092 RY 2020-01-04 2056 AA9VI 599 IL W7RN 599 NV
QSO: 14092 RY 2020-01-04 2058 AA9VI 599 IL N2TU 599 NC
QSO: 14094 RY 2020-01-04 2100 AA9VI 599 IL P49X 599 55
QSO: 14094 RY 2020-01-04 2100 AA9VI 599 IL W4TA 599 FL
QSO: 14100 RY 2020-01-04 2106 AA9VI 599 IL W4GO 599 VA
QSO: 14104 RY 2020-01-04 2110 AA9VI 599 IL K1RO 599 NH
QSO: 14111 RY 2020-01-04 2113 AA9VI 599 IL K1SM 599 MA
QSO: 14114 RY 2020-01-04 2114 AA9VI 599 IL N5HC 599 NM
QSO: 14114 RY 2020-01-04 2117 AA9VI 599 IL N8BJQ 599 OH
QSO: 14117 RY 2020-01-04 2121 AA9VI 599 IL AA3B 599 PA
QSO: 14118 RY 2020-01-04 2124 AA9VI 599 IL N2ZN 599 NY
QSO: 14120 RY 2020-01-04 2125 AA9VI 599 IL AD5XD 599 TX
QSO: 14126 RY 2020-01-04 2128 AA9VI 599 IL W1RH 599 CA
QSO: 14135 RY 2020-01-04 2129 AA9VI 599 IL K7TQ 599 ID
QSO: 14138 RY 2020-01-04 2155 AA9VI 599 IL WG7X 599 WA
QSO: 14086 RY 2020-01-04 2208 AA9VI 599 IL VE5VG 599 SK
QSO: 14086 RY 2020-01-04 2211 AA9VI 599 IL N4CW 599 NC
QSO: 14101 RY 2020-01-04 2219 AA9VI 599 IL AK7O 599 UT
QSO: 14103 RY 2020-01-04 2222 AA9VI 599 IL K7XC 599 NV
QSO: 14105 RY 2020-01-04 2228 AA9VI 599 IL AE7AP 599 MT
QSO: 14111 RY 2020-01-04 2234 AA9VI 599 IL W5TN 599 TX
QSO: 14111 RY 2020-01-04 2236 AA9VI 599 IL W7CXX 599 UT
QSO: 14124 RY 2020-01-04 2240 AA9VI 599 IL K5RZA 599 TX
QSO: 14096 RY 2020-01-04 2256 AA9VI 599 IL ZF2WF 599 ZF
QSO: 14098 RY 2020-01-04 2256 AA9VI 599 IL AA5B 599 NM
QSO: 14103 RY 2020-01-04 2303 AA9VI 599 IL LU1KCQ 599 015
QSO: 7086 RY 2020-01-04 2319 AA9VI 599 IL K1SND 599 MA
QSO: 7089 RY 2020-01-04 2332 AA9VI 599 IL WV4P 599 TN
QSO: 7091 RY 2020-01-04 2336 AA9VI 599 IL KG4CUY 599 358
QSO: 7095 RY 2020-01-04 2338 AA9VI 599 IL AB0LR 599 CO
QSO: 7097 RY 2020-01-04 2340 AA9VI 599 IL WW4LL 599 ME
QSO: 7111 RY 2020-01-04 2345 AA9VI 599 IL KV4T 599 AL
QSO: 7111 RY 2020-01-04 2347 AA9VI 599 IL KD5J 599 AR
QSO: 7081 RY 2020-01-05 0057 AA9VI 599 IL W4MLB 599 FL
QSO: 7083 RY 2020-01-05 0058 AA9VI 599 IL AA8R 599 FL
QSO: 7083 RY 2020-01-05 0058 AA9VI 599 IL NG7M 599 UT
QSO: 7083 RY 2020-01-05 0059 AA9VI 599 IL W4AAA 599 NC
QSO: 7083 RY 2020-01-05 0106 AA9VI 599 IL K2TW 599 NJ
QSO: 7086 RY 2020-01-05 0108 AA9VI 599 IL W3LL 599 MD
QSO: 3580 RY 2020-01-05 0218 AA9VI 599 IL AD4EB 599 TN
QSO: 3580 RY 2020-01-05 0226 AA9VI 599 IL W5MX 599 KY
QSO: 3583 RY 2020-01-05 0342 AA9VI 599 IL K0AD 599 MN
QSO: 3583 RY 2020-01-05 0343 AA9VI 599 IL N0NI 599 IA
QSO: 3583 RY 2020-01-05 0344 AA9VI 599 IL WW5M 599 TN
QSO: 3587 RY 2020-01-05 0348 AA9VI 599 IL AB0RX 599 MO
QSO: 3587 RY 2020-01-05 0350 AA9VI 599 IL K9CT 599 IL
QSO: 3587 RY 2020-01-05 0351 AA9VI 599 IL WE9V 599 WI
QSO: 3555 RY 2020-01-05 0353 AA9VI 599 IL WA1FCN 599 AL
QSO: 3555 RY 2020-01-05 0354 AA9VI 599 IL K3PP 599 PA
QSO: 3555 RY 2020-01-05 0355 AA9VI 599 IL W0LSD 599 CO
QSO: 3558 RY 2020-01-05 0356 AA9VI 599 IL W7CXX 599 UT
QSO: 3558 RY 2020-01-05 0357 AA9VI 599 IL KM4FO 599 KY
QSO: 3562 RY 2020-01-05 0358 AA9VI 599 IL WD0T 599 SD
QSO: 3562 RY 2020-01-05 0359 AA9VI 599 IL K0BX 599 MO
QSO: 3562 RY 2020-01-05 0359 AA9VI 599 IL W7VXS 599 WA
QSO: 3565 RY 2020-01-05 0401 AA9VI 599 IL WT9U 599 IN
QSO: 3565 RY 2020-01-05 0404 AA9VI 599 IL VE3WRL 599 ON
QSO: 3567 RY 2020-01-05 0406 AA9VI 599 IL KB8O 599 OH
QSO: 3567 RY 2020-01-05 0406 AA9VI 599 IL W6SX 599 CA
QSO: 3570 RY 2020-01-05 0409 AA9VI 599 IL N1IXF 599 CT
QSO: 3577 RY 2020-01-05 0415 AA9VI 599 IL KB5CUS 599 TX
QSO: 3579 RY 2020-01-05 0416 AA9VI 599 IL W7RN 599 NV
QSO: 3582 RY 2020-01-05 0417 AA9VI 599 IL K8IA 599 AZ
QSO: 3582 RY 2020-01-05 0419 AA9VI 599 IL VE2EBK 599 QC
QSO: 3591 RY 2020-01-05 0426 AA9VI 599 IL VE5MX 599 SK
QSO: 3597 RY 2020-01-05 0430 AA9VI 599 IL K1RO 599 NH
QSO: 7082 RY 2020-01-05 0434 AA9VI 599 IL K4BVM 599 GA
QSO: 7082 RY 2020-01-05 0438 AA9VI 599 IL K2ADA 599 FL
QSO: 7082 RY 2020-01-05 0438 AA9VI 599 IL K5AM 599 NM
QSO: 7082 RY 2020-01-05 0439 AA9VI 599 IL K0GEO 599 CO
QSO: 7082 RY 2020-01-05 0440 AA9VI 599 IL AA7V 599 AZ
QSO: 7082 RY 2020-01-05 0441 AA9VI 599 IL NA5NN 599 MS
QSO: 3556 RY 2020-01-05 0455 AA9VI 599 IL W7RY 599 MO
QSO: 3556 RY 2020-01-05 0456 AA9VI 599 IL KT9L 599 IN
QSO: 3556 RY 2020-01-05 0500 AA9VI 599 IL KF5MU 599 KY
QSO: 3556 RY 2020-01-05 0502 AA9VI 599 IL WD9HSY 599 IL
QSO: 3556 RY 2020-01-05 0504 AA9VI 599 IL K0TC 599 MN
QSO: 3565 RY 2020-01-05 0508 AA9VI 599 IL W0RX 599 MN
QSO: 3565 RY 2020-01-05 0509 AA9VI 599 IL K0TG 599 MN
QSO: 3565 RY 2020-01-05 0510 AA9VI 599 IL NX6T 599 CA
QSO: 3565 RY 2020-01-05 0510 AA9VI 599 IL W7WW 599 AZ
QSO: 3565 RY 2020-01-05 0511 AA9VI 599 IL K4BWP 599 KY
QSO: 3565 RY 2020-01-05 0515 AA9VI 599 IL K0TC 599 MN
QSO: 3565 RY 2020-01-05 0515 AA9VI 599 IL K6XX 599 CA
QSO: 3565 RY 2020-01-05 0517 AA9VI 599 IL K5DJ 599 AR
QSO: 3565 RY 2020-01-05 0517 AA9VI 599 IL WB4HRL 599 SC
QSO: 3565 RY 2020-01-05 0518 AA9VI 599 IL WB0N 599 MN
QSO: 3565 RY 2020-01-05 0519 AA9VI 599 IL KO7SS 599 AZ
QSO: 3565 RY 2020-01-05 0520 AA9VI 599 IL W5TA 599 TX
QSO: 3565 RY 2020-01-05 0520 AA9VI 599 IL K3RWN 599 PA
QSO: 3565 RY 2020-01-05 0521 AA9VI 599 IL N0GZ 599 IA
QSO: 3565 RY 2020-01-05 0522 AA9VI 599 IL NY4N 599 TN
QSO: 3565 RY 2020-01-05 0523 AA9VI 599 IL WA3LXD 599 FL
QSO: 3565 RY 2020-01-05 0524 AA9VI 599 IL WB9HFK 599 IL
QSO: 3565 RY 2020-01-05 0525 AA9VI 599 IL NG7M 599 UT
QSO: 3565 RY 2020-01-05 0529 AA9VI 599 IL KM4OQO 599 VA
QSO: 3565 RY 2020-01-05 0531 AA9VI 599 IL K4YYL 599 SC
QSO: 3565 RY 2020-01-05 0531 AA9VI 599 IL KD8VMM 599 OH
QSO: 3565 RY 2020-01-05 0532 AA9VI 599 IL N0MHL 599 SD
QSO: 3565 RY 2020-01-05 0532 AA9VI 599 IL K2XR 599 PA
QSO: 3565 RY 2020-01-05 0533 AA9VI 599 IL AB0S 599 KS
QSO: 3565 RY 2020-01-05 0533 AA9VI 599 IL WD6T 599 CA
QSO: 3565 RY 2020-01-05 0534 AA9VI 599 IL K7TQ 599 ID
QSO: 3565 RY 2020-01-05 0535 AA9VI 599 IL WB0QLU 599 MO
QSO: 3565 RY 2020-01-05 0535 AA9VI 599 IL N6JV 599 CA
QSO: 3565 RY 2020-01-05 0536 AA9VI 599 IL W0GJ 599 IA
QSO: 3565 RY 2020-01-05 0536 AA9VI 599 IL WE6EZ 599 TX
QSO: 3585 RY 2020-01-05 0548 AA9VI 599 IL W4UEF 599 NC
QSO: 7039 RY 2020-01-05 1446 AA9VI 599 IL VE4VT 599 MB
QSO: 7082 RY 2020-01-05 1451 AA9VI 599 IL K7RI 599 WA
QSO: 7088 RY 2020-01-05 1455 AA9VI 599 IL K8PO 599 WA
QSO: 7065 RY 2020-01-05 1459 AA9VI 599 IL AD4EB 599 TN
QSO: 7065 RY 2020-01-05 1500 AA9VI 599 IL VE3XAT 599 ON
QSO: 7065 RY 2020-01-05 1501 AA9VI 599 IL N0LLH 599 KS
QSO: 7065 RY 2020-01-05 1502 AA9VI 599 IL W3FV 599 PA
QSO: 7065 RY 2020-01-05 1503 AA9VI 599 IL ND3R 599 PA
QSO: 7065 RY 2020-01-05 1504 AA9VI 599 IL W6SX 599 CA
QSO: 7065 RY 2020-01-05 1506 AA9VI 599 IL KN4RFK 599 KY
QSO: 7065 RY 2020-01-05 1506 AA9VI 599 IL WA3GM 599 PA
QSO: 7065 RY 2020-01-05 1507 AA9VI 599 IL K3WA 599 NC
QSO: 7065 RY 2020-01-05 1507 AA9VI 599 IL N8WXQ 599 PA
QSO: 7065 RY 2020-01-05 1508 AA9VI 599 IL KF5MU 599 KY
QSO: 7065 RY 2020-01-05 1508 AA9VI 599 IL K5ZD 599 MA
QSO: 7065 RY 2020-01-05 1509 AA9VI 599 IL AA5AU 599 LA
QSO: 7065 RY 2020-01-05 1511 AA9VI 599 IL KN4DXT 599 FL
QSO: 7065 RY 2020-01-05 1513 AA9VI 599 IL K7TQ 599 ID
QSO: 7065 RY 2020-01-05 1514 AA9VI 599 IL K3IU 599 RI
QSO: 7065 RY 2020-01-05 1516 AA9VI 599 IL W7RY 599 MO
QSO: 7065 RY 2020-01-05 1516 AA9VI 599 IL KT7E 599 OR
QSO: 7065 RY 2020-01-05 1516 AA9VI 599 IL K2AL 599 NJ
QSO: 7065 RY 2020-01-05 1517 AA9VI 599 IL N4ZZ 599 TN
QSO: 7065 RY 2020-01-05 1517 AA9VI 599 IL N3ATE 599 PA
QSO: 7065 RY 2020-01-05 1522 AA9VI 599 IL N2WK 599 NY
QSO: 7065 RY 2020-01-05 1522 AA9VI 599 IL N7BV 599 WA
QSO: 7065 RY 2020-01-05 1523 AA9VI 599 IL KV1J 599 ME
QSO: 14097 RY 2020-01-05 1529 AA9VI 599 IL N6IE 599 CA
QSO: 14097 RY 2020-01-05 1530 AA9VI 599 IL W9ZV 599 IL
QSO: 14097 RY 2020-01-05 1531 AA9VI 599 IL K6KM 599 CA
QSO: 14097 RY 2020-01-05 1532 AA9VI 599 IL KQ3S 599 FL
QSO: 14097 RY 2020-01-05 1537 AA9VI 599 IL PA7WW 599 294
QSO: 14099 RY 2020-01-05 1539 AA9VI 599 IL DP7D 599 720
QSO: 14102 RY 2020-01-05 1540 AA9VI 599 IL EI7M 599 1012
QSO: 14106 RY 2020-01-05 1548 AA9VI 599 IL GW5NF 599 314
QSO: 14106 RY 2020-01-05 1549 AA9VI 599 IL WD0T 599 SD
QSO: 14077 RY 2020-01-05 1552 AA9VI 599 IL ER4A 599 995
QSO: 14077 RY 2020-01-05 1553 AA9VI 599 IL IK2SND 599 229
QSO: 14086 RY 2020-01-05 1556 AA9VI 599 IL ON4BHQ 599 100
QSO: 14086 RY 2020-01-05 1557 AA9VI 599 IL SN7Q 599 1233
QSO: 14088 RY 2020-01-05 1559 AA9VI 599 IL DF8XC 599 252
QSO: 14088 RY 2020-01-05 1600 AA9VI 599 IL S57AW 599 388
QSO: 14090 RY 2020-01-05 1601 AA9VI 599 IL F6AGM 599 1101
QSO: 14102 RY 2020-01-05 1605 AA9VI 599 IL M2A 599 531
QSO: 14103 RY 2020-01-05 1608 AA9VI 599 IL N2ZA 599 NY
QSO: 7082 RY 2020-01-05 1621 AA9VI 599 IL KS4X 599 TN
QSO: 7082 RY 2020-01-05 1621 AA9VI 599 IL K7VIT 599 OR
QSO: 7082 RY 2020-01-05 1623 AA9VI 599 IL AE0X 599 MO
QSO: 7082 RY 2020-01-05 1624 AA9VI 599 IL K3AJ 599 MD
QSO: 7082 RY 2020-01-05 1625 AA9VI 599 IL W5AJ 599 TX
QSO: 7082 RY 2020-01-05 1626 AA9VI 599 IL KC3NQB 599 PA
QSO: 7082 RY 2020-01-05 1626 AA9VI 599 IL K8NRY 599 SC
QSO: 7082 RY 2020-01-05 1627 AA9VI 599 IL K5XH 599 AR
QSO: 7082 RY 2020-01-05 1627 AA9VI 599 IL N4RLI 599 OH
QSO: 7082 RY 2020-01-05 1629 AA9VI 599 IL WB8JAY 599 OH
QSO: 7082 RY 2020-01-05 1631 AA9VI 599 IL KA2FHN 599 NY
QSO: 7082 RY 2020-01-05 1631 AA9VI 599 IL KK4HEG 599 NC
QSO: 7082 RY 2020-01-05 1632 AA9VI 599 IL KD5ILA 599 AR
QSO: 7082 RY 2020-01-05 1633 AA9VI 599 IL K0TC 599 MN
QSO: 7082 RY 2020-01-05 1634 AA9VI 599 IL N3DPB 599 MD
QSO: 7082 RY 2020-01-05 1635 AA9VI 599 IL AD1C 599 CO
QSO: 14086 RY 2020-01-05 1647 AA9VI 599 IL LZ1ND 599 344
QSO: 14093 RY 2020-01-05 1705 AA9VI 599 IL W6YX 599 CA
QSO: 14093 RY 2020-01-05 1706 AA9VI 599 IL KF0UR 599 CO
QSO: 14096 RY 2020-01-05 1709 AA9VI 599 IL N7GP 599 AZ
QSO: 14096 RY 2020-01-05 1711 AA9VI 599 IL M0BEW 599 101
QSO: 14099 RY 2020-01-05 1718 AA9VI 599 IL N3OW 599 PA
QSO: 14099 RY 2020-01-05 1721 AA9VI 599 IL NY4DX 599 NY
QSO: 14103 RY 2020-01-05 1722 AA9VI 599 IL XE1CT 599 92
QSO: 14106 RY 2020-01-05 1727 AA9VI 599 IL NX0I 599 MO
QSO: 14106 RY 2020-01-05 1730 AA9VI 599 IL N7BV 599 WA
QSO: 14110 RY 2020-01-05 1731 AA9VI 599 IL N1UZ 599 MA
QSO: 14110 RY 2020-01-05 1733 AA9VI 599 IL K3TEF 599 PA
QSO: 14110 RY 2020-01-05 1736 AA9VI 599 IL AD5LU 599 TX
QSO: 14110 RY 2020-01-05 1737 AA9VI 599 IL WA3EKL 599 MD
QSO: 14110 RY 2020-01-05 1737 AA9VI 599 IL KI0J 599 CO
QSO: 14110 RY 2020-01-05 1738 AA9VI 599 IL NF4J 599 AL
QSO: 14110 RY 2020-01-05 1739 AA9VI 599 IL W3IK 599 FL
QSO: 14110 RY 2020-01-05 1740 AA9VI 599 IL AC4CA 599 TX
QSO: 14110 RY 2020-01-05 1740 AA9VI 599 IL AD7XG 599 WA
QSO: 14110 RY 2020-01-05 1741 AA9VI 599 IL KI6DY 599 KS
QSO: 14110 RY 2020-01-05 1742 AA9VI 599 IL F6HRP 599 306
QSO: 14110 RY 2020-01-05 1743 AA9VI 599 IL N4LF 599 FL
QSO: 14110 RY 2020-01-05 1743 AA9VI 599 IL N3CKI 599 NC
QSO: 14110 RY 2020-01-05 1744 AA9VI 599 IL DL1DTL 599 282
QSO: 14110 RY 2020-01-05 1745 AA9VI 599 IL KA3NAM 599 KS
QSO: 14110 RY 2020-01-05 1745 AA9VI 599 IL N1FDX 599 MA
QSO: 14110 RY 2020-01-05 1746 AA9VI 599 IL WA5LFD 599 TX
QSO: 14110 RY 2020-01-05 1746 AA9VI 599 IL KC7CM 599 WA
QSO: 14110 RY 2020-01-05 1747 AA9VI 599 IL K1PL 599 CT
QSO: 14110 RY 2020-01-05 1748 AA9VI 599 IL W7GSV 599 ID
QSO: 14110 RY 2020-01-05 1749 AA9VI 599 IL AB0S 599 KS
QSO: 14110 RY 2020-01-05 1750 AA9VI 599 IL W6SR 599 CA
QSO: 14110 RY 2020-01-05 1750 AA9VI 599 IL KT0DX 599 CO
QSO: 14110 RY 2020-01-05 1752 AA9VI 599 IL W6FB 599 CA
QSO: 14110 RY 2020-01-05 1753 AA9VI 599 IL N7QT 599 WA
QSO: 14110 RY 2020-01-05 1755 AA9VI 599 IL W7LD 599 WA
QSO: 14110 RY 2020-01-05 1755 AA9VI 599 IL AK6A 599 OR
QSO: 14110 RY 2020-01-05 1756 AA9VI 599 IL KW9U 599 IL
QSO: 14110 RY 2020-01-05 1756 AA9VI 599 IL AJ4VE 599 GA
QSO: 14110 RY 2020-01-05 1757 AA9VI 599 IL K9KMD 599 IL
QSO: 14084 RY 2020-01-05 1900 AA9VI 599 IL NN1D 599 MA
QSO: 7092 RY 2020-01-05 1925 AA9VI 599 IL KB4QZH 599 KY
QSO: 7092 RY 2020-01-05 1926 AA9VI 599 IL N5RP 599 IL
QSO: 7092 RY 2020-01-05 1927 AA9VI 599 IL KO0Z 599 IL
QSO: 7092 RY 2020-01-05 1928 AA9VI 599 IL W2FU 599 NY
QSO: 7092 RY 2020-01-05 1930 AA9VI 599 IL VA3DF 599 ON
QSO: 7092 RY 2020-01-05 1931 AA9VI 599 IL K0BX 599 MO
QSO: 7092 RY 2020-01-05 1931 AA9VI 599 IL K8MU 599 MI
QSO: 7092 RY 2020-01-05 1932 AA9VI 599 IL KF4TO 599 VA
QSO: 7092 RY 2020-01-05 1933 AA9VI 599 IL AC0E 599 KS
QSO: 7092 RY 2020-01-05 1933 AA9VI 599 IL K2YG 599 NJ
QSO: 7092 RY 2020-01-05 1934 AA9VI 599 IL W1CTC 599 CT
QSO: 7092 RY 2020-01-05 1934 AA9VI 599 IL K9EXY 599 IN
QSO: 7092 RY 2020-01-05 1934 AA9VI 599 IL KC4WQ 599 KY
QSO: 7092 RY 2020-01-05 1935 AA9VI 599 IL YO9HP 599 810
QSO: 7092 RY 2020-01-05 1936 AA9VI 599 IL WD4LSS 599 NC
QSO: 7092 RY 2020-01-05 1937 AA9VI 599 IL WB5BHS 599 AR
QSO: 7092 RY 2020-01-05 1937 AA9VI 599 IL KA2FHN 599 NY
QSO: 7092 RY 2020-01-05 1938 AA9VI 599 IL W4LC 599 KY
QSO: 7092 RY 2020-01-05 1939 AA9VI 599 IL W3GH 599 PA
QSO: 7092 RY 2020-01-05 1939 AA9VI 599 IL W4PJW 599 VA
QSO: 7092 RY 2020-01-05 1940 AA9VI 599 IL K1RO 599 NH
QSO: 7092 RY 2020-01-05 1940 AA9VI 599 IL F5JMI 599 071
QSO: 7092 RY 2020-01-05 1941 AA9VI 599 IL NG1M 599 RI
QSO: 7092 RY 2020-01-05 1943 AA9VI 599 IL N8CWP 599 OH
QSO: 7092 RY 2020-01-05 1943 AA9VI 599 IL K3WW 599 PA
QSO: 7092 RY 2020-01-05 1945 AA9VI 599 IL WB0WIV 599 IA
QSO: 14083 RY 2020-01-05 2003 AA9VI 599 IL NN6XX 599 CA
QSO: 14113 RY 2020-01-05 2032 AA9VI 599 IL PY2MNL 599 115
QSO: 14137 RY 2020-01-05 2041 AA9VI 599 IL 4U1WB 599 DC
QSO: 14090 RY 2020-01-05 2046 AA9VI 599 IL W4ZGR 599 FL
QSO: 14090 RY 2020-01-05 2048 AA9VI 599 IL WB6JJJ 599 OR
QSO: 14090 RY 2020-01-05 2050 AA9VI 599 IL W6IA 599 CA
QSO: 14090 RY 2020-01-05 2052 AA9VI 599 IL K7GS 599 WA
QSO: 7051 RY 2020-01-05 2115 AA9VI 599 IL KB3LIX 599 PA
QSO: 7051 RY 2020-01-05 2115 AA9VI 599 IL WI2A 599 NY
QSO: 7051 RY 2020-01-05 2116 AA9VI 599 IL NY3B 599 PA
QSO: 7051 RY 2020-01-05 2116 AA9VI 599 IL KC2WUF 599 NJ
QSO: 7051 RY 2020-01-05 2118 AA9VI 599 IL KJ9C 599 MT
QSO: 7051 RY 2020-01-05 2119 AA9VI 599 IL AB5EB 599 TX
QSO: 7051 RY 2020-01-05 2120 AA9VI 599 IL W4VIC 599 VA
QSO: 7051 RY 2020-01-05 2125 AA9VI 599 IL KI6DY 599 KS
QSO: 7051 RY 2020-01-05 2126 AA9VI 599 IL W7RN 599 NV
QSO: 7051 RY 2020-01-05 2127 AA9VI 599 IL W1QK 599 CT
QSO: 7051 RY 2020-01-05 2127 AA9VI 599 IL WA3EKL 599 MD
QSO: 7051 RY 2020-01-05 2128 AA9VI 599 IL N2CJ 599 NJ
QSO: 14118 RY 2020-01-05 2325 AA9VI 599 IL KH6CJJ 599 240
QSO: 7084 RY 2020-01-05 2339 AA9VI 599 IL KO7SS 599 AZ
QSO: 7084 RY 2020-01-05 2340 AA9VI 599 IL N3XL 599 MD
QSO: 7084 RY 2020-01-05 2342 AA9VI 599 IL WA3AAN 599 PA
QSO: 7084 RY 2020-01-05 2343 AA9VI 599 IL N6IE 599 CA
QSO: 7084 RY 2020-01-05 2344 AA9VI 599 IL KD2DVW 599 NJ
QSO: 7084 RY 2020-01-05 2344 AA9VI 599 IL W4BAB 599 GA
QSO: 7084 RY 2020-01-05 2345 AA9VI 599 IL W1TO 599 MA
QSO: 7084 RY 2020-01-05 2345 AA9VI 599 IL K6MM 599 CA
QSO: 7084 RY 2020-01-05 2347 AA9VI 599 IL W4BNO 599 VA
QSO: 7084 RY 2020-01-05 2348 AA9VI 599 IL N6AUS 599 CA
QSO: 7084 RY 2020-01-05 2348 AA9VI 599 IL N6JV 599 CA
QSO: 3578 RY 2020-01-05 2351 AA9VI 599 IL KB8O 599 OH
QSO: 3563 RY 2020-01-05 2357 AA9VI 599 IL WZ8P 599 OH
END-OF-LOG: