START-OF-LOG: 3.0
CREATED-BY: home made
CALLSIGN: OK2SGY
CATEGORY-ASSISTED: NON-ASSISTED
CATEGORY-TRANSMITTER: ONE
CATEGORY-POWER: LOW
CATEGORY-OPERATOR: SINGLE-OP
CATEGORY-STATION: FIXED
CATEGORY-BAND: ALL
CONTEST: CQ-WPX-CW
NAME: Pavel Chmelar
QSO:      14000 CW 2012-05-26 0048 OK2SGY       599  0001   KT1R         599 060
QSO:      14000 CW 2012-05-26 0050 OK2SGY       599  0002   4U1ITU       599 100
QSO:      14000 CW 2012-05-26 0051 OK2SGY       599  0003   NG3R         599 096
QSO:      14000 CW 2012-05-26 0053 OK2SGY       599  0004   SZ1A         599 063
QSO:      14000 CW 2012-05-26 0055 OK2SGY       599  0005   N8PW         599 066
QSO:      14000 CW 2012-05-26 0056 OK2SGY       599  0006   K2AXX        599 007
QSO:      14000 CW 2012-05-26 0057 OK2SGY       599  0007   K8GL         599 096
QSO:      14000 CW 2012-05-26 0059 OK2SGY       599  0008   NA4K         599 093
QSO:      14000 CW 2012-05-26 0059 OK2SGY       599  0009   K9NW         599 090
QSO:      14000 CW 2012-05-26 0100 OK2SGY       599  0010   NW2K         599 046
QSO:      14000 CW 2012-05-26 0102 OK2SGY       599  0011   NQ1W         599 059
QSO:      14000 CW 2012-05-26 0105 OK2SGY       599  0012   PY2KJ        599 024
QSO:      14000 CW 2012-05-26 0105 OK2SGY       599  0013   N2ED         599 067
QSO:      14000 CW 2012-05-26 0106 OK2SGY       599  0014   YT2AAA       599 069
QSO:      14000 CW 2012-05-26 0108 OK2SGY       599  0015   K2VV         599 153
QSO:      14000 CW 2012-05-26 0109 OK2SGY       599  0016   NR4M         599 151
QSO:      14000 CW 2012-05-26 0110 OK2SGY       599  0017   KM3T         599 170
QSO:      14000 CW 2012-05-26 0113 OK2SGY       599  0018   KV4FZ        599 075
QSO:      14000 CW 2012-05-26 0114 OK2SGY       599  0019   K1LZ         599 156
QSO:      14000 CW 2012-05-26 0124 OK2SGY       599  0020   RT9J         599 008
QSO:      14000 CW 2012-05-26 0127 OK2SGY       599  0021   4O2A         599 218
QSO:      14000 CW 2012-05-26 0128 OK2SGY       599  0022   WU3I         599 026
QSO:      14000 CW 2012-05-26 0130 OK2SGY       599  0023   N5WR         599 213
QSO:      14000 CW 2012-05-26 0131 OK2SGY       599  0024   N2PP         599 160
QSO:      14000 CW 2012-05-26 0132 OK2SGY       599  0025   N1LN         599 121
QSO:      14000 CW 2012-05-26 0137 OK2SGY       599  0026   NN3L         599 165
QSO:      14000 CW 2012-05-26 0139 OK2SGY       599  0027   K2CYE        599 069
QSO:      14000 CW 2012-05-26 0140 OK2SGY       599  0028   NK1Z         599 160
QSO:      14000 CW 2012-05-26 0143 OK2SGY       599  0029   CR3A         599 242
QSO:      14000 CW 2012-05-26 0143 OK2SGY       599  0030   WV4R         599 197
QSO:      14000 CW 2012-05-26 0145 OK2SGY       599  0031   CO8TW        599 063
QSO:      14000 CW 2012-05-26 0147 OK2SGY       599  0032   V31UB        599 256
QSO:      14000 CW 2012-05-26 0152 OK2SGY       599  0033   CS2W         599 199
QSO:      14000 CW 2012-05-26 0154 OK2SGY       599  0034   VY2TT        599 278
QSO:      14000 CW 2012-05-26 0157 OK2SGY       599  0035   VE2OXA       599 045
QSO:      14000 CW 2012-05-26 0203 OK2SGY       599  0036   NA4RR        599 135
QSO:      14000 CW 2012-05-26 0206 OK2SGY       599  0037   AG6AU        599 021
QSO:      14000 CW 2012-05-26 0208 OK2SGY       599  0038   4Z4AK        599 227
QSO:      14000 CW 2012-05-26 0212 OK2SGY       599  0039   PW7T         599 239
QSO:      14000 CW 2012-05-26 0213 OK2SGY       599  0040   WA1FCN       599 110
QSO:      14000 CW 2012-05-26 0215 OK2SGY       599  0041   KG9N         599 009
QSO:      14000 CW 2012-05-26 0223 OK2SGY       599  0042   K9QVB        599 171
QSO:       7000 CW 2012-05-26 0225 OK2SGY       599  0043   EF8M         599 348
QSO:       7000 CW 2012-05-26 0227 OK2SGY       599  0044   4L0A         599 299
QSO:       7000 CW 2012-05-26 0228 OK2SGY       599  0045   GQ8SRS       599 098
QSO:       7000 CW 2012-05-26 0229 OK2SGY       599  0046   Z31MM        599 124
QSO:       7000 CW 2012-05-26 0230 OK2SGY       599  0047   DK8ZZ        599 194
QSO:       7000 CW 2012-05-26 0231 OK2SGY       599  0048   LZ8E         599 275
QSO:       7000 CW 2012-05-26 0234 OK2SGY       599  0049   KV4FZ        599 204
QSO:       7000 CW 2012-05-26 0237 OK2SGY       599  0050   HB0/DL5HA    599 182
QSO:       7000 CW 2012-05-26 0238 OK2SGY       599  0051   W2TZ         599 140
QSO:       7000 CW 2012-05-26 0240 OK2SGY       599  0052   WA1UJ        599 245
QSO:       7000 CW 2012-05-26 0241 OK2SGY       599  0053   OL1C         599 206
QSO:       7000 CW 2012-05-26 0243 OK2SGY       599  0054   HP1WW        599 188
QSO:       7000 CW 2012-05-26 0245 OK2SGY       599  0055   G4IIY        599 234
QSO:       7000 CW 2012-05-26 0245 OK2SGY       599  0056   F5USY        599 251
QSO:       7000 CW 2012-05-26 0247 OK2SGY       599  0057   TM5A         599 232
QSO:       7000 CW 2012-05-26 0249 OK2SGY       599  0058   G6MC         599 217
QSO:       7000 CW 2012-05-26 0250 OK2SGY       599  0059   YP9W         599 228
QSO:       7000 CW 2012-05-26 0252 OK2SGY       599  0060   VY2TT        599 426
QSO:       7000 CW 2012-05-26 0253 OK2SGY       599  0061   4O3A         599 415
QSO:       7000 CW 2012-05-26 0254 OK2SGY       599  0062   UT8EU        599 156
QSO:       7000 CW 2012-05-26 0255 OK2SGY       599  0063   OK7Y         599 196
QSO:       7000 CW 2012-05-26 0255 OK2SGY       599  0064   LY5I         599 205
QSO:       7000 CW 2012-05-26 0256 OK2SGY       599  0065   TC2X         599 349
QSO:       7000 CW 2012-05-26 0257 OK2SGY       599  0066   OK2D         599 216
QSO:       7000 CW 2012-05-26 0258 OK2SGY       599  0067   PW7T         599 291
QSO:       7000 CW 2012-05-26 0303 OK2SGY       599  0068   P40H         599 318
QSO:       7000 CW 2012-05-26 0303 OK2SGY       599  0069   UA6AKD       599 115
QSO:       7000 CW 2012-05-26 0306 OK2SGY       599  0070   LN3Z         599 265
QSO:      14000 CW 2012-05-26 0306 OK2SGY       599  0071   K1TR         599 127
QSO:      14000 CW 2012-05-26 0308 OK2SGY       599  0072   WU3A         599 309
QSO:      14000 CW 2012-05-26 0314 OK2SGY       599  0073   K3IT         599 222
QSO:      14000 CW 2012-05-26 0318 OK2SGY       599  0074   AK1W         599 460
QSO:      14000 CW 2012-05-26 0320 OK2SGY       599  0075   HK1NA        599 377
QSO:      14000 CW 2012-05-26 0322 OK2SGY       599  0076   KK5I         599 339
QSO:      14000 CW 2012-05-26 0327 OK2SGY       599  0077   3G1D         599 173
QSO:      14000 CW 2012-05-26 0331 OK2SGY       599  0078   N8BJQ        599 272
QSO:      14000 CW 2012-05-26 0336 OK2SGY       599  0079   CO6LP        599 057
QSO:      14000 CW 2012-05-26 0338 OK2SGY       599  0080   KX0A         599 225
QSO:      14000 CW 2012-05-26 0342 OK2SGY       599  0081   N5DO         599 214
QSO:      14000 CW 2012-05-26 0344 OK2SGY       599  0082   VE9HF        599 342
QSO:      14000 CW 2012-05-26 0346 OK2SGY       599  0083   NB2T         599 182
QSO:      14000 CW 2012-05-26 0349 OK2SGY       599  0084   4L9A         599 490
QSO:      14000 CW 2012-05-26 0351 OK2SGY       599  0085   KY7M         599 131
QSO:      14000 CW 2012-05-26 0354 OK2SGY       599  0086   W7VF         599 388
QSO:      14000 CW 2012-05-26 0401 OK2SGY       599  0087   KY0W         599 244
QSO:      14000 CW 2012-05-26 0405 OK2SGY       599  0088   KP2M         599 449
QSO:      14000 CW 2012-05-26 0406 OK2SGY       599  0089   W3KL         599 158
QSO:      14000 CW 2012-05-26 0408 OK2SGY       599  0090   KR7O         599 436
QSO:      14000 CW 2012-05-26 0418 OK2SGY       599  0091   NQ4I         599 423
QSO:      14000 CW 2012-05-26 0423 OK2SGY       599  0092   NG3R         599 455
QSO:      14000 CW 2012-05-26 0425 OK2SGY       599  0093   WI0WA        599 259
QSO:      14000 CW 2012-05-26 0426 OK2SGY       599  0094   RC7A         599 237
QSO:      14000 CW 2012-05-26 0427 OK2SGY       599  0095   W4CU         599 222
QSO:      14000 CW 2012-05-26 0429 OK2SGY       599  0096   NN5J         599 498
QSO:      14000 CW 2012-05-26 0429 OK2SGY       599  0097   RT9A         599 279
QSO:      14000 CW 2012-05-26 0431 OK2SGY       599  0098   SV9/SQ9UM    599 207
QSO:      14000 CW 2012-05-26 0432 OK2SGY       599  0099   7Z1HJ        599 058
QSO:      14000 CW 2012-05-26 0433 OK2SGY       599  0100   KB9UWU       599 224
QSO:      14000 CW 2012-05-26 0443 OK2SGY       599  0101   A71W         599 484
QSO:      14000 CW 2012-05-26 0445 OK2SGY       599  0102   EA8CAC       599 189
QSO:      14000 CW 2012-05-26 0449 OK2SGY       599  0103   UN6LN        599 083
QSO:      14000 CW 2012-05-26 0451 OK2SGY       599  0104   UA4W         599 406
QSO:      14000 CW 2012-05-26 0453 OK2SGY       599  0105   TC7C         599 442
QSO:      14000 CW 2012-05-26 0453 OK2SGY       599  0106   RF9C         599 680
QSO:      14000 CW 2012-05-26 0455 OK2SGY       599  0107   LZ8E         599 493
QSO:      14000 CW 2012-05-26 0457 OK2SGY       599  0108   NS1S         599 428
QSO:       7000 CW 2012-05-26 0501 OK2SGY       599  0109   DJ5MW        599 457
QSO:       7000 CW 2012-05-26 0501 OK2SGY       599  0110   DR5N         599 442
QSO:       7000 CW 2012-05-26 0503 OK2SGY       599  0111   WC1M         599 555
QSO:       7000 CW 2012-05-26 0521 OK2SGY       599  0112   TM51B        599 283
QSO:       7000 CW 2012-05-26 0522 OK2SGY       599  0113   W1UJ         599 517
QSO:       7000 CW 2012-05-26 0523 OK2SGY       599  0114   SN8R         599 514
QSO:       7000 CW 2012-05-26 0524 OK2SGY       599  0115   HB9CIC       599 086
QSO:       7000 CW 2012-05-26 0527 OK2SGY       599  0116   YT1R         599 527
QSO:       7000 CW 2012-05-26 0529 OK2SGY       599  0117   DJ8EW        599 161
QSO:       7000 CW 2012-05-26 0530 OK2SGY       599  0118   IV3AZV       599 020
QSO:       7000 CW 2012-05-26 0532 OK2SGY       599  0119   GM5A         599 347
QSO:       7000 CW 2012-05-26 0533 OK2SGY       599  0120   S57U         599 247
QSO:       7000 CW 2012-05-26 0533 OK2SGY       599  0121   RZ3BW        599 392
QSO:       7000 CW 2012-05-26 0536 OK2SGY       599  0122   DK2FG        599 242
QSO:       7000 CW 2012-05-26 0536 OK2SGY       599  0123   EA6SX        599 469
QSO:       7000 CW 2012-05-26 0538 OK2SGY       599  0124   LX7I         599 547
QSO:       7000 CW 2012-05-26 0540 OK2SGY       599  0125   ES1AN        599 216
QSO:       7000 CW 2012-05-26 0541 OK2SGY       599  0126   NY4A         599 539
QSO:       7000 CW 2012-05-26 0543 OK2SGY       599  0127   OK1UG        599 306
QSO:       7000 CW 2012-05-26 0545 OK2SGY       599  0128   UR5KED       599 093
QSO:       7000 CW 2012-05-26 0546 OK2SGY       599  0129   DD5M         599 237
QSO:       7000 CW 2012-05-26 0547 OK2SGY       599  0130   OK5WF        599 186
QSO:       7000 CW 2012-05-26 0550 OK2SGY       599  0131   S56X         599 453
QSO:       7000 CW 2012-05-26 0552 OK2SGY       599  0132   4U1ITU       599 616
QSO:       7000 CW 2012-05-26 0554 OK2SGY       599  0133   YU1EL        599 328
QSO:       7000 CW 2012-05-26 0554 OK2SGY       599  0134   LY7A         599 388
QSO:       7000 CW 2012-05-26 0555 OK2SGY       599  0135   DJ3HW        599 172
QSO:       7000 CW 2012-05-26 0556 OK2SGY       599  0136   OK6Y         599 360
QSO:       7000 CW 2012-05-26 0600 OK2SGY       599  0137   IK3UNA/1     599 115
QSO:      21000 CW 2012-05-26 0605 OK2SGY       599  0138   UP6P         599 248
QSO:      21000 CW 2012-05-26 0606 OK2SGY       599  0139   RQ9I         599 108
QSO:      21000 CW 2012-05-26 0608 OK2SGY       599  0140   A73A         599 685
QSO:      21000 CW 2012-05-26 0610 OK2SGY       599  0141   F5OGL        599 046
QSO:      21000 CW 2012-05-26 0611 OK2SGY       599  0142   UV0I         599 186
QSO:      21000 CW 2012-05-26 0612 OK2SGY       599  0143   RM9I         599 384
QSO:      21000 CW 2012-05-26 0614 OK2SGY       599  0144   EC5CR        599 102
QSO:      21000 CW 2012-05-26 0614 OK2SGY       599  0145   R3QA         599 151
QSO:      21000 CW 2012-05-26 0616 OK2SGY       599  0146   UN9GD        599 444
QSO:      14000 CW 2012-05-26 0617 OK2SGY       599  0147   OH3JF        599 112
QSO:      14000 CW 2012-05-26 0620 OK2SGY       599  0148   KL7AF        599 301
QSO:      14000 CW 2012-05-26 0624 OK2SGY       599  0149   EV6Z         599 179
QSO:      14000 CW 2012-05-26 0624 OK2SGY       599  0150   WZ4F         599 561
QSO:      14000 CW 2012-05-26 0632 OK2SGY       599  0151   N2MM         599 580
QSO:      14000 CW 2012-05-26 0636 OK2SGY       599  0152   Z39A         599 007
QSO:      14000 CW 2012-05-26 0638 OK2SGY       599  0153   ED1R         599 579
QSO:      14000 CW 2012-05-26 0640 OK2SGY       599  0154   YT0Z         599 638
QSO:      14000 CW 2012-05-26 0641 OK2SGY       599  0155   LZ7A         599 350
QSO:      14000 CW 2012-05-26 0641 OK2SGY       599  0156   F5IN         599 448
QSO:      14000 CW 2012-05-26 0642 OK2SGY       599  0157   LZ9W         599 660
QSO:      14000 CW 2012-05-26 0643 OK2SGY       599  0158   I1NVU        599 091
QSO:      14000 CW 2012-05-26 0644 OK2SGY       599  0159   OH0X         599 618
QSO:      14000 CW 2012-05-26 0644 OK2SGY       599  0160   SK3W         599 452
QSO:      14000 CW 2012-05-26 0646 OK2SGY       599  0161   GM0F         599 834
QSO:      14000 CW 2012-05-26 0647 OK2SGY       599  0162   UT2UB        599 281
QSO:      14000 CW 2012-05-26 0647 OK2SGY       599  0163   WM3T         599 702
QSO:      14000 CW 2012-05-26 0649 OK2SGY       599  0164   NU2F         599 756
QSO:      14000 CW 2012-05-26 0651 OK2SGY       599  0165   HB9ARF       599 269
QSO:      14000 CW 2012-05-26 0652 OK2SGY       599  0166   LY2T         599 420
QSO:      14000 CW 2012-05-26 0652 OK2SGY       599  0167   N4WW         599 563
QSO:      14000 CW 2012-05-26 0655 OK2SGY       599  0168   E76X         599 802
QSO:      14000 CW 2012-05-26 0656 OK2SGY       599  0169   SJ2W         599 749
QSO:      14000 CW 2012-05-26 0658 OK2SGY       599  0170   ES4RD        599 207
QSO:      14000 CW 2012-05-26 0815 OK2SGY       599  0171   RX3DBG       599 190
QSO:      14000 CW 2012-05-26 0817 OK2SGY       599  0172   UA9LAO       599 323
QSO:      14000 CW 2012-05-26 0819 OK2SGY       599  0173   SD7X         599 137
QSO:      14000 CW 2012-05-26 0821 OK2SGY       599  0174   PA5KT        599 512
QSO:      21000 CW 2012-05-26 0826 OK2SGY       599  0175   OG0Z         599 879
QSO:      21000 CW 2012-05-26 0829 OK2SGY       599  0176   EA5FID       599 164
QSO:      21000 CW 2012-05-26 0831 OK2SGY       599  0177   LZ2HR        599 256
QSO:      21000 CW 2012-05-26 0853 OK2SGY       599  0178   RT8O         599 205
QSO:      21000 CW 2012-05-26 0854 OK2SGY       599  0179   JA7NVF       599 403
QSO:      21000 CW 2012-05-26 0857 OK2SGY       599  0180   CS2C         599 629
QSO:      21000 CW 2012-05-26 0859 OK2SGY       599  0181   TC7C         599 954
QSO:      21000 CW 2012-05-26 0859 OK2SGY       599  0182   GM0F         599 1020
QSO:      21000 CW 2012-05-26 0901 OK2SGY       599  0183   SZ1A         599 655
QSO:      21000 CW 2012-05-26 0908 OK2SGY       599  0184   ST2AR        599 1021
QSO:      21000 CW 2012-05-26 0908 OK2SGY       599  0185   UW1M         599 898
QSO:      21000 CW 2012-05-26 0911 OK2SGY       599  0186   ES9C         599 1418
QSO:      21000 CW 2012-05-26 0912 OK2SGY       599  0187   YL9T         599 136
QSO:      21000 CW 2012-05-26 0915 OK2SGY       599  0188   IQ2LS        599 776
QSO:      21000 CW 2012-05-26 0916 OK2SGY       599  0189   OG1M         599 774
QSO:      21000 CW 2012-05-26 0917 OK2SGY       599  0190   EF3A         599 447
QSO:      21000 CW 2012-05-26 0918 OK2SGY       599  0191   OH10X        599 489
QSO:      21000 CW 2012-05-26 0921 OK2SGY       599  0192   RW0A         599 661
QSO:      21000 CW 2012-05-26 0923 OK2SGY       599  0193   RN3F         599 344
QSO:      21000 CW 2012-05-26 0924 OK2SGY       599  0194   G5D          599 650
QSO:      21000 CW 2012-05-26 0927 OK2SGY       599  0195   KP2M         599 1168
QSO:      21000 CW 2012-05-26 0927 OK2SGY       599  0196   GM2V         599 220
QSO:      21000 CW 2012-05-26 0930 OK2SGY       599  0197   SV1BJW       599 199
QSO:      21000 CW 2012-05-26 0932 OK2SGY       599  0198   RU5A         599 599
QSO:      21000 CW 2012-05-26 0932 OK2SGY       599  0199   SJ2W         599 1002
QSO:      21000 CW 2012-05-26 0936 OK2SGY       599  0200   A71W         599 960
QSO:      14000 CW 2012-05-26 1000 OK2SGY       599  0201   LZ1BJ        599 120
QSO:      14000 CW 2012-05-26 1002 OK2SGY       599  0202   J48HW        599 503
QSO:      14000 CW 2012-05-26 1017 OK2SGY       599  0203   RM5D         599 710
QSO:      14000 CW 2012-05-26 1018 OK2SGY       599  0204   RO6A         599 567
QSO:      14000 CW 2012-05-26 1020 OK2SGY       599  0205   DB50EFA      599 058
QSO:      14000 CW 2012-05-26 1021 OK2SGY       599  0206   LY2W         599 140
QSO:      14000 CW 2012-05-26 1022 OK2SGY       599  0207   DL9ZP        599 446
QSO:      14000 CW 2012-05-26 1023 OK2SGY       599  0208   UA4CNZ       599 031
QSO:      14000 CW 2012-05-26 1027 OK2SGY       599  0209   RT2M         599 289
QSO:      14000 CW 2012-05-26 1028 OK2SGY       599  0210   IK2HDF       599 579
QSO:      14000 CW 2012-05-26 1029 OK2SGY       599  0211   K3ZM         599 361
QSO:      14000 CW 2012-05-26 1032 OK2SGY       599  0212   IZ8JFL/1     599 116
QSO:      14000 CW 2012-05-26 1033 OK2SGY       599  0213   OL1C         599 685
QSO:      14000 CW 2012-05-26 1034 OK2SGY       599  0214   LY7A         599 891
QSO:      14000 CW 2012-05-26 1035 OK2SGY       599  0215   RA4LW        599 069
QSO:      14000 CW 2012-05-26 1036 OK2SGY       599  0216   EV6M         599 128
QSO:      14000 CW 2012-05-26 1046 OK2SGY       599  0217   UA1ZZ        599 406
QSO:      14000 CW 2012-05-26 1047 OK2SGY       599  0218   R3QA         599 417
QSO:      14000 CW 2012-05-26 1106 OK2SGY       599  0219   RT4RO        599 817
QSO:      14000 CW 2012-05-26 1108 OK2SGY       599  0220   RZ9AN        599 352
QSO:      14000 CW 2012-05-26 1111 OK2SGY       599  0221   GI4DOH       599 237
QSO:      14000 CW 2012-05-26 1111 OK2SGY       599  0222   IZ5NFD       599 082
QSO:      14000 CW 2012-05-26 1113 OK2SGY       599  0223   LY5R         599 536
QSO:      14000 CW 2012-05-26 1114 OK2SGY       599  0224   OQ5M         599 381
QSO:      14000 CW 2012-05-26 1117 OK2SGY       599  0225   RW4WA        599 575
QSO:      14000 CW 2012-05-26 1118 OK2SGY       599  0226   LX7I         599 1037
QSO:      14000 CW 2012-05-26 1119 OK2SGY       599  0227   TC2X         599 734
QSO:      14000 CW 2012-05-26 1122 OK2SGY       599  0228   TK4A         599 666
QSO:      14000 CW 2012-05-26 1126 OK2SGY       599  0229   RN6MA        599 144
QSO:      14000 CW 2012-05-26 1127 OK2SGY       599  0230   RN3F         599 718
QSO:      21000 CW 2012-05-26 1130 OK2SGY       599  0231   WK1Q         599 580
QSO:      21000 CW 2012-05-26 1133 OK2SGY       599  0232   JA6ZPR       599 227
QSO:      21000 CW 2012-05-26 1135 OK2SGY       599  0233   JR1AIB       599 744
QSO:      21000 CW 2012-05-26 1137 OK2SGY       599  0234   K3ZM         599 426
QSO:      21000 CW 2012-05-26 1142 OK2SGY       599  0235   UP2L         599 1366
QSO:      21000 CW 2012-05-26 1143 OK2SGY       599  0236   A65BD        599 919
QSO:      21000 CW 2012-05-26 1145 OK2SGY       599  0237   AD4Z         599 801
QSO:      21000 CW 2012-05-26 1148 OK2SGY       599  0238   VE1OP        599 203
QSO:      21000 CW 2012-05-26 1149 OK2SGY       599  0239   UA9MA        599 896
QSO:      21000 CW 2012-05-26 1150 OK2SGY       599  0240   W4RM         599 031
QSO:      14000 CW 2012-05-26 1232 OK2SGY       599  0241   RT9S         599 662
QSO:      14000 CW 2012-05-26 1234 OK2SGY       599  0242   YO4DW        599 245
QSO:      14000 CW 2012-05-26 1234 OK2SGY       599  0243   RW4NY        599 190
QSO:      14000 CW 2012-05-26 1235 OK2SGY       599  0244   SM5F         599 269
QSO:      14000 CW 2012-05-26 1237 OK2SGY       599  0245   PA5WT        599 322
QSO:      14000 CW 2012-05-26 1241 OK2SGY       599  0246   EA3GXJ       599 709
QSO:      14000 CW 2012-05-26 1243 OK2SGY       599  0247   EU6AF        599 365
QSO:      14000 CW 2012-05-26 1244 OK2SGY       599  0248   RQ5D         599 565
QSO:      14000 CW 2012-05-26 1246 OK2SGY       599  0249   OH8X         599 923
QSO:      14000 CW 2012-05-26 1249 OK2SGY       599  0250   RV6YB        599 117
QSO:      21000 CW 2012-05-26 1320 OK2SGY       599  0251   VC2W         599 546
QSO:      21000 CW 2012-05-26 1323 OK2SGY       599  0252   VC3O         599 1026
QSO:      21000 CW 2012-05-26 1324 OK2SGY       599  0253   N3UM         599 386
QSO:      21000 CW 2012-05-26 1326 OK2SGY       599  0254   M2W          599 891
QSO:      21000 CW 2012-05-26 1331 OK2SGY       599  0255   VE3EJ        599 1012
QSO:      21000 CW 2012-05-26 1332 OK2SGY       599  0256   K1ZR         599 198
QSO:      21000 CW 2012-05-26 1334 OK2SGY       599  0257   AK1W         599 1208
QSO:      21000 CW 2012-05-26 1335 OK2SGY       599  0258   KD4D         599 572
QSO:      21000 CW 2012-05-26 1336 OK2SGY       599  0259   UA5A         599 1199
QSO:      21000 CW 2012-05-26 1341 OK2SGY       599  0260   RT4F         599 2098
QSO:      14000 CW 2012-05-26 1410 OK2SGY       599  0261   DM0B         599 588
QSO:      14000 CW 2012-05-26 1411 OK2SGY       599  0262   MJ0CFW       599 665
QSO:      14000 CW 2012-05-26 1413 OK2SGY       599  0263   RV3ZN        599 149
QSO:      14000 CW 2012-05-26 1414 OK2SGY       599  0264   F4WAX        599 391
QSO:      14000 CW 2012-05-26 1443 OK2SGY       599  0265   YO9OC        599 485
QSO:      14000 CW 2012-05-26 1446 OK2SGY       599  0266   UA9TF        599 304
QSO:      14000 CW 2012-05-26 1447 OK2SGY       599  0267   UA1ODM       599 147
QSO:      14000 CW 2012-05-26 1449 OK2SGY       599  0268   F5VSY        599 954
QSO:      14000 CW 2012-05-26 1450 OK2SGY       599  0269   DF2UU        599 682
QSO:      14000 CW 2012-05-26 1450 OK2SGY       599  0270   UA9MA        599 1030
QSO:      14000 CW 2012-05-26 1453 OK2SGY       599  0271   EW6GF        599 273
QSO:      14000 CW 2012-05-26 1455 OK2SGY       599  0272   RK0UT        599 335
QSO:      14000 CW 2012-05-26 1455 OK2SGY       599  0273   R9DA         599 501
QSO:      14000 CW 2012-05-26 1458 OK2SGY       599  0274   RC0F         599 540
QSO:      14000 CW 2012-05-26 1459 OK2SGY       599  0275   YP5A         599 673
QSO:      14000 CW 2012-05-26 1636 OK2SGY       599  0276   RT0C         599 1430
QSO:      14000 CW 2012-05-26 1638 OK2SGY       599  0277   RX9AF        599 593
QSO:      14000 CW 2012-05-26 1641 OK2SGY       599  0278   JT1CO        599 485
QSO:      14000 CW 2012-05-26 1642 OK2SGY       599  0279   OK7AW        599 553
QSO:      14000 CW 2012-05-26 1644 OK2SGY       599  0280   9A4WY        599 810
QSO:      14000 CW 2012-05-26 1646 OK2SGY       599  0281   UX2U         599 1105
QSO:      14000 CW 2012-05-26 1701 OK2SGY       599  0282   UN2E         599 600
QSO:      14000 CW 2012-05-26 1702 OK2SGY       599  0283   ES9C         599 2488
QSO:      14000 CW 2012-05-26 1706 OK2SGY       599  0284   YE0X         599 302
QSO:      14000 CW 2012-05-26 1709 OK2SGY       599  0285   JA1JKG       599 544
QSO:      14000 CW 2012-05-26 1711 OK2SGY       599  0286   8S6E         599 955
QSO:      14000 CW 2012-05-26 1711 OK2SGY       599  0287   OK2D         599 1068
QSO:      14000 CW 2012-05-26 1713 OK2SGY       599  0288   SE2I         599 420
QSO:      14000 CW 2012-05-26 1714 OK2SGY       599  0289   G6MC         599 750
QSO:      14000 CW 2012-05-26 1716 OK2SGY       599  0290   JE1LFX       599 506
QSO:      14000 CW 2012-05-26 1717 OK2SGY       599  0291   CR3L         599 1260
QSO:      14000 CW 2012-05-26 1719 OK2SGY       599  0292   RX4YY        599 116
QSO:      14000 CW 2012-05-26 1720 OK2SGY       599  0293   Z35G         599 204
QSO:      14000 CW 2012-05-26 1723 OK2SGY       599  0294   JH4UYB       599 1312
QSO:      14000 CW 2012-05-26 1729 OK2SGY       599  0295   RU3UW        599 115
QSO:      14000 CW 2012-05-26 1731 OK2SGY       599  0296   RQ9I         599 424
QSO:      14000 CW 2012-05-26 1819 OK2SGY       599  0297   XP2I         599 615
QSO:      14000 CW 2012-05-26 1820 OK2SGY       599  0298   G3XTT        599 995
QSO:      14000 CW 2012-05-26 1821 OK2SGY       599  0299   UR7MZ        599 425
QSO:      14000 CW 2012-05-26 1822 OK2SGY       599  0300   UW2M         599 1312
QSO:      14000 CW 2012-05-26 1824 OK2SGY       599  0301   PB2JJ        599 01
QSO:      14000 CW 2012-05-26 1827 OK2SGY       599  0302   RY3F         599 184
QSO:      14000 CW 2012-05-26 1830 OK2SGY       599  0303   7J1YAJ       599 429
QSO:      14000 CW 2012-05-26 1837 OK2SGY       599  0304   VK3TDX       599 602
QSO:      14000 CW 2012-05-26 1839 OK2SGY       599  0305   JI3BFC       599 502
QSO:      14000 CW 2012-05-26 1840 OK2SGY       599  0306   EN1C         599 705
QSO:      14000 CW 2012-05-26 1841 OK2SGY       599  0307   UT5M         599 209
QSO:      14000 CW 2012-05-26 1843 OK2SGY       599  0308   EF5Y         599 1311
QSO:      14000 CW 2012-05-26 1845 OK2SGY       599  0309   RW4NJ        599 142
QSO:      14000 CW 2012-05-26 1846 OK2SGY       599  0310   GM4WZG       599 406
QSO:      14000 CW 2012-05-26 1847 OK2SGY       599  0311   RM9I         599 1386
QSO:      14000 CW 2012-05-26 1851 OK2SGY       599  0312   RZ1AWZ       599 605
QSO:      14000 CW 2012-05-26 1853 OK2SGY       599  0313   IR9Y         599 1297
QSO:      14000 CW 2012-05-26 1905 OK2SGY       599  0314   RA6MQ        599 127
QSO:      14000 CW 2012-05-26 1910 OK2SGY       599  0315   JR6GIM       599 398
QSO:      14000 CW 2012-05-26 1914 OK2SGY       599  0316   OM100IG      599 926
QSO:      14000 CW 2012-05-26 1919 OK2SGY       599  0317   BG2AUE       599 480
QSO:      14000 CW 2012-05-26 1926 OK2SGY       599  0318   JH0INP       599 743
QSO:      14000 CW 2012-05-26 1929 OK2SGY       599  0319   LZ2PS        599 747
QSO:      14000 CW 2012-05-26 1931 OK2SGY       599  0320   WF2B         599 691
QSO:      14000 CW 2012-05-26 1932 OK2SGY       599  0321   JR4GPA       599 315
QSO:      14000 CW 2012-05-26 1933 OK2SGY       599  0322   UZ5ZV        599 053
QSO:      14000 CW 2012-05-26 1935 OK2SGY       599  0323   EM2G         599 1463
QSO:      14000 CW 2012-05-26 1936 OK2SGY       599  0324   LZ5W         599 958
QSO:      14000 CW 2012-05-26 1938 OK2SGY       599  0325   KF3B         599 1146
QSO:      14000 CW 2012-05-26 1944 OK2SGY       599  0326   R7AW         599 1105
QSO:      14000 CW 2012-05-26 1947 OK2SGY       599  0327   DA2C         599 1435
QSO:      14000 CW 2012-05-26 1951 OK2SGY       599  0328   VC3O         599 1686
QSO:      14000 CW 2012-05-26 1952 OK2SGY       599  0329   YT2T         599 1119
QSO:      14000 CW 2012-05-26 1953 OK2SGY       599  0330   YO3ND        599 747
QSO:      14000 CW 2012-05-26 1954 OK2SGY       599  0331   UN2C         599 469
QSO:      14000 CW 2012-05-26 1956 OK2SGY       599  0332   NW9X         599 790
QSO:      14000 CW 2012-05-26 1957 OK2SGY       599  0333   N8II         599 172
QSO:      14000 CW 2012-05-26 2004 OK2SGY       599  0334   ER6A         599 1087
QSO:       7000 CW 2012-05-26 2007 OK2SGY       599  0335   LA2AB        599 419
QSO:       7000 CW 2012-05-26 2007 OK2SGY       599  0336   I2CZQ        599 268
QSO:       7000 CW 2012-05-26 2033 OK2SGY       599  0337   YU7W         599 833
QSO:       7000 CW 2012-05-26 2033 OK2SGY       599  0338   UA5A         599 1849
QSO:       7000 CW 2012-05-26 2034 OK2SGY       599  0339   RN3F         599 623
QSO:       7000 CW 2012-05-26 2036 OK2SGY       599  0340   SW8A         599 1997
QSO:       7000 CW 2012-05-26 2037 OK2SGY       599  0341   OK2RRR       599 747
QSO:       7000 CW 2012-05-26 2038 OK2SGY       599  0342   E71A         599 942
QSO:       7000 CW 2012-05-26 2040 OK2SGY       599  0343   OH2XX        599 265
QSO:       7000 CW 2012-05-26 2042 OK2SGY       599  0344   OH2LNH       599 434
QSO:       7000 CW 2012-05-26 2043 OK2SGY       599  0345   UT4EK        599 476
QSO:       7000 CW 2012-05-26 2045 OK2SGY       599  0346   OK1CID       599 484
QSO:       7000 CW 2012-05-26 2047 OK2SGY       599  0347   UP4L         599 1249
QSO:       7000 CW 2012-05-26 2048 OK2SGY       599  0348   OK7FL        599 222
QSO:       7000 CW 2012-05-26 2048 OK2SGY       599  0349   RT9A         599 1432
QSO:       7000 CW 2012-05-26 2049 OK2SGY       599  0350   OH2BAH       599 276
QSO:       7000 CW 2012-05-26 2051 OK2SGY       599  0351   9A4J         599 943
QSO:       7000 CW 2012-05-26 2052 OK2SGY       599  0352   DJ2RG        599 290
QSO:       7000 CW 2012-05-26 2054 OK2SGY       599  0353   LZ1DNY       599 502
QSO:       7000 CW 2012-05-26 2057 OK2SGY       599  0354   HA1TI        599 290
QSO:       7000 CW 2012-05-26 2058 OK2SGY       599  0355   DR1A         599 1055
QSO:       7000 CW 2012-05-26 2059 OK2SGY       599  0356   RA3AV        599 458
QSO:       7000 CW 2012-05-26 2100 OK2SGY       599  0357   YT8T         599 547
QSO:       7000 CW 2012-05-26 2104 OK2SGY       599  0358   OP4K         599 1085
QSO:       7000 CW 2012-05-26 2106 OK2SGY       599  0359   DK0ED        599 949
QSO:       7000 CW 2012-05-26 2107 OK2SGY       599  0360   DJ1MM        599 166
QSO:       7000 CW 2012-05-26 2112 OK2SGY       599  0361   UU9JH        599 427
QSO:      14000 CW 2012-05-26 2113 OK2SGY       599  0362   RU9I         599 204
QSO:      14000 CW 2012-05-26 2115 OK2SGY       599  0363   W3EF         599 1034
QSO:      14000 CW 2012-05-26 2126 OK2SGY       599  0364   GS0TOW       599 181
QSO:      14000 CW 2012-05-27 0308 OK2SGY       599  0365   R7DX         599 027
QSO:      14000 CW 2012-05-27 0310 OK2SGY       599  0366   NT2A         599 689
QSO:      14000 CW 2012-05-27 0314 OK2SGY       599  0367   RW0AJ        599 643
QSO:      14000 CW 2012-05-27 0317 OK2SGY       599  0368   PJ2T         599 1745
QSO:      14000 CW 2012-05-27 0318 OK2SGY       599  0369   RM4HW/6      599 109
QSO:      14000 CW 2012-05-27 0323 OK2SGY       599  0370   VE7SV        599 1787
QSO:      14000 CW 2012-05-27 0327 OK2SGY       599  0371   RT8O         599 431
QSO:      14000 CW 2012-05-27 0330 OK2SGY       599  0372   WR0A         599 425
QSO:      14000 CW 2012-05-27 0332 OK2SGY       599  0373   K9CC         599 798
QSO:      14000 CW 2012-05-27 0335 OK2SGY       599  0374   K2XR         599 404
QSO:      14000 CW 2012-05-27 0336 OK2SGY       599  0375   W1UJ         599 1478
QSO:      14000 CW 2012-05-27 0338 OK2SGY       599  0376   NC9IL        599 158
QSO:      14000 CW 2012-05-27 0342 OK2SGY       599  0377   RV4AB        599 484
QSO:      14000 CW 2012-05-27 0342 OK2SGY       599  0378   RM3F         599 1774
QSO:      14000 CW 2012-05-27 0344 OK2SGY       599  0379   KE3X         599 2071
QSO:      14000 CW 2012-05-27 0345 OK2SGY       599  0380   N7FUL        599 250
QSO:      14000 CW 2012-05-27 0350 OK2SGY       599  0381   NU5A         599 2344
QSO:      14000 CW 2012-05-27 0350 OK2SGY       599  0382   WD9DZU       599 275
QSO:      14000 CW 2012-05-27 0353 OK2SGY       599  0383   N5AW         599 1476
QSO:      14000 CW 2012-05-27 0354 OK2SGY       599  0384   RM2U         599 1798
QSO:      14000 CW 2012-05-27 0358 OK2SGY       599  0385   K0HA         599 613
QSO:      14000 CW 2012-05-27 0400 OK2SGY       599  0386   4X0W         599 1428
QSO:      14000 CW 2012-05-27 0401 OK2SGY       599  0387   N4CW         599 1076
QSO:      14000 CW 2012-05-27 0403 OK2SGY       599  0388   N5WR         599 2393
QSO:      14000 CW 2012-05-27 0404 OK2SGY       599  0389   KG0F         599 2100
QSO:      14000 CW 2012-05-27 0409 OK2SGY       599  0390   NA8V         599 1064
QSO:      14000 CW 2012-05-27 0415 OK2SGY       599  0391   VK2IM        599 1195
QSO:      14000 CW 2012-05-27 0416 OK2SGY       599  0392   KU1CW        599 1934
QSO:      14000 CW 2012-05-27 0418 OK2SGY       599  0393   NK7U         599 1568
QSO:      14000 CW 2012-05-27 0426 OK2SGY       599  0394   RJ4F         599 397
QSO:      14000 CW 2012-05-27 0431 OK2SGY       599  0395   PW2T         599 1878
QSO:      14000 CW 2012-05-27 0436 OK2SGY       599  0396   OH3JF        599 581
QSO:      14000 CW 2012-05-27 0437 OK2SGY       599  0397   P40H         599 2672
QSO:      14000 CW 2012-05-27 0437 OK2SGY       599  0398   W3FW         599 683
QSO:      14000 CW 2012-05-27 0440 OK2SGY       599  0399   KV8Q         599 978
QSO:      14000 CW 2012-05-27 0443 OK2SGY       599  0400   VA7ST        599 792
QSO:      14000 CW 2012-05-27 0446 OK2SGY       599  0401   ST2AR        599 2545
QSO:      14000 CW 2012-05-27 0449 OK2SGY       599  0402   K1ZR         599 370
QSO:      14000 CW 2012-05-27 0513 OK2SGY       599  0403   RC5A         599 1509
QSO:      14000 CW 2012-05-27 0514 OK2SGY       599  0404   LZ5XQ        599 957
QSO:      14000 CW 2012-05-27 0516 OK2SGY       599  0405   VK2DX        599 481
QSO:      14000 CW 2012-05-27 0517 OK2SGY       599  0406   UZ5I         599 969
QSO:      14000 CW 2012-05-27 0518 OK2SGY       599  0407   P33W         599 4236
QSO:      14000 CW 2012-05-27 0521 OK2SGY       599  0408   K4PV         599 1276
QSO:      14000 CW 2012-05-27 0523 OK2SGY       599  0410   IN1FNW       599 901
QSO:      14000 CW 2012-05-27 0526 OK2SGY       599  0410   NS1S         599 1423
QSO:      14000 CW 2012-05-27 0528 OK2SGY       599  0411   W2JU         599 614
QSO:      14000 CW 2012-05-27 0529 OK2SGY       599  0412   UZ4I         599 1646
QSO:      14000 CW 2012-05-27 0530 OK2SGY       599  0413   WR3O         599 2254
QSO:      14000 CW 2012-05-27 0534 OK2SGY       599  0414   KQ8M         599 599
QSO:      14000 CW 2012-05-27 0539 OK2SGY       599  0415   HD2A         599 2173
QSO:      14000 CW 2012-05-27 0542 OK2SGY       599  0416   N3CZ         599 397
QSO:      14000 CW 2012-05-27 0544 OK2SGY       599  0417   EA6UN        599 017
QSO:      14000 CW 2012-05-27 0546 OK2SGY       599  0418   W9WI         599 473
QSO:      14000 CW 2012-05-27 0551 OK2SGY       599  0419   4U1GSC       599 1701
QSO:      14000 CW 2012-05-27 0555 OK2SGY       599  0420   4M1W         599 346
QSO:      14000 CW 2012-05-27 0559 OK2SGY       599  0421   UA3RF        599 988
QSO:      14000 CW 2012-05-27 0600 OK2SGY       599  0422   WW4R         599 2212
QSO:      14000 CW 2012-05-27 0600 OK2SGY       599  0423   DL4MCF       599 1655
QSO:      14000 CW 2012-05-27 0617 OK2SGY       599  0424   IR1X         599 192
QSO:      14000 CW 2012-05-27 0619 OK2SGY       599  0425   6Y3W         599 3209
QSO:      14000 CW 2012-05-27 0622 OK2SGY       599  0426   KC3R         599 2463
QSO:      14000 CW 2012-05-27 0623 OK2SGY       599  0427   F5POJ        599 263
QSO:      14000 CW 2012-05-27 0625 OK2SGY       599  0428   RK4R         599 414
QSO:      14000 CW 2012-05-27 0630 OK2SGY       599  0429   RA4DR        599 087
QSO:      14000 CW 2012-05-27 0632 OK2SGY       599  0430   OG0Z         599 2504
QSO:      14000 CW 2012-05-27 0634 OK2SGY       599  0431   UD3D         599 1076
QSO:      14000 CW 2012-05-27 0635 OK2SGY       599  0432   WK5T         599 2892
QSO:       7000 CW 2012-05-27 0639 OK2SGY       599  0433   SP9BNT       599 324
QSO:       7000 CW 2012-05-27 0640 OK2SGY       599  0434   DL3YM        599 1193
QSO:       7000 CW 2012-05-27 0641 OK2SGY       599  0435   S52ZW        599 629
QSO:       7000 CW 2012-05-27 0642 OK2SGY       599  0436   IZ4JMA       599 357
QSO:       7000 CW 2012-05-27 0643 OK2SGY       599  0437   YU7D         599 498
QSO:       7000 CW 2012-05-27 0645 OK2SGY       599  0438   DM2RN        599 214
QSO:       7000 CW 2012-05-27 0647 OK2SGY       599  0439   DQ4W         599 993
QSO:       7000 CW 2012-05-27 0650 OK2SGY       599  0440   DG7EE        599 706
QSO:       7000 CW 2012-05-27 0650 OK2SGY       599  0441   IZ1GAR       599 1018
QSO:       7000 CW 2012-05-27 0653 OK2SGY       599  0442   OK1Z         599 2107
QSO:       7000 CW 2012-05-27 0654 OK2SGY       599  0443   HA2NA        599 519
QSO:       7000 CW 2012-05-27 0656 OK2SGY       599  0444   II2E         599 1977
QSO:       7000 CW 2012-05-27 0659 OK2SGY       599  0445   YQ5Q         599 917
QSO:       7000 CW 2012-05-27 0702 OK2SGY       599  0446   DM6V         599 2799
QSO:       7000 CW 2012-05-27 0704 OK2SGY       599  0447   9A8M         599 2767
QSO:       7000 CW 2012-05-27 0705 OK2SGY       599  0448   LY1M         599 175
QSO:       7000 CW 2012-05-27 0707 OK2SGY       599  0449   HA5SE        599 710
QSO:       7000 CW 2012-05-27 0708 OK2SGY       599  0450   9A22P        599 3148
QSO:      21000 CW 2012-05-27 0732 OK2SGY       599  0451   GB2FRA       599 912
QSO:      21000 CW 2012-05-27 0733 OK2SGY       599  0452   R5GA         599 2458
QSO:      21000 CW 2012-05-27 0734 OK2SGY       599  0453   G3P          599 716
QSO:      21000 CW 2012-05-27 0737 OK2SGY       599  0454   PA73N        599 1554
QSO:      21000 CW 2012-05-27 0740 OK2SGY       599  0455   RZ4AG        599 552
QSO:      21000 CW 2012-05-27 0743 OK2SGY       599  0456   DA0I         599 2099
QSO:      21000 CW 2012-05-27 0743 OK2SGY       599  0457   RK9JWV       599 213
QSO:      21000 CW 2012-05-27 0749 OK2SGY       599  0458   RW4NJ        599 427
QSO:      21000 CW 2012-05-27 0752 OK2SGY       599  0459   RK0AB        599 717
QSO:      21000 CW 2012-05-27 0755 OK2SGY       599  0460   NP4Z         599 2149
QSO:      21000 CW 2012-05-27 0757 OK2SGY       599  0461   RK9UC        599 206
QSO:      21000 CW 2012-05-27 0758 OK2SGY       599  0462   RA4S         599 1539
QSO:      21000 CW 2012-05-27 0759 OK2SGY       599  0463   ED1R         599 1540
QSO:      21000 CW 2012-05-27 0801 OK2SGY       599  0464   DL0GL        599 1727
QSO:      21000 CW 2012-05-27 0803 OK2SGY       599  0465   RT0C         599 2346
QSO:      21000 CW 2012-05-27 0805 OK2SGY       599  0466   F5KEQ        599 927
QSO:      21000 CW 2012-05-27 0807 OK2SGY       599  0467   OG30OJ       599 1289
QSO:      21000 CW 2012-05-27 0808 OK2SGY       599  0468   YL6W         599 1009
QSO:      21000 CW 2012-05-27 0809 OK2SGY       599  0469   RZ1AWZ       599 853
QSO:      21000 CW 2012-05-27 0811 OK2SGY       599  0470   RA3SI        599 763
QSO:      21000 CW 2012-05-27 0812 OK2SGY       599  0471   JO3JIS       599 1568
QSO:      21000 CW 2012-05-27 0814 OK2SGY       599  0472   LZ4AE        599 578
QSO:      21000 CW 2012-05-27 0817 OK2SGY       599  0473   ES9C         599 4157
QSO:      21000 CW 2012-05-27 0818 OK2SGY       599  0474   IR4X         599 2189
QSO:      21000 CW 2012-05-27 0820 OK2SGY       599  0475   YU2AA        599 403
QSO:      21000 CW 2012-05-27 0821 OK2SGY       599  0476   R9UT         599 921
QSO:      21000 CW 2012-05-27 0822 OK2SGY       599  0477   LA9TJA       599 168
QSO:      21000 CW 2012-05-27 0822 OK2SGY       599  0478   R0DX         599 837
QSO:      21000 CW 2012-05-27 0826 OK2SGY       599  0479   DL1WA        599 1548
QSO:      21000 CW 2012-05-27 0829 OK2SGY       599  0480   YO3KIA       599 580
QSO:      21000 CW 2012-05-27 0830 OK2SGY       599  0481   OH3JF        599 791
QSO:      21000 CW 2012-05-27 0833 OK2SGY       599  0482   DL2SAX       599 032
QSO:      21000 CW 2012-05-27 0835 OK2SGY       599  0483   TA3X         599 098
QSO:      21000 CW 2012-05-27 0835 OK2SGY       599  0484   Z33F         599 618
QSO:      21000 CW 2012-05-27 0836 OK2SGY       599  0485   RU4SO        599 768
QSO:      21000 CW 2012-05-27 0844 OK2SGY       599  0486   LZ9W         599 1920
QSO:      21000 CW 2012-05-27 0845 OK2SGY       599  0487   YT0T         599 2243
QSO:      21000 CW 2012-05-27 0845 OK2SGY       599  0488   YU1KX        599 1727
QSO:      21000 CW 2012-05-27 0847 OK2SGY       599  0489   F5OGL        599 975
QSO:      21000 CW 2012-05-27 0849 OK2SGY       599  0490   RK3ER        599 1577
QSO:      21000 CW 2012-05-27 0905 OK2SGY       599  0491   LZ40YE       599 480
QSO:      21000 CW 2012-05-27 0908 OK2SGY       599  0492   9A5D         599 1263
QSO:      21000 CW 2012-05-27 0908 OK2SGY       599  0493   PA3AAV       599 1332
QSO:      21000 CW 2012-05-27 0910 OK2SGY       599  0494   CR1X         599 2292
QSO:      21000 CW 2012-05-27 0914 OK2SGY       599  0495   IR1X         599 381
QSO:      21000 CW 2012-05-27 0918 OK2SGY       599  0496   M7A          599 1872
QSO:      21000 CW 2012-05-27 0919 OK2SGY       599  0497   RT4RO        599 2240
QSO:      21000 CW 2012-05-27 0920 OK2SGY       599  0498   YT3B         599 1651
QSO:      21000 CW 2012-05-27 0922 OK2SGY       599  0499   YL8M         599 2179
QSO:      21000 CW 2012-05-27 0924 OK2SGY       599  0500   JA8RWU       599 1776
QSO:      21000 CW 2012-05-27 0929 OK2SGY       599  0501   EC4CBZ       599 376
QSO:      21000 CW 2012-05-27 0931 OK2SGY       599  0502   PA2REH       599 412
QSO:      21000 CW 2012-05-27 0934 OK2SGY       599  0503   TM51B        599 1823
QSO:      21000 CW 2012-05-27 0935 OK2SGY       599  0504   RF9C         599 4077
QSO:      21000 CW 2012-05-27 0935 OK2SGY       599  0505   RA1AL        599 113
QSO:      21000 CW 2012-05-27 0936 OK2SGY       599  0506   OK2D         599 1470
QSO:      21000 CW 2012-05-27 0938 OK2SGY       599  0507   PA3FQA       599 081
QSO:      21000 CW 2012-05-27 0938 OK2SGY       599  0508   TK4A         599 749
QSO:      21000 CW 2012-05-27 0940 OK2SGY       599  0509   JH0NEC       599 763
QSO:      21000 CW 2012-05-27 0941 OK2SGY       599  0510   LY7A         599 1342
QSO:      21000 CW 2012-05-27 0956 OK2SGY       599  0511   LZ7A         599 1357
QSO:      21000 CW 2012-05-27 0959 OK2SGY       599  0512   G6AY         599 093
QSO:      21000 CW 2012-05-27 1000 OK2SGY       599  0513   J48HW        599 1348
QSO:      21000 CW 2012-05-27 1002 OK2SGY       599  0514   M3W          599 1236
QSO:      21000 CW 2012-05-27 1003 OK2SGY       599  0515   IZ5DKJ       599 329
QSO:      21000 CW 2012-05-27 1004 OK2SGY       599  0516   R2DO         599 616
QSO:      21000 CW 2012-05-27 1006 OK2SGY       599  0517   GQ8SRS       599 945
QSO:      21000 CW 2012-05-27 1007 OK2SGY       599  0518   UA3DPM       599 022
QSO:      21000 CW 2012-05-27 1008 OK2SGY       599  0519   OG6N         599 1867
QSO:      21000 CW 2012-05-27 1012 OK2SGY       599  0520   LZ7S         599 1336
QSO:      14000 CW 2012-05-27 1032 OK2SGY       599  0521   LY2LF        599 254
QSO:      14000 CW 2012-05-27 1033 OK2SGY       599  0522   UY0ZN        599 1939
QSO:      14000 CW 2012-05-27 1034 OK2SGY       599  0523   I1EIS        599 882
QSO:      14000 CW 2012-05-27 1034 OK2SGY       599  0524   UZ0U         599 822
QSO:      14000 CW 2012-05-27 1037 OK2SGY       599  0525   EC4CBZ       599 221
QSO:      14000 CW 2012-05-27 1038 OK2SGY       599  0526   SA1A         599 538
QSO:      14000 CW 2012-05-27 1040 OK2SGY       599  0527   R7MM         599 1792
QSO:      14000 CW 2012-05-27 1041 OK2SGY       599  0528   OH7KBF       599 489
QSO:      14000 CW 2012-05-27 1043 OK2SGY       599  0529   RA3EA        599 943
QSO:      14000 CW 2012-05-27 1044 OK2SGY       599  0530   RM3Z         599 837
QSO:      14000 CW 2012-05-27 1045 OK2SGY       599  0531   SE0X         599 1686
QSO:      14000 CW 2012-05-27 1049 OK2SGY       599  0532   UA2FL        599 1014
QSO:      14000 CW 2012-05-27 1050 OK2SGY       599  0533   F8AEE        599 688
QSO:      14000 CW 2012-05-27 1051 OK2SGY       599  0534   VC3O         599 2416
QSO:      14000 CW 2012-05-27 1053 OK2SGY       599  0535   GM5A         599 1591
QSO:      14000 CW 2012-05-27 1053 OK2SGY       599  0536   R1NA         599 350
QSO:      14000 CW 2012-05-27 1054 OK2SGY       599  0537   K3MD         599 1167
QSO:      14000 CW 2012-05-27 1056 OK2SGY       599  0538   VE9HF        599 1679
QSO:      14000 CW 2012-05-27 1057 OK2SGY       599  0539   UT7I         599 1378
QSO:      14000 CW 2012-05-27 1101 OK2SGY       599  0540   R7FF         599 1406
QSO:      14000 CW 2012-05-27 1102 OK2SGY       599  0541   SC3N         599 1092
QSO:      14000 CW 2012-05-27 1103 OK2SGY       599  0542   DR5N         599 2586
QSO:      14000 CW 2012-05-27 1105 OK2SGY       599  0543   YL2KF        599 605
QSO:      14000 CW 2012-05-27 1107 OK2SGY       599  0544   TA3D         599 445
QSO:      14000 CW 2012-05-27 1108 OK2SGY       599  0545   RV4CT        599 283
QSO:      14000 CW 2012-05-27 1111 OK2SGY       599  0546   NV1N         599 1540
QSO:      14000 CW 2012-05-27 1112 OK2SGY       599  0547   LY2XW        599 733
QSO:      14000 CW 2012-05-27 1114 OK2SGY       599  0548   YT2IS        599 003
QSO:      14000 CW 2012-05-27 1114 OK2SGY       599  0549   VO1HP        599 081
QSO:      14000 CW 2012-05-27 1116 OK2SGY       599  0550   LY2IJ        599 191
QSO:      14000 CW 2012-05-27 1227 OK2SGY       599  0551   TF3GB        599 686
QSO:      14000 CW 2012-05-27 1229 OK2SGY       599  0552   UW5U         599 1620
QSO:      14000 CW 2012-05-27 1231 OK2SGY       599  0553   IR2T         599 1234
QSO:      14000 CW 2012-05-27 1233 OK2SGY       599  0554   R4WDX        599 431
QSO:      14000 CW 2012-05-27 1234 OK2SGY       599  0555   R7AO         599 536
QSO:      14000 CW 2012-05-27 1236 OK2SGY       599  0556   EW8OF        599 543
QSO:      14000 CW 2012-05-27 1239 OK2SGY       599  0557   RW3WX        599 298
QSO:      14000 CW 2012-05-27 1240 OK2SGY       599  0558   US7L         599 1639
QSO:      14000 CW 2012-05-27 1243 OK2SGY       599  0559   OZ4CG        599 771
QSO:      14000 CW 2012-05-27 1244 OK2SGY       599  0560   RC9O         599 2310
QSO:      14000 CW 2012-05-27 1246 OK2SGY       599  0561   UA5A         599 2517
QSO:      21000 CW 2012-05-27 1249 OK2SGY       599  0562   VE3YAA       599 1716
QSO:      21000 CW 2012-05-27 1249 OK2SGY       599  0563   WC1M         599 2669
QSO:      21000 CW 2012-05-27 1251 OK2SGY       599  0564   WW2DX        599 3201
QSO:      21000 CW 2012-05-27 1251 OK2SGY       599  0565   NR4M         599 1712
QSO:      21000 CW 2012-05-27 1253 OK2SGY       599  0566   K1LZ         599 2628
QSO:      21000 CW 2012-05-27 1255 OK2SGY       599  0567   3V8BB        599 2335
QSO:      21000 CW 2012-05-27 1256 OK2SGY       599  0568   CT3KN        599 302
QSO:      21000 CW 2012-05-27 1259 OK2SGY       599  0569   JN4MMO       599 1125
QSO:      21000 CW 2012-05-27 1304 OK2SGY       599  0570   AE1T         599 330
QSO:      21000 CW 2012-05-27 1308 OK2SGY       599  0571   9K2RA        599 2865
QSO:      21000 CW 2012-05-27 1311 OK2SGY       599  0572   K0DEQ        599 334
QSO:      21000 CW 2012-05-27 1313 OK2SGY       599  0573   NS1S         599 1273
QSO:      21000 CW 2012-05-27 1321 OK2SGY       599  0574   N4GS         599 492
QSO:      21000 CW 2012-05-27 1325 OK2SGY       599  0575   VE5ZX        599 599439
QSO:      21000 CW 2012-05-27 1327 OK2SGY       599  0576   K9CT         599 1291
QSO:      21000 CW 2012-05-27 1328 OK2SGY       599  0577   RA7A         599 570
QSO:      21000 CW 2012-05-27 1331 OK2SGY       599  0578   PW7T         599 2026
QSO:      21000 CW 2012-05-27 1334 OK2SGY       599  0579   NU5A         599 2993
QSO:      21000 CW 2012-05-27 1337 OK2SGY       599  0580   UA9WOB       599 944
QSO:      21000 CW 2012-05-27 1338 OK2SGY       599  0581   KS9K         599 1749
QSO:      21000 CW 2012-05-27 1343 OK2SGY       599  0582   DM5U         599 3394
QSO:      21000 CW 2012-05-27 1344 OK2SGY       599  0583   PJ4Y         599 2392
QSO:      21000 CW 2012-05-27 1345 OK2SGY       599  0584   W3KB         599 895
QSO:      21000 CW 2012-05-27 1348 OK2SGY       599  0585   VE3CX        599 917
QSO:      21000 CW 2012-05-27 1350 OK2SGY       599  0586   HK1NA        599 2392
QSO:      21000 CW 2012-05-27 1355 OK2SGY       599  0587   NK1Z         599 1125
QSO:      21000 CW 2012-05-27 1404 OK2SGY       599  0588   KL7RA        599 2206
QSO:      21000 CW 2012-05-27 1404 OK2SGY       599  0589   NN3L         599 1501
QSO:      21000 CW 2012-05-27 1410 OK2SGY       599  0590   ZX5J         599 2153
QSO:      21000 CW 2012-05-27 1414 OK2SGY       599  0591   NY3A         599 2587
QSO:      21000 CW 2012-05-27 1422 OK2SGY       599  0592   K0DQ         599 3042
QSO:      21000 CW 2012-05-27 1424 OK2SGY       599  0593   NU2F         599 2641
QSO:      21000 CW 2012-05-27 1429 OK2SGY       599  0594   AE5XQ        599 1490
QSO:      21000 CW 2012-05-27 1432 OK2SGY       599  0595   CS2W         599 2412
QSO:      28000 CW 2012-05-27 1436 OK2SGY       599  0596   LN3Z         599 2581
QSO:      28000 CW 2012-05-27 1437 OK2SGY       599  0597   LS1D         599 867
QSO:      28000 CW 2012-05-27 1444 OK2SGY       599  0598   GM1F         599 452
QSO:      28000 CW 2012-05-27 1455 OK2SGY       599  0599   AY5F         599 1546
QSO:      28000 CW 2012-05-27 1458 OK2SGY       599  0600   EF8M         599 3610
QSO:      28000 CW 2012-05-27 1459 OK2SGY       599  0601   PA5WT        599 844
QSO:      28000 CW 2012-05-27 1501 OK2SGY       599  0602   GI0RQK       599 1428
QSO:      28000 CW 2012-05-27 1502 OK2SGY       599  0603   WN1GIV       599 815
QSO:      28000 CW 2012-05-27 1504 OK2SGY       599  0604   AD4Z         599 2578
QSO:      28000 CW 2012-05-27 1505 OK2SGY       599  0605   EA8BEX       599 404
QSO:      28000 CW 2012-05-27 1507 OK2SGY       599  0606   9A3VM        599 861
QSO:      28000 CW 2012-05-27 1508 OK2SGY       599  0607   EA8BQM       599 292
QSO:      28000 CW 2012-05-27 1509 OK2SGY       599  0608   LO2F         599 2250
QSO:      28000 CW 2012-05-27 1515 OK2SGY       599  0609   EI7X         599 1899
QSO:      28000 CW 2012-05-27 1520 OK2SGY       599  0610   6V7S         599 2884
QSO:      28000 CW 2012-05-27 1523 OK2SGY       599  0611   GM3SEK       599 078
QSO:      28000 CW 2012-05-27 1526 OK2SGY       599  0612   OM100IG      599 2109
QSO:      28000 CW 2012-05-27 1555 OK2SGY       599  0613   CR3L         599 2810
QSO:      21000 CW 2012-05-27 1603 OK2SGY       599  0614   K8GL         599 1828
QSO:      21000 CW 2012-05-27 1605 OK2SGY       599  0615   K3MD         599 1414
QSO:      21000 CW 2012-05-27 1606 OK2SGY       599  0616   LA8OM        599 2336
QSO:      21000 CW 2012-05-27 1606 OK2SGY       599  0617   SD7X         599 469
QSO:      21000 CW 2012-05-27 1610 OK2SGY       599  0618   ND2T         599 747
QSO:      21000 CW 2012-05-27 1612 OK2SGY       599  0619   WK5T         599 3543
QSO:      21000 CW 2012-05-27 1614 OK2SGY       599  0620   RA9AP        599 1465
QSO:      21000 CW 2012-05-27 1616 OK2SGY       599  0621   NY6N         599 2549
QSO:      21000 CW 2012-05-27 1617 OK2SGY       599  0622   W8MJ         599 2209
QSO:      21000 CW 2012-05-27 1621 OK2SGY       599  0623   6V7S         599 2988
QSO:      21000 CW 2012-05-27 1622 OK2SGY       599  0624   NK7U         599 1771
QSO:      21000 CW 2012-05-27 1623 OK2SGY       599  0625   AA3B         599 2978
QSO:      21000 CW 2012-05-27 1625 OK2SGY       599  0626   KR4Z         599 2035
QSO:      21000 CW 2012-05-27 1628 OK2SGY       599  0627   RW9QA        599 070
QSO:      21000 CW 2012-05-27 1631 OK2SGY       599  0628   KU2M         599 1317
QSO:      21000 CW 2012-05-27 1633 OK2SGY       599  0629   P49Y         599 2968
QSO:      21000 CW 2012-05-27 1635 OK2SGY       599  0630   KE3X         599 2695
QSO:      21000 CW 2012-05-27 1642 OK2SGY       599  0631   WR3Z         599 2178
QSO:      21000 CW 2012-05-27 1647 OK2SGY       599  0632   HI5A         599 808
QSO:      21000 CW 2012-05-27 1657 OK2SGY       599  0633   WM3T         599 2745
QSO:      21000 CW 2012-05-27 1658 OK2SGY       599  0634   UA1ANA       599 1794
QSO:      21000 CW 2012-05-27 1700 OK2SGY       599  0635   RF9W         599 088
QSO:      21000 CW 2012-05-27 1715 OK2SGY       599  0636   K3CT         599 548
QSO:      21000 CW 2012-05-27 1717 OK2SGY       599  0637   WF2B         599 1367
QSO:      21000 CW 2012-05-27 1721 OK2SGY       599  0638   JE1ZWT       599 1155
QSO:      21000 CW 2012-05-27 1724 OK2SGY       599  0639   JE7YSS       599 528
QSO:      21000 CW 2012-05-27 1728 OK2SGY       599  0640   NY4A         599 3455
QSO:      21000 CW 2012-05-27 1735 OK2SGY       599  0641   UN6G         599 2062
QSO:      21000 CW 2012-05-27 1803 OK2SGY       599  0642   N5WR         599 3032
QSO:      21000 CW 2012-05-27 1809 OK2SGY       599  0643   EF7X         599 3729
QSO:      21000 CW 2012-05-27 1811 OK2SGY       599  0644   9A5X         599 2731
QSO:      14000 CW 2012-05-27 1814 OK2SGY       599  0645   R8MD         599 758
QSO:       7000 CW 2012-05-27 1817 OK2SGY       599  0646   UA6LCN       599 893
QSO:       7000 CW 2012-05-27 1820 OK2SGY       599  0647   OM7M         599 3781
QSO:       7000 CW 2012-05-27 1820 OK2SGY       599  0648   S57Z         599 1168
QSO:       7000 CW 2012-05-27 1821 OK2SGY       599  0649   UW5Y         599 1392
QSO:       7000 CW 2012-05-27 1823 OK2SGY       599  0650   EM100RU      599 365
QSO:       7000 CW 2012-05-27 1824 OK2SGY       599  0651   S50G         599 1588
QSO:       7000 CW 2012-05-27 1825 OK2SGY       599  0652   S57AL        599 2401
QSO:       7000 CW 2012-05-27 1826 OK2SGY       599  0653   RM3F         599 2704
QSO:       7000 CW 2012-05-27 1827 OK2SGY       599  0654   HA6NL        599 1383
QSO:       7000 CW 2012-05-27 1828 OK2SGY       599  0655   RZ3VA        599 064
QSO:       7000 CW 2012-05-27 1829 OK2SGY       599  0656   S50C         599 2774
QSO:       7000 CW 2012-05-27 1831 OK2SGY       599  0657   OL3Z         599 1434
QSO:       7000 CW 2012-05-27 1833 OK2SGY       599  0658   DF8AE        599 532
QSO:       7000 CW 2012-05-27 1833 OK2SGY       599  0659   OK7AW        599 1270
QSO:       7000 CW 2012-05-27 1834 OK2SGY       599  0660   RW4NJ        599 849
QSO:       7000 CW 2012-05-27 1845 OK2SGY       599  0661   HG3R         599 2974
QSO:       3500 CW 2012-05-27 1849 OK2SGY       599  0662   S58WW        599 490
QSO:       3500 CW 2012-05-27 1849 OK2SGY       599  0663   OK7T         599 119
QSO:       3500 CW 2012-05-27 1851 OK2SGY       599  0664   S56CW        599 565
QSO:       3500 CW 2012-05-27 1852 OK2SGY       599  0665   TM3Q         599 711
QSO:       3500 CW 2012-05-27 1852 OK2SGY       599  0666   YU1ED        599 431
QSO:       3500 CW 2012-05-27 1854 OK2SGY       599  0667   SN2M         599 864
QSO:       3500 CW 2012-05-27 2021 OK2SGY       599  0668   UP2L         599 3371
QSO:       3500 CW 2012-05-27 2022 OK2SGY       599  0669   DL3KWF       599 1174
QSO:       3500 CW 2012-05-27 2023 OK2SGY       599  0670   LY7A         599 659
QSO:       3500 CW 2012-05-27 2024 OK2SGY       599  0671   SP9GTS       599 600
QSO:       3500 CW 2012-05-27 2028 OK2SGY       599  0672   UP0L         599 2969
QSO:       3500 CW 2012-05-27 2029 OK2SGY       599  0673   E75A         599 186
QSO:       3500 CW 2012-05-27 2032 OK2SGY       599  0674   EA3AKA       599 199
QSO:       3500 CW 2012-05-27 2033 OK2SGY       599  0675   DR5N         599 3138
QSO:       3500 CW 2012-05-27 2034 OK2SGY       599  0676   YO5PBF       599 687
QSO:       3500 CW 2012-05-27 2035 OK2SGY       599  0677   SE0X         599 1937
QSO:       3500 CW 2012-05-27 2036 OK2SGY       599  0678   RM3F         599 2825
QSO:       3500 CW 2012-05-27 2039 OK2SGY       599  0679   DJ1YFK       599 2710
QSO:       3500 CW 2012-05-27 2040 OK2SGY       599  0680   OH6MW        599 654
QSO:       3500 CW 2012-05-27 2042 OK2SGY       599  0681   RU1A         599 5545
QSO:       3500 CW 2012-05-27 2043 OK2SGY       599  0682   OK1FKD       599 547
QSO:       3500 CW 2012-05-27 2044 OK2SGY       599  0683   OM7LM        599 166
QSO:       3500 CW 2012-05-27 2045 OK2SGY       599  0684   DL5YL        599 492
QSO:       3500 CW 2012-05-27 2046 OK2SGY       599  0685   OK5T         599 2608
QSO:       3500 CW 2012-05-27 2048 OK2SGY       599  0686   OE3KAB       599 853
QSO:       3500 CW 2012-05-27 2050 OK2SGY       599  0687   HA6OA        599 1086
QSO:       3500 CW 2012-05-27 2050 OK2SGY       599  0688   EW6CU        599 949
QSO:       3500 CW 2012-05-27 2052 OK2SGY       599  0689   DL4MCF       599 2445
QSO:       3500 CW 2012-05-27 2053 OK2SGY       599  0690   TM3Q         599 781
QSO:       3500 CW 2012-05-27 2054 OK2SGY       599  0691   SP9BNW       599 580
QSO:       3500 CW 2012-05-27 2055 OK2SGY       599  0692   S56A         599 994
QSO:       3500 CW 2012-05-27 2057 OK2SGY       599  0693   YL2SM        599 2715
QSO:       3500 CW 2012-05-27 2057 OK2SGY       599  0694   LY6A         599 2848
QSO:       3500 CW 2012-05-27 2058 OK2SGY       599  0695   LZ9W         599 904
QSO:       3500 CW 2012-05-27 2059 OK2SGY       599  0696   SN9V         599 2015
QSO:       3500 CW 2012-05-27 2100 OK2SGY       599  0697   IK2HDF       599 1863
QSO:       3500 CW 2012-05-27 2101 OK2SGY       599  0698   DR3W         599 940
QSO:       3500 CW 2012-05-27 2102 OK2SGY       599  0699   DR1A         599 986
QSO:       3500 CW 2012-05-27 2103 OK2SGY       599  0700   G6MC         599 1951
QSO:       3500 CW 2012-05-27 2103 OK2SGY       599  0701   S54O         599 529
QSO:       3500 CW 2012-05-27 2105 OK2SGY       599  0702   9A1A         599 803
QSO:       3500 CW 2012-05-27 2106 OK2SGY       599  0703   YL2TB        599 861
QSO:       3500 CW 2012-05-27 2107 OK2SGY       599  0704   LZ1BJ        599 1192
QSO:       3500 CW 2012-05-27 2110 OK2SGY       599  0705   OZ2TF        599 704
QSO:       3500 CW 2012-05-27 2112 OK2SGY       599  0706   UA4W         599 2692
QSO:       3500 CW 2012-05-27 2113 OK2SGY       599  0707   DB50EFA      599 869
QSO:       3500 CW 2012-05-27 2115 OK2SGY       599  0708   OK2VX        599 471
QSO:       3500 CW 2012-05-27 2115 OK2SGY       599  0709   LY7Z         599 637
QSO:       3500 CW 2012-05-27 2118 OK2SGY       599  0710   F5VMN        599 393
QSO:       3500 CW 2012-05-27 2119 OK2SGY       599  0711   OL2U         599 975
QSO:       7000 CW 2012-05-27 2121 OK2SGY       599  0712   DK7VW        599 1139
QSO:       7000 CW 2012-05-27 2122 OK2SGY       599  0713   HA2MU        599 690
QSO:       7000 CW 2012-05-27 2123 OK2SGY       599  0714   DJ8OG        599 1341
QSO:       7000 CW 2012-05-27 2140 OK2SGY       599  0715   EW7BR        599 1128
QSO:       7000 CW 2012-05-27 2141 OK2SGY       599  0716   OL0W         599 274
QSO:       7000 CW 2012-05-27 2142 OK2SGY       599  0717   I2SND        599 898
QSO:       7000 CW 2012-05-27 2144 OK2SGY       599  0718   US7L         599 2133
QSO:       7000 CW 2012-05-27 2146 OK2SGY       599  0719   E79SD        599 084
QSO:       7000 CW 2012-05-27 2147 OK2SGY       599  0720   EN1C         599 1381
QSO:       7000 CW 2012-05-27 2149 OK2SGY       599  0721   DR8A         599 1576
QSO:       7000 CW 2012-05-27 2151 OK2SGY       599  0722   DF1MM        599 358
QSO:       7000 CW 2012-05-27 2152 OK2SGY       599  0723   LZ9W         599 1673
QSO:       7000 CW 2012-05-27 2155 OK2SGY       599  0724   IZ7DJR       599 170
QSO:       7000 CW 2012-05-27 2155 OK2SGY       599  0725   UY4I         599 2038
QSO:       7000 CW 2012-05-27 2158 OK2SGY       599  0726   9A1A         599 1613
QSO:       7000 CW 2012-05-27 2159 OK2SGY       599  0727   IQ2RS        599 2686
QSO:       7000 CW 2012-05-27 2201 OK2SGY       599  0728   IZ3AZV       599 612
QSO:       7000 CW 2012-05-27 2203 OK2SGY       599  0729   OM3ZWA       599 941
QSO:       7000 CW 2012-05-27 2204 OK2SGY       599  0730   HB9DVG       599 1524
QSO:      14000 CW 2012-05-27 2207 OK2SGY       599  0731   GS0TOW       599 436
QSO:       7000 CW 2012-05-27 2211 OK2SGY       599  0732   OM7JG        599 2176
QSO:       7000 CW 2012-05-27 2212 OK2SGY       599  0733   PI4DX        599 1243
END-OF-LOG:
