START-OF-LOG: 3.0
CONTEST: ARRL-DX-SSB
LOCATION: DX
CALLSIGN: SP5I
CATEGORY-OPERATOR: SINGLE-OP
CATEGORY-ASSISTED: ASSISTED
CATEGORY-POWER: HIGH
CATEGORY-BAND: ALL
CATEGORY-MODE: SSB
CATEGORY-STATION: FIXED
CATEGORY-TRANSMITTER: ONE
CREATED-BY: N1MM LOGGER+ 1.0.7535.0
OPERATORS: SP5I
HQ-CATEGORY: Single Operator Unlimited, High Power
HQ-GRID-LOCATOR: JO92rk
QSO: 14217 PH 2019-03-02 1523 SP5I 59 KW K1KI 59 CT
QSO: 14165 PH 2019-03-02 1543 SP5I 59 KW N1MM 59 CT
QSO: 14272 PH 2019-03-02 1547 SP5I 59 KW N3OC 59 MD
QSO: 14133 PH 2019-03-02 1550 SP5I 59 KW CJ3A 59 ON
QSO: 14147 PH 2019-03-02 1550 SP5I 59 KW VE3DZ 59 ON
QSO: 14151 PH 2019-03-02 1552 SP5I 59 KW K3LR 59 PA
QSO: 14152 PH 2019-03-02 1552 SP5I 59 KW W2RE 59 NY
QSO: 14155 PH 2019-03-02 1554 SP5I 59 KW AA1K 59 DE
QSO: 14157 PH 2019-03-02 1556 SP5I 59 KW N2MM 59 NJ
QSO: 14157 PH 2019-03-02 1557 SP5I 59 KW NN1C 59 MA
QSO: 14164 PH 2019-03-02 1600 SP5I 59 KW N2RJ 59 NJ
QSO: 14168 PH 2019-03-02 1602 SP5I 59 KW N1UR 59 VT
QSO: 14171 PH 2019-03-02 1603 SP5I 59 KW W4KZ 59 ME
QSO: 14137 PH 2019-03-02 1700 SP5I 59 KW VY2ZM 59 PE
QSO: 14161 PH 2019-03-02 1733 SP5I 59 KW K1LZ 59 MA
QSO: 14145 PH 2019-03-02 1734 SP5I 59 KW VY2TT 59 PE
QSO: 7119 PH 2019-03-02 2128 SP5I 59 KW VY2TT 59 PE
QSO: 7128 PH 2019-03-02 2132 SP5I 59 KW W2RE 59 NY
QSO: 7142 PH 2019-03-03 0106 SP5I 59 KW K3LR 59 PA
QSO: 7136 PH 2019-03-03 0108 SP5I 59 KW W3LPL 59 MD
QSO: 14196 PH 2019-03-03 1152 SP5I 59 KW NC1I 59 MA
QSO: 14191 PH 2019-03-03 1155 SP5I 59 KW N2SR 59 NJ
QSO: 14185 PH 2019-03-03 1155 SP5I 59 KW K1JB 59 ME
QSO: 14187 PH 2019-03-03 1156 SP5I 59 KW AA1ON 59 MA
QSO: 14293 PH 2019-03-03 1159 SP5I 59 KW KT4Q 59 FL
QSO: 14331 PH 2019-03-03 1201 SP5I 59 KW W1OO 59 ME
QSO: 14250 PH 2019-03-03 1204 SP5I 59 KW K1TTT 59 MA
QSO: 14296 PH 2019-03-03 1205 SP5I 59 KW K3PP 59 PA
QSO: 14325 PH 2019-03-03 1207 SP5I 59 KW KA1ZD 59 CT
QSO: 14257 PH 2019-03-03 1209 SP5I 59 KW W1GD 59 MA
QSO: 14239 PH 2019-03-03 1211 SP5I 59 KW N3RD 59 PA
QSO: 14226 PH 2019-03-03 1213 SP5I 59 KW N1PGA 59 MA
QSO: 14179 PH 2019-03-03 1222 SP5I 59 KW KQ2M 59 CT
QSO: 14176 PH 2019-03-03 1223 SP5I 59 KW K3WW 59 PA
QSO: 14170 PH 2019-03-03 1225 SP5I 59 KW K2XA 59 NY
QSO: 14169 PH 2019-03-03 1225 SP5I 59 KW K1VR 59 MA
QSO: 14163 PH 2019-03-03 1227 SP5I 59 KW K1RM 59 CT
QSO: 14153 PH 2019-03-03 1228 SP5I 59 KW W3LPL 59 MD
QSO: 14197 PH 2019-03-03 1236 SP5I 59 KW N9NB 59 VA
QSO: 14218 PH 2019-03-03 1318 SP5I 59 KW N3RS 59 PA
QSO: 14217 PH 2019-03-03 1323 SP5I 59 KW AA9A 59 WI
QSO: 14249 PH 2019-03-03 1326 SP5I 59 KW AB4B 59 AL
QSO: 14178 PH 2019-03-03 1330 SP5I 59 KW W9RE 59 IN
QSO: 14189 PH 2019-03-03 1331 SP5I 59 KW K3ZO 59 MD
QSO: 14196 PH 2019-03-03 1334 SP5I 59 KW K8AZ 59 OH
QSO: 14246 PH 2019-03-03 1336 SP5I 59 KW K1RX 59 NH
QSO: 14266 PH 2019-03-03 1338 SP5I 59 KW W5MX 59 KY
QSO: 14331 PH 2019-03-03 1341 SP5I 59 KW NA8V 59 MI
QSO: 14332 PH 2019-03-03 1343 SP5I 59 KW W2IRT 59 NJ
QSO: 14339 PH 2019-03-03 1348 SP5I 59 KW N5AW 59 TX
QSO: 14345 PH 2019-03-03 1350 SP5I 59 KW W3FIZ 59 PA
QSO: 14119 PH 2019-03-03 1352 SP5I 59 KW VA3FV 59 ON
QSO: 14133 PH 2019-03-03 1353 SP5I 59 KW VE3EJ 59 ON
QSO: 14148 PH 2019-03-03 1354 SP5I 59 KW VE2BWL 59 QC
QSO: 14153 PH 2019-03-03 1355 SP5I 59 KW N2NT 59 NJ
QSO: 14164 PH 2019-03-03 1356 SP5I 59 KW K3SW 59 PA
QSO: 14166 PH 2019-03-03 1357 SP5I 59 KW W4NF 59 VA
QSO: 14174 PH 2019-03-03 1557 SP5I 59 KW K5ZD 59 MA
QSO: 14177 PH 2019-03-03 1558 SP5I 59 KW NW3Y 59 DE
QSO: 14156 PH 2019-03-03 1602 SP5I 59 KW K5TR 59 TX
QSO: 14164 PH 2019-03-03 1605 SP5I 59 KW W1QK 59 CT
QSO: 14166 PH 2019-03-03 1606 SP5I 59 KW N1DD 59 MT
QSO: 14244 PH 2019-03-03 1614 SP5I 59 KW K2AX 59 NJ
QSO: 14245 PH 2019-03-03 1614 SP5I 59 KW K4AB 59 AL
QSO: 14248 PH 2019-03-03 1616 SP5I 59 KW AA3B 59 PA
QSO: 14344 PH 2019-03-03 1626 SP5I 59 KW N2OO 59 NJ
QSO: 14122 PH 2019-03-03 1632 SP5I 59 KW VE5MX 59 SK
QSO: 14153 PH 2019-03-03 1639 SP5I 59 KW W8PR 59 OH
QSO: 14186 PH 2019-03-03 1646 SP5I 59 KW W0EWD 59 IA
QSO: 14256 PH 2019-03-03 1653 SP5I 59 KW N3UA 59 VA
QSO: 14266 PH 2019-03-03 1654 SP5I 59 KW K3TC 59 MD
QSO: 14127 PH 2019-03-03 1659 SP5I 59 KW VE9MY 59 NB
QSO: 14177 PH 2019-03-03 1703 SP5I 59 KW K7RL 59 WA
QSO: 14246 PH 2019-03-03 1719 SP5I 59 KW K9CT 59 IL
QSO: 14167 PH 2019-03-03 1812 SP5I 59 KW WR2G 59 NJ
QSO: 14141 PH 2019-03-03 1819 SP5I 59 KW VA2WA 59 QC
QSO: 7172 PH 2019-03-03 1919 SP5I 59 KW WA1Z 59 NH
QSO: 7154 PH 2019-03-03 1923 SP5I 59 KW K1RX 59 NH
QSO: 7122 PH 2019-03-03 1927 SP5I 59 KW VO1MP 59 NL
QSO: 7129 PH 2019-03-03 1937 SP5I 59 KW W4KZ 59 ME
QSO: 7170 PH 2019-03-03 1949 SP5I 59 KW K1TTT 59 MA
QSO: 7065 PH 2019-03-03 2038 SP5I 59 KW VY2ZM 59 PE
END-OF-LOG: