START-OF-LOG: 3.0
CONTEST: CQ-WW-RTTY
CALLSIGN: CO2WL
LOCATION: DX
CATEGORY-OPERATOR: SINGLE-OP
CATEGORY-ASSISTED: NON-ASSISTED
CATEGORY-BAND: ALL
CATEGORY-POWER: LOW
CATEGORY-MODE: RTTY
CATEGORY-TRANSMITTER: ONE
CATEGORY-OVERLAY: CLASSIC
GRID-LOCATOR: EL83SX
CLAIMED-SCORE: 29656
NAME: LÁZARO ÁLVAREZ PADRÓN
OPERATORS: CO2WL
CREATED-BY: N1MM Logger V14.9.0
QSO:   14000 RY 2021-09-25 0007 CO2WL            599 08  DX   WA8MCD           599 04  MI   
QSO:   14000 RY 2021-09-25 0027 CO2WL            599 08  DX   K5ZD             599 05  MA   
QSO:   14000 RY 2021-09-25 0032 CO2WL            599 08  DX   XM3T             599 04  ON   
QSO:    7000 RY 2021-09-25 0054 CO2WL            599 08  DX   K3CCR            599 05  MD   
QSO:    7000 RY 2021-09-25 0055 CO2WL            599 08  DX   N3QE             599 05  MD   
QSO:    7000 RY 2021-09-25 0057 CO2WL            599 08  DX   VA3WW            599 04  ON   
QSO:    7000 RY 2021-09-25 0059 CO2WL            599 08  DX   G1N              599 14  DX   
QSO:    7000 RY 2021-09-25 0102 CO2WL            599 08  DX   W3KB             599 05  PA   
QSO:    7000 RY 2021-09-25 0115 CO2WL            599 08  DX   HI3T             599 08  DX   
QSO:    7000 RY 2021-09-25 0122 CO2WL            599 08  DX   K8KI             599 04  AL   
QSO:    7000 RY 2021-09-25 0122 CO2WL            599 08  DX   KQ3K             599 05  FL   
QSO:    7000 RY 2021-09-25 0123 CO2WL            599 08  DX   WD5DZV           599 04  LA   
QSO:    7000 RY 2021-09-25 0132 CO2WL            599 08  DX   N9LQ             599 04  IL   
QSO:    7000 RY 2021-09-25 0148 CO2WL            599 08  DX   NA3M             599 05  MD   
QSO:    7000 RY 2021-09-25 0149 CO2WL            599 08  DX   IN3VVK           599 15  DX   
QSO:    7000 RY 2021-09-25 0151 CO2WL            599 08  DX   N3XL             599 05  MD   
QSO:    7000 RY 2021-09-25 0152 CO2WL            599 08  DX   W3FIZ            599 05  PA   
QSO:    7000 RY 2021-09-25 0154 CO2WL            599 08  DX   AC2RL            599 05  NY   
QSO:    7000 RY 2021-09-25 0156 CO2WL            599 08  DX   K0TC             599 04  MN   
QSO:    7000 RY 2021-09-25 0157 CO2WL            599 08  DX   KC2WUF           599 05  NJ   
QSO:    7000 RY 2021-09-25 0201 CO2WL            599 08  DX   TM3Z             599 14  DX   
QSO:    7000 RY 2021-09-25 0207 CO2WL            599 08  DX   KG5VK            599 04  TX   
QSO:    7000 RY 2021-09-25 0207 CO2WL            599 08  DX   WB8BZK           599 04  IL   
QSO:    7000 RY 2021-09-25 0208 CO2WL            599 08  DX   WY3A             599 05  PA   
QSO:    7000 RY 2021-09-25 0211 CO2WL            599 08  DX   DP7D             599 01  DX   
QSO:    7000 RY 2021-09-25 0211 CO2WL            599 08  DX   W4NNF            599 04  AL   
QSO:    7000 RY 2021-09-25 0213 CO2WL            599 08  DX   W6DR             599 03  CA   
QSO:    7000 RY 2021-09-25 0214 CO2WL            599 08  DX   KI8DP            599 04  MI   
QSO:    7000 RY 2021-09-25 0215 CO2WL            599 08  DX   N3MA             599 05  FL   
QSO:    7000 RY 2021-09-25 0217 CO2WL            599 08  DX   KD9H             599 04  IL   
QSO:    7000 RY 2021-09-25 0218 CO2WL            599 08  DX   K7OM             599 05  SC   
QSO:    7000 RY 2021-09-25 0219 CO2WL            599 08  DX   K9GWS            599 05  SC   
QSO:    7000 RY 2021-09-25 0219 CO2WL            599 08  DX   K3NO             599 05  MD   
QSO:    7000 RY 2021-09-25 0221 CO2WL            599 08  DX   K4BX             599 04  TN   
QSO:    7000 RY 2021-09-25 0223 CO2WL            599 08  DX   KZ9DXT           599 04  IL   
QSO:    7000 RY 2021-09-25 0224 CO2WL            599 08  DX   K4YJ             599 04  OH   
QSO:    7000 RY 2021-09-25 0227 CO2WL            599 08  DX   K8LF             599 05  VA   
QSO:    7000 RY 2021-09-25 0228 CO2WL            599 08  DX   K3AU             599 05  MD   
QSO:    7000 RY 2021-09-25 0229 CO2WL            599 08  DX   IZ1PKV           599 15  DX   
QSO:    7000 RY 2021-09-25 0234 CO2WL            599 08  DX   N3MN             599 05  VA   
QSO:    7000 RY 2021-09-25 0235 CO2WL            599 08  DX   W0HRO            599 04  MO   
QSO:    7000 RY 2021-09-25 0238 CO2WL            599 08  DX   N3DUE            599 05  MD   
QSO:    7000 RY 2021-09-25 0243 CO2WL            599 08  DX   VE6TK            599 04  AB   
QSO:    7000 RY 2021-09-25 0245 CO2WL            599 08  DX   WB9HFK           599 04  IL   
QSO:    7000 RY 2021-09-25 0248 CO2WL            599 08  DX   VA7DX            599 03  BC   
QSO:    7000 RY 2021-09-25 0250 CO2WL            599 08  DX   W9YK             599 04  IL   
QSO:    7000 RY 2021-09-25 0250 CO2WL            599 08  DX   W1QK             599 05  CT   
QSO:    7000 RY 2021-09-25 0251 CO2WL            599 08  DX   AC2OC            599 05  NY   
QSO:    7000 RY 2021-09-25 0251 CO2WL            599 08  DX   KT4Z             599 04  TN   
QSO:    7000 RY 2021-09-25 0252 CO2WL            599 08  DX   N3AM             599 05  MD   
QSO:    7000 RY 2021-09-25 0255 CO2WL            599 08  DX   AI4GR            599 05  FL   
QSO:    7000 RY 2021-09-25 0308 CO2WL            599 08  DX   W3ZGD            599 05  PA   
QSO:    7000 RY 2021-09-25 0308 CO2WL            599 08  DX   K0HB             599 04  MN   
QSO:    7000 RY 2021-09-25 0311 CO2WL            599 08  DX   K8DE             599 04  MI   
QSO:    7000 RY 2021-09-25 0315 CO2WL            599 08  DX   N6DW             599 05  VA   
QSO:    7000 RY 2021-09-25 0317 CO2WL            599 08  DX   KZ8Y             599 04  OH   
QSO:    7000 RY 2021-09-25 0317 CO2WL            599 08  DX   NF3R             599 05  PA   
QSO:    7000 RY 2021-09-25 0320 CO2WL            599 08  DX   WB5BHS           599 04  AR   
QSO:    7000 RY 2021-09-25 0322 CO2WL            599 08  DX   KA1C             599 05  ME   
QSO:    7000 RY 2021-09-25 0323 CO2WL            599 08  DX   YU5R             599 15  DX   
QSO:    7000 RY 2021-09-25 0323 CO2WL            599 08  DX   F2QV             599 14  DX   
QSO:    7000 RY 2021-09-25 0324 CO2WL            599 08  DX   DF6QV            599 14  DX   
QSO:    7000 RY 2021-09-25 0326 CO2WL            599 08  DX   KB9YOJ           599 04  IN   
QSO:    7000 RY 2021-09-25 0328 CO2WL            599 08  DX   DJ5IW            599 14  DX   
QSO:    7000 RY 2021-09-25 0333 CO2WL            599 08  DX   KI5OYH           599 04  OH   
QSO:    7000 RY 2021-09-25 0335 CO2WL            599 08  DX   N6AR             599 05  FL   
QSO:    7000 RY 2021-09-25 0339 CO2WL            599 08  DX   AE5MI            599 04  MS   
QSO:    7000 RY 2021-09-25 0340 CO2WL            599 08  DX   WS6X             599 05  VA   
QSO:    7000 RY 2021-09-25 0341 CO2WL            599 08  DX   WA8Y             599 04  MI   
QSO:    7000 RY 2021-09-25 0346 CO2WL            599 08  DX   MM9I             599 14  DX   
QSO:    7000 RY 2021-09-25 0347 CO2WL            599 08  DX   KE3GK            599 05  MD   
QSO:    7000 RY 2021-09-25 0349 CO2WL            599 08  DX   KB9DVC           599 04  IL   
QSO:    7000 RY 2021-09-25 0355 CO2WL            599 08  DX   VE3KTB           599 04  ON   
QSO:    7000 RY 2021-09-25 0357 CO2WL            599 08  DX   KI5OYC           599 04  TX   
QSO:    7000 RY 2021-09-25 0402 CO2WL            599 08  DX   F1DHX            599 14  DX   
QSO:    7000 RY 2021-09-25 0403 CO2WL            599 08  DX   N2BJ             599 04  IL   
QSO:    7000 RY 2021-09-25 0408 CO2WL            599 08  DX   K5ZD             599 05  MA   
QSO:    7000 RY 2021-09-25 0408 CO2WL            599 08  DX   N7GCO            599 03  WA   
QSO:    7000 RY 2021-09-25 0410 CO2WL            599 08  DX   L3IDT            599 13  DX   
QSO:    7000 RY 2021-09-25 0410 CO2WL            599 08  DX   NA4DA            599 05  FL   
QSO:    7000 RY 2021-09-25 0412 CO2WL            599 08  DX   K2RET            599 05  NJ   
QSO:    7000 RY 2021-09-25 0413 CO2WL            599 08  DX   NA5M             599 04  TX   
QSO:    7000 RY 2021-09-25 0414 CO2WL            599 08  DX   K9YY             599 04  IL   
QSO:    7000 RY 2021-09-25 0415 CO2WL            599 08  DX   9A6OY            599 15  DX   
QSO:    7000 RY 2021-09-25 0416 CO2WL            599 08  DX   W4ER             599 04  AL   
QSO:    7000 RY 2021-09-25 0417 CO2WL            599 08  DX   NT5V             599 04  TX   
QSO:    7000 RY 2021-09-25 0417 CO2WL            599 08  DX   K5VIP            599 05  VA   
QSO:    7000 RY 2021-09-25 0421 CO2WL            599 08  DX   WU6W             599 04  NM   
QSO:    7000 RY 2021-09-25 0422 CO2WL            599 08  DX   K4GM             599 05  VA   
QSO:    7000 RY 2021-09-25 0424 CO2WL            599 08  DX   AA4DD            599 04  TN   
QSO:    7000 RY 2021-09-25 0428 CO2WL            599 08  DX   UZ2I             599 16  DX   
QSO:    7000 RY 2021-09-25 0430 CO2WL            599 08  DX   KF7U             599 03  AZ   
QSO:    7000 RY 2021-09-25 0435 CO2WL            599 08  DX   HP3SS            599 07  DX   
QSO:    7000 RY 2021-09-25 0436 CO2WL            599 08  DX   W0YK             599 03  CA   
QSO:    7000 RY 2021-09-25 0436 CO2WL            599 08  DX   K6LL             599 03  AZ   
QSO:    7000 RY 2021-09-25 0439 CO2WL            599 08  DX   W0MB             599 04  MT   
QSO:    7000 RY 2021-09-25 0440 CO2WL            599 08  DX   K2AL             599 05  FL   
QSO:    7000 RY 2021-09-25 0442 CO2WL            599 08  DX   VE3BR            599 04  ON   
QSO:    7000 RY 2021-09-25 0450 CO2WL            599 08  DX   N6VU             599 04  ON   
QSO:    7000 RY 2021-09-25 0453 CO2WL            599 08  DX   WA3AAN           599 05  PA   
QSO:    7000 RY 2021-09-25 0454 CO2WL            599 08  DX   AD5XD            599 04  TX   
QSO:    7000 RY 2021-09-25 0457 CO2WL            599 08  DX   N5LPT            599 04  TX   
QSO:    7000 RY 2021-09-25 0500 CO2WL            599 08  DX   KC3RPO           599 05  MD   
QSO:    7000 RY 2021-09-25 0501 CO2WL            599 08  DX   DP1K             599 14  DX   
QSO:    7000 RY 2021-09-25 0502 CO2WL            599 08  DX   KD5DD            599 04  MS   
QSO:    7000 RY 2021-09-25 0504 CO2WL            599 08  DX   DM6DX            599 14  DX   
QSO:    7000 RY 2021-09-25 0506 CO2WL            599 08  DX   KW4J             599 04  AL   
QSO:    7000 RY 2021-09-25 0507 CO2WL            599 08  DX   W5AP             599 04  CO   
QSO:    7000 RY 2021-09-25 0507 CO2WL            599 08  DX   UY1HY            599 16  DX   
QSO:    7000 RY 2021-09-25 0510 CO2WL            599 08  DX   K2YG             599 05  NJ   
QSO:    7000 RY 2021-09-25 0513 CO2WL            599 08  DX   PI4COM           599 14  DX   
QSO:    7000 RY 2021-09-25 0515 CO2WL            599 08  DX   DL5XJ            599 14  DX   
QSO:    7000 RY 2021-09-25 0517 CO2WL            599 08  DX   NT9E             599 04  IL   
QSO:    7000 RY 2021-09-25 0518 CO2WL            599 08  DX   IW1PNJ           599 15  DX   
QSO:    7000 RY 2021-09-25 0519 CO2WL            599 08  DX   NQ6B             599 03  CA   
QSO:   14000 RY 2021-09-25 1252 CO2WL            599 08  DX   NJ4P             599 05  FL   
QSO:   14000 RY 2021-09-25 1255 CO2WL            599 08  DX   9A5Y             599 15  DX   
QSO:   14000 RY 2021-09-25 1310 CO2WL            599 08  DX   N3HEE            599 05  SC   
QSO:   14000 RY 2021-09-25 1316 CO2WL            599 08  DX   NP4DX            599 08  DX   
QSO:   21000 RY 2021-09-25 1350 CO2WL            599 08  DX   I3PVO            599 15  DX   
QSO:    7000 RY 2021-09-25 2249 CO2WL            599 08  DX   S51A             599 15  DX   
QSO:    7000 RY 2021-09-25 2251 CO2WL            599 08  DX   N4FA             599 05  GA   
QSO:    7000 RY 2021-09-25 2315 CO2WL            599 08  DX   SO4M             599 15  DX   
QSO:    7000 RY 2021-09-25 2323 CO2WL            599 08  DX   KI5US            599 05  FL   
QSO:    7000 RY 2021-09-25 2329 CO2WL            599 08  DX   NP2X             599 08  DX   
QSO:    7000 RY 2021-09-25 2329 CO2WL            599 08  DX   N4SVC            599 05  FL   
QSO:    7000 RY 2021-09-25 2330 CO2WL            599 08  DX   AK2S             599 05  NJ   
QSO:    7000 RY 2021-09-25 2337 CO2WL            599 08  DX   KB4QZH           599 04  KY   
QSO:    7000 RY 2021-09-25 2338 CO2WL            599 08  DX   KC2ZDC           599 05  NY   
QSO:    7000 RY 2021-09-25 2339 CO2WL            599 08  DX   NK4L             599 05  FL   
QSO:    7000 RY 2021-09-25 2340 CO2WL            599 08  DX   EA7DA            599 14  DX   
QSO:    7000 RY 2021-09-25 2354 CO2WL            599 08  DX   KC9EOQ           599 04  IL   
QSO:    7000 RY 2021-09-25 2355 CO2WL            599 08  DX   N8WXQ            599 05  PA   
QSO:    7000 RY 2021-09-25 2356 CO2WL            599 08  DX   WB0WIV           599 04  IA   
QSO:    7000 RY 2021-09-25 2358 CO2WL            599 08  DX   WA4EEZ           599 05  FL   
QSO:    7000 RY 2021-09-26 0000 CO2WL            599 08  DX   W4KQE            599 04  TN   
QSO:    7000 RY 2021-09-26 0000 CO2WL            599 08  DX   W4CQE            599 04  DE   
QSO:    7000 RY 2021-09-26 0001 CO2WL            599 08  DX   KA2K             599 05  NJ   
QSO:    7000 RY 2021-09-26 0002 CO2WL            599 08  DX   GM3S             599 14  DX   
QSO:    7000 RY 2021-09-26 0005 CO2WL            599 08  DX   HK0KX            599 07  DX   
QSO:    7000 RY 2021-09-26 0007 CO2WL            599 08  DX   NF4A             599 05  FL   
QSO:    7000 RY 2021-09-26 0008 CO2WL            599 08  DX   N7RCS            599 03  FL   
QSO:    7000 RY 2021-09-26 0009 CO2WL            599 08  DX   AC8Y             599 04  VA   
QSO:    7000 RY 2021-09-26 0010 CO2WL            599 08  DX   K9WX             599 04  IN   
QSO:    7000 RY 2021-09-26 0013 CO2WL            599 08  DX   W1ZOT            599 04  TX   
QSO:    7000 RY 2021-09-26 0020 CO2WL            599 08  DX   N2WK             599 05  NY   
QSO:    7000 RY 2021-09-26 0023 CO2WL            599 08  DX   N1DID            599 05  CT   
QSO:    7000 RY 2021-09-26 0035 CO2WL            599 08  DX   OK7W             599 15  DX   
QSO:    7000 RY 2021-09-26 0036 CO2WL            599 08  DX   KM6Z             599 04  OH   
QSO:    7000 RY 2021-09-26 0138 CO2WL            599 08  DX   W0LSD            599 04  CO   
QSO:    7000 RY 2021-09-26 0145 CO2WL            599 08  DX   WP4J             599 08  DX   
QSO:   14000 RY 2021-09-26 1305 CO2WL            599 08  DX   IK1JJM           599 15  DX   
QSO:   14000 RY 2021-09-26 1322 CO2WL            599 08  DX   SN5N             599 15  DX   
QSO:   14000 RY 2021-09-26 2228 CO2WL            599 08  DX   HP3SS            599 07  DX   
END-OF-LOG:
