START-OF-LOG: 3.0
CONTEST: CQ-WW-RTTY
CALLSIGN: JA1MZM
LOCATION: DX
CATEGORY-OPERATOR: SINGLE-OP
CATEGORY-ASSISTED: ASSISTED
CATEGORY-BAND: ALL
CATEGORY-POWER: LOW
CATEGORY-MODE: RTTY
CATEGORY-TRANSMITTER: ONE
CATEGORY-OVERLAY:
GRID-LOCATOR: PM95RL
CLAIMED-SCORE: 104039
NAME: Sakae Muto
OPERATORS: JA1MZM
CREATED-BY: N1MM Logger+ 1.0.9271.0
QSO:   14091 RY 2021-09-25 0014 JA1MZM           599 25  DX   DU1/N6HPX        599 27  DX   
QSO:   14091 RY 2021-09-25 0015 JA1MZM           599 25  DX   R0JD             599 19  DX   
QSO:   14091 RY 2021-09-25 0018 JA1MZM           599 25  DX   JF1LMB           599 25  DX   
QSO:   14097 RY 2021-09-25 0025 JA1MZM           599 25  DX   N6WM             599 03  CA   
QSO:   14098 RY 2021-09-25 0026 JA1MZM           599 25  DX   KZ1W             599 03  WA   
QSO:   14099 RY 2021-09-25 0027 JA1MZM           599 25  DX   N7NM             599 03  WA   
QSO:   14100 RY 2021-09-25 0028 JA1MZM           599 25  DX   K7AR             599 03  WA   
QSO:   14103 RY 2021-09-25 0030 JA1MZM           599 25  DX   NA7TB            599 03  AZ   
QSO:   14104 RY 2021-09-25 0032 JA1MZM           599 25  DX   N8OO             599 04  LA   
QSO:   14105 RY 2021-09-25 0033 JA1MZM           599 25  DX   KN7K             599 03  OR   
QSO:   14106 RY 2021-09-25 0035 JA1MZM           599 25  DX   NV9L             599 04  IL   
QSO:   14107 RY 2021-09-25 0036 JA1MZM           599 25  DX   K7BTW            599 03  WA   
QSO:   14109 RY 2021-09-25 0038 JA1MZM           599 25  DX   JT5DX            599 23  DX   
QSO:   14112 RY 2021-09-25 0038 JA1MZM           599 25  DX   W0YK             599 03  CA   
QSO:   14112 RY 2021-09-25 0040 JA1MZM           599 25  DX   VE7SZ            599 03  BC   
QSO:   14126 RY 2021-09-25 0041 JA1MZM           599 25  DX   VE6BBP           599 04  AB   
QSO:   14108 RY 2021-09-25 0043 JA1MZM           599 25  DX   VA7KO            599 03  BC   
QSO:   21083 RY 2021-09-25 0045 JA1MZM           599 25  DX   WN6K             599 03  CA   
QSO:   21080 RY 2021-09-25 0047 JA1MZM           599 25  DX   3D2AG            599 32  DX   
QSO:   21085 RY 2021-09-25 0047 JA1MZM           599 25  DX   VR2CC            599 24  DX   
QSO:   21086 RY 2021-09-25 0048 JA1MZM           599 25  DX   YB9DE            599 28  DX   
QSO:   21086 RY 2021-09-25 0052 JA1MZM           599 25  DX   KH6ZM            599 31  DX   
QSO:   21090 RY 2021-09-25 0053 JA1MZM           599 25  DX   N6WM             599 03  CA   
QSO:   21091 RY 2021-09-25 0055 JA1MZM           599 25  DX   W1SRD            599 03  CA   
QSO:   21099 RY 2021-09-25 0057 JA1MZM           599 25  DX   JA1ZGO           599 25  DX   
QSO:   21101 RY 2021-09-25 0058 JA1MZM           599 25  DX   KH6CJJ           599 31  DX   
QSO:   21098 RY 2021-09-25 0059 JA1MZM           599 25  DX   NF6A             599 03  CA   
QSO:   21096 RY 2021-09-25 0100 JA1MZM           599 25  DX   VK4SN            599 30  DX   
QSO:   21082 RY 2021-09-25 0104 JA1MZM           599 25  DX   YG9EPK           599 28  DX   
QSO:   21104 RY 2021-09-25 0108 JA1MZM           599 25  DX   JE1LFX           599 25  DX   
QSO:   21084 RY 2021-09-25 0114 JA1MZM           599 25  DX   YB0MZI           599 28  DX   
QSO:   21081 RY 2021-09-25 0115 JA1MZM           599 25  DX   3G1B             599 12  DX   
QSO:   21081 RY 2021-09-25 0117 JA1MZM           599 25  DX   N6ZFO            599 03  CA   
QSO:   21085 RY 2021-09-25 0118 JA1MZM           599 25  DX   YC9XYP           599 28  DX   
QSO:   21088 RY 2021-09-25 0120 JA1MZM           599 25  DX   XQ1KZ            599 12  DX   
QSO:   14086 RY 2021-09-25 0120 JA1MZM           599 25  DX   W7RN             599 03  NV   
QSO:   14092 RY 2021-09-25 0122 JA1MZM           599 25  DX   AK6A             599 03  OR   
QSO:   21094 RY 2021-09-25 0123 JA1MZM           599 25  DX   YB6RMT           599 28  DX   
QSO:   14084 RY 2021-09-25 0125 JA1MZM           599 25  DX   7I1A             599 28  DX   
QSO:   14085 RY 2021-09-25 0126 JA1MZM           599 25  DX   VE5MX            599 04  SK   
QSO:   21091 RY 2021-09-25 0127 JA1MZM           599 25  DX   YD1EQX           599 28  DX   
QSO:   14086 RY 2021-09-25 0128 JA1MZM           599 25  DX   4G0T             599 27  DX   
QSO:   14087 RY 2021-09-25 0206 JA1MZM           599 25  DX   WS7I             599 03  WA   
QSO:   14087 RY 2021-09-25 0206 JA1MZM           599 25  DX   R0CAF            599 19  DX   
QSO:   14080 RY 2021-09-25 0208 JA1MZM           599 25  DX   KU1CW            599 03  OR   
QSO:   14083 RY 2021-09-25 0208 JA1MZM           599 25  DX   KA6BIM           599 03  OR   
QSO:   14087 RY 2021-09-25 0210 JA1MZM           599 25  DX   N9NA             599 03  AZ   
QSO:   14088 RY 2021-09-25 0211 JA1MZM           599 25  DX   UA0ZK            599 19  DX   
QSO:   14089 RY 2021-09-25 0212 JA1MZM           599 25  DX   VA7DX            599 03  BC   
QSO:   14089 RY 2021-09-25 0213 JA1MZM           599 25  DX   R0CW             599 19  DX   
QSO:   14089 RY 2021-09-25 0214 JA1MZM           599 25  DX   VR2CC            599 24  DX   
QSO:   14093 RY 2021-09-25 0215 JA1MZM           599 25  DX   K7ZUM            599 03  OR   
QSO:   14093 RY 2021-09-25 0215 JA1MZM           599 25  DX   W5AP             599 04  CO   
QSO:   14094 RY 2021-09-25 0217 JA1MZM           599 25  DX   HL2WA            599 25  DX   
QSO:   14101 RY 2021-09-25 0219 JA1MZM           599 25  DX   N6ZFO            599 03  CA   
QSO:   14110 RY 2021-09-25 0221 JA1MZM           599 25  DX   W1SRD            599 03  CA   
QSO:   14112 RY 2021-09-25 0222 JA1MZM           599 25  DX   AJ6V             599 03  CA   
QSO:   14113 RY 2021-09-25 0223 JA1MZM           599 25  DX   KH6TU            599 31  DX   
QSO:   14120 RY 2021-09-25 0225 JA1MZM           599 25  DX   DX3EVM           599 27  DX   
QSO:   14115 RY 2021-09-25 0225 JA1MZM           599 25  DX   KT7E             599 03  OR   
QSO:   14098 RY 2021-09-25 0226 JA1MZM           599 25  DX   VE7SAR           599 03  BC   
QSO:   14106 RY 2021-09-25 0228 JA1MZM           599 25  DX   K7VIT            599 03  OR   
QSO:   14107 RY 2021-09-25 0228 JA1MZM           599 25  DX   JR4OZR           599 25  DX   
QSO:   14107 RY 2021-09-25 0229 JA1MZM           599 25  DX   JE1LFX           599 25  DX   
QSO:   14111 RY 2021-09-25 0232 JA1MZM           599 25  DX   KT4Q             599 05  NC   
QSO:   14113 RY 2021-09-25 0234 JA1MZM           599 25  DX   K6GHA            599 03  CA   
QSO:   14114 RY 2021-09-25 0234 JA1MZM           599 25  DX   N5XJ             599 04  TX   
QSO:   14118 RY 2021-09-25 0235 JA1MZM           599 25  DX   N7BV             599 03  WA   
QSO:   14119 RY 2021-09-25 0238 JA1MZM           599 25  DX   NN6XX            599 03  CA   
QSO:   14119 RY 2021-09-25 0239 JA1MZM           599 25  DX   VA7RY            599 03  BC   
QSO:   14119 RY 2021-09-25 0240 JA1MZM           599 25  DX   K6KM             599 03  CA   
QSO:   14119 RY 2021-09-25 0241 JA1MZM           599 25  DX   KO7SS            599 03  AZ   
QSO:   14119 RY 2021-09-25 0242 JA1MZM           599 25  DX   AL7LO            599 01  DX   
QSO:   14119 RY 2021-09-25 0242 JA1MZM           599 25  DX   K5RZA            599 04  TX   
QSO:   14119 RY 2021-09-25 0243 JA1MZM           599 25  DX   NW7D             599 03  AZ   
QSO:   14119 RY 2021-09-25 0243 JA1MZM           599 25  DX   HL2KV            599 25  DX   
QSO:   14119 RY 2021-09-25 0244 JA1MZM           599 25  DX   YB7MP            599 28  DX   
QSO:   14121 RY 2021-09-25 0247 JA1MZM           599 25  DX   WW7E             599 03  OR   
QSO:   14110 RY 2021-09-25 0248 JA1MZM           599 25  DX   PY2NY            599 11  DX   
QSO:   14103 RY 2021-09-25 0250 JA1MZM           599 25  DX   VE5RI            599 04  SK   
QSO:   14100 RY 2021-09-25 0252 JA1MZM           599 25  DX   JA8KSF           599 25  DX   
QSO:   14096 RY 2021-09-25 0253 JA1MZM           599 25  DX   W7FN             599 03  WA   
QSO:   14095 RY 2021-09-25 0254 JA1MZM           599 25  DX   WJ2D             599 05  NC   
QSO:   21094 RY 2021-09-25 0257 JA1MZM           599 25  DX   YC1AYO           599 28  DX   
QSO:   21092 RY 2021-09-25 0258 JA1MZM           599 25  DX   YC1BIQ           599 28  DX   
QSO:   21107 RY 2021-09-25 0351 JA1MZM           599 25  DX   JN1BMX           599 25  DX   
QSO:   21083 RY 2021-09-25 0353 JA1MZM           599 25  DX   EY7AD            599 17  DX   
QSO:   21089 RY 2021-09-25 0354 JA1MZM           599 25  DX   R0CAF            599 19  DX   
QSO:   21081 RY 2021-09-25 0355 JA1MZM           599 25  DX   UA9UR            599 18  DX   
QSO:   21087 RY 2021-09-25 0356 JA1MZM           599 25  DX   UA9MA            599 17  DX   
QSO:   21102 RY 2021-09-25 0357 JA1MZM           599 25  DX   HL2WA            599 25  DX   
QSO:   28086 RY 2021-09-25 0358 JA1MZM           599 25  DX   VR2CC            599 24  DX   
QSO:   28088 RY 2021-09-25 0359 JA1MZM           599 25  DX   JA1ZGO           599 25  DX   
QSO:   14091 RY 2021-09-25 0407 JA1MZM           599 25  DX   ER/UT0U          599 16  DX   
QSO:   14097 RY 2021-09-25 0411 JA1MZM           599 25  DX   RU0LL            599 19  DX   
QSO:   14099 RY 2021-09-25 0413 JA1MZM           599 25  DX   3D2AG            599 32  DX   
QSO:   14090 RY 2021-09-25 0421 JA1MZM           599 25  DX   UA0LD            599 19  DX   
QSO:   14111 RY 2021-09-25 0459 JA1MZM           599 25  DX   YT3X             599 15  DX   
QSO:   14105 RY 2021-09-25 0501 JA1MZM           599 25  DX   BH2RO            599 24  DX   
QSO:   14104 RY 2021-09-25 0501 JA1MZM           599 25  DX   OG2P             599 15  DX   
QSO:   14103 RY 2021-09-25 0518 JA1MZM           599 25  DX   RM3DA            599 16  DX   
QSO:   14099 RY 2021-09-25 0519 JA1MZM           599 25  DX   UP7L             599 17  DX   
QSO:   14092 RY 2021-09-25 0520 JA1MZM           599 25  DX   R3TE             599 16  DX   
QSO:   14109 RY 2021-09-25 0525 JA1MZM           599 25  DX   RK8I             599 18  DX   
QSO:   14110 RY 2021-09-25 0527 JA1MZM           599 25  DX   RQ3M             599 16  DX   
QSO:   14115 RY 2021-09-25 0528 JA1MZM           599 25  DX   4U1A             599 15  DX   
QSO:   14116 RY 2021-09-25 0529 JA1MZM           599 25  DX   YO9HP            599 20  DX   
QSO:   14115 RY 2021-09-25 0530 JA1MZM           599 25  DX   OM2VL            599 15  DX   
QSO:   14102 RY 2021-09-25 0534 JA1MZM           599 25  DX   S57DX            599 15  DX   
QSO:   14095 RY 2021-09-25 0534 JA1MZM           599 25  DX   RA0ACM           599 18  DX   
QSO:   14087 RY 2021-09-25 0536 JA1MZM           599 25  DX   OH3FM            599 15  DX   
QSO:   14086 RY 2021-09-25 0539 JA1MZM           599 25  DX   4G0T             599 27  DX   
QSO:   21090 RY 2021-09-25 0700 JA1MZM           599 25  DX   ER/UT0U          599 16  DX   
QSO:   21091 RY 2021-09-25 0702 JA1MZM           599 25  DX   HA8FK            599 15  DX   
QSO:   14094 RY 2021-09-25 1125 JA1MZM           599 25  DX   SN7Q             599 15  DX   
QSO:   14098 RY 2021-09-25 1130 JA1MZM           599 25  DX   YU5R             599 15  DX   
QSO:   14100 RY 2021-09-25 1131 JA1MZM           599 25  DX   SP8R             599 15  DX   
QSO:   14104 RY 2021-09-25 1134 JA1MZM           599 25  DX   Z35T             599 15  DX   
QSO:   14105 RY 2021-09-25 1135 JA1MZM           599 25  DX   DK6WL            599 14  DX   
QSO:   14114 RY 2021-09-25 1137 JA1MZM           599 25  DX   YB2MM            599 28  DX   
QSO:   14107 RY 2021-09-25 1141 JA1MZM           599 25  DX   OM3CW            599 15  DX   
QSO:    7041 RY 2021-09-25 1143 JA1MZM           599 25  DX   RU0LL            599 19  DX   
QSO:    7047 RY 2021-09-25 1145 JA1MZM           599 25  DX   W7RN             599 03  NV   
QSO:    7051 RY 2021-09-25 1146 JA1MZM           599 25  DX   W0YK             599 03  CA   
QSO:    7045 RY 2021-09-25 1149 JA1MZM           599 25  DX   N6WM             599 03  CA   
QSO:    7043 RY 2021-09-25 1151 JA1MZM           599 25  DX   YD7ACD           599 28  DX   
QSO:    7044 RY 2021-09-25 1153 JA1MZM           599 25  DX   K6OK             599 03  CA   
QSO:    7046 RY 2021-09-25 1154 JA1MZM           599 25  DX   HL2WA            599 25  DX   
QSO:    7050 RY 2021-09-25 1156 JA1MZM           599 25  DX   KA6BIM           599 03  OR   
QSO:    7038 RY 2021-09-25 1158 JA1MZM           599 25  DX   DU1UGZ           599 27  DX   
QSO:    7036 RY 2021-09-25 1200 JA1MZM           599 25  DX   HL3AMO           599 25  DX   
QSO:    7033 RY 2021-09-25 1200 JA1MZM           599 25  DX   K6LL             599 03  AZ   
QSO:    7035 RY 2021-09-25 1204 JA1MZM           599 25  DX   YD8MUZ           599 28  DX   
QSO:    7039 RY 2021-09-25 1205 JA1MZM           599 25  DX   YB8UTI           599 28  DX   
QSO:    3529 RY 2021-09-25 1206 JA1MZM           599 25  DX   JA1AYO           599 25  DX   
QSO:    7040 RY 2021-09-25 1209 JA1MZM           599 25  DX   JR4VEV           599 25  DX   
QSO:    7042 RY 2021-09-25 1209 JA1MZM           599 25  DX   4D3X             599 27  DX   
QSO:    7047 RY 2021-09-25 1212 JA1MZM           599 25  DX   KH6TU            599 31  DX   
QSO:   14086 RY 2021-09-25 1216 JA1MZM           599 25  DX   OG66X            599 15  DX   
QSO:   14099 RY 2021-09-25 1219 JA1MZM           599 25  DX   RC5Z             599 16  DX   
QSO:   14108 RY 2021-09-25 1220 JA1MZM           599 25  DX   IQ4FC            599 15  DX   
QSO:   14115 RY 2021-09-25 1221 JA1MZM           599 25  DX   OK5Z             599 15  DX   
QSO:   14123 RY 2021-09-25 1224 JA1MZM           599 25  DX   UP5B             599 17  DX   
QSO:   14126 RY 2021-09-25 1225 JA1MZM           599 25  DX   S51A             599 15  DX   
QSO:   14129 RY 2021-09-25 1226 JA1MZM           599 25  DX   7S2A             599 14  DX   
QSO:   14130 RY 2021-09-25 1227 JA1MZM           599 25  DX   LA3WAA           599 14  DX   
QSO:   14131 RY 2021-09-25 1227 JA1MZM           599 25  DX   R2CA             599 16  DX   
QSO:   14123 RY 2021-09-25 1231 JA1MZM           599 25  DX   UB7K             599 16  DX   
QSO:   14098 RY 2021-09-25 1235 JA1MZM           599 25  DX   UZ2I             599 16  DX   
QSO:   14096 RY 2021-09-25 1236 JA1MZM           599 25  DX   IZ2FOS           599 15  DX   
QSO:   14093 RY 2021-09-25 1240 JA1MZM           599 25  DX   PI4COM           599 14  DX   
QSO:   14100 RY 2021-09-25 1241 JA1MZM           599 25  DX   IZ5ICH           599 15  DX   
QSO:   14103 RY 2021-09-25 1243 JA1MZM           599 25  DX   DP7D             599 14  DX   
QSO:   14117 RY 2021-09-25 1245 JA1MZM           599 25  DX   PA7LV            599 14  DX   
QSO:   14133 RY 2021-09-25 1245 JA1MZM           599 25  DX   JL1QOC           599 25  DX   
QSO:    7044 RY 2021-09-25 1247 JA1MZM           599 25  DX   YB8RW            599 28  DX   
QSO:   14124 RY 2021-09-25 1253 JA1MZM           599 25  DX   OE9R             599 15  DX   
QSO:   14116 RY 2021-09-25 1255 JA1MZM           599 25  DX   OF5C             599 15  DX   
QSO:   14090 RY 2021-09-25 1258 JA1MZM           599 25  DX   SP1NY            599 15  DX   
QSO:   14089 RY 2021-09-25 1302 JA1MZM           599 25  DX   PI4CC            599 14  DX   
QSO:   14093 RY 2021-09-25 1304 JA1MZM           599 25  DX   F4DVX            599 14  DX   
QSO:   14105 RY 2021-09-25 1306 JA1MZM           599 25  DX   PI4CG            599 14  DX   
QSO:   21089 RY 2021-09-25 2319 JA1MZM           599 25  DX   W0YK             599 03  CA   
QSO:   21092 RY 2021-09-25 2320 JA1MZM           599 25  DX   YB8RW            599 28  DX   
QSO:   21097 RY 2021-09-25 2321 JA1MZM           599 25  DX   YC2XCD           599 28  DX   
QSO:   21110 RY 2021-09-25 2325 JA1MZM           599 25  DX   K5GDX            599 04  MS   
QSO:   21107 RY 2021-09-25 2326 JA1MZM           599 25  DX   LU3HY            599 13  DX   
QSO:   21091 RY 2021-09-25 2329 JA1MZM           599 25  DX   WD5DBV           599 04  LA   
QSO:   21087 RY 2021-09-25 2332 JA1MZM           599 25  DX   YB1BML           599 28  DX   
QSO:   14090 RY 2021-09-25 2335 JA1MZM           599 25  DX   UA0AGI           599 18  DX   
QSO:   14096 RY 2021-09-25 2337 JA1MZM           599 25  DX   4D3X             599 27  DX   
QSO:   14096 RY 2021-09-25 2338 JA1MZM           599 25  DX   N7QT             599 03  WA   
QSO:   14097 RY 2021-09-25 2338 JA1MZM           599 25  DX   AC0C             599 04  KS   
QSO:   14098 RY 2021-09-25 2339 JA1MZM           599 25  DX   K2RD             599 03  NV   
QSO:   14098 RY 2021-09-25 2340 JA1MZM           599 25  DX   KK6P             599 03  CA   
QSO:   14101 RY 2021-09-25 2341 JA1MZM           599 25  DX   UA0JGI           599 19  DX   
QSO:   14102 RY 2021-09-25 2344 JA1MZM           599 25  DX   NJ4P             599 04  TN   
QSO:   14106 RY 2021-09-25 2345 JA1MZM           599 25  DX   K4RO             599 04  TN   
QSO:   14107 RY 2021-09-25 2345 JA1MZM           599 25  DX   YC1BIQ           599 28  DX   
QSO:   14109 RY 2021-09-25 2346 JA1MZM           599 25  DX   YC8MJG           599 28  DX   
QSO:   14118 RY 2021-09-25 2351 JA1MZM           599 25  DX   ZF1A             599 08  DX   
QSO:   14124 RY 2021-09-25 2353 JA1MZM           599 25  DX   VE6WQ            599 04  AB   
QSO:   14127 RY 2021-09-25 2355 JA1MZM           599 25  DX   AB0RX            599 04  MO   
QSO:   14128 RY 2021-09-25 2356 JA1MZM           599 25  DX   K0AP             599 04  KS   
QSO:   14132 RY 2021-09-25 2358 JA1MZM           599 25  DX   AA5AU            599 04  LA   
QSO:   14138 RY 2021-09-25 2359 JA1MZM           599 25  DX   AL2F             599 01  DX   
QSO:   14114 RY 2021-09-26 0001 JA1MZM           599 25  DX   ZX2B             599 11  DX   
QSO:   14105 RY 2021-09-26 0002 JA1MZM           599 25  DX   KF7U             599 03  AZ   
QSO:   14100 RY 2021-09-26 0007 JA1MZM           599 25  DX   KA7ESE           599 03  AZ   
QSO:   14095 RY 2021-09-26 0009 JA1MZM           599 25  DX   WO7V             599 03  OR   
QSO:   14092 RY 2021-09-26 0010 JA1MZM           599 25  DX   JQ1YUF           599 25  DX   
QSO:   14090 RY 2021-09-26 0011 JA1MZM           599 25  DX   K7GS             599 03  WA   
QSO:   14089 RY 2021-09-26 0012 JA1MZM           599 25  DX   N6IE             599 03  CA   
QSO:   14089 RY 2021-09-26 0014 JA1MZM           599 25  DX   KD6TR            599 03  WA   
QSO:   14086 RY 2021-09-26 0018 JA1MZM           599 25  DX   WW5M             599 04  TN   
QSO:   14091 RY 2021-09-26 0019 JA1MZM           599 25  DX   K6OK             599 03  CA   
QSO:   14129 RY 2021-09-26 0025 JA1MZM           599 25  DX   JA1ZGO           599 25  DX   
QSO:   21083 RY 2021-09-26 0119 JA1MZM           599 25  DX   DU1IVT           599 27  DX   
QSO:   14104 RY 2021-09-26 1137 JA1MZM           599 25  DX   UA4M             599 16  DX   
QSO:   14105 RY 2021-09-26 1138 JA1MZM           599 25  DX   9A5D             599 15  DX   
QSO:   14123 RY 2021-09-26 1141 JA1MZM           599 25  DX   IZ6TSA           599 15  DX   
QSO:    7040 RY 2021-09-26 1143 JA1MZM           599 25  DX   R0CAF            599 19  DX   
QSO:    7049 RY 2021-09-26 1144 JA1MZM           599 25  DX   VR2CC            599 24  DX   
QSO:    3533 RY 2021-09-26 1145 JA1MZM           599 25  DX   JS1KKY           599 25  DX   
QSO:    3534 RY 2021-09-26 1147 JA1MZM           599 25  DX   JH8KYU/1         599 25  DX   
QSO:    7039 RY 2021-09-26 1151 JA1MZM           599 25  DX   JR4CTF           599 25  DX   
QSO:    7031 RY 2021-09-26 1153 JA1MZM           599 25  DX   JJ5NYY           599 25  DX   
QSO:   14124 RY 2021-09-26 1154 JA1MZM           599 25  DX   OF1F             599 15  DX   
QSO:   14118 RY 2021-09-26 1156 JA1MZM           599 25  DX   SM2M             599 14  DX   
QSO:   14105 RY 2021-09-26 1159 JA1MZM           599 25  DX   IV3WMS           599 15  DX   
QSO:   14099 RY 2021-09-26 1201 JA1MZM           599 25  DX   UW1M             599 16  DX   
QSO:   14093 RY 2021-09-26 1201 JA1MZM           599 25  DX   UR7GO            599 16  DX   
QSO:   14090 RY 2021-09-26 1203 JA1MZM           599 25  DX   LZ5R             599 20  DX   
QSO:   14121 RY 2021-09-26 1210 JA1MZM           599 25  DX   SO4M             599 15  DX   
QSO:   14137 RY 2021-09-26 1212 JA1MZM           599 25  DX   I3VRD            599 15  DX   
QSO:    7037 RY 2021-09-26 1215 JA1MZM           599 25  DX   YD9VE            599 28  DX   
QSO:    7040 RY 2021-09-26 1328 JA1MZM           599 25  DX   UA0LKD           599 19  DX   
QSO:    7046 RY 2021-09-26 1329 JA1MZM           599 25  DX   KK6P             599 03  CA   
QSO:    7050 RY 2021-09-26 1330 JA1MZM           599 25  DX   DU1JM            599 27  DX   
QSO:    3529 RY 2021-09-26 1332 JA1MZM           599 25  DX   HL2WA            599 25  DX   
QSO:    3531 RY 2021-09-26 1333 JA1MZM           599 25  DX   JI4WHS           599 25  DX   
QSO:   14091 RY 2021-09-26 1336 JA1MZM           599 25  DX   S50W             599 15  DX   
QSO:   14083 RY 2021-09-26 1339 JA1MZM           599 25  DX   A65DR            599 21  DX   
QSO:   14095 RY 2021-09-26 1343 JA1MZM           599 25  DX   IW1FRU           599 15  DX   
QSO:   14100 RY 2021-09-26 1347 JA1MZM           599 25  DX   YL2NK            599 15  DX   
QSO:   14107 RY 2021-09-26 1349 JA1MZM           599 25  DX   HG5D             599 15  DX   
QSO:   14109 RY 2021-09-26 1350 JA1MZM           599 25  DX   HG1S             599 15  DX   
QSO:   14121 RY 2021-09-26 1353 JA1MZM           599 25  DX   IK4QJF           599 15  DX   
QSO:   14122 RY 2021-09-26 1354 JA1MZM           599 25  DX   LY7Z             599 15  DX   
QSO:   14128 RY 2021-09-26 1355 JA1MZM           599 25  DX   IZ6TSA           599 15  DX   
QSO:   14135 RY 2021-09-26 1356 JA1MZM           599 25  DX   BD3GNI           599 23  DX   
QSO:   14138 RY 2021-09-26 1357 JA1MZM           599 25  DX   OM5ZW            599 15  DX   
QSO:   14147 RY 2021-09-26 1358 JA1MZM           599 25  DX   OH8F             599 15  DX   
QSO:   14094 RY 2021-09-26 2124 JA1MZM           599 25  DX   W3FIZ            599 05  PA   
QSO:   14095 RY 2021-09-26 2126 JA1MZM           599 25  DX   VE2RYY           599 05  QC   
QSO:   14098 RY 2021-09-26 2127 JA1MZM           599 25  DX   NU1O             599 05  NH   
QSO:   14118 RY 2021-09-26 2129 JA1MZM           599 25  DX   N3MN             599 05  VA   
QSO:   14123 RY 2021-09-26 2132 JA1MZM           599 25  DX   AL7A             599 01  DX   
QSO:   14127 RY 2021-09-26 2134 JA1MZM           599 25  DX   K5ZD             599 05  MA   
QSO:   14142 RY 2021-09-26 2135 JA1MZM           599 25  DX   VE6UM            599 04  AB   
QSO:   14120 RY 2021-09-26 2139 JA1MZM           599 25  DX   WI7N             599 03  OR   
QSO:   14111 RY 2021-09-26 2140 JA1MZM           599 25  DX   K2ZW             599 05  ME   
QSO:   14108 RY 2021-09-26 2141 JA1MZM           599 25  DX   JH4UYB           599 25  DX   
QSO:   14090 RY 2021-09-26 2144 JA1MZM           599 25  DX   UA0ZK            599 19  DX   
QSO:   14081 RY 2021-09-26 2146 JA1MZM           599 25  DX   VE7IO            599 03  BC   
QSO:   14100 RY 2021-09-26 2225 JA1MZM           599 25  DX   W7QDM            599 03  ID   
QSO:   14113 RY 2021-09-26 2227 JA1MZM           599 25  DX   NT5V             599 04  TX   
QSO:   14128 RY 2021-09-26 2230 JA1MZM           599 25  DX   PY4EK            599 11  DX   
QSO:   21098 RY 2021-09-26 2345 JA1MZM           599 25  DX   PY2CX            599 11  DX   
QSO:   21090 RY 2021-09-26 2346 JA1MZM           599 25  DX   PY2QT            599 11  DX   
QSO:   21083 RY 2021-09-26 2348 JA1MZM           599 25  DX   W7RN             599 03  NV   
QSO:   21087 RY 2021-09-26 2349 JA1MZM           599 25  DX   N6IE             599 03  CA   
QSO:   21095 RY 2021-09-26 2350 JA1MZM           599 25  DX   YB9GV            599 28  DX   
QSO:   21102 RY 2021-09-26 2352 JA1MZM           599 25  DX   VK7BO            599 30  DX   
QSO:   21106 RY 2021-09-26 2352 JA1MZM           599 25  DX   ZL3IO            599 32  DX   
QSO:   21086 RY 2021-09-26 2356 JA1MZM           599 25  DX   JH1JCQ           599 25  DX   
QSO:   21085 RY 2021-09-26 2358 JA1MZM           599 25  DX   K2CIB            599 05  FL   
END-OF-LOG:
