START-OF-LOG: 3.0
CONTEST: ARRL-DIGI
CALLSIGN: KL4VA
LOCATION: DX
CATEGORY-OPERATOR: SINGLE-OP
CATEGORY-POWER: LOW
CATEGORY-BAND: ALL
CATEGORY-MODE: DIGI
CATEGORY-TRANSMITTER: ONE
CATEGORY-TIME: 24-HOURS
OPERATORS: KL4VA
CREATED-BY: WA7BNM WEB2CABRILLO 2.07
HQ-CATEGORY: Single Operator, One Radio (SO1R), Low Power
HQ-GRID-LOCATOR: BP51CD
QSO: 14000 DG 2023-06-04 0113 KL4VA BP51 N0TA DN70
QSO: 14000 DG 2023-06-04 0117 KL4VA BP51 WV4P EM55
QSO: 14000 DG 2023-06-04 0120 KL4VA BP51 AC8ZU EM79
QSO: 14000 DG 2023-06-04 0124 KL4VA BP51 N3XL FM18
QSO: 14000 DG 2023-06-04 0124 KL4VA BP51 N2AXX FN21
QSO: 14000 DG 2023-06-04 0132 KL4VA BP51 LV1E FF95
QSO: 14000 DG 2023-06-04 0137 KL4VA BP51 K6LUM DM12
QSO: 14000 DG 2023-06-04 0147 KL4VA BP51 W7CT DN41
QSO: 14000 DG 2023-06-04 0148 KL4VA BP51 W7BKS DN17
QSO: 14000 DG 2023-06-04 0200 KL4VA BP51 K3MM FM19
QSO: 14000 DG 2023-06-04 0207 KL4VA BP51 W9AV EN43
QSO: 14000 DG 2023-06-04 0209 KL4VA BP51 K9OM EN65
QSO: 14000 DG 2023-06-04 0218 KL4VA BP51 AF6SA CM98
QSO: 14000 DG 2023-06-04 0220 KL4VA BP51 W3ICM FM18
QSO: 14000 DG 2023-06-04 0227 KL4VA BP51 N3QE FM19
QSO: 14000 DG 2023-06-04 0228 KL4VA BP51 W2ZQ FN20
QSO: 21000 DG 2023-06-04 2105 KL4VA BP51 JH4FUF PM64
QSO: 21000 DG 2023-06-04 2117 KL4VA BP51 N0TA DN70
QSO: 21000 DG 2023-06-04 2118 KL4VA BP51 N8OO EM31
QSO: 21000 DG 2023-06-04 2122 KL4VA BP51 JH1RFM PM96
QSO: 21000 DG 2023-06-04 2123 KL4VA BP51 WT0DX DM79
QSO: 21000 DG 2023-06-04 2128 KL4VA BP51 JM1NKT PM96
QSO: 21000 DG 2023-06-04 2132 KL4VA BP51 K6OK CM98
QSO: 21000 DG 2023-06-04 2142 KL4VA BP51 ZL3IO RF80
QSO: 21000 DG 2023-06-04 2151 KL4VA BP51 N6AR EL98
END-OF-LOG: