START-OF-LOG: 3.0
CREATED-BY: vhfmanager-downloader
CONTEST: ZRS Maraton 7. termin - Unofficial results - VHFManager
CALLSIGN: OK1KTW
CATEGORY: 145 MHz - Generated log
CATEGORY-OPERATOR: SINGLE-OP
CATEGORY-ASSISTED: NON-ASSISTED
CATEGORY-TRANSMITTER: ONE
CATEGORY-STATION: FIXED
QSO: 144300 PH 2024-07-21 0801 OK1KTW        1   JN89IW JN89IW OK1KTW        SSB 9A1VZD 59 
QSO: 144300 PH 2024-07-21 1057 OK1KTW        4   JN89IW JN89IW OK1KTW        SSB OK1KCR 59 
QSO: 144300 PH 2024-07-21 0804 OK1KTW        7   JN89IW JN89IW OK1KTW        SSB OK2IWU 59 
QSO: 144300 PH 2024-07-21 0805 OK1KTW        11  JN89IW JN89IW OK1KTW        SSB OK2VMC 59 
QSO: 144300 PH 2024-07-21 0810 OK1KTW        18  JN89IW JN89IW OK1KTW        SSB HA5OO 59  
QSO: 144300 PH 2024-07-21 0813 OK1KTW        22  JN89IW JN89IW OK1KTW        SSB S56P 59   
QSO: 144300 PH 2024-07-21 0816 OK1KTW        30  JN89IW JN89IW OK1KTW        SSB OK2BPN 59 
QSO: 144300 PH 2024-07-21 0819 OK1KTW        34  JN89IW JN89IW OK1KTW        SSB 9A0V 59   
QSO: 144300 PH 2024-07-21 0821 OK1KTW        38  JN89IW JN89IW OK1KTW        SSB 9A7KFF 59 
QSO: 144300 PH 2024-07-21 0824 OK1KTW        43  JN89IW JN89IW OK1KTW        SSB 9A7D 59   
QSO: 144300 PH 2024-07-21 0825 OK1KTW        44  JN89IW JN89IW OK1KTW        SSB SP9EYX 59 
QSO: 144300 PH 2024-07-21 0829 OK1KTW        50  JN89IW JN89IW OK1KTW        SSB YU7ACO 59 
QSO: 144300 PH 2024-07-21 0830 OK1KTW        51  JN89IW JN89IW OK1KTW        SSB E71EDK 59 
QSO: 144300 PH 2024-07-21 0833 OK1KTW        54  JN89IW JN89IW OK1KTW        SSB 9A1DL 59  
QSO: 144300 PH 2024-07-21 0840 OK1KTW        65  JN89IW JN89IW OK1KTW        SSB SP6DHH 59 
QSO: 144300 PH 2024-07-21 0845 OK1KTW        71  JN89IW JN89IW OK1KTW        SSB SP6CPF 59 
QSO: 144300 PH 2024-07-21 0854 OK1KTW        86  JN89IW JN89IW OK1KTW        SSB 9A1AR 59  
QSO: 144300 PH 2024-07-21 0856 OK1KTW        88  JN89IW JN89IW OK1KTW        SSB YO2BBT 59 
QSO: 144300 PH 2024-07-21 0900 OK1KTW        94  JN89IW JN89IW OK1KTW        SSB OM6TX 59  
QSO: 144300 PH 2024-07-21 0913 OK1KTW        108 JN89IW JN89IW OK1KTW        SSB 9A8A 59   
QSO: 144300 PH 2024-07-21 0914 OK1KTW        110 JN89IW JN89IW OK1KTW        SSB YT2TM 59  
QSO: 144300 PH 2024-07-21 0917 OK1KTW        112 JN89IW JN89IW OK1KTW        SSB S51WC 59  
QSO: 144300 PH 2024-07-21 0923 OK1KTW        119 JN89IW JN89IW OK1KTW        SSB S57UZX 59 
QSO: 144300 PH 2024-07-21 0932 OK1KTW        129 JN89IW JN89IW OK1KTW        SSB E75DSB 59 
QSO: 144300 PH 2024-07-21 0933 OK1KTW        130 JN89IW JN89IW OK1KTW        SSB YO2CJX 59 
QSO: 144300 PH 2024-07-21 0949 OK1KTW        144 JN89IW JN89IW OK1KTW        SSB YO5OHB 59 
QSO: 144300 PH 2024-07-21 0955 OK1KTW        149 JN89IW JN89IW OK1KTW        SSB OK2KRT 59 
QSO: 144300 PH 2024-07-21 0958 OK1KTW        152 JN89IW JN89IW OK1KTW        SSB YO5AVN 59 
QSO: 144300 PH 2024-07-21 1000 OK1KTW        154 JN89IW JN89IW OK1KTW        SSB E70SIC 59 
QSO: 144300 PH 2024-07-21 1002 OK1KTW        156 JN89IW JN89IW OK1KTW        SSB SN9W 59   
QSO: 144300 PH 2024-07-21 1003 OK1KTW        157 JN89IW JN89IW OK1KTW        SSB S53JPQ 59 
QSO: 144300 PH 2024-07-21 1004 OK1KTW        158 JN89IW JN89IW OK1KTW        SSB S51SL 59  
QSO: 144300 PH 2024-07-21 1008 OK1KTW        162 JN89IW JN89IW OK1KTW        SSB 9A1W 59   
QSO: 144300 PH 2024-07-21 1013 OK1KTW        167 JN89IW JN89IW OK1KTW        SSB YT5W 59   
QSO: 144300 PH 2024-07-21 1019 OK1KTW        169 JN89IW JN89IW OK1KTW        SSB 9A1O 59   
QSO: 144300 PH 2024-07-21 1020 OK1KTW        170 JN89IW JN89IW OK1KTW        SSB 9A1I 59   
QSO: 144300 PH 2024-07-21 1021 OK1KTW        172 JN89IW JN89IW OK1KTW        SSB OK1FOX 59 
QSO: 144300 PH 2024-07-21 1023 OK1KTW        173 JN89IW JN89IW OK1KTW        SSB 9A1KDE 59 
QSO: 144300 PH 2024-07-21 1024 OK1KTW        174 JN89IW JN89IW OK1KTW        SSB S59K 59   
QSO: 144300 PH 2024-07-21 1026 OK1KTW        176 JN89IW JN89IW OK1KTW        SSB OE6V 59   
QSO: 144300 PH 2024-07-21 1033 OK1KTW        182 JN89IW JN89IW OK1KTW        SSB OK1DOL 59 
QSO: 144300 PH 2024-07-21 1044 OK1KTW        189 JN89IW JN89IW OK1KTW        SSB OM0AAO 59 
QSO: 144300 PH 2024-07-21 1045 OK1KTW        190 JN89IW JN89IW OK1KTW        SSB 9A1AAY 59 
QSO: 144300 PH 2024-07-21 1046 OK1KTW        192 JN89IW JN89IW OK1KTW        SSB 9A0BB 59  
QSO: 144300 PH 2024-07-21 1046 OK1KTW        193 JN89IW JN89IW OK1KTW        SSB 9A3QB 59  
QSO: 144300 PH 2024-07-21 1047 OK1KTW        195 JN89IW JN89IW OK1KTW        SSB 9A5RJ 59  
QSO: 144300 PH 2024-07-21 1051 OK1KTW        199 JN89IW JN89IW OK1KTW        SSB OM6ABF 59 
QSO: 144300 PH 2024-07-21 1052 OK1KTW        199 JN89IW JN89IW OK1KTW        SSB 9A5HZ 59  
QSO: 144300 PH 2024-07-21 1052 OK1KTW        201 JN89IW JN89IW OK1KTW        SSB 9A1N 59   
QSO: 144300 PH 2024-07-21 1056 OK1KTW        203 JN89IW JN89IW OK1KTW        SSB OM5AW 59  
END-OF-LOG:
