START-OF-LOG: 3.0
LOCATION: DX
CONTEST: CQ-WW-SSB
CALLSIGN: JN1DNV
CATEGORY-OPERATOR: SINGLE-OP
CATEGORY-TRANSMITTER: ONE
CATEGORY-MODE: SSB
CATEGORY-POWER: LOW
CATEGORY-STATION: FIXED
CATEGORY-ASSISTED: NON-ASSISTED
CATEGORY-BAND: ALL
CLAIMED-SCORE: 2772
OPERATORS:
CLUB:
CREATED-BY: CTESTWIN by JI1AQY
NAME: Jun Yamagishi
SOAPBOX: I enjoyed the contest.
QSO: 28000 PH 2014-10-25 0012 JN1DNV        59  25     BA4TB         59  24 0
QSO: 28000 PH 2014-10-25 0022 JN1DNV        59  25     YB4IR         59  28 0
QSO: 21000 PH 2014-10-25 0038 JN1DNV        59  25     BI4SSB        59  24 0
QSO: 21000 PH 2014-10-25 0046 JN1DNV        59  25     BY4AA         59  24 0
QSO: 28000 PH 2014-10-25 0046 JN1DNV        59  25     BY5HB         59  24 0
QSO: 28000 PH 2014-10-25 0049 JN1DNV        59  25     9W6IVY        59  28 0
QSO: 21000 PH 2014-10-25 0058 JN1DNV        59  25     HL3AKL        59  25 0
QSO: 21000 PH 2014-10-25 0105 JN1DNV        59  25     AH0BT         59  27 0
QSO: 28000 PH 2014-10-25 0328 JN1DNV        59  25     VK9XSP        59  29 0
QSO: 28000 PH 2014-10-25 0348 JN1DNV        59  25     BY3MM         59  24 0
QSO: 28000 PH 2014-10-25 0350 JN1DNV        59  25     BW2/JP1RIW    59  24 0
QSO: 28000 PH 2014-10-25 0351 JN1DNV        59  25     B7M           59  24 0
QSO: 28000 PH 2014-10-25 0403 JN1DNV        59  25     VK4KW         59  30 0
QSO: 28000 PH 2014-10-25 0405 JN1DNV        59  25     VK4QH         59  30 0
QSO: 21000 PH 2014-10-25 0421 JN1DNV        59  25     RW0UU         59  18 0
QSO: 21000 PH 2014-10-25 0423 JN1DNV        59  25     DV1JM         59  27 0
QSO: 28000 PH 2014-10-25 0432 JN1DNV        59  25     BY5CD         59  24 0
QSO: 28000 PH 2014-10-26 0101 JN1DNV        59  25     9M6YBG        59  28 0
QSO: 28000 PH 2014-10-26 0104 JN1DNV        59  25     BV1EL         59  24 0
QSO: 28000 PH 2014-10-26 0106 JN1DNV        59  25     YE2A          59  28 0
QSO: 28000 PH 2014-10-26 0109 JN1DNV        59  25     YE2C          59  28 0
QSO: 21000 PH 2014-10-26 0120 JN1DNV        59  25     B7M           59  24 0
QSO: 21000 PH 2014-10-26 0122 JN1DNV        59  25     DU1RB         59  27 0
QSO: 28000 PH 2014-10-26 0133 JN1DNV        59  25     BG6CCP        59  24 0
QSO: 28000 PH 2014-10-26 0136 JN1DNV        59  25     BY7MJ         59  24 0
QSO: 21000 PH 2014-10-26 0137 JN1DNV        59  25     BD4AGK        59  24 0
QSO: 21000 PH 2014-10-26 0142 JN1DNV        59  25     WH2DX         59  27 0
QSO: 21000 PH 2014-10-26 0145 JN1DNV        59  25     K7RL          59  03 0
QSO: 28000 PH 2014-10-26 0153 JN1DNV        59  25     UA8U          59  18 0
QSO: 28000 PH 2014-10-26 0156 JN1DNV        59  25     B7P           59  24 0
QSO: 28000 PH 2014-10-26 2240 JN1DNV        59  25     WH2DX         59  27 0
QSO: 21000 PH 2014-10-26 2249 JN1DNV        59  25     BY5CD         59  24 0
QSO: 21000 PH 2014-10-26 2300 JN1DNV        59  25     BV2A          59  24 0
QSO: 21000 PH 2014-10-26 2302 JN1DNV        59  25     BA4TB         59  24 0
QSO: 21000 PH 2014-10-26 2309 JN1DNV        59  25     T88HZ         59  27 0
QSO: 21000 PH 2014-10-26 2313 JN1DNV        59  25     9M2SM         59  28 0
QSO: 21000 PH 2014-10-26 2315 JN1DNV        59  25     9V1YC         59  28 0
QSO: 21000 PH 2014-10-26 2316 JN1DNV        59  25     VR2XAN        59  24 0
QSO: 21000 PH 2014-10-26 2318 JN1DNV        59  25     VR2S          59  24 0
QSO: 21000 PH 2014-10-26 2338 JN1DNV        59  25     B1Z           59  24 0
QSO: 28000 PH 2014-10-26 2341 JN1DNV        59  25     KH7CW         59  31 0
QSO: 28000 PH 2014-10-26 2351 JN1DNV        59  25     DU3LA         59  27 0
QSO: 28000 PH 2014-10-26 2357 JN1DNV        59  25     RA0CGY        59  19 0
END-OF-LOG:
