START-OF-LOG: 3.0
LOCATION: DX
CALLSIGN: ON2CQ
CONTEST: CQ-WW-SSB
CATEGORY-OPERATOR: SINGLE-OP
CATEGORY-ASSISTED: NON-ASSISTED
CATEGORY-BAND: ALL
CATEGORY-MODE: SSB
CATEGORY-POWER: LOW
CATEGORY-STATION: FIXED
CATEGORY-TIME: 24-HOURS
CATEGORY-TRANSMITTER: ONE
CLAIMED-SCORE: 200075
OPERATORS: ON2CQ
NAME: Thierry
CREATED-BY: N1MM Logger+ 0.19.4115.0
QSO:  7086 PH 2014-10-25 0000 ON2CQ         59  14     7X2JV         59  33
QSO:  7197 PH 2014-10-25 0003 ON2CQ         59  14     LZ9W          59  20
QSO:  7125 PH 2014-10-25 0005 ON2CQ         59  14     IO7T          59  15
QSO:  7123 PH 2014-10-25 0007 ON2CQ         59  14     LZ5K          59  20
QSO:  7058 PH 2014-10-25 0008 ON2CQ         59  14     J42T          59  20
QSO:  7077 PH 2014-10-25 0009 ON2CQ         59  14     UW7LL         59  16
QSO:  7080 PH 2014-10-25 0010 ON2CQ         59  14     UT7EZZ        59  16
QSO:  7094 PH 2014-10-25 0011 ON2CQ         59  14     UW7E          59  16
QSO: 14263 PH 2014-10-25 0017 ON2CQ         59  14     EI6JK         59  14
QSO: 21315 PH 2014-10-25 0020 ON2CQ         59  14     KH7XX         59  31
QSO: 14272 PH 2014-10-25 0024 ON2CQ         59  14     G5O           59  14
QSO: 14228 PH 2014-10-25 0027 ON2CQ         59  14     OL4A          59  15
QSO: 14175 PH 2014-10-25 0032 ON2CQ         59  14     N2TX          59  05
QSO: 14179 PH 2014-10-25 0033 ON2CQ         59  14     N2PP          59  05
QSO: 14207 PH 2014-10-25 0034 ON2CQ         59  14     OH8X          59  15
QSO: 21273 PH 2014-10-25 0041 ON2CQ         59  14     W7WA          59  03
QSO: 21332 PH 2014-10-25 0042 ON2CQ         59  14     ES5RW         59  15
QSO: 21386 PH 2014-10-25 0043 ON2CQ         59  14     NK7U          59  03
QSO: 14148 PH 2014-10-25 0050 ON2CQ         59  14     VE3JM         59  04
QSO: 14151 PH 2014-10-25 0051 ON2CQ         59  14     K3LR          59  05
QSO: 14153 PH 2014-10-25 0053 ON2CQ         59  14     N1UR          59  05
QSO:  1835 PH 2014-10-25 0054 ON2CQ         59  14     DM4X          59  14
QSO:  1851 PH 2014-10-25 0055 ON2CQ         59  14     OK1T          59  15
QSO:  1848 PH 2014-10-25 0056 ON2CQ         59  14     DF0HQ         59  14
QSO:  1857 PH 2014-10-25 0058 ON2CQ         59  14     LY7M          59  15
QSO:  1862 PH 2014-10-25 0059 ON2CQ         59  14     PI4M          59  14
QSO:  3624 PH 2014-10-25 0100 ON2CQ         59  14     YP0C          59  20
QSO:  3637 PH 2014-10-25 0101 ON2CQ         59  14     SK7K          59  14
QSO: 14239 PH 2014-10-25 0108 ON2CQ         59  14     TM6M          59  14
QSO: 14268 PH 2014-10-25 0109 ON2CQ         59  14     TM4L          59  14
QSO: 14277 PH 2014-10-25 0110 ON2CQ         59  14     SK3W          59  14
QSO: 14316 PH 2014-10-25 0113 ON2CQ         59  14     K9CT          59  04
QSO: 14341 PH 2014-10-25 0114 ON2CQ         59  14     K3WW          59  05
QSO: 21165 PH 2014-10-25 0901 ON2CQ         59  14     RZ9JZ         59  17
QSO: 21172 PH 2014-10-25 0902 ON2CQ         59  14     OH3AD         59  15
QSO: 21198 PH 2014-10-25 0904 ON2CQ         59  14     EW2A          59  16
QSO: 21387 PH 2014-10-25 0910 ON2CQ         59  14     Z35T          59  15
QSO: 21119 PH 2014-10-25 0931 ON2CQ         59  14     TO2A          59  09
QSO: 21147 PH 2014-10-25 0934 ON2CQ         59  14     UA9KAA        59  17
QSO: 21152 PH 2014-10-25 0939 ON2CQ         59  14     EA8/RA1A      59  33
QSO: 21325 PH 2014-10-25 0940 ON2CQ         59  14     4O3A          59  15
QSO: 28345 PH 2014-10-25 0944 ON2CQ         59  14     S79K          59  39
QSO: 28575 PH 2014-10-25 0955 ON2CQ         59  14     4L0A          59  21
QSO: 28763 PH 2014-10-25 1053 ON2CQ         59  14     A92GR         59  21
QSO: 21442 PH 2014-10-25 1058 ON2CQ         59  14     Z37Y          59  15
QSO: 21188 PH 2014-10-25 1113 ON2CQ         59  14     EY8MM         59  17
QSO: 21193 PH 2014-10-25 1114 ON2CQ         59  14     JR4OZR        59  25
QSO: 28810 PH 2014-10-25 1123 ON2CQ         59  14     A61ZX         59  21
QSO: 28623 PH 2014-10-25 1139 ON2CQ         59  14     FY5FY         59  09
QSO: 28315 PH 2014-10-25 1146 ON2CQ         59  14     N1UR          59  05
QSO: 28777 PH 2014-10-25 1150 ON2CQ         59  14     ZW5B          59  11
QSO: 28414 PH 2014-10-25 1155 ON2CQ         59  14     PX2B          59  11
QSO: 28377 PH 2014-10-25 1155 ON2CQ         59  14     PT2CM         59  11
QSO: 28583 PH 2014-10-25 1201 ON2CQ         59  14     BD7IS         59  24
QSO: 28693 PH 2014-10-25 1204 ON2CQ         59  14     VR2S          59  24
QSO: 28379 PH 2014-10-25 1205 ON2CQ         59  14     ED9K          59  33
QSO: 28710 PH 2014-10-25 1207 ON2CQ         59  14     K1SD          59  05
QSO: 28469 PH 2014-10-25 1208 ON2CQ         59  14     A73A          59  21
QSO: 28754 PH 2014-10-25 1216 ON2CQ         59  14     VY2TT         59  05
QSO: 28290 PH 2014-10-25 1222 ON2CQ         59  14     CG3AT         59  04
QSO: 21187 PH 2014-10-25 1230 ON2CQ         59  14     B4L           59  24
QSO: 21145 PH 2014-10-25 1231 ON2CQ         59  14     ZL1X          59  32
QSO: 21172 PH 2014-10-25 1237 ON2CQ         59  14     TO0X          59  39
QSO: 21380 PH 2014-10-25 1324 ON2CQ         59  14     VR2XAN        59  24
QSO: 21184 PH 2014-10-25 1341 ON2CQ         59  14     EY8AR         59  17
QSO: 21205 PH 2014-10-25 1344 ON2CQ         59  14     A71CO         59  21
QSO: 28251 PH 2014-10-25 1358 ON2CQ         59  14     ZF2DX         59  08
QSO: 28278 PH 2014-10-25 1359 ON2CQ         59  14     VE2GSO        59  02
QSO: 21217 PH 2014-10-25 1404 ON2CQ         59  14     VA3YP         59  04
QSO: 21134 PH 2014-10-25 1408 ON2CQ         59  14     PJ4X          59  09
QSO: 21213 PH 2014-10-25 1410 ON2CQ         59  14     K8AZ          59  04
QSO: 21407 PH 2014-10-25 1413 ON2CQ         59  14     4O7CC         59  15
QSO: 21126 PH 2014-10-25 1424 ON2CQ         59  14     P40L          59  09
QSO: 14221 PH 2014-10-25 1433 ON2CQ         59  14     KL7RA         59  01
QSO: 14273 PH 2014-10-25 1442 ON2CQ         59  14     HZ1TL         59  21
QSO: 14281 PH 2014-10-25 1450 ON2CQ         59  14     UP2L          59  17
QSO: 14321 PH 2014-10-25 1453 ON2CQ         59  14     UP0L          59  17
QSO: 14266 PH 2014-10-25 1454 ON2CQ         59  14     E70T          59  15
QSO: 21162 PH 2014-10-25 1534 ON2CQ         59  14     YY2CAR        59  09
QSO: 21402 PH 2014-10-25 1535 ON2CQ         59  14     N1MM          59  05
QSO: 28238 PH 2014-10-25 1541 ON2CQ         59  14     YN5Z          59  07
QSO: 28258 PH 2014-10-25 1546 ON2CQ         59  14     ZD8X          59  36
QSO: 28692 PH 2014-10-25 1553 ON2CQ         59  14     W3BGN         59  05
QSO: 28474 PH 2014-10-25 1554 ON2CQ         59  14     LU6DC         59  13
QSO: 28771 PH 2014-10-25 1559 ON2CQ         59  14     NP2P          59  08
QSO: 28329 PH 2014-10-25 1604 ON2CQ         59  14     W1AW/8        59  04
QSO: 28967 PH 2014-10-25 1608 ON2CQ         59  14     W9RE          59  04
QSO: 28560 PH 2014-10-25 1610 ON2CQ         59  14     VO2NS         59  02
QSO: 28945 PH 2014-10-25 1611 ON2CQ         59  14     W5PR          59  04
QSO: 28572 PH 2014-10-25 1612 ON2CQ         59  14     VA3TIC        59  04
QSO: 28295 PH 2014-10-25 1613 ON2CQ         59  14     VE3MIS        59  04
QSO: 28847 PH 2014-10-25 1615 ON2CQ         59  14     WB2ZAB        59  05
QSO: 28851 PH 2014-10-25 1616 ON2CQ         59  14     KB0EO         59  04
QSO: 28834 PH 2014-10-25 1617 ON2CQ         59  14     W9IU          59  04
QSO: 29044 PH 2014-10-25 1619 ON2CQ         59  14     8P2K          59  08
QSO: 28798 PH 2014-10-25 1620 ON2CQ         59  14     PW1A          59  11
QSO: 28893 PH 2014-10-25 1623 ON2CQ         59  14     XE3/K5ENS     59  06
QSO: 29034 PH 2014-10-25 1625 ON2CQ         59  14     K5GDX         59  04
QSO: 28493 PH 2014-10-25 1626 ON2CQ         59  14     LU1VM         59  13
QSO: 28377 PH 2014-10-25 1629 ON2CQ         59  14     CE6TC         59  12
QSO: 28320 PH 2014-10-25 1630 ON2CQ         59  14     CQ3L          59  33
QSO: 21159 PH 2014-10-25 1634 ON2CQ         59  14     VC2T          59  05
QSO: 28871 PH 2014-10-25 1647 ON2CQ         59  14     TG9AJR        59  07
QSO: 28938 PH 2014-10-25 1649 ON2CQ         59  14     NA5NN         59  04
QSO: 28330 PH 2014-10-25 1650 ON2CQ         59  14     8P5A          59  08
QSO: 29031 PH 2014-10-25 1656 ON2CQ         59  14     ZX2B          59  11
QSO: 28569 PH 2014-10-25 1657 ON2CQ         59  14     CN2AA         59  33
QSO: 29020 PH 2014-10-25 1659 ON2CQ         59  14     VE6WQ         59  04
QSO: 28781 PH 2014-10-25 1700 ON2CQ         59  14     N2TX          59  05
QSO: 28450 PH 2014-10-25 1704 ON2CQ         59  14     CN2R          59  33
QSO: 14339 PH 2014-10-25 1710 ON2CQ         59  14     SJ2W          59  14
QSO: 14326 PH 2014-10-25 1719 ON2CQ         59  14     YL1XN         59  15
QSO: 14260 PH 2014-10-25 1723 ON2CQ         59  14     ES5G          59  15
QSO: 21219 PH 2014-10-25 1725 ON2CQ         59  14     9K2HN         59  21
QSO: 21174 PH 2014-10-25 1727 ON2CQ         59  14     SX3B          59  20
QSO: 21444 PH 2014-10-25 1728 ON2CQ         59  14     AA9A          59  04
QSO: 21186 PH 2014-10-25 1729 ON2CQ         59  14     VE2IM         59  02
QSO: 21196 PH 2014-10-25 1731 ON2CQ         59  14     VE6SV         59  04
QSO: 21302 PH 2014-10-25 1732 ON2CQ         59  14     VE5PV         59  04
QSO: 28395 PH 2014-10-25 1738 ON2CQ         59  14     KC1XX         59  05
QSO: 28770 PH 2014-10-25 1740 ON2CQ         59  14     KB1H          59  05
QSO: 21326 PH 2014-10-25 1742 ON2CQ         59  14     K1ZR          59  05
QSO: 21395 PH 2014-10-25 1744 ON2CQ         59  14     AB3CX         59  05
QSO: 21425 PH 2014-10-25 1750 ON2CQ         59  14     VE4EA         59  04
QSO: 21287 PH 2014-10-25 1753 ON2CQ         59  14     ZD8W          59  36
QSO: 21301 PH 2014-10-25 1755 ON2CQ         59  14     WK1Q          59  05
QSO: 14295 PH 2014-10-25 1810 ON2CQ         59  14     4L8A          59  21
QSO: 14316 PH 2014-10-25 1838 ON2CQ         59  14     ED5O          59  14
QSO: 14339 PH 2014-10-25 1839 ON2CQ         59  14     EF5T          59  14
QSO:  7188 PH 2014-10-25 1842 ON2CQ         59  14     SK7K          59  14
QSO:  7083 PH 2014-10-25 1846 ON2CQ         59  14     S51CK         59  15
QSO:  7072 PH 2014-10-25 1847 ON2CQ         59  14     SO9Q          59  15
QSO:  7064 PH 2014-10-25 1847 ON2CQ         59  14     SP3HRN        59  15
QSO:  7063 PH 2014-10-25 1848 ON2CQ         59  14     S52WW         59  15
QSO:  7051 PH 2014-10-25 1849 ON2CQ         59  14     UW5Y          59  16
QSO:  7200 PH 2014-10-25 1902 ON2CQ         59  14     S56X          59  15
QSO:  7194 PH 2014-10-25 1903 ON2CQ         59  14     LY4A          59  15
QSO:  7191 PH 2014-10-25 1903 ON2CQ         59  14     S52ZW         59  15
QSO:  7161 PH 2014-10-25 1906 ON2CQ         59  14     HG7T          59  15
QSO:  7157 PH 2014-10-25 1906 ON2CQ         59  14     YT7A          59  15
QSO:  7155 PH 2014-10-25 1907 ON2CQ         59  14     SP2KPD        59  15
QSO:  7150 PH 2014-10-25 1907 ON2CQ         59  14     IR5A          59  15
QSO:  7138 PH 2014-10-25 1909 ON2CQ         59  14     GM2T          59  14
QSO:  1843 PH 2014-10-25 1911 ON2CQ         59  14     OT5A          59  14
QSO:  1848 PH 2014-10-25 1913 ON2CQ         59  14     9A6TKS        59  15
QSO: 14152 PH 2014-10-25 1952 ON2CQ         59  14     CW5W          59  13
QSO: 21291 PH 2014-10-25 2000 ON2CQ         59  14     PP1CZ         59  11
QSO: 21334 PH 2014-10-25 2002 ON2CQ         59  14     HK1NA         59  09
QSO: 21406 PH 2014-10-25 2004 ON2CQ         59  14     LT0H          59  13
QSO: 21263 PH 2014-10-25 2012 ON2CQ         59  14     ZP5AA         59  11
QSO: 21440 PH 2014-10-25 2014 ON2CQ         59  14     CV3D          59  13
QSO: 14126 PH 2014-10-25 2024 ON2CQ         59  14     VE3EJ         59  04
QSO: 14176 PH 2014-10-25 2025 ON2CQ         59  14     K3ZO          59  05
QSO: 14250 PH 2014-10-25 2026 ON2CQ         59  14     W1CSM         59  05
QSO:  1833 PH 2014-10-25 2042 ON2CQ         59  14     DL4ZA         59  14
QSO:  1869 PH 2014-10-25 2102 ON2CQ         59  14     OK1W          59  15
QSO:  3661 PH 2014-10-25 2106 ON2CQ         59  14     S51SL         59  15
QSO:  3681 PH 2014-10-25 2108 ON2CQ         59  14     HB9CPS        59  14
QSO:  3702 PH 2014-10-25 2110 ON2CQ         59  14     M5B           59  14
QSO:  3718 PH 2014-10-25 2113 ON2CQ         59  14     DL3ASM        59  14
QSO:  3694 PH 2014-10-25 2115 ON2CQ         59  14     SO9T          59  15
QSO:  3720 PH 2014-10-25 2119 ON2CQ         59  14     HG1S          59  15
QSO:  3790 PH 2014-10-25 2121 ON2CQ         59  14     OO5G          59  14
QSO:  1873 PH 2014-10-25 2128 ON2CQ         59  14     DJ8UV         59  14
QSO: 14216 PH 2014-10-25 2136 ON2CQ         59  14     WK1Q          59  05
QSO: 14210 PH 2014-10-25 2139 ON2CQ         59  14     W1NA          59  05
QSO: 14204 PH 2014-10-25 2140 ON2CQ         59  14     NQ4I          59  05
QSO: 14193 PH 2014-10-25 2143 ON2CQ         59  14     AA1K          59  05
QSO: 14183 PH 2014-10-25 2143 ON2CQ         59  14     K1ZR          59  05
QSO: 14129 PH 2014-10-25 2147 ON2CQ         59  14     8P5A          59  08
QSO: 14169 PH 2014-10-25 2202 ON2CQ         59  14     WX3B          59  05
QSO: 14156 PH 2014-10-25 2204 ON2CQ         59  14     K3CR          59  05
QSO: 14177 PH 2014-10-25 2228 ON2CQ         59  14     PY2DY         59  11
QSO: 14146 PH 2014-10-25 2229 ON2CQ         59  14     CN2MM         59  33
QSO: 21385 PH 2014-10-26 0638 ON2CQ         59  14     JA7YRR        59  25
QSO: 21310 PH 2014-10-26 0639 ON2CQ         59  14     JF8QNF        59  25
QSO: 21297 PH 2014-10-26 0640 ON2CQ         59  14     9K9Z          59  21
QSO: 21167 PH 2014-10-26 0642 ON2CQ         59  14     RW9DX         59  17
QSO: 21168 PH 2014-10-26 0643 ON2CQ         59  14     RM3F          59  16
QSO: 21210 PH 2014-10-26 0645 ON2CQ         59  14     A73A          59  21
QSO: 21146 PH 2014-10-26 0646 ON2CQ         59  14     TC7V          59  20
QSO: 28483 PH 2014-10-26 0650 ON2CQ         59  14     R9YA          59  18
QSO: 28663 PH 2014-10-26 0657 ON2CQ         59  14     BY5HB         59  24
QSO: 21410 PH 2014-10-26 0717 ON2CQ         59  14     RZ4AG         59  16
QSO: 21414 PH 2014-10-26 0717 ON2CQ         59  14     OH3OJ         59  15
QSO: 21422 PH 2014-10-26 0718 ON2CQ         59  14     CT9/R9DX      59  33
QSO: 14243 PH 2014-10-26 0723 ON2CQ         59  14     8P9EH         59  08
QSO: 14303 PH 2014-10-26 0724 ON2CQ         59  14     9Y4W          59  09
QSO: 14254 PH 2014-10-26 0726 ON2CQ         59  14     CE1TT         59  12
QSO: 14209 PH 2014-10-26 0727 ON2CQ         59  14     NP2X          59  08
QSO: 14258 PH 2014-10-26 0732 ON2CQ         59  14     E51AND        59  32
QSO: 21436 PH 2014-10-26 0739 ON2CQ         59  14     JS3CTQ        59  25
QSO: 21380 PH 2014-10-26 0740 ON2CQ         59  14     YP8T          59  20
QSO: 21377 PH 2014-10-26 0743 ON2CQ         59  14     P33W          59  20
QSO: 21428 PH 2014-10-26 0744 ON2CQ         59  14     EV1R          59  16
QSO: 28330 PH 2014-10-26 0750 ON2CQ         59  14     VU2RCT        59  22
QSO: 28709 PH 2014-10-26 0752 ON2CQ         59  14     BW2/JP1RIW    59  24
QSO: 28336 PH 2014-10-26 0753 ON2CQ         59  14     UP0L          59  17
QSO: 28754 PH 2014-10-26 0755 ON2CQ         59  14     JE1ZWT        59  25
QSO: 28761 PH 2014-10-26 0757 ON2CQ         59  14     JM1LPN        59  25
QSO: 21275 PH 2014-10-26 0802 ON2CQ         59  14     Z61KR         59  15
QSO: 21194 PH 2014-10-26 0806 ON2CQ         59  14     JH5RXS        59  25
QSO: 21261 PH 2014-10-26 0807 ON2CQ         59  14     JV5A          59  23
QSO: 14234 PH 2014-10-26 0817 ON2CQ         59  14     EU1WW         59  16
QSO: 14278 PH 2014-10-26 0818 ON2CQ         59  14     5Q2J          59  14
QSO: 21449 PH 2014-10-26 0822 ON2CQ         59  14     ED1T          59  14
QSO: 28405 PH 2014-10-26 0831 ON2CQ         59  14     ZS1TMJ        59  38
QSO: 28364 PH 2014-10-26 0835 ON2CQ         59  14     5R8M          59  39
QSO: 21257 PH 2014-10-26 0839 ON2CQ         59  14     TF3CW         59  40
QSO: 14124 PH 2014-10-26 0842 ON2CQ         59  14     GM5X          59  14
QSO: 14236 PH 2014-10-26 0843 ON2CQ         59  14     M0HFC         59  14
QSO: 14224 PH 2014-10-26 0858 ON2CQ         59  14     RK9QWM        59  17
QSO: 14225 PH 2014-10-26 0859 ON2CQ         59  14     9A2EU         59  15
QSO: 28837 PH 2014-10-26 0903 ON2CQ         59  14     SV9CVY        59  20
QSO: 14314 PH 2014-10-26 0906 ON2CQ         59  14     UA2F          59  15
QSO: 28537 PH 2014-10-26 0912 ON2CQ         59  14     F6BGC         59  14
QSO: 28614 PH 2014-10-26 0917 ON2CQ         59  14     UN9L          59  17
QSO: 28329 PH 2014-10-26 0920 ON2CQ         59  14     EU6AF         59  16
QSO: 28514 PH 2014-10-26 0922 ON2CQ         59  14     OH4MDY        59  15
QSO: 21236 PH 2014-10-26 0944 ON2CQ         59  14     RZ0LWA        59  19
QSO: 28612 PH 2014-10-26 1005 ON2CQ         59  14     OH8KVY        59  15
QSO: 21226 PH 2014-10-26 1011 ON2CQ         59  14     RC9O          59  18
QSO: 14273 PH 2014-10-26 1018 ON2CQ         59  14     4O3A          59  15
QSO: 21296 PH 2014-10-26 1029 ON2CQ         59  14     V26B          59  08
QSO: 14170 PH 2014-10-26 1047 ON2CQ         59  14     IK3UNA/1      59  15
QSO: 14339 PH 2014-10-26 1048 ON2CQ         59  14     S51A          59  15
QSO: 14276 PH 2014-10-26 1048 ON2CQ         59  14     SJ4F          59  14
QSO: 14320 PH 2014-10-26 1049 ON2CQ         59  14     S50XX         59  15
QSO: 14253 PH 2014-10-26 1053 ON2CQ         59  14     LX7I          59  14
QSO: 14226 PH 2014-10-26 1058 ON2CQ         59  14     LA3BPA        59  14
QSO: 14337 PH 2014-10-26 1101 ON2CQ         59  14     OE2E          59  15
QSO: 21245 PH 2014-10-26 1104 ON2CQ         59  14     CR5T          59  14
QSO: 21234 PH 2014-10-26 1107 ON2CQ         59  14     LZ2UW         59  20
QSO: 21236 PH 2014-10-26 1108 ON2CQ         59  14     LY5R          59  15
QSO: 28449 PH 2014-10-26 1112 ON2CQ         59  14     TF3CY         59  40
QSO: 14290 PH 2014-10-26 1114 ON2CQ         59  14     EA4KR         59  14
QSO: 21239 PH 2014-10-26 1132 ON2CQ         59  14     W1WMU         59  05
QSO: 21434 PH 2014-10-26 1137 ON2CQ         59  14     KB1H          59  05
QSO: 21443 PH 2014-10-26 1139 ON2CQ         59  14     YL1XN         59  15
QSO: 14223 PH 2014-10-26 1222 ON2CQ         59  14     LY6A          59  15
QSO: 21153 PH 2014-10-26 1224 ON2CQ         59  14     VE3EJ         59  04
QSO: 21389 PH 2014-10-26 1224 ON2CQ         59  14     CN2AA         59  33
QSO: 21392 PH 2014-10-26 1225 ON2CQ         59  14     CN2R          59  33
QSO: 28814 PH 2014-10-26 1237 ON2CQ         59  14     AB3CX         59  05
QSO: 21173 PH 2014-10-26 1238 ON2CQ         59  14     VP5T          59  08
QSO: 28662 PH 2014-10-26 1239 ON2CQ         59  14     PJ4X          59  09
QSO: 14258 PH 2014-10-26 1245 ON2CQ         59  14     TK9R          59  15
QSO: 14270 PH 2014-10-26 1247 ON2CQ         59  14     DF0HQ         59  14
QSO: 14180 PH 2014-10-26 1252 ON2CQ         59  14     RA0R          59  18
QSO: 14222 PH 2014-10-26 1255 ON2CQ         59  14     RY6Y          59  16
QSO: 14208 PH 2014-10-26 1255 ON2CQ         59  14     OZ7X          59  14
QSO: 14303 PH 2014-10-26 1305 ON2CQ         59  14     RW1A          59  16
QSO: 14287 PH 2014-10-26 1307 ON2CQ         59  14     LA1K          59  14
QSO: 14257 PH 2014-10-26 1308 ON2CQ         59  14     GW4BLE        59  14
QSO: 14347 PH 2014-10-26 1309 ON2CQ         59  14     YT2ISM        59  15
QSO: 14298 PH 2014-10-26 1310 ON2CQ         59  14     OE1T          59  15
QSO: 14277 PH 2014-10-26 1311 ON2CQ         59  14     OE5BGN        59  15
QSO: 14316 PH 2014-10-26 1313 ON2CQ         59  14     OM0M          59  15
QSO: 14251 PH 2014-10-26 1317 ON2CQ         59  14     TC3P          59  20
QSO:  7114 PH 2014-10-26 1337 ON2CQ         59  14     OK6W          59  15
QSO:  7146 PH 2014-10-26 1340 ON2CQ         59  14     DF0HQ         59  14
QSO:  7170 PH 2014-10-26 1343 ON2CQ         59  14     OT5A          59  14
QSO: 14322 PH 2014-10-26 1349 ON2CQ         59  14     JM1LPN        59  25
QSO: 21386 PH 2014-10-26 1359 ON2CQ         59  14     KL7RA         59  01
QSO: 21210 PH 2014-10-26 1402 ON2CQ         59  14     W9RE          59  04
QSO: 28979 PH 2014-10-26 1406 ON2CQ         59  14     YS1/NP3J      59  07
QSO: 28854 PH 2014-10-26 1409 ON2CQ         59  14     K1KI          59  05
QSO: 28823 PH 2014-10-26 1411 ON2CQ         59  14     K1DG          59  05
QSO: 28732 PH 2014-10-26 1412 ON2CQ         59  14     NP2X          59  08
QSO: 21448 PH 2014-10-26 1418 ON2CQ         59  14     5Z4T          59  37
QSO: 21164 PH 2014-10-26 1429 ON2CQ         59  14     RU9CZD        59  17
QSO: 21358 PH 2014-10-26 1434 ON2CQ         59  14     NV9L          59  04
QSO: 14189 PH 2014-10-26 1438 ON2CQ         59  14     A71CH         59  21
QSO: 14220 PH 2014-10-26 1441 ON2CQ         59  14     BA7JA         59  24
QSO: 14130 PH 2014-10-26 1501 ON2CQ         59  14     EY8MM         59  17
QSO: 14157 PH 2014-10-26 1503 ON2CQ         59  14     S51AF         59  15
QSO: 14110 PH 2014-10-26 1505 ON2CQ         59  14     JH4UYB        59  25
QSO: 28702 PH 2014-10-26 1509 ON2CQ         59  14     ZP5AA         59  11
QSO: 29200 PH 2014-10-26 1510 ON2CQ         59  14     WF7T          59  04
QSO: 29190 PH 2014-10-26 1513 ON2CQ         59  14     KL7RA         59  01
QSO: 14220 PH 2014-10-26 1517 ON2CQ         59  14     IT9BTI        59  15
QSO: 14296 PH 2014-10-26 1519 ON2CQ         59  14     OE6Z          59  15
QSO: 14256 PH 2014-10-26 1524 ON2CQ         59  14     K7RL          59  03
QSO: 14130 PH 2014-10-26 1534 ON2CQ         59  14     VB7C          59  03
QSO: 29087 PH 2014-10-26 1543 ON2CQ         59  14     VE2BWL        59  05
QSO: 28972 PH 2014-10-26 1550 ON2CQ         59  14     KY7M          59  03
QSO: 28505 PH 2014-10-26 1555 ON2CQ         59  14     T42R          59  08
QSO: 21441 PH 2014-10-26 1602 ON2CQ         59  14     P3F           59  20
QSO: 21217 PH 2014-10-26 1608 ON2CQ         59  14     W4RM          59  05
QSO: 21135 PH 2014-10-26 1609 ON2CQ         59  14     PJ4DX         59  09
QSO: 29148 PH 2014-10-26 1626 ON2CQ         59  14     LU1FAM        59  13
QSO: 21233 PH 2014-10-26 1629 ON2CQ         59  14     PT2CM         59  11
QSO: 14101 PH 2014-10-26 1632 ON2CQ         59  14     4Z4DX         59  20
QSO: 21111 PH 2014-10-26 1634 ON2CQ         59  14     4Z4DX         59  20
QSO: 21205 PH 2014-10-26 1639 ON2CQ         59  14     WX3B          59  05
QSO: 21387 PH 2014-10-26 1640 ON2CQ         59  14     CR6K          59  14
QSO: 29159 PH 2014-10-26 1643 ON2CQ         59  14     K0AP          59  04
QSO: 28452 PH 2014-10-26 1647 ON2CQ         59  14     T46A          59  08
QSO: 28810 PH 2014-10-26 1650 ON2CQ         59  14     OA4O          59  10
QSO: 21210 PH 2014-10-26 1659 ON2CQ         59  14     NQ4I          59  05
QSO: 28352 PH 2014-10-26 1722 ON2CQ         59  14     DF0HQ         59  14
QSO: 28684 PH 2014-10-26 1723 ON2CQ         59  14     PW2D          59  11
QSO: 29013 PH 2014-10-26 1724 ON2CQ         59  14     K2MFY         59  05
QSO: 28799 PH 2014-10-26 1726 ON2CQ         59  14     N1MM          59  05
QSO: 28537 PH 2014-10-26 1726 ON2CQ         59  14     PX5E          59  11
QSO: 28923 PH 2014-10-26 1729 ON2CQ         59  14     W3CF          59  05
QSO: 28562 PH 2014-10-26 1734 ON2CQ         59  14     VE2PIB        59  05
QSO: 28824 PH 2014-10-26 1735 ON2CQ         59  14     PP1CZ         59  11
QSO: 28676 PH 2014-10-26 1736 ON2CQ         59  14     CV1T          59  13
QSO: 29182 PH 2014-10-26 1737 ON2CQ         59  14     K3ZM          59  05
QSO: 29232 PH 2014-10-26 1738 ON2CQ         59  14     P40W          59  09
QSO: 28943 PH 2014-10-26 1740 ON2CQ         59  14     K3WW          59  05
QSO: 28820 PH 2014-10-26 1741 ON2CQ         59  14     W3EP          59  05
QSO: 28890 PH 2014-10-26 1742 ON2CQ         59  14     N4WW          59  05
QSO: 28394 PH 2014-10-26 1743 ON2CQ         59  14     XE2B          59  06
QSO: 28767 PH 2014-10-26 1744 ON2CQ         59  14     K5ZD          59  05
QSO: 14334 PH 2014-10-26 1758 ON2CQ         59  14     VK9LM         59  30
QSO: 14161 PH 2014-10-26 1826 ON2CQ         59  14     YE2A          59  28
QSO: 28455 PH 2014-10-26 1829 ON2CQ         59  14     T48K          59  08
QSO: 14312 PH 2014-10-26 1832 ON2CQ         59  14     AH0K          59  27
QSO: 28921 PH 2014-10-26 1839 ON2CQ         59  14     PJ2T          59  09
QSO: 28424 PH 2014-10-26 1841 ON2CQ         59  14     S0S           59  33
QSO: 28743 PH 2014-10-26 1849 ON2CQ         59  14     K1BG          59  05
QSO: 28523 PH 2014-10-26 1912 ON2CQ         59  14     N4OX          59  05
QSO: 21318 PH 2014-10-26 1915 ON2CQ         59  14     II9P          59  15
QSO: 21293 PH 2014-10-26 1916 ON2CQ         59  14     IQ9BT         59  15
QSO: 21278 PH 2014-10-26 1918 ON2CQ         59  14     KN2M          59  05
QSO: 21313 PH 2014-10-26 1924 ON2CQ         59  14     W8BR          59  04
QSO: 21173 PH 2014-10-26 1926 ON2CQ         59  14     VE3TW         59  04
QSO: 21221 PH 2014-10-26 1929 ON2CQ         59  14     K1LZ          59  05
END-OF-LOG:
