START-OF-LOG: 3.0
CREATED-BY: TR4W v.4.234
CALLSIGN: RM0W
CONTEST: CQ-WW-SSB
CLAIMED-SCORE: 85880
CATEGORY-ASSISTED: ASSISTED
CATEGORY-BAND: 10M
CATEGORY-MODE: SSB
CATEGORY-OPERATOR: SINGLE-OP
CATEGORY-POWER: LOW
CATEGORY-TRANSMITTER: ONE
NAME: Mikhail Ryzhy
QSO: 28000 PH 2014-10-25 0323 RM0W          599 18     JA3YBK        599 25
QSO: 28000 PH 2014-10-25 0324 RM0W          599 18     JA7OWD        599 25
QSO: 28469 PH 2014-10-25 0328 RM0W          59  18     BY8DX         59  24
QSO: 28520 PH 2014-10-25 0329 RM0W          59  18     A71CO         59  21
QSO: 28490 PH 2014-10-25 0334 RM0W          59  18     AH0BH         59  27
QSO: 28529 PH 2014-10-25 0335 RM0W          59  18     UK9AA         59  17
QSO: 28472 PH 2014-10-25 0339 RM0W          59  18     KH7XX         59  31
QSO: 28495 PH 2014-10-25 0340 RM0W          59  18     E2X           59  26
QSO: 28467 PH 2014-10-25 0347 RM0W          59  18     JA7NVF        59  25
QSO: 28560 PH 2014-10-25 0348 RM0W          59  18     JA7YRR        59  25
QSO: 28535 PH 2014-10-25 0349 RM0W          59  18     JA2AXB        59  25
QSO: 28474 PH 2014-10-25 0351 RM0W          59  18     BD9XE         59  23
QSO: 28377 PH 2014-10-25 0352 RM0W          59  18     AH0K          59  27
QSO: 28399 PH 2014-10-25 0415 RM0W          59  18     PX2B          59  11
QSO: 28426 PH 2014-10-25 0418 RM0W          59  18     JA8RWU        59  25
QSO: 28515 PH 2014-10-25 0424 RM0W          59  18     RM0F          59  19
QSO: 28483 PH 2014-10-25 0426 RM0W          59  18     BI4SSB        59  24
QSO: 28455 PH 2014-10-25 0428 RM0W          59  18     BY5HB         59  24
QSO: 28518 PH 2014-10-25 0429 RM0W          59  18     JI3BFC        59  25
QSO: 28535 PH 2014-10-25 0430 RM0W          59  18     EX0M          59  17
QSO: 28541 PH 2014-10-25 0431 RM0W          59  18     JA1CKA        59  25
QSO: 28489 PH 2014-10-25 0436 RM0W          59  18     JA1KVT        59  25
QSO: 28489 PH 2014-10-25 0439 RM0W          59  18     BD7MTJ        59  24
QSO: 28489 PH 2014-10-25 0439 RM0W          59  18     JQ1LPT        59  25
QSO: 28489 PH 2014-10-25 0439 RM0W          59  18     JR3RWB        59  25
QSO: 28489 PH 2014-10-25 0442 RM0W          59  18     UA4M          59  16
QSO: 28463 PH 2014-10-25 0448 RM0W          59  18     AH0BT         59  27
QSO: 28472 PH 2014-10-25 0452 RM0W          59  18     VU2RCT        59  22
QSO: 28559 PH 2014-10-25 0454 RM0W          59  18     JJ1RDX        59  25
QSO: 28465 PH 2014-10-25 0456 RM0W          59  18     UB8AAT        59  17
QSO: 28536 PH 2014-10-25 0512 RM0W          59  18     4X0A          59  20
QSO: 28542 PH 2014-10-25 0513 RM0W          59  18     C4Z           59  20
QSO: 28397 PH 2014-10-25 0521 RM0W          59  18     LZ4T          59  20
QSO: 28387 PH 2014-10-25 0521 RM0W          59  18     YT6A          59  15
QSO: 28380 PH 2014-10-25 0522 RM0W          59  18     RW4WA         59  16
QSO: 28414 PH 2014-10-25 0523 RM0W          59  18     IT9XTP        59  15
QSO: 28487 PH 2014-10-25 0525 RM0W          59  18     E2E           59  26
QSO: 28522 PH 2014-10-25 0527 RM0W          59  18     E7TT          59  15
QSO: 28522 PH 2014-10-25 0529 RM0W          59  18     UA4WAU        59  16
QSO: 28477 PH 2014-10-25 0532 RM0W          59  18     YT2T          59  15
QSO: 28407 PH 2014-10-25 0533 RM0W          59  18     YT8WW         59  15
QSO: 28400 PH 2014-10-25 0534 RM0W          59  18     II9P          59  15
QSO: 28365 PH 2014-10-25 0535 RM0W          59  18     BY2AA         59  24
QSO: 28455 PH 2014-10-25 0544 RM0W          59  18     I0UZF         59  15
QSO: 28455 PH 2014-10-25 0544 RM0W          59  18     R3PA          59  16
QSO: 28455 PH 2014-10-25 0544 RM0W          59  18     LZ1DLZ        59  20
QSO: 28455 PH 2014-10-25 0545 RM0W          59  18     YU1EL         59  15
QSO: 28455 PH 2014-10-25 0546 RM0W          59  18     9A3VM         59  15
QSO: 28488 PH 2014-10-25 0548 RM0W          59  18     IK6SNR        59  15
QSO: 28422 PH 2014-10-25 0549 RM0W          59  18     BH4SCF        59  24
QSO: 28602 PH 2014-10-25 0552 RM0W          59  18     P3F           59  20
QSO: 28384 PH 2014-10-25 0556 RM0W          59  18     I8UZA         59  15
QSO: 28492 PH 2014-10-25 0558 RM0W          59  18     OM2VL         59  15
QSO: 28534 PH 2014-10-25 0600 RM0W          59  18     S53O          59  15
QSO: 28530 PH 2014-10-25 0601 RM0W          59  18     E74A          59  15
QSO: 28497 PH 2014-10-25 0603 RM0W          59  18     9A2AJ         59  15
QSO: 28443 PH 2014-10-25 0859 RM0W          59  18     OK7K          59  15
QSO: 28453 PH 2014-10-25 0901 RM0W          59  18     RU3DX         59  16
QSO: 28453 PH 2014-10-25 0901 RM0W          59  18     YO2DFA        59  20
QSO: 28453 PH 2014-10-25 0901 RM0W          59  18     S58A          59  15
QSO: 28453 PH 2014-10-25 0902 RM0W          59  18     DL1ATZ        59  14
QSO: 28453 PH 2014-10-25 0904 RM0W          59  18     G4FFE         59  14
QSO: 28453 PH 2014-10-25 0905 RM0W          59  18     DK1UJ         59  14
QSO: 28453 PH 2014-10-25 0905 RM0W          59  18     DM5P          59  14
QSO: 28453 PH 2014-10-25 0906 RM0W          59  18     UA3BL         59  16
QSO: 28453 PH 2014-10-25 0906 RM0W          59  18     DJ9MH         59  14
QSO: 28453 PH 2014-10-25 0906 RM0W          59  18     DJ6XV         59  14
QSO: 28453 PH 2014-10-25 0907 RM0W          59  18     EA1HOE        59  14
QSO: 28453 PH 2014-10-25 0907 RM0W          59  18     R6KY          59  16
QSO: 28453 PH 2014-10-25 0908 RM0W          59  18     SP5LCS        59  15
QSO: 28453 PH 2014-10-25 0909 RM0W          59  18     OO4P          59  14
QSO: 28453 PH 2014-10-25 0912 RM0W          59  18     RK3PWR        59  16
QSO: 28457 PH 2014-10-25 0917 RM0W          59  18     ED7P          59  14
QSO: 28445 PH 2014-10-25 0917 RM0W          59  18     DL5L          59  14
QSO: 28429 PH 2014-10-25 0918 RM0W          59  18     P3W           59  20
QSO: 28437 PH 2014-10-25 0919 RM0W          59  18     Z39A          59  15
QSO: 28411 PH 2014-10-25 0920 RM0W          59  18     OT5A          59  14
QSO: 28514 PH 2014-10-25 0923 RM0W          59  18     IO5O          59  15
QSO: 28527 PH 2014-10-25 0924 RM0W          59  18     EC2DX         59  14
QSO: 28449 PH 2014-10-25 0924 RM0W          59  18     YO9HP         59  20
QSO: 28449 PH 2014-10-25 0926 RM0W          59  18     DF1SD         59  14
QSO: 28390 PH 2014-10-25 0928 RM0W          59  18     DL5RBW        59  14
QSO: 28374 PH 2014-10-25 0929 RM0W          59  18     OK1KQH        59  15
QSO: 28381 PH 2014-10-25 0930 RM0W          59  18     IZ8EPX        59  15
QSO: 28373 PH 2014-10-25 0932 RM0W          59  18     EC7AKV        59  14
QSO: 28409 PH 2014-10-25 0932 RM0W          59  18     3Z6QRO        59  15
QSO: 28431 PH 2014-10-25 0933 RM0W          59  18     DL0CS         59  14
QSO: 28440 PH 2014-10-25 0933 RM0W          59  18     S55T          59  15
QSO: 28448 PH 2014-10-25 0934 RM0W          59  18     HA8VV         59  15
QSO: 28456 PH 2014-10-25 0935 RM0W          59  18     ON4IA         59  14
QSO: 28462 PH 2014-10-25 0936 RM0W          59  18     GW9T          59  14
QSO: 28465 PH 2014-10-25 0936 RM0W          59  18     IR4M          59  15
QSO: 28472 PH 2014-10-25 0938 RM0W          59  18     IR8C          59  15
QSO: 28477 PH 2014-10-25 0938 RM0W          59  18     DL1A          59  14
QSO: 28438 PH 2014-10-25 0939 RM0W          59  18     F4CWN         59  14
QSO: 28435 PH 2014-10-25 0940 RM0W          59  18     PI4COM        59  14
QSO: 28429 PH 2014-10-25 0944 RM0W          59  18     P33W          59  20
QSO: 28453 PH 2014-10-25 0945 RM0W          59  18     OE8SKQ        59  15
QSO: 28481 PH 2014-10-25 0946 RM0W          59  18     S51CK         59  15
QSO: 28490 PH 2014-10-25 0947 RM0W          59  18     TM6M          59  14
QSO: 28494 PH 2014-10-25 0947 RM0W          59  18     CN3A          59  33
QSO: 28511 PH 2014-10-25 0948 RM0W          59  18     LZ9W          59  20
QSO: 28515 PH 2014-10-25 0949 RM0W          59  18     F4EGZ         59  14
QSO: 28417 PH 2014-10-25 0953 RM0W          59  18     DJ6VM         59  14
QSO: 28394 PH 2014-10-25 0955 RM0W          59  18     EI1Y          59  14
QSO: 28369 PH 2014-10-25 0957 RM0W          59  18     DK5E          59  14
QSO: 28330 PH 2014-10-25 0958 RM0W          59  18     RL3A          59  16
QSO: 28315 PH 2014-10-25 0959 RM0W          59  18     OZ5E          59  14
QSO: 28301 PH 2014-10-25 0959 RM0W          59  18     DM0Y          59  14
QSO: 28342 PH 2014-10-25 1000 RM0W          59  18     S52X          59  15
QSO: 28350 PH 2014-10-25 1001 RM0W          59  18     ED5R          59  14
QSO: 28361 PH 2014-10-25 1002 RM0W          59  18     RM4HZ         59  16
QSO: 28563 PH 2014-10-25 1008 RM0W          59  18     LX1NO         59  14
QSO: 28547 PH 2014-10-25 1009 RM0W          59  18     TM1A          59  14
QSO: 28524 PH 2014-10-25 1010 RM0W          59  18     OK5W          59  15
QSO: 28455 PH 2014-10-25 1011 RM0W          59  18     OQ4B          59  14
QSO: 28395 PH 2014-10-25 1013 RM0W          59  18     IO3W          59  15
QSO: 28614 PH 2014-10-25 1024 RM0W          59  18     SX9C          59  20
QSO: 28797 PH 2014-10-25 1025 RM0W          59  18     EA8PT         59  33
QSO: 28685 PH 2014-10-25 1028 RM0W          59  18     EA3NT         59  14
QSO: 28569 PH 2014-10-25 1031 RM0W          59  18     CN2AA         59  33
QSO: 28548 PH 2014-10-25 1035 RM0W          59  18     CR5T          59  14
QSO: 28490 PH 2014-10-25 1043 RM0W          59  18     DO9EE         59  14
QSO: 28579 PH 2014-10-25 1045 RM0W          59  18     J42T          59  20
QSO: 28433 PH 2014-10-25 1242 RM0W          59  18     RM5A          59  16
QSO: 28473 PH 2014-10-26 0246 RM0W          59  18     VK6LC         59  29
QSO: 28419 PH 2014-10-26 0250 RM0W          59  18     ZM1A          59  32
QSO: 28465 PH 2014-10-26 0306 RM0W          59  18     AH2R          59  27
QSO: 28771 PH 2014-10-26 0307 RM0W          59  18     VK9LM         59  30
QSO: 28435 PH 2014-10-26 0322 RM0W          59  18     A61ZX         59  21
QSO: 28523 PH 2014-10-26 0341 RM0W          59  18     A65DR         59  21
QSO: 28465 PH 2014-10-26 0341 RM0W          59  18     AH0J          59  27
QSO: 28456 PH 2014-10-26 0658 RM0W          59  18     S52WW         59  15
QSO: 28466 PH 2014-10-26 0700 RM0W          59  18     EA9KB         59  33
QSO: 28350 PH 2014-10-26 0705 RM0W          59  18     J47X          59  20
QSO: 28690 PH 2014-10-26 0708 RM0W          59  18     LY3X          59  15
QSO: 28402 PH 2014-10-26 0710 RM0W          59  18     UW5Y          59  16
QSO: 28390 PH 2014-10-26 0711 RM0W          59  18     4O3A          59  15
QSO: 28392 PH 2014-10-26 0711 RM0W          59  18     SP8R          59  15
QSO: 28394 PH 2014-10-26 0712 RM0W          59  18     YO3JW         59  20
QSO: 28461 PH 2014-10-26 0714 RM0W          59  18     TM0T          59  14
QSO: 28428 PH 2014-10-26 0717 RM0W          59  18     RX4W          59  16
QSO: 28326 PH 2014-10-26 0718 RM0W          59  18     SN7Q          59  15
QSO: 28336 PH 2014-10-26 0720 RM0W          59  18     UP0L          59  17
QSO: 28382 PH 2014-10-26 0725 RM0W          59  18     UR3HC         59  16
QSO: 28380 PH 2014-10-26 0727 RM0W          59  18     SN5U          59  15
QSO: 28390 PH 2014-10-26 0732 RM0W          59  18     J40T          59  20
QSO: 28300 PH 2014-10-26 0732 RM0W          59  18     YP0C          59  20
QSO: 28314 PH 2014-10-26 0733 RM0W          59  18     EW8QQ         59  16
QSO: 28736 PH 2014-10-26 0734 RM0W          59  18     HB9EOU        59  14
QSO: 28366 PH 2014-10-26 0735 RM0W          59  18     S50K          59  15
QSO: 28418 PH 2014-10-26 0737 RM0W          59  18     9A7A          59  15
QSO: 28471 PH 2014-10-26 0738 RM0W          59  18     YQ6A          59  20
QSO: 28511 PH 2014-10-26 0739 RM0W          59  18     HG1S          59  15
QSO: 28352 PH 2014-10-26 0743 RM0W          59  18     DF0HQ         59  14
QSO: 28448 PH 2014-10-26 0744 RM0W          59  18     HG7T          59  15
QSO: 28526 PH 2014-10-26 0744 RM0W          59  18     OM7M          59  15
QSO: 28532 PH 2014-10-26 0745 RM0W          59  18     SV8/HA5OV     59  20
QSO: 28524 PH 2014-10-26 0748 RM0W          59  18     EA6BH         59  14
QSO: 28757 PH 2014-10-26 0750 RM0W          59  18     DP6T          59  14
QSO: 28398 PH 2014-10-26 0751 RM0W          59  18     9A1P          59  15
QSO: 28608 PH 2014-10-26 0751 RM0W          59  18     EE3A          59  14
QSO: 28666 PH 2014-10-26 0752 RM0W          59  18     UW2M          59  16
QSO: 28315 PH 2014-10-26 0753 RM0W          59  18     LZ1NG         59  20
QSO: 28375 PH 2014-10-26 0754 RM0W          59  18     UD4F          59  16
QSO: 28411 PH 2014-10-26 0756 RM0W          59  18     HA8JV         59  15
QSO: 28354 PH 2014-10-26 0756 RM0W          59  18     PA3DZM        59  14
QSO: 28530 PH 2014-10-26 0757 RM0W          59  18     CQ3L          59  33
QSO: 28747 PH 2014-10-26 0757 RM0W          59  18     F4VPX         59  14
QSO: 28319 PH 2014-10-26 0801 RM0W          59  18     S52ZW         59  15
QSO: 28333 PH 2014-10-26 0802 RM0W          59  18     UW1M          59  16
QSO: 28345 PH 2014-10-26 0802 RM0W          59  18     OM5XX         59  15
QSO: 28522 PH 2014-10-26 0804 RM0W          59  18     OL8W          59  15
QSO: 28429 PH 2014-10-26 0805 RM0W          59  18     DL2CC         59  14
QSO: 28779 PH 2014-10-26 0809 RM0W          59  18     H2T           59  20
QSO: 28837 PH 2014-10-26 0811 RM0W          59  18     SV9CVY        59  20
QSO: 28477 PH 2014-10-26 0812 RM0W          59  18     RM2U          59  16
QSO: 28485 PH 2014-10-26 0813 RM0W          59  18     ED4R          59  14
QSO: 28503 PH 2014-10-26 0813 RM0W          59  18     IH9YMC        59  33
QSO: 28828 PH 2014-10-26 0816 RM0W          59  18     RM7C          59  16
QSO: 28555 PH 2014-10-26 0817 RM0W          59  18     IK2YCW        59  15
QSO: 28567 PH 2014-10-26 0817 RM0W          59  18     IK4DCX        59  15
QSO: 28500 PH 2014-10-26 0818 RM0W          59  18     RT6A          59  16
QSO: 28534 PH 2014-10-26 0819 RM0W          59  18     EA8YV         59  33
QSO: 28540 PH 2014-10-26 0820 RM0W          59  18     EA4EUI        59  14
QSO: 28763 PH 2014-10-26 0822 RM0W          59  18     ED9K          59  33
QSO: 28748 PH 2014-10-26 0822 RM0W          59  18     ED1R          59  14
QSO: 28736 PH 2014-10-26 0823 RM0W          59  18     ED5J          59  14
QSO: 28816 PH 2014-10-26 0823 RM0W          59  18     IZ5CML        59  15
QSO: 28385 PH 2014-10-26 0825 RM0W          59  18     EU1A          59  16
QSO: 28723 PH 2014-10-26 0826 RM0W          59  18     G2F           59  14
QSO: 28845 PH 2014-10-26 0827 RM0W          59  18     EA8MT         59  33
QSO: 28437 PH 2014-10-26 0828 RM0W          59  18     IQ0WL         59  15
QSO: 28528 PH 2014-10-26 0829 RM0W          59  18     YU5R          59  15
QSO: 28378 PH 2014-10-26 0830 RM0W          59  18     9A8M          59  15
QSO: 28401 PH 2014-10-26 0831 RM0W          59  18     PI4AMF        59  14
QSO: 28463 PH 2014-10-26 0832 RM0W          59  18     G4R           59  14
QSO: 28842 PH 2014-10-26 0833 RM0W          59  18     IR6T          59  15
QSO: 28850 PH 2014-10-26 0834 RM0W          59  18     UN7MMM        59  17
QSO: 28820 PH 2014-10-26 0834 RM0W          59  18     PA2M          59  14
QSO: 28855 PH 2014-10-26 0834 RM0W          59  18     YT2R          59  15
QSO: 28568 PH 2014-10-26 0835 RM0W          59  18     IB2A          59  15
QSO: 28655 PH 2014-10-26 0836 RM0W          59  18     HB9H          59  14
QSO: 28523 PH 2014-10-26 0836 RM0W          59  18     IB9T          59  15
QSO: 28660 PH 2014-10-26 0836 RM0W          59  18     S52NR         59  15
QSO: 28659 PH 2014-10-26 0837 RM0W          59  18     IS0BSR        59  15
QSO: 28426 PH 2014-10-26 0837 RM0W          59  18     YO5AM         59  20
QSO: 28538 PH 2014-10-26 0838 RM0W          59  18     PI4A          59  14
QSO: 28755 PH 2014-10-26 0838 RM0W          59  18     IW2HAJ        59  15
QSO: 28394 PH 2014-10-26 0839 RM0W          59  18     TK4LS         59  15
QSO: 28732 PH 2014-10-26 0841 RM0W          59  18     EA7ATX        59  14
QSO: 28588 PH 2014-10-26 0843 RM0W          59  18     HB9TJR        59  14
QSO: 28545 PH 2014-10-26 0844 RM0W          59  18     YO7CDB        59  20
QSO: 28643 PH 2014-10-26 0845 RM0W          59  18     TC7V          59  20
QSO: 28536 PH 2014-10-26 0846 RM0W          59  18     LY2W          59  15
QSO: 28682 PH 2014-10-26 0846 RM0W          59  18     II9K          59  15
QSO: 28415 PH 2014-10-26 0847 RM0W          59  18     OO7P          59  14
QSO: 28483 PH 2014-10-26 0848 RM0W          59  18     IR5A          59  15
QSO: 28595 PH 2014-10-26 0848 RM0W          59  18     IK1PMR        59  15
QSO: 28376 PH 2014-10-26 0849 RM0W          59  18     TK9R          59  15
QSO: 28577 PH 2014-10-26 0850 RM0W          59  18     TM7F          59  14
QSO: 28608 PH 2014-10-26 0851 RM0W          59  18     LY5I          59  15
QSO: 28542 PH 2014-10-26 0854 RM0W          59  18     LY7Z          59  15
QSO: 28389 PH 2014-10-26 0855 RM0W          59  18     PD3AL         59  14
QSO: 28371 PH 2014-10-26 0855 RM0W          59  18     IN3ZNR        59  15
QSO: 28827 PH 2014-10-26 0857 RM0W          59  18     RC3W          59  16
QSO: 28313 PH 2014-10-26 0859 RM0W          59  18     F4BHW         59  14
QSO: 28528 PH 2014-10-26 0900 RM0W          59  18     HB9OK         59  14
QSO: 28785 PH 2014-10-26 0902 RM0W          59  18     EI4KF         59  14
QSO: 28328 PH 2014-10-26 0903 RM0W          59  18     LX8M          59  14
QSO: 28302 PH 2014-10-26 0904 RM0W          59  18     5B4ALX        59  20
QSO: 28742 PH 2014-10-26 0905 RM0W          59  18     S58WW         59  15
QSO: 28379 PH 2014-10-26 0906 RM0W          59  18     DL6HH         59  14
QSO: 28536 PH 2014-10-26 0907 RM0W          59  18     F6BGC         59  14
QSO: 28557 PH 2014-10-26 0908 RM0W          59  18     F1NZC         59  14
QSO: 28489 PH 2014-10-26 0909 RM0W          59  18     EA8/LY2IJ     59  33
QSO: 28695 PH 2014-10-26 0911 RM0W          59  18     LZ2HA         59  20
QSO: 28397 PH 2014-10-26 0911 RM0W          59  18     RU3FM         59  16
QSO: 28553 PH 2014-10-26 0913 RM0W          59  18     CN2R          59  33
QSO: 28582 PH 2014-10-26 0915 RM0W          59  18     EE7Y          59  14
QSO: 28473 PH 2014-10-26 0916 RM0W          59  18     IR7R          59  15
QSO: 28412 PH 2014-10-26 0917 RM0W          59  18     DR1E          59  14
QSO: 28906 PH 2014-10-26 0921 RM0W          59  18     EA5ON         59  14
QSO: 28535 PH 2014-10-26 0925 RM0W          59  18     LA8HGA        59  14
QSO: 28724 PH 2014-10-26 0926 RM0W          59  18     RV3RM         59  16
QSO: 28920 PH 2014-10-26 0929 RM0W          59  18     CT2GQN        59  14
QSO: 28751 PH 2014-10-26 0929 RM0W          59  18     OT4A          59  14
QSO: 28418 PH 2014-10-26 0932 RM0W          59  18     HG1W          59  15
QSO: 28420 PH 2014-10-26 0933 RM0W          59  18     9A2R          59  15
QSO: 28485 PH 2014-10-26 0937 RM0W          59  18     OP2A          59  14
QSO: 28760 PH 2014-10-26 0938 RM0W          59  18     LB6KC         59  14
QSO: 28720 PH 2014-10-26 0938 RM0W          59  18     DR5N          59  14
QSO: 28446 PH 2014-10-26 0938 RM0W          59  18     CT9/OM3GI     59  33
QSO: 28555 PH 2014-10-26 0941 RM0W          59  18     IW0HBY        59  15
QSO: 28558 PH 2014-10-26 0942 RM0W          59  18     IK3OYY        59  15
QSO: 28300 PH 2014-10-26 0944 RM0W          59  18     OH9A          59  15
QSO: 28512 PH 2014-10-26 0945 RM0W          59  18     UA2F          59  15
QSO: 28909 PH 2014-10-26 0945 RM0W          59  18     OE2LCM        59  15
QSO: 28861 PH 2014-10-26 0950 RM0W          59  18     MU0GSY        59  14
QSO: 28857 PH 2014-10-26 0950 RM0W          59  18     EI4GNB        59  14
QSO: 28840 PH 2014-10-26 0950 RM0W          59  18     OL5T          59  15
QSO: 28341 PH 2014-10-26 0952 RM0W          59  18     DQ5X          59  14
QSO: 28690 PH 2014-10-26 0954 RM0W          59  18     EA8CNR        59  33
QSO: 28785 PH 2014-10-26 0955 RM0W          59  18     LY2AE         59  15
QSO: 28788 PH 2014-10-26 0955 RM0W          59  18     MI0BPB        59  14
QSO: 28834 PH 2014-10-26 0956 RM0W          59  18     G5O           59  14
QSO: 28863 PH 2014-10-26 0957 RM0W          59  18     DM4X          59  14
QSO: 28782 PH 2014-10-26 0957 RM0W          59  18     LA7GNA        59  14
QSO: 28713 PH 2014-10-26 0958 RM0W          59  18     EI1A          59  14
QSO: 28507 PH 2014-10-26 0959 RM0W          59  18     OT5X          59  14
QSO: 28371 PH 2014-10-26 1000 RM0W          59  18     EE5M          59  14
QSO: 28756 PH 2014-10-26 1001 RM0W          59  18     PA3AAV        59  14
QSO: 28737 PH 2014-10-26 1001 RM0W          59  18     I1EIS         59  15
QSO: 28497 PH 2014-10-26 1003 RM0W          59  18     LT1F          59  13
QSO: 28883 PH 2014-10-26 1004 RM0W          59  18     IS0DCR        59  15
QSO: 28658 PH 2014-10-26 1004 RM0W          59  18     EA3CI         59  14
QSO: 28673 PH 2014-10-26 1005 RM0W          59  18     ED7R          59  14
QSO: 28459 PH 2014-10-26 1007 RM0W          59  18     TA1ED         59  20
QSO: 28741 PH 2014-10-26 1007 RM0W          59  18     SN5V          59  15
QSO: 28771 PH 2014-10-26 1008 RM0W          59  18     G9V           59  14
QSO: 28841 PH 2014-10-26 1009 RM0W          59  18     DL5YM         59  14
QSO: 28777 PH 2014-10-26 1009 RM0W          59  18     DL1DVE        59  14
QSO: 28515 PH 2014-10-26 1010 RM0W          59  18     RO4I          59  16
QSO: 28473 PH 2014-10-26 1010 RM0W          59  18     EI7M          59  14
QSO: 28832 PH 2014-10-26 1012 RM0W          59  18     R3AA          59  16
QSO: 28854 PH 2014-10-26 1013 RM0W          59  18     CT3HF         59  33
QSO: 28417 PH 2014-10-26 1015 RM0W          59  18     YL2014W       59  15
QSO: 28468 PH 2014-10-26 1015 RM0W          59  18     SK3W          59  14
QSO: 28463 PH 2014-10-26 1016 RM0W          59  18     OH0Z          59  15
QSO: 28742 PH 2014-10-26 1018 RM0W          59  18     PA6V          59  14
QSO: 28716 PH 2014-10-26 1018 RM0W          59  18     M6T           59  14
QSO: 28545 PH 2014-10-26 1020 RM0W          59  18     IK2VFR        59  15
QSO: 28546 PH 2014-10-26 1020 RM0W          59  18     OE5T          59  15
QSO: 28579 PH 2014-10-26 1021 RM0W          59  18     HB0A          59  14
QSO: 28860 PH 2014-10-26 1022 RM0W          59  18     DL0IL         59  14
QSO: 28845 PH 2014-10-26 1022 RM0W          59  18     IZ2DPX        59  15
QSO: 28879 PH 2014-10-26 1024 RM0W          59  18     GA3YOR        59  14
QSO: 28866 PH 2014-10-26 1025 RM0W          59  18     ED5T          59  14
QSO: 28635 PH 2014-10-26 1026 RM0W          59  18     IQ2DN         59  15
QSO: 28324 PH 2014-10-26 1026 RM0W          59  18     EU6AF         59  16
QSO: 28358 PH 2014-10-26 1027 RM0W          59  18     EA8AH         59  33
QSO: 28349 PH 2014-10-26 1027 RM0W          59  18     DG1IU         59  14
QSO: 28303 PH 2014-10-26 1031 RM0W          59  18     PH146EU       59  14
QSO: 28745 PH 2014-10-26 1032 RM0W          59  18     GI4SJQ        59  14
QSO: 28746 PH 2014-10-26 1032 RM0W          59  18     OL4A          59  15
QSO: 28886 PH 2014-10-26 1034 RM0W          59  18     S58MU         59  15
QSO: 28942 PH 2014-10-26 1034 RM0W          59  18     A92GR         59  21
QSO: 28617 PH 2014-10-26 1037 RM0W          59  18     M7X           59  14
QSO: 28770 PH 2014-10-26 1040 RM0W          59  18     EA1CCM        59  14
QSO: 28758 PH 2014-10-26 1040 RM0W          59  18     OR5T          59  14
QSO: 28557 PH 2014-10-26 1041 RM0W          59  18     PI4DX         59  14
QSO: 28380 PH 2014-10-26 1041 RM0W          59  18     DL6WT         59  14
QSO: 28857 PH 2014-10-26 1042 RM0W          59  18     5Q2J          59  14
QSO: 28548 PH 2014-10-26 1043 RM0W          59  18     EE2K          59  14
QSO: 28410 PH 2014-10-26 1044 RM0W          59  18     IZ2ODM        59  15
QSO: 28302 PH 2014-10-26 1048 RM0W          59  18     SC3DX         59  14
QSO: 28568 PH 2014-10-26 1050 RM0W          59  18     SN8W          59  15
QSO: 28322 PH 2014-10-26 1052 RM0W          59  18     IZ4COW        59  15
QSO: 28488 PH 2014-10-26 1053 RM0W          59  18     EY8AR         59  17
QSO: 28896 PH 2014-10-26 1056 RM0W          59  18     OQ5M          59  14
QSO: 28586 PH 2014-10-26 1057 RM0W          59  18     LZ5R          59  20
QSO: 28417 PH 2014-10-26 1135 RM0W          59  18     ED1T          59  14
QSO: 28336 PH 2014-10-26 1140 RM0W          59  18     EA4TX         59  14
QSO: 28663 PH 2014-10-26 1142 RM0W          59  18     GW5R          59  14
QSO: 28775 PH 2014-10-26 1144 RM0W          59  18     4X6HX         59  20
QSO: 28390 PH 2014-10-26 1146 RM0W          59  18     CS2P          59  14
QSO: 28476 PH 2014-10-26 1149 RM0W          59  18     MM3T          59  14
QSO: 28465 PH 2014-10-26 1152 RM0W          59  18     S53EA         59  15
QSO: 28460 PH 2014-10-26 1307 RM0W          59  18     9A4M          59  15
QSO: 28630 PH 2014-10-26 1310 RM0W          59  18     IK3SCB        59  15
END-OF-LOG:
