START-OF-LOG: 3.0
LOCATION: DX
CALLSIGN: SM3EAE
CLUB:
CONTEST: CQ-WW-SSB
CATEGORY-OPERATOR: SINGLE-OP
CATEGORY-ASSISTED: ASSISTED
CATEGORY-BAND: ALL
CATEGORY-MODE: SSB
CATEGORY-POWER: LOW
CATEGORY-STATION: FIXED
CATEGORY-TRANSMITTER: ONE
CLAIMED-SCORE: 5152
OPERATORS: SM3EAE
NAME: Lars Stöök
CREATED-BY: N1MM Logger+ 0.19.4075.0
QSO: 14256 PH 2014-10-25 0542 SM3EAE        59  14     UW5ZM         59  16
QSO: 14303 PH 2014-10-25 0545 SM3EAE        59  14     RC3W          59  16
QSO: 14319 PH 2014-10-25 0551 SM3EAE        59  14     RG4F          59  16
QSO: 14232 PH 2014-10-25 0552 SM3EAE        59  14     UW6LL         59  16
QSO: 14197 PH 2014-10-25 0553 SM3EAE        59  14     LZ9W          59  20
QSO: 14166 PH 2014-10-25 0556 SM3EAE        59  14     YR8D          59  20
QSO: 21253 PH 2014-10-25 0619 SM3EAE        59  14     UA9JDP        59  17
QSO: 21262 PH 2014-10-25 0621 SM3EAE        59  14     R7LV          59  16
QSO: 21266 PH 2014-10-25 0622 SM3EAE        59  14     9K2HN         59  21
QSO: 21291 PH 2014-10-25 0623 SM3EAE        59  14     A71CO         59  21
QSO: 21332 PH 2014-10-25 0625 SM3EAE        59  14     IR8C          59  15
QSO: 21270 PH 2014-10-25 0628 SM3EAE        59  14     LZ9W          59  20
QSO: 28452 PH 2014-10-25 0630 SM3EAE        59  14     TC7V          59  20
QSO:  7205 PH 2014-10-25 0648 SM3EAE        59  14     K1DG          59  05
QSO:  7209 PH 2014-10-25 0652 SM3EAE        59  14     K1KI          59  05
QSO: 21223 PH 2014-10-25 1211 SM3EAE        59  14     N4WW          59  05
QSO: 21216 PH 2014-10-25 1212 SM3EAE        59  14     K3ZO          59  05
QSO: 21110 PH 2014-10-25 1213 SM3EAE        59  14     VE3EJ         59  04
QSO: 21168 PH 2014-10-25 1217 SM3EAE        59  14     VP5DX         59  08
QSO: 21314 PH 2014-10-25 1240 SM3EAE        59  14     DL2ARD        59  14
QSO: 21279 PH 2014-10-25 1242 SM3EAE        59  14     W1WMU         59  05
QSO: 21220 PH 2014-10-25 1244 SM3EAE        59  14     K3LR          59  05
QSO: 21200 PH 2014-10-25 1245 SM3EAE        59  14     WX3B          59  05
QSO: 21214 PH 2014-10-25 1248 SM3EAE        59  14     WE3C          59  05
QSO: 21114 PH 2014-10-25 1248 SM3EAE        59  14     CR3L          59  33
QSO: 21163 PH 2014-10-25 1254 SM3EAE        59  14     HK1NA         59  09
QSO: 14163 PH 2014-10-25 1255 SM3EAE        59  14     OZ5EV         59  14
QSO: 14163 PH 2014-10-25 1255 SM3EAE        59  14     SP8UFB        59  15
QSO: 14163 PH 2014-10-25 1255 SM3EAE        59  14     PA3DVA        59  14
QSO: 14163 PH 2014-10-25 1257 SM3EAE        59  14     G7Y           59  14
QSO: 14163 PH 2014-10-25 1257 SM3EAE        59  14     DR7B          59  14
QSO: 14163 PH 2014-10-25 1257 SM3EAE        59  14     PA3FOE        59  14
QSO: 14163 PH 2014-10-25 1258 SM3EAE        59  14     N4DL          59  05
QSO: 14163 PH 2014-10-25 1300 SM3EAE        59  14     OK6K          59  15
QSO: 14144 PH 2014-10-25 1302 SM3EAE        59  14     VO2NS         59  02
QSO: 14169 PH 2014-10-25 1303 SM3EAE        59  14     EE3K          59  14
QSO: 14193 PH 2014-10-25 1304 SM3EAE        59  14     YL7A          59  15
QSO: 14199 PH 2014-10-25 1305 SM3EAE        59  14     LY2W          59  15
QSO: 14204 PH 2014-10-25 1306 SM3EAE        59  14     K1RX          59  05
QSO: 21218 PH 2014-10-25 1310 SM3EAE        59  14     W4RM          59  05
QSO: 21316 PH 2014-10-25 1315 SM3EAE        59  14     G9V           59  14
QSO: 21412 PH 2014-10-25 1318 SM3EAE        59  14     N5ZC          59  04
QSO: 28414 PH 2014-10-25 1322 SM3EAE        59  14     PX2B          59  11
QSO: 28477 PH 2014-10-25 1324 SM3EAE        59  14     AA9A          59  04
QSO: 28519 PH 2014-10-25 1328 SM3EAE        59  14     YT5A          59  15
QSO: 28436 PH 2014-10-25 1331 SM3EAE        59  14     9A1P          59  15
END-OF-LOG:
