START-OF-LOG: 3.0
CATEGORY: Single-OP low
CONTEST: WAE CW
LOCATION: GH
CALLSIGN: VE3KOT
CLUB: Contest Club Ontario
CLAIMED-SCORE: 4410
OPERATORS: VE3KOT
ADDRESS-CITY: Oakville
ADDRESS-STATE-PROVINCE: ON
ADDRESS-POSTALCODE: L6M 4M4
ADDRESS-COUNTRY: Canada
GRID-LOCATOR: FN03DK
CREATED-BY: N1MM Logger+ 1.0.10822.0, modified by DXHF upload.
QSO:    7003 CW 2025-08-09 0247 VE3KOT        599 0001   EF5Y          599 0180
QSO:    7026 CW 2025-08-09 0253 VE3KOT        599 0002   S59L          599 0138
QSO:   14012 CW 2025-08-09 1944 VE3KOT        599 0003   II2S          599 0628
QSO:   14019 CW 2025-08-09 1946 VE3KOT        599 0004   YU5A          599 0079
QSO:   14034 CW 2025-08-09 1950 VE3KOT        599 0005   YU5R          599 0083
QSO:   14036 CW 2025-08-09 1953 VE3KOT        599 0006   IB3N          599 0065
QSO:   14017 CW 2025-08-09 1956 VE3KOT        599 0007   S59T          599 0025
QSO:   14002 CW 2025-08-09 1958 VE3KOT        599 0008   LZ5R          599 0680
QSO:   14027 CW 2025-08-09 2129 VE3KOT        599 0009   HA3NU         599 0199
QSO:   14010 CW 2025-08-09 2144 VE3KOT        599 0010   IT9/DK6XZ     599 0135
QSO:   14013 CW 2025-08-09 2147 VE3KOT        599 0011   I15JT         599 0133
QSO:   14034 CW 2025-08-09 2152 VE3KOT        599 0012   II2Q          599 0599
QTC:   14034 CW 2025-08-09 2152 II2Q          1/10       VE3KOT        0247 EF5Y          0180
QTC:   14034 CW 2025-08-09 2152 II2Q          1/10       VE3KOT        0253 S59L          0138
QTC:   14034 CW 2025-08-09 2153 II2Q          1/10       VE3KOT        1944 II2S          0628
QTC:   14034 CW 2025-08-09 2153 II2Q          1/10       VE3KOT        1946 YU5A          0079
QTC:   14034 CW 2025-08-09 2153 II2Q          1/10       VE3KOT        1950 YU5R          0083
QTC:   14034 CW 2025-08-09 2153 II2Q          1/10       VE3KOT        1953 IB3N          0065
QTC:   14034 CW 2025-08-09 2153 II2Q          1/10       VE3KOT        1956 S59T          0025
QTC:   14034 CW 2025-08-09 2154 II2Q          1/10       VE3KOT        1958 LZ5R          0680
QTC:   14034 CW 2025-08-09 2154 II2Q          1/10       VE3KOT        2129 HA3NU         0199
QTC:   14034 CW 2025-08-09 2154 II2Q          1/10       VE3KOT        2144 IT9/DK6XZ     0135
QSO:   14002 CW 2025-08-09 2157 VE3KOT        599 0013   IK1PMR        599 0543
QSO:   14021 CW 2025-08-09 2324 VE3KOT        599 0014   SM2M          599 0102
QSO:   14005 CW 2025-08-09 2325 VE3KOT        599 0015   EF5Y          599 0635
QSO:    7009 CW 2025-08-09 2339 VE3KOT        599 0016   II2S          599 0741
QSO:    7011 CW 2025-08-10 0030 VE3KOT        599 0017   II2Q          599 0696
QSO:   21017 CW 2025-08-10 1513 VE3KOT        599 0018   DP7D          599 0940
QSO:   21022 CW 2025-08-10 1520 VE3KOT        599 0019   YT9A          599 0049
QSO:   21031 CW 2025-08-10 1723 VE3KOT        599 0020   EC4C          599 0076
QSO:   21035 CW 2025-08-10 1723 VE3KOT        599 0021   II2Q          599 0983
QSO:   21040 CW 2025-08-10 1725 VE3KOT        599 0022   YU5R          599 0278
QSO:   21050 CW 2025-08-10 1726 VE3KOT        599 0023   II2S          599 1151
QSO:   21018 CW 2025-08-10 1728 VE3KOT        599 0024   SN7Z          599 0758
QSO:   21015 CW 2025-08-10 1732 VE3KOT        599 0025   EF5Y          599 1016
QTC:   21015 CW 2025-08-10 1733 EF5Y          2/10       VE3KOT        2147 I15JT         0133
QTC:   21015 CW 2025-08-10 1733 EF5Y          2/10       VE3KOT        2152 II2Q          0599
QTC:   21015 CW 2025-08-10 1733 EF5Y          2/10       VE3KOT        2157 IK1PMR        0543
QTC:   21015 CW 2025-08-10 1733 EF5Y          2/10       VE3KOT        2324 SM2M          0102
QTC:   21015 CW 2025-08-10 1734 EF5Y          2/10       VE3KOT        2339 II2S          0741
QTC:   21015 CW 2025-08-10 1734 EF5Y          2/10       VE3KOT        0030 II2Q          0696
QTC:   21015 CW 2025-08-10 1734 EF5Y          2/10       VE3KOT        1513 DP7D          0940
QTC:   21015 CW 2025-08-10 1734 EF5Y          2/10       VE3KOT        1520 YT9A          0049
QTC:   21015 CW 2025-08-10 1734 EF5Y          2/10       VE3KOT        1723 EC4C          0076
QTC:   21015 CW 2025-08-10 1734 EF5Y          2/10       VE3KOT        1723 II2Q          0983
QSO:   21031 CW 2025-08-10 1740 VE3KOT        599 0026   YU5A          599 0157
QSO:   21036 CW 2025-08-10 1836 VE3KOT        599 0027   IB3N          599 0207
QSO:   21026 CW 2025-08-10 1837 VE3KOT        599 0028   DA2X          599 1226
QTC:   21026 CW 2025-08-10 1837 DA2X          3/7        VE3KOT        2325 EF5Y          0635
QTC:   21026 CW 2025-08-10 1837 DA2X          3/7        VE3KOT        1725 YU5R          0278
QTC:   21026 CW 2025-08-10 1837 DA2X          3/7        VE3KOT        1726 II2S          1151
QTC:   21026 CW 2025-08-10 1838 DA2X          3/7        VE3KOT        1728 SN7Z          0758
QTC:   21026 CW 2025-08-10 1838 DA2X          3/7        VE3KOT        1732 EF5Y          1016
QTC:   21026 CW 2025-08-10 1838 DA2X          3/7        VE3KOT        1740 YU5A          0157
QTC:   21026 CW 2025-08-10 1838 DA2X          3/7        VE3KOT        1836 IB3N          0207
QSO:   21004 CW 2025-08-10 1845 VE3KOT        599 0029   OM0R          599 0679
QSO:   21028 CW 2025-08-10 1856 VE3KOT        599 0030   GM3YTS        599 0163
QSO:   21011 CW 2025-08-10 1859 VE3KOT        599 0031   S53M          599 1021
QSO:   14007 CW 2025-08-10 2207 VE3KOT        599 0032   S53M          599 1100
QSO:   14012 CW 2025-08-10 2209 VE3KOT        599 0033   OK1KKI        599 0916
QSO:   14042 CW 2025-08-10 2214 VE3KOT        599 0034   IO3T          599 1077
QTC:   14042 CW 2025-08-10 2214 IO3T          4/6        VE3KOT        1837 DA2X          1226
QTC:   14042 CW 2025-08-10 2215 IO3T          4/6        VE3KOT        1845 OM0R          0679
QTC:   14042 CW 2025-08-10 2215 IO3T          4/6        VE3KOT        1856 GM3YTS        0163
QTC:   14042 CW 2025-08-10 2215 IO3T          4/6        VE3KOT        1859 S53M          1021
QTC:   14042 CW 2025-08-10 2215 IO3T          4/6        VE3KOT        2207 S53M          1100
QTC:   14042 CW 2025-08-10 2216 IO3T          4/6        VE3KOT        2209 OK1KKI        0916
QSO:   14035 CW 2025-08-10 2217 VE3KOT        599 0035   DK5PD         599 0786
QSO:   14044 CW 2025-08-10 2218 VE3KOT        599 0036   EC4C          599 0204
QSO:   14024 CW 2025-08-10 2226 VE3KOT        599 0037   DP7D          599 1070
QSO:   14014 CW 2025-08-10 2229 VE3KOT        599 0038   LZ6K          599 0626
QSO:   14001 CW 2025-08-10 2232 VE3KOT        599 0039   DQ2A          599 1096
QSO:   14023 CW 2025-08-10 2241 VE3KOT        599 0040   CT7BJG        599 0675
QSO:   14022 CW 2025-08-10 2247 VE3KOT        599 0041   DD2ML         599 0494
QSO:   14037 CW 2025-08-10 2252 VE3KOT        599 0042   DL8RDL        599 0037
QSO:   14019 CW 2025-08-10 2303 VE3KOT        599 0043   IK3SWB        599 0378
QSO:   14011 CW 2025-08-10 2306 VE3KOT        599 0044   OM2VL         599 1135
QSO:   14025 CW 2025-08-10 2330 VE3KOT        599 0045   HA5BMS        599 0820
QSO:   14021 CW 2025-08-10 2336 VE3KOT        599 0046   S59L          599 0961
QSO:   14045 CW 2025-08-10 2338 VE3KOT        599 0047   OL5Y          599 0835
QTC:   14045 CW 2025-08-10 2338 OL5Y          5/10       VE3KOT        2214 IO3T          1077
QTC:   14045 CW 2025-08-10 2338 OL5Y          5/10       VE3KOT        2217 DK5PD         0786
QTC:   14045 CW 2025-08-10 2339 OL5Y          5/10       VE3KOT        2218 EC4C          0204
QTC:   14045 CW 2025-08-10 2339 OL5Y          5/10       VE3KOT        2226 DP7D          1070
QTC:   14045 CW 2025-08-10 2339 OL5Y          5/10       VE3KOT        2229 LZ6K          0626
QTC:   14045 CW 2025-08-10 2339 OL5Y          5/10       VE3KOT        2232 DQ2A          1096
QTC:   14045 CW 2025-08-10 2339 OL5Y          5/10       VE3KOT        2241 CT7BJG        0675
QTC:   14045 CW 2025-08-10 2340 OL5Y          5/10       VE3KOT        2247 DD2ML         0494
QTC:   14045 CW 2025-08-10 2340 OL5Y          5/10       VE3KOT        2252 DL8RDL        0037
QTC:   14045 CW 2025-08-10 2341 OL5Y          5/10       VE3KOT        2303 IK3SWB        0378
END-OF-LOG:
