START-OF-LOG: 3.0
CONTEST: CQ-WW-CW
CALLSIGN: N8ME
LOCATION: OH
CATEGORY-OPERATOR: SINGLE-OP
CATEGORY-ASSISTED: NON-ASSISTED
CATEGORY-BAND: ALL
CATEGORY-POWER: QRP
CATEGORY-MODE: CW
CATEGORY-TRANSMITTER: ONE
CATEGORY-OVERLAY:
CLAIMED-SCORE: 42976
NAME: Mark Erbaugh
OPERATORS: N8ME
CLUB:
CERTIFICATE: NO
CREATED-BY: N3FJP's CQ WW DX Contest Log 5.7
QSO:  3512 CW 2018-11-24 0053 N8ME          599 04     6Y3T          599 08     0
QSO:  3518 CW 2018-11-24 0056 N8ME          599 04     HG2DX         599 15     0
QSO:  3518 CW 2018-11-24 0057 N8ME          599 04     NN7CW         599 03     0
QSO:  3523 CW 2018-11-24 0101 N8ME          599 04     K2LE          599 05     0
QSO:  3524 CW 2018-11-24 0102 N8ME          599 04     K9CT          599 04     0
QSO:  3527 CW 2018-11-24 0103 N8ME          599 04     VE3NE         599 04     0
QSO:  3536 CW 2018-11-24 0124 N8ME          599 04     J8NY          599 08     0
QSO:  3559 CW 2018-11-24 0131 N8ME          599 04     HQ9X          599 07     0
QSO:  3568 CW 2018-11-24 0133 N8ME          599 04     VY2TT         599 05     0
QSO:  3523 CW 2018-11-24 0202 N8ME          599 04     VE2EKA        599 02     0
QSO: 14002 CW 2018-11-24 1603 N8ME          599 04     G3V           599 14     0
QSO: 14005 CW 2018-11-24 1623 N8ME          599 04     PJ2T          599 09     0
QSO: 14005 CW 2018-11-24 1628 N8ME          599 04     N7DD          599 03     0
QSO: 14005 CW 2018-11-24 1630 N8ME          599 04     GM3X          599 14     0
QSO: 14006 CW 2018-11-24 1632 N8ME          599 04     GM3T          599 14     0
QSO: 14008 CW 2018-11-24 1642 N8ME          599 04     EC2DX         599 14     0
QSO: 14009 CW 2018-11-24 1837 N8ME          599 04     EA8OM         599 33     0
QSO: 14010 CW 2018-11-24 1838 N8ME          599 04     VY2TT         599 05     0
QSO: 14014 CW 2018-11-24 1918 N8ME          599 04     VE6SV         599 04     0
QSO: 14014 CW 2018-11-24 1923 N8ME          599 04     6V7A          599 35     0
QSO: 14016 CW 2018-11-24 1924 N8ME          599 04     W0DLE         599 04     0
QSO: 14017 CW 2018-11-24 1934 N8ME          599 04     FG/F6ARC      599 08     0
QSO: 14022 CW 2018-11-24 1959 N8ME          599 04     ZW8T          599 11     0
QSO: 14029 CW 2018-11-24 2006 N8ME          599 04     YV6BXN        599 09     0
QSO: 14031 CW 2018-11-24 2009 N8ME          599 04     PJ4K          599 09     0
QSO: 14032 CW 2018-11-24 2009 N8ME          599 04     ZF1A          599 08     0
QSO: 14034 CW 2018-11-24 2010 N8ME          599 04     VP9I          599 05     0
QSO: 14039 CW 2018-11-24 2015 N8ME          599 04     CN3A          599 33     0
QSO: 14039 CW 2018-11-24 2017 N8ME          599 04     PJ4Q          599 09     0
QSO: 14042 CW 2018-11-24 2030 N8ME          599 04     TI7W          599 07     0
QSO: 14043 CW 2018-11-24 2031 N8ME          599 04     HQ9X          599 07     0
QSO: 14045 CW 2018-11-24 2031 N8ME          599 04     K7RL          599 03     0
QSO: 14048 CW 2018-11-24 2034 N8ME          599 04     6Y3T          599 08     0
QSO: 14049 CW 2018-11-24 2035 N8ME          599 04     TO5A          599 08     0
QSO: 14051 CW 2018-11-24 2041 N8ME          599 04     HC5M          599 10     0
QSO: 14054 CW 2018-11-24 2046 N8ME          599 04     XE2X          599 06     0
QSO: 14054 CW 2018-11-24 2055 N8ME          599 04     J8NY          599 08     0
QSO: 14055 CW 2018-11-24 2059 N8ME          599 04     V47T          599 08     0
QSO: 14056 CW 2018-11-24 2103 N8ME          599 04     NP2P          599 08     0
QSO: 14059 CW 2018-11-24 2113 N8ME          599 04     C6AQQ         599 08     0
QSO: 14061 CW 2018-11-24 2115 N8ME          599 04     M6T           599 14     0
QSO: 14062 CW 2018-11-24 2117 N8ME          599 04     VP2V/WJ2O     599 08     0
QSO: 14062 CW 2018-11-24 2118 N8ME          599 04     PS2T          599 11     0
QSO: 14068 CW 2018-11-24 2120 N8ME          599 04     V26K          599 08     0
QSO: 14001 CW 2018-11-24 2127 N8ME          599 04     FY5FY         599 09     0
QSO: 14002 CW 2018-11-24 2128 N8ME          599 04     J68GU         599 08     0
QSO: 14006 CW 2018-11-24 2134 N8ME          599 04     LU5YF         599 13     0
QSO: 14018 CW 2018-11-24 2143 N8ME          599 04     HI3LT         599 08     0
QSO: 14024 CW 2018-11-24 2149 N8ME          599 04     PJ4A          599 09     0
QSO: 14026 CW 2018-11-24 2151 N8ME          599 04     P40W          599 09     0
QSO: 14040 CW 2018-11-24 2224 N8ME          599 04     PJ7AA         599 08     0
QSO: 14041 CW 2018-11-24 2232 N8ME          599 04     PY5YY         599 11     0
QSO:  7005 CW 2018-11-25 0030 N8ME          599 04     NR5M          599 04     0
QSO:  7007 CW 2018-11-25 0033 N8ME          599 04     TK0C          599 15     0
QSO:  7008 CW 2018-11-25 0035 N8ME          599 04     VE7SCC        599 03     0
QSO:  7008 CW 2018-11-25 0036 N8ME          599 04     KP2M          599 08     0
QSO:  7018 CW 2018-11-25 0045 N8ME          599 04     EC2DX         599 14     0
QSO:  7021 CW 2018-11-25 0050 N8ME          599 04     P49Y          599 09     0
QSO:  7031 CW 2018-11-25 0058 N8ME          599 04     PJ2T          599 09     0
QSO:  7039 CW 2018-11-25 0111 N8ME          599 04     J8NY          599 08     0
QSO:  7007 CW 2018-11-25 0116 N8ME          599 04     TM6M          599 14     0
QSO:  7032 CW 2018-11-25 0122 N8ME          599 04     K4AB          599 05     0
QSO:  3501 CW 2018-11-25 0307 N8ME          599 04     OE3K          599 15     0
QSO:  3503 CW 2018-11-25 0308 N8ME          599 04     M6T           599 14     0
QSO:  3509 CW 2018-11-25 0318 N8ME          599 04     CR3DX         599 33     0
QSO:  3515 CW 2018-11-25 0326 N8ME          599 04     SA8A          599 14     0
QSO:  3526 CW 2018-11-25 0942 N8ME          599 04     PJ4A          599 09     0
QSO:  3504 CW 2018-11-25 0947 N8ME          599 04     VE7CC         599 03     0
QSO:  3520 CW 2018-11-25 0951 N8ME          599 04     VE2BWL        599 05     0
QSO:  3530 CW 2018-11-25 1002 N8ME          599 04     TI7W          599 07     0
QSO:  3531 CW 2018-11-25 1004 N8ME          599 04     J68GU         599 08     0
QSO:  3535 CW 2018-11-25 1011 N8ME          599 04     PJ4Q          599 09     0
QSO:  3536 CW 2018-11-25 1012 N8ME          599 04     PJ2T          599 09     0
QSO:  3544 CW 2018-11-25 1016 N8ME          599 04     KH6C          599 31     0
QSO:  3528 CW 2018-11-25 1018 N8ME          599 04     ZF1A          599 08     0
QSO:  3529 CW 2018-11-25 1035 N8ME          599 04     VP2EAB        599 08     0
QSO:  3532 CW 2018-11-25 1039 N8ME          599 04     P40W          599 09     0
QSO:  7009 CW 2018-11-25 1048 N8ME          599 04     CB1H          599 12     0
QSO:  7017 CW 2018-11-25 1057 N8ME          599 04     GM0GA         599 14     0
QSO:  7021 CW 2018-11-25 1058 N8ME          599 04     PJ4K          599 09     0
QSO:  7026 CW 2018-11-25 1101 N8ME          599 04     PJ4A          599 09     0
QSO:  3501 CW 2018-11-25 1120 N8ME          599 04     V31MA         599 07     0
QSO:  3508 CW 2018-11-25 1121 N8ME          599 04     VP5M          599 08     0
QSO:  3510 CW 2018-11-25 1122 N8ME          599 04     VE7GE         599 03     0
QSO: 14001 CW 2018-11-25 1745 N8ME          599 04     CR3X          599 33     0
QSO: 14002 CW 2018-11-25 1746 N8ME          599 04     CR3DX         599 33     0
QSO: 14003 CW 2018-11-25 1751 N8ME          599 04     EA5RS         599 14     0
QSO: 14007 CW 2018-11-25 1759 N8ME          599 04     YU5R          599 15     0
QSO: 14008 CW 2018-11-25 1800 N8ME          599 04     S50K          599 15     0
QSO: 14009 CW 2018-11-25 1804 N8ME          599 04     EF5F          599 14     0
QSO: 14009 CW 2018-11-25 1805 N8ME          599 04     VY1AAA        599 01     0
QSO: 14012 CW 2018-11-25 1811 N8ME          599 04     SJ0X          599 14     0
QSO: 14015 CW 2018-11-25 1814 N8ME          599 04     VE9ML         599 05     0
QSO: 14015 CW 2018-11-25 1815 N8ME          599 04     S51YI         599 15     0
QSO: 14022 CW 2018-11-25 1832 N8ME          599 04     IR4M          599 15     0
QSO: 14022 CW 2018-11-25 1834 N8ME          599 04     CR3W          599 33     0
QSO: 14023 CW 2018-11-25 1835 N8ME          599 04     YT8T          599 15     0
QSO: 14026 CW 2018-11-25 1841 N8ME          599 04     E78WW         599 15     0
QSO: 14028 CW 2018-11-25 1844 N8ME          599 04     HA90AM        599 15     0
QSO: 14028 CW 2018-11-25 1845 N8ME          599 04     VE9HF         599 05     0
QSO: 14030 CW 2018-11-25 1847 N8ME          599 04     9A1A          599 15     0
QSO: 14031 CW 2018-11-25 1855 N8ME          599 04     IR8P          599 15     0
QSO: 14033 CW 2018-11-25 1901 N8ME          599 04     S53A          599 15     0
QSO: 14038 CW 2018-11-25 1911 N8ME          599 04     KP3Z          599 08     0
QSO: 14042 CW 2018-11-25 1913 N8ME          599 04     IR4X          599 15     0
QSO: 21001 CW 2018-11-25 1915 N8ME          599 04     PX2A          599 11     0
QSO: 21011 CW 2018-11-25 1922 N8ME          599 04     VE7SAR        599 03     0
QSO: 21014 CW 2018-11-25 1923 N8ME          599 04     HK3TU         599 09     0
QSO: 21027 CW 2018-11-25 1937 N8ME          599 04     VE6SV         599 04     0
QSO: 21028 CW 2018-11-25 1939 N8ME          599 04     VE7SCC        599 03     0
QSO: 21033 CW 2018-11-25 1944 N8ME          599 04     ZM4T          599 32     0
QSO: 21034 CW 2018-11-25 1945 N8ME          599 04     KH6LC         599 31     0
QSO: 21034 CW 2018-11-25 1945 N8ME          599 04     W7WW          599 03     0
QSO: 21037 CW 2018-11-25 1954 N8ME          599 04     YV1FM         599 09     0
QSO: 21039 CW 2018-11-25 1957 N8ME          599 04     PJ4Q          599 09     0
QSO: 21045 CW 2018-11-25 2001 N8ME          599 04     VA7ST         599 03     0
QSO: 21021 CW 2018-11-25 2013 N8ME          599 04     ZY5T          599 11     0
QSO: 21029 CW 2018-11-25 2017 N8ME          599 04     PJ2T          599 09     0
QSO: 14015 CW 2018-11-25 2054 N8ME          599 04     VE2EKA        599 02     0
QSO:  7002 CW 2018-11-25 2246 N8ME          599 04     DF0HQ         599 14     0
QSO:  7005 CW 2018-11-25 2250 N8ME          599 04     CR3DX         599 33     0
QSO:  7007 CW 2018-11-25 2258 N8ME          599 04     P33W          599 20     0
QSO:  7008 CW 2018-11-25 2259 N8ME          599 04     SN3A          599 15     0
QSO:  7009 CW 2018-11-25 2302 N8ME          599 04     YT1HA         599 15     0
QSO:  7011 CW 2018-11-25 2305 N8ME          599 04     VP2EAB        599 08     0
QSO:  7019 CW 2018-11-25 2313 N8ME          599 04     US2IR         599 16     0
QSO:  7023 CW 2018-11-25 2316 N8ME          599 04     VE2FK         599 05     0
QSO:  3530 CW 2018-11-25 2342 N8ME          599 04     VE3GFN        599 04     0
QSO:  3531 CW 2018-11-25 2343 N8ME          599 04     VE3EJ         599 04     0
QSO:  3531 CW 2018-11-25 2344 N8ME          599 04     EI9E          599 14     0
QSO:  3533 CW 2018-11-25 2345 N8ME          599 04     CN3A          599 33     0
END-OF-LOG:
