START-OF-LOG: 3.0
CONTEST: CQ-WW-CW
CALLSIGN: UR7HN
LOCATION: DX
CATEGORY-OPERATOR: SINGLE-OP
CATEGORY-ASSISTED: ASSISTED
CATEGORY-BAND: ALL
CATEGORY-POWER: LOW
CATEGORY-MODE: CW
CATEGORY-TRANSMITTER: ONE
CATEGORY-OVERLAY:
CLAIMED-SCORE: 403200
NAME: Logvinov Jack
OPERATORS: UR7HN
CLUB:
CERTIFICATE: NO
CREATED-BY: 5MContest ver.7.0.1
SOAPBOX: TNX 73 DE UR7HN.
QSO:  7002 CW 2018-11-24 0316 UR7HN         599 16     DR5N          599 14
QSO:  7000 CW 2018-11-24 0325 UR7HN         599 16     N5DX          599 05
QSO:  7001 CW 2018-11-24 0334 UR7HN         599 16     OQ5M          599 14
QSO:  7006 CW 2018-11-24 0337 UR7HN         599 16     EA5RS         599 14
QSO:  7003 CW 2018-11-24 0341 UR7HN         599 16     DF0HQ         599 14
QSO:  7002 CW 2018-11-24 0344 UR7HN         599 16     IH9/OK6RA     599 33
QSO:  7018 CW 2018-11-24 0350 UR7HN         599 16     S56X          599 15
QSO:  7017 CW 2018-11-24 0350 UR7HN         599 16     9A7A          599 15
QSO:  7005 CW 2018-11-24 0353 UR7HN         599 16     IK3UNA        599 15
QSO:  7011 CW 2018-11-24 0354 UR7HN         599 16     YT1HA         599 15
QSO:  7014 CW 2018-11-24 0358 UR7HN         599 16     CN3A          599 33
QSO:  7012 CW 2018-11-24 0400 UR7HN         599 16     TK0C          599 15
QSO:  7018 CW 2018-11-24 0401 UR7HN         599 16     E70T          599 15
QSO:  7019 CW 2018-11-24 0404 UR7HN         599 16     RW0A          599 18
QSO:  7001 CW 2018-11-24 0406 UR7HN         599 16     4K6FO         599 21
QSO:  7003 CW 2018-11-24 0407 UR7HN         599 16     LX2A          599 14
QSO:  7018 CW 2018-11-24 0413 UR7HN         599 16     LZ9W          599 20
QSO:  7019 CW 2018-11-24 0413 UR7HN         599 16     R7AB          599 16
QSO:  7022 CW 2018-11-24 0414 UR7HN         599 16     HA1AD         599 15
QSO:  7012 CW 2018-11-24 0415 UR7HN         599 16     RM9A          599 17
QSO:  7033 CW 2018-11-24 0418 UR7HN         599 16     A44A          599 21
QSO:  7033 CW 2018-11-24 0419 UR7HN         599 16     CR3DX         599 33
QSO:  7031 CW 2018-11-24 0421 UR7HN         599 16     M6T           599 14
QSO:  7032 CW 2018-11-24 0422 UR7HN         599 16     OK2RZ         599 15
QSO:  7007 CW 2018-11-24 0426 UR7HN         599 16     HB9FKK        599 14
QSO:  7036 CW 2018-11-24 0434 UR7HN         599 16     ES9C          599 15
QSO:  7043 CW 2018-11-24 0436 UR7HN         599 16     PI4CC         599 14
QSO:  7044 CW 2018-11-24 0437 UR7HN         599 16     EF8R          599 33
QSO:  7048 CW 2018-11-24 0438 UR7HN         599 16     P33W          599 20
QSO:  7052 CW 2018-11-24 0439 UR7HN         599 16     KP2M          599 08
QSO:  7086 CW 2018-11-24 0443 UR7HN         599 16     N4EEB         599 05
QSO:  7054 CW 2018-11-24 0446 UR7HN         599 16     N4WW          599 05
QSO:  7008 CW 2018-11-24 0447 UR7HN         599 16     W4MLB         599 04
QSO:  7040 CW 2018-11-24 0450 UR7HN         599 16     PJ2T          599 09
QSO:  7052 CW 2018-11-24 0451 UR7HN         599 16     ZF1A          599 08
QSO:  7086 CW 2018-11-24 0452 UR7HN         599 16     KP3Z          599 08
QSO:  7065 CW 2018-11-24 0459 UR7HN         599 16     V26K          599 08
QSO:  7035 CW 2018-11-24 0514 UR7HN         599 16     RT6A          599 03
QSO:  7024 CW 2018-11-24 0519 UR7HN         599 16     P49Y          599 09
QSO:  7048 CW 2018-11-24 0521 UR7HN         599 16     PJ4Q          599 09
QSO:  7064 CW 2018-11-24 0524 UR7HN         599 16     TI7W          599 07
QSO:  7071 CW 2018-11-24 0527 UR7HN         599 16     PS2T          599 11
QSO:  7070 CW 2018-11-24 0533 UR7HN         599 16     FY5KE         599 09
QSO: 14000 CW 2018-11-24 0543 UR7HN         599 16     R9AE          599 17
QSO: 14000 CW 2018-11-24 0543 UR7HN         599 16     JE6RPM        599 25
QSO: 14003 CW 2018-11-24 0544 UR7HN         599 16     RV9UP         599 18
QSO: 14004 CW 2018-11-24 0545 UR7HN         599 16     RM9RZ         599 17
QSO: 14008 CW 2018-11-24 0546 UR7HN         599 16     RW0AJ         599 18
QSO: 14009 CW 2018-11-24 0547 UR7HN         599 16     RK9AX         599 17
QSO: 14014 CW 2018-11-24 0548 UR7HN         599 16     UN4PG         599 17
QSO: 14015 CW 2018-11-24 0549 UR7HN         599 16     UA9LAO        599 17
QSO: 14030 CW 2018-11-24 0551 UR7HN         599 16     4Z5LY         599 20
QSO: 14053 CW 2018-11-24 0553 UR7HN         599 16     E2X           599 26
QSO: 14062 CW 2018-11-24 0557 UR7HN         599 16     A44A          599 21
QSO: 14055 CW 2018-11-24 0558 UR7HN         599 16     RX9WN         599 16
QSO: 14049 CW 2018-11-24 0559 UR7HN         599 16     BD1RX         599 24
QSO: 14042 CW 2018-11-24 0600 UR7HN         599 16     A61EK         599 21
QSO: 14025 CW 2018-11-24 0604 UR7HN         599 16     ZM4T          599 32
QSO: 14028 CW 2018-11-24 0609 UR7HN         599 16     BD7MQ         599 24
QSO: 14051 CW 2018-11-24 0610 UR7HN         599 16     B4T           599 24
QSO: 14022 CW 2018-11-24 0617 UR7HN         599 16     UP0L          599 17
QSO: 14019 CW 2018-11-24 0618 UR7HN         599 16     RW0A          599 18
QSO: 14024 CW 2018-11-24 0619 UR7HN         599 16     RX0L          599 19
QSO: 14028 CW 2018-11-24 0620 UR7HN         599 16     RT9S          599 16
QSO: 14032 CW 2018-11-24 0621 UR7HN         599 16     R9LY          599 17
QSO: 14034 CW 2018-11-24 0621 UR7HN         599 16     JJ2YRE        599 25
QSO: 21046 CW 2018-11-24 0625 UR7HN         599 16     VR2FUN        599 24
QSO: 21011 CW 2018-11-24 0627 UR7HN         599 16     BY8AC         599 24
QSO: 21025 CW 2018-11-24 0628 UR7HN         599 16     A44A          599 21
QSO: 21002 CW 2018-11-24 0630 UR7HN         599 16     BD7LMD        599 24
QSO: 14001 CW 2018-11-24 0636 UR7HN         599 16     P33W          599 20
QSO: 14001 CW 2018-11-24 0638 UR7HN         599 16     4K6FO         599 21
QSO: 21055 CW 2018-11-24 0642 UR7HN         599 16     UN9GD         599 17
QSO: 14005 CW 2018-11-24 0645 UR7HN         599 16     JH3AIU        599 25
QSO: 14014 CW 2018-11-24 0646 UR7HN         599 16     R0AA          599 18
QSO: 14020 CW 2018-11-24 0646 UR7HN         599 16     RD0A          599 18
QSO: 14023 CW 2018-11-24 0647 UR7HN         599 16     DS4EOI        599 25
QSO: 14020 CW 2018-11-24 0648 UR7HN         599 16     RD8D          599 17
QSO: 14025 CW 2018-11-24 0649 UR7HN         599 16     UN0LM         599 17
QSO: 14039 CW 2018-11-24 0650 UR7HN         599 16     BY1CY         599 24
QSO: 14082 CW 2018-11-24 0651 UR7HN         599 16     JF9JTS        599 25
QSO: 14057 CW 2018-11-24 0653 UR7HN         599 16     JA6LCJ        599 25
QSO: 14056 CW 2018-11-24 0653 UR7HN         599 16     RZ8U          599 18
QSO: 14049 CW 2018-11-24 0655 UR7HN         599 16     E2A           599 26
QSO: 14034 CW 2018-11-24 0656 UR7HN         599 16     YE2A          599 28
QSO: 14026 CW 2018-11-24 0657 UR7HN         599 16     BD7MNI        599 24
QSO: 14009 CW 2018-11-24 0658 UR7HN         599 16     4X6FR         599 20
QSO: 14005 CW 2018-11-24 0717 UR7HN         599 16     RA9AP         599 17
QSO: 14010 CW 2018-11-24 0718 UR7HN         599 16     BY4TC         599 24
QSO: 14038 CW 2018-11-24 0719 UR7HN         599 16     RW0AB         599 18
QSO: 14038 CW 2018-11-24 0720 UR7HN         599 16     JH1GEX        599 25
QSO: 14040 CW 2018-11-24 0721 UR7HN         599 16     RT0C          599 19
QSO: 14042 CW 2018-11-24 0725 UR7HN         599 16     JA1ZGO        599 25
QSO: 21037 CW 2018-11-24 0727 UR7HN         599 16     A65CA         599 21
QSO: 14086 CW 2018-11-24 0729 UR7HN         599 16     JM1NKT        599 25
QSO: 14079 CW 2018-11-24 0729 UR7HN         599 16     HZ1FI         599 21
QSO: 14078 CW 2018-11-24 0731 UR7HN         599 16     EK7DX         599 21
QSO: 14058 CW 2018-11-24 0732 UR7HN         599 16     4X2M          599 20
QSO: 14037 CW 2018-11-24 0733 UR7HN         599 16     4L2M          599 21
QSO: 14071 CW 2018-11-24 0734 UR7HN         599 16     JH0EPI        599 25
QSO: 14072 CW 2018-11-24 0734 UR7HN         599 16     JF1SEK        599 25
QSO: 14066 CW 2018-11-24 0735 UR7HN         599 16     JS3CTQ        599 25
QSO: 14063 CW 2018-11-24 0736 UR7HN         599 16     JH4UTP        599 25
QSO: 14061 CW 2018-11-24 0737 UR7HN         599 16     JF3NKA        599 25
QSO: 14055 CW 2018-11-24 0738 UR7HN         599 16     JA7NVF        599 25
QSO: 14046 CW 2018-11-24 0741 UR7HN         599 16     JH4UYB        599 25
QSO: 14025 CW 2018-11-24 0741 UR7HN         599 16     A61QQ         599 21
QSO: 14080 CW 2018-11-24 0742 UR7HN         599 16     R9UG          599 18
QSO: 14073 CW 2018-11-24 0743 UR7HN         599 16     JA6BZI        599 25
QSO: 14053 CW 2018-11-24 0744 UR7HN         599 16     RX9CM         599 17
QSO: 14046 CW 2018-11-24 0746 UR7HN         599 16     7K1CPT        599 25
QSO: 14068 CW 2018-11-24 0747 UR7HN         599 16     RA9DZ         599 17
QSO: 14059 CW 2018-11-24 0748 UR7HN         599 16     JA2XYO        599 25
QSO: 14000 CW 2018-11-24 0753 UR7HN         599 16     UF8T          599 16
QSO: 14001 CW 2018-11-24 0753 UR7HN         599 16     RF9C          599 17
QSO: 14034 CW 2018-11-24 0756 UR7HN         599 16     RU0LL         599 19
QSO: 14069 CW 2018-11-24 0757 UR7HN         599 16     BA4DL         599 24
QSO: 14000 CW 2018-11-24 0801 UR7HN         599 16     OP4K          599 14
QSO: 14002 CW 2018-11-24 0802 UR7HN         599 16     EC2DX         599 14
QSO: 14003 CW 2018-11-24 0803 UR7HN         599 16     DD1A          599 14
QSO: 14003 CW 2018-11-24 0803 UR7HN         599 16     IR6T          599 15
QSO: 14005 CW 2018-11-24 0804 UR7HN         599 16     YT5A          599 15
QSO: 14005 CW 2018-11-24 0804 UR7HN         599 16     CN2CO         599 33
QSO: 14007 CW 2018-11-24 0806 UR7HN         599 16     G5O           599 14
QSO: 14009 CW 2018-11-24 0807 UR7HN         599 16     PI4AMF        599 14
QSO: 14012 CW 2018-11-24 0809 UR7HN         599 16     OH8X          599 15
QSO: 14014 CW 2018-11-24 0810 UR7HN         599 16     S50K          599 15
QSO: 14015 CW 2018-11-24 0810 UR7HN         599 16     9A1A          599 15
QSO: 14067 CW 2018-11-24 0813 UR7HN         599 16     RL3A          599 16
QSO: 14059 CW 2018-11-24 0813 UR7HN         599 16     OK5Z          599 15
QSO: 14060 CW 2018-11-24 0816 UR7HN         599 16     HA3LN         599 15
QSO: 14056 CW 2018-11-24 0818 UR7HN         599 16     GM3X          599 14
QSO: 14004 CW 2018-11-24 0818 UR7HN         599 16     HB9CA         599 14
QSO: 14013 CW 2018-11-24 0822 UR7HN         599 16     6V7A          599 35
QSO: 14049 CW 2018-11-24 0823 UR7HN         599 16     5Z4LS         599 37
QSO: 14085 CW 2018-11-24 0825 UR7HN         599 16     EI7M          599 14
QSO: 14070 CW 2018-11-24 0828 UR7HN         599 16     SV4FFL        599 20
QSO: 14069 CW 2018-11-24 0828 UR7HN         599 16     CR3X          599 33
QSO: 14068 CW 2018-11-24 0829 UR7HN         599 16     OE2S          599 15
QSO: 14080 CW 2018-11-24 0830 UR7HN         599 16     CR5E          599 14
QSO: 14073 CW 2018-11-24 0831 UR7HN         599 16     F8KGS         599 14
QSO: 14073 CW 2018-11-24 0831 UR7HN         599 16     LX7I          599 14
QSO: 14056 CW 2018-11-24 0832 UR7HN         599 16     4U1A          599 15
QSO: 14044 CW 2018-11-24 0833 UR7HN         599 16     TK0C          599 15
QSO: 14038 CW 2018-11-24 0834 UR7HN         599 16     OH0Z          599 15
QSO: 14038 CW 2018-11-24 0834 UR7HN         599 16     LY2K          599 15
QSO: 14006 CW 2018-11-24 0836 UR7HN         599 16     UZ2M          599 16
QSO: 14016 CW 2018-11-24 0837 UR7HN         599 16     SC0N          599 14
QSO: 14022 CW 2018-11-24 0838 UR7HN         599 16     9H6A          599 15
QSO: 14024 CW 2018-11-24 0839 UR7HN         599 16     EF8L          599 33
QSO: 14062 CW 2018-11-24 0844 UR7HN         599 16     IT9LKX        599 15
QSO: 14055 CW 2018-11-24 0846 UR7HN         599 16     ER4A          599 16
QSO: 14078 CW 2018-11-24 0849 UR7HN         599 16     ES3VL         599 15
QSO: 14080 CW 2018-11-24 0850 UR7HN         599 16     Z37M          599 15
QSO: 21001 CW 2018-11-24 0901 UR7HN         599 16     SU9JG         599 34
QSO: 21026 CW 2018-11-24 0905 UR7HN         599 16     VK2GR         599 30
QSO: 21050 CW 2018-11-24 0910 UR7HN         599 16     9M8YY         599 28
QSO: 21007 CW 2018-11-24 0912 UR7HN         599 16     EC2DX         599 14
QSO: 21012 CW 2018-11-24 0913 UR7HN         599 16     YT0Z          599 15
QSO: 21012 CW 2018-11-24 0918 UR7HN         599 16     6V7A          599 35
QSO: 21023 CW 2018-11-24 0921 UR7HN         599 16     EF8R          599 33
QSO: 21003 CW 2018-11-24 0924 UR7HN         599 16     A92GE         599 21
QSO: 14063 CW 2018-11-24 0929 UR7HN         599 16     IH9/OL3R      599 33
QSO: 14092 CW 2018-11-24 0930 UR7HN         599 16     SP4TKR        599 15
QSO: 14087 CW 2018-11-24 0931 UR7HN         599 16     GU4CHY        599 14
QSO: 14073 CW 2018-11-24 0934 UR7HN         599 16     AH2R          599 27
QSO: 14059 CW 2018-11-24 0944 UR7HN         599 16     SZ1A          599 20
QSO: 14058 CW 2018-11-24 0945 UR7HN         599 16     CR3DX         599 33
QSO: 14061 CW 2018-11-24 0946 UR7HN         599 16     7X2ARA        599 33
QSO: 14050 CW 2018-11-24 0947 UR7HN         599 16     CR3W          599 33
QSO: 14052 CW 2018-11-24 0948 UR7HN         599 16     IK0YVV        599 15
QSO: 14050 CW 2018-11-24 0949 UR7HN         599 16     YT2ISM        599 15
QSO: 14058 CW 2018-11-24 0950 UR7HN         599 16     EA1CS         599 14
QSO: 14058 CW 2018-11-24 0951 UR7HN         599 16     F4FFZ         599 14
QSO: 14057 CW 2018-11-24 0951 UR7HN         599 16     IR2L          599 15
QSO: 14056 CW 2018-11-24 0952 UR7HN         599 16     OL1C          599 15
QSO: 14055 CW 2018-11-24 0953 UR7HN         599 16     TM3R          599 14
QSO: 14062 CW 2018-11-24 0953 UR7HN         599 16     EA5KV         599 14
QSO: 14061 CW 2018-11-24 0954 UR7HN         599 16     IK0YUT        599 15
QSO: 14062 CW 2018-11-24 0954 UR7HN         599 16     DJ2QV         599 14
QSO: 14054 CW 2018-11-24 0955 UR7HN         599 16     OG60F         599 15
QSO: 14052 CW 2018-11-24 0957 UR7HN         599 16     PA0VAJ        599 14
QSO: 14051 CW 2018-11-24 0957 UR7HN         599 16     Z3B           599 15
QSO: 14049 CW 2018-11-24 0958 UR7HN         599 16     LY2J          599 15
QSO: 14048 CW 2018-11-24 1000 UR7HN         599 16     OH8WW         599 15
QSO: 14047 CW 2018-11-24 1001 UR7HN         599 16     DL6FBL        599 14
QSO: 14046 CW 2018-11-24 1001 UR7HN         599 16     LA8OM         599 14
QSO: 14037 CW 2018-11-24 1006 UR7HN         599 16     G9W           599 14
QSO: 14036 CW 2018-11-24 1006 UR7HN         599 16     OM7JG         599 15
QSO: 14035 CW 2018-11-24 1007 UR7HN         599 16     M6T           599 14
QSO: 14033 CW 2018-11-24 1008 UR7HN         599 16     EI0R          599 14
QSO: 14033 CW 2018-11-24 1009 UR7HN         599 16     DF0HQ         599 14
QSO: 14032 CW 2018-11-24 1009 UR7HN         599 16     S50R          599 15
QSO: 14032 CW 2018-11-24 1010 UR7HN         599 16     OK1CF         599 15
QSO: 14031 CW 2018-11-24 1011 UR7HN         599 16     TM6M          599 14
QSO: 14030 CW 2018-11-24 1011 UR7HN         599 16     YL3FT         599 15
QSO: 14029 CW 2018-11-24 1012 UR7HN         599 16     PE3T          599 14
QSO: 14000 CW 2018-11-24 1014 UR7HN         599 16     DP7D          599 14
QSO: 14003 CW 2018-11-24 1016 UR7HN         599 16     IZ8BRI        599 15
QSO: 14005 CW 2018-11-24 1017 UR7HN         599 16     M0WJE         599 14
QSO: 14006 CW 2018-11-24 1017 UR7HN         599 16     M2G           599 14
QSO: 14007 CW 2018-11-24 1018 UR7HN         599 16     S59AA         599 15
QSO: 14009 CW 2018-11-24 1018 UR7HN         599 16     S57AW         599 15
QSO: 14011 CW 2018-11-24 1022 UR7HN         599 16     LA0CX         599 14
QSO: 14015 CW 2018-11-24 1024 UR7HN         599 16     EF5F          599 14
QSO: 14019 CW 2018-11-24 1026 UR7HN         599 16     LA8HGA        599 14
QSO: 14019 CW 2018-11-24 1026 UR7HN         599 16     M7A           599 14
QSO: 14020 CW 2018-11-24 1029 UR7HN         599 16     DL1T          599 14
QSO: 14020 CW 2018-11-24 1029 UR7HN         599 16     IQ1LA         599 15
QSO: 14021 CW 2018-11-24 1030 UR7HN         599 16     TM0R          599 14
QSO: 14022 CW 2018-11-24 1031 UR7HN         599 16     PA6X          599 14
QSO: 14095 CW 2018-11-24 1037 UR7HN         599 16     IK2AHB        599 15
QSO: 14101 CW 2018-11-24 1038 UR7HN         599 16     SH3EA         599 15
QSO: 14099 CW 2018-11-24 1040 UR7HN         599 16     E77EA         599 15
QSO: 14097 CW 2018-11-24 1044 UR7HN         599 16     PA1CC         599 14
QSO: 14088 CW 2018-11-24 1045 UR7HN         599 16     ED5O          599 14
QSO: 14088 CW 2018-11-24 1046 UR7HN         599 16     RW3XZ         599 16
QSO: 14086 CW 2018-11-24 1046 UR7HN         599 16     OE5OHO        599 15
QSO: 14084 CW 2018-11-24 1047 UR7HN         599 16     EA3ICJ        599 14
QSO: 14083 CW 2018-11-24 1048 UR7HN         599 16     DL3DTH        599 14
QSO: 14069 CW 2018-11-24 1049 UR7HN         599 16     S53EO         599 15
QSO: 14061 CW 2018-11-24 1051 UR7HN         599 16     SO100N        599 15
QSO: 14060 CW 2018-11-24 1052 UR7HN         599 16     EA8/GU4YOX    599 33
QSO: 14055 CW 2018-11-24 1054 UR7HN         599 16     DR4A          599 14
QSO: 14008 CW 2018-11-24 1118 UR7HN         599 16     CN3A          599 33
QSO: 14009 CW 2018-11-24 1120 UR7HN         599 16     OZ5E          599 14
QSO: 14011 CW 2018-11-24 1121 UR7HN         599 16     S57DX         599 15
QSO: 14012 CW 2018-11-24 1121 UR7HN         599 16     YT4W          599 15
QSO: 14013 CW 2018-11-24 1122 UR7HN         599 16     YT8T          599 15
QSO: 14039 CW 2018-11-24 1129 UR7HN         599 16     LS2D          599 13
QSO: 14091 CW 2018-11-24 1129 UR7HN         599 16     TO5A          599 08
QSO: 14063 CW 2018-11-24 1131 UR7HN         599 16     9Y4/VE3EY     599 09
QSO: 14077 CW 2018-11-24 1132 UR7HN         599 16     8Q7DX         599 22
QSO: 14061 CW 2018-11-24 1133 UR7HN         599 16     K1KI          599 05
QSO: 14079 CW 2018-11-24 1134 UR7HN         599 16     KP3Z          599 08
QSO: 14026 CW 2018-11-24 1135 UR7HN         599 16     W9SN          599 05
QSO: 14043 CW 2018-11-24 1137 UR7HN         599 16     FG/F6ARC      599 08
QSO: 14054 CW 2018-11-24 1145 UR7HN         599 16     VE9CB         599 05
QSO: 14064 CW 2018-11-24 1146 UR7HN         599 16     V26K          599 08
QSO: 14083 CW 2018-11-24 1156 UR7HN         599 16     HH2AA         599 08
QSO: 14070 CW 2018-11-24 1156 UR7HN         599 16     N4ADC         599 05
QSO: 14067 CW 2018-11-24 1159 UR7HN         599 16     N4AF          599 05
QSO: 14053 CW 2018-11-24 1200 UR7HN         599 16     W4RM          599 5
QSO: 14028 CW 2018-11-24 1202 UR7HN         599 16     VE3EJ         599 04
QSO: 14029 CW 2018-11-24 1204 UR7HN         599 16     PJ4A          599 09
QSO: 14049 CW 2018-11-24 1204 UR7HN         599 16     6Y3T          599 08
QSO: 14066 CW 2018-11-24 1208 UR7HN         599 16     NP2P          599 08
QSO: 14086 CW 2018-11-24 1212 UR7HN         599 16     ZF1A          599 08
QSO: 14070 CW 2018-11-24 1214 UR7HN         599 16     V47T          599 08
QSO: 14089 CW 2018-11-24 1216 UR7HN         599 16     9X4XX         599 36
QSO: 14011 CW 2018-11-24 1223 UR7HN         599 16     VY2TT         599 05
QSO: 14002 CW 2018-11-24 1227 UR7HN         599 16     HQ9X          599 07
QSO: 14013 CW 2018-11-24 1232 UR7HN         599 16     PJ2T          599 09
QSO: 14017 CW 2018-11-24 1234 UR7HN         599 16     PZ5T          599 09
QSO: 14079 CW 2018-11-24 1235 UR7HN         599 16     D41CV         599 35
QSO: 14094 CW 2018-11-24 1236 UR7HN         599 16     PS2T          599 11
QSO: 14037 CW 2018-11-24 1240 UR7HN         599 16     W4FS          599 05
QSO: 14036 CW 2018-11-24 1241 UR7HN         599 16     W9RE          599 04
QSO: 14030 CW 2018-11-24 1243 UR7HN         599 16     N4BP          599 05
QSO: 14027 CW 2018-11-24 1246 UR7HN         599 16     K1RX          599 05
QSO: 14024 CW 2018-11-24 1254 UR7HN         599 16     N3RS          599 05
QSO: 14024 CW 2018-11-24 1255 UR7HN         599 16     N5DX          599 05
QSO: 14023 CW 2018-11-24 1256 UR7HN         599 16     K3WW          599 05
QSO: 14021 CW 2018-11-24 1301 UR7HN         599 16     NN7CW         599 05
QSO: 14016 CW 2018-11-24 1306 UR7HN         599 16     CF3A          599 04
QSO: 14118 CW 2018-11-24 1308 UR7HN         599 16     NR5M          599 04
QSO: 14121 CW 2018-11-24 1308 UR7HN         599 16     K1LT          599 04
QSO: 14114 CW 2018-11-24 1310 UR7HN         599 16     AT3A          599 22
QSO: 14123 CW 2018-11-24 1315 UR7HN         599 16     N2ED          599 05
QSO: 14107 CW 2018-11-24 1319 UR7HN         599 16     K3WI          599 05
QSO: 14111 CW 2018-11-24 1320 UR7HN         599 16     K3PH          599 05
QSO: 14106 CW 2018-11-24 1320 UR7HN         599 16     K1BX          599 05
QSO: 14103 CW 2018-11-24 1320 UR7HN         599 16     N4WW          599 05
QSO: 14100 CW 2018-11-24 1323 UR7HN         599 16     N9NC          599 05
QSO: 14098 CW 2018-11-24 1323 UR7HN         599 16     K1BV          599 05
QSO: 14092 CW 2018-11-24 1324 UR7HN         599 16     WO4O          599 05
QSO: 14087 CW 2018-11-24 1325 UR7HN         599 16     K3EL          599 05
QSO: 14082 CW 2018-11-24 1325 UR7HN         599 16     VE9AA         599 05
QSO: 14092 CW 2018-11-24 1326 UR7HN         599 16     NO9E          599 05
QSO: 14123 CW 2018-11-24 1327 UR7HN         599 16     N3QE          599 05
QSO: 14112 CW 2018-11-24 1328 UR7HN         599 16     KM0O          599 04
QSO: 14102 CW 2018-11-24 1329 UR7HN         599 16     WX0B          599 04
QSO: 14101 CW 2018-11-24 1329 UR7HN         599 16     VE3VN         599 04
QSO: 14124 CW 2018-11-24 1330 UR7HN         599 16     CN8MAA        599 33
QSO: 14097 CW 2018-11-24 1331 UR7HN         599 16     N2MM          599 05
QSO: 14081 CW 2018-11-24 1335 UR7HN         599 16     NW3Y          599 05
QSO: 14127 CW 2018-11-24 1335 UR7HN         599 16     CE2LR         599 12
QSO: 14113 CW 2018-11-24 1336 UR7HN         599 16     KS1J          599 05
QSO: 14113 CW 2018-11-24 1337 UR7HN         599 16     K3UL          599 05
QSO: 14109 CW 2018-11-24 1337 UR7HN         599 16     K4AB          599 04
QSO: 14103 CW 2018-11-24 1338 UR7HN         599 16     AA9A          599 04
QSO: 14107 CW 2018-11-24 1341 UR7HN         599 16     VO2AC         599 02
QSO: 14104 CW 2018-11-24 1345 UR7HN         599 16     NR3X          599 05
QSO: 14122 CW 2018-11-24 1346 UR7HN         599 16     W1GD          599 05
QSO: 14105 CW 2018-11-24 1347 UR7HN         599 16     N3JT          599 05
QSO: 14104 CW 2018-11-24 1348 UR7HN         599 16     K9RS          599 05
QSO: 14092 CW 2018-11-24 1349 UR7HN         599 16     K1TTT         599 05
QSO: 14093 CW 2018-11-24 1350 UR7HN         599 16     WK2G          599 05
QSO: 14090 CW 2018-11-24 1351 UR7HN         599 16     AA1ON         599 05
QSO: 14125 CW 2018-11-24 1351 UR7HN         599 16     AD4EB         599 04
QSO: 14108 CW 2018-11-24 1352 UR7HN         599 16     AD5A          599 04
QSO: 14094 CW 2018-11-24 1353 UR7HN         599 16     K2CYE         599 05
QSO: 14098 CW 2018-11-24 1357 UR7HN         599 16     K5TR          599 04
QSO: 14115 CW 2018-11-24 1358 UR7HN         599 16     K2LNS         599 05
QSO: 14101 CW 2018-11-24 1358 UR7HN         599 16     K3WJV         599 05
QSO: 14063 CW 2018-11-24 1402 UR7HN         599 16     W4MLB         599 05
QSO: 14084 CW 2018-11-24 1404 UR7HN         599 16     N2RJ          599 05
QSO: 14084 CW 2018-11-24 1404 UR7HN         599 16     K1AR          599 05
QSO: 14078 CW 2018-11-24 1405 UR7HN         599 16     K2NV          599 05
QSO: 14073 CW 2018-11-24 1408 UR7HN         599 16     W2ID          599 05
QSO: 14123 CW 2018-11-24 1425 UR7HN         599 16     W3FV          599 05
QSO: 14090 CW 2018-11-24 1426 UR7HN         599 16     K1DG          599 05
QSO: 14119 CW 2018-11-24 1427 UR7HN         599 16     N2IC          599 05
QSO:  7004 CW 2018-11-25 0519 UR7HN         599 16     G3P           599 14
QSO:  7007 CW 2018-11-25 0521 UR7HN         599 16     UA4S          599 16
QSO:  7010 CW 2018-11-25 0522 UR7HN         599 16     EA8OM         599 33
QSO:  7011 CW 2018-11-25 0523 UR7HN         599 16     RZ4AZ         599 16
QSO:  7008 CW 2018-11-25 0524 UR7HN         599 16     EV1R          599 16
QSO:  7073 CW 2018-11-25 0529 UR7HN         599 16     UT1WW         599 16
QSO:  7069 CW 2018-11-25 0531 UR7HN         599 16     DX1CV         599 27
QSO:  7070 CW 2018-11-25 0532 UR7HN         599 16     LZ7DX         599 20
QSO:  7069 CW 2018-11-25 0533 UR7HN         599 16     LY4A          599 15
QSO:  7068 CW 2018-11-25 0534 UR7HN         599 16     DD1A          599 14
QSO:  7062 CW 2018-11-25 0535 UR7HN         599 16     ES2MC         599 15
QSO: 14035 CW 2018-11-25 0539 UR7HN         599 16     UK7AL         599 17
QSO: 14002 CW 2018-11-25 0540 UR7HN         599 16     JA6BXA        599 25
QSO: 14003 CW 2018-11-25 0541 UR7HN         599 16     JE2YRB        599 25
QSO: 14004 CW 2018-11-25 0542 UR7HN         599 16     JH3CUL        599 25
QSO: 14006 CW 2018-11-25 0543 UR7HN         599 16     BA3MM         599 24
QSO: 14014 CW 2018-11-25 0544 UR7HN         599 16     RM9A          599 17
QSO: 14016 CW 2018-11-25 0544 UR7HN         599 16     RN9T          599 16
QSO: 14022 CW 2018-11-25 0545 UR7HN         599 16     JA3YBK        599 25
QSO: 14025 CW 2018-11-25 0545 UR7HN         599 16     RT8O          599 18
QSO: 14013 CW 2018-11-25 0546 UR7HN         599 16     R0CW          599 19
QSO: 14024 CW 2018-11-25 0547 UR7HN         599 16     JL3JRY        599 25
QSO: 14026 CW 2018-11-25 0547 UR7HN         599 16     JA2ODB        599 25
QSO: 14066 CW 2018-11-25 0548 UR7HN         599 16     JR4GPA        599 25
QSO: 14059 CW 2018-11-25 0549 UR7HN         599 16     7N2JZT/6      599 25
QSO: 14064 CW 2018-11-25 0550 UR7HN         599 16     UN7GF         599 17
QSO: 14063 CW 2018-11-25 0550 UR7HN         599 16     JA4XHF/3      599 25
QSO: 14061 CW 2018-11-25 0552 UR7HN         599 16     BG3UPA        599 24
QSO: 14064 CW 2018-11-25 0553 UR7HN         599 16     UN6LN         599 17
QSO: 14062 CW 2018-11-25 0554 UR7HN         599 16     UA9ZZ         599 18
QSO: 14054 CW 2018-11-25 0555 UR7HN         599 16     JH8YOH        599 25
QSO: 14060 CW 2018-11-25 0557 UR7HN         599 16     RW0UM         599 18
QSO: 14050 CW 2018-11-25 0559 UR7HN         599 16     JS1KKY        599 25
QSO: 14049 CW 2018-11-25 0559 UR7HN         599 16     UC0A          599 18
QSO: 14053 CW 2018-11-25 0604 UR7HN         599 16     JA1YPA        599 25
QSO: 14047 CW 2018-11-25 0605 UR7HN         599 16     BY8MA         599 24
QSO: 14046 CW 2018-11-25 0606 UR7HN         599 16     R0CD          599 19
QSO: 14036 CW 2018-11-25 0609 UR7HN         599 16     R8WF          599 16
QSO: 14067 CW 2018-11-25 0610 UR7HN         599 16     BD7DT         599 24
QSO: 14069 CW 2018-11-25 0614 UR7HN         599 16     JH4IFF        599 25
QSO: 14070 CW 2018-11-25 0615 UR7HN         599 16     JA7ZFN        599 25
QSO: 14070 CW 2018-11-25 0617 UR7HN         599 16     BD3ND         599 24
QSO: 14055 CW 2018-11-25 0620 UR7HN         599 16     UA9AEU        599 17
QSO: 14046 CW 2018-11-25 0621 UR7HN         599 16     UD8V          599 18
QSO: 14066 CW 2018-11-25 0622 UR7HN         599 16     JR4DAH        599 25
QSO: 14059 CW 2018-11-25 0623 UR7HN         599 16     UC8U          599 18
QSO: 14043 CW 2018-11-25 0623 UR7HN         599 16     RN9N          599 17
QSO: 14047 CW 2018-11-25 0624 UR7HN         599 16     UA9TF         599 16
QSO: 14065 CW 2018-11-25 0625 UR7HN         599 16     JE8KGH        599 25
QSO: 14036 CW 2018-11-25 0626 UR7HN         599 16     RX9SN         599 16
QSO: 14028 CW 2018-11-25 0628 UR7HN         599 16     R0AK          599 18
QSO: 14013 CW 2018-11-25 0630 UR7HN         599 16     BD5XM         599 24
QSO: 14056 CW 2018-11-25 0632 UR7HN         599 16     JE1LFX        599 25
QSO: 14049 CW 2018-11-25 0634 UR7HN         599 16     JH4ADK        599 25
QSO: 14052 CW 2018-11-25 0634 UR7HN         599 16     JA9LJS        599 25
QSO: 14067 CW 2018-11-25 0635 UR7HN         599 16     JK2RCP        599 25
QSO: 14051 CW 2018-11-25 0637 UR7HN         599 16     JA9CWJ        599 25
QSO: 14045 CW 2018-11-25 0637 UR7HN         599 16     RZ9UO         599 18
QSO: 14037 CW 2018-11-25 0639 UR7HN         599 16     JA2AXB        599 25
QSO: 14066 CW 2018-11-25 0641 UR7HN         599 16     JR2PMT        599 25
QSO: 14007 CW 2018-11-25 0652 UR7HN         599 16     BY8AC         599 24
QSO: 14067 CW 2018-11-25 0654 UR7HN         599 16     HS5NMF        599 26
QSO: 14072 CW 2018-11-25 0655 UR7HN         599 16     JH1FSF        599 25
QSO: 14002 CW 2018-11-25 0656 UR7HN         599 16     JH3A          599 25
QSO: 14001 CW 2018-11-25 0659 UR7HN         599 16     BH4TQX        599 24
QSO: 14007 CW 2018-11-25 0700 UR7HN         599 16     JR6CSY        599 25
QSO: 14088 CW 2018-11-25 0702 UR7HN         599 16     BD1IIJ        599 24
QSO: 14085 CW 2018-11-25 0702 UR7HN         599 16     JH0NEC        599 25
QSO: 14077 CW 2018-11-25 0706 UR7HN         599 16     EA4ZK         599 14
QSO:  7065 CW 2018-11-25 0710 UR7HN         599 16     4U1A          599 15
QSO:  7064 CW 2018-11-25 0711 UR7HN         599 16     4U73B         599 15
QSO:  7064 CW 2018-11-25 0712 UR7HN         599 16     SP5XO         599 15
QSO:  7063 CW 2018-11-25 0712 UR7HN         599 16     SP9BNM        599 15
QSO:  7052 CW 2018-11-25 0717 UR7HN         599 16     YL2GD         599 15
QSO: 21013 CW 2018-11-25 0719 UR7HN         599 16     IR4M          599 15
QSO: 14086 CW 2018-11-25 0722 UR7HN         599 16     DK5QN         599 14
QSO: 14073 CW 2018-11-25 0722 UR7HN         599 16     PA5MW         599 14
QSO: 14066 CW 2018-11-25 0723 UR7HN         599 16     DL0GL         599 14
QSO: 14065 CW 2018-11-25 0724 UR7HN         599 16     DK2CX         599 14
QSO: 14064 CW 2018-11-25 0725 UR7HN         599 16     IR8P          599 15
QSO: 14063 CW 2018-11-25 0727 UR7HN         599 16     OL5A          599 15
QSO: 14056 CW 2018-11-25 0731 UR7HN         599 16     ES9C          599 15
QSO: 14046 CW 2018-11-25 0733 UR7HN         599 16     IZ8EFD        599 15
QSO: 14001 CW 2018-11-25 0733 UR7HN         599 16     EA3MR         599 14
QSO: 14001 CW 2018-11-25 0735 UR7HN         599 16     DR5N          599 14
QSO: 14005 CW 2018-11-25 0736 UR7HN         599 16     9A7A          599 15
QSO: 14009 CW 2018-11-25 0738 UR7HN         599 16     S52ZW         599 15
QSO: 14009 CW 2018-11-25 0739 UR7HN         599 16     SX1T          599 20
QSO: 14014 CW 2018-11-25 0744 UR7HN         599 16     LN8W          599 14
QSO: 14101 CW 2018-11-25 0811 UR7HN         599 16     OH0T          599 15
QSO: 14089 CW 2018-11-25 0812 UR7HN         599 16     PA3EVY        599 14
QSO: 14067 CW 2018-11-25 0815 UR7HN         599 16     IK3UNA        599 15
QSO: 14067 CW 2018-11-25 0816 UR7HN         599 16     DK2GZ         599 14
QSO: 14068 CW 2018-11-25 0819 UR7HN         599 16     IQ5NN         599 15
QSO: 14063 CW 2018-11-25 0820 UR7HN         599 16     DL4HG         599 14
QSO: 14064 CW 2018-11-25 0822 UR7HN         599 16     IR3C          599 15
QSO: 14063 CW 2018-11-25 0823 UR7HN         599 16     F6KOP         599 14
QSO: 14062 CW 2018-11-25 0824 UR7HN         599 16     OH5Z          599 15
QSO: 14060 CW 2018-11-25 0824 UR7HN         599 16     DJ5MO         599 14
QSO: 14058 CW 2018-11-25 0826 UR7HN         599 16     DM4X          599 14
QSO: 21031 CW 2018-11-25 0835 UR7HN         599 16     UT5C          599 16
QSO: 21028 CW 2018-11-25 0839 UR7HN         599 16     M0BJL         599 14
QSO: 21028 CW 2018-11-25 0839 UR7HN         599 16     II9P          599 15
QSO: 21013 CW 2018-11-25 0842 UR7HN         599 16     CN3A          599 33
QSO: 14050 CW 2018-11-25 0849 UR7HN         599 16     YU5R          599 15
QSO: 14036 CW 2018-11-25 0849 UR7HN         599 16     MD4K          599 14
QSO: 14022 CW 2018-11-25 0850 UR7HN         599 16     LZ5R          599 20
QSO: 14066 CW 2018-11-25 1114 UR7HN         599 16     FY5FY         599 09
QSO: 14024 CW 2018-11-25 1115 UR7HN         599 16     YP3A          599 20
QSO: 14039 CW 2018-11-25 1116 UR7HN         599 16     VO1HP         599 05
QSO: 14045 CW 2018-11-25 1117 UR7HN         599 16     TA5KV         599 14
QSO: 14081 CW 2018-11-25 1119 UR7HN         599 16     CU8FN         599 14
QSO: 14072 CW 2018-11-25 1122 UR7HN         599 16     VK2GR         599 30
QSO: 14070 CW 2018-11-25 1122 UR7HN         599 16     9M2TO         599 28
QSO: 14006 CW 2018-11-25 1125 UR7HN         599 16     SW9AA         599 20
QSO: 14094 CW 2018-11-25 1130 UR7HN         599 16     K1JB          599 05
QSO: 14096 CW 2018-11-25 1130 UR7HN         599 16     PA1AW         599 14
QSO: 14113 CW 2018-11-25 1131 UR7HN         599 16     Z35M          599 15
QSO: 14085 CW 2018-11-25 1134 UR7HN         599 16     KU2C          599 05
QSO: 14087 CW 2018-11-25 1135 UR7HN         599 16     PJ4Q          599 09
QSO: 14096 CW 2018-11-25 1135 UR7HN         599 16     PC3T          599 14
QSO: 14108 CW 2018-11-25 1137 UR7HN         599 16     OG6N          599 15
QSO: 14100 CW 2018-11-25 1138 UR7HN         599 16     IK4AUY        599 15
QSO: 14095 CW 2018-11-25 1139 UR7HN         599 16     K2LE          599 05
QSO: 14059 CW 2018-11-25 1141 UR7HN         599 16     W1WEF         599 05
QSO: 14061 CW 2018-11-25 1142 UR7HN         599 16     N1MM          599 05
QSO: 14062 CW 2018-11-25 1143 UR7HN         599 16     PI4CC         599 14
QSO: 14057 CW 2018-11-25 1146 UR7HN         599 16     K2AX          599 05
QSO: 14000 CW 2018-11-25 1146 UR7HN         599 16     KC1XX         599 05
QSO: 14002 CW 2018-11-25 1147 UR7HN         599 16     VE2BWL        599 02
QSO: 14003 CW 2018-11-25 1150 UR7HN         599 16     W4AAW         599 05
QSO: 14004 CW 2018-11-25 1151 UR7HN         599 16     N1UR          599 05
QSO: 14008 CW 2018-11-25 1152 UR7HN         599 16     W1UE          599 05
QSO: 14008 CW 2018-11-25 1154 UR7HN         599 16     AA1K          599 05
QSO: 14012 CW 2018-11-25 1156 UR7HN         599 16     W2FU          599 05
QSO: 14012 CW 2018-11-25 1156 UR7HN         599 16     K1RM          599 05
QSO: 14013 CW 2018-11-25 1157 UR7HN         599 16     KQ2M          599 05
QSO: 14036 CW 2018-11-25 1158 UR7HN         599 16     N2SR          599 05
QSO: 14037 CW 2018-11-25 1158 UR7HN         599 16     N3AD          599 05
QSO: 14039 CW 2018-11-25 1159 UR7HN         599 16     K1RU          599 05
QSO: 14052 CW 2018-11-25 1200 UR7HN         599 16     K1ZZ          599 05
QSO: 14056 CW 2018-11-25 1201 UR7HN         599 16     DK6WL         599 14
QSO: 14061 CW 2018-11-25 1202 UR7HN         599 16     PJ4K          599 09
QSO: 14068 CW 2018-11-25 1203 UR7HN         599 16     VE3JM         599 04
QSO: 14076 CW 2018-11-25 1204 UR7HN         599 16     NN3Q          599 05
QSO: 14094 CW 2018-11-25 1205 UR7HN         599 16     K1RO          599 05
QSO: 14003 CW 2018-11-25 1207 UR7HN         599 16     K3LR          599 05
QSO: 14001 CW 2018-11-25 1209 UR7HN         599 16     W4CB          599 05
QSO: 14004 CW 2018-11-25 1210 UR7HN         599 16     AB3CX         599 05
QSO: 14005 CW 2018-11-25 1211 UR7HN         599 16     K2QMF         599 05
QSO: 14012 CW 2018-11-25 1212 UR7HN         599 16     K5ZD          599 05
QSO: 14019 CW 2018-11-25 1213 UR7HN         599 16     K3ZO          599 05
QSO: 14017 CW 2018-11-25 1214 UR7HN         599 16     K1VMT         599 05
QSO: 14010 CW 2018-11-25 1214 UR7HN         599 16     NR4M          599 05
QSO: 14018 CW 2018-11-25 1215 UR7HN         599 16     K1RTA         599 05
QSO: 14019 CW 2018-11-25 1217 UR7HN         599 16     W3UA          599 05
QSO: 14019 CW 2018-11-25 1217 UR7HN         599 16     W8FJ          599 05
QSO: 14025 CW 2018-11-25 1219 UR7HN         599 16     W3LP          599 05
QSO: 14025 CW 2018-11-25 1221 UR7HN         599 16     K1LZ          599 05
QSO: 14022 CW 2018-11-25 1224 UR7HN         599 16     W1KM          599 05
QSO: 14025 CW 2018-11-25 1228 UR7HN         599 16     W3LPL         599 05
QSO: 14033 CW 2018-11-25 1229 UR7HN         599 16     K4RO          599 04
QSO: 14034 CW 2018-11-25 1231 UR7HN         599 16     W8MJ          599 04
QSO: 14053 CW 2018-11-25 1234 UR7HN         599 16     W2XL          599 05
QSO: 14068 CW 2018-11-25 1238 UR7HN         599 16     N4TZ          599 04
QSO: 14069 CW 2018-11-25 1239 UR7HN         599 16     K4RUM         599 05
QSO: 14073 CW 2018-11-25 1241 UR7HN         599 16     W8AV          599 04
QSO: 14088 CW 2018-11-25 1242 UR7HN         599 16     VE9HF         599 05
QSO: 14093 CW 2018-11-25 1243 UR7HN         599 16     N8II          599 05
QSO: 14099 CW 2018-11-25 1244 UR7HN         599 16     K3IE          599 04
QSO: 14107 CW 2018-11-25 1246 UR7HN         599 16     WO1N          599 05
QSO: 14110 CW 2018-11-25 1247 UR7HN         599 16     N3DPB         599 05
QSO: 14123 CW 2018-11-25 1249 UR7HN         599 16     K3OO          599 05
QSO: 14128 CW 2018-11-25 1253 UR7HN         599 16     K5KG          599 05
QSO: 14104 CW 2018-11-25 1256 UR7HN         599 16     W4RTN         599 04
QSO: 14101 CW 2018-11-25 1257 UR7HN         599 16     WA2FZB        599 05
QSO: 14095 CW 2018-11-25 1258 UR7HN         599 16     N1IX          599 05
QSO: 14023 CW 2018-11-25 1302 UR7HN         599 16     K4TCG         599 04
QSO: 14022 CW 2018-11-25 1303 UR7HN         599 16     KU2M          599 05
QSO: 14044 CW 2018-11-25 1312 UR7HN         599 16     KN2M          599 05
QSO: 14047 CW 2018-11-25 1313 UR7HN         599 16     W1EQ          599 05
QSO: 14051 CW 2018-11-25 1313 UR7HN         599 16     W2RU          599 05
QSO: 14052 CW 2018-11-25 1314 UR7HN         599 16     N3ER          599 05
QSO: 14089 CW 2018-11-25 1320 UR7HN         599 16     K8GU          599 05
QSO: 14057 CW 2018-11-25 1322 UR7HN         599 16     NA8V          599 04
QSO: 14080 CW 2018-11-25 1326 UR7HN         599 16     K5EK          599 05
QSO: 14141 CW 2018-11-25 1328 UR7HN         599 16     KE4KY         599 04
QSO: 14143 CW 2018-11-25 1328 UR7HN         599 16     KR2Q          599 05
QSO: 14123 CW 2018-11-25 1329 UR7HN         599 16     K9IG          599 04
QSO: 14117 CW 2018-11-25 1329 UR7HN         599 16     KC3WX         599 05
QSO: 14113 CW 2018-11-25 1330 UR7HN         599 16     K9CT          599 04
QSO: 14084 CW 2018-11-25 1333 UR7HN         599 16     XE2X          599 06
QSO: 14102 CW 2018-11-25 1337 UR7HN         599 16     K2SG          599 05
QSO: 14000 CW 2018-11-25 1344 UR7HN         599 16     K8AZ          599 04
QSO: 14000 CW 2018-11-25 1345 UR7HN         599 16     KD2RD         599 05
QSO: 14106 CW 2018-11-25 1354 UR7HN         599 16     K3UNA         599 05
QSO: 14097 CW 2018-11-25 1355 UR7HN         599 16     K6QON         599 03
QSO: 14069 CW 2018-11-25 1358 UR7HN         599 16     K4TFG         599 04
QSO:  7030 CW 2018-11-25 1422 UR7HN         599 16     JH4UYB        599 25
QSO:  7007 CW 2018-11-25 1443 UR7HN         599 16     OH5Z          599 15
QSO:  7007 CW 2018-11-25 1444 UR7HN         599 16     SK3W          599 14
QSO:  7014 CW 2018-11-25 1444 UR7HN         599 16     Z35Y          599 15
QSO:  7017 CW 2018-11-25 1445 UR7HN         599 16     UP0L          599 17
QSO:  7028 CW 2018-11-25 1446 UR7HN         599 16     MW5R          599 14
QSO:  7033 CW 2018-11-25 1446 UR7HN         599 16     9H6A          599 15
QSO:  7036 CW 2018-11-25 1449 UR7HN         599 16     OH0T          599 15
QSO:  7033 CW 2018-11-25 1450 UR7HN         599 16     OZ1HDF        599 14
QSO:  7036 CW 2018-11-25 1450 UR7HN         599 16     ZA/LZ1MS      599 15
QSO:  7047 CW 2018-11-25 1452 UR7HN         599 16     TM6X          599 14
QSO:  7048 CW 2018-11-25 1453 UR7HN         599 16     OM3IAG        599 15
QSO:  3503 CW 2018-11-25 1455 UR7HN         599 16     US7IT         599 16
QSO:  3506 CW 2018-11-25 1456 UR7HN         599 16     UZ5DM         599 16
QSO:  3511 CW 2018-11-25 1457 UR7HN         599 16     LY2IJ         599 15
QSO:  3512 CW 2018-11-25 1457 UR7HN         599 16     UP2L          599 17
QSO:  3514 CW 2018-11-25 1458 UR7HN         599 16     SM6CPY        599 14
QSO:  3513 CW 2018-11-25 1502 UR7HN         599 16     9A5Y          599 15
QSO:  3507 CW 2018-11-25 1502 UR7HN         599 16     RT3F          599 16
QSO:  3520 CW 2018-11-25 1504 UR7HN         599 16     YL3CW         599 15
QSO:  3519 CW 2018-11-25 1504 UR7HN         599 16     HG8K          599 15
QSO:  3526 CW 2018-11-25 1505 UR7HN         599 16     SN2M          599 15
QSO:  3539 CW 2018-11-25 1506 UR7HN         599 16     OZ5E          599 14
QSO:  3544 CW 2018-11-25 1506 UR7HN         599 16     UA9QM         599 17
QSO:  3570 CW 2018-11-25 1507 UR7HN         599 16     LZ1QZ         599 20
QSO:  3562 CW 2018-11-25 1509 UR7HN         599 16     E77GE         599 15
QSO:  3543 CW 2018-11-25 1510 UR7HN         599 16     OM0M          599 15
QSO:  3551 CW 2018-11-25 1511 UR7HN         599 16     YU7KW         599 15
QSO:  3557 CW 2018-11-25 1512 UR7HN         599 16     OK8WW         599 15
QSO:  3545 CW 2018-11-25 1515 UR7HN         599 16     OH5Z          599 15
QSO:  3540 CW 2018-11-25 1515 UR7HN         599 16     HB9FAP        599 14
QSO:  3544 CW 2018-11-25 1516 UR7HN         599 16     DL7ON         599 14
QSO:  3550 CW 2018-11-25 1517 UR7HN         599 16     Z35W          599 15
QSO:  3537 CW 2018-11-25 1518 UR7HN         599 16     EW2A          599 16
QSO:  3535 CW 2018-11-25 1519 UR7HN         599 16     S53X          599 15
QSO:  3522 CW 2018-11-25 1520 UR7HN         599 16     YO5PBW        599 20
QSO:  3560 CW 2018-11-25 1522 UR7HN         599 16     UT7NY         599 16
QSO:  3502 CW 2018-11-25 1523 UR7HN         599 16     M6T           599 14
QSO:  7046 CW 2018-11-25 1526 UR7HN         599 16     YM7KA         599 20
QSO:  7004 CW 2018-11-25 1526 UR7HN         599 16     4X6FR         599 20
QSO:  7023 CW 2018-11-25 1529 UR7HN         599 16     SV2DSJ        599 20
QSO:  7071 CW 2018-11-25 1529 UR7HN         599 16     UK9AA         599 17
QSO:  7025 CW 2018-11-25 1531 UR7HN         599 16     OE2S          599 15
QSO:  7025 CW 2018-11-25 1532 UR7HN         599 16     BA7NQ         599 24
QSO:  7051 CW 2018-11-25 1536 UR7HN         599 16     GM4O          599 14
QSO:  7042 CW 2018-11-25 1537 UR7HN         599 16     A71EM         599 21
QSO:  7003 CW 2018-11-25 1540 UR7HN         599 16     LN8W          599 14
QSO:  7015 CW 2018-11-25 1545 UR7HN         599 16     RT2F          599 15
QSO:  7043 CW 2018-11-25 1550 UR7HN         599 16     YP5A          599 20
QSO:  7001 CW 2018-11-25 1553 UR7HN         599 16     YU1UO         599 15
QSO:  7003 CW 2018-11-25 1554 UR7HN         599 16     YT5A          599 15
QSO:  7006 CW 2018-11-25 1555 UR7HN         599 16     IZ2MGN        599 15
QSO:  7007 CW 2018-11-25 1556 UR7HN         599 16     LZ7A          599 20
QSO:  7007 CW 2018-11-25 1556 UR7HN         599 16     9A7T          599 15
QSO:  7007 CW 2018-11-25 1557 UR7HN         599 16     LY4T          599 15
QSO:  7004 CW 2018-11-25 1600 UR7HN         599 16     LY2RJ         599 15
QSO:  7008 CW 2018-11-25 1601 UR7HN         599 16     OM4Q          599 15
QSO:  7013 CW 2018-11-25 1605 UR7HN         599 16     LZ1ND         599 20
QSO:  7009 CW 2018-11-25 1606 UR7HN         599 16     S58J          599 15
QSO:  7010 CW 2018-11-25 1607 UR7HN         599 16     OM5DX         599 15
QSO:  7013 CW 2018-11-25 1608 UR7HN         599 16     LZ1QV         599 20
QSO:  7013 CW 2018-11-25 1610 UR7HN         599 16     S52AW         599 15
QSO:  7020 CW 2018-11-25 1611 UR7HN         599 16     DL2DX         599 14
QSO:  7019 CW 2018-11-25 1611 UR7HN         599 16     9A9R          599 15
QSO:  7019 CW 2018-11-25 1612 UR7HN         599 16     HA0HW         599 15
QSO:  7027 CW 2018-11-25 1614 UR7HN         599 16     YT7A          599 15
QSO:  7039 CW 2018-11-25 1620 UR7HN         599 16     HA7A          599 15
QSO:  7047 CW 2018-11-25 1621 UR7HN         599 16     DL1RG         599 14
QSO:  7048 CW 2018-11-25 1622 UR7HN         599 16     S58M          599 15
QSO:  7043 CW 2018-11-25 1623 UR7HN         599 16     EW2A          599 16
QSO:  7051 CW 2018-11-25 1624 UR7HN         599 16     OH1C          599 15
QSO:  7054 CW 2018-11-25 1624 UR7HN         599 16     HG7T          599 15
QSO:  7054 CW 2018-11-25 1625 UR7HN         599 16     LZ1MC         599 20
QSO:  7057 CW 2018-11-25 1626 UR7HN         599 16     OG6N          599 15
QSO:  3523 CW 2018-11-25 1649 UR7HN         599 16     ES9C          599 15
QSO:  3510 CW 2018-11-25 1651 UR7HN         599 16     LZ1AQ         599 20
QSO:  3501 CW 2018-11-25 1655 UR7HN         599 16     RW0A          599 18
QSO:  3505 CW 2018-11-25 1656 UR7HN         599 16     LN8W          599 14
QSO:  3522 CW 2018-11-25 1658 UR7HN         599 16     IK6QON        599 15
QSO:  7013 CW 2018-11-25 1841 UR7HN         599 16     JE6RPM        599 25
QSO:  7037 CW 2018-11-25 1844 UR7HN         599 16     UR7HCX        599 16
QSO:  7004 CW 2018-11-25 1845 UR7HN         599 16     CN2CO         599 33
QSO:  7032 CW 2018-11-25 1848 UR7HN         599 16     JA3YBK        599 25
QSO:  7042 CW 2018-11-25 1849 UR7HN         599 16     4Z5LY         599 20
QSO:  7069 CW 2018-11-25 1850 UR7HN         599 16     RK9AY         599 17
QSO:  7066 CW 2018-11-25 1851 UR7HN         599 16     JA7ZFN        599 25
QSO:  7061 CW 2018-11-25 1857 UR7HN         599 16     7Z1SJ         599 21
QSO:  7041 CW 2018-11-25 1901 UR7HN         599 16     RT0C          599 19
QSO:  7066 CW 2018-11-25 1904 UR7HN         599 16     R8WF          599 16
QSO:  7060 CW 2018-11-25 1905 UR7HN         599 16     UP4L          599 17
QSO:  7046 CW 2018-11-25 1906 UR7HN         599 16     R9LM          599 17
QSO:  7047 CW 2018-11-25 1907 UR7HN         599 16     JH8YOH        599 25
QSO:  7045 CW 2018-11-25 1909 UR7HN         599 16     A61EK         599 21
QSO:  7056 CW 2018-11-25 1911 UR7HN         599 16     B4T           599 24
QSO:  7044 CW 2018-11-25 1912 UR7HN         599 16     RX9AF         599 17
QSO:  7012 CW 2018-11-25 1919 UR7HN         599 16     NR4M          599 05
QSO:  7013 CW 2018-11-25 1924 UR7HN         599 16     KA2KON        599 05
QSO:  7005 CW 2018-11-25 1928 UR7HN         599 16     K1KI          599 05
QSO:  7047 CW 2018-11-25 1937 UR7HN         599 16     W1KM          599 05
QSO:  7069 CW 2018-11-25 1939 UR7HN         599 16     K1LZ          599 05
QSO:  7077 CW 2018-11-25 1941 UR7HN         599 16     K8AZ          599 04
QSO:  7051 CW 2018-11-25 1944 UR7HN         599 16     VE3JM         599 04
QSO:  7030 CW 2018-11-25 1958 UR7HN         599 16     W9SN          599 05
QSO:  7016 CW 2018-11-25 2005 UR7HN         599 16     K3LR          599 05
QSO:  7017 CW 2018-11-25 2006 UR7HN         599 16     N2MF          599 05
QSO:  7018 CW 2018-11-25 2008 UR7HN         599 16     K3WW          599 05
QSO:  7019 CW 2018-11-25 2009 UR7HN         599 16     K1RX          599 05
QSO:  7002 CW 2018-11-25 2019 UR7HN         599 16     KV2K          599 05
QSO:  7005 CW 2018-11-25 2022 UR7HN         599 16     N3EB          599 05
QSO:  7009 CW 2018-11-25 2024 UR7HN         599 16     K2QMF         599 05
QSO:  7011 CW 2018-11-25 2025 UR7HN         599 16     W3UA          599 05
QSO:  7017 CW 2018-11-25 2027 UR7HN         599 16     KC1XX         599 05
QSO:  7019 CW 2018-11-25 2028 UR7HN         599 16     AB3CX         599 05
QSO:  7023 CW 2018-11-25 2030 UR7HN         599 16     VE1ZA         599 05
QSO:  7023 CW 2018-11-25 2031 UR7HN         599 16     KE1J          599 05
QSO:  7024 CW 2018-11-25 2033 UR7HN         599 16     N2SR          599 05
QSO:  7025 CW 2018-11-25 2038 UR7HN         599 16     N3RS          599 05
QSO:  7027 CW 2018-11-25 2041 UR7HN         599 16     K3UL          599 05
QSO:  7044 CW 2018-11-25 2043 UR7HN         599 16     W2EG          599 05
QSO:  7050 CW 2018-11-25 2044 UR7HN         599 16     W3LPL         599 05
QSO:  7058 CW 2018-11-25 2050 UR7HN         599 16     K1DG          599 05
QSO:  7060 CW 2018-11-25 2051 UR7HN         599 16     W4FS          599 05
QSO:  7065 CW 2018-11-25 2053 UR7HN         599 16     KI1G          599 05
QSO:  7071 CW 2018-11-25 2056 UR7HN         599 16     K3SW          599 05
QSO:  7072 CW 2018-11-25 2057 UR7HN         599 16     N2IC          599 05
QSO:  7085 CW 2018-11-25 2100 UR7HN         599 16     N1UR          599 05
QSO:  7086 CW 2018-11-25 2100 UR7HN         599 16     KF3B          599 05
QSO:  7090 CW 2018-11-25 2102 UR7HN         599 16     K1TTT         599 05
QSO:  7093 CW 2018-11-25 2106 UR7HN         599 16     NA8V          599 04
QSO:  7095 CW 2018-11-25 2107 UR7HN         599 16     NR3X          599 05
QSO:  7098 CW 2018-11-25 2109 UR7HN         599 16     N3QE          599 05
QSO:  7099 CW 2018-11-25 2111 UR7HN         599 16     W1WEF         599 05
END-OF-LOG:
