START-OF-LOG: 3.0
CONTEST: CQ-WPX-SSB
CALLSIGN: WA2OMT
LOCATION: VA
CATEGORY-OPERATOR: SINGLE-OP
CATEGORY-ASSISTED: NON-ASSISTED
CATEGORY-BAND: ALL
CATEGORY-POWER: LOW
CATEGORY-MODE: SSB
CATEGORY-TRANSMITTER: ONE
CATEGORY-STATION: FIXED
CATEGORY-OVERLAY:
GRID-LOCATOR: FM07jk
CLAIMED-SCORE:
NAME: Randy N Davis
OPERATORS: WA2OMT @WA2OMT
CREATED-BY: WA7BNM Web2Cabrillo 2.07
QSO:   21000 PH 2023-03-25 1604 WA2OMT           59  001   FY5KE            59   1325     
QSO:   21000 PH 2023-03-25 1623 WA2OMT           59  002   PJ2T             59   969      
QSO:   21000 PH 2023-03-25 1631 WA2OMT           59  003   9A5Y             59   632      
QSO:   21000 PH 2023-03-25 1633 WA2OMT           59  004   9A7A             59   1374     
QSO:   21000 PH 2023-03-25 1635 WA2OMT           59  005   N7RQ             59   540      
QSO:   21000 PH 2023-03-25 1638 WA2OMT           59  006   KN7Y             59   343      
QSO:   21000 PH 2023-03-25 1641 WA2OMT           59  007   KP5PUA           59   804      
QSO:   21000 PH 2023-03-25 1647 WA2OMT           59  008   IB9D             59   932      
QSO:   21000 PH 2023-03-25 1653 WA2OMT           59  009   AD6WL            59   586      
QSO:   21000 PH 2023-03-25 1655 WA2OMT           59  010   K0SN             59   597      
QSO:   21000 PH 2023-03-25 1658 WA2OMT           59  011   WP4X             59   972      
QSO:   21000 PH 2023-03-25 1700 WA2OMT           59  012   CT3KN            59   1255     
QSO:   21000 PH 2023-03-25 1704 WA2OMT           59  013   NB6U             59   529      
QSO:   21000 PH 2023-03-25 1708 WA2OMT           59  014   NF7E             59   346      
QSO:   21000 PH 2023-03-25 1712 WA2OMT           59  015   N0GN             59   247      
QSO:   21000 PH 2023-03-25 1755 WA2OMT           59  016   II2S             59   721      
QSO:   21000 PH 2023-03-25 1806 WA2OMT           59  017   S50K             59   890      
QSO:   21000 PH 2023-03-25 1813 WA2OMT           59  018   EC1A             59   328      
QSO:   21000 PH 2023-03-25 1814 WA2OMT           59  019   HG3R             59   851      
QSO:   21000 PH 2023-03-25 1820 WA2OMT           59  020   IQ4FA            59   466      
QSO:   21000 PH 2023-03-25 1826 WA2OMT           59  021   N7DX             59   408      
QSO:   21000 PH 2023-03-25 1835 WA2OMT           59  022   IY3A             59   1109     
QSO:   21000 PH 2023-03-25 1840 WA2OMT           59  023   IR6T             59   1785     
QSO:   21000 PH 2023-03-25 1842 WA2OMT           59  024   S53MM            59   896      
QSO:   21000 PH 2023-03-25 1843 WA2OMT           59  025   VE4VT            59   653      
QSO:   21000 PH 2023-03-25 1849 WA2OMT           59  026   DF7A             59   1407     
QSO:   21000 PH 2023-03-25 1854 WA2OMT           59  027   TM6M             59   881      
QSO:   14000 PH 2023-03-25 1900 WA2OMT           59  028   AI4MD            59   362      
QSO:   14000 PH 2023-03-25 1903 WA2OMT           59  029   WK1O             59   848      
QSO:   14000 PH 2023-03-25 1913 WA2OMT           59  030   WW4LL            59   788      
QSO:    7000 PH 2023-03-25 2246 WA2OMT           59  031   W8BI             59   285      
QSO:    7000 PH 2023-03-25 2255 WA2OMT           59  032   K1LZ             59   851      
QSO:   14000 PH 2023-03-25 2306 WA2OMT           59  033   VA1MM            59   340      
QSO:   14000 PH 2023-03-25 2308 WA2OMT           59  034   V26EI            59   964      
QSO:   14000 PH 2023-03-25 2311 WA2OMT           59  035   NP4VM            59   594      
QSO:   14000 PH 2023-03-25 2316 WA2OMT           59  036   EI23M            59   1404     
QSO:   14000 PH 2023-03-25 2322 WA2OMT           59  037   VE2GSO           59   349      
QSO:   21000 PH 2023-03-26 1556 WA2OMT           59  038   9A50P            59   1098     
QSO:   21000 PH 2023-03-26 1610 WA2OMT           59  039   SP8R             59   4057     
QSO:   21000 PH 2023-03-26 1615 WA2OMT           59  040   YL2KO            59   696      
QSO:   21000 PH 2023-03-26 1622 WA2OMT           59  041   YT5A             59   1492     
QSO:   21000 PH 2023-03-26 1629 WA2OMT           59  042   M0HMJ            59   445      
QSO:   21000 PH 2023-03-26 1632 WA2OMT           59  043   ND7K             59   1998     
QSO:   21000 PH 2023-03-26 1635 WA2OMT           59  044   AD5XD            59   2227     
QSO:   21000 PH 2023-03-26 1640 WA2OMT           59  045   WD0T             59   1364     
QSO:   21000 PH 2023-03-26 1647 WA2OMT           59  046   IV3UHL           59   420      
QSO:   21000 PH 2023-03-26 1651 WA2OMT           59  047   OT5A             59   952      
QSO:   21000 PH 2023-03-26 1655 WA2OMT           59  048   K0AP             59   520      
QSO:   21000 PH 2023-03-26 1722 WA2OMT           59  049   DM6V             59   1539     
QSO:   21000 PH 2023-03-26 1724 WA2OMT           59  050   SO9I             59   2101     
QSO:   21000 PH 2023-03-26 1731 WA2OMT           59  051   KV0I             59   768      
QSO:   21000 PH 2023-03-26 1736 WA2OMT           59  052   OG8M             59   1753     
QSO:   21000 PH 2023-03-26 1753 WA2OMT           59  053   S58Y             59   2511     
QSO:   21000 PH 2023-03-26 1756 WA2OMT           59  054   EA3CI            59   1463     
QSO:   21000 PH 2023-03-26 1800 WA2OMT           59  055   OK8NM            59   1253     
QSO:   21000 PH 2023-03-26 1803 WA2OMT           59  056   M6T              59   1588     
END-OF-LOG:
