START-OF-LOG: 3.0
CONTEST: ARRL-DX-CW
CALLSIGN: EA5D
LOCATION: DX
CATEGORY-OPERATOR: SINGLE-OP
CATEGORY-ASSISTED: NON-ASSISTED
CATEGORY-POWER: LOW
CATEGORY-BAND: ALL
CATEGORY-MODE: CW
CATEGORY-TRANSMITTER: ONE
CATEGORY-STATION: FIXED
OPERATORS: EA5D
CREATED-BY: N1MM LOGGER+ 1.0.10619.0
HQ-CATEGORY: Single Operator, Low Power
HQ-GRID-LOCATOR: JN00BB
QSO: 3500 CW 2025-02-15 0526 EA5D 599 100 N2AA 599 NJ
QSO: 3500 CW 2025-02-15 0530 EA5D 599 100 W4NF 599 VA
QSO: 3500 CW 2025-02-15 0539 EA5D 599 100 K8AZ 599 OH
QSO: 7062 CW 2025-02-15 0544 EA5D 599 100 K4ZW 599 VA
QSO: 7059 CW 2025-02-15 0545 EA5D 599 100 AD5A 599 TX
QSO: 7060 CW 2025-02-15 0546 EA5D 599 100 N2AA 599 NJ
QSO: 7056 CW 2025-02-15 0547 EA5D 599 100 W9VW 599 IN
QSO: 21043 CW 2025-02-15 1142 EA5D 599 100 K4ZW 599 VA
QSO: 21001 CW 2025-02-15 1144 EA5D 599 100 N4RV 599 VA
QSO: 21005 CW 2025-02-15 1144 EA5D 599 100 K3WW 599 NJ
QSO: 21005 CW 2025-02-15 1145 EA5D 599 100 W3LPL 599 MD
QSO: 21005 CW 2025-02-15 1146 EA5D 599 100 K1LZ 599 ME
QSO: 28125 CW 2025-02-15 1504 EA5D 599 100 K3ZM 599 VA
QSO: 28103 CW 2025-02-15 1506 EA5D 599 100 N4OX 599 FL
QSO: 28100 CW 2025-02-15 1507 EA5D 599 100 WY3A 599 PA
QSO: 28096 CW 2025-02-15 1508 EA5D 599 100 K1LT 599 OH
QSO: 28096 CW 2025-02-15 1509 EA5D 599 100 W0UO 599 TX
QSO: 28094 CW 2025-02-15 1510 EA5D 599 100 K0EJ 599 TN
QSO: 28087 CW 2025-02-15 1511 EA5D 599 100 AA4NC 599 NC
QSO: 28085 CW 2025-02-15 1512 EA5D 599 100 WA1S 599 FL
QSO: 28084 CW 2025-02-15 1512 EA5D 599 100 KU2C 599 PA
QSO: 28083 CW 2025-02-15 1513 EA5D 599 100 WF4DX 599 FL
QSO: 28078 CW 2025-02-15 1515 EA5D 599 100 K1RX 599 NH
QSO: 28069 CW 2025-02-15 1517 EA5D 599 100 K4AB 599 AL
QSO: 28068 CW 2025-02-15 1517 EA5D 599 100 K9BGL 599 IL
QSO: 28057 CW 2025-02-15 1519 EA5D 599 100 K8MFO 599 OH
QSO: 28056 CW 2025-02-15 1521 EA5D 599 100 W9RE 599 IN
QSO: 28054 CW 2025-02-15 1522 EA5D 599 100 WA3A 599 PA
QSO: 28054 CW 2025-02-15 1523 EA5D 599 100 K3LR 599 PA
QSO: 28045 CW 2025-02-15 1524 EA5D 599 100 NM4AA 599 FL
QSO: 28043 CW 2025-02-15 1526 EA5D 599 100 W2XL 599 NY
QSO: 28044 CW 2025-02-15 1526 EA5D 599 100 K2PS 599 FL
QSO: 28042 CW 2025-02-15 1528 EA5D 599 100 K1TO 599 FL
QSO: 28042 CW 2025-02-15 1528 EA5D 599 100 K9CT 599 IL
QSO: 28041 CW 2025-02-15 1529 EA5D 599 100 N5AW 599 TX
QSO: 28041 CW 2025-02-15 1529 EA5D 599 100 K5TR 599 TX
QSO: 28033 CW 2025-02-15 1532 EA5D 599 100 K1XM 599 MA
QSO: 28031 CW 2025-02-15 1533 EA5D 599 100 K9RS 599 DE
QSO: 28028 CW 2025-02-15 1534 EA5D 599 100 K4ZW 599 VA
QSO: 28026 CW 2025-02-15 1536 EA5D 599 100 K0RF 599 CO
QSO: 28024 CW 2025-02-15 1538 EA5D 599 100 N2NT 599 NJ
QSO: 28022 CW 2025-02-15 1539 EA5D 599 100 N4CW 599 NC
QSO: 28020 CW 2025-02-15 1540 EA5D 599 100 K2AX 599 NJ
QSO: 28018 CW 2025-02-15 1541 EA5D 599 100 N3RS 599 PA
QSO: 28014 CW 2025-02-15 1543 EA5D 599 100 K5GN 599 TX
QSO: 28005 CW 2025-02-15 1548 EA5D 599 100 AA1K 599 DE
QSO: 28004 CW 2025-02-15 1549 EA5D 599 100 VE3JM 599 ON
QSO: 28121 CW 2025-02-15 1550 EA5D 599 100 K3AJ 599 MD
QSO: 28118 CW 2025-02-15 1552 EA5D 599 100 K0AP 599 KS
QSO: 28114 CW 2025-02-15 1552 EA5D 599 100 K3PH 599 PA
QSO: 28112 CW 2025-02-15 1554 EA5D 599 100 N4HB 599 VA
QSO: 28105 CW 2025-02-15 1556 EA5D 599 100 VY2TT 599 PE
QSO: 21099 CW 2025-02-15 1559 EA5D 599 100 W1QK 599 CT
QSO: 21096 CW 2025-02-15 1600 EA5D 599 100 NA0N 599 MN
QSO: 21092 CW 2025-02-15 1601 EA5D 599 100 K9MA 599 WI
QSO: 7051 CW 2025-02-16 0633 EA5D 599 100 WQ5L 599 MS
QSO: 7045 CW 2025-02-16 0634 EA5D 599 100 K9CT 599 IL
QSO: 7018 CW 2025-02-16 0637 EA5D 599 100 K8AZ 599 OH
QSO: 7015 CW 2025-02-16 0638 EA5D 599 100 K1TTT 599 MA
QSO: 7011 CW 2025-02-16 0639 EA5D 599 100 K1KI 599 CT
QSO: 7006 CW 2025-02-16 0640 EA5D 599 100 NR4M 599 VA
QSO: 7004 CW 2025-02-16 0643 EA5D 599 100 KB3WD 599 MD
QSO: 7003 CW 2025-02-16 0644 EA5D 599 100 K1LZ 599 ME
QSO: 7002 CW 2025-02-16 0644 EA5D 599 100 W3LPL 599 MD
QSO: 7001 CW 2025-02-16 0645 EA5D 599 100 N4RV 599 VA
QSO: 7000 CW 2025-02-16 0646 EA5D 599 100 N1UR 599 VT
QSO: 7002 CW 2025-02-16 0647 EA5D 599 100 K3LR 599 PA
QSO: 7003 CW 2025-02-16 0649 EA5D 599 100 NN7CW 599 FL
QSO: 7006 CW 2025-02-16 0650 EA5D 599 100 N2NT 599 NJ
QSO: 7007 CW 2025-02-16 0651 EA5D 599 100 KA1IS 599 ME
QSO: 7009 CW 2025-02-16 0652 EA5D 599 100 N3AD 599 PA
QSO: 7012 CW 2025-02-16 0653 EA5D 599 100 N2MF 599 NY
QSO: 7014 CW 2025-02-16 0656 EA5D 599 100 VA2WA 599 QC
QSO: 7016 CW 2025-02-16 0657 EA5D 599 100 KI1G 599 RI
QSO: 7019 CW 2025-02-16 0659 EA5D 599 100 K3WW 599 NJ
QSO: 7024 CW 2025-02-16 0700 EA5D 599 100 K0EJ 599 TN
QSO: 7032 CW 2025-02-16 0702 EA5D 599 100 N0AX 599 MO
QSO: 7066 CW 2025-02-16 0706 EA5D 599 100 VO2AC 599 LB
QSO: 14060 CW 2025-02-16 1143 EA5D 599 100 K1TTT 599 MA
QSO: 14063 CW 2025-02-16 1144 EA5D 599 100 K2AX 599 NJ
QSO: 14047 CW 2025-02-16 1146 EA5D 599 100 KU2C 599 PA
QSO: 14045 CW 2025-02-16 1147 EA5D 599 100 W1GD 599 MA
QSO: 14038 CW 2025-02-16 1149 EA5D 599 100 K1KI 599 CT
QSO: 14037 CW 2025-02-16 1149 EA5D 599 100 K1ZZ 599 CT
QSO: 14029 CW 2025-02-16 1150 EA5D 599 100 VE3JM 599 ON
QSO: 14027 CW 2025-02-16 1151 EA5D 599 100 K1LZ 599 ME
QSO: 14026 CW 2025-02-16 1153 EA5D 599 100 N2RC 599 NY
QSO: 14024 CW 2025-02-16 1154 EA5D 599 100 K8LX 599 MI
QSO: 14023 CW 2025-02-16 1155 EA5D 599 100 W3LPL 599 MD
QSO: 14022 CW 2025-02-16 1158 EA5D 599 100 K3CY 599 PA
QSO: 14019 CW 2025-02-16 1159 EA5D 599 100 W4NF 599 VA
QSO: 14016 CW 2025-02-16 1200 EA5D 599 100 N3RD 599 PA
QSO: 14014 CW 2025-02-16 1202 EA5D 599 100 VA2WA 599 QC
QSO: 14013 CW 2025-02-16 1203 EA5D 599 100 KB4DX 599 SC
QSO: 14006 CW 2025-02-16 1205 EA5D 599 100 VE3NNT 599 ON
QSO: 14001 CW 2025-02-16 1206 EA5D 599 100 NR4M 599 VA
QSO: 28022 CW 2025-02-16 1208 EA5D 599 100 K1TTT 599 MA
QSO: 28001 CW 2025-02-16 1209 EA5D 599 100 K1LZ 599 ME
QSO: 28002 CW 2025-02-16 1210 EA5D 599 100 W8FJ 599 PA
QSO: 28014 CW 2025-02-16 1211 EA5D 599 100 NR4M 599 VA
QSO: 28037 CW 2025-02-16 1212 EA5D 599 100 K2SG 599 FL
QSO: 28038 CW 2025-02-16 1213 EA5D 599 100 K2UA 599 NY
QSO: 21085 CW 2025-02-16 1215 EA5D 599 100 WW3S 599 PA
QSO: 21069 CW 2025-02-16 1216 EA5D 599 100 K8AZ 599 OH
QSO: 21064 CW 2025-02-16 1217 EA5D 599 100 K2AX 599 NJ
QSO: 21061 CW 2025-02-16 1218 EA5D 599 100 K3ZA 599 PA
QSO: 21055 CW 2025-02-16 1220 EA5D 599 100 K1TTT 599 MA
QSO: 21052 CW 2025-02-16 1221 EA5D 599 100 N2AA 599 NJ
QSO: 28156 CW 2025-02-16 1450 EA5D 599 100 K4NYM 599 FL
QSO: 28133 CW 2025-02-16 1452 EA5D 599 100 WB4TDH 599 FL
QSO: 28110 CW 2025-02-16 1456 EA5D 599 100 KB1EFS/2 599 NY
QSO: 28110 CW 2025-02-16 1456 EA5D 599 100 K2NV 599 NY
QSO: 28106 CW 2025-02-16 1500 EA5D 599 100 K3WU 599 PA
QSO: 28103 CW 2025-02-16 1506 EA5D 599 100 N7AT 599 AZ
QSO: 21109 CW 2025-02-16 1509 EA5D 599 100 K9OM 599 FL
QSO: 21100 CW 2025-02-16 1510 EA5D 599 100 KK1W 599 MA
QSO: 21082 CW 2025-02-16 1512 EA5D 599 100 K2CJ 599 NJ
QSO: 21080 CW 2025-02-16 1513 EA5D 599 100 K1JB 599 ME
QSO: 21072 CW 2025-02-16 1514 EA5D 599 100 AD5A 599 TX
QSO: 21071 CW 2025-02-16 1516 EA5D 599 100 WN7S 599 VA
QSO: 21069 CW 2025-02-16 1516 EA5D 599 100 AA4NC 599 NC
QSO: 21050 CW 2025-02-16 1522 EA5D 599 100 NG3J 599 PA
QSO: 21048 CW 2025-02-16 1523 EA5D 599 100 NO5W 599 LA
QSO: 21047 CW 2025-02-16 1524 EA5D 599 100 WK2G 599 PA
QSO: 21045 CW 2025-02-16 1525 EA5D 599 100 N3AM 599 MD
QSO: 21043 CW 2025-02-16 1526 EA5D 599 100 NM4AA 599 FL
QSO: 21042 CW 2025-02-16 1527 EA5D 599 100 K8LX 599 MI
QSO: 21039 CW 2025-02-16 1527 EA5D 599 100 KU2M 599 NJ
QSO: 21037 CW 2025-02-16 1528 EA5D 599 100 KB4DX 599 SC
QSO: 21037 CW 2025-02-16 1529 EA5D 599 100 AI6O 599 MO
QSO: 21036 CW 2025-02-16 1530 EA5D 599 100 K9CT 599 IL
QSO: 21024 CW 2025-02-16 1532 EA5D 599 100 W2XL 599 NY
QSO: 21022 CW 2025-02-16 1533 EA5D 599 100 KD1MC 599 ME
QSO: 21013 CW 2025-02-16 1534 EA5D 599 100 K0RF 599 CO
QSO: 21007 CW 2025-02-16 1536 EA5D 599 100 KY7M 599 AZ
QSO: 21111 CW 2025-02-16 1538 EA5D 599 100 W1RCR 599 FL
QSO: 21111 CW 2025-02-16 1539 EA5D 599 100 KA8JBK 599 MI
QSO: 21107 CW 2025-02-16 1540 EA5D 599 100 WA1S 599 FL
QSO: 21093 CW 2025-02-16 1541 EA5D 599 100 K4RUM 599 NY
QSO: 21082 CW 2025-02-16 1542 EA5D 599 100 K3AJ 599 MD
QSO: 21072 CW 2025-02-16 1543 EA5D 599 100 VY2TT 599 PE
QSO: 21065 CW 2025-02-16 1545 EA5D 599 100 K3TW 599 FL
QSO: 21060 CW 2025-02-16 1545 EA5D 599 100 N3RD 599 PA
QSO: 28162 CW 2025-02-16 1552 EA5D 599 100 W1RCR 599 FL
QSO: 28147 CW 2025-02-16 1554 EA5D 599 100 KB9S 599 WI
QSO: 28145 CW 2025-02-16 1555 EA5D 599 100 K0EU 599 CO
QSO: 28135 CW 2025-02-16 1556 EA5D 599 100 K8AZ 599 OH
QSO: 28133 CW 2025-02-16 1557 EA5D 599 100 AG2J 599 NJ
QSO: 28131 CW 2025-02-16 1558 EA5D 599 100 K0ZX 599 CO
QSO: 28130 CW 2025-02-16 1559 EA5D 599 100 N5ZO 599 CA
QSO: 28130 CW 2025-02-16 1559 EA5D 599 100 NA0N 599 MN
QSO: 28129 CW 2025-02-16 1600 EA5D 599 100 N7DR 599 CO
QSO: 28128 CW 2025-02-16 1601 EA5D 599 100 N0AV 599 IA
QSO: 28127 CW 2025-02-16 1603 EA5D 599 100 K8GU 599 OH
QSO: 28123 CW 2025-02-16 1605 EA5D 599 100 WA8RCN 599 OH
QSO: 28120 CW 2025-02-16 1605 EA5D 599 100 AG3I 599 PA
QSO: 28120 CW 2025-02-16 1606 EA5D 599 100 NU8A 599 MI
QSO: 28107 CW 2025-02-16 1609 EA5D 599 100 VE3EJ 599 ON
QSO: 28105 CW 2025-02-16 1610 EA5D 599 100 K2TQC 599 NY
QSO: 28101 CW 2025-02-16 1617 EA5D 599 100 N4QS 599 KY
QSO: 28099 CW 2025-02-16 1619 EA5D 599 100 W2CG 599 NJ
QSO: 28097 CW 2025-02-16 1620 EA5D 599 100 WW4XX 599 GA
QSO: 28096 CW 2025-02-16 1621 EA5D 599 100 VE3EY 599 ON
QSO: 28095 CW 2025-02-16 1623 EA5D 599 100 W8MJ 599 MI
QSO: 28094 CW 2025-02-16 1624 EA5D 599 100 AB2E 599 NJ
QSO: 28091 CW 2025-02-16 1626 EA5D 599 100 K9MA 599 WI
QSO: 28091 CW 2025-02-16 1626 EA5D 599 100 K4FT 599 SC
QSO: 28090 CW 2025-02-16 1627 EA5D 599 100 NA8V 599 MI
QSO: 28087 CW 2025-02-16 1629 EA5D 599 100 W9VW 599 IN
QSO: 28079 CW 2025-02-16 1632 EA5D 599 100 W9XY 599 WI
QSO: 28071 CW 2025-02-16 1632 EA5D 599 100 K1ZZ 599 CT
QSO: 28070 CW 2025-02-16 1635 EA5D 599 100 K6AR 599 CA
QSO: 28068 CW 2025-02-16 1635 EA5D 599 100 N3AM 599 MD
QSO: 28067 CW 2025-02-16 1636 EA5D 599 100 N4UU 599 FL
QSO: 28066 CW 2025-02-16 1636 EA5D 599 100 N5TJ 599 TX
QSO: 28065 CW 2025-02-16 1637 EA5D 599 100 VE3IC 599 ON
QSO: 28062 CW 2025-02-16 1638 EA5D 599 100 K8GL 599 MI
QSO: 28058 CW 2025-02-16 1639 EA5D 599 100 K8LX 599 MI
QSO: 28052 CW 2025-02-16 1641 EA5D 599 100 KB4DX 599 SC
QSO: 28052 CW 2025-02-16 1646 EA5D 599 100 K4OV 599 NC
QSO: 28032 CW 2025-02-16 1649 EA5D 599 100 N4WW 599 FL
QSO: 28019 CW 2025-02-16 1651 EA5D 599 100 N2MF 599 NY
QSO: 28016 CW 2025-02-16 1651 EA5D 599 100 WG3J 599 MD
QSO: 28016 CW 2025-02-16 1652 EA5D 599 100 N1LN 599 NC
QSO: 28014 CW 2025-02-16 1653 EA5D 599 100 W3LPL 599 MD
QSO: 28010 CW 2025-02-16 1654 EA5D 599 100 VA2WA 599 QC
QSO: 28002 CW 2025-02-16 1701 EA5D 599 100 N2AA 599 NJ
QSO: 28151 CW 2025-02-16 1703 EA5D 599 100 KA8JBK 599 MI
QSO: 28141 CW 2025-02-16 1704 EA5D 599 100 NJ3K 599 PA
QSO: 28137 CW 2025-02-16 1705 EA5D 599 100 W9XT 599 WI
QSO: 28136 CW 2025-02-16 1705 EA5D 599 100 N3XF 599 PA
QSO: 28115 CW 2025-02-16 1707 EA5D 599 100 K9OM 599 FL
QSO: 28105 CW 2025-02-16 1708 EA5D 599 100 W2UP 599 CO
QSO: 28099 CW 2025-02-16 1710 EA5D 599 100 NO5Z 599 NM
QSO: 28098 CW 2025-02-16 1711 EA5D 599 100 K0ZR 599 VA
QSO: 28091 CW 2025-02-16 1712 EA5D 599 100 N9CIQ 599 WI
QSO: 28062 CW 2025-02-16 1715 EA5D 599 100 AD5A 599 TX
QSO: 28056 CW 2025-02-16 1716 EA5D 599 100 K2LE 599 VT
QSO: 28040 CW 2025-02-16 1719 EA5D 599 100 N9RV 599 MT
QSO: 28030 CW 2025-02-16 1720 EA5D 599 100 N4RV 599 VA
QSO: 21043 CW 2025-02-16 1811 EA5D 599 100 K1JD 599 NM
QSO: 21124 CW 2025-02-16 1812 EA5D 599 100 NA8V 599 MI
QSO: 21121 CW 2025-02-16 1814 EA5D 599 100 K1AJ 599 SC
QSO: 21123 CW 2025-02-16 1815 EA5D 599 100 K4AB 599 AL
QSO: 21117 CW 2025-02-16 1816 EA5D 599 100 KB1EFS/2 599 NY
QSO: 21107 CW 2025-02-16 1818 EA5D 599 100 KI6DY 599 OH
QSO: 21105 CW 2025-02-16 1818 EA5D 599 100 WO1N 599 MA
QSO: 21102 CW 2025-02-16 1819 EA5D 599 100 AB2E 599 NJ
QSO: 21100 CW 2025-02-16 1820 EA5D 599 100 VE2FK 599 QC
QSO: 21097 CW 2025-02-16 1821 EA5D 599 100 KU2C 599 PA
QSO: 21093 CW 2025-02-16 1823 EA5D 599 100 N3JT 599 VA
QSO: 21092 CW 2025-02-16 1825 EA5D 599 100 KC1TNO 599 MA
QSO: 21092 CW 2025-02-16 1827 EA5D 599 100 KN2M 599 NY
QSO: 21090 CW 2025-02-16 1828 EA5D 599 100 WT9U 599 IN
QSO: 21083 CW 2025-02-16 1829 EA5D 599 100 K8GL 599 MI
QSO: 21070 CW 2025-02-16 1831 EA5D 599 100 K1VUT 599 MA
QSO: 21069 CW 2025-02-16 1832 EA5D 599 100 AA3B 599 PA
QSO: 21063 CW 2025-02-16 1833 EA5D 599 100 AB0S 599 NE
QSO: 21058 CW 2025-02-16 1834 EA5D 599 100 NR4M 599 VA
QSO: 21055 CW 2025-02-16 1835 EA5D 599 100 W9RE 599 IN
QSO: 21055 CW 2025-02-16 1836 EA5D 599 100 K0SN 599 MT
QSO: 21054 CW 2025-02-16 1837 EA5D 599 100 W8MJ 599 MI
QSO: 21053 CW 2025-02-16 1838 EA5D 599 100 K1KI 599 CT
QSO: 21052 CW 2025-02-16 1839 EA5D 599 100 K5WE 599 OK
QSO: 21050 CW 2025-02-16 1842 EA5D 599 100 K1XM 599 MA
QSO: 21043 CW 2025-02-16 1844 EA5D 599 100 WO4O 599 FL
QSO: 21042 CW 2025-02-16 1845 EA5D 599 100 VE3NNT 599 ON
QSO: 21042 CW 2025-02-16 1846 EA5D 599 100 K1RX 599 NH
END-OF-LOG: