START-OF-LOG: 3.0
CALLSIGN: UA9SMU
CONTEST: CQ-WPX-CW
CATEGORY-OPERATOR: SINGLE-OP
CATEGORY-ASSISTED: NON-ASSISTED
CATEGORY-BAND: 80M
CATEGORY-POWER: LOW
CATEGORY-MODE: CW
CATEGORY-TRANSMITTER: ONE
CATEGORY-OVERLAY:
CLAIMED-SCORE:
NAME: Prosvirkin Alexander
LOCATION: DX
OPERATORS: UA9SMU
CLUB:
CERTIFICATE: NO
CREATED-BY:
SOAPBOX: TNX 73!
QSO:  3500 CW 2017-05-27 0001 UA9SMU       599  001    UP2L         599  004
QSO:  3500 CW 2017-05-27 0003 UA9SMU       599  002    D1M          599  002
QSO:  3500 CW 2017-05-27 0004 UA9SMU       599  003    LY4A         599  006
QSO:  3500 CW 2017-05-27 0005 UA9SMU       599  004    DL7ON        599  004
QSO:  3500 CW 2017-05-27 0008 UA9SMU       599  005    RT9S         599  006
QSO:  3500 CW 2017-05-27 0010 UA9SMU       599  006    OM7M         599  010
QSO:  3500 CW 2017-05-27 0011 UA9SMU       599  007    RG9A         599  020
QSO:  3500 CW 2017-05-27 0015 UA9SMU       599  008    OK7PN        599  012
QSO:  3500 CW 2017-05-27 0016 UA9SMU       599  009    RK3T         599  021
QSO:  3500 CW 2017-05-27 0019 UA9SMU       599  010    EU4E         599  018
QSO:  3500 CW 2017-05-27 0025 UA9SMU       599  011    UF3A         599  028
QSO:  3500 CW 2017-05-27 0026 UA9SMU       599  012    RM7M         599  039
QSO:  3500 CW 2017-05-27 0030 UA9SMU       599  013    R2017CC      599  012
QSO:  3500 CW 2017-05-27 0031 UA9SMU       599  014    RM2U         599  055
QSO:  3500 CW 2017-05-27 0033 UA9SMU       599  015    RU1A         599  069
QSO:  3500 CW 2017-05-27 0036 UA9SMU       599  016    4L2M         599  028
QSO:  3500 CW 2017-05-27 0038 UA9SMU       599  017    SW8WW        599  047
QSO:  3500 CW 2017-05-27 0044 UA9SMU       599  018    OM0WR        599  059
QSO:  3500 CW 2017-05-27 0052 UA9SMU       599  019    S50B         599  081
QSO:  3500 CW 2017-05-27 0054 UA9SMU       599  020    DL1BUG       599  079
QSO:  3500 CW 2017-05-27 0101 UA9SMU       599  021    UX2X         599  100
QSO:  3500 CW 2017-05-27 0114 UA9SMU       599  022    ER4A         599  146
QSO:  3500 CW 2017-05-27 0116 UA9SMU       599  023    UT1V         599  099
QSO:  3500 CW 2017-05-27 0118 UA9SMU       599  024    UX7IA        599  034
QSO:  3500 CW 2017-05-27 0124 UA9SMU       599  025    LZ9W         599  086
QSO:  3500 CW 2017-05-27 0127 UA9SMU       599  026    UA6CC        599  008
QSO:  3500 CW 2017-05-27 0130 UA9SMU       599  027    US0HZ        599  106
QSO:  3500 CW 2017-05-27 0142 UA9SMU       599  028    R4MZ         599  016
QSO:  3500 CW 2017-05-27 0145 UA9SMU       599  029    R7MM         599  013
QSO:  3500 CW 2017-05-27 0147 UA9SMU       599  030    US7IY        599  100
QSO:  3500 CW 2017-05-27 1606 UA9SMU       599  031    RU4A         599  011
QSO:  3500 CW 2017-05-27 1702 UA9SMU       599  032    RZ3AMW       599  123
QSO:  3500 CW 2017-05-27 1719 UA9SMU       599  033    4Z5LY        599  914
QSO:  3500 CW 2017-05-27 1729 UA9SMU       599  034    R2DFD        599  262
QSO:  3500 CW 2017-05-27 1734 UA9SMU       599  035    UR5LAM       599  882
QSO:  3500 CW 2017-05-27 1736 UA9SMU       599  036    UX3HA        599  626
QSO:  3500 CW 2017-05-27 1740 UA9SMU       599  037    RW3YA        599  468
QSO:  3500 CW 2017-05-27 1748 UA9SMU       599  038    UT4WA        599  329
QSO:  3500 CW 2017-05-27 1750 UA9SMU       599  039    UT8NT        599  204
QSO:  3500 CW 2017-05-27 1752 UA9SMU       599  040    UV7V         599  676
QSO:  3500 CW 2017-05-27 1753 UA9SMU       599  041    RW7F         599  1230
QSO:  3500 CW 2017-05-27 1754 UA9SMU       599  042    RW4WA        599  443
QSO:  3500 CW 2017-05-27 1756 UA9SMU       599  043    RD7T         599  1294
QSO:  3500 CW 2017-05-27 1808 UA9SMU       599  044    9A3B         599  358
QSO:  3500 CW 2017-05-27 1813 UA9SMU       599  045    RL4F         599  1284
QSO:  3500 CW 2017-05-27 1816 UA9SMU       599  046    YP9JK        599  433
QSO:  3500 CW 2017-05-27 1821 UA9SMU       599  047    OH6BG        599  720
QSO:  3500 CW 2017-05-27 1823 UA9SMU       599  048    OH0X         599  1823
QSO:  3500 CW 2017-05-27 1828 UA9SMU       599  049    SQ5M         599  307
QSO:  3500 CW 2017-05-27 1835 UA9SMU       599  050    RT2D         599  848
QSO:  3500 CW 2017-05-27 1838 UA9SMU       599  051    UR5MM        599  768
QSO:  3500 CW 2017-05-27 1843 UA9SMU       599  052    RU9CC        599  437
QSO:  3500 CW 2017-05-27 1848 UA9SMU       599  053    RU5A         599  1047
QSO:  3500 CW 2017-05-27 1853 UA9SMU       599  054    RK2M         599  457
QSO:  3500 CW 2017-05-27 1856 UA9SMU       599  055    LZ1QZ        599  785
QSO:  3500 CW 2017-05-27 1858 UA9SMU       599  056    SP4AWE       599  289
QSO:  3500 CW 2017-05-27 1901 UA9SMU       599  057    SP9BNM       599  183
QSO:  3500 CW 2017-05-27 1903 UA9SMU       599  058    RM3Z         599  390
QSO:  3500 CW 2017-05-27 1905 UA9SMU       599  059    RN4HAB       599  447
QSO:  3500 CW 2017-05-27 1909 UA9SMU       599  060    OL4A         599  357
QSO:  3500 CW 2017-05-27 1910 UA9SMU       599  061    R4RR         599  1585
QSO:  3500 CW 2017-05-27 1912 UA9SMU       599  062    UA9XF        599  225
QSO:  3500 CW 2017-05-27 1913 UA9SMU       599  063    OF8CW        599  104
QSO:  3500 CW 2017-05-27 1916 UA9SMU       599  064    OK1VK        599  285
QSO:  3500 CW 2017-05-27 1917 UA9SMU       599  065    R3OM         599  414
QSO:  3500 CW 2017-05-27 1918 UA9SMU       599  066    LY2GW        599  235
QSO:  3500 CW 2017-05-27 1921 UA9SMU       599  067    UR5R         599  978
QSO:  3500 CW 2017-05-27 1924 UA9SMU       599  068    OK7O         599  438
QSO:  3500 CW 2017-05-27 1925 UA9SMU       599  069    UA9LDD       599  951
QSO:  3500 CW 2017-05-27 1926 UA9SMU       599  070    S52AW        599  517
QSO:  3500 CW 2017-05-27 1928 UA9SMU       599  071    E70T         599  470
QSO:  3500 CW 2017-05-27 1930 UA9SMU       599  072    LY2BMX       599  326
QSO:  3500 CW 2017-05-27 1932 UA9SMU       599  073    YR8D         599  1407
QSO:  3500 CW 2017-05-27 1936 UA9SMU       599  074    RA1TU        599  555
QSO:  3500 CW 2017-05-27 1938 UA9SMU       599  075    EW6W         599  035
QSO:  3500 CW 2017-05-27 1940 UA9SMU       599  076    UX2MF        599  429
QSO:  3500 CW 2017-05-27 1942 UA9SMU       599  077    LZ8E         599  1820
QSO:  3500 CW 2017-05-27 1944 UA9SMU       599  078    OK3A         599  430
QSO:  3500 CW 2017-05-27 1950 UA9SMU       599  079    YL6Z         599  386
QSO:  3500 CW 2017-05-27 1952 UA9SMU       599  080    UY7C         599  852
QSO:  3500 CW 2017-05-27 1957 UA9SMU       599  081    UA4CNJ       599  216
QSO:  3500 CW 2017-05-27 1959 UA9SMU       599  082    YL2VW        599  807
QSO:  3500 CW 2017-05-27 2001 UA9SMU       599  083    RT9L         599  1111
QSO:  3500 CW 2017-05-27 2003 UA9SMU       599  084    ES7GM        599  1554
QSO:  3500 CW 2017-05-27 2005 UA9SMU       599  085    RC8I         599  001
QSO:  3500 CW 2017-05-27 2008 UA9SMU       599  086    S57K         599  1431
QSO:  3500 CW 2017-05-27 2009 UA9SMU       599  087    RA3VX        599  359
QSO:  3500 CW 2017-05-27 2013 UA9SMU       599  088    UC9A         599  611
QSO:  3500 CW 2017-05-27 2014 UA9SMU       599  089    RW4W         599  1503
QSO:  3500 CW 2017-05-27 2014 UA9SMU       599  090    RA4PQ        599  105
QSO:  3500 CW 2017-05-27 2019 UA9SMU       599  091    R4YY         599  273
QSO:  3500 CW 2017-05-27 2023 UA9SMU       599  092    II1A         599  591
QSO:  3500 CW 2017-05-27 2031 UA9SMU       599  093    UW1M         599  1662
QSO:  3500 CW 2017-05-27 2031 UA9SMU       599  094    UP0L         599  2198
QSO:  3500 CW 2017-05-27 2033 UA9SMU       599  095    RM9I         599  1511
QSO:  3500 CW 2017-05-27 2034 UA9SMU       599  096    OH3FM        599  966
QSO:  3500 CW 2017-05-27 2037 UA9SMU       599  097    UC7A         599  1250
QSO:  3500 CW 2017-05-27 2041 UA9SMU       599  098    YL5X         599  898
QSO:  3500 CW 2017-05-27 2047 UA9SMU       599  099    R3NN         599  053
QSO:  3500 CW 2017-05-27 2058 UA9SMU       599  100    OE2S         599  1213
QSO:  3500 CW 2017-05-27 2100 UA9SMU       599  101    9A1A         599  618
QSO:  3500 CW 2017-05-27 2102 UA9SMU       599  102    RG6G         599  2122
QSO:  3500 CW 2017-05-27 2105 UA9SMU       599  103    HA3LN        599  284
QSO:  3500 CW 2017-05-27 2107 UA9SMU       599  104    LY9A         599  247
QSO:  3500 CW 2017-05-27 2109 UA9SMU       599  105    UT4UWC       599  069
QSO:  3500 CW 2017-05-27 2116 UA9SMU       599  106    ES5RR        599  2004
QSO:  3500 CW 2017-05-27 2120 UA9SMU       599  107    R1AT         599  733
QSO:  3500 CW 2017-05-27 2122 UA9SMU       599  108    RO5X         599  199
QSO:  3500 CW 2017-05-27 2126 UA9SMU       599  109    RT5Z         599  1476
QSO:  3500 CW 2017-05-27 2130 UA9SMU       599  110    OM7JG        599  800
QSO:  3500 CW 2017-05-27 2132 UA9SMU       599  111    P33W         599  384
QSO:  3500 CW 2017-05-27 2141 UA9SMU       599  112    SP1NY        599  589
QSO:  3500 CW 2017-05-27 2147 UA9SMU       599  113    DR4A         599  483
QSO:  3500 CW 2017-05-27 2149 UA9SMU       599  114    OG6N         599  1439
QSO:  3500 CW 2017-05-27 2151 UA9SMU       599  115    OK2RRR       599  218
QSO:  3500 CW 2017-05-27 2158 UA9SMU       599  116    YU0U         599  487
QSO:  3500 CW 2017-05-27 2159 UA9SMU       599  117    YL2PJ        599  629
QSO:  3500 CW 2017-05-27 2203 UA9SMU       599  118    EW5Z         599  1463
QSO:  3500 CW 2017-05-27 2212 UA9SMU       599  119    UX7IW        599  936
QSO:  3500 CW 2017-05-27 2216 UA9SMU       599  120    UK7AL        599  417
QSO:  3500 CW 2017-05-27 2220 UA9SMU       599  121    YU1XX        599  347
QSO:  3500 CW 2017-05-27 2223 UA9SMU       599  122    LY2FN        599  572
QSO:  3500 CW 2017-05-27 2226 UA9SMU       599  123    YL9T         599  397
QSO:  3500 CW 2017-05-27 2227 UA9SMU       599  124    RM2D         599  991
QSO:  3500 CW 2017-05-27 2231 UA9SMU       599  125    DL1NEO       599  735
QSO:  3500 CW 2017-05-27 2234 UA9SMU       599  126    OH3RB        599  724
QSO:  3500 CW 2017-05-27 2242 UA9SMU       599  127    OZ3SM        599  491
QSO:  3500 CW 2017-05-27 2246 UA9SMU       599  128    YO9HP        599  1343
QSO:  3500 CW 2017-05-27 2254 UA9SMU       599  129    UC5D         599  688
QSO:  3500 CW 2017-05-27 2255 UA9SMU       599  130    UC4C         599  1022
QSO:  3500 CW 2017-05-27 2308 UA9SMU       599  131    OM3IAG       599  635
QSO:  3500 CW 2017-05-27 2313 UA9SMU       599  132    HG6L         599  528
QSO:  3500 CW 2017-05-27 2320 UA9SMU       599  133    IZ3SQW       599  1138
QSO:  3500 CW 2017-05-27 2324 UA9SMU       599  134    UT5C         599  1386
QSO:  3500 CW 2017-05-27 2329 UA9SMU       599  135    ES3VI        599  362
QSO:  3500 CW 2017-05-27 2333 UA9SMU       599  136    YU5A         599  721
QSO:  3500 CW 2017-05-27 2334 UA9SMU       599  137    ES6Q         599  1112
QSO:  3500 CW 2017-05-27 2335 UA9SMU       599  138    LZ5R         599  2354
QSO:  3500 CW 2017-05-27 2339 UA9SMU       599  139    S59AA        599  811
QSO:  3500 CW 2017-05-27 2344 UA9SMU       599  140    EC2DX        599  424
QSO:  3500 CW 2017-05-27 2346 UA9SMU       599  141    S57KM        599  479
QSO:  3500 CW 2017-05-27 2349 UA9SMU       599  142    YT5A         599  274
QSO:  3500 CW 2017-05-27 2352 UA9SMU       599  143    SZ1A         599  214
QSO:  3500 CW 2017-05-27 2355 UA9SMU       599  144    HG7T         599  411
QSO:  3500 CW 2017-05-27 2359 UA9SMU       599  145    UT3UFI       599  118
QSO:  3500 CW 2017-05-28 0011 UA9SMU       599  146    9A7A         599  2602
QSO:  3500 CW 2017-05-28 0013 UA9SMU       599  147    S59DC        599  1618
QSO:  3500 CW 2017-05-28 0017 UA9SMU       599  148    SP6GCU       599  234
QSO:  3500 CW 2017-05-28 0020 UA9SMU       599  149    OM7M         599  390
QSO:  3500 CW 2017-05-28 0023 UA9SMU       599  150    R3QA         599  972
QSO:  3500 CW 2017-05-28 0035 UA9SMU       599  151    DP7D         599  684
QSO:  3500 CW 2017-05-28 0051 UA9SMU       599  152    R7CD         599  643
QSO:  3500 CW 2017-05-28 0102 UA9SMU       599  153    EU1WW        599  1120
QSO:  3500 CW 2017-05-28 0114 UA9SMU       599  154    EW6M         599  600
QSO:  3500 CW 2017-05-28 1739 UA9SMU       599  155    RQ4C         599  358
QSO:  3500 CW 2017-05-28 1813 UA9SMU       599  156    UA4M         599  2928
QSO:  3500 CW 2017-05-28 1820 UA9SMU       599  157    RA6L         599  113
QSO:  3500 CW 2017-05-28 1830 UA9SMU       599  158    R7KX         599  988
QSO:  3500 CW 2017-05-28 1838 UA9SMU       599  159    UB6B         599  392
QSO:  3500 CW 2017-05-28 1847 UA9SMU       599  160    UA9AX        599  145
QSO:  3500 CW 2017-05-28 1849 UA9SMU       599  161    RA9SN        599  727
QSO:  3500 CW 2017-05-28 1856 UA9SMU       599  162    UX6IR        599  162
QSO:  3500 CW 2017-05-28 1859 UA9SMU       599  163    UT8AL        599  932
QSO:  3500 CW 2017-05-28 1910 UA9SMU       599  164    RL4A         599  570
QSO:  3500 CW 2017-05-28 1913 UA9SMU       599  165    JT5DX        599  3787
QSO:  3500 CW 2017-05-28 1930 UA9SMU       599  166    S57AW        599  1066
QSO:  3500 CW 2017-05-28 1933 UA9SMU       599  167    EN4U         599  1608
QSO:  3500 CW 2017-05-28 1940 UA9SMU       599  168    RY7Y         599  2293
QSO:  3500 CW 2017-05-28 1942 UA9SMU       599  169    RX9WN        599  746
QSO:  3500 CW 2017-05-28 1950 UA9SMU       599  170    R1606M       599  664
QSO:  3500 CW 2017-05-28 1959 UA9SMU       599  171    RG4A         599  688
QSO:  3500 CW 2017-05-28 2001 UA9SMU       599  172    UT2IO        599  995
QSO:  3500 CW 2017-05-28 2004 UA9SMU       599  173    R4BZ         599  672
QSO:  3500 CW 2017-05-28 2009 UA9SMU       599  174    UA3MIF       599  170
QSO:  3500 CW 2017-05-28 2018 UA9SMU       599  175    OZ1AAR       599  807
QSO:  3500 CW 2017-05-28 2025 UA9SMU       599  176    UT5UN        599  736
QSO:  3500 CW 2017-05-28 2027 UA9SMU       599  177    EW5Z         599  2489
QSO:  3500 CW 2017-05-28 2033 UA9SMU       599  178    RU9TN        599  729
QSO:  3500 CW 2017-05-28 2045 UA9SMU       599  179    II9P         599  499
QSO:  3500 CW 2017-05-28 2048 UA9SMU       599  180    YU1FJK       599  633
QSO:  3500 CW 2017-05-28 2053 UA9SMU       599  181    RT3T         599  2156
QSO:  3500 CW 2017-05-28 2057 UA9SMU       599  182    UR6EA        599  1934
QSO:  3500 CW 2017-05-28 2107 UA9SMU       599  183    UY2UQ        599  833
QSO:  3500 CW 2017-05-28 2109 UA9SMU       599  184    EW8DX        599  1925
QSO:  3500 CW 2017-05-28 2112 UA9SMU       599  185    EW7A         599  1157
QSO:  3500 CW 2017-05-28 2120 UA9SMU       599  186    UR8RF        599  1037
QSO:  3500 CW 2017-05-28 2127 UA9SMU       599  187    UX1UF        599  876
QSO:  3500 CW 2017-05-28 2131 UA9SMU       599  188    Z35M         599  744
QSO:  3500 CW 2017-05-28 2134 UA9SMU       599  189    SN8B         599  528
QSO:  3500 CW 2017-05-28 2137 UA9SMU       599  190    YO9AGI       599  802
QSO:  3500 CW 2017-05-28 2157 UA9SMU       599  191    RU6K         599  2469
QSO:  3500 CW 2017-05-28 2200 UA9SMU       599  192    OK2D         599  2383
QSO:  3500 CW 2017-05-28 2202 UA9SMU       599  193    R7CA         599  261
QSO:  3500 CW 2017-05-28 2208 UA9SMU       599  194    RA3SI        599  458
QSO:  3500 CW 2017-05-28 2216 UA9SMU       599  195    D1WA         599  116
QSO:  3500 CW 2017-05-28 2229 UA9SMU       599  196    UT8AS        599  896
QSO:  3500 CW 2017-05-28 2236 UA9SMU       599  197    D1DNR        599  462
QSO:  3500 CW 2017-05-28 2239 UA9SMU       599  198    UX7IW        599  1631
QSO:  3500 CW 2017-05-28 2248 UA9SMU       599  199    HG1R         599  528
QSO:  3500 CW 2017-05-28 2300 UA9SMU       599  200    RD2A         599  304
QSO:  3500 CW 2017-05-28 2303 UA9SMU       599  201    UN7FW        599  421
QSO:  3500 CW 2017-05-28 2306 UA9SMU       599  202    UW6M         599  904
QSO:  3500 CW 2017-05-28 2310 UA9SMU       599  203    S50C         599  3843
QSO:  3500 CW 2017-05-28 2314 UA9SMU       599  204    RN1ON        599  1224
QSO:  3500 CW 2017-05-28 2316 UA9SMU       599  205    LY4L         599  2256
QSO:  3500 CW 2017-05-28 2318 UA9SMU       599  206    LX7I         599  3475
QSO:  3500 CW 2017-05-28 2329 UA9SMU       599  207    PA4VHF       599  1743
QSO:  3500 CW 2017-05-28 2337 UA9SMU       599  208    U4HU         599  1766
QSO:  3500 CW 2017-05-28 2344 UA9SMU       599  209    UR7CB        599  401
QSO:  3500 CW 2017-05-28 2352 UA9SMU       599  210    SP3AEN       599  1369
END-OF-LOG:
