START-OF-LOG: 3.0
CREATED-BY: vhfmanager-downloader
CONTEST: ZRS Maraton 3. termin - Unofficial results - VHFManager
CALLSIGN: S53MM
CATEGORY: 435 MHz - VHF/UHF
CATEGORY-OPERATOR: SINGLE-OP
CATEGORY-ASSISTED: NON-ASSISTED
CATEGORY-TRANSMITTER: ONE
CATEGORY-STATION: FIXED
QSO: 435000 PH 2024-03-17 0801 S53MM         59  1 JN76GD   9A1W          59  16 JN75ST 
QSO: 435000 PH 2024-03-17 0803 S53MM         59  2 JN76GD   9A0BB         59  11 JN85EI 
QSO: 435000 PH 2024-03-17 0805 S53MM         59  3 JN76GD   S53JPQ        59  14 JN75RX*
QSO: 435000 PH 2024-03-17 0806 S53MM         59  4 JN76GD   S57UZX        59  2 JN75LT* 
QSO: 435000 PH 2024-03-17 0808 S53MM         59  5 JN76GD   9A1I          59  12 JN85FS 
QSO: 435000 PH 2024-03-17 0808 S53MM         59  6 JN76GD   S53FO         59  5 JN76ID* 
QSO: 435000 PH 2024-03-17 0809 S53MM         59  7 JN76GD   S55TZ         59  5 JN75TV* 
QSO: 435000 PH 2024-03-17 0812 S53MM         59  8 JN76GD   S56P          59  28 JN76PO*
QSO: 435000 PH 2024-03-17 0814 S53MM         599 9 JN76GD   YU1EM         599 6 KN04FP  
QSO: 435000 PH 2024-03-17 0818 S53MM         59  10 JN76GD  9A0V          59  15 JN95PE 
QSO: 435000 PH 2024-03-17 0819 S53MM         59  11 JN76GD  9A3TN         59  5 JN85UH  
QSO: 435000 PH 2024-03-17 0820 S53MM         59  12 JN76GD  9A8D          59  12 JN95LM 
QSO: 435000 PH 2024-03-17 0821 S53MM         59  13 JN76GD  9A1K          59  6 JN85JL  
QSO: 435000 PH 2024-03-17 0822 S53MM         59  14 JN76GD  9A2MW         59  13 JN75VW 
QSO: 435000 PH 2024-03-17 0822 S53MM         59  15 JN76GD  9A3JN         59  1 JN85EL  
QSO: 435000 PH 2024-03-17 0824 S53MM         599 16 JN76GD  9A5M          599 21 JN95GO 
QSO: 435000 PH 2024-03-17 0829 S53MM         59  17 JN76GD  OK2ZB         59  24 JN99CR 
QSO: 435000 PH 2024-03-17 0831 S53MM         59  18 JN76GD  OM3KGW        59  35 JN99CH 
QSO: 435000 PH 2024-03-17 0841 S53MM         599 19 JN76GD  OK1KZE        599 43 JN79FX 
QSO: 435000 PH 2024-03-17 0849 S53MM         599 20 JN76GD  OK2KKW        599 19 JO70FD 
END-OF-LOG:
