START-OF-LOG: 2.0
CREATED-BY: LogConv v1.73b by KA5WSS
ARRL-SECTION: 
CONTEST: CQ-WW-SSB
CALLSIGN: EA4CZS
CATEGORY: SINGLE-OP ALL LOW
CLAIMED-SCORE: 
OPERATORS: 
CLUB: 
NAME: 
SOAPBOX:
QSO: 14000 PH 2005-10-29 1015 EA4CZS      59   14    LZ9W       59    0   20      
QSO: 14000 PH 2005-10-29 1026 EA4CZS      59   14    G3B        59    0   14      
QSO: 21000 PH 2005-10-29 1026 EA4CZS      59   14    LY8O       59    0   15      
QSO: 21000 PH 2005-10-29 1030 EA4CZS      59   14    LX1JH      59    0   14      
QSO: 21000 PH 2005-10-29 1030 EA4CZS      59   14    DL2ARD     59    0   14      
QSO: 21000 PH 2005-10-29 1034 EA4CZS      59   14    RW4LYL     59    0   16      
QSO: 21000 PH 2005-10-29 1034 EA4CZS      59   14    T96Q       59    0   15      
QSO: 21000 PH 2005-10-29 1034 EA4CZS      59   14    SN1X       59    0   15      
QSO: 21000 PH 2005-10-29 1034 EA4CZS      59   14    SP2JMB     59    0   15      
QSO: 21000 PH 2005-10-29 1038 EA4CZS      59   14    DJ5VB      59    0   14      
QSO: 21000 PH 2005-10-29 1038 EA4CZS      59   14    M6T        59    0   14      
QSO: 21000 PH 2005-10-29 1038 EA4CZS      59   14    PA1T       59    0   14      
QSO: 21000 PH 2005-10-29 1038 EA4CZS      59   14    YO5PBW     59    0   20      
QSO: 21000 PH 2005-10-29 1044 EA4CZS      59   14    OE4A       59    0   15      
QSO: 21000 PH 2005-10-29 1044 EA4CZS      59   14    MD4K       59    0   14      
QSO: 21000 PH 2005-10-29 1044 EA4CZS      59   14    EX0M       59    0   17      
QSO: 21000 PH 2005-10-29 1045 EA4CZS      59   14    RX4HZ      59    0   16      
QSO: 21000 PH 2005-10-29 1045 EA4CZS      59   14    9A7A       59    0   15      
QSO: 21000 PH 2005-10-29 1045 EA4CZS      59   14    T94LW      59    0   15      
QSO: 21000 PH 2005-10-29 1045 EA4CZS      59   14    YU1EL      59    0   15      
QSO: 21000 PH 2005-10-29 1057 EA4CZS      59   14    RU1A       59    0   16      
QSO: 21000 PH 2005-10-29 1057 EA4CZS      59   14    RW2F       59    0   15      
QSO: 21000 PH 2005-10-29 1057 EA4CZS      59   14    R3R        59    0   16      
QSO: 14000 PH 2005-10-29 1057 EA4CZS      59   14    Z33F       59    0   15      
QSO: 14000 PH 2005-10-29 1100 EA4CZS      59   14    UW2I       59    0   16      
QSO: 14000 PH 2005-10-29 1100 EA4CZS      59   14    SX5P       59    0   20      
QSO: 14000 PH 2005-10-29 1103 EA4CZS      59   14    YR7M       59    0   20      
QSO: 21000 PH 2005-10-29 1113 EA4CZS      59   14    YT5G       59    0   15      
QSO: 29000 PH 2005-10-29 1125 EA4CZS      59   14    TA2ZAF     59    0   20      
QSO: 29000 PH 2005-10-29 1125 EA4CZS      59   14    M2H        59    0   14      
QSO: 29000 PH 2005-10-29 1125 EA4CZS      59   14    VQ9X       59    0   39      
QSO: 29000 PH 2005-10-29 1134 EA4CZS      59   14    GM0B       59    0   14      
QSO: 21000 PH 2005-10-29 1350 EA4CZS      59   14    K3EST      59    0   05      
QSO: 21000 PH 2005-10-29 1350 EA4CZS      59   14    YO3JF      59    0   20      
QSO: 21000 PH 2005-10-29 1350 EA4CZS      59   14    ES5TV      59    0   15      
QSO: 14000 PH 2005-10-29 1357 EA4CZS      59   14    YZ5Z       59    0   15      
QSO: 14000 PH 2005-10-29 1600 EA4CZS      59   14    YZ1U       59    0   15      
QSO: 14000 PH 2005-10-29 1610 EA4CZS      59   14    OH4A       59    0   15      
QSO: 14000 PH 2005-10-29 1610 EA4CZS      59   14    S57DX      59    0   15      
QSO: 14000 PH 2005-10-29 1615 EA4CZS      59   14    9A7A       59    0   15      
QSO: 14000 PH 2005-10-29 1615 EA4CZS      59   14    IK4WKU     59    0   15      
QSO: 14000 PH 2005-10-29 1618 EA4CZS      59   14    HB0/HB9AON 59    0   14      
QSO: 14000 PH 2005-10-29 1618 EA4CZS      59   14    RU1A       59    0   16      
QSO: 14000 PH 2005-10-29 1625 EA4CZS      59   14    IK0YVV     59    0   15      
QSO: 14000 PH 2005-10-29 1625 EA4CZS      59   14    SN8F       59    0   15      
QSO: 14000 PH 2005-10-29 1627 EA4CZS      59   14    9A5K       59    0   15      
QSO: 14000 PH 2005-10-29 1627 EA4CZS      59   14    LX7I       59    0   14      
QSO: 21000 PH 2005-10-29 1630 EA4CZS      59   14    PX5E       59    0   11      
QSO: 21000 PH 2005-10-29 1637 EA4CZS      59   14    LZ9W       59    0   20      
QSO: 21000 PH 2005-10-29 1645 EA4CZS      59   14    YR7M       59    0   20      
QSO: 21000 PH 2005-10-29 1645 EA4CZS      59   14    WB9Z       59    0   04      
QSO: 21000 PH 2005-10-29 1655 EA4CZS      59   14    TF3ZA      59    0   40      
QSO: 14000 PH 2005-10-29 1710 EA4CZS      59   14    IZ2FOS     59    0   15      
QSO: 14000 PH 2005-10-29 1720 EA4CZS      59   14    ER4DX      59    0   16      
QSO: 14000 PH 2005-10-29 1724 EA4CZS      59   14    DL4MCF     59    0   14      
QSO: 14000 PH 2005-10-29 1724 EA4CZS      59   14    DQ4W       59    0   14      
QSO: 14000 PH 2005-10-29 1726 EA4CZS      59   14    IK3UNA     59    0   15      
QSO: 14000 PH 2005-10-29 1726 EA4CZS      59   14    LZ2DN      59    0   20      
QSO: 14000 PH 2005-10-29 1726 EA4CZS      59   14    IK0YUT     59    0   15      
QSO: 14000 PH 2005-10-29 1730 EA4CZS      59   14    N3HBX      59    0   05      
QSO: 14000 PH 2005-10-29 1730 EA4CZS      59   14    IZ8DSX     59    0   15      
QSO: 14000 PH 2005-10-29 1735 EA4CZS      59   14    RA3CW/3    59    0   16      
QSO: 14000 PH 2005-10-29 1735 EA4CZS      59   14    RU6LA      59    0   16      
QSO: 14000 PH 2005-10-29 1735 EA4CZS      59   14    HG6N       59    0   15      
QSO: 14000 PH 2005-10-29 1740 EA4CZS      59   14    OM5M       59    0   15      
QSO: 21000 PH 2005-10-29 1745 EA4CZS      59   14    WE3C       59    0   05      
QSO: 21000 PH 2005-10-29 1745 EA4CZS      59   14    K0TV       59    0   04      
QSO: 21000 PH 2005-10-29 1749 EA4CZS      59   14    K1LZ       59    0   05      
QSO: 21000 PH 2005-10-29 1755 EA4CZS      59   14    K8AZ       59    0   00      
QSO:  3007 PH 2005-10-29 2130 EA4CZS      59   14    IU2R       59    0   15      
QSO:  3007 PH 2005-10-29 2135 EA4CZS      59   14    4N1N       59    0   15      
QSO:  3007 PH 2005-10-29 2140 EA4CZS      59   14    IR4M       59    0   15      
QSO:  3007 PH 2005-10-29 2140 EA4CZS      59   14    S53EO      59    0   15      
QSO:  3007 PH 2005-10-29 2140 EA4CZS      59   14    TM2T       59    0   14      
QSO:  3007 PH 2005-10-29 2144 EA4CZS      59   14    OL7R       59    0   15      
QSO:  3007 PH 2005-10-29 2144 EA4CZS      59   14    F2YT       59    0   14      
QSO:  3007 PH 2005-10-29 2148 EA4CZS      59   14    M5ARC/P    59    0   14      
QSO:  3007 PH 2005-10-29 2155 EA4CZS      59   14    HB9FBS     59    0   14      
QSO:  3007 PH 2005-10-29 2158 EA4CZS      59   14    OZ7X       59    0   14      
QSO:  3007 PH 2005-10-29 2200 EA4CZS      59   14    DF0CG      59    0   14      
QSO:  3007 PH 2005-10-29 2200 EA4CZS      59   14    DQ0Q       59    0   14      
QSO:  3007 PH 2005-10-29 2200 EA4CZS      59   14    SN3A       59    0   15      
QSO:  3007 PH 2005-10-29 2205 EA4CZS      59   14    ER1Q       59    0   16      
QSO:  3007 PH 2005-10-29 2210 EA4CZS      59   14    YT0T       59    0   15      
QSO:  3007 PH 2005-10-29 2215 EA4CZS      59   14    G5W        59    0   14      
QSO:  3007 PH 2005-10-29 2215 EA4CZS      59   14    OK5W       59    0   15      
QSO:  3007 PH 2005-10-29 2215 EA4CZS      59   14    T92D       59    0   15      
QSO:  3007 PH 2005-10-29 2215 EA4CZS      59   14    IR2C       59    0   15      
QSO:  3007 PH 2005-10-29 2223 EA4CZS      59   14    T94TT      59    0   15      
QSO:  3007 PH 2005-10-29 2225 EA4CZS      59   14    9A6A       59    0   15      
QSO:  3007 PH 2005-10-29 2225 EA4CZS      59   14    G6PZ       59    0   14      
QSO: 14000 PH 2005-10-30 1010 EA4CZS      59   14    IU3A       59    0   15      
QSO: 14000 PH 2005-10-30 1015 EA4CZS      59   14    4L8A       59    0   21      
QSO: 14000 PH 2005-10-30 1020 EA4CZS      59   14    GM2T       59    0   14      
QSO: 14000 PH 2005-10-30 1020 EA4CZS      59   14    9A5E       59    0   15      
QSO: 14000 PH 2005-10-30 1020 EA4CZS      59   14    HG6N       59    0   15      
END-OF-LOG:
