START-OF-LOG: 2.0
CALLSIGN: UW5Y
CONTEST: CQ-WW-SSB
CATEGORY: SINGLE-OP 160M HIGH SSB
CLAIMED-SCORE: 1078
CLUB: Bucovina ARL
NAME: Leonid Ivolga
OPERATORS: UR5YAM Leonid Ivolga
QSO:  1800 PH 2005-10-29 0002 UW5Y          59  16     IR2I          59  20
QSO:  1800 PH 2005-10-29 0003 UW5Y          59  16     YO5OHZ        59  20
QSO:  1800 PH 2005-10-29 0003 UW5Y          59  16     YO2RR         59  20
QSO:  1800 PH 2005-10-29 0003 UW5Y          59  16     RK3DK         59  16
QSO:  1800 PH 2005-10-29 0003 UW5Y          59  16     OK1WCF        59  15
QSO:  1800 PH 2005-10-29 0004 UW5Y          59  16     RU6YY         59  16
QSO:  1800 PH 2005-10-29 0005 UW5Y          59  16     RK3AWK        59  16
QSO:  1800 PH 2005-10-29 0006 UW5Y          59  16     UA3R          59  16
QSO:  1800 PH 2005-10-29 0006 UW5Y          59  16     RN3ZC         59  16
QSO:  1800 PH 2005-10-29 0007 UW5Y          59  16     RK3SWB        59  16
QSO:  1800 PH 2005-10-29 0009 UW5Y          59  16     UA6BQD        59  16
QSO:  1800 PH 2005-10-29 0009 UW5Y          59  16     RK4FD         59  16
QSO:  1800 PH 2005-10-29 0010 UW5Y          59  16     OM5M          59  15
QSO:  1800 PH 2005-10-29 0010 UW5Y          59  16     OK1EP         59  15
QSO:  1800 PH 2005-10-29 0011 UW5Y          59  16     LZ2DF         59  20
QSO:  1800 PH 2005-10-29 0011 UW5Y          59  16     HA9PP         59  15
QSO:  1800 PH 2005-10-29 0013 UW5Y          59  16     SP8NR         59  15
QSO:  1800 PH 2005-10-29 0013 UW5Y          59  16     RL3AA         59  16
QSO:  1800 PH 2005-10-29 0014 UW5Y          59  16     HA80IARU      59  15
QSO:  1800 PH 2005-10-29 0014 UW5Y          59  16     OM7M          59  15
QSO:  1800 PH 2005-10-29 0015 UW5Y          59  16     RN1NP         59  16
QSO:  1800 PH 2005-10-29 0015 UW5Y          59  16     RV3FF         59  16
QSO:  1800 PH 2005-10-29 0016 UW5Y          59  16     OK2BEN        59  15
QSO:  1800 PH 2005-10-29 0016 UW5Y          59  16     DQ0Q          59  14
QSO:  1800 PH 2005-10-29 0017 UW5Y          59  16     YO3CZW        59  20
QSO:  1800 PH 2005-10-29 0018 UW5Y          59  16     RU9TO         59  17
QSO:  1800 PH 2005-10-29 0020 UW5Y          59  16     RZ9WXK        59  17
QSO:  1800 PH 2005-10-29 0022 UW5Y          59  16     RV3LO         59  16
QSO:  1800 PH 2005-10-29 0022 UW5Y          59  16     LZ9W          59  20
QSO:  1800 PH 2005-10-29 0022 UW5Y          59  16     SP5XO         59  15
QSO:  1800 PH 2005-10-29 0023 UW5Y          59  16     SP4XQN        59  15
QSO:  1800 PH 2005-10-29 0023 UW5Y          59  16     US5D          59  16
QSO:  1800 PH 2005-10-29 0024 UW5Y          59  16     SP3KCL        59  15
QSO:  1800 PH 2005-10-29 0025 UW5Y          59  16     OL1X          59  15
QSO:  1800 PH 2005-10-29 0025 UW5Y          59  16     UA3BL         59  16
QSO:  1800 PH 2005-10-29 0025 UW5Y          59  16     LY7M          59  15
QSO:  1800 PH 2005-10-29 0026 UW5Y          59  16     OM6AL         59  15
QSO:  1800 PH 2005-10-29 0104 UW5Y          59  16     UT3SA         59  16
QSO:  1800 PH 2005-10-29 0105 UW5Y          59  16     ER5DX         59  15
QSO:  1800 PH 2005-10-29 0106 UW5Y          59  16     DL0CS         59  14
QSO:  1800 PH 2005-10-29 0108 UW5Y          59  16     RU1A          59  16
QSO:  1800 PH 2005-10-29 0109 UW5Y          59  16     RW2F          59  15
QSO:  1800 PH 2005-10-29 0110 UW5Y          59  16     S57M          59  15
QSO:  1800 PH 2005-10-29 0110 UW5Y          59  16     LY7A          59  15
QSO:  1800 PH 2005-10-29 0134 UW5Y          59  16     UU7J          59  16
QSO:  1800 PH 2005-10-29 0211 UW5Y          59  16     OE6Z          59  15
QSO:  1800 PH 2005-10-29 0211 UW5Y          59  16     OK1TP         59  15
QSO:  1800 PH 2005-10-29 0217 UW5Y          59  16     OT5G          59  14
END-OF-LOG: 
