START-OF-LOG: 3.0
CONTEST: CQ-WPX-SSB
CALLSIGN: VE7PAE
LOCATION: BC
CATEGORY-OPERATOR: SINGLE-OP
CATEGORY-ASSISTED: NON-ASSISTED
CATEGORY-BAND: ALL
CATEGORY-POWER: LOW
CATEGORY-MODE: SSB
CATEGORY-TRANSMITTER: ONE
CATEGORY-STATION: FIXED
CATEGORY-OVERLAY:
GRID-LOCATOR: DO00iq
CLAIMED-SCORE: 1475
NAME: Peter Jugovic
OPERATORS: VE7PAE
CREATED-BY: N3FJP's CQ WPX Contest Log 4.9.9
QSO:   14000 PH 2025-03-29 0229 VE7PAE           59  001   WZ4F             59   377     0
QSO:   14000 PH 2025-03-29 0232 VE7PAE           59  002   WW4LL            59   417     0
QSO:   14000 PH 2025-03-29 0235 VE7PAE           59  003   LY5W             59   125     0
QSO:   14000 PH 2025-03-29 0237 VE7PAE           59  004   4U1WB            59   266     0
QSO:   14000 PH 2025-03-29 0244 VE7PAE           59  005   K3LR             59   433     0
QSO:   14000 PH 2025-03-29 0247 VE7PAE           59  006   OL8R             59   281     0
QSO:   14000 PH 2025-03-29 0251 VE7PAE           59  007   RT4F             59   473     0
QSO:   14000 PH 2025-03-29 0253 VE7PAE           59  008   UA7K             59   289     0
QSO:   14000 PH 2025-03-29 0254 VE7PAE           59  009   KK0N             59   113     0
QSO:   14000 PH 2025-03-29 0259 VE7PAE           59  010   DA1DX            59   310     0
QSO:   14000 PH 2025-03-29 0312 VE7PAE           59  011   N3QE             59   268     0
QSO:    7000 PH 2025-03-29 0326 VE7PAE           59  012   VE6TN            59   031     0
QSO:    7000 PH 2025-03-29 0332 VE7PAE           59  013   VC7BC            59   333     0
QSO:    7000 PH 2025-03-29 0339 VE7PAE           59  014   VA7TU            59   39      0
QSO:    7000 PH 2025-03-29 0345 VE7PAE           59  015   VE7SAR           59   67      0
QSO:    7000 PH 2025-03-29 0405 VE7PAE           59  016   WJ0W             59   169     0
QSO:    7000 PH 2025-03-29 0413 VE7PAE           59  017   K9CT             59   243     0
QSO:   14000 PH 2025-03-29 1557 VE7PAE           59  018   NR6O             59   786     0
QSO:   21000 PH 2025-03-29 1619 VE7PAE           59  019   SN2M             59   1308    0
QSO:   21000 PH 2025-03-29 1645 VE7PAE           59  020   DF7A             59   1242    0
QSO:   28000 PH 2025-03-29 2110 VE7PAE           59  021   WK5T             59   1613    0
QSO:   28000 PH 2025-03-29 2119 VE7PAE           59  022   KW7MM            59   1525    0
QSO:   28000 PH 2025-03-29 2125 VE7PAE           59  023   K0AP             59   340     0
QSO:   28000 PH 2025-03-29 2141 VE7PAE           59  024   WN8HCV           59   64      0
QSO:   28365 PH 2025-03-30 2124 VE7PAE           59  025   AB3CX            59   2382    0
END-OF-LOG:
