START-OF-LOG: 3.0
CONTEST: CQ-WPX-RTTY
CALLSIGN: JA1VWK
CATEGORY-OPERATOR: SINGLE-OP
CATEGORY-TRANSMITTER: ONE
CATEGORY-MODE: RTTY
CATEGORY-POWER: LOW
CATEGORY-STATION: FIXED
CATEGORY-BAND: ALL
CLAIMED-SCORE: 11880
OPERATORS:
CLUB:
CREATED-BY: CTESTWIN by JI1AQY
NAME: Takashi Honda
CATEGORY-ASSISTED: ASSISTED
QSO: 21000 RY 2018-02-10 0054 JA1VWK        599 001    7N1AZY        599 001    0
QSO: 21000 RY 2018-02-10 0243 JA1VWK        599 002    VR20CC        599 072    0
QSO: 21000 RY 2018-02-10 0251 JA1VWK        599 003    8J100EIC      599 052    0
QSO: 21000 RY 2018-02-10 0407 JA1VWK        599 004    VR2XMT        599 113    0
QSO: 21000 RY 2018-02-10 0413 JA1VWK        599 005    RK9AX         599 291    0
QSO: 21000 RY 2018-02-10 0426 JA1VWK        599 006    VK4SN         599 038    0
QSO: 21000 RY 2018-02-10 0447 JA1VWK        599 007    VK2CA         599 090    0
QSO: 21000 RY 2018-02-10 0450 JA1VWK        599 008    UA0SR         599 062    0
QSO: 21000 RY 2018-02-10 0458 JA1VWK        599 009    VK4QH         599 074    0
QSO: 21000 RY 2018-02-10 0507 JA1VWK        599 010    DX3H          599 040    0
QSO:  7000 RY 2018-02-10 0729 JA1VWK        599 011    8J75RS        599 033    0
QSO:  7000 RY 2018-02-10 0731 JA1VWK        599 012    JA6LCJ        599 162    0
QSO:  7000 RY 2018-02-10 0734 JA1VWK        599 013    W7MRF         599 381    0
QSO:  7000 RY 2018-02-10 0740 JA1VWK        599 014    DS4DEV        599 057    0
QSO:  7000 RY 2018-02-10 0803 JA1VWK        599 015    JE8NTJ        599 013    0
QSO:  7000 RY 2018-02-10 0806 JA1VWK        599 016    RM0F          599 029    0
QSO:  7000 RY 2018-02-10 0809 JA1VWK        599 017    K8IA          599 468    0
QSO:  7000 RY 2018-02-10 0815 JA1VWK        599 018    WQ6K          599 361    0
QSO:  7000 RY 2018-02-10 0834 JA1VWK        599 019    WQ5OO         599 481    0
QSO:  7000 RY 2018-02-10 0843 JA1VWK        599 020    N7QT          599 341    0
QSO:  7000 RY 2018-02-10 0853 JA1VWK        599 021    DX2R          599 240    0
QSO:  7000 RY 2018-02-10 0934 JA1VWK        599 022    N9NA          599 134    0
QSO:  7000 RY 2018-02-10 0937 JA1VWK        599 023    KU1CW         599 168    0
QSO:  7000 RY 2018-02-10 1018 JA1VWK        599 024    WK7S          599 489    0
QSO:  7000 RY 2018-02-10 1028 JA1VWK        599 025    JH4UTP        599 376    0
QSO:  7000 RY 2018-02-10 1036 JA1VWK        599 026    RW0A          599 252    0
QSO:  7000 RY 2018-02-10 1039 JA1VWK        599 027    BH4TXN        599 121    0
QSO:  7000 RY 2018-02-10 1052 JA1VWK        599 028    AG1RL         599 332    0
QSO: 21000 RY 2018-02-10 2330 JA1VWK        599 029    W6RKC         599 126    0
QSO: 21000 RY 2018-02-10 2342 JA1VWK        599 030    NF6A          599 554    0
QSO: 21000 RY 2018-02-10 2353 JA1VWK        599 031    DY1T          599 210    0
QSO: 21000 RY 2018-02-11 0001 JA1VWK        599 032    YB3BX         599 184    0
QSO: 21000 RY 2018-02-11 0004 JA1VWK        599 033    YB1FWO/9      599 069    0
QSO: 21000 RY 2018-02-11 0038 JA1VWK        599 034    CV7S          599 144    0
QSO: 21000 RY 2018-02-11 0048 JA1VWK        599 035    YB1BML        599 241    0
QSO: 21000 RY 2018-02-11 0100 JA1VWK        599 036    YC1CWK        599 202    0
QSO: 21000 RY 2018-02-11 0102 JA1VWK        599 037    YB2ECG        599 138    0
QSO: 21000 RY 2018-02-11 0255 JA1VWK        599 038    YE1C          599 485    0
QSO: 21000 RY 2018-02-11 0316 JA1VWK        599 039    R0UAL         599 059    0
QSO: 21000 RY 2018-02-11 0321 JA1VWK        599 040    JT1BV         599 152    0
QSO: 21000 RY 2018-02-11 0558 JA1VWK        599 041    UA9LAO        599 291    0
QSO:  7000 RY 2018-02-11 0614 JA1VWK        599 042    JH3BYX        599 049    0
QSO:  7000 RY 2018-02-11 0616 JA1VWK        599 043    JA6WFM        599 205    0
QSO:  7000 RY 2018-02-11 0617 JA1VWK        599 044    JA6GCE        599 328    0
QSO:  7000 RY 2018-02-11 0624 JA1VWK        599 045    JG6QHE        599 036    0
QSO:  7000 RY 2018-02-11 0626 JA1VWK        599 046    JA1BJI        599 376    0
QSO:  7000 RY 2018-02-11 0705 JA1VWK        599 047    JI3CWI        599 122    0
QSO:  7000 RY 2018-02-11 0709 JA1VWK        599 048    JL3MCM        599 135    0
QSO:  7000 RY 2018-02-11 0729 JA1VWK        599 049    JM4WUZ        599 036    0
QSO:  7000 RY 2018-02-11 0731 JA1VWK        599 050    JA1YKX        599 108    0
QSO:  7000 RY 2018-02-11 0732 JA1VWK        599 051    JA8IAF        599 052    0
QSO:  7000 RY 2018-02-11 0736 JA1VWK        599 052    JA3WNB        599 023    0
QSO:  7000 RY 2018-02-11 0738 JA1VWK        599 053    JA3LUU        599 012    0
QSO:  7000 RY 2018-02-11 0758 JA1VWK        599 054    N2NS          599 499    0
QSO:  7000 RY 2018-02-11 0801 JA1VWK        599 055    DU1R          599 150    0
QSO:  7000 RY 2018-02-11 0804 JA1VWK        599 056    K9YC          599 470    0
QSO:  7000 RY 2018-02-11 0836 JA1VWK        599 057    JH4BTI        599 138    0
QSO:  7000 RY 2018-02-11 0844 JA1VWK        599 058    JA1HFY        599 156    0
QSO:  7000 RY 2018-02-11 0936 JA1VWK        599 059    CX2AQ         599 315    0
QSO:  7000 RY 2018-02-11 0941 JA1VWK        599 060    WH7W          599 289    0
QSO:  7000 RY 2018-02-11 1149 JA1VWK        599 061    YB8RW         599 189    0
QSO:  7000 RY 2018-02-11 2058 JA1VWK        599 062    EW8W          599 836    0
QSO:  7000 RY 2018-02-11 2103 JA1VWK        599 063    R0CAF         599 458    0
END-OF-LOG:
