START-OF-LOG: 3.0
CALLSIGN: KA5W
CONTEST: CQ-WPX-RTTY
CATEGORY-OPERATOR: SINGLE-OP
CATEGORY-ASSISTED: ASSISTED
CATEGORY-BAND: ALL
CATEGORY-POWER: LOW
CATEGORY-MODE: RTTY
CATEGORY-TRANSMITTER: ONE
CATEGORY-OVERLAY:
CLAIMED-SCORE: 15688
NAME: Christopher Gongre
LOCATION: NLI
OPERATORS: KA5W
CLUB:
CERTIFICATE: YES
CREATED-BY: N1MM Logger+ 1.0.6059.0
QSO:  7059 RY 2017-02-12 0413 KA5W          599 0001   KS0AA         599 0208
QSO:  7039 RY 2017-02-12 0436 KA5W          599 0002   NV9L          599 1580
QSO:  7042 RY 2017-02-12 0452 KA5W          599 0003   AA2MF         599 0388
QSO:  7043 RY 2017-02-12 0502 KA5W          599 0004   9A1A          599 1313
QSO:  7044 RY 2017-02-12 0503 KA5W          599 0005   LX7I          599 1105
QSO:  7044 RY 2017-02-12 0511 KA5W          599 0006   CR3A          599 1091
QSO:  7048 RY 2017-02-12 0523 KA5W          599 0007   WA7LNW        599 0693
QSO:  7054 RY 2017-02-12 0527 KA5W          599 0008   P49X          599 3020
QSO:  7069 RY 2017-02-12 0552 KA5W          599 0009   IQ6AN         599 1661
QSO:  7071 RY 2017-02-12 0558 KA5W          599 0010   F6CXJ         599 0173
QSO:  3573 RY 2017-02-12 0615 KA5W          599 0011   K4HAL         599 0330
QSO:  3576 RY 2017-02-12 0622 KA5W          599 0012   AC0C          599 2012
QSO:  3579 RY 2017-02-12 0625 KA5W          599 0013   AA3B          599 1837
QSO:  3581 RY 2017-02-12 0626 KA5W          599 0014   P49X          599 3117
QSO:  3581 RY 2017-02-12 0629 KA5W          599 0015   W9IE          599 0651
QSO:  3582 RY 2017-02-12 0634 KA5W          599 0016   CR3A          599 0341
QSO:  3583 RY 2017-02-12 0638 KA5W          599 0017   N6SS          599 0185
QSO:  3584 RY 2017-02-12 0639 KA5W          599 0018   AA5AU         599 0280
QSO:  3585 RY 2017-02-12 0641 KA5W          599 0019   NR4M          599 0650
QSO:  3589 RY 2017-02-12 0645 KA5W          599 0020   NY4I          599 1344
QSO:  3594 RY 2017-02-12 0649 KA5W          599 0021   DL8OH         599 0422
QSO:  7090 RY 2017-02-12 0706 KA5W          599 0022   4M4C          599 0505
QSO: 14079 RY 2017-02-12 1353 KA5W          599 0023   KZ7X          599 1141
QSO: 14081 RY 2017-02-12 1355 KA5W          599 0024   LX7I          599 0743
QSO: 14082 RY 2017-02-12 1358 KA5W          599 0025   OF5C          599 0841
QSO: 14082 RY 2017-02-12 1359 KA5W          599 0026   AA2MF         599 0450
QSO: 14083 RY 2017-02-12 1400 KA5W          599 0027   K5DU          599 1663
QSO: 14085 RY 2017-02-12 1403 KA5W          599 0028   M7C           599 1102
QSO: 14085 RY 2017-02-12 1404 KA5W          599 0029   DP9A          599 0396
QSO: 14087 RY 2017-02-12 1405 KA5W          599 0030   DL1DVO        599 0513
QSO: 14088 RY 2017-02-12 1407 KA5W          599 0031   EA6VQ         599 1191
QSO: 14089 RY 2017-02-12 1410 KA5W          599 0032   OM3RM         599 0292
QSO: 14089 RY 2017-02-12 1411 KA5W          599 0033   OK1KSL        599 1406
QSO: 14090 RY 2017-02-12 1412 KA5W          599 0034   P49X          599 3225
QSO: 14091 RY 2017-02-12 1419 KA5W          599 0035   WO4O          599 0242
QSO: 14094 RY 2017-02-12 1424 KA5W          599 0036   N0NI          599 0737
QSO: 14095 RY 2017-02-12 1426 KA5W          599 0037   DL70DSH       599 0448
QSO: 14096 RY 2017-02-12 1427 KA5W          599 0038   XE1GZU        599 0157
QSO: 14097 RY 2017-02-12 1428 KA5W          599 0039   AK9D          599 0637
QSO: 14098 RY 2017-02-12 1429 KA5W          599 0040   AC0C          599 2191
QSO: 14101 RY 2017-02-12 1432 KA5W          599 0041   LY9Y          599 1176
QSO: 14102 RY 2017-02-12 1438 KA5W          599 0042   DP7D          599 0762
QSO: 14103 RY 2017-02-12 1440 KA5W          599 0043   9A1A          599 1102
QSO: 14103 RY 2017-02-12 1441 KA5W          599 0044   NF0N          599 0080
QSO: 14107 RY 2017-02-12 1443 KA5W          599 0045   NY4I          599 1509
QSO: 14108 RY 2017-02-12 1444 KA5W          599 0046   OL3A          599 1442
QSO: 14109 RY 2017-02-12 1446 KA5W          599 0047   YL4U          599 0761
QSO: 14113 RY 2017-02-12 1452 KA5W          599 0048   F4HRM         599 0272
QSO: 14115 RY 2017-02-12 1455 KA5W          599 0049   LZ7A          599 0792
QSO: 14119 RY 2017-02-12 1502 KA5W          599 0050   W5NE          599 0547
QSO: 14125 RY 2017-02-12 1527 KA5W          599 0051   K0KB          599 1059
QSO: 14080 RY 2017-02-12 2126 KA5W          599 0052   WR5J          599 1178
QSO: 14082 RY 2017-02-12 2128 KA5W          599 0053   WP4WW         599 0321
QSO: 14085 RY 2017-02-12 2131 KA5W          599 0054   YV5EMG        599 0321
QSO: 14089 RY 2017-02-12 2134 KA5W          599 0055   KX7YT         599 0601
QSO: 14092 RY 2017-02-12 2141 KA5W          599 0056   VA7FC         599 0417
QSO: 14094 RY 2017-02-12 2143 KA5W          599 0057   NK7U          599 1120
QSO: 14095 RY 2017-02-12 2144 KA5W          599 0058   W4MLB         599 0651
QSO: 14097 RY 2017-02-12 2145 KA5W          599 0059   W6TK          599 0531
QSO: 14097 RY 2017-02-12 2147 KA5W          599 0060   CG5MX         599 1597
QSO: 14100 RY 2017-02-12 2153 KA5W          599 0061   NS4X          599 0027
QSO: 14101 RY 2017-02-12 2154 KA5W          599 0062   NO6F          599 1491
QSO: 14103 RY 2017-02-12 2155 KA5W          599 0063   K2DSW         599 0933
QSO: 14104 RY 2017-02-12 2159 KA5W          599 0064   N7ESU         599 0283
QSO: 14106 RY 2017-02-12 2200 KA5W          599 0065   NX0I          599 1080
QSO: 14112 RY 2017-02-12 2204 KA5W          599 0066   NN6NN         599 0551
QSO: 14114 RY 2017-02-12 2208 KA5W          599 0067   V31VP         599 1282
QSO: 14115 RY 2017-02-12 2212 KA5W          599 0068   K7GS          599 0261
QSO: 14118 RY 2017-02-12 2216 KA5W          599 0069   WQ6X          599 0990
QSO: 14120 RY 2017-02-12 2219 KA5W          599 0070   VE7SZ         599 0602
QSO: 14123 RY 2017-02-12 2225 KA5W          599 0071   KK6NON        599 0379
QSO: 14123 RY 2017-02-12 2227 KA5W          599 0072   WB9QAF        599 0170
QSO: 14126 RY 2017-02-12 2229 KA5W          599 0073   CG6WQ         599 0752
QSO: 14127 RY 2017-02-12 2231 KA5W          599 0074   WS7L          599 0809
QSO: 14128 RY 2017-02-12 2238 KA5W          599 0075   AF6SA         599 0744
QSO: 14128 RY 2017-02-12 2241 KA5W          599 0076   KU6W          599 1448
QSO: 14096 RY 2017-02-12 2246 KA5W          599 0077   N7QT          599 1458
QSO:  7056 RY 2017-02-12 2248 KA5W          599 0078   W8JWN         599 0964
QSO:  7056 RY 2017-02-12 2249 KA5W          599 0079   R7AB          599 1363
QSO:  7058 RY 2017-02-12 2250 KA5W          599 0080   K0TLG         599 0437
QSO:  7059 RY 2017-02-12 2252 KA5W          599 0081   AC0C          599 2576
QSO:  7059 RY 2017-02-12 2254 KA5W          599 0082   VE2GSO        599 0740
QSO:  7063 RY 2017-02-12 2259 KA5W          599 0083   IQ2CJ         599 0928
QSO:  7068 RY 2017-02-12 2305 KA5W          599 0084   WB2RHM        599 0428
QSO:  7068 RY 2017-02-12 2308 KA5W          599 0085   S51A          599 1303
END-OF-LOG:
