START-OF-LOG: 3.0
LOCATION: LA
CALLSIGN: WQ5OO
CLUB:
CONTEST: CQ-WPX-RTTY
CATEGORY-OPERATOR: SINGLE-OP
CATEGORY-ASSISTED: ASSISTED
CATEGORY-BAND: 40M
CATEGORY-MODE: RTTY
CATEGORY-POWER: HIGH
CATEGORY-STATION: FIXED
CATEGORY-TRANSMITTER: ONE
CLAIMED-SCORE: 3394592
OPERATORS: N8OO
NAME: Victor Petcherkin
CREATED-BY: N1MM Logger+ 1.0.7047.0
QSO:  7044 RY 2018-02-10 0000 WQ5OO         599 0001   EA5IIK        599 0001
QSO:  7044 RY 2018-02-10 0000 WQ5OO         599 0002   KC8HNZ        599 0001
QSO:  7044 RY 2018-02-10 0001 WQ5OO         599 0003   VE3KTB        599 0001
QSO:  7044 RY 2018-02-10 0004 WQ5OO         599 0004   N3ALN         599 0001
QSO:  7044 RY 2018-02-10 0005 WQ5OO         599 0005   W9JA          599 0005
QSO:  7044 RY 2018-02-10 0006 WQ5OO         599 0006   IZ2DII        599 0003
QSO:  7044 RY 2018-02-10 0006 WQ5OO         599 0007   TF1AM         599 0003
QSO:  7044 RY 2018-02-10 0007 WQ5OO         599 0008   WB4YDY        599 0004
QSO:  7044 RY 2018-02-10 0008 WQ5OO         599 0009   N2WK          599 0003
QSO:  7044 RY 2018-02-10 0008 WQ5OO         599 0010   LZ4AE         599 0001
QSO:  7044 RY 2018-02-10 0009 WQ5OO         599 0011   N8HP          599 0001
QSO:  7044 RY 2018-02-10 0010 WQ5OO         599 0012   W4USA/4       599 0001
QSO:  7044 RY 2018-02-10 0010 WQ5OO         599 0013   NJ4F          599 0005
QSO:  7044 RY 2018-02-10 0013 WQ5OO         599 0014   S56A          599 0018
QSO:  7044 RY 2018-02-10 0013 WQ5OO         599 0015   KD2DXJ        599 0002
QSO:  7044 RY 2018-02-10 0014 WQ5OO         599 0016   K4KZ          599 0003
QSO:  7044 RY 2018-02-10 0015 WQ5OO         599 0017   KB1EFS        599 0006
QSO:  7044 RY 2018-02-10 0016 WQ5OO         599 0018   CM8NMN        599 0007
QSO:  7044 RY 2018-02-10 0018 WQ5OO         599 0019   VE2GSO        599 0004
QSO:  7044 RY 2018-02-10 0018 WQ5OO         599 0020   ND3N          599 0006
QSO:  7044 RY 2018-02-10 0020 WQ5OO         599 0021   K1LHO         599 0003
QSO:  7044 RY 2018-02-10 0021 WQ5OO         599 0022   EA2XR         599 0010
QSO:  7044 RY 2018-02-10 0021 WQ5OO         599 0023   WA8OJR        599 0002
QSO:  7044 RY 2018-02-10 0022 WQ5OO         599 0024   DL0HMK        599 0008
QSO:  7044 RY 2018-02-10 0023 WQ5OO         599 0025   WD8KNC        599 0008
QSO:  7044 RY 2018-02-10 0024 WQ5OO         599 0026   WA2MCR        599 0013
QSO:  7044 RY 2018-02-10 0025 WQ5OO         599 0027   WT9U          599 0021
QSO:  7044 RY 2018-02-10 0026 WQ5OO         599 0028   DA0WFF        599 0009
QSO:  7044 RY 2018-02-10 0026 WQ5OO         599 0029   AI0Y          599 0001
QSO:  7044 RY 2018-02-10 0027 WQ5OO         599 0030   W2YE          599 0013
QSO:  7044 RY 2018-02-10 0029 WQ5OO         599 0031   W1HBR         599 0003
QSO:  7044 RY 2018-02-10 0029 WQ5OO         599 0032   WB0QLU        599 0008
QSO:  7044 RY 2018-02-10 0030 WQ5OO         599 0033   Z60A          599 0023
QSO:  7044 RY 2018-02-10 0031 WQ5OO         599 0034   IK2PZC        599 0016
QSO:  7044 RY 2018-02-10 0032 WQ5OO         599 0035   VA3EC         599 0005
QSO:  7044 RY 2018-02-10 0033 WQ5OO         599 0036   KE1S          599 0014
QSO:  7044 RY 2018-02-10 0035 WQ5OO         599 0037   W9PA          599 0020
QSO:  7044 RY 2018-02-10 0036 WQ5OO         599 0038   EA2BNU        599 0013
QSO:  7044 RY 2018-02-10 0036 WQ5OO         599 0039   NJ3I          599 0017
QSO:  7044 RY 2018-02-10 0039 WQ5OO         599 0040   W4MYA         599 0009
QSO:  7044 RY 2018-02-10 0040 WQ5OO         599 0041   CT1FKN        599 0005
QSO:  7044 RY 2018-02-10 0041 WQ5OO         599 0042   KG4USN        599 0014
QSO:  7044 RY 2018-02-10 0041 WQ5OO         599 0043   W2VTV         599 0010
QSO:  7044 RY 2018-02-10 0043 WQ5OO         599 0044   K3SAE         599 0011
QSO:  7044 RY 2018-02-10 0044 WQ5OO         599 0045   VE2NGO        599 0005
QSO:  7044 RY 2018-02-10 0044 WQ5OO         599 0046   VA3MJR        599 0013
QSO:  7044 RY 2018-02-10 0045 WQ5OO         599 0047   VE3CX         599 0041
QSO:  7044 RY 2018-02-10 0045 WQ5OO         599 0048   VE2AXO        599 0017
QSO:  7044 RY 2018-02-10 0046 WQ5OO         599 0049   N2HMM         599 0016
QSO:  7044 RY 2018-02-10 0047 WQ5OO         599 0050   K2RB          599 0011
QSO:  7044 RY 2018-02-10 0048 WQ5OO         599 0051   KD4ADC        599 0004
QSO:  7044 RY 2018-02-10 0049 WQ5OO         599 0052   HG1S          599 0038
QSO:  7044 RY 2018-02-10 0050 WQ5OO         599 0053   WS3C          599 0002
QSO:  7044 RY 2018-02-10 0051 WQ5OO         599 0054   ND8L          599 0024
QSO:  7044 RY 2018-02-10 0051 WQ5OO         599 0055   N8WXQ         599 0018
QSO:  7044 RY 2018-02-10 0052 WQ5OO         599 0056   VE3RZ         599 0025
QSO:  7044 RY 2018-02-10 0053 WQ5OO         599 0057   K6LRN         599 0011
QSO:  7044 RY 2018-02-10 0053 WQ5OO         599 0058   K7TM          599 0004
QSO:  7044 RY 2018-02-10 0054 WQ5OO         599 0059   K7OM          599 0023
QSO:  7044 RY 2018-02-10 0054 WQ5OO         599 0060   DK7HA         599 0042
QSO:  7044 RY 2018-02-10 0055 WQ5OO         599 0061   M0UNI         599 0031
QSO:  7044 RY 2018-02-10 0056 WQ5OO         599 0062   W2DXE         599 0007
QSO:  7044 RY 2018-02-10 0059 WQ5OO         599 0063   N8NOE         599 0006
QSO:  7044 RY 2018-02-10 0059 WQ5OO         599 0064   NC4MI         599 0008
QSO:  7044 RY 2018-02-10 0059 WQ5OO         599 0065   VE3JI         599 0011
QSO:  7044 RY 2018-02-10 0102 WQ5OO         599 0066   K4MIL         599 0022
QSO:  7044 RY 2018-02-10 0102 WQ5OO         599 0067   W1EQ          599 0020
QSO:  7044 RY 2018-02-10 0104 WQ5OO         599 0068   NE8O/4        599 0007
QSO:  7044 RY 2018-02-10 0104 WQ5OO         599 0069   W1NG          599 0003
QSO:  7044 RY 2018-02-10 0105 WQ5OO         599 0070   AD7XG         599 0020
QSO:  7044 RY 2018-02-10 0105 WQ5OO         599 0071   EA8AQV        599 0024
QSO:  7044 RY 2018-02-10 0106 WQ5OO         599 0072   K2AMI         599 0004
QSO:  7044 RY 2018-02-10 0107 WQ5OO         599 0073   N4MM          599 0014
QSO:  7044 RY 2018-02-10 0107 WQ5OO         599 0074   VA3LR         599 0020
QSO:  7044 RY 2018-02-10 0108 WQ5OO         599 0075   KB2CKN        599 0019
QSO:  7044 RY 2018-02-10 0108 WQ5OO         599 0076   K8QKY         599 0020
QSO:  7044 RY 2018-02-10 0109 WQ5OO         599 0077   VE3RCN        599 0018
QSO:  7044 RY 2018-02-10 0109 WQ5OO         599 0078   NC3P          599 0007
QSO:  7044 RY 2018-02-10 0110 WQ5OO         599 0079   AB3U          599 0009
QSO:  7044 RY 2018-02-10 0110 WQ5OO         599 0080   AB4SF         599 0038
QSO:  7044 RY 2018-02-10 0111 WQ5OO         599 0081   K1BZ          599 0015
QSO:  7044 RY 2018-02-10 0111 WQ5OO         599 0082   N8TCP         599 0022
QSO:  7044 RY 2018-02-10 0112 WQ5OO         599 0083   CT7AJL        599 0051
QSO:  7044 RY 2018-02-10 0112 WQ5OO         599 0084   NJ2F          599 0017
QSO:  7044 RY 2018-02-10 0113 WQ5OO         599 0085   W4PJW         599 0034
QSO:  7044 RY 2018-02-10 0113 WQ5OO         599 0086   DG7CF         599 0027
QSO:  7044 RY 2018-02-10 0114 WQ5OO         599 0087   VA3DF         599 0045
QSO:  7044 RY 2018-02-10 0114 WQ5OO         599 0088   AC3U          599 0036
QSO:  7044 RY 2018-02-10 0114 WQ5OO         599 0089   K2MK          599 0007
QSO:  7044 RY 2018-02-10 0115 WQ5OO         599 0090   K4MI          599 0007
QSO:  7044 RY 2018-02-10 0115 WQ5OO         599 0091   EB3CW         599 0058
QSO:  7044 RY 2018-02-10 0116 WQ5OO         599 0092   K9CHP         599 0003
QSO:  7044 RY 2018-02-10 0116 WQ5OO         599 0093   AI6O          599 0013
QSO:  7044 RY 2018-02-10 0117 WQ5OO         599 0094   VE2EBK        599 0044
QSO:  7044 RY 2018-02-10 0118 WQ5OO         599 0095   W3RGA         599 0038
QSO:  7044 RY 2018-02-10 0119 WQ5OO         599 0096   WJ2D          599 0053
QSO:  7044 RY 2018-02-10 0119 WQ5OO         599 0097   KO6LU         599 0012
QSO:  7044 RY 2018-02-10 0120 WQ5OO         599 0098   KC2ZDC        599 0005
QSO:  7044 RY 2018-02-10 0121 WQ5OO         599 0099   WD0T          599 0049
QSO:  7044 RY 2018-02-10 0122 WQ5OO         599 0100   KF4FC         599 0025
QSO:  7044 RY 2018-02-10 0123 WQ5OO         599 0101   EA4BAS        599 0028
QSO:  7044 RY 2018-02-10 0123 WQ5OO         599 0102   K5VIP         599 0009
QSO:  7044 RY 2018-02-10 0124 WQ5OO         599 0103   K8YE          599 0026
QSO:  7044 RY 2018-02-10 0125 WQ5OO         599 0104   W3OU          599 0021
QSO:  7044 RY 2018-02-10 0125 WQ5OO         599 0105   N4CF          599 0019
QSO:  7044 RY 2018-02-10 0126 WQ5OO         599 0106   KS2G          599 0003
QSO:  7044 RY 2018-02-10 0126 WQ5OO         599 0107   WC4J          599 0006
QSO:  7044 RY 2018-02-10 0127 WQ5OO         599 0108   W1MAW         599 0002
QSO:  7044 RY 2018-02-10 0128 WQ5OO         599 0109   WB0ULX        599 0003
QSO:  7044 RY 2018-02-10 0129 WQ5OO         599 0110   9A7T          599 0031
QSO:  7044 RY 2018-02-10 0130 WQ5OO         599 0111   AE8TF         599 0012
QSO:  7044 RY 2018-02-10 0130 WQ5OO         599 0112   N3CHX         599 0004
QSO:  7044 RY 2018-02-10 0131 WQ5OO         599 0113   K8AJS         599 0025
QSO:  7044 RY 2018-02-10 0132 WQ5OO         599 0114   KE1R          599 0014
QSO:  7044 RY 2018-02-10 0133 WQ5OO         599 0115   K2LNS         599 0001
QSO:  7044 RY 2018-02-10 0134 WQ5OO         599 0116   LZ7A          599 0073
QSO:  7044 RY 2018-02-10 0134 WQ5OO         599 0117   WB2COY        599 0021
QSO:  7044 RY 2018-02-10 0135 WQ5OO         599 0118   KA3GIK        599 0059
QSO:  7044 RY 2018-02-10 0135 WQ5OO         599 0119   VA3CP         599 0003
QSO:  7044 RY 2018-02-10 0136 WQ5OO         599 0120   DF8AA         599 0026
QSO:  7044 RY 2018-02-10 0136 WQ5OO         599 0121   KU2M          599 0073
QSO:  7044 RY 2018-02-10 0137 WQ5OO         599 0122   S52X          599 0085
QSO:  7044 RY 2018-02-10 0137 WQ5OO         599 0123   VA3TTB        599 0014
QSO:  7044 RY 2018-02-10 0138 WQ5OO         599 0124   W0DC          599 0008
QSO:  7044 RY 2018-02-10 0139 WQ5OO         599 0125   NI7R          599 0009
QSO:  7044 RY 2018-02-10 0140 WQ5OO         599 0126   N3QW          599 0020
QSO:  7044 RY 2018-02-10 0141 WQ5OO         599 0127   KC7V          599 0003
QSO:  7044 RY 2018-02-10 0141 WQ5OO         599 0128   KA6BIM        599 0093
QSO:  7044 RY 2018-02-10 0141 WQ5OO         599 0129   N2NS          599 0048
QSO:  7044 RY 2018-02-10 0142 WQ5OO         599 0130   NA2M          599 0022
QSO:  7044 RY 2018-02-10 0143 WQ5OO         599 0131   W6MYN         599 0005
QSO:  7044 RY 2018-02-10 0143 WQ5OO         599 0132   K2XR          599 0063
QSO:  7044 RY 2018-02-10 0144 WQ5OO         599 0133   W2FDJ         599 0008
QSO:  7044 RY 2018-02-10 0145 WQ5OO         599 0134   WA0LJM        599 0029
QSO:  7044 RY 2018-02-10 0145 WQ5OO         599 0135   ND6P          599 0046
QSO:  7044 RY 2018-02-10 0145 WQ5OO         599 0136   W8JWN         599 0032
QSO:  7044 RY 2018-02-10 0147 WQ5OO         599 0137   XE2FGC        599 0021
QSO:  7044 RY 2018-02-10 0147 WQ5OO         599 0138   AA5VU         599 0017
QSO:  7044 RY 2018-02-10 0148 WQ5OO         599 0139   K4MM          599 0012
QSO:  7044 RY 2018-02-10 0148 WQ5OO         599 0140   W9AKS         599 0028
QSO:  7044 RY 2018-02-10 0149 WQ5OO         599 0141   WB8BZK        599 0031
QSO:  7044 RY 2018-02-10 0150 WQ5OO         599 0142   KC2WUF        599 0012
QSO:  7044 RY 2018-02-10 0150 WQ5OO         599 0143   K6EU          599 0047
QSO:  7044 RY 2018-02-10 0151 WQ5OO         599 0144   W8AT          599 0029
QSO:  7044 RY 2018-02-10 0151 WQ5OO         599 0145   K0JJR         599 0048
QSO:  7044 RY 2018-02-10 0152 WQ5OO         599 0146   K4XL          599 0091
QSO:  7044 RY 2018-02-10 0152 WQ5OO         599 0147   WX4G          599 0078
QSO:  7044 RY 2018-02-10 0154 WQ5OO         599 0148   AA0AW         599 0013
QSO:  7044 RY 2018-02-10 0155 WQ5OO         599 0149   N9WVM         599 0008
QSO:  7044 RY 2018-02-10 0156 WQ5OO         599 0150   VE7CC         599 0108
QSO:  7044 RY 2018-02-10 0157 WQ5OO         599 0151   W8WE          599 0013
QSO:  7044 RY 2018-02-10 0200 WQ5OO         599 0152   K8RGI/4       599 0019
QSO:  7044 RY 2018-02-10 0200 WQ5OO         599 0153   WQ1H          599 0030
QSO:  7044 RY 2018-02-10 0201 WQ5OO         599 0154   PY6TS         599 0009
QSO:  7044 RY 2018-02-10 0202 WQ5OO         599 0155   VE3PJ         599 0045
QSO:  7044 RY 2018-02-10 0202 WQ5OO         599 0156   ND9G          599 0040
QSO:  7044 RY 2018-02-10 0204 WQ5OO         599 0157   AC9KW         599 0057
QSO:  7044 RY 2018-02-10 0204 WQ5OO         599 0158   V31VP         599 0074
QSO:  7044 RY 2018-02-10 0205 WQ5OO         599 0159   PY2MSR        599 0002
QSO:  7044 RY 2018-02-10 0205 WQ5OO         599 0160   YV5EMG        599 0019
QSO:  7044 RY 2018-02-10 0206 WQ5OO         599 0161   CP6UA         599 0012
QSO:  7044 RY 2018-02-10 0207 WQ5OO         599 0162   N6GAT         599 0002
QSO:  7044 RY 2018-02-10 0209 WQ5OO         599 0163   V31TF         599 0073
QSO:  7044 RY 2018-02-10 0209 WQ5OO         599 0164   K3VAR         599 0034
QSO:  7044 RY 2018-02-10 0210 WQ5OO         599 0165   SN20UM        599 0124
QSO:  7044 RY 2018-02-10 0211 WQ5OO         599 0166   AA9L          599 0002
QSO:  7044 RY 2018-02-10 0212 WQ5OO         599 0167   AA2IL         599 0005
QSO:  7044 RY 2018-02-10 0213 WQ5OO         599 0168   K6DTT         599 0007
QSO:  7044 RY 2018-02-10 0214 WQ5OO         599 0169   WW4DD         599 0001
QSO:  7044 RY 2018-02-10 0215 WQ5OO         599 0170   KB3LIX        599 0036
QSO:  7044 RY 2018-02-10 0216 WQ5OO         599 0171   N9IO          599 0037
QSO:  7044 RY 2018-02-10 0218 WQ5OO         599 0172   KX1X          599 0022
QSO:  7044 RY 2018-02-10 0218 WQ5OO         599 0173   K1DBO         599 0010
QSO:  7044 RY 2018-02-10 0219 WQ5OO         599 0174   PR7MB         599 0004
QSO:  7044 RY 2018-02-10 0222 WQ5OO         599 0175   N9YKE         599 0002
QSO:  7044 RY 2018-02-10 0223 WQ5OO         599 0176   KB7ABJ        599 0001
QSO:  7044 RY 2018-02-10 0224 WQ5OO         599 0177   WA8CLT        599 0013
QSO:  7044 RY 2018-02-10 0224 WQ5OO         599 0178   AK6W          599 0068
QSO:  7044 RY 2018-02-10 0225 WQ5OO         599 0179   WA7AN         599 0122
QSO:  7044 RY 2018-02-10 0226 WQ5OO         599 0180   NT0Z          599 0003
QSO:  7044 RY 2018-02-10 0226 WQ5OO         599 0181   W9VQ          599 0005
QSO:  7044 RY 2018-02-10 0227 WQ5OO         599 0182   DJ8VH         599 0094
QSO:  7044 RY 2018-02-10 0227 WQ5OO         599 0183   AB8M          599 0043
QSO:  7044 RY 2018-02-10 0228 WQ5OO         599 0184   K9DX          599 0025
QSO:  7044 RY 2018-02-10 0228 WQ5OO         599 0185   VE2BVV        599 0042
QSO:  7044 RY 2018-02-10 0229 WQ5OO         599 0186   K9OM          599 0210
QSO:  7044 RY 2018-02-10 0229 WQ5OO         599 0187   VA7DX         599 0061
QSO:  7044 RY 2018-02-10 0230 WQ5OO         599 0188   KB9DVC        599 0015
QSO:  7044 RY 2018-02-10 0230 WQ5OO         599 0189   WT0DX         599 0062
QSO:  7044 RY 2018-02-10 0231 WQ5OO         599 0190   N1FDX         599 0003
QSO:  7044 RY 2018-02-10 0231 WQ5OO         599 0191   WB0N          599 0018
QSO:  7044 RY 2018-02-10 0232 WQ5OO         599 0192   KB9SWI        599 0007
QSO:  7044 RY 2018-02-10 0233 WQ5OO         599 0193   CO8RCP        599 0062
QSO:  7044 RY 2018-02-10 0236 WQ5OO         599 0194   OE1SZW        599 0008
QSO:  7044 RY 2018-02-10 0236 WQ5OO         599 0195   WB2NFL        599 0028
QSO:  7044 RY 2018-02-10 0237 WQ5OO         599 0196   AF6SA         599 0014
QSO:  7044 RY 2018-02-10 0238 WQ5OO         599 0197   AC2OC         599 0018
QSO:  7044 RY 2018-02-10 0238 WQ5OO         599 0198   KE3GK         599 0025
QSO:  7044 RY 2018-02-10 0240 WQ5OO         599 0199   VE3GMZ        599 0001
QSO:  7044 RY 2018-02-10 0241 WQ5OO         599 0200   W9FY          599 0038
QSO:  7044 RY 2018-02-10 0241 WQ5OO         599 0201   K8SEM         599 0008
QSO:  7044 RY 2018-02-10 0242 WQ5OO         599 0202   KI0J          599 0002
QSO:  7044 RY 2018-02-10 0242 WQ5OO         599 0203   AB9YC         599 0079
QSO:  7044 RY 2018-02-10 0243 WQ5OO         599 0204   KM9R          599 0037
QSO:  7044 RY 2018-02-10 0244 WQ5OO         599 0205   AA7CR         599 0041
QSO:  7044 RY 2018-02-10 0245 WQ5OO         599 0206   YO4BEW        599 0030
QSO:  7044 RY 2018-02-10 0245 WQ5OO         599 0207   N1UZ          599 0052
QSO:  7044 RY 2018-02-10 0246 WQ5OO         599 0208   NU3H          599 0014
QSO:  7044 RY 2018-02-10 0246 WQ5OO         599 0209   K2AL          599 0006
QSO:  7044 RY 2018-02-10 0247 WQ5OO         599 0210   IZ8ESX        599 0182
QSO:  7044 RY 2018-02-10 0248 WQ5OO         599 0211   W9BGJ         599 0004
QSO:  7044 RY 2018-02-10 0249 WQ5OO         599 0212   N3EOE         599 0013
QSO:  7044 RY 2018-02-10 0249 WQ5OO         599 0213   AK1W          599 0242
QSO:  7044 RY 2018-02-10 0250 WQ5OO         599 0214   W6SX          599 0208
QSO:  7044 RY 2018-02-10 0251 WQ5OO         599 0215   K2NV          599 0046
QSO:  7044 RY 2018-02-10 0251 WQ5OO         599 0216   K0FX          599 0066
QSO:  7044 RY 2018-02-10 0252 WQ5OO         599 0217   VE6BBP        599 0006
QSO:  7044 RY 2018-02-10 0252 WQ5OO         599 0218   KW9U          599 0041
QSO:  7044 RY 2018-02-10 0253 WQ5OO         599 0219   W5PF          599 0071
QSO:  7044 RY 2018-02-10 0254 WQ5OO         599 0220   NC0DX         599 0170
QSO:  7044 RY 2018-02-10 0255 WQ5OO         599 0221   N6QQ          599 0143
QSO:  7044 RY 2018-02-10 0255 WQ5OO         599 0222   NK7U          599 0075
QSO:  7044 RY 2018-02-10 0256 WQ5OO         599 0223   S51A          599 0210
QSO:  7044 RY 2018-02-10 0256 WQ5OO         599 0224   YO9HP         599 0150
QSO:  7044 RY 2018-02-10 0258 WQ5OO         599 0225   NA3M          599 0093
QSO:  7044 RY 2018-02-10 0300 WQ5OO         599 0226   W6PG          579 0021
QSO:  7044 RY 2018-02-10 0300 WQ5OO         599 0227   XE2TPJ        599 0010
QSO:  7044 RY 2018-02-10 0301 WQ5OO         599 0228   W1ARY         599 0041
QSO:  7044 RY 2018-02-10 0302 WQ5OO         599 0229   VE5SKI        599 0008
QSO:  7044 RY 2018-02-10 0303 WQ5OO         599 0230   KN7K          599 0056
QSO:  7044 RY 2018-02-10 0304 WQ5OO         599 0231   YQ6A          599 0148
QSO:  7044 RY 2018-02-10 0305 WQ5OO         599 0232   LY100CY       599 0156
QSO:  7044 RY 2018-02-10 0305 WQ5OO         599 0233   9H1AE         599 0057
QSO:  7044 RY 2018-02-10 0307 WQ5OO         599 0234   W3FV          599 0097
QSO:  7044 RY 2018-02-10 0308 WQ5OO         599 0235   W2KYM         599 0004
QSO:  7044 RY 2018-02-10 0309 WQ5OO         599 0236   KK8MM         599 0061
QSO:  7044 RY 2018-02-10 0310 WQ5OO         599 0237   CM7OK         599 0018
QSO:  7044 RY 2018-02-10 0311 WQ5OO         599 0238   CO6RD         599 0160
QSO:  7044 RY 2018-02-10 0312 WQ5OO         599 0239   K7AZT         599 0020
QSO:  7044 RY 2018-02-10 0312 WQ5OO         599 0240   AL7LO         599 0045
QSO:  7044 RY 2018-02-10 0313 WQ5OO         599 0241   K3YP          599 0008
QSO:  7044 RY 2018-02-10 0314 WQ5OO         599 0242   W7XQ          599 0045
QSO:  7044 RY 2018-02-10 0314 WQ5OO         599 0243   N6JNL         599 0017
QSO:  7044 RY 2018-02-10 0317 WQ5OO         599 0244   AK2S          599 0032
QSO:  7044 RY 2018-02-10 0318 WQ5OO         599 0245   W3TB          599 0046
QSO:  7044 RY 2018-02-10 0319 WQ5OO         599 0246   EA5ME         599 0024
QSO:  7044 RY 2018-02-10 0320 WQ5OO         599 0247   WU6TT         599 0125
QSO:  7044 RY 2018-02-10 0324 WQ5OO         599 0248   M0YTT         599 0041
QSO:  7044 RY 2018-02-10 0324 WQ5OO         599 0249   WZ7ZR         599 0167
QSO:  7044 RY 2018-02-10 0326 WQ5OO         599 0250   LZ5K          599 0040
QSO:  7044 RY 2018-02-10 0327 WQ5OO         599 0251   AB1ZQ         599 0009
QSO:  7044 RY 2018-02-10 0329 WQ5OO         599 0252   UZ2I          599 0206
QSO:  7044 RY 2018-02-10 0329 WQ5OO         599 0253   K3WI          599 0081
QSO:  7044 RY 2018-02-10 0331 WQ5OO         599 0254   K5VI          599 0005
QSO:  7044 RY 2018-02-10 0332 WQ5OO         599 0255   N2LK          599 0041
QSO:  7044 RY 2018-02-10 0333 WQ5OO         599 0256   VE2ZT         599 0002
QSO:  7044 RY 2018-02-10 0336 WQ5OO         599 0257   K7MKL/VE3     599 0063
QSO:  7044 RY 2018-02-10 0341 WQ5OO         599 0258   W4YDY         599 0002
QSO:  7044 RY 2018-02-10 0342 WQ5OO         599 0259   K4HPS         599 0006
QSO:  7044 RY 2018-02-10 0344 WQ5OO         599 0260   WQ6K          599 0187
QSO:  7044 RY 2018-02-10 0344 WQ5OO         599 0261   NC6R          599 0014
QSO:  7044 RY 2018-02-10 0345 WQ5OO         599 0262   W7YKN         599 0025
QSO:  7044 RY 2018-02-10 0345 WQ5OO         599 0263   WB5TUF        599 0012
QSO:  7044 RY 2018-02-10 0346 WQ5OO         599 0264   YT4TT         599 0057
QSO:  7044 RY 2018-02-10 0347 WQ5OO         599 0265   NW6P          599 0115
QSO:  7044 RY 2018-02-10 0347 WQ5OO         599 0266   K6MUG         599 0008
QSO:  7044 RY 2018-02-10 0349 WQ5OO         599 0267   KJ1J          599 0002
QSO:  7044 RY 2018-02-10 0349 WQ5OO         599 0268   WK1Q          599 0180
QSO:  7044 RY 2018-02-10 0350 WQ5OO         599 0269   ES100C        599 0078
QSO:  7044 RY 2018-02-10 0353 WQ5OO         599 0270   K6ELE         599 0058
QSO:  7044 RY 2018-02-10 0353 WQ5OO         599 0271   NR2C          599 0088
QSO:  7044 RY 2018-02-10 0353 WQ5OO         599 0272   K2YG          599 0047
QSO:  7044 RY 2018-02-10 0354 WQ5OO         599 0273   KR1CW         599 0020
QSO:  7044 RY 2018-02-10 0356 WQ5OO         599 0274   R6AJ          599 0070
QSO:  7044 RY 2018-02-10 0358 WQ5OO         599 0275   DL0VG         599 0094
QSO:  7044 RY 2018-02-10 0358 WQ5OO         599 0276   R7MM          599 0173
QSO:  7044 RY 2018-02-10 0359 WQ5OO         599 0277   EA5TD         599 0005
QSO:  7044 RY 2018-02-10 0359 WQ5OO         599 0278   WK7S          599 0320
QSO:  7044 RY 2018-02-10 0400 WQ5OO         599 0279   K7SCG         599 0279
QSO:  7044 RY 2018-02-10 0402 WQ5OO         599 0280   K7RB/1        599 0019
QSO:  7044 RY 2018-02-10 0404 WQ5OO         599 0281   ZS2EZ         599 0001
QSO:  7044 RY 2018-02-10 0405 WQ5OO         599 0282   UT3QD         599 0106
QSO:  7044 RY 2018-02-10 0406 WQ5OO         599 0283   RQ7R          599 0078
QSO:  7044 RY 2018-02-10 0407 WQ5OO         599 0284   OK1PX         599 0064
QSO:  7044 RY 2018-02-10 0407 WQ5OO         599 0285   NA5WH         599 0057
QSO:  7044 RY 2018-02-10 0408 WQ5OO         599 0286   WA3YZD        599 0043
QSO:  7044 RY 2018-02-10 0409 WQ5OO         599 0287   WS7V          599 0095
QSO:  7044 RY 2018-02-10 0410 WQ5OO         599 0288   SZ1A          599 0369
QSO:  7044 RY 2018-02-10 0411 WQ5OO         599 0289   ED2C          599 0111
QSO:  7044 RY 2018-02-10 0411 WQ5OO         599 0290   KF3CP         599 0010
QSO:  7044 RY 2018-02-10 0412 WQ5OO         599 0291   WX0Z          599 0029
QSO:  7044 RY 2018-02-10 0412 WQ5OO         599 0292   K9DJ          599 0017
QSO:  7044 RY 2018-02-10 0413 WQ5OO         599 0293   NG1R          599 0007
QSO:  7044 RY 2018-02-10 0413 WQ5OO         599 0294   W3UL          599 0008
QSO:  7044 RY 2018-02-10 0414 WQ5OO         599 0295   OZ5BAL        599 0009
QSO:  7044 RY 2018-02-10 0415 WQ5OO         599 0296   K0JY          599 0001
QSO:  7044 RY 2018-02-10 0416 WQ5OO         599 0297   EV1R          599 0197
QSO:  7044 RY 2018-02-10 0417 WQ5OO         599 0298   EO4M          599 0335
QSO:  7044 RY 2018-02-10 0417 WQ5OO         599 0299   S51DD         599 0094
QSO:  7044 RY 2018-02-10 0418 WQ5OO         599 0300   N2LEE         599 0011
QSO:  7044 RY 2018-02-10 0418 WQ5OO         599 0301   KH6CJJ        599 0058
QSO:  7044 RY 2018-02-10 0419 WQ5OO         599 0302   N6UTC         599 0007
QSO:  7044 RY 2018-02-10 0421 WQ5OO         599 0303   UT2IU         599 0246
QSO:  7044 RY 2018-02-10 0422 WQ5OO         599 0304   ZS1TMJ        599 0027
QSO:  7044 RY 2018-02-10 0422 WQ5OO         599 0305   N9NA          599 0050
QSO:  7044 RY 2018-02-10 0424 WQ5OO         599 0306   PE1CPJ        599 0005
QSO:  7044 RY 2018-02-10 0424 WQ5OO         599 0307   KB7N          599 0036
QSO:  7044 RY 2018-02-10 0425 WQ5OO         599 0308   UR7EC         599 0141
QSO:  7044 RY 2018-02-10 0425 WQ5OO         599 0309   K7TQ          599 0053
QSO:  7044 RY 2018-02-10 0427 WQ5OO         599 0310   VE6FRD        599 0025
QSO:  7044 RY 2018-02-10 0427 WQ5OO         599 0311   N7XCZ         599 0027
QSO:  7044 RY 2018-02-10 0429 WQ5OO         599 0312   N3ATE         599 0030
QSO:  7044 RY 2018-02-10 0430 WQ5OO         599 0313   WI2E          599 0013
QSO:  7044 RY 2018-02-10 0432 WQ5OO         599 0314   K7LFY         599 0021
QSO:  7044 RY 2018-02-10 0433 WQ5OO         599 0315   KF1D          599 0008
QSO:  7044 RY 2018-02-10 0434 WQ5OO         599 0316   KL7SB         599 0274
QSO:  7044 RY 2018-02-10 0434 WQ5OO         599 0317   N7TMS         599 0050
QSO:  7044 RY 2018-02-10 0437 WQ5OO         599 0318   VE5MX         599 0298
QSO:  7043 RY 2018-02-10 0439 WQ5OO         599 0319   TG9ANF        599 0173
QSO:  7038 RY 2018-02-10 0439 WQ5OO         599 0320   PJ2T          599 0395
QSO:  7044 RY 2018-02-10 0441 WQ5OO         599 0321   S53M          599 0229
QSO:  7044 RY 2018-02-10 0442 WQ5OO         599 0322   SP2KDS        599 0115
QSO:  7044 RY 2018-02-10 0442 WQ5OO         599 0323   W6TK          599 0060
QSO:  7044 RY 2018-02-10 0443 WQ5OO         599 0324   DL1T          599 0162
QSO:  7044 RY 2018-02-10 0444 WQ5OO         599 0325   DJ4MH         599 0219
QSO:  7044 RY 2018-02-10 0444 WQ5OO         599 0326   K6RWM         599 0018
QSO:  7044 RY 2018-02-10 0444 WQ5OO         599 0327   WH7W          599 0004
QSO:  7044 RY 2018-02-10 0446 WQ5OO         599 0328   IQ2CU         599 0008
QSO:  7044 RY 2018-02-10 0446 WQ5OO         599 0329   DQ2C          599 0053
QSO:  7044 RY 2018-02-10 0447 WQ5OO         599 0330   DL5JS         599 0192
QSO:  7044 RY 2018-02-10 0448 WQ5OO         599 0331   DC9ZP         599 0004
QSO:  7044 RY 2018-02-10 0448 WQ5OO         599 0332   DJ3JD         599 0007
QSO:  7044 RY 2018-02-10 0450 WQ5OO         599 0333   TG9ADQ        599 0058
QSO:  7044 RY 2018-02-10 0451 WQ5OO         599 0334   N6VNI         599 0001
QSO:  7044 RY 2018-02-10 0453 WQ5OO         599 0335   UT2AB         599 0025
QSO:  7044 RY 2018-02-10 0455 WQ5OO         599 0336   YT2AAA        599 0051
QSO:  7044 RY 2018-02-10 0456 WQ5OO         599 0337   G6MXL         599 0024
QSO:  7044 RY 2018-02-10 0457 WQ5OO         599 0338   AA3LX         599 0007
QSO:  7044 RY 2018-02-10 0458 WQ5OO         599 0339   OK2FD         599 0027
QSO:  7044 RY 2018-02-10 0459 WQ5OO         599 0340   OK1MSP        599 0027
QSO:  7044 RY 2018-02-10 0500 WQ5OO         599 0341   KD2KOS        599 0003
QSO:  7044 RY 2018-02-10 0501 WQ5OO         599 0342   SN2M          599 0248
QSO:  7044 RY 2018-02-10 0502 WQ5OO         599 0343   N0AJN         599 0008
QSO:  7044 RY 2018-02-10 0503 WQ5OO         599 0344   W3XOX         599 0066
QSO:  7044 RY 2018-02-10 0504 WQ5OO         599 0345   XE1GZU        599 0008
QSO:  7044 RY 2018-02-10 0504 WQ5OO         599 0346   DF6RI         599 0034
QSO:  7044 RY 2018-02-10 0505 WQ5OO         599 0347   F4GDI         599 0138
QSO:  7044 RY 2018-02-10 0505 WQ5OO         599 0348   HG7T          599 0136
QSO:  7044 RY 2018-02-10 0506 WQ5OO         599 0349   I0AAF         599 0014
QSO:  7044 RY 2018-02-10 0507 WQ5OO         599 0350   ON4ATK        599 0002
QSO:  7044 RY 2018-02-10 0507 WQ5OO         599 0351   F5CQ          599 0006
QSO:  7044 RY 2018-02-10 0508 WQ5OO         599 0352   AI4WU         599 0012
QSO:  7044 RY 2018-02-10 0508 WQ5OO         599 0353   N7UVH         599 0058
QSO:  7044 RY 2018-02-10 0509 WQ5OO         599 0354   RA6C          599 0095
QSO:  7044 RY 2018-02-10 0510 WQ5OO         599 0355   IX1CLD        599 0157
QSO:  7044 RY 2018-02-10 0511 WQ5OO         599 0356   UT3N          599 0024
QSO:  7044 RY 2018-02-10 0511 WQ5OO         599 0357   DD5M          599 0063
QSO:  7044 RY 2018-02-10 0512 WQ5OO         599 0358   WS7L          599 0024
QSO:  7044 RY 2018-02-10 0512 WQ5OO         599 0359   K6UM          599 0047
QSO:  7044 RY 2018-02-10 0513 WQ5OO         599 0360   EE5V          599 0003
QSO:  7044 RY 2018-02-10 0514 WQ5OO         599 0361   AC0C          599 0049
QSO:  7044 RY 2018-02-10 0515 WQ5OO         599 0362   YO3RU         599 0013
QSO:  7044 RY 2018-02-10 0515 WQ5OO         599 0363   IV3IYH        599 0003
QSO:  7044 RY 2018-02-10 0516 WQ5OO         599 0364   KE6SHL        599 0017
QSO:  7044 RY 2018-02-10 0516 WQ5OO         599 0365   N7QT          599 0199
QSO:  7044 RY 2018-02-10 0517 WQ5OO         599 0366   N5TU          599 0012
QSO:  7044 RY 2018-02-10 0518 WQ5OO         599 0367   WB6TYP        599 0014
QSO:  7044 RY 2018-02-10 0519 WQ5OO         599 0368   TM5J          599 0016
QSO:  7044 RY 2018-02-10 0520 WQ5OO         599 0369   DL6KVA        599 0012
QSO:  7044 RY 2018-02-10 0520 WQ5OO         599 0370   K3AJ          599 0138
QSO:  7044 RY 2018-02-10 0522 WQ5OO         599 0371   K8IA          599 0373
QSO:  7044 RY 2018-02-10 0523 WQ5OO         599 0372   9A5ST         599 0111
QSO:  7044 RY 2018-02-10 0524 WQ5OO         599 0373   KM6TJ         599 0005
QSO:  7044 RY 2018-02-10 0524 WQ5OO         599 0374   KY3W          599 0061
QSO:  7044 RY 2018-02-10 0526 WQ5OO         599 0375   UZ4U          599 0025
QSO:  7044 RY 2018-02-10 0526 WQ5OO         599 0376   WA2HIP        599 0057
QSO:  7044 RY 2018-02-10 0527 WQ5OO         599 0377   KE8M          599 0022
QSO:  7044 RY 2018-02-10 0529 WQ5OO         599 0378   SV1DOO        599 0066
QSO:  7044 RY 2018-02-10 0531 WQ5OO         599 0379   KI6RRN        599 0303
QSO:  7044 RY 2018-02-10 0532 WQ5OO         599 0380   KP3LR         599 0106
QSO:  7044 RY 2018-02-10 0532 WQ5OO         599 0381   KB1RI         599 0076
QSO:  7044 RY 2018-02-10 0533 WQ5OO         599 0382   KF7GMV        599 0042
QSO:  7044 RY 2018-02-10 0534 WQ5OO         599 0383   EA1CF         599 0023
QSO:  7044 RY 2018-02-10 0534 WQ5OO         599 0384   UR4MG         599 0112
QSO:  7044 RY 2018-02-10 0535 WQ5OO         599 0385   DF1LON        599 0046
QSO:  7044 RY 2018-02-10 0537 WQ5OO         599 0386   DA0WRTC       599 0181
QSO:  7044 RY 2018-02-10 0538 WQ5OO         599 0387   KF6HI         599 0026
QSO:  7044 RY 2018-02-10 0539 WQ5OO         599 0388   OK2UHP        599 0003
QSO:  7044 RY 2018-02-10 0540 WQ5OO         599 0389   YP5A          599 0004
QSO:  7044 RY 2018-02-10 0540 WQ5OO         599 0390   KD2DVW        599 0018
QSO:  7044 RY 2018-02-10 0541 WQ5OO         599 0391   W1IBN         599 0003
QSO:  7044 RY 2018-02-10 0542 WQ5OO         599 0392   K1DM          599 0091
QSO:  7044 RY 2018-02-10 0542 WQ5OO         599 0393   ND2K          599 0017
QSO:  7044 RY 2018-02-10 0548 WQ5OO         599 0394   UT5EPP        599 0155
QSO:  7044 RY 2018-02-10 0550 WQ5OO         599 0395   KS7AA         599 0507
QSO:  7044 RY 2018-02-10 0550 WQ5OO         599 0396   KS4S          599 0100
QSO:  7044 RY 2018-02-10 0550 WQ5OO         599 0397   K7VIT         599 0063
QSO:  7044 RY 2018-02-10 0551 WQ5OO         599 0398   ZX2V          599 0291
QSO:  7044 RY 2018-02-10 0552 WQ5OO         599 0399   VE3IIM        599 0011
QSO:  7044 RY 2018-02-10 0552 WQ5OO         599 0400   EA3IAA        599 0017
QSO:  7044 RY 2018-02-10 0553 WQ5OO         599 0401   N5HC          599 0258
QSO:  7044 RY 2018-02-10 0553 WQ5OO         599 0402   SP3RBG        599 0175
QSO:  7044 RY 2018-02-10 0554 WQ5OO         599 0403   W4WW          599 0001
QSO:  7044 RY 2018-02-10 0555 WQ5OO         599 0404   WB6JJJ        599 0061
QSO:  7044 RY 2018-02-10 0555 WQ5OO         599 0405   KW7N          599 0058
QSO:  7044 RY 2018-02-10 0556 WQ5OO         599 0406   N4MIT         599 0019
QSO:  7044 RY 2018-02-10 0556 WQ5OO         599 0407   SV5DKL        599 0007
QSO:  7044 RY 2018-02-10 0557 WQ5OO         599 0408   KO7SS         599 0305
QSO:  7044 RY 2018-02-10 0558 WQ5OO         599 0409   KK6KMU        599 0053
QSO:  7044 RY 2018-02-10 0601 WQ5OO         599 0410   SP6NVN        599 0006
QSO:  7044 RY 2018-02-10 0602 WQ5OO         599 0411   SP2KPD        599 0004
QSO:  7044 RY 2018-02-10 0603 WQ5OO         599 0412   WB9TFH        599 0050
QSO:  7044 RY 2018-02-10 0603 WQ5OO         599 0413   UR7CT         599 0078
QSO:  7044 RY 2018-02-10 0621 WQ5OO         599 0414   KA4RRU        599 0076
QSO:  7044 RY 2018-02-10 0624 WQ5OO         599 0415   F4HHL         599 0005
QSO:  7044 RY 2018-02-10 0625 WQ5OO         599 0416   OM4O          599 0027
QSO:  7044 RY 2018-02-10 0625 WQ5OO         599 0417   TM84S         599 0032
QSO:  7044 RY 2018-02-10 0627 WQ5OO         599 0418   HB9BAS        599 0006
QSO:  7044 RY 2018-02-10 0629 WQ5OO         599 0419   KK6NON        599 0088
QSO:  7044 RY 2018-02-10 0630 WQ5OO         599 0420   OE5PEN        599 0061
QSO:  7044 RY 2018-02-10 0632 WQ5OO         599 0421   W9IL          599 0285
QSO:  7044 RY 2018-02-10 0635 WQ5OO         599 0422   I0GIA         599 0005
QSO:  7044 RY 2018-02-10 0637 WQ5OO         599 0423   N0UK          599 0013
QSO:  7044 RY 2018-02-10 0639 WQ5OO         599 0424   AA6OC         599 0010
QSO:  7044 RY 2018-02-10 0640 WQ5OO         599 0425   NC6Q          599 0024
QSO:  7044 RY 2018-02-10 0643 WQ5OO         599 0426   DL7UXG        599 0022
QSO:  7044 RY 2018-02-10 0644 WQ5OO         599 0427   TM4E          599 0007
QSO:  7044 RY 2018-02-10 0644 WQ5OO         599 0428   DL7VOG        599 0101
QSO:  7044 RY 2018-02-10 0646 WQ5OO         599 0429   DM5B          599 0054
QSO:  7044 RY 2018-02-10 0647 WQ5OO         599 0430   ZL3PAH        599 0035
QSO:  7044 RY 2018-02-10 0653 WQ5OO         599 0431   N4LV          599 0141
QSO:  7045 RY 2018-02-10 0659 WQ5OO         599 0432   LX7I          599 0343
QSO:  7040 RY 2018-02-10 0701 WQ5OO         599 0433   HG0R          599 0105
QSO:  7042 RY 2018-02-10 0703 WQ5OO         599 0434   9A1A          599 0350
QSO:  7035 RY 2018-02-10 0704 WQ5OO         599 0435   S57AM         599 0136
QSO:  7079 RY 2018-02-10 0707 WQ5OO         599 0436   ZL4YL         599 0178
QSO:  7071 RY 2018-02-10 0709 WQ5OO         599 0437   SO4M          599 0539
QSO:  7040 RY 2018-02-10 0710 WQ5OO         599 0438   N3QE          599 0451
QSO:  7040 RY 2018-02-10 0712 WQ5OO         599 0439   NI1L          599 0057
QSO:  7040 RY 2018-02-10 0713 WQ5OO         599 0440   AD5XD         599 0261
QSO:  7040 RY 2018-02-10 0714 WQ5OO         599 0441   DJ2YE         599 0044
QSO:  7040 RY 2018-02-10 0715 WQ5OO         599 0442   OP4A          599 0041
QSO:  7040 RY 2018-02-10 0719 WQ5OO         599 0443   DK2AT         599 0007
QSO:  7040 RY 2018-02-10 0719 WQ5OO         599 0444   K4GMH         599 0436
QSO:  7040 RY 2018-02-10 0719 WQ5OO         599 0445   WX6M          599 0046
QSO:  7040 RY 2018-02-10 0720 WQ5OO         599 0446   WX6V          599 0046
QSO:  7065 RY 2018-02-10 0723 WQ5OO         599 0447   SN7Q          599 0724
QSO:  7058 RY 2018-02-10 0724 WQ5OO         599 0448   OK6W          599 0742
QSO:  7055 RY 2018-02-10 0726 WQ5OO         599 0449   OE9R          599 0365
QSO:  7068 RY 2018-02-10 0728 WQ5OO         599 0450   W4MLB         599 0354
QSO:  7050 RY 2018-02-10 0729 WQ5OO         599 0451   IQ2CJ         599 0655
QSO:  7047 RY 2018-02-10 0732 WQ5OO         599 0452   ON5GQ         599 0114
QSO:  7068 RY 2018-02-10 0733 WQ5OO         599 0453   EB8AH         599 0427
QSO:  7037 RY 2018-02-10 0737 WQ5OO         599 0454   DR7T          599 0061
QSO:  7037 RY 2018-02-10 0739 WQ5OO         599 0455   9A4R          599 0002
QSO:  7037 RY 2018-02-10 0742 WQ5OO         599 0456   K2PS          599 0004
QSO:  7037 RY 2018-02-10 0742 WQ5OO         599 0457   KE3K          599 0057
QSO:  7037 RY 2018-02-10 0744 WQ5OO         599 0458   KM4SII        599 0081
QSO:  7037 RY 2018-02-10 0745 WQ5OO         599 0459   F1IWH         599 0063
QSO:  7037 RY 2018-02-10 0748 WQ5OO         599 0460   DQ4W          599 0226
QSO:  7037 RY 2018-02-10 0750 WQ5OO         599 0461   KM8G          599 0001
QSO:  7040 RY 2018-02-10 0753 WQ5OO         599 0462   JA1BJI        599 0159
QSO:  7040 RY 2018-02-10 0800 WQ5OO         599 0463   WB3JFS        599 0113
QSO:  7040 RY 2018-02-10 0802 WQ5OO         599 0464   YB9WIC        599 0064
QSO:  7040 RY 2018-02-10 0802 WQ5OO         599 0465   AA3B          599 0700
QSO:  7040 RY 2018-02-10 0803 WQ5OO         599 0466   8N3H70Y       599 0028
QSO:  7040 RY 2018-02-10 0806 WQ5OO         599 0467   JH8KYU/1      599 0109
QSO:  7040 RY 2018-02-10 0808 WQ5OO         599 0468   WQ3U          599 0059
QSO:  7040 RY 2018-02-10 0809 WQ5OO         599 0469   JH3FUK        599 0043
QSO:  7040 RY 2018-02-10 0810 WQ5OO         599 0470   K7HP          599 0113
QSO:  7040 RY 2018-02-10 0812 WQ5OO         599 0471   JA1WSK        599 0021
QSO:  7040 RY 2018-02-10 0813 WQ5OO         599 0472   W6RC          599 0145
QSO:  7040 RY 2018-02-10 0814 WQ5OO         599 0473   WX7MB         599 0076
QSO:  7040 RY 2018-02-10 0819 WQ5OO         599 0474   WI7N          599 0165
QSO:  7040 RY 2018-02-10 0819 WQ5OO         599 0475   JA1XS         599 0042
QSO:  7040 RY 2018-02-10 0823 WQ5OO         599 0476   W4UEF         599 0233
QSO:  7040 RY 2018-02-10 0827 WQ5OO         599 0477   N4TB          599 0035
QSO:  7040 RY 2018-02-10 0828 WQ5OO         599 0478   NL7V          599 0039
QSO:  7040 RY 2018-02-10 0828 WQ5OO         599 0479   JR1BAS        599 0013
QSO:  7040 RY 2018-02-10 0829 WQ5OO         599 0480   JH1OAI        599 0093
QSO:  7040 RY 2018-02-10 0834 WQ5OO         599 0481   JA1VWK        599 0019
QSO:  7040 RY 2018-02-10 0837 WQ5OO         599 0482   YD8UXV        599 0012
QSO:  7040 RY 2018-02-10 0844 WQ5OO         599 0483   JA1IE         599 0047
QSO:  7040 RY 2018-02-10 0847 WQ5OO         599 0484   N5RLM         599 0057
QSO:  7040 RY 2018-02-10 0852 WQ5OO         599 0485   JH3FGI        599 0028
QSO:  7040 RY 2018-02-10 0853 WQ5OO         599 0486   W7PU          599 0023
QSO:  7040 RY 2018-02-10 0853 WQ5OO         599 0487   W6JBR         599 0039
QSO:  7040 RY 2018-02-10 0854 WQ5OO         599 0488   WB7BBQ        599 0011
QSO:  7040 RY 2018-02-10 0855 WQ5OO         599 0489   JA1IZ         599 0120
QSO:  7040 RY 2018-02-10 0859 WQ5OO         599 0490   YB8RW         599 0023
QSO:  7040 RY 2018-02-10 0901 WQ5OO         599 0491   JA1DOF        599 0033
QSO:  7040 RY 2018-02-10 0903 WQ5OO         599 0492   JG3FEA        599 0156
QSO:  7040 RY 2018-02-10 0909 WQ5OO         599 0493   7N4WPY        599 0032
QSO:  7040 RY 2018-02-10 0914 WQ5OO         599 0494   CM3EFM        599 0004
QSO:  7040 RY 2018-02-10 0915 WQ5OO         599 0495   N9WTX         599 0001
QSO:  7040 RY 2018-02-10 0917 WQ5OO         599 0496   KB3AAY        599 0003
QSO:  7040 RY 2018-02-10 0920 WQ5OO         599 0497   JF3EIG        599 0054
QSO:  7040 RY 2018-02-10 0921 WQ5OO         599 0498   JA3JND        599 0045
QSO:  7040 RY 2018-02-10 0922 WQ5OO         599 0499   JJ1ZEJ        599 0156
QSO:  7040 RY 2018-02-10 0925 WQ5OO         599 0500   JF2UPM        599 0003
QSO:  7040 RY 2018-02-10 0929 WQ5OO         599 0501   JP1HUJ        599 0038
QSO:  7040 RY 2018-02-10 0930 WQ5OO         599 0502   JA1XRA        599 0024
QSO:  7040 RY 2018-02-10 0931 WQ5OO         599 0503   JA8DNV        599 0013
QSO:  7040 RY 2018-02-10 0932 WQ5OO         599 0504   JA8KSF        599 0178
QSO:  7040 RY 2018-02-10 0934 WQ5OO         599 0505   K7RI          599 0265
QSO:  7040 RY 2018-02-10 0935 WQ5OO         599 0506   N2MM          599 0381
QSO:  7040 RY 2018-02-10 0937 WQ5OO         599 0507   JR2ECF        599 0014
QSO:  7040 RY 2018-02-10 0938 WQ5OO         599 0508   LU1BJW        599 0008
QSO:  7040 RY 2018-02-10 0948 WQ5OO         599 0509   JR4VEV        599 0177
QSO:  7040 RY 2018-02-10 0951 WQ5OO         599 0510   N7ESU         599 0060
QSO:  7040 RY 2018-02-10 0954 WQ5OO         599 0511   W5UHQ         599 0027
QSO:  7040 RY 2018-02-10 1002 WQ5OO         599 0512   YB1AR         599 0252
QSO:  7040 RY 2018-02-10 1005 WQ5OO         599 0513   W8JGU         599 0038
QSO:  7040 RY 2018-02-10 1005 WQ5OO         599 0514   VA3SB         599 0002
QSO:  7040 RY 2018-02-10 1006 WQ5OO         599 0515   KD8OSD        599 0005
QSO:  7040 RY 2018-02-10 1007 WQ5OO         599 0516   WE8R          599 0022
QSO:  7040 RY 2018-02-10 1010 WQ5OO         599 0517   JE1LFX        599 0238
QSO:  7040 RY 2018-02-10 1012 WQ5OO         599 0518   JA1SJV        599 0079
QSO:  7040 RY 2018-02-10 1013 WQ5OO         599 0519   JA8IAF        599 0035
QSO:  7040 RY 2018-02-10 1014 WQ5OO         599 0520   VE7KCY        599 0005
QSO:  7040 RY 2018-02-10 1014 WQ5OO         599 0521   KR4U          599 0436
QSO:  7040 RY 2018-02-10 1015 WQ5OO         599 0522   JA1HFY        599 0082
QSO:  7040 RY 2018-02-10 1016 WQ5OO         599 0523   JH3WKE        599 0139
QSO:  7040 RY 2018-02-10 1016 WQ5OO         599 0524   AG2AA         599 0018
QSO:  7040 RY 2018-02-10 1018 WQ5OO         599 0525   W7/LZ3AW      599 0003
QSO:  7040 RY 2018-02-10 1019 WQ5OO         599 0526   JM1MTE        599 0150
QSO:  7040 RY 2018-02-10 1020 WQ5OO         599 0527   JO4CFV        599 0093
QSO:  7040 RY 2018-02-10 1022 WQ5OO         599 0528   YD1MK         599 0029
QSO:  7040 RY 2018-02-10 1023 WQ5OO         599 0529   JA1GVM        599 0072
QSO:  7040 RY 2018-02-10 1023 WQ5OO         599 0530   K4JKB         599 0118
QSO:  7040 RY 2018-02-10 1024 WQ5OO         599 0531   JI4WAO        599 0137
QSO:  7040 RY 2018-02-10 1025 WQ5OO         599 0532   7N2UQC        599 0180
QSO:  7040 RY 2018-02-10 1026 WQ5OO         599 0533   YG7SPN        599 0013
QSO:  7040 RY 2018-02-10 1027 WQ5OO         599 0534   YB3FTD        599 0005
QSO:  7040 RY 2018-02-10 1031 WQ5OO         599 0535   JA7ACM        599 0192
QSO:  7040 RY 2018-02-10 1032 WQ5OO         599 0536   JA1SVP        599 0013
QSO:  7040 RY 2018-02-10 1033 WQ5OO         599 0537   JA3VLD        599 0019
QSO:  7040 RY 2018-02-10 1034 WQ5OO         599 0538   WX1S          599 0056
QSO:  7040 RY 2018-02-10 1034 WQ5OO         599 0539   7K4OIV        599 0003
QSO:  7040 RY 2018-02-10 1035 WQ5OO         599 0540   YB2ECG        599 0031
QSO:  7040 RY 2018-02-10 1037 WQ5OO         599 0541   JF1LMB        599 0149
QSO:  7040 RY 2018-02-10 1039 WQ5OO         599 0542   KM6Z          599 0112
QSO:  7040 RY 2018-02-10 1039 WQ5OO         599 0543   DU1JM         599 0214
QSO:  7040 RY 2018-02-10 1040 WQ5OO         599 0544   JJ1KZZ        599 0044
QSO:  7040 RY 2018-02-10 1040 WQ5OO         599 0545   JA0GCI        599 0025
QSO:  7040 RY 2018-02-10 1041 WQ5OO         599 0546   JH1NCZ        599 0041
QSO:  7040 RY 2018-02-10 1042 WQ5OO         599 0547   JE2CPI        599 0139
QSO:  7040 RY 2018-02-10 1043 WQ5OO         599 0548   JA7IC         599 0220
QSO:  7040 RY 2018-02-10 1045 WQ5OO         599 0549   JA7MWC        599 0048
QSO:  7040 RY 2018-02-10 1047 WQ5OO         599 0550   JM7UBI        599 0002
QSO:  7040 RY 2018-02-10 1047 WQ5OO         599 0551   JA1AZR        599 0060
QSO:  7040 RY 2018-02-10 1049 WQ5OO         599 0552   JA2AXB        599 0066
QSO:  7040 RY 2018-02-10 1050 WQ5OO         599 0553   JH0GHZ        599 0023
QSO:  7040 RY 2018-02-10 1051 WQ5OO         599 0554   JI1BJB        599 0014
QSO:  7040 RY 2018-02-10 1053 WQ5OO         599 0555   VA3TIC        599 0015
QSO:  7040 RY 2018-02-10 1054 WQ5OO         599 0556   JR1TMP        599 0002
QSO:  7040 RY 2018-02-10 1056 WQ5OO         599 0557   JA1AYO        599 0108
QSO:  7040 RY 2018-02-10 1056 WQ5OO         599 0558   JM1XCW        599 0268
QSO:  7040 RY 2018-02-10 1057 WQ5OO         599 0559   JA1LLG        599 0035
QSO:  7040 RY 2018-02-10 1058 WQ5OO         599 0560   JA6GCE        599 0123
QSO:  7040 RY 2018-02-10 1100 WQ5OO         599 0561   JH1CHU        599 0086
QSO:  7040 RY 2018-02-10 1105 WQ5OO         599 0562   JG2REJ        599 0149
QSO:  7040 RY 2018-02-10 1105 WQ5OO         599 0563   KG1V          599 0041
QSO:  7040 RY 2018-02-10 1107 WQ5OO         599 0564   JG3WDN        599 0099
QSO:  7040 RY 2018-02-10 1107 WQ5OO         599 0565   YC4KRZ        599 0050
QSO:  7040 RY 2018-02-10 1108 WQ5OO         599 0566   JG1IEF        599 0126
QSO:  7040 RY 2018-02-10 1109 WQ5OO         599 0567   JG5UWK        599 0113
QSO:  7040 RY 2018-02-10 1109 WQ5OO         599 0568   JA2ATE        599 0075
QSO:  7040 RY 2018-02-10 1110 WQ5OO         599 0569   JH1XUM        599 0210
QSO:  7040 RY 2018-02-10 1111 WQ5OO         599 0570   YC8UM         599 0067
QSO:  7040 RY 2018-02-10 1113 WQ5OO         599 0571   JA1JPM        599 0001
QSO:  7040 RY 2018-02-10 1114 WQ5OO         599 0572   K3TN          599 0077
QSO:  7040 RY 2018-02-10 1114 WQ5OO         599 0573   AG2T          599 0015
QSO:  7040 RY 2018-02-10 1116 WQ5OO         599 0574   JE1CAC        599 0040
QSO:  7040 RY 2018-02-10 1116 WQ5OO         599 0575   JA1ZGO        599 0179
QSO:  7040 RY 2018-02-10 1117 WQ5OO         599 0576   JO7KMB        599 0075
QSO:  7040 RY 2018-02-10 1118 WQ5OO         599 0577   JA7GYP        599 0069
QSO:  7040 RY 2018-02-10 1119 WQ5OO         599 0578   JN1THL        599 0226
QSO:  7040 RY 2018-02-10 1120 WQ5OO         599 0579   JS1KKY        599 0064
QSO:  7040 RY 2018-02-10 1121 WQ5OO         599 0580   JI3CWI        599 0025
QSO:  7040 RY 2018-02-10 1122 WQ5OO         599 0581   YD0SDD        599 0054
QSO:  7040 RY 2018-02-10 1123 WQ5OO         599 0582   JA4XHF/3      599 0146
QSO:  7040 RY 2018-02-10 1124 WQ5OO         599 0583   W6YX          599 0053
QSO:  7040 RY 2018-02-10 1125 WQ5OO         599 0584   YG9DFN        599 0020
QSO:  7040 RY 2018-02-10 1126 WQ5OO         599 0585   N8VV          599 0032
QSO:  7040 RY 2018-02-10 1128 WQ5OO         599 0586   JH1CTV        599 0053
QSO:  7040 RY 2018-02-10 1129 WQ5OO         599 0587   JA1BWA        599 0060
QSO:  7040 RY 2018-02-10 1129 WQ5OO         599 0588   K3WW          599 0229
QSO:  7040 RY 2018-02-10 1130 WQ5OO         599 0589   AG1RL         599 0360
QSO:  7040 RY 2018-02-10 1132 WQ5OO         599 0590   N0GOS         599 0017
QSO:  7040 RY 2018-02-10 1133 WQ5OO         599 0591   JL3MCM        599 0031
QSO:  7040 RY 2018-02-10 1135 WQ5OO         599 0592   JA2HYD        599 0154
QSO:  7040 RY 2018-02-10 1139 WQ5OO         599 0593   JF1WNT        599 0074
QSO:  7040 RY 2018-02-10 1142 WQ5OO         599 0594   YC9SCN        599 0062
QSO:  7040 RY 2018-02-10 1143 WQ5OO         599 0595   NX5O          599 0091
QSO:  7040 RY 2018-02-10 1145 WQ5OO         599 0596   JH1KYA        599 0071
QSO:  7040 RY 2018-02-10 1147 WQ5OO         599 0597   W8LYJ         599 0010
QSO:  7040 RY 2018-02-10 1148 WQ5OO         599 0598   N3JIX         599 0012
QSO:  7040 RY 2018-02-10 1149 WQ5OO         599 0599   WF5E          599 0097
QSO:  7040 RY 2018-02-10 1149 WQ5OO         599 0600   YV5KG         599 0008
QSO:  7040 RY 2018-02-10 1150 WQ5OO         599 0601   KA2D          599 0029
QSO:  7040 RY 2018-02-10 1151 WQ5OO         599 0602   K0BJ          599 0112
QSO:  7040 RY 2018-02-10 1153 WQ5OO         599 0603   WA1TTL        599 0020
QSO:  7040 RY 2018-02-10 1155 WQ5OO         599 0604   W2LE          599 0004
QSO:  7040 RY 2018-02-10 1159 WQ5OO         599 0605   W2GS          599 0034
QSO:  7040 RY 2018-02-10 1200 WQ5OO         599 0606   VE7JH         599 0026
QSO:  7040 RY 2018-02-10 1202 WQ5OO         599 0607   VA3PC         599 0034
QSO:  7040 RY 2018-02-10 1203 WQ5OO         599 0608   AC4CA         599 0272
QSO:  7040 RY 2018-02-10 1204 WQ5OO         599 0609   AI9T          599 0173
QSO:  7040 RY 2018-02-10 1205 WQ5OO         599 0610   K4ME          599 0018
QSO:  7040 RY 2018-02-10 1208 WQ5OO         599 0611   JF1OPL        599 0286
QSO:  7040 RY 2018-02-10 1208 WQ5OO         599 0612   JA3MIB        599 0045
QSO:  7040 RY 2018-02-10 1210 WQ5OO         599 0613   N3WMC         599 0001
QSO:  7040 RY 2018-02-10 1211 WQ5OO         599 0614   N5IJE         599 0120
QSO:  7040 RY 2018-02-10 1212 WQ5OO         599 0615   JA2XYO        599 0263
QSO:  7040 RY 2018-02-10 1213 WQ5OO         599 0616   YB9GWR        599 0030
QSO:  7040 RY 2018-02-10 1214 WQ5OO         599 0617   N7NM          599 0213
QSO:  7040 RY 2018-02-10 1217 WQ5OO         599 0618   VA7GEM        599 0056
QSO:  7040 RY 2018-02-10 1218 WQ5OO         599 0619   JH6QFJ        599 0069
QSO:  7040 RY 2018-02-10 1219 WQ5OO         599 0620   JF1PTU        599 0010
QSO:  7040 RY 2018-02-10 1221 WQ5OO         599 0621   JA2FMN        599 0004
QSO:  7040 RY 2018-02-10 1221 WQ5OO         599 0622   NN5T          599 0221
QSO:  7040 RY 2018-02-10 1222 WQ5OO         599 0623   JH1FNU        599 0008
QSO:  7040 RY 2018-02-10 1224 WQ5OO         599 0624   YV1KK         599 0419
QSO:  7040 RY 2018-02-10 1224 WQ5OO         599 0625   JH4UTP        599 0418
QSO:  7040 RY 2018-02-10 1225 WQ5OO         599 0626   JN3SAC        599 0138
QSO:  7040 RY 2018-02-10 1226 WQ5OO         599 0627   K4LPQ         599 0098
QSO:  7040 RY 2018-02-10 1227 WQ5OO         599 0628   JH1LNL        599 0008
QSO:  7040 RY 2018-02-10 1229 WQ5OO         599 0629   JA4OPW        599 0007
QSO:  7040 RY 2018-02-10 1230 WQ5OO         599 0630   VK5GR         599 0162
QSO:  7040 RY 2018-02-10 1234 WQ5OO         599 0631   KF2O          599 0289
QSO:  7040 RY 2018-02-10 1236 WQ5OO         599 0632   N4VN          599 0017
QSO:  7040 RY 2018-02-10 1237 WQ5OO         599 0633   YV5KAJ        599 0155
QSO:  7040 RY 2018-02-10 1239 WQ5OO         599 0634   JA3LUU        599 0002
QSO:  7040 RY 2018-02-10 1240 WQ5OO         599 0635   JA2JNC        599 0095
QSO:  7040 RY 2018-02-10 1241 WQ5OO         599 0636   JA9LX         599 0084
QSO:  7040 RY 2018-02-10 1242 WQ5OO         599 0637   WD9HSY        599 0217
QSO:  7040 RY 2018-02-10 1243 WQ5OO         599 0638   JL1HOV        599 0079
QSO:  7040 RY 2018-02-10 1246 WQ5OO         599 0639   K0VG          599 0062
QSO:  7040 RY 2018-02-10 1246 WQ5OO         599 0640   N3CKI         599 0009
QSO:  7040 RY 2018-02-10 1247 WQ5OO         599 0641   K9PZ          599 0009
QSO:  7040 RY 2018-02-10 1248 WQ5OO         599 0642   N3FJP         599 0008
QSO:  7040 RY 2018-02-10 1248 WQ5OO         599 0643   N0KQ          599 0036
QSO:  7040 RY 2018-02-10 1249 WQ5OO         599 0644   W0GLB         599 0004
QSO:  7040 RY 2018-02-10 1251 WQ5OO         599 0645   YE2Y          599 0111
QSO:  7040 RY 2018-02-10 1254 WQ5OO         599 0646   K5MXG         599 0127
QSO:  7040 RY 2018-02-10 1255 WQ5OO         599 0647   JJ1VEZ        599 0028
QSO:  7040 RY 2018-02-10 1256 WQ5OO         599 0648   N9VPV         599 0015
QSO:  7040 RY 2018-02-10 1257 WQ5OO         599 0649   KS4X          599 0012
QSO:  7040 RY 2018-02-10 1258 WQ5OO         599 0650   W9LHG         599 0018
QSO:  7040 RY 2018-02-10 1258 WQ5OO         599 0651   KM4RK         599 0006
QSO:  7040 RY 2018-02-10 1259 WQ5OO         599 0652   JH1BIU        599 0157
QSO:  7040 RY 2018-02-10 1300 WQ5OO         599 0653   JH2LMH        599 0045
QSO:  7040 RY 2018-02-10 1301 WQ5OO         599 0654   JA1RZD        599 0051
QSO:  7040 RY 2018-02-10 1301 WQ5OO         599 0655   YB9WAN        599 0025
QSO:  7040 RY 2018-02-10 1303 WQ5OO         599 0656   W7FZY         599 0014
QSO:  7040 RY 2018-02-10 1305 WQ5OO         599 0657   JJ1NYH        599 0018
QSO:  7040 RY 2018-02-10 1305 WQ5OO         599 0658   W2RD          599 0047
QSO:  7040 RY 2018-02-10 1306 WQ5OO         599 0659   JE2FJI        599 0018
QSO:  7040 RY 2018-02-10 1307 WQ5OO         599 0660   N8CWU         599 0047
QSO:  7040 RY 2018-02-10 1308 WQ5OO         599 0661   K4YJ          599 0075
QSO:  7040 RY 2018-02-10 1310 WQ5OO         599 0662   JP3EXE        599 0053
QSO:  7040 RY 2018-02-10 1311 WQ5OO         599 0663   BV1EK         599 0255
QSO:  7040 RY 2018-02-10 1313 WQ5OO         599 0664   JP3AZM        599 0025
QSO:  7040 RY 2018-02-10 1315 WQ5OO         599 0665   JR0WZR        599 0013
QSO:  7040 RY 2018-02-10 1315 WQ5OO         599 0666   AB0LR         599 0330
QSO:  7040 RY 2018-02-10 1316 WQ5OO         599 0667   N8BJQ         599 0123
QSO:  7040 RY 2018-02-10 1318 WQ5OO         599 0668   VE6TK         599 0075
QSO:  7040 RY 2018-02-10 1319 WQ5OO         599 0669   YE4IJ         599 0047
QSO:  7040 RY 2018-02-10 1320 WQ5OO         599 0670   JH1RFM        599 0179
QSO:  7040 RY 2018-02-10 1321 WQ5OO         599 0671   KN4FRG        599 0025
QSO:  7040 RY 2018-02-10 1325 WQ5OO         599 0672   K4FJW         599 0086
QSO:  7040 RY 2018-02-10 1326 WQ5OO         599 0673   VE5TLW        599 0009
QSO:  7040 RY 2018-02-10 1326 WQ5OO         599 0674   W7OM          599 0147
QSO:  7040 RY 2018-02-10 1327 WQ5OO         599 0675   YB3XVO        599 0051
QSO:  7040 RY 2018-02-10 1328 WQ5OO         599 0676   9W6XEZ        599 0016
QSO:  7040 RY 2018-02-10 1329 WQ5OO         599 0677   KE8Y          599 0034
QSO:  7040 RY 2018-02-10 1330 WQ5OO         599 0678   AA2MF         599 0001
QSO:  7040 RY 2018-02-10 1331 WQ5OO         599 0679   JR2TTS        599 0031
QSO:  7040 RY 2018-02-10 1333 WQ5OO         599 0680   JA8TR         599 0181
QSO:  7040 RY 2018-02-10 1334 WQ5OO         599 0681   NQ8O          599 0071
QSO:  7040 RY 2018-02-10 1334 WQ5OO         599 0682   JA1RTX        599 0020
QSO:  7040 RY 2018-02-10 1335 WQ5OO         599 0683   K7FD          599 0049
QSO:  7040 RY 2018-02-10 1337 WQ5OO         599 0684   YC1DTE        599 0026
QSO:  7040 RY 2018-02-10 1339 WQ5OO         599 0685   YC1CWK        599 0184
QSO:  7040 RY 2018-02-10 1341 WQ5OO         599 0686   NI0K          599 0097
QSO:  7040 RY 2018-02-10 1343 WQ5OO         599 0687   K8PJK         599 0068
QSO:  7040 RY 2018-02-10 1344 WQ5OO         599 0688   XE2EX         599 0023
QSO:  7040 RY 2018-02-10 1346 WQ5OO         599 0689   JR2PMT        599 0110
QSO:  7040 RY 2018-02-10 1351 WQ5OO         599 0690   JH5AVM        599 0098
QSO:  7040 RY 2018-02-10 1351 WQ5OO         599 0691   JA4DWG        599 0074
QSO:  7040 RY 2018-02-10 1353 WQ5OO         599 0692   YD1EMV        599 0014
QSO:  7040 RY 2018-02-10 1354 WQ5OO         599 0693   NF0N          599 0055
QSO:  7040 RY 2018-02-10 1355 WQ5OO         599 0694   W9YK          599 0025
QSO:  7040 RY 2018-02-10 1357 WQ5OO         599 0695   YC3GOQ        599 0002
QSO:  7040 RY 2018-02-10 1358 WQ5OO         599 0696   KZ0US         599 0440
QSO:  7040 RY 2018-02-10 1359 WQ5OO         599 0697   AC0E          599 0007
QSO:  7034 RY 2018-02-10 1403 WQ5OO         599 0698   BG9XD         599 0177
QSO:  7045 RY 2018-02-10 1404 WQ5OO         599 0699   KT4RR         599 0109
QSO:  7052 RY 2018-02-10 1405 WQ5OO         599 0700   NF6A          599 0345
QSO:  7054 RY 2018-02-10 1406 WQ5OO         599 0701   KC9K          599 0041
QSO:  7063 RY 2018-02-10 1406 WQ5OO         599 0702   WN6K          599 0272
QSO:  7036 RY 2018-02-10 1411 WQ5OO         599 0703   KO0Z          599 0044
QSO:  7062 RY 2018-02-10 1413 WQ5OO         599 0704   DY1T          599 0187
QSO:  7041 RY 2018-02-10 1415 WQ5OO         599 0705   KM4FO         599 0028
QSO:  7060 RY 2018-02-10 2145 WQ5OO         599 0706   AJ7G          599 0027
QSO:  7040 RY 2018-02-10 2149 WQ5OO         599 0707   K2CJB         599 0010
QSO:  7040 RY 2018-02-10 2149 WQ5OO         599 0708   AA5VN         599 0045
QSO:  7040 RY 2018-02-10 2150 WQ5OO         599 0709   WV2ZOW        599 0038
QSO:  7040 RY 2018-02-10 2151 WQ5OO         599 0710   N4MKA         599 0021
QSO:  7040 RY 2018-02-10 2155 WQ5OO         599 0711   WS6K          599 0148
QSO:  7033 RY 2018-02-10 2157 WQ5OO         599 0712   P49X          599 1786
QSO:  7084 RY 2018-02-10 2204 WQ5OO         599 0713   KG9X          599 0222
QSO:  7090 RY 2018-02-10 2206 WQ5OO         599 0714   N2BJ          599 0593
QSO:  7089 RY 2018-02-10 2206 WQ5OO         599 0715   VE3MGY        599 0235
QSO:  7088 RY 2018-02-10 2207 WQ5OO         599 0716   WA1ZYX        599 0103
QSO:  7085 RY 2018-02-10 2209 WQ5OO         599 0717   XE1IB         599 0075
QSO:  7092 RY 2018-02-10 2209 WQ5OO         599 0718   WT2P          599 0289
QSO:  7081 RY 2018-02-10 2211 WQ5OO         599 0719   NQ6N          599 0036
QSO:  7082 RY 2018-02-10 2211 WQ5OO         599 0720   KS0AA         599 0249
QSO:  7070 RY 2018-02-10 2213 WQ5OO         599 0721   W4GO          599 0510
QSO:  7066 RY 2018-02-10 2215 WQ5OO         599 0722   NE3F          599 0071
QSO:  7064 RY 2018-02-10 2216 WQ5OO         599 0723   K3MD          599 0590
QSO:  7063 RY 2018-02-10 2217 WQ5OO         599 0724   NF3R          599 0298
QSO:  7051 RY 2018-02-10 2218 WQ5OO         599 0725   WV1K          599 0851
QSO:  7049 RY 2018-02-10 2219 WQ5OO         599 0726   N1API         599 0314
QSO:  7039 RY 2018-02-10 2220 WQ5OO         599 0727   W4UK          599 0139
QSO:  7041 RY 2018-02-10 2221 WQ5OO         599 0728   N3FIX         599 0001
QSO:  7041 RY 2018-02-10 2222 WQ5OO         599 0729   K8LS          599 0128
QSO:  7041 RY 2018-02-10 2223 WQ5OO         599 0730   HA1TNX        599 0151
QSO:  7041 RY 2018-02-10 2224 WQ5OO         599 0731   AA5AU         599 0808
QSO:  7041 RY 2018-02-10 2225 WQ5OO         599 0732   AI4GR         599 0175
QSO:  7041 RY 2018-02-10 2226 WQ5OO         599 0733   NX8G          599 0162
QSO:  7041 RY 2018-02-10 2226 WQ5OO         599 0734   K4WW          599 0474
QSO:  7041 RY 2018-02-10 2228 WQ5OO         599 0735   N4IDH         599 0162
QSO:  7041 RY 2018-02-10 2229 WQ5OO         599 0736   KE0HQZ        599 0039
QSO:  7041 RY 2018-02-10 2233 WQ5OO         599 0737   IU1GNA        599 0223
QSO:  7041 RY 2018-02-10 2238 WQ5OO         599 0738   S58WW         599 0102
QSO:  7041 RY 2018-02-10 2241 WQ5OO         599 0739   F4EFI         599 0248
QSO:  7041 RY 2018-02-10 2242 WQ5OO         599 0740   N5SMQ         599 0080
QSO:  7041 RY 2018-02-10 2243 WQ5OO         599 0741   OM4Q          599 0810
QSO:  7041 RY 2018-02-10 2243 WQ5OO         599 0742   YV5ARM        599 0073
QSO:  7041 RY 2018-02-10 2244 WQ5OO         599 0743   K2TE          599 0161
QSO:  7041 RY 2018-02-10 2244 WQ5OO         599 0744   KT9L          599 0388
QSO:  7041 RY 2018-02-10 2245 WQ5OO         599 0745   IK4ZIF        599 0176
QSO:  7041 RY 2018-02-10 2245 WQ5OO         599 0746   SP2Y          599 0171
QSO:  7041 RY 2018-02-10 2246 WQ5OO         599 0747   K2RU          599 0067
QSO:  7041 RY 2018-02-10 2246 WQ5OO         599 0748   CO6HZ         599 0070
QSO:  7041 RY 2018-02-10 2247 WQ5OO         599 0749   W1KDA         599 0082
QSO:  7041 RY 2018-02-10 2247 WQ5OO         599 0750   W8MKR         599 0021
QSO:  7041 RY 2018-02-10 2248 WQ5OO         599 0751   DF7AT         599 0060
QSO:  7041 RY 2018-02-10 2250 WQ5OO         599 0752   SP2IPT        599 0068
QSO:  7041 RY 2018-02-10 2251 WQ5OO         599 0753   DL5MEV        599 0004
QSO:  7041 RY 2018-02-10 2252 WQ5OO         599 0754   AE1N          599 0053
QSO:  7041 RY 2018-02-10 2253 WQ5OO         599 0755   9A5D          599 1262
QSO:  7041 RY 2018-02-10 2254 WQ5OO         599 0756   KI0I          599 0137
QSO:  7041 RY 2018-02-10 2255 WQ5OO         599 0757   N4ART         599 0004
QSO:  7041 RY 2018-02-10 2255 WQ5OO         599 0758   DJ4MZ         599 0018
QSO:  7041 RY 2018-02-10 2256 WQ5OO         599 0759   SP2MKI        599 0186
QSO:  7041 RY 2018-02-10 2256 WQ5OO         599 0760   KF8MZ         599 0029
QSO:  7041 RY 2018-02-10 2256 WQ5OO         599 0761   DQ1P          599 0362
QSO:  7041 RY 2018-02-10 2257 WQ5OO         599 0762   Z37M          599 0917
QSO:  7041 RY 2018-02-10 2258 WQ5OO         599 0763   S58Q          599 0452
QSO:  7041 RY 2018-02-10 2301 WQ5OO         599 0764   EM0I          599 1565
QSO:  7041 RY 2018-02-10 2302 WQ5OO         599 0765   IU4FNO        599 0130
QSO:  7041 RY 2018-02-10 2302 WQ5OO         599 0766   IK3VUU        599 0055
QSO:  7041 RY 2018-02-10 2303 WQ5OO         599 0767   IK5UAN        599 0200
QSO:  7041 RY 2018-02-10 2304 WQ5OO         599 0768   DJ1XT         599 0416
QSO:  7041 RY 2018-02-10 2305 WQ5OO         599 0769   HI8PJP        599 0056
QSO:  7041 RY 2018-02-10 2305 WQ5OO         599 0770   SV1ME         599 0006
QSO:  7041 RY 2018-02-10 2306 WQ5OO         599 0771   NZ8J          599 0077
QSO:  7041 RY 2018-02-10 2308 WQ5OO         599 0772   N1DAY         599 0006
QSO:  7041 RY 2018-02-10 2309 WQ5OO         599 0773   9A1FL         599 0056
QSO:  7041 RY 2018-02-10 2311 WQ5OO         599 0774   NO0L          599 0076
QSO:  7041 RY 2018-02-10 2311 WQ5OO         599 0775   N4VUG         599 0030
QSO:  7041 RY 2018-02-10 2313 WQ5OO         599 0776   K7DR          599 0060
QSO:  7041 RY 2018-02-10 2314 WQ5OO         599 0777   OK1KSL        599 0975
QSO:  7041 RY 2018-02-10 2315 WQ5OO         599 0778   W3ZGD         599 0013
QSO:  7041 RY 2018-02-10 2316 WQ5OO         599 0779   DL9HK         599 0167
QSO:  7041 RY 2018-02-10 2317 WQ5OO         599 0780   F5SDD         599 0230
QSO:  7041 RY 2018-02-10 2318 WQ5OO         599 0781   DF1MM         599 0441
QSO:  7036 RY 2018-02-10 2319 WQ5OO         599 0782   W9IU          599 0670
QSO:  7082 RY 2018-02-10 2321 WQ5OO         599 0783   YV4MT         599 0051
QSO:  7082 RY 2018-02-10 2322 WQ5OO         599 0784   IK2OVT        599 0048
QSO:  7082 RY 2018-02-10 2324 WQ5OO         599 0785   DK2CC         599 0062
QSO:  7082 RY 2018-02-10 2325 WQ5OO         599 0786   4Z4DX         599 0072
QSO:  7082 RY 2018-02-10 2327 WQ5OO         599 0787   IK5BOH/2      599 0068
QSO:  7081 RY 2018-02-10 2329 WQ5OO         599 0788   N8EWX         599 0027
QSO:  7079 RY 2018-02-10 2330 WQ5OO         599 0789   OK1PI         599 0266
QSO:  7079 RY 2018-02-10 2331 WQ5OO         599 0790   G0SYP         599 0029
QSO:  7079 RY 2018-02-10 2332 WQ5OO         599 0791   DH8BQA        599 0728
QSO:  7079 RY 2018-02-10 2332 WQ5OO         599 0792   NO9O          599 0035
QSO:  7079 RY 2018-02-10 2333 WQ5OO         599 0793   NA9L          599 0032
QSO:  7079 RY 2018-02-10 2335 WQ5OO         599 0794   IK3BVD        599 0049
QSO:  7079 RY 2018-02-10 2335 WQ5OO         599 0795   N6HE          599 0124
QSO:  7079 RY 2018-02-10 2336 WQ5OO         599 0796   M0MPM         599 0033
QSO:  7079 RY 2018-02-10 2339 WQ5OO         599 0797   EW7M          599 0214
QSO:  7079 RY 2018-02-10 2340 WQ5OO         599 0798   VA3CTX        599 0001
QSO:  7079 RY 2018-02-10 2341 WQ5OO         599 0799   UV5U          599 0671
QSO:  7079 RY 2018-02-10 2342 WQ5OO         599 0800   OM3IAG        599 0274
QSO:  7079 RY 2018-02-10 2343 WQ5OO         599 0801   HP8/AA1M      599 0028
QSO:  7079 RY 2018-02-10 2345 WQ5OO         599 0802   N6MA          599 0151
QSO:  7079 RY 2018-02-10 2345 WQ5OO         599 0803   K4QS          599 0028
QSO:  7079 RY 2018-02-10 2346 WQ5OO         599 0804   K8RCT         599 0105
QSO:  7079 RY 2018-02-10 2347 WQ5OO         599 0805   OM3XX         599 0064
QSO:  7079 RY 2018-02-10 2347 WQ5OO         599 0806   W4UT          599 0072
QSO:  7079 RY 2018-02-10 2350 WQ5OO         599 0807   GW4MVA        599 0106
QSO:  7079 RY 2018-02-10 2351 WQ5OO         599 0808   K3LUE         599 0116
QSO:  7079 RY 2018-02-10 2352 WQ5OO         599 0809   KF2OG         599 0160
QSO:  7079 RY 2018-02-10 2353 WQ5OO         599 0810   DL1EAL        599 0128
QSO:  7079 RY 2018-02-10 2354 WQ5OO         599 0811   DJ3IW         599 0207
QSO:  7079 RY 2018-02-10 2355 WQ5OO         599 0812   K3UL          599 0236
QSO:  7079 RY 2018-02-10 2356 WQ5OO         599 0813   EB5CS         599 0113
QSO:  7079 RY 2018-02-10 2357 WQ5OO         599 0814   WA5LXS        599 0050
QSO:  7079 RY 2018-02-10 2357 WQ5OO         599 0815   DL6SFR        599 0205
QSO:  7079 RY 2018-02-11 0000 WQ5OO         599 0816   IT9R          599 0939
QSO:  7079 RY 2018-02-11 0001 WQ5OO         599 0817   4O6ATU        599 0229
QSO:  7079 RY 2018-02-11 0002 WQ5OO         599 0818   WZ0W          599 0100
QSO:  7079 RY 2018-02-11 0002 WQ5OO         599 0819   K9KE          599 0049
QSO:  7079 RY 2018-02-11 0003 WQ5OO         599 0820   N0BUI         599 0249
QSO:  7079 RY 2018-02-11 0004 WQ5OO         599 0821   K1ECU         599 0002
QSO:  7079 RY 2018-02-11 0004 WQ5OO         599 0822   N9SB          599 0153
QSO:  7079 RY 2018-02-11 0005 WQ5OO         599 0823   DF0BV         599 0126
QSO:  7079 RY 2018-02-11 0007 WQ5OO         599 0824   UW5IM         599 0143
QSO:  7079 RY 2018-02-11 0007 WQ5OO         599 0825   OT6M          599 0656
QSO:  7079 RY 2018-02-11 0009 WQ5OO         599 0826   CT2JMR        599 0126
QSO:  7079 RY 2018-02-11 0010 WQ5OO         599 0827   AA8OY         599 0133
QSO:  7079 RY 2018-02-11 0011 WQ5OO         599 0828   DL2HYH        599 0224
QSO:  7079 RY 2018-02-11 0011 WQ5OO         599 0829   NG2P          599 0109
QSO:  7079 RY 2018-02-11 0012 WQ5OO         599 0830   OK6K          599 0440
QSO:  7079 RY 2018-02-11 0012 WQ5OO         599 0831   DL0CS         599 0634
QSO:  7079 RY 2018-02-11 0013 WQ5OO         599 0832   F/SQ1M        599 0433
QSO:  7079 RY 2018-02-11 0013 WQ5OO         599 0833   PD7DX         599 0019
QSO:  7079 RY 2018-02-11 0016 WQ5OO         599 0834   WB9B          599 0091
QSO:  7079 RY 2018-02-11 0016 WQ5OO         599 0835   RA3Y          599 0626
QSO:  7079 RY 2018-02-11 0017 WQ5OO         599 0836   IV3UT         599 0072
QSO:  7079 RY 2018-02-11 0019 WQ5OO         599 0837   VY0ERC        599 0154
QSO:  7079 RY 2018-02-11 0019 WQ5OO         599 0838   SQ6E          599 0058
QSO:  7079 RY 2018-02-11 0021 WQ5OO         599 0839   IW2MXY        599 0236
QSO:  7079 RY 2018-02-11 0021 WQ5OO         599 0840   HB2K          599 0364
QSO:  7079 RY 2018-02-11 0023 WQ5OO         599 0841   W0LSD/QRP     599 0026
QSO:  7079 RY 2018-02-11 0024 WQ5OO         599 0842   KY4P          599 0063
QSO:  7079 RY 2018-02-11 0025 WQ5OO         599 0843   N2MUN         599 0126
QSO:  7079 RY 2018-02-11 0027 WQ5OO         599 0844   AC2IK         599 0068
QSO:  7079 RY 2018-02-11 0028 WQ5OO         599 0845   WA1FXK        599 0176
QSO:  7079 RY 2018-02-11 0029 WQ5OO         599 0846   VA7RN         599 0109
QSO:  7079 RY 2018-02-11 0030 WQ5OO         599 0847   KD6OAT        599 0008
QSO:  7079 RY 2018-02-11 0030 WQ5OO         599 0848   KC6X          599 0256
QSO:  7079 RY 2018-02-11 0030 WQ5OO         599 0849   KC9UR         599 0010
QSO:  7079 RY 2018-02-11 0031 WQ5OO         599 0850   WA0LPV        599 0079
QSO:  7079 RY 2018-02-11 0033 WQ5OO         599 0851   WB0PTO        599 0058
QSO:  7079 RY 2018-02-11 0034 WQ5OO         599 0852   KP4JFR        599 0062
QSO:  7079 RY 2018-02-11 0035 WQ5OO         599 0853   DF8XC         599 0275
QSO:  7079 RY 2018-02-11 0036 WQ5OO         599 0854   DL0VBG        599 0069
QSO:  7079 RY 2018-02-11 0036 WQ5OO         599 0855   N8AID         599 0036
QSO:  7079 RY 2018-02-11 0037 WQ5OO         599 0856   W8EH          599 0037
QSO:  7079 RY 2018-02-11 0038 WQ5OO         599 0857   OK1YM         599 0100
QSO:  7079 RY 2018-02-11 0038 WQ5OO         599 0858   OE2IGP        599 0210
QSO:  7079 RY 2018-02-11 0039 WQ5OO         599 0859   UT4U          599 0787
QSO:  7079 RY 2018-02-11 0040 WQ5OO         599 0860   W3SA          599 0108
QSO:  7079 RY 2018-02-11 0040 WQ5OO         599 0861   KD1NA         599 0201
QSO:  7079 RY 2018-02-11 0041 WQ5OO         599 0862   KB1NA         599 0201
QSO:  7079 RY 2018-02-11 0041 WQ5OO         599 0863   NK9O          599 0025
QSO:  7079 RY 2018-02-11 0042 WQ5OO         599 0864   K6RIM         599 0129
QSO:  7079 RY 2018-02-11 0044 WQ5OO         599 0865   F1TRE         599 0041
QSO:  7079 RY 2018-02-11 0044 WQ5OO         599 0866   K0SR          599 0073
QSO:  7079 RY 2018-02-11 0045 WQ5OO         599 0867   AA4DD         599 0400
QSO:  7079 RY 2018-02-11 0045 WQ5OO         599 0868   KS1J          599 0194
QSO:  7079 RY 2018-02-11 0046 WQ5OO         599 0869   UZ5ZU         599 0847
QSO:  7079 RY 2018-02-11 0047 WQ5OO         599 0870   OK1PMA        599 0239
QSO:  7079 RY 2018-02-11 0048 WQ5OO         599 0871   IK6VXO        599 1024
QSO:  7096 RY 2018-02-11 0049 WQ5OO         599 0872   WG0M          599 0027
QSO:  7098 RY 2018-02-11 0050 WQ5OO         599 0873   EA5HYJ        599 0214
QSO:  7094 RY 2018-02-11 0051 WQ5OO         599 0874   WZ8P          599 0070
QSO:  7098 RY 2018-02-11 0052 WQ5OO         599 0875   WG7X          599 0259
QSO:  7085 RY 2018-02-11 0055 WQ5OO         599 0876   KB4KBS        599 0187
QSO:  7064 RY 2018-02-11 0056 WQ5OO         599 0877   DP7D          599 1247
QSO:  7035 RY 2018-02-11 0059 WQ5OO         599 0878   I3PXN         599 0299
QSO:  7034 RY 2018-02-11 0100 WQ5OO         599 0879   AA1ON         599 0259
QSO:  7055 RY 2018-02-11 0101 WQ5OO         599 0880   KL2R          599 0534
QSO:  7047 RY 2018-02-11 0106 WQ5OO         599 0881   KN5TX         599 0842
QSO:  7058 RY 2018-02-11 0107 WQ5OO         599 0882   PZ5RA         599 0504
QSO:  7062 RY 2018-02-11 0108 WQ5OO         599 0883   J35X          599 0269
QSO:  7084 RY 2018-02-11 0109 WQ5OO         599 0884   ND4Y          599 0568
QSO:  7072 RY 2018-02-11 0112 WQ5OO         599 0885   ZP5FIA        599 0045
QSO:  7032 RY 2018-02-11 0114 WQ5OO         599 0886   KU1CW         599 0302
QSO:  7094 RY 2018-02-11 0116 WQ5OO         599 0887   KU4V          599 0190
QSO:  7095 RY 2018-02-11 0116 WQ5OO         599 0888   AB3CV         599 0181
QSO:  7080 RY 2018-02-11 0119 WQ5OO         599 0889   K9BE          599 0002
QSO:  7080 RY 2018-02-11 0120 WQ5OO         599 0890   K3CWF         599 0087
QSO:  7080 RY 2018-02-11 0121 WQ5OO         599 0891   M1PTT         599 0104
QSO:  7080 RY 2018-02-11 0122 WQ5OO         599 0892   KM6HB         599 0082
QSO:  7080 RY 2018-02-11 0122 WQ5OO         599 0893   K3KO          599 0196
QSO:  7080 RY 2018-02-11 0123 WQ5OO         599 0894   DL4ZA         599 0155
QSO:  7080 RY 2018-02-11 0126 WQ5OO         599 0895   AK4AO         599 0040
QSO:  7080 RY 2018-02-11 0127 WQ5OO         599 0896   W1ZFG         599 0042
QSO:  7080 RY 2018-02-11 0128 WQ5OO         599 0897   KA1AF         599 0161
QSO:  7080 RY 2018-02-11 0128 WQ5OO         599 0898   W4VIC         599 0132
QSO:  7080 RY 2018-02-11 0129 WQ5OO         599 0899   K2DAR         599 0006
QSO:  7080 RY 2018-02-11 0130 WQ5OO         599 0900   RT9S          599 1091
QSO:  7080 RY 2018-02-11 0131 WQ5OO         599 0901   NK6A          599 0154
QSO:  7080 RY 2018-02-11 0132 WQ5OO         599 0902   K7JQ          599 0237
QSO:  7080 RY 2018-02-11 0132 WQ5OO         599 0903   K4AFE         599 0162
QSO:  7080 RY 2018-02-11 0133 WQ5OO         599 0904   N4IQ          599 0737
QSO:  7059 RY 2018-02-11 0135 WQ5OO         599 0905   CX5UA         599 0133
QSO:  7080 RY 2018-02-11 0137 WQ5OO         599 0906   N0GZ          599 0269
QSO:  7080 RY 2018-02-11 0138 WQ5OO         599 0907   K3JT          599 0074
QSO:  7080 RY 2018-02-11 0138 WQ5OO         599 0908   KE6K          599 0172
QSO:  7080 RY 2018-02-11 0138 WQ5OO         599 0909   WR0U          599 0171
QSO:  7080 RY 2018-02-11 0139 WQ5OO         599 0910   K4EDI         599 0077
QSO:  7080 RY 2018-02-11 0140 WQ5OO         599 0911   WA2LXE        599 0006
QSO:  7080 RY 2018-02-11 0140 WQ5OO         599 0912   N0KV          599 0175
QSO:  7080 RY 2018-02-11 0141 WQ5OO         599 0913   NN2NN         599 0108
QSO:  7080 RY 2018-02-11 0142 WQ5OO         599 0914   N7HHS         599 0144
QSO:  7080 RY 2018-02-11 0143 WQ5OO         599 0915   AJ9C          599 0366
QSO:  7080 RY 2018-02-11 0145 WQ5OO         599 0916   W0PC          599 0025
QSO:  7080 RY 2018-02-11 0145 WQ5OO         599 0917   WA3ZSC        599 0178
QSO:  7080 RY 2018-02-11 0145 WQ5OO         599 0918   F1HMR         599 0013
QSO:  7080 RY 2018-02-11 0146 WQ5OO         599 0919   OK2RU         599 0242
QSO:  7080 RY 2018-02-11 0147 WQ5OO         599 0920   W6SFI         599 0125
QSO:  7080 RY 2018-02-11 0148 WQ5OO         599 0921   K6NV          599 0270
QSO:  7087 RY 2018-02-11 0150 WQ5OO         599 0922   KK4HEG        599 0175
QSO:  7083 RY 2018-02-11 0150 WQ5OO         599 0923   AG6AU         599 0085
QSO:  7071 RY 2018-02-11 0152 WQ5OO         599 0924   DR60RAFG      599 0905
QSO:  7052 RY 2018-02-11 0154 WQ5OO         599 0925   CR5V          599 1729
QSO:  7055 RY 2018-02-11 0157 WQ5OO         599 0926   IZ4NIC        599 1022
QSO:  7081 RY 2018-02-11 0158 WQ5OO         599 0927   IQ0RU         599 0733
QSO:  7072 RY 2018-02-11 0159 WQ5OO         599 0928   EE4A          599 0396
QSO:  7069 RY 2018-02-11 0201 WQ5OO         599 0929   LY2W          599 1099
QSO:  7080 RY 2018-02-11 0202 WQ5OO         599 0930   K2TV          599 0041
QSO:  7080 RY 2018-02-11 0203 WQ5OO         599 0931   AE6XC         599 0015
QSO:  7080 RY 2018-02-11 0204 WQ5OO         599 0932   KA8G          599 0186
QSO:  7080 RY 2018-02-11 0205 WQ5OO         599 0933   EA6EE         599 0062
QSO:  7080 RY 2018-02-11 0206 WQ5OO         599 0934   KG0DX         599 0056
QSO:  7080 RY 2018-02-11 0207 WQ5OO         599 0935   K3TEF         599 0040
QSO:  7080 RY 2018-02-11 0207 WQ5OO         599 0936   W4GHV         599 0093
QSO:  7080 RY 2018-02-11 0208 WQ5OO         599 0937   WE6EZ         599 0324
QSO:  7080 RY 2018-02-11 0212 WQ5OO         599 0938   WC2C          599 0040
QSO:  7030 RY 2018-02-11 0215 WQ5OO         599 0939   ZZ2T          599 0698
QSO:  7082 RY 2018-02-11 0219 WQ5OO         599 0940   WD5DBV        599 0311
QSO:  7046 RY 2018-02-11 0220 WQ5OO         599 0941   OK7O          599 1278
QSO:  7044 RY 2018-02-11 0220 WQ5OO         599 0942   WA6I          599 0215
QSO:  7080 RY 2018-02-11 0222 WQ5OO         599 0943   W2VQ          599 0016
QSO:  7080 RY 2018-02-11 0222 WQ5OO         599 0944   KG2C          599 0377
QSO:  7080 RY 2018-02-11 0223 WQ5OO         599 0945   N8URE         599 0037
QSO:  7080 RY 2018-02-11 0224 WQ5OO         599 0946   K4HYJ         599 0070
QSO:  7080 RY 2018-02-11 0225 WQ5OO         599 0947   K3IRV         599 0029
QSO:  7080 RY 2018-02-11 0226 WQ5OO         599 0948   WB0POH        599 0040
QSO:  7080 RY 2018-02-11 0226 WQ5OO         599 0949   HB9TUD        599 0128
QSO:  7080 RY 2018-02-11 0227 WQ5OO         599 0950   WZ4K          599 0036
QSO:  7080 RY 2018-02-11 0227 WQ5OO         599 0951   OK1VK         599 0239
QSO:  7080 RY 2018-02-11 0228 WQ5OO         599 0952   VE2PID        599 0155
QSO:  7080 RY 2018-02-11 0229 WQ5OO         599 0953   N5DD          599 0171
QSO:  7080 RY 2018-02-11 0232 WQ5OO         599 0954   K2RET         599 0122
QSO:  7080 RY 2018-02-11 0233 WQ5OO         599 0955   KD8FS         599 0021
QSO:  7080 RY 2018-02-11 0234 WQ5OO         599 0956   N3VQH         599 0013
QSO:  7097 RY 2018-02-11 0237 WQ5OO         599 0957   PY4XX         599 0234
QSO:  7096 RY 2018-02-11 0239 WQ5OO         599 0958   VA1XH         599 0359
QSO:  7080 RY 2018-02-11 0242 WQ5OO         599 0959   N8TFD         599 0054
QSO:  7080 RY 2018-02-11 0243 WQ5OO         599 0960   K4OY          599 0038
QSO:  7080 RY 2018-02-11 0243 WQ5OO         599 0961   S53NW         599 0267
QSO:  7080 RY 2018-02-11 0244 WQ5OO         599 0962   K4BX          599 0107
QSO:  7060 RY 2018-02-11 0245 WQ5OO         599 0963   CO2YQ         599 0191
QSO:  7072 RY 2018-02-11 0247 WQ5OO         599 0964   DL3BQA        599 0575
QSO:  7085 RY 2018-02-11 0249 WQ5OO         599 0965   KF5VRD        599 0498
QSO:  7080 RY 2018-02-11 0251 WQ5OO         599 0966   AI1V          599 0018
QSO:  7102 RY 2018-02-11 0255 WQ5OO         599 0967   KJ5T          599 0360
QSO:  7080 RY 2018-02-11 0256 WQ5OO         599 0968   KY7M          599 0005
QSO:  7080 RY 2018-02-11 0257 WQ5OO         599 0969   K8LSQ         599 0008
QSO:  7080 RY 2018-02-11 0259 WQ5OO         599 0970   S57AV         599 0046
QSO:  7080 RY 2018-02-11 0259 WQ5OO         599 0971   KI7DG         599 0047
QSO:  7080 RY 2018-02-11 0300 WQ5OO         599 0972   NC7M          599 0509
QSO:  7080 RY 2018-02-11 0300 WQ5OO         599 0973   WA7YAZ        599 0014
QSO:  7080 RY 2018-02-11 0301 WQ5OO         599 0974   KD8VMM        599 0074
QSO:  7080 RY 2018-02-11 0301 WQ5OO         599 0975   KA2OFM        599 0026
QSO:  7080 RY 2018-02-11 0302 WQ5OO         599 0976   IK2CMI        599 0054
QSO:  7080 RY 2018-02-11 0305 WQ5OO         599 0977   SP3UIW        599 0151
QSO:  7080 RY 2018-02-11 0305 WQ5OO         599 0978   WD8ANZ        599 0043
QSO:  7080 RY 2018-02-11 0306 WQ5OO         599 0979   K1SX          599 0059
QSO:  7085 RY 2018-02-11 0307 WQ5OO         599 0980   NX6T          599 0364
QSO:  7084 RY 2018-02-11 0308 WQ5OO         599 0981   NT5V          599 0373
QSO:  7080 RY 2018-02-11 0310 WQ5OO         599 0982   N0WVU         599 0028
QSO:  7080 RY 2018-02-11 0313 WQ5OO         599 0983   W7FYW         599 0154
QSO:  7079 RY 2018-02-11 0314 WQ5OO         599 0984   KB8ZYE        599 0003
QSO:  7079 RY 2018-02-11 0315 WQ5OO         599 0985   KM4F          599 0207
QSO:  7079 RY 2018-02-11 0315 WQ5OO         599 0986   K2YGM         599 0094
QSO:  7079 RY 2018-02-11 0316 WQ5OO         599 0987   UR5QU         599 0171
QSO:  7080 RY 2018-02-11 0320 WQ5OO         599 0988   N3ZP          599 0039
QSO:  7080 RY 2018-02-11 0321 WQ5OO         599 0989   W6XK          599 0237
QSO:  7080 RY 2018-02-11 0322 WQ5OO         599 0990   NN6XX         599 0322
QSO:  7080 RY 2018-02-11 0323 WQ5OO         599 0991   K3MJW         599 0101
QSO:  7080 RY 2018-02-11 0325 WQ5OO         599 0992   KC5RGQ        599 0093
QSO:  7080 RY 2018-02-11 0325 WQ5OO         599 0993   DL9GCG        599 0132
QSO:  7080 RY 2018-02-11 0326 WQ5OO         599 0994   NN4SA         599 0045
QSO:  7056 RY 2018-02-11 0328 WQ5OO         599 0995   WC7Q          599 0356
QSO:  7042 RY 2018-02-11 0331 WQ5OO         599 0996   HK1X          599 0010
QSO:  7080 RY 2018-02-11 0332 WQ5OO         599 0997   AC9S          599 0279
QSO:  7080 RY 2018-02-11 0335 WQ5OO         599 0998   KC7QR         599 0040
QSO:  7080 RY 2018-02-11 0336 WQ5OO         599 0999   SP6MLX        599 0436
QSO:  7080 RY 2018-02-11 0337 WQ5OO         599 1000   WW7B          599 0045
QSO:  7080 RY 2018-02-11 0338 WQ5OO         599 1001   NJ2N          599 0037
QSO:  7086 RY 2018-02-11 0339 WQ5OO         599 1002   NO4Y          599 0004
QSO:  7080 RY 2018-02-11 0340 WQ5OO         599 1003   LZ6K          599 0606
QSO:  7080 RY 2018-02-11 0341 WQ5OO         599 1004   N6LN          599 0035
QSO:  7080 RY 2018-02-11 0341 WQ5OO         599 1005   NN1N          599 0009
QSO:  7080 RY 2018-02-11 0343 WQ5OO         599 1006   ON4ACW        599 0075
QSO:  7080 RY 2018-02-11 0344 WQ5OO         599 1007   IZ8JFL        599 0366
QSO:  7068 RY 2018-02-11 0347 WQ5OO         599 1008   OL8M          599 0621
QSO:  7058 RY 2018-02-11 0350 WQ5OO         599 1009   LX5IGRY       599 0871
QSO:  7048 RY 2018-02-11 0352 WQ5OO         599 1010   HA3OU         599 0139
QSO:  7080 RY 2018-02-11 0356 WQ5OO         599 1011   N7GVV         599 0094
QSO:  7080 RY 2018-02-11 0356 WQ5OO         599 1012   SV2AIU        599 0647
QSO:  7080 RY 2018-02-11 0359 WQ5OO         599 1013   N1XK          599 0004
QSO:  7067 RY 2018-02-11 0400 WQ5OO         599 1014   KD7RUS        599 0011
QSO:  7079 RY 2018-02-11 0401 WQ5OO         599 1015   CA5GRF        599 0025
QSO:  7073 RY 2018-02-11 0406 WQ5OO         599 1016   YP0C          599 0805
QSO:  7080 RY 2018-02-11 0409 WQ5OO         599 1017   N9MR          599 0075
QSO:  7080 RY 2018-02-11 0411 WQ5OO         599 1018   DL2ZM         599 0029
QSO:  7080 RY 2018-02-11 0414 WQ5OO         599 1019   HA6NL         599 0357
QSO:  7080 RY 2018-02-11 0415 WQ5OO         599 1020   WS0I          599 0156
QSO:  7093 RY 2018-02-11 0417 WQ5OO         599 1021   EF7A          599 0020
QSO:  7079 RY 2018-02-11 0448 WQ5OO         599 1022   E72U          599 0010
QSO:  7080 RY 2018-02-11 0452 WQ5OO         599 1023   WS9M          599 0210
QSO:  7080 RY 2018-02-11 0453 WQ5OO         599 1024   UU0HZ         599 0733
QSO:  7091 RY 2018-02-11 0456 WQ5OO         599 1025   KK7PR         599 0592
QSO:  7080 RY 2018-02-11 0500 WQ5OO         599 1026   KE7W          599 0035
QSO:  7080 RY 2018-02-11 0505 WQ5OO         599 1027   WP4MPC        599 0017
QSO:  7080 RY 2018-02-11 0506 WQ5OO         599 1028   WN7Y          599 0025
QSO:  7080 RY 2018-02-11 0507 WQ5OO         599 1029   DL1GME        599 0218
QSO:  7080 RY 2018-02-11 0508 WQ5OO         599 1030   WA2WDT        599 0031
QSO:  7080 RY 2018-02-11 0509 WQ5OO         599 1031   W6MSB         599 0061
QSO:  7080 RY 2018-02-11 0510 WQ5OO         599 1032   EW8W          599 0487
QSO:  7080 RY 2018-02-11 0511 WQ5OO         599 1033   F8CRS         599 0161
QSO:  7080 RY 2018-02-11 0512 WQ5OO         599 1034   HA9MDN        599 0078
QSO:  7080 RY 2018-02-11 0513 WQ5OO         599 1035   IK3XJP        599 0216
QSO:  7066 RY 2018-02-11 0515 WQ5OO         599 1036   SV8DTD        599 0180
QSO:  7046 RY 2018-02-11 0516 WQ5OO         599 1037   IQ3UD         599 0879
QSO:  7059 RY 2018-02-11 0518 WQ5OO         599 1038   IK0LNN        599 0048
QSO:  7080 RY 2018-02-11 0519 WQ5OO         599 1039   IZ2DVI        599 0080
QSO:  7080 RY 2018-02-11 0520 WQ5OO         599 1040   IT9RZU        599 0261
QSO:  7080 RY 2018-02-11 0521 WQ5OO         599 1041   S53X          599 1076
QSO:  7080 RY 2018-02-11 0522 WQ5OO         599 1042   AC8AY         599 0027
QSO:  7080 RY 2018-02-11 0522 WQ5OO         599 1043   OK2EQ         599 0231
QSO:  7094 RY 2018-02-11 0523 WQ5OO         599 1044   AC7JW         599 0050
QSO:  7080 RY 2018-02-11 0526 WQ5OO         599 1045   DJ2IW         599 0190
QSO:  7080 RY 2018-02-11 0528 WQ5OO         599 1046   AA7IH         599 0055
QSO:  7057 RY 2018-02-11 0531 WQ5OO         599 1047   IZ0KBR        599 0668
QSO:  7058 RY 2018-02-11 0534 WQ5OO         599 1048   LZ140LO       599 0369
QSO:  7039 RY 2018-02-11 0535 WQ5OO         599 1049   EB1TR         599 0076
QSO:  7080 RY 2018-02-11 0537 WQ5OO         599 1050   KE1B          599 0598
QSO:  7080 RY 2018-02-11 0538 WQ5OO         599 1051   KN3A          599 0076
QSO:  7080 RY 2018-02-11 0543 WQ5OO         599 1052   IW2MYH        599 0064
QSO:  7082 RY 2018-02-11 0544 WQ5OO         599 1053   SV3DCX        599 0374
QSO:  7080 RY 2018-02-11 0548 WQ5OO         599 1054   K9YC          599 0350
QSO:  7072 RY 2018-02-11 0552 WQ5OO         599 1055   SP9W          599 0225
QSO:  7080 RY 2018-02-11 0556 WQ5OO         599 1056   RW0A          599 0906
QSO:  7080 RY 2018-02-11 0557 WQ5OO         599 1057   KC5WX         599 0169
QSO:  7080 RY 2018-02-11 0558 WQ5OO         599 1058   F4GAJ         599 0008
QSO:  7068 RY 2018-02-11 0604 WQ5OO         599 1059   YR100R        599 0263
QSO:  7080 RY 2018-02-11 0606 WQ5OO         599 1060   K8ALM         599 0011
QSO:  7080 RY 2018-02-11 0607 WQ5OO         599 1061   SP8CGU        599 0264
QSO:  7080 RY 2018-02-11 0608 WQ5OO         599 1062   KD1YV         599 0093
QSO:  7080 RY 2018-02-11 0610 WQ5OO         599 1063   OK6AB         599 0101
QSO:  7080 RY 2018-02-11 0612 WQ5OO         599 1064   ON4CT         599 0325
QSO:  7080 RY 2018-02-11 0614 WQ5OO         599 1065   S53BB         599 0199
QSO:  7080 RY 2018-02-11 0617 WQ5OO         599 1066   UW5U          599 0786
QSO:  7080 RY 2018-02-11 0617 WQ5OO         599 1067   I3EVK         599 0138
QSO:  7080 RY 2018-02-11 0618 WQ5OO         599 1068   RW3TT         599 0074
QSO:  7061 RY 2018-02-11 0620 WQ5OO         599 1069   YL6W          599 0811
QSO:  7081 RY 2018-02-11 0623 WQ5OO         599 1070   DK5MB         599 0491
QSO:  7052 RY 2018-02-11 0628 WQ5OO         599 1071   IN3FHE        599 0042
QSO:  7052 RY 2018-02-11 0628 WQ5OO         599 1072   EC5AC         599 0512
QSO:  7043 RY 2018-02-11 0629 WQ5OO         599 1073   EA4URE        599 0207
QSO:  7085 RY 2018-02-11 0630 WQ5OO         599 1074   IT9RGY/I4     599 1048
QSO:  7060 RY 2018-02-11 0634 WQ5OO         599 1075   I2WIJ         599 0584
QSO:  7081 RY 2018-02-11 0635 WQ5OO         599 1076   W6MKO         599 0100
QSO:  7081 RY 2018-02-11 0637 WQ5OO         599 1077   K1JRF         599 0027
QSO:  7081 RY 2018-02-11 0639 WQ5OO         599 1078   K3FH          599 0064
QSO:  7080 RY 2018-02-11 0645 WQ5OO         599 1079   DM2GG         599 0185
QSO:  7080 RY 2018-02-11 0646 WQ5OO         599 1080   IK2YXB        599 0005
QSO:  7080 RY 2018-02-11 0646 WQ5OO         599 1081   HA2VR         599 0182
QSO:  7080 RY 2018-02-11 0648 WQ5OO         599 1082   IZ8FWN        599 0885
QSO:  7077 RY 2018-02-11 0650 WQ5OO         599 1083   ZM1A          599 0008
QSO:  7066 RY 2018-02-11 0654 WQ5OO         599 1084   OG2P          599 0817
QSO:  7063 RY 2018-02-11 0659 WQ5OO         599 1085   OE5BGN        599 0236
QSO:  7045 RY 2018-02-11 0702 WQ5OO         599 1086   EA6BH         599 0063
QSO:  7062 RY 2018-02-11 0704 WQ5OO         599 1087   KH6TU         599 0030
QSO:  7054 RY 2018-02-11 0705 WQ5OO         599 1088   IZ5NFD        599 0115
QSO:  7070 RY 2018-02-11 0707 WQ5OO         599 1089   UX0FF         599 0430
QSO:  7080 RY 2018-02-11 0709 WQ5OO         599 1090   K9QJS         599 0031
QSO:  7080 RY 2018-02-11 0710 WQ5OO         599 1091   KB7EEG        599 0036
QSO:  7049 RY 2018-02-11 0712 WQ5OO         599 1092   OS0S          599 0229
QSO:  7052 RY 2018-02-11 0715 WQ5OO         599 1093   IZ7ECL        599 0541
QSO:  7038 RY 2018-02-11 0717 WQ5OO         599 1094   S59AA         599 0133
QSO:  7038 RY 2018-02-11 0718 WQ5OO         599 1095   F6EQZ         599 0231
QSO:  7038 RY 2018-02-11 0719 WQ5OO         599 1096   DF2RG         599 0304
QSO:  7058 RY 2018-02-11 0722 WQ5OO         599 1097   VK4QH         599 0429
QSO:  7053 RY 2018-02-11 0723 WQ5OO         599 1098   EA7TG         599 0056
QSO:  7046 RY 2018-02-11 0724 WQ5OO         599 1099   YL5T          599 0589
QSO:  7036 RY 2018-02-11 0726 WQ5OO         599 1100   ED3D          599 0335
QSO:  7037 RY 2018-02-11 0729 WQ5OO         599 1101   IW3FVZ        599 0003
QSO:  7037 RY 2018-02-11 0730 WQ5OO         599 1102   DL6ABN        599 0007
QSO:  7037 RY 2018-02-11 0731 WQ5OO         599 1103   W7YAQ         599 0280
QSO:  7037 RY 2018-02-11 0732 WQ5OO         599 1104   KK4WX         599 0123
QSO:  7037 RY 2018-02-11 0733 WQ5OO         599 1105   IK6EIW        599 0027
QSO:  7037 RY 2018-02-11 0738 WQ5OO         599 1106   W4TM          599 0100
QSO:  7037 RY 2018-02-11 0739 WQ5OO         599 1107   PP7DX         599 0072
QSO:  7037 RY 2018-02-11 0741 WQ5OO         599 1108   DF9MV         599 0105
QSO:  7037 RY 2018-02-11 0742 WQ5OO         599 1109   IK4RVG        599 0085
QSO:  7037 RY 2018-02-11 0743 WQ5OO         599 1110   F4FCE         599 0054
QSO:  7042 RY 2018-02-11 0749 WQ5OO         599 1111   W7MRF         599 1483
QSO:  7035 RY 2018-02-11 0751 WQ5OO         599 1112   EA7KP         599 0345
QSO:  7036 RY 2018-02-11 0754 WQ5OO         599 1113   IW1CBG        599 0308
QSO:  7036 RY 2018-02-11 0754 WQ5OO         599 1114   F5OYC         599 0215
QSO:  7053 RY 2018-02-11 0757 WQ5OO         599 1115   LA7GIA        599 0108
QSO:  7067 RY 2018-02-11 0758 WQ5OO         599 1116   DH0GHU        599 0714
QSO:  7031 RY 2018-02-11 0802 WQ5OO         599 1117   JM4WUZ        599 0046
QSO:  7034 RY 2018-02-11 0804 WQ5OO         599 1118   DP8M          599 0715
QSO:  7034 RY 2018-02-11 0808 WQ5OO         599 1119   AF7NX         599 0166
QSO:  7034 RY 2018-02-11 0809 WQ5OO         599 1120   W7ZZ          599 0016
QSO:  7034 RY 2018-02-11 0810 WQ5OO         599 1121   JA2RPZ        599 0020
QSO:  7034 RY 2018-02-11 0811 WQ5OO         599 1122   JF1HJZ        599 0044
QSO:  7034 RY 2018-02-11 0812 WQ5OO         599 1123   JA1OHP        599 0006
QSO:  7034 RY 2018-02-11 0815 WQ5OO         599 1124   JG1TGQ        599 0031
QSO:  7034 RY 2018-02-11 0815 WQ5OO         599 1125   JR2TZJ        599 0097
QSO:  7039 RY 2018-02-11 0818 WQ5OO         599 1126   RM0F          599 0331
QSO:  7063 RY 2018-02-11 0822 WQ5OO         599 1127   SI6V          599 0676
QSO:  7034 RY 2018-02-11 0823 WQ5OO         599 1128   VA7XNL        599 0057
QSO:  7034 RY 2018-02-11 0824 WQ5OO         599 1129   JF2XGF        599 0248
QSO:  7034 RY 2018-02-11 0825 WQ5OO         599 1130   JA3OEA        599 0047
QSO:  7038 RY 2018-02-11 0829 WQ5OO         599 1131   PI4VAD        599 0531
QSO:  7062 RY 2018-02-11 0831 WQ5OO         599 1132   OR3A          599 0350
QSO:  7078 RY 2018-02-11 0832 WQ5OO         599 1133   GW0KRL        599 0465
QSO:  7052 RY 2018-02-11 0837 WQ5OO         599 1134   IZ3QHA        599 0354
QSO:  7084 RY 2018-02-11 0842 WQ5OO         599 1135   SM6UQL        599 0460
QSO:  7068 RY 2018-02-11 0845 WQ5OO         599 1136   OZ11A         599 0740
QSO:  7038 RY 2018-02-11 0846 WQ5OO         599 1137   JK2XXK        599 0217
QSO:  7034 RY 2018-02-11 0849 WQ5OO         599 1138   VA7FC         599 0355
QSO:  7044 RY 2018-02-11 0853 WQ5OO         599 1139   ED1LO         599 0913
QSO:  7053 RY 2018-02-11 0854 WQ5OO         599 1140   EE1I          599 0104
QSO:  7043 RY 2018-02-11 0855 WQ5OO         599 1141   DX2R          599 0697
QSO:  7042 RY 2018-02-11 0901 WQ5OO         599 1142   PA2ALF        599 0268
QSO:  7042 RY 2018-02-11 0902 WQ5OO         599 1143   CX2AQ         599 0272
QSO:  7053 RY 2018-02-11 0904 WQ5OO         599 1144   OH1TM         599 0459
QSO:  7054 RY 2018-02-11 0906 WQ5OO         599 1145   GI7AXB        599 0250
QSO:  7074 RY 2018-02-11 0907 WQ5OO         599 1146   GU0SUP        599 0227
QSO:  7065 RY 2018-02-11 0908 WQ5OO         599 1147   DQ6Q          599 0560
QSO:  7064 RY 2018-02-11 0911 WQ5OO         599 1148   LM90NRRL      599 0598
QSO:  7046 RY 2018-02-11 0912 WQ5OO         599 1149   PA0VHA        599 0270
QSO:  7045 RY 2018-02-11 0915 WQ5OO         599 1150   SQ8GHY        599 0815
QSO:  7049 RY 2018-02-11 0917 WQ5OO         599 1151   G3XPO         599 0084
QSO:  7037 RY 2018-02-11 0920 WQ5OO         599 1152   JE4MHL        599 0202
QSO:  7049 RY 2018-02-11 0922 WQ5OO         599 1153   OK1ZE         599 0209
QSO:  7049 RY 2018-02-11 0923 WQ5OO         599 1154   KO9V          599 0087
QSO:  7049 RY 2018-02-11 0924 WQ5OO         599 1155   VE3BR         599 0171
QSO:  7036 RY 2018-02-11 0928 WQ5OO         599 1156   MM3AWD        599 0532
QSO:  7036 RY 2018-02-11 0930 WQ5OO         599 1157   DL2XC         599 0076
QSO:  7074 RY 2018-02-11 0935 WQ5OO         599 1158   M7T           599 1011
QSO:  7037 RY 2018-02-11 0938 WQ5OO         599 1159   JM1VDM        599 0077
QSO:  7037 RY 2018-02-11 0939 WQ5OO         599 1160   KU1CW         599 0486
QSO:  7037 RY 2018-02-11 0941 WQ5OO         599 1161   VA7CAB        599 0035
QSO:  7037 RY 2018-02-11 0941 WQ5OO         599 1162   AA4LR         599 0038
QSO:  7037 RY 2018-02-11 0946 WQ5OO         599 1163   JJ0PJD        599 0211
QSO:  7037 RY 2018-02-11 0947 WQ5OO         599 1164   N6GEO         599 0022
QSO:  7037 RY 2018-02-11 0947 WQ5OO         599 1165   JO2MHN        599 0266
QSO:  7037 RY 2018-02-11 0949 WQ5OO         599 1166   W6QU          599 0157
QSO:  7037 RY 2018-02-11 0958 WQ5OO         599 1167   AB4KJ         599 0116
QSO:  7037 RY 2018-02-11 1002 WQ5OO         599 1168   YB7SKM        599 0107
QSO:  7037 RY 2018-02-11 1004 WQ5OO         599 1169   KI4GGJ        599 0135
QSO:  7037 RY 2018-02-11 1010 WQ5OO         599 1170   JA1IRH        599 0130
QSO:  7037 RY 2018-02-11 1020 WQ5OO         599 1171   JM2LHB        599 0049
QSO:  7037 RY 2018-02-11 1021 WQ5OO         599 1172   JE8KGH        599 0069
QSO:  7037 RY 2018-02-11 1022 WQ5OO         599 1173   K1MAA         599 0224
QSO:  7037 RY 2018-02-11 1024 WQ5OO         599 1174   KG7ULE        599 0011
QSO:  7039 RY 2018-02-11 1030 WQ5OO         599 1175   JT1CO         599 1316
QSO:  7044 RY 2018-02-11 1031 WQ5OO         599 1176   AA5B          599 0472
QSO:  7037 RY 2018-02-11 1036 WQ5OO         599 1177   JR3IIR        599 0045
QSO:  7037 RY 2018-02-11 1039 WQ5OO         599 1178   JA2VQF        599 0078
QSO:  7037 RY 2018-02-11 1040 WQ5OO         599 1179   K4HTO         599 0001
QSO:  7037 RY 2018-02-11 1043 WQ5OO         599 1180   YC8WO         599 0093
QSO:  7037 RY 2018-02-11 1045 WQ5OO         599 1181   YC2GV         599 0004
QSO:  7037 RY 2018-02-11 1046 WQ5OO         599 1182   YD2CAB        599 0020
QSO:  7037 RY 2018-02-11 1047 WQ5OO         599 1183   7M2PSC        599 0070
QSO:  7037 RY 2018-02-11 1048 WQ5OO         599 1184   YC8AO         599 0093
QSO:  7037 RY 2018-02-11 1051 WQ5OO         599 1185   JM8FEI        599 0093
QSO:  7037 RY 2018-02-11 1052 WQ5OO         599 1186   JA1CPU        599 0026
QSO:  7037 RY 2018-02-11 1058 WQ5OO         599 1187   JJ1AZX        599 0008
QSO:  7037 RY 2018-02-11 1059 WQ5OO         599 1188   JI3MJK        599 0056
QSO:  7037 RY 2018-02-11 1102 WQ5OO         599 1189   JE1RRK        599 0174
QSO:  7037 RY 2018-02-11 1105 WQ5OO         599 1190   JH7OUW        599 0039
QSO:  7037 RY 2018-02-11 1107 WQ5OO         599 1191   YV5TNT        599 0189
QSO:  7037 RY 2018-02-11 1109 WQ5OO         599 1192   YC1MR         599 0443
QSO:  7037 RY 2018-02-11 1111 WQ5OO         599 1193   JL1MYP        599 0006
QSO:  7037 RY 2018-02-11 1112 WQ5OO         599 1194   7L4IOU        599 0273
QSO:  7034 RY 2018-02-11 1127 WQ5OO         599 1195   YB8UTI        599 0081
QSO:  7038 RY 2018-02-11 1132 WQ5OO         599 1196   JF3BHV        599 0046
QSO:  7078 RY 2018-02-11 2144 WQ5OO         599 1197   NU8Z          599 0233
QSO:  7081 RY 2018-02-11 2147 WQ5OO         599 1198   KD5J          599 0319
QSO:  7073 RY 2018-02-11 2147 WQ5OO         599 1199   KE2D          599 0077
QSO:  7068 RY 2018-02-11 2152 WQ5OO         599 1200   NY3B          599 0224
QSO:  7038 RY 2018-02-11 2156 WQ5OO         599 1201   DL7URH        599 0397
QSO:  7038 RY 2018-02-11 2157 WQ5OO         599 1202   F8ATM         599 0140
QSO:  7038 RY 2018-02-11 2200 WQ5OO         599 1203   KB9WZH        599 0018
QSO:  7038 RY 2018-02-11 2201 WQ5OO         599 1204   AA8EN         599 0080
QSO:  7038 RY 2018-02-11 2203 WQ5OO         599 1205   VE3RUV        599 0053
QSO:  7064 RY 2018-02-11 2211 WQ5OO         599 1206   4U1WB         599 0773
QSO:  7081 RY 2018-02-11 2213 WQ5OO         599 1207   SP4Z          599 0227
QSO:  7081 RY 2018-02-11 2213 WQ5OO         599 1208   AB9TA         599 0142
QSO:  7081 RY 2018-02-11 2214 WQ5OO         599 1209   VE3XAT        599 0050
QSO:  7081 RY 2018-02-11 2215 WQ5OO         599 1210   IW1PNJ        599 0538
QSO:  7081 RY 2018-02-11 2216 WQ5OO         599 1211   DL7VEE        599 0447
QSO:  7081 RY 2018-02-11 2217 WQ5OO         599 1212   IC8SQS        599 1068
QSO:  7081 RY 2018-02-11 2218 WQ5OO         599 1213   KF5RLL        599 0104
QSO:  7081 RY 2018-02-11 2220 WQ5OO         599 1214   TF2CT         599 0159
QSO:  7038 RY 2018-02-11 2222 WQ5OO         599 1215   NX9G          599 0015
QSO:  7054 RY 2018-02-11 2225 WQ5OO         599 1216   WE9V          599 0122
QSO:  7053 RY 2018-02-11 2227 WQ5OO         599 1217   MT0IXD        599 0933
QSO:  7081 RY 2018-02-11 2231 WQ5OO         599 1218   AA9MQ         599 0207
QSO:  7081 RY 2018-02-11 2232 WQ5OO         599 1219   AB3YH         599 0151
QSO:  7081 RY 2018-02-11 2233 WQ5OO         599 1220   W4TGB         599 0041
QSO:  7081 RY 2018-02-11 2234 WQ5OO         599 1221   N0NI          599 0551
QSO:  7081 RY 2018-02-11 2234 WQ5OO         599 1222   KC4SAW        599 0392
QSO:  7081 RY 2018-02-11 2235 WQ5OO         599 1223   NA4X          599 0187
QSO:  7081 RY 2018-02-11 2237 WQ5OO         599 1224   W4UHF         599 0089
QSO:  7081 RY 2018-02-11 2237 WQ5OO         599 1225   VA2QR         599 0347
QSO:  7081 RY 2018-02-11 2238 WQ5OO         599 1226   W0JW          599 0037
QSO:  7081 RY 2018-02-11 2238 WQ5OO         599 1227   KF8BT         599 0108
QSO:  7081 RY 2018-02-11 2239 WQ5OO         599 1228   DL7CX         599 0776
QSO:  7035 RY 2018-02-11 2243 WQ5OO         599 1229   WX5CW         599 0022
QSO:  7035 RY 2018-02-11 2244 WQ5OO         599 1230   F5PHW         599 0101
QSO:  7035 RY 2018-02-11 2244 WQ5OO         599 1231   WA5POK        599 0113
QSO:  7035 RY 2018-02-11 2245 WQ5OO         599 1232   WB8SKP        599 0258
QSO:  7035 RY 2018-02-11 2246 WQ5OO         599 1233   N5YT          599 0081
QSO:  7035 RY 2018-02-11 2248 WQ5OO         599 1234   K2SLZ         599 0156
QSO:  7035 RY 2018-02-11 2249 WQ5OO         599 1235   DL0SLG        599 0192
QSO:  7035 RY 2018-02-11 2249 WQ5OO         599 1236   AI4WW         599 0246
QSO:  7035 RY 2018-02-11 2250 WQ5OO         599 1237   AG5S          599 0393
QSO:  7035 RY 2018-02-11 2251 WQ5OO         599 1238   EA3CI         599 0169
QSO:  7035 RY 2018-02-11 2252 WQ5OO         599 1239   DJ2BC         599 0175
QSO:  7035 RY 2018-02-11 2253 WQ5OO         599 1240   UW3U          599 1510
QSO:  7035 RY 2018-02-11 2255 WQ5OO         599 1241   DD5MA         599 0034
QSO:  7035 RY 2018-02-11 2256 WQ5OO         599 1242   VA3IK         599 0101
QSO:  7035 RY 2018-02-11 2300 WQ5OO         599 1243   G7T           599 0453
QSO:  7035 RY 2018-02-11 2301 WQ5OO         599 1244   AD3Y          599 0039
QSO:  7035 RY 2018-02-11 2301 WQ5OO         599 1245   F5JRC         599 0090
QSO:  7035 RY 2018-02-11 2302 WQ5OO         599 1246   NN4RB         599 0079
QSO:  7035 RY 2018-02-11 2302 WQ5OO         599 1247   NJ6G          599 0205
QSO:  7035 RY 2018-02-11 2303 WQ5OO         599 1248   UR8RF         599 0494
QSO:  7050 RY 2018-02-11 2308 WQ5OO         599 1249   NN3RP         599 0301
QSO:  7064 RY 2018-02-11 2311 WQ5OO         599 1250   KU9V          599 0058
QSO:  7054 RY 2018-02-11 2313 WQ5OO         599 1251   KS9W          599 0252
QSO:  7042 RY 2018-02-11 2316 WQ5OO         599 1252   AD4TA         599 0223
QSO:  7036 RY 2018-02-11 2318 WQ5OO         599 1253   CT1BXT        599 0975
QSO:  7036 RY 2018-02-11 2319 WQ5OO         599 1254   K9JU          599 0206
QSO:  7036 RY 2018-02-11 2319 WQ5OO         599 1255   K4DXV         599 0220
QSO:  7036 RY 2018-02-11 2320 WQ5OO         599 1256   UT8AL         599 0269
QSO:  7036 RY 2018-02-11 2322 WQ5OO         599 1257   KQ9RP         599 0077
QSO:  7036 RY 2018-02-11 2324 WQ5OO         599 1258   IZ3XNJ        599 0413
QSO:  7036 RY 2018-02-11 2325 WQ5OO         599 1259   WS6X          599 0475
QSO:  7036 RY 2018-02-11 2326 WQ5OO         599 1260   VE9AA         599 0366
QSO:  7036 RY 2018-02-11 2326 WQ5OO         599 1261   K5DU          599 1837
QSO:  7036 RY 2018-02-11 2328 WQ5OO         599 1262   I1NVU         599 0558
QSO:  7036 RY 2018-02-11 2328 WQ5OO         599 1263   SV6JHA        599 0410
QSO:  7036 RY 2018-02-11 2329 WQ5OO         599 1264   S55BA         599 0425
QSO:  7036 RY 2018-02-11 2330 WQ5OO         599 1265   KA2AEY        599 0162
QSO:  7036 RY 2018-02-11 2330 WQ5OO         599 1266   W1DYJ         599 0298
QSO:  7036 RY 2018-02-11 2331 WQ5OO         599 1267   PB7Z          599 0369
QSO:  7036 RY 2018-02-11 2332 WQ5OO         599 1268   US5MUW        599 0522
QSO:  7036 RY 2018-02-11 2333 WQ5OO         599 1269   N8FYL         599 0327
QSO:  7036 RY 2018-02-11 2336 WQ5OO         599 1270   KD5MMM        599 0057
QSO:  7036 RY 2018-02-11 2336 WQ5OO         599 1271   SP5GNI        599 0170
QSO:  7036 RY 2018-02-11 2337 WQ5OO         599 1272   N5MKY         599 0045
END-OF-LOG:
