START-OF-LOG: 3.0
CONTEST: CQ-160-CW
CALLSIGN: N3RD
LOCATION: EPA
CATEGORY-OPERATOR: SINGLE-OP
CATEGORY-ASSISTED: ASSISTED
CATEGORY-BAND: ALL
CATEGORY-POWER: HIGH
CATEGORY-MODE: CW
CATEGORY-TRANSMITTER: ONE
GRID-LOCATOR: FN20FD
CLAIMED-SCORE: 196512
NAME: Dave Hawes
OPERATORS: N3RD
CLUB: FRANKFORD RADIO CLUB
CREATED-BY: N1MM Logger+ 1.0.10594.0
QSO:    1810 CW 2025-01-24 2244 N3RD             599 PA    NA8V             599  MI       
QSO:    1811 CW 2025-01-24 2245 N3RD             599 PA    K1LZ             599  ME       
QSO:    1812 CW 2025-01-24 2245 N3RD             599 PA    N2AA             599  NJ       
QSO:    1813 CW 2025-01-24 2245 N3RD             599 PA    K1EP             599  MA       
QSO:    1814 CW 2025-01-24 2246 N3RD             599 PA    WF2W             599  NY       
QSO:    1815 CW 2025-01-24 2246 N3RD             599 PA    AA4NC            599  NC       
QSO:    1817 CW 2025-01-24 2246 N3RD             599 PA    K2AV             599  NC       
QSO:    1817 CW 2025-01-24 2247 N3RD             599 PA    WA2QAU           599  NY       
QSO:    1818 CW 2025-01-24 2247 N3RD             599 PA    N2MF             599  NY       
QSO:    1819 CW 2025-01-24 2247 N3RD             599 PA    W8MJ             599  MI       
QSO:    1819 CW 2025-01-24 2248 N3RD             599 PA    K9AY             599  WI       
QSO:    1820 CW 2025-01-24 2249 N3RD             599 PA    W4NF             599  VA       
QSO:    1822 CW 2025-01-24 2249 N3RD             599 PA    K3WW             599  NJ       
QSO:    1823 CW 2025-01-24 2249 N3RD             599 PA    AB3CX            599  NY       
QSO:    1824 CW 2025-01-24 2250 N3RD             599 PA    W3BGN            599  PA       
QSO:    1826 CW 2025-01-24 2250 N3RD             599 PA    K1RV             599  MA       
QSO:    1827 CW 2025-01-24 2250 N3RD             599 PA    W9RE             599  IN       
QSO:    1826 CW 2025-01-24 2251 N3RD             599 PA    K9CW             599  IL       
QSO:    1826 CW 2025-01-24 2252 N3RD             599 PA    W7IMP            599  FL       
QSO:    1826 CW 2025-01-24 2252 N3RD             599 PA    KC1TNO           599  MA       
QSO:    1826 CW 2025-01-24 2252 N3RD             599 PA    N2NT             599  NJ       
QSO:    1826 CW 2025-01-24 2252 N3RD             599 PA    K3PA             599  KS       
QSO:    1826 CW 2025-01-24 2252 N3RD             599 PA    K8LX             599  MI       
QSO:    1826 CW 2025-01-24 2253 N3RD             599 PA    W3MA             599  PA       
QSO:    1826 CW 2025-01-24 2253 N3RD             599 PA    N2WK             599  NY       
QSO:    1826 CW 2025-01-24 2253 N3RD             599 PA    KB3Z             599  PA       
QSO:    1826 CW 2025-01-24 2253 N3RD             599 PA    W1WV             599  NY       
QSO:    1826 CW 2025-01-24 2253 N3RD             599 PA    N2UU             599  NJ       
QSO:    1826 CW 2025-01-24 2254 N3RD             599 PA    K3RA             599  MD       
QSO:    1826 CW 2025-01-24 2254 N3RD             599 PA    KU2C             599  PA       
QSO:    1826 CW 2025-01-24 2254 N3RD             599 PA    KK2B             599  NY       
QSO:    1826 CW 2025-01-24 2254 N3RD             599 PA    K5VIP            599  VA       
QSO:    1826 CW 2025-01-24 2255 N3RD             599 PA    AD8J             599  NC       
QSO:    1826 CW 2025-01-24 2255 N3RD             599 PA    N4GO             599  KY       
QSO:    1826 CW 2025-01-24 2255 N3RD             599 PA    AD4EB            599  TN       
QSO:    1826 CW 2025-01-24 2255 N3RD             599 PA    K3LR             599  PA       
QSO:    1826 CW 2025-01-24 2255 N3RD             599 PA    VE3MGY           599  ON       
QSO:    1826 CW 2025-01-24 2255 N3RD             599 PA    N3HEE            599  SC       
QSO:    1826 CW 2025-01-24 2256 N3RD             599 PA    WA4PGM           599  VA       
QSO:    1826 CW 2025-01-24 2256 N3RD             599 PA    K4RUM            599  NY       
QSO:    1826 CW 2025-01-24 2256 N3RD             599 PA    AK1MD            599  MA       
QSO:    1826 CW 2025-01-24 2256 N3RD             599 PA    KD0ZV            599  IA       
QSO:    1826 CW 2025-01-24 2257 N3RD             599 PA    VA3AR            599  ON       
QSO:    1826 CW 2025-01-24 2257 N3RD             599 PA    VE3NE            599  ON       
QSO:    1826 CW 2025-01-24 2257 N3RD             599 PA    VA3TNM           599  ON       
QSO:    1826 CW 2025-01-24 2257 N3RD             599 PA    VA2WA            599  QC       
QSO:    1826 CW 2025-01-24 2258 N3RD             599 PA    K3AJ             599  MD       
QSO:    1826 CW 2025-01-24 2258 N3RD             599 PA    K9RS             599  DE       
QSO:    1826 CW 2025-01-24 2259 N3RD             599 PA    W3SM             599  CT       
QSO:    1826 CW 2025-01-24 2259 N3RD             599 PA    W2MKM            599  NJ       
QSO:    1826 CW 2025-01-24 2259 N3RD             599 PA    WB8BZK           599  IL       
QSO:    1826 CW 2025-01-24 2259 N3RD             599 PA    K3UL             599  PA       
QSO:    1826 CW 2025-01-24 2300 N3RD             599 PA    AC2RL            599  NY       
QSO:    1826 CW 2025-01-24 2300 N3RD             599 PA    NA3M             599  MD       
QSO:    1826 CW 2025-01-24 2300 N3RD             599 PA    K7NU             599  MN       
QSO:    1826 CW 2025-01-24 2300 N3RD             599 PA    N2BJ             599  IL       
QSO:    1826 CW 2025-01-24 2301 N3RD             599 PA    K3PI             599  NC       
QSO:    1826 CW 2025-01-24 2301 N3RD             599 PA    W1GD             599  MA       
QSO:    1826 CW 2025-01-24 2301 N3RD             599 PA    W3OU             599  MD       
QSO:    1819 CW 2025-01-24 2302 N3RD             599 PA    W1VE             599  VT       
QSO:    1826 CW 2025-01-24 2302 N3RD             599 PA    W9PA             599  IN       
QSO:    1831 CW 2025-01-24 2303 N3RD             599 PA    K1BX             599  NH       
QSO:    1836 CW 2025-01-24 2304 N3RD             599 PA    FM5BH            599  8        
QSO:    1833 CW 2025-01-24 2305 N3RD             599 PA    KP4AA            599  8        
QSO:    1826 CW 2025-01-24 2305 N3RD             599 PA    W8RU             599  MI       
QSO:    1826 CW 2025-01-24 2306 N3RD             599 PA    VA3OKG           599  ON       
QSO:    1827 CW 2025-01-24 2306 N3RD             599 PA    ZF5T             599  8        
QSO:    1826 CW 2025-01-24 2307 N3RD             599 PA    K1BW             599  MA       
QSO:    1826 CW 2025-01-24 2307 N3RD             599 PA    VE2GK            599  QC       
QSO:    1826 CW 2025-01-24 2308 N3RD             599 PA    NN4RB            599  VA       
QSO:    1826 CW 2025-01-24 2308 N3RD             599 PA    N3RJ             599  PA       
QSO:    1826 CW 2025-01-24 2308 N3RD             599 PA    K2QB             599  NY       
QSO:    1826 CW 2025-01-24 2308 N3RD             599 PA    W8CAR            599  OH       
QSO:    1826 CW 2025-01-24 2309 N3RD             599 PA    N4GU             599  NC       
QSO:    1826 CW 2025-01-24 2309 N3RD             599 PA    VA3DF            599  ON       
QSO:    1826 CW 2025-01-24 2309 N3RD             599 PA    WS1L             599  MA       
QSO:    1826 CW 2025-01-24 2309 N3RD             599 PA    WA3AAN           599  PA       
QSO:    1826 CW 2025-01-24 2310 N3RD             599 PA    WU4G             599  VA       
QSO:    1826 CW 2025-01-24 2310 N3RD             599 PA    KB4D             599  MD       
QSO:    1826 CW 2025-01-24 2310 N3RD             599 PA    W5FB             599  VA       
QSO:    1838 CW 2025-01-24 2311 N3RD             599 PA    P40AA            599  9        
QSO:    1840 CW 2025-01-24 2312 N3RD             599 PA    AA4CF            599  GA       
QSO:    1826 CW 2025-01-24 2312 N3RD             599 PA    K0ZR             599  VA       
QSO:    1826 CW 2025-01-24 2312 N3RD             599 PA    K3MD             599  PA       
QSO:    1831 CW 2025-01-24 2313 N3RD             599 PA    PJ2T             599  9        
QSO:    1810 CW 2025-01-24 2313 N3RD             599 PA    N8II             599  WV       
QSO:    1826 CW 2025-01-24 2314 N3RD             599 PA    AG4Q             599  MD       
QSO:    1826 CW 2025-01-24 2314 N3RD             599 PA    VE9DXC           599  NB       
QSO:    1833 CW 2025-01-24 2315 N3RD             599 PA    W5ZN             599  AR       
QSO:    1826 CW 2025-01-24 2315 N3RD             599 PA    N9LQ             599  IL       
QSO:    1826 CW 2025-01-24 2315 N3RD             599 PA    VA1RST           599  NS       
QSO:    1826 CW 2025-01-24 2316 N3RD             599 PA    N6NT             599  NC       
QSO:    1826 CW 2025-01-24 2316 N3RD             599 PA    NE2V             599  NJ       
QSO:    1826 CW 2025-01-24 2316 N3RD             599 PA    W5TM             599  OK       
QSO:    1832 CW 2025-01-24 2317 N3RD             599 PA    N8OO             599  LA       
QSO:    1823 CW 2025-01-24 2318 N3RD             599 PA    N0TT             599  MO       
QSO:    1811 CW 2025-01-24 2318 N3RD             599 PA    K1VMT            599  VT       
QSO:    1826 CW 2025-01-24 2319 N3RD             599 PA    WG3J             599  MD       
QSO:    1860 CW 2025-01-24 2319 N3RD             599 PA    KP2M             599  8        
QSO:    1826 CW 2025-01-24 2320 N3RD             599 PA    N9TF             599  TN       
QSO:    1826 CW 2025-01-24 2321 N3RD             599 PA    AI6O             599  MO       
QSO:    1819 CW 2025-01-24 2321 N3RD             599 PA    K5WA             599  TX       
QSO:    1826 CW 2025-01-24 2322 N3RD             599 PA    KK9V             599  IN       
QSO:    1839 CW 2025-01-24 2322 N3RD             599 PA    NO9E             599  GA       
QSO:    1826 CW 2025-01-24 2322 N3RD             599 PA    AB2E             599  NJ       
QSO:    1826 CW 2025-01-24 2322 N3RD             599 PA    N3QE             599  MD       
QSO:    1826 CW 2025-01-24 2323 N3RD             599 PA    AC4G             599  TN       
QSO:    1826 CW 2025-01-24 2323 N3RD             599 PA    N4JVP            599  GA       
QSO:    1826 CW 2025-01-24 2323 N3RD             599 PA    N6DW             599  VA       
QSO:    1826 CW 2025-01-24 2324 N3RD             599 PA    W1ARY            599  CT       
QSO:    1826 CW 2025-01-24 2324 N3RD             599 PA    VE3VV            599  ON       
QSO:    1826 CW 2025-01-24 2324 N3RD             599 PA    N4ZZ             599  TN       
QSO:    1826 CW 2025-01-24 2325 N3RD             599 PA    WE5P             599  KY       
QSO:    1826 CW 2025-01-24 2325 N3RD             599 PA    KB1OIQ           599  MA       
QSO:    1826 CW 2025-01-24 2325 N3RD             599 PA    W3LL             599  MD       
QSO:    1826 CW 2025-01-24 2326 N3RD             599 PA    VE3DZ            599  ON       
QSO:    1826 CW 2025-01-24 2326 N3RD             599 PA    AC9S             599  IL       
QSO:    1826 CW 2025-01-24 2326 N3RD             599 PA    K2EP             599  NY       
QSO:    1811 CW 2025-01-24 2327 N3RD             599 PA    W1WEF            599  CT       
QSO:    1826 CW 2025-01-24 2328 N3RD             599 PA    N0YY             599  VA       
QSO:    1826 CW 2025-01-24 2329 N3RD             599 PA    KN4PPD           599  FL       
QSO:    1826 CW 2025-01-24 2329 N3RD             599 PA    W4MR             599  NC       
QSO:    1813 CW 2025-01-24 2329 N3RD             599 PA    W1UE             599  MA       
QSO:    1826 CW 2025-01-24 2329 N3RD             599 PA    K1KA             599  NH       
QSO:    1826 CW 2025-01-24 2329 N3RD             599 PA    NR4M             599  VA       
QSO:    1818 CW 2025-01-24 2330 N3RD             599 PA    W1QK             599  CT       
QSO:    1831 CW 2025-01-24 2330 N3RD             599 PA    AA1K             599  DE       
QSO:    1826 CW 2025-01-24 2331 N3RD             599 PA    W4VIC            599  VA       
QSO:    1826 CW 2025-01-24 2331 N3RD             599 PA    K2TW             599  VA       
QSO:    1826 CW 2025-01-24 2331 N3RD             599 PA    K0PK             599  MN       
QSO:    1826 CW 2025-01-24 2331 N3RD             599 PA    K1ESE            599  ME       
QSO:    1826 CW 2025-01-24 2332 N3RD             599 PA    WB2HJV           599  NY       
QSO:    1826 CW 2025-01-24 2332 N3RD             599 PA    WF8Z             599  OH       
QSO:    1826 CW 2025-01-24 2332 N3RD             599 PA    ND4Y             599  KY       
QSO:    1823 CW 2025-01-24 2333 N3RD             599 PA    N1RR             599  MA       
QSO:    1840 CW 2025-01-24 2333 N3RD             599 PA    K1AR             599  NH       
QSO:    1829 CW 2025-01-24 2334 N3RD             599 PA    KB3VQC           599  MD       
QSO:    1843 CW 2025-01-24 2334 N3RD             599 PA    K3ZM             599  VA       
QSO:    1842 CW 2025-01-24 2334 N3RD             599 PA    W4RM             599  NC       
QSO:    1826 CW 2025-01-24 2336 N3RD             599 PA    KQ2N             599  NY       
QSO:    1826 CW 2025-01-24 2336 N3RD             599 PA    K4QS             599  VA       
QSO:    1826 CW 2025-01-24 2336 N3RD             599 PA    K2KW             599  VA       
QSO:    1826 CW 2025-01-24 2338 N3RD             599 PA    K2SG             599  FL       
QSO:    1826 CW 2025-01-24 2338 N3RD             599 PA    K1KI             599  CT       
QSO:    1824 CW 2025-01-24 2338 N3RD             599 PA    NJ3K             599  PA       
QSO:    1826 CW 2025-01-24 2338 N3RD             599 PA    VE3UZ            599  ON       
QSO:    1826 CW 2025-01-24 2339 N3RD             599 PA    K4GM             599  VA       
QSO:    1828 CW 2025-01-24 2339 N3RD             599 PA    N7US             599  IL       
QSO:    1826 CW 2025-01-24 2339 N3RD             599 PA    WO2T             599  NJ       
QSO:    1829 CW 2025-01-24 2339 N3RD             599 PA    VE3EJ            599  ON       
QSO:    1829 CW 2025-01-24 2340 N3RD             599 PA    WD8DSB           599  IN       
QSO:    1830 CW 2025-01-24 2340 N3RD             599 PA    W1SJ             599  VT       
QSO:    1832 CW 2025-01-24 2341 N3RD             599 PA    N4DJ             599  VA       
QSO:    1826 CW 2025-01-24 2341 N3RD             599 PA    KX9RT            599  WI       
QSO:    1835 CW 2025-01-24 2342 N3RD             599 PA    W2XL             599  NY       
QSO:    1837 CW 2025-01-24 2342 N3RD             599 PA    N4HB             599  VA       
QSO:    1841 CW 2025-01-24 2343 N3RD             599 PA    N2NI             599  NY       
QSO:    1826 CW 2025-01-24 2343 N3RD             599 PA    W3KB             599  PA       
QSO:    1826 CW 2025-01-24 2343 N3RD             599 PA    K5RX             599  TX       
QSO:    1826 CW 2025-01-24 2343 N3RD             599 PA    VE3MA            599  ON       
QSO:    1826 CW 2025-01-24 2343 N3RD             599 PA    N4EK             599  FL       
QSO:    1826 CW 2025-01-24 2344 N3RD             599 PA    W2LC             599  NY       
QSO:    1826 CW 2025-01-24 2344 N3RD             599 PA    W8RTJ            599  OH       
QSO:    1858 CW 2025-01-24 2345 N3RD             599 PA    N1CGP            599  ME       
QSO:    1826 CW 2025-01-24 2345 N3RD             599 PA    WE9R             599  WI       
QSO:    1826 CW 2025-01-24 2345 N3RD             599 PA    W4RJF            599  NC       
QSO:    1820 CW 2025-01-24 2346 N3RD             599 PA    K9MMS            599  IL       
QSO:    1821 CW 2025-01-24 2346 N3RD             599 PA    W0UO             599  TX       
QSO:    1824 CW 2025-01-24 2347 N3RD             599 PA    K3CCR            599  MD       
QSO:    1828 CW 2025-01-24 2347 N3RD             599 PA    K4RO             599  TN       
QSO:    1828 CW 2025-01-24 2347 N3RD             599 PA    N4CW             599  NC       
QSO:    1826 CW 2025-01-24 2347 N3RD             599 PA    K9MA             599  WI       
QSO:    1826 CW 2025-01-24 2348 N3RD             599 PA    NN4SS            599  SC       
QSO:    1826 CW 2025-01-24 2348 N3RD             599 PA    VE3MV            599  ON       
QSO:    1834 CW 2025-01-24 2349 N3RD             599 PA    WN7S             599  VA       
QSO:    1836 CW 2025-01-24 2349 N3RD             599 PA    KO4VW            599  GA       
QSO:    1826 CW 2025-01-24 2350 N3RD             599 PA    HQ9Y             599  7        
QSO:    1826 CW 2025-01-24 2351 N3RD             599 PA    W3TS             599  PA       
QSO:    1826 CW 2025-01-24 2351 N3RD             599 PA    K5EK             599  NC       
QSO:    1826 CW 2025-01-24 2351 N3RD             599 PA    WS3C             599  PA       
QSO:    1826 CW 2025-01-24 2352 N3RD             599 PA    K7SV             599  VA       
QSO:    1826 CW 2025-01-24 2352 N3RD             599 PA    N1ZZ             599  FL       
QSO:    1826 CW 2025-01-24 2352 N3RD             599 PA    W3FIZ            599  PA       
QSO:    1826 CW 2025-01-24 2352 N3RD             599 PA    K3WJV            599  PA       
QSO:    1826 CW 2025-01-24 2352 N3RD             599 PA    WB8JUI           599  OH       
QSO:    1826 CW 2025-01-24 2353 N3RD             599 PA    N4TB             599  FL       
QSO:    1826 CW 2025-01-24 2353 N3RD             599 PA    KF0QR            599  MN       
QSO:    1847 CW 2025-01-24 2354 N3RD             599 PA    N0AV             599  IA       
QSO:    1852 CW 2025-01-24 2354 N3RD             599 PA    KU8E             599  GA       
QSO:    1854 CW 2025-01-24 2354 N3RD             599 PA    K4EA             599  GA       
QSO:    1826 CW 2025-01-24 2355 N3RD             599 PA    N0NI             599  IA       
QSO:    1826 CW 2025-01-24 2355 N3RD             599 PA    W8EH             599  OH       
QSO:    1804 CW 2025-01-24 2357 N3RD             599 PA    N2RI             599  NY       
QSO:    1805 CW 2025-01-24 2357 N3RD             599 PA    KV0Q             599  CO       
QSO:    1809 CW 2025-01-24 2357 N3RD             599 PA    K8MFO            599  OH       
QSO:    1812 CW 2025-01-24 2358 N3RD             599 PA    K3CY             599  PA       
QSO:    1817 CW 2025-01-24 2358 N3RD             599 PA    K3IE             599  TN       
QSO:    1818 CW 2025-01-24 2358 N3RD             599 PA    NM4AA            599  FL       
QSO:    1823 CW 2025-01-24 2359 N3RD             599 PA    NA7TB            599  AZ       
QSO:    1847 CW 2025-01-25 0000 N3RD             599 PA    W1EQ             599  CT       
QSO:    1853 CW 2025-01-25 0001 N3RD             599 PA    N1UR             599  VT       
QSO:    1802 CW 2025-01-25 0001 N3RD             599 PA    K1GU             599  TN       
QSO:    1814 CW 2025-01-25 0001 N3RD             599 PA    N2IC             599  NM       
QSO:    1815 CW 2025-01-25 0002 N3RD             599 PA    KD4D             599  MD       
QSO:    1819 CW 2025-01-25 0002 N3RD             599 PA    VE3AT            599  ON       
QSO:    1821 CW 2025-01-25 0002 N3RD             599 PA    N4XD             599  NC       
QSO:    1822 CW 2025-01-25 0002 N3RD             599 PA    VE3JM            599  ON       
QSO:    1839 CW 2025-01-25 0004 N3RD             599 PA    NO8C             599  OH       
QSO:    1804 CW 2025-01-25 0008 N3RD             599 PA    KB1EFS           599  MA       
QSO:    1808 CW 2025-01-25 0009 N3RD             599 PA    N5RZ             599  TX       
QSO:    1817 CW 2025-01-25 0009 N3RD             599 PA    K1TZQ            599  RI       
QSO:    1822 CW 2025-01-25 0010 N3RD             599 PA    VE3BR            599  ON       
QSO:    1844 CW 2025-01-25 0010 N3RD             599 PA    N9CK             599  WI       
QSO:    1845 CW 2025-01-25 0011 N3RD             599 PA    K8NVR            599  OH       
QSO:    1855 CW 2025-01-25 0011 N3RD             599 PA    AA3B             599  PA       
QSO:    1866 CW 2025-01-25 0011 N3RD             599 PA    AA1SU            599  VT       
QSO:    1836 CW 2025-01-25 0012 N3RD             599 PA    KB8TL            599  MI       
QSO:    1809 CW 2025-01-25 0014 N3RD             599 PA    AA4V             599  SC       
QSO:    1824 CW 2025-01-25 0014 N3RD             599 PA    K7NJ             599  UT       
QSO:    1824 CW 2025-01-25 0015 N3RD             599 PA    W0EWD            599  IA       
QSO:    1851 CW 2025-01-25 0015 N3RD             599 PA    K3OO             599  PA       
QSO:    1860 CW 2025-01-25 0016 N3RD             599 PA    N5JJ             599  TX       
QSO:    1828 CW 2025-01-25 0016 N3RD             599 PA    N4CW             599  NC       
QSO:    1834 CW 2025-01-25 0017 N3RD             599 PA    KR2Q             599  NJ       
QSO:    1856 CW 2025-01-25 0018 N3RD             599 PA    AA2ZW            599  NY       
QSO:    1856 CW 2025-01-25 0019 N3RD             599 PA    NA5G             599  LA       
QSO:    1856 CW 2025-01-25 0020 N3RD             599 PA    N3AC             599  VA       
QSO:    1811 CW 2025-01-25 0021 N3RD             599 PA    W0AIH            599  WI       
QSO:    1820 CW 2025-01-25 0021 N3RD             599 PA    N2YB             599  NY       
QSO:    1821 CW 2025-01-25 0022 N3RD             599 PA    K3TW             599  FL       
QSO:    1810 CW 2025-01-25 0022 N3RD             599 PA    WA8KAN           599  WV       
QSO:    1841 CW 2025-01-25 0022 N3RD             599 PA    KB1W             599  MA       
QSO:    1806 CW 2025-01-25 0023 N3RD             599 PA    W4CB             599  VA       
QSO:    1817 CW 2025-01-25 0024 N3RD             599 PA    KZ5D             599  LA       
QSO:    1861 CW 2025-01-25 0024 N3RD             599 PA    AB3AH            599  PA       
QSO:    1821 CW 2025-01-25 0025 N3RD             599 PA    KI6DY            599  OH       
QSO:    1828 CW 2025-01-25 0025 N3RD             599 PA    XE2X             599  6        
QSO:    1852 CW 2025-01-25 0025 N3RD             599 PA    WQ5L             599  MS       
QSO:    1807 CW 2025-01-25 0027 N3RD             599 PA    KY0Q             599  IL       
QSO:    1821 CW 2025-01-25 0028 N3RD             599 PA    KC7V             599  AZ       
QSO:    1836 CW 2025-01-25 0029 N3RD             599 PA    N9EP             599  IL       
QSO:    1836 CW 2025-01-25 0029 N3RD             599 PA    K3WGR            599  PA       
QSO:    1836 CW 2025-01-25 0030 N3RD             599 PA    N3WT             599  MD       
QSO:    1836 CW 2025-01-25 0030 N3RD             599 PA    WD9CIR           599  IL       
QSO:    1836 CW 2025-01-25 0030 N3RD             599 PA    WA5SOG           599  AR       
QSO:    1836 CW 2025-01-25 0030 N3RD             599 PA    AC8Y             599  VA       
QSO:    1836 CW 2025-01-25 0030 N3RD             599 PA    N8HP             599  OH       
QSO:    1836 CW 2025-01-25 0031 N3RD             599 PA    W1TO             599  MA       
QSO:    1836 CW 2025-01-25 0031 N3RD             599 PA    AI9T             599  IL       
QSO:    1836 CW 2025-01-25 0031 N3RD             599 PA    W9AV             599  WI       
QSO:    1836 CW 2025-01-25 0032 N3RD             599 PA    W4TG             599  VA       
QSO:    1836 CW 2025-01-25 0032 N3RD             599 PA    N4RV             599  VA       
QSO:    1836 CW 2025-01-25 0033 N3RD             599 PA    NW0M             599  MO       
QSO:    1836 CW 2025-01-25 0034 N3RD             599 PA    WB9HFK           599  IL       
QSO:    1846 CW 2025-01-25 0034 N3RD             599 PA    W1XX             599  RI       
QSO:    1857 CW 2025-01-25 0035 N3RD             599 PA    KM4CH            599  KY       
QSO:    1812 CW 2025-01-25 0035 N3RD             599 PA    N5TJ             599  TX       
QSO:    1811 CW 2025-01-25 0036 N3RD             599 PA    K5GN             599  TX       
QSO:    1820 CW 2025-01-25 0036 N3RD             599 PA    N9TTK            599  IN       
QSO:    1852 CW 2025-01-25 0037 N3RD             599 PA    VE3AQ            599  ON       
QSO:    1828 CW 2025-01-25 0037 N3RD             599 PA    W8KA             599  AZ       
QSO:    1817 CW 2025-01-25 0037 N3RD             599 PA    N0AT             599  MN       
QSO:    1836 CW 2025-01-25 0039 N3RD             599 PA    VE3MDX           599  ON       
QSO:    1836 CW 2025-01-25 0040 N3RD             599 PA    K9WX             599  IN       
QSO:    1838 CW 2025-01-25 0040 N3RD             599 PA    W0PR             599  MN       
QSO:    1812 CW 2025-01-25 0040 N3RD             599 PA    KE4SC            599  SC       
QSO:    1836 CW 2025-01-25 0041 N3RD             599 PA    NK3V             599  AL       
QSO:    1836 CW 2025-01-25 0041 N3RD             599 PA    VE9ML            599  NB       
QSO:    1836 CW 2025-01-25 0042 N3RD             599 PA    K3SV             599  FL       
QSO:    1836 CW 2025-01-25 0044 N3RD             599 PA    W2PA             599  NY       
QSO:    1838 CW 2025-01-25 0044 N3RD             599 PA    K3MM             599  MD       
QSO:    1848 CW 2025-01-25 0045 N3RD             599 PA    CO2AN            599  8        
QSO:    1836 CW 2025-01-25 0046 N3RD             599 PA    VA3FN            599  ON       
QSO:    1836 CW 2025-01-25 0046 N3RD             599 PA    N4TL             599  NC       
QSO:    1836 CW 2025-01-25 0047 N3RD             599 PA    AB8UL            599  OH       
QSO:    1829 CW 2025-01-25 0047 N3RD             599 PA    KI9A             599  IL       
QSO:    1832 CW 2025-01-25 0048 N3RD             599 PA    W8LVN            599  IL       
QSO:    1837 CW 2025-01-25 0049 N3RD             599 PA    W3RJ             599  PA       
QSO:    1837 CW 2025-01-25 0049 N3RD             599 PA    W0SEI            599  MN       
QSO:    1837 CW 2025-01-25 0049 N3RD             599 PA    N7AT             599  AZ       
QSO:    1837 CW 2025-01-25 0050 N3RD             599 PA    N1QY             599  MA       
QSO:    1837 CW 2025-01-25 0050 N3RD             599 PA    K4FTO            599  VA       
QSO:    1837 CW 2025-01-25 0051 N3RD             599 PA    N3KN             599  VA       
QSO:    1804 CW 2025-01-25 0052 N3RD             599 PA    WA1S             599  FL       
QSO:    1841 CW 2025-01-25 0053 N3RD             599 PA    WA0MHJ           599  MN       
QSO:    1839 CW 2025-01-25 0054 N3RD             599 PA    NJ3K             599  PA       
QSO:    1839 CW 2025-01-25 0055 N3RD             599 PA    K3YDX            599  NC       
QSO:    1826 CW 2025-01-25 0056 N3RD             599 PA    VA3SB            599  ON       
QSO:    1842 CW 2025-01-25 0057 N3RD             599 PA    N3BUD            599  PA       
QSO:    1829 CW 2025-01-25 0159 N3RD             599 PA    WJ9B             599  ID       
QSO:    1827 CW 2025-01-25 0200 N3RD             599 PA    N5ZO             599  CA       
QSO:    1821 CW 2025-01-25 0200 N3RD             599 PA    N3RS             599  PA       
QSO:    1844 CW 2025-01-25 0201 N3RD             599 PA    CT9ABP           599  33       
QSO:    1832 CW 2025-01-25 0202 N3RD             599 PA    DA1DX            599  14       
QSO:    1834 CW 2025-01-25 0202 N3RD             599 PA    WS9M             599  NY       
QSO:    1815 CW 2025-01-25 0203 N3RD             599 PA    WA4JUK           599  VA       
QSO:    1839 CW 2025-01-25 0204 N3RD             599 PA    W5MX             599  KY       
QSO:    1843 CW 2025-01-25 0204 N3RD             599 PA    N8AA             599  OH       
QSO:    1845 CW 2025-01-25 0205 N3RD             599 PA    N8LR             599  MI       
QSO:    1861 CW 2025-01-25 0205 N3RD             599 PA    NP2X             599  8        
QSO:    1820 CW 2025-01-25 0208 N3RD             599 PA    K9CT             599  IL       
QSO:    1818 CW 2025-01-25 0208 N3RD             599 PA    VE3MM            599  ON       
QSO:    1811 CW 2025-01-25 0209 N3RD             599 PA    EA5RS            599  14       
QSO:    1834 CW 2025-01-25 0210 N3RD             599 PA    II9P             599  15       
QSO:    1835 CW 2025-01-25 0211 N3RD             599 PA    IG9/S51V         599  33       
QSO:    1832 CW 2025-01-25 0212 N3RD             599 PA    9A5M             599  15       
QSO:    1837 CW 2025-01-25 0213 N3RD             599 PA    OL1R             599  15       
QSO:    1868 CW 2025-01-25 0214 N3RD             599 PA    EA7X             599  14       
QSO:    1856 CW 2025-01-25 0214 N3RD             599 PA    OM7M             599  15       
QSO:    1865 CW 2025-01-25 0216 N3RD             599 PA    WC2L             599  NY       
QSO:    1865 CW 2025-01-25 0217 N3RD             599 PA    W4JM             599  SC       
QSO:    1865 CW 2025-01-25 0217 N3RD             599 PA    KI0I             599  MO       
QSO:    1865 CW 2025-01-25 0217 N3RD             599 PA    WA9LEY           599  IL       
QSO:    1865 CW 2025-01-25 0217 N3RD             599 PA    N2ZA             599  CT       
QSO:    1810 CW 2025-01-25 0218 N3RD             599 PA    K3EU             599  DC       
QSO:    1865 CW 2025-01-25 0220 N3RD             599 PA    K6LL             599  AZ       
QSO:    1865 CW 2025-01-25 0220 N3RD             599 PA    AA3S             599  MD       
QSO:    1865 CW 2025-01-25 0221 N3RD             599 PA    DQ1A             599  14       
QSO:    1865 CW 2025-01-25 0222 N3RD             599 PA    KA4GFY           599  VA       
QSO:    1848 CW 2025-01-25 0223 N3RD             599 PA    LX1NO            599  14       
QSO:    1821 CW 2025-01-25 0225 N3RD             599 PA    G5W              599  14       
QSO:    1843 CW 2025-01-25 0226 N3RD             599 PA    W1JR             599  NH       
QSO:    1865 CW 2025-01-25 0227 N3RD             599 PA    N7ZZ             599  WI       
QSO:    1865 CW 2025-01-25 0227 N3RD             599 PA    W8FJ             599  PA       
QSO:    1865 CW 2025-01-25 0228 N3RD             599 PA    KB0LF            599  NE       
QSO:    1805 CW 2025-01-25 0230 N3RD             599 PA    AC0W             599  MN       
QSO:    1806 CW 2025-01-25 0231 N3RD             599 PA    K9OM             599  FL       
QSO:    1825 CW 2025-01-25 0232 N3RD             599 PA    K5LY             599  TX       
QSO:    1834 CW 2025-01-25 0232 N3RD             599 PA    N6XI             599  CA       
QSO:    1834 CW 2025-01-25 0232 N3RD             599 PA    W7CXX            599  UT       
QSO:    1857 CW 2025-01-25 0232 N3RD             599 PA    K2CJ             599  NJ       
QSO:    1856 CW 2025-01-25 0233 N3RD             599 PA    AG9A             599  IL       
QSO:    1835 CW 2025-01-25 0233 N3RD             599 PA    K3TS             599  PA       
QSO:    1818 CW 2025-01-25 0233 N3RD             599 PA    KF9D             599  IL       
QSO:    1819 CW 2025-01-25 0234 N3RD             599 PA    K0SN             599  MT       
QSO:    1849 CW 2025-01-25 0235 N3RD             599 PA    W0ZW             599  NM       
QSO:    1869 CW 2025-01-25 0236 N3RD             599 PA    K7RAT            599  OR       
QSO:    1815 CW 2025-01-25 0236 N3RD             599 PA    N9TK             599  IL       
QSO:    1822 CW 2025-01-25 0237 N3RD             599 PA    K1JB             599  ME       
QSO:    1855 CW 2025-01-25 0237 N3RD             599 PA    N4WW             599  FL       
QSO:    1852 CW 2025-01-25 0238 N3RD             599 PA    HB7X             599  14       
QSO:    1815 CW 2025-01-25 0239 N3RD             599 PA    HG8DX            599  15       
QSO:    1868 CW 2025-01-25 0239 N3RD             599 PA    LY4A             599  15       
QSO:    1843 CW 2025-01-25 0240 N3RD             599 PA    SN7Q             599  15       
QSO:    1855 CW 2025-01-25 0241 N3RD             599 PA    CR3Z             599  33       
QSO:    1858 CW 2025-01-25 0243 N3RD             599 PA    KG9X             599  IL       
QSO:    1858 CW 2025-01-25 0243 N3RD             599 PA    N2EM             599  PA       
QSO:    1831 CW 2025-01-25 0244 N3RD             599 PA    VO2AC            599  LB       
QSO:    1858 CW 2025-01-25 0244 N3RD             599 PA    VA2EBI           599  QC       
QSO:    1858 CW 2025-01-25 0245 N3RD             599 PA    K4HQK            599  VA       
QSO:    1858 CW 2025-01-25 0245 N3RD             599 PA    W3UL             599  PA       
QSO:    1858 CW 2025-01-25 0246 N3RD             599 PA    KE3K             599  MI       
QSO:    1858 CW 2025-01-25 0246 N3RD             599 PA    AB0S             599  NE       
QSO:    1858 CW 2025-01-25 0248 N3RD             599 PA    N3FCP            599  PA       
QSO:    1858 CW 2025-01-25 0248 N3RD             599 PA    KD2KW            599  TX       
QSO:    1858 CW 2025-01-25 0250 N3RD             599 PA    CT3MD            599  33       
QSO:    1858 CW 2025-01-25 0250 N3RD             599 PA    W5JMW            599  TX       
QSO:    1858 CW 2025-01-25 0251 N3RD             599 PA    NC3Y             599  MD       
QSO:    1858 CW 2025-01-25 0251 N3RD             599 PA    DR5X             599  14       
QSO:    1858 CW 2025-01-25 0253 N3RD             599 PA    K4BSK            599  NC       
QSO:    1858 CW 2025-01-25 0253 N3RD             599 PA    WS4C             599  SC       
QSO:    1858 CW 2025-01-25 0255 N3RD             599 PA    DM3W             599  14       
QSO:    1858 CW 2025-01-25 0257 N3RD             599 PA    DA0T             599  14       
QSO:    1858 CW 2025-01-25 0258 N3RD             599 PA    W7SW             599  AZ       
QSO:    1858 CW 2025-01-25 0259 N3RD             599 PA    W9XT             599  WI       
QSO:    1858 CW 2025-01-25 0259 N3RD             599 PA    W4RIN            599  GA       
QSO:    1858 CW 2025-01-25 0301 N3RD             599 PA    AF4JF            599  MO       
QSO:    1858 CW 2025-01-25 0302 N3RD             599 PA    DA0BCC           599  14       
QSO:    1858 CW 2025-01-25 0304 N3RD             599 PA    KC9EE            599  IL       
QSO:    1858 CW 2025-01-25 0305 N3RD             599 PA    K5TIA            599  TX       
QSO:    1858 CW 2025-01-25 0305 N3RD             599 PA    WA1T             599  NH       
QSO:    1858 CW 2025-01-25 0306 N3RD             599 PA    AC7A             599  AZ       
QSO:    1858 CW 2025-01-25 0306 N3RD             599 PA    N6IE             599  CA       
QSO:    1858 CW 2025-01-25 0306 N3RD             599 PA    K4XL             599  VA       
QSO:    1858 CW 2025-01-25 0307 N3RD             599 PA    K0TQ             599  IN       
QSO:    1858 CW 2025-01-25 0307 N3RD             599 PA    SC7DX            599  14       
QSO:    1858 CW 2025-01-25 0308 N3RD             599 PA    K3TC             599  MD       
QSO:    1858 CW 2025-01-25 0308 N3RD             599 PA    K9WO             599  WI       
QSO:    1858 CW 2025-01-25 0308 N3RD             599 PA    KE2D             599  NJ       
QSO:    1858 CW 2025-01-25 0309 N3RD             599 PA    K8LY             599  OH       
QSO:    1858 CW 2025-01-25 0310 N3RD             599 PA    DL5CL            599  14       
QSO:    1858 CW 2025-01-25 0311 N3RD             599 PA    W1JR             599  NH       
QSO:    1858 CW 2025-01-25 0311 N3RD             599 PA    OK1CF            599  15       
QSO:    1858 CW 2025-01-25 0311 N3RD             599 PA    DL7URH           599  14       
QSO:    1858 CW 2025-01-25 0312 N3RD             599 PA    IK7YTT           599  15       
QSO:    1858 CW 2025-01-25 0313 N3RD             599 PA    OZ1ADL           599  14       
QSO:    1858 CW 2025-01-25 0313 N3RD             599 PA    UA6AA            599  16       
QSO:    1858 CW 2025-01-25 0313 N3RD             599 PA    N8TR             599  OH       
QSO:    1858 CW 2025-01-25 0314 N3RD             599 PA    HG7T             599  15       
QSO:    1858 CW 2025-01-25 0315 N3RD             599 PA    N3MN             599  VA       
QSO:    1858 CW 2025-01-25 0315 N3RD             599 PA    K9YY             599  IL       
QSO:    1858 CW 2025-01-25 0315 N3RD             599 PA    AA1NK            599  MA       
QSO:    1858 CW 2025-01-25 0316 N3RD             599 PA    RL3A             599  16       
QSO:    1858 CW 2025-01-25 0317 N3RD             599 PA    OL7T             599  15       
QSO:    1858 CW 2025-01-25 0317 N3RD             599 PA    DL2NBU           599  14       
QSO:    1858 CW 2025-01-25 0317 N3RD             599 PA    W4YE             599  VA       
QSO:    1858 CW 2025-01-25 0318 N3RD             599 PA    UW5ZO            599  16       
QSO:    1858 CW 2025-01-25 0318 N3RD             599 PA    VA3WB            599  ON       
QSO:    1858 CW 2025-01-25 0319 N3RD             599 PA    N3RM             599  PA       
QSO:    1858 CW 2025-01-25 0319 N3RD             599 PA    K4YJ             599  OH       
QSO:    1858 CW 2025-01-25 0320 N3RD             599 PA    DK2OY            599  14       
QSO:    1858 CW 2025-01-25 0320 N3RD             599 PA    DM6M             599  14       
QSO:    1858 CW 2025-01-25 0321 N3RD             599 PA    OK6Y             599  15       
QSO:    1858 CW 2025-01-25 0321 N3RD             599 PA    YT7KM            599  15       
QSO:    1847 CW 2025-01-25 0322 N3RD             599 PA    PE6Q             599  14       
QSO:    1858 CW 2025-01-25 0322 N3RD             599 PA    K5KU             599  LA       
QSO:    1858 CW 2025-01-25 0325 N3RD             599 PA    YT0A             599  15       
QSO:    1858 CW 2025-01-25 0325 N3RD             599 PA    DL0LA            599  14       
QSO:    1858 CW 2025-01-25 0325 N3RD             599 PA    OK1TN            599  15       
QSO:    1858 CW 2025-01-25 0326 N3RD             599 PA    KD2A             599  NY       
QSO:    1858 CW 2025-01-25 0326 N3RD             599 PA    W2TT             599  CT       
QSO:    1858 CW 2025-01-25 0327 N3RD             599 PA    W4DWS            599  GA       
QSO:    1858 CW 2025-01-25 0328 N3RD             599 PA    SP4Z             599  15       
QSO:    1820 CW 2025-01-25 0329 N3RD             599 PA    E77DX            599  15       
QSO:    1817 CW 2025-01-25 0329 N3RD             599 PA    V31MA            599  7        
QSO:    1827 CW 2025-01-25 0331 N3RD             599 PA    4L5O             599  21       
QSO:    1858 CW 2025-01-25 0331 N3RD             599 PA    W0SEI            599  MN       
QSO:    1858 CW 2025-01-25 0332 N3RD             599 PA    DR5W             599  14       
QSO:    1858 CW 2025-01-25 0332 N3RD             599 PA    W9TC             599  IN       
QSO:    1858 CW 2025-01-25 0332 N3RD             599 PA    K8GVK            599  MI       
QSO:    1858 CW 2025-01-25 0333 N3RD             599 PA    WA8OLN           599  MI       
QSO:    1858 CW 2025-01-25 0334 N3RD             599 PA    KE0IAT           599  IA       
QSO:    1858 CW 2025-01-25 0334 N3RD             599 PA    WB3EML           599  PA       
QSO:    1858 CW 2025-01-25 0335 N3RD             599 PA    N2ZX             599  NY       
QSO:    1858 CW 2025-01-25 0335 N3RD             599 PA    HB7X             599  14       
QSO:    1858 CW 2025-01-25 0340 N3RD             599 PA    K5BG             599  TX       
QSO:    1857 CW 2025-01-25 0343 N3RD             599 PA    K4QXX            599  FL       
QSO:    1857 CW 2025-01-25 0343 N3RD             599 PA    NN4X             599  FL       
QSO:    1813 CW 2025-01-25 0345 N3RD             599 PA    F5IN             599  14       
QSO:    1815 CW 2025-01-25 0345 N3RD             599 PA    S50K             599  15       
QSO:    1857 CW 2025-01-25 0347 N3RD             599 PA    K8PK             599  OH       
QSO:    1807 CW 2025-01-25 0348 N3RD             599 PA    ND8D             599  OH       
QSO:    1802 CW 2025-01-25 0348 N3RD             599 PA    N7IR             599  AZ       
QSO:    1808 CW 2025-01-25 0348 N3RD             599 PA    K4BAI            599  GA       
QSO:    1824 CW 2025-01-25 0349 N3RD             599 PA    N2QV             599  NY       
QSO:    1827 CW 2025-01-25 0349 N3RD             599 PA    K6SRZ            599  CA       
QSO:    1845 CW 2025-01-25 0349 N3RD             599 PA    N1DE             599  ME       
QSO:    1856 CW 2025-01-25 0350 N3RD             599 PA    NN3Q             599  PA       
QSO:    1838 CW 2025-01-25 0350 N3RD             599 PA    WF4W             599  GA       
QSO:    1844 CW 2025-01-25 0351 N3RD             599 PA    W3IP             599  VA       
QSO:    1836 CW 2025-01-25 0351 N3RD             599 PA    N3SD             599  PA       
QSO:    1811 CW 2025-01-25 2101 N3RD             599 PA    K0EJ             599  TN       
QSO:    1822 CW 2025-01-25 2103 N3RD             599 PA    N3AD             599  PA       
QSO:    1820 CW 2025-01-25 2107 N3RD             599 PA    W1RM             599  CT       
QSO:    1830 CW 2025-01-25 2127 N3RD             599 PA    W1FJ             599  MA       
QSO:    1820 CW 2025-01-25 2152 N3RD             599 PA    W1RM             599  CT       
QSO:    1820 CW 2025-01-25 2152 N3RD             599 PA    W1RM             599  CT       
QSO:    1820 CW 2025-01-25 2153 N3RD             599 PA    W1RM             599  CT       
QSO:    1820 CW 2025-01-25 2153 N3RD             599 PA    W1RM             599  CT       
QSO:    1829 CW 2025-01-25 2154 N3RD             599 PA    W2YC             599  NJ       
QSO:    1810 CW 2025-01-25 2156 N3RD             599 PA    NS3T             599  MD       
QSO:    1815 CW 2025-01-25 2241 N3RD             599 PA    W4PM             599  VA       
QSO:    1839 CW 2025-01-25 2305 N3RD             599 PA    WY3A             599  PA       
QSO:    1809 CW 2025-01-25 2305 N3RD             599 PA    K2QO             599  NY       
QSO:    1826 CW 2025-01-25 2306 N3RD             599 PA    N9NC             599  NH       
QSO:    1846 CW 2025-01-25 2306 N3RD             599 PA    W1FV             599  NH       
QSO:    1828 CW 2025-01-25 2307 N3RD             599 PA    KC4R             599  VA       
QSO:    1837 CW 2025-01-25 2307 N3RD             599 PA    W2VQ             599  NJ       
QSO:    1840 CW 2025-01-25 2308 N3RD             599 PA    W2GR             599  NY       
QSO:    1827 CW 2025-01-25 2308 N3RD             599 PA    VE3NNT           599  ON       
QSO:    1828 CW 2025-01-25 2309 N3RD             599 PA    KK4R             599  VA       
QSO:    1808 CW 2025-01-25 2309 N3RD             599 PA    AJ1AJ            599  NH       
QSO:    1824 CW 2025-01-25 2310 N3RD             599 PA    W4DAN            599  TN       
QSO:    1831 CW 2025-01-25 2311 N3RD             599 PA    AC5XK            599  DC       
QSO:    1847 CW 2025-01-25 2330 N3RD             599 PA    NY3B             599  PA       
QSO:    1855 CW 2025-01-25 2330 N3RD             599 PA    VE3PN            599  ON       
QSO:    1814 CW 2025-01-25 2331 N3RD             599 PA    N4CF             599  VA       
QSO:    1843 CW 2025-01-25 2332 N3RD             599 PA    AA0FO            599  KS       
QSO:    1816 CW 2025-01-26 0016 N3RD             599 PA    VA5DX            599  SK       
QSO:    1824 CW 2025-01-26 0016 N3RD             599 PA    N2GM             599  NJ       
QSO:    1831 CW 2025-01-26 0017 N3RD             599 PA    NS0R             599  KS       
QSO:    1837 CW 2025-01-26 0018 N3RD             599 PA    K9UR             599  IN       
QSO:    1856 CW 2025-01-26 0018 N3RD             599 PA    K8GU             599  OH       
QSO:    1821 CW 2025-01-26 0018 N3RD             599 PA    VE3VN            599  ON       
QSO:    1845 CW 2025-01-26 0018 N3RD             599 PA    VA2UR            599  QC       
QSO:    1808 CW 2025-01-26 0020 N3RD             599 PA    HI3R             599  8        
QSO:    1828 CW 2025-01-26 0022 N3RD             599 PA    K0EA             599  MN       
QSO:    1836 CW 2025-01-26 0023 N3RD             599 PA    P33W             599  20       
QSO:    1848 CW 2025-01-26 0024 N3RD             599 PA    W1OP             599  RI       
QSO:    1865 CW 2025-01-26 0026 N3RD             599 PA    TF3D             599  40       
QSO:    1840 CW 2025-01-26 0147 N3RD             599 PA    YL3FT            599  15       
QSO:    1833 CW 2025-01-26 0148 N3RD             599 PA    OH0Z             599  15       
QSO:    1816 CW 2025-01-26 0150 N3RD             599 PA    OM5R             599  15       
QSO:    1822 CW 2025-01-26 0150 N3RD             599 PA    9A3A             599  15       
QSO:    1829 CW 2025-01-26 0151 N3RD             599 PA    DP6A             599  14       
QSO:    1863 CW 2025-01-26 0152 N3RD             599 PA    W3GH             599  PA       
QSO:    1814 CW 2025-01-26 0154 N3RD             599 PA    EU4E             599  16       
QSO:    1830 CW 2025-01-26 0155 N3RD             599 PA    IK4VYX           599  15       
QSO:    1834 CW 2025-01-26 0156 N3RD             599 PA    SN2B             599  15       
QSO:    1840 CW 2025-01-26 0156 N3RD             599 PA    IK0YUT           599  15       
QSO:    1846 CW 2025-01-26 0157 N3RD             599 PA    N4TZ             599  IN       
QSO:    1850 CW 2025-01-26 0157 N3RD             599 PA    KI0F             599  MN       
QSO:    1837 CW 2025-01-26 0157 N3RD             599 PA    K4FR             599  KY       
QSO:    1851 CW 2025-01-26 0158 N3RD             599 PA    N5UE             599  MS       
QSO:    1843 CW 2025-01-26 0159 N3RD             599 PA    SZ1A             599  20       
QSO:    1855 CW 2025-01-26 0159 N3RD             599 PA    OM7K             599  15       
QSO:    1805 CW 2025-01-26 0200 N3RD             599 PA    W1RCR            599  FL       
QSO:    1824 CW 2025-01-26 0200 N3RD             599 PA    AC0C             599  KS       
QSO:    1835 CW 2025-01-26 0202 N3RD             599 PA    9A3JH            599  15       
QSO:    1844 CW 2025-01-26 0203 N3RD             599 PA    WR2G             599  NJ       
QSO:    1849 CW 2025-01-26 0203 N3RD             599 PA    N2GC             599  NY       
QSO:    1811 CW 2025-01-26 0204 N3RD             599 PA    OM3RM            599  15       
QSO:    1821 CW 2025-01-26 0205 N3RD             599 PA    SE4A             599  14       
QSO:    1839 CW 2025-01-26 0206 N3RD             599 PA    II2Q             599  15       
QSO:    1820 CW 2025-01-26 0208 N3RD             599 PA    DP7D             599  14       
QSO:    1817 CW 2025-01-26 0208 N3RD             599 PA    LZ3ZZ            599  20       
QSO:    1824 CW 2025-01-26 0208 N3RD             599 PA    N5UM             599  OK       
QSO:    1825 CW 2025-01-26 0209 N3RD             599 PA    OM3GI            599  15       
QSO:    1827 CW 2025-01-26 0209 N3RD             599 PA    DR4A             599  14       
QSO:    1837 CW 2025-01-26 0210 N3RD             599 PA    W4NO             599  FL       
QSO:    1847 CW 2025-01-26 0210 N3RD             599 PA    K7GM             599  ME       
QSO:    1852 CW 2025-01-26 0211 N3RD             599 PA    OM5AW            599  15       
QSO:    1813 CW 2025-01-26 0211 N3RD             599 PA    KH7X/W7          599  AZ       
QSO:    1818 CW 2025-01-26 0213 N3RD             599 PA    9A5Y             599  15       
QSO:    1818 CW 2025-01-26 0213 N3RD             599 PA    AF4T             599  TN       
QSO:    1818 CW 2025-01-26 0214 N3RD             599 PA    K1ZZ             599  CT       
QSO:    1818 CW 2025-01-26 0214 N3RD             599 PA    N3DXX            599  DE       
QSO:    1818 CW 2025-01-26 0215 N3RD             599 PA    CO2JD            599  8        
QSO:    1818 CW 2025-01-26 0216 N3RD             599 PA    OL6M             599  15       
QSO:    1818 CW 2025-01-26 0217 N3RD             599 PA    N9RV             599  MT       
QSO:    1818 CW 2025-01-26 0217 N3RD             599 PA    OK7O             599  15       
QSO:    1818 CW 2025-01-26 0218 N3RD             599 PA    KA8G             599  OH       
QSO:    1819 CW 2025-01-26 0221 N3RD             599 PA    W2CDO            599  MD       
QSO:    1819 CW 2025-01-26 0223 N3RD             599 PA    AJ4F             599  TX       
QSO:    1819 CW 2025-01-26 0223 N3RD             599 PA    W3FV             599  PA       
QSO:    1819 CW 2025-01-26 0223 N3RD             599 PA    N4AF             599  NC       
QSO:    1815 CW 2025-01-26 0225 N3RD             599 PA    SK3W             599  14       
QSO:    1825 CW 2025-01-26 0225 N3RD             599 PA    AD4ES            599  FL       
QSO:    1825 CW 2025-01-26 0226 N3RD             599 PA    G4AFF            599  14       
QSO:    1833 CW 2025-01-26 0226 N3RD             599 PA    SM2U             599  14       
QSO:    1843 CW 2025-01-26 0227 N3RD             599 PA    OL3Z             599  15       
QSO:    1845 CW 2025-01-26 0227 N3RD             599 PA    K3ZU             599  MD       
QSO:    1832 CW 2025-01-26 0228 N3RD             599 PA    N6AR             599  FL       
QSO:    1852 CW 2025-01-26 0229 N3RD             599 PA    OE8TED           599  15       
QSO:    1821 CW 2025-01-26 0230 N3RD             599 PA    KE0UI            599  CO       
QSO:    1825 CW 2025-01-26 0231 N3RD             599 PA    LY7M             599  15       
QSO:    1827 CW 2025-01-26 0231 N3RD             599 PA    DL1AUZ           599  14       
QSO:    1849 CW 2025-01-26 0232 N3RD             599 PA    9A3JB            599  15       
QSO:    1854 CW 2025-01-26 0233 N3RD             599 PA    DL7ON            599  14       
QSO:    1856 CW 2025-01-26 0233 N3RD             599 PA    OM0M             599  15       
QSO:    1856 CW 2025-01-26 0237 N3RD             599 PA    K0YR             599  MN       
QSO:    1856 CW 2025-01-26 0237 N3RD             599 PA    K5TA             599  NM       
QSO:    1856 CW 2025-01-26 0238 N3RD             599 PA    RY7Y             599  16       
QSO:    1856 CW 2025-01-26 0239 N3RD             599 PA    W9TN             599  IL       
QSO:    1856 CW 2025-01-26 0240 N3RD             599 PA    S53M             599  15       
QSO:    1854 CW 2025-01-26 0241 N3RD             599 PA    N0UY             599  MN       
QSO:    1854 CW 2025-01-26 0242 N3RD             599 PA    K4FR             599  KY       
QSO:    1854 CW 2025-01-26 0243 N3RD             599 PA    WB4NQF           599  FL       
QSO:    1854 CW 2025-01-26 0245 N3RD             599 PA    OT7L             599  14       
QSO:    1854 CW 2025-01-26 0245 N3RD             599 PA    AE3T             599  PA       
QSO:    1854 CW 2025-01-26 0245 N3RD             599 PA    DK6WL            599  14       
QSO:    1854 CW 2025-01-26 0245 N3RD             599 PA    II2Q             599  15       
QSO:    1854 CW 2025-01-26 0246 N3RD             599 PA    W5VS             599  VA       
QSO:    1854 CW 2025-01-26 0247 N3RD             599 PA    US6EX            599  16       
QSO:    1825 CW 2025-01-26 1152 N3RD             599 PA    KH7A             599  31       
QSO:    1811 CW 2025-01-26 1152 N3RD             599 PA    KH6AQ            599  31       
QSO:    1823 CW 2025-01-26 1154 N3RD             599 PA    KH6LC            599  31       
QSO:    1828 CW 2025-01-26 1154 N3RD             599 PA    AA5JF            599  GA       
QSO:    1839 CW 2025-01-26 1155 N3RD             599 PA    AA2EQ            599  NY       
QSO:    1847 CW 2025-01-26 1155 N3RD             599 PA    N3XL             599  MD       
QSO:    1806 CW 2025-01-26 1156 N3RD             599 PA    W3HKK            599  OH       
QSO:    1821 CW 2025-01-26 1156 N3RD             599 PA    AJ1G             599  CT       
QSO:    1824 CW 2025-01-26 1156 N3RD             599 PA    K0RF             599  CO       
QSO:    1835 CW 2025-01-26 1157 N3RD             599 PA    K8RR             599  OH       
QSO:    1804 CW 2025-01-26 1158 N3RD             599 PA    K4UX             599  VA       
QSO:    1804 CW 2025-01-26 1200 N3RD             599 PA    KU1N             599  MA       
QSO:    1804 CW 2025-01-26 1200 N3RD             599 PA    K4YFR            599  VA       
QSO:    1823 CW 2025-01-26 1201 N3RD             599 PA    K1TR             599  NH       
QSO:    1802 CW 2025-01-26 1202 N3RD             599 PA    K3STX            599  MD       
QSO:    1840 CW 2025-01-26 1202 N3RD             599 PA    W1HNZ            599  MA       
QSO:    1804 CW 2025-01-26 1203 N3RD             599 PA    N9GH             599  WI       
QSO:    1804 CW 2025-01-26 1205 N3RD             599 PA    N8EM             599  MI       
QSO:    1804 CW 2025-01-26 1206 N3RD             599 PA    K3QIA            599  PA       
QSO:    1804 CW 2025-01-26 1206 N3RD             599 PA    WB4YDY           599  TN       
QSO:    1804 CW 2025-01-26 1206 N3RD             599 PA    WA2JQK           599  NY       
QSO:    1804 CW 2025-01-26 1206 N3RD             599 PA    W4TTY            599  VA       
QSO:    1804 CW 2025-01-26 1208 N3RD             599 PA    VA2IW            599  QC       
QSO:    1804 CW 2025-01-26 1208 N3RD             599 PA    N3ZV             599  VA       
QSO:    1804 CW 2025-01-26 1208 N3RD             599 PA    KT9L             599  IN       
QSO:    1804 CW 2025-01-26 1209 N3RD             599 PA    W2GDJ            599  NY       
QSO:    1804 CW 2025-01-26 1209 N3RD             599 PA    WV4E             599  AL       
QSO:    1814 CW 2025-01-26 1210 N3RD             599 PA    KG9N             599  IL       
QSO:    1846 CW 2025-01-26 1212 N3RD             599 PA    W8GP             599  MI       
QSO:    1804 CW 2025-01-26 1213 N3RD             599 PA    WA8RCN           599  OH       
QSO:    1829 CW 2025-01-26 1214 N3RD             599 PA    W1AJT            599  NC       
QSO:    1804 CW 2025-01-26 1215 N3RD             599 PA    N9JR             599  WI       
QSO:    1804 CW 2025-01-26 1215 N3RD             599 PA    K1GG             599  VA       
QSO:    1804 CW 2025-01-26 1215 N3RD             599 PA    NI0K             599  MN       
QSO:    1804 CW 2025-01-26 1216 N3RD             599 PA    K9MU             599  WI       
QSO:    1824 CW 2025-01-26 1217 N3RD             599 PA    WT3K             599  MD       
QSO:    1804 CW 2025-01-26 1218 N3RD             599 PA    KA3JNN           599  MD       
QSO:    1804 CW 2025-01-26 1218 N3RD             599 PA    N8CC             599  MI       
QSO:    1804 CW 2025-01-26 1219 N3RD             599 PA    W2EQ             599  NJ       
QSO:    1804 CW 2025-01-26 1220 N3RD             599 PA    K9CS             599  IL       
QSO:    1804 CW 2025-01-26 1221 N3RD             599 PA    K4YT             599  VA       
END-OF-LOG:
