START-OF-LOG: 3.0
CREATED-BY: QARTest 4.2.1
CONTEST: CQ-WPX-SSB
CALLSIGN: IK1ZOE
LOCATION: DX
CATEGORY-OPERATOR: SINGLE-OP
CATEGORY-TRANSMITTER: ONE
CATEGORY-ASSISTED: NON-ASSISTED
CATEGORY-MODE: SSB
CATEGORY-BAND: ALL
CATEGORY-POWER: LOW
CATEGORY-OVERLAY: TB-WIRES
CLAIMED-SCORE: 21721
NAME: giuseppe garbolino
QSO: 14000 PH 2014-03-29 1601 IK1ZOE        59     001 LY7A          59    1173
QSO: 14000 PH 2014-03-29 1602 IK1ZOE        59     002 J42T          59     689
QSO: 14000 PH 2014-03-29 1603 IK1ZOE        59     003 YT1A          59    1268
QSO: 14000 PH 2014-03-29 1604 IK1ZOE        59     004 SQ6PL         59     537
QSO: 14000 PH 2014-03-29 1612 IK1ZOE        59     005 IK2IQD        59     410
QSO: 14000 PH 2014-03-29 1615 IK1ZOE        59     006 IB1B          59     883
QSO: 14000 PH 2014-03-29 1616 IK1ZOE        59     007 PA4PS         59     742
QSO: 14000 PH 2014-03-29 1617 IK1ZOE        59     008 IZ8GUQ        59     114
QSO: 14000 PH 2014-03-29 1618 IK1ZOE        59     009 SI9AM         59     069
QSO: 14000 PH 2014-03-29 1622 IK1ZOE        59     010 EC6AAE        59     545
QSO: 14000 PH 2014-03-29 1623 IK1ZOE        59     011 R6CA          59     352
QSO: 14000 PH 2014-03-29 1627 IK1ZOE        59     012 UZ0U          59     327
QSO: 14000 PH 2014-03-29 1630 IK1ZOE        59     013 LZ9W          59    1424
QSO: 14000 PH 2014-03-29 1631 IK1ZOE        59     014 LZ5X          59     843
QSO: 14000 PH 2014-03-29 1632 IK1ZOE        59     015 DR1A          59    2014
QSO: 14000 PH 2014-03-29 1633 IK1ZOE        59     016 R4WDE         59     620
QSO: 14000 PH 2014-03-29 1636 IK1ZOE        59     017 EC5AN         59     767
QSO: 14000 PH 2014-03-29 1640 IK1ZOE        59     018 OT5A          59    1188
QSO: 14000 PH 2014-03-29 1641 IK1ZOE        59     019 ED5K          59     525
QSO: 14000 PH 2014-03-30 0818 IK1ZOE        59     020 UT1KWA        59     194
QSO: 14000 PH 2014-03-30 0821 IK1ZOE        59     021 OL8W          59     393
QSO: 14000 PH 2014-03-30 0823 IK1ZOE        59     022 ED9K          59   51164
QSO: 14000 PH 2014-03-30 0826 IK1ZOE        59     023 OM4C          59    1458
QSO: 14000 PH 2014-03-30 0830 IK1ZOE        59     024 OT7J          59     543
QSO: 14000 PH 2014-03-30 0831 IK1ZOE        59     025 SP8RX         59     056
QSO: 14000 PH 2014-03-30 0833 IK1ZOE        59     026 CN2AA         59    6316
QSO: 14000 PH 2014-03-30 0834 IK1ZOE        59     027 9A1A          59    2176
QSO: 14000 PH 2014-03-30 0836 IK1ZOE        59     028 YR5N          59    1013
QSO: 14000 PH 2014-03-30 0837 IK1ZOE        59     029 ED2W          59     990
QSO: 14000 PH 2014-03-30 0838 IK1ZOE        59     030 IZ8EFD        59     690
QSO: 21000 PH 2014-03-30 0841 IK1ZOE        59     031 UR5IFB        59     933
QSO: 21000 PH 2014-03-30 0842 IK1ZOE        59     032 LY7A          59    1056
QSO: 21000 PH 2014-03-30 0843 IK1ZOE        59     033 RL3A          59    1764
QSO: 21000 PH 2014-03-30 0845 IK1ZOE        59     034 YP8T          59    1109
QSO: 21000 PH 2014-03-30 0846 IK1ZOE        59     035 RW7M          59     929
QSO: 21000 PH 2014-03-30 0854 IK1ZOE        59     036 RA7T          59     401
QSO: 21000 PH 2014-03-30 0855 IK1ZOE        59     037 CR3A          59    1651
QSO: 21000 PH 2014-03-30 0856 IK1ZOE        59     038 UT7E          59    2211
QSO: 21000 PH 2014-03-30 0858 IK1ZOE        59     039 R22ALS        59    1781
QSO: 21000 PH 2014-03-30 0859 IK1ZOE        59     040 3Z5W          59     369
QSO: 21000 PH 2014-03-30 0901 IK1ZOE        59     041 EA9LZ         59    2414
QSO: 21000 PH 2014-03-30 0903 IK1ZOE        59     042 ES9C          59    3311
QSO: 21000 PH 2014-03-30 0904 IK1ZOE        59     043 EE7Y          59    1372
QSO: 21000 PH 2014-03-30 0906 IK1ZOE        59     044 KL7RA         59   59293
QSO: 21000 PH 2014-03-30 0909 IK1ZOE        59     045 YL3GV         59     498
QSO: 21000 PH 2014-03-30 0911 IK1ZOE        59     046 RA9Y          59    1377
QSO: 21000 PH 2014-03-30 0913 IK1ZOE        59     047 UW2L          59     521
QSO: 21000 PH 2014-03-30 0928 IK1ZOE        59     048 UA9XMC        59     693
QSO: 21000 PH 2014-03-30 0930 IK1ZOE        59     049 EA7IQM        59     484
QSO: 21000 PH 2014-03-30 0934 IK1ZOE        59     050 UT7CA         59     550
QSO: 21000 PH 2014-03-30 0936 IK1ZOE        59     051 YL2BJ         59    1199
QSO: 21000 PH 2014-03-30 1213 IK1ZOE        59     052 WX3B          59    1377
QSO: 21000 PH 2014-03-30 1214 IK1ZOE        59     053 LY4A          59     910
QSO: 21000 PH 2014-03-30 1216 IK1ZOE        59     054 UD1A          59    1154
QSO: 21000 PH 2014-03-30 1219 IK1ZOE        59     055 YO9FTN        59     600
QSO: 21000 PH 2014-03-30 1220 IK1ZOE        59     056 W8PR          59    1572
QSO: 21000 PH 2014-03-30 1223 IK1ZOE        59     057 CN2AA         59    6904
QSO: 21000 PH 2014-03-30 1225 IK1ZOE        59     058 SK3W          59    1297
QSO: 21000 PH 2014-03-30 1229 IK1ZOE        59     059 UP2L          59    2394
QSO: 21000 PH 2014-03-30 1233 IK1ZOE        59     060 XP1A          59    1918
QSO: 21000 PH 2014-03-30 1236 IK1ZOE        59     061 NE5D          59    1610
QSO: 21000 PH 2014-03-30 1238 IK1ZOE        59     062 OH2PM         59    1560
QSO: 21000 PH 2014-03-30 1239 IK1ZOE        59     063 ER3CT         59    1074
QSO: 21000 PH 2014-03-30 1242 IK1ZOE        59     064 SO9Q          59    1391
QSO: 21000 PH 2014-03-30 1243 IK1ZOE        59     065 EE8E          59    1526
QSO: 21000 PH 2014-03-30 1244 IK1ZOE        59     066 WZ4F          59    1778
QSO: 21000 PH 2014-03-30 1246 IK1ZOE        59     067 NV9L          59    3058
QSO: 28000 PH 2014-03-30 1308 IK1ZOE        59     068 AK1W          59    1295
QSO: 28000 PH 2014-03-30 1311 IK1ZOE        59     069 AG5Z          59    1164
QSO: 28000 PH 2014-03-30 1312 IK1ZOE        59     070 UA4PAN        59     660
QSO: 28000 PH 2014-03-30 1315 IK1ZOE        59     071 IT9JOF        59     811
QSO: 28000 PH 2014-03-30 1318 IK1ZOE        59     072 K0KO          59    2469
QSO: 28000 PH 2014-03-30 1321 IK1ZOE        59     073 CR2T          59    1365
QSO: 28000 PH 2014-03-30 1321 IK1ZOE        59     074 RG6G          59    2916
QSO: 28000 PH 2014-03-30 1323 IK1ZOE        59     075 K4PV          59    1575
QSO: 28000 PH 2014-03-30 1324 IK1ZOE        59     076 C4A           59    2132
QSO: 28000 PH 2014-03-30 1325 IK1ZOE        59     077 RZ3EC         59     041
QSO: 28000 PH 2014-03-30 1326 IK1ZOE        59     078 KQ2M          59    2099
QSO: 28000 PH 2014-03-30 1327 IK1ZOE        59     079 UZ2M          59    5378
QSO: 28000 PH 2014-03-30 1334 IK1ZOE        59     080 N2NT          59     190
QSO: 28000 PH 2014-03-30 1338 IK1ZOE        59     081 NM1C          59    1413
QSO: 28000 PH 2014-03-30 1339 IK1ZOE        59     082 RM3A          59     812
QSO: 28000 PH 2014-03-30 1342 IK1ZOE        59     083 N3RR          59    1933
QSO: 28000 PH 2014-03-30 1344 IK1ZOE        59     084 ZW8T          59    1598
QSO: 28000 PH 2014-03-30 1522 IK1ZOE        59     085 N8II          59     911
QSO: 28000 PH 2014-03-30 1524 IK1ZOE        59     086 RV4AB         59     752
QSO: 28000 PH 2014-03-30 1528 IK1ZOE        59     087 VR2/IV3TAN    59    2028
QSO: 28000 PH 2014-03-30 1529 IK1ZOE        59     088 VE9ML         59    1206
QSO: 28000 PH 2014-03-30 1532 IK1ZOE        59     089 9A1A          59    1918
QSO: 28000 PH 2014-03-30 1536 IK1ZOE        59     090 KP4BD         59    1285
QSO: 28000 PH 2014-03-30 1540 IK1ZOE        59     091 KC1XX         59    1692
QSO: 28000 PH 2014-03-30 1541 IK1ZOE        59     092 R7AB          59    1726
QSO: 28000 PH 2014-03-30 1544 IK1ZOE        59     093 W1AW          59    1002
QSO: 28000 PH 2014-03-30 1547 IK1ZOE        59     094 DA2C          59    2319
QSO: 28000 PH 2014-03-30 1549 IK1ZOE        59     095 WR5O          59     775
QSO: 28000 PH 2014-03-30 1550 IK1ZOE        59     096 YV4NN         59    2341
QSO: 28000 PH 2014-03-30 1553 IK1ZOE        59     097 SN8B          59    1611
QSO: 28000 PH 2014-03-30 1555 IK1ZOE        59     098 K9FY          59    1221
QSO: 28000 PH 2014-03-30 1557 IK1ZOE        59     099 OM2VL         59    3180
QSO: 28000 PH 2014-03-30 1600 IK1ZOE        59     100 K6ND          59    2890
QSO: 28000 PH 2014-03-30 1602 IK1ZOE        59     101 WP2Z          59    2233
QSO: 28000 PH 2014-03-30 1604 IK1ZOE        59     102 NE9U          59    1056
QSO: 28000 PH 2014-03-30 1607 IK1ZOE        59     103 NQ4I          59    1532
QSO: 28000 PH 2014-03-30 1609 IK1ZOE        59     104 VE3CX         59     876
QSO: 28000 PH 2014-03-30 1611 IK1ZOE        59     105 OK1KQH        59     974
QSO: 28000 PH 2014-03-30 1612 IK1ZOE        59     106 AA4V          59     525
QSO: 28000 PH 2014-03-30 1615 IK1ZOE        59     107 AK4QR         59     221
QSO: 28000 PH 2014-03-30 1801 IK1ZOE        59     108 5E5E          59    6498
QSO: 28000 PH 2014-03-30 1805 IK1ZOE        59     109 PX5E          59    3603
QSO: 28000 PH 2014-03-30 1806 IK1ZOE        59     110 CR3A          59    3159
QSO: 28000 PH 2014-03-30 1810 IK1ZOE        59     111 II4I          59    2070
QSO: 28000 PH 2014-03-30 1813 IK1ZOE        59     112 S50A          59    1836
QSO: 28000 PH 2014-03-30 1818 IK1ZOE        59     113 PR7AB         59    1199
END-OF-LOG:
