START-OF-LOG: 3.0
CREATED-BY: QARTest 3.10.1
CONTEST: CQ-WPX-SSB
CALLSIGN: IN3EJN
LOCATION: DX
CATEGORY-OPERATOR: SINGLE-OP
CATEGORY-TRANSMITTER: ONE
CATEGORY-ASSISTED: NON-ASSISTED
CATEGORY-MODE: SSB
CATEGORY-BAND: ALL
CATEGORY-POWER: LOW
CATEGORY-OVERLAY: ROOKIE
CLAIMED-SCORE: 280
NAME: Lorenzo Joale
QSO:  7081 PH 2014-03-29 0408 IN3EJN        59     001 CQ3L          59     599
QSO:  7062 PH 2014-03-29 0444 IN3EJN        59     002 HA3DX         59     320
QSO: 14145 PH 2014-03-29 0448 IN3EJN        59     003 RU6JL         59     168
QSO: 14156 PH 2014-03-29 0449 IN3EJN        59     004 UW7LL         59     344
QSO: 14183 PH 2014-03-29 0450 IN3EJN        59     005 9K2HN         59     440
QSO: 21251 PH 2014-03-29 0517 IN3EJN        59     006 EX8MAT        59     092
QSO: 21265 PH 2014-03-29 0530 IN3EJN        59     007 FR4NT         59     188
QSO: 28374 PH 2014-03-29 1240 IN3EJN        59     008 P33W          59    2738
QSO: 28402 PH 2014-03-29 1246 IN3EJN        59     009 LO7H          59     374
QSO: 28522 PH 2014-03-30 1346 IN3EJN        59     010 VU2RCT        59    1882
END-OF-LOG:
