START-OF-LOG: 3.0
CONTEST: ARRL-DX-CW
LOCATION: DX
CALLSIGN: JH1OAI
CATEGORY-OPERATOR: SINGLE-OP
CATEGORY-ASSISTED: ASSISTED
CATEGORY-POWER: HIGH
CATEGORY-BAND: ALL
CATEGORY-MODE: CW
CATEGORY-STATION: FIXED
CATEGORY-TRANSMITTER: ONE
CREATED-BY: N1MM LOGGER+ 1.0.8990.0
OPERATORS: JH1OAI
HQ-CATEGORY: Single Operator Unlimited, High Power
HQ-GRID-LOCATOR: PM95sj
QSO: 14033 CW 2021-02-20 0001 JH1OAI 599 KW KN7T 599 WA
QSO: 14028 CW 2021-02-20 0003 JH1OAI 599 KW K8BZ 599 MI
QSO: 14026 CW 2021-02-20 0004 JH1OAI 599 KW N7DD 599 AZ
QSO: 14025 CW 2021-02-20 0005 JH1OAI 599 KW K6MM 599 CA
QSO: 14025 CW 2021-02-20 0006 JH1OAI 599 KW K6RC 599 CA
QSO: 14023 CW 2021-02-20 0009 JH1OAI 599 KW K8LX 599 MI
QSO: 14021 CW 2021-02-20 0010 JH1OAI 599 KW W5NN 599 TX
QSO: 14019 CW 2021-02-20 0011 JH1OAI 599 KW KT0K 599 NE
QSO: 14014 CW 2021-02-20 0013 JH1OAI 599 KW K6RB 599 CA
QSO: 14013 CW 2021-02-20 0013 JH1OAI 599 KW WA8Y 599 MI
QSO: 14013 CW 2021-02-20 0014 JH1OAI 599 KW VA7ST 599 BC
QSO: 14011 CW 2021-02-20 0015 JH1OAI 599 KW N7DX 599 WA
QSO: 14012 CW 2021-02-20 0016 JH1OAI 599 KW VE7UF 599 BC
QSO: 14009 CW 2021-02-20 0017 JH1OAI 599 KW N9RV 599 MT
QSO: 14009 CW 2021-02-20 0018 JH1OAI 599 KW K0RF 599 CO
QSO: 14007 CW 2021-02-20 0020 JH1OAI 599 KW K7RI 599 WA
QSO: 14005 CW 2021-02-20 0023 JH1OAI 599 KW W7SW 599 AZ
QSO: 14004 CW 2021-02-20 0024 JH1OAI 599 KW N2IC 599 NM
QSO: 14003 CW 2021-02-20 0025 JH1OAI 599 KW N7TU 599 AZ
QSO: 14003 CW 2021-02-20 0027 JH1OAI 599 KW W0EWD 599 IA
QSO: 14005 CW 2021-02-20 0029 JH1OAI 599 KW K3LR 599 PA
QSO: 14002 CW 2021-02-20 0030 JH1OAI 599 KW K5FP 599 TX
QSO: 14002 CW 2021-02-20 0031 JH1OAI 599 KW AK6A 599 OR
QSO: 14001 CW 2021-02-20 0032 JH1OAI 599 KW W6YA 599 CA
QSO: 14059 CW 2021-02-20 0035 JH1OAI 599 KW W7RC 599 OR
QSO: 14055 CW 2021-02-20 0037 JH1OAI 599 KW W1SRD 599 CA
QSO: 14054 CW 2021-02-20 0039 JH1OAI 599 KW ND9G 599 IL
QSO: 14044 CW 2021-02-20 0042 JH1OAI 599 KW KN7K 599 OR
QSO: 14040 CW 2021-02-20 0046 JH1OAI 599 KW N7RO 599 WA
QSO: 14040 CW 2021-02-20 0046 JH1OAI 599 KW KT7E 599 OR
QSO: 14032 CW 2021-02-20 0052 JH1OAI 599 KW K6LL 599 AZ
QSO: 14033 CW 2021-02-20 0054 JH1OAI 599 KW K6LA 599 CA
QSO: 14025 CW 2021-02-20 0058 JH1OAI 599 KW K5GN 599 TX
QSO: 14025 CW 2021-02-20 0059 JH1OAI 599 KW W1PR 599 CA
QSO: 14023 CW 2021-02-20 0100 JH1OAI 599 KW N7CW 599 AZ
QSO: 14023 CW 2021-02-20 0101 JH1OAI 599 KW K9CT 599 IL
QSO: 14022 CW 2021-02-20 0104 JH1OAI 599 KW VA7OM 599 BC
QSO: 14021 CW 2021-02-20 0105 JH1OAI 599 KW KY7M 599 AZ
QSO: 14019 CW 2021-02-20 0111 JH1OAI 599 KW W5ZN 599 AR
QSO: 14017 CW 2021-02-20 0114 JH1OAI 599 KW AJ6V 599 CA
QSO: 14012 CW 2021-02-20 0117 JH1OAI 599 KW K6IJ 599 CA
QSO: 14010 CW 2021-02-20 0118 JH1OAI 599 KW WJ9B 599 ID
QSO: 14008 CW 2021-02-20 0120 JH1OAI 599 KW N5CR 599 WA
QSO: 14006 CW 2021-02-20 0121 JH1OAI 599 KW N4OX 599 FL
QSO: 14064 CW 2021-02-20 0125 JH1OAI 599 KW WQ5L 599 MS
QSO: 14046 CW 2021-02-20 0132 JH1OAI 599 KW N5FO 599 NM
QSO: 14040 CW 2021-02-20 0135 JH1OAI 599 KW W6PH 599 CA
QSO: 14033 CW 2021-02-20 0140 JH1OAI 599 KW KC7EFP 599 WA
QSO: 14027 CW 2021-02-20 0146 JH1OAI 599 KW K6MMM 599 CA
QSO: 14023 CW 2021-02-20 0148 JH1OAI 599 KW NU7J 599 WA
QSO: 14016 CW 2021-02-20 0151 JH1OAI 599 KW K6NR 599 CA
QSO: 14014 CW 2021-02-20 0153 JH1OAI 599 KW W6YX 599 CA
QSO: 14006 CW 2021-02-20 0159 JH1OAI 599 KW WD6T 599 CA
QSO: 14006 CW 2021-02-20 0203 JH1OAI 599 KW K6TV 599 CA
QSO: 14005 CW 2021-02-20 0206 JH1OAI 599 KW N6RV 599 CA
QSO: 14003 CW 2021-02-20 0209 JH1OAI 599 KW W0YK 599 CA
QSO: 14060 CW 2021-02-20 0213 JH1OAI 599 KW WE6Z 599 CA
QSO: 14056 CW 2021-02-20 0215 JH1OAI 599 KW W7DX 599 WA
QSO: 14052 CW 2021-02-20 0217 JH1OAI 599 KW WN6K 599 CA
QSO: 14042 CW 2021-02-20 0223 JH1OAI 599 KW N7TY 599 AZ
QSO: 7003 CW 2021-02-20 0750 JH1OAI 599 KW NX6T 599 CA
QSO: 7003 CW 2021-02-20 0752 JH1OAI 599 KW W7RM 599 OR
QSO: 7004 CW 2021-02-20 0754 JH1OAI 599 KW K5GN 599 TX
QSO: 7005 CW 2021-02-20 0755 JH1OAI 599 KW K5TR 599 TX
QSO: 7006 CW 2021-02-20 0756 JH1OAI 599 KW K0EU 599 CO
QSO: 7007 CW 2021-02-20 0757 JH1OAI 599 KW WJ9B 599 ID
QSO: 7008 CW 2021-02-20 0758 JH1OAI 599 KW W0UO 599 TX
QSO: 7010 CW 2021-02-20 0759 JH1OAI 599 KW N9RV 599 MT
QSO: 7010 CW 2021-02-20 0759 JH1OAI 599 KW N6TV 599 CA
QSO: 7011 CW 2021-02-20 0801 JH1OAI 599 KW NR4L 599 TN
QSO: 7014 CW 2021-02-20 0802 JH1OAI 599 KW KY7M 599 AZ
QSO: 7015 CW 2021-02-20 0804 JH1OAI 599 KW VE7NY 599 BC
QSO: 7024 CW 2021-02-20 0809 JH1OAI 599 KW K7XC 599 NV
QSO: 7028 CW 2021-02-20 0819 JH1OAI 599 KW W6PH 599 CA
QSO: 7028 CW 2021-02-20 0820 JH1OAI 599 KW W7WSV 599 AZ
QSO: 7031 CW 2021-02-20 0823 JH1OAI 599 KW KT7E 599 OR
QSO: 7031 CW 2021-02-20 0826 JH1OAI 599 KW K7QA 599 MT
QSO: 7035 CW 2021-02-20 0828 JH1OAI 599 KW N6ZFO 599 CA
QSO: 7045 CW 2021-02-20 0831 JH1OAI 599 KW W0YK 599 CA
QSO: 7005 CW 2021-02-20 0839 JH1OAI 599 KW N6CW 599 AZ
QSO: 7007 CW 2021-02-20 0842 JH1OAI 599 KW AD6T 599 CA
QSO: 7013 CW 2021-02-20 0845 JH1OAI 599 KW W6YX 599 CA
QSO: 7016 CW 2021-02-20 0847 JH1OAI 599 KW N6RV 599 CA
QSO: 7018 CW 2021-02-20 0847 JH1OAI 599 KW K0RF 599 CO
QSO: 7020 CW 2021-02-20 0850 JH1OAI 599 KW N5FO 599 NM
QSO: 7021 CW 2021-02-20 0851 JH1OAI 599 KW K6RC 599 CA
QSO: 7023 CW 2021-02-20 0853 JH1OAI 599 KW WC6H 599 CA
QSO: 7001 CW 2021-02-20 1118 JH1OAI 599 KW N7DX 599 WA
QSO: 7004 CW 2021-02-20 1122 JH1OAI 599 KW K0UK 599 CO
QSO: 14000 CW 2021-02-20 2120 JH1OAI 599 KW K2VK 599 NJ
QSO: 14046 CW 2021-02-20 2124 JH1OAI 599 KW W2FU 599 NY
QSO: 14046 CW 2021-02-20 2126 JH1OAI 599 KW NA8V 599 MI
QSO: 14045 CW 2021-02-20 2127 JH1OAI 599 KW K5PI 599 TX
QSO: 14040 CW 2021-02-20 2130 JH1OAI 599 KW K9ZO 599 IL
QSO: 14039 CW 2021-02-20 2131 JH1OAI 599 KW K8GL 599 MI
QSO: 14032 CW 2021-02-20 2142 JH1OAI 599 KW KD8BBK 599 OH
QSO: 14025 CW 2021-02-20 2145 JH1OAI 599 KW NG7M 599 UT
QSO: 14019 CW 2021-02-20 2148 JH1OAI 599 KW N5EE 599 AR
QSO: 14017 CW 2021-02-20 2151 JH1OAI 599 KW NU6N 599 CA
QSO: 14013 CW 2021-02-20 2156 JH1OAI 599 KW WE9V 599 WI
QSO: 14012 CW 2021-02-20 2157 JH1OAI 599 KW VE3VN 599 ON
QSO: 14010 CW 2021-02-20 2158 JH1OAI 599 KW WC7Q 599 WA
QSO: 14008 CW 2021-02-20 2200 JH1OAI 599 KW W9RE 599 IN
QSO: 14007 CW 2021-02-20 2201 JH1OAI 599 KW K2RD 599 NV
QSO: 14006 CW 2021-02-20 2204 JH1OAI 599 KW KN2M 599 NY
QSO: 14005 CW 2021-02-20 2205 JH1OAI 599 KW K6BFL 599 CO
QSO: 14067 CW 2021-02-20 2208 JH1OAI 599 KW VA7KO 599 BC
QSO: 14064 CW 2021-02-20 2209 JH1OAI 599 KW N7YY 599 OR
QSO: 14061 CW 2021-02-20 2211 JH1OAI 599 KW K2AX 599 NJ
QSO: 14057 CW 2021-02-20 2213 JH1OAI 599 KW N9NA 599 AZ
QSO: 14051 CW 2021-02-20 2216 JH1OAI 599 KW WA0MHJ 599 MN
QSO: 14051 CW 2021-02-20 2217 JH1OAI 599 KW ND7K 599 AZ
QSO: 14048 CW 2021-02-20 2220 JH1OAI 599 KW N1UR 599 VT
QSO: 14048 CW 2021-02-20 2221 JH1OAI 599 KW K7XC 599 NV
QSO: 14048 CW 2021-02-20 2221 JH1OAI 599 KW W2VJN 599 OR
QSO: 14043 CW 2021-02-20 2226 JH1OAI 599 KW NP4IW/W6 599 CA
QSO: 14040 CW 2021-02-20 2230 JH1OAI 599 KW K9PPY 599 IL
QSO: 14022 CW 2021-02-20 2241 JH1OAI 599 KW K7ENA 599 CA
QSO: 14021 CW 2021-02-20 2244 JH1OAI 599 KW WO4O 599 FL
QSO: 14014 CW 2021-02-20 2248 JH1OAI 599 KW N3AD 599 PA
QSO: 14013 CW 2021-02-20 2250 JH1OAI 599 KW W7VJ 599 WA
QSO: 14013 CW 2021-02-20 2251 JH1OAI 599 KW W7AC 599 OR
QSO: 14008 CW 2021-02-20 2254 JH1OAI 599 KW N7EPD 599 WA
QSO: 14006 CW 2021-02-20 2256 JH1OAI 599 KW W0UO 599 TX
QSO: 14001 CW 2021-02-20 2302 JH1OAI 599 KW W0CP 599 CO
QSO: 21011 CW 2021-02-20 2307 JH1OAI 599 KW N5CR 599 WA
QSO: 21040 CW 2021-02-20 2311 JH1OAI 599 KW K0NM 599 TX
QSO: 21043 CW 2021-02-20 2312 JH1OAI 599 KW WD6T 599 CA
QSO: 21050 CW 2021-02-20 2314 JH1OAI 599 KW KX7M 599 CA
QSO: 21009 CW 2021-02-20 2324 JH1OAI 599 KW K6XX 599 CA
QSO: 14064 CW 2021-02-20 2331 JH1OAI 599 KW N0AX 599 MO
QSO: 14062 CW 2021-02-20 2332 JH1OAI 599 KW N7DR 599 CO
QSO: 14058 CW 2021-02-20 2334 JH1OAI 599 KW WS7L 599 OR
QSO: 14032 CW 2021-02-20 2350 JH1OAI 599 KW K0NM 599 TX
QSO: 14026 CW 2021-02-20 2356 JH1OAI 599 KW K7BTW 599 WA
QSO: 14023 CW 2021-02-20 2357 JH1OAI 599 KW W3KL 599 MD
QSO: 14021 CW 2021-02-21 0006 JH1OAI 599 KW K6KR 599 WA
QSO: 14015 CW 2021-02-21 0015 JH1OAI 599 KW K0ZX 599 CO
QSO: 14012 CW 2021-02-21 0017 JH1OAI 599 KW WI7N 599 OR
QSO: 14010 CW 2021-02-21 0019 JH1OAI 599 KW W6TK 599 CA
QSO: 14007 CW 2021-02-21 0023 JH1OAI 599 KW N6KN 599 CA
QSO: 14060 CW 2021-02-21 0050 JH1OAI 599 KW KS7T 599 MT
QSO: 7038 CW 2021-02-21 0553 JH1OAI 599 KW KA6BIM 599 OR
QSO: 7013 CW 2021-02-21 0605 JH1OAI 599 KW K2RD 599 NV
QSO: 7005 CW 2021-02-21 0608 JH1OAI 599 KW K6IJ 599 CA
QSO: 7007 CW 2021-02-21 0614 JH1OAI 599 KW W7DX 599 WA
QSO: 7018 CW 2021-02-21 0633 JH1OAI 599 KW N6JV 599 CA
QSO: 7019 CW 2021-02-21 0634 JH1OAI 599 KW ND7K 599 AZ
QSO: 7037 CW 2021-02-21 0725 JH1OAI 599 KW K7CF 599 ID
QSO: 7010 CW 2021-02-21 0732 JH1OAI 599 KW N6IE 599 CA
QSO: 7011 CW 2021-02-21 0734 JH1OAI 599 KW K4AB 599 AL
QSO: 7018 CW 2021-02-21 0739 JH1OAI 599 KW WQ6X 599 CA
QSO: 7023 CW 2021-02-21 0740 JH1OAI 599 KW WD6T 599 CA
QSO: 7004 CW 2021-02-21 0801 JH1OAI 599 KW KE0UI 599 CO
QSO: 7005 CW 2021-02-21 0803 JH1OAI 599 KW K5PI 599 TX
QSO: 7005 CW 2021-02-21 0806 JH1OAI 599 KW WN6K 599 CA
QSO: 7020 CW 2021-02-21 0817 JH1OAI 599 KW K9JF 599 WA
QSO: 7023 CW 2021-02-21 0820 JH1OAI 599 KW K7RF 599 OR
QSO: 14003 CW 2021-02-21 2113 JH1OAI 599 KW NE0F 599 CO
QSO: 14006 CW 2021-02-21 2114 JH1OAI 599 KW K4RO 599 TN
QSO: 14006 CW 2021-02-21 2115 JH1OAI 599 KW WW2Y 599 NJ
QSO: 14012 CW 2021-02-21 2117 JH1OAI 599 KW W3KD 599 MD
QSO: 14017 CW 2021-02-21 2120 JH1OAI 599 KW W7XT 599 MT
QSO: 14035 CW 2021-02-21 2125 JH1OAI 599 KW VA5DX 599 SK
QSO: 14039 CW 2021-02-21 2128 JH1OAI 599 KW K4PV 599 FL
QSO: 14049 CW 2021-02-21 2129 JH1OAI 599 KW K0PC 599 MN
QSO: 14053 CW 2021-02-21 2131 JH1OAI 599 KW NN7CW 599 FL
QSO: 14055 CW 2021-02-21 2133 JH1OAI 599 KW AA9A 599 WI
QSO: 14063 CW 2021-02-21 2135 JH1OAI 599 KW W0WP 599 IA
QSO: 14064 CW 2021-02-21 2136 JH1OAI 599 KW K4AB 599 AL
QSO: 14001 CW 2021-02-21 2146 JH1OAI 599 KW K2SSS 599 NY
QSO: 14003 CW 2021-02-21 2148 JH1OAI 599 KW K6ZB 599 TX
QSO: 14018 CW 2021-02-21 2159 JH1OAI 599 KW K0UK 599 CO
QSO: 14022 CW 2021-02-21 2201 JH1OAI 599 KW NR4L 599 TN
QSO: 14022 CW 2021-02-21 2202 JH1OAI 599 KW KZ5D 599 LA
QSO: 14034 CW 2021-02-21 2207 JH1OAI 599 KW K0AP 599 KS
QSO: 14040 CW 2021-02-21 2209 JH1OAI 599 KW W8TK 599 AZ
QSO: 14041 CW 2021-02-21 2211 JH1OAI 599 KW N1RR 599 MA
QSO: 14043 CW 2021-02-21 2213 JH1OAI 599 KW W0PR 599 MN
QSO: 14044 CW 2021-02-21 2215 JH1OAI 599 KW NE9U 599 WI
QSO: 14046 CW 2021-02-21 2216 JH1OAI 599 KW K9MA 599 WI
QSO: 14057 CW 2021-02-21 2221 JH1OAI 599 KW VE5MX 599 SK
QSO: 14059 CW 2021-02-21 2223 JH1OAI 599 KW K7RR 599 WA
QSO: 14062 CW 2021-02-21 2226 JH1OAI 599 KW N6JV 599 CA
QSO: 14063 CW 2021-02-21 2228 JH1OAI 599 KW KC3R 599 PA
QSO: 14066 CW 2021-02-21 2231 JH1OAI 599 KW K0TT 599 MN
QSO: 14002 CW 2021-02-21 2235 JH1OAI 599 KW K1IR 599 MA
QSO: 21002 CW 2021-02-21 2239 JH1OAI 599 KW K5RX 599 TX
QSO: 21005 CW 2021-02-21 2240 JH1OAI 599 KW W6YX 599 CA
QSO: 21007 CW 2021-02-21 2241 JH1OAI 599 KW N7DX 599 WA
QSO: 21042 CW 2021-02-21 2248 JH1OAI 599 KW K7XC 599 NV
QSO: 21049 CW 2021-02-21 2249 JH1OAI 599 KW WQ5L 599 MS
QSO: 21023 CW 2021-02-21 2254 JH1OAI 599 KW ND7K 599 AZ
QSO: 21048 CW 2021-02-21 2303 JH1OAI 599 KW K6JS 599 CA
QSO: 14000 CW 2021-02-21 2305 JH1OAI 599 KW WX3B 599 MD
QSO: 14003 CW 2021-02-21 2307 JH1OAI 599 KW VE3DZ 599 ON
QSO: 14009 CW 2021-02-21 2311 JH1OAI 599 KW W6AYC 599 CA
QSO: 14010 CW 2021-02-21 2312 JH1OAI 599 KW K8CX 599 OH
QSO: 14012 CW 2021-02-21 2314 JH1OAI 599 KW N6ZFO 599 CA
QSO: 14013 CW 2021-02-21 2315 JH1OAI 599 KW VE7NY 599 BC
QSO: 14020 CW 2021-02-21 2323 JH1OAI 599 KW K1RU 599 CT
QSO: 14028 CW 2021-02-21 2325 JH1OAI 599 KW K7QA 599 MT
QSO: 14034 CW 2021-02-21 2329 JH1OAI 599 KW K6ANP 599 CA
QSO: 14049 CW 2021-02-21 2338 JH1OAI 599 KW KK7PW 599 WA
QSO: 14051 CW 2021-02-21 2340 JH1OAI 599 KW K7NEW 599 WA
QSO: 14054 CW 2021-02-21 2343 JH1OAI 599 KW NC6V 599 CA
QSO: 14063 CW 2021-02-21 2347 JH1OAI 599 KW AA1ON 599 MA
QSO: 14003 CW 2021-02-21 2353 JH1OAI 599 KW AA1K 599 DE
QSO: 14032 CW 2021-02-21 2358 JH1OAI 599 KW K0BJ 599 KS
END-OF-LOG: