START-OF-LOG: 3.0
CALLSIGN: GI9Q
CLUB:
CONTEST: CQ-WPX-SSB
CATEGORY-OVERLAY: TB-WIRES
CLAIMED-SCORE: 34700
OPERATORS: GI4FUE
NAME: Charlie Morrison
CREATED-BY: N1MM Logger V10.11.2
LOCATION: DX
CATEGORY-OPERATOR: SINGLE-OP
CATEGORY-TRANSMITTER: ONE
CATEGORY-ASSISTED: ASSISTED
CATEGORY-BAND: ALL
CATEGORY-POWER: LOW
CATEGORY-MODE: SSB
CATEGORY-STATION: FIXED
QSO:  7061 PH 2011-03-26 2324 GI9Q          59  0001   3V1A          59  2872
QSO:  7118 PH 2011-03-26 2325 GI9Q          59  0002   CR3A          59  0929
QSO:  7132 PH 2011-03-26 2328 GI9Q          59  0003   K1LZ          59  2821
QSO:  7193 PH 2011-03-26 2332 GI9Q          59  0004   WX3B          59  0828
QSO:  7149 PH 2011-03-26 2334 GI9Q          59  0005   9A1A          59  0750
QSO:  7129 PH 2011-03-26 2336 GI9Q          59  0006   WW2DX         59  2723
QSO:  7122 PH 2011-03-26 2352 GI9Q          59  0007   SX5P          59  0580
QSO:  7129 PH 2011-03-26 2356 GI9Q          59  0008   OM1XQ         59  0549
QSO:  7138 PH 2011-03-26 2357 GI9Q          59  0009   YT0A          59  1690
QSO:  7141 PH 2011-03-27 0000 GI9Q          59  0010   4O3A          59  2401
QSO:  7145 PH 2011-03-27 0001 GI9Q          59  0011   SN3S          59  0969
QSO:  7154 PH 2011-03-27 0003 GI9Q          59  0012   RL3A          59  3255
QSO:  7157 PH 2011-03-27 0003 GI9Q          59  0013   HG2011N       59  1046
QSO:  7153 PH 2011-03-27 0004 GI9Q          59  0014   RG3K          59  2102
QSO:  7167 PH 2011-03-27 0005 GI9Q          59  0015   R3ZZ          59  0853
QSO:  7177 PH 2011-03-27 0006 GI9Q          59  0016   DQ8N          59  0675
QSO:  7184 PH 2011-03-27 0007 GI9Q          59  0017   ER4A          59  2674
QSO:  7188 PH 2011-03-27 0008 GI9Q          59  0018   OL4A          59  0910
QSO:  7191 PH 2011-03-27 0009 GI9Q          59  0019   LZ5R          59  2072
QSO:  7119 PH 2011-03-27 0011 GI9Q          59  0020   PR7DZ         59  0056
QSO:  7041 PH 2011-03-27 0012 GI9Q          59  0021   EC1KR         59  1673
QSO:  7048 PH 2011-03-27 0013 GI9Q          59  0022   P33W          59  3342
QSO:  7043 PH 2011-03-27 0014 GI9Q          59  0023   TO5A          59  1808
QSO:  7049 PH 2011-03-27 0015 GI9Q          59  0024   D4C           59  0750
QSO:  7060 PH 2011-03-27 0023 GI9Q          59  0025   YW5T          59  0659
QSO:  7062 PH 2011-03-27 0024 GI9Q          59  0026   PJ2T          59  0809
QSO:  7051 PH 2011-03-27 0025 GI9Q          59  0027   EE3E          59  0554
QSO:  7065 PH 2011-03-27 0026 GI9Q          59  0028   IQ1RY         59  0770
QSO:  7066 PH 2011-03-27 0028 GI9Q          59  0029   VA2WA         59  0878
QSO:  7068 PH 2011-03-27 0030 GI9Q          59  0030   RG5A          59  0140
QSO:  7076 PH 2011-03-27 0031 GI9Q          59  0031   EA3RR         59  1134
QSO:  7097 PH 2011-03-27 0035 GI9Q          59  0032   EA7ATX        59  0357
QSO:  7100 PH 2011-03-27 0037 GI9Q          59  0033   YR0R          59  0055
QSO:  7109 PH 2011-03-27 0038 GI9Q          59  0034   RW0A          59  1517
QSO:  7116 PH 2011-03-27 0039 GI9Q          59  0035   SN8W          59  0165
QSO:  7128 PH 2011-03-27 0040 GI9Q          59  0036   LY7A          59  1098
QSO:  7131 PH 2011-03-27 0043 GI9Q          59  0037   5D5A          59  1194
QSO:  7156 PH 2011-03-27 0046 GI9Q          59  0038   N2TM          59  0486
QSO:  7162 PH 2011-03-27 0047 GI9Q          59  0039   K3WW          59  0954
QSO:  7170 PH 2011-03-27 0049 GI9Q          59  0040   EE2K          59  0522
QSO:  7136 PH 2011-03-27 0053 GI9Q          59  0041   WU3A          59  0870
QSO:  7138 PH 2011-03-27 0054 GI9Q          59  0042   EE3A          59  1273
QSO:  7085 PH 2011-03-27 0056 GI9Q          59  0043   CR6P          59  0147
QSO:  7081 PH 2011-03-27 0058 GI9Q          59  0044   SP9EML        59  0116
QSO:  7045 PH 2011-03-27 0100 GI9Q          59  0045   9K2HN         59  2394
QSO:  7047 PH 2011-03-27 0101 GI9Q          59  0046   8P3A          59  1859
QSO:  7104 PH 2011-03-27 0108 GI9Q          59  0047   DL2VK         59  0536
QSO:  7120 PH 2011-03-27 0109 GI9Q          59  0048   LZ9W          59  1180
QSO:  7159 PH 2011-03-27 0112 GI9Q          59  0049   ES5TV         59  2975
QSO:  7170 PH 2011-03-27 0116 GI9Q          59  0050   OM7M          59  2418
QSO:  7183 PH 2011-03-27 0117 GI9Q          59  0051   OH10X         59  2478
QSO:  7196 PH 2011-03-27 0119 GI9Q          59  0052   AJ1I          59  2283
QSO:  7198 PH 2011-03-27 0120 GI9Q          59  0053   NN5J          59  1827
QSO:  7164 PH 2011-03-27 0128 GI9Q          59  0054   9A7A          59  0539
QSO:  7143 PH 2011-03-27 0140 GI9Q          59  0055   IR4M          59  2001
QSO:  7128 PH 2011-03-27 0142 GI9Q          59  0056   S520SCC       59  1865
QSO: 21201 PH 2011-03-27 1139 GI9Q          59  0057   KQ2M          59  2017
QSO: 21219 PH 2011-03-27 1140 GI9Q          59  0058   K6ND          59  1716
QSO: 21292 PH 2011-03-27 1148 GI9Q          59  0059   YU5A          59  1392
QSO: 21318 PH 2011-03-27 1149 GI9Q          59  0060   5D5A          59  3023
QSO: 21344 PH 2011-03-27 1151 GI9Q          59  0061   RL3A          59  4323
QSO: 21350 PH 2011-03-27 1153 GI9Q          59  0062   IR9Y          59  2765
QSO: 21380 PH 2011-03-27 1157 GI9Q          59  0063   KD4D          59  1168
QSO: 21397 PH 2011-03-27 1158 GI9Q          59  0064   P33W          59  4289
QSO: 21400 PH 2011-03-27 1201 GI9Q          59  0065   JA0JHA        59  3259
QSO: 21429 PH 2011-03-27 1205 GI9Q          59  0066   WW4LL         59  1089
QSO: 21432 PH 2011-03-27 1206 GI9Q          59  0067   YO3CZW        59  1869
QSO: 21440 PH 2011-03-27 1207 GI9Q          59  0068   YO9HP         59  0678
QSO: 21437 PH 2011-03-27 1214 GI9Q          59  0069   UT7U          59  0090
QSO: 21431 PH 2011-03-27 1216 GI9Q          59  0070   K1AR          59  0749
QSO: 28491 PH 2011-03-27 1237 GI9Q          59  0071   C4W           59  0769
QSO: 28460 PH 2011-03-27 1240 GI9Q          59  0072   JY5CC         59  2112
QSO: 28448 PH 2011-03-27 1242 GI9Q          59  0073   OD5WPX        59  0288
QSO: 28418 PH 2011-03-27 1247 GI9Q          59  0074   D4C           59  2125
QSO: 28454 PH 2011-03-27 1300 GI9Q          59  0075   GI4NKB        59  0006
QSO: 28451 PH 2011-03-27 1304 GI9Q          59  0076   4Z5FI         59  0019
QSO: 28465 PH 2011-03-27 1414 GI9Q          59  0077   LP1H          59  2218
QSO: 28421 PH 2011-03-27 1804 GI9Q          59  0078   PT5T          59  2027
QSO: 28535 PH 2011-03-27 1810 GI9Q          59  0079   PS2T          59  4980
QSO: 21296 PH 2011-03-27 1815 GI9Q          59  0080   LZ9W          59  1602
QSO: 21246 PH 2011-03-27 1817 GI9Q          59  0081   NR5M          59  3415
QSO: 21269 PH 2011-03-27 1820 GI9Q          59  0082   9A5D          59  1528
QSO: 21287 PH 2011-03-27 1822 GI9Q          59  0083   3V1A          59  5054
QSO: 21300 PH 2011-03-27 1825 GI9Q          59  0084   YP3A          59  0981
QSO: 21324 PH 2011-03-27 1831 GI9Q          59  0085   KU3M          59  0397
QSO: 21331 PH 2011-03-27 1832 GI9Q          59  0086   W2AW          59  0752
QSO: 21203 PH 2011-03-27 1836 GI9Q          59  0087   NF4A          59  1568
QSO: 14235 PH 2011-03-27 2237 GI9Q          59  0088   VC6X          59  1957
QSO: 14239 PH 2011-03-27 2238 GI9Q          59  0089   KV7DX         59  0584
QSO: 14249 PH 2011-03-27 2240 GI9Q          59  0090   WC6H          59  1233
QSO: 14262 PH 2011-03-27 2243 GI9Q          59  0091   K4PV          59  1862
QSO: 14263 PH 2011-03-27 2243 GI9Q          59  0092   WF3C          59  1103
QSO: 14214 PH 2011-03-27 2258 GI9Q          59  0093   W3FW          59  1410
QSO: 14202 PH 2011-03-27 2300 GI9Q          59  0094   HK1X          59  3742
QSO: 14196 PH 2011-03-27 2300 GI9Q          59  0095   KC3R          59  3258
QSO: 14197 PH 2011-03-27 2302 GI9Q          59  0096   KB3UHN        59  2019
QSO: 14186 PH 2011-03-27 2305 GI9Q          59  0097   NS1L          59  2263
QSO: 14174 PH 2011-03-27 2307 GI9Q          59  0098   KR4Z          59  2353
QSO: 14173 PH 2011-03-27 2308 GI9Q          59  0099   NR3X          59  3441
QSO: 14165 PH 2011-03-27 2318 GI9Q          59  0100   KD4D          59  1191
QSO: 14161 PH 2011-03-27 2318 GI9Q          59  0101   WW2DX         59  4739
QSO: 14281 PH 2011-03-27 2321 GI9Q          59  0102   WY6K          59  0363
QSO: 14314 PH 2011-03-27 2324 GI9Q          59  0103   CE1A          59  0940
QSO: 14315 PH 2011-03-27 2326 GI9Q          59  0104   W7WA          59  2657
QSO: 14319 PH 2011-03-27 2328 GI9Q          59  0105   NX5M          59  1554
QSO: 14325 PH 2011-03-27 2329 GI9Q          59  0106   K4BP          59  1051
QSO: 14331 PH 2011-03-27 2331 GI9Q          59  0107   K8YYY         59  0580
QSO: 14188 PH 2011-03-27 2337 GI9Q          59  0108   W9EXY         59  0754
QSO: 14166 PH 2011-03-27 2338 GI9Q          59  0109   AJ1I          59  3664
QSO: 14151 PH 2011-03-27 2340 GI9Q          59  0110   KK9A          59  2680
QSO: 14158 PH 2011-03-27 2343 GI9Q          59  0111   WX3B          59  1683
QSO: 14186 PH 2011-03-27 2353 GI9Q          59  0112   KW8N          59  0260
QSO: 14190 PH 2011-03-27 2357 GI9Q          59  0113   PT2CM         59  1134
END-OF-LOG:
