START-OF-LOG: 3.0
CREATED-BY: vhfmanager-downloader
CONTEST: ZRS Maraton 2. termin - Unofficial results - VHFManager
CALLSIGN: OK2BQQ
CATEGORY: 435 MHz - Generated log
CATEGORY-OPERATOR: SINGLE-OP
CATEGORY-ASSISTED: NON-ASSISTED
CATEGORY-TRANSMITTER: ONE
CATEGORY-STATION: FIXED
QSO: 435000 PH 2025-02-16 0801 OK2BQQ        1   JN99EQ JN99EQ OK2KQQ        CW  HA5OO 599 
QSO: 435000 PH 2025-02-16 0810 OK2BQQ        4   JN99EQ JN99EQ OK2KQQ        CW  9A0V 599  
QSO: 435000 PH 2025-02-16 0818 OK2BQQ        6   JN99DQ JN99EQ OK2KQQ        CW  SP6CPF 599
QSO: 435000 PH 2025-02-16 0836 OK2BQQ        7   JN99EQ JN99EQ OK2KQQ        CW  9A1W 599  
QSO: 435000 PH 2025-02-16 0823 OK2BQQ        9   JN99EQ JN99EQ OK2KQQ        SSB S56P 59   
QSO: 435000 PH 2025-02-16 0855 OK2BQQ        18  JN99EQ JN99EQ OK2KQQ        CW  9A5RJ 599 
QSO: 435000 PH 2025-02-16 0926 OK2BQQ        28  JN99EQ JN99EQ OK2KQQ        SSB SP9SOO 59 
QSO: 435000 PH 2025-02-16 0928 OK2BQQ        30  JN99EQ JN99EQ OK2KQQ        SSB OK5SE 59  
QSO: 435000 PH 2025-02-16 0938 OK2BQQ        34  JN99EQ JN99EQ OK2KQQ        CW  9A6K 599  
QSO: 435000 PH 2025-02-16 1003 OK2BQQ        37  JN99EQ JN99EQ OK2KQQ        CW  9A3SM 599 
QSO: 435000 PH 2025-02-16 1011 OK2BQQ        38  JN99EQ JN99EQ OK2KQQ        SSB SP8MRD 59 
QSO: 435000 PH 2025-02-16 1016 OK2BQQ        39  JN99EQ JN99EQ OK2KQQ        CW  9A3DF 599 
QSO: 435000 PH 2025-02-16 0916 OK2BQQ        46  JN99EQ JN99EQ OK2KQQ        SSB 9A1I 59   
END-OF-LOG:
