START-OF-LOG: 3.0
CREATED-BY: vhfmanager-downloader
CONTEST: ZRS novembrsko UKV tekmovanje - Official results - VHFManager
CALLSIGN: HB9BAT
CATEGORY: 145 MHz - Generated log
CATEGORY-OPERATOR: SINGLE-OP
CATEGORY-ASSISTED: NON-ASSISTED
CATEGORY-TRANSMITTER: ONE
CATEGORY-STATION: FIXED
QSO: 144300 PH 2020-11-07 1418 HB9BAT        1   JN37RF JN37RF HB9BAT        CW  HB9AOF 599
QSO: 144300 PH 2020-11-07 1439 HB9BAT        3   JN37RF JN37RF HB9BAT        CW  9A4M 599  
QSO: 144300 PH 2020-11-07 1442 HB9BAT        4   JN37RF JN37RF HB9BAT        CW  S59P 599  
QSO: 144300 PH 2020-11-07 1445 HB9BAT        5   JN37RF JN37RF HB9BAT        CW  HB9CYN 599
QSO: 144300 PH 2020-11-07 1722 HB9BAT        6   JN37RF JN37RF HB9BAT        CW  HB9CQL 599
QSO: 144300 PH 2020-11-07 1734 HB9BAT        7   JN37RF JN37RF HB9BAT        CW  F6GYH 599 
QSO: 144300 PH 2020-11-07 1744 HB9BAT        8   JN37RF JN37RF HB9BAT        CW  HB9IAB/P 599
QSO: 144300 PH 2020-11-07 1749 HB9BAT        9   JN37RF JN37RF HB9BAT        CW  HB9HLM 599
QSO: 144300 PH 2020-11-07 1756 HB9BAT        10  JN37RF JN37RF HB9BAT        CW  HG1Z 599  
QSO: 144300 PH 2020-11-07 1924 HB9BAT        11  JN37RF JN37RF HB9BAT        CW  F6IRG 599 
QSO: 144300 PH 2020-11-07 1928 HB9BAT        12  JN37RF JN37RF HB9BAT        CW  OK1DOL 599
QSO: 144300 PH 2020-11-07 1931 HB9BAT        13  JN37RF JN37RF HB9BAT        CW  OL3Y 599  
QSO: 144300 PH 2020-11-07 2029 HB9BAT        14  JN37RF JN37RF HB9BAT        CW  IW3HVB 599
QSO: 144300 PH 2020-11-07 2142 HB9BAT        15  JN37RF JN37RF HB9BAT        CW  OK1OPT 599
QSO: 144300 PH 2020-11-08 0845 HB9BAT        16  JN37RF JN37RF HB9BAT        CW  HB9CEJ 599
QSO: 144300 PH 2020-11-08 1031 HB9BAT        17  JN37RF JN37RF HB9BAT        CW  IK4ZHH 599
QSO: 144300 PH 2020-11-08 1039 HB9BAT        18  JN37RF JN37RF HB9BAT        CW  HB9FAP 599
QSO: 144300 PH 2020-11-08 1042 HB9BAT        19  JN37RF JN37RF HB9BAT        CW  9A1P 599  
QSO: 144300 PH 2020-11-08 1112 HB9BAT        20  JN37RF JN37RF HB9BAT        CW  HB9N 599  
QSO: 144300 PH 2020-11-08 1219 HB9BAT        21  JN37RF JN37RF HB9BAT        CW  9A9R 599  
END-OF-LOG:
