START-OF-LOG: 3.0
CREATED-BY: Win-Test 4.2.0
CONTEST: CQ-WPX-SSB
CALLSIGN: LA5HPA
CATEGORY-OPERATOR: SINGLE-OP
CATEGORY-TRANSMITTER: ONE
CATEGORY-ASSISTED: ASSISTED
CATEGORY-BAND: ALL
CATEGORY-POWER: HIGH
CATEGORY-MODE: SSB
CATEGORY-STATION: FIXED
CLAIMED-SCORE: 1049930
OPERATORS:
NAME: Hans Christian Stokka
SOAPBOX:
QSO:  3704 PH 2010-03-27 0503 LA5HPA        59  0001   HC8GR         59  101    0
QSO: 14140 PH 2010-03-27 0623 LA5HPA        59  0002   DR1A          59  170    0
QSO: 14144 PH 2010-03-27 0626 LA5HPA        59  0003   UA4WKW        59  550    0
QSO: 14153 PH 2010-03-27 0626 LA5HPA        59  0004   RM9RZ         59  340    0
QSO: 14169 PH 2010-03-27 0627 LA5HPA        59  0005   RC3W          59  098    0
QSO: 14174 PH 2010-03-27 0628 LA5HPA        59  0006   RT4RO         59  366    0
QSO: 14203 PH 2010-03-27 0633 LA5HPA        59  0007   UV8M          59  269    0
QSO: 14214 PH 2010-03-27 0634 LA5HPA        59  0008   UW2I          59  338    0
QSO: 14232 PH 2010-03-27 0634 LA5HPA        59  0009   RZ9HG         59  746    0
QSO: 14255 PH 2010-03-27 0635 LA5HPA        59  0010   RX6AM         59  137    0
QSO: 14266 PH 2010-03-27 0636 LA5HPA        59  0011   EO3Q          59  248    0
QSO: 14282 PH 2010-03-27 0637 LA5HPA        59  0012   RA9FTM        59  335    0
QSO: 14289 PH 2010-03-27 0638 LA5HPA        59  0013   UP2L          59  423    0
QSO: 14300 PH 2010-03-27 0638 LA5HPA        59  0014   RN3QO         59  274    0
QSO: 14278 PH 2010-03-27 0646 LA5HPA        59  0015   UT7QL         59  108    0
QSO: 14115 PH 2010-03-27 0648 LA5HPA        59  0016   E74AA         59  013    0
QSO:  7047 PH 2010-03-27 0652 LA5HPA        59  0017   YT5C          59  321    0
QSO:  7052 PH 2010-03-27 0652 LA5HPA        59  0018   TM57M         59  059    0
QSO:  7072 PH 2010-03-27 0654 LA5HPA        59  0019   VX3AT         59  832    0
QSO:  7076 PH 2010-03-27 0655 LA5HPA        59  0020   IZ5MOQ        59  273    0
QSO:  7081 PH 2010-03-27 0657 LA5HPA        59  0021   TM0T          59  446    0
QSO:  7084 PH 2010-03-27 0657 LA5HPA        59  0022   SP5ELA        59  220    0
QSO:  7088 PH 2010-03-27 0658 LA5HPA        59  0023   IZ2FOS        59  235    0
QSO:  7105 PH 2010-03-27 0659 LA5HPA        59  0024   DK0A          59  284    0
QSO:  7106 PH 2010-03-27 0659 LA5HPA        59  0025   OS8A          59  581    0
QSO:  7130 PH 2010-03-27 0702 LA5HPA        59  0026   HC8GR         59  676    0
QSO:  7126 PH 2010-03-27 0704 LA5HPA        59  0027   P40V          59  770    0
QSO:  7144 PH 2010-03-27 0706 LA5HPA        59  0028   YT8A          59  764    0
QSO:  7149 PH 2010-03-27 0706 LA5HPA        59  0029   OL4A          59  701    0
QSO:  7199 PH 2010-03-27 0708 LA5HPA        59  0030   SN3X          59  172    0
QSO:  7197 PH 2010-03-27 0710 LA5HPA        59  0031   ED1R          59  493    0
QSO:  7194 PH 2010-03-27 0711 LA5HPA        59  0032   GW7X          59  803    0
QSO:  7185 PH 2010-03-27 0712 LA5HPA        59  0033   CT1JLZ        59  608    0
QSO:  7167 PH 2010-03-27 0713 LA5HPA        59  0034   EI9E          59  144    0
QSO:  7163 PH 2010-03-27 0713 LA5HPA        59  0035   KP3Z          59  1090   0
QSO:  7159 PH 2010-03-27 0715 LA5HPA        59  0036   SQ8JX         59  421    0
QSO:  7154 PH 2010-03-27 0716 LA5HPA        59  0037   PA6Z          59  188    0
QSO:  7140 PH 2010-03-27 0719 LA5HPA        59  0038   K1LZ          59  550    0
QSO:  7129 PH 2010-03-27 0722 LA5HPA        59  0039   OG5B          59  301    0
QSO:  7127 PH 2010-03-27 0723 LA5HPA        59  0040   DR5A          59  324    0
QSO:  7123 PH 2010-03-27 0723 LA5HPA        59  0041   DQ8N          59  251    0
QSO:  7120 PH 2010-03-27 0724 LA5HPA        59  0042   DF1LON        59  336    0
QSO:  7118 PH 2010-03-27 0726 LA5HPA        59  0043   M4U           59  363    0
QSO:  7108 PH 2010-03-27 0734 LA5HPA        59  0044   LY7A          59  344    0
QSO:  7092 PH 2010-03-27 0735 LA5HPA        59  0045   PB6W          59  067    0
QSO:  7094 PH 2010-03-27 0735 LA5HPA        59  0046   OF50RR        59  673    0
QSO:  7111 PH 2010-03-27 0736 LA5HPA        59  0047   LY8O          59  454    0
QSO:  7113 PH 2010-03-27 0737 LA5HPA        59  0048   SN2K          59  290    0
QSO:  7052 PH 2010-03-27 0744 LA5HPA        59  0049   V25Y          59  558    0
QSO:  7072 PH 2010-03-27 0745 LA5HPA        59  0050   SP7IDX        59  064    0
QSO:  7062 PH 2010-03-27 0746 LA5HPA        59  0051   IR1Y          59  435    0
QSO:  7060 PH 2010-03-27 0747 LA5HPA        59  0052   ON6BR         59  403    0
QSO:  7182 PH 2010-03-27 0749 LA5HPA        59  0053   IQ1RY         59  653    0
QSO:  7191 PH 2010-03-27 0750 LA5HPA        59  0054   HG5A          59  585    0
QSO:  7195 PH 2010-03-27 0750 LA5HPA        59  0055   EI6JK         59  224    0
QSO:  7173 PH 2010-03-27 0752 LA5HPA        59  0056   KC3R          59  802    0
QSO:  7177 PH 2010-03-27 0753 LA5HPA        59  0057   CQ8X          59  842    0
QSO:  7045 PH 2010-03-27 0813 LA5HPA        59  0058   OG7X          59  255    0
QSO:  7122 PH 2010-03-27 0816 LA5HPA        59  0059   OT5A          59  400    0
QSO:  7126 PH 2010-03-27 0817 LA5HPA        59  0060   M0B           59  130    0
QSO:  7138 PH 2010-03-27 0818 LA5HPA        59  0061   SP4TKR        59  319    0
QSO:  7147 PH 2010-03-27 0819 LA5HPA        59  0062   OR1Z          59  015    0
QSO:  7170 PH 2010-03-27 0821 LA5HPA        59  0063   OE6MDF        59  062    0
QSO:  7170 PH 2010-03-27 0822 LA5HPA        59  0064   S57DX         59  321    0
QSO:  7170 PH 2010-03-27 0823 LA5HPA        59  0065   DF4TD         59  001    0
QSO:  7170 PH 2010-03-27 0823 LA5HPA        59  0066   DJ6BQ         59  269    0
QSO:  7170 PH 2010-03-27 0824 LA5HPA        59  0067   OE6HLF        59  072    0
QSO:  7170 PH 2010-03-27 0824 LA5HPA        59  0068   PA0AWH        59  030    0
QSO:  7170 PH 2010-03-27 0825 LA5HPA        59  0069   EJ8GQB        59  318    0
QSO:  7170 PH 2010-03-27 0826 LA5HPA        59  0070   OM3CPF        59  010    0
QSO:  7170 PH 2010-03-27 0827 LA5HPA        59  0071   OO4O          59  100    0
QSO:  7170 PH 2010-03-27 0827 LA5HPA        59  0072   G4FFN         59  010    0
QSO:  7170 PH 2010-03-27 0828 LA5HPA        59  0073   MI5JYK        59  026    0
QSO:  7170 PH 2010-03-27 0828 LA5HPA        59  0074   M6PCI         59  011    0
QSO:  7170 PH 2010-03-27 0829 LA5HPA        59  0075   G8XTJ         59  046    0
QSO:  7170 PH 2010-03-27 0829 LA5HPA        59  0076   G4IIY         59  588    0
QSO:  7170 PH 2010-03-27 0829 LA5HPA        59  0077   ON4CGH        59  003    0
QSO:  7170 PH 2010-03-27 0830 LA5HPA        59  0078   G4DFI         59  014    0
QSO:  7170 PH 2010-03-27 0830 LA5HPA        59  0079   GW4EVX        59  012    0
QSO:  7170 PH 2010-03-27 0831 LA5HPA        59  0080   SE7A          59  004    0
QSO:  7170 PH 2010-03-27 0831 LA5HPA        59  0081   DB2B          59  373    0
QSO:  7170 PH 2010-03-27 0831 LA5HPA        59  0082   OQ7T          59  213    0
QSO:  7170 PH 2010-03-27 0833 LA5HPA        59  0083   2E0MBF        59  217    0
QSO:  7170 PH 2010-03-27 0835 LA5HPA        59  0084   SM7UFR        59  116    0
QSO:  7170 PH 2010-03-27 0835 LA5HPA        59  0085   M0YCQ/P       59  041    0
QSO:  7170 PH 2010-03-27 0836 LA5HPA        59  0086   DL5JH         59  020    0
QSO:  7169 PH 2010-03-27 0838 LA5HPA        59  0087   GD4IHC        59  019    0
QSO:  7169 PH 2010-03-27 0838 LA5HPA        59  0088   GM3VTY        59  025    0
QSO:  7169 PH 2010-03-27 0839 LA5HPA        59  0089   SP4AAZ        59  056    0
QSO:  7169 PH 2010-03-27 0841 LA5HPA        59  0090   SM0BSO        59  068    0
QSO:  7169 PH 2010-03-27 0841 LA5HPA        59  0091   HB9ESS        59  015    0
QSO:  7169 PH 2010-03-27 0842 LA5HPA        59  0092   G6YKT         59  015    0
QSO:  7169 PH 2010-03-27 0842 LA5HPA        59  0093   LY2K          59  325    0
QSO:  7186 PH 2010-03-27 0847 LA5HPA        59  0094   LX1ER/DL      59  027    0
QSO:  7186 PH 2010-03-27 0847 LA5HPA        59  0095   HB9WDY        59  140    0
QSO:  7186 PH 2010-03-27 0848 LA5HPA        59  0096   CT1EGF        59  018    0
QSO:  7186 PH 2010-03-27 0850 LA5HPA        59  0097   DK0MM         59  022    0
QSO:  7186 PH 2010-03-27 0850 LA5HPA        59  0098   DJ4MH         59  086    0
QSO:  7186 PH 2010-03-27 0851 LA5HPA        59  0099   SG0M          59  049    0
QSO:  7186 PH 2010-03-27 0851 LA5HPA        59  0100   HB9EFJ        59  045    0
QSO:  7186 PH 2010-03-27 0851 LA5HPA        59  0101   M3JFM         59  006    0
QSO:  7186 PH 2010-03-27 0852 LA5HPA        59  0102   IZ4MJP        59  121    0
QSO:  7186 PH 2010-03-27 0852 LA5HPA        59  0103   OM0A          59  136    0
QSO:  7186 PH 2010-03-27 0852 LA5HPA        59  0104   LY1CT         59  013    0
QSO:  7186 PH 2010-03-27 0853 LA5HPA        59  0105   SO6V          59  289    0
QSO:  7186 PH 2010-03-27 0855 LA5HPA        59  0106   U1BA          59  134    0
QSO:  7186 PH 2010-03-27 0856 LA5HPA        59  0107   G5O           59  122    0
QSO:  7186 PH 2010-03-27 0856 LA5HPA        59  0108   DM4DX         59  021    0
QSO:  7186 PH 2010-03-27 0857 LA5HPA        59  0109   DJ0MCZ        59  126    0
QSO:  7186 PH 2010-03-27 0857 LA5HPA        59  0110   DG1LS         59  057    0
QSO:  7186 PH 2010-03-27 0858 LA5HPA        59  0111   CN2R          59  789    0
QSO:  7186 PH 2010-03-27 0858 LA5HPA        59  0112   EA1DGG        59  161    0
QSO:  7186 PH 2010-03-27 0858 LA5HPA        59  0113   EV6Z          59  060    0
QSO:  7186 PH 2010-03-27 0859 LA5HPA        59  0114   RT3T          59  274    0
QSO:  7186 PH 2010-03-27 0859 LA5HPA        59  0115   DJ5AN         59  035    0
QSO:  7186 PH 2010-03-27 0900 LA5HPA        59  0116   M0AAS         59  012    0
QSO:  7186 PH 2010-03-27 0900 LA5HPA        59  0117   M0XXT         59  290    0
QSO:  7186 PH 2010-03-27 0901 LA5HPA        59  0118   M0KNG         59  001    0
QSO:  7186 PH 2010-03-27 0902 LA5HPA        59  0119   DH6DAO        59  081    0
QSO:  7186 PH 2010-03-27 0902 LA5HPA        59  0120   PD1JFB        59  023    0
QSO:  7186 PH 2010-03-27 0903 LA5HPA        59  0121   M0MCV         59  199    0
QSO:  7186 PH 2010-03-27 0903 LA5HPA        59  0122   ON6OM         59  207    0
QSO:  7186 PH 2010-03-27 0904 LA5HPA        59  0123   OK7CM         59  126    0
QSO:  7186 PH 2010-03-27 0906 LA5HPA        59  0124   DL9ECA        59  039    0
QSO:  7186 PH 2010-03-27 0906 LA5HPA        59  0125   PA1NL         59  141    0
QSO:  7186 PH 2010-03-27 0906 LA5HPA        59  0126   S51CK         59  398    0
QSO:  7186 PH 2010-03-27 0907 LA5HPA        59  0127   EU1AZ         59  582    0
QSO:  7186 PH 2010-03-27 0907 LA5HPA        59  0128   RX3FS         59  270    0
QSO:  7186 PH 2010-03-27 0907 LA5HPA        59  0129   PA3ATN        59  045    0
QSO:  7186 PH 2010-03-27 0908 LA5HPA        59  0130   DL9KI         59  021    0
QSO:  7186 PH 2010-03-27 0908 LA5HPA        59  0131   GW8NBI        59  103    0
QSO:  7186 PH 2010-03-27 0910 LA5HPA        59  0132   IW3RUA        59  005    0
QSO:  7186 PH 2010-03-27 0911 LA5HPA        59  0133   ON3DI         59  121    0
QSO:  7186 PH 2010-03-27 0911 LA5HPA        59  0134   UT5PY         59  181    0
QSO:  7186 PH 2010-03-27 0912 LA5HPA        59  0135   DK0WL         59  192    0
QSO:  7186 PH 2010-03-27 0913 LA5HPA        59  0136   OM7M          59  698    0
QSO:  7186 PH 2010-03-27 0913 LA5HPA        59  0137   SM7CQY        59  032    0
QSO:  7186 PH 2010-03-27 0914 LA5HPA        59  0138   LY2ND         59  071    0
QSO:  7186 PH 2010-03-27 0914 LA5HPA        59  0139   DM3KXL        59  047    0
QSO:  7186 PH 2010-03-27 0914 LA5HPA        59  0140   LY2TS         59  316    0
QSO:  7186 PH 2010-03-27 0915 LA5HPA        59  0141   OK1LX         59  104    0
QSO:  7186 PH 2010-03-27 0915 LA5HPA        59  0142   YL3DR         59  125    0
QSO:  7186 PH 2010-03-27 0916 LA5HPA        59  0143   ON4PJA        59  018    0
QSO:  7186 PH 2010-03-27 0916 LA5HPA        59  0144   PA1PE         59  012    0
QSO:  7186 PH 2010-03-27 0916 LA5HPA        59  0145   ED1RCM        59  189    0
QSO:  7186 PH 2010-03-27 0917 LA5HPA        59  0146   G0PHY         59  002    0
QSO:  7186 PH 2010-03-27 0917 LA5HPA        59  0147   IT9RBW        59  453    0
QSO:  7186 PH 2010-03-27 0917 LA5HPA        59  0148   PH2A          59  098    0
QSO:  7186 PH 2010-03-27 0918 LA5HPA        59  0149   G6NYG         59  021    0
QSO:  7186 PH 2010-03-27 0918 LA5HPA        59  0150   ON3CYV        59  029    0
QSO:  7186 PH 2010-03-27 0919 LA5HPA        59  0151   G3PXT         59  012    0
QSO:  7186 PH 2010-03-27 0921 LA5HPA        59  0152   G3VPS         59  010    0
QSO:  7186 PH 2010-03-27 0922 LA5HPA        59  0153   DC1JAG        59  041    0
QSO:  7186 PH 2010-03-27 0923 LA5HPA        59  0154   GS0TOW        59  016    0
QSO:  7186 PH 2010-03-27 0924 LA5HPA        59  0155   YO5OHO        59  268    0
QSO:  7186 PH 2010-03-27 0925 LA5HPA        59  0156   G4DBW         59  016    0
QSO:  7186 PH 2010-03-27 0925 LA5HPA        59  0157   G7UOU         59  007    0
QSO:  7186 PH 2010-03-27 0926 LA5HPA        59  0158   G0HIZ         59  004    0
QSO:  7186 PH 2010-03-27 0926 LA5HPA        59  0159   M1JJK         59  001    0
QSO:  7186 PH 2010-03-27 0927 LA5HPA        59  0160   OL4W          59  069    0
QSO:  7186 PH 2010-03-27 0927 LA5HPA        59  0161   DF2TT         59  104    0
QSO:  7186 PH 2010-03-27 0928 LA5HPA        59  0162   ES8TJM        59  121    0
QSO:  7186 PH 2010-03-27 0929 LA5HPA        59  0163   MI0GDO        59  005    0
QSO:  7186 PH 2010-03-27 0930 LA5HPA        59  0164   DH9FAW        59  013    0
QSO:  7186 PH 2010-03-27 0930 LA5HPA        59  0165   DF2AJ         59  205    0
QSO:  7186 PH 2010-03-27 0931 LA5HPA        59  0166   RU1AB         59  175    0
QSO:  7186 PH 2010-03-27 0931 LA5HPA        59  0167   SM7GUY        59  014    0
QSO:  7186 PH 2010-03-27 0933 LA5HPA        59  0168   S58AB         59  019    0
QSO:  7186 PH 2010-03-27 0934 LA5HPA        59  0169   AM3M          59  313    0
QSO:  7186 PH 2010-03-27 0935 LA5HPA        59  0170   RW3DU         59  445    0
QSO:  7186 PH 2010-03-27 0935 LA5HPA        59  0171   DL4EBA        59  095    0
QSO:  7186 PH 2010-03-27 0936 LA5HPA        59  0172   PE1GRJ        59  004    0
QSO:  7186 PH 2010-03-27 0937 LA5HPA        59  0173   SM0R          59  156    0
QSO:  7186 PH 2010-03-27 0937 LA5HPA        59  0174   G8LOJ         59  032    0
QSO:  7186 PH 2010-03-27 0938 LA5HPA        59  0175   M0HDK         59  016    0
QSO:  7186 PH 2010-03-27 0938 LA5HPA        59  0176   OM3ZWA        59  171    0
QSO:  7186 PH 2010-03-27 0940 LA5HPA        59  0177   MI3OZX        59  022    0
QSO:  7186 PH 2010-03-27 0940 LA5HPA        59  0178   OK2KFK        59  170    0
QSO:  7186 PH 2010-03-27 0941 LA5HPA        59  0179   GM3W          59  427    0
QSO:  7186 PH 2010-03-27 0942 LA5HPA        59  0180   MW0MWZ        59  089    0
QSO:  7186 PH 2010-03-27 0943 LA5HPA        59  0181   IZ1HBC        59  040    0
QSO:  7186 PH 2010-03-27 0944 LA5HPA        59  0182   EI0W          59  150    0
QSO:  7186 PH 2010-03-27 0944 LA5HPA        59  0183   SP6JIR        59  078    0
QSO:  7186 PH 2010-03-27 0945 LA5HPA        59  0184   AO2KY         59  032    0
QSO:  7186 PH 2010-03-27 0946 LA5HPA        59  0185   DK7IF         59  014    0
QSO:  7145 PH 2010-03-27 1004 LA5HPA        59  0186   OX2A          59  474    0
QSO:  7052 PH 2010-03-27 1004 LA5HPA        59  0187   F8CGL         59  064    0
QSO:  7087 PH 2010-03-27 1006 LA5HPA        59  0188   OM3KXX        59  214    0
QSO:  7132 PH 2010-03-27 1007 LA5HPA        59  0189   OL0W          59  437    0
QSO:  7150 PH 2010-03-27 1008 LA5HPA        59  0190   PI4DX         59  410    0
QSO:  7157 PH 2010-03-27 1009 LA5HPA        59  0191   OG6N          59  228    0
QSO:  7089 PH 2010-03-27 1109 LA5HPA        59  0192   M2W           59  232    0
QSO: 21167 PH 2010-03-27 1114 LA5HPA        59  0193   UP0L          59  1437   0
QSO: 21189 PH 2010-03-27 1115 LA5HPA        59  0194   UN7MMM        59  434    0
QSO: 21191 PH 2010-03-27 1116 LA5HPA        59  0195   UA9QCQ        59  590    0
QSO: 21193 PH 2010-03-27 1117 LA5HPA        59  0196   CN2R          59  1138   0
QSO: 21225 PH 2010-03-27 1118 LA5HPA        59  0197   RN9CWJ        59  116    0
QSO: 21301 PH 2010-03-27 1123 LA5HPA        59  0198   CQ8X          59  1338   0
QSO: 21321 PH 2010-03-27 1124 LA5HPA        59  0199   C4I           59  519    0
QSO: 21327 PH 2010-03-27 1124 LA5HPA        59  0200   5B/US8ITL     59  780    0
QSO: 21390 PH 2010-03-27 1125 LA5HPA        59  0201   UA9SAW        59  125    0
QSO: 21370 PH 2010-03-27 1126 LA5HPA        59  0202   VK6HZ         59  302    0
QSO: 21391 PH 2010-03-27 1127 LA5HPA        59  0203   6W2SC         59  358    0
QSO: 21207 PH 2010-03-27 1134 LA5HPA        59  0204   AY5F          59  469    0
QSO: 21289 PH 2010-03-27 1139 LA5HPA        59  0205   LP1H          59  450    0
QSO: 14281 PH 2010-03-27 1147 LA5HPA        59  0206   AJ1I          59  764    0
QSO: 14284 PH 2010-03-27 1148 LA5HPA        59  0207   RA3QG         59  039    0
QSO: 14284 PH 2010-03-27 1153 LA5HPA        59  0208   UR7EQ         59  219    0
QSO: 14284 PH 2010-03-27 1154 LA5HPA        59  0209   YT9C          59  456    0
QSO: 14284 PH 2010-03-27 1155 LA5HPA        59  0210   PJ4L          59  226    0
QSO: 14325 PH 2010-03-27 1200 LA5HPA        59  0211   YR8B          59  431    0
QSO: 14325 PH 2010-03-27 1201 LA5HPA        59  0212   HA7AVU        59  065    0
QSO: 14325 PH 2010-03-27 1203 LA5HPA        59  0213   YU1ARC        59  415    0
QSO: 14325 PH 2010-03-27 1205 LA5HPA        59  0214   RN3ZHV        59  058    0
QSO: 14325 PH 2010-03-27 1205 LA5HPA        59  0215   RU3UM         59  022    0
QSO: 14325 PH 2010-03-27 1206 LA5HPA        59  0216   KZ9O          59  345    0
QSO: 14325 PH 2010-03-27 1207 LA5HPA        59  0217   RA3NC         59  321    0
QSO: 14325 PH 2010-03-27 1208 LA5HPA        59  0218   US1PM         59  114    0
QSO: 14325 PH 2010-03-27 1209 LA5HPA        59  0219   JA6RCH        59  093    0
QSO: 14325 PH 2010-03-27 1210 LA5HPA        59  0220   UT0VE         59  208    0
QSO: 14325 PH 2010-03-27 1211 LA5HPA        59  0221   ZC4T          59  834    0
QSO: 14325 PH 2010-03-27 1212 LA5HPA        59  0222   LA1ORA        59  033    0
QSO: 14325 PH 2010-03-27 1212 LA5HPA        59  0223   RK3GWW        59  609    0
QSO: 14325 PH 2010-03-27 1212 LA5HPA        59  0224   RU3SD         59  291    0
QSO: 14325 PH 2010-03-27 1213 LA5HPA        59  0225   EW8DD         59  491    0
QSO: 14325 PH 2010-03-27 1213 LA5HPA        59  0226   RW0CN         59  657    0
QSO: 14325 PH 2010-03-27 1216 LA5HPA        59  0227   RX3MX         59  076    0
QSO: 14325 PH 2010-03-27 1217 LA5HPA        59  0228   K1HI          59  455    0
QSO: 28470 PH 2010-03-27 1222 LA5HPA        59  0229   PY5GA         59  228    0
QSO: 28460 PH 2010-03-27 1224 LA5HPA        59  0230   PY2OE         59  185    0
QSO: 28473 PH 2010-03-27 1227 LA5HPA        59  0231   PW5G          59  330    0
QSO: 14104 PH 2010-03-27 1231 LA5HPA        59  0232   VE3EJ         59  1146   0
QSO: 14119 PH 2010-03-27 1233 LA5HPA        59  0233   RV9CP         59  573    0
QSO: 14121 PH 2010-03-27 1233 LA5HPA        59  0234   UA3AGW        59  526    0
QSO: 14124 PH 2010-03-27 1234 LA5HPA        59  0235   VX3AT         59  1193   0
QSO: 14136 PH 2010-03-27 1236 LA5HPA        59  0236   VO1KVT        59  175    0
QSO: 14150 PH 2010-03-27 1237 LA5HPA        59  0237   K1LZ          59  703    0
QSO: 14151 PH 2010-03-27 1237 LA5HPA        59  0238   KK9A          59  777    0
QSO: 14153 PH 2010-03-27 1237 LA5HPA        59  0239   KD4D          59  313    0
QSO: 14155 PH 2010-03-27 1239 LA5HPA        59  0240   NQ4I          59  544    0
QSO: 14165 PH 2010-03-27 1240 LA5HPA        59  0241   VA2TG         59  180    0
QSO: 14204 PH 2010-03-27 1241 LA5HPA        59  0242   EI9HX         59  340    0
QSO: 14218 PH 2010-03-27 1242 LA5HPA        59  0243   EI/EA3BOX     59  213    0
QSO: 14264 PH 2010-03-27 1243 LA5HPA        59  0244   WX3B          59  403    0
QSO: 14285 PH 2010-03-27 1244 LA5HPA        59  0245   RX3APM        59  691    0
QSO: 14299 PH 2010-03-27 1245 LA5HPA        59  0246   RT3F          59  1665   0
QSO: 14307 PH 2010-03-27 1245 LA5HPA        59  0247   SP9JZT        59  185    0
QSO: 14308 PH 2010-03-27 1246 LA5HPA        59  0248   TF3AO         59  184    0
QSO: 14313 PH 2010-03-27 1247 LA5HPA        59  0249   HA9PP         59  421    0
QSO: 14319 PH 2010-03-27 1247 LA5HPA        59  0250   KC3R          59  964    0
QSO: 14328 PH 2010-03-27 1249 LA5HPA        59  0251   RZ3AXX        59  830    0
QSO:  7050 PH 2010-03-27 1301 LA5HPA        59  0252   DL0AT         59  213    0
QSO:  7063 PH 2010-03-27 1302 LA5HPA        59  0253   DR1A          59  1145   0
QSO:  7086 PH 2010-03-27 1303 LA5HPA        59  0254   DL4MCF        59  730    0
QSO:  7099 PH 2010-03-27 1306 LA5HPA        59  0255   OZ5GX         59  352    0
QSO:  7115 PH 2010-03-27 1310 LA5HPA        59  0256   IV3YYK        59  438    0
QSO:  7119 PH 2010-03-27 1310 LA5HPA        59  0257   DA0CA         59  525    0
QSO:  7132 PH 2010-03-27 1311 LA5HPA        59  0258   RL4R          59  563    0
QSO:  7141 PH 2010-03-27 1312 LA5HPA        59  0259   SM5DYC        59  082    0
QSO:  7148 PH 2010-03-27 1318 LA5HPA        59  0260   SP80MVG       59  309    0
QSO:  7155 PH 2010-03-27 1319 LA5HPA        59  0261   PA1BDO        59  053    0
QSO:  7158 PH 2010-03-27 1320 LA5HPA        59  0262   9A3TA         59  306    0
QSO:  7165 PH 2010-03-27 1324 LA5HPA        59  0263   DG4R          59  224    0
QSO:  7173 PH 2010-03-27 1325 LA5HPA        59  0264   PA0AGA        59  063    0
QSO:  7069 PH 2010-03-27 1328 LA5HPA        59  0265   LN5O          59  152    0
QSO:  7066 PH 2010-03-27 1328 LA5HPA        59  0266   DR3W          59  033    0
QSO:  7114 PH 2010-03-27 1410 LA5HPA        59  0267   PD1TV/QRP     59  113    0
QSO:  7114 PH 2010-03-27 1412 LA5HPA        59  0268   G4OYC         59  003    0
QSO:  7114 PH 2010-03-27 1413 LA5HPA        59  0269   2E0YJF        59  001    0
QSO:  7114 PH 2010-03-27 1414 LA5HPA        59  0270   IZ2NZZ        59  111    0
QSO:  7114 PH 2010-03-27 1414 LA5HPA        59  0271   ON7IDX        59  298    0
QSO:  7114 PH 2010-03-27 1415 LA5HPA        59  0272   PI4AMF        59  120    0
QSO:  7114 PH 2010-03-27 1415 LA5HPA        59  0273   DA0HEL        59  396    0
QSO:  7114 PH 2010-03-27 1416 LA5HPA        59  0274   G8HGP         59  010    0
QSO:  7114 PH 2010-03-27 1417 LA5HPA        59  0275   PE1JRP        59  109    0
QSO:  7114 PH 2010-03-27 1418 LA5HPA        59  0276   DD2ML         59  685    0
QSO:  7114 PH 2010-03-27 1419 LA5HPA        59  0277   DF8VV         59  017    0
QSO:  7114 PH 2010-03-27 1419 LA5HPA        59  0278   GM0NKX        59  040    0
QSO:  7114 PH 2010-03-27 1420 LA5HPA        59  0279   GM7A          59  312    0
QSO:  7114 PH 2010-03-27 1421 LA5HPA        59  0280   PE1MPA        59  164    0
QSO:  7114 PH 2010-03-27 1421 LA5HPA        59  0281   PA5TT         59  013    0
QSO:  7114 PH 2010-03-27 1422 LA5HPA        59  0282   SM7GIB        59  097    0
QSO:  7114 PH 2010-03-27 1423 LA5HPA        59  0283   2M0KPE        59  039    0
QSO:  7114 PH 2010-03-27 1423 LA5HPA        59  0284   GX4GRG        59  032    0
QSO:  7114 PH 2010-03-27 1424 LA5HPA        59  0285   PA0GRU        59  068    0
QSO:  7114 PH 2010-03-27 1426 LA5HPA        59  0286   M6IDX         59  040    0
QSO:  7114 PH 2010-03-27 1426 LA5HPA        59  0287   SM3OMI        59  006    0
QSO:  7114 PH 2010-03-27 1429 LA5HPA        59  0288   G4NKV         59  022    0
QSO:  7114 PH 2010-03-27 1430 LA5HPA        59  0289   PG6EL         59  202    0
QSO:  7114 PH 2010-03-27 1431 LA5HPA        59  0290   SP5AUY        59  173    0
QSO:  7114 PH 2010-03-27 1432 LA5HPA        59  0291   ON3ND         59  109    0
QSO:  7114 PH 2010-03-27 1434 LA5HPA        59  0292   DF6YC         59  034    0
QSO:  7114 PH 2010-03-27 1435 LA5HPA        59  0293   PA3AJH        59  083    0
QSO:  7112 PH 2010-03-27 1449 LA5HPA        59  0294   LZ9W          59  733    0
QSO:  7056 PH 2010-03-27 1452 LA5HPA        59  0295   PD4DX         59  330    0
QSO:  7067 PH 2010-03-27 1456 LA5HPA        59  0296   UX1UX         59  441    0
QSO:  7084 PH 2010-03-27 1501 LA5HPA        59  0297   RW9USA        59  555    0
QSO:  7103 PH 2010-03-27 1502 LA5HPA        59  0298   OY6A          59  576    0
QSO:  7088 PH 2010-03-27 1505 LA5HPA        59  0299   S58MU         59  192    0
QSO:  7094 PH 2010-03-27 1506 LA5HPA        59  0300   SP3GXH        59  300    0
QSO:  7097 PH 2010-03-27 1508 LA5HPA        59  0301   S51D          59  119    0
QSO:  7101 PH 2010-03-27 1509 LA5HPA        59  0302   GI7AXB        59  243    0
QSO:  7117 PH 2010-03-27 1512 LA5HPA        59  0303   UA9PC         59  1648   0
QSO:  7160 PH 2010-03-27 1517 LA5HPA        59  0304   OK2SAR        59  216    0
QSO:  7195 PH 2010-03-27 1519 LA5HPA        59  0305   YT2AAA        59  401    0
QSO:  7046 PH 2010-03-27 1527 LA5HPA        59  0306   RM3F          59  1148   0
QSO:  7058 PH 2010-03-27 1528 LA5HPA        59  0307   5P0O          59  208    0
QSO:  7073 PH 2010-03-27 1530 LA5HPA        59  0308   SK7OA         59  654    0
QSO:  7102 PH 2010-03-27 1531 LA5HPA        59  0309   UA9XL         59  564    0
QSO:  7110 PH 2010-03-27 1532 LA5HPA        59  0310   IK3UNA/1      59  228    0
QSO:  7115 PH 2010-03-27 1533 LA5HPA        59  0311   IO3B          59  309    0
QSO:  7124 PH 2010-03-27 1534 LA5HPA        59  0312   UU7J          59  648    0
QSO:  7143 PH 2010-03-27 1559 LA5HPA        59  0313   GM4YXI        59  863    0
QSO:  7133 PH 2010-03-27 1600 LA5HPA        59  0314   HB9EE         59  085    0
QSO:  7130 PH 2010-03-27 1601 LA5HPA        59  0315   LY9A          59  908    0
QSO:  7146 PH 2010-03-27 1603 LA5HPA        59  0316   LZ5R          59  502    0
QSO:  7159 PH 2010-03-27 1604 LA5HPA        59  0317   MW0CRI        59  048    0
QSO:  7195 PH 2010-03-27 1607 LA5HPA        59  0318   DF8AE         59  169    0
QSO:  7158 PH 2010-03-27 1615 LA5HPA        59  0319   OM0WR         59  494    0
QSO:  7126 PH 2010-03-27 1616 LA5HPA        59  0320   UA1ANA        59  027    0
QSO:  7101 PH 2010-03-27 1618 LA5HPA        59  0321   RZ3DJ         59  115    0
QSO:  7080 PH 2010-03-27 1637 LA5HPA        59  0322   SP9KDA        59  420    0
QSO:  7081 PH 2010-03-27 1641 LA5HPA        59  0323   G8GBY         59  056    0
QSO:  7089 PH 2010-03-27 1642 LA5HPA        59  0324   UA0ANW        59  354    0
QSO:  7126 PH 2010-03-27 1644 LA5HPA        59  0325   OZ7A          59  285    0
QSO:  7153 PH 2010-03-27 1648 LA5HPA        59  0326   IV3JVJ        59  233    0
QSO:  7170 PH 2010-03-27 1650 LA5HPA        59  0327   ES5G          59  177    0
QSO:  7092 PH 2010-03-27 1652 LA5HPA        59  0328   OL1C          59  181    0
QSO:  7058 PH 2010-03-27 1735 LA5HPA        59  0329   JH4UYB        59  1168   0
QSO:  7149 PH 2010-03-27 1814 LA5HPA        59  0330   JA0JHA        59  858    0
QSO:  7087 PH 2010-03-27 1824 LA5HPA        59  0331   HB9OCR        59  582    0
QSO:  3627 PH 2010-03-27 1835 LA5HPA        59  0332   DA0CA         59  814    0
QSO:  3641 PH 2010-03-27 1836 LA5HPA        59  0333   DN1CS         59  056    0
QSO:  3645 PH 2010-03-27 1837 LA5HPA        59  0334   DL1NKS        59  534    0
QSO:  3692 PH 2010-03-27 1838 LA5HPA        59  0335   LY7A          59  426    0
QSO:  3696 PH 2010-03-27 1839 LA5HPA        59  0336   PA0AGA        59  213    0
QSO:  3721 PH 2010-03-27 1840 LA5HPA        59  0337   HA6NL         59  498    0
QSO:  3725 PH 2010-03-27 1841 LA5HPA        59  0338   DP6A          59  216    0
QSO:  3736 PH 2010-03-27 1842 LA5HPA        59  0339   EM0X          59  608    0
QSO:  3740 PH 2010-03-27 1842 LA5HPA        59  0340   SQ8JX         59  614    0
QSO:  3745 PH 2010-03-27 1843 LA5HPA        59  0341   OL1C          59  322    0
QSO:  3751 PH 2010-03-27 1844 LA5HPA        59  0342   RV2FW/1       59  343    0
QSO:  3759 PH 2010-03-27 1844 LA5HPA        59  0343   DR1A          59  758    0
QSO:  3766 PH 2010-03-27 1845 LA5HPA        59  0344   SP9KDA        59  550    0
QSO:  3773 PH 2010-03-27 1846 LA5HPA        59  0345   OT5A          59  436    0
QSO:  3774 PH 2010-03-27 1847 LA5HPA        59  0346   OM3KXX        59  496    0
QSO:  3783 PH 2010-03-27 1847 LA5HPA        59  0347   LY5W          59  493    0
QSO:  3785 PH 2010-03-27 1848 LA5HPA        59  0348   LZ1JY         59  110    0
QSO:  3789 PH 2010-03-27 1849 LA5HPA        59  0349   EI7M          59  788    0
QSO:  3793 PH 2010-03-27 1849 LA5HPA        59  0350   YL3FT         59  463    0
QSO:  3797 PH 2010-03-27 1850 LA5HPA        59  0351   E71A          59  890    0
QSO:  3799 PH 2010-03-27 1851 LA5HPA        59  0352   9A5Y          59  781    0
QSO:  3777 PH 2010-03-27 1851 LA5HPA        59  0353   G8DYT         59  303    0
QSO:  3764 PH 2010-03-27 1852 LA5HPA        59  0354   RZ3DJ         59  267    0
QSO:  7043 PH 2010-03-27 1943 LA5HPA        59  0355   OZ/YT2T       59  839    0
QSO:  7054 PH 2010-03-27 1944 LA5HPA        59  0356   YL6W          59  1410   0
QSO:  7099 PH 2010-03-27 1945 LA5HPA        59  0357   E7/S56AA      59  699    0
QSO:  7117 PH 2010-03-27 1946 LA5HPA        59  0358   Z37M          59  215    0
QSO:  7122 PH 2010-03-27 1947 LA5HPA        59  0359   RG3K          59  1292   0
QSO:  7137 PH 2010-03-27 1949 LA5HPA        59  0360   SP9LJD        59  1127   0
QSO:  7147 PH 2010-03-27 1949 LA5HPA        59  0361   IR9Y          59  457    0
QSO:  7152 PH 2010-03-27 1950 LA5HPA        59  0362   ON4ON         59  110    0
QSO:  7160 PH 2010-03-27 1951 LA5HPA        59  0363   5B/KC2TIZ     59  707    0
QSO:  7159 PH 2010-03-27 1952 LA5HPA        59  0364   EA8UP         59  114    0
QSO:  7165 PH 2010-03-27 1953 LA5HPA        59  0365   9A5K          59  159    0
QSO:  7189 PH 2010-03-27 1955 LA5HPA        59  0366   4O3A          59  1701   0
QSO:  7191 PH 2010-03-27 1956 LA5HPA        59  0367   TF1CW         59  533    0
QSO:  7199 PH 2010-03-27 1958 LA5HPA        59  0368   YL0Y          59  1116   0
QSO:  3614 PH 2010-03-27 2000 LA5HPA        59  0369   SK7OA         59  921    0
QSO:  3635 PH 2010-03-27 2001 LA5HPA        59  0370   DD2ML         59  1024   0
QSO:  3642 PH 2010-03-27 2002 LA5HPA        59  0371   SN1C          59  228    0
QSO:  3646 PH 2010-03-27 2003 LA5HPA        59  0372   DG1EA         59  374    0
QSO:  3648 PH 2010-03-27 2005 LA5HPA        59  0373   PH2A          59  278    0
QSO:  3662 PH 2010-03-27 2010 LA5HPA        59  0374   OZ7A          59  360    0
QSO:  3692 PH 2010-03-27 2010 LA5HPA        59  0375   SM6U          59  660    0
QSO:  3639 PH 2010-03-27 2015 LA5HPA        59  0376   2E0PLA        59  181    0
QSO:  3639 PH 2010-03-27 2017 LA5HPA        59  0377   PA7JWC        59  191    0
QSO:  3639 PH 2010-03-27 2018 LA5HPA        59  0378   F1TMY         59  188    0
QSO:  3639 PH 2010-03-27 2019 LA5HPA        59  0379   PI65BRD       59  879    0
QSO:  3639 PH 2010-03-27 2020 LA5HPA        59  0380   DO1KUB        59  052    0
QSO:  3639 PH 2010-03-27 2021 LA5HPA        59  0381   ON5SY         59  448    0
QSO:  3639 PH 2010-03-27 2022 LA5HPA        59  0382   SM5DXR        59  204    0
QSO:  3639 PH 2010-03-27 2023 LA5HPA        59  0383   LN5O          59  044    0
QSO:  3639 PH 2010-03-27 2023 LA5HPA        59  0384   ON4VDV        59  397    0
QSO:  3639 PH 2010-03-27 2024 LA5HPA        59  0385   DO9BC         59  011    0
QSO:  3639 PH 2010-03-27 2024 LA5HPA        59  0386   PA6Z          59  356    0
QSO:  3639 PH 2010-03-27 2024 LA5HPA        59  0387   DJ1FZ         59  199    0
QSO:  3639 PH 2010-03-27 2025 LA5HPA        59  0388   LA8OOA        59  044    0
QSO:  3639 PH 2010-03-27 2025 LA5HPA        59  0389   SP4SHD        59  162    0
QSO:  3639 PH 2010-03-27 2026 LA5HPA        59  0390   SE6C          59  122    0
QSO:  3639 PH 2010-03-27 2026 LA5HPA        59  0391   SQ80UM        59  379    0
QSO:  3639 PH 2010-03-27 2027 LA5HPA        59  0392   G0ORC         59  074    0
QSO:  3639 PH 2010-03-27 2027 LA5HPA        59  0393   OM4DN         59  360    0
QSO:  3639 PH 2010-03-27 2029 LA5HPA        59  0394   DL0NG         59  322    0
QSO:  3639 PH 2010-03-27 2029 LA5HPA        59  0395   DL1DXF        59  018    0
QSO:  3639 PH 2010-03-27 2030 LA5HPA        59  0396   DL8EAQ        59  168    0
QSO:  3639 PH 2010-03-27 2030 LA5HPA        59  0397   DK7TA         59  007    0
QSO:  3639 PH 2010-03-27 2031 LA5HPA        59  0398   G3VOU         59  120    0
QSO:  3639 PH 2010-03-27 2031 LA5HPA        59  0399   DL1NEO        59  408    0
QSO:  3639 PH 2010-03-27 2032 LA5HPA        59  0400   DK1LRS        59  061    0
QSO:  3639 PH 2010-03-27 2032 LA5HPA        59  0401   DL3KDC        59  120    0
QSO:  3639 PH 2010-03-27 2034 LA5HPA        59  0402   OK2WYK        59  198    0
QSO:  3639 PH 2010-03-27 2034 LA5HPA        59  0403   F4EZJ         59  259    0
QSO:  3639 PH 2010-03-27 2034 LA5HPA        59  0404   DF3XZ         59  182    0
QSO:  3639 PH 2010-03-27 2035 LA5HPA        59  0405   OZ4NA         59  292    0
QSO:  3639 PH 2010-03-27 2036 LA5HPA        59  0406   SA7BYL        59  005    0
QSO:  3639 PH 2010-03-27 2037 LA5HPA        59  0407   YL2TB         59  150    0
QSO:  3639 PH 2010-03-27 2037 LA5HPA        59  0408   DO5AWE        59  049    0
QSO:  3639 PH 2010-03-27 2037 LA5HPA        59  0409   UT5PY         59  293    0
QSO:  3639 PH 2010-03-27 2038 LA5HPA        59  0410   RW1CW         59  915    0
QSO:  3639 PH 2010-03-27 2038 LA5HPA        59  0411   DL9NDV        59  021    0
QSO:  3639 PH 2010-03-27 2039 LA5HPA        59  0412   DF0BV         59  169    0
QSO:  3639 PH 2010-03-27 2039 LA5HPA        59  0413   PA0HVT        59  004    0
QSO:  3639 PH 2010-03-27 2040 LA5HPA        59  0414   M2W           59  150    0
QSO:  3639 PH 2010-03-27 2041 LA5HPA        59  0415   M3TVN         59  001    0
QSO:  3639 PH 2010-03-27 2041 LA5HPA        59  0416   DF2AJ         59  365    0
QSO:  3639 PH 2010-03-27 2042 LA5HPA        59  0417   DL0LN         59  001    0
QSO:  3639 PH 2010-03-27 2043 LA5HPA        59  0418   SC3A          59  023    0
QSO:  3639 PH 2010-03-27 2044 LA5HPA        59  0419   M6KAH         59  088    0
QSO:  3603 PH 2010-03-27 2111 LA5HPA        59  0420   DL2SAX        59  057    0
QSO:  3609 PH 2010-03-27 2111 LA5HPA        59  0421   G5G           59  130    0
QSO:  3617 PH 2010-03-27 2112 LA5HPA        59  0422   HA5OV         59  072    0
QSO:  3656 PH 2010-03-27 2114 LA5HPA        59  0423   ON6BR         59  1034   0
QSO:  3675 PH 2010-03-27 2114 LA5HPA        59  0424   OK1WF         59  405    0
QSO:  3687 PH 2010-03-27 2116 LA5HPA        59  0425   SV8/SV1JG     59  1083   0
QSO:  3691 PH 2010-03-27 2116 LA5HPA        59  0426   YU9DX         59  174    0
QSO:  3702 PH 2010-03-27 2117 LA5HPA        59  0427   OL1X          59  554    0
QSO:  3712 PH 2010-03-27 2118 LA5HPA        59  0428   OT2A          59  1325   0
QSO:  3714 PH 2010-03-27 2118 LA5HPA        59  0429   DL5GAC        59  564    0
QSO:  3716 PH 2010-03-27 2119 LA5HPA        59  0430   H2T           59  554    0
QSO:  3719 PH 2010-03-27 2119 LA5HPA        59  0431   OL0W          59  804    0
QSO:  3722 PH 2010-03-27 2120 LA5HPA        59  0432   OM4FM         59  171    0
QSO:  3742 PH 2010-03-27 2122 LA5HPA        59  0433   LZ2JR         59  233    0
QSO:  3751 PH 2010-03-27 2122 LA5HPA        59  0434   S52ZW         59  371    0
QSO:  3754 PH 2010-03-27 2122 LA5HPA        59  0435   SP9LJD        59  1255   0
QSO:  3768 PH 2010-03-27 2123 LA5HPA        59  0436   DD5JK         59  095    0
QSO:  3775 PH 2010-03-27 2124 LA5HPA        59  0437   DK5TX         59  964    0
QSO:  3781 PH 2010-03-27 2125 LA5HPA        59  0438   OR2M          59  071    0
QSO:  3784 PH 2010-03-27 2127 LA5HPA        59  0439   T70A          59  587    0
QSO:  3797 PH 2010-03-27 2128 LA5HPA        59  0440   M0XXT         59  338    0
QSO:  7070 PH 2010-03-27 2134 LA5HPA        59  0441   4L8A          59  618    0
QSO:  7071 PH 2010-03-27 2136 LA5HPA        59  0442   SO9Q          59  1763   0
QSO:  7072 PH 2010-03-27 2136 LA5HPA        59  0443   IR4X          59  1581   0
QSO:  7081 PH 2010-03-27 2138 LA5HPA        59  0444   S55M          59  445    0
QSO:  7086 PH 2010-03-27 2140 LA5HPA        59  0445   F6KNB         59  580    0
QSO:  7088 PH 2010-03-27 2141 LA5HPA        59  0446   IR5X          59  907    0
QSO:  7137 PH 2010-03-27 2143 LA5HPA        59  0447   S53M          59  467    0
QSO:  7140 PH 2010-03-27 2145 LA5HPA        59  0448   Z30A          59  638    0
QSO:  7153 PH 2010-03-27 2146 LA5HPA        59  0449   AN5P          59  335    0
QSO:  7169 PH 2010-03-27 2147 LA5HPA        59  0450   M0WLF         59  315    0
QSO: 14129 PH 2010-03-27 2219 LA5HPA        59  0451   VP50V         59  1639   0
QSO: 14154 PH 2010-03-27 2222 LA5HPA        59  0452   NG3R          59  2500   0
QSO: 14167 PH 2010-03-27 2222 LA5HPA        59  0453   AK1W          59  104    0
QSO: 14171 PH 2010-03-27 2223 LA5HPA        59  0454   AB4GG         59  578    0
QSO: 14176 PH 2010-03-27 2226 LA5HPA        59  0455   V25Y          59  1987   0
QSO: 14246 PH 2010-03-27 2233 LA5HPA        59  0456   CO7PH         59  465    0
QSO: 14315 PH 2010-03-27 2238 LA5HPA        59  0457   H7A           59  033    0
QSO: 14259 PH 2010-03-27 2243 LA5HPA        59  0458   KC8LUB        59  084    0
QSO: 14259 PH 2010-03-27 2244 LA5HPA        59  0459   P49Y          59  2252   0
QSO: 14259 PH 2010-03-27 2246 LA5HPA        59  0460   KS2G          59  272    0
QSO: 14259 PH 2010-03-27 2246 LA5HPA        59  0461   WA4ASJ        59  284    0
QSO: 14259 PH 2010-03-27 2247 LA5HPA        59  0462   K0VXU         59  119    0
QSO: 14259 PH 2010-03-27 2248 LA5HPA        59  0463   PD1JTB        59  014    0
QSO: 14259 PH 2010-03-27 2249 LA5HPA        59  0464   W4SAR         59  316    0
QSO: 14259 PH 2010-03-27 2249 LA5HPA        59  0465   W0QQG         59  050    0
QSO: 14259 PH 2010-03-27 2251 LA5HPA        59  0466   KA2DZR        59  075    0
QSO: 14259 PH 2010-03-27 2252 LA5HPA        59  0467   KV9R          59  023    0
QSO: 14259 PH 2010-03-27 2252 LA5HPA        59  0468   K9RIM         59  007    0
QSO: 14259 PH 2010-03-27 2253 LA5HPA        59  0469   K0BLT         59  071    0
QSO: 14259 PH 2010-03-27 2255 LA5HPA        59  0470   N4NO          59  518    0
QSO: 14259 PH 2010-03-27 2256 LA5HPA        59  0471   K2TV          59  015    0
QSO: 14259 PH 2010-03-27 2258 LA5HPA        59  0472   PA5YL         59  053    0
QSO: 14259 PH 2010-03-27 2258 LA5HPA        59  0473   VE1MC         59  191    0
QSO: 14259 PH 2010-03-27 2259 LA5HPA        59  0474   K0SRL         59  026    0
QSO: 14259 PH 2010-03-27 2301 LA5HPA        59  0475   K4UU          59  017    0
QSO: 14259 PH 2010-03-27 2302 LA5HPA        59  0476   N2JF          59  126    0
QSO: 14259 PH 2010-03-27 2303 LA5HPA        59  0477   K2XR          59  104    0
QSO: 14259 PH 2010-03-27 2303 LA5HPA        59  0478   W3DA          59  083    0
QSO: 14259 PH 2010-03-27 2303 LA5HPA        59  0479   N0QW          59  169    0
QSO: 14259 PH 2010-03-27 2304 LA5HPA        59  0480   AI4WW         59  141    0
QSO: 14259 PH 2010-03-27 2304 LA5HPA        59  0481   WR2G          59  333    0
QSO: 14259 PH 2010-03-27 2305 LA5HPA        59  0482   M0MCV         59  524    0
QSO: 14259 PH 2010-03-27 2305 LA5HPA        59  0483   WA3UXP        59  021    0
QSO: 14259 PH 2010-03-27 2306 LA5HPA        59  0484   K2TE          59  622    0
QSO: 14259 PH 2010-03-27 2307 LA5HPA        59  0485   LA4WJ         59  001    0
QSO: 14259 PH 2010-03-27 2308 LA5HPA        59  0486   VE1RHP        59  111    0
QSO: 14259 PH 2010-03-27 2309 LA5HPA        59  0487   N2JF          59  132    0
QSO: 14259 PH 2010-03-27 2310 LA5HPA        59  0488   F8KDX         59  722    0
QSO: 14259 PH 2010-03-27 2310 LA5HPA        59  0489   W4CCS         59  168    0
QSO: 14259 PH 2010-03-27 2310 LA5HPA        59  0490   VX3XN         59  284    0
QSO: 14259 PH 2010-03-27 2310 LA5HPA        59  0491   KR4JY         59  061    0
QSO: 14259 PH 2010-03-27 2311 LA5HPA        59  0492   KG8V          59  039    0
QSO: 14259 PH 2010-03-27 2311 LA5HPA        59  0493   AG5Z          59  306    0
QSO: 14259 PH 2010-03-27 2312 LA5HPA        59  0494   AI4YO         59  026    0
QSO: 14259 PH 2010-03-27 2312 LA5HPA        59  0495   N1IUN         59  083    0
QSO: 14259 PH 2010-03-27 2313 LA5HPA        59  0496   K0LUZ         59  398    0
QSO: 14259 PH 2010-03-27 2314 LA5HPA        59  0497   WC6H          59  029    0
QSO: 14259 PH 2010-03-27 2314 LA5HPA        59  0498   N4JRZ         59  017    0
QSO: 14259 PH 2010-03-27 2314 LA5HPA        59  0499   K2DLS         59  070    0
QSO: 14259 PH 2010-03-27 2315 LA5HPA        59  0500   K2SLZ         59  121    0
QSO: 14259 PH 2010-03-27 2317 LA5HPA        59  0501   G3UYD         59  120    0
QSO: 14259 PH 2010-03-27 2317 LA5HPA        59  0502   WF3C          59  658    0
QSO: 14259 PH 2010-03-27 2318 LA5HPA        59  0503   W4KTR         59  502    0
QSO: 14259 PH 2010-03-27 2320 LA5HPA        59  0504   AA1ME         59  052    0
QSO: 14259 PH 2010-03-27 2321 LA5HPA        59  0505   N4JOW         59  183    0
QSO: 14259 PH 2010-03-27 2322 LA5HPA        59  0506   AB3CX         59  1154   0
QSO: 14259 PH 2010-03-27 2322 LA5HPA        59  0507   W6XR          59  260    0
QSO: 14259 PH 2010-03-27 2323 LA5HPA        59  0508   M0SDY         59  145    0
QSO: 14259 PH 2010-03-27 2325 LA5HPA        59  0509   KD9ST         59  1516   0
QSO: 14259 PH 2010-03-27 2326 LA5HPA        59  0510   NV1N          59  1080   0
QSO: 14345 PH 2010-03-27 2333 LA5HPA        59  0511   KK1KW         59  332    0
QSO: 14307 PH 2010-03-27 2333 LA5HPA        59  0512   NN4F          59  663    0
QSO:  7143 PH 2010-03-27 2337 LA5HPA        59  0513   KD4D          59  610    0
QSO:  7050 PH 2010-03-27 2341 LA5HPA        59  0514   5D5A          59  3452   0
QSO:  7059 PH 2010-03-27 2344 LA5HPA        59  0515   VX3OI         59  1081   0
QSO:  7070 PH 2010-03-27 2345 LA5HPA        59  0516   VX3CX         59  1128   0
QSO:  7141 PH 2010-03-27 2348 LA5HPA        59  0517   W2IRT         59  267    0
QSO:  7170 PH 2010-03-27 2352 LA5HPA        59  0518   WY3P          59  2273   0
QSO:  7185 PH 2010-03-27 2354 LA5HPA        59  0519   AJ1I          59  1840   0
QSO:  7193 PH 2010-03-27 2355 LA5HPA        59  0520   NG3R          59  2663   0
QSO:  7199 PH 2010-03-27 2357 LA5HPA        59  0521   NE1C          59  820    0
QSO:  3735 PH 2010-03-28 0003 LA5HPA        59  0522   OX2A          59  1014   0
QSO:  7195 PH 2010-03-28 0019 LA5HPA        59  0523   M/YO4RDW      59  170    0
QSO:  3768 PH 2010-03-28 0029 LA5HPA        59  0524   UP0L          59  2962   0
QSO:  3754 PH 2010-03-28 0029 LA5HPA        59  0525   LY4CW         59  705    0
QSO:  3727 PH 2010-03-28 0030 LA5HPA        59  0526   PI4TUE        59  1260   0
QSO:  3791 PH 2010-03-28 0035 LA5HPA        59  0527   ZF2AH         59  523    0
QSO:  3764 PH 2010-03-28 0036 LA5HPA        59  0528   LZ9W          59  809    0
QSO:  3679 PH 2010-03-28 0038 LA5HPA        59  0529   OL4A          59  860    0
QSO:  3639 PH 2010-03-28 0039 LA5HPA        59  0530   YL1XN         59  386    0
QSO:  3670 PH 2010-03-28 0040 LA5HPA        59  0531   ES5G          59  323    0
QSO:  3674 PH 2010-03-28 0040 LA5HPA        59  0532   LZ3FN         59  1381   0
QSO:  3682 PH 2010-03-28 0042 LA5HPA        59  0533   OM5DX         59  523    0
QSO:  3683 PH 2010-03-28 0043 LA5HPA        59  0534   EA4KD         59  478    0
QSO:  3687 PH 2010-03-28 0043 LA5HPA        59  0535   EE2W          59  1674   0
QSO:  3689 PH 2010-03-28 0044 LA5HPA        59  0536   UT3SA         59  559    0
QSO:  3694 PH 2010-03-28 0044 LA5HPA        59  0537   M6T           59  1111   0
QSO:  3703 PH 2010-03-28 0046 LA5HPA        59  0538   IR4X          59  1898   0
QSO:  3706 PH 2010-03-28 0048 LA5HPA        59  0539   G5O           59  181    0
QSO:  3758 PH 2010-03-28 0049 LA5HPA        59  0540   HA1TNX        59  729    0
QSO:  3775 PH 2010-03-28 0050 LA5HPA        59  0541   G5FZ          59  897    0
QSO:  3777 PH 2010-03-28 0050 LA5HPA        59  0542   EJ6DX         59  1469   0
QSO:  3779 PH 2010-03-28 0051 LA5HPA        59  0543   YP7P          59  1331   0
QSO:  3781 PH 2010-03-28 0052 LA5HPA        59  0544   DQ8N          59  666    0
QSO:  3786 PH 2010-03-28 0052 LA5HPA        59  0545   UA1CEI        59  573    0
QSO:  3794 PH 2010-03-28 0053 LA5HPA        59  0546   K1LZ          59  459    0
QSO:  3797 PH 2010-03-28 0054 LA5HPA        59  0547   SN2B          59  1916   0
QSO:  3748 PH 2010-03-28 0055 LA5HPA        59  0548   OL3X          59  247    0
QSO:  3732 PH 2010-03-28 0056 LA5HPA        59  0549   Z37M          59  300    0
QSO:  3724 PH 2010-03-28 0057 LA5HPA        59  0550   CT1JLZ        59  2532   0
QSO:  3701 PH 2010-03-28 0058 LA5HPA        59  0551   9A3B          59  1566   0
QSO:  3690 PH 2010-03-28 0110 LA5HPA        59  0552   OL5Y          59  272    0
QSO:  3623 PH 2010-03-28 0111 LA5HPA        59  0553   LX1HD         59  205    0
QSO:  7042 PH 2010-03-28 0113 LA5HPA        59  0554   8P5A          59  4190   0
QSO:  7067 PH 2010-03-28 0114 LA5HPA        59  0555   VE3UTT        59  1352   0
QSO: 14181 PH 2010-03-28 0518 LA5HPA        59  0556   UW8I          59  1410   0
QSO: 14204 PH 2010-03-28 0527 LA5HPA        59  0557   UN7PL         59  713    0
QSO: 14230 PH 2010-03-28 0533 LA5HPA        59  0558   J42T          59  1013   0
QSO: 14166 PH 2010-03-28 0543 LA5HPA        59  0559   ST2AR         59  2884   0
QSO: 21316 PH 2010-03-28 1020 LA5HPA        59  0560   BX6AP         59  810    0
QSO: 21192 PH 2010-03-28 1023 LA5HPA        59  0561   E20AS         59  1658   0
QSO: 21213 PH 2010-03-28 1026 LA5HPA        59  0562   OL4A          59  1015   0
QSO: 21309 PH 2010-03-28 1051 LA5HPA        59  0563   WH2D          59  309    0
QSO: 14177 PH 2010-03-28 1054 LA5HPA        59  0564   B1Z           59  1602   0
QSO: 14299 PH 2010-03-28 1056 LA5HPA        59  0565   UX1UF         59  1345   0
QSO: 14318 PH 2010-03-28 1057 LA5HPA        59  0566   JH7XMO        59  969    0
QSO: 14345 PH 2010-03-28 1058 LA5HPA        59  0567   JR8OXT        59  567    0
QSO: 14275 PH 2010-03-28 1101 LA5HPA        59  0568   HG1S          59  1739   0
QSO: 14275 PH 2010-03-28 1102 LA5HPA        59  0569   UA9OC         59  079    0
QSO: 14275 PH 2010-03-28 1103 LA5HPA        59  0570   DK1AX         59  303    0
QSO: 14267 PH 2010-03-28 1105 LA5HPA        59  0571   KH0UA         59  1832   0
QSO: 14273 PH 2010-03-28 1107 LA5HPA        59  0572   VK4KW         59  564    0
QSO: 14280 PH 2010-03-28 1108 LA5HPA        59  0573   EA1CP         59  516    0
QSO: 14280 PH 2010-03-28 1109 LA5HPA        59  0574   JG1XLZ        59  071    0
QSO: 14280 PH 2010-03-28 1109 LA5HPA        59  0575   K2DB          59  654    0
QSO: 14280 PH 2010-03-28 1110 LA5HPA        59  0576   RA9UAD        59  199    0
QSO: 14280 PH 2010-03-28 1111 LA5HPA        59  0577   UA9ODE        59  140    0
QSO: 14280 PH 2010-03-28 1111 LA5HPA        59  0578   JG2KKG        59  359    0
QSO: 14280 PH 2010-03-28 1113 LA5HPA        59  0579   UT4XU         59  242    0
QSO: 14280 PH 2010-03-28 1114 LA5HPA        59  0580   UA9UPG        59  332    0
QSO: 14280 PH 2010-03-28 1114 LA5HPA        59  0581   EU6AA         59  463    0
QSO: 14280 PH 2010-03-28 1115 LA5HPA        59  0582   AM1A          59  390    0
QSO: 14280 PH 2010-03-28 1116 LA5HPA        59  0583   JA1MJN        59  089    0
QSO: 14280 PH 2010-03-28 1117 LA5HPA        59  0584   OE8YSQ        59  042    0
QSO: 14280 PH 2010-03-28 1118 LA5HPA        59  0585   VE2DC         59  270    0
QSO: 14280 PH 2010-03-28 1119 LA5HPA        59  0586   RV9UP         59  1040   0
QSO: 14280 PH 2010-03-28 1120 LA5HPA        59  0587   JF2OZH        59  166    0
QSO: 14280 PH 2010-03-28 1121 LA5HPA        59  0588   JA7DY         59  021    0
QSO: 14280 PH 2010-03-28 1123 LA5HPA        59  0589   BY4QA         59  1214   0
QSO: 14280 PH 2010-03-28 1123 LA5HPA        59  0590   JR4GPA        59  277    0
QSO: 14280 PH 2010-03-28 1126 LA5HPA        59  0591   DN5KID        59  129    0
QSO: 14280 PH 2010-03-28 1126 LA5HPA        59  0592   JA3JOT        59  228    0
QSO: 14280 PH 2010-03-28 1127 LA5HPA        59  0593   UN9PQ         59  263    0
QSO: 14280 PH 2010-03-28 1128 LA5HPA        59  0594   JA8ECS        59  553    0
QSO: 14280 PH 2010-03-28 1128 LA5HPA        59  0595   UA0SR         59  1017   0
QSO: 14280 PH 2010-03-28 1129 LA5HPA        59  0596   DQ4W          59  359    0
QSO: 14280 PH 2010-03-28 1129 LA5HPA        59  0597   RK3IM         59  829    0
QSO: 14280 PH 2010-03-28 1132 LA5HPA        59  0598   BD4TR         59  404    0
QSO: 14280 PH 2010-03-28 1132 LA5HPA        59  0599   RW0UM         59  759    0
QSO: 14280 PH 2010-03-28 1133 LA5HPA        59  0600   K1FWE         59  358    0
QSO: 14280 PH 2010-03-28 1134 LA5HPA        59  0601   RV3DHC        59  231    0
QSO: 14280 PH 2010-03-28 1134 LA5HPA        59  0602   JE3EDJ        59  502    0
QSO: 14280 PH 2010-03-28 1136 LA5HPA        59  0603   LA7ZN         59  002    0
QSO: 14280 PH 2010-03-28 1138 LA5HPA        59  0604   EV6M          59  129    0
QSO: 14280 PH 2010-03-28 1138 LA5HPA        59  0605   RZ1ZZ         59  1237   0
QSO: 14280 PH 2010-03-28 1142 LA5HPA        59  0606   W1WBB         59  269    0
QSO: 14280 PH 2010-03-28 1142 LA5HPA        59  0607   VE1ZA         59  979    0
QSO: 14280 PH 2010-03-28 1143 LA5HPA        59  0608   VO1SA         59  393    0
QSO: 14280 PH 2010-03-28 1143 LA5HPA        59  0609   NQ4U          59  1353   0
QSO: 14280 PH 2010-03-28 1144 LA5HPA        59  0610   YU7ZEX        59  450    0
QSO: 14280 PH 2010-03-28 1145 LA5HPA        59  0611   YT2VPA        59  354    0
QSO: 14280 PH 2010-03-28 1145 LA5HPA        59  0612   WA1NRQ        59  160    0
QSO: 14280 PH 2010-03-28 1146 LA5HPA        59  0613   VE3ZZ         59  394    0
QSO: 14280 PH 2010-03-28 1148 LA5HPA        59  0614   RL3FO         59  208    0
QSO: 14280 PH 2010-03-28 1148 LA5HPA        59  0615   KI9A          59  1713   0
QSO: 14280 PH 2010-03-28 1149 LA5HPA        59  0616   KL7RA         59  1999   0
QSO: 14280 PH 2010-03-28 1150 LA5HPA        59  0617   EF1W          59  944    0
QSO: 14280 PH 2010-03-28 1151 LA5HPA        59  0618   RU0AW         59  1410   0
QSO: 14240 PH 2010-03-28 1206 LA5HPA        59  0619   UW5ZM         59  1550   0
QSO: 14290 PH 2010-03-28 1207 LA5HPA        59  0620   UR5AS         59  1148   0
QSO: 14319 PH 2010-03-28 1209 LA5HPA        59  0621   4L3A          59  1690   0
QSO: 14140 PH 2010-03-28 1211 LA5HPA        59  0622   VX3AP         59  2093   0
QSO: 14128 PH 2010-03-28 1232 LA5HPA        59  0623   VG3CCO        59  1540   0
QSO: 14144 PH 2010-03-28 1233 LA5HPA        59  0624   EM7L          59  2379   0
QSO: 21257 PH 2010-03-28 1255 LA5HPA        59  0625   YE0X          59  1511   0
QSO: 21242 PH 2010-03-28 1300 LA5HPA        59  0626   YB2DX         59  1104   0
QSO: 21314 PH 2010-03-28 1312 LA5HPA        59  0627   EA8MT         59  1105   0
QSO: 21286 PH 2010-03-28 1314 LA5HPA        59  0628   PR5D          59  994    0
QSO: 21266 PH 2010-03-28 1316 LA5HPA        59  0629   ZW4O          59  988    0
QSO: 21260 PH 2010-03-28 1316 LA5HPA        59  0630   ZX5J          59  3189   0
QSO: 21254 PH 2010-03-28 1317 LA5HPA        59  0631   EB8AH         59  2582   0
QSO: 21210 PH 2010-03-28 1319 LA5HPA        59  0632   PT1A          59  1603   0
QSO: 21158 PH 2010-03-28 1320 LA5HPA        59  0633   PY3DX         59  1427   0
QSO: 21193 PH 2010-03-28 1321 LA5HPA        59  0634   PX2T          59  915    0
QSO: 21293 PH 2010-03-28 1322 LA5HPA        59  0635   CR3A          59  2202   0
QSO: 21346 PH 2010-03-28 1323 LA5HPA        59  0636   CT3HF         59  512    0
QSO: 21358 PH 2010-03-28 1325 LA5HPA        59  0637   ZY7C          59  2232   0
QSO: 21381 PH 2010-03-28 1326 LA5HPA        59  0638   LP2F          59  2376   0
QSO: 21398 PH 2010-03-28 1327 LA5HPA        59  0639   V5/DL5XL      59  221    0
QSO: 14111 PH 2010-03-28 1336 LA5HPA        59  0640   VE9MY         59  504    0
QSO: 14145 PH 2010-03-28 1337 LA5HPA        59  0641   HC8GR         59  1362   0
QSO: 14138 PH 2010-03-28 1342 LA5HPA        59  0642   VA3DX         59  883    0
QSO: 14149 PH 2010-03-28 1342 LA5HPA        59  0643   YO8WW         59  379    0
QSO: 14152 PH 2010-03-28 1343 LA5HPA        59  0644   WU3A          59  1779   0
QSO: 14167 PH 2010-03-28 1344 LA5HPA        59  0645   RT4F          59  4734   0
QSO: 14190 PH 2010-03-28 1347 LA5HPA        59  0646   YT7DQ         59  263    0
QSO: 14206 PH 2010-03-28 1348 LA5HPA        59  0647   KG0F          59  1734   0
QSO: 14216 PH 2010-03-28 1349 LA5HPA        59  0648   T77GO         59  2093   0
QSO: 14230 PH 2010-03-28 1350 LA5HPA        59  0649   IO3J          59  1574   0
QSO: 14236 PH 2010-03-28 1350 LA5HPA        59  0650   IO4T          59  237    0
QSO: 14242 PH 2010-03-28 1351 LA5HPA        59  0651   OM7M          59  2934   0
QSO: 14242 PH 2010-03-28 1352 LA5HPA        59  0652   LZ9W          59  1580   0
QSO: 14244 PH 2010-03-28 1352 LA5HPA        59  0653   LZ5R          59  1643   0
QSO: 14250 PH 2010-03-28 1353 LA5HPA        59  0654   CR3A          59  1350   0
QSO: 14251 PH 2010-03-28 1353 LA5HPA        59  0655   IK3SCB        59  338    0
QSO: 14260 PH 2010-03-28 1354 LA5HPA        59  0656   YP7P          59  1687   0
QSO: 14263 PH 2010-03-28 1355 LA5HPA        59  0657   S50A          59  2276   0
QSO: 14265 PH 2010-03-28 1355 LA5HPA        59  0658   NN1N          59  3131   0
QSO: 14271 PH 2010-03-28 1356 LA5HPA        59  0659   UP0L          59  4114   0
QSO: 14272 PH 2010-03-28 1356 LA5HPA        59  0660   RG3K          59  2573   0
QSO: 14282 PH 2010-03-28 1357 LA5HPA        59  0661   ED1R          59  2581   0
QSO: 14284 PH 2010-03-28 1358 LA5HPA        59  0662   UA3BL         59  806    0
QSO: 14298 PH 2010-03-28 1359 LA5HPA        59  0663   LZ5K          59  2392   0
QSO: 14300 PH 2010-03-28 1401 LA5HPA        59  0664   P33W          59  2363   0
QSO: 14310 PH 2010-03-28 1401 LA5HPA        59  0665   S55T          59  1935   0
QSO: 14314 PH 2010-03-28 1402 LA5HPA        59  0666   RL3A          59  2014   0
QSO: 14335 PH 2010-03-28 1403 LA5HPA        59  0667   SP9LJD        59  2042   0
QSO: 14343 PH 2010-03-28 1404 LA5HPA        59  0668   RK3DZH        59  1201   0
QSO: 14349 PH 2010-03-28 1405 LA5HPA        59  0669   DL2DXA        59  400    0
QSO: 14280 PH 2010-03-28 1411 LA5HPA        59  0670   E7/S56AA      59  1174   0
QSO: 14280 PH 2010-03-28 1412 LA5HPA        59  0671   HA6NW         59  286    0
QSO: 14280 PH 2010-03-28 1413 LA5HPA        59  0672   NK5U          59  1360   0
QSO: 14280 PH 2010-03-28 1413 LA5HPA        59  0673   KC8YLD        59  154    0
QSO: 14280 PH 2010-03-28 1414 LA5HPA        59  0674   HA7JQK        59  192    0
QSO: 14280 PH 2010-03-28 1414 LA5HPA        59  0675   K5QEA         59  465    0
QSO: 14280 PH 2010-03-28 1415 LA5HPA        59  0676   KR5X          59  1611   0
QSO: 14280 PH 2010-03-28 1416 LA5HPA        59  0677   9A7WA         59  118    0
QSO: 14280 PH 2010-03-28 1420 LA5HPA        59  0678   F5PAL         59  274    0
QSO: 14280 PH 2010-03-28 1421 LA5HPA        59  0679   K0HUU         59  109    0
QSO: 14280 PH 2010-03-28 1422 LA5HPA        59  0680   HB4FL         59  391    0
QSO: 14280 PH 2010-03-28 1422 LA5HPA        59  0681   Z35M          59  302    0
QSO: 14280 PH 2010-03-28 1423 LA5HPA        59  0682   OM5LD         59  154    0
QSO: 14280 PH 2010-03-28 1424 LA5HPA        59  0683   W1ACC         59  024    0
QSO: 14280 PH 2010-03-28 1425 LA5HPA        59  0684   W7UT          59  524    0
QSO: 14280 PH 2010-03-28 1425 LA5HPA        59  0685   UR5RP         59  407    0
QSO: 14280 PH 2010-03-28 1426 LA5HPA        59  0686   YU140Z        59  627    0
QSO: 14280 PH 2010-03-28 1426 LA5HPA        59  0687   K1SLB         59  177    0
QSO: 14280 PH 2010-03-28 1427 LA5HPA        59  0688   VE2VIG        59  036    0
QSO: 14280 PH 2010-03-28 1428 LA5HPA        59  0689   UT5UPN        59  038    0
QSO: 14280 PH 2010-03-28 1428 LA5HPA        59  0690   YO4AUP        59  373    0
QSO: 14280 PH 2010-03-28 1429 LA5HPA        59  0691   K6YRA         59  197    0
QSO: 14280 PH 2010-03-28 1430 LA5HPA        59  0692   KT4ZB         59  848    0
QSO: 14280 PH 2010-03-28 1430 LA5HPA        59  0693   IZ1OQB        59  355    0
QSO: 14280 PH 2010-03-28 1431 LA5HPA        59  0694   VE5FX         59  726    0
QSO: 14280 PH 2010-03-28 1431 LA5HPA        59  0695   EA1JO         59  434    0
QSO: 14280 PH 2010-03-28 1432 LA5HPA        59  0696   S57U          59  358    0
QSO: 14280 PH 2010-03-28 1433 LA5HPA        59  0697   VE9ML         59  351    0
QSO: 14280 PH 2010-03-28 1434 LA5HPA        59  0698   UT3UZ         59  635    0
QSO: 14280 PH 2010-03-28 1435 LA5HPA        59  0699   YO5AIR        59  415    0
QSO: 14280 PH 2010-03-28 1436 LA5HPA        59  0700   IZ3QHA        59  230    0
QSO: 14280 PH 2010-03-28 1436 LA5HPA        59  0701   RN3ZR         59  360    0
QSO: 14280 PH 2010-03-28 1437 LA5HPA        59  0702   KA1JBE        59  081    0
QSO: 14280 PH 2010-03-28 1437 LA5HPA        59  0703   AI5M          59  972    0
QSO: 14280 PH 2010-03-28 1438 LA5HPA        59  0704   W4KW          59  669    0
QSO: 14280 PH 2010-03-28 1438 LA5HPA        59  0705   KW3W          59  488    0
QSO: 14280 PH 2010-03-28 1441 LA5HPA        59  0706   WB2TFM        59  217    0
QSO: 14280 PH 2010-03-28 1442 LA5HPA        59  0707   HA0GK         59  109    0
QSO: 14280 PH 2010-03-28 1442 LA5HPA        59  0708   HA0ML         59  072    0
QSO: 14280 PH 2010-03-28 1442 LA5HPA        59  0709   RX3DN         59  270    0
QSO: 14280 PH 2010-03-28 1444 LA5HPA        59  0710   YO8SSB        59  365    0
QSO: 14280 PH 2010-03-28 1444 LA5HPA        59  0711   ND9E          59  070    0
QSO: 14280 PH 2010-03-28 1445 LA5HPA        59  0712   NC7M          59  1154   0
QSO: 14280 PH 2010-03-28 1445 LA5HPA        59  0713   9A4D          59  1280   0
QSO: 14280 PH 2010-03-28 1445 LA5HPA        59  0714   W8MJ          59  2074   0
QSO: 14280 PH 2010-03-28 1446 LA5HPA        59  0715   AA3B          59  585    0
QSO: 14280 PH 2010-03-28 1446 LA5HPA        59  0716   K2OWR         59  431    0
QSO: 14280 PH 2010-03-28 1447 LA5HPA        59  0717   RV3RM         59  445    0
QSO: 14280 PH 2010-03-28 1447 LA5HPA        59  0718   RA3NF         59  344    0
QSO: 14280 PH 2010-03-28 1447 LA5HPA        59  0719   RM3Q          59  1424   0
QSO: 14280 PH 2010-03-28 1448 LA5HPA        59  0720   K5JTH         59  066    0
QSO: 14280 PH 2010-03-28 1448 LA5HPA        59  0721   KE3G          59  303    0
QSO: 14280 PH 2010-03-28 1449 LA5HPA        59  0722   N1DCM         59  116    0
QSO: 14280 PH 2010-03-28 1449 LA5HPA        59  0723   EB8AH         59  2336   0
QSO: 14280 PH 2010-03-28 1450 LA5HPA        59  0724   N6WIN         59  1276   0
QSO: 14280 PH 2010-03-28 1450 LA5HPA        59  0725   E73M          59  2446   0
QSO: 14280 PH 2010-03-28 1451 LA5HPA        59  0726   W9GIG         59  283    0
QSO: 14280 PH 2010-03-28 1451 LA5HPA        59  0727   K4MDX         59  632    0
QSO: 14280 PH 2010-03-28 1452 LA5HPA        59  0728   WW3S          59  565    0
QSO: 14280 PH 2010-03-28 1452 LA5HPA        59  0729   NE1H          59  421    0
QSO: 14280 PH 2010-03-28 1452 LA5HPA        59  0730   9A8M          59  542    0
QSO: 14280 PH 2010-03-28 1453 LA5HPA        59  0731   KB8V          59  165    0
QSO: 14280 PH 2010-03-28 1453 LA5HPA        59  0732   W2YC          59  526    0
QSO: 14280 PH 2010-03-28 1453 LA5HPA        59  0733   W7RN          59  659    0
QSO: 14280 PH 2010-03-28 1454 LA5HPA        59  0734   VA6BSH        59  967    0
QSO: 14280 PH 2010-03-28 1454 LA5HPA        59  0735   VE3RZ         59  631    0
QSO: 14280 PH 2010-03-28 1455 LA5HPA        59  0736   N2BJ          59  1345   0
QSO: 14280 PH 2010-03-28 1455 LA5HPA        59  0737   VE4EAR        59  1361   0
QSO: 14280 PH 2010-03-28 1456 LA5HPA        59  0738   NY6N          59  323    0
QSO: 14280 PH 2010-03-28 1456 LA5HPA        59  0739   K7HC          59  789    0
QSO: 14280 PH 2010-03-28 1456 LA5HPA        59  0740   OL0W          59  1523   0
QSO: 14280 PH 2010-03-28 1457 LA5HPA        59  0741   NE1C          59  1072   0
QSO: 14280 PH 2010-03-28 1457 LA5HPA        59  0742   N9CIQ         59  098    0
QSO: 14280 PH 2010-03-28 1457 LA5HPA        59  0743   K9NW          59  928    0
QSO: 14280 PH 2010-03-28 1458 LA5HPA        59  0744   K9JE          59  345    0
QSO: 14280 PH 2010-03-28 1458 LA5HPA        59  0745   N9LYE         59  373    0
QSO: 14280 PH 2010-03-28 1458 LA5HPA        59  0746   KA4GFY        59  058    0
QSO: 14280 PH 2010-03-28 1459 LA5HPA        59  0747   LZ1BJ         59  1195   0
QSO: 14280 PH 2010-03-28 1459 LA5HPA        59  0748   NX0I          59  752    0
QSO: 14280 PH 2010-03-28 1459 LA5HPA        59  0749   YQ6A          59  928    0
QSO: 14280 PH 2010-03-28 1500 LA5HPA        59  0750   KD8EZS        59  459    0
QSO: 14280 PH 2010-03-28 1500 LA5HPA        59  0751   ER3CT         59  232    0
QSO: 14280 PH 2010-03-28 1501 LA5HPA        59  0752   VE3EYR        59  015    0
QSO: 14280 PH 2010-03-28 1502 LA5HPA        59  0753   K3TW          59  079    0
QSO: 14280 PH 2010-03-28 1502 LA5HPA        59  0754   UR5WHT        59  283    0
QSO: 14280 PH 2010-03-28 1503 LA5HPA        59  0755   EA8BGO        59  376    0
QSO: 14280 PH 2010-03-28 1503 LA5HPA        59  0756   KE9ET         59  398    0
QSO: 14280 PH 2010-03-28 1504 LA5HPA        59  0757   N2SQW         59  704    0
QSO: 14280 PH 2010-03-28 1505 LA5HPA        59  0758   VE7GL         59  2365   0
QSO: 14280 PH 2010-03-28 1505 LA5HPA        59  0759   KN0R          59  116    0
QSO: 14280 PH 2010-03-28 1505 LA5HPA        59  0760   NR1I          59  561    0
QSO: 14280 PH 2010-03-28 1506 LA5HPA        59  0761   K3FT          59  330    0
QSO: 14280 PH 2010-03-28 1506 LA5HPA        59  0762   NJ2BB         59  176    0
QSO: 14280 PH 2010-03-28 1507 LA5HPA        59  0763   NR8I          59  190    0
QSO: 14280 PH 2010-03-28 1508 LA5HPA        59  0764   UY5BT         59  086    0
QSO: 14280 PH 2010-03-28 1509 LA5HPA        59  0765   AI4QY         59  090    0
QSO: 14280 PH 2010-03-28 1509 LA5HPA        59  0766   K5UA          59  1013   0
QSO: 14280 PH 2010-03-28 1510 LA5HPA        59  0767   KM2L          59  076    0
QSO: 14280 PH 2010-03-28 1510 LA5HPA        59  0768   YT4W          59  1814   0
QSO: 14280 PH 2010-03-28 1510 LA5HPA        59  0769   WT6G          59  315    0
QSO: 14280 PH 2010-03-28 1511 LA5HPA        59  0770   N9YZA         59  033    0
QSO: 14280 PH 2010-03-28 1511 LA5HPA        59  0771   VE4GF         59  188    0
QSO: 14280 PH 2010-03-28 1512 LA5HPA        59  0772   KM2O          59  797    0
QSO: 14280 PH 2010-03-28 1512 LA5HPA        59  0773   RA3AWO        59  1193   0
QSO: 14280 PH 2010-03-28 1512 LA5HPA        59  0774   AK6M          59  988    0
QSO: 14280 PH 2010-03-28 1513 LA5HPA        59  0775   WB4JFS        59  461    0
QSO: 14280 PH 2010-03-28 1513 LA5HPA        59  0776   K4IE          59  386    0
QSO: 14280 PH 2010-03-28 1513 LA5HPA        59  0777   AD7J          59  436    0
QSO: 14280 PH 2010-03-28 1513 LA5HPA        59  0778   N5AW          59  322    0
QSO: 14280 PH 2010-03-28 1514 LA5HPA        59  0779   N7TT          59  2049   0
QSO: 14280 PH 2010-03-28 1516 LA5HPA        59  0780   KC9AHH        59  1056   0
QSO: 14280 PH 2010-03-28 1517 LA5HPA        59  0781   WS9M/4        59  179    0
QSO: 14280 PH 2010-03-28 1517 LA5HPA        59  0782   UW5U          59  1314   0
QSO: 14280 PH 2010-03-28 1518 LA5HPA        59  0783   W7PU          59  641    0
QSO: 14280 PH 2010-03-28 1519 LA5HPA        59  0784   ND2T          59  760    0
QSO: 14280 PH 2010-03-28 1519 LA5HPA        59  0785   W7IJ          59  761    0
QSO: 14280 PH 2010-03-28 1519 LA5HPA        59  0786   W9OP          59  626    0
QSO: 14280 PH 2010-03-28 1520 LA5HPA        59  0787   S52WW         59  731    0
QSO: 14280 PH 2010-03-28 1521 LA5HPA        59  0788   IF9A          59  1534   0
QSO: 14280 PH 2010-03-28 1521 LA5HPA        59  0789   UA6LUQ        59  833    0
QSO: 14280 PH 2010-03-28 1521 LA5HPA        59  0790   KX7M          59  2491   0
QSO: 14280 PH 2010-03-28 1522 LA5HPA        59  0791   KV0K          59  2701   0
QSO: 14280 PH 2010-03-28 1522 LA5HPA        59  0792   9A4VM         59  098    0
QSO: 14280 PH 2010-03-28 1523 LA5HPA        59  0793   AE5MM         59  159    0
QSO: 14280 PH 2010-03-28 1524 LA5HPA        59  0794   W7OM          59  460    0
QSO: 14280 PH 2010-03-28 1524 LA5HPA        59  0795   UP4L          59  1446   0
QSO: 14280 PH 2010-03-28 1525 LA5HPA        59  0796   VE2FXL        59  604    0
QSO: 14280 PH 2010-03-28 1525 LA5HPA        59  0797   9A6KTB        59  497    0
QSO: 14280 PH 2010-03-28 1526 LA5HPA        59  0798   RW9TR         59  1450   0
QSO: 14280 PH 2010-03-28 1526 LA5HPA        59  0799   F4EZJ         59  496    0
QSO: 14280 PH 2010-03-28 1527 LA5HPA        59  0800   K5PI          59  776    0
QSO: 14280 PH 2010-03-28 1528 LA5HPA        59  0801   K6RIM         59  220    0
QSO: 14280 PH 2010-03-28 1528 LA5HPA        59  0802   YO5OAG        59  268    0
QSO: 14280 PH 2010-03-28 1529 LA5HPA        59  0803   N7NJO         59  147    0
QSO: 14280 PH 2010-03-28 1529 LA5HPA        59  0804   NM6G          59  618    0
QSO: 14280 PH 2010-03-28 1530 LA5HPA        59  0805   VC6R          59  2439   0
QSO: 14280 PH 2010-03-28 1530 LA5HPA        59  0806   WA2NLL        59  051    0
QSO: 14280 PH 2010-03-28 1531 LA5HPA        59  0807   K5AUP         59  451    0
QSO: 14280 PH 2010-03-28 1531 LA5HPA        59  0808   W9ROG         59  190    0
QSO: 14280 PH 2010-03-28 1533 LA5HPA        59  0809   BY8DX         59  1144   0
QSO: 14280 PH 2010-03-28 1534 LA5HPA        59  0810   NC4KW         59  487    0
QSO: 14280 PH 2010-03-28 1534 LA5HPA        59  0811   N2WN          59  477    0
QSO: 14280 PH 2010-03-28 1535 LA5HPA        59  0812   N7FLT         59  266    0
QSO: 14280 PH 2010-03-28 1535 LA5HPA        59  0813   KQ7W          59  1328   0
QSO: 14280 PH 2010-03-28 1536 LA5HPA        59  0814   WB9JNZ        59  058    0
QSO: 14280 PH 2010-03-28 1537 LA5HPA        59  0815   US2YW         59  047    0
QSO: 14280 PH 2010-03-28 1539 LA5HPA        59  0816   IZ5OQX        59  279    0
QSO: 14280 PH 2010-03-28 1540 LA5HPA        59  0817   YB1FWO        59  212    0
QSO: 14280 PH 2010-03-28 1540 LA5HPA        59  0818   K0KX          59  670    0
QSO: 14280 PH 2010-03-28 1541 LA5HPA        59  0819   W2AAB         59  030    0
QSO: 14280 PH 2010-03-28 1541 LA5HPA        59  0820   N7VF          59  524    0
QSO: 14280 PH 2010-03-28 1542 LA5HPA        59  0821   AK1N          59  162    0
QSO: 14280 PH 2010-03-28 1542 LA5HPA        59  0822   K2WOP         59  275    0
QSO: 14280 PH 2010-03-28 1543 LA5HPA        59  0823   N5VU          59  294    0
QSO: 14280 PH 2010-03-28 1543 LA5HPA        59  0824   NE0U          59  288    0
QSO: 14280 PH 2010-03-28 1543 LA5HPA        59  0825   N0ODK         59  577    0
QSO: 14280 PH 2010-03-28 1544 LA5HPA        59  0826   9A6K          59  261    0
QSO: 14280 PH 2010-03-28 1545 LA5HPA        59  0827   KB3NXT        59  067    0
QSO: 14280 PH 2010-03-28 1546 LA5HPA        59  0828   LA8NRA        59  129    0
QSO: 14280 PH 2010-03-28 1546 LA5HPA        59  0829   VE3TU         59  401    0
QSO: 14280 PH 2010-03-28 1547 LA5HPA        59  0830   W8OHM         59  075    0
QSO: 14280 PH 2010-03-28 1547 LA5HPA        59  0831   RA9MJ         59  433    0
QSO: 14280 PH 2010-03-28 1548 LA5HPA        59  0832   IR9Y          59  1735   0
QSO: 14280 PH 2010-03-28 1549 LA5HPA        59  0833   N6ED          59  360    0
QSO: 14280 PH 2010-03-28 1549 LA5HPA        59  0834   VX2AWR        59  237    0
QSO: 14280 PH 2010-03-28 1551 LA5HPA        59  0835   K7LAZ         59  480    0
QSO: 14280 PH 2010-03-28 1552 LA5HPA        59  0836   K4JRA         59  125    0
QSO: 14280 PH 2010-03-28 1552 LA5HPA        59  0837   KT6YL         59  177    0
QSO: 14280 PH 2010-03-28 1552 LA5HPA        59  0838   NZ4O          59  045    0
QSO: 14280 PH 2010-03-28 1553 LA5HPA        59  0839   W7DG          59  563    0
QSO: 14280 PH 2010-03-28 1553 LA5HPA        59  0840   UX7U          59  534    0
QSO: 14280 PH 2010-03-28 1554 LA5HPA        59  0841   W6AEA         59  671    0
QSO: 14280 PH 2010-03-28 1554 LA5HPA        59  0842   N6QQ          59  955    0
QSO: 14280 PH 2010-03-28 1554 LA5HPA        59  0843   KS3F          59  1160   0
QSO: 14280 PH 2010-03-28 1555 LA5HPA        59  0844   PA6V          59  1098   0
QSO: 14280 PH 2010-03-28 1555 LA5HPA        59  0845   WX7P          59  1426   0
QSO: 14280 PH 2010-03-28 1556 LA5HPA        59  0846   K3KO          59  201    0
QSO: 14280 PH 2010-03-28 1556 LA5HPA        59  0847   UN2E          59  930    0
QSO: 14280 PH 2010-03-28 1557 LA5HPA        59  0848   N1IBM         59  488    0
QSO: 14280 PH 2010-03-28 1557 LA5HPA        59  0849   UR5ETN        59  553    0
QSO: 14299 PH 2010-03-28 1604 LA5HPA        59  0850   OD5WPX        59  1054   0
QSO: 14306 PH 2010-03-28 1608 LA5HPA        59  0851   OL1X          59  1225   0
QSO: 14203 PH 2010-03-28 1611 LA5HPA        59  0852   UZ0U          59  520    0
END-OF-LOG:
