START-OF-LOG: 3.0
CREATED-BY: N3FJP's CQ WPX Contest Log 2.6
CONTEST: CQ-WPX-SSB
CALLSIGN: NO2J
CLAIMED-SCORE: 207264
OPERATORS: N2LID  NO2J
CLUB:
NAME: CHARLES WALTERS
SOAPBOX:
SOAPBOX:
SOAPBOX:
LOCATION: WNY
CATEGORY-OPERATOR: MULTI-OP
CATEGORY-TRANSMITTER: ONE
CATEGORY-BAND: ALL
CATEGORY-POWER: LOW
CATEGORY-ASSISTED: ASSISTED
CATEGORY-STATION: FIXED
QSO: 14000 PH 2010-03-27 0016 NO2J          59  001    NR5M          59  054
QSO: 14000 PH 2010-03-27 0020 NO2J          59  002    WF3C          59  065
QSO: 14000 PH 2010-03-27 0021 NO2J          59  003    AK6M          59  046
QSO: 14000 PH 2010-03-27 0023 NO2J          59  004    W2GGI         59  029
QSO: 14000 PH 2010-03-27 0027 NO2J          59  005    WC6H          59  035
QSO: 14000 PH 2010-03-27 0030 NO2J          59  006    ND2T          59  047
QSO: 14000 PH 2010-03-27 0032 NO2J          59  007    KG0F          59  083
QSO: 14000 PH 2010-03-27 0035 NO2J          59  008    NN5Z          59  025
QSO: 14000 PH 2010-03-27 0036 NO2J          59  009    KI7M          59  072
QSO: 14000 PH 2010-03-27 0038 NO2J          59  010    KK7OO         59  056
QSO: 14000 PH 2010-03-27 0040 NO2J          59  011    WA6KHK        59  055
QSO: 14000 PH 2010-03-27 0040 NO2J          59  012    KZ2V          59  085
QSO: 14000 PH 2010-03-27 0042 NO2J          59  013    K0RH          59  040
QSO: 14000 PH 2010-03-27 0044 NO2J          59  014    AD7J          59  037
QSO: 14000 PH 2010-03-27 0046 NO2J          59  015    WB2REM        59  074
QSO: 14000 PH 2010-03-27 0050 NO2J          59  016    K5NZ          59  102
QSO: 14000 PH 2010-03-27 0052 NO2J          59  017    N7TT          59  124
QSO: 14000 PH 2010-03-27 0057 NO2J          59  018    N8OO          59  184
QSO: 14000 PH 2010-03-27 0059 NO2J          59  019    VE5FX         59  087
QSO: 14000 PH 2010-03-27 0103 NO2J          59  020    KD0S          59  129
QSO: 14000 PH 2010-03-27 0107 NO2J          59  021    W7WA          59  202
QSO: 14000 PH 2010-03-27 0108 NO2J          59  022    NR6O          59  150
QSO: 14000 PH 2010-03-27 0109 NO2J          59  023    8P5A          59  378
QSO: 14000 PH 2010-03-27 0113 NO2J          59  024    P40V          59  233
QSO: 14000 PH 2010-03-27 0115 NO2J          59  025    KZ1W          59  104
QSO: 14000 PH 2010-03-27 0116 NO2J          59  026    K5TR          59  238
QSO: 14000 PH 2010-03-27 0119 NO2J          59  027    TG9IRP        59  275
QSO: 14000 PH 2010-03-27 0120 NO2J          59  028    XR3T          59  181
QSO: 14000 PH 2010-03-27 0122 NO2J          59  029    N4WZ          59  114
QSO: 14000 PH 2010-03-27 0123 NO2J          59  030    NE5LL         59  121
QSO: 14000 PH 2010-03-27 0128 NO2J          59  031    4M1F          59  105
QSO: 14000 PH 2010-03-27 0133 NO2J          59  032    WA7NB         59  011
QSO: 14000 PH 2010-03-27 0134 NO2J          59  033    KN5O          59  028
QSO: 14000 PH 2010-03-27 0136 NO2J          59  034    N6WK          59  139
QSO: 14000 PH 2010-03-27 0139 NO2J          59  035    WP2Z          59  334
QSO: 14000 PH 2010-03-27 0140 NO2J          59  036    VP50V         59  278
QSO: 14000 PH 2010-03-27 0142 NO2J          59  037    YW2LV         59  104
QSO: 14000 PH 2010-03-27 0145 NO2J          59  038    PY2NY         59  153
QSO: 14000 PH 2010-03-27 0147 NO2J          59  039    PQ5B          59  292
QSO: 14000 PH 2010-03-27 0151 NO2J          59  040    PR2B          59  272
QSO: 14000 PH 2010-03-27 0153 NO2J          59  041    PY5GA         59  247
QSO: 14000 PH 2010-03-27 0156 NO2J          59  042    PR7AR         59  043
QSO: 14000 PH 2010-03-27 0200 NO2J          59  043    KP3Z          59  469
QSO: 14000 PH 2010-03-27 0201 NO2J          59  044    W5WZ          59  209
QSO: 14000 PH 2010-03-27 0203 NO2J          59  045    WC5T          59  057
QSO: 14000 PH 2010-03-27 0205 NO2J          59  046    P49Y          59  295
QSO: 14000 PH 2010-03-27 0209 NO2J          59  047    P41M          59  357
QSO: 14000 PH 2010-03-27 0210 NO2J          59  048    ZY7C          59  273
QSO: 14000 PH 2010-03-27 0212 NO2J          59  049    PR5D          59  065
QSO: 14000 PH 2010-03-27 0213 NO2J          59  050    LP1H          59  374
QSO: 14000 PH 2010-03-27 0214 NO2J          59  051    AI5M          59  137
QSO: 14000 PH 2010-03-27 0228 NO2J          59  052    WH7V          59  536
QSO: 14000 PH 2010-03-27 0229 NO2J          59  053    KV0K          59  260
QSO: 14000 PH 2010-03-27 0235 NO2J          59  054    ZX2B          59  417
QSO: 14000 PH 2010-03-27 0244 NO2J          59  055    WS7X          59  165
QSO: 14000 PH 2010-03-27 0247 NO2J          59  056    W7EB          59  205
QSO: 14000 PH 2010-03-27 0252 NO2J          59  057    ZM3T          59  039
QSO: 14000 PH 2010-03-27 0256 NO2J          59  058    VA6BSH        59  186
QSO: 14000 PH 2010-03-27 0258 NO2J          59  059    HI3CC         59  186
QSO: 14000 PH 2010-03-27 0306 NO2J          59  060    VE6FI         59  161
QSO: 14000 PH 2010-03-27 0311 NO2J          59  061    NK7U          59  384
QSO: 14000 PH 2010-03-27 0314 NO2J          59  062    KH7XS         59  683
QSO: 14000 PH 2010-03-27 0315 NO2J          59  063    VC6R          59  413
QSO: 14000 PH 2010-03-27 0321 NO2J          59  064    HC8GR         59  617
QSO: 14000 PH 2010-03-27 0325 NO2J          59  065    PS2T          59  177
QSO: 14000 PH 2010-03-27 0327 NO2J          59  066    6V7M          59  449
QSO: 14000 PH 2010-03-27 0332 NO2J          59  067    W7RN          59  186
QSO: 14000 PH 2010-03-27 0340 NO2J          59  068    E51USA        59  279
QSO: 14000 PH 2010-03-27 0350 NO2J          59  069    WT6TT         59  082
QSO: 14000 PH 2010-03-27 0354 NO2J          59  070    PZ5RA         59  181
QSO: 14000 PH 2010-03-27 0358 NO2J          59  071    NH7A          59  564
QSO: 14000 PH 2010-03-27 0404 NO2J          59  072    CE4CT         59  224
QSO: 14000 PH 2010-03-27 0406 NO2J          59  073    PP1CZ         59  162
QSO: 14000 PH 2010-03-27 0412 NO2J          59  074    KK9A          59  529
QSO:  7000 PH 2010-03-27 0428 NO2J          59  075    5D5A          59  439
QSO:  7000 PH 2010-03-27 0437 NO2J          59  076    NX0X          59  495
QSO:  7000 PH 2010-03-27 0446 NO2J          59  077    NQ4I          59  384
QSO:  7000 PH 2010-03-27 0452 NO2J          59  078    OL4A          59  487
QSO:  7000 PH 2010-03-27 0456 NO2J          59  079    WC5T          59  146
QSO:  7000 PH 2010-03-27 0457 NO2J          59  080    W5WZ          59  467
QSO:  7000 PH 2010-03-27 0500 NO2J          59  081    WC6H          59  245
QSO:  7000 PH 2010-03-27 0502 NO2J          59  082    CR3A          59  462
QSO:  7000 PH 2010-03-27 0505 NO2J          59  083    KU8E          59  383
QSO:  7000 PH 2010-03-27 0506 NO2J          59  084    NR5M          59  800
QSO:  7000 PH 2010-03-27 0508 NO2J          59  085    OE3K          59  497
QSO:  7000 PH 2010-03-27 0510 NO2J          59  086    9A4D          59  442
QSO:  7000 PH 2010-03-27 0512 NO2J          59  087    PJ2T          59  446
QSO:  7000 PH 2010-03-27 0514 NO2J          59  088    WF3C          59  213
QSO:  7000 PH 2010-03-27 0516 NO2J          59  089    VX3CX         59  591
QSO:  7000 PH 2010-03-27 0519 NO2J          59  090    KZ9O          59  507
QSO:  7000 PH 2010-03-27 0520 NO2J          59  091    ND2T          59  238
QSO:  7000 PH 2010-03-27 0522 NO2J          59  092    N4NX          59  255
QSO:  7000 PH 2010-03-27 0524 NO2J          59  093    NX0I          59  189
QSO:  7000 PH 2010-03-27 0526 NO2J          59  094    KB0EPY        59  69
QSO:  7000 PH 2010-03-27 0528 NO2J          59  095    P49Y          59  515
QSO:  7000 PH 2010-03-27 0534 NO2J          59  096    KC0MO         59  380
QSO:  7000 PH 2010-03-27 0537 NO2J          59  097    VE6FI         59  467
QSO:  7000 PH 2010-03-27 0538 NO2J          59  098    VE7GL         59  517
QSO:  7000 PH 2010-03-27 0540 NO2J          59  099    WY0B          59  105
QSO:  7000 PH 2010-03-27 0542 NO2J          59  100    E7DX          59  730
QSO:  7000 PH 2010-03-27 0544 NO2J          59  101    K7RI          59  223
QSO:  7000 PH 2010-03-27 0550 NO2J          59  102    CQ8X          59  646
QSO:  7000 PH 2010-03-27 0552 NO2J          59  103    K0RH          59  488
QSO:  7000 PH 2010-03-27 0554 NO2J          59  104    K4BP          59  383
QSO:  7000 PH 2010-03-27 0558 NO2J          59  105    KL7RA         59  293
QSO:  7000 PH 2010-03-27 0601 NO2J          59  106    NK7U          59  142
QSO:  3500 PH 2010-03-27 0610 NO2J          59  107    K4BP          59  101
QSO:  3500 PH 2010-03-27 0623 NO2J          59  108    WY3P          59  740
QSO: 21000 PH 2010-03-27 1319 NO2J          59  109    EA7RU         59  389
QSO: 21000 PH 2010-03-27 1321 NO2J          59  110    YT9X          59  799
QSO: 21000 PH 2010-03-27 1326 NO2J          59  111    S53MM         59  494
QSO: 21000 PH 2010-03-27 1327 NO2J          59  112    IO5O          59  878
QSO: 21000 PH 2010-03-27 1328 NO2J          59  113    CR6K          59  754
QSO: 21000 PH 2010-03-27 1329 NO2J          59  114    IR2M          59  327
QSO: 21000 PH 2010-03-27 1330 NO2J          59  115    9A1P          59  538
QSO: 21000 PH 2010-03-27 1333 NO2J          59  116    WK5T          59  338
QSO: 21000 PH 2010-03-27 1334 NO2J          59  117    AI5M          59  392
QSO: 21000 PH 2010-03-27 1335 NO2J          59  118    EA3WD         59  647
QSO: 21000 PH 2010-03-27 1337 NO2J          59  119    NQ5K          59  166
QSO: 21000 PH 2010-03-27 1339 NO2J          59  120    WC5T          59  161
QSO: 21000 PH 2010-03-27 1340 NO2J          59  121    EE2W          59  692
QSO: 21000 PH 2010-03-27 1341 NO2J          59  122    IW2HAJ        59  333
QSO: 21000 PH 2010-03-27 1342 NO2J          59  123    K5NZ          59  201
QSO: 21000 PH 2010-03-27 1343 NO2J          59  124    NX5M          59  291
QSO: 21000 PH 2010-03-27 1345 NO2J          59  125    NR5M          59  1438
QSO: 21000 PH 2010-03-27 1346 NO2J          59  126    K5TR          59  1232
QSO: 21000 PH 2010-03-27 1352 NO2J          59  127    EC2DX         59  464
QSO: 21000 PH 2010-03-27 1354 NO2J          59  128    9A9A          59  369
QSO: 21000 PH 2010-03-27 1355 NO2J          59  129    OL0W          59  274
QSO: 21000 PH 2010-03-27 1356 NO2J          59  130    DL3TD         59  849
QSO: 21000 PH 2010-03-27 1357 NO2J          59  131    SN3R          59  1064
QSO: 21000 PH 2010-03-27 1359 NO2J          59  132    KZ5J          59  151
QSO: 21000 PH 2010-03-27 1401 NO2J          59  133    OE3K          59  1077
QSO: 21000 PH 2010-03-27 1401 NO2J          59  134    SO6X          59  314
QSO: 21000 PH 2010-03-27 1404 NO2J          59  135    OK1FPS        59  189
QSO: 21000 PH 2010-03-27 1406 NO2J          59  136    OM7M          59  1045
QSO: 21000 PH 2010-03-27 1409 NO2J          59  137    S50G          59  460
QSO: 21000 PH 2010-03-27 1410 NO2J          59  138    HG1S          59  378
QSO: 21000 PH 2010-03-27 1411 NO2J          59  139    NA5TR         59  193
QSO: 21000 PH 2010-03-27 1413 NO2J          59  140    OK4U          59  862
QSO: 21000 PH 2010-03-27 1415 NO2J          59  141    DQ8N          59  294
QSO: 21000 PH 2010-03-27 1416 NO2J          59  142    OL1X          59  331
QSO: 21000 PH 2010-03-27 1418 NO2J          59  143    OM0M          59  561
QSO: 21000 PH 2010-03-27 1420 NO2J          59  144    DJ3HJ         59  079
QSO: 21000 PH 2010-03-27 1421 NO2J          59  145    DP4W          59  175
QSO: 21000 PH 2010-03-27 1424 NO2J          59  146    E7DX          59  1253
QSO: 21000 PH 2010-03-27 1426 NO2J          59  147    SN2B          59  903
QSO: 21000 PH 2010-03-27 1427 NO2J          59  148    4O3A          59  1019
QSO: 21000 PH 2010-03-27 1431 NO2J          59  149    S50A          59  817
QSO: 21000 PH 2010-03-27 1433 NO2J          59  150    HA8JV         59  971
QSO: 21000 PH 2010-03-27 1434 NO2J          59  151    EA1FDI        59  418
QSO: 21000 PH 2010-03-27 1435 NO2J          59  152    SP9LJD        59  697
QSO: 21000 PH 2010-03-27 1437 NO2J          59  153    E73M          59  786
QSO: 21000 PH 2010-03-27 1437 NO2J          59  154    LY6A          59  1058
QSO: 21000 PH 2010-03-27 1441 NO2J          59  155    IN3TKF/4      59  294
QSO: 21000 PH 2010-03-27 1445 NO2J          59  156    IR4X          59  833
QSO: 21000 PH 2010-03-27 1449 NO2J          59  157    CT1JLZ        59  1444
QSO: 21000 PH 2010-03-27 1450 NO2J          59  158    OQ5M          59  155
QSO: 21000 PH 2010-03-27 1451 NO2J          59  159    F8KDX         59  227
QSO: 21000 PH 2010-03-27 1500 NO2J          59  160    VP50V         59  1081
QSO: 21000 PH 2010-03-27 1501 NO2J          59  161    TM3R          59  367
QSO: 21000 PH 2010-03-27 1504 NO2J          59  162    TM7F          59  772
QSO: 21000 PH 2010-03-27 1505 NO2J          59  163    DF9ZP         59  612
QSO: 21000 PH 2010-03-27 1509 NO2J          59  164    N7RQ          59  227
QSO: 21000 PH 2010-03-27 1513 NO2J          59  165    IR1K          59  222
QSO: 21000 PH 2010-03-27 1516 NO2J          59  166    IQ1RY         59  1257
QSO: 21000 PH 2010-03-27 1519 NO2J          59  167    KP3Z          59  1648
QSO: 21000 PH 2010-03-27 1523 NO2J          59  168    DL0WW         59  643
QSO: 21000 PH 2010-03-27 1531 NO2J          59  169    N8OO          59  1317
QSO: 21000 PH 2010-03-27 1534 NO2J          59  170    EA1EY         59  269
QSO: 21000 PH 2010-03-27 1540 NO2J          59  171    IO3J          59  696
QSO: 21000 PH 2010-03-27 1544 NO2J          59  172    NK7U          59  118
QSO: 21000 PH 2010-03-27 1547 NO2J          59  173    WA5ZUP        59  181
QSO: 21000 PH 2010-03-27 1550 NO2J          59  174    P41M          59  1234
QSO: 21000 PH 2010-03-27 1555 NO2J          59  175    ZX5J          59  1464
QSO: 21000 PH 2010-03-27 1556 NO2J          59  176    ED1R          59  1172
QSO: 14000 PH 2010-03-27 1605 NO2J          59  177    PI4COM        59  437
QSO: 14000 PH 2010-03-27 1606 NO2J          59  178    DJ9AO         59  166
QSO: 14000 PH 2010-03-27 1612 NO2J          59  179    DR1A          59  1247
QSO: 14000 PH 2010-03-27 1618 NO2J          59  180    RX3APM        59  996
QSO: 14000 PH 2010-03-27 1620 NO2J          59  181    RG3K          59  953
QSO: 14000 PH 2010-03-27 1624 NO2J          59  182    RT4F          59  2419
QSO: 14000 PH 2010-03-27 1625 NO2J          59  183    RT3F          59  2045
QSO: 14000 PH 2010-03-27 1629 NO2J          59  184    T77GO         59  1075
QSO: 14000 PH 2010-03-27 1633 NO2J          59  185    RZ3AXX        59  1250
QSO: 14000 PH 2010-03-27 1636 NO2J          59  186    RL3A          59  1171
QSO: 21000 PH 2010-03-27 1643 NO2J          59  187    F8CMF         59  90
QSO: 21000 PH 2010-03-27 1647 NO2J          59  188    KV0K          59  1367
QSO: 21000 PH 2010-03-27 1648 NO2J          59  189    F5BZB         59  142
QSO: 21000 PH 2010-03-27 1702 NO2J          59  190    ED5CJX        59  1075
QSO: 21000 PH 2010-03-27 1704 NO2J          59  191    ND2T          59  399
QSO: 21000 PH 2010-03-27 1707 NO2J          59  192    NX7TT         59  140
QSO: 14000 PH 2010-03-27 1722 NO2J          59  193    IR2C          59  687
QSO: 14000 PH 2010-03-27 1725 NO2J          59  194    HG4F          59  609
QSO: 14000 PH 2010-03-27 1727 NO2J          59  195    G2FM          59  469
QSO: 14000 PH 2010-03-27 1729 NO2J          59  196    UW2I          59  1593
QSO: 14000 PH 2010-03-27 1733 NO2J          59  197    OK4U          59  1184
QSO: 14000 PH 2010-03-27 1735 NO2J          59  198    IR4X          59  1147
QSO: 14000 PH 2010-03-27 1736 NO2J          59  199    SO8A          59  147
QSO: 14000 PH 2010-03-27 1738 NO2J          59  200    TM77M         59  1443
QSO: 14000 PH 2010-03-27 1742 NO2J          59  201    E7DX          59  1632
QSO: 14000 PH 2010-03-27 1744 NO2J          59  202    S55T          59  1096
QSO: 14000 PH 2010-03-27 1746 NO2J          59  203    M6T           59  513
QSO: 14000 PH 2010-03-27 1747 NO2J          59  204    SN2B          59  1236
QSO: 14000 PH 2010-03-27 1752 NO2J          59  205    DFL1ON        59  723
QSO: 14000 PH 2010-03-27 1754 NO2J          59  206    RN3QO         59  1235
QSO: 14000 PH 2010-03-27 1757 NO2J          59  207    OM8A          59  145
QSO: 14000 PH 2010-03-27 1759 NO2J          59  208    IR9Y          59  963
QSO: 14000 PH 2010-03-27 1802 NO2J          59  209    DQ8N          59  815
QSO: 14000 PH 2010-03-27 1804 NO2J          59  210    SP9LJD        59  986
QSO: 21000 PH 2010-03-27 1811 NO2J          59  211    NF7E          59  274
QSO: 21000 PH 2010-03-27 1813 NO2J          59  212    W7EB          59  839
QSO: 21000 PH 2010-03-27 1815 NO2J          59  213    KX7M          59  1400
QSO: 21000 PH 2010-03-27 1817 NO2J          59  214    KP2TM         59  901
QSO: 21000 PH 2010-03-27 1826 NO2J          59  215    KK7OO         59  323
QSO: 21000 PH 2010-03-27 1828 NO2J          59  216    NH6P          59  811
QSO: 21000 PH 2010-03-27 1829 NO2J          59  217    KM7TR         59  014
QSO: 21000 PH 2010-03-27 1830 NO2J          59  218    KZ7X          59  249
QSO: 21000 PH 2010-03-27 1833 NO2J          59  219    WQ7X          59  115
QSO: 21000 PH 2010-03-27 1835 NO2J          59  220    NR6O          59  676
QSO: 21000 PH 2010-03-27 1837 NO2J          59  221    WC6H          59  417
QSO: 21000 PH 2010-03-27 1838 NO2J          59  222    WZ7ZR         59  465
QSO: 21000 PH 2010-03-27 1841 NO2J          59  223    AD7YT         59  201
QSO: 21000 PH 2010-03-27 1847 NO2J          59  224    KH7XS         59  2253
QSO: 21000 PH 2010-03-27 1851 NO2J          59  225    NN7ZZ         59  257
QSO: 21000 PH 2010-03-27 1900 NO2J          59  226    HQ2T          59  715
QSO: 21000 PH 2010-03-27 1909 NO2J          59  227    EB8AH         59  1837
QSO: 21000 PH 2010-03-27 1910 NO2J          59  228    WA7LT         59  541
QSO: 21000 PH 2010-03-27 1915 NO2J          59  229    WP2Z          59  1752
QSO: 21000 PH 2010-03-27 1918 NO2J          59  230    K7JE          59  347
QSO: 21000 PH 2010-03-27 1921 NO2J          59  231    VE6FI         59  245
QSO: 21000 PH 2010-03-27 1922 NO2J          59  232    N5DO          59  287
QSO: 21000 PH 2010-03-27 1926 NO2J          59  233    VE5PV         59  185
QSO: 21000 PH 2010-03-27 1928 NO2J          59  234    4B1KK         59  433
QSO: 14000 PH 2010-03-27 1938 NO2J          59  235    YT4W          59  1276
QSO: 14000 PH 2010-03-27 1946 NO2J          59  236    P33W          59  1883
QSO: 14000 PH 2010-03-27 1949 NO2J          59  237    ED1R          59  1528
QSO: 14000 PH 2010-03-27 1955 NO2J          59  238    9A4D          59  767
QSO: 14000 PH 2010-03-27 1956 NO2J          59  239    LZ5R          59  1235
QSO: 14000 PH 2010-03-27 1957 NO2J          59  240    GI5K          59  240
QSO: 14000 PH 2010-03-27 2000 NO2J          59  241    CT1JLZ        59  2214
QSO: 14000 PH 2010-03-27 2004 NO2J          59  242    S52ZW         59  716
QSO: 14000 PH 2010-03-27 2018 NO2J          59  243    I8QLS         59  630
QSO: 14000 PH 2010-03-27 2020 NO2J          59  244    LY6A          59  1396
QSO: 14000 PH 2010-03-27 2022 NO2J          59  245    HA8JV         59  1612
QSO: 14000 PH 2010-03-27 2024 NO2J          59  246    SN7Q          59  1624
QSO: 14000 PH 2010-03-27 2025 NO2J          59  247    IO5O          59  1535
QSO: 14000 PH 2010-03-27 2026 NO2J          59  248    E74KC         59  106
QSO: 14000 PH 2010-03-27 2028 NO2J          59  249    PF5X          59  60
QSO: 14000 PH 2010-03-27 2029 NO2J          59  250    ON4UN         59  371
QSO: 14000 PH 2010-03-27 2033 NO2J          59  251    S50R          59  299
QSO: 14000 PH 2010-03-27 2034 NO2J          59  252    DP3D          59  1360
QSO: 14000 PH 2010-03-27 2038 NO2J          59  253    GW9T          59  1286
QSO: 14000 PH 2010-03-27 2041 NO2J          59  254    OF50RR        59  175
QSO: 14000 PH 2010-03-27 2049 NO2J          59  255    OL4A          59  1325
QSO: 14000 PH 2010-03-27 2051 NO2J          59  256    DK2OY         59  1143
QSO: 14000 PH 2010-03-27 2053 NO2J          59  257    HG1S          59  1370
QSO: 14000 PH 2010-03-27 2054 NO2J          59  258    OT5A          59  1002
QSO: 14000 PH 2010-03-27 2057 NO2J          59  259    EA3WD         59  710
QSO: 14000 PH 2010-03-27 2058 NO2J          59  260    G5O           59  477
QSO: 14000 PH 2010-03-27 2110 NO2J          59  261    TM1W          59  1491
QSO: 14000 PH 2010-03-27 2112 NO2J          59  262    K0PY          59  261
QSO: 14000 PH 2010-03-27 2114 NO2J          59  263    EI4GYB        59  557
QSO: 14000 PH 2010-03-27 2116 NO2J          59  264    YT7AW         59  1268
QSO: 14000 PH 2010-03-27 2119 NO2J          59  265    CQ3L          21  2129
QSO: 14000 PH 2010-03-27 2121 NO2J          59  266    EB8AH         59  1657
QSO: 14000 PH 2010-03-27 2122 NO2J          59  267    EE2W          59  1338
QSO: 14000 PH 2010-03-27 2124 NO2J          59  268    PI4TUE        59  1010
QSO: 14000 PH 2010-03-27 2128 NO2J          59  269    TM7F          59  1292
QSO: 14000 PH 2010-03-27 2131 NO2J          59  270    OE3K          59  2075
QSO:  7000 PH 2010-03-27 2142 NO2J          59  271    VE3OI         59  988
QSO:  7000 PH 2010-03-27 2149 NO2J          59  272    KD2RD         59  673
QSO:  7000 PH 2010-03-27 2156 NO2J          59  273    AB3CX         59  1072
QSO:  7000 PH 2010-03-27 2159 NO2J          59  274    PI4DX         59  700
QSO:  7000 PH 2010-03-27 2206 NO2J          59  275    K9CJ          59  237
QSO:  7000 PH 2010-03-27 2208 NO2J          59  276    K3MD          59  857
QSO:  7000 PH 2010-03-27 2209 NO2J          59  277    NE1C          59  777
QSO:  7000 PH 2010-03-27 2211 NO2J          59  278    KW3A          59  404
QSO:  7000 PH 2010-03-27 2213 NO2J          59  279    KM9M          59  127
QSO:  7000 PH 2010-03-27 2214 NO2J          59  280    NV1N          59  1019
QSO:  7000 PH 2010-03-27 2216 NO2J          59  281    K2DBK         59  188
QSO:  7000 PH 2010-03-27 2218 NO2J          59  282    OE6Z          59  386
QSO:  7000 PH 2010-03-27 2221 NO2J          59  283    DR1A          59  1793
QSO:  7000 PH 2010-03-27 2223 NO2J          59  284    K1LZ          59  829
QSO:  7000 PH 2010-03-27 2227 NO2J          59  285    WC2L          59  77
QSO: 14000 PH 2010-03-27 2236 NO2J          59  286    EA1ABT        59  255
QSO: 14000 PH 2010-03-27 2239 NO2J          59  287    CR6P          59  446
QSO: 14000 PH 2010-03-27 2241 NO2J          59  288    NX0X          59  1652
QSO: 14000 PH 2010-03-27 2243 NO2J          59  289    M8C           59  327
QSO: 14000 PH 2010-03-27 2251 NO2J          59  290    KG7C          59  114
QSO: 14000 PH 2010-03-27 2253 NO2J          59  291    OQ7T          59  1006
QSO: 14000 PH 2010-03-27 2254 NO2J          59  292    F8KDX         59  716
QSO: 14000 PH 2010-03-27 2255 NO2J          59  293    OT2A          59  1502
QSO: 14000 PH 2010-03-27 2257 NO2J          59  294    WD5K          59  479
QSO: 14000 PH 2010-03-27 2258 NO2J          59  295    W6AEA         59  455
QSO: 14000 PH 2010-03-27 2303 NO2J          59  296    GW7X          59  2302
QSO: 14000 PH 2010-03-27 2304 NO2J          59  297    KI4FIA        59  203
QSO: 14000 PH 2010-03-27 2308 NO2J          59  298    CU6AY         59  207
QSO: 21000 PH 2010-03-27 2315 NO2J          59  299    WS7X          59  817
QSO: 21000 PH 2010-03-27 2317 NO2J          59  300    HC8GR         59  1142
QSO: 21000 PH 2010-03-27 2320 NO2J          59  301    PT1A          59  1218
QSO: 21000 PH 2010-03-27 2322 NO2J          59  302    ZX2B          59  2103
QSO: 21000 PH 2010-03-27 2324 NO2J          59  303    CE4CT         59  1124
QSO: 21000 PH 2010-03-27 2329 NO2J          59  304    PY2MTV        59  1137
QSO: 21000 PH 2010-03-27 2331 NO2J          59  305    AY5F          59  1684
QSO: 21000 PH 2010-03-27 2333 NO2J          59  306    PY2ZR         59  423
QSO: 21000 PH 2010-03-27 2334 NO2J          59  307    PY2ZXU        59  1412
QSO: 21000 PH 2010-03-27 2336 NO2J          59  308    PY2TIM        59  642
QSO: 21000 PH 2010-03-27 2337 NO2J          59  309    PY2NY         59  846
QSO: 21000 PH 2010-03-27 2338 NO2J          59  310    PW2P          59  844
QSO: 21000 PH 2010-03-27 2341 NO2J          59  311    HH4/K4QD      59  226
QSO: 21000 PH 2010-03-27 2344 NO2J          59  312    PX2T          59  780
QSO: 21000 PH 2010-03-27 2345 NO2J          59  313    ZV2K          59  677
QSO: 21000 PH 2010-03-27 2347 NO2J          59  314    XR1A          59  732
QSO: 21000 PH 2010-03-27 2349 NO2J          59  315    LP2F          59  1808
QSO: 21000 PH 2010-03-27 2354 NO2J          59  316    LU3FLV        59  142
QSO: 21000 PH 2010-03-27 2358 NO2J          59  317    XR6T          59  198
QSO: 21000 PH 2010-03-28 0001 NO2J          59  318    CO6LC         59  312
QSO: 21000 PH 2010-03-28 0003 NO2J          59  319    LP1H          59  1806
QSO: 14000 PH 2010-03-28 0015 NO2J          59  320    W7TSQ         59  264
QSO: 14000 PH 2010-03-28 0020 NO2J          59  321    VX7CC         59  1615
QSO: 14000 PH 2010-03-28 0025 NO2J          59  322    VA7ST         59  621
QSO: 14000 PH 2010-03-28 0027 NO2J          59  323    WB0YYE        59  122
QSO: 14000 PH 2010-03-28 0029 NO2J          59  324    NX0I          59  608
QSO: 14000 PH 2010-03-28 0035 NO2J          59  325    VE7GL         59  1827
QSO: 14000 PH 2010-03-28 0040 NO2J          59  326    PY2MTV        59  1231
QSO: 14000 PH 2010-03-28 0041 NO2J          59  327    PJ2T          59  906
QSO: 14000 PH 2010-03-28 0046 NO2J          59  328    NX6T          59  760
QSO: 14000 PH 2010-03-28 0048 NO2J          59  329    WQ6X          59  743
QSO: 14000 PH 2010-03-28 0052 NO2J          59  330    VC7C          59  529
QSO: 14000 PH 2010-03-28 0054 NO2J          59  331    KC6X          59  792
QSO: 14000 PH 2010-03-28 0057 NO2J          59  332    W6TK          59  1051
QSO: 14000 PH 2010-03-28 0100 NO2J          59  333    WQ7X          59  375
QSO: 14000 PH 2010-03-28 0103 NO2J          59  334    TI8II         59  643
QSO: 14000 PH 2010-03-28 0105 NO2J          59  335    NC7M          59  890
QSO: 14000 PH 2010-03-28 0114 NO2J          59  336    WA6ST         59  284
QSO: 14000 PH 2010-03-28 0116 NO2J          59  337    N7EKD         59  719
QSO: 14000 PH 2010-03-28 0124 NO2J          59  338    K2PO          59  499
QSO: 14000 PH 2010-03-28 0125 NO2J          59  339    KV7DX         59  530
QSO: 14000 PH 2010-03-28 0129 NO2J          59  340    WN6K          59  209
QSO: 14000 PH 2010-03-28 0132 NO2J          59  341    N6MI          59  525
QSO: 14000 PH 2010-03-28 0134 NO2J          59  342    K5PI          59  538
QSO: 14000 PH 2010-03-28 0144 NO2J          59  343    AD5VJ         59  510
QSO: 14000 PH 2010-03-28 0152 NO2J          59  344    TO7A          59  2959
QSO: 14000 PH 2010-03-28 0155 NO2J          59  345    LT1F          59  2348
QSO: 14000 PH 2010-03-28 0159 NO2J          59  346    4M5IR         59  966
QSO: 21000 PH 2010-03-28 1619 NO2J          59  347    CN2R          59  4054
QSO: 21000 PH 2010-03-28 1627 NO2J          59  348    XE3N          59  128
QSO: 21000 PH 2010-03-28 1631 NO2J          59  349    CO7PH         59  612
QSO: 21000 PH 2010-03-28 1635 NO2J          59  350    P40V          59  4618
QSO: 21000 PH 2010-03-28 1637 NO2J          59  351    N6NF          59  317
QSO: 21000 PH 2010-03-28 1639 NO2J          59  352    EA5GS         59  401
END-OF-LOG:
