START-OF-LOG: 3.0
CALLSIGN: UA4CC
CLUB:
CONTEST: CQ-WPX-SSB
CLAIMED-SCORE: 288600
OPERATORS: UA4CC
NAME: Arkady Voloshin
CREATED-BY: N1MM Logger V10.3.3
LOCATION: DX
CATEGORY-OPERATOR: SINGLE-OP
CATEGORY-TRANSMITTER: ONE
CATEGORY-ASSISTED: ASSISTED
CATEGORY-BAND: ALL
CATEGORY-POWER: HIGH
CATEGORY-MODE: SSB
CATEGORY-STATION: FIXED
QSO: 28488 PH 2010-03-27 0552 UA4CC         59  0001   BA5DX         59  0063
QSO: 28488 PH 2010-03-27 0553 UA4CC         59  0002   E21YDP        59  0140
QSO: 28515 PH 2010-03-27 0557 UA4CC         59  0003   VK4KW         59  0262
QSO: 28455 PH 2010-03-27 0558 UA4CC         59  0004   BA7MY         59  0418
QSO: 28465 PH 2010-03-27 0559 UA4CC         59  0005   VR2C          59  0560
QSO: 28465 PH 2010-03-27 0559 UA4CC         59  0006   UW3E          59  0323
QSO: 28480 PH 2010-03-27 0601 UA4CC         59  0007   E20WXA        59  0175
QSO: 28494 PH 2010-03-27 0606 UA4CC         59  0008   BG5FFK        59  0020
QSO: 28494 PH 2010-03-27 0608 UA4CC         59  0009   UA0OD         59  0018
QSO: 28477 PH 2010-03-27 0609 UA4CC         59  0010   BY5CD         59  0372
QSO: 28485 PH 2010-03-27 0611 UA4CC         59  0011   BH7MLZ        59  0081
QSO: 21267 PH 2010-03-27 0614 UA4CC         59  0012   JL3VUL/3      59  0173
QSO: 21267 PH 2010-03-27 0615 UA4CC         59  0013   JE1QPW        59  0004
QSO: 21267 PH 2010-03-27 0615 UA4CC         59  0014   JA1GLE        59  0117
QSO: 21267 PH 2010-03-27 0616 UA4CC         59  0015   JA2VHO        59  0082
QSO: 21267 PH 2010-03-27 0616 UA4CC         59  0016   EY8AJ         59  0006
QSO: 21267 PH 2010-03-27 0616 UA4CC         59  0017   BG4AHD        59  0097
QSO: 21267 PH 2010-03-27 0617 UA4CC         59  0018   JH7RTQ        59  0151
QSO: 21267 PH 2010-03-27 0617 UA4CC         59  0019   JA1CTB        59  0066
QSO: 21267 PH 2010-03-27 0618 UA4CC         59  0020   JI4UEN/4      59  0047
QSO: 21267 PH 2010-03-27 0618 UA4CC         59  0021   JG0TCL        59  0013
QSO: 21267 PH 2010-03-27 0620 UA4CC         59  0022   JA8ECS        59  0210
QSO: 21267 PH 2010-03-27 0620 UA4CC         59  0023   JA7COI        59  0155
QSO: 21267 PH 2010-03-27 0621 UA4CC         59  0024   BA7IN         59  0197
QSO: 21267 PH 2010-03-27 0622 UA4CC         59  0025   JA4DC         59  0117
QSO: 21267 PH 2010-03-27 0622 UA4CC         59  0026   JL3MCM        59  0134
QSO: 21267 PH 2010-03-27 0623 UA4CC         59  0027   JJ2CJB        59  0118
QSO: 21267 PH 2010-03-27 0624 UA4CC         59  0028   RZ0AO         59  0013
QSO: 21267 PH 2010-03-27 0624 UA4CC         59  0029   EY7BJ         59  0043
QSO: 21267 PH 2010-03-27 0624 UA4CC         59  0030   JR4VEV        59  0155
QSO: 21267 PH 2010-03-27 0625 UA4CC         59  0031   JE3PDJ        59  0007
QSO: 21267 PH 2010-03-27 0625 UA4CC         59  0032   JR7YGK        59  0071
QSO: 21267 PH 2010-03-27 0626 UA4CC         59  0033   7K1PTO        59  0059
QSO: 21267 PH 2010-03-27 0628 UA4CC         59  0034   JA1WPX        59  0147
QSO: 21267 PH 2010-03-27 0628 UA4CC         59  0035   IU9A          59  0017
QSO: 21267 PH 2010-03-27 0628 UA4CC         59  0036   JF3SKW        59  0006
QSO: 21267 PH 2010-03-27 0630 UA4CC         59  0037   JH2FLY/1      59  0033
QSO: 21267 PH 2010-03-27 0630 UA4CC         59  0038   JL1RXW        59  0054
QSO: 21267 PH 2010-03-27 0630 UA4CC         59  0039   JJ3LLT        59  0030
QSO: 21267 PH 2010-03-27 0631 UA4CC         59  0040   JA2CUS        59  0143
QSO: 21267 PH 2010-03-27 0631 UA4CC         59  0041   JR1NKN        59  0075
QSO: 21267 PH 2010-03-27 0631 UA4CC         59  0042   UA9PC         59  0792
QSO: 21267 PH 2010-03-27 0632 UA4CC         59  0043   JA6DIJ        59  0108
QSO: 21267 PH 2010-03-27 0632 UA4CC         59  0044   JA2XCR        59  0147
QSO: 21267 PH 2010-03-27 0633 UA4CC         59  0045   HL4XM         59  0013
QSO: 21267 PH 2010-03-27 0633 UA4CC         59  0046   RA9JP         59  0159
QSO: 21267 PH 2010-03-27 0634 UA4CC         59  0047   JN7IIR        59  0021
QSO: 21267 PH 2010-03-27 0635 UA4CC         59  0048   JA1PJS        59  0074
QSO: 21267 PH 2010-03-27 0635 UA4CC         59  0049   JA3ETD        59  0072
QSO: 21267 PH 2010-03-27 0636 UA4CC         59  0050   JA2BMW        59  0056
QSO: 21267 PH 2010-03-27 0637 UA4CC         59  0051   EC2DX         59  0028
QSO: 21267 PH 2010-03-27 0637 UA4CC         59  0052   JA2KOG        59  0051
QSO: 21267 PH 2010-03-27 0638 UA4CC         59  0053   RA9YAI        59  0144
QSO: 21267 PH 2010-03-27 0638 UA4CC         59  0054   BA1SN         59  0158
QSO: 21267 PH 2010-03-27 0639 UA4CC         59  0055   JA6HPI        59  0039
QSO: 21267 PH 2010-03-27 0639 UA4CC         59  0056   JO3PXG        59  0004
QSO: 21267 PH 2010-03-27 0640 UA4CC         59  0057   RX0AW         59  0450
QSO: 21267 PH 2010-03-27 0640 UA4CC         59  0058   JA1EMQ        59  0065
QSO: 21267 PH 2010-03-27 0640 UA4CC         59  0059   JA7NYO        59  0037
QSO: 21267 PH 2010-03-27 0642 UA4CC         59  0060   JE4MHL        59  0119
QSO: 21267 PH 2010-03-27 0642 UA4CC         59  0061   JA1FIO/1      59  0075
QSO: 21267 PH 2010-03-27 0643 UA4CC         59  0062   JH7XGC        59  0017
QSO: 21267 PH 2010-03-27 0643 UA4CC         59  0063   JJ1ENZ        59  0050
QSO: 21267 PH 2010-03-27 0643 UA4CC         59  0064   JA1FRQ        59  0078
QSO: 21267 PH 2010-03-27 0644 UA4CC         59  0065   JH3JUB        59  0093
QSO: 21267 PH 2010-03-27 0644 UA4CC         59  0066   JA6KTY        59  0093
QSO: 21267 PH 2010-03-27 0644 UA4CC         59  0067   JP1PZE        59  0004
QSO: 21268 PH 2010-03-27 0646 UA4CC         59  0068   7K1CPT        59  0037
QSO: 21267 PH 2010-03-27 0646 UA4CC         59  0069   UK7F          59  0144
QSO: 21267 PH 2010-03-27 0647 UA4CC         59  0070   JA4IQK        59  0008
QSO: 21267 PH 2010-03-27 0648 UA4CC         59  0071   HS0ZCX        59  0116
QSO: 21267 PH 2010-03-27 0648 UA4CC         59  0072   JI1ANI        59  0011
QSO: 21267 PH 2010-03-27 0649 UA4CC         59  0073   JA0AXV        59  0230
QSO: 21267 PH 2010-03-27 0649 UA4CC         59  0074   7N2TNI        59  0043
QSO: 21267 PH 2010-03-27 0650 UA4CC         59  0075   F1SMV         59  0003
QSO: 21267 PH 2010-03-27 0650 UA4CC         59  0076   RA3DW         59  0243
QSO: 21267 PH 2010-03-27 0650 UA4CC         59  0077   RA9UIV/9      59  0039
QSO: 21267 PH 2010-03-27 0651 UA4CC         59  0078   UU7J          59  0159
QSO: 21267 PH 2010-03-27 0652 UA4CC         59  0079   7K1PTT        59  0054
QSO: 21267 PH 2010-03-27 0652 UA4CC         59  0080   JA2FUJ        59  0031
QSO: 21267 PH 2010-03-27 0653 UA4CC         59  0081   BH7MLY        59  0074
QSO: 21267 PH 2010-03-27 0654 UA4CC         59  0082   EE1E          59  0002
QSO: 21267 PH 2010-03-27 0654 UA4CC         59  0083   JO3DDD        59  0233
QSO: 21267 PH 2010-03-27 0655 UA4CC         59  0084   JS1PDC        59  0012
QSO: 21267 PH 2010-03-27 0656 UA4CC         59  0085   JA0BOV        59  0052
QSO: 21267 PH 2010-03-27 0656 UA4CC         59  0086   RA0AM         59  0023
QSO: 21267 PH 2010-03-27 0658 UA4CC         59  0087   ZL1BYZ        59  0180
QSO: 21267 PH 2010-03-27 0659 UA4CC         59  0088   JA2UZE        59  0012
QSO: 21267 PH 2010-03-27 0659 UA4CC         59  0089   JF3IYW        59  0127
QSO: 21267 PH 2010-03-27 0700 UA4CC         59  0090   JA1ZGP        59  0064
QSO: 21267 PH 2010-03-27 0701 UA4CC         59  0091   BD7MFB        59  0022
QSO: 21267 PH 2010-03-27 0701 UA4CC         59  0092   JA1BJI        59  0072
QSO: 21267 PH 2010-03-27 0702 UA4CC         59  0093   JA1ERB        59  0106
QSO: 21267 PH 2010-03-27 0705 UA4CC         59  0094   JA1MJN        59  0049
QSO: 21267 PH 2010-03-27 0706 UA4CC         59  0095   JG0EXP        59  0002
QSO: 21267 PH 2010-03-27 0707 UA4CC         59  0096   JH0NOS        59  0076
QSO: 21267 PH 2010-03-27 0707 UA4CC         59  0097   JA6EML        59  0097
QSO: 21267 PH 2010-03-27 0708 UA4CC         59  0098   JA7GUT        59  0019
QSO: 21267 PH 2010-03-27 0709 UA4CC         59  0099   BD1TCC        59  0251
QSO: 21267 PH 2010-03-27 0709 UA4CC         59  0100   EY7BA         59  0030
QSO: 21267 PH 2010-03-27 0710 UA4CC         59  0101   JA1NRF        59  0096
QSO: 21267 PH 2010-03-27 0711 UA4CC         59  0102   JE7ART        59  0018
QSO: 21267 PH 2010-03-27 0712 UA4CC         59  0103   JA4RMX        59  0015
QSO: 21267 PH 2010-03-27 0713 UA4CC         59  0104   JA3PCQ        59  0006
QSO: 21267 PH 2010-03-27 0713 UA4CC         59  0105   JG1FKT        59  0058
QSO: 21267 PH 2010-03-27 0714 UA4CC         59  0106   JH1OIV        59  0011
QSO: 21268 PH 2010-03-27 0811 UA4CC         59  0107   VK4KW         59  0528
QSO: 21273 PH 2010-03-27 0825 UA4CC         59  0108   DO1HGS        59  0010
QSO: 21273 PH 2010-03-27 0827 UA4CC         59  0109   IK8PLE        59  0138
QSO: 21273 PH 2010-03-27 0827 UA4CC         59  0110   IT9LED        59  0034
QSO: 21273 PH 2010-03-27 0828 UA4CC         59  0111   PA2DB         59  0011
QSO: 21273 PH 2010-03-27 0829 UA4CC         59  0112   ZS6BRZ        59  0063
QSO: 21273 PH 2010-03-27 0830 UA4CC         59  0113   RW0UM         59  0420
QSO: 21273 PH 2010-03-27 0830 UA4CC         59  0114   F6KRK         59  0081
QSO: 21273 PH 2010-03-27 0832 UA4CC         59  0115   DO1BEN        59  0004
QSO: 21273 PH 2010-03-27 0832 UA4CC         59  0116   HB9DHG        59  0018
QSO: 21273 PH 2010-03-27 0833 UA4CC         59  0117   F6DRP         59  0009
QSO: 21273 PH 2010-03-27 0841 UA4CC         59  0118   S53MM         59  0237
QSO: 21273 PH 2010-03-27 0842 UA4CC         59  0119   RA9JBA        59  0193
QSO: 21273 PH 2010-03-27 0842 UA4CC         59  0120   IZ2LQD        59  0036
QSO: 21303 PH 2010-03-27 0846 UA4CC         59  0121   MM0DXH        59  0038
QSO: 21303 PH 2010-03-27 0847 UA4CC         59  0122   M0SUF         59  0007
QSO: 21303 PH 2010-03-27 0847 UA4CC         59  0123   G0UJA         59  0058
QSO: 21303 PH 2010-03-27 0847 UA4CC         59  0124   ED5D          59  0043
QSO: 21303 PH 2010-03-27 0849 UA4CC         59  0125   GW4OH         59  0031
QSO: 21303 PH 2010-03-27 0855 UA4CC         59  0126   GM0NBM        59  0017
QSO: 21303 PH 2010-03-27 0856 UA4CC         59  0127   MM0VTV        59  0046
QSO: 21303 PH 2010-03-27 0856 UA4CC         59  0128   ON3EA         59  0011
QSO: 21303 PH 2010-03-27 0857 UA4CC         59  0129   OQ4B          59  0099
QSO: 21303 PH 2010-03-27 0906 UA4CC         59  0130   ON60RN        59  0050
QSO: 21303 PH 2010-03-27 0907 UA4CC         59  0131   TM5W          59  0447
QSO: 21303 PH 2010-03-27 0907 UA4CC         59  0132   F4FFH         59  0023
QSO: 21303 PH 2010-03-27 0907 UA4CC         59  0133   ON8UK         59  0010
QSO: 21303 PH 2010-03-27 0908 UA4CC         59  0134   IW1QEA/P      59  0027
QSO: 21303 PH 2010-03-27 0909 UA4CC         59  0135   EA4FSL        59  0029
QSO: 21303 PH 2010-03-27 0910 UA4CC         59  0136   MI0M          59  0180
QSO: 21303 PH 2010-03-27 0910 UA4CC         59  0137   OQ7T          59  0239
QSO: 21303 PH 2010-03-27 0911 UA4CC         59  0138   MW0AUG        59  0005
QSO: 21303 PH 2010-03-27 0917 UA4CC         59  0139   IZ8LKL        59  0027
QSO: 21303 PH 2010-03-27 0917 UA4CC         59  0140   PA3FOE        59  0045
QSO: 21303 PH 2010-03-27 0918 UA4CC         59  0141   M0CKX         59  0055
QSO: 21303 PH 2010-03-27 0918 UA4CC         59  0142   DF2AJ         59  0202
QSO: 21303 PH 2010-03-27 0921 UA4CC         59  0143   DR2P          59  0054
QSO: 21303 PH 2010-03-27 0921 UA4CC         59  0144   M0DXR         59  0010
QSO: 21303 PH 2010-03-27 0927 UA4CC         59  0145   EA4EER        59  0102
QSO: 21303 PH 2010-03-27 0927 UA4CC         59  0146   F1RHS         59  0023
QSO: 21350 PH 2010-03-27 1106 UA4CC         59  0147   EI4GK         59  0004
QSO: 21350 PH 2010-03-27 1107 UA4CC         59  0148   IK5YJK        59  0029
QSO: 21350 PH 2010-03-27 1108 UA4CC         59  0149   DF1IAQ        59  0068
QSO: 21350 PH 2010-03-27 1108 UA4CC         59  0150   GW8NBI        59  0141
QSO: 21350 PH 2010-03-27 1109 UA4CC         59  0151   RW0AA         59  0086
QSO: 21350 PH 2010-03-27 1109 UA4CC         59  0152   UX8MAT        59  0243
QSO: 21350 PH 2010-03-27 1109 UA4CC         59  0153   F4FKJ         59  0064
QSO: 21350 PH 2010-03-27 1110 UA4CC         59  0154   G4DDL         59  0030
QSO: 21350 PH 2010-03-27 1117 UA4CC         59  0155   G4VMX         59  0027
QSO: 21350 PH 2010-03-27 1117 UA4CC         59  0156   EA3KA         59  0007
QSO: 21350 PH 2010-03-27 1122 UA4CC         59  0157   M6MRH         59  0015
QSO: 21350 PH 2010-03-27 1123 UA4CC         59  0158   F4EEX         59  0100
QSO: 21350 PH 2010-03-27 1124 UA4CC         59  0159   G1EFP         59  0012
QSO: 21350 PH 2010-03-27 1124 UA4CC         59  0160   IW2HAJ        59  0153
QSO: 21350 PH 2010-03-27 1124 UA4CC         59  0161   G1MIE         59  0012
QSO: 21350 PH 2010-03-27 1125 UA4CC         59  0162   IW1RHR        59  0044
QSO: 21350 PH 2010-03-27 1125 UA4CC         59  0163   EI7CC         59  0048
QSO: 21350 PH 2010-03-27 1127 UA4CC         59  0164   IQ0FR         59  0059
QSO: 21350 PH 2010-03-27 1129 UA4CC         59  0165   MU0GSY        59  0044
QSO: 21350 PH 2010-03-27 1129 UA4CC         59  0166   F5PQH         59  0004
QSO: 21350 PH 2010-03-27 1131 UA4CC         59  0167   RA3ZZ         59  0248
QSO: 21350 PH 2010-03-27 1132 UA4CC         59  0168   MI5JYK        59  0066
QSO: 21350 PH 2010-03-27 1134 UA4CC         59  0169   OO4O          59  0176
QSO: 21350 PH 2010-03-27 1134 UA4CC         59  0170   G4ZCS         59  0008
QSO: 21350 PH 2010-03-27 1136 UA4CC         59  0171   IQ9NI         59  0475
QSO: 21350 PH 2010-03-27 1136 UA4CC         59  0172   IR9Z          59  0161
QSO: 21350 PH 2010-03-27 1137 UA4CC         59  0173   M1HOG         59  0019
QSO: 21350 PH 2010-03-27 1137 UA4CC         59  0174   OY9R          59  0009
QSO: 21350 PH 2010-03-27 1139 UA4CC         59  0175   G3JFS         59  0017
QSO: 21350 PH 2010-03-27 1142 UA4CC         59  0176   EI2GLB        59  0037
QSO: 21350 PH 2010-03-27 1150 UA4CC         59  0177   IT9COR        59  0172
QSO: 21372 PH 2010-03-27 1157 UA4CC         59  0178   PY2SEX        59  0141
QSO: 21363 PH 2010-03-27 1200 UA4CC         59  0179   ST2AR         59  1198
QSO: 21392 PH 2010-03-27 1200 UA4CC         59  0180   6W2SC         59  0440
QSO: 21420 PH 2010-03-27 1201 UA4CC         59  0181   ZX2B          59  0964
QSO: 21400 PH 2010-03-27 1202 UA4CC         59  0182   LW1DTZ        59  0177
QSO: 21395 PH 2010-03-27 1202 UA4CC         59  0183   PT1A          59  0331
QSO: 21310 PH 2010-03-27 1203 UA4CC         59  0184   ZY7C          59  0419
QSO: 21330 PH 2010-03-27 1211 UA4CC         59  0185   WP2X          59  1127
QSO: 21177 PH 2010-03-27 1224 UA4CC         59  0186   VP50V         59  0737
QSO: 21250 PH 2010-03-27 1225 UA4CC         59  0187   ZX5J          59  1010
QSO: 21266 PH 2010-03-27 1226 UA4CC         59  0188   HI3TEJ        59  0461
QSO: 21262 PH 2010-03-27 1228 UA4CC         59  0189   PJ2T          59  0119
QSO: 21268 PH 2010-03-27 1407 UA4CC         59  0190   CN2R          59  1464
QSO: 21340 PH 2010-03-27 1411 UA4CC         59  0191   LU3DR         59  0020
QSO: 21340 PH 2010-03-27 1412 UA4CC         59  0192   PY2XTA        59  0025
QSO: 21340 PH 2010-03-27 1413 UA4CC         59  0193   F5LIW         59  0251
QSO: 14263 PH 2010-03-27 1612 UA4CC         59  0194   YO8SSB        59  0254
QSO: 14263 PH 2010-03-27 1613 UA4CC         59  0195   YT2SMS        59  0073
QSO: 14263 PH 2010-03-27 1614 UA4CC         59  0196   HA8DT         59  0008
QSO: 14263 PH 2010-03-27 1614 UA4CC         59  0197   DL0P          59  0439
QSO: 14263 PH 2010-03-27 1615 UA4CC         59  0198   SP6CCI        59  0038
QSO: 14263 PH 2010-03-27 1615 UA4CC         59  0199   RV4CO         59  0061
QSO: 14263 PH 2010-03-27 1616 UA4CC         59  0200   LZ7H          59  0207
QSO: 14263 PH 2010-03-27 1617 UA4CC         59  0201   YO3YB         59  0013
QSO: 14263 PH 2010-03-27 1617 UA4CC         59  0202   SP8CGU        59  0161
QSO: 14263 PH 2010-03-27 1617 UA4CC         59  0203   SP6IEQ        59  0037
QSO: 14263 PH 2010-03-27 1618 UA4CC         59  0204   SQ2HRJ        59  0092
QSO: 14263 PH 2010-03-27 1618 UA4CC         59  0205   YO6KNY        59  0144
QSO: 14263 PH 2010-03-27 1619 UA4CC         59  0206   SP1QXK        59  0059
QSO: 14263 PH 2010-03-27 1619 UA4CC         59  0207   DL9LM         59  0167
QSO: 14339 PH 2010-03-27 1622 UA4CC         59  0208   SP9JZT        59  0292
QSO: 14339 PH 2010-03-27 1623 UA4CC         59  0209   DG3LCH        59  0312
QSO: 14339 PH 2010-03-27 1623 UA4CC         59  0210   ZC4T          59  1039
QSO: 14339 PH 2010-03-27 1624 UA4CC         59  0211   YO9GVN        59  0032
QSO: 14339 PH 2010-03-27 1624 UA4CC         59  0212   S57U          59  0207
QSO: 14339 PH 2010-03-27 1624 UA4CC         59  0213   SP3DRM        59  0085
QSO: 14339 PH 2010-03-27 1625 UA4CC         59  0214   HA6PJ         59  0044
QSO: 14339 PH 2010-03-27 1625 UA4CC         59  0215   LZ2FQ         59  0369
QSO: 14339 PH 2010-03-27 1625 UA4CC         59  0216   HA6VB         59  0126
QSO: 14339 PH 2010-03-27 1626 UA4CC         59  0217   YO5OAG        59  0176
QSO: 14339 PH 2010-03-27 1626 UA4CC         59  0218   JR8OXT        59  0425
QSO: 14339 PH 2010-03-27 1627 UA4CC         59  0219   OE6MDF        59  0386
QSO: 14338 PH 2010-03-27 1629 UA4CC         59  0220   OZ5GX         59  0173
QSO: 14338 PH 2010-03-27 1631 UA4CC         59  0221   3V8SS         59  0560
QSO: 14338 PH 2010-03-27 1631 UA4CC         59  0222   DL2DQL        59  0089
QSO: 14338 PH 2010-03-27 1633 UA4CC         59  0223   SM0HBV        59  0053
QSO: 14338 PH 2010-03-27 1633 UA4CC         59  0224   SM6BGG        59  0430
QSO: 14338 PH 2010-03-27 1634 UA4CC         59  0225   EA1JO         59  0155
QSO: 14338 PH 2010-03-27 1634 UA4CC         59  0226   OK2SWD        59  0048
QSO: 14338 PH 2010-03-27 1635 UA4CC         59  0227   OK2KR         59  0245
QSO: 14338 PH 2010-03-27 1635 UA4CC         59  0228   SM0R          59  0277
QSO: 14338 PH 2010-03-27 1636 UA4CC         59  0229   YO7CWP        59  0126
QSO: 14338 PH 2010-03-27 1636 UA4CC         59  0230   5P0O          59  0234
QSO: 14338 PH 2010-03-27 1636 UA4CC         59  0231   RX0AW         59  0785
QSO: 14338 PH 2010-03-27 1637 UA4CC         59  0232   PA4PS         59  0072
QSO: 14338 PH 2010-03-27 1637 UA4CC         59  0233   YT9C          59  0588
QSO: 14338 PH 2010-03-27 1638 UA4CC         59  0234   PA0JNH        59  0281
QSO: 14338 PH 2010-03-27 1639 UA4CC         59  0235   OZ2AR         59  0567
QSO: 14338 PH 2010-03-27 1639 UA4CC         59  0236   IZ2FOS        59  0944
QSO: 14338 PH 2010-03-27 1640 UA4CC         59  0237   SQ1BHH        59  0093
QSO: 14338 PH 2010-03-27 1641 UA4CC         59  0238   LA2GN         59  0027
QSO: 14338 PH 2010-03-27 1642 UA4CC         59  0239   DL9SEV        59  0195
QSO: 14338 PH 2010-03-27 1642 UA4CC         59  0240   LA2HFA        59  0148
QSO: 14338 PH 2010-03-27 1642 UA4CC         59  0241   SP1TMB        59  0001
QSO: 14338 PH 2010-03-27 1643 UA4CC         59  0242   SP6JIR        59  0196
QSO: 14338 PH 2010-03-27 1644 UA4CC         59  0243   EA3APS        59  0057
QSO: 14338 PH 2010-03-27 1644 UA4CC         59  0244   OM3TB         59  0089
QSO: 14338 PH 2010-03-27 1645 UA4CC         59  0245   IZ8HUJ        59  0292
QSO: 14338 PH 2010-03-27 1646 UA4CC         59  0246   EH2R          59  0257
QSO: 14338 PH 2010-03-27 1646 UA4CC         59  0247   OK1MKD        59  0066
QSO: 14338 PH 2010-03-27 1647 UA4CC         59  0248   OK2SGY        59  0189
QSO: 14338 PH 2010-03-27 1647 UA4CC         59  0249   PE4BAS        59  0053
QSO: 14338 PH 2010-03-27 1647 UA4CC         59  0250   DM3KXL        59  0102
QSO: 14338 PH 2010-03-27 1648 UA4CC         59  0251   SV1DPI        59  0001
QSO: 14338 PH 2010-03-27 1649 UA4CC         59  0252   F2AR          59  0056
QSO: 14338 PH 2010-03-27 1650 UA4CC         59  0253   EA3BJM        59  0044
QSO: 14338 PH 2010-03-27 1651 UA4CC         59  0254   DG1IU         59  0074
QSO: 14338 PH 2010-03-27 1651 UA4CC         59  0255   EA1RKA        59  0082
QSO: 14338 PH 2010-03-27 1652 UA4CC         59  0256   SM7GIB        59  0125
QSO: 14338 PH 2010-03-27 1652 UA4CC         59  0257   EA1DKV        59  0195
QSO: 14338 PH 2010-03-27 1653 UA4CC         59  0258   PE2KP         59  0172
QSO:  7118 PH 2010-03-27 1901 UA4CC         59  0259   S51D          59  0326
QSO:  7125 PH 2010-03-27 1901 UA4CC         59  0260   UU7J          59  0850
QSO:  7130 PH 2010-03-27 1902 UA4CC         59  0261   IU1CC         59  0101
QSO:  7130 PH 2010-03-27 1903 UA4CC         59  0262   UR7EQ         59  0362
QSO:  7130 PH 2010-03-27 1904 UA4CC         59  0263   UA9BA         59  0445
QSO:  7130 PH 2010-03-27 1905 UA4CC         59  0264   SP9EML        59  0083
QSO:  7130 PH 2010-03-27 1906 UA4CC         59  0265   YU1KN         59  0168
QSO:  7130 PH 2010-03-27 1907 UA4CC         59  0266   UU5JFP        59  0380
QSO:  7130 PH 2010-03-27 1909 UA4CC         59  0267   UA9QQ         59  0161
QSO:  7130 PH 2010-03-27 1910 UA4CC         59  0268   ES5MG         59  0279
QSO:  7130 PH 2010-03-27 1911 UA4CC         59  0269   DL4ZA         59  0041
QSO:  3783 PH 2010-03-27 1915 UA4CC         59  0270   UA1CUR        59  0446
QSO:  3783 PH 2010-03-27 1916 UA4CC         59  0271   UT3UZ         59  0370
QSO:  3783 PH 2010-03-27 1916 UA4CC         59  0272   UA9BA         59  0452
QSO:  3783 PH 2010-03-27 1917 UA4CC         59  0273   UA4NC         59  0245
QSO:  3783 PH 2010-03-27 1917 UA4CC         59  0274   LY5W          59  0518
QSO:  3783 PH 2010-03-27 1918 UA4CC         59  0275   UT3L          59  0183
QSO:  3783 PH 2010-03-27 1918 UA4CC         59  0276   LY1G          59  0196
QSO:  3783 PH 2010-03-27 1920 UA4CC         59  0277   RN9CM         59  0708
QSO:  1877 PH 2010-03-27 1923 UA4CC         59  0278   UA6UDV        59  0948
QSO:  1877 PH 2010-03-27 1924 UA4CC         59  0279   UA6AIW        59  0129
QSO:  1877 PH 2010-03-27 1924 UA4CC         59  0280   RC3W          59  0704
QSO:  1845 PH 2010-03-27 1925 UA4CC         59  0281   OT5A          59  0313
QSO:  1847 PH 2010-03-27 1926 UA4CC         59  0282   RW2F          59  0342
QSO:  1853 PH 2010-03-27 1928 UA4CC         59  0283   ON7WP         59  0009
QSO:  1853 PH 2010-03-27 1928 UA4CC         59  0284   ER2RM         59  0036
QSO:  1853 PH 2010-03-27 1928 UA4CC         59  0285   UP9L          59  1252
QSO:  1853 PH 2010-03-27 1929 UA4CC         59  0286   S57M          59  0288
QSO:  1853 PH 2010-03-27 1929 UA4CC         59  0287   RN9CM         59  0712
QSO:  1853 PH 2010-03-27 1930 UA4CC         59  0288   US0YG         59  0013
QSO:  1853 PH 2010-03-27 1931 UA4CC         59  0289   UA9PC         59  2074
QSO:  1853 PH 2010-03-27 1932 UA4CC         59  0290   UT4EK         59  0126
QSO:  1853 PH 2010-03-27 1932 UA4CC         59  0291   RA1TV         59  0053
QSO:  3793 PH 2010-03-27 1937 UA4CC         59  0292   YL3FT         59  0513
QSO:  3800 PH 2010-03-27 1939 UA4CC         59  0293   9A5Y          59  0837
QSO:  3780 PH 2010-03-27 1941 UA4CC         59  0294   LZ9W          59  0584
QSO:  3772 PH 2010-03-27 1943 UA4CC         59  0295   RN4HAB        59  0241
QSO:  3767 PH 2010-03-27 1945 UA4CC         59  0296   UA9PC         59  2097
QSO:  3736 PH 2010-03-27 1947 UA4CC         59  0297   EM0X          59  0679
QSO:  3733 PH 2010-03-27 1947 UA4CC         59  0298   RC3W          59  0732
QSO:  3725 PH 2010-03-27 1949 UA4CC         59  0299   PI4AMF        59  0282
QSO:  3722 PH 2010-03-27 1950 UA4CC         59  0300   UX3HA         59  0111
QSO:  3717 PH 2010-03-27 1950 UA4CC         59  0301   H2T           59  0470
QSO:  3786 PH 2010-03-27 1951 UA4CC         59  0302   RV4HV         59  0068
QSO:  3786 PH 2010-03-27 1951 UA4CC         59  0303   RN4SN         59  0092
QSO:  3786 PH 2010-03-27 1952 UA4CC         59  0304   UA3LHL        59  0144
QSO:  3786 PH 2010-03-27 1953 UA4CC         59  0305   LZ2SX         59  0261
QSO:  3786 PH 2010-03-27 2001 UA4CC         59  0306   UA1AA         59  0011
QSO: 28510 PH 2010-03-28 0528 UA4CC         59  0307   BX0WPX        59  0026
QSO: 28515 PH 2010-03-28 0528 UA4CC         59  0308   3W1M          59  0006
QSO: 28475 PH 2010-03-28 0533 UA4CC         59  0309   WH0/WH7ZJ     59  0501
QSO: 28472 PH 2010-03-28 0535 UA4CC         59  0310   KG6DX         59  1309
QSO: 28467 PH 2010-03-28 0537 UA4CC         59  0311   BX6AP         59  0605
QSO: 28479 PH 2010-03-28 0537 UA4CC         59  0312   KH0UA         59  1486
QSO: 28440 PH 2010-03-28 0540 UA4CC         59  0313   VR2ZQZ/P      59  0252
QSO: 28450 PH 2010-03-28 0541 UA4CC         59  0314   JA6WJL        59  0170
QSO: 28455 PH 2010-03-28 0542 UA4CC         59  0315   BA7IO         59  0189
QSO: 28465 PH 2010-03-28 0544 UA4CC         59  0316   HS0ZIN        59  0132
QSO: 28486 PH 2010-03-28 0546 UA4CC         59  0317   VR2YYW        59  1052
QSO: 28495 PH 2010-03-28 0553 UA4CC         59  0318   BA7JS         59  0129
QSO: 28519 PH 2010-03-28 0601 UA4CC         59  0319   JA5MXP        59  0022
QSO: 28513 PH 2010-03-28 0602 UA4CC         59  0320   RX3APM        59  1615
QSO: 28522 PH 2010-03-28 0603 UA4CC         59  0321   RT4F          59  3797
QSO: 28522 PH 2010-03-28 0610 UA4CC         59  0322   JA6DIJ        59  0332
QSO: 28522 PH 2010-03-28 0610 UA4CC         59  0323   RV4CT         59  0039
QSO: 28522 PH 2010-03-28 0612 UA4CC         59  0324   JH6DSR        59  0018
QSO: 28522 PH 2010-03-28 0613 UA4CC         59  0325   JA6JNF        59  0261
QSO: 28490 PH 2010-03-28 0619 UA4CC         59  0326   KH2JU         59  0968
QSO: 28520 PH 2010-03-28 0621 UA4CC         59  0327   XX9LT         59  0356
QSO: 28437 PH 2010-03-28 0624 UA4CC         59  0328   JA6BGA        59  0046
QSO: 28444 PH 2010-03-28 0625 UA4CC         59  0329   BA4SD         59  0181
QSO: 28493 PH 2010-03-28 0708 UA4CC         59  0330   RZ0AF         59  0167
QSO: 21204 PH 2010-03-28 0713 UA4CC         59  0331   IZ5OQX        59  0184
QSO: 21204 PH 2010-03-28 0713 UA4CC         59  0332   JA6WFM        59  0358
QSO: 21204 PH 2010-03-28 0714 UA4CC         59  0333   DL0ER         59  0111
QSO: 21204 PH 2010-03-28 0715 UA4CC         59  0334   PA1TX         59  0356
QSO: 21204 PH 2010-03-28 0715 UA4CC         59  0335   OO7W          59  0481
QSO: 21204 PH 2010-03-28 0715 UA4CC         59  0336   EB8AH         59  2145
QSO: 21204 PH 2010-03-28 0717 UA4CC         59  0337   DP4W          59  0282
QSO: 21204 PH 2010-03-28 0718 UA4CC         59  0338   UA0CNX        59  0445
QSO: 21204 PH 2010-03-28 0718 UA4CC         59  0339   JE1GWO        59  0106
QSO: 21204 PH 2010-03-28 0718 UA4CC         59  0340   JH5IRT        59  0048
QSO: 21204 PH 2010-03-28 0719 UA4CC         59  0341   JN1NDY        59  0813
QSO: 21204 PH 2010-03-28 0720 UA4CC         59  0342   DO7SWN        59  0011
QSO: 21204 PH 2010-03-28 0720 UA4CC         59  0343   OK7CM         59  0512
QSO: 21204 PH 2010-03-28 0721 UA4CC         59  0344   DL2IAN        59  0497
QSO: 21204 PH 2010-03-28 0721 UA4CC         59  0345   JE1REU        59  0197
QSO: 21204 PH 2010-03-28 0722 UA4CC         59  0346   OK1AHV        59  0045
QSO: 21204 PH 2010-03-28 0722 UA4CC         59  0347   OE6MDF        59  0692
QSO: 21204 PH 2010-03-28 0723 UA4CC         59  0348   BY8DX         59  0851
QSO: 21204 PH 2010-03-28 0723 UA4CC         59  0349   OZ1KVM        59  0250
QSO: 21204 PH 2010-03-28 0723 UA4CC         59  0350   JF2OZH        59  0151
QSO: 21204 PH 2010-03-28 0724 UA4CC         59  0351   OK2ABU        59  0075
QSO: 21204 PH 2010-03-28 0725 UA4CC         59  0352   DH0GDS        59  0125
QSO: 21204 PH 2010-03-28 0726 UA4CC         59  0353   DL6QW         59  0078
QSO: 21204 PH 2010-03-28 0726 UA4CC         59  0354   JH1EEB        59  0032
QSO: 21204 PH 2010-03-28 0726 UA4CC         59  0355   F5JY          59  0258
QSO: 21204 PH 2010-03-28 0727 UA4CC         59  0356   RA9MC         59  0281
QSO: 21204 PH 2010-03-28 0727 UA4CC         59  0357   JH1FNU        59  0010
QSO: 21204 PH 2010-03-28 0727 UA4CC         59  0358   G2W           59  1181
QSO: 21204 PH 2010-03-28 0728 UA4CC         59  0359   4O3RR         59  0126
QSO: 21204 PH 2010-03-28 0728 UA4CC         59  0360   EY8BJ         59  0049
QSO: 21204 PH 2010-03-28 0729 UA4CC         59  0361   OK1TFH        59  0157
QSO: 21204 PH 2010-03-28 0729 UA4CC         59  0362   UN7FDP        59  0109
QSO: 21204 PH 2010-03-28 0730 UA4CC         59  0363   OO5Z          59  0089
QSO: 21204 PH 2010-03-28 0730 UA4CC         59  0364   JA2PFO        59  0330
QSO: 21204 PH 2010-03-28 0731 UA4CC         59  0365   JR4PDP        59  0195
QSO: 21204 PH 2010-03-28 0731 UA4CC         59  0366   JG3DQH        59  0004
QSO: 21204 PH 2010-03-28 0732 UA4CC         59  0367   DO6SR         59  0041
QSO: 21204 PH 2010-03-28 0732 UA4CC         59  0368   JH7SCY        59  0068
QSO: 21204 PH 2010-03-28 0734 UA4CC         59  0369   PA3AGF        59  0038
QSO: 21204 PH 2010-03-28 0735 UA4CC         59  0370   JI3FSI        59  0122
QSO: 21204 PH 2010-03-28 0735 UA4CC         59  0371   IR2M          59  0773
QSO: 21204 PH 2010-03-28 0736 UA4CC         59  0372   BD6IQD        59  0408
QSO: 21204 PH 2010-03-28 0736 UA4CC         59  0373   EE3R          59  0236
QSO: 21204 PH 2010-03-28 0737 UA4CC         59  0374   JR2PMT        59  0309
QSO: 21204 PH 2010-03-28 0737 UA4CC         59  0375   IW0BCF        59  0272
QSO: 21204 PH 2010-03-28 0739 UA4CC         59  0376   JA1KEV        59  0085
QSO: 21204 PH 2010-03-28 0740 UA4CC         59  0377   JE1LDU        59  0106
QSO: 21204 PH 2010-03-28 0740 UA4CC         59  0378   SV8/DK3SJ     59  0076
QSO: 21204 PH 2010-03-28 0741 UA4CC         59  0379   JG7PSJ        59  0182
QSO: 21204 PH 2010-03-28 0741 UA4CC         59  0380   JH1FVE        59  0619
QSO: 21204 PH 2010-03-28 0742 UA4CC         59  0381   F5BBD         59  0827
QSO: 21204 PH 2010-03-28 0742 UA4CC         59  0382   E73XL         59  0122
QSO: 21204 PH 2010-03-28 0743 UA4CC         59  0383   JR3UIC        59  0101
QSO: 21204 PH 2010-03-28 0743 UA4CC         59  0384   OE6HLF        59  0381
QSO: 21204 PH 2010-03-28 0744 UA4CC         59  0385   JA1HXJ        59  0043
QSO: 21204 PH 2010-03-28 0746 UA4CC         59  0386   I0UZF         59  0146
QSO: 21204 PH 2010-03-28 0746 UA4CC         59  0387   JH1ACA        59  0564
QSO: 21204 PH 2010-03-28 0747 UA4CC         59  0388   TM4W          59  0675
QSO: 21204 PH 2010-03-28 0747 UA4CC         59  0389   JL1SAM        59  0320
QSO: 21204 PH 2010-03-28 0748 UA4CC         59  0390   DL4EDC        59  0025
QSO: 21204 PH 2010-03-28 0748 UA4CC         59  0391   BD1HW         59  0527
QSO: 21204 PH 2010-03-28 0748 UA4CC         59  0392   DL1NKS        59  0740
QSO: 21204 PH 2010-03-28 0749 UA4CC         59  0393   PA0MIR        59  0177
QSO: 21204 PH 2010-03-28 0749 UA4CC         59  0394   DR5A          59  1071
QSO: 21204 PH 2010-03-28 0749 UA4CC         59  0395   PA5W          59  0266
QSO: 21204 PH 2010-03-28 0750 UA4CC         59  0396   SV5DKL        59  0550
QSO: 21204 PH 2010-03-28 0750 UA4CC         59  0397   PA3AAV        59  0124
QSO: 21204 PH 2010-03-28 0750 UA4CC         59  0398   JA4FWI        59  0013
QSO: 21204 PH 2010-03-28 0751 UA4CC         59  0399   JA5SUD        59  0259
QSO: 21204 PH 2010-03-28 0752 UA4CC         59  0400   DF7AX         59  0013
QSO: 21204 PH 2010-03-28 0752 UA4CC         59  0401   DJ6UP         59  0012
QSO: 21204 PH 2010-03-28 0753 UA4CC         59  0402   F6FDR         59  0059
QSO: 21204 PH 2010-03-28 0753 UA4CC         59  0403   9A3AL         59  0039
QSO: 21204 PH 2010-03-28 0754 UA4CC         59  0404   9A8A          59  0171
QSO:  7161 PH 2010-03-28 1423 UA4CC         59  0405   OL4A          59  1702
QSO:  7159 PH 2010-03-28 1446 UA4CC         59  0406   ES2EZ         59  0084
QSO:  7156 PH 2010-03-28 1447 UA4CC         59  0407   RX0AW         59  1675
QSO:  7156 PH 2010-03-28 1447 UA4CC         59  0408   4L1AE         59  0040
QSO:  7156 PH 2010-03-28 1448 UA4CC         59  0409   UA9MD         59  0357
QSO:  7156 PH 2010-03-28 1449 UA4CC         59  0410   YO9HJY        59  0020
QSO:  7156 PH 2010-03-28 1452 UA4CC         59  0411   RU0AW         59  1494
QSO:  7156 PH 2010-03-28 1452 UA4CC         59  0412   RA9ST         59  0482
QSO:  7156 PH 2010-03-28 1454 UA4CC         59  0413   EU6AA         59  0496
QSO:  7156 PH 2010-03-28 1455 UA4CC         59  0414   UA6NZ         59  0142
QSO:  7156 PH 2010-03-28 1455 UA4CC         59  0415   UT3UZ         59  0644
QSO:  7156 PH 2010-03-28 1457 UA4CC         59  0416   RT4RO         59  2113
QSO:  7156 PH 2010-03-28 1458 UA4CC         59  0417   UU8JK         59  0068
QSO:  7156 PH 2010-03-28 1458 UA4CC         59  0418   UY4F          59  0648
QSO:  7156 PH 2010-03-28 1458 UA4CC         59  0419   RG3K          59  2633
QSO:  7156 PH 2010-03-28 1459 UA4CC         59  0420   UR3IJI        59  0263
QSO:  7156 PH 2010-03-28 1459 UA4CC         59  0421   RC3W          59  1581
QSO:  7156 PH 2010-03-28 1459 UA4CC         59  0422   RV9UP         59  1093
QSO:  7156 PH 2010-03-28 1500 UA4CC         59  0423   RZ0SZZ        59  1064
QSO:  7156 PH 2010-03-28 1502 UA4CC         59  0424   LY2ND         59  0236
QSO:  7156 PH 2010-03-28 1506 UA4CC         59  0425   RA6DR         59  0038
QSO:  7156 PH 2010-03-28 1507 UA4CC         59  0426   RK4HYT        59  1032
QSO:  7156 PH 2010-03-28 1507 UA4CC         59  0427   RA9UIV/9      59  0153
QSO:  7156 PH 2010-03-28 1511 UA4CC         59  0428   UU2JQ         59  0138
QSO:  7156 PH 2010-03-28 1512 UA4CC         59  0429   ES4RX         59  0197
QSO:  7149 PH 2010-03-28 1515 UA4CC         59  0430   YT8A          59  2146
QSO:  7142 PH 2010-03-28 1517 UA4CC         59  0431   MI0M          59  0893
QSO:  7136 PH 2010-03-28 1517 UA4CC         59  0432   OM3KXX        59  0799
QSO:  7130 PH 2010-03-28 1518 UA4CC         59  0433   YT5C          59  0712
QSO:  7047 PH 2010-03-28 1551 UA4CC         59  0434   HG1S          59  1603
QSO:  7158 PH 2010-03-28 1552 UA4CC         59  0435   JI2ZJS        59  1857
QSO:  7168 PH 2010-03-28 1554 UA4CC         59  0436   VR2YYW        59  1751
QSO:  7179 PH 2010-03-28 1559 UA4CC         59  0437   JA0JHA        59  1397
QSO:  7164 PH 2010-03-28 1603 UA4CC         59  0438   Z30A          59  1015
QSO:  7155 PH 2010-03-28 1605 UA4CC         59  0439   UW3E          59  1822
QSO:  7155 PH 2010-03-28 1605 UA4CC         59  0440   RT3T          59  0913
QSO:  7155 PH 2010-03-28 1606 UA4CC         59  0441   YL3DR         59  0603
QSO:  7155 PH 2010-03-28 1607 UA4CC         59  0442   UT5ERV        59  0379
QSO:  7155 PH 2010-03-28 1608 UA4CC         59  0443   RX9SS         59  0683
QSO:  7155 PH 2010-03-28 1608 UA4CC         59  0444   RN3QLM        59  0164
QSO:  7155 PH 2010-03-28 1609 UA4CC         59  0445   RW6BN         59  0303
QSO:  7155 PH 2010-03-28 1611 UA4CC         59  0446   UT3IWA        59  0262
QSO:  7155 PH 2010-03-28 1612 UA4CC         59  0447   UX1MH         59  0341
QSO:  7155 PH 2010-03-28 1613 UA4CC         59  0448   JI2ZEY        59  0453
QSO:  7155 PH 2010-03-28 1614 UA4CC         59  0449   OK1UG         59  0444
QSO:  7155 PH 2010-03-28 1615 UA4CC         59  0450   DG4R          59  0843
QSO:  7155 PH 2010-03-28 1618 UA4CC         59  0451   DL9GS         59  0276
QSO:  7155 PH 2010-03-28 1618 UA4CC         59  0452   UN7MMM        59  1313
QSO:  7155 PH 2010-03-28 1619 UA4CC         59  0453   SP2GJI        59  0299
END-OF-LOG:
