START-OF-LOG: 3.0
CONTEST: IARU-HF
LOCATION: DX
CALLSIGN: IU1CQS
CATEGORY-OPERATOR: SINGLE-OP
CATEGORY-ASSISTED: ASSISTED
CATEGORY-POWER: LOW
CREATED-BY: QARTEST 8.7.1
CATEGORY-TRANSMITTER: ONE
CATEGORY-MODE: SSB
CATEGORY-BAND: ALL
CATEGORY-STATION: FIXED
HQ-CATEGORY: Single Operator Unlimited, Phone Only, Low Power
HQ-GRID-LOCATOR: JN44mj
QSO: 28423 PH 2018-07-14 1258 IU1CQS 59 28 IO9HQ 59 28
QSO: 28485 PH 2018-07-14 1259 IU1CQS 59 28 EF4HQ 59 URE
QSO: 7124 PH 2018-07-14 1308 IU1CQS 59 28 Y87B 59 28
QSO: 14175 PH 2018-07-14 1314 IU1CQS 59 28 SN7D 59 28
QSO: 21350 PH 2018-07-14 1319 IU1CQS 59 28 MI0M 59 27
QSO: 21297 PH 2018-07-14 1323 IU1CQS 59 28 EF4HQ 59 URE
QSO: 14142 PH 2018-07-14 1328 IU1CQS 59 28 Y84Q 59 28
QSO: 14211 PH 2018-07-14 1332 IU1CQS 59 28 Y82D 59 28
QSO: 21313 PH 2018-07-14 1355 IU1CQS 59 28 CR2X 59 36
QSO: 14156 PH 2018-07-14 1358 IU1CQS 59 28 F5LRL 59 27
QSO: 14222 PH 2018-07-14 1401 IU1CQS 59 28 LY0HQ 59 LRMD
QSO: 14153 PH 2018-07-14 1405 IU1CQS 59 28 RJ4P 59 30
QSO: 14328 PH 2018-07-14 1409 IU1CQS 59 28 Y86C 59 28
QSO: 28440 PH 2018-07-14 1418 IU1CQS 59 28 HB9HQ 59 USKA
QSO: 14132 PH 2018-07-14 1419 IU1CQS 59 28 Y87W 59 28
QSO: 14195 PH 2018-07-14 1425 IU1CQS 59 28 LC5K 59 18
QSO: 7192 PH 2018-07-14 1426 IU1CQS 59 28 Y89D 59 28
QSO: 14262 PH 2018-07-14 1431 IU1CQS 59 28 Y89R 59 28
QSO: 7110 PH 2018-07-14 1433 IU1CQS 59 28 Y84O 59 28
QSO: 14177 PH 2018-07-14 1446 IU1CQS 59 28 LZ7HQ 59 BFRA
QSO: 14157 PH 2018-07-14 1447 IU1CQS 59 28 Y84P 59 28
QSO: 14150 PH 2018-07-14 1448 IU1CQS 59 28 Y81R 59 28
QSO: 14314 PH 2018-07-14 1453 IU1CQS 59 28 Y86Q 59 28
QSO: 14300 PH 2018-07-14 1454 IU1CQS 59 28 YP7P 59 28
QSO: 14289 PH 2018-07-14 1455 IU1CQS 59 28 E7CW 59 28
QSO: 7096 PH 2018-07-14 1456 IU1CQS 59 28 Y81M 59 28
QSO: 14190 PH 2018-07-14 1458 IU1CQS 59 28 HG6N 59 28
QSO: 14152 PH 2018-07-14 1501 IU1CQS 59 28 Y81D 59 28
QSO: 14161 PH 2018-07-14 1505 IU1CQS 59 28 HA3DX 59 28
QSO: 14175 PH 2018-07-14 1506 IU1CQS 59 28 RW1CW 59 29
QSO: 7104 PH 2018-07-14 1509 IU1CQS 59 28 Y89A 59 28
QSO: 14299 PH 2018-07-14 1514 IU1CQS 59 28 Y84Z 59 28
QSO: 14131 PH 2018-07-14 1516 IU1CQS 59 28 Y83L 59 28
QSO: 7199 PH 2018-07-14 1518 IU1CQS 59 28 Y82K 59 28
QSO: 7110 PH 2018-07-14 1524 IU1CQS 59 28 Y86W 59 28
QSO: 14147 PH 2018-07-14 1530 IU1CQS 59 28 CQ3HQ 59 REP
QSO: 14144 PH 2018-07-14 1532 IU1CQS 59 28 Y87O 59 28
QSO: 7113 PH 2018-07-14 1533 IU1CQS 59 28 Y83X 59 28
QSO: 7138 PH 2018-07-14 1535 IU1CQS 59 28 Y83Z 59 28
QSO: 7199 PH 2018-07-14 1543 IU1CQS 59 28 Y81U 59 28
QSO: 7147 PH 2018-07-14 1544 IU1CQS 59 28 Y84W 59 28
QSO: 7131 PH 2018-07-14 1603 IU1CQS 59 28 LX8HQ 59 RL
QSO: 7145 PH 2018-07-14 1606 IU1CQS 59 28 HB9HQ 59 USKA
QSO: 7117 PH 2018-07-14 1607 IU1CQS 59 28 LZ7HQ 59 BFRA
QSO: 21282 PH 2018-07-14 1814 IU1CQS 59 28 DA0HQ 59 DARC
QSO: 28493 PH 2018-07-14 1815 IU1CQS 59 28 Y83U 59 28
QSO: 14183 PH 2018-07-14 1816 IU1CQS 59 28 Y82F 59 28
QSO: 7170 PH 2018-07-14 1825 IU1CQS 59 28 Y82B 59 28
QSO: 14268 PH 2018-07-14 1828 IU1CQS 59 28 OZ1HQ 59 EDR
QSO: 14196 PH 2018-07-14 1830 IU1CQS 59 28 A71AM 59 39
QSO: 14151 PH 2018-07-14 1840 IU1CQS 59 28 Y81A 59 28
QSO: 14299 PH 2018-07-14 1842 IU1CQS 59 28 Y86V 59 28
QSO: 14257 PH 2018-07-14 1843 IU1CQS 59 28 Y83U 59 28
QSO: 7196 PH 2018-07-14 1846 IU1CQS 59 28 Y82L 59 28
QSO: 7178 PH 2018-07-14 1849 IU1CQS 59 28 DA0HQ 59 DARC
QSO: 14265 PH 2018-07-14 1850 IU1CQS 59 28 DA0HQ 59 DARC
QSO: 14214 PH 2018-07-14 1851 IU1CQS 59 28 GR2HQ 59 RSGB
QSO: 14162 PH 2018-07-14 1852 IU1CQS 59 28 LX8HQ 59 RL
QSO: 14189 PH 2018-07-14 1853 IU1CQS 59 28 RW0AR 59 32
QSO: 14237 PH 2018-07-14 1855 IU1CQS 59 28 YR0HQ 59 FRR
QSO: 14233 PH 2018-07-14 1857 IU1CQS 59 28 PA6HQ 59 VERON
QSO: 14264 PH 2018-07-14 1900 IU1CQS 59 28 SN0HQ 59 PZK
QSO: 14283 PH 2018-07-14 1902 IU1CQS 59 28 OE0HQ 59 OVSV
QSO: 14253 PH 2018-07-14 1902 IU1CQS 59 28 EF4HQ 59 URE
QSO: 14209 PH 2018-07-14 1904 IU1CQS 59 28 HG0HQ 59 MRASZ
QSO: 14203 PH 2018-07-14 1905 IU1CQS 59 28 EM5HQ 59 UARL
QSO: 14138 PH 2018-07-14 1906 IU1CQS 59 28 Y84X 59 28
QSO: 14140 PH 2018-07-14 1908 IU1CQS 59 28 DL0LK 59 28
QSO: 21266 PH 2018-07-14 1912 IU1CQS 59 28 LZ7HQ 59 BFRA
QSO: 14173 PH 2018-07-14 1915 IU1CQS 59 28 W4AAW 59 8
QSO: 21196 PH 2018-07-14 1920 IU1CQS 59 28 UN1HQ 59 KFRR
QSO: 14242 PH 2018-07-14 1920 IU1CQS 59 28 Y84G 59 28
QSO: 14347 PH 2018-07-14 1936 IU1CQS 59 28 ZZ2T 59 15
QSO: 14229 PH 2018-07-14 1938 IU1CQS 59 28 Y89M 59 28
QSO: 21259 PH 2018-07-14 1938 IU1CQS 59 28 Y82V 59 28
QSO: 21305 PH 2018-07-14 1940 IU1CQS 59 28 PA6HQ 59 VERON
QSO: 21323 PH 2018-07-14 1943 IU1CQS 59 28 HG0HQ 59 MRASZ
QSO: 14217 PH 2018-07-14 1955 IU1CQS 59 28 YT0HQ 59 SRS
QSO: 14316 PH 2018-07-14 1956 IU1CQS 59 28 YT5A 59 28
QSO: 3700 PH 2018-07-14 2007 IU1CQS 59 28 S50HQ 59 ZRS
QSO: 14294 PH 2018-07-14 2010 IU1CQS 59 28 LY1R 59 29
QSO: 14194 PH 2018-07-14 2022 IU1CQS 59 28 Y86J 59 28
QSO: 14227 PH 2018-07-14 2025 IU1CQS 59 28 B7HQ 59 CRAC
QSO: 3757 PH 2018-07-14 2031 IU1CQS 59 28 Y83O 59 28
QSO: 14259 PH 2018-07-14 2032 IU1CQS 59 28 DK3BK 59 28
QSO: 7142 PH 2018-07-14 2034 IU1CQS 59 28 Y81N 59 28
QSO: 3791 PH 2018-07-14 2040 IU1CQS 59 28 GR2HQ 59 RSGB
QSO: 14297 PH 2018-07-14 2043 IU1CQS 59 28 4M1K 59 12
QSO: 7096 PH 2018-07-14 2045 IU1CQS 59 28 Y81K 59 28
QSO: 14225 PH 2018-07-14 2102 IU1CQS 59 28 HC1JQ 59 12
QSO: 14345 PH 2018-07-14 2124 IU1CQS 59 28 PJ2HQ 59 VRONA
QSO: 14301 PH 2018-07-14 2126 IU1CQS 59 28 IO4HQ 59 ARI
QSO: 14304 PH 2018-07-14 2144 IU1CQS 59 28 OL8HQ 59 CRC
QSO: 14308 PH 2018-07-14 2145 IU1CQS 59 28 EF1W 59 37
QSO: 14261 PH 2018-07-14 2146 IU1CQS 59 28 NU1AW/9 59 IARU
QSO: 3671 PH 2018-07-14 2155 IU1CQS 59 28 Y89N 59 28
QSO: 14334 PH 2018-07-14 2209 IU1CQS 59 28 5J18FWC 59 12
QSO: 14334 PH 2018-07-14 2248 IU1CQS 59 28 ZF9DX 59 11
QSO: 3622 PH 2018-07-14 2303 IU1CQS 59 28 Y87V 59 28
QSO: 3641 PH 2018-07-14 2307 IU1CQS 59 28 Y83P 59 28
QSO: 3767 PH 2018-07-14 2310 IU1CQS 59 28 Y83V 59 28
QSO: 3627 PH 2018-07-14 2312 IU1CQS 59 28 Y89U 59 28
QSO: 14268 PH 2018-07-14 2334 IU1CQS 59 28 ZF1A 59 CARS
QSO: 14312 PH 2018-07-14 2348 IU1CQS 59 28 TG9IN 59 11
QSO: 3654 PH 2018-07-14 2358 IU1CQS 59 28 Y82A 59 28
QSO: 7125 PH 2018-07-15 0236 IU1CQS 59 28 EU1A 59 29
QSO: 7100 PH 2018-07-15 0239 IU1CQS 59 28 TF3HQ 59 IRA
QSO: 14246 PH 2018-07-15 0242 IU1CQS 59 28 TM0HQ 59 REF
QSO: 3708 PH 2018-07-15 0249 IU1CQS 59 28 Y87M 59 28
QSO: 3748 PH 2018-07-15 0253 IU1CQS 59 28 OP0HQ 59 UBA
QSO: 14180 PH 2018-07-15 0307 IU1CQS 59 28 RK9AX 59 30
QSO: 3736 PH 2018-07-15 0331 IU1CQS 59 28 Y83B 59 28
QSO: 3772 PH 2018-07-15 0357 IU1CQS 59 28 Y84Y 59 28
QSO: 3691 PH 2018-07-15 0400 IU1CQS 59 28 Y82G 59 28
QSO: 3778 PH 2018-07-15 0402 IU1CQS 59 28 Y84B 59 28
QSO: 3694 PH 2018-07-15 0411 IU1CQS 59 28 Y82M 59 28
QSO: 3714 PH 2018-07-15 0416 IU1CQS 59 28 Y87L 59 28
QSO: 3768 PH 2018-07-15 0436 IU1CQS 59 28 Y86O 59 28
QSO: 3720 PH 2018-07-15 0449 IU1CQS 59 28 Y83K 59 28
QSO: 7101 PH 2018-07-15 0537 IU1CQS 59 28 HB0HQ 59 AFVL
QSO: 7183 PH 2018-07-15 0541 IU1CQS 59 28 IO6HQ 59 ARI
QSO: 7186 PH 2018-07-15 0542 IU1CQS 59 28 GR2HQ 59 RSGB
QSO: 7106 PH 2018-07-15 0610 IU1CQS 59 28 SX0HQ 59 RAAG
QSO: 7127 PH 2018-07-15 0612 IU1CQS 59 28 EF1W 59 37
QSO: 7164 PH 2018-07-15 0621 IU1CQS 59 28 SN0HQ 59 PZK
QSO: 7131 PH 2018-07-15 0623 IU1CQS 59 28 Y81D 59 28
QSO: 7089 PH 2018-07-15 0625 IU1CQS 59 28 Y82N 59 28
QSO: 7180 PH 2018-07-15 0627 IU1CQS 59 28 S50HQ 59 ZRS
QSO: 7139 PH 2018-07-15 0630 IU1CQS 59 28 Y87C 59 28
QSO: 7134 PH 2018-07-15 0631 IU1CQS 59 28 TM0HQ 59 REF
QSO: 14226 PH 2018-07-15 0706 IU1CQS 59 28 EI0HQ 59 IRTS
QSO: 21323 PH 2018-07-15 0715 IU1CQS 59 28 EU1A 59 29
QSO: 21313 PH 2018-07-15 0716 IU1CQS 59 28 CR6K 59 37
QSO: 21285 PH 2018-07-15 0718 IU1CQS 59 28 LY0HQ 59 LRMD
QSO: 21235 PH 2018-07-15 0723 IU1CQS 59 28 R8TT 59 30
QSO: 21233 PH 2018-07-15 0724 IU1CQS 59 28 8S0C 59 18
QSO: 21250 PH 2018-07-15 0725 IU1CQS 59 28 TC3HQ 59 TRAC
QSO: 21200 PH 2018-07-15 0753 IU1CQS 59 28 OZ1HQ 59 EDR
QSO: 7069 PH 2018-07-15 0755 IU1CQS 59 28 Y82W 59 28
QSO: 28500 PH 2018-07-15 0802 IU1CQS 59 28 OH2HQ 59 SRAL
QSO: 28429 PH 2018-07-15 0803 IU1CQS 59 28 ES9A 59 ERAU
QSO: 28455 PH 2018-07-15 0804 IU1CQS 59 28 SX0HQ 59 RAAG
QSO: 28472 PH 2018-07-15 0808 IU1CQS 59 28 YL3CW 59 29
QSO: 28450 PH 2018-07-15 0811 IU1CQS 59 28 OG7A 59 18
QSO: 14164 PH 2018-07-15 0818 IU1CQS 59 28 Y84C 59 28
QSO: 14182 PH 2018-07-15 0850 IU1CQS 59 28 Y82M 59 28
QSO: 7118 PH 2018-07-15 1012 IU1CQS 59 28 Y87K 59 28
QSO: 7098 PH 2018-07-15 1015 IU1CQS 59 28 PA0AA 59 27
QSO: 7104 PH 2018-07-15 1016 IU1CQS 59 28 F4HJC 59 27
QSO: 7100 PH 2018-07-15 1019 IU1CQS 59 28 Y86Y 59 28
QSO: 7167 PH 2018-07-15 1054 IU1CQS 59 28 Y87U 59 28
QSO: 14201 PH 2018-07-15 1106 IU1CQS 59 28 Y83C 59 28
QSO: 14314 PH 2018-07-15 1129 IU1CQS 59 28 Y87G 59 28
QSO: 7126 PH 2018-07-15 1156 IU1CQS 59 28 Y84J 59 28
QSO: 7144 PH 2018-07-15 1157 IU1CQS 59 28 HG0HQ 59 MRASZ
END-OF-LOG: