START-OF-LOG: 3.0
CONTEST: IARU-HF
LOCATION: DX
CALLSIGN: LA2XNA
CATEGORY-OPERATOR: SINGLE-OP
CATEGORY-ASSISTED: NON-ASSISTED
CATEGORY-POWER: LOW
CATEGORY-BAND: ALL
CATEGORY-MODE: CW
CATEGORY-STATION: FIXED
CATEGORY-TRANSMITTER: ONE
OPERATORS: LA2XNA
CREATED-BY: N1MM LOGGER+ 1.0.7208.0
HQ-CATEGORY: Single Operator, CW Only, Low Power
HQ-GRID-LOCATOR: JP50jc
QSO: 14049 CW 2018-07-15 0650 LA2XNA 599 18 OM7RU 599 28
QSO: 14043 CW 2018-07-15 0651 LA2XNA 599 18 EA5KV 599 37
QSO: 14042 CW 2018-07-15 0652 LA2XNA 599 18 LA2AB 599 18
QSO: 14041 CW 2018-07-15 0653 LA2XNA 599 18 OE0HQ 599 OVSV
QSO: 14028 CW 2018-07-15 0656 LA2XNA 599 18 SN0HQ 599 PZK
QSO: 14027 CW 2018-07-15 0658 LA2XNA 599 18 9A0HQ 599 HRS
QSO: 14025 CW 2018-07-15 0659 LA2XNA 599 18 IO5HQ 599 ARI
QSO: 14019 CW 2018-07-15 0708 LA2XNA 599 18 M3I 599 27
QSO: 14018 CW 2018-07-15 0709 LA2XNA 599 18 LZ7HQ 599 BFRA
QSO: 14018 CW 2018-07-15 0710 LA2XNA 599 18 YR0HQ 599 FRR
QSO: 14016 CW 2018-07-15 0710 LA2XNA 599 18 LY5R 599 29
QSO: 14010 CW 2018-07-15 0711 LA2XNA 599 18 OT4A 599 27
QSO: 14009 CW 2018-07-15 0713 LA2XNA 599 18 3Z7H 599 28
QSO: 14009 CW 2018-07-15 0723 LA2XNA 599 18 HG0HQ 599 MRASZ
QSO: 14006 CW 2018-07-15 0726 LA2XNA 599 18 OP0HQ 599 UBA
QSO: 14006 CW 2018-07-15 0732 LA2XNA 599 18 Y84Y 599 28
QSO: 14003 CW 2018-07-15 0735 LA2XNA 599 18 Y89M 599 28
QSO: 14002 CW 2018-07-15 0736 LA2XNA 599 18 HA1AG 599 28
QSO: 14063 CW 2018-07-15 0737 LA2XNA 599 18 LY4G 599 29
QSO: 14061 CW 2018-07-15 0738 LA2XNA 599 18 SN6A 599 28
QSO: 14046 CW 2018-07-15 0755 LA2XNA 599 18 OH5C 599 18
QSO: 14036 CW 2018-07-15 0800 LA2XNA 599 18 EF4HQ 599 EEI
QSO: 14031 CW 2018-07-15 0807 LA2XNA 599 18 EI2CN 599 27
QSO: 14030 CW 2018-07-15 0808 LA2XNA 599 18 OL8HQ 599 CRC
QSO: 14029 CW 2018-07-15 0812 LA2XNA 599 18 LY0HQ 599 LRMD
QSO: 14028 CW 2018-07-15 0820 LA2XNA 599 18 EV1E 599 29
QSO: 14027 CW 2018-07-15 0821 LA2XNA 599 18 YT0HQ 599 TNS
QSO: 14017 CW 2018-07-15 0841 LA2XNA 599 18 Y82L 599 28
QSO: 14009 CW 2018-07-15 0844 LA2XNA 599 18 Y89R 599 28
QSO: 14005 CW 2018-07-15 0850 LA2XNA 599 18 Y87O 599 28
QSO: 14002 CW 2018-07-15 0851 LA2XNA 599 18 Y84Z 599 28
QSO: 21012 CW 2018-07-15 0853 LA2XNA 599 18 RK3AW 599 29
QSO: 21016 CW 2018-07-15 0853 LA2XNA 599 18 HB9HQ 599 USKA
QSO: 21029 CW 2018-07-15 0901 LA2XNA 599 18 HA8BE 599 28
QSO: 21029 CW 2018-07-15 0903 LA2XNA 599 18 IO2X 599 28
QSO: 21032 CW 2018-07-15 0910 LA2XNA 599 18 DA0HQ 599 DARC
QSO: 21034 CW 2018-07-15 0912 LA2XNA 599 18 R3HQ 599 SRR
QSO: 21037 CW 2018-07-15 0914 LA2XNA 599 18 OE0HQ 599 OVSV
QSO: 21048 CW 2018-07-15 0915 LA2XNA 599 18 YL4HQ 599 LRAL
QSO: 21049 CW 2018-07-15 0916 LA2XNA 599 18 OM7M 599 28
QSO: 28035 CW 2018-07-15 0924 LA2XNA 599 18 9A0HQ 599 HRS
QSO: 7030 CW 2018-07-15 0933 LA2XNA 599 18 Y86O 599 28
QSO: 7028 CW 2018-07-15 0934 LA2XNA 599 18 OE0HQ 599 OVSV
QSO: 7027 CW 2018-07-15 0935 LA2XNA 599 18 OK5E 599 28
QSO: 7026 CW 2018-07-15 0935 LA2XNA 599 18 S50HQ 599 ZRS
QSO: 7025 CW 2018-07-15 0936 LA2XNA 599 18 Y83Z 599 28
QSO: 7021 CW 2018-07-15 0938 LA2XNA 599 18 LY0HQ 599 LRMD
QSO: 7020 CW 2018-07-15 0939 LA2XNA 599 18 GR2HQ 599 RSGB
QSO: 7020 CW 2018-07-15 0941 LA2XNA 599 18 Y87V 599 28
QSO: 7019 CW 2018-07-15 0945 LA2XNA 599 18 PA6HQ 599 VERON
QSO: 7017 CW 2018-07-15 0946 LA2XNA 599 18 OH2HQ 599 SRAL
QSO: 7016 CW 2018-07-15 0946 LA2XNA 599 18 IO4HQ 599 ARI
QSO: 7010 CW 2018-07-15 0949 LA2XNA 599 18 9A0HQ 599 HRS
QSO: 7009 CW 2018-07-15 0958 LA2XNA 599 18 OK2D 599 28
QSO: 7009 CW 2018-07-15 1001 LA2XNA 599 18 Y87U 599 28
QSO: 7006 CW 2018-07-15 1011 LA2XNA 599 18 Y83B 599 28
QSO: 7003 CW 2018-07-15 1012 LA2XNA 599 18 DA0HQ 599 DARC
QSO: 7002 CW 2018-07-15 1021 LA2XNA 599 18 Y86W 599 28
QSO: 14001 CW 2018-07-15 1025 LA2XNA 599 18 Y81D 599 28
QSO: 14003 CW 2018-07-15 1033 LA2XNA 599 18 Y87V 599 28
QSO: 14004 CW 2018-07-15 1034 LA2XNA 599 18 RT9A 599 30
QSO: 14006 CW 2018-07-15 1038 LA2XNA 599 18 SP3A 599 28
QSO: 14010 CW 2018-07-15 1043 LA2XNA 599 18 UY2RA 599 29
QSO: 14012 CW 2018-07-15 1045 LA2XNA 599 18 Y86Y 599 28
QSO: 14012 CW 2018-07-15 1045 LA2XNA 599 18 DL3DTH 599 28
QSO: 14013 CW 2018-07-15 1047 LA2XNA 599 18 LY6A 599 29
QSO: 14014 CW 2018-07-15 1050 LA2XNA 599 18 UT5EO 599 29
QSO: 14015 CW 2018-07-15 1051 LA2XNA 599 18 TM0HQ 599 REF
QSO: 14015 CW 2018-07-15 1054 LA2XNA 599 18 N2MF 599 08
QSO: 14016 CW 2018-07-15 1107 LA2XNA 599 18 VE3AT 599 04
QSO: 14018 CW 2018-07-15 1111 LA2XNA 599 18 UA4S 599 29
QSO: 14021 CW 2018-07-15 1113 LA2XNA 599 18 LA8HGA 599 18
QSO: 14022 CW 2018-07-15 1114 LA2XNA 599 18 K1KI 599 08
QSO: 14023 CW 2018-07-15 1117 LA2XNA 599 18 RK9CYA 599 30
QSO: 21018 CW 2018-07-15 1134 LA2XNA 599 18 LA8HGA 599 18
QSO: 21016 CW 2018-07-15 1135 LA2XNA 599 18 DM4MN 599 28
QSO: 21015 CW 2018-07-15 1136 LA2XNA 599 18 Y89M 599 28
QSO: 21014 CW 2018-07-15 1136 LA2XNA 599 18 Y84G 599 28
QSO: 21013 CW 2018-07-15 1140 LA2XNA 599 18 PA3GDD 599 27
QSO: 28019 CW 2018-07-15 1141 LA2XNA 599 18 LA8HGA 599 18
QSO: 28034 CW 2018-07-15 1143 LA2XNA 599 18 HG0HQ 599 MRASZ
QSO: 28012 CW 2018-07-15 1148 LA2XNA 599 18 P33W 599 39
QSO: 14032 CW 2018-07-15 1149 LA2XNA 599 18 YL3CW 599 29
QSO: 14032 CW 2018-07-15 1150 LA2XNA 599 18 DA0HQ 599 DARC
QSO: 14033 CW 2018-07-15 1154 LA2XNA 599 18 Y89D 599 28
QSO: 14035 CW 2018-07-15 1155 LA2XNA 599 18 UB3A 599 29
QSO: 14037 CW 2018-07-15 1157 LA2XNA 599 18 GR2HQ 599 RSGB
QSO: 14038 CW 2018-07-15 1158 LA2XNA 599 18 RU1A 599 29
QSO: 14038 CW 2018-07-15 1159 LA2XNA 599 18 RG6G 599 29
END-OF-LOG: