START-OF-LOG: 3.0
CONTEST: CQ-WW-SSB
CALLSIGN: OH6OS
LOCATION: DX
CATEGORY-OPERATOR: SINGLE-OP
CATEGORY-ASSISTED: ASSISTED
CATEGORY-BAND: 15M
CATEGORY-POWER: HIGH
CATEGORY-MODE: SSB
CATEGORY-TRANSMITTER: ONE
CATEGORY-OVERLAY:
GRID-LOCATOR:
CLAIMED-SCORE: 36838
NAME: Juha Kasari
OPERATORS: OH6OS
CLUB:
CREATED-BY: N1MM Logger V14.1.0
QSO: 28465 PH 2019-10-26 0852 OH6OS         59  15     4Z5LA         59  20
QSO: 28475 PH 2019-10-26 0853 OH6OS         59  15     4X0T          59  20
QSO: 28477 PH 2019-10-26 0853 OH6OS         59  15     4X6FR         59  20
QSO: 28492 PH 2019-10-26 0854 OH6OS         59  15     4X1IM         59  20
QSO: 21161 PH 2019-10-26 0855 OH6OS         59  15     4Z5LY         59  20
QSO: 21188 PH 2019-10-26 0855 OH6OS         59  15     EF8R          59  33
QSO: 21200 PH 2019-10-26 0856 OH6OS         59  15     9H6A          59  15
QSO: 21174 PH 2019-10-26 0857 OH6OS         59  15     RL6M          59  16
QSO: 21214 PH 2019-10-26 0859 OH6OS         59  15     SQ6H          59  15
QSO: 21218 PH 2019-10-26 0859 OH6OS         59  15     UV5U          59  16
QSO: 21224 PH 2019-10-26 0901 OH6OS         59  15     EW6W          59  16
QSO: 21227 PH 2019-10-26 0903 OH6OS         59  15     RM4HZ         59  16
QSO: 21235 PH 2019-10-26 0904 OH6OS         59  15     OL5M          59  15
QSO: 21246 PH 2019-10-26 0909 OH6OS         59  15     TC2MK         59  20
QSO: 21256 PH 2019-10-26 0912 OH6OS         59  15     IO9R          59  15
QSO: 21259 PH 2019-10-26 0912 OH6OS         59  15     6W1RY         59  35
QSO: 21264 PH 2019-10-26 0913 OH6OS         59  15     IR7T          59  15
QSO: 21270 PH 2019-10-26 0914 OH6OS         59  15     P33W          59  20
QSO: 21273 PH 2019-10-26 0914 OH6OS         59  15     IH9P          59  33
QSO: 21275 PH 2019-10-26 0915 OH6OS         59  15     IQ0ID         59  15
QSO: 21279 PH 2019-10-26 0916 OH6OS         59  15     EA7PP         59  14
QSO: 21283 PH 2019-10-26 0916 OH6OS         59  15     OK1LV         59  15
QSO: 21283 PH 2019-10-26 0917 OH6OS         59  15     DL7VX         59  14
QSO: 21283 PH 2019-10-26 0918 OH6OS         59  15     UW8SM         59  16
QSO: 21283 PH 2019-10-26 0918 OH6OS         59  15     TA1API        59  20
QSO: 21283 PH 2019-10-26 0919 OH6OS         59  15     SV8JNM        59  20
QSO: 21283 PH 2019-10-26 0919 OH6OS         59  15     EA3IFY        59  14
QSO: 21283 PH 2019-10-26 0921 OH6OS         59  15     OE5CWO/P      59  15
QSO: 21283 PH 2019-10-26 0921 OH6OS         59  15     OL7T          59  15
QSO: 21283 PH 2019-10-26 0922 OH6OS         59  15     IK8YFW        59  15
QSO: 21283 PH 2019-10-26 0922 OH6OS         59  15     CT7APD        59  14
QSO: 21283 PH 2019-10-26 0923 OH6OS         59  15     IK0YUT        59  15
QSO: 21283 PH 2019-10-26 0923 OH6OS         59  15     IZ0DXD        59  15
QSO: 21290 PH 2019-10-26 0925 OH6OS         59  15     CN3A          59  33
QSO: 21292 PH 2019-10-26 0926 OH6OS         59  15     EA5KL         59  14
QSO: 21297 PH 2019-10-26 0926 OH6OS         59  15     9A4W          59  15
QSO: 21299 PH 2019-10-26 0927 OH6OS         59  15     TK4RB         59  15
QSO: 21304 PH 2019-10-26 0930 OH6OS         59  15     DF6HQ         59  14
QSO: 21313 PH 2019-10-26 0932 OH6OS         59  15     OH1VR         59  15
QSO: 21323 PH 2019-10-26 0933 OH6OS         59  15     IZ8GNR        59  15
QSO: 21329 PH 2019-10-26 0934 OH6OS         59  15     RU1A          59  16
QSO: 21332 PH 2019-10-26 0934 OH6OS         59  15     4X0T          59  20
QSO: 21339 PH 2019-10-26 0935 OH6OS         59  15     9A7Z          59  15
QSO: 21342 PH 2019-10-26 0936 OH6OS         59  15     OR2F          59  14
QSO: 21346 PH 2019-10-26 0936 OH6OS         59  15     DP7D          59  14
QSO: 21373 PH 2019-10-26 0936 OH6OS         59  15     S50G          59  15
QSO: 21400 PH 2019-10-26 0937 OH6OS         59  15     LY7Z          59  15
QSO: 21308 PH 2019-10-26 0938 OH6OS         59  15     YP0C          59  20
QSO: 21282 PH 2019-10-26 0940 OH6OS         59  15     A44A          59  21
QSO: 21262 PH 2019-10-26 0940 OH6OS         59  15     IR4M          59  15
QSO: 21177 PH 2019-10-26 0942 OH6OS         59  15     ED1R          59  14
QSO: 21240 PH 2019-10-26 0946 OH6OS         59  15     9A5Y          59  15
QSO: 21244 PH 2019-10-26 0946 OH6OS         59  15     EC2DX         59  14
QSO: 21157 PH 2019-10-26 1033 OH6OS         59  15     EA2XR         59  14
QSO: 21162 PH 2019-10-26 1034 OH6OS         59  15     ED9E          59  33
QSO: 21170 PH 2019-10-26 1038 OH6OS         59  15     IT9AEQ        59  15
QSO: 21184 PH 2019-10-26 1039 OH6OS         59  15     IT9BUN        59  15
QSO: 21200 PH 2019-10-26 1040 OH6OS         59  15     ED3X          59  14
QSO: 21203 PH 2019-10-26 1041 OH6OS         59  15     PY2UD         59  11
QSO: 21210 PH 2019-10-26 1043 OH6OS         59  15     YT5A          59  15
QSO: 21260 PH 2019-10-26 1045 OH6OS         59  15     SV9DJO        59  20
QSO: 21257 PH 2019-10-26 1048 OH6OS         59  15     D68CCC        59  39
QSO: 21315 PH 2019-10-26 1050 OH6OS         59  15     D4C           59  35
QSO: 21346 PH 2019-10-26 1051 OH6OS         59  15     EA1BNF        59  14
QSO: 21346 PH 2019-10-26 1051 OH6OS         59  15     IZ4YUE        59  15
QSO: 21346 PH 2019-10-26 1052 OH6OS         59  15     EA5ASF        59  14
QSO: 21346 PH 2019-10-26 1052 OH6OS         59  15     CR5T          59  14
QSO: 21346 PH 2019-10-26 1052 OH6OS         59  15     EA5DNO        59  14
QSO: 21346 PH 2019-10-26 1053 OH6OS         59  15     SM6NET        59  14
QSO: 21346 PH 2019-10-26 1054 OH6OS         59  15     EA1ACP        59  14
QSO: 21346 PH 2019-10-26 1054 OH6OS         59  15     9H5DX         59  15
QSO: 21346 PH 2019-10-26 1055 OH6OS         59  15     IK1RGK        59  15
QSO: 21346 PH 2019-10-26 1055 OH6OS         59  15     ED1B          59  14
QSO: 21346 PH 2019-10-26 1056 OH6OS         59  15     EA3KT         59  14
QSO: 21350 PH 2019-10-26 1057 OH6OS         59  15     SV2JAO        59  20
QSO: 21367 PH 2019-10-26 1058 OH6OS         59  15     ED3D          59  14
QSO: 21381 PH 2019-10-26 1058 OH6OS         59  15     9A7A          59  15
QSO: 21417 PH 2019-10-26 1100 OH6OS         59  15     ZZ2T          59  11
QSO: 21410 PH 2019-10-26 1101 OH6OS         59  15     4X6FR         59  20
QSO: 21160 PH 2019-10-26 1102 OH6OS         59  15     I4LCK         59  15
QSO: 21178 PH 2019-10-26 1104 OH6OS         59  15     EA3GWL        59  14
QSO: 21223 PH 2019-10-26 1113 OH6OS         59  15     ES6RW         59  15
QSO: 21228 PH 2019-10-26 1114 OH6OS         59  15     CR3DX         59  33
QSO: 21245 PH 2019-10-26 1116 OH6OS         59  15     FR4QT         59  39
QSO: 21233 PH 2019-10-26 1118 OH6OS         59  15     7Z1IS         59  21
QSO: 21265 PH 2019-10-26 1119 OH6OS         59  15     A61ZX         59  21
QSO: 21369 PH 2019-10-26 1132 OH6OS         59  15     A73A          59  21
QSO: 21397 PH 2019-10-26 1134 OH6OS         59  15     LZ9V          59  20
QSO: 21375 PH 2019-10-26 1134 OH6OS         59  15     ZS6TVB        59  38
QSO: 21267 PH 2019-10-26 1138 OH6OS         59  15     ZP5AA         59  11
QSO: 21259 PH 2019-10-26 1139 OH6OS         59  15     F6DZU         59  14
QSO: 21165 PH 2019-10-26 1144 OH6OS         59  15     PY9GC         59  11
QSO: 21254 PH 2019-10-26 1149 OH6OS         59  15     PZ5K          59  09
QSO: 21269 PH 2019-10-26 1150 OH6OS         59  15     LS2D          59  13
QSO: 21287 PH 2019-10-26 1151 OH6OS         59  15     ET3AA         59  37
QSO: 21354 PH 2019-10-26 1153 OH6OS         59  15     9K2HN         59  21
QSO: 21359 PH 2019-10-26 1153 OH6OS         59  15     S79W          59  39
QSO: 21424 PH 2019-10-26 1154 OH6OS         59  15     PS2T          59  11
QSO: 21414 PH 2019-10-26 1155 OH6OS         59  15     HZ1SK         59  21
QSO: 21310 PH 2019-10-26 1156 OH6OS         59  15     SZ8LSV        59  20
QSO: 21172 PH 2019-10-26 1223 OH6OS         59  15     ZW8T          59  11
QSO: 21176 PH 2019-10-26 1224 OH6OS         59  15     LU8YE         59  13
QSO: 21153 PH 2019-10-26 1229 OH6OS         59  15     8P5A          59  08
QSO: 21255 PH 2019-10-26 1241 OH6OS         59  15     ZW5B          59  11
QSO: 21302 PH 2019-10-26 1242 OH6OS         59  15     E7DX          59  15
QSO: 21171 PH 2019-10-26 1245 OH6OS         59  15     EA5ON         59  14
QSO: 21190 PH 2019-10-26 1249 OH6OS         59  15     PS4L          59  11
QSO: 21236 PH 2019-10-26 1253 OH6OS         59  15     HI3LT         59  08
QSO: 21239 PH 2019-10-26 1254 OH6OS         59  15     CE6CGX        59  12
QSO: 21307 PH 2019-10-26 1306 OH6OS         59  15     OH0W          59  15
QSO: 21299 PH 2019-10-26 1306 OH6OS         59  15     V26B          59  08
QSO: 21184 PH 2019-10-26 1309 OH6OS         59  15     V47T          59  08
QSO: 21217 PH 2019-10-26 1310 OH6OS         59  15     FY5KE         59  09
QSO: 21180 PH 2019-10-26 1315 OH6OS         59  15     P40T          59  09
QSO: 21214 PH 2019-10-26 1315 OH6OS         59  15     PY1VOY        59  11
QSO: 21300 PH 2019-10-26 1319 OH6OS         59  15     CX9AU         59  13
QSO: 21323 PH 2019-10-26 1320 OH6OS         59  15     KP3MM         59  08
QSO: 21372 PH 2019-10-26 1321 OH6OS         59  15     PR4T          59  11
QSO: 21390 PH 2019-10-26 1322 OH6OS         59  15     HH2AA         59  08
QSO: 21415 PH 2019-10-26 1323 OH6OS         59  15     OH0V          59  15
QSO: 21336 PH 2019-10-26 1328 OH6OS         59  15     PY2KJ         59  11
QSO: 21318 PH 2019-10-26 1330 OH6OS         59  15     OA4O          59  10
QSO: 21183 PH 2019-10-26 1338 OH6OS         59  15     TR8CA         59  36
QSO: 21220 PH 2019-10-26 1339 OH6OS         59  15     LU2DX         59  13
QSO: 21304 PH 2019-10-26 1341 OH6OS         59  15     7X2VFK        59  33
QSO: 21368 PH 2019-10-26 1343 OH6OS         59  15     PY5QW         59  11
QSO: 21351 PH 2019-10-26 1346 OH6OS         59  15     EA7ZY         59  14
QSO: 21302 PH 2019-10-26 1403 OH6OS         59  15     OH6DX         59  15
QSO: 21331 PH 2019-10-26 1410 OH6OS         59  15     II9P          59  15
QSO: 21352 PH 2019-10-26 1412 OH6OS         59  15     EA6/DK5IR     59  14
QSO: 21196 PH 2019-10-27 0611 OH6OS         59  15     HA1TJ         59  15
QSO: 21315 PH 2019-10-27 0616 OH6OS         59  15     SN6E          59  15
QSO: 21216 PH 2019-10-27 0622 OH6OS         59  15     4X0A          59  20
QSO: 21267 PH 2019-10-27 0624 OH6OS         59  15     HG4F          59  15
QSO: 21174 PH 2019-10-27 1135 OH6OS         59  15     3V8SS         59  33
QSO: 21182 PH 2019-10-27 1136 OH6OS         59  15     IS0BWM        59  15
QSO: 21187 PH 2019-10-27 1138 OH6OS         59  15     PJ4K          59  09
QSO: 21202 PH 2019-10-27 1142 OH6OS         59  15     F5RAG         59  14
QSO: 21192 PH 2019-10-27 1144 OH6OS         59  15     YW1K          59  09
QSO: 21236 PH 2019-10-27 1144 OH6OS         59  15     PJ2T          59  09
QSO: 21214 PH 2019-10-27 1146 OH6OS         59  15     I5MXX         59  15
QSO: 21233 PH 2019-10-27 1148 OH6OS         59  15     ED7B          59  14
QSO: 21280 PH 2019-10-27 1158 OH6OS         59  15     EI7M          59  14
QSO: 21351 PH 2019-10-27 1210 OH6OS         59  15     CR6P          59  14
QSO: 21293 PH 2019-10-27 1210 OH6OS         59  15     PT5J          59  11
QSO: 21215 PH 2019-10-27 1213 OH6OS         59  15     KP2M          59  08
QSO: 21169 PH 2019-10-27 1214 OH6OS         59  15     CR2L          59  14
QSO: 21384 PH 2019-10-27 1221 OH6OS         59  15     VP2MSW        59  08
QSO: 21394 PH 2019-10-27 1221 OH6OS         59  15     PJ7PL         59  08
QSO: 21324 PH 2019-10-27 1221 OH6OS         59  15     9Y4D          59  09
QSO: 21270 PH 2019-10-27 1225 OH6OS         59  15     HC5UDT        59  10
QSO: 21332 PH 2019-10-27 1229 OH6OS         59  15     CR6K          59  14
QSO: 21341 PH 2019-10-27 1229 OH6OS         59  15     G6XX          59  14
QSO: 21390 PH 2019-10-27 1232 OH6OS         59  15     KP3ZM         59  08
QSO: 21397 PH 2019-10-27 1232 OH6OS         59  15     P40W          59  09
QSO: 21227 PH 2019-10-27 1245 OH6OS         59  15     KC1XX         59  05
QSO: 21181 PH 2019-10-27 1253 OH6OS         59  15     VY2TT         59  05
QSO: 21183 PH 2019-10-27 1254 OH6OS         59  15     ZF1A          59  08
QSO: 21331 PH 2019-10-27 1329 OH6OS         59  15     LX7I          59  14
QSO: 21295 PH 2019-10-27 1335 OH6OS         59  15     OM7M          59  15
QSO: 21388 PH 2019-10-27 1337 OH6OS         59  15     PI4AMF        59  14
QSO: 21389 PH 2019-10-27 1401 OH6OS         59  15     FG4KH         59  08
QSO: 21301 PH 2019-10-27 1402 OH6OS         59  15     TO1J          59  08
QSO: 21409 PH 2019-10-27 1416 OH6OS         59  15     LU5VV         59  13
QSO: 21387 PH 2019-10-27 1417 OH6OS         59  15     EA2CCG        59  14
QSO: 21378 PH 2019-10-27 1418 OH6OS         59  15     EF5Y          59  14
QSO: 21230 PH 2019-10-27 1431 OH6OS         59  15     PY0F          59  11
QSO: 14183 PH 2019-10-27 2004 OH6OS         59  15     N5DX          59  05
QSO: 14216 PH 2019-10-27 2008 OH6OS         59  15     K8AZ          59  04
QSO: 14174 PH 2019-10-27 2022 OH6OS         59  15     NV9L          59  04
END-OF-LOG:
