START-OF-LOG: 3.0
CONTEST: CQ-WW-SSB
CALLSIGN: OV1RR
LOCATION: DX
CATEGORY-OPERATOR: SINGLE-OP
CATEGORY-ASSISTED: NON-ASSISTED
CATEGORY-BAND: ALL
CATEGORY-POWER: HIGH
CATEGORY-MODE: SSB
CATEGORY-TRANSMITTER: ONE
CATEGORY-OVERLAY: CLASSIC
GRID-LOCATOR:
CLAIMED-SCORE: 29375
NAME: Ringsted Radiomuseum
OPERATORS: OZ1HHH
CLUB: Danish DX Group
CREATED-BY: N1MM Logger+ 1.0.7610.0
SOAPBOX: Thank you for nice & very big contest
QSO: 14000 PH 2019-10-26 1518 OV1RR         59  14     IS0BSR        59  15
QSO: 14000 PH 2019-10-26 1528 OV1RR         59  14     A44A          59  21
QSO: 14000 PH 2019-10-26 1536 OV1RR         59  14     CN3A          59  33
QSO: 14000 PH 2019-10-26 1539 OV1RR         59  14     EA6/DK5IR     59  14
QSO: 14000 PH 2019-10-26 1540 OV1RR         59  14     IO9A          59  15
QSO: 14000 PH 2019-10-26 1542 OV1RR         59  14     II4A          59  15
QSO: 14000 PH 2019-10-26 1543 OV1RR         59  14     ED3D          59  14
QSO: 14000 PH 2019-10-26 1546 OV1RR         59  14     C4W           59  20
QSO: 14000 PH 2019-10-26 1549 OV1RR         59  14     S50K          59  15
QSO: 14000 PH 2019-10-26 1555 OV1RR         59  14     9A9A          59  15
QSO: 14000 PH 2019-10-26 1559 OV1RR         59  14     CR6P          59  14
QSO: 14000 PH 2019-10-26 1606 OV1RR         59  14     SV9/SV0IG     59  20
QSO: 14000 PH 2019-10-26 1613 OV1RR         59  14     9K9A          59  21
QSO: 21000 PH 2019-10-26 1619 OV1RR         59  14     IZ8GNR        59  15
QSO: 21000 PH 2019-10-26 1624 OV1RR         59  14     IR7T          59  15
QSO: 21000 PH 2019-10-26 1625 OV1RR         59  14     9A4W          59  15
QSO: 14000 PH 2019-10-26 1634 OV1RR         59  14     A73A          59  21
QSO:  7000 PH 2019-10-26 1659 OV1RR         59  14     A73A          59  21
QSO:  7000 PH 2019-10-26 1700 OV1RR         59  14     RT6A          59  16
QSO:  7000 PH 2019-10-26 1701 OV1RR         59  14     II2S          59  15
QSO:  7000 PH 2019-10-26 1704 OV1RR         59  14     E7DX          59  15
QSO:  7000 PH 2019-10-26 1712 OV1RR         59  14     F1DHX         59  14
QSO:  7000 PH 2019-10-26 1724 OV1RR         59  14     R2AA          59  16
QSO:  7000 PH 2019-10-26 1728 OV1RR         59  14     MD4K          59  14
QSO:  7000 PH 2019-10-26 1731 OV1RR         59  14     HB9H          59  14
QSO:  7000 PH 2019-10-26 1733 OV1RR         59  14     UW2M          59  16
QSO:  7000 PH 2019-10-26 1735 OV1RR         59  14     UP0L          59  17
QSO:  7000 PH 2019-10-26 1736 OV1RR         59  14     9A3AG         59  15
QSO:  7000 PH 2019-10-26 1739 OV1RR         59  14     4Z5LY         59  20
QSO:  7000 PH 2019-10-26 1740 OV1RR         59  14     HB2K          59  14
QSO:  7000 PH 2019-10-26 1748 OV1RR         59  14     EU1WW         59  16
QSO:  7000 PH 2019-10-26 1754 OV1RR         59  14     YU7U          59  15
QSO:  7000 PH 2019-10-26 1755 OV1RR         59  14     YT7A          59  15
QSO:  7000 PH 2019-10-26 1756 OV1RR         59  14     RO2E          59  16
QSO:  7000 PH 2019-10-26 1800 OV1RR         59  14     4L0A          59  21
QSO:  7000 PH 2019-10-26 1803 OV1RR         59  14     EC2DX         59  14
QSO:  7000 PH 2019-10-26 1805 OV1RR         59  14     CR6T          59  14
QSO:  7000 PH 2019-10-26 1807 OV1RR         59  14     OM7M          59  15
QSO:  7000 PH 2019-10-26 1809 OV1RR         59  14     LZ9W          59  20
QSO:  7000 PH 2019-10-26 1815 OV1RR         59  14     Z35T          59  15
QSO:  7000 PH 2019-10-26 1816 OV1RR         59  14     OE3LZA        59  15
QSO:  7000 PH 2019-10-26 1818 OV1RR         59  14     MD1E          59  14
QSO:  7000 PH 2019-10-26 2138 OV1RR         59  14     LZ5R          59  20
QSO:  7000 PH 2019-10-26 2139 OV1RR         59  14     IO8V          59  15
QSO:  7000 PH 2019-10-26 2141 OV1RR         59  14     YT5A          59  15
QSO:  7000 PH 2019-10-26 2149 OV1RR         59  14     C37NL         59  14
QSO:  7000 PH 2019-10-26 2153 OV1RR         59  14     IR4X          59  15
QSO:  7000 PH 2019-10-26 2155 OV1RR         59  14     D4C           59  35
QSO:  7000 PH 2019-10-26 2156 OV1RR         59  14     I2IJ          59  15
QSO:  7000 PH 2019-10-26 2159 OV1RR         59  14     P33W          59  20
QSO:  7000 PH 2019-10-26 2200 OV1RR         59  14     TC3A          59  20
QSO:  7000 PH 2019-10-26 2202 OV1RR         59  14     ED3X          59  14
QSO:  7000 PH 2019-10-26 2212 OV1RR         59  14     A44A          59  21
QSO:  7000 PH 2019-10-26 2216 OV1RR         59  14     IT9FRX        59  15
QSO:  7000 PH 2019-10-26 2217 OV1RR         59  14     EE5T          59  14
QSO:  7000 PH 2019-10-26 2218 OV1RR         59  14     IZ1GAR        59  15
QSO:  7000 PH 2019-10-26 2219 OV1RR         59  14     IR7T          59  15
QSO:  7000 PH 2019-10-26 2220 OV1RR         59  14     SB3W          59  14
QSO:  7000 PH 2019-10-26 2224 OV1RR         59  14     F5USK         59  14
QSO:  7000 PH 2019-10-26 2233 OV1RR         59  14     UB7K          59  16
QSO:  3500 PH 2019-10-26 2250 OV1RR         59  14     ES9C          59  15
QSO:  3500 PH 2019-10-26 2251 OV1RR         59  14     M6T           59  14
QSO:  3500 PH 2019-10-26 2253 OV1RR         59  14     SN5V          59  15
QSO:  3500 PH 2019-10-26 2256 OV1RR         59  14     UP0L          59  17
QSO:  3500 PH 2019-10-26 2257 OV1RR         59  14     OT5A          59  14
QSO:  3500 PH 2019-10-26 2258 OV1RR         59  14     YL3CW         59  15
QSO:  3500 PH 2019-10-26 2259 OV1RR         59  14     HG7T          59  15
QSO:  3500 PH 2019-10-26 2300 OV1RR         59  14     HG8R          59  15
QSO:  3500 PH 2019-10-26 2301 OV1RR         59  14     EI7M          59  14
QSO:  3500 PH 2019-10-26 2302 OV1RR         59  14     OL4C          59  15
QSO:  3500 PH 2019-10-26 2303 OV1RR         59  14     UX2X          59  16
QSO:  3500 PH 2019-10-26 2305 OV1RR         59  14     9A7A          59  15
QSO:  3500 PH 2019-10-26 2306 OV1RR         59  14     YT1R          59  15
QSO:  3500 PH 2019-10-26 2308 OV1RR         59  14     DQ4W          59  14
QSO:  3500 PH 2019-10-26 2309 OV1RR         59  14     YL2SW         59  15
QSO:  3500 PH 2019-10-26 2310 OV1RR         59  14     YR8D          59  20
QSO:  3500 PH 2019-10-26 2312 OV1RR         59  14     EF8R          59  33
QSO:  3500 PH 2019-10-26 2313 OV1RR         59  14     OH5Z          59  15
QSO:  3500 PH 2019-10-26 2315 OV1RR         59  14     DR5N          59  14
QSO:  3500 PH 2019-10-26 2316 OV1RR         59  14     S56Y          59  15
QSO:  3500 PH 2019-10-26 2317 OV1RR         59  14     OK1M          59  15
QSO:  3500 PH 2019-10-26 2318 OV1RR         59  14     SP7MC         59  15
QSO:  3500 PH 2019-10-26 2319 OV1RR         59  14     EW8Y          59  16
QSO:  3500 PH 2019-10-26 2321 OV1RR         59  14     GM2T          59  14
QSO:  3500 PH 2019-10-26 2322 OV1RR         59  14     S58Y          59  15
QSO:  3500 PH 2019-10-26 2324 OV1RR         59  14     F5RAG         59  14
QSO:  3500 PH 2019-10-26 2325 OV1RR         59  14     OL7C          59  15
QSO:  3500 PH 2019-10-26 2326 OV1RR         59  14     LX1HD         59  14
QSO:  3500 PH 2019-10-26 2326 OV1RR         59  14     S56P          59  15
QSO:  3500 PH 2019-10-26 2328 OV1RR         59  14     CR6P          59  14
QSO:  3500 PH 2019-10-26 2329 OV1RR         59  14     M0SQC         59  14
QSO:  3500 PH 2019-10-26 2332 OV1RR         59  14     CN3A          59  33
QSO:  3500 PH 2019-10-26 2333 OV1RR         59  14     LZ9W          59  20
QSO:  3500 PH 2019-10-26 2335 OV1RR         59  14     IO8T          59  15
QSO:  3500 PH 2019-10-26 2336 OV1RR         59  14     IR8D          59  15
QSO:  3500 PH 2019-10-26 2337 OV1RR         59  14     HA5PP         59  15
QSO:  3500 PH 2019-10-26 2338 OV1RR         59  14     UZ2I          59  16
QSO:  3500 PH 2019-10-26 2339 OV1RR         59  14     OG7A          59  15
QSO:  3500 PH 2019-10-26 2340 OV1RR         59  14     OM2VL         59  15
QSO:  3500 PH 2019-10-26 2343 OV1RR         59  14     YT5A          59  15
QSO:  3500 PH 2019-10-26 2344 OV1RR         59  14     TM3R          59  14
QSO:  3500 PH 2019-10-26 2345 OV1RR         59  14     S53M          59  15
QSO:  3500 PH 2019-10-26 2346 OV1RR         59  14     DL3SKF        59  14
QSO:  3500 PH 2019-10-26 2349 OV1RR         59  14     RT6A          59  16
QSO:  3500 PH 2019-10-26 2350 OV1RR         59  14     RL3A          59  16
QSO:  3500 PH 2019-10-26 2353 OV1RR         59  14     S54ZZ         59  15
QSO:  3500 PH 2019-10-26 2357 OV1RR         59  14     DM4X          59  14
QSO:  3500 PH 2019-10-26 2358 OV1RR         59  14     OL9R          59  15
QSO:  3500 PH 2019-10-27 0001 OV1RR         59  14     M4A           59  14
QSO:  3500 PH 2019-10-27 0002 OV1RR         59  14     UB7K          59  16
QSO:  3500 PH 2019-10-27 0006 OV1RR         59  14     DF0HQ         59  14
QSO: 21000 PH 2019-10-27 1519 OV1RR         59  14     PR4T          59  11
QSO: 21000 PH 2019-10-27 1521 OV1RR         59  14     PY2SHF        59  11
QSO: 21000 PH 2019-10-27 1522 OV1RR         59  14     EA7PP         59  14
QSO: 21000 PH 2019-10-27 1523 OV1RR         59  14     P33W          59  20
QSO: 21000 PH 2019-10-27 1524 OV1RR         59  14     IO5O          59  15
QSO: 21000 PH 2019-10-27 1526 OV1RR         59  14     EA3RCI        59  14
QSO: 21000 PH 2019-10-27 1527 OV1RR         59  14     PX2A          59  11
QSO: 21000 PH 2019-10-27 1528 OV1RR         59  14     CN3A          59  33
QSO: 21000 PH 2019-10-27 1529 OV1RR         59  14     ED7R          59  14
QSO: 21000 PH 2019-10-27 1604 OV1RR         59  14     PY2KJ         59  11
QSO: 21000 PH 2019-10-27 1609 OV1RR         59  14     F1RHS         59  14
QSO: 21000 PH 2019-10-27 1611 OV1RR         59  14     ZW5B          59  11
QSO: 21000 PH 2019-10-27 1612 OV1RR         59  14     IO9A          59  15
QSO: 21000 PH 2019-10-27 1614 OV1RR         59  14     F5USK         59  14
QSO: 21000 PH 2019-10-27 1614 OV1RR         59  14     IR6T          59  15
QSO: 21000 PH 2019-10-27 1615 OV1RR         59  14     LZ9W          59  20
QSO: 21000 PH 2019-10-27 1617 OV1RR         59  14     EC2DX         59  14
QSO: 21000 PH 2019-10-27 1621 OV1RR         59  14     F1AGR         59  14
QSO: 21000 PH 2019-10-27 1624 OV1RR         59  14     LU5VV         59  13
QSO: 21000 PH 2019-10-27 1628 OV1RR         59  14     I4XNN         59  15
QSO: 21000 PH 2019-10-27 1631 OV1RR         59  14     I4LCK         59  15
QSO: 21000 PH 2019-10-27 1633 OV1RR         59  14     IR4M          59  15
QSO:  7000 PH 2019-10-27 2223 OV1RR         59  14     II9P          59  15
QSO:  7000 PH 2019-10-27 2225 OV1RR         59  14     LZ5K          59  20
QSO:  7000 PH 2019-10-27 2226 OV1RR         59  14     IR6T          59  15
QSO:  7000 PH 2019-10-27 2227 OV1RR         59  14     IR4M          59  15
QSO:  7000 PH 2019-10-27 2238 OV1RR         59  14     CR6K          59  14
QSO:  7000 PH 2019-10-27 2240 OV1RR         59  14     TC0F          59  20
QSO:  7000 PH 2019-10-27 2241 OV1RR         59  14     IO9A          59  15
QSO:  7000 PH 2019-10-27 2242 OV1RR         59  14     CR6P          59  14
QSO:  7000 PH 2019-10-27 2244 OV1RR         59  14     EF1W          59  14
QSO:  7000 PH 2019-10-27 2246 OV1RR         59  14     CR3DX         59  33
QSO:  7000 PH 2019-10-27 2248 OV1RR         59  14     PJ4K          59  09
QSO:  7000 PH 2019-10-27 2249 OV1RR         59  14     IB9A          59  15
QSO:  7000 PH 2019-10-27 2251 OV1RR         59  14     4X6FR         59  20
QSO:  7000 PH 2019-10-27 2252 OV1RR         59  14     V47T          59  08
QSO:  7000 PH 2019-10-27 2259 OV1RR         59  14     EF5Y          59  14
QSO:  7000 PH 2019-10-27 2300 OV1RR         59  14     SZ1A          59  20
QSO:  7000 PH 2019-10-27 2304 OV1RR         59  14     EA5KL         59  14
QSO:  7000 PH 2019-10-27 2310 OV1RR         59  14     SV2CLJ        59  20
QSO:  7000 PH 2019-10-27 2311 OV1RR         59  14     UW7LL         59  16
QSO:  7000 PH 2019-10-27 2313 OV1RR         59  14     4Z7Z          59  20
QSO:  7000 PH 2019-10-27 2316 OV1RR         59  14     A61ZX         59  21
QSO:  7000 PH 2019-10-27 2317 OV1RR         59  14     UR6EA         59  16
QSO:  7000 PH 2019-10-27 2319 OV1RR         59  14     LY4ZF         59  15
QSO:  1800 PH 2019-10-27 2324 OV1RR         59  14     TM4X          59  14
QSO:  1800 PH 2019-10-27 2325 OV1RR         59  14     OT5A          59  14
QSO:  1800 PH 2019-10-27 2327 OV1RR         59  14     DF0HQ         59  14
QSO:  1800 PH 2019-10-27 2328 OV1RR         59  14     UX5IS         59  16
QSO:  1800 PH 2019-10-27 2329 OV1RR         59  14     EU1WW         59  16
QSO:  1800 PH 2019-10-27 2330 OV1RR         59  14     OK1T          59  15
QSO:  1800 PH 2019-10-27 2331 OV1RR         59  14     ES9C          59  15
QSO:  1800 PH 2019-10-27 2332 OV1RR         59  14     OR2M          59  14
QSO:  1800 PH 2019-10-27 2335 OV1RR         59  14     DL0WM         59  14
QSO:  1800 PH 2019-10-27 2336 OV1RR         59  14     DL1D          59  14
QSO:  1800 PH 2019-10-27 2340 OV1RR         59  14     HG6N          59  15
QSO:  1800 PH 2019-10-27 2341 OV1RR         59  14     YL4U          59  15
QSO:  1800 PH 2019-10-27 2346 OV1RR         59  14     HG0R          59  15
QSO:  1800 PH 2019-10-27 2347 OV1RR         59  14     LY5W          59  15
QSO:  1800 PH 2019-10-27 2354 OV1RR         59  14     OL0W          59  15
QSO:  1800 PH 2019-10-27 2355 OV1RR         59  14     EU4A          59  16
QSO:  1800 PH 2019-10-27 2359 OV1RR         59  14     OM0M          59  15
END-OF-LOG:
