START-OF-LOG: 3.0
CONTEST: CQ-WW-SSB
CALLSIGN: F8AXO
LOCATION: DX
CATEGORY-OPERATOR: SINGLE-OP
CATEGORY-ASSISTED: NON-ASSISTED
CATEGORY-BAND: ALL
CATEGORY-POWER: LOW
CATEGORY-MODE: SSB
CATEGORY-TRANSMITTER: ONE
CATEGORY-OVERLAY: CLASSIC
GRID-LOCATOR: JN24AD
CLAIMED-SCORE:
NAME: OLIVIER RIZZATO
OPERATORS: OLIVIER
CREATED-BY: Ham Radio Deluxe Version 4.0 SP1 build 1848
QSO:  7000 PH 2020-10-25 2225  F8AXO           59  14        YU7XX           59  15      
QSO:  7000 PH 2020-10-25 2223  F8AXO           59  14        HG7T            59  15      
QSO:  7000 PH 2020-10-25 2218  F8AXO           59  14        OL9R            59  15      
QSO:  7000 PH 2020-10-25 2216  F8AXO           59  14        UV5U            59  16      
QSO:  7000 PH 2020-10-25 2214  F8AXO           59  14        S52ZW           59  15      
QSO:  7000 PH 2020-10-25 2213  F8AXO           59  14        9A1TT           59  15      
QSO:  7000 PH 2020-10-25 2211  F8AXO           59  14        OM7RU           59  15      
QSO:  7000 PH 2020-10-25 2209  F8AXO           59  14        HG7T            59  15      
QSO:  1800 PH 2020-10-25 2206  F8AXO           59  14        EA2W            59  14      
QSO:  3500 PH 2020-10-25 2202  F8AXO           59  14        IK5ZWU          59  15      
QSO:  3500 PH 2020-10-25 2159  F8AXO           59  14        S53MM           59  15      
QSO:  3500 PH 2020-10-25 2158  F8AXO           59  14        A65DR           59  21      
QSO:  3500 PH 2020-10-25 2156  F8AXO           59  14        9A6KX           59  15      
QSO:  3500 PH 2020-10-25 2154  F8AXO           59  14        HB9NE           59  14      
QSO:  3500 PH 2020-10-25 2150  F8AXO           59  14        II8M            59  15      
QSO:  3500 PH 2020-10-25 2143  F8AXO           59  14        IU1FSL          59  15      
QSO:  3500 PH 2020-10-25 2141  F8AXO           59  14        IZ8DEP          59  15      
QSO:  3500 PH 2020-10-25 2139  F8AXO           59  14        IK1ZOF/3        59  15      
QSO:  3500 PH 2020-10-25 2137  F8AXO           59  14        IC8WIC          59  15      
QSO:  3500 PH 2020-10-25 2136  F8AXO           59  14        S56M            59  15      
QSO:  3500 PH 2020-10-25 2135  F8AXO           59  14        F6KJS           59  14      
QSO:  3500 PH 2020-10-25 2132  F8AXO           59  14        IK3UNA          59  15      
QSO:  7000 PH 2020-10-25 2125  F8AXO           59  14        OK6T            59  15      
QSO:  7000 PH 2020-10-25 2119  F8AXO           59  14        RA5G            59  16      
QSO:  7000 PH 2020-10-25 2118  F8AXO           59  14        UT7CR           59  16      
QSO:  7000 PH 2020-10-25 2116  F8AXO           59  14        SQ6H            59  15      
QSO:  7000 PH 2020-10-25 2105  F8AXO           59  14        HG1A            59  15      
QSO:  7000 PH 2020-10-25 2100  F8AXO           59  14        RA3W            59  16      
QSO:  7000 PH 2020-10-25 2059  F8AXO           59  14        UI5R            59  16      
QSO:  7000 PH 2020-10-25 2057  F8AXO           59  14        9A1KDE          59  15      
QSO:  7000 PH 2020-10-25 2056  F8AXO           59  14        YP0C            59  20      
QSO:  7000 PH 2020-10-25 2054  F8AXO           59  14        LZ5R            59  20      
QSO:  7000 PH 2020-10-25 2052  F8AXO           59  14        A42K            59  21      
QSO:  7000 PH 2020-10-25 2051  F8AXO           59  14        RY3D            59  16      
QSO:  7000 PH 2020-10-25 2049  F8AXO           59  14        LZ5K            59  20      
QSO:  7000 PH 2020-10-25 2046  F8AXO           59  14        SV2JAO          59  20      
QSO:  7000 PH 2020-10-25 2045  F8AXO           59  14        PA4O            59  14      
QSO:  7000 PH 2020-10-25 2041  F8AXO           59  14        RC7KY           59  16      
QSO:  7000 PH 2020-10-25 2037  F8AXO           59  14        DA2X            59  14      
QSO: 14000 PH 2020-10-25 2032  F8AXO           59  14        OZ7X            59  14      
QSO:  1800 PH 2020-10-25 2030  F8AXO           59  14        S56X            59  15      
QSO:  1800 PH 2020-10-25 2028  F8AXO           59  14        IR4M            59  15      
QSO:  1800 PH 2020-10-25 2024  F8AXO           59  14        HB9TOC          59  14      
QSO:  1800 PH 2020-10-25 2020  F8AXO           59  14        IR0A            59  15      
QSO: 14000 PH 2020-10-25 1849  F8AXO           59  14        OH0X            59  15      
QSO: 14000 PH 2020-10-25 1844  F8AXO           59  14        DK3T            59  14      
QSO:  7000 PH 2020-10-25 1840  F8AXO           59  14        OL7T            59  15      
QSO:  7000 PH 2020-10-25 1834  F8AXO           59  14        TA7OM           59  20      
QSO:  7000 PH 2020-10-25 1832  F8AXO           59  14        YT7A            59  15      
QSO:  7000 PH 2020-10-25 1831  F8AXO           59  14        YU1AFV          59  15      
QSO:  7000 PH 2020-10-25 1829  F8AXO           59  14        SN3A            59  15      
QSO:  3500 PH 2020-10-25 1827  F8AXO           59  14        ED3C            59  14      
QSO:  3500 PH 2020-10-25 1826  F8AXO           59  14        RT4F            59  16      
QSO:  3500 PH 2020-10-25 1824  F8AXO           59  14        OM6NM           59  15      
QSO:  3500 PH 2020-10-25 1814  F8AXO           59  14        S53M            59  15      
QSO:  3500 PH 2020-10-25 1812  F8AXO           59  14        DK1DU           59  14      
QSO:  3500 PH 2020-10-25 1809  F8AXO           59  14        IS0BWM          59  15      
QSO:  3500 PH 2020-10-25 1807  F8AXO           59  14        YT5A            59  15      
QSO:  3500 PH 2020-10-25 1805  F8AXO           59  14        HA8A            59  15      
QSO:  3500 PH 2020-10-25 1803  F8AXO           59  14        II2S            59  15      
QSO:  3500 PH 2020-10-25 1800  F8AXO           59  14        OE8YXK          59  15      
QSO:  1800 PH 2020-10-25 1753  F8AXO           59  14        OL0M            59  15      
QSO:  7000 PH 2020-10-25 1601  F8AXO           59  14        S51CK           59  15      
QSO:  7000 PH 2020-10-25 1600  F8AXO           59  14        YO3JW           59  20      
QSO:  7000 PH 2020-10-25 1558  F8AXO           59  14        IZ7XUQ          59  15      
QSO:  7000 PH 2020-10-25 1552  F8AXO           59  14        9A3K            59  15      
QSO: 14000 PH 2020-10-25 1540  F8AXO           59  14        YO9GR           59  20      
QSO:  3500 PH 2020-10-25 1532  F8AXO           59  14        IZ4REF          59  15      
QSO:  3500 PH 2020-10-25 1530  F8AXO           59  14        S56Y            59  15      
QSO:  3500 PH 2020-10-25 1525  F8AXO           59  14        IK2QPR          59  15      
QSO:  3500 PH 2020-10-25 1524  F8AXO           59  14        I5MXX           59  15      
QSO:  7000 PH 2020-10-25 1519  F8AXO           59  14        IZ8GUQ          59  15      
QSO:  7000 PH 2020-10-25 1515  F8AXO           59  14        LY1FW           59  15      
QSO:  7000 PH 2020-10-25 1508  F8AXO           59  14        IN3AHO          59  15      
QSO:  7000 PH 2020-10-25 1506  F8AXO           59  14        SQ9C            59  15      
QSO:  7000 PH 2020-10-25 1504  F8AXO           59  14        IU5ICR          59  15      
QSO:  7000 PH 2020-10-25 1503  F8AXO           59  14        IK0EFR          59  15      
QSO:  7000 PH 2020-10-25 1501  F8AXO           59  14        DL7CX           59  14      
QSO:  7000 PH 2020-10-25 1500  F8AXO           59  14        TK4RB           59  15      
QSO: 21000 PH 2020-10-25 1322  F8AXO           59  14        SP7MC           59  15      
QSO: 21000 PH 2020-10-25 1321  F8AXO           59  14        5Z4VJ           59  37      
QSO: 21000 PH 2020-10-25 1316  F8AXO           59  14        4X6HX           59  20      
QSO: 21000 PH 2020-10-25 1313  F8AXO           59  14        OL5M            59  15      
QSO: 21000 PH 2020-10-25 1312  F8AXO           59  14        4X7R            59  20      
QSO: 21000 PH 2020-10-25 1258  F8AXO           59  14        4Z4AK           59  20      
QSO: 21000 PH 2020-10-25 1251  F8AXO           59  14        MI0M            59  14      
QSO: 21000 PH 2020-10-25 1248  F8AXO           59  14        LZ5R            59  20      
QSO:  7000 PH 2020-10-25 1240  F8AXO           59  14        9A3TY           59  15      
QSO:  7000 PH 2020-10-25 1239  F8AXO           59  14        IW1FRU          59  15      
QSO:  7000 PH 2020-10-25 1230  F8AXO           59  14        4O4T            59  15      
QSO:  7000 PH 2020-10-25 1222  F8AXO           59  14        IT6BGJ          59  15      
QSO:  7000 PH 2020-10-25 1221  F8AXO           59  14        DK9NCX          59  14      
QSO:  7000 PH 2020-10-25 1220  F8AXO           59  14        DM7X            59  14      
QSO:  7000 PH 2020-10-25 1219  F8AXO           59  14        HB9FKK          59  14      
QSO:  7000 PH 2020-10-25 1216  F8AXO           59  14        IK4RAJ          59  15      
QSO:  7000 PH 2020-10-25 1214  F8AXO           59  14        IB9A            59  15      
QSO:  7000 PH 2020-10-25 1212  F8AXO           59  14        LZ9W            59  20      
QSO:  7000 PH 2020-10-25 1210  F8AXO           59  14        OK1KMU          59  15      
QSO:  7000 PH 2020-10-25 1209  F8AXO           59  14        IK6BGJ          59  15      
QSO:  7000 PH 2020-10-25 1207  F8AXO           59  14        DF0HQ           59  14      
QSO: 28000 PH 2020-10-25 1201  F8AXO           59  14        RT6A            59  16      
QSO: 28000 PH 2020-10-25 1046  F8AXO           59  14        EW1I            59  16      
QSO: 28000 PH 2020-10-25 1038  F8AXO           59  14        G6XX            59  14      
QSO: 28000 PH 2020-10-25 1027  F8AXO           59  14        SQ6H            59  15      
QSO: 28000 PH 2020-10-25 1024  F8AXO           59  14        OE1HHB          59  15      
QSO: 28000 PH 2020-10-25 1023  F8AXO           59  14        HA2KMR          59  15      
QSO: 28000 PH 2020-10-25 1019  F8AXO           59  14        UW7LL           59  16      
QSO: 28000 PH 2020-10-25 1016  F8AXO           59  14        SP9KDA          59  15      
QSO: 28000 PH 2020-10-25 1014  F8AXO           59  14        HA1AD           59  15      
QSO: 28000 PH 2020-10-25 1011  F8AXO           59  14        9A6KX           59  15      
QSO: 28000 PH 2020-10-25 1004  F8AXO           59  14        HA5PP           59  15      
QSO: 28000 PH 2020-10-25 1001  F8AXO           59  14        YT4T            59  15      
QSO: 28000 PH 2020-10-25 0958  F8AXO           59  14        OE8SDR          59  15      
QSO: 28000 PH 2020-10-25 0954  F8AXO           59  14        MM3T            59  14      
QSO: 28000 PH 2020-10-25 0953  F8AXO           59  14        J42L            59  20      
QSO: 28000 PH 2020-10-25 0951  F8AXO           59  14        S57K            59  15      
QSO: 28000 PH 2020-10-25 0949  F8AXO           59  14        HG1A            59  15      
QSO: 28000 PH 2020-10-25 0947  F8AXO           59  14        HA3FTA          59  15      
QSO: 28000 PH 2020-10-25 0945  F8AXO           59  14        9A8A            59  15      
QSO: 28000 PH 2020-10-25 0941  F8AXO           59  14        OM0R            59  15      
QSO: 28000 PH 2020-10-25 0937  F8AXO           59  14        IK8NSR          59  15      
QSO: 28000 PH 2020-10-25 0930  F8AXO           59  14        YO5OHO          59  20      
QSO: 28000 PH 2020-10-25 0923  F8AXO           59  14        YT8WW           59  15      
QSO: 28000 PH 2020-10-25 0922  F8AXO           59  14        YT2T            59  15      
QSO: 28000 PH 2020-10-25 0916  F8AXO           59  14        UW5Y            59  16      
QSO: 28000 PH 2020-10-25 0907  F8AXO           59  14        YT5A            59  15      
QSO: 28000 PH 2020-10-25 0904  F8AXO           59  14        LZ9A            59  20      
QSO: 28000 PH 2020-10-25 0858  F8AXO           59  14        LZ9W            59  20      
QSO: 28000 PH 2020-10-25 0856  F8AXO           59  14        YO7WC           59  20      
QSO: 28000 PH 2020-10-25 0855  F8AXO           59  14        E77A            59  14      
QSO:  7000 PH 2020-10-25 0737  F8AXO           59  14        9A1UN           59  15      
QSO:  7000 PH 2020-10-25 0732  F8AXO           59  14        DP7D            59  15      
QSO:  7000 PH 2020-10-25 0729  F8AXO           59  14        EC1T            59  14      
QSO: 14000 PH 2020-10-25 0701  F8AXO           59  14        YL2SM           59  15      
QSO:  1800 PH 2020-10-24 2203  F8AXO           59  14        IO1T            59  15      
QSO:  3500 PH 2020-10-24 2151  F8AXO           59  14        HG5A            59  15      
QSO:  3500 PH 2020-10-24 2147  F8AXO           59  14        DF0HQ           59  14      
QSO:  3500 PH 2020-10-24 2146  F8AXO           59  14        I1JTQ           59  15      
QSO:  3500 PH 2020-10-24 1757  F8AXO           59  14        IZ5NFD          59  15      
QSO:  3500 PH 2020-10-24 1752  F8AXO           59  14        IK0ETA          59  15      
QSO:  3500 PH 2020-10-24 1746  F8AXO           59  14        IZ6FXP          59  15      
QSO: 14000 PH 2020-10-24 1356  F8AXO           59  14        OH8X            59  15      
QSO: 14000 PH 2020-10-24 1353  F8AXO           59  14        OH2KW           59  15      
QSO: 14000 PH 2020-10-24 1351  F8AXO           59  14        YL2BJ           59  15      
QSO: 14000 PH 2020-10-24 1348  F8AXO           59  14        YP0C            59  20      
QSO: 14000 PH 2020-10-24 1346  F8AXO           59  14        R2AL            59  16      
QSO:  3500 PH 2020-10-24 1343  F8AXO           59  14        IZ0SPA          59  15      
QSO: 21000 PH 2020-10-24 1332  F8AXO           59  14        DF0HQ           59  14      
QSO:  7000 PH 2020-10-24 1317  F8AXO           59  14        OL5C            59  15      
QSO:  7000 PH 2020-10-24 1315  F8AXO           59  14        HB9GZE          59  14      
QSO:  7000 PH 2020-10-24 1311  F8AXO           59  14        DQ4W            59  15      
QSO:  7000 PH 2020-10-24 1309  F8AXO           59  14        IO4R            59  15      
QSO:  7000 PH 2020-10-24 1307  F8AXO           59  14        IW0HLZ          59  15      
QSO:  7000 PH 2020-10-24 1304  F8AXO           59  14        OE3LZA          59  15      
QSO:  7000 PH 2020-10-24 1212  F8AXO           59  14        DF0HQ           59  14      
QSO:  7000 PH 2020-10-24 1209  F8AXO           59  14        OL4C            59  15      
QSO:  7000 PH 2020-10-24 1206  F8AXO           59  14        PC2T            59  14      
QSO: 28000 PH 2020-10-24 1140  F8AXO           59  14        EE7K            59  14      
QSO: 28000 PH 2020-10-24 1137  F8AXO           59  14        IT9ZTX          59  15      
QSO: 28000 PH 2020-10-24 1134  F8AXO           59  14        IT9BLB          59  15      
QSO: 28000 PH 2020-10-24 1130  F8AXO           59  14        IT9ACN          59  15      
QSO: 28000 PH 2020-10-24 1126  F8AXO           59  14        SO9I            59  15      
QSO: 28000 PH 2020-10-24 1125  F8AXO           59  14        CT7AIU          59  14      
QSO:  7000 PH 2020-10-24 1122  F8AXO           59  14        IS0BWM          59  15      
QSO:  7000 PH 2020-10-24 1117  F8AXO           59  14        C31LK           59  14      
QSO: 28000 PH 2020-10-24 1104  F8AXO           59  14        IT9BUN          59  15      
QSO: 28000 PH 2020-10-24 1058  F8AXO           59  14        FR4QT           59  39      
QSO: 28000 PH 2020-10-24 1053  F8AXO           59  14        IO9A            59  15      
QSO: 14000 PH 2020-10-24 0933  F8AXO           59  14        IF9A            59  15      
QSO: 14000 PH 2020-10-24 0917  F8AXO           59  14        IT9DQM          59  15      
QSO: 14000 PH 2020-10-24 0915  F8AXO           59  14        TA7OM           59  20      
QSO: 14000 PH 2020-10-24 0910  F8AXO           59  14        EC7R            59  14      
QSO: 21000 PH 2020-10-24 0848  F8AXO           59  14        3V8SS           59  33      
QSO: 21000 PH 2020-10-24 0847  F8AXO           59  14        IT9HBT          59  15      
QSO: 21000 PH 2020-10-24 0842  F8AXO           59  14        SV8SS           59  20      
QSO: 14000 PH 2020-10-24 0817  F8AXO           59  14        IT9FRX          59  15      
QSO: 14000 PH 2020-10-24 0805  F8AXO           59  14        IT9ZMX          59  15      
QSO: 14000 PH 2020-10-24 0803  F8AXO           59  14        OK5Z            59  15      
QSO: 21000 PH 2020-10-24 0756  F8AXO           59  14        EA8KY           59  33      
QSO: 14000 PH 2020-10-24 0738  F8AXO           59  14        RZ3Z            59  16      
QSO:  3500 PH 2020-10-24 0734  F8AXO           59  14        IK2QPR          59  15      
QSO:  7000 PH 2020-10-24 0728  F8AXO           59  14        CR6T            59  14      
QSO:  7000 PH 2020-10-24 0727  F8AXO           59  14        ED7B            59  14      
QSO: 14000 PH 2020-10-24 0716  F8AXO           59  14        RU1A            59  16      
QSO: 14000 PH 2020-10-24 0712  F8AXO           59  14        IO9R            59  15      
QSO: 14000 PH 2020-10-24 0705  F8AXO           59  14        UR3GU           59  16      
QSO: 14000 PH 2020-10-24 0702  F8AXO           59  14        UY5ZZ           59  16      
QSO: 14000 PH 2020-10-24 0700  F8AXO           59  14        ES9C            59  15      
QSO: 14000 PH 2020-10-24 0647  F8AXO           59  14        YO9HP           59  20      
QSO: 21000 PH 2020-10-24 0635  F8AXO           59  14        A42K            59  21      
QSO: 21000 PH 2020-10-24 0631  F8AXO           59  14        A60A            59  21      
QSO: 21000 PH 2020-10-24 0626  F8AXO           59  14        4Z5LA           59  20      
QSO:  3500 PH 2020-10-24 0603  F8AXO           59  14        OE6Z            59  15      
QSO:  3500 PH 2020-10-24 0601  F8AXO           59  14        DJ5MW           59  14      
QSO:  3500 PH 2020-10-24 0557  F8AXO           59  14        S56B            59  15      
QSO:  3500 PH 2020-10-24 0551  F8AXO           59  14        I5MXX           59  15      
END-OF-LOG: