START-OF-LOG: 3.0
CREATED-BY: vhfmanager-downloader
CONTEST: ZRS Maraton 7. termin - Unofficial results - VHFManager
CALLSIGN: OL1B
CATEGORY: 145 MHz - Generated log
CATEGORY-OPERATOR: SINGLE-OP
CATEGORY-ASSISTED: NON-ASSISTED
CATEGORY-TRANSMITTER: ONE
CATEGORY-STATION: FIXED
QSO: 144300 PH 2020-09-20 0810 OL1B          8   JO80IB JO80IB OL1B          SSB OM6TX 59  
QSO: 144300 PH 2020-09-20 0815 OL1B          12  JO80IB JO80IB OL1B          SSB OM6ABF 59 
QSO: 144300 PH 2020-09-20 0822 OL1B          17  JO80IB JO80IB OL1B          SSB 9A0V 59   
QSO: 144300 PH 2020-09-20 0837 OL1B          40  JO80IB JO80IB OL1B          SSB SP9EYX 59 
QSO: 144300 PH 2020-09-20 0838 OL1B          43  JO80IB JO80IB OL1B          SSB OK1VOF 59 
QSO: 144300 PH 2020-09-20 0918 OL1B          98  JO80IB JO80IB OL1B          FM  SN9A 59   
QSO: 144300 PH 2020-09-20 0951 OL1B          116 JO80IB JO80IB OL1B          CW  9A4P 599  
QSO: 144300 PH 2020-09-20 0959 OL1B          118 JO80IB JO80IB OL1B          CW  YO2BBT 599
QSO: 144300 PH 2020-09-20 1003 OL1B          119 JO80IB JO80IB OL1B          SSB S53MR 59  
QSO: 144300 PH 2020-09-20 1014 OL1B          120 JO80IB JO80IB OL1B          CW  YO5AVN 599
QSO: 144300 PH 2020-09-20 1015 OL1B          121 JO80IB JO80IB OL1B          CW  SN3R 599  
QSO: 144300 PH 2020-09-20 1022 OL1B          125 JO80IB JO80IB OL1B          SSB SP9RQH 59 
QSO: 144300 PH 2020-09-20 1031 OL1B          127 JO80IB JO80IB OL1B          SSB 9A2B 59   
QSO: 144300 PH 2020-09-20 1032 OL1B          130 JO80IB JO80IB OL1B          SSB 9A2KI/P 59
QSO: 144300 PH 2020-09-20 1036 OL1B          134 JO80IB JO80IB OL1B          SSB 9A1DL 59  
QSO: 144300 PH 2020-09-20 1039 OL1B          135 JO80IB JO80IB OL1B          SSB 9A5AB 59  
QSO: 144300 PH 2020-09-20 1044 OL1B          136 JO80IB JO80IB OL1B          SSB 9A7KFF 59 
QSO: 144300 PH 2020-09-20 1042 OL1B          137 JO80IB JO80IB OL1B          SSB 9A0C 59   
QSO: 144300 PH 2020-09-20 1049 OL1B          140 JO80IB JO80IB OL1B          SSB YT1WP 59  
END-OF-LOG:
