START-OF-LOG: 3.0
CONTEST: CQ-WW-SSB
CALLSIGN: F5KGA
LOCATION: DX
CATEGORY-OPERATOR: MULTI-OP
CATEGORY-ASSISTED: ASSISTED
CATEGORY-BAND: ALL
CATEGORY-POWER: LOW
CATEGORY-MODE: SSB
CATEGORY-TRANSMITTER: ONE
CATEGORY-STATION: FIXED
CATEGORY-OVERLAY:
GRID-LOCATOR:
CLAIMED-SCORE: 6768
NAME: ADRI 38
OPERATORS: F4IMF F4ISE F4JBQ F1HRJ F4HKA
CREATED-BY: N1MM Logger+ 1.0.8954.0
QSO:   14000 PH 2021-10-30 1352 F5KGA            59  14    UR24             59   16      0
QSO:   28000 PH 2021-10-31 0937 F5KGA            59  14    TA7OM            59   20      0
QSO:   28000 PH 2021-10-31 0946 F5KGA            59  14    RT4F             59   16      0
QSO:   28000 PH 2021-10-31 0957 F5KGA            59  14    R3RZ             59   16      0
QSO:   28000 PH 2021-10-31 1002 F5KGA            59  14    EA8RM            59   33      0
QSO:   28000 PH 2021-10-31 1010 F5KGA            59  14    OL7M             59   15      0
QSO:   21000 PH 2021-10-31 1021 F5KGA            59  14    SX9X             59   20      0
QSO:   21000 PH 2021-10-31 1024 F5KGA            59  14    DA2X             59   14      0
QSO:   21000 PH 2021-10-31 1026 F5KGA            59  14    TC3A             59   20      0
QSO:   21000 PH 2021-10-31 1028 F5KGA            59  14    RU1A             59   16      0
QSO:   21000 PH 2021-10-31 1031 F5KGA            59  14    UW4E             59   16      0
QSO:   21000 PH 2021-10-31 1037 F5KGA            59  14    ES9C             59   15      0
QSO:   21000 PH 2021-10-31 1046 F5KGA            59  14    A73A             59   21      0
QSO:   21000 PH 2021-10-31 1055 F5KGA            59  14    DM0Y             59   14      0
QSO:   21000 PH 2021-10-31 1057 F5KGA            59  14    DL2ARD           59   14      0
QSO:   21000 PH 2021-10-31 1104 F5KGA            59  14    RA3RCL           59   16      0
QSO:   21000 PH 2021-10-31 1109 F5KGA            59  14    HG7T             59   15      0
QSO:   21000 PH 2021-10-31 1111 F5KGA            59  14    RT2D             59   16      0
QSO:   21000 PH 2021-10-31 1115 F5KGA            59  14    UT5LO            59   16      0
QSO:   14000 PH 2021-10-31 1120 F5KGA            59  14    UT3EV            59   16      0
QSO:   14000 PH 2021-10-31 1150 F5KGA            59  14    CF3A             59   14      0
QSO:   14000 PH 2021-10-31 1152 F5KGA            59  14    UA6LCN           59   16      0
QSO:   14000 PH 2021-10-31 1154 F5KGA            59  14    OM5M             59   15      0
QSO:   14000 PH 2021-10-31 1202 F5KGA            59  14    EW/R3XA          59   16      0
QSO:   14000 PH 2021-10-31 1208 F5KGA            59  14    SK2A             59   14      0
QSO:   14000 PH 2021-10-31 1347 F5KGA            59  14    IR9R             59   15      0
QSO:   14000 PH 2021-10-31 1357 F5KGA            59  14    HG3N             59   15      0
QSO:   14000 PH 2021-10-31 1401 F5KGA            59  14    YT3X             59   15      0
QSO:   14000 PH 2021-10-31 1403 F5KGA            59  14    RA1G             59   16      0
QSO:   14000 PH 2021-10-31 1407 F5KGA            59  14    R91A             59   16      0
QSO:   14000 PH 2021-10-31 1415 F5KGA            59  14    LZ9W             59   20      0
QSO:   14000 PH 2021-10-31 1422 F5KGA            59  14    R5AJ             59   14      0
QSO:   14000 PH 2021-10-31 1428 F5KGA            59  14    G6XX             59   14      0
QSO:   14000 PH 2021-10-31 1431 F5KGA            59  14    A73A             59   21      0
QSO:   14000 PH 2021-10-31 1432 F5KGA            59  14    OM7JG            59   15      0
QSO:   14000 PH 2021-10-31 1435 F5KGA            59  14    SO7E             59   15      0
QSO:   14000 PH 2021-10-31 1438 F5KGA            59  14    OL9Z             59   15      0
QSO:   14000 PH 2021-10-31 1439 F5KGA            59  14    9H6A             59   15      0
QSO:   14000 PH 2021-10-31 1441 F5KGA            59  14    ES9C             59   15      0
QSO:   14000 PH 2021-10-31 1443 F5KGA            59  14    UA2FW            59   15      0
QSO:   14000 PH 2021-10-31 1452 F5KGA            59  14    IT9STX           59   15      0
QSO:   14000 PH 2021-10-31 1454 F5KGA            59  14    RK7A             59   16      0
QSO:   14000 PH 2021-10-31 1500 F5KGA            59  14    SQ2A             59   15      0
QSO:   14000 PH 2021-10-31 1502 F5KGA            59  14    R4GM             59   16      0
QSO:   14000 PH 2021-10-31 1503 F5KGA            59  14    OK7K             59   15      0
QSO:   14000 PH 2021-10-31 1505 F5KGA            59  14    CR3A             59   33      0
QSO:   14000 PH 2021-10-31 1506 F5KGA            59  14    UA4M             59   16      0
QSO:   14000 PH 2021-10-31 1543 F5KGA            59  14    SJ2W             59   14      0
QSO:    7000 PH 2021-10-31 1551 F5KGA            59  14    IW1FRU           59   15      0
QSO:    7000 PH 2021-10-31 1556 F5KGA            59  14    PI4COM           59   14      0
QSO:    7000 PH 2021-10-31 1558 F5KGA            59  14    F6KOP            59   14      0
QSO:    7000 PH 2021-10-31 1604 F5KGA            59  14    DF0HQ            59   14      0
QSO:    7000 PH 2021-10-31 1608 F5KGA            59  14    YU1AFV           59   15      0
QSO:    7000 PH 2021-10-31 1609 F5KGA            59  14    IX1HPN           59   15      0
QSO:    7000 PH 2021-10-31 1611 F5KGA            59  14    YU7XX            59   15      0
QSO:    7000 PH 2021-10-31 1615 F5KGA            59  14    YU1UO            59   15      0
QSO:    7000 PH 2021-10-31 1618 F5KGA            59  14    DL4VDA           59   14      0
QSO:    7000 PH 2021-10-31 1620 F5KGA            59  14    SN3A             59   15      0
QSO:   14000 PH 2021-10-31 1627 F5KGA            59  14    LY2ZO            59   15      0
QSO:   14000 PH 2021-10-31 1632 F5KGA            59  14    RT6A             59   16      0
QSO:   14000 PH 2021-10-31 1634 F5KGA            59  14    YT0W             59   15      0
QSO:   14000 PH 2021-10-31 1636 F5KGA            59  14    YT5A             59   15      0
QSO:   14000 PH 2021-10-31 1639 F5KGA            59  14    ZA5G             59   15      0
QSO:    3500 PH 2021-10-31 1716 F5KGA            59  14    F6KOP            59   14      0
QSO:    3500 PH 2021-10-31 1719 F5KGA            59  14    I1JTQ            59   15      0
QSO:    3500 PH 2021-10-31 1736 F5KGA            59  14    IR2LIR           59   15      0
QSO:    3500 PH 2021-10-31 1744 F5KGA            59  14    HB9DTV           59   14      0
QSO:    3500 PH 2021-10-31 1748 F5KGA            59  14    IS0ANU           59   15      0
QSO:    3500 PH 2021-10-31 1752 F5KGA            59  14    HA1TJ            59   15      0
QSO:    3500 PH 2021-10-31 1756 F5KGA            59  14    OT5AOT           59   14      0
QSO:    3500 PH 2021-10-31 1759 F5KGA            59  14    EE7L             59   14      0
QSO:    3500 PH 2021-10-31 1801 F5KGA            59  14    M6T              59   14      0
QSO:    3500 PH 2021-10-31 1804 F5KGA            59  14    DF0HQ            59   14      0
QSO:    3500 PH 2021-10-31 1814 F5KGA            59  14    OK5D             59   15      0
QSO:    3500 PH 2021-10-31 1817 F5KGA            59  14    DK0IW            59   14      0
QSO:    3500 PH 2021-10-31 1838 F5KGA            59  14    YT5A             59   15      0
QSO:    7000 PH 2021-10-31 1902 F5KGA            59  14    YU1AFU           59   15      0
QSO:    7000 PH 2021-10-31 1907 F5KGA            59  14    LZ5K             59   20      0
QSO:    7000 PH 2021-10-31 1922 F5KGA            59  14    SX2ID            59   20      0
QSO:    7000 PH 2021-10-31 1924 F5KGA            59  14    YU5A             59   15      0
END-OF-LOG:
