START-OF-LOG: 3.0
CALLSIGN: DG7RO
CONTEST: CQ-WPX-CW
CATEGORY-OPERATOR: SINGLE-OP
CATEGORY-ASSISTED: ASSISTED
CATEGORY-BAND: ALL
CATEGORY-POWER: LOW
CATEGORY-MODE: CW
CATEGORY-TRANSMITTER: ONE
CATEGORY-OVERLAY: TB-WIRES
CLAIMED-SCORE: 190269
NAME: Torsten Fechner
LOCATION: DX
OPERATORS: DG7RO
CLUB: Bavarian Contest Club
CERTIFICATE: NO
CREATED-BY: Win-Test 4.28.0
QSO:  7002 CW 2019-05-25 0111 DG7RO         599 0001   KC1XX         599 185
QSO:  7003 CW 2019-05-25 0113 DG7RO         599 0002   RU1A          599 234
QSO:  7003 CW 2019-05-25 0114 DG7RO         599 0003   YR9F          599 147
QSO:  7004 CW 2019-05-25 0115 DG7RO         599 0004   YT5A          599 146
QSO:  7005 CW 2019-05-25 0116 DG7RO         599 0005   LX7I          599 143
QSO:  7006 CW 2019-05-25 0124 DG7RO         599 0006   UA2K          599 107
QSO:  7007 CW 2019-05-25 0129 DG7RO         599 0007   SE0X          599 137
QSO:  7007 CW 2019-05-25 0130 DG7RO         599 0008   9A7A          599 275
QSO:  7008 CW 2019-05-25 0132 DG7RO         599 0009   S53M          599 187
QSO:  7009 CW 2019-05-25 0135 DG7RO         599 0010   LY2K          599 128
QSO:  7009 CW 2019-05-25 0136 DG7RO         599 0011   VY2TT         599 244
QSO:  7009 CW 2019-05-25 0136 DG7RO         599 0012   UW5U          599 081
QSO:  7010 CW 2019-05-25 0139 DG7RO         599 0013   S59ABC        599 215
QSO:  7011 CW 2019-05-25 0156 DG7RO         599 0014   HG7T          599 165
QSO:  7012 CW 2019-05-25 0200 DG7RO         599 0015   RM5A          599 123
QSO:  7012 CW 2019-05-25 0201 DG7RO         599 0016   OM7M          599 271
QSO:  7012 CW 2019-05-25 0202 DG7RO         599 0017   HG6N          599 300
QSO:  3502 CW 2019-05-25 0211 DG7RO         599 0018   OK7PN         599 159
QSO:  3542 CW 2019-05-25 0213 DG7RO         599 0019   4U1A          599 006
QSO:  3542 CW 2019-05-25 0213 DG7RO         599 0020   OM3BH         599 273
QSO:  3505 CW 2019-05-25 0214 DG7RO         599 0021   KC1XX         599 066
QSO:  3527 CW 2019-05-25 0215 DG7RO         599 0022   W3BGN         599 099
QSO:  3520 CW 2019-05-25 0220 DG7RO         599 0023   OR3A          599 019
QSO:  3518 CW 2019-05-25 0223 DG7RO         599 0024   M4J           599 170
QSO:  7015 CW 2019-05-25 0229 DG7RO         599 0025   UY7C          599 148
QSO:  7016 CW 2019-05-25 0230 DG7RO         599 0026   S53A          599 270
QSO:  7016 CW 2019-05-25 0231 DG7RO         599 0027   HA9A          599 274
QSO:  7018 CW 2019-05-25 0233 DG7RO         599 0028   IR4E          599 044
QSO:  7018 CW 2019-05-25 0233 DG7RO         599 0029   9A5Y          599 385
QSO:  7019 CW 2019-05-25 0235 DG7RO         599 0030   P33W          599 401
QSO:  7020 CW 2019-05-25 0236 DG7RO         599 0031   RT5G          599 217
QSO:  7020 CW 2019-05-25 0239 DG7RO         599 0032   EI7M          599 354
QSO:  7021 CW 2019-05-25 0241 DG7RO         599 0033   LZ5R          599 696
QSO:  7023 CW 2019-05-25 0252 DG7RO         599 0034   S57Q          599 172
QSO:  7024 CW 2019-05-25 0253 DG7RO         599 0035   S52AW         599 374
QSO:  7024 CW 2019-05-25 0254 DG7RO         599 0036   YU5R          599 406
QSO:  7025 CW 2019-05-25 0259 DG7RO         599 0037   S53MM         599 401
QSO:  7027 CW 2019-05-25 0300 DG7RO         599 0038   9A1A          599 348
QSO:  7028 CW 2019-05-25 0301 DG7RO         599 0039   SP8R          599 333
QSO:  7044 CW 2019-05-25 0312 DG7RO         599 0040   KP2M          599 449
QSO:  7061 CW 2019-05-25 0316 DG7RO         599 0041   9H6A          599 135
QSO:  7061 CW 2019-05-25 0350 DG7RO         599 0042   TI7W          599 490
QSO:  7063 CW 2019-05-25 0400 DG7RO         599 0043   NW1P          599 603
QSO:  7064 CW 2019-05-25 0401 DG7RO         599 0044   WW2Y          599 463
QSO:  7065 CW 2019-05-25 0402 DG7RO         599 0045   DF6PB         599 019
QSO:  7061 CW 2019-05-25 0421 DG7RO         599 0046   YR5N          599 199
QSO:  7007 CW 2019-05-25 0511 DG7RO         599 0047   DP6A          599 364
QSO: 21050 CW 2019-05-25 0521 DG7RO         599 0048   UN4L          599 452
QSO: 21017 CW 2019-05-25 0528 DG7RO         599 0049   RK9CYA        599 021
QSO: 21005 CW 2019-05-25 0533 DG7RO         599 0050   P33W          599 130
QSO: 14002 CW 2019-05-25 0536 DG7RO         599 0051   UZ3A          599 057
QSO: 14002 CW 2019-05-25 0537 DG7RO         599 0052   YL5X          599 148
QSO: 14003 CW 2019-05-25 0538 DG7RO         599 0053   P33W          599 868
QSO: 14004 CW 2019-05-25 0538 DG7RO         599 0054   Z35F          599 286
QSO: 14005 CW 2019-05-25 0541 DG7RO         599 0055   KW7Y          599 454
QSO: 14006 CW 2019-05-25 0553 DG7RO         599 0056   LM450C        599 409
QSO: 14010 CW 2019-05-25 0612 DG7RO         599 0057   OH1VR         599 316
QSO: 14024 CW 2019-05-25 0615 DG7RO         599 0058   GM7V          599 482
QSO: 28000 CW 2019-05-25 0641 DG7RO         599 0059   LZ3FN         599 585
QSO: 28001 CW 2019-05-25 0641 DG7RO         599 0060   P33W          599 155
QSO: 28004 CW 2019-05-25 0642 DG7RO         599 0061   4X7R          599 580
QSO: 28005 CW 2019-05-25 0642 DG7RO         599 0062   UA3EDQ        599 095
QSO: 28006 CW 2019-05-25 0643 DG7RO         599 0063   OG55W         599 137
QSO: 28008 CW 2019-05-25 0643 DG7RO         599 0064   R2AA          599 1082
QSO: 28013 CW 2019-05-25 0644 DG7RO         599 0065   RT5G          599 072
QSO: 28017 CW 2019-05-25 0645 DG7RO         599 0066   UC5D          599 148
QSO: 28018 CW 2019-05-25 0646 DG7RO         599 0067   4Z4AK         599 635
QSO: 28019 CW 2019-05-25 0647 DG7RO         599 0068   UW7LL         599 541
QSO: 28022 CW 2019-05-25 0648 DG7RO         599 0069   RT3M          599 342
QSO: 28028 CW 2019-05-25 0649 DG7RO         599 0070   OH1VR         599 357
QSO: 28031 CW 2019-05-25 0650 DG7RO         599 0071   UW7EA         599 266
QSO: 28036 CW 2019-05-25 0655 DG7RO         599 0072   OH6CT         599 013
QSO: 28014 CW 2019-05-25 0658 DG7RO         599 0073   OH10X         599 410
QSO: 28016 CW 2019-05-25 0704 DG7RO         599 0074   RM5A          599 135
QSO: 28027 CW 2019-05-25 0705 DG7RO         599 0075   OG0C          599 072
QSO: 28029 CW 2019-05-25 0705 DG7RO         599 0076   OH0V          599 545
QSO: 28030 CW 2019-05-25 0706 DG7RO         599 0077   YL3CW         599 024
QSO: 28032 CW 2019-05-25 0708 DG7RO         599 0078   RK3PWR        599 387
QSO: 28040 CW 2019-05-25 0710 DG7RO         599 0079   SC3A          599 024
QSO: 28031 CW 2019-05-25 0717 DG7RO         599 0080   RA3AN         599 389
QSO: 28026 CW 2019-05-25 0718 DG7RO         599 0081   LY5E          599 677
QSO: 28024 CW 2019-05-25 0722 DG7RO         599 0082   EM2Q          599 710
QSO: 28025 CW 2019-05-25 0728 DG7RO         599 0083   SX1T          599 428
QSO: 28023 CW 2019-05-25 0737 DG7RO         599 0084   EW6W          599 1019
QSO: 28017 CW 2019-05-25 0817 DG7RO         599 0085   SM5IMO        599 382
QSO: 28018 CW 2019-05-25 0818 DG7RO         599 0086   LA7GIA        599 429
QSO: 28020 CW 2019-05-25 0820 DG7RO         599 0087   YL6W          599 517
QSO: 28023 CW 2019-05-25 0821 DG7RO         599 0088   SJ0X          599 661
QSO: 28024 CW 2019-05-25 0822 DG7RO         599 0089   ES4RD         599 279
QSO: 28027 CW 2019-05-25 0822 DG7RO         599 0090   UY2UQ         599 273
QSO: 28030 CW 2019-05-25 0823 DG7RO         599 0091   LY2BKT        599 491
QSO: 28030 CW 2019-05-25 0823 DG7RO         599 0092   UW3U          599 908
QSO: 28032 CW 2019-05-25 0824 DG7RO         599 0093   II9P          599 1015
QSO: 28033 CW 2019-05-25 0825 DG7RO         599 0094   MM3T          599 076
QSO: 28033 CW 2019-05-25 0908 DG7RO         599 0095   LY2PX         599 184
QSO: 28032 CW 2019-05-25 0916 DG7RO         599 0096   UZ0U          599 487
QSO: 28026 CW 2019-05-25 0916 DG7RO         599 0097   LY800SMG      599 548
QSO: 21000 CW 2019-05-25 0918 DG7RO         599 0098   RN4RR         599 672
QSO: 21002 CW 2019-05-25 0919 DG7RO         599 0099   LZ4AW         599 550
QSO: 21003 CW 2019-05-25 0920 DG7RO         599 0100   RT9A          599 672
QSO: 21003 CW 2019-05-25 0921 DG7RO         599 0101   EW6W          599 1289
QSO: 21009 CW 2019-05-25 0923 DG7RO         599 0102   UT4U          599 799
QSO: 21010 CW 2019-05-25 0924 DG7RO         599 0103   OH9W          599 713
QSO: 21017 CW 2019-05-25 0926 DG7RO         599 0104   RU1A          599 1458
QSO: 21018 CW 2019-05-25 0927 DG7RO         599 0105   LY7Z          599 1163
QSO: 28006 CW 2019-05-25 1001 DG7RO         599 0106   UW5U          599 628
QSO: 28007 CW 2019-05-25 1002 DG7RO         599 0107   PA3AAV        599 482
QSO: 28005 CW 2019-05-25 1004 DG7RO         599 0108   LY2W          599 241
QSO: 28005 CW 2019-05-25 1007 DG7RO         599 0109   M0BJL         599 237
QSO: 28012 CW 2019-05-25 1013 DG7RO         599 0110   OZ5E          599 168
QSO: 28016 CW 2019-05-25 1015 DG7RO         599 0111   9H6A          599 619
QSO: 28017 CW 2019-05-25 1015 DG7RO         599 0112   EU1WW         599 994
QSO: 28019 CW 2019-05-25 1016 DG7RO         599 0113   LA8HGA        599 271
QSO: 28022 CW 2019-05-25 1019 DG7RO         599 0114   SZ1A          599 039
QSO: 28027 CW 2019-05-25 1022 DG7RO         599 0115   G5O           599 181
QSO: 28028 CW 2019-05-25 1022 DG7RO         599 0116   LY5I          599 339
QSO: 28039 CW 2019-05-25 1026 DG7RO         599 0117   PG2AA         599 235
QSO: 28040 CW 2019-05-25 1028 DG7RO         599 0118   SP5CNA        599 393
QSO: 28011 CW 2019-05-25 1302 DG7RO         599 0119   LY9Y          599 1073
QSO: 28012 CW 2019-05-25 1305 DG7RO         599 0120   EI6JK         599 069
QSO: 28014 CW 2019-05-25 1306 DG7RO         599 0121   DM4EE         599 080
QSO: 28016 CW 2019-05-25 1307 DG7RO         599 0122   PG5M          599 170
QSO: 21003 CW 2019-05-25 1310 DG7RO         599 0123   EA5KA         599 1422
QSO: 21003 CW 2019-05-25 1310 DG7RO         599 0124   G5O           599 305
QSO: 21005 CW 2019-05-25 1311 DG7RO         599 0125   MD4K          599 1012
QSO: 21008 CW 2019-05-25 1313 DG7RO         599 0126   SJ0X          599 982
QSO: 21014 CW 2019-05-25 1557 DG7RO         599 0127   YL7X          599 623
QSO: 21014 CW 2019-05-25 1558 DG7RO         599 0128   EI7M          599 1411
QSO: 21015 CW 2019-05-25 1558 DG7RO         599 0129   EV1R          599 1138
QSO: 21016 CW 2019-05-25 1559 DG7RO         599 0130   MX0IRN        599 134
QSO: 21017 CW 2019-05-25 1600 DG7RO         599 0131   UR8RF         599 578
QSO: 21022 CW 2019-05-25 1600 DG7RO         599 0132   LY2W          599 649
QSO: 21023 CW 2019-05-25 1601 DG7RO         599 0133   SX1T          599 1075
QSO: 21024 CW 2019-05-25 1601 DG7RO         599 0134   CR3DX         599 1369
QSO: 21024 CW 2019-05-25 1602 DG7RO         599 0135   DJ1OJ         599 328
QSO: 21026 CW 2019-05-25 1603 DG7RO         599 0136   LZ3R          599 507
QSO: 21027 CW 2019-05-25 1604 DG7RO         599 0137   OL7C          599 1059
QSO: 21028 CW 2019-05-25 1605 DG7RO         599 0138   DA2X          599 959
QSO: 21029 CW 2019-05-25 1606 DG7RO         599 0139   LZ9W          599 794
QSO: 21030 CW 2019-05-25 1606 DG7RO         599 0140   GI5I          599 338
QSO: 21032 CW 2019-05-25 1607 DG7RO         599 0141   YQ6A          599 1103
QSO: 21034 CW 2019-05-25 1608 DG7RO         599 0142   OG0C          599 477
QSO: 21038 CW 2019-05-25 1611 DG7RO         599 0143   LZ19ECC       599 460
QSO: 21046 CW 2019-05-25 1614 DG7RO         599 0144   OL1C          599 1102
QSO: 21049 CW 2019-05-25 1614 DG7RO         599 0145   UI2K          599 706
QSO: 21055 CW 2019-05-25 1615 DG7RO         599 0146   SP5AUY        599 346
QSO: 21060 CW 2019-05-25 1616 DG7RO         599 0147   LZ0M          599 846
QSO: 21061 CW 2019-05-25 1616 DG7RO         599 0148   YO3APJ        599 817
QSO: 21063 CW 2019-05-25 1624 DG7RO         599 0149   LZ9V          599 443
QSO: 14033 CW 2019-05-25 1632 DG7RO         599 0150   EM2Q          599 1509
QSO: 14002 CW 2019-05-25 1633 DG7RO         599 0151   K1LZ          599 872
QSO: 14002 CW 2019-05-25 1634 DG7RO         599 0152   KC1XX         599 927
QSO: 14042 CW 2019-05-25 1637 DG7RO         599 0153   UY7C          599 579
QSO: 14006 CW 2019-05-25 1638 DG7RO         599 0154   OM7M          599 1419
QSO: 14070 CW 2019-05-25 1641 DG7RO         599 0155   VY2TT         599 1614
QSO: 14057 CW 2019-05-25 1641 DG7RO         599 0156   N5KO          599 095
QSO: 14058 CW 2019-05-25 1642 DG7RO         599 0157   RA2F          599 076
QSO: 14064 CW 2019-05-25 1654 DG7RO         599 0158   NJ6G          599 1278
QSO: 14007 CW 2019-05-25 1655 DG7RO         599 0159   MD4K          599 1439
QSO: 14044 CW 2019-05-25 1656 DG7RO         599 0160   GI5I          599 378
QSO: 14030 CW 2019-05-25 1658 DG7RO         599 0161   OK2EA         599 562
QSO: 14033 CW 2019-05-25 1700 DG7RO         599 0162   UT5C          599 1224
QSO: 14016 CW 2019-05-25 1937 DG7RO         599 0163   P40X          599 855
QSO: 14005 CW 2019-05-26 0004 DG7RO         599 0164   KE5JSY        599 755
QSO: 14007 CW 2019-05-26 0006 DG7RO         599 0165   TI7W          599 1940
QSO: 14008 CW 2019-05-26 0008 DG7RO         599 0166   N0AV          599 592
QSO: 14013 CW 2019-05-26 0009 DG7RO         599 0167   OH8X          599 1830
QSO: 14016 CW 2019-05-26 0010 DG7RO         599 0168   YL2SM         599 1086
QSO: 14081 CW 2019-05-26 0016 DG7RO         599 0169   WP2Z          599 852
QSO:  7043 CW 2019-05-26 0018 DG7RO         599 0170   GM7V          599 1826
QSO:  3500 CW 2019-05-26 0024 DG7RO         599 0171   E74UK         599 279
QSO:  3500 CW 2019-05-26 0035 DG7RO         599 0172   LY4A          599 1901
QSO:  3501 CW 2019-05-26 0036 DG7RO         599 0173   HG6N          599 2670
QSO:  3502 CW 2019-05-26 0040 DG7RO         599 0174   R2AA          599 2818
QSO:  3504 CW 2019-05-26 0041 DG7RO         599 0175   OL3Z          599 651
QSO:  3506 CW 2019-05-26 0041 DG7RO         599 0176   Z3M           599 1335
QSO:  3507 CW 2019-05-26 0042 DG7RO         599 0177   YQ6A          599 1701
QSO:  3508 CW 2019-05-26 0043 DG7RO         599 0178   EU4E          599 680
QSO:  3514 CW 2019-05-26 0045 DG7RO         599 0179   OG0C          599 390
QSO:  3515 CW 2019-05-26 0046 DG7RO         599 0180   HG8K          599 699
QSO:  3517 CW 2019-05-26 0047 DG7RO         599 0181   UA2FL         599 173
QSO:  3520 CW 2019-05-26 0047 DG7RO         599 0182   HB9DHG        599 406
QSO:  3522 CW 2019-05-26 0048 DG7RO         599 0183   OH9W          599 1817
QSO:  3529 CW 2019-05-26 0050 DG7RO         599 0184   Z3B           599 245
QSO:  1817 CW 2019-05-26 0051 DG7RO         599 0185   9A1A          599 368
QSO:  7000 CW 2019-05-26 0059 DG7RO         599 0186   LA2AB         599 818
QSO:  7001 CW 2019-05-26 0100 DG7RO         599 0187   N3RS          599 1010
QSO:  7001 CW 2019-05-26 0103 DG7RO         599 0188   WC1M          599 1524
QSO:  7001 CW 2019-05-26 0103 DG7RO         599 0189   NN5J          599 2630
QSO:  7005 CW 2019-05-26 0109 DG7RO         599 0190   K1LZ          599 1211
QSO:  7005 CW 2019-05-26 0110 DG7RO         599 0191   KQ2M          599 1727
QSO:  7005 CW 2019-05-26 0113 DG7RO         599 0192   KQ1F          599 1184
QSO:  7006 CW 2019-05-26 0117 DG7RO         599 0193   OM3BH         599 2221
QSO:  7006 CW 2019-05-26 0118 DG7RO         599 0194   EW8W          599 980
QSO:  7008 CW 2019-05-26 0121 DG7RO         599 0195   S51YI         599 1198
QSO:  7011 CW 2019-05-26 0123 DG7RO         599 0196   LY800SMG      599 1367
QSO:  7014 CW 2019-05-26 0127 DG7RO         599 0197   NN7CW         599 2045
QSO:  7018 CW 2019-05-26 0137 DG7RO         599 0198   VB3E          599 1948
QSO:  7019 CW 2019-05-26 0139 DG7RO         599 0199   UW7LL         599 1521
QSO:  7020 CW 2019-05-26 0147 DG7RO         599 0200   SN2B          599 2515
QSO:  7021 CW 2019-05-26 0147 DG7RO         599 0201   IR4X          599 2669
QSO:  7026 CW 2019-05-26 0153 DG7RO         599 0202   LZ3ZZ         599 601
QSO:  7028 CW 2019-05-26 0158 DG7RO         599 0203   9A0BB         599 1797
QSO:  7030 CW 2019-05-26 0159 DG7RO         599 0204   CR3DX         599 2439
QSO:  7030 CW 2019-05-26 0200 DG7RO         599 0205   UW2M          599 2967
QSO:  7031 CW 2019-05-26 0202 DG7RO         599 0206   K3RA          599 1096
QSO:  7032 CW 2019-05-26 0203 DG7RO         599 0207   LY2J          599 1532
QSO:  7034 CW 2019-05-26 0207 DG7RO         599 0208   UZ2I          599 1932
QSO:  7034 CW 2019-05-26 0209 DG7RO         599 0209   NW7R          599 1757
QSO:  7035 CW 2019-05-26 0222 DG7RO         599 0210   SN7Q          599 2320
QSO:  7038 CW 2019-05-26 0224 DG7RO         599 0211   OK5Z          599 2372
QSO:  7042 CW 2019-05-26 0226 DG7RO         599 0212   EW6W          599 3320
QSO:  7043 CW 2019-05-26 0227 DG7RO         599 0213   OG0C          599 468
QSO:  7056 CW 2019-05-26 0231 DG7RO         599 0214   EW5Z          599 1913
QSO:  3504 CW 2019-05-26 0232 DG7RO         599 0215   VY2TT         599 2419
QSO:  3546 CW 2019-05-26 0233 DG7RO         599 0216   HB90TOC       599 769
QSO:  3510 CW 2019-05-26 0235 DG7RO         599 0217   NW1P          599 2316
QSO:  3511 CW 2019-05-26 0235 DG7RO         599 0218   HG1S          599 322
QSO:  3512 CW 2019-05-26 0238 DG7RO         599 0219   NN5J          599 2802
QSO:  7020 CW 2019-05-26 0244 DG7RO         599 0220   E7DX          599 3090
QSO:  7041 CW 2019-05-26 0250 DG7RO         599 0221   LZ9W          599 1459
QSO:  7043 CW 2019-05-26 0254 DG7RO         599 0222   LY5R          599 2043
QSO:  7049 CW 2019-05-26 0259 DG7RO         599 0223   YL9T          599 980
QSO:  7051 CW 2019-05-26 0308 DG7RO         599 0224   LY2W          599 1049
QSO:  7024 CW 2019-05-26 0314 DG7RO         599 0225   RC6U          599 461
QSO:  7048 CW 2019-05-26 0330 DG7RO         599 0226   AA3B          599 2205
QSO:  3510 CW 2019-05-26 0335 DG7RO         599 0227   4O4A          599 698
QSO:  3511 CW 2019-05-26 0336 DG7RO         599 0228   OL6D          599 538
QSO:  3511 CW 2019-05-26 0338 DG7RO         599 0229   SQ3RX         599 1197
QSO:  3514 CW 2019-05-26 0340 DG7RO         599 0230   HG5A          599 2408
QSO:  3519 CW 2019-05-26 0342 DG7RO         599 0231   K1LZ          599 626
QSO:  3525 CW 2019-05-26 0345 DG7RO         599 0232   YT5A          599 265
QSO:  3525 CW 2019-05-26 0346 DG7RO         599 0233   OM4Q          599 1745
QSO:  3526 CW 2019-05-26 0346 DG7RO         599 0234   S53X          599 1229
QSO:  7026 CW 2019-05-26 0404 DG7RO         599 0235   SP1NY         599 1495
QSO:  7001 CW 2019-05-26 0630 DG7RO         599 0236   OR2F          599 1754
QSO: 28016 CW 2019-05-26 0633 DG7RO         599 0237   UT7QF         599 099
QSO: 28010 CW 2019-05-26 0636 DG7RO         599 0238   LZ8R          599 630
QSO: 28022 CW 2019-05-26 0639 DG7RO         599 0239   R7AW          599 541
QSO: 28033 CW 2019-05-26 0640 DG7RO         599 0240   UR7EN         599 161
QSO: 21004 CW 2019-05-26 0700 DG7RO         599 0241   YU5R          599 2732
QSO: 21020 CW 2019-05-26 0706 DG7RO         599 0242   UX1UX         599 563
QSO: 21022 CW 2019-05-26 0707 DG7RO         599 0243   LZ7Y          599 1001
QSO: 21016 CW 2019-05-26 0713 DG7RO         599 0244   RT2C          599 1292
QSO: 21021 CW 2019-05-26 0716 DG7RO         599 0245   UW2M          599 3185
QSO: 21023 CW 2019-05-26 0717 DG7RO         599 0246   LZ3ZZ         599 921
QSO: 21028 CW 2019-05-26 0718 DG7RO         599 0247   UN9L          599 311
QSO: 21029 CW 2019-05-26 0718 DG7RO         599 0248   RU4SS         599 1338
QSO: 14028 CW 2019-05-26 0720 DG7RO         599 0249   GD4EIP        599 231
QSO: 21031 CW 2019-05-26 0721 DG7RO         599 0250   RT3M          599 1241
QSO: 21031 CW 2019-05-26 0722 DG7RO         599 0251   LZ1QN         599 777
QSO: 21033 CW 2019-05-26 0723 DG7RO         599 0252   4Z4AK         599 2034
QSO: 21036 CW 2019-05-26 0725 DG7RO         599 0253   OH0V          599 2182
QSO: 21038 CW 2019-05-26 0726 DG7RO         599 0254   YT0Z          599 961
QSO: 21044 CW 2019-05-26 0728 DG7RO         599 0255   LY5R          599 2285
QSO: 14003 CW 2019-05-26 0729 DG7RO         599 0256   SX1T          599 1634
QSO: 14010 CW 2019-05-26 0731 DG7RO         599 0257   UR5R          599 1438
QSO: 14012 CW 2019-05-26 0732 DG7RO         599 0258   II9P          599 3228
QSO: 14013 CW 2019-05-26 0733 DG7RO         599 0259   Z33B          599 387
QSO: 14050 CW 2019-05-26 0733 DG7RO         599 0260   LZ9W          599 1980
QSO: 14049 CW 2019-05-26 0735 DG7RO         599 0261   Z66X          599 1768
QSO: 14047 CW 2019-05-26 0735 DG7RO         599 0262   G5O           599 807
QSO: 14046 CW 2019-05-26 0736 DG7RO         599 0263   HG1R          599 1065
QSO: 14044 CW 2019-05-26 0737 DG7RO         599 0264   SP4G          599 1578
QSO: 14043 CW 2019-05-26 0737 DG7RO         599 0265   EW2A          599 2025
QSO: 14042 CW 2019-05-26 0738 DG7RO         599 0266   RQ4C          599 068
QSO: 14042 CW 2019-05-26 0738 DG7RO         599 0267   EA4OR         599 682
QSO: 14039 CW 2019-05-26 0739 DG7RO         599 0268   M6T           599 1869
QSO: 14038 CW 2019-05-26 0740 DG7RO         599 0269   YL9T          599 1060
QSO: 14037 CW 2019-05-26 0741 DG7RO         599 0270   OH10X         599 2035
QSO: 14035 CW 2019-05-26 0741 DG7RO         599 0271   G4BUE         599 521
QSO: 14034 CW 2019-05-26 0747 DG7RO         599 0272   HA8M          599 1042
QSO: 14033 CW 2019-05-26 0749 DG7RO         599 0273   EW8OM         599 1105
QSO: 14032 CW 2019-05-26 0749 DG7RO         599 0274   SP2XX         599 613
QSO: 14026 CW 2019-05-26 0752 DG7RO         599 0275   LY2AX         599 506
QSO: 14026 CW 2019-05-26 0806 DG7RO         599 0276   SN5N          599 517
QSO: 14027 CW 2019-05-26 0807 DG7RO         599 0277   OH0V          599 2249
QSO: 14027 CW 2019-05-26 0807 DG7RO         599 0278   OH5Z          599 2368
QSO: 14026 CW 2019-05-26 0809 DG7RO         599 0279   RK3T          599 219
QSO: 14025 CW 2019-05-26 0810 DG7RO         599 0280   LA8HGA        599 1156
QSO: 14024 CW 2019-05-26 0811 DG7RO         599 0281   ES3VL         599 165
QSO: 14023 CW 2019-05-26 0811 DG7RO         599 0282   EF8R          599 2725
QSO: 14019 CW 2019-05-26 0817 DG7RO         599 0283   UA2FL         599 430
QSO: 14017 CW 2019-05-26 0818 DG7RO         599 0284   OY1CT         599 551
QSO: 14015 CW 2019-05-26 0820 DG7RO         599 0285   MX3W          599 2075
QSO: 14005 CW 2019-05-26 0821 DG7RO         599 0286   RU1A          599 4027
QSO: 14005 CW 2019-05-26 0821 DG7RO         599 0287   CN2CO         599 2839
QSO: 28011 CW 2019-05-26 0822 DG7RO         599 0288   LZ5R          599 4543
QSO: 21000 CW 2019-05-26 0832 DG7RO         599 0289   LZ6O          599 629
QSO: 21004 CW 2019-05-26 0833 DG7RO         599 0290   SZ1A          599 568
QSO: 21009 CW 2019-05-26 0834 DG7RO         599 0291   R2AA          599 3120
QSO: 21041 CW 2019-05-26 0922 DG7RO         599 0292   IB9A          599 1506
QSO: 21032 CW 2019-05-26 0924 DG7RO         599 0293   RL4F          599 827
QSO: 21029 CW 2019-05-26 0925 DG7RO         599 0294   EM2Q          599 2710
QSO: 21029 CW 2019-05-26 0926 DG7RO         599 0295   LY2XW         599 1908
QSO: 21027 CW 2019-05-26 0927 DG7RO         599 0296   UW1M          599 2369
QSO: 21024 CW 2019-05-26 0928 DG7RO         599 0297   UZ3A          599 2086
QSO: 28027 CW 2019-05-26 0930 DG7RO         599 0298   EW5Z          599 2087
QSO:  7001 CW 2019-05-26 0932 DG7RO         599 0299   OZ5E          599 1448
QSO:  7011 CW 2019-05-26 0936 DG7RO         599 0300   9A4WY         599 548
QSO:  7014 CW 2019-05-26 0939 DG7RO         599 0301   YU1A          599 612
QSO:  7020 CW 2019-05-26 0951 DG7RO         599 0302   DL5YM         599 1041
QSO: 21003 CW 2019-05-26 0954 DG7RO         599 0303   LZ3FN         599 1835
QSO: 21006 CW 2019-05-26 0955 DG7RO         599 0304   RA3AN         599 1456
QSO: 21023 CW 2019-05-26 0959 DG7RO         599 0305   UT5NR         599 821
QSO: 21037 CW 2019-05-26 1003 DG7RO         599 0306   EA6FO         599 1913
QSO: 28029 CW 2019-05-26 1006 DG7RO         599 0307   LY1DZ         599 173
QSO: 28033 CW 2019-05-26 1006 DG7RO         599 0308   OH5Z          599 2548
QSO: 28015 CW 2019-05-26 1229 DG7RO         599 0309   SV5DKL        599 691
QSO: 28024 CW 2019-05-26 1237 DG7RO         599 0310   LZ73TRC       599 565
QSO: 28028 CW 2019-05-26 1238 DG7RO         599 0311   RA0LQ/MM      599 533
QSO: 28030 CW 2019-05-26 1244 DG7RO         599 0312   LZ9W          599 1012
QSO: 28036 CW 2019-05-26 1256 DG7RO         599 0313   LZ0M          599 1671
QSO: 28041 CW 2019-05-26 1257 DG7RO         599 0314   S53V          599 559
QSO: 28044 CW 2019-05-26 1258 DG7RO         599 0315   YU1ANO        599 596
QSO: 28048 CW 2019-05-26 1259 DG7RO         599 0316   IQ8SN         599 1838
QSO: 21060 CW 2019-05-26 1305 DG7RO         599 0317   ES7A          599 2526
QSO: 21045 CW 2019-05-26 1310 DG7RO         599 0318   OK5ZZ         599 810
QSO: 21034 CW 2019-05-26 1317 DG7RO         599 0319   SQ4U          599 479
QSO: 21030 CW 2019-05-26 1318 DG7RO         599 0320   IR2Q          599 2479
QSO: 21027 CW 2019-05-26 1319 DG7RO         599 0321   PG5M          599 616
QSO: 21017 CW 2019-05-26 1320 DG7RO         599 0322   SP8R          599 1024
QSO: 21007 CW 2019-05-26 1321 DG7RO         599 0323   YT9W          599 909
QSO: 21003 CW 2019-05-26 1322 DG7RO         599 0324   YT5A          599 694
QSO: 14006 CW 2019-05-26 1327 DG7RO         599 0325   KO7SS         599 1822
QSO: 14040 CW 2019-05-26 1340 DG7RO         599 0326   YT1T          599 1006
QSO: 14059 CW 2019-05-26 1342 DG7RO         599 0327   KT5J          599 2411
QSO: 14051 CW 2019-05-26 1344 DG7RO         599 0328   IW3FVZ        599 899
QSO: 14029 CW 2019-05-26 1345 DG7RO         599 0329   N3BB          599 1528
QSO: 14005 CW 2019-05-26 1348 DG7RO         599 0330   NA8V          599 1878
QSO: 14064 CW 2019-05-26 1359 DG7RO         599 0331   OP7B          599 578
QSO: 14055 CW 2019-05-26 1404 DG7RO         599 0332   HA8WY         599 285
QSO: 14019 CW 2019-05-26 1411 DG7RO         599 0333   HA8A          599 2305
QSO: 14052 CW 2019-05-26 1426 DG7RO         599 0334   HB5E          599 977
QSO: 14050 CW 2019-05-26 1427 DG7RO         599 0335   KU2C          599 1193
QSO: 14035 CW 2019-05-26 1432 DG7RO         599 0336   MJ/OQ7A/P     599 834
QSO: 14009 CW 2019-05-26 1433 DG7RO         599 0337   WC1M          599 2040
QSO: 14066 CW 2019-05-26 1435 DG7RO         599 0338   F5VMN         599 670
QSO: 14065 CW 2019-05-26 1435 DG7RO         599 0339   TM5T          599 473
QSO: 14058 CW 2019-05-26 1436 DG7RO         599 0340   F6KOP         599 809
QSO: 14004 CW 2019-05-26 1446 DG7RO         599 0341   EC5CR         599 457
QSO: 14002 CW 2019-05-26 1530 DG7RO         599 0342   LY1DZ         599 368
QSO: 14003 CW 2019-05-26 1531 DG7RO         599 0343   4Z4AK         599 2240
QSO: 14004 CW 2019-05-26 1533 DG7RO         599 0344   5Q6EE         599 1282
QSO: 14005 CW 2019-05-26 1533 DG7RO         599 0345   EI7M          599 3351
QSO: 14006 CW 2019-05-26 1534 DG7RO         599 0346   RM5A          599 1559
QSO: 14006 CW 2019-05-26 1534 DG7RO         599 0347   LY7Z          599 3040
QSO: 14008 CW 2019-05-26 1536 DG7RO         599 0348   LZ5R          599 5369
QSO: 14011 CW 2019-05-26 1538 DG7RO         599 0349   JT5DX         599 2601
QSO: 14012 CW 2019-05-26 1542 DG7RO         599 0350   MU2K          599 2094
QSO: 14014 CW 2019-05-26 1544 DG7RO         599 0351   F8DGY         599 1348
QSO: 14015 CW 2019-05-26 1544 DG7RO         599 0352   EU3A          599 1116
QSO: 14017 CW 2019-05-26 1546 DG7RO         599 0353   YQ6A          599 2244
QSO: 14018 CW 2019-05-26 1547 DG7RO         599 0354   ES5RR         599 3572
QSO: 14019 CW 2019-05-26 1548 DG7RO         599 0355   RD3WR         599 1400
QSO: 14021 CW 2019-05-26 1548 DG7RO         599 0356   SP8R          599 1967
QSO:  7034 CW 2019-05-26 1649 DG7RO         599 0357   OH1TM         599 1257
QSO:  7032 CW 2019-05-26 1651 DG7RO         599 0358   SN2M          599 1639
QSO:  7031 CW 2019-05-26 1656 DG7RO         599 0359   SP4G          599 2161
QSO: 14002 CW 2019-05-26 1658 DG7RO         599 0360   YT4W          599 896
QSO:  7001 CW 2019-05-26 1659 DG7RO         599 0361   Z3M           599 2058
QSO:  7002 CW 2019-05-26 1705 DG7RO         599 0362   4U1A          599 1070
QSO:  7002 CW 2019-05-26 1706 DG7RO         599 0363   HB7X          599 2289
QSO:  7005 CW 2019-05-26 2053 DG7RO         599 0364   MD4K          599 2965
QSO:  7007 CW 2019-05-26 2054 DG7RO         599 0365   TM0R          599 2060
QSO:  7008 CW 2019-05-26 2055 DG7RO         599 0366   R8TT          599 2040
QSO:  7009 CW 2019-05-26 2058 DG7RO         599 0367   OM5WW         599 1595
QSO:  7011 CW 2019-05-26 2100 DG7RO         599 0368   HG1S          599 859
QSO:  7011 CW 2019-05-26 2101 DG7RO         599 0369   HA1AD         599 811
QSO:  7013 CW 2019-05-26 2102 DG7RO         599 0370   OR3A          599 1457
QSO:  7014 CW 2019-05-26 2104 DG7RO         599 0371   OG73X         599 2418
QSO:  7015 CW 2019-05-26 2105 DG7RO         599 0372   SN3A          599 1996
QSO:  7016 CW 2019-05-26 2114 DG7RO         599 0373   HA8A          599 2842
QSO:  7017 CW 2019-05-26 2118 DG7RO         599 0374   YQ6A          599 2591
QSO:  7018 CW 2019-05-26 2119 DG7RO         599 0375   SP5AUC        599 475
QSO:  7019 CW 2019-05-26 2119 DG7RO         599 0376   S53EO         599 1153
QSO:  7021 CW 2019-05-26 2120 DG7RO         599 0377   IK0YVV        599 962
QSO:  7019 CW 2019-05-26 2121 DG7RO         599 0378   RL5A          599 1217
QSO:  7021 CW 2019-05-26 2121 DG7RO         599 0379   OK7Y          599 1559
QSO:  7022 CW 2019-05-26 2122 DG7RO         599 0380   OM4Q          599 2699
QSO:  7022 CW 2019-05-26 2123 DG7RO         599 0381   DK7A          599 1263
QSO:  7023 CW 2019-05-26 2123 DG7RO         599 0382   RT3T          599 2070
QSO:  7024 CW 2019-05-26 2124 DG7RO         599 0383   G6T           599 303
QSO:  7026 CW 2019-05-26 2126 DG7RO         599 0384   LZ9R          599 2236
QSO: 14042 CW 2019-05-26 2130 DG7RO         599 0385   E7DX          599 4805
QSO: 14048 CW 2019-05-26 2131 DG7RO         599 0386   HG8R          599 2578
QSO: 14049 CW 2019-05-26 2132 DG7RO         599 0387   RW7K          599 2785
QSO: 14057 CW 2019-05-26 2134 DG7RO         599 0388   UW7EA         599 1589
QSO: 14058 CW 2019-05-26 2135 DG7RO         599 0389   8P5A          599 3791
QSO: 14059 CW 2019-05-26 2143 DG7RO         599 0390   4U73B         599 1570
QSO: 14033 CW 2019-05-26 2148 DG7RO         599 0391   NY4A          599 2817
QSO: 14009 CW 2019-05-26 2149 DG7RO         599 0392   N4WW          599 2887
QSO: 14009 CW 2019-05-26 2150 DG7RO         599 0393   VP5M          599 2579
QSO: 14056 CW 2019-05-26 2154 DG7RO         599 0394   NW7R          599 2590
QSO: 14062 CW 2019-05-26 2157 DG7RO         599 0395   NW1P          599 3428
QSO: 14064 CW 2019-05-26 2200 DG7RO         599 0396   YU5R          599 3928
QSO: 14043 CW 2019-05-26 2201 DG7RO         599 0397   YU1EW         599 654
QSO: 14001 CW 2019-05-26 2202 DG7RO         599 0398   KL7RA         599 2530
QSO: 14002 CW 2019-05-26 2203 DG7RO         599 0399   KU7T          599 2114
QSO: 14019 CW 2019-05-26 2206 DG7RO         599 0400   N6FS          599 835
END-OF-LOG:
