START-OF-LOG: 3.0
CONTEST: CQ-WPX-CW
CALLSIGN: DK8MM
LOCATION: DX
CATEGORY-OPERATOR: SINGLE-OP
CATEGORY-ASSISTED: ASSISTED
CATEGORY-BAND: ALL
CATEGORY-POWER: HIGH
CATEGORY-MODE: CW
CATEGORY-TRANSMITTER: ONE
CATEGORY-STATION: FIXED
CATEGORY-OVERLAY:
GRID-LOCATOR: JO53CL
CLAIMED-SCORE: 469339
NAME: Mark Müller
CLUB: BAVARIAN CONTEST CLUB
CREATED-BY: DXLog.net v2.6.4
QSO:   28000 CW 2024-05-25 0747 DK8MM            599 001   BD7NWF           599  231     0
QSO:   28047 CW 2024-05-25 0748 DK8MM            599 002   IT9VDQ/IH9       599  067     0
QSO:   28036 CW 2024-05-25 0750 DK8MM            599 003   DL7ON            599  665     0
QSO:   28003 CW 2024-05-25 0751 DK8MM            599 004   4X7M             599  678     0
QSO:   28037 CW 2024-05-25 0755 DK8MM            599 005   VU2NXM           599  107     0
QSO:   28045 CW 2024-05-25 0758 DK8MM            599 006   9M6NA            599  946     0
QSO:   28059 CW 2024-05-25 0800 DK8MM            599 007   DU3T             599  728     0
QSO:   28030 CW 2024-05-25 0804 DK8MM            599 008   4L2M             599  259     0
QSO:   28004 CW 2024-05-25 0808 DK8MM            599 009   E2M              599  425     0
QSO:   28014 CW 2024-05-25 0809 DK8MM            599 010   VK6T             599  583     0
QSO:   28057 CW 2024-05-25 0810 DK8MM            599 011   EA6/DH8BQA       599  041     0
QSO:   28056 CW 2024-05-25 0854 DK8MM            599 012   AT3K             599  359     0
QSO:   28011 CW 2024-05-25 0855 DK8MM            599 013   9A1P             599  1070    0
QSO:   28044 CW 2024-05-25 0857 DK8MM            599 014   LZ9W             599  260     0
QSO:   28044 CW 2024-05-25 0857 DK8MM            599 015   VK2IG            599  018     0
QSO:   28044 CW 2024-05-25 0858 DK8MM            599 016   DA3D             599  666     0
QSO:   28044 CW 2024-05-25 0900 DK8MM            599 017   UP2L             599  1569    0
QSO:   28044 CW 2024-05-25 0902 DK8MM            599 018   UN8PT            599  273     0
QSO:   28044 CW 2024-05-25 0906 DK8MM            599 019   RD0A             599  309     0
QSO:   28044 CW 2024-05-25 0906 DK8MM            599 020   VJ3U             599  134     0
QSO:   28044 CW 2024-05-25 0908 DK8MM            599 021   Z35W             599  269     0
QSO:   28044 CW 2024-05-25 0908 DK8MM            599 022   EW8DX            599  576     0
QSO:   28044 CW 2024-05-25 0909 DK8MM            599 023   F5KAY            599  038     0
QSO:   28044 CW 2024-05-25 0909 DK8MM            599 024   UN2E             599  136     0
QSO:   28044 CW 2024-05-25 0910 DK8MM            599 025   RK7A             599  354     0
QSO:   28044 CW 2024-05-25 0910 DK8MM            599 026   YO4BEW           599  067     0
QSO:   28044 CW 2024-05-25 0912 DK8MM            599 027   EW8AX            599  180     0
QSO:   28044 CW 2024-05-25 0912 DK8MM            599 028   YO4AH            599  020     0
QSO:   28000 CW 2024-05-25 0914 DK8MM            599 029   YT1X             599  248     0
QSO:   28002 CW 2024-05-25 0915 DK8MM            599 030   S50C             599  234     0
QSO:   28001 CW 2024-05-25 0916 DK8MM            599 031   LZ4TX            599  365     0
QSO:   28006 CW 2024-05-25 0917 DK8MM            599 032   ED7W             599  203     0
QSO:   28002 CW 2024-05-25 0917 DK8MM            599 033   LZ3R             599  216     0
QSO:   28010 CW 2024-05-25 0918 DK8MM            599 034   YU7EE            599  267     0
QSO:   28014 CW 2024-05-25 0919 DK8MM            599 035   YU0T             599  198     0
QSO:   28015 CW 2024-05-25 0921 DK8MM            599 036   YT5K             599  219     0
QSO:   28022 CW 2024-05-25 0922 DK8MM            599 037   RA9P             599  862     0
QSO:   28031 CW 2024-05-25 0922 DK8MM            599 038   RO9O             599  1000    0
QSO:   28024 CW 2024-05-25 0923 DK8MM            599 039   RZ9L             599  161     0
QSO:   28010 CW 2024-05-25 0924 DK8MM            599 040   EA3NO            599  003     0
QSO:   28004 CW 2024-05-25 0925 DK8MM            599 041   LZ5R             599  1253    0
QSO:   28018 CW 2024-05-25 0925 DK8MM            599 042   SV2JAO           599  298     0
QSO:   28023 CW 2024-05-25 0926 DK8MM            599 043   YC2VOC           599  416     0
QSO:   28021 CW 2024-05-25 0927 DK8MM            599 044   TM7A             599  139     0
QSO:   28027 CW 2024-05-25 0929 DK8MM            599 045   CN3A             599  388     0
QSO:   28017 CW 2024-05-25 0930 DK8MM            599 046   9A0BR            599  021     0
QSO:   28030 CW 2024-05-25 0931 DK8MM            599 047   BG0DLA           599  359     0
QSO:   28033 CW 2024-05-25 0932 DK8MM            599 048   EI7M             599  110     0
QSO:   28014 CW 2024-05-25 0933 DK8MM            599 049   II9P             599  103     0
QSO:   28012 CW 2024-05-25 0933 DK8MM            599 050   OZ5W             599  009     0
QSO:   28035 CW 2024-05-25 0934 DK8MM            599 051   4X1VF            599  122     0
QSO:   28041 CW 2024-05-25 0935 DK8MM            599 052   UX0LL            599  389     0
QSO:   28013 CW 2024-05-25 0936 DK8MM            599 053   R5QQ             599  137     0
QSO:   28024 CW 2024-05-25 0936 DK8MM            599 054   BG7SSK           599  318     0
QSO:   28055 CW 2024-05-25 0937 DK8MM            599 055   UA7K             599  791     0
QSO:   28033 CW 2024-05-25 0938 DK8MM            599 056   BY7KP            599  476     0
QSO:   28067 CW 2024-05-25 0939 DK8MM            599 057   II8K             599  1152    0
QSO:   28037 CW 2024-05-25 0939 DK8MM            599 058   A71WW            599  983     0
QSO:   28039 CW 2024-05-25 0940 DK8MM            599 059   IP9T             599  286     0
QSO:   28047 CW 2024-05-25 0941 DK8MM            599 060   YC3GEM           599  405     0
QSO:   28032 CW 2024-05-25 0944 DK8MM            599 061   EF5Y             599  989     0
QSO:   28040 CW 2024-05-25 0947 DK8MM            599 062   YO9HP            599  178     0
QSO:   28061 CW 2024-05-25 0948 DK8MM            599 063   9H1CG            599  048     0
QSO:   28061 CW 2024-05-25 0949 DK8MM            599 064   CS2C             599  126     0
QSO:   28066 CW 2024-05-25 0949 DK8MM            599 065   4Z5PN            599  231     0
QSO:   28046 CW 2024-05-25 0950 DK8MM            599 066   S53X             599  118     0
QSO:   28019 CW 2024-05-25 0950 DK8MM            599 067   9N7AA            599  821     0
QSO:   28016 CW 2024-05-25 0951 DK8MM            599 068   RM3F             599  772     0
QSO:   28010 CW 2024-05-25 0951 DK8MM            599 069   E70X             599  777     0
QSO:   28008 CW 2024-05-25 0954 DK8MM            599 070   G8X              599  247     0
QSO:   28005 CW 2024-05-25 0954 DK8MM            599 071   YR9F             599  128     0
QSO:   28009 CW 2024-05-25 0956 DK8MM            599 072   YP3X             599  368     0
QSO:   28037 CW 2024-05-25 0957 DK8MM            599 073   ZD7BG            599  034     0
QSO:   28016 CW 2024-05-25 0958 DK8MM            599 074   9H6EE            599  643     0
QSO:   28046 CW 2024-05-25 0959 DK8MM            599 075   IO6T             599  772     0
QSO:   28021 CW 2024-05-25 1000 DK8MM            599 076   IB8A             599  266     0
QSO:   28022 CW 2024-05-25 1000 DK8MM            599 077   IO0A             599  492     0
QSO:   28038 CW 2024-05-25 1001 DK8MM            599 078   EA5DF            599  263     0
QSO:   28050 CW 2024-05-25 1001 DK8MM            599 079   I2WIJ            599  135     0
QSO:   28058 CW 2024-05-25 1002 DK8MM            599 080   IK7FMQ           599  062     0
QSO:   28054 CW 2024-05-25 1003 DK8MM            599 081   IT9RGY           599  112     0
QSO:   28036 CW 2024-05-25 1004 DK8MM            599 082   HG7T             599  246     0
QSO:   28021 CW 2024-05-25 1005 DK8MM            599 083   CR3DX            599  089     0
QSO:   28004 CW 2024-05-25 1006 DK8MM            599 084   LZ8R             599  283     0
QSO:   28055 CW 2024-05-25 1008 DK8MM            599 085   PS2E             599  324     0
QSO:   28041 CW 2024-05-25 1008 DK8MM            599 086   RN3BL            599  477     0
QSO:   28028 CW 2024-05-25 1009 DK8MM            599 087   MI5I             599  426     0
QSO:   28008 CW 2024-05-25 1012 DK8MM            599 088   PR1T             599  263     0
QSO:   28019 CW 2024-05-25 1015 DK8MM            599 089   LZ3ZZ            599  727     0
QSO:   28079 CW 2024-05-25 1016 DK8MM            599 090   9A6AR            599  003     0
QSO:   28039 CW 2024-05-25 1019 DK8MM            599 091   PT5J             599  350     0
QSO:   28033 CW 2024-05-25 1021 DK8MM            599 092   G3L              599  035     0
QSO:   28036 CW 2024-05-25 1023 DK8MM            599 093   IV3ZXF           599  088     0
QSO:   28063 CW 2024-05-25 1025 DK8MM            599 094   OI7AX            599  199     0
QSO:   28013 CW 2024-05-25 1026 DK8MM            599 095   DQ6Q             599  175     0
QSO:   28035 CW 2024-05-25 1027 DK8MM            599 096   2E0CVN           599  368     0
QSO:   28041 CW 2024-05-25 1030 DK8MM            599 097   EC3A             599  525     0
QSO:   28024 CW 2024-05-25 1030 DK8MM            599 098   EA5EL            599  193     0
QSO:   28029 CW 2024-05-25 1031 DK8MM            599 099   EA3AR            599  207     0
QSO:   28027 CW 2024-05-25 1033 DK8MM            599 100   HZ1TT            599  004     0
QSO:   28048 CW 2024-05-25 1035 DK8MM            599 101   PX2A             599  328     0
QSO:   28066 CW 2024-05-25 1036 DK8MM            599 102   RF9C             599  172     0
QSO:   28003 CW 2024-05-25 1036 DK8MM            599 103   E77EA            599  830     0
QSO:   28057 CW 2024-05-25 1037 DK8MM            599 104   9A9R             599  127     0
QSO:   28025 CW 2024-05-25 1038 DK8MM            599 105   YT5A             599  377     0
QSO:   21000 CW 2024-05-25 1039 DK8MM            599 106   P3AA             599  1799    0
QSO:   21003 CW 2024-05-25 1041 DK8MM            599 107   BI4SSB           599  753     0
QSO:   21044 CW 2024-05-25 1041 DK8MM            599 108   ZF2SS            599  1110    0
QSO:   21004 CW 2024-05-25 1042 DK8MM            599 109   JE6RPM           599  856     0
QSO:   21053 CW 2024-05-25 1043 DK8MM            599 110   FY5KE            599  450     0
QSO:   21000 CW 2024-05-25 1043 DK8MM            599 111   B1Z              599  667     0
QSO:   21005 CW 2024-05-25 1044 DK8MM            599 112   BY3GA            599  917     0
QSO:   21008 CW 2024-05-25 1045 DK8MM            599 113   BY1AS            599  383     0
QSO:   21028 CW 2024-05-25 1046 DK8MM            599 114   PJ4A             599  1277    0
QSO:   21041 CW 2024-05-25 1047 DK8MM            599 115   JH6WDG           599  024     0
QSO:   21020 CW 2024-05-25 1047 DK8MM            599 116   VX3A             599  587     0
QSO:   21055 CW 2024-05-25 1050 DK8MM            599 117   UR5R             599  959     0
QSO:   21055 CW 2024-05-25 1050 DK8MM            599 118   HA3DX            599  280     0
QSO:   21055 CW 2024-05-25 1051 DK8MM            599 119   9A5Y             599  1600    0
QSO:   21055 CW 2024-05-25 1052 DK8MM            599 120   YT2RX            599  421     0
QSO:   21055 CW 2024-05-25 1053 DK8MM            599 121   YR8D             599  1378    0
QSO:   21055 CW 2024-05-25 1054 DK8MM            599 122   W1CW             599  085     0
QSO:   21055 CW 2024-05-25 1056 DK8MM            599 123   W2GDJ            599  052     0
QSO:   21055 CW 2024-05-25 1057 DK8MM            599 124   KM5G             599  122     0
QSO:   21055 CW 2024-05-25 1057 DK8MM            599 125   VC7X             599  295     0
QSO:   21055 CW 2024-05-25 1058 DK8MM            599 126   VE2OWL           599  006     0
QSO:   21055 CW 2024-05-25 1058 DK8MM            599 127   AG3I             599  189     0
QSO:   21055 CW 2024-05-25 1059 DK8MM            599 128   K1ECU            599  086     0
QSO:   21055 CW 2024-05-25 1100 DK8MM            599 129   G0MTN            599  899     0
QSO:   21055 CW 2024-05-25 1101 DK8MM            599 130   N4DZ             599  277     0
QSO:   21055 CW 2024-05-25 1102 DK8MM            599 131   N4PSE            599  071     0
QSO:   21055 CW 2024-05-25 1102 DK8MM            599 132   OL3Z             599  339     0
QSO:   21055 CW 2024-05-25 1102 DK8MM            599 133   W8KRZ            599  019     0
QSO:   21055 CW 2024-05-25 1103 DK8MM            599 134   N2BJ             599  087     0
QSO:   21055 CW 2024-05-25 1103 DK8MM            599 135   KY0Q             599  312     0
QSO:   21055 CW 2024-05-25 1104 DK8MM            599 136   RL3A             599  1576    0
QSO:   21014 CW 2024-05-25 1104 DK8MM            599 137   M4T              599  622     0
QSO:   21079 CW 2024-05-25 1105 DK8MM            599 138   WP2Z             599  198     0
QSO:   21071 CW 2024-05-25 1105 DK8MM            599 139   8P5A             599  1638    0
QSO:   21008 CW 2024-05-25 1106 DK8MM            599 140   MG3J             599  615     0
QSO:   21004 CW 2024-05-25 1107 DK8MM            599 141   P44W             599  1083    0
QSO:   21078 CW 2024-05-25 1108 DK8MM            599 142   NP3X             599  861     0
QSO:   21063 CW 2024-05-25 1108 DK8MM            599 143   WP3C             599  939     0
QSO:   21064 CW 2024-05-25 1110 DK8MM            599 144   NN7CW            599  907     0
QSO:   21006 CW 2024-05-25 1111 DK8MM            599 145   P40L             599  1122    0
QSO:   21025 CW 2024-05-25 1112 DK8MM            599 146   VP5M             599  1240    0
QSO:   21008 CW 2024-05-25 1113 DK8MM            599 147   NR4M             599  497     0
QSO:   21017 CW 2024-05-25 1113 DK8MM            599 148   AD4ES            599  366     0
QSO:   21039 CW 2024-05-25 1114 DK8MM            599 149   NJ4U             599  108     0
QSO:   21048 CW 2024-05-25 1114 DK8MM            599 150   NB4N             599  425     0
QSO:   21036 CW 2024-05-25 1114 DK8MM            599 151   NI4W             599  114     0
QSO:   21024 CW 2024-05-25 1115 DK8MM            599 152   NY4A             599  729     0
QSO:   21081 CW 2024-05-25 1115 DK8MM            599 153   AA4NC            599  1040    0
QSO:   21049 CW 2024-05-25 1116 DK8MM            599 154   KQ1F             599  726     0
QSO:   21013 CW 2024-05-25 1117 DK8MM            599 155   WC1M             599  1034    0
QSO:   21061 CW 2024-05-25 1117 DK8MM            599 156   WK1Q             599  453     0
QSO:   21003 CW 2024-05-25 1118 DK8MM            599 157   AK1W             599  1440    0
QSO:   21002 CW 2024-05-25 1119 DK8MM            599 158   NY6DX            599  832     0
QSO:   21015 CW 2024-05-25 1120 DK8MM            599 159   K3UA             599  492     0
QSO:   21019 CW 2024-05-25 1121 DK8MM            599 160   MW4R             599  1478    0
QSO:   21015 CW 2024-05-25 1122 DK8MM            599 161   AC1U             599  677     0
QSO:   21068 CW 2024-05-25 1123 DK8MM            599 162   NC1CC            599  367     0
QSO:   21019 CW 2024-05-25 1124 DK8MM            599 163   WM3T             599  773     0
QSO:   21070 CW 2024-05-25 1124 DK8MM            599 164   AA3B             599  932     0
QSO:   21043 CW 2024-05-25 1125 DK8MM            599 165   NO3Y             599  777     0
QSO:   21049 CW 2024-05-25 1125 DK8MM            599 166   KF3P             599  1046    0
QSO:   21063 CW 2024-05-25 1126 DK8MM            599 167   N3QE             599  846     0
QSO:   21003 CW 2024-05-25 1126 DK8MM            599 168   WF9A             599  575     0
QSO:   21023 CW 2024-05-25 1127 DK8MM            599 169   KR2AA            599  620     0
QSO:   21061 CW 2024-05-25 1128 DK8MM            599 170   NH7T             599  839     0
QSO:   21008 CW 2024-05-25 1130 DK8MM            599 171   WX0B             599  1191    0
QSO:   21080 CW 2024-05-25 1130 DK8MM            599 172   K9NW             599  385     0
QSO:   21082 CW 2024-05-25 1131 DK8MM            599 173   KG9N             599  182     0
QSO:   21037 CW 2024-05-25 1131 DK8MM            599 174   XM3T             599  804     0
QSO:   21031 CW 2024-05-25 1132 DK8MM            599 175   VE3NNT           599  801     0
QSO:   21028 CW 2024-05-25 1132 DK8MM            599 176   AD8CW            599  029     0
QSO:   21004 CW 2024-05-25 1133 DK8MM            599 177   CK2Z             599  188     0
QSO:   21009 CW 2024-05-25 1133 DK8MM            599 178   VC2A             599  221     0
QSO:   21008 CW 2024-05-25 1134 DK8MM            599 179   WG3J             599  689     0
QSO:   21005 CW 2024-05-25 1134 DK8MM            599 180   KQ2M             599  1112    0
QSO:   21035 CW 2024-05-25 1136 DK8MM            599 181   N7AT             599  755     0
QSO:   21054 CW 2024-05-25 1136 DK8MM            599 182   KL5DX            599  1381    0
QSO:   21034 CW 2024-05-25 1137 DK8MM            599 183   NZ0T             599  071     0
QSO:   21057 CW 2024-05-25 1138 DK8MM            599 184   NU5A             599  1282    0
QSO:   21030 CW 2024-05-25 1139 DK8MM            599 185   NQ2F             599  096     0
QSO:   21079 CW 2024-05-25 1142 DK8MM            599 186   VY2TT            599  1438    0
QSO:   21086 CW 2024-05-25 1143 DK8MM            599 187   JN4MMO           599  212     0
QSO:   21024 CW 2024-05-25 1143 DK8MM            599 188   R8CT             599  614     0
QSO:   21054 CW 2024-05-25 1145 DK8MM            599 189   D4Z              599  1251    0
QSO:   21073 CW 2024-05-25 1145 DK8MM            599 190   IO4R             599  267     0
QSO:   21078 CW 2024-05-25 1146 DK8MM            599 191   3V8SS            599  823     0
QSO:   21068 CW 2024-05-25 1146 DK8MM            599 192   EF8R             599  760     0
QSO:   21049 CW 2024-05-25 1147 DK8MM            599 193   I1HJT            599  134     0
QSO:   21046 CW 2024-05-25 1147 DK8MM            599 194   TM9C             599  209     0
QSO:   21038 CW 2024-05-25 1148 DK8MM            599 195   HB4FG            599  894     0
QSO:   21016 CW 2024-05-25 1148 DK8MM            599 196   HB9EP            599  209     0
QSO:   21009 CW 2024-05-25 1149 DK8MM            599 197   EF1A             599  1151    0
QSO:   21035 CW 2024-05-25 1149 DK8MM            599 198   BY5EA            599  765     0
QSO:   21001 CW 2024-05-25 1150 DK8MM            599 199   JJ0VNR           599  676     0
QSO:   21021 CW 2024-05-25 1151 DK8MM            599 200   RC9J             599  497     0
QSO:   21044 CW 2024-05-25 1151 DK8MM            599 201   UC1A             599  196     0
QSO:   21063 CW 2024-05-25 1151 DK8MM            599 202   JA3YBK           599  753     0
QSO:   21050 CW 2024-05-25 1152 DK8MM            599 203   OG3B             599  527     0
QSO:   21046 CW 2024-05-25 1153 DK8MM            599 204   SJ2W             599  1459    0
QSO:   21069 CW 2024-05-25 1153 DK8MM            599 205   OH8Z             599  547     0
QSO:   21057 CW 2024-05-25 1154 DK8MM            599 206   JA1ZGO           599  425     0
QSO:   21051 CW 2024-05-25 1154 DK8MM            599 207   OH7K             599  672     0
QSO:   21010 CW 2024-05-25 1155 DK8MM            599 208   UN9GD            599  578     0
QSO:   21083 CW 2024-05-25 1155 DK8MM            599 209   B7C              599  707     0
QSO:   21023 CW 2024-05-25 1156 DK8MM            599 210   VE9HF            599  101     0
QSO:   21085 CW 2024-05-25 1157 DK8MM            599 211   YV4YC            599  056     0
QSO:   21037 CW 2024-05-25 1158 DK8MM            599 212   WT1M             599  580     0
QSO:   21073 CW 2024-05-25 1159 DK8MM            599 213   N1DC             599  286     0
QSO:   21068 CW 2024-05-25 1200 DK8MM            599 214   NE3MD            599  281     0
QSO:   21068 CW 2024-05-25 1201 DK8MM            599 215   KI7WX            599  963     0
QSO:   21048 CW 2024-05-25 1202 DK8MM            599 216   NA8V             599  997     0
QSO:   21027 CW 2024-05-25 1203 DK8MM            599 217   WK9M             599  762     0
QSO:   21027 CW 2024-05-25 1204 DK8MM            599 218   WK5T             599  1573    0
QSO:   21004 CW 2024-05-25 1205 DK8MM            599 219   K0AD             599  389     0
QSO:   21068 CW 2024-05-25 1205 DK8MM            599 220   AE8Q             599  138     0
QSO:   21030 CW 2024-05-25 1206 DK8MM            599 221   W0AAE            599  571     0
QSO:   21066 CW 2024-05-25 1206 DK8MM            599 222   ND7K             599  1953    0
QSO:   21072 CW 2024-05-25 1207 DK8MM            599 223   WW5M             599  326     0
QSO:   21034 CW 2024-05-25 1208 DK8MM            599 224   N8OO             599  292     0
QSO:   21079 CW 2024-05-25 1209 DK8MM            599 225   WA3AAN           599  518     0
QSO:   21014 CW 2024-05-25 1209 DK8MM            599 226   WX7T             599  069     0
QSO:   21009 CW 2024-05-25 1210 DK8MM            599 227   NQ1DX            599  805     0
QSO:   21085 CW 2024-05-25 1210 DK8MM            599 228   NS3T             599  396     0
QSO:   21029 CW 2024-05-25 1210 DK8MM            599 229   WN1GIV           599  211     0
QSO:   21046 CW 2024-05-25 1211 DK8MM            599 230   NV3F             599  055     0
QSO:   21052 CW 2024-05-25 1212 DK8MM            599 231   NG3J             599  275     0
QSO:   21073 CW 2024-05-25 1213 DK8MM            599 232   KI6DY            599  059     0
QSO:   21016 CW 2024-05-25 1214 DK8MM            599 233   NS0R             599  721     0
QSO:   21002 CW 2024-05-25 1214 DK8MM            599 234   KM9P             599  977     0
QSO:   21004 CW 2024-05-25 1214 DK8MM            599 235   NN5J             599  898     0
QSO:   21020 CW 2024-05-25 1220 DK8MM            599 236   JU1DX            599  193     0
QSO:   21048 CW 2024-05-25 1844 DK8MM            599 237   RC2O             599  369     0
QSO:   21039 CW 2024-05-25 1844 DK8MM            599 238   YC1DGZ           599  310     0
QSO:   21004 CW 2024-05-25 1845 DK8MM            599 239   OM0R             599  1874    0
QSO:   21023 CW 2024-05-25 1846 DK8MM            599 240   SN3A             599  1473    0
QSO:   21016 CW 2024-05-25 1847 DK8MM            599 241   OM7M             599  1178    0
QSO:   21048 CW 2024-05-25 1848 DK8MM            599 242   YL6W             599  777     0
QSO:   21027 CW 2024-05-25 1849 DK8MM            599 243   DQ2C             599  1073    0
QSO:   21025 CW 2024-05-25 1850 DK8MM            599 244   SV9MBH           599  107     0
QSO:   21065 CW 2024-05-25 1852 DK8MM            599 245   IK2SND           599  086     0
QSO:   21071 CW 2024-05-25 1853 DK8MM            599 246   SV8OVJ           599  489     0
QSO:   21048 CW 2024-05-25 1854 DK8MM            599 247   HG8R             599  1299    0
QSO:   21060 CW 2024-05-25 1855 DK8MM            599 248   IQ2DN            599  1269    0
QSO:   21061 CW 2024-05-25 1855 DK8MM            599 249   DR4A             599  701     0
QSO:   21028 CW 2024-05-25 1856 DK8MM            599 250   HB7X             599  726     0
QSO:   21053 CW 2024-05-25 1856 DK8MM            599 251   EF6T             599  1911    0
QSO:   21029 CW 2024-05-25 1858 DK8MM            599 252   DR0W             599  1793    0
QSO:   21011 CW 2024-05-25 1858 DK8MM            599 253   DP7D             599  1751    0
QSO:   21044 CW 2024-05-25 1859 DK8MM            599 254   HA8TA            599  948     0
QSO:   21071 CW 2024-05-25 1900 DK8MM            599 255   OK7O             599  1707    0
QSO:   21045 CW 2024-05-25 1901 DK8MM            599 256   HA1AG            599  1364    0
QSO:   21064 CW 2024-05-25 1902 DK8MM            599 257   E7DX             599  1280    0
QSO:   21068 CW 2024-05-25 1903 DK8MM            599 258   DM6V             599  432     0
QSO:   21056 CW 2024-05-25 1904 DK8MM            599 259   DL3DXX           599  1038    0
QSO:   21046 CW 2024-05-25 1904 DK8MM            599 260   II2Q             599  1989    0
QSO:   21014 CW 2024-05-25 1905 DK8MM            599 261   S57AL            599  1371    0
QSO:   21020 CW 2024-05-25 1906 DK8MM            599 262   YT0Z             599  1475    0
QSO:   21009 CW 2024-05-25 1906 DK8MM            599 263   DM4X             599  1561    0
QSO:   21044 CW 2024-05-25 1907 DK8MM            599 264   DL6KVA           599  922     0
QSO:   21081 CW 2024-05-25 1908 DK8MM            599 265   EA8KR            599  855     0
QSO:   21057 CW 2024-05-25 1910 DK8MM            599 266   J35X             599  197     0
QSO:   21014 CW 2024-05-25 1911 DK8MM            599 267   TI7W             599  2071    0
QSO:   21006 CW 2024-05-25 1911 DK8MM            599 268   KB4DX            599  369     0
QSO:   21014 CW 2024-05-25 1912 DK8MM            599 269   WN7S             599  624     0
QSO:   21036 CW 2024-05-25 1913 DK8MM            599 270   WB2RPW           599  167     0
QSO:   21078 CW 2024-05-25 1914 DK8MM            599 271   AJ9C             599  314     0
QSO:   21034 CW 2024-05-25 1915 DK8MM            599 272   WZ7F             599  724     0
QSO:   21022 CW 2024-05-25 1915 DK8MM            599 273   NR6O             599  840     0
QSO:   21018 CW 2024-05-25 1916 DK8MM            599 274   VE5MX            599  1725    0
QSO:   21035 CW 2024-05-25 1916 DK8MM            599 275   W9RE             599  1191    0
QSO:   21003 CW 2024-05-25 1917 DK8MM            599 276   KM7W             599  1724    0
QSO:   21026 CW 2024-05-25 1918 DK8MM            599 277   NI9F             599  538     0
QSO:   21070 CW 2024-05-25 1919 DK8MM            599 278   WJ9B             599  929     0
QSO:   21080 CW 2024-05-25 1919 DK8MM            599 279   XQ1KZ            599  556     0
QSO:   21013 CW 2024-05-25 1920 DK8MM            599 280   LW1F             599  596     0
QSO:   21063 CW 2024-05-25 1920 DK8MM            599 281   PV2K             599  499     0
QSO:   21043 CW 2024-05-25 1922 DK8MM            599 282   EA2W             599  1838    0
QSO:   14062 CW 2024-05-25 2048 DK8MM            599 283   JI1RXQ           599  709     0
QSO:   14057 CW 2024-05-25 2049 DK8MM            599 284   JM4MGM           599  835     0
QSO:   14014 CW 2024-05-25 2050 DK8MM            599 285   JE1LFX           599  1126    0
QSO:   14042 CW 2024-05-25 2050 DK8MM            599 286   DS4EOI           599  815     0
QSO:   14021 CW 2024-05-25 2051 DK8MM            599 287   BY8AC            599  1469    0
QSO:   14026 CW 2024-05-25 2052 DK8MM            599 288   VL2N             599  501     0
QSO:   14033 CW 2024-05-25 2052 DK8MM            599 289   BD3TE            599  297     0
QSO:   14062 CW 2024-05-25 2053 DK8MM            599 290   V85RH            599  1380    0
QSO:   14030 CW 2024-05-25 2054 DK8MM            599 291   BA7MT            599  1088    0
QSO:   14050 CW 2024-05-25 2054 DK8MM            599 292   UC8Y             599  849     0
QSO:   14050 CW 2024-05-25 2055 DK8MM            599 293   JR3KQJ           599  354     0
QSO:   14022 CW 2024-05-25 2055 DK8MM            599 294   JS1DEH           599  070     0
QSO:   14067 CW 2024-05-25 2056 DK8MM            599 295   EW5A             599  1785    0
QSO:   14037 CW 2024-05-25 2057 DK8MM            599 296   YB0ECT           599  641     0
QSO:   14049 CW 2024-05-25 2057 DK8MM            599 297   HG0Y             599  1237    0
QSO:   14017 CW 2024-05-25 2057 DK8MM            599 298   HA4A             599  938     0
QSO:   14066 CW 2024-05-25 2058 DK8MM            599 299   OL87OM           599  652     0
QSO:   14026 CW 2024-05-25 2058 DK8MM            599 300   UA5R             599  188     0
QSO:   14068 CW 2024-05-25 2059 DK8MM            599 301   BA3MO            599  561     0
QSO:   14027 CW 2024-05-25 2100 DK8MM            599 302   JH1GEX           599  315     0
QSO:   14055 CW 2024-05-25 2101 DK8MM            599 303   JA9CWJ           599  305     0
QSO:   14032 CW 2024-05-25 2102 DK8MM            599 304   N6AR             599  991     0
QSO:   14016 CW 2024-05-25 2104 DK8MM            599 305   PW2F             599  1821    0
QSO:   14021 CW 2024-05-25 2105 DK8MM            599 306   PY2IB            599  085     0
QSO:   14035 CW 2024-05-25 2105 DK8MM            599 307   PY4HO            599  352     0
QSO:   14012 CW 2024-05-25 2108 DK8MM            599 308   RG2A             599  123     0
QSO:   14012 CW 2024-05-25 2109 DK8MM            599 309   ER4A             599  2620    0
QSO:   14012 CW 2024-05-25 2109 DK8MM            599 310   W1ARY            599  324     0
QSO:   14012 CW 2024-05-25 2110 DK8MM            599 311   M5G              599  319     0
QSO:   14012 CW 2024-05-25 2110 DK8MM            599 312   VC2A             599  1036    0
QSO:   14012 CW 2024-05-25 2111 DK8MM            599 313   9A1P             599  2449    0
QSO:   14012 CW 2024-05-25 2111 DK8MM            599 314   YO4NF            599  1324    0
QSO:   14012 CW 2024-05-25 2112 DK8MM            599 315   2E0CVN           599  776     0
QSO:   14012 CW 2024-05-25 2112 DK8MM            599 316   UX2HB            599  066     0
QSO:   14012 CW 2024-05-25 2113 DK8MM            599 317   VE2EZD           599  355     0
QSO:   14012 CW 2024-05-25 2113 DK8MM            599 318   K1LZ             599  1540    0
QSO:   14012 CW 2024-05-25 2114 DK8MM            599 319   NQ4J             599  281     0
QSO:   14012 CW 2024-05-25 2114 DK8MM            599 320   YT4W             599  1127    0
QSO:   14012 CW 2024-05-25 2114 DK8MM            599 321   N4ZR             599  768     0
QSO:   14012 CW 2024-05-25 2115 DK8MM            599 322   AB3CX            599  835     0
QSO:   14012 CW 2024-05-25 2115 DK8MM            599 323   AA3B             599  2077    0
QSO:   14012 CW 2024-05-25 2116 DK8MM            599 324   DR5X             599  1379    0
QSO:   14012 CW 2024-05-25 2116 DK8MM            599 325   R3ZZ             599  1057    0
QSO:   14012 CW 2024-05-25 2117 DK8MM            599 326   N2UU             599  469     0
QSO:   14012 CW 2024-05-25 2117 DK8MM            599 327   HG5E             599  1364    0
QSO:   14037 CW 2024-05-25 2119 DK8MM            599 328   RA3BQ            599  392     0
QSO:   14041 CW 2024-05-25 2119 DK8MM            599 329   JE5HTN           599  412     0
QSO:   14086 CW 2024-05-25 2122 DK8MM            599 330   E73M             599  046     0
QSO:   14032 CW 2024-05-25 2122 DK8MM            599 331   UT5EL            599  779     0
QSO:   14047 CW 2024-05-25 2123 DK8MM            599 332   OK5Z             599  1800    0
QSO:   14070 CW 2024-05-25 2124 DK8MM            599 333   CT3KN            599  1658    0
QSO:   14057 CW 2024-05-25 2125 DK8MM            599 334   NG1R             599  390     0
QSO:   14021 CW 2024-05-25 2125 DK8MM            599 335   KB1QU            599  219     0
QSO:   14051 CW 2024-05-25 2125 DK8MM            599 336   K2RB             599  456     0
QSO:   14044 CW 2024-05-25 2126 DK8MM            599 337   NT2DR            599  978     0
QSO:   14053 CW 2024-05-25 2127 DK8MM            599 338   K8LX             599  248     0
QSO:   21029 CW 2024-05-26 1200 DK8MM            599 339   VU3GDS           599  526     0
QSO:   21004 CW 2024-05-26 1202 DK8MM            599 340   UV1IX            599  685     0
QSO:   21013 CW 2024-05-26 1202 DK8MM            599 341   UY2UZ            599  1183    0
QSO:   21009 CW 2024-05-26 1202 DK8MM            599 342   4X6FR            599  2436    0
QSO:   21006 CW 2024-05-26 1203 DK8MM            599 343   LZ7M             599  1152    0
QSO:   21032 CW 2024-05-26 1203 DK8MM            599 344   YT3EWW           599  1695    0
QSO:   21047 CW 2024-05-26 1204 DK8MM            599 345   EF3T             599  1149    0
QSO:   21036 CW 2024-05-26 1204 DK8MM            599 346   I4IKW            599  697     0
QSO:   21024 CW 2024-05-26 1205 DK8MM            599 347   IZ0DHC           599  376     0
QSO:   21015 CW 2024-05-26 1205 DK8MM            599 348   IK5MEP           599  373     0
QSO:   21082 CW 2024-05-26 1207 DK8MM            599 349   EI0W             599  074     0
QSO:   21056 CW 2024-05-26 1208 DK8MM            599 350   ZA/OG1N          599  1238    0
QSO:   21053 CW 2024-05-26 1208 DK8MM            599 351   YU5A             599  516     0
QSO:   21012 CW 2024-05-26 1209 DK8MM            599 352   YT9A             599  1930    0
QSO:   21057 CW 2024-05-26 1210 DK8MM            599 353   SV5DKL           599  1085    0
QSO:   21057 CW 2024-05-26 1212 DK8MM            599 354   AH2R             599  2222    0
QSO:   21015 CW 2024-05-26 1212 DK8MM            599 355   BD4VGZ           599  1347    0
QSO:   21016 CW 2024-05-26 1213 DK8MM            599 356   UC8Y             599  1214    0
QSO:   21008 CW 2024-05-26 1213 DK8MM            599 357   UP7L             599  1423    0
QSO:   21051 CW 2024-05-26 1215 DK8MM            599 358   9A1A             599  1998    0
QSO:   21051 CW 2024-05-26 1215 DK8MM            599 359   RF9C             599  1188    0
QSO:   21051 CW 2024-05-26 1216 DK8MM            599 360   K1LZ             599  1936    0
QSO:   21051 CW 2024-05-26 1216 DK8MM            599 361   S53F             599  2319    0
QSO:   21051 CW 2024-05-26 1217 DK8MM            599 362   LZ9W             599  1984    0
QSO:   21051 CW 2024-05-26 1217 DK8MM            599 363   CR6K             599  3346    0
QSO:   21051 CW 2024-05-26 1219 DK8MM            599 364   HG6N             599  3780    0
QSO:   21051 CW 2024-05-26 1220 DK8MM            599 365   UP2L             599  4756    0
QSO:   21051 CW 2024-05-26 1221 DK8MM            599 366   DK9PY            599  2481    0
QSO:   21051 CW 2024-05-26 1221 DK8MM            599 367   UZ7E             599  1019    0
QSO:   21051 CW 2024-05-26 1221 DK8MM            599 368   HA8DU            599  1448    0
QSO:   21051 CW 2024-05-26 1222 DK8MM            599 369   S53M             599  2600    0
QSO:   21051 CW 2024-05-26 1223 DK8MM            599 370   UR7MA            599  081     0
QSO:   21051 CW 2024-05-26 1223 DK8MM            599 371   UF1F             599  1911    0
QSO:   21051 CW 2024-05-26 1224 DK8MM            599 372   HG3N             599  2630    0
QSO:   21051 CW 2024-05-26 1224 DK8MM            599 373   UT5UN            599  072     0
QSO:   21051 CW 2024-05-26 1225 DK8MM            599 374   N1LN             599  1596    0
QSO:   21051 CW 2024-05-26 1225 DK8MM            599 375   UT1AA            599  477     0
QSO:   21051 CW 2024-05-26 1225 DK8MM            599 376   UN4Q             599  2022    0
QSO:   21051 CW 2024-05-26 1226 DK8MM            599 377   E75RKP           599  022     0
QSO:   21051 CW 2024-05-26 1227 DK8MM            599 378   YO2IS            599  265     0
QSO:   21058 CW 2024-05-26 1229 DK8MM            599 379   K1ESE            599  376     0
QSO:   21058 CW 2024-05-26 1229 DK8MM            599 380   EU8U             599  2334    0
QSO:   21058 CW 2024-05-26 1230 DK8MM            599 381   TA7I             599  757     0
QSO:   21058 CW 2024-05-26 1230 DK8MM            599 382   YT8A             599  2008    0
QSO:   21058 CW 2024-05-26 1231 DK8MM            599 383   RA9MX            599  357     0
QSO:   21058 CW 2024-05-26 1232 DK8MM            599 384   RM2U             599  1508    0
QSO:   21058 CW 2024-05-26 1233 DK8MM            599 385   LZ1IQ            599  336     0
QSO:   21058 CW 2024-05-26 1234 DK8MM            599 386   UA9FGJ           599  300     0
QSO:   21058 CW 2024-05-26 1235 DK8MM            599 387   N6NT             599  308     0
QSO:   21058 CW 2024-05-26 1236 DK8MM            599 388   WC4E             599  1199    0
QSO:   21058 CW 2024-05-26 1236 DK8MM            599 389   LZ8E             599  2567    0
QSO:   21058 CW 2024-05-26 1236 DK8MM            599 390   VE9AA            599  1723    0
QSO:   21058 CW 2024-05-26 1237 DK8MM            599 391   YO8FC            599  555     0
QSO:   21058 CW 2024-05-26 1238 DK8MM            599 392   NR7DX            599  2807    0
QSO:   21058 CW 2024-05-26 1238 DK8MM            599 393   WM9C             599  1138    0
QSO:   21058 CW 2024-05-26 1239 DK8MM            599 394   K9CT             599  1283    0
QSO:   21058 CW 2024-05-26 1239 DK8MM            599 395   9A5D             599  2118    0
QSO:   21058 CW 2024-05-26 1240 DK8MM            599 396   WW3S             599  286     0
QSO:   21058 CW 2024-05-26 1241 DK8MM            599 397   YO4NF            599  1959    0
QSO:   21058 CW 2024-05-26 1242 DK8MM            599 398   N4KH             599  465     0
QSO:   21058 CW 2024-05-26 1243 DK8MM            599 399   YO8DOH           599  1544    0
QSO:   21058 CW 2024-05-26 1244 DK8MM            599 400   NN5Z             599  449     0
QSO:   21058 CW 2024-05-26 1244 DK8MM            599 401   XM3R             599  2185    0
QSO:   21083 CW 2024-05-26 1245 DK8MM            599 402   RW0AJ            599  542     0
QSO:   21017 CW 2024-05-26 1245 DK8MM            599 403   RC0L             599  335     0
QSO:   21037 CW 2024-05-26 1246 DK8MM            599 404   YC9FAR           599  612     0
QSO:   21031 CW 2024-05-26 1248 DK8MM            599 405   RY6Y/4           599  488     0
QSO:   21062 CW 2024-05-26 1248 DK8MM            599 406   LZ6W             599  870     0
QSO:   21028 CW 2024-05-26 1249 DK8MM            599 407   RG6G             599  2836    0
QSO:   21039 CW 2024-05-26 1249 DK8MM            599 408   SX5R             599  2905    0
QSO:   21081 CW 2024-05-26 1250 DK8MM            599 409   UC7A             599  1419    0
QSO:   21056 CW 2024-05-26 1250 DK8MM            599 410   UW5U             599  484     0
QSO:   21055 CW 2024-05-26 1251 DK8MM            599 411   HG5C             599  1349    0
QSO:   21066 CW 2024-05-26 1251 DK8MM            599 412   R9TV             599  137     0
QSO:   21001 CW 2024-05-26 1253 DK8MM            599 413   9A7A             599  4103    0
QSO:   21070 CW 2024-05-26 1254 DK8MM            599 414   PP4T             599  1488    0
QSO:   21001 CW 2024-05-26 1255 DK8MM            599 415   PT7WM            599  527     0
QSO:   21086 CW 2024-05-26 1256 DK8MM            599 416   M3AWD            599  937     0
QSO:   21078 CW 2024-05-26 1257 DK8MM            599 417   KP4PUA           599  149     0
QSO:   21042 CW 2024-05-26 1257 DK8MM            599 418   WO4O             599  1768    0
QSO:   21083 CW 2024-05-26 1258 DK8MM            599 419   K4OAQ            599  876     0
QSO:   21005 CW 2024-05-26 1259 DK8MM            599 420   WZ4F             599  1980    0
QSO:   21028 CW 2024-05-26 1259 DK8MM            599 421   AD5A             599  1576    0
QSO:   21072 CW 2024-05-26 1301 DK8MM            599 422   K5WA             599  1610    0
QSO:   21005 CW 2024-05-26 1301 DK8MM            599 423   KK5I             599  2025    0
QSO:   21026 CW 2024-05-26 1301 DK8MM            599 424   N5RZ             599  1484    0
QSO:   21034 CW 2024-05-26 1303 DK8MM            599 425   NB1N             599  925     0
QSO:   21014 CW 2024-05-26 1303 DK8MM            599 426   WT2J             599  1358    0
QSO:   21049 CW 2024-05-26 1304 DK8MM            599 427   ND3D             599  1519    0
QSO:   21013 CW 2024-05-26 1305 DK8MM            599 428   WW4R             599  590     0
QSO:   21005 CW 2024-05-26 1305 DK8MM            599 429   KU2M             599  1092    0
QSO:   21035 CW 2024-05-26 1307 DK8MM            599 430   KM0O             599  045     0
QSO:   21023 CW 2024-05-26 1308 DK8MM            599 431   W4NZ             599  832     0
QSO:   21031 CW 2024-05-26 1308 DK8MM            599 432   AI4WW            599  624     0
QSO:   14000 CW 2024-05-26 1315 DK8MM            599 433   II4M             599  2127    0
QSO:   14006 CW 2024-05-26 1316 DK8MM            599 434   IP3A             599  1941    0
QSO:   14051 CW 2024-05-26 1317 DK8MM            599 435   TM1A             599  2934    0
QSO:   14049 CW 2024-05-26 1317 DK8MM            599 436   ME5W             599  1151    0
QSO:   14021 CW 2024-05-26 1318 DK8MM            599 437   OI3V             599  2398    0
QSO:   14048 CW 2024-05-26 1319 DK8MM            599 438   YL5W             599  951     0
QSO:   14060 CW 2024-05-26 1319 DK8MM            599 439   SP4Z             599  1701    0
QSO:   14021 CW 2024-05-26 1320 DK8MM            599 440   EU2F             599  1437    0
QSO:   14043 CW 2024-05-26 1320 DK8MM            599 441   OH1NA            599  1772    0
QSO:   14035 CW 2024-05-26 1320 DK8MM            599 442   S51YI            599  1547    0
QSO:   14014 CW 2024-05-26 1321 DK8MM            599 443   SN7Q             599  2682    0
QSO:   14038 CW 2024-05-26 1321 DK8MM            599 444   SZ1A             599  1587    0
QSO:   14057 CW 2024-05-26 1322 DK8MM            599 445   S58Y             599  860     0
QSO:   14019 CW 2024-05-26 1322 DK8MM            599 446   SV1ME            599  916     0
QSO:   14005 CW 2024-05-26 1323 DK8MM            599 447   UX1VX            599  597     0
QSO:   14039 CW 2024-05-26 1325 DK8MM            599 448   IB9R             599  1548    0
QSO:   14010 CW 2024-05-26 1325 DK8MM            599 449   I3FIY            599  558     0
QSO:   14069 CW 2024-05-26 1326 DK8MM            599 450   IU8RQW           599  337     0
QSO:   14034 CW 2024-05-26 1327 DK8MM            599 451   MD4K             599  1978    0
QSO:   14040 CW 2024-05-26 1327 DK8MM            599 452   IP2K             599  647     0
QSO:   14042 CW 2024-05-26 1328 DK8MM            599 453   GM3A             599  343     0
QSO:   14017 CW 2024-05-26 1329 DK8MM            599 454   TF3W             599  1833    0
QSO:   14009 CW 2024-05-26 1329 DK8MM            599 455   KO8SCA           599  2049    0
QSO:   14013 CW 2024-05-26 1437 DK8MM            599 456   G5W              599  149     0
QSO:   14032 CW 2024-05-26 1437 DK8MM            599 457   RU0LL            599  1266    0
QSO:   14043 CW 2024-05-26 1438 DK8MM            599 458   UW73X            599  1559    0
QSO:   14059 CW 2024-05-26 1439 DK8MM            599 459   R9GM             599  468     0
QSO:   14010 CW 2024-05-26 1440 DK8MM            599 460   YL3FT            599  1797    0
QSO:   14017 CW 2024-05-26 1440 DK8MM            599 461   LY4A             599  1205    0
QSO:   14037 CW 2024-05-26 1441 DK8MM            599 462   RA4Y             599  542     0
QSO:   14050 CW 2024-05-26 1442 DK8MM            599 463   Z33F             599  1064    0
QSO:   14034 CW 2024-05-26 1442 DK8MM            599 464   IK6QRH           599  256     0
QSO:   14006 CW 2024-05-26 1443 DK8MM            599 465   UZ0U             599  1091    0
QSO:   14059 CW 2024-05-26 1443 DK8MM            599 466   RU3A             599  2122    0
QSO:   14052 CW 2024-05-26 1445 DK8MM            599 467   BG4FQD           599  063     0
QSO:   14007 CW 2024-05-26 1445 DK8MM            599 468   UN0L             599  601     0
QSO:   14012 CW 2024-05-26 1446 DK8MM            599 469   RM9RZ            599  324     0
QSO:   14055 CW 2024-05-26 1447 DK8MM            599 470   JJ2JQF           599  1167    0
QSO:   14049 CW 2024-05-26 1447 DK8MM            599 471   UP0L             599  2976    0
QSO:   14048 CW 2024-05-26 1448 DK8MM            599 472   JH7QXJ           599  895     0
QSO:   14062 CW 2024-05-26 1448 DK8MM            599 473   OG1F             599  2779    0
QSO:   14025 CW 2024-05-26 1449 DK8MM            599 474   UP5B             599  1305    0
QSO:   14028 CW 2024-05-26 1449 DK8MM            599 475   UC5D             599  265     0
QSO:   14042 CW 2024-05-26 1450 DK8MM            599 476   RT4F             599  2919    0
QSO:   14008 CW 2024-05-26 1451 DK8MM            599 477   RD4A             599  1066    0
QSO:   14021 CW 2024-05-26 1451 DK8MM            599 478   UA6AA            599  1566    0
QSO:   14061 CW 2024-05-26 1452 DK8MM            599 479   JK1OLT           599  852     0
QSO:   14017 CW 2024-05-26 1453 DK8MM            599 480   UA1F             599  337     0
QSO:   14041 CW 2024-05-26 1454 DK8MM            599 481   OG6N             599  1795    0
QSO:   14007 CW 2024-05-26 1455 DK8MM            599 482   3W9A             599  1519    0
QSO:   14020 CW 2024-05-26 1455 DK8MM            599 483   UW2U             599  1807    0
QSO:   14023 CW 2024-05-26 1456 DK8MM            599 484   YT7X             599  1076    0
QSO:   14004 CW 2024-05-26 1457 DK8MM            599 485   S54K             599  1328    0
QSO:   14032 CW 2024-05-26 1458 DK8MM            599 486   SV4FFL           599  686     0
QSO:   14056 CW 2024-05-26 1458 DK8MM            599 487   IP1M             599  2191    0
QSO:   14010 CW 2024-05-26 1500 DK8MM            599 488   HL2BQG           599  1615    0
QSO:   14034 CW 2024-05-26 1500 DK8MM            599 489   RX9WN            599  1006    0
QSO:   14013 CW 2024-05-26 1501 DK8MM            599 490   SN6S             599  1069    0
QSO:   14016 CW 2024-05-26 1503 DK8MM            599 491   UT2II            599  877     0
QSO:   14011 CW 2024-05-26 1503 DK8MM            599 492   9W2/R6AF         599  1116    0
QSO:   14063 CW 2024-05-26 1504 DK8MM            599 493   EW2A             599  1573    0
QSO:   14006 CW 2024-05-26 1505 DK8MM            599 494   H25A             599  3360    0
QSO:   14022 CW 2024-05-26 1506 DK8MM            599 495   RV3ZN            599  673     0
QSO:   14024 CW 2024-05-26 1506 DK8MM            599 496   RA9P             599  2456    0
QSO:   14022 CW 2024-05-26 1507 DK8MM            599 497   E2X              599  1603    0
QSO:   14041 CW 2024-05-26 1508 DK8MM            599 498   RK2M             599  454     0
QSO:   14043 CW 2024-05-26 1508 DK8MM            599 499   RW3AI            599  285     0
QSO:   14002 CW 2024-05-26 1509 DK8MM            599 500   UZ5DM            599  579     0
QSO:   14065 CW 2024-05-26 1509 DK8MM            599 501   GM4GTV/P         599  050     0
END-OF-LOG:
