START-OF-LOG: 3.0
CONTEST: CQ-WPX-CW
CALLSIGN: KT5LA
LOCATION: LAX
CATEGORY-OPERATOR: SINGLE-OP
CATEGORY-ASSISTED: NON-ASSISTED
CATEGORY-BAND: ALL
CATEGORY-POWER: LOW
CATEGORY-MODE: CW
CATEGORY-TRANSMITTER: ONE
CATEGORY-STATION: FIXED
CATEGORY-OVERLAY:
GRID-LOCATOR: DM03tv
CLAIMED-SCORE: 3569
NAME: Jay Wilson
OPERATORS: KT5LA
CLUB: GOTA Amateur Radio Club
CREATED-BY: N3FJP's CQ WPX Contest Log 4.9.8
SOAPBOX: 20m was open quite late here! Very fun.
QSO:   14044 CW 2024-05-25 1739 KT5LA            599 001   VE7WO            599  464     0
QSO:   14032 CW 2024-05-25 1801 KT5LA            599 002   W0IZ             599  263     0
QSO:   14058 CW 2024-05-25 1810 KT5LA            599 003   K6OK             599  198     0
QSO:   14040 CW 2024-05-25 1813 KT5LA            599 004   NR6O             599  1074    0
QSO:   14033 CW 2024-05-25 1816 KT5LA            599 005   K3LR             599  1100    0
QSO:   14027 CW 2024-05-25 1819 KT5LA            599 006   NS0R             599  1171    0
QSO:   14051 CW 2024-05-25 1821 KT5LA            599 007   N1LN             599  1130    0
QSO:   14003 CW 2024-05-25 1832 KT5LA            599 008   KK5I             599  1264    0
QSO:   14060 CW 2024-05-25 1837 KT5LA            599 009   WK5T             599  2279    0
QSO:   14060 CW 2024-05-26 0044 KT5LA            599 010   N0AC             599  13      0
QSO:   14058 CW 2024-05-26 0047 KT5LA            599 011   AD4EB            599  1739    0
QSO:   14056 CW 2024-05-26 0050 KT5LA            599 012   CN3A             599  1898    0
QSO:   14054 CW 2024-05-26 0234 KT5LA            599 013   UF1F             599  1304    0
QSO:   14049 CW 2024-05-26 0237 KT5LA            599 014   HG0Y             599  1531    0
QSO:   14041 CW 2024-05-26 0254 KT5LA            599 015   EA2W             599  2626    0
QSO:   14038 CW 2024-05-26 0259 KT5LA            599 016   WW4R             599  483     0
QSO:   14027 CW 2024-05-26 0523 KT5LA            599 017   CR3DX            599  1511    0
QSO:   14015 CW 2024-05-26 0532 KT5LA            599 018   VE5MX            599  2339    0
QSO:   14017 CW 2024-05-26 0533 KT5LA            599 019   KQ2M             599  2382    0
QSO:   14035 CW 2024-05-26 0537 KT5LA            599 020   PJ4A             599  3683    0
QSO:   14037 CW 2024-05-26 0539 KT5LA            599 021   K5KU             599  259     0
QSO:   14040 CW 2024-05-26 0540 KT5LA            599 022   JA3YBK           599  862     0
QSO:   14046 CW 2024-05-26 0543 KT5LA            599 023   W1RCR            599  1087    0
QSO:   14046 CW 2024-05-26 0546 KT5LA            599 024   8P5A             599  4265    0
QSO:   14060 CW 2024-05-26 0550 KT5LA            599 025   JA1TMG           599  402     0
QSO:   14064 CW 2024-05-26 0551 KT5LA            599 026   K9CT             599  1413    0
QSO:    7025 CW 2024-05-26 0554 KT5LA            599 027   KQ7I             599  456     0
QSO:    7023 CW 2024-05-26 0556 KT5LA            599 028   WF6C             599  381     0
QSO:    7020 CW 2024-05-26 0557 KT5LA            599 029   KU6W             599  1091    0
QSO:    7017 CW 2024-05-26 0559 KT5LA            599 030   WA6KHK           599  953     0
QSO:    7014 CW 2024-05-26 0601 KT5LA            599 031   VE5MX            599  2359    0
QSO:    7027 CW 2024-05-26 0604 KT5LA            599 032   VC7X             599  540     0
QSO:    7033 CW 2024-05-26 0605 KT5LA            599 033   K6PO             599  377     0
QSO:    7037 CW 2024-05-26 0606 KT5LA            599 034   NU6N             599  353     0
QSO:   14024 CW 2024-05-26 1546 KT5LA            599 035   WS7T             599  2203    0
QSO:   14019 CW 2024-05-26 1551 KT5LA            599 036   DS4EOI           599  1666    0
QSO:   14049 CW 2024-05-26 1559 KT5LA            599 037   N7RVD            599  316     0
QSO:   14048 CW 2024-05-26 1605 KT5LA            599 038   W6KC/VE7         599  65      0
QSO:   14044 CW 2024-05-26 1606 KT5LA            599 039   KL5DX            599  3129    0
QSO:   14039 CW 2024-05-26 1608 KT5LA            599 040   KS7T             599  601     0
QSO:   14036 CW 2024-05-26 1746 KT5LA            599 041   KD7LEE           599  179     0
QSO:   21055 CW 2024-05-26 1752 KT5LA            599 042   CE3CT            599  1196    0
QSO:   21048 CW 2024-05-26 1754 KT5LA            599 043   ZF2SS            599  3121    0
QSO:   21046 CW 2024-05-26 1755 KT5LA            599 044   AC0W             599  1438    0
QSO:   21043 CW 2024-05-26 1805 KT5LA            599 045   K8GV             599  55      0
QSO:   21048 CW 2024-05-26 1808 KT5LA            599 046   KQ7I             599  1237    0
QSO:   14017 CW 2024-05-26 1814 KT5LA            599 047   VC7X             599  1678    0
QSO:   14016 CW 2024-05-26 1817 KT5LA            599 048   DA4DL            599  132     0
END-OF-LOG:
