START-OF-LOG: 3.0
CREATED-BY: vhfmanager-downloader
CONTEST: ZRS julijsko UKV tekmovanje - Official results - VHFManager
CALLSIGN: HB9N
CATEGORY: 435 MHz - checklog
CATEGORY-OPERATOR: SINGLE-OP
CATEGORY-ASSISTED: NON-ASSISTED
CATEGORY-TRANSMITTER: ONE
CATEGORY-STATION: FIXED
QSO: 435000 PH 2023-07-01 1401 HB9N          59  1 JN37KB   HB9HLM        59  1 JN36KW  
QSO: 435000 PH 2023-07-01 1413 HB9N          59  2 JN37KB   HB9BAT        59  3 JN37RF  
QSO: 435000 PH 2023-07-01 1415 HB9N          59  3 JN37KB   F1NZC         59  1 JN15MR  
QSO: 435000 PH 2023-07-01 1417 HB9N          59  4 JN37KB   F6KQJ/P       59  3 JN15TD  
QSO: 435000 PH 2023-07-01 1420 HB9N          59  5 JN37KB   F1GGS         59  1 JN15OV  
QSO: 435000 PH 2023-07-01 1427 HB9N          59  6 JN37KB   HB9HNU        59  2 JN37LF  
QSO: 435000 PH 2023-07-01 1438 HB9N          59  7 JN37KB   F5MFI         59  3 JN07XT  
QSO: 435000 PH 2023-07-01 1448 HB9N          59  8 JN37KB   HB9AOF        59  9 JN36AD  
QSO: 435000 PH 2023-07-01 1450 HB9N          59  9 JN37KB   F8DFT         59  2 JN37NS  
QSO: 435000 PH 2023-07-01 1527 HB9N          59  10 JN37KB  I2FAK         59  2 JN45PB  
QSO: 435000 PH 2023-07-01 1532 HB9N          59  11 JN37KB  ON4KBE        59  11 JO20BI 
QSO: 435000 PH 2023-07-01 1534 HB9N          59  12 JN37KB  HB9HEA        59  9 JN47EI  
QSO: 435000 PH 2023-07-01 1539 HB9N          59  13 JN37KB  F6CUW         59  2 JN27WK  
QSO: 435000 PH 2023-07-01 1542 HB9N          59  14 JN37KB  F4HER         59  7 JN06CL  
QSO: 435000 PH 2023-07-01 1543 HB9N          59  15 JN37KB  F6GNR         59  2 IN97FD  
QSO: 435000 PH 2023-07-01 1544 HB9N          59  16 JN37KB  F1BQX         59  2 JN18DP  
QSO: 435000 PH 2023-07-01 1552 HB9N          59  17 JN37KB  F4KLP/P       59  9 IN88CB  
QSO: 435000 PH 2023-07-01 1604 HB9N          59  18 JN37KB  HB9GF         59  21 JN47BC 
QSO: 435000 PH 2023-07-01 1606 HB9N          59  19 JN37KB  F6CZY         59  4 JN18LX  
QSO: 435000 PH 2023-07-01 1607 HB9N          59  20 JN37KB  F6KRK         59  11 JN18AS 
QSO: 435000 PH 2023-07-01 1612 HB9N          59  21 JN37KB  HB9AJ         59  33 JN37SH 
QSO: 435000 PH 2023-07-01 1616 HB9N          59  22 JN37KB  F4FCW         59  2 JN38FO  
QSO: 435000 PH 2023-07-01 1617 HB9N          59  23 JN37KB  HB9OOH        59  1 JN37PA  
QSO: 435000 PH 2023-07-01 1622 HB9N          59  24 JN37KB  OP5Y/P        55  10 JO30SS 
QSO: 435000 PH 2023-07-01 1627 HB9N          59  25 JN37KB  F5DYD         59  18 JN03KG 
QSO: 435000 PH 2023-07-01 1628 HB9N          59  26 JN37KB  F1UOA         59  1 JN03SK  
QSO: 435000 PH 2023-07-01 1629 HB9N          59  27 JN37KB  F5NRE         59  3 JN14OS  
QSO: 435000 PH 2023-07-01 1650 HB9N          59  28 JN37KB  DL4SBK        59  4 JN48PV  
QSO: 435000 PH 2023-07-01 1658 HB9N          59  29 JN37KB  DJ7JM         59  10 JN48RR 
QSO: 435000 PH 2023-07-01 1707 HB9N          59  30 JN37KB  OK1RDO        59  42 JN69KL 
QSO: 435000 PH 2023-07-01 1714 HB9N          59  31 JN37KB  F6KSD/P       59  22 JN36BX 
QSO: 435000 PH 2023-07-01 1722 HB9N          59  32 JN37KB  F4KLS         59  12 JN25JU 
QSO: 435000 PH 2023-07-01 1736 HB9N          59  33 JN37KB  DJ3AM         59  20 JO32OH 
QSO: 435000 PH 2023-07-01 1750 HB9N          59  34 JN37KB  HB9TQJ        59  3 JN37UM  
QSO: 435000 PH 2023-07-01 1753 HB9N          59  35 JN37KB  DF4OR         59  2 JN49CD  
QSO: 435000 PH 2023-07-01 1755 HB9N          59  36 JN37KB  DL2FQ         59  9 JN49EW  
QSO: 435000 PH 2023-07-01 1756 HB9N          59  37 JN37KB  F6BUL         59  1 JN35BV  
QSO: 435000 PH 2023-07-01 1813 HB9N          59  38 JN37KB  G0FBB/P       59  37 JO01LD 
QSO: 435000 PH 2023-07-01 1834 HB9N          59  39 JN37KB  DH9FM         59  9 JO50RF  
QSO: 435000 PH 2023-07-01 1837 HB9N          59  40 JN37KB  HB9DWR        59  1 JN37NB  
QSO: 435000 PH 2023-07-01 1843 HB9N          59  41 JN37KB  DK4VW         59  87 JO40IT 
QSO: 435000 PH 2023-07-01 1855 HB9N          59  42 JN37KB  I3EHK         59  4 JN55SR  
QSO: 435000 PH 2023-07-01 1858 HB9N          59  43 JN37KB  HB9MFH        59  4 JN46OX  
QSO: 435000 PH 2023-07-01 1926 HB9N          539 44 JN37KB  DL8LR         59  22 JN39PN 
QSO: 435000 PH 2023-07-01 1931 HB9N          59  45 JN37KB  F5HB          59  5 IN95OE  
QSO: 435000 PH 2023-07-01 1942 HB9N          59  46 JN37KB  F5OUO         59  5 IN96GR  
QSO: 435000 PH 2023-07-01 1944 HB9N          59  47 JN37KB  DL5DAW        59  14 JO31QH 
QSO: 435000 PH 2023-07-01 2001 HB9N          59  48 JN37KB  PA0WMX        59  19 JO21XI 
QSO: 435000 PH 2023-07-01 2016 HB9N          59  49 JN37KB  DK0VL         59  2 JN48FB  
QSO: 435000 PH 2023-07-01 2018 HB9N          59  50 JN37KB  DL2HSX        59  86 JO50VX 
QSO: 435000 PH 2023-07-01 2028 HB9N          59  51 JN37KB  G5LK/P        59  76 JO01QD 
QSO: 435000 PH 2023-07-01 2039 HB9N          59  52 JN37KB  OR6T          59  164 JO20KV
QSO: 435000 PH 2023-07-01 2047 HB9N          59  53 JN37KB  DJ3SN         59  12 JN48SQ 
QSO: 435000 PH 2023-07-01 2058 HB9N          59  54 JN37KB  F4HOG         59  2 JN09OJ  
QSO: 435000 PH 2023-07-01 2105 HB9N          59  55 JN37KB  DL3SFB        59  117 JN48WM
QSO: 435000 PH 2023-07-01 2118 HB9N          59  56 JN37KB  DF0MU         59  113 JO32PC
QSO: 435000 PH 2023-07-01 2127 HB9N          59  57 JN37KB  ON4CCM        55  40 JO21JG 
QSO: 435000 PH 2023-07-01 2238 HB9N          59  58 JN37KB  HB9CXK        59  7 JN47PM  
QSO: 435000 PH 2023-07-02 0059 HB9N          59  59 JN37KB  OK2A          59  272 JO60LJ
QSO: 435000 PH 2023-07-02 0536 HB9N          59  60 JN37KB  G0VHF/P       59  123 JO01PU
QSO: 435000 PH 2023-07-02 0605 HB9N          55  61 JN37KB  G3CKR/P       55  63 IO93AD 
QSO: 435000 PH 2023-07-02 0618 HB9N          599 62 JN37KB  OE5D          599 57 JN68PC 
QSO: 435000 PH 2023-07-02 0621 HB9N          59  63 JN37KB  IQ1KW         59  65 JN34OP 
QSO: 435000 PH 2023-07-02 0624 HB9N          59  64 JN37KB  G3XDY         59  31 JO02OB 
QSO: 435000 PH 2023-07-02 0648 HB9N          59  65 JN37KB  PI4GN         59  156 JO33II
QSO: 435000 PH 2023-07-02 0656 HB9N          59  66 JN37KB  DL8GAP        59  2 JN48EI  
QSO: 435000 PH 2023-07-02 0658 HB9N          59  67 JN37KB  HB9DPO        59  1 JN47HK  
QSO: 435000 PH 2023-07-02 0705 HB9N          59  68 JN37KB  ON4FRA        59  1 JO20SS  
QSO: 435000 PH 2023-07-02 0708 HB9N          59  69 JN37KB  DL1EK         59  45 JO30IK 
QSO: 435000 PH 2023-07-02 0712 HB9N          59  70 JN37KB  DL0BBK        59  9 JO31IG  
QSO: 435000 PH 2023-07-02 0714 HB9N          59  71 JN37KB  DK0B          59  144 JO41HG
QSO: 435000 PH 2023-07-02 0718 HB9N          59  72 JN37KB  HB9EYZ        59  1 JN37VI  
QSO: 435000 PH 2023-07-02 0722 HB9N          59  73 JN37KB  F5AYE         59  2 JN36DH  
QSO: 435000 PH 2023-07-02 0724 HB9N          59  74 JN37KB  F6DBI         59  7 IN88IJ  
QSO: 435000 PH 2023-07-02 0740 HB9N          59  75 JN37KB  F8WAC         59  2 JN36CE  
QSO: 435000 PH 2023-07-02 0753 HB9N          59  76 JN37KB  DF0RE         59  9 JO32OH  
QSO: 435000 PH 2023-07-02 0756 HB9N          59  77 JN37KB  DG1E          59  41 JO31LE 
QSO: 435000 PH 2023-07-02 0759 HB9N          59  78 JN37KB  EI9E/P        59  67 IO62OM 
QSO: 435000 PH 2023-07-02 0809 HB9N          59  79 JN37KB  F1BHB         59  7 JN09XP  
QSO: 435000 PH 2023-07-02 0810 HB9N          59  80 JN37KB  G2BQY/P       59  38 IO81RF 
QSO: 435000 PH 2023-07-02 0812 HB9N          59  81 JN37KB  F4BKV         59  5 IN95PP  
QSO: 435000 PH 2023-07-02 0820 HB9N          59  82 JN37KB  GW7SMV        59  2 IO81LN  
QSO: 435000 PH 2023-07-02 0824 HB9N          59  83 JN37KB  DL5CAT        59  51 JO30IK 
QSO: 435000 PH 2023-07-02 0825 HB9N          59  84 JN37KB  HB9GBT        59  1 JN37OB  
QSO: 435000 PH 2023-07-02 0826 HB9N          59  85 JN37KB  ON4CCL        59  10 JO21JG 
QSO: 435000 PH 2023-07-02 0830 HB9N          59  86 JN37KB  F4BMY         59  4 JN36GJ  
QSO: 435000 PH 2023-07-02 0844 HB9N          59  87 JN37KB  DK0NA         59  295 JO50TI
QSO: 435000 PH 2023-07-02 0905 HB9N          59  88 JN37KB  F6IHA/P       59  9 JN05CQ  
QSO: 435000 PH 2023-07-02 0936 HB9N          59  89 JN37KB  HB9IAB        59  4 JN36MI  
QSO: 435000 PH 2023-07-02 0947 HB9N          59  90 JN37KB  F6HJO/P       59  4 JN27FJ  
QSO: 435000 PH 2023-07-02 0951 HB9N          59  91 JN37KB  HB9YBQ        59  4 JN47GL  
QSO: 435000 PH 2023-07-02 0956 HB9N          59  92 JN37KB  F1MPE/P       59  3 JN26LW  
QSO: 435000 PH 2023-07-02 1014 HB9N          59  93 JN37KB  IO2V          59  159 JN54WE
QSO: 435000 PH 2023-07-02 1130 HB9N          55  94 JN37KB  DL2QB/P       59  31 JO31NB 
QSO: 435000 PH 2023-07-02 1136 HB9N          59  95 JN37KB  IZ3NOC/5      59  114 JN54QF
QSO: 435000 PH 2023-07-02 1215 HB9N          59  96 JN37KB  OL4A          59  328 JO60RN
QSO: 435000 PH 2023-07-02 1225 HB9N          59  97 JN37KB  HB9CQZ        59  2 JN47CA  
QSO: 435000 PH 2023-07-02 1228 HB9N          55  98 JN37KB  IK3VZO        59  64 JN55XA 
QSO: 435000 PH 2023-07-02 1240 HB9N          59  99 JN37KB  IK2HKT        59  4 JN45VS  
QSO: 435000 PH 2023-07-02 1249 HB9N          59  100 JN37KB DL2GWZ/P      59  29 JN39XE 
QSO: 435000 PH 2023-07-02 1307 HB9N          59  101 JN37KB DF2VJ         59  9 JN39LI  
QSO: 435000 PH 2023-07-02 1347 HB9N          59  102 JN37KB HB9MM/P       59  1 JN36EM  
QSO: 435000 PH 2023-07-02 1402 HB9N          59  103 JN37KB DF8KFK        59  70 JN47MS 
END-OF-LOG:
