START-OF-LOG: 3.0
CONTEST: CQ-WW-SSB
CALLSIGN: IU3OCN
LOCATION: DX
CATEGORY-OPERATOR: SINGLE-OP
CATEGORY-ASSISTED: NON-ASSISTED
CATEGORY-BAND: ALL
CATEGORY-POWER: LOW
CATEGORY-MODE: SSB
CATEGORY-TRANSMITTER: ONE
CATEGORY-STATION:
CATEGORY-OVERLAY: CLASSIC
GRID-LOCATOR:
CLAIMED-SCORE: 37800
NAME: stefano de candido
CLUB: 5NNDXCC
CREATED-BY: QARTest 11.9.1
QSO:    7000 PH 2023-10-28 0016 IU3OCN           59  15    SZ1A             59   20       
QSO:    7000 PH 2023-10-28 0254 IU3OCN           59  15    TM65             59   14       
QSO:    7000 PH 2023-10-28 0255 IU3OCN           59  15    G8X              59   14       
QSO:    7000 PH 2023-10-28 0258 IU3OCN           59  15    RU1A             59   16       
QSO:    7000 PH 2023-10-28 0300 IU3OCN           59  15    LZ9W             59   20       
QSO:    7000 PH 2023-10-28 0302 IU3OCN           59  15    LZ2AO            59   20       
QSO:   21000 PH 2023-10-28 0558 IU3OCN           59  15    UW1M             59   16       
QSO:   21000 PH 2023-10-28 0559 IU3OCN           59  15    A44A             59   21       
QSO:   21000 PH 2023-10-28 0559 IU3OCN           59  15    A73A             59   21       
QSO:   21000 PH 2023-10-28 0600 IU3OCN           59  15    TA7OM            59   20       
QSO:   21000 PH 2023-10-28 0603 IU3OCN           59  15    A61BR            59   21       
QSO:   21000 PH 2023-10-28 0604 IU3OCN           59  15    UP2L             59   17       
QSO:   21000 PH 2023-10-28 0608 IU3OCN           59  15    TA7AZC           59   20       
QSO:   21000 PH 2023-10-28 0615 IU3OCN           59  15    UB7K             59   16       
QSO:   21000 PH 2023-10-28 0626 IU3OCN           59  15    P33W             59   20       
QSO:   14000 PH 2023-10-28 0628 IU3OCN           59  15    II9P             59   15       
QSO:   14000 PH 2023-10-28 0629 IU3OCN           59  15    IR9K             59   15       
QSO:   28000 PH 2023-10-28 0634 IU3OCN           59  15    A60A             59   21       
QSO:   28000 PH 2023-10-28 0635 IU3OCN           59  15    4X1MM            59   20       
QSO:   28000 PH 2023-10-28 0638 IU3OCN           59  15    BA7LOK           59   24       
QSO:   28000 PH 2023-10-28 0643 IU3OCN           59  15    P3C              59   20       
QSO:   28000 PH 2023-10-28 0647 IU3OCN           59  15    B0A              59   23       
QSO:   28000 PH 2023-10-28 0702 IU3OCN           59  15    4L8A             59   21       
QSO:   28000 PH 2023-10-28 0703 IU3OCN           59  15    RM9I             59   18       
QSO:   28000 PH 2023-10-28 0705 IU3OCN           59  15    VR2XAN           59   24       
QSO:   28000 PH 2023-10-28 0708 IU3OCN           59  15    TC7TR            59   20       
QSO:   28000 PH 2023-10-28 0712 IU3OCN           59  15    JS6TSE           59   25       
QSO:   28000 PH 2023-10-28 0732 IU3OCN           59  15    CQ3W             59   33       
QSO:   28000 PH 2023-10-28 0734 IU3OCN           59  15    EX9A             59   17       
QSO:   28000 PH 2023-10-28 0737 IU3OCN           59  15    BD7IS            59   24       
QSO:   28000 PH 2023-10-28 0741 IU3OCN           59  15    BD4UNT           59   24       
QSO:   28000 PH 2023-10-28 0745 IU3OCN           59  15    RT6A             59   16       
QSO:   28000 PH 2023-10-28 0746 IU3OCN           59  15    EA7Z             59   14       
QSO:   21000 PH 2023-10-28 0817 IU3OCN           59  15    SJ2W             59   14       
QSO:   21000 PH 2023-10-28 0818 IU3OCN           59  15    EE5R             59   14       
QSO:   21000 PH 2023-10-28 0819 IU3OCN           59  15    CT7BJG           59   14       
QSO:   28000 PH 2023-10-28 0850 IU3OCN           59  15    OH8WR            59   15       
QSO:   28000 PH 2023-10-28 0905 IU3OCN           59  15    TC100OLD         59   20       
QSO:   28000 PH 2023-10-28 0907 IU3OCN           59  15    UT7EZ            59   16       
QSO:   21000 PH 2023-10-28 0909 IU3OCN           59  15    CR5T             59   14       
QSO:   21000 PH 2023-10-28 0910 IU3OCN           59  15    CR6P             59   14       
QSO:   21000 PH 2023-10-28 0912 IU3OCN           59  15    4Z5LA            59   20       
QSO:   28000 PH 2023-10-28 0916 IU3OCN           59  15    R4GM             59   16       
QSO:   28000 PH 2023-10-28 0917 IU3OCN           59  15    C4W              59   20       
QSO:   21000 PH 2023-10-28 1936 IU3OCN           59  15    PV2K             59   11       
QSO:   21000 PH 2023-10-28 1944 IU3OCN           59  15    LS2D             59   13       
QSO:   21000 PH 2023-10-28 1950 IU3OCN           59  15    CN3A             59   33       
QSO:   21000 PH 2023-10-28 2007 IU3OCN           59  15    KQ2M             59   05       
QSO:   14000 PH 2023-10-28 2013 IU3OCN           59  15    A44A             59   21       
QSO:   14000 PH 2023-10-28 2013 IU3OCN           59  15    ED4J             59   14       
QSO:   14000 PH 2023-10-28 2014 IU3OCN           59  15    P33W             59   20       
QSO:   14000 PH 2023-10-28 2016 IU3OCN           59  15    YM4KF            59   20       
QSO:   14000 PH 2023-10-28 2019 IU3OCN           59  15    EA4DE            59   14       
QSO:   14000 PH 2023-10-28 2021 IU3OCN           59  15    E2A              59   26       
QSO:   14000 PH 2023-10-28 2022 IU3OCN           59  15    A61BR            59   21       
QSO:   14000 PH 2023-10-28 2032 IU3OCN           59  15    EA4URE           59   14       
QSO:   14000 PH 2023-10-28 2034 IU3OCN           59  15    SP8R             59   15       
QSO:   21000 PH 2023-10-28 2036 IU3OCN           59  15    S50K             59   15       
QSO:    7000 PH 2023-10-29 0338 IU3OCN           59  15    KC1XX            59   05       
QSO:    7000 PH 2023-10-29 0339 IU3OCN           59  15    TM6M             59   14       
QSO:    7000 PH 2023-10-29 0345 IU3OCN           59  15    IQ8SN            59   15       
QSO:    7000 PH 2023-10-29 0349 IU3OCN           59  15    YO4NF            59   20       
QSO:    7000 PH 2023-10-29 0350 IU3OCN           59  15    MD4K             59   14       
QSO:   21000 PH 2023-10-29 1019 IU3OCN           59  15    EA4YRE           59   14       
QSO:   21000 PH 2023-10-29 1019 IU3OCN           59  15    EA4TG            59   14       
QSO:   21000 PH 2023-10-29 1020 IU3OCN           59  15    EF5U             59   14       
QSO:   21000 PH 2023-10-29 1022 IU3OCN           59  15    EM7KLAA          59   16       
QSO:   21000 PH 2023-10-29 1023 IU3OCN           59  15    LA8HGA           59   14       
QSO:   21000 PH 2023-10-29 1024 IU3OCN           59  15    ER/UT1ZZ         59   16       
QSO:   28000 PH 2023-10-29 1031 IU3OCN           59  15    TA7OM            59   20       
QSO:   21000 PH 2023-10-29 1032 IU3OCN           59  15    EA8AM            59   33       
QSO:   21000 PH 2023-10-29 1033 IU3OCN           59  15    CR6K             59   14       
QSO:   21000 PH 2023-10-29 1033 IU3OCN           59  15    EA5GS            59   14       
QSO:   21000 PH 2023-10-29 1035 IU3OCN           59  15    UZ2M             59   16       
QSO:   21000 PH 2023-10-29 1039 IU3OCN           59  15    YO4DG            59   20       
QSO:   21000 PH 2023-10-29 1041 IU3OCN           59  15    LZ8A             59   20       
QSO:   21000 PH 2023-10-29 1043 IU3OCN           59  15    YL1ZX            59   15       
QSO:   21000 PH 2023-10-29 1045 IU3OCN           59  15    SV2HJQ           59   20       
QSO:   21000 PH 2023-10-29 1046 IU3OCN           59  15    II9P             59   15       
QSO:   21000 PH 2023-10-29 1050 IU3OCN           59  15    EA1KL            59   14       
QSO:   28000 PH 2023-10-29 1055 IU3OCN           59  15    OG3B             59   15       
QSO:   28000 PH 2023-10-29 1059 IU3OCN           59  15    RW3DU            59   16       
QSO:   28000 PH 2023-10-29 1101 IU3OCN           59  15    UF5A             59   16       
QSO:   28000 PH 2023-10-29 1105 IU3OCN           59  15    SV9RGI           59   20       
QSO:   28000 PH 2023-10-29 1348 IU3OCN           59  15    E29TGW           59   26       
QSO:   28000 PH 2023-10-29 1354 IU3OCN           59  15    TC100TC          59   20       
QSO:   28000 PH 2023-10-29 1357 IU3OCN           59  15    UA4M             59   16       
QSO:   28000 PH 2023-10-29 1357 IU3OCN           59  15    RU5A             59   16       
QSO:   28000 PH 2023-10-29 1358 IU3OCN           59  15    RA3OA            59   16       
QSO:   28000 PH 2023-10-29 1406 IU3OCN           59  15    CT2JBD           59   14       
QSO:   28000 PH 2023-10-29 1408 IU3OCN           59  15    W3LPL            59   05       
QSO:   28000 PH 2023-10-29 1412 IU3OCN           59  15    K2AX             59   05       
QSO:   28000 PH 2023-10-29 1414 IU3OCN           59  15    KU2M             59   05       
QSO:   28000 PH 2023-10-29 1417 IU3OCN           59  15    K2LE             59   05       
QSO:   28000 PH 2023-10-29 1419 IU3OCN           59  15    AA3B             59   05       
QSO:   28000 PH 2023-10-29 1419 IU3OCN           59  15    EE7P             59   14       
QSO:   28000 PH 2023-10-29 1422 IU3OCN           59  15    VU2RCT           59   22       
QSO:   28000 PH 2023-10-29 1424 IU3OCN           59  15    HZ1DW            59   21       
QSO:   28000 PH 2023-10-29 1427 IU3OCN           59  15    PP2DX            59   11       
QSO:   28000 PH 2023-10-29 1427 IU3OCN           59  15    4Z4AK            59   20       
QSO:   28000 PH 2023-10-29 1429 IU3OCN           59  15    V31XX            59   07       
QSO:   28000 PH 2023-10-29 1434 IU3OCN           59  15    CS7AWL           59   14       
QSO:   28000 PH 2023-10-29 1435 IU3OCN           59  15    PV2K             59   11       
QSO:   28000 PH 2023-10-29 1447 IU3OCN           59  15    K1KI             59   05       
QSO:   28000 PH 2023-10-29 1448 IU3OCN           59  15    N2SR             59   05       
QSO:   28000 PH 2023-10-29 1449 IU3OCN           59  15    K3LR             59   05       
QSO:   28000 PH 2023-10-29 1450 IU3OCN           59  15    9K2HN            59   21       
QSO:   28000 PH 2023-10-29 1508 IU3OCN           59  15    PR7AA            59   11       
QSO:   28000 PH 2023-10-29 1511 IU3OCN           59  15    WX4G             59   05       
QSO:   28000 PH 2023-10-29 1520 IU3OCN           59  15    WS7X             59   05       
QSO:   28000 PH 2023-10-29 1545 IU3OCN           59  15    K4ZW             59   05       
QSO:   28000 PH 2023-10-29 1548 IU3OCN           59  15    LP1H             59   13       
QSO:   28000 PH 2023-10-29 1549 IU3OCN           59  15    K0EJ             59   04       
QSO:   28000 PH 2023-10-29 1555 IU3OCN           59  15    CE8EIO           59   12       
QSO:   28000 PH 2023-10-29 1620 IU3OCN           59  15    CN3A             59   33       
QSO:   28000 PH 2023-10-29 1622 IU3OCN           59  15    PT7WM            59   11       
QSO:   28000 PH 2023-10-29 1626 IU3OCN           59  15    9A1P             59   15       
QSO:   21000 PH 2023-10-29 1627 IU3OCN           59  15    ZR6K             59   38       
QSO:   21000 PH 2023-10-29 1628 IU3OCN           59  15    CQ3J             59   33       
QSO:   21000 PH 2023-10-29 1632 IU3OCN           59  15    TO5A             59   08       
QSO:   21000 PH 2023-10-29 1639 IU3OCN           59  15    CS7AWL           59   14       
QSO:   21000 PH 2023-10-29 1643 IU3OCN           59  15    K1LZ             59   05       
QSO:   14000 PH 2023-10-29 1800 IU3OCN           59  15    F4DVX            59   14       
QSO:   14000 PH 2023-10-29 1802 IU3OCN           59  15    EA8CYU           59   33       
QSO:   14000 PH 2023-10-29 1807 IU3OCN           59  15    9M2A             59   28       
QSO:   14000 PH 2023-10-29 1808 IU3OCN           59  15    7A0A             59   28       
QSO:   14000 PH 2023-10-29 1809 IU3OCN           59  15    UR4QWW           59   16       
QSO:   14000 PH 2023-10-29 1913 IU3OCN           59  15    VU2YYF           59   22       
QSO:   14000 PH 2023-10-29 1918 IU3OCN           59  15    TA3DE            59   20       
QSO:   14000 PH 2023-10-29 1921 IU3OCN           59  15    CR5T             59   14       
QSO:   14000 PH 2023-10-29 1922 IU3OCN           59  15    LZ9W             59   20       
QSO:    7000 PH 2023-10-29 1926 IU3OCN           59  15    OE6Z             59   15       
QSO:    7000 PH 2023-10-29 1927 IU3OCN           59  15    YP8A             59   20       
QSO:    7000 PH 2023-10-29 1928 IU3OCN           59  15    F4DPW            59   14       
QSO:    7000 PH 2023-10-29 1929 IU3OCN           59  15    HG6K             59   15       
QSO:    7000 PH 2023-10-29 1930 IU3OCN           59  15    PI4M             59   14       
QSO:    7000 PH 2023-10-29 1932 IU3OCN           59  15    ES7A             59   15       
QSO:    7000 PH 2023-10-29 1933 IU3OCN           59  15    DM5B             59   14       
QSO:    7000 PH 2023-10-29 1935 IU3OCN           59  15    YT5A             59   15       
QSO:    7000 PH 2023-10-29 1938 IU3OCN           59  15    ED5R             59   14       
QSO:   21000 PH 2023-10-29 1940 IU3OCN           59  15    HI3LT            59   08       
END-OF-LOG:
