START-OF-LOG: 3.0
CONTEST: CQ-WW-SSB
CALLSIGN: K3ADA
LOCATION: EPA
CATEGORY-OPERATOR: SINGLE-OP
CATEGORY-ASSISTED: ASSISTED
CATEGORY-BAND: ALL
CATEGORY-POWER: LOW
CATEGORY-MODE: SSB
CATEGORY-TRANSMITTER: ONE
CATEGORY-STATION: FIXED
CATEGORY-OVERLAY:
GRID-LOCATOR: FN20BK
CLAIMED-SCORE: 32207
NAME: Chris Schlegel
OPERATORS: K3ADA
CLUB: FRANKFORD RADIO CLUB
CREATED-BY: N1MM Logger+ 1.0.10062.0
SOAPBOX: Go FRC!
QSO:    7255 PH 2023-10-28 0005 K3ADA            59  5     VE3RGO           59   04       
QSO:    7251 PH 2023-10-28 0006 K3ADA            59  5     VA3IDD           59   04       
QSO:    7217 PH 2023-10-28 0010 K3ADA            59  5     P49Y             59   09       
QSO:    7200 PH 2023-10-28 0020 K3ADA            59  5     M6T              59   14       
QSO:    7131 PH 2023-10-28 0029 K3ADA            59  5     V26B             59   08       
QSO:    7237 PH 2023-10-28 0041 K3ADA            59  5     VE3YT            59   04       
QSO:    7223 PH 2023-10-28 0043 K3ADA            59  5     VE3BX            59   04       
QSO:    7202 PH 2023-10-28 0055 K3ADA            59  5     TO5A             59   08       
QSO:    7235 PH 2023-10-28 0132 K3ADA            59  5     ZF2B             59   08       
QSO:    7228 PH 2023-10-28 0133 K3ADA            59  5     VE9AA            59   05       
QSO:    7215 PH 2023-10-28 0135 K3ADA            59  5     PJ4K             59   09       
QSO:    7204 PH 2023-10-28 0142 K3ADA            59  5     PJ2T             59   09       
QSO:    7245 PH 2023-10-28 0201 K3ADA            59  5     WP3C             59   08       
QSO:    7239 PH 2023-10-28 0207 K3ADA            59  5     VC3X             59   04       
QSO:   21217 PH 2023-10-29 1847 K3ADA            59  5     M6T              59   14       
QSO:   21224 PH 2023-10-29 1849 K3ADA            59  5     ZF1A             59   08       
QSO:   21226 PH 2023-10-29 1850 K3ADA            59  5     EF3W             59   14       
QSO:   21228 PH 2023-10-29 1850 K3ADA            59  5     DH1UK            59   14       
QSO:   21230 PH 2023-10-29 1851 K3ADA            59  5     IQ8SN            59   15       
QSO:   21234 PH 2023-10-29 1854 K3ADA            59  5     TM9C             59   14       
QSO:   21240 PH 2023-10-29 1857 K3ADA            59  5     YT3D             59   15       
QSO:   21282 PH 2023-10-29 1903 K3ADA            59  5     PJ2T             59   09       
QSO:   21284 PH 2023-10-29 1904 K3ADA            59  5     TI1E             59   07       
QSO:   21288 PH 2023-10-29 1908 K3ADA            59  5     IQ4FA            59   15       
QSO:   21296 PH 2023-10-29 1908 K3ADA            59  5     CN3A             59   33       
QSO:   21298 PH 2023-10-29 1910 K3ADA            59  5     TM1K             59   14       
QSO:   21300 PH 2023-10-29 1911 K3ADA            59  5     CR6K             59   14       
QSO:   21303 PH 2023-10-29 1912 K3ADA            59  5     II2S             59   15       
QSO:   21306 PH 2023-10-29 1913 K3ADA            59  5     EA4URE           59   14       
QSO:   21314 PH 2023-10-29 1915 K3ADA            59  5     OE9MON           59   15       
QSO:   21315 PH 2023-10-29 1915 K3ADA            59  5     TM3P             59   14       
QSO:   21319 PH 2023-10-29 1917 K3ADA            59  5     CR6P             59   14       
QSO:   21323 PH 2023-10-29 1917 K3ADA            59  5     TM6M             59   14       
QSO:   21324 PH 2023-10-29 1918 K3ADA            59  5     EA8AM            59   33       
QSO:   21327 PH 2023-10-29 1919 K3ADA            59  5     IR4X             59   15       
QSO:   21347 PH 2023-10-29 1921 K3ADA            59  5     ED1R             59   14       
QSO:   21352 PH 2023-10-29 1924 K3ADA            59  5     9A7A             59   15       
QSO:   21358 PH 2023-10-29 1926 K3ADA            59  5     ED3X             59   14       
QSO:   21359 PH 2023-10-29 1926 K3ADA            59  5     IY3A             59   15       
QSO:   21367 PH 2023-10-29 1930 K3ADA            59  5     VO2AC            59   02       
QSO:   21372 PH 2023-10-29 1933 K3ADA            59  5     TM7A             59   14       
QSO:   21382 PH 2023-10-29 1934 K3ADA            59  5     TF3T             59   40       
QSO:   21386 PH 2023-10-29 1934 K3ADA            59  5     ED5D             59   14       
QSO:   21410 PH 2023-10-29 1936 K3ADA            59  5     WP3C             59   08       
QSO:   21415 PH 2023-10-29 1937 K3ADA            59  5     NP4Z             59   08       
QSO:   21416 PH 2023-10-29 1938 K3ADA            59  5     HI8RD            59   08       
QSO:   21420 PH 2023-10-29 1939 K3ADA            59  5     TM3Z             59   14       
QSO:   21422 PH 2023-10-29 1941 K3ADA            59  5     HK3C             59   09       
QSO:   21438 PH 2023-10-29 1942 K3ADA            59  5     EA1L             59   14       
QSO:   21441 PH 2023-10-29 1943 K3ADA            59  5     EA2W             59   14       
QSO:   21445 PH 2023-10-29 1944 K3ADA            59  5     HK1T             59   09       
QSO:   21216 PH 2023-10-29 1948 K3ADA            59  5     EA4TX            59   14       
QSO:   21232 PH 2023-10-29 1949 K3ADA            59  5     EF5U             59   14       
QSO:   21258 PH 2023-10-29 1954 K3ADA            59  5     VY2TT            59   05       
QSO:   21261 PH 2023-10-29 1955 K3ADA            59  5     ED7O             59   14       
QSO:   21266 PH 2023-10-29 1955 K3ADA            59  5     EA1DR            59   14       
QSO:   21287 PH 2023-10-29 1956 K3ADA            59  5     EA5KL            59   14       
QSO:   21289 PH 2023-10-29 1957 K3ADA            59  5     MW8R             59   14       
QSO:   21329 PH 2023-10-29 2004 K3ADA            59  5     PJ4K             59   09       
QSO:   28490 PH 2023-10-29 2006 K3ADA            59  5     PJ4K             59   09       
QSO:   28342 PH 2023-10-29 2009 K3ADA            59  5     CT3KN            59   33       
QSO:   28376 PH 2023-10-29 2014 K3ADA            59  5     J62K             59   08       
QSO:   28400 PH 2023-10-29 2015 K3ADA            59  5     D4C              59   35       
QSO:   28433 PH 2023-10-29 2017 K3ADA            59  5     PP2DX            59   11       
QSO:   28472 PH 2023-10-29 2021 K3ADA            59  5     K5GN             59   04       
QSO:   28499 PH 2023-10-29 2022 K3ADA            59  5     ZY2A             59   11       
QSO:   28561 PH 2023-10-29 2026 K3ADA            59  5     CE3CT            59   12       
QSO:   28634 PH 2023-10-29 2031 K3ADA            59  5     EA8RM            59   33       
QSO:   28326 PH 2023-10-29 2036 K3ADA            59  5     TI5VMJ           59   07       
QSO:   28334 PH 2023-10-29 2036 K3ADA            59  5     LU8DPM           59   13       
QSO:   28361 PH 2023-10-29 2037 K3ADA            59  5     TI1K             59   07       
QSO:   28382 PH 2023-10-29 2037 K3ADA            59  5     KH6J             59   31       
QSO:   28526 PH 2023-10-29 2046 K3ADA            59  5     FY5KE            59   09       
QSO:   28600 PH 2023-10-29 2051 K3ADA            59  5     VP5M             59   08       
QSO:   28626 PH 2023-10-29 2054 K3ADA            59  5     HI3T             59   08       
QSO:   28660 PH 2023-10-29 2054 K3ADA            59  5     TI1Z             59   07       
QSO:   28301 PH 2023-10-29 2056 K3ADA            59  5     V31XX            59   07       
QSO:   28318 PH 2023-10-29 2058 K3ADA            59  5     TI2WMP           59   07       
QSO:   28406 PH 2023-10-29 2102 K3ADA            59  5     V47T             59   08       
QSO:   28582 PH 2023-10-29 2107 K3ADA            59  5     VE4VT            59   04       
QSO:   28620 PH 2023-10-29 2109 K3ADA            59  5     PY2HT            59   11       
QSO:   14164 PH 2023-10-29 2112 K3ADA            59  5     XM3A             59   04       
QSO:   14177 PH 2023-10-29 2114 K3ADA            59  5     PJ4K             59   09       
QSO:   14205 PH 2023-10-29 2116 K3ADA            59  5     ED7O             59   14       
QSO:   14219 PH 2023-10-29 2117 K3ADA            59  5     ED3X             59   14       
QSO:   14230 PH 2023-10-29 2117 K3ADA            59  5     EA1DR            59   14       
QSO:   14242 PH 2023-10-29 2118 K3ADA            59  5     HI3LT            59   08       
QSO:   14248 PH 2023-10-29 2119 K3ADA            59  5     TI7W             59   07       
QSO:   14262 PH 2023-10-29 2120 K3ADA            59  5     SV9FBG           59   20       
QSO:   14269 PH 2023-10-29 2121 K3ADA            59  5     EI7M             59   14       
QSO:   14310 PH 2023-10-29 2124 K3ADA            59  5     EA2W             59   14       
QSO:   14325 PH 2023-10-29 2124 K3ADA            59  5     CR6K             59   14       
QSO:   14329 PH 2023-10-29 2124 K3ADA            59  5     V26B             59   08       
QSO:   14339 PH 2023-10-29 2125 K3ADA            59  5     P33W             59   20       
QSO:   14222 PH 2023-10-29 2129 K3ADA            59  5     CN3A             59   33       
QSO:   14165 PH 2023-10-29 2136 K3ADA            59  5     TI1I             59   07       
QSO:   14197 PH 2023-10-29 2141 K3ADA            59  5     EA5HJV           59   14       
QSO:   14227 PH 2023-10-29 2141 K3ADA            59  5     WP3C             59   08       
QSO:   14251 PH 2023-10-29 2144 K3ADA            59  5     CO2OQ            59   08       
QSO:   14271 PH 2023-10-29 2144 K3ADA            59  5     ZF1A             59   08       
QSO:   14275 PH 2023-10-29 2145 K3ADA            59  5     VO2AC            59   02       
QSO:   14295 PH 2023-10-29 2146 K3ADA            59  5     TO5A             59   08       
QSO:   14320 PH 2023-10-29 2147 K3ADA            59  5     HI8RD            59   08       
QSO:   14325 PH 2023-10-29 2148 K3ADA            59  5     CR2B             59   14       
QSO:   14185 PH 2023-10-29 2152 K3ADA            59  5     NP4Z             59   08       
QSO:   14239 PH 2023-10-29 2155 K3ADA            59  5     V47T             59   08       
QSO:   14263 PH 2023-10-29 2200 K3ADA            59  5     CR3DX            59   33       
QSO:   14304 PH 2023-10-29 2203 K3ADA            59  5     PJ2T             59   09       
QSO:    7139 PH 2023-10-29 2208 K3ADA            59  5     VA2CST           59   05       
QSO:    7142 PH 2023-10-29 2208 K3ADA            59  5     UW5Y             59   16       
QSO:    7171 PH 2023-10-29 2213 K3ADA            59  5     4U1UN            59   05       
QSO:    7207 PH 2023-10-29 2221 K3ADA            59  5     VA2CZ            59   05       
QSO:    7212 PH 2023-10-29 2221 K3ADA            59  5     VA3OK            59   04       
QSO:    7128 PH 2023-10-29 2222 K3ADA            59  5     K3LR             59   05       
QSO:    7148 PH 2023-10-29 2227 K3ADA            59  5     OM2VL            59   15       
QSO:    7188 PH 2023-10-29 2233 K3ADA            59  5     CR6K             59   14       
QSO:   14203 PH 2023-10-29 2243 K3ADA            59  5     ZP0X             59   11       
END-OF-LOG:
