START-OF-LOG: 3.0
CONTEST: IARU-HF
CALLSIGN: OK2PF
LOCATION: DX
CATEGORY-OPERATOR: SINGLE-OP
CATEGORY-ASSISTED: ASSISTED
CATEGORY-POWER: LOW
CATEGORY-BAND: ALL
CATEGORY-MODE: CW
CATEGORY-TRANSMITTER: ONE
CATEGORY-STATION: 
CATEGORY-TIME: 24-HOURS
CATEGORY-OVERLAY: TB-WIRES
OPERATORS: OK2PF
CREATED-BY: SDC VER:17.2931X64
HQ-CATEGORY: Single Operator Unlimited, CW Only, Low Power
HQ-GRID-LOCATOR: JN89GE
QSO: 14001 CW 2024-07-13 1242 OK2PF 599 28 UR7MZ 599 29
QSO: 14006 CW 2024-07-13 1244 OK2PF 599 28 YO3HEX 599 28
QSO: 14009 CW 2024-07-13 1245 OK2PF 599 28 2E0CVN 599 27
QSO: 14011 CW 2024-07-13 1246 OK2PF 599 28 OP0HQ 599 UBA
QSO: 14014 CW 2024-07-13 1249 OK2PF 599 28 OM2XW 599 28
QSO: 14015 CW 2024-07-13 1249 OK2PF 599 28 P3X 599 39
QSO: 14018 CW 2024-07-13 1250 OK2PF 599 28 F5VHY 599 27
QSO: 14021 CW 2024-07-13 1250 OK2PF 599 28 GR2HQ 599 RSGB
QSO: 14023 CW 2024-07-13 1251 OK2PF 599 28 HG0HQ 599 MRASZ
QSO: 14025 CW 2024-07-13 1253 OK2PF 599 28 LZ0HQ 599 BFRA
QSO: 14026 CW 2024-07-13 1254 OK2PF 599 28 SE5V 599 18
QSO: 14026 CW 2024-07-13 1302 OK2PF 599 28 SN0HQ 599 PZK
QSO: 14027 CW 2024-07-13 1302 OK2PF 599 28 EA1X 599 37
QSO: 14030 CW 2024-07-13 1304 OK2PF 599 28 LY2J 599 29
QSO: 14031 CW 2024-07-13 1304 OK2PF 599 28 II1Y 599 28
QSO: 14032 CW 2024-07-13 1306 OK2PF 599 28 DA0HQ 599 DARC
QSO: 14033 CW 2024-07-13 1307 OK2PF 599 28 MI5I 599 27
QSO: 14034 CW 2024-07-13 1307 OK2PF 599 28 CT7BJG 599 37
QSO: 14036 CW 2024-07-13 1308 OK2PF 599 28 MW4R 599 27
QSO: 14037 CW 2024-07-13 1308 OK2PF 599 28 YR0HQ 599 FRR
QSO: 14038 CW 2024-07-13 1309 OK2PF 599 28 II8K 599 28
QSO: 21007 CW 2024-07-13 1348 OK2PF 599 28 NY3A 599 08
QSO: 21000 CW 2024-07-13 1349 OK2PF 599 28 N2MF 599 08
QSO: 21001 CW 2024-07-13 1350 OK2PF 599 28 K1LZ 599 08
QSO: 21002 CW 2024-07-13 1351 OK2PF 599 28 K4ZW 599 08
QSO: 21004 CW 2024-07-13 1352 OK2PF 599 28 P44W 599 11
QSO: 21006 CW 2024-07-13 1353 OK2PF 599 28 K5ZD 599 08
QSO: 21010 CW 2024-07-13 1358 OK2PF 599 28 NT6Q 599 06
QSO: 21014 CW 2024-07-13 1400 OK2PF 599 28 R2AA 599 29
QSO: 21013 CW 2024-07-13 1401 OK2PF 599 28 EU1DC 599 29
QSO: 21015 CW 2024-07-13 1403 OK2PF 599 28 NA8V 599 08
QSO: 21016 CW 2024-07-13 1403 OK2PF 599 28 NP4Z 599 11
QSO: 21017 CW 2024-07-13 1405 OK2PF 599 28 WG3J 599 08
QSO: 21018 CW 2024-07-13 1406 OK2PF 599 28 R8TT 599 30
QSO: 21019 CW 2024-07-13 1406 OK2PF 599 28 ND7K 599 06
QSO: 21020 CW 2024-07-13 1408 OK2PF 599 28 K3LR 599 08
QSO: 21022 CW 2024-07-13 1409 OK2PF 599 28 K2NV 599 08
QSO: 21024 CW 2024-07-13 1410 OK2PF 599 28 VE3NNT 599 04
QSO: 21025 CW 2024-07-13 1411 OK2PF 599 28 K3PA 599 07
QSO: 21028 CW 2024-07-13 1413 OK2PF 599 28 LA7GIA 599 18
QSO: 21028 CW 2024-07-13 1415 OK2PF 599 28 N3RS 599 08
QSO: 21029 CW 2024-07-13 1416 OK2PF 599 28 W0AAE 599 07
QSO: 21030 CW 2024-07-13 1416 OK2PF 599 28 KD4D 599 08
QSO: 21031 CW 2024-07-13 1418 OK2PF 599 28 WO4O 599 08
QSO: 21033 CW 2024-07-13 1420 OK2PF 599 28 R3ZZ 599 29
QSO: 21034 CW 2024-07-13 1422 OK2PF 599 28 VE3JM 599 04
QSO: 21037 CW 2024-07-13 1423 OK2PF 599 28 W1AW/4 599 ARRL
QSO: 21039 CW 2024-07-13 1424 OK2PF 599 28 W5ZN 599 AC
QSO: 21040 CW 2024-07-13 1425 OK2PF 599 28 KP2M 599 11
QSO: 21043 CW 2024-07-13 1427 OK2PF 599 28 CT3KN 599 36
QSO: 21045 CW 2024-07-13 1428 OK2PF 599 28 MM9I 599 27
QSO: 21046 CW 2024-07-13 1429 OK2PF 599 28 W1KM 599 08
QSO: 21047 CW 2024-07-13 1432 OK2PF 599 28 KC1XX 599 08
QSO: 21047 CW 2024-07-13 1433 OK2PF 599 28 KL5DX 599 01
QSO: 21048 CW 2024-07-13 1434 OK2PF 599 28 VE3TM 599 04
QSO: 21049 CW 2024-07-13 1435 OK2PF 599 28 K4WW 599 08
QSO: 21049 CW 2024-07-13 1436 OK2PF 599 28 W8MJ 599 08
QSO: 21050 CW 2024-07-13 1438 OK2PF 599 28 KP4JA 599 11
QSO: 21051 CW 2024-07-13 1438 OK2PF 599 28 N4ZZ 599 08
QSO: 21051 CW 2024-07-13 1439 OK2PF 599 28 SX0HQ 599 RAAG
QSO: 21053 CW 2024-07-13 1441 OK2PF 599 28 AA4NC 599 08
QSO: 21054 CW 2024-07-13 1442 OK2PF 599 28 K8AZ 599 08
QSO: 21055 CW 2024-07-13 1443 OK2PF 599 28 K8TW 599 08
QSO: 21056 CW 2024-07-13 1444 OK2PF 599 28 UP5B 599 30
QSO: 21056 CW 2024-07-13 1445 OK2PF 599 28 YL7X 599 29
QSO: 21057 CW 2024-07-13 1446 OK2PF 599 28 JF2QNM 599 45
QSO: 21058 CW 2024-07-13 1448 OK2PF 599 28 A71WW 599 39
QSO: 21061 CW 2024-07-13 1450 OK2PF 599 28 W3GM 599 08
QSO: 21062 CW 2024-07-13 1450 OK2PF 599 28 AA9H 599 08
QSO: 21063 CW 2024-07-13 1451 OK2PF 599 28 W4NZ 599 08
QSO: 21064 CW 2024-07-13 1452 OK2PF 599 28 VY2TT 599 09
QSO: 21065 CW 2024-07-13 1453 OK2PF 599 28 RL5A 599 29
QSO: 21066 CW 2024-07-13 1454 OK2PF 599 28 N0AV 599 07
QSO: 21067 CW 2024-07-13 1455 OK2PF 599 28 4Z4AK 599 39
QSO: 21068 CW 2024-07-13 1455 OK2PF 599 28 K0AD 599 07
QSO: 21068 CW 2024-07-13 1457 OK2PF 599 28 K3MM 599 08
QSO: 21070 CW 2024-07-13 1457 OK2PF 599 28 M5W 599 27
QSO: 28016 CW 2024-07-13 1500 OK2PF 599 28 UA6AA 599 29
QSO: 28015 CW 2024-07-13 1501 OK2PF 599 28 GR2HQ 599 RSGB
QSO: 28018 CW 2024-07-13 1502 OK2PF 599 28 UA6CC 599 29
QSO: 28039 CW 2024-07-13 1505 OK2PF 599 28 A71WW 599 39
QSO: 28038 CW 2024-07-13 1507 OK2PF 599 28 R7KX 599 29
QSO: 28028 CW 2024-07-13 1513 OK2PF 599 28 OK2PDT/P 599 28
QSO: 28024 CW 2024-07-13 1516 OK2PF 599 28 MM9I 599 27
QSO: 28019 CW 2024-07-13 1517 OK2PF 599 28 UA6AK 599 29
QSO: 28015 CW 2024-07-13 1518 OK2PF 599 28 RM3F 599 29
QSO: 21003 CW 2024-07-13 1520 OK2PF 599 28 LZ0HQ 599 BFRA
QSO: 21001 CW 2024-07-13 1521 OK2PF 599 28 4X1DX 599 39
QSO: 21013 CW 2024-07-13 1523 OK2PF 599 28 II9HQ 599 ARI
QSO: 21018 CW 2024-07-13 1525 OK2PF 599 28 TA2DA 599 39
QSO: 21023 CW 2024-07-13 1526 OK2PF 599 28 UP0L 599 30
QSO: 21023 CW 2024-07-13 1526 OK2PF 599 28 HG3N 599 28
QSO: 21029 CW 2024-07-13 1527 OK2PF 599 28 EF4HQ 599 URE
QSO: 21034 CW 2024-07-13 1529 OK2PF 599 28 HG0HQ 599 MRASZ
QSO: 21037 CW 2024-07-13 1529 OK2PF 599 28 RG6G 599 29
QSO: 21051 CW 2024-07-13 1533 OK2PF 599 28 TA1BJ 599 39
QSO: 21060 CW 2024-07-13 1535 OK2PF 599 28 EA8RM 599 36
QSO: 21061 CW 2024-07-13 1536 OK2PF 599 28 4K6FO 599 29
QSO: 21064 CW 2024-07-13 1536 OK2PF 599 28 YR0HQ 599 FRR
QSO: 21071 CW 2024-07-13 1537 OK2PF 599 28 4Z5LY 599 39
QSO: 21067 CW 2024-07-13 1538 OK2PF 599 28 HA3NU 599 28
QSO: 21048 CW 2024-07-13 1559 OK2PF 599 28 JH1GEX 599 45
QSO: 21045 CW 2024-07-13 1600 OK2PF 599 28 EA3X 599 37
QSO: 21045 CW 2024-07-13 1600 OK2PF 599 28 UN1HQ 599 KFRR
QSO: 21045 CW 2024-07-13 1601 OK2PF 599 28 RM2U 599 29
QSO: 21070 CW 2024-07-13 1607 OK2PF 599 28 JH1EAQ 599 45
QSO: 21069 CW 2024-07-13 1607 OK2PF 599 28 II2Q 599 28
QSO: 21065 CW 2024-07-13 1609 OK2PF 599 28 RM9I 599 30
QSO: 21062 CW 2024-07-13 1610 OK2PF 599 28 JI1RXQ 599 45
QSO: 21060 CW 2024-07-13 1612 OK2PF 599 28 JE6WOQ 599 45
QSO: 21055 CW 2024-07-13 1616 OK2PF 599 28 ZF1A 599 CARS
QSO: 21054 CW 2024-07-13 1616 OK2PF 599 28 IT9ATF 599 28
QSO: 21052 CW 2024-07-13 1617 OK2PF 599 28 IZ0DHC 599 28
QSO: 21050 CW 2024-07-13 1618 OK2PF 599 28 4L8A 599 29
QSO: 21049 CW 2024-07-13 1619 OK2PF 599 28 EI1E 599 27
QSO: 21033 CW 2024-07-13 1622 OK2PF 599 28 EA1X 599 37
QSO: 21030 CW 2024-07-13 1623 OK2PF 599 28 ED3Z 599 37
QSO: 21028 CW 2024-07-13 1626 OK2PF 599 28 UN9L 599 30
QSO: 21001 CW 2024-07-13 1629 OK2PF 599 28 ZF5T 599 11
QSO: 21000 CW 2024-07-13 1634 OK2PF 599 28 JA1BJI 599 45
QSO: 21018 CW 2024-07-13 1641 OK2PF 599 28 JR6CSY 599 45
QSO: 21042 CW 2024-07-13 1643 OK2PF 599 28 OK7O 599 28
QSO: 14006 CW 2024-07-13 1645 OK2PF 599 28 RC9A 599 30
QSO: 14004 CW 2024-07-13 1646 OK2PF 599 28 RA9P 599 31
QSO: 14005 CW 2024-07-13 1648 OK2PF 599 28 BD1KV 599 44
QSO: 14006 CW 2024-07-13 1649 OK2PF 599 28 YL3JD 599 29
QSO: 14008 CW 2024-07-13 1650 OK2PF 599 28 VL2N 599 46
QSO: 14009 CW 2024-07-13 1651 OK2PF 599 28 YL5T 599 29
QSO: 14010 CW 2024-07-13 1652 OK2PF 599 28 BG0DLA 599 42
QSO: 14011 CW 2024-07-13 1653 OK2PF 599 28 MM9I 599 27
QSO: 14012 CW 2024-07-13 1655 OK2PF 599 28 SK9HQ 599 SSA
QSO: 14013 CW 2024-07-13 1656 OK2PF 599 28 E7HQ8 599 ARABH
QSO: 14014 CW 2024-07-13 1659 OK2PF 599 28 JE6RPM 599 45
QSO: 14015 CW 2024-07-13 1659 OK2PF 599 28 R8CT 599 30
QSO: 14016 CW 2024-07-13 1701 OK2PF 599 28 OG6N 599 18
QSO: 14017 CW 2024-07-13 1702 OK2PF 599 28 RW0AJ 599 32
QSO: 14017 CW 2024-07-13 1702 OK2PF 599 28 R8LA 599 30
QSO: 14017 CW 2024-07-13 1703 OK2PF 599 28 9A0HQ 599 HRS
QSO: 14018 CW 2024-07-13 1703 OK2PF 599 28 UR6EA 599 29
QSO: 14020 CW 2024-07-13 1706 OK2PF 599 28 BI6LFJ 599 44
QSO: 14024 CW 2024-07-13 1710 OK2PF 599 28 HB9HQ 599 USKA
QSO: 14024 CW 2024-07-13 1711 OK2PF 599 28 UC8Y 599 31
QSO: 14025 CW 2024-07-13 1711 OK2PF 599 28 Z30HQ 599 RSM
QSO: 14026 CW 2024-07-13 1712 OK2PF 599 28 II4HQ 599 ARI
QSO: 14028 CW 2024-07-13 1712 OK2PF 599 28 YT3D 599 28
QSO: 14029 CW 2024-07-13 1713 OK2PF 599 28 YT0HQ 599 SRS
QSO: 14031 CW 2024-07-13 1713 OK2PF 599 28 DJ5MW 599 28
QSO: 14033 CW 2024-07-13 1714 OK2PF 599 28 G4IIY 599 27
QSO: 14034 CW 2024-07-13 1714 OK2PF 599 28 4L8A 599 29
QSO: 14035 CW 2024-07-13 1716 OK2PF 599 28 UA1F 599 19
QSO: 14035 CW 2024-07-13 1716 OK2PF 599 28 RK2M 599 29
QSO: 14038 CW 2024-07-13 1719 OK2PF 599 28 OR5Z 599 27
QSO: 14038 CW 2024-07-13 1720 OK2PF 599 28 RL9L 599 30
QSO: 14039 CW 2024-07-13 1720 OK2PF 599 28 UW5Y 599 29
QSO: 14040 CW 2024-07-13 1721 OK2PF 599 28 OE0HQ 599 OV
QSO: 14041 CW 2024-07-13 1722 OK2PF 599 28 A71WW 599 39
QSO: 14042 CW 2024-07-13 1724 OK2PF 599 28 OL5W 599 28
QSO: 14042 CW 2024-07-13 1726 OK2PF 599 28 JH7QXJ 599 45
QSO: 14043 CW 2024-07-13 1727 OK2PF 599 28 SM6EAN 599 AC
QSO: 14045 CW 2024-07-13 1728 OK2PF 599 28 RK3DK 599 29
QSO: 14045 CW 2024-07-13 1728 OK2PF 599 28 IO6A 599 28
QSO: 14046 CW 2024-07-13 1729 OK2PF 599 28 PA6HQ 599 VERON
QSO: 14046 CW 2024-07-13 1730 OK2PF 599 28 RN3AC 599 29
QSO: 14047 CW 2024-07-13 1730 OK2PF 599 28 HG3N 599 28
QSO: 14049 CW 2024-07-13 1731 OK2PF 599 28 OZ1HQ 599 EDR
QSO: 14051 CW 2024-07-13 1732 OK2PF 599 28 UC7A 599 29
QSO: 14052 CW 2024-07-13 1733 OK2PF 599 28 OE2LCM 599 28
QSO: 14053 CW 2024-07-13 1734 OK2PF 599 28 UN0L 599 30
QSO: 14054 CW 2024-07-13 1735 OK2PF 599 28 JI1RXQ 599 45
QSO: 14055 CW 2024-07-13 1736 OK2PF 599 28 HB9ARF 599 28
QSO: 14056 CW 2024-07-13 1737 OK2PF 599 28 OH2HQ 599 SRAL
QSO: 14060 CW 2024-07-13 1738 OK2PF 599 28 R4HQ 599 SRR
QSO: 14062 CW 2024-07-13 1738 OK2PF 599 28 BD7DT 599 44
QSO: 14066 CW 2024-07-13 1739 OK2PF 599 28 HA3NU 599 28
QSO: 14069 CW 2024-07-13 1740 OK2PF 599 28 HS8NKB 599 49
QSO: 14064 CW 2024-07-13 1742 OK2PF 599 28 JR4DAH 599 45
QSO: 14062 CW 2024-07-13 1744 OK2PF 599 28 JH4UTP 599 45
QSO: 14061 CW 2024-07-13 1746 OK2PF 599 28 DJ0IF 599 28
QSO: 14058 CW 2024-07-13 1750 OK2PF 599 28 YU0W 599 28
QSO: 14057 CW 2024-07-13 1750 OK2PF 599 28 DM7A 599 28
QSO: 14056 CW 2024-07-13 1751 OK2PF 599 28 OH5Z 599 18
QSO: 14051 CW 2024-07-13 1753 OK2PF 599 28 SP5LST 599 28
QSO: 14048 CW 2024-07-13 1754 OK2PF 599 28 OM5NL 599 28
QSO: 14047 CW 2024-07-13 1755 OK2PF 599 28 S57K 599 28
QSO: 14045 CW 2024-07-13 1756 OK2PF 599 28 PA4M 599 27
QSO: 14045 CW 2024-07-13 1756 OK2PF 599 28 DJ4MX 599 28
QSO: 14042 CW 2024-07-13 1757 OK2PF 599 28 JH7QXJ 599 45
QSO: 14041 CW 2024-07-13 1758 OK2PF 599 28 OL7T 599 28
QSO: 14041 CW 2024-07-13 1759 OK2PF 599 28 YL5W 599 29
QSO: 14040 CW 2024-07-13 1800 OK2PF 599 28 EF4HQ 599 URE
QSO: 14039 CW 2024-07-13 1802 OK2PF 599 28 JF2QNM 599 45
QSO: 14038 CW 2024-07-13 1807 OK2PF 599 28 R3VL 599 29
QSO: 14036 CW 2024-07-13 1809 OK2PF 599 28 OH9W 599 18
QSO: 14033 CW 2024-07-13 1810 OK2PF 599 28 LZ2CJ 599 28
QSO: 14033 CW 2024-07-13 1810 OK2PF 599 28 HA8A 599 28
QSO: 14029 CW 2024-07-13 1811 OK2PF 599 28 F5IN 599 27
QSO: 14028 CW 2024-07-13 1812 OK2PF 599 28 LX7I 599 27
QSO: 14027 CW 2024-07-13 1812 OK2PF 599 28 DD5M 599 28
QSO: 14024 CW 2024-07-13 1814 OK2PF 599 28 UN1HQ 599 KFRR
QSO: 14021 CW 2024-07-13 1817 OK2PF 599 28 EA8RM 599 36
QSO: 14020 CW 2024-07-13 1818 OK2PF 599 28 UX1VX 599 29
QSO: 14019 CW 2024-07-13 1822 OK2PF 599 28 OR1Z 599 27
QSO: 14017 CW 2024-07-13 1822 OK2PF 599 28 RA3SI 599 29
QSO: 14015 CW 2024-07-13 1824 OK2PF 599 28 RX9CC 599 20
QSO: 14013 CW 2024-07-13 1825 OK2PF 599 28 LY4A 599 29
QSO: 14013 CW 2024-07-13 1826 OK2PF 599 28 E7HQ 599 ARABH
QSO: 14010 CW 2024-07-13 1828 OK2PF 599 28 RY7Y 599 29
QSO: 14009 CW 2024-07-13 1829 OK2PF 599 28 R2AA 599 29
QSO: 14006 CW 2024-07-13 1833 OK2PF 599 28 E29TGW 599 49
QSO: 14006 CW 2024-07-13 1833 OK2PF 599 28 UP0L 599 30
QSO: 14005 CW 2024-07-13 1834 OK2PF 599 28 RT4G 599 29
QSO: 14005 CW 2024-07-13 1834 OK2PF 599 28 LZ1QN 599 28
QSO: 14003 CW 2024-07-13 1835 OK2PF 599 28 YQ6A 599 28
QSO: 14003 CW 2024-07-13 1835 OK2PF 599 28 ED1R 599 37
QSO: 14002 CW 2024-07-13 1838 OK2PF 599 28 S50HQ 599 ZRS
QSO: 14001 CW 2024-07-13 1838 OK2PF 599 28 ES7A 599 29
QSO: 14001 CW 2024-07-13 1838 OK2PF 599 28 LY4L 599 29
QSO: 28002 CW 2024-07-13 1843 OK2PF 599 28 LZ0HQ 599 BFRA
QSO: 28003 CW 2024-07-13 1843 OK2PF 599 28 UY5LW 599 29
QSO: 28029 CW 2024-07-13 1846 OK2PF 599 28 Z30HQ 599 RSM
QSO: 28033 CW 2024-07-13 1847 OK2PF 599 28 II8K 599 28
QSO: 28041 CW 2024-07-13 1847 OK2PF 599 28 II9HQ 599 ARI
QSO: 28014 CW 2024-07-13 1849 OK2PF 599 28 YT0HQ 599 SRS
QSO: 21007 CW 2024-07-13 1857 OK2PF 599 28 PZ5DX 599 12
QSO: 21010 CW 2024-07-13 1859 OK2PF 599 28 F8DGY 599 27
QSO: 21011 CW 2024-07-13 1901 OK2PF 599 28 ZW8T 599 15
QSO: 21013 CW 2024-07-13 1902 OK2PF 599 28 SK9HQ 599 SSA
QSO: 21015 CW 2024-07-13 1903 OK2PF 599 28 KR2Q 599 08
QSO: 21016 CW 2024-07-13 1903 OK2PF 599 28 LZ9A 599 28
QSO: 21016 CW 2024-07-13 1905 OK2PF 599 28 GR2HQ 599 RSGB
QSO: 21017 CW 2024-07-13 1906 OK2PF 599 28 IP3T 599 28
QSO: 21020 CW 2024-07-13 1910 OK2PF 599 28 9N7AA 599 42
QSO: 21021 CW 2024-07-13 1911 OK2PF 599 28 YT0HQ 599 SRS
QSO: 21022 CW 2024-07-13 1911 OK2PF 599 28 LZ5DI 599 28
QSO: 21022 CW 2024-07-13 1913 OK2PF 599 28 CE2LR 599 14
QSO: 21023 CW 2024-07-13 1914 OK2PF 599 28 TF3W 599 17
QSO: 21025 CW 2024-07-13 1916 OK2PF 599 28 OH9W 599 18
QSO: 21026 CW 2024-07-13 1916 OK2PF 599 28 WN7S 599 08
QSO: 21027 CW 2024-07-13 1917 OK2PF 599 28 TA3RT 599 39
QSO: 21027 CW 2024-07-13 1919 OK2PF 599 28 Z60HQ 599 SHRAK
QSO: 21028 CW 2024-07-13 1920 OK2PF 599 28 PJ2HQ 599 VRONA
QSO: 21036 CW 2024-07-13 1924 OK2PF 599 28 NN4SS 599 08
QSO: 7005 CW 2024-07-13 1927 OK2PF 599 28 LY2K 599 29
QSO: 7003 CW 2024-07-13 1930 OK2PF 599 28 HG6N 599 28
QSO: 7004 CW 2024-07-13 1930 OK2PF 599 28 OK1KKI 599 28
QSO: 7005 CW 2024-07-13 1930 OK2PF 599 28 LZ8E 599 28
QSO: 7006 CW 2024-07-13 1931 OK2PF 599 28 II2HQ 599 ARI
QSO: 7006 CW 2024-07-13 1931 OK2PF 599 28 R2AA 599 29
QSO: 7007 CW 2024-07-13 1932 OK2PF 599 28 HB9ARF 599 28
QSO: 7007 CW 2024-07-13 1932 OK2PF 599 28 RL3A 599 29
QSO: 7008 CW 2024-07-13 1933 OK2PF 599 28 4X1DX 599 39
QSO: 7009 CW 2024-07-13 1934 OK2PF 599 28 OM0R 599 28
QSO: 7010 CW 2024-07-13 1935 OK2PF 599 28 GR2HQ 599 RSGB
QSO: 7010 CW 2024-07-13 1936 OK2PF 599 28 UA4S 599 29
QSO: 7010 CW 2024-07-13 1936 OK2PF 599 28 RG5A 599 29
QSO: 7011 CW 2024-07-13 1938 OK2PF 599 28 P3X 599 39
QSO: 7011 CW 2024-07-13 1939 OK2PF 599 28 RM9I 599 31
QSO: 7012 CW 2024-07-13 1940 OK2PF 599 28 S50HQ 599 ZRS
QSO: 7012 CW 2024-07-13 1941 OK2PF 599 28 YO5ODT 599 28
QSO: 7013 CW 2024-07-13 1941 OK2PF 599 28 EU8U 599 29
QSO: 7013 CW 2024-07-13 1941 OK2PF 599 28 OR5Z 599 27
QSO: 7014 CW 2024-07-13 1942 OK2PF 599 28 YT0HQ 599 SRS
QSO: 7015 CW 2024-07-13 1943 OK2PF 599 28 G4A 599 27
QSO: 7017 CW 2024-07-13 1944 OK2PF 599 28 LY2TS 599 29
QSO: 7017 CW 2024-07-13 1945 OK2PF 599 28 4L8A 599 29
QSO: 7017 CW 2024-07-13 1945 OK2PF 599 28 UA6CC 599 29
QSO: 7018 CW 2024-07-13 1946 OK2PF 599 28 F5IN 599 27
QSO: 7018 CW 2024-07-13 1946 OK2PF 599 28 LZ5DI 599 28
QSO: 7019 CW 2024-07-13 1947 OK2PF 599 28 C4W 599 39
QSO: 7019 CW 2024-07-13 1947 OK2PF 599 28 SO3O 599 28
QSO: 7020 CW 2024-07-13 1948 OK2PF 599 28 DL3KWR 599 28
QSO: 7020 CW 2024-07-13 1950 OK2PF 599 28 LZ0HQ 599 BFRA
QSO: 7021 CW 2024-07-13 1951 OK2PF 599 28 R8TT 599 30
QSO: 7021 CW 2024-07-13 1952 OK2PF 599 28 SP7LIE 599 28
QSO: 7021 CW 2024-07-13 1952 OK2PF 599 28 R9HQ 599 SRR
QSO: 7022 CW 2024-07-13 1953 OK2PF 599 28 HA8A 599 28
QSO: 7023 CW 2024-07-13 1955 OK2PF 599 28 DJ5MW 599 28
QSO: 7023 CW 2024-07-13 1956 OK2PF 599 28 9A0HQ 599 HRS
QSO: 7024 CW 2024-07-13 1956 OK2PF 599 28 OR1Z 599 27
QSO: 7024 CW 2024-07-13 1957 OK2PF 599 28 HG0HQ 599 MRASZ
QSO: 7025 CW 2024-07-13 1958 OK2PF 599 28 SP4TKR 599 28
QSO: 7025 CW 2024-07-13 1959 OK2PF 599 28 PA6HQ 599 VERON
QSO: 7026 CW 2024-07-13 1959 OK2PF 599 28 YO4NF 599 28
QSO: 7026 CW 2024-07-13 2000 OK2PF 599 28 DL5YL 599 28
QSO: 7027 CW 2024-07-13 2000 OK2PF 599 28 S57K 599 28
QSO: 7027 CW 2024-07-13 2003 OK2PF 599 28 RL3T 599 29
QSO: 7028 CW 2024-07-13 2005 OK2PF 599 28 DA0HQ 599 DARC
QSO: 7030 CW 2024-07-13 2007 OK2PF 599 28 RK3P 599 29
QSO: 7031 CW 2024-07-13 2010 OK2PF 599 28 SN0HQ 599 PZK
QSO: 7033 CW 2024-07-13 2011 OK2PF 599 28 OE0HQ 599 OV
QSO: 7035 CW 2024-07-13 2012 OK2PF 599 28 DL5YM 599 28
QSO: 7035 CW 2024-07-13 2012 OK2PF 599 28 OH5Z 599 18
QSO: 7036 CW 2024-07-13 2012 OK2PF 599 28 R0HQ 599 FRR
QSO: 7037 CW 2024-07-13 2014 OK2PF 599 28 SK9HQ 599 SSA
QSO: 7037 CW 2024-07-13 2014 OK2PF 599 28 RT5P 599 29
QSO: 7038 CW 2024-07-13 2015 OK2PF 599 28 HB9RB 599 28
QSO: 7039 CW 2024-07-13 2015 OK2PF 599 28 LN2HQ 599 NRRL
QSO: 7040 CW 2024-07-13 2016 OK2PF 599 28 SN2B 599 28
QSO: 7042 CW 2024-07-13 2017 OK2PF 599 28 PA3AAV 599 27
QSO: 7042 CW 2024-07-13 2018 OK2PF 599 28 E7HQ 599 ARABH
QSO: 7002 CW 2024-07-14 0302 OK2PF 599 28 N9NB 599 08
QSO: 7003 CW 2024-07-14 0304 OK2PF 599 28 IO6A 599 28
QSO: 7004 CW 2024-07-14 0307 OK2PF 599 28 K5ZD 599 08
QSO: 7006 CW 2024-07-14 0309 OK2PF 599 28 DM5W 599 28
QSO: 7007 CW 2024-07-14 0309 OK2PF 599 28 W1KM 599 08
QSO: 7007 CW 2024-07-14 0309 OK2PF 599 28 WC1M 599 08
QSO: 7009 CW 2024-07-14 0312 OK2PF 599 28 YU5R 599 28
QSO: 7010 CW 2024-07-14 0313 OK2PF 599 28 YT3D 599 28
QSO: 7010 CW 2024-07-14 0313 OK2PF 599 28 SN7Q 599 28
QSO: 7011 CW 2024-07-14 0314 OK2PF 599 28 K3LR 599 08
QSO: 7012 CW 2024-07-14 0315 OK2PF 599 28 M5W 599 27
QSO: 7016 CW 2024-07-14 0320 OK2PF 599 28 KD4D 599 08
QSO: 7019 CW 2024-07-14 0323 OK2PF 599 28 W8MJ 599 08
QSO: 7021 CW 2024-07-14 0324 OK2PF 599 28 VE3TM 599 04
QSO: 7021 CW 2024-07-14 0325 OK2PF 599 28 LY5O 599 29
QSO: 7022 CW 2024-07-14 0326 OK2PF 599 28 SP2R 599 28
QSO: 7023 CW 2024-07-14 0327 OK2PF 599 28 SP5CNA 599 28
QSO: 7024 CW 2024-07-14 0327 OK2PF 599 28 ED3Z 599 37
QSO: 7025 CW 2024-07-14 0330 OK2PF 599 28 IP9R 599 28
QSO: 7026 CW 2024-07-14 0331 OK2PF 599 28 KR2Q 599 08
QSO: 7026 CW 2024-07-14 0332 OK2PF 599 28 P3C 599 39
QSO: 7027 CW 2024-07-14 0333 OK2PF 599 28 K1XM 599 08
QSO: 7027 CW 2024-07-14 0334 OK2PF 599 28 N4UU 599 08
QSO: 7029 CW 2024-07-14 0336 OK2PF 599 28 LX7I 599 27
QSO: 7029 CW 2024-07-14 0337 OK2PF 599 28 IK3VUT 599 28
QSO: 7030 CW 2024-07-14 0337 OK2PF 599 28 OK6Y 599 28
QSO: 7030 CW 2024-07-14 0338 OK2PF 599 28 K4ZW 599 08
QSO: 7031 CW 2024-07-14 0338 OK2PF 599 28 9A1P 599 28
QSO: 7035 CW 2024-07-14 0340 OK2PF 599 28 SK2HQ 599 SSA
QSO: 7035 CW 2024-07-14 0341 OK2PF 599 28 W8FJ 599 08
QSO: 7036 CW 2024-07-14 0343 OK2PF 599 28 K8LX 599 08
QSO: 7036 CW 2024-07-14 0343 OK2PF 599 28 II2Q 599 28
QSO: 7036 CW 2024-07-14 0343 OK2PF 599 28 DJ0IF 599 28
QSO: 7037 CW 2024-07-14 0344 OK2PF 599 28 CR6K 599 37
QSO: 7039 CW 2024-07-14 0345 OK2PF 599 28 EF4HQ 599 URE
QSO: 7039 CW 2024-07-14 0347 OK2PF 599 28 P44W 599 11
QSO: 3505 CW 2024-07-14 0350 OK2PF 599 28 OZ1HQ 599 EDR
QSO: 3510 CW 2024-07-14 0351 OK2PF 599 28 S50HQ 599 ZRS
QSO: 3511 CW 2024-07-14 0351 OK2PF 599 28 DA0HQ 599 DARC
QSO: 3512 CW 2024-07-14 0352 OK2PF 599 28 YT0HQ 599 SRS
QSO: 3521 CW 2024-07-14 0353 OK2PF 599 28 SN0HQ 599 PZK
QSO: 3522 CW 2024-07-14 0353 OK2PF 599 28 F5IN 599 27
QSO: 3524 CW 2024-07-14 0354 OK2PF 599 28 HA3DX 599 28
QSO: 3525 CW 2024-07-14 0354 OK2PF 599 28 9A0HQ 599 HRS
QSO: 3516 CW 2024-07-14 0423 OK2PF 599 28 OE0HQ 599 OV
QSO: 3518 CW 2024-07-14 0424 OK2PF 599 28 S570CST 599 28
QSO: 3512 CW 2024-07-14 0425 OK2PF 599 28 OP0HQ 599 UBA
QSO: 7001 CW 2024-07-14 0426 OK2PF 599 28 NN7CW 599 08
QSO: 7003 CW 2024-07-14 0428 OK2PF 599 28 K1LZ 599 08
QSO: 7003 CW 2024-07-14 0428 OK2PF 599 28 SP3HRN 599 28
QSO: 7008 CW 2024-07-14 0429 OK2PF 599 28 LY4L 599 29
QSO: 7008 CW 2024-07-14 0430 OK2PF 599 28 DM7A 599 28
QSO: 7011 CW 2024-07-14 0431 OK2PF 599 28 SP2GMA 599 28
QSO: 7014 CW 2024-07-14 0432 OK2PF 599 28 OP0HQ 599 UBA
QSO: 7015 CW 2024-07-14 0433 OK2PF 599 28 G4IIY 599 27
QSO: 7016 CW 2024-07-14 0433 OK2PF 599 28 DJ1OJ 599 28
QSO: 7018 CW 2024-07-14 0434 OK2PF 599 28 F5OZC 599 27
QSO: 7024 CW 2024-07-14 0437 OK2PF 599 28 DL3ON 599 28
QSO: 7025 CW 2024-07-14 0439 OK2PF 599 28 VA2WA 599 04
QSO: 7027 CW 2024-07-14 0439 OK2PF 599 28 EA1X 599 37
QSO: 7028 CW 2024-07-14 0441 OK2PF 599 28 OG6N 599 18
QSO: 7029 CW 2024-07-14 0442 OK2PF 599 28 EA6NB 599 37
QSO: 7010 CW 2024-07-14 0653 OK2PF 599 28 OK2MBP 599 28
QSO: 7014 CW 2024-07-14 0654 OK2PF 599 28 HB40OK 599 28
QSO: 7018 CW 2024-07-14 0655 OK2PF 599 28 SC6O 599 18
QSO: 7019 CW 2024-07-14 0657 OK2PF 599 28 G3XTT 599 27
QSO: 7019 CW 2024-07-14 0657 OK2PF 599 28 YR0HQ 599 FRR
QSO: 7020 CW 2024-07-14 0658 OK2PF 599 28 OK5TFC 599 28
QSO: 7022 CW 2024-07-14 0658 OK2PF 599 28 E77EA 599 28
QSO: 7029 CW 2024-07-14 0700 OK2PF 599 28 ON4ZD 599 27
QSO: 7034 CW 2024-07-14 0701 OK2PF 599 28 DF7IS 599 28
QSO: 14002 CW 2024-07-14 0703 OK2PF 599 28 VE3EJ 599 04
QSO: 14001 CW 2024-07-14 0704 OK2PF 599 28 YL7X 599 29
QSO: 14001 CW 2024-07-14 0705 OK2PF 599 28 VE3NNT 599 04
QSO: 14002 CW 2024-07-14 0706 OK2PF 599 28 K8LX 599 08
QSO: 14002 CW 2024-07-14 0706 OK2PF 599 28 SX9V 599 28
QSO: 14003 CW 2024-07-14 0707 OK2PF 599 28 N2NT 599 08
QSO: 14003 CW 2024-07-14 0707 OK2PF 599 28 WC1M 599 08
QSO: 14004 CW 2024-07-14 0708 OK2PF 599 28 DL2CC 599 28
QSO: 14004 CW 2024-07-14 0708 OK2PF 599 28 OM0R 599 28
QSO: 14005 CW 2024-07-14 0709 OK2PF 599 28 W4KFC 599 08
QSO: 14006 CW 2024-07-14 0710 OK2PF 599 28 VE3JM 599 04
QSO: 14006 CW 2024-07-14 0711 OK2PF 599 28 K9CT 599 08
QSO: 14007 CW 2024-07-14 0711 OK2PF 599 28 VA2WA 599 04
QSO: 14007 CW 2024-07-14 0712 OK2PF 599 28 K1VUT 599 08
QSO: 14008 CW 2024-07-14 0714 OK2PF 599 28 ES9C 599 29
QSO: 14009 CW 2024-07-14 0714 OK2PF 599 28 NY3A 599 08
QSO: 14011 CW 2024-07-14 0716 OK2PF 599 28 PJ2HQ 599 VRONA
QSO: 14011 CW 2024-07-14 0718 OK2PF 599 28 RW4W 599 30
QSO: 14012 CW 2024-07-14 0719 OK2PF 599 28 N9RV 599 06
QSO: 14012 CW 2024-07-14 0720 OK2PF 599 28 AA1K 599 08
QSO: 14014 CW 2024-07-14 0721 OK2PF 599 28 UB7K 599 29
QSO: 14014 CW 2024-07-14 0723 OK2PF 599 28 KL5DX 599 01
QSO: 14016 CW 2024-07-14 0726 OK2PF 599 28 ZF5T 599 11
QSO: 14016 CW 2024-07-14 0726 OK2PF 599 28 DM5W 599 28
QSO: 14017 CW 2024-07-14 0727 OK2PF 599 28 LZ3QE 599 28
QSO: 14018 CW 2024-07-14 0728 OK2PF 599 28 SE5T 599 18
QSO: 14018 CW 2024-07-14 0728 OK2PF 599 28 NS0R 599 08
QSO: 14019 CW 2024-07-14 0730 OK2PF 599 28 EW8OM 599 29
QSO: 14019 CW 2024-07-14 0730 OK2PF 599 28 K5GN 599 07
QSO: 14021 CW 2024-07-14 0733 OK2PF 599 28 AD4ES 599 08
QSO: 14023 CW 2024-07-14 0735 OK2PF 599 28 N6WM 599 06
QSO: 14027 CW 2024-07-14 0737 OK2PF 599 28 KV8Q 599 08
QSO: 14028 CW 2024-07-14 0737 OK2PF 599 28 OM3TNW 599 28
QSO: 14028 CW 2024-07-14 0738 OK2PF 599 28 PA3ARM 599 27
QSO: 14029 CW 2024-07-14 0739 OK2PF 599 28 EU8U 599 29
QSO: 14030 CW 2024-07-14 0740 OK2PF 599 28 C4W 599 39
QSO: 14031 CW 2024-07-14 0741 OK2PF 599 28 RM3F 599 29
QSO: 14031 CW 2024-07-14 0742 OK2PF 599 28 KP4JA 599 11
QSO: 14033 CW 2024-07-14 0743 OK2PF 599 28 SF6J 599 18
QSO: 14034 CW 2024-07-14 0744 OK2PF 599 28 SX0HQ 599 RAAG
QSO: 14034 CW 2024-07-14 0744 OK2PF 599 28 W1KM 599 08
QSO: 14035 CW 2024-07-14 0745 OK2PF 599 28 NP4Z 599 11
QSO: 14035 CW 2024-07-14 0746 OK2PF 599 28 N3BB 599 07
QSO: 14036 CW 2024-07-14 0748 OK2PF 599 28 KM5G 599 07
QSO: 14038 CW 2024-07-14 0751 OK2PF 599 28 KD4D 599 08
QSO: 14043 CW 2024-07-14 0813 OK2PF 599 28 W5ZN 599 AC
QSO: 14044 CW 2024-07-14 0814 OK2PF 599 28 R7TW 599 29
QSO: 14045 CW 2024-07-14 0815 OK2PF 599 28 CR6K 599 37
QSO: 14045 CW 2024-07-14 0816 OK2PF 599 28 W1AW/4 599 ARRL
QSO: 14047 CW 2024-07-14 0817 OK2PF 599 28 HB40OK 599 28
QSO: 14048 CW 2024-07-14 0818 OK2PF 599 28 IK0YVV 599 28
QSO: 14049 CW 2024-07-14 0820 OK2PF 599 28 SM2CEW 599 18
QSO: 14049 CW 2024-07-14 0820 OK2PF 599 28 ER7HQ 599 ARM
QSO: 14049 CW 2024-07-14 0821 OK2PF 599 28 LN2HQ 599 NRRL
QSO: 14051 CW 2024-07-14 0822 OK2PF 599 28 G4A 599 27
QSO: 14051 CW 2024-07-14 0822 OK2PF 599 28 N9NB 599 08
QSO: 14052 CW 2024-07-14 0822 OK2PF 599 28 TM9C 599 27
QSO: 14053 CW 2024-07-14 0823 OK2PF 599 28 ZM1A 599 60
QSO: 14054 CW 2024-07-14 0824 OK2PF 599 28 PA5KT 599 27
QSO: 14055 CW 2024-07-14 0825 OK2PF 599 28 VY2TT 599 09
QSO: 14057 CW 2024-07-14 0825 OK2PF 599 28 OY1CT 599 FRA
QSO: 14059 CW 2024-07-14 0826 OK2PF 599 28 RL5A 599 29
QSO: 14060 CW 2024-07-14 0827 OK2PF 599 28 LY7R 599 29
QSO: 14060 CW 2024-07-14 0828 OK2PF 599 28 ES0RY 599 29
QSO: 14061 CW 2024-07-14 0828 OK2PF 599 28 EA2AZ 599 37
QSO: 14068 CW 2024-07-14 0833 OK2PF 599 28 ON3DI 599 27
QSO: 14069 CW 2024-07-14 0833 OK2PF 599 28 W1MD 599 08
QSO: 14070 CW 2024-07-14 0836 OK2PF 599 28 8P5A 599 11
QSO: 14071 CW 2024-07-14 0837 OK2PF 599 28 LZ8E 599 28
QSO: 21005 CW 2024-07-14 0839 OK2PF 599 28 YQ6A 599 28
QSO: 21010 CW 2024-07-14 0902 OK2PF 599 28 P3X 599 39
QSO: 21010 CW 2024-07-14 0902 OK2PF 599 28 EU8U 599 29
QSO: 21013 CW 2024-07-14 0903 OK2PF 599 28 N2NT 599 08
QSO: 21014 CW 2024-07-14 0903 OK2PF 599 28 YO4NF 599 28
QSO: 21014 CW 2024-07-14 0904 OK2PF 599 28 UW1M 599 29
QSO: 21015 CW 2024-07-14 0905 OK2PF 599 28 Z30HQ 599 RSM
QSO: 21022 CW 2024-07-14 0908 OK2PF 599 28 UR7M 599 29
QSO: 21023 CW 2024-07-14 0909 OK2PF 599 28 EI7M 599 27
QSO: 21025 CW 2024-07-14 0909 OK2PF 599 28 TM2024P 599 27
QSO: 21032 CW 2024-07-14 0912 OK2PF 599 28 MI5I 599 27
QSO: 21037 CW 2024-07-14 0913 OK2PF 599 28 LZ8E 599 28
QSO: 21039 CW 2024-07-14 0914 OK2PF 599 28 EI0HQ 599 IRTS
QSO: 21040 CW 2024-07-14 0915 OK2PF 599 28 LZ3QE 599 28
QSO: 21045 CW 2024-07-14 0917 OK2PF 599 28 YO3GEK 599 28
QSO: 21055 CW 2024-07-14 0920 OK2PF 599 28 PX2A 599 15
QSO: 21057 CW 2024-07-14 0921 OK2PF 599 28 MW0BRO 599 27
QSO: 21060 CW 2024-07-14 0922 OK2PF 599 28 EB5F 599 37
QSO: 21063 CW 2024-07-14 0922 OK2PF 599 28 II8K 599 28
QSO: 21065 CW 2024-07-14 0923 OK2PF 599 28 8P5A 599 11
QSO: 28026 CW 2024-07-14 0925 OK2PF 599 28 OG1F 599 18
QSO: 28029 CW 2024-07-14 0927 OK2PF 599 28 EF4HQ 599 URE
QSO: 28037 CW 2024-07-14 0928 OK2PF 599 28 OG3B 599 18
QSO: 14001 CW 2024-07-14 0931 OK2PF 599 28 KC1XX 599 08
QSO: 14001 CW 2024-07-14 0931 OK2PF 599 28 P44W 599 11
QSO: 14005 CW 2024-07-14 0932 OK2PF 599 28 LZ9A 599 28
QSO: 14011 CW 2024-07-14 0934 OK2PF 599 28 HA6P 599 28
QSO: 14013 CW 2024-07-14 0935 OK2PF 599 28 K5ZD 599 08
QSO: 14015 CW 2024-07-14 0935 OK2PF 599 28 YO9HP 599 28
QSO: 14015 CW 2024-07-14 0935 OK2PF 599 28 N4UU 599 08
QSO: 14016 CW 2024-07-14 0936 OK2PF 599 28 K5KG 599 08
QSO: 14016 CW 2024-07-14 0936 OK2PF 599 28 EU1DC 599 29
QSO: 14017 CW 2024-07-14 0937 OK2PF 599 28 4U1A 599 28
QSO: 14018 CW 2024-07-14 0938 OK2PF 599 28 IZ4OSH 599 28
QSO: 14020 CW 2024-07-14 0939 OK2PF 599 28 PA6X 599 27
QSO: 14022 CW 2024-07-14 0940 OK2PF 599 28 IK3VUT 599 28
QSO: 14023 CW 2024-07-14 0941 OK2PF 599 28 CT1DRB 599 37
QSO: 14028 CW 2024-07-14 0942 OK2PF 599 28 EC3A 599 37
QSO: 14029 CW 2024-07-14 0943 OK2PF 599 28 G2E 599 27
QSO: 14033 CW 2024-07-14 0944 OK2PF 599 28 LZ1VS 599 28
QSO: 14034 CW 2024-07-14 0944 OK2PF 599 28 2E0OBO 599 27
QSO: 14035 CW 2024-07-14 0945 OK2PF 599 28 DA2K 599 28
QSO: 14038 CW 2024-07-14 0946 OK2PF 599 28 RA3AN 599 29
QSO: 14040 CW 2024-07-14 0948 OK2PF 599 28 HA7A 599 28
QSO: 14043 CW 2024-07-14 0949 OK2PF 599 28 YO4NF 599 28
QSO: 14043 CW 2024-07-14 0949 OK2PF 599 28 DM1T 599 28
QSO: 14049 CW 2024-07-14 0951 OK2PF 599 28 PA6AA 599 27
QSO: 14050 CW 2024-07-14 0951 OK2PF 599 28 LZ1BP 599 28
QSO: 14051 CW 2024-07-14 0952 OK2PF 599 28 PA4O 599 27
QSO: 14052 CW 2024-07-14 0952 OK2PF 599 28 YT2ISM 599 28
QSO: 14056 CW 2024-07-14 0954 OK2PF 599 28 HB9DCM 599 28
QSO: 14057 CW 2024-07-14 0955 OK2PF 599 28 SP1NY 599 28
QSO: 14066 CW 2024-07-14 0956 OK2PF 599 28 TF3D 599 17
QSO: 14066 CW 2024-07-14 0956 OK2PF 599 28 HB9RB 599 28
QSO: 14061 CW 2024-07-14 0959 OK2PF 599 28 NN7CW 599 08
QSO: 14053 CW 2024-07-14 1000 OK2PF 599 28 AA4NC 599 08
QSO: 14047 CW 2024-07-14 1001 OK2PF 599 28 UA6LCJ 599 29
QSO: 14042 CW 2024-07-14 1002 OK2PF 599 28 W1QK 599 08
QSO: 14040 CW 2024-07-14 1002 OK2PF 599 28 LZ1VKD 599 28
QSO: 14039 CW 2024-07-14 1003 OK2PF 599 28 DL1NKS 599 28
END-OF-LOG: