START-OF-LOG: 3.0
CONTEST: IARU-HF
CALLSIGN: WO2T
LOCATION: NNJ
CATEGORY-OPERATOR: SINGLE-OP
CATEGORY-ASSISTED: ASSISTED
CATEGORY-POWER: HIGH
CATEGORY-BAND: ALL
CATEGORY-MODE: CW
CATEGORY-TRANSMITTER: ONE
CATEGORY-STATION: 
OPERATORS: WO2T
CREATED-BY: N1MM LOGGER+ 1.0.10325.0
HQ-CATEGORY: Single Operator Unlimited, CW Only, High Power
HQ-GRID-LOCATOR: FN20UV
QSO: 14038 CW 2024-07-13 1214 WO2T 599 08 VA1MM 599 09
QSO: 14033 CW 2024-07-13 1215 WO2T 599 08 K8AZ 599 08
QSO: 14029 CW 2024-07-13 1216 WO2T 599 08 N3BB 599 07
QSO: 14027 CW 2024-07-13 1217 WO2T 599 08 VE7ZO 599 02
QSO: 14041 CW 2024-07-13 1226 WO2T 599 08 K5UV 599 07
QSO: 14034 CW 2024-07-13 1230 WO2T 599 08 N9NC 599 08
QSO: 14010 CW 2024-07-13 1233 WO2T 599 08 K3TW 599 08
QSO: 14014 CW 2024-07-13 1234 WO2T 599 08 W1AW/4 599 08
QSO: 14024 CW 2024-07-13 1234 WO2T 599 08 NU1AW/0 599 07
QSO: 14025 CW 2024-07-13 1243 WO2T 599 08 VA7ST 599 02
QSO: 14030 CW 2024-07-13 1244 WO2T 599 08 AA9H 599 08
QSO: 14030 CW 2024-07-13 1245 WO2T 599 08 NS0R 599 07
QSO: 14031 CW 2024-07-13 1246 WO2T 599 08 K4IU 599 08
QSO: 14034 CW 2024-07-13 1247 WO2T 599 08 KC7V 599 06
QSO: 14040 CW 2024-07-13 1247 WO2T 599 08 W7RM 599 06
QSO: 14031 CW 2024-07-13 1249 WO2T 599 08 W7SW 599 06
QSO: 14027 CW 2024-07-13 1251 WO2T 599 08 W0EWD 599 07
QSO: 14018 CW 2024-07-13 1302 WO2T 599 08 NT6Q 599 06
QSO: 14026 CW 2024-07-13 1303 WO2T 599 08 W4PM 599 08
QSO: 14033 CW 2024-07-13 1304 WO2T 599 08 VE7LWW 599 02
QSO: 14034 CW 2024-07-13 1326 WO2T 599 08 W9KKN 599 06
QSO: 14037 CW 2024-07-13 1327 WO2T 599 08 N7VM 599 06
QSO: 14038 CW 2024-07-13 1327 WO2T 599 08 AA4NC 599 08
QSO: 14039 CW 2024-07-13 1328 WO2T 599 08 K6XX 599 06
QSO: 21058 CW 2024-07-13 1330 WO2T 599 08 HG3N 599 28
QSO: 21057 CW 2024-07-13 1331 WO2T 599 08 LT4RCA 599 14
QSO: 21057 CW 2024-07-13 1332 WO2T 599 08 I0HQ 599 28
QSO: 21056 CW 2024-07-13 1335 WO2T 599 08 OZ1HQ 599 EDR
QSO: 21055 CW 2024-07-13 1336 WO2T 599 08 DM7A 599 28
QSO: 21053 CW 2024-07-13 1346 WO2T 599 08 K4AB 599 08
QSO: 21053 CW 2024-07-13 1357 WO2T 599 08 R5QQ 599 29
QSO: 21054 CW 2024-07-13 1358 WO2T 599 08 OK2QA 599 28
QSO: 21052 CW 2024-07-13 1359 WO2T 599 08 KM5G 599 07
QSO: 21052 CW 2024-07-13 1400 WO2T 599 08 PA3AAV 599 27
QSO: 21051 CW 2024-07-13 1401 WO2T 599 08 OG1F 599 18
QSO: 21050 CW 2024-07-13 1402 WO2T 599 08 KP4JA 599 11
QSO: 21050 CW 2024-07-13 1403 WO2T 599 08 4L8A 599 29
QSO: 21047 CW 2024-07-13 1408 WO2T 599 08 KL5DX 599 01
QSO: 21053 CW 2024-07-13 1409 WO2T 599 08 WI9WI 599 08
QSO: 21055 CW 2024-07-13 1410 WO2T 599 08 NE8U 599 08
QSO: 14000 CW 2024-07-13 1754 WO2T 599 08 VE7WO 599 02
QSO: 14010 CW 2024-07-13 1755 WO2T 599 08 K4ZW 599 08
QSO: 14014 CW 2024-07-13 1755 WO2T 599 08 K9CT 599 08
QSO: 14028 CW 2024-07-13 1757 WO2T 599 08 N2IC 599 07
QSO: 21023 CW 2024-07-13 1759 WO2T 599 08 TF3W 599 17
QSO: 21027 CW 2024-07-13 1800 WO2T 599 08 TM93OG 599 27
QSO: 21028 CW 2024-07-13 1801 WO2T 599 08 9A0HQ 599 28
QSO: 21029 CW 2024-07-13 1802 WO2T 599 08 SF4HQ 599 18
QSO: 21030 CW 2024-07-13 1803 WO2T 599 08 NN7CW 599 08
QSO: 21032 CW 2024-07-13 1803 WO2T 599 08 DA0HQ 599 SARC
QSO: 21034 CW 2024-07-13 1817 WO2T 599 08 G0HQ 599 MRASZ
QSO: 21035 CW 2024-07-13 1822 WO2T 599 08 K6XX 599 06
QSO: 21037 CW 2024-07-13 1822 WO2T 599 08 W1AW/4 599 ARRL
QSO: 21041 CW 2024-07-13 1824 WO2T 599 08 IO3W 599 28
QSO: 21041 CW 2024-07-13 1836 WO2T 599 08 N4XD 599 08
QSO: 21042 CW 2024-07-13 1837 WO2T 599 08 N5RZ 599 07
QSO: 21042 CW 2024-07-13 1837 WO2T 599 08 EU4E 599 29
QSO: 21047 CW 2024-07-13 1839 WO2T 599 08 IZ8GUQ 599 28
QSO: 21047 CW 2024-07-13 1840 WO2T 599 08 EI0HQ 599 IRTS
QSO: 21051 CW 2024-07-13 1912 WO2T 599 08 TF3D 599 17
QSO: 21057 CW 2024-07-13 2048 WO2T 599 08 HG7T 599 28
QSO: 21041 CW 2024-07-13 2050 WO2T 599 08 E7DX 599 28
QSO: 21040 CW 2024-07-13 2050 WO2T 599 08 EA8RM 599 36
QSO: 21038 CW 2024-07-13 2052 WO2T 599 08 SN0HQ 599 PZD
QSO: 21036 CW 2024-07-13 2052 WO2T 599 08 ON4ZD 599 27
QSO: 21034 CW 2024-07-13 2053 WO2T 599 08 HG0HQ 599 MRASZ
QSO: 21031 CW 2024-07-13 2053 WO2T 599 08 CR6K 599 37
QSO: 21030 CW 2024-07-13 2055 WO2T 599 08 ZF1A 599 CARS
QSO: 21029 CW 2024-07-13 2056 WO2T 599 08 EF4HQ 599 URE
QSO: 21028 CW 2024-07-13 2220 WO2T 599 08 E77ENS 599 28
QSO: 14045 CW 2024-07-14 0033 WO2T 599 08 OG3B 599 18
QSO: 14046 CW 2024-07-14 0033 WO2T 599 08 TF3W 599 17
QSO: 14049 CW 2024-07-14 0034 WO2T 599 08 CR6K 599 37
QSO: 14050 CW 2024-07-14 0034 WO2T 599 08 EA1X 599 37
QSO: 14051 CW 2024-07-14 0035 WO2T 599 08 HA6P 599 28
QSO: 14055 CW 2024-07-14 0036 WO2T 599 08 PA6HQ 599 VERON
QSO: 14057 CW 2024-07-14 0037 WO2T 599 08 DM7A 599 28
QSO: 14063 CW 2024-07-14 0039 WO2T 599 08 HA8TA 599 28
QSO: 14065 CW 2024-07-14 0039 WO2T 599 08 EA8RM 599 36
QSO: 14065 CW 2024-07-14 0040 WO2T 599 08 DC4A 599 28
QSO: 14066 CW 2024-07-14 0040 WO2T 599 08 WM9C 599 08
QSO: 14066 CW 2024-07-14 0041 WO2T 599 08 K6ACW 599 06
QSO: 14067 CW 2024-07-14 0041 WO2T 599 08 SP1R 599 28
QSO: 14069 CW 2024-07-14 0042 WO2T 599 08 OH2HQ 599 18
QSO: 14069 CW 2024-07-14 0043 WO2T 599 08 OK7O 599 28
QSO: 14070 CW 2024-07-14 0043 WO2T 599 08 OK6Y 599 28
QSO: 14001 CW 2024-07-14 0044 WO2T 599 08 AD4ES 599 08
QSO: 14002 CW 2024-07-14 0047 WO2T 599 08 AD5A 599 07
QSO: 14003 CW 2024-07-14 0048 WO2T 599 08 HG3N 599 28
QSO: 14004 CW 2024-07-14 0049 WO2T 599 08 LT4RCA 599 14
QSO: 14006 CW 2024-07-14 0050 WO2T 599 08 OM0R 599 28
QSO: 14006 CW 2024-07-14 0050 WO2T 599 08 SX0HQ 599 RAAG
QSO: 14010 CW 2024-07-14 0052 WO2T 599 08 R4WDX 599 30
QSO: 14010 CW 2024-07-14 0053 WO2T 599 08 HB9HQ 599 USKA
QSO: 14011 CW 2024-07-14 0057 WO2T 599 08 SP3HLM 599 28
QSO: 14012 CW 2024-07-14 0058 WO2T 599 08 SK9HQ 599 SSA
QSO: 14014 CW 2024-07-14 0101 WO2T 599 08 WI9WI 599 08
QSO: 14015 CW 2024-07-14 0102 WO2T 599 08 DJ9DZ 599 28
QSO: 14018 CW 2024-07-14 0104 WO2T 599 08 OZ3SM 599 18
QSO: 14023 CW 2024-07-14 0105 WO2T 599 08 ZB0HO 599 37
QSO: 14026 CW 2024-07-14 0106 WO2T 599 08 Z30HQ 599 RSM
QSO: 14026 CW 2024-07-14 0119 WO2T 599 08 II4HQ 599 ARI
QSO: 14026 CW 2024-07-14 0120 WO2T 599 08 OK2HBR 599 28
QSO: 14027 CW 2024-07-14 0120 WO2T 599 08 GR2HQ 599 RSGB
QSO: 14028 CW 2024-07-14 0121 WO2T 599 08 ES9C 599 29
QSO: 14028 CW 2024-07-14 0121 WO2T 599 08 W5ZN 599 07
QSO: 14031 CW 2024-07-14 0122 WO2T 599 08 M0SQC 599 27
QSO: 14032 CW 2024-07-14 0123 WO2T 599 08 N7DX 599 06
QSO: 14032 CW 2024-07-14 0123 WO2T 599 08 S57K 599 28
QSO: 14033 CW 2024-07-14 0124 WO2T 599 08 EU4E 599 29
QSO: 14034 CW 2024-07-14 0124 WO2T 599 08 TM9C 599 27
QSO: 14042 CW 2024-07-14 0125 WO2T 599 08 OE0HQ 599 OV
QSO: 14044 CW 2024-07-14 0126 WO2T 599 08 HA3NU 599 28
QSO: 14045 CW 2024-07-14 0126 WO2T 599 08 HG5D 599 28
QSO: 14045 CW 2024-07-14 0127 WO2T 599 08 LY4L 599 29
QSO: 14047 CW 2024-07-14 0127 WO2T 599 08 SP5LST 599 28
QSO: 14050 CW 2024-07-14 0128 WO2T 599 08 PA/DJ5MO 599 27
QSO: 14003 CW 2024-07-14 0131 WO2T 599 08 K7NT 599 06
QSO: 14008 CW 2024-07-14 0132 WO2T 599 08 W4AN 599 08
QSO: 14012 CW 2024-07-14 0134 WO2T 599 08 WA7NB 599 06
QSO: 14020 CW 2024-07-14 0135 WO2T 599 08 N4BP 599 08
QSO: 14021 CW 2024-07-14 0135 WO2T 599 08 AI0Y 599 07
QSO: 14021 CW 2024-07-14 0136 WO2T 599 08 YT0HQ 599 SRS
QSO: 14024 CW 2024-07-14 0208 WO2T 599 08 K5UZ 599 07
QSO: 14030 CW 2024-07-14 0211 WO2T 599 08 TM6M 599 27
QSO: 14032 CW 2024-07-14 0212 WO2T 599 08 DA0HQ 599 SARC
QSO: 14036 CW 2024-07-14 0213 WO2T 599 08 YR0HQ 599 FRR
QSO: 14037 CW 2024-07-14 0214 WO2T 599 08 S57CST 599 28
QSO: 14040 CW 2024-07-14 0216 WO2T 599 08 KM5G 599 07
QSO: 14041 CW 2024-07-14 0217 WO2T 599 08 OZ1HQ 599 EDR
QSO: 14048 CW 2024-07-14 0218 WO2T 599 08 K6NA 599 06
QSO: 14048 CW 2024-07-14 0219 WO2T 599 08 G4A 599 27
QSO: 14051 CW 2024-07-14 0220 WO2T 599 08 OK2ZV 599 28
QSO: 14052 CW 2024-07-14 0221 WO2T 599 08 OM0M 599 28
QSO: 14052 CW 2024-07-14 0221 WO2T 599 08 OH5Z 599 18
QSO: 14053 CW 2024-07-14 0222 WO2T 599 08 ER7HQ 599 TRM
QSO: 14054 CW 2024-07-14 0224 WO2T 599 08 DL5YL 599 28
QSO: 14055 CW 2024-07-14 0224 WO2T 599 08 WQ5L 599 08
QSO: 14055 CW 2024-07-14 0225 WO2T 599 08 EW5A 599 29
QSO: 14059 CW 2024-07-14 0226 WO2T 599 08 F4WEJ 599 27
QSO: 14060 CW 2024-07-14 0226 WO2T 599 08 UB7K 599 29
QSO: 14063 CW 2024-07-14 0227 WO2T 599 08 OG6N 599 18
QSO: 14066 CW 2024-07-14 0403 WO2T 599 08 NK4O 599 08
QSO: 14001 CW 2024-07-14 0404 WO2T 599 08 RU3A 599 29
QSO: 14002 CW 2024-07-14 0405 WO2T 599 08 RT4G 599 29
QSO: 14002 CW 2024-07-14 0405 WO2T 599 08 K9OM 599 08
QSO: 14004 CW 2024-07-14 0406 WO2T 599 08 OH1UR 599 18
QSO: 14004 CW 2024-07-14 0407 WO2T 599 08 S50E 599 28
QSO: 14005 CW 2024-07-14 0407 WO2T 599 08 S50HQ 599 28
QSO: 14005 CW 2024-07-14 0407 WO2T 599 08 IS0HQ 599 ZRS
QSO: 14006 CW 2024-07-14 0409 WO2T 599 08 OL3R 599 28
QSO: 14008 CW 2024-07-14 0411 WO2T 599 08 DL6SBT 599 28
QSO: 14011 CW 2024-07-14 0412 WO2T 599 08 K5WA 599 07
QSO: 14013 CW 2024-07-14 0413 WO2T 599 08 E7HQ 599 EASS
QSO: 14014 CW 2024-07-14 0414 WO2T 599 08 OE1HQ 599 OEA
QSO: 14017 CW 2024-07-14 0415 WO2T 599 08 M5W 599 27
QSO: 14019 CW 2024-07-14 0416 WO2T 599 08 OM7M 599 28
QSO: 14021 CW 2024-07-14 0418 WO2T 599 08 K9YC 599 06
QSO: 14021 CW 2024-07-14 0418 WO2T 599 08 K4EJ 599 08
QSO: 14022 CW 2024-07-14 0418 WO2T 599 08 ZF5T 599 11
QSO: 14024 CW 2024-07-14 0419 WO2T 599 08 EU1DC 599 29
QSO: 14024 CW 2024-07-14 0419 WO2T 599 08 OP0HQ 599 UBA
QSO: 14025 CW 2024-07-14 0422 WO2T 599 08 LZ0HQ 599 BFRA
QSO: 14025 CW 2024-07-14 0423 WO2T 599 08 LZ1AQ 599 28
QSO: 14027 CW 2024-07-14 0424 WO2T 599 08 HA8A 599 28
QSO: 14028 CW 2024-07-14 0425 WO2T 599 08 S57WJ 599 28
QSO: 14030 CW 2024-07-14 0428 WO2T 599 08 S50U 599 28
QSO: 14031 CW 2024-07-14 0428 WO2T 599 08 N5TJ 599 07
QSO: 14032 CW 2024-07-14 0429 WO2T 599 08 LN2HQ 599 NRRL
QSO: 14032 CW 2024-07-14 0429 WO2T 599 08 E70X 599 28
QSO: 14035 CW 2024-07-14 0431 WO2T 599 08 DA3M 599 28
QSO: 14035 CW 2024-07-14 0431 WO2T 599 08 CT7BJG 599 37
QSO: 14039 CW 2024-07-14 0434 WO2T 599 08 EI1E 599 27
QSO: 14040 CW 2024-07-14 0434 WO2T 599 08 EF4HQ 599 URE
QSO: 14036 CW 2024-07-14 0436 WO2T 599 08 KH6AQ 599 61
QSO: 14037 CW 2024-07-14 0437 WO2T 599 08 KH7Q 599 61
QSO: 14038 CW 2024-07-14 0437 WO2T 599 08 W2A 599 08
QSO: 14042 CW 2024-07-14 0438 WO2T 599 08 KL5DX 599 01
QSO: 14048 CW 2024-07-14 0439 WO2T 599 08 PX2A 599 15
QSO: 14048 CW 2024-07-14 0440 WO2T 599 08 TI7W 599 11
QSO: 14050 CW 2024-07-14 0440 WO2T 599 08 PV2K 599 15
QSO: 14051 CW 2024-07-14 0441 WO2T 599 08 VE6WQ 599 02
QSO: 14068 CW 2024-07-14 0443 WO2T 599 08 VE6BBP 599 02
QSO: 14009 CW 2024-07-14 0445 WO2T 599 08 K5CM 599 07
QSO: 7001 CW 2024-07-14 0446 WO2T 599 08 P44W 599 11
QSO: 7002 CW 2024-07-14 0448 WO2T 599 08 K5GN 599 07
QSO: 7003 CW 2024-07-14 0448 WO2T 599 08 PZ5DX 599 12
QSO: 7012 CW 2024-07-14 0451 WO2T 599 08 S50HQ 599 28
QSO: 7016 CW 2024-07-14 0453 WO2T 599 08 MW4R 599 27
QSO: 7017 CW 2024-07-14 0454 WO2T 599 08 F5IN 599 27
QSO: 7018 CW 2024-07-14 0455 WO2T 599 08 F5OZC 599 27
QSO: 7027 CW 2024-07-14 0457 WO2T 599 08 AA4NC 599 08
QSO: 7028 CW 2024-07-14 0457 WO2T 599 08 K1TZQ 599 08
QSO: 7028 CW 2024-07-14 0458 WO2T 599 08 KN6VQ 599 06
QSO: 7030 CW 2024-07-14 0459 WO2T 599 08 WS9M 599 08
QSO: 7031 CW 2024-07-14 0500 WO2T 599 08 SN0HQ 599 PZD
QSO: 7033 CW 2024-07-14 0501 WO2T 599 08 EF4HQ 599 URE
QSO: 7035 CW 2024-07-14 0502 WO2T 599 08 NN3W 599 08
QSO: 7035 CW 2024-07-14 0502 WO2T 599 08 K5UZ 599 07
QSO: 7037 CW 2024-07-14 0503 WO2T 599 08 EI1E 599 27
QSO: 7046 CW 2024-07-14 0505 WO2T 599 08 VA7ST 599 02
END-OF-LOG: