START-OF-LOG: 3.0
CONTEST: ARRL-10
LOCATION: DX
CALLSIGN: RA9AP
CATEGORY-OPERATOR: SINGLE-OP
CATEGORY-ASSISTED: ASSISTED
CATEGORY-POWER: LOW
CATEGORY-BAND: ALL
CATEGORY-MODE: CW
CATEGORY-STATION: FIXED
CATEGORY-TRANSMITTER: ONE
CREATED-BY: N1MM LOGGER+ 1.0.8744.0
CLUB: Rusian Contest Club
OPERATORS: RA9AP
HQ-CATEGORY: Single Operator Unlimited, CW Only, Low Power
HQ-GRID-LOCATOR: MO04pk
QSO: 28017 CW 2020-12-12 0414 RA9AP 599 1 VK4SN 599 195
QSO: 28005 CW 2020-12-12 0518 RA9AP 599 2 4D3X 599 54
QSO: 28036 CW 2020-12-12 0519 RA9AP 599 3 VK4QH 599 235
QSO: 28035 CW 2020-12-12 0520 RA9AP 599 4 RT9A 599 18
QSO: 28027 CW 2020-12-12 0533 RA9AP 599 5 4F3OM 599 54
QSO: 28045 CW 2020-12-12 0536 RA9AP 599 6 DU1WBX 599 32
QSO: 28013 CW 2020-12-12 0542 RA9AP 599 7 DX1SPC 599 59
QSO: 28015 CW 2020-12-12 0548 RA9AP 599 8 4I1EBC 599 68
QSO: 28041 CW 2020-12-12 0549 RA9AP 599 9 VK2IA 599 282
QSO: 28042 CW 2020-12-12 0554 RA9AP 599 10 VK2GR 599 124
QSO: 28018 CW 2020-12-12 0608 RA9AP 599 11 VR2XAN 599 190
QSO: 28010 CW 2020-12-12 0610 RA9AP 599 12 9M6NA 599 135
QSO: 28007 CW 2020-12-12 0619 RA9AP 599 13 RA3RA 599 15
QSO: 28013 CW 2020-12-12 0620 RA9AP 599 14 E21YDP 599 3
QSO: 28034 CW 2020-12-12 0650 RA9AP 599 15 UD4F 599 27
QSO: 28008 CW 2020-12-13 0519 RA9AP 599 16 VR2EH 599 177
QSO: 28032 CW 2020-12-13 0603 RA9AP 599 17 VK6WX 599 38
QSO: 28011 CW 2020-12-13 0626 RA9AP 599 18 UA9BA 599 2
END-OF-LOG: