START-OF-LOG: 3.0
CALLSIGN: DH8BQA
CONTEST: CQ-WW-SSB
CATEGORY-OPERATOR: SINGLE-OP
CATEGORY-ASSISTED: ASSISTED
CATEGORY-BAND: 15M
CATEGORY-POWER: HIGH
CATEGORY-MODE: SSB
CATEGORY-TRANSMITTER: ONE
CATEGORY-OVERLAY:
CLAIMED-SCORE: 384124
NAME: Oliver Droese
LOCATION: DX
CLUB: Bavarian Contest Club
CERTIFICATE: NO
CREATED-BY: N1MM Logger+ 1.0.6858.0
QSO: 21239 PH 2017-10-28 0538 DH8BQA        59  14     RC9A          59  17
QSO: 21205 PH 2017-10-28 0542 DH8BQA        59  14     HS5SRH        59  26
QSO: 21176 PH 2017-10-28 0544 DH8BQA        59  14     UN9LFF        59  17
QSO: 21180 PH 2017-10-28 0544 DH8BQA        59  14     E28AI         59  26
QSO: 21195 PH 2017-10-28 0546 DH8BQA        59  14     UP2L          59  17
QSO: 21212 PH 2017-10-28 0550 DH8BQA        59  14     VU2RCT        59  22
QSO: 21226 PH 2017-10-28 0552 DH8BQA        59  14     JT5DX         59  23
QSO: 21250 PH 2017-10-28 0556 DH8BQA        59  14     4J6R          59  21
QSO: 21278 PH 2017-10-28 0559 DH8BQA        59  14     RT9S          59  16
QSO: 21300 PH 2017-10-28 0605 DH8BQA        59  14     BD7BM         59  24
QSO: 21320 PH 2017-10-28 0606 DH8BQA        59  14     RC6U          59  16
QSO: 21376 PH 2017-10-28 0612 DH8BQA        59  14     YU5R          59  15
QSO: 21215 PH 2017-10-28 0622 DH8BQA        59  14     JH4UYB        59  25
QSO: 21224 PH 2017-10-28 0625 DH8BQA        59  14     C44C          59  20
QSO: 21234 PH 2017-10-28 0627 DH8BQA        59  14     YB1AR         59  28
QSO: 21250 PH 2017-10-28 0628 DH8BQA        59  14     A44A          59  21
QSO: 21274 PH 2017-10-28 0631 DH8BQA        59  14     A73A          59  21
QSO: 21311 PH 2017-10-28 0636 DH8BQA        59  14     JA7NVF        59  25
QSO: 21336 PH 2017-10-28 0639 DH8BQA        59  14     JA5FDJ        59  25
QSO: 21342 PH 2017-10-28 0640 DH8BQA        59  14     JF2QNM        59  25
QSO: 21386 PH 2017-10-28 0646 DH8BQA        59  14     JA3AOP        59  25
QSO: 21185 PH 2017-10-28 0658 DH8BQA        59  14     RZ8U          59  18
QSO: 21201 PH 2017-10-28 0658 DH8BQA        59  14     RJ4P          59  16
QSO: 21206 PH 2017-10-28 0659 DH8BQA        59  14     UA7K          59  16
QSO: 21244 PH 2017-10-28 0700 DH8BQA        59  14     JR2GRX        59  25
QSO: 21235 PH 2017-10-28 0703 DH8BQA        59  14     R7AB          59  16
QSO: 21283 PH 2017-10-28 0704 DH8BQA        59  14     AH0K          59  27
QSO: 21384 PH 2017-10-28 0706 DH8BQA        59  14     YL2GD         59  15
QSO: 21403 PH 2017-10-28 0710 DH8BQA        59  14     UA0SE         59  18
QSO: 21403 PH 2017-10-28 0710 DH8BQA        59  14     JL3RNZ        59  25
QSO: 21403 PH 2017-10-28 0711 DH8BQA        59  14     JH1FNU        59  25
QSO: 21403 PH 2017-10-28 0712 DH8BQA        59  14     JF1OPL        59  25
QSO: 21398 PH 2017-10-28 0714 DH8BQA        59  14     R9FM          59  17
QSO: 21408 PH 2017-10-28 0716 DH8BQA        59  14     JL3MCM        59  25
QSO: 21408 PH 2017-10-28 0718 DH8BQA        59  14     UA9CDC        59  17
QSO: 21418 PH 2017-10-28 0725 DH8BQA        59  14     JR4OZR        59  25
QSO: 21422 PH 2017-10-28 0728 DH8BQA        59  14     JH6QFJ        59  25
QSO: 21422 PH 2017-10-28 0728 DH8BQA        59  14     RK9DC         59  17
QSO: 21422 PH 2017-10-28 0729 DH8BQA        59  14     JR4DAH        59  25
QSO: 21422 PH 2017-10-28 0731 DH8BQA        59  14     UA9SUV/8      59  17
QSO: 21422 PH 2017-10-28 0731 DH8BQA        59  14     UA4M          59  16
QSO: 21422 PH 2017-10-28 0733 DH8BQA        59  14     UP2L          59  17
QSO: 21422 PH 2017-10-28 0735 DH8BQA        59  14     RV9UCN        59  18
QSO: 21422 PH 2017-10-28 0736 DH8BQA        59  14     UA9XMC        59  17
QSO: 21422 PH 2017-10-28 0737 DH8BQA        59  14     JH2DFJ        59  25
QSO: 21422 PH 2017-10-28 0737 DH8BQA        59  14     RA9CCK        59  17
QSO: 21422 PH 2017-10-28 0738 DH8BQA        59  14     JI1KXL        59  25
QSO: 21422 PH 2017-10-28 0738 DH8BQA        59  14     RU9YF         59  18
QSO: 21422 PH 2017-10-28 0740 DH8BQA        59  14     RX9CCJ        59  17
QSO: 21422 PH 2017-10-28 0740 DH8BQA        59  14     RT4W          59  16
QSO: 21422 PH 2017-10-28 0741 DH8BQA        59  14     UA4WGM        59  16
QSO: 21422 PH 2017-10-28 0747 DH8BQA        59  14     RC9AR         59  17
QSO: 21422 PH 2017-10-28 0747 DH8BQA        59  14     UA4PAN        59  16
QSO: 21422 PH 2017-10-28 0749 DH8BQA        59  14     R4WAB         59  16
QSO: 21372 PH 2017-10-28 0750 DH8BQA        59  14     4L0A          59  21
QSO: 21368 PH 2017-10-28 0751 DH8BQA        59  14     SZ5RDS        59  20
QSO: 21365 PH 2017-10-28 0752 DH8BQA        59  14     RA9FEL        59  17
QSO: 21363 PH 2017-10-28 0753 DH8BQA        59  14     JA7ZFN        59  25
QSO: 21353 PH 2017-10-28 0754 DH8BQA        59  14     VK4SDD        59  30
QSO: 21350 PH 2017-10-28 0756 DH8BQA        59  14     DU1HR         59  27
QSO: 21345 PH 2017-10-28 0757 DH8BQA        59  14     8N1T          59  25
QSO: 21343 PH 2017-10-28 0758 DH8BQA        59  14     JA7BME        59  25
QSO: 21343 PH 2017-10-28 0759 DH8BQA        59  14     UN7FW         59  17
QSO: 21343 PH 2017-10-28 0801 DH8BQA        59  14     BG7RCX        59  24
QSO: 21343 PH 2017-10-28 0802 DH8BQA        59  14     RA4CB         59  16
QSO: 21343 PH 2017-10-28 0804 DH8BQA        59  14     R0AS          59  18
QSO: 21343 PH 2017-10-28 0805 DH8BQA        59  14     UA9R          59  17
QSO: 21330 PH 2017-10-28 0807 DH8BQA        59  14     OK5W          59  15
QSO: 21293 PH 2017-10-28 0809 DH8BQA        59  14     B9K           59  23
QSO: 21268 PH 2017-10-28 0811 DH8BQA        59  14     EE7P          59  14
QSO: 21231 PH 2017-10-28 0813 DH8BQA        59  14     ED9E          59  33
QSO: 21225 PH 2017-10-28 0813 DH8BQA        59  14     SV9RGI        59  20
QSO: 21214 PH 2017-10-28 0814 DH8BQA        59  14     UA9TF         59  16
QSO: 21168 PH 2017-10-28 0814 DH8BQA        59  14     CQ3W          59  33
QSO: 21151 PH 2017-10-28 0815 DH8BQA        59  14     JH1GEX        59  25
QSO: 21162 PH 2017-10-28 0816 DH8BQA        59  14     R9VA          59  18
QSO: 21174 PH 2017-10-28 0817 DH8BQA        59  14     EA7ZY         59  14
QSO: 21177 PH 2017-10-28 0818 DH8BQA        59  14     JH4UTP        59  25
QSO: 21181 PH 2017-10-28 0819 DH8BQA        59  14     US5D          59  16
QSO: 21192 PH 2017-10-28 0821 DH8BQA        59  14     UA9URI        59  18
QSO: 21199 PH 2017-10-28 0822 DH8BQA        59  14     UA4ACP        59  16
QSO: 21211 PH 2017-10-28 0823 DH8BQA        59  14     UA4S          59  16
QSO: 21228 PH 2017-10-28 0824 DH8BQA        59  14     RW0A          59  18
QSO: 21303 PH 2017-10-28 0830 DH8BQA        59  14     CN2R          59  33
QSO: 21356 PH 2017-10-28 0833 DH8BQA        59  14     C4A           59  20
QSO: 21358 PH 2017-10-28 0834 DH8BQA        59  14     BM0DX         59  24
QSO: 21360 PH 2017-10-28 0834 DH8BQA        59  14     CR6T          59  14
QSO: 21377 PH 2017-10-28 0836 DH8BQA        59  14     CN2AA         59  33
QSO: 21400 PH 2017-10-28 0839 DH8BQA        59  14     RM4HZ         59  16
QSO: 21405 PH 2017-10-28 0840 DH8BQA        59  14     SQ9UM         59  15
QSO: 21435 PH 2017-10-28 0845 DH8BQA        59  14     OL0M          59  15
QSO: 21424 PH 2017-10-28 0845 DH8BQA        59  14     VR20ZQZ       59  24
QSO: 21369 PH 2017-10-28 0846 DH8BQA        59  14     AH2R          59  27
QSO: 21345 PH 2017-10-28 0847 DH8BQA        59  14     UA0SR         59  18
QSO: 21324 PH 2017-10-28 0850 DH8BQA        59  14     5T2AI         59  35
QSO: 21387 PH 2017-10-28 0851 DH8BQA        59  14     D4Z           59  35
QSO: 21354 PH 2017-10-28 0852 DH8BQA        59  14     HZ1HZ         59  21
QSO: 21288 PH 2017-10-28 0853 DH8BQA        59  14     A5A           59  22
QSO: 21260 PH 2017-10-28 0854 DH8BQA        59  14     EF7T          59  14
QSO: 21221 PH 2017-10-28 0857 DH8BQA        59  14     A61FK         59  21
QSO: 21154 PH 2017-10-28 0859 DH8BQA        59  14     VK9CZ         59  29
QSO: 21395 PH 2017-10-28 0903 DH8BQA        59  14     4S7BHG        59  22
QSO: 21240 PH 2017-10-28 0905 DH8BQA        59  14     XU7AJA        59  26
QSO: 21348 PH 2017-10-28 0907 DH8BQA        59  14     IO2X          59  15
QSO: 21412 PH 2017-10-28 0912 DH8BQA        59  14     RT9YT         59  18
QSO: 21412 PH 2017-10-28 0914 DH8BQA        59  14     VK5GR         59  30
QSO: 21412 PH 2017-10-28 0914 DH8BQA        59  14     UR6IJ         59  16
QSO: 21412 PH 2017-10-28 0916 DH8BQA        59  14     RA9UAD        59  18
QSO: 21412 PH 2017-10-28 0918 DH8BQA        59  14     ZL2AJ         59  32
QSO: 21412 PH 2017-10-28 0918 DH8BQA        59  14     BH4LGE        59  24
QSO: 21412 PH 2017-10-28 0922 DH8BQA        59  14     E28AD         59  26
QSO: 21412 PH 2017-10-28 0924 DH8BQA        59  14     RW4HFH        59  16
QSO: 21412 PH 2017-10-28 0925 DH8BQA        59  14     RA0AY         59  18
QSO: 21208 PH 2017-10-28 0929 DH8BQA        59  14     YM7KA         59  20
QSO: 21445 PH 2017-10-28 0930 DH8BQA        59  14     OD5ZZ         59  20
QSO: 21313 PH 2017-10-28 0931 DH8BQA        59  14     DF0HQ         59  14
QSO: 21234 PH 2017-10-28 0932 DH8BQA        59  14     ZX5J          59  11
QSO: 21307 PH 2017-10-28 0933 DH8BQA        59  14     ED7R          59  14
QSO: 21392 PH 2017-10-28 0934 DH8BQA        59  14     IT9XTP        59  15
QSO: 21315 PH 2017-10-28 0935 DH8BQA        59  14     PA6DX         59  14
QSO: 21296 PH 2017-10-28 0936 DH8BQA        59  14     IO9A          59  15
QSO: 21280 PH 2017-10-28 0938 DH8BQA        59  14     ET3AA         59  37
QSO: 21300 PH 2017-10-28 0939 DH8BQA        59  14     SZ3P          59  20
QSO: 21258 PH 2017-10-28 0940 DH8BQA        59  14     ES9C          59  15
QSO: 21352 PH 2017-10-28 0940 DH8BQA        59  14     LX7I          59  14
QSO: 21274 PH 2017-10-28 0941 DH8BQA        59  14     PP5JN         59  11
QSO: 21291 PH 2017-10-28 0942 DH8BQA        59  14     CR3A          59  33
QSO: 21242 PH 2017-10-28 0942 DH8BQA        59  14     CN3A          59  33
QSO: 21431 PH 2017-10-28 0943 DH8BQA        59  14     A92GR         59  21
QSO: 21338 PH 2017-10-28 0944 DH8BQA        59  14     HZ1BW         59  21
QSO: 21337 PH 2017-10-28 0944 DH8BQA        59  14     HZ1DG         59  21
QSO: 21327 PH 2017-10-28 0944 DH8BQA        59  14     A61SM         59  21
QSO: 21283 PH 2017-10-28 0945 DH8BQA        59  14     A61QQ         59  21
QSO: 21145 PH 2017-10-28 0945 DH8BQA        59  14     9K2HN         59  21
QSO: 21164 PH 2017-10-28 0946 DH8BQA        59  14     H2T           59  20
QSO: 21161 PH 2017-10-28 0949 DH8BQA        59  14     HS0ZCW        59  26
QSO: 21201 PH 2017-10-28 0950 DH8BQA        59  14     RM1Q          59  16
QSO: 21158 PH 2017-10-28 0950 DH8BQA        59  14     RT9L          59  17
QSO: 21187 PH 2017-10-28 0951 DH8BQA        59  14     RV3FF         59  16
QSO: 21160 PH 2017-10-28 0952 DH8BQA        59  14     R4BZ          59  16
QSO: 21251 PH 2017-10-28 0953 DH8BQA        59  14     UY7MM         59  16
QSO: 21299 PH 2017-10-28 0953 DH8BQA        59  14     RY6Y          59  16
QSO: 21266 PH 2017-10-28 0954 DH8BQA        59  14     TC0F          59  20
QSO: 21156 PH 2017-10-28 0955 DH8BQA        59  14     9H6A          59  15
QSO: 21346 PH 2017-10-28 0956 DH8BQA        59  14     EA9KB         59  33
QSO: 21271 PH 2017-10-28 0957 DH8BQA        59  14     EF8R          59  33
QSO: 21405 PH 2017-10-28 0957 DH8BQA        59  14     CX2DK         59  13
QSO: 21230 PH 2017-10-28 0958 DH8BQA        59  14     PR7AA         59  11
QSO: 21401 PH 2017-10-28 0959 DH8BQA        59  14     RA1QD         59  16
QSO: 21416 PH 2017-10-28 1000 DH8BQA        59  14     RM3F          59  16
QSO: 21206 PH 2017-10-28 1000 DH8BQA        59  14     RT6A          59  16
QSO: 21221 PH 2017-10-28 1001 DH8BQA        59  14     R0AA          59  18
QSO: 21321 PH 2017-10-28 1003 DH8BQA        59  14     OK1NP         59  15
QSO: 21183 PH 2017-10-28 1005 DH8BQA        59  14     RM3DA         59  16
QSO: 21248 PH 2017-10-28 1008 DH8BQA        59  14     CV7S          59  13
QSO: 21420 PH 2017-10-28 1008 DH8BQA        59  14     ZZ2T          59  11
QSO: 21343 PH 2017-10-28 1010 DH8BQA        59  14     SV9COL        59  20
QSO: 21350 PH 2017-10-28 1011 DH8BQA        59  14     IZ7ZKV        59  15
QSO: 21181 PH 2017-10-28 1011 DH8BQA        59  14     IR9W          59  15
QSO: 21390 PH 2017-10-28 1012 DH8BQA        59  14     SZ4KRD        59  20
QSO: 21440 PH 2017-10-28 1014 DH8BQA        59  14     P29LL         59  28
QSO: 21449 PH 2017-10-28 1015 DH8BQA        59  14     UN7LAN        59  17
QSO: 21302 PH 2017-10-28 1017 DH8BQA        59  14     EF5I          59  14
QSO: 21410 PH 2017-10-28 1017 DH8BQA        59  14     LT1F          59  13
QSO: 21383 PH 2017-10-28 1017 DH8BQA        59  14     PY2KJ         59  11
QSO: 21340 PH 2017-10-28 1020 DH8BQA        59  14     LB1AH         59  14
QSO: 21423 PH 2017-10-28 1047 DH8BQA        59  14     ZV5O          59  11
QSO: 21427 PH 2017-10-28 1047 DH8BQA        59  14     ZB2TT         59  14
QSO: 21414 PH 2017-10-28 1048 DH8BQA        59  14     LU7DH         59  13
QSO: 21414 PH 2017-10-28 1049 DH8BQA        59  14     PY2UD         59  11
QSO: 21414 PH 2017-10-28 1050 DH8BQA        59  14     SP2KPD        59  15
QSO: 21414 PH 2017-10-28 1051 DH8BQA        59  14     ZY2A          59  11
QSO: 21414 PH 2017-10-28 1051 DH8BQA        59  14     RV9UP         59  18
QSO: 21414 PH 2017-10-28 1051 DH8BQA        59  14     EA1YG         59  14
QSO: 21414 PH 2017-10-28 1054 DH8BQA        59  14     EE1B          59  14
QSO: 21414 PH 2017-10-28 1054 DH8BQA        59  14     RA3BL         59  16
QSO: 21414 PH 2017-10-28 1055 DH8BQA        59  14     UX0LL         59  16
QSO: 21414 PH 2017-10-28 1056 DH8BQA        59  14     CR5T          59  14
QSO: 21414 PH 2017-10-28 1057 DH8BQA        59  14     PY2TOP        59  11
QSO: 21414 PH 2017-10-28 1059 DH8BQA        59  14     PY1NS         59  11
QSO: 21414 PH 2017-10-28 1059 DH8BQA        59  14     EA4ETN        59  14
QSO: 21414 PH 2017-10-28 1101 DH8BQA        59  14     EA4DXP        59  14
QSO: 21414 PH 2017-10-28 1101 DH8BQA        59  14     S53M          59  15
QSO: 21414 PH 2017-10-28 1102 DH8BQA        59  14     CS7AFI/P      59  14
QSO: 21414 PH 2017-10-28 1102 DH8BQA        59  14     PY1ON         59  11
QSO: 21414 PH 2017-10-28 1103 DH8BQA        59  14     IU4AZC        59  15
QSO: 21317 PH 2017-10-28 1104 DH8BQA        59  14     LY7Z          59  15
QSO: 21257 PH 2017-10-28 1106 DH8BQA        59  14     TM6M          59  14
QSO: 21269 PH 2017-10-28 1108 DH8BQA        59  14     PJ2T          59  09
QSO: 21151 PH 2017-10-28 1110 DH8BQA        59  14     LZ9V          59  20
QSO: 21424 PH 2017-10-28 1111 DH8BQA        59  14     IS0BSR        59  15
QSO: 21219 PH 2017-10-28 1113 DH8BQA        59  14     ZV2C          59  11
QSO: 21217 PH 2017-10-28 1113 DH8BQA        59  14     PX2A          59  11
QSO: 21299 PH 2017-10-28 1113 DH8BQA        59  14     PQ5B          59  11
QSO: 21277 PH 2017-10-28 1114 DH8BQA        59  14     EB1DJ         59  14
QSO: 21400 PH 2017-10-28 1115 DH8BQA        59  14     LU3DX         59  13
QSO: 21275 PH 2017-10-28 1116 DH8BQA        59  14     CR6K          59  14
QSO: 21362 PH 2017-10-28 1118 DH8BQA        59  14     OG3MS         59  15
QSO: 21415 PH 2017-10-28 1119 DH8BQA        59  14     SK3W          59  14
QSO: 21217 PH 2017-10-28 1120 DH8BQA        59  14     4X1IM         59  20
QSO: 21256 PH 2017-10-28 1124 DH8BQA        59  14     CU4DX         59  14
QSO: 21222 PH 2017-10-28 1125 DH8BQA        59  14     PZ5K          59  09
QSO: 21286 PH 2017-10-28 1125 DH8BQA        59  14     9Y4D          59  09
QSO: 21243 PH 2017-10-28 1132 DH8BQA        59  14     9A7A          59  15
QSO: 21127 PH 2017-10-28 1132 DH8BQA        59  14     8P5A          59  08
QSO: 21331 PH 2017-10-28 1138 DH8BQA        59  14     YV4YC         59  09
QSO: 21204 PH 2017-10-28 1141 DH8BQA        59  14     W3LPL         59  05
QSO: 21202 PH 2017-10-28 1142 DH8BQA        59  14     W2RE          59  05
QSO: 21324 PH 2017-10-28 1143 DH8BQA        59  14     K1ZZ          59  05
QSO: 21330 PH 2017-10-28 1144 DH8BQA        59  14     HI8JSG        59  08
QSO: 21265 PH 2017-10-28 1145 DH8BQA        59  14     N4BP          59  05
QSO: 21190 PH 2017-10-28 1148 DH8BQA        59  14     P49Y          59  09
QSO: 21351 PH 2017-10-28 1150 DH8BQA        59  14     AA1ON         59  05
QSO: 21211 PH 2017-10-28 1152 DH8BQA        59  14     HZ1FI         59  21
QSO: 21415 PH 2017-10-28 1153 DH8BQA        59  14     RU5A          59  16
QSO: 21198 PH 2017-10-28 1154 DH8BQA        59  14     LZ5R          59  20
QSO: 21335 PH 2017-10-28 1154 DH8BQA        59  14     ED5W          59  14
QSO: 21337 PH 2017-10-28 1155 DH8BQA        59  14     EC2DX         59  14
QSO: 21398 PH 2017-10-28 1155 DH8BQA        59  14     EA5KV         59  14
QSO: 21245 PH 2017-10-28 1156 DH8BQA        59  14     PY1GQ         59  11
QSO: 21426 PH 2017-10-28 1156 DH8BQA        59  14     PY4RGS        59  11
QSO: 21385 PH 2017-10-28 1157 DH8BQA        59  14     PR1T          59  11
QSO: 21335 PH 2017-10-28 1157 DH8BQA        59  14     PY5WW         59  11
QSO: 21157 PH 2017-10-28 1158 DH8BQA        59  14     LQ0D          59  13
QSO: 21251 PH 2017-10-28 1158 DH8BQA        59  14     FY5KE         59  09
QSO: 21295 PH 2017-10-28 1159 DH8BQA        59  14     PJ4G          59  09
QSO: 21342 PH 2017-10-28 1200 DH8BQA        59  14     OM3BH         59  15
QSO: 21316 PH 2017-10-28 1207 DH8BQA        59  14     CO6LC         59  08
QSO: 21299 PH 2017-10-28 1209 DH8BQA        59  14     N2MM          59  05
QSO: 21311 PH 2017-10-28 1210 DH8BQA        59  14     HC0E          59  10
QSO: 21287 PH 2017-10-28 1211 DH8BQA        59  14     W1NA          59  05
QSO: 21223 PH 2017-10-28 1211 DH8BQA        59  14     K1RX          59  05
QSO: 21214 PH 2017-10-28 1212 DH8BQA        59  14     KC1XX         59  05
QSO: 21237 PH 2017-10-28 1213 DH8BQA        59  14     KQ2M          59  05
QSO: 21235 PH 2017-10-28 1213 DH8BQA        59  14     K1DG          59  05
QSO: 21308 PH 2017-10-28 1214 DH8BQA        59  14     CO6HLP        59  08
QSO: 21334 PH 2017-10-28 1215 DH8BQA        59  14     HB9H          59  14
QSO: 21411 PH 2017-10-28 1216 DH8BQA        59  14     NR3X          59  05
QSO: 21427 PH 2017-10-28 1217 DH8BQA        59  14     W1CSM         59  05
QSO: 21434 PH 2017-10-28 1217 DH8BQA        59  14     AA3B          59  05
QSO: 21146 PH 2017-10-28 1218 DH8BQA        59  14     VE9CB         59  05
QSO: 21135 PH 2017-10-28 1219 DH8BQA        59  14     FR4QT         59  39
QSO: 21259 PH 2017-10-28 1219 DH8BQA        59  14     ZS2PE         59  38
QSO: 21421 PH 2017-10-28 1221 DH8BQA        59  14     OK7Z          59  15
QSO: 21426 PH 2017-10-28 1222 DH8BQA        59  14     N3AD          59  05
QSO: 21447 PH 2017-10-28 1223 DH8BQA        59  14     N8II          59  05
QSO: 21414 PH 2017-10-28 1224 DH8BQA        59  14     OH0X          59  15
QSO: 21407 PH 2017-10-28 1224 DH8BQA        59  14     KU2M          59  05
QSO: 21385 PH 2017-10-28 1225 DH8BQA        59  14     N5DX          59  05
QSO: 21372 PH 2017-10-28 1226 DH8BQA        59  14     N3RS          59  05
QSO: 21317 PH 2017-10-28 1230 DH8BQA        59  14     DL4YAO        59  14
QSO: 21317 PH 2017-10-28 1231 DH8BQA        59  14     N9NC          59  05
QSO: 21293 PH 2017-10-28 1235 DH8BQA        59  14     EU1WW         59  16
QSO: 21271 PH 2017-10-28 1236 DH8BQA        59  14     VE2IDX        59  02
QSO: 21261 PH 2017-10-28 1236 DH8BQA        59  14     K3WW          59  05
QSO: 21248 PH 2017-10-28 1239 DH8BQA        59  14     FM5BH         59  08
QSO: 21329 PH 2017-10-28 1240 DH8BQA        59  14     NP4AW         59  08
QSO: 21289 PH 2017-10-28 1240 DH8BQA        59  14     VP2MDG        59  08
QSO: 21417 PH 2017-10-28 1241 DH8BQA        59  14     K0EJ          59  04
QSO: 21435 PH 2017-10-28 1242 DH8BQA        59  14     W1WEF         59  05
QSO: 21440 PH 2017-10-28 1243 DH8BQA        59  14     VE9ML         59  05
QSO: 21440 PH 2017-10-28 1243 DH8BQA        59  14     PC2T          59  14
QSO: 21440 PH 2017-10-28 1244 DH8BQA        59  14     PA0AA         59  14
QSO: 21440 PH 2017-10-28 1245 DH8BQA        59  14     WA2C          59  05
QSO: 21440 PH 2017-10-28 1245 DH8BQA        59  14     K7ICE         59  05
QSO: 21440 PH 2017-10-28 1246 DH8BQA        59  14     W3MMM         59  05
QSO: 21440 PH 2017-10-28 1247 DH8BQA        59  14     K1VSJ         59  05
QSO: 21440 PH 2017-10-28 1248 DH8BQA        59  14     HP2BWJ        59  07
QSO: 21440 PH 2017-10-28 1250 DH8BQA        59  14     OK1XC         59  15
QSO: 21440 PH 2017-10-28 1251 DH8BQA        59  14     DJ7UC         59  14
QSO: 21440 PH 2017-10-28 1251 DH8BQA        59  14     DL1WA         59  14
QSO: 21440 PH 2017-10-28 1252 DH8BQA        59  14     N4LA          59  05
QSO: 21440 PH 2017-10-28 1254 DH8BQA        59  14     W4WNT         59  05
QSO: 21440 PH 2017-10-28 1257 DH8BQA        59  14     DL1ALN        59  14
QSO: 21440 PH 2017-10-28 1257 DH8BQA        59  14     K1CN          59  05
QSO: 21440 PH 2017-10-28 1257 DH8BQA        59  14     VA3TIC        59  04
QSO: 21440 PH 2017-10-28 1259 DH8BQA        59  14     DD5MA         59  14
QSO: 21440 PH 2017-10-28 1259 DH8BQA        59  14     WJ2D          59  05
QSO: 21440 PH 2017-10-28 1259 DH8BQA        59  14     KM4TC         59  05
QSO: 21440 PH 2017-10-28 1300 DH8BQA        59  14     W1AEC         59  05
QSO: 21440 PH 2017-10-28 1300 DH8BQA        59  14     VY2GF         59  05
QSO: 21440 PH 2017-10-28 1300 DH8BQA        59  14     KE4REJ        59  05
QSO: 21440 PH 2017-10-28 1301 DH8BQA        59  14     K4BBH         59  05
QSO: 21440 PH 2017-10-28 1301 DH8BQA        59  14     KS1J          59  05
QSO: 21440 PH 2017-10-28 1301 DH8BQA        59  14     VA3DF         59  04
QSO: 21440 PH 2017-10-28 1301 DH8BQA        59  14     KC2RH         59  05
QSO: 21440 PH 2017-10-28 1302 DH8BQA        59  14     N4OX          59  05
QSO: 21440 PH 2017-10-28 1302 DH8BQA        59  14     AA9A          59  04
QSO: 21440 PH 2017-10-28 1302 DH8BQA        59  14     WW4LL         59  05
QSO: 21440 PH 2017-10-28 1303 DH8BQA        59  14     W1HS          59  05
QSO: 21440 PH 2017-10-28 1304 DH8BQA        59  14     OK6AA         59  15
QSO: 21440 PH 2017-10-28 1305 DH8BQA        59  14     RA3W          59  16
QSO: 21440 PH 2017-10-28 1305 DH8BQA        59  14     EA1NO         59  14
QSO: 21440 PH 2017-10-28 1308 DH8BQA        59  14     WG4P          59  05
QSO: 21440 PH 2017-10-28 1311 DH8BQA        59  14     N4XL          59  05
QSO: 21440 PH 2017-10-28 1311 DH8BQA        59  14     K5EK          59  05
QSO: 21440 PH 2017-10-28 1311 DH8BQA        59  14     N6AR          59  05
QSO: 21440 PH 2017-10-28 1313 DH8BQA        59  14     KC1CRS        59  05
QSO: 21440 PH 2017-10-28 1314 DH8BQA        59  14     VO1BQ         59  05
QSO: 21440 PH 2017-10-28 1314 DH8BQA        59  14     K5XU          59  04
QSO: 21440 PH 2017-10-28 1315 DH8BQA        59  14     WX1S          59  05
QSO: 21440 PH 2017-10-28 1315 DH8BQA        59  14     KR6FH         59  05
QSO: 21440 PH 2017-10-28 1316 DH8BQA        59  14     K9CT          59  04
QSO: 21440 PH 2017-10-28 1317 DH8BQA        59  14     SP1JQJ        59  15
QSO: 21440 PH 2017-10-28 1317 DH8BQA        59  14     WA1TAC        59  05
QSO: 21440 PH 2017-10-28 1319 DH8BQA        59  14     N4RA          59  05
QSO: 21440 PH 2017-10-28 1320 DH8BQA        59  14     W1GD          59  05
QSO: 21440 PH 2017-10-28 1321 DH8BQA        59  14     G8GFF         59  14
QSO: 21440 PH 2017-10-28 1322 DH8BQA        59  14     N1API         59  05
QSO: 21440 PH 2017-10-28 1323 DH8BQA        59  14     W3MF          59  05
QSO: 21440 PH 2017-10-28 1324 DH8BQA        59  14     K1KI          59  05
QSO: 21440 PH 2017-10-28 1324 DH8BQA        59  14     K3SU          59  05
QSO: 21440 PH 2017-10-28 1324 DH8BQA        59  14     WT5L          59  05
QSO: 21440 PH 2017-10-28 1326 DH8BQA        59  14     KM4HI         59  05
QSO: 21440 PH 2017-10-28 1326 DH8BQA        59  14     F5BBD         59  14
QSO: 21440 PH 2017-10-28 1326 DH8BQA        59  14     K8ZF          59  04
QSO: 21440 PH 2017-10-28 1327 DH8BQA        59  14     W8PR          59  04
QSO: 21440 PH 2017-10-28 1327 DH8BQA        59  14     HI3K          59  08
QSO: 21440 PH 2017-10-28 1328 DH8BQA        59  14     K3MD          59  05
QSO: 21440 PH 2017-10-28 1328 DH8BQA        59  14     K3LR          59  05
QSO: 21440 PH 2017-10-28 1329 DH8BQA        59  14     WA4PKL        59  05
QSO: 21440 PH 2017-10-28 1329 DH8BQA        59  14     WY3A          59  05
QSO: 21440 PH 2017-10-28 1329 DH8BQA        59  14     N3ZA          59  05
QSO: 21440 PH 2017-10-28 1330 DH8BQA        59  14     EA5LH         59  14
QSO: 21440 PH 2017-10-28 1330 DH8BQA        59  14     K2PLF         59  05
QSO: 21440 PH 2017-10-28 1331 DH8BQA        59  14     K3WJV         59  05
QSO: 21440 PH 2017-10-28 1331 DH8BQA        59  14     N2LBR         59  05
QSO: 21440 PH 2017-10-28 1332 DH8BQA        59  14     KR2Q          59  05
QSO: 21440 PH 2017-10-28 1333 DH8BQA        59  14     K2AX          59  05
QSO: 21440 PH 2017-10-28 1334 DH8BQA        59  14     W4ZAO         59  05
QSO: 21440 PH 2017-10-28 1334 DH8BQA        59  14     DL1NKS        59  14
QSO: 21440 PH 2017-10-28 1335 DH8BQA        59  14     K1BX          59  05
QSO: 21440 PH 2017-10-28 1336 DH8BQA        59  14     KB1DK         59  05
QSO: 21440 PH 2017-10-28 1336 DH8BQA        59  14     NN3Q          59  05
QSO: 21440 PH 2017-10-28 1336 DH8BQA        59  14     N4WO          59  05
QSO: 21440 PH 2017-10-28 1336 DH8BQA        59  14     W9RE          59  04
QSO: 21440 PH 2017-10-28 1337 DH8BQA        59  14     EA5/LN2G      59  14
QSO: 21440 PH 2017-10-28 1337 DH8BQA        59  14     NE3F          59  05
QSO: 21440 PH 2017-10-28 1338 DH8BQA        59  14     NR2H          59  05
QSO: 21440 PH 2017-10-28 1338 DH8BQA        59  14     W3OA          59  05
QSO: 21440 PH 2017-10-28 1338 DH8BQA        59  14     K3IE          59  04
QSO: 21440 PH 2017-10-28 1339 DH8BQA        59  14     K2EP          59  05
QSO: 21440 PH 2017-10-28 1339 DH8BQA        59  14     AB3CX         59  05
QSO: 21440 PH 2017-10-28 1340 DH8BQA        59  14     WA1DRQ        59  05
QSO: 21440 PH 2017-10-28 1340 DH8BQA        59  14     3Z1K          59  15
QSO: 21440 PH 2017-10-28 1341 DH8BQA        59  14     N4PQX         59  05
QSO: 21440 PH 2017-10-28 1342 DH8BQA        59  14     N3TD          59  05
QSO: 21440 PH 2017-10-28 1342 DH8BQA        59  14     SK7K          59  14
QSO: 21440 PH 2017-10-28 1343 DH8BQA        59  14     WU0B          59  05
QSO: 21440 PH 2017-10-28 1343 DH8BQA        59  14     K2XR          59  05
QSO: 21440 PH 2017-10-28 1345 DH8BQA        59  14     WF7T          59  04
QSO: 21440 PH 2017-10-28 1345 DH8BQA        59  14     KB1FRK        59  05
QSO: 21440 PH 2017-10-28 1346 DH8BQA        59  14     WA3F          59  05
QSO: 21440 PH 2017-10-28 1346 DH8BQA        59  14     WK1J          59  05
QSO: 21440 PH 2017-10-28 1346 DH8BQA        59  14     WA2WGF        59  05
QSO: 21440 PH 2017-10-28 1346 DH8BQA        59  14     NU1O          59  05
QSO: 21440 PH 2017-10-28 1347 DH8BQA        59  14     SM5Q          59  14
QSO: 21440 PH 2017-10-28 1348 DH8BQA        59  14     N4JG          59  05
QSO: 21440 PH 2017-10-28 1349 DH8BQA        59  14     KA3YJU        59  05
QSO: 21440 PH 2017-10-28 1350 DH8BQA        59  14     W3EP          59  05
QSO: 21440 PH 2017-10-28 1351 DH8BQA        59  14     WB3FBL        59  05
QSO: 21440 PH 2017-10-28 1351 DH8BQA        59  14     VE3MH         59  04
QSO: 21440 PH 2017-10-28 1353 DH8BQA        59  14     NU4Y          59  05
QSO: 21440 PH 2017-10-28 1355 DH8BQA        59  14     K3ZO          59  05
QSO: 21440 PH 2017-10-28 1356 DH8BQA        59  14     N3FJP         59  05
QSO: 21440 PH 2017-10-28 1357 DH8BQA        59  14     W3OU          59  05
QSO: 21440 PH 2017-10-28 1357 DH8BQA        59  14     VE3CR         59  04
QSO: 21440 PH 2017-10-28 1358 DH8BQA        59  14     YO7SR         59  20
QSO: 21440 PH 2017-10-28 1358 DH8BQA        59  14     K3TC          59  05
QSO: 21440 PH 2017-10-28 1359 DH8BQA        59  14     K3CWF         59  05
QSO: 21440 PH 2017-10-28 1401 DH8BQA        59  14     DL2BQV        59  14
QSO: 21440 PH 2017-10-28 1402 DH8BQA        59  14     KE4YOG        59  05
QSO: 21440 PH 2017-10-28 1402 DH8BQA        59  14     W3FV          59  05
QSO: 21440 PH 2017-10-28 1403 DH8BQA        59  14     KY3W          59  05
QSO: 21440 PH 2017-10-28 1403 DH8BQA        59  14     NG3R          59  05
QSO: 21440 PH 2017-10-28 1404 DH8BQA        59  14     W2AW          59  05
QSO: 21440 PH 2017-10-28 1404 DH8BQA        59  14     KB4IUJ        59  05
QSO: 21440 PH 2017-10-28 1406 DH8BQA        59  14     W1GKT         59  04
QSO: 21440 PH 2017-10-28 1406 DH8BQA        59  14     ND2O          59  05
QSO: 21440 PH 2017-10-28 1408 DH8BQA        59  14     OH6QU         59  15
QSO: 21440 PH 2017-10-28 1409 DH8BQA        59  14     W2CCC         59  05
QSO: 21440 PH 2017-10-28 1410 DH8BQA        59  14     WA2VUM        59  05
QSO: 21440 PH 2017-10-28 1410 DH8BQA        59  14     W3FIZ         59  05
QSO: 21440 PH 2017-10-28 1410 DH8BQA        59  14     W4JAM         59  05
QSO: 21440 PH 2017-10-28 1411 DH8BQA        59  14     N2FF          59  05
QSO: 21440 PH 2017-10-28 1412 DH8BQA        59  14     4X1EL         59  20
QSO: 21440 PH 2017-10-28 1412 DH8BQA        59  14     WB2P          59  05
QSO: 21440 PH 2017-10-28 1412 DH8BQA        59  14     DL1EJA        59  14
QSO: 21440 PH 2017-10-28 1413 DH8BQA        59  14     KC3MRT        59  05
QSO: 21440 PH 2017-10-28 1413 DH8BQA        59  14     WG3C          59  05
QSO: 21440 PH 2017-10-28 1414 DH8BQA        59  14     K2RET         59  05
QSO: 21440 PH 2017-10-28 1415 DH8BQA        59  14     DL5AXX        59  14
QSO: 21440 PH 2017-10-28 1415 DH8BQA        59  14     K2TV          59  05
QSO: 21440 PH 2017-10-28 1417 DH8BQA        59  14     KM4TFG        59  05
QSO: 21440 PH 2017-10-28 1417 DH8BQA        59  14     K3KO          59  05
QSO: 21440 PH 2017-10-28 1417 DH8BQA        59  14     NC4AZ         59  05
QSO: 21440 PH 2017-10-28 1417 DH8BQA        59  14     W2CG          59  05
QSO: 21440 PH 2017-10-28 1418 DH8BQA        59  14     K3URT         59  05
QSO: 21440 PH 2017-10-28 1418 DH8BQA        59  14     VA2AGW        59  05
QSO: 21440 PH 2017-10-28 1419 DH8BQA        59  14     AE2JL         59  05
QSO: 21440 PH 2017-10-28 1420 DH8BQA        59  14     WB2WPM        59  05
QSO: 21440 PH 2017-10-28 1420 DH8BQA        59  14     KJ4YQK        59  05
QSO: 21440 PH 2017-10-28 1422 DH8BQA        59  14     KC5SDY        59  04
QSO: 21440 PH 2017-10-28 1423 DH8BQA        59  14     K4JLD         59  05
QSO: 21440 PH 2017-10-28 1423 DH8BQA        59  14     N8MWK         59  04
QSO: 21440 PH 2017-10-28 1423 DH8BQA        59  14     K1RV          59  05
QSO: 21440 PH 2017-10-28 1423 DH8BQA        59  14     K5LLA         59  04
QSO: 21440 PH 2017-10-28 1424 DH8BQA        59  14     N3ED          59  05
QSO: 21440 PH 2017-10-28 1424 DH8BQA        59  14     WA2FZB        59  05
QSO: 21440 PH 2017-10-28 1424 DH8BQA        59  14     K2YGM         59  05
QSO: 21440 PH 2017-10-28 1424 DH8BQA        59  14     N4EK          59  05
QSO: 21440 PH 2017-10-28 1425 DH8BQA        59  14     K3OO          59  05
QSO: 21440 PH 2017-10-28 1425 DH8BQA        59  14     IO5O          59  15
QSO: 21440 PH 2017-10-28 1426 DH8BQA        59  14     K3WI          59  05
QSO: 21440 PH 2017-10-28 1426 DH8BQA        59  14     VE9MY         59  05
QSO: 21440 PH 2017-10-28 1426 DH8BQA        59  14     W6LFB         59  04
QSO: 21440 PH 2017-10-28 1427 DH8BQA        59  14     KE1IH         59  05
QSO: 21440 PH 2017-10-28 1427 DH8BQA        59  14     N5AW          59  04
QSO: 21440 PH 2017-10-28 1428 DH8BQA        59  14     AA4R          59  05
QSO: 21440 PH 2017-10-28 1429 DH8BQA        59  14     N4MM          59  05
QSO: 21440 PH 2017-10-28 1429 DH8BQA        59  14     AC4G          59  04
QSO: 21440 PH 2017-10-28 1429 DH8BQA        59  14     K2CYE         59  05
QSO: 21440 PH 2017-10-28 1430 DH8BQA        59  14     WD5HJF        59  04
QSO: 21440 PH 2017-10-28 1430 DH8BQA        59  14     K4KAY         59  05
QSO: 21440 PH 2017-10-28 1430 DH8BQA        59  14     N4UP          59  05
QSO: 21440 PH 2017-10-28 1430 DH8BQA        59  14     W1HIS         59  05
QSO: 21440 PH 2017-10-28 1431 DH8BQA        59  14     NT5V          59  04
QSO: 21440 PH 2017-10-28 1431 DH8BQA        59  14     K0BJ          59  04
QSO: 21440 PH 2017-10-28 1432 DH8BQA        59  14     AD5XD         59  04
QSO: 21440 PH 2017-10-28 1433 DH8BQA        59  14     K5UA          59  04
QSO: 21440 PH 2017-10-28 1434 DH8BQA        59  14     W5TMC         59  04
QSO: 21440 PH 2017-10-28 1434 DH8BQA        59  14     K1RH          59  05
QSO: 21440 PH 2017-10-28 1435 DH8BQA        59  14     SY1BFI        59  20
QSO: 21440 PH 2017-10-28 1435 DH8BQA        59  14     W3ALG         59  05
QSO: 21440 PH 2017-10-28 1435 DH8BQA        59  14     KF5VDX        59  04
QSO: 21440 PH 2017-10-28 1436 DH8BQA        59  14     KA2KON        59  05
QSO: 21440 PH 2017-10-28 1436 DH8BQA        59  14     DF2LH         59  14
QSO: 21440 PH 2017-10-28 1436 DH8BQA        59  14     WA3WNT        59  05
QSO: 21440 PH 2017-10-28 1437 DH8BQA        59  14     K2RB          59  05
QSO: 21440 PH 2017-10-28 1437 DH8BQA        59  14     LZ7A          59  20
QSO: 21440 PH 2017-10-28 1438 DH8BQA        59  14     IZ1KGY        59  15
QSO: 21440 PH 2017-10-28 1438 DH8BQA        59  14     W4LID         59  04
QSO: 21440 PH 2017-10-28 1439 DH8BQA        59  14     W1CTN         59  05
QSO: 21440 PH 2017-10-28 1439 DH8BQA        59  14     EB5CS         59  14
QSO: 21440 PH 2017-10-28 1439 DH8BQA        59  14     WA3A          59  05
QSO: 21440 PH 2017-10-28 1439 DH8BQA        59  14     K1BZ          59  05
QSO: 21440 PH 2017-10-28 1439 DH8BQA        59  14     WA2QAU        59  05
QSO: 21440 PH 2017-10-28 1441 DH8BQA        59  14     KD2INN        59  05
QSO: 21440 PH 2017-10-28 1441 DH8BQA        59  14     IQ5ZP         59  15
QSO: 21440 PH 2017-10-28 1441 DH8BQA        59  14     EA4CU         59  14
QSO: 21440 PH 2017-10-28 1442 DH8BQA        59  14     W1FM          59  05
QSO: 21440 PH 2017-10-28 1442 DH8BQA        59  14     W1NT          59  05
QSO: 21440 PH 2017-10-28 1442 DH8BQA        59  14     W2YE          59  05
QSO: 21440 PH 2017-10-28 1443 DH8BQA        59  14     TF8KY         59  40
QSO: 21440 PH 2017-10-28 1444 DH8BQA        59  14     N8LCU         59  04
QSO: 21440 PH 2017-10-28 1444 DH8BQA        59  14     F4FTA         59  14
QSO: 21440 PH 2017-10-28 1444 DH8BQA        59  14     KK7JS         59  04
QSO: 21440 PH 2017-10-28 1445 DH8BQA        59  14     CO2VDD        59  08
QSO: 21440 PH 2017-10-28 1446 DH8BQA        59  14     KB3Z          59  05
QSO: 21440 PH 2017-10-28 1447 DH8BQA        59  14     N4KG          59  04
QSO: 21440 PH 2017-10-28 1448 DH8BQA        59  14     N4AGG         59  05
QSO: 21440 PH 2017-10-28 1448 DH8BQA        59  14     K9RS          59  05
QSO: 21440 PH 2017-10-28 1449 DH8BQA        59  14     K5LAD         59  04
QSO: 21440 PH 2017-10-28 1449 DH8BQA        59  14     VA1SEA        59  05
QSO: 21440 PH 2017-10-28 1450 DH8BQA        59  14     DJ9SN         59  14
QSO: 21440 PH 2017-10-28 1451 DH8BQA        59  14     IR4X          59  15
QSO: 21440 PH 2017-10-28 1451 DH8BQA        59  14     NY3C          59  05
QSO: 21440 PH 2017-10-28 1452 DH8BQA        59  14     W2RD          59  05
QSO: 21440 PH 2017-10-28 1453 DH8BQA        59  14     N4NO          59  04
QSO: 21440 PH 2017-10-28 1454 DH8BQA        59  14     N1PGA         59  05
QSO: 21440 PH 2017-10-28 1454 DH8BQA        59  14     KD5QHV        59  04
QSO: 21440 PH 2017-10-28 1455 DH8BQA        59  14     KC2OSR        59  05
QSO: 21440 PH 2017-10-28 1455 DH8BQA        59  14     DQ1P          59  14
QSO: 21440 PH 2017-10-28 1457 DH8BQA        59  14     OE5T          59  15
QSO: 21440 PH 2017-10-28 1458 DH8BQA        59  14     W0YJT         59  04
QSO: 21440 PH 2017-10-28 1459 DH8BQA        59  14     WA5WFE        59  04
QSO: 21440 PH 2017-10-28 1459 DH8BQA        59  14     W9GT          59  04
QSO: 21440 PH 2017-10-28 1500 DH8BQA        59  14     N5RGV         59  04
QSO: 21440 PH 2017-10-28 1500 DH8BQA        59  14     KC2EPU        59  05
QSO: 21440 PH 2017-10-28 1501 DH8BQA        59  14     VE3TW         59  04
QSO: 21440 PH 2017-10-28 1501 DH8BQA        59  14     K8BZ          59  04
QSO: 21440 PH 2017-10-28 1502 DH8BQA        59  14     VE3CV         59  04
QSO: 21440 PH 2017-10-28 1503 DH8BQA        59  14     LZ2ZY         59  20
QSO: 21440 PH 2017-10-28 1503 DH8BQA        59  14     N4FY          59  05
QSO: 21440 PH 2017-10-28 1504 DH8BQA        59  14     W2LE          59  05
QSO: 21440 PH 2017-10-28 1505 DH8BQA        59  14     IK3XTT        59  15
QSO: 21440 PH 2017-10-28 1506 DH8BQA        59  14     K4FS          59  05
QSO: 21440 PH 2017-10-28 1507 DH8BQA        59  14     K4OV          59  05
QSO: 21440 PH 2017-10-28 1507 DH8BQA        59  14     AG9S          59  04
QSO: 21440 PH 2017-10-28 1508 DH8BQA        59  14     WB3FBL        59  05
QSO: 21440 PH 2017-10-28 1509 DH8BQA        59  14     W3OD          59  05
QSO: 21440 PH 2017-10-28 1509 DH8BQA        59  14     W9IIX         59  04
QSO: 21440 PH 2017-10-28 1509 DH8BQA        59  14     W4KW          59  04
QSO: 21440 PH 2017-10-28 1509 DH8BQA        59  14     W1GQ          59  05
QSO: 21440 PH 2017-10-28 1510 DH8BQA        59  14     LY5W          59  15
QSO: 21440 PH 2017-10-28 1510 DH8BQA        59  14     KZ4SKI        59  05
QSO: 21440 PH 2017-10-28 1511 DH8BQA        59  14     ED1L          59  14
QSO: 21440 PH 2017-10-28 1512 DH8BQA        59  14     NS8O          59  04
QSO: 21440 PH 2017-10-28 1512 DH8BQA        59  14     DL1DTL        59  14
QSO: 21440 PH 2017-10-28 1514 DH8BQA        59  14     K3SOM         59  05
QSO: 21440 PH 2017-10-28 1514 DH8BQA        59  14     N2ESP         59  05
QSO: 21440 PH 2017-10-28 1515 DH8BQA        59  14     W5ECJ         59  04
QSO: 21440 PH 2017-10-28 1515 DH8BQA        59  14     N9ZOE         59  04
QSO: 21440 PH 2017-10-28 1516 DH8BQA        59  14     YV2CAR        59  09
QSO: 21440 PH 2017-10-28 1516 DH8BQA        59  14     K8LBQ         59  05
QSO: 21440 PH 2017-10-28 1517 DH8BQA        59  14     W8UF          59  04
QSO: 21440 PH 2017-10-28 1517 DH8BQA        59  14     ND9G          59  04
QSO: 21440 PH 2017-10-28 1518 DH8BQA        59  14     NA9RB         59  04
QSO: 21440 PH 2017-10-28 1518 DH8BQA        59  14     KD2RD         59  05
QSO: 21440 PH 2017-10-28 1518 DH8BQA        59  14     HA3NU         59  15
QSO: 21440 PH 2017-10-28 1519 DH8BQA        59  14     K9CT          59  04
QSO: 21440 PH 2017-10-28 1520 DH8BQA        59  14     W8ULM         59  04
QSO: 21440 PH 2017-10-28 1520 DH8BQA        59  14     N1UR          59  05
QSO: 21440 PH 2017-10-28 1520 DH8BQA        59  14     K5FUV         59  04
QSO: 21440 PH 2017-10-28 1521 DH8BQA        59  14     NI8Z          59  04
QSO: 21440 PH 2017-10-28 1522 DH8BQA        59  14     WA3DQS        59  05
QSO: 21440 PH 2017-10-28 1522 DH8BQA        59  14     W3ZL          59  05
QSO: 21440 PH 2017-10-28 1523 DH8BQA        59  14     N9VPV         59  04
QSO: 21440 PH 2017-10-28 1524 DH8BQA        59  14     K3SI          59  05
QSO: 21440 PH 2017-10-28 1525 DH8BQA        59  14     N2BJ          59  04
QSO: 21440 PH 2017-10-28 1525 DH8BQA        59  14     CT7ABP        59  14
QSO: 21440 PH 2017-10-28 1527 DH8BQA        59  14     K0VXU         59  04
QSO: 21440 PH 2017-10-28 1528 DH8BQA        59  14     WA7NB         59  03
QSO: 21440 PH 2017-10-28 1529 DH8BQA        59  14     W5TI          59  04
QSO: 21440 PH 2017-10-28 1529 DH8BQA        59  14     KW4YA         59  04
QSO: 21440 PH 2017-10-28 1529 DH8BQA        59  14     KM4SII        59  05
QSO: 21440 PH 2017-10-28 1530 DH8BQA        59  14     KC3D          59  05
QSO: 21440 PH 2017-10-28 1530 DH8BQA        59  14     IK5PWS        59  15
QSO: 21440 PH 2017-10-28 1530 DH8BQA        59  14     N7DR          59  04
QSO: 21440 PH 2017-10-28 1531 DH8BQA        59  14     WA3EKL        59  05
QSO: 21222 PH 2017-10-28 1536 DH8BQA        59  14     TI2CC         59  07
QSO: 21403 PH 2017-10-28 1537 DH8BQA        59  14     3V8SS         59  33
QSO: 21160 PH 2017-10-28 1539 DH8BQA        59  14     7X2JV         59  33
QSO: 21149 PH 2017-10-28 1539 DH8BQA        59  14     HV0A          59  15
QSO: 21130 PH 2017-10-28 1540 DH8BQA        59  14     PJ4K          59  09
QSO: 21132 PH 2017-10-28 1540 DH8BQA        59  14     VE9HF         59  05
QSO: 21135 PH 2017-10-28 1541 DH8BQA        59  14     HI3T          59  08
QSO: 21145 PH 2017-10-28 1542 DH8BQA        59  14     XE1IM         59  06
QSO: 21163 PH 2017-10-28 1542 DH8BQA        59  14     VE3JM         59  04
QSO: 21166 PH 2017-10-28 1543 DH8BQA        59  14     VE3EJ         59  04
QSO: 21180 PH 2017-10-28 1544 DH8BQA        59  14     VO2RAC        59  02
QSO: 21172 PH 2017-10-28 1544 DH8BQA        59  14     P40W          59  09
QSO: 21181 PH 2017-10-28 1545 DH8BQA        59  14     PJ2DD         59  09
QSO: 21190 PH 2017-10-28 1546 DH8BQA        59  14     OE3IDE        59  15
QSO: 21415 PH 2017-10-28 1548 DH8BQA        59  14     L77D          59  13
QSO: 21334 PH 2017-10-28 1548 DH8BQA        59  14     PV1C          59  11
QSO: 21257 PH 2017-10-28 1551 DH8BQA        59  14     ZP5BVK        59  11
QSO: 21198 PH 2017-10-28 1552 DH8BQA        59  14     EF5T          59  14
QSO: 21193 PH 2017-10-28 1552 DH8BQA        59  14     P40T          59  09
QSO: 21190 PH 2017-10-28 1556 DH8BQA        59  14     9Y4W          59  09
QSO: 21277 PH 2017-10-28 1557 DH8BQA        59  14     6Y1LZ         59  08
QSO: 21271 PH 2017-10-28 1601 DH8BQA        59  14     CE1TT         59  12
QSO: 21400 PH 2017-10-28 1601 DH8BQA        59  14     EC5AN         59  14
QSO: 21279 PH 2017-10-28 1603 DH8BQA        59  14     TI5M          59  07
QSO: 21238 PH 2017-10-28 1603 DH8BQA        59  14     W0AIH         59  04
QSO: 21251 PH 2017-10-28 1604 DH8BQA        59  14     NV9L          59  04
QSO: 21349 PH 2017-10-28 1604 DH8BQA        59  14     N2IC          59  04
QSO: 21387 PH 2017-10-28 1605 DH8BQA        59  14     W5MX          59  04
QSO: 21265 PH 2017-10-28 1605 DH8BQA        59  14     N5AA          59  04
QSO: 21264 PH 2017-10-28 1606 DH8BQA        59  14     N2RJ          59  05
QSO: 21229 PH 2017-10-28 1606 DH8BQA        59  14     W3UA          59  05
QSO: 21399 PH 2017-10-28 1606 DH8BQA        59  14     K1TTT         59  05
QSO: 21440 PH 2017-10-28 1609 DH8BQA        59  14     WB2ZAB        59  05
QSO: 21405 PH 2017-10-28 1611 DH8BQA        59  14     HK3C          59  09
QSO: 21405 PH 2017-10-28 1612 DH8BQA        59  14     OT5X          59  14
QSO: 21405 PH 2017-10-28 1613 DH8BQA        59  14     VA3PCJ        59  04
QSO: 21433 PH 2017-10-28 1615 DH8BQA        59  14     N7AT          59  03
QSO: 21427 PH 2017-10-28 1615 DH8BQA        59  14     HG3DX         59  15
QSO: 21120 PH 2017-10-28 1616 DH8BQA        59  14     XL3T          59  04
QSO: 21422 PH 2017-10-28 1618 DH8BQA        59  14     S59A          59  15
QSO: 21240 PH 2017-10-28 1619 DH8BQA        59  14     CN8VO         59  33
QSO: 21435 PH 2017-10-28 1620 DH8BQA        59  14     EE7Y          59  14
QSO: 21411 PH 2017-10-28 1621 DH8BQA        59  14     EA8CMX        59  33
QSO: 21353 PH 2017-10-28 1621 DH8BQA        59  14     CR6P          59  14
QSO: 21217 PH 2017-10-28 1623 DH8BQA        59  14     PJ4Q          59  09
QSO: 21218 PH 2017-10-28 1624 DH8BQA        59  14     VP5W          59  08
QSO: 21450 PH 2017-10-28 1625 DH8BQA        59  14     YY8CMO        59  09
QSO: 21248 PH 2017-10-28 1626 DH8BQA        59  14     CO6LE         59  08
QSO: 21175 PH 2017-10-28 1628 DH8BQA        59  14     EA1AJV        59  14
QSO: 21210 PH 2017-10-28 1629 DH8BQA        59  14     VA2CZ         59  05
QSO: 21239 PH 2017-10-28 1631 DH8BQA        59  14     K2LE          59  05
QSO: 21260 PH 2017-10-28 1633 DH8BQA        59  14     K1KP          59  05
QSO: 21267 PH 2017-10-28 1634 DH8BQA        59  14     AK1N          59  05
QSO: 21278 PH 2017-10-28 1636 DH8BQA        59  14     KZ2I          59  05
QSO: 21186 PH 2017-10-28 1636 DH8BQA        59  14     VC3X          59  04
QSO: 21192 PH 2017-10-28 1640 DH8BQA        59  14     PP2CC         59  11
QSO: 21231 PH 2017-10-28 1640 DH8BQA        59  14     EF1W          59  14
QSO: 21205 PH 2017-10-28 1641 DH8BQA        59  14     K1XM          59  05
QSO: 28367 PH 2017-10-28 1701 DH8BQA        59  14     CT9/DJ2YA     59  33
QSO: 28379 PH 2017-10-28 1702 DH8BQA        59  14     9Y4W          59  09
QSO: 21148 PH 2017-10-28 1727 DH8BQA        59  14     MU0GSY        59  14
QSO: 21161 PH 2017-10-28 1728 DH8BQA        59  14     EA5LS         59  14
QSO: 21195 PH 2017-10-28 1730 DH8BQA        59  14     ZP6A          59  11
QSO: 21210 PH 2017-10-28 1731 DH8BQA        59  14     LU8EEM        59  13
QSO: 21243 PH 2017-10-28 1734 DH8BQA        59  14     PY2COY        59  11
QSO: 21305 PH 2017-10-28 1739 DH8BQA        59  14     CB1H          59  12
QSO: 21361 PH 2017-10-28 1741 DH8BQA        59  14     F5VMN         59  14
QSO: 21374 PH 2017-10-28 1742 DH8BQA        59  14     EA4EER        59  14
QSO: 21383 PH 2017-10-28 1744 DH8BQA        59  14     CW1DC         59  13
QSO: 21338 PH 2017-10-28 1752 DH8BQA        59  14     EF6T          59  14
QSO: 21347 PH 2017-10-28 1753 DH8BQA        59  14     EA5IGO        59  14
QSO: 21190 PH 2017-10-28 1756 DH8BQA        59  14     EA8CTK        59  33
QSO: 21310 PH 2017-10-28 1757 DH8BQA        59  14     EA6/DK5IR     59  14
QSO: 21269 PH 2017-10-28 1805 DH8BQA        59  14     EA8AOC        59  33
QSO: 21285 PH 2017-10-29 0526 DH8BQA        59  14     EK8ZZ         59  21
QSO: 21305 PH 2017-10-29 0539 DH8BQA        59  14     VU2CPL        59  22
QSO: 21311 PH 2017-10-29 0542 DH8BQA        59  14     YE1K          59  28
QSO: 21386 PH 2017-10-29 0546 DH8BQA        59  14     VK6HZ         59  29
QSO: 21196 PH 2017-10-29 0549 DH8BQA        59  14     BA8CY         59  24
QSO: 21342 PH 2017-10-29 0607 DH8BQA        59  14     II9P          59  15
QSO: 21193 PH 2017-10-29 0614 DH8BQA        59  14     RZ9AD         59  17
QSO: 21174 PH 2017-10-29 0640 DH8BQA        59  14     UA6BFE        59  16
QSO: 21239 PH 2017-10-29 0645 DH8BQA        59  14     B4T           59  24
QSO: 21264 PH 2017-10-29 0646 DH8BQA        59  14     RC9F          59  17
QSO: 21278 PH 2017-10-29 0648 DH8BQA        59  14     SV8DTD        59  20
QSO: 21290 PH 2017-10-29 0655 DH8BQA        59  14     DS3EXX        59  25
QSO: 21417 PH 2017-10-29 0707 DH8BQA        59  14     UA9FLK        59  17
QSO: 21174 PH 2017-10-29 0710 DH8BQA        59  14     EX7ML         59  17
QSO: 21157 PH 2017-10-29 0713 DH8BQA        59  14     R9VK          59  18
QSO: 21388 PH 2017-10-29 0718 DH8BQA        59  14     TK4RB         59  15
QSO: 21365 PH 2017-10-29 0719 DH8BQA        59  14     T77CX         59  15
QSO: 21200 PH 2017-10-29 0720 DH8BQA        59  14     EX8M          59  17
QSO: 21360 PH 2017-10-29 0721 DH8BQA        59  14     HA60KNA       59  15
QSO: 21237 PH 2017-10-29 0721 DH8BQA        59  14     IQ8CS         59  15
QSO: 21310 PH 2017-10-29 0736 DH8BQA        59  14     UN7JX         59  17
QSO: 21352 PH 2017-10-29 0736 DH8BQA        59  14     RT0C          59  19
QSO: 21370 PH 2017-10-29 0737 DH8BQA        59  14     EY8MM         59  17
QSO: 21270 PH 2017-10-29 0738 DH8BQA        59  14     RX0AE         59  18
QSO: 21304 PH 2017-10-29 0743 DH8BQA        59  14     JE1ZWT        59  25
QSO: 21198 PH 2017-10-29 0744 DH8BQA        59  14     JF9JTS        59  25
QSO: 21172 PH 2017-10-29 0745 DH8BQA        59  14     B1Z           59  24
QSO: 21367 PH 2017-10-29 0748 DH8BQA        59  14     VK4NM         59  30
QSO: 21268 PH 2017-10-29 0750 DH8BQA        59  14     A61HA         59  21
QSO: 21246 PH 2017-10-29 0752 DH8BQA        59  14     EK7DX         59  21
QSO: 21293 PH 2017-10-29 0754 DH8BQA        59  14     C93PA         59  37
QSO: 21345 PH 2017-10-29 0756 DH8BQA        59  14     AH0BT         59  27
QSO: 21364 PH 2017-10-29 0759 DH8BQA        59  14     JF1WNT        59  25
QSO: 21364 PH 2017-10-29 0759 DH8BQA        59  14     RN4HAB        59  16
QSO: 21364 PH 2017-10-29 0800 DH8BQA        59  14     SV1RMB        59  20
QSO: 21364 PH 2017-10-29 0800 DH8BQA        59  14     VU2DED        59  22
QSO: 21364 PH 2017-10-29 0801 DH8BQA        59  14     R9XS          59  17
QSO: 21364 PH 2017-10-29 0803 DH8BQA        59  14     RK3MXT        59  16
QSO: 21364 PH 2017-10-29 0805 DH8BQA        59  14     RA9YE         59  18
QSO: 21407 PH 2017-10-29 0811 DH8BQA        59  14     UA9XL         59  17
QSO: 21154 PH 2017-10-29 0811 DH8BQA        59  14     RK8I          59  18
QSO: 21284 PH 2017-10-29 0813 DH8BQA        59  14     VK2XZ         59  30
QSO: 21382 PH 2017-10-29 0814 DH8BQA        59  14     P33W          59  20
QSO: 21328 PH 2017-10-29 0815 DH8BQA        59  14     9A9A          59  15
QSO: 21299 PH 2017-10-29 0818 DH8BQA        59  14     BV1EK         59  24
QSO: 21299 PH 2017-10-29 0820 DH8BQA        59  14     RA6GW         59  16
QSO: 21299 PH 2017-10-29 0822 DH8BQA        59  14     RW3DU         59  16
QSO: 21299 PH 2017-10-29 0823 DH8BQA        59  14     BY7SH         59  24
QSO: 21299 PH 2017-10-29 0826 DH8BQA        59  14     RA3DGH        59  16
QSO: 21299 PH 2017-10-29 0827 DH8BQA        59  14     R4RM          59  16
QSO: 21299 PH 2017-10-29 0828 DH8BQA        59  14     RU3Q          59  16
QSO: 21299 PH 2017-10-29 0828 DH8BQA        59  14     UA9ZZ         59  18
QSO: 21420 PH 2017-10-29 0831 DH8BQA        59  14     R3RZ          59  16
QSO: 21296 PH 2017-10-29 0831 DH8BQA        59  14     RT5Z          59  16
QSO: 21391 PH 2017-10-29 0832 DH8BQA        59  14     R7MM          59  16
QSO: 21215 PH 2017-10-29 0832 DH8BQA        59  14     R8WF          59  16
QSO: 21218 PH 2017-10-29 0833 DH8BQA        59  14     RK3PWR        59  16
QSO: 21169 PH 2017-10-29 0836 DH8BQA        59  14     RO9S          59  16
QSO: 21245 PH 2017-10-29 0837 DH8BQA        59  14     VU3NXI        59  22
QSO: 21183 PH 2017-10-29 0837 DH8BQA        59  14     A61EK         59  21
QSO: 21208 PH 2017-10-29 0838 DH8BQA        59  14     7Z1SJ         59  21
QSO: 21426 PH 2017-10-29 0839 DH8BQA        59  14     IB2A          59  15
QSO: 21227 PH 2017-10-29 0840 DH8BQA        59  14     EE3E          59  14
QSO: 21402 PH 2017-10-29 0841 DH8BQA        59  14     R2VA          59  16
QSO: 21299 PH 2017-10-29 0845 DH8BQA        59  14     R3RT          59  16
QSO: 21299 PH 2017-10-29 0845 DH8BQA        59  14     EA7NL         59  14
QSO: 21299 PH 2017-10-29 0846 DH8BQA        59  14     B7Q           59  24
QSO: 21299 PH 2017-10-29 0847 DH8BQA        59  14     UA9URI        59  18
QSO: 21299 PH 2017-10-29 0847 DH8BQA        59  14     RA3NC         59  16
QSO: 21299 PH 2017-10-29 0847 DH8BQA        59  14     RZ1AU         59  16
QSO: 21299 PH 2017-10-29 0848 DH8BQA        59  14     UA9CBO        59  17
QSO: 21299 PH 2017-10-29 0849 DH8BQA        59  14     JH1PXH        59  25
QSO: 21299 PH 2017-10-29 0851 DH8BQA        59  14     RC0AAB        59  18
QSO: 21299 PH 2017-10-29 0851 DH8BQA        59  14     R7AM          59  16
QSO: 21299 PH 2017-10-29 0854 DH8BQA        59  14     UC0A          59  18
QSO: 21299 PH 2017-10-29 0855 DH8BQA        59  14     RM3A          59  16
QSO: 21299 PH 2017-10-29 0855 DH8BQA        59  14     UA1AAF        59  16
QSO: 21299 PH 2017-10-29 0857 DH8BQA        59  14     JI2ZJS        59  25
QSO: 21299 PH 2017-10-29 0859 DH8BQA        59  14     EA1LQ         59  14
QSO: 21449 PH 2017-10-29 0903 DH8BQA        59  14     RL6M          59  16
QSO: 21258 PH 2017-10-29 0903 DH8BQA        59  14     UX7IW         59  16
QSO: 21166 PH 2017-10-29 0904 DH8BQA        59  14     SQ9V          59  15
QSO: 21430 PH 2017-10-29 0904 DH8BQA        59  14     SP5AUY        59  15
QSO: 21403 PH 2017-10-29 0905 DH8BQA        59  14     EA7RU         59  14
QSO: 21279 PH 2017-10-29 0906 DH8BQA        59  14     VK4KW         59  30
QSO: 21347 PH 2017-10-29 0907 DH8BQA        59  14     LY1R          59  15
QSO: 21320 PH 2017-10-29 0908 DH8BQA        59  14     R4FD          59  16
QSO: 21350 PH 2017-10-29 0909 DH8BQA        59  14     R3GZ          59  16
QSO: 21326 PH 2017-10-29 0911 DH8BQA        59  14     EA5DFV        59  14
QSO: 21344 PH 2017-10-29 0913 DH8BQA        59  14     JE1CKA        59  25
QSO: 21360 PH 2017-10-29 0914 DH8BQA        59  14     EA5TS         59  14
QSO: 21422 PH 2017-10-29 0916 DH8BQA        59  14     RT9T/3        59  16
QSO: 21256 PH 2017-10-29 0917 DH8BQA        59  14     TF3CW         59  40
QSO: 21416 PH 2017-10-29 0917 DH8BQA        59  14     OH0V          59  15
QSO: 21214 PH 2017-10-29 0917 DH8BQA        59  14     RK3DT         59  16
QSO: 21298 PH 2017-10-29 0922 DH8BQA        59  14     R4HBM         59  16
QSO: 21298 PH 2017-10-29 0922 DH8BQA        59  14     R7AX          59  16
QSO: 21298 PH 2017-10-29 0923 DH8BQA        59  14     BH4UIN        59  24
QSO: 21298 PH 2017-10-29 0924 DH8BQA        59  14     UA6HLN        59  16
QSO: 21298 PH 2017-10-29 0924 DH8BQA        59  14     RA4DB         59  16
QSO: 21298 PH 2017-10-29 0924 DH8BQA        59  14     JA9BCV        59  25
QSO: 21298 PH 2017-10-29 0925 DH8BQA        59  14     JQ2VTH        59  25
QSO: 21298 PH 2017-10-29 0926 DH8BQA        59  14     BV0TW         59  24
QSO: 21298 PH 2017-10-29 0927 DH8BQA        59  14     JE1RXJ        59  25
QSO: 21298 PH 2017-10-29 0929 DH8BQA        59  14     JR2FVC        59  25
QSO: 21298 PH 2017-10-29 0930 DH8BQA        59  14     BG0AXS        59  23
QSO: 21174 PH 2017-10-29 0936 DH8BQA        59  14     RC3W          59  16
QSO: 21195 PH 2017-10-29 0943 DH8BQA        59  14     E2X           59  26
QSO: 21330 PH 2017-10-29 0944 DH8BQA        59  14     VK8NSB        59  29
QSO: 21231 PH 2017-10-29 0945 DH8BQA        59  14     UA3VFS        59  16
QSO: 21213 PH 2017-10-29 0945 DH8BQA        59  14     UA3R          59  16
QSO: 21367 PH 2017-10-29 0946 DH8BQA        59  14     R2DX          59  16
QSO: 21228 PH 2017-10-29 0947 DH8BQA        59  14     EA8KY         59  33
QSO: 21162 PH 2017-10-29 0948 DH8BQA        59  14     EA4SV         59  14
QSO: 21191 PH 2017-10-29 0948 DH8BQA        59  14     ED7B          59  14
QSO: 21337 PH 2017-10-29 0949 DH8BQA        59  14     TM4Q          59  14
QSO: 21296 PH 2017-10-29 0950 DH8BQA        59  14     J42T          59  20
QSO: 21240 PH 2017-10-29 0950 DH8BQA        59  14     M6T           59  14
QSO: 21347 PH 2017-10-29 0951 DH8BQA        59  14     YL3FT         59  15
QSO: 21236 PH 2017-10-29 0951 DH8BQA        59  14     RT4D          59  16
QSO: 21150 PH 2017-10-29 0953 DH8BQA        59  14     RA3Y          59  16
QSO: 21168 PH 2017-10-29 0955 DH8BQA        59  14     RU9LA         59  17
QSO: 21283 PH 2017-10-29 0957 DH8BQA        59  14     PR2D          59  11
QSO: 21283 PH 2017-10-29 0957 DH8BQA        59  14     VK4ASH        59  30
QSO: 21283 PH 2017-10-29 1000 DH8BQA        59  14     UA6LN         59  16
QSO: 21283 PH 2017-10-29 1000 DH8BQA        59  14     BG8INK        59  24
QSO: 21283 PH 2017-10-29 1003 DH8BQA        59  14     VU2IBI        59  22
QSO: 21283 PH 2017-10-29 1005 DH8BQA        59  14     JR3RIY        59  25
QSO: 21283 PH 2017-10-29 1005 DH8BQA        59  14     DU1/JA3FJE    59  27
QSO: 21283 PH 2017-10-29 1005 DH8BQA        59  14     EA4EUW        59  14
QSO: 21283 PH 2017-10-29 1007 DH8BQA        59  14     YB1PEF        59  28
QSO: 21283 PH 2017-10-29 1007 DH8BQA        59  14     RA6LIS        59  16
QSO: 21283 PH 2017-10-29 1008 DH8BQA        59  14     R4PCI         59  16
QSO: 21283 PH 2017-10-29 1008 DH8BQA        59  14     UA3RKK        59  16
QSO: 21283 PH 2017-10-29 1009 DH8BQA        59  14     CS2V          59  14
QSO: 21275 PH 2017-10-29 1016 DH8BQA        59  14     D1DX          59  16
QSO: 21300 PH 2017-10-29 1026 DH8BQA        59  14     V51/TA1HZ     59  38
QSO: 21310 PH 2017-10-29 1027 DH8BQA        59  14     ER4A          59  16
QSO: 21283 PH 2017-10-29 1030 DH8BQA        59  14     UT8IK         59  16
QSO: 21321 PH 2017-10-29 1037 DH8BQA        59  14     FT5WQ/MM      59  39
QSO: 21143 PH 2017-10-29 1043 DH8BQA        59  14     CT3HF         59  33
QSO: 21328 PH 2017-10-29 1044 DH8BQA        59  14     EI4GNB        59  14
QSO: 21377 PH 2017-10-29 1045 DH8BQA        59  14     EA1DR         59  14
QSO: 21255 PH 2017-10-29 1054 DH8BQA        59  14     PT7ZT         59  11
QSO: 21321 PH 2017-10-29 1101 DH8BQA        59  14     Z61DX         59  15
QSO: 21342 PH 2017-10-29 1104 DH8BQA        59  14     RN4ACX        59  16
QSO: 21345 PH 2017-10-29 1104 DH8BQA        59  14     RW4WA         59  16
QSO: 21355 PH 2017-10-29 1105 DH8BQA        59  14     EA1GY         59  14
QSO: 21412 PH 2017-10-29 1108 DH8BQA        59  14     R8TT          59  16
QSO: 21428 PH 2017-10-29 1108 DH8BQA        59  14     EI9E          59  14
QSO: 21390 PH 2017-10-29 1116 DH8BQA        59  14     F4FFH         59  14
QSO: 21366 PH 2017-10-29 1122 DH8BQA        59  14     YM3VBR        59  20
QSO: 21226 PH 2017-10-29 1128 DH8BQA        59  14     UZ2I          59  16
QSO: 21200 PH 2017-10-29 1130 DH8BQA        59  14     IT9EWR        59  15
QSO: 21177 PH 2017-10-29 1130 DH8BQA        59  14     OF1Z          59  15
QSO: 21327 PH 2017-10-29 1134 DH8BQA        59  14     6W1SU         59  35
QSO: 21363 PH 2017-10-29 1135 DH8BQA        59  14     E74E          59  15
QSO: 21412 PH 2017-10-29 1139 DH8BQA        59  14     4U1ITU        59  14
QSO: 21350 PH 2017-10-29 1142 DH8BQA        59  14     R3GM          59  16
QSO: 21240 PH 2017-10-29 1143 DH8BQA        59  14     OH6K          59  15
QSO: 21448 PH 2017-10-29 1152 DH8BQA        59  14     RG4A          59  16
QSO: 21235 PH 2017-10-29 1153 DH8BQA        59  14     HG5A          59  15
QSO: 21316 PH 2017-10-29 1155 DH8BQA        59  14     S51A          59  15
QSO: 21423 PH 2017-10-29 1157 DH8BQA        59  14     CT1FHL        59  14
QSO: 21398 PH 2017-10-29 1159 DH8BQA        59  14     YB1HDR        59  28
QSO: 21376 PH 2017-10-29 1200 DH8BQA        59  14     A92AA         59  21
QSO: 21247 PH 2017-10-29 1201 DH8BQA        59  14     K5ZD          59  05
QSO: 21272 PH 2017-10-29 1203 DH8BQA        59  14     C37RC         59  14
QSO: 21322 PH 2017-10-29 1206 DH8BQA        59  14     IK4GRO        59  15
QSO: 21218 PH 2017-10-29 1210 DH8BQA        59  14     V26B          59  08
QSO: 21365 PH 2017-10-29 1214 DH8BQA        59  14     CO6HLP        59  08
QSO: 21419 PH 2017-10-29 1218 DH8BQA        59  14     4Z5LY         59  20
QSO: 21449 PH 2017-10-29 1220 DH8BQA        59  14     IQ2DN         59  15
QSO: 21445 PH 2017-10-29 1249 DH8BQA        59  14     G5K           59  14
QSO: 21380 PH 2017-10-29 1250 DH8BQA        59  14     HA9A          59  15
QSO: 21226 PH 2017-10-29 1252 DH8BQA        59  14     UA2FZ         59  15
QSO: 21248 PH 2017-10-29 1253 DH8BQA        59  14     K3CT          59  05
QSO: 21282 PH 2017-10-29 1256 DH8BQA        59  14     IK2YCW        59  15
QSO: 21297 PH 2017-10-29 1257 DH8BQA        59  14     9A1A          59  15
QSO: 21302 PH 2017-10-29 1257 DH8BQA        59  14     OO7P          59  14
QSO: 21312 PH 2017-10-29 1258 DH8BQA        59  14     OQ5M          59  14
QSO: 21317 PH 2017-10-29 1300 DH8BQA        59  14     KC4ADQ        59  05
QSO: 21317 PH 2017-10-29 1300 DH8BQA        59  14     WO2Q          59  05
QSO: 21317 PH 2017-10-29 1302 DH8BQA        59  14     WX2F          59  05
QSO: 21317 PH 2017-10-29 1304 DH8BQA        59  14     KD2JOE        59  05
QSO: 21189 PH 2017-10-29 1307 DH8BQA        59  14     GJ2A          59  14
QSO: 21141 PH 2017-10-29 1307 DH8BQA        59  14     VY2ZM         59  05
QSO: 21150 PH 2017-10-29 1309 DH8BQA        59  14     VA2ZM         59  02
QSO: 21160 PH 2017-10-29 1309 DH8BQA        59  14     VO1KVT        59  05
QSO: 21419 PH 2017-10-29 1314 DH8BQA        59  14     NP2N          59  08
QSO: 21378 PH 2017-10-29 1316 DH8BQA        59  14     SJ0X          59  14
QSO: 21346 PH 2017-10-29 1317 DH8BQA        59  14     N2TK          59  05
QSO: 21336 PH 2017-10-29 1319 DH8BQA        59  14     EE5T          59  14
QSO: 21414 PH 2017-10-29 1328 DH8BQA        59  14     K1VDF         59  05
QSO: 21414 PH 2017-10-29 1330 DH8BQA        59  14     KI5EE         59  04
QSO: 21414 PH 2017-10-29 1331 DH8BQA        59  14     VE3SSV        59  04
QSO: 21414 PH 2017-10-29 1331 DH8BQA        59  14     VA1XH         59  05
QSO: 21414 PH 2017-10-29 1333 DH8BQA        59  14     VE3SST        59  04
QSO: 21414 PH 2017-10-29 1333 DH8BQA        59  14     NC4ON         59  05
QSO: 21414 PH 2017-10-29 1334 DH8BQA        59  14     K1IX          59  05
QSO: 21414 PH 2017-10-29 1337 DH8BQA        59  14     K0BBB         59  04
QSO: 21414 PH 2017-10-29 1338 DH8BQA        59  14     N4LZ          59  04
QSO: 21414 PH 2017-10-29 1339 DH8BQA        59  14     VE3LVW        59  04
QSO: 21414 PH 2017-10-29 1340 DH8BQA        59  14     N2BEG         59  05
QSO: 21414 PH 2017-10-29 1341 DH8BQA        59  14     VE3SD         59  04
QSO: 21414 PH 2017-10-29 1341 DH8BQA        59  14     N2CG          59  05
QSO: 21414 PH 2017-10-29 1345 DH8BQA        59  14     N8GLS         59  04
QSO: 21414 PH 2017-10-29 1345 DH8BQA        59  14     K1PTF         59  05
QSO: 21414 PH 2017-10-29 1347 DH8BQA        59  14     CO8AW         59  08
QSO: 21414 PH 2017-10-29 1348 DH8BQA        59  14     WA1TAC        59  05
QSO: 21414 PH 2017-10-29 1349 DH8BQA        59  14     VE2BWL        59  05
QSO: 21414 PH 2017-10-29 1349 DH8BQA        59  14     F6DRP         59  14
QSO: 21414 PH 2017-10-29 1351 DH8BQA        59  14     VC3C2C        59  04
QSO: 21428 PH 2017-10-29 1355 DH8BQA        59  14     K3DY          59  05
QSO: 21428 PH 2017-10-29 1355 DH8BQA        59  14     K8AZ          59  04
QSO: 21444 PH 2017-10-29 1356 DH8BQA        59  14     K3PP          59  05
QSO: 21167 PH 2017-10-29 1358 DH8BQA        59  14     VE3KZ         59  04
QSO: 21187 PH 2017-10-29 1358 DH8BQA        59  14     HB9HLM        59  14
QSO: 21219 PH 2017-10-29 1359 DH8BQA        59  14     N2SR          59  05
QSO: 21310 PH 2017-10-29 1359 DH8BQA        59  14     TM3R          59  14
QSO: 21272 PH 2017-10-29 1405 DH8BQA        59  14     TA2XX         59  20
QSO: 21272 PH 2017-10-29 1406 DH8BQA        59  14     N5DD          59  04
QSO: 21272 PH 2017-10-29 1406 DH8BQA        59  14     NE1F          59  05
QSO: 21272 PH 2017-10-29 1407 DH8BQA        59  14     NF1O          59  05
QSO: 21272 PH 2017-10-29 1407 DH8BQA        59  14     N4HU          59  05
QSO: 21272 PH 2017-10-29 1407 DH8BQA        59  14     W4TTY         59  05
QSO: 21272 PH 2017-10-29 1408 DH8BQA        59  14     NK3Y          59  05
QSO: 21272 PH 2017-10-29 1408 DH8BQA        59  14     K5VIP         59  05
QSO: 21272 PH 2017-10-29 1409 DH8BQA        59  14     K2UR          59  04
QSO: 21272 PH 2017-10-29 1409 DH8BQA        59  14     WI4R          59  05
QSO: 21272 PH 2017-10-29 1410 DH8BQA        59  14     W3JX          59  05
QSO: 21272 PH 2017-10-29 1410 DH8BQA        59  14     NB1N          59  05
QSO: 21272 PH 2017-10-29 1410 DH8BQA        59  14     W4VIC         59  05
QSO: 21272 PH 2017-10-29 1411 DH8BQA        59  14     K1KA          59  05
QSO: 21272 PH 2017-10-29 1411 DH8BQA        59  14     N9MW          59  04
QSO: 21272 PH 2017-10-29 1411 DH8BQA        59  14     WC3N          59  05
QSO: 21272 PH 2017-10-29 1412 DH8BQA        59  14     W4NZ          59  04
QSO: 21272 PH 2017-10-29 1412 DH8BQA        59  14     N5VU          59  04
QSO: 21272 PH 2017-10-29 1413 DH8BQA        59  14     W0BM          59  04
QSO: 21272 PH 2017-10-29 1413 DH8BQA        59  14     W2IRT         59  05
QSO: 21272 PH 2017-10-29 1414 DH8BQA        59  14     KF2O          59  05
QSO: 21272 PH 2017-10-29 1415 DH8BQA        59  14     N2WWD         59  05
QSO: 21272 PH 2017-10-29 1415 DH8BQA        59  14     K2ZD          59  05
QSO: 21272 PH 2017-10-29 1415 DH8BQA        59  14     VE1JBC        59  05
QSO: 21272 PH 2017-10-29 1416 DH8BQA        59  14     N9SB          59  04
QSO: 21272 PH 2017-10-29 1417 DH8BQA        59  14     TA2EJ         59  20
QSO: 21272 PH 2017-10-29 1418 DH8BQA        59  14     W8HPJ         59  04
QSO: 21272 PH 2017-10-29 1418 DH8BQA        59  14     VE3VN         59  04
QSO: 21272 PH 2017-10-29 1419 DH8BQA        59  14     WA2EXZ        59  05
QSO: 21272 PH 2017-10-29 1419 DH8BQA        59  14     K8YC          59  05
QSO: 21272 PH 2017-10-29 1420 DH8BQA        59  14     WA5DSS        59  04
QSO: 21272 PH 2017-10-29 1420 DH8BQA        59  14     N8PR          59  05
QSO: 21272 PH 2017-10-29 1421 DH8BQA        59  14     K4NPC         59  05
QSO: 21272 PH 2017-10-29 1421 DH8BQA        59  14     W4NI          59  04
QSO: 21272 PH 2017-10-29 1422 DH8BQA        59  14     W4EEY         59  05
QSO: 21272 PH 2017-10-29 1426 DH8BQA        59  14     N9TF          59  04
QSO: 21272 PH 2017-10-29 1426 DH8BQA        59  14     KU4V          59  05
QSO: 21153 PH 2017-10-29 1429 DH8BQA        59  14     C6ARW         59  08
QSO: 21272 PH 2017-10-29 1430 DH8BQA        59  14     J88HF         59  08
QSO: 21272 PH 2017-10-29 1431 DH8BQA        59  14     WA8MCD        59  04
QSO: 21272 PH 2017-10-29 1432 DH8BQA        59  14     VA2MP         59  05
QSO: 21392 PH 2017-10-29 1433 DH8BQA        59  14     TG9IIN        59  07
QSO: 21272 PH 2017-10-29 1436 DH8BQA        59  14     SV3RPQ        59  20
QSO: 21272 PH 2017-10-29 1438 DH8BQA        59  14     ZS5NK         59  38
QSO: 21272 PH 2017-10-29 1438 DH8BQA        59  14     DL/4X1DX      59  14
QSO: 21272 PH 2017-10-29 1439 DH8BQA        59  14     ZS5JY         59  38
QSO: 21184 PH 2017-10-29 1443 DH8BQA        59  14     SU9JG         59  34
QSO: 21272 PH 2017-10-29 1444 DH8BQA        59  14     ZF9CW         59  08
QSO: 21172 PH 2017-10-29 1505 DH8BQA        59  14     TR8CA         59  36
QSO: 21188 PH 2017-10-29 1506 DH8BQA        59  14     VE2GSO        59  05
QSO: 21222 PH 2017-10-29 1506 DH8BQA        59  14     V3A           59  07
QSO: 21350 PH 2017-10-29 1509 DH8BQA        59  14     KY7M          59  03
QSO: 21425 PH 2017-10-29 1510 DH8BQA        59  14     WD5K          59  04
QSO: 21295 PH 2017-10-29 1516 DH8BQA        59  14     OM7M          59  15
QSO: 21312 PH 2017-10-29 1518 DH8BQA        59  14     K0OU          59  04
QSO: 21312 PH 2017-10-29 1519 DH8BQA        59  14     AC2RL         59  05
QSO: 21312 PH 2017-10-29 1519 DH8BQA        59  14     VA3GD         59  04
QSO: 21312 PH 2017-10-29 1522 DH8BQA        59  14     W5GN          59  04
QSO: 21312 PH 2017-10-29 1523 DH8BQA        59  14     AG5DB         59  04
QSO: 21312 PH 2017-10-29 1524 DH8BQA        59  14     NM5M          59  04
QSO: 21326 PH 2017-10-29 1528 DH8BQA        59  14     VE3KP         59  04
QSO: 21326 PH 2017-10-29 1530 DH8BQA        59  14     K2JMY         59  05
QSO: 21425 PH 2017-10-29 1533 DH8BQA        59  14     W4MLB         59  05
QSO: 21447 PH 2017-10-29 1534 DH8BQA        59  14     K0KX          59  04
QSO: 21424 PH 2017-10-29 1536 DH8BQA        59  14     J68GD         59  08
QSO: 21247 PH 2017-10-29 1537 DH8BQA        59  14     VA2WA         59  05
QSO: 21243 PH 2017-10-29 1537 DH8BQA        59  14     K5TR          59  04
QSO: 21162 PH 2017-10-29 1539 DH8BQA        59  14     TI5W          59  07
QSO: 21145 PH 2017-10-29 1540 DH8BQA        59  14     VE3UTT        59  04
QSO: 21192 PH 2017-10-29 1541 DH8BQA        59  14     CR7AMH        59  14
QSO: 21208 PH 2017-10-29 1541 DH8BQA        59  14     ZW8T          59  11
QSO: 21232 PH 2017-10-29 1542 DH8BQA        59  14     CS5RPT        59  14
QSO: 21276 PH 2017-10-29 1543 DH8BQA        59  14     ZF2AH         59  08
QSO: 21258 PH 2017-10-29 1546 DH8BQA        59  14     W0RIC         59  03
QSO: 21383 PH 2017-10-29 1549 DH8BQA        59  14     AA1K          59  05
QSO: 21153 PH 2017-10-29 1553 DH8BQA        59  14     V31VP         59  07
QSO: 21239 PH 2017-10-29 1558 DH8BQA        59  14     S51TA         59  15
QSO: 21362 PH 2017-10-29 1604 DH8BQA        59  14     6Y4T          59  08
QSO: 21416 PH 2017-10-29 1608 DH8BQA        59  14     K3UL          59  05
QSO: 21444 PH 2017-10-29 1609 DH8BQA        59  14     N1MM          59  05
QSO: 21447 PH 2017-10-29 1610 DH8BQA        59  14     W1XX          59  05
QSO: 21239 PH 2017-10-29 1621 DH8BQA        59  14     W7MRF         59  03
QSO: 21310 PH 2017-10-29 1629 DH8BQA        59  14     HK6J          59  09
QSO: 21403 PH 2017-10-29 1635 DH8BQA        59  14     IB4X          59  15
QSO: 21326 PH 2017-10-29 1640 DH8BQA        59  14     PY4LH         59  11
QSO: 21227 PH 2017-10-29 1709 DH8BQA        59  14     LU8YE         59  13
QSO: 21447 PH 2017-10-29 1717 DH8BQA        59  14     K3ZM          59  05
END-OF-LOG:
