START-OF-LOG: 3.0
CALLSIGN: F4GVZ
CONTEST: CQ-WW-SSB
CATEGORY-OPERATOR: SINGLE-OP
CATEGORY-ASSISTED: NON-ASSISTED
CATEGORY-BAND: ALL
CATEGORY-POWER: LOW
CATEGORY-MODE: SSB
CATEGORY-TRANSMITTER: ONE
CATEGORY-OVERLAY:
CLAIMED-SCORE: 264414
NAME: Marc
LOCATION: DX
OPERATORS: F4GVZ
CLUB:
CREATED-BY: N1MM Logger V13.3.3
QSO:  3601 PH 2017-10-28 0419 F4GVZ         59  14     EI1A          59  14
QSO:  3607 PH 2017-10-28 0420 F4GVZ         59  14     HB9OK         59  14
QSO:  3610 PH 2017-10-28 0422 F4GVZ         59  14     CU4DX         59  14
QSO:  3613 PH 2017-10-28 0423 F4GVZ         59  14     EA2KB         59  14
QSO:  3625 PH 2017-10-28 0424 F4GVZ         59  14     OM4M          59  15
QSO:  3630 PH 2017-10-28 0425 F4GVZ         59  14     DL6NDW        59  14
QSO:  3635 PH 2017-10-28 0426 F4GVZ         59  14     MI0SLE        59  14
QSO:  3638 PH 2017-10-28 0426 F4GVZ         59  14     SK7K          59  14
QSO:  3639 PH 2017-10-28 0427 F4GVZ         59  14     G8OO          59  14
QSO:  3642 PH 2017-10-28 0429 F4GVZ         59  14     S57LR         59  15
QSO:  3644 PH 2017-10-28 0431 F4GVZ         59  14     9A2U          59  15
QSO:  3654 PH 2017-10-28 0432 F4GVZ         59  14     OQ5M          59  14
QSO:  3656 PH 2017-10-28 0433 F4GVZ         59  14     I0LYO         59  15
QSO:  3660 PH 2017-10-28 0433 F4GVZ         59  14     S51YI         59  15
QSO:  3662 PH 2017-10-28 0434 F4GVZ         59  14     TK9R          59  15
QSO:  3668 PH 2017-10-28 0435 F4GVZ         59  14     CR5T          59  14
QSO:  3675 PH 2017-10-28 0436 F4GVZ         59  14     PA4WM         59  14
QSO:  3677 PH 2017-10-28 0438 F4GVZ         59  14     IQ3RK         59  15
QSO:  3679 PH 2017-10-28 0438 F4GVZ         59  14     PA9M          59  14
QSO:  3682 PH 2017-10-28 0439 F4GVZ         59  14     CR6P          59  14
QSO:  3684 PH 2017-10-28 0441 F4GVZ         59  14     TK4RB         59  15
QSO:  3687 PH 2017-10-28 0442 F4GVZ         59  14     TF3T          59  40
QSO:  3688 PH 2017-10-28 0443 F4GVZ         59  14     YT8A          59  15
QSO:  3694 PH 2017-10-28 0443 F4GVZ         59  14     PA2TMS        59  14
QSO:  3696 PH 2017-10-28 0445 F4GVZ         59  14     PI4COM        59  14
QSO:  3702 PH 2017-10-28 0447 F4GVZ         59  14     ED1WW         59  14
QSO:  3705 PH 2017-10-28 0450 F4GVZ         59  14     CN2R          59  33
QSO:  3708 PH 2017-10-28 0452 F4GVZ         59  14     S52NR         59  15
QSO:  3714 PH 2017-10-28 0453 F4GVZ         59  14     9A8M          59  15
QSO:  3730 PH 2017-10-28 0455 F4GVZ         59  14     EA5DFV        59  14
QSO:  3734 PH 2017-10-28 0455 F4GVZ         59  14     IR8Y          59  15
QSO:  3740 PH 2017-10-28 0457 F4GVZ         59  14     IO5O          59  15
QSO:  3743 PH 2017-10-28 0458 F4GVZ         59  14     CR3A          59  33
QSO:  3751 PH 2017-10-28 0500 F4GVZ         59  14     W3BGN         59  05
QSO:  3755 PH 2017-10-28 0503 F4GVZ         59  14     DP6A          59  14
QSO:  3758 PH 2017-10-28 0503 F4GVZ         59  14     DL6FBL        59  14
QSO:  3761 PH 2017-10-28 0504 F4GVZ         59  14     EC2DX         59  14
QSO:  3763 PH 2017-10-28 0504 F4GVZ         59  14     DP7D          59  14
QSO:  3766 PH 2017-10-28 0505 F4GVZ         59  14     M6T           59  14
QSO:  3768 PH 2017-10-28 0512 F4GVZ         59  14     LZ9W          59  20
QSO:  3771 PH 2017-10-28 0514 F4GVZ         59  14     OT5A          59  14
QSO:  3773 PH 2017-10-28 0515 F4GVZ         59  14     EU1WW         59  16
QSO:  3779 PH 2017-10-28 0516 F4GVZ         59  14     YT5A          59  15
QSO:  3782 PH 2017-10-28 0517 F4GVZ         59  14     DF0HQ         59  14
QSO:  3791 PH 2017-10-28 0519 F4GVZ         59  14     OK8WW         59  15
QSO:  3799 PH 2017-10-28 0520 F4GVZ         59  14     E70T          59  15
QSO:  3814 PH 2017-10-28 0525 F4GVZ         59  14     K1KP          59  05
QSO:  3826 PH 2017-10-28 0527 F4GVZ         59  14     K4ZW          59  05
QSO:  3821 PH 2017-10-28 0529 F4GVZ         59  14     N1UR          59  05
QSO:  3818 PH 2017-10-28 0531 F4GVZ         59  14     AA1K          59  05
QSO:  3812 PH 2017-10-28 0532 F4GVZ         59  14     K1DG          59  05
QSO:  3804 PH 2017-10-28 0533 F4GVZ         59  14     W3LPL         59  05
QSO:  3796 PH 2017-10-28 0534 F4GVZ         59  14     YL3FT         59  15
QSO:  3772 PH 2017-10-28 0538 F4GVZ         59  14     EF9R          59  33
QSO:  3743 PH 2017-10-28 0543 F4GVZ         59  14     II2S          59  15
QSO:  3741 PH 2017-10-28 0543 F4GVZ         59  14     CR6K          59  14
QSO:  3727 PH 2017-10-28 0544 F4GVZ         59  14     OM7M          59  15
QSO:  3718 PH 2017-10-28 0545 F4GVZ         59  14     CN2AA         59  33
QSO:  3709 PH 2017-10-28 0546 F4GVZ         59  14     GJ2A          59  14
QSO:  3707 PH 2017-10-28 0547 F4GVZ         59  14     DL4SKF        59  14
QSO:  3699 PH 2017-10-28 0547 F4GVZ         59  14     HB9H          59  14
QSO:  3646 PH 2017-10-28 0557 F4GVZ         59  14     M3W           59  14
QSO:  3646 PH 2017-10-28 0558 F4GVZ         59  14     EF1W          59  14
QSO:  3624 PH 2017-10-28 0559 F4GVZ         59  14     DJ5MW         59  14
QSO:  3621 PH 2017-10-28 0601 F4GVZ         59  14     DP6T          59  14
QSO:  3632 PH 2017-10-28 0602 F4GVZ         59  14     EC5AN         59  14
QSO:  3633 PH 2017-10-28 0605 F4GVZ         59  14     OR1Z          59  14
QSO:  3676 PH 2017-10-28 0608 F4GVZ         59  14     I1JTQ         59  15
QSO:  3682 PH 2017-10-28 0609 F4GVZ         59  14     HB2U          59  14
QSO:  3696 PH 2017-10-28 0610 F4GVZ         59  14     DR5N          59  14
QSO:  3708 PH 2017-10-28 0610 F4GVZ         59  14     M0MCV         59  14
QSO:  3736 PH 2017-10-28 0613 F4GVZ         59  14     OP4W          59  14
QSO:  3748 PH 2017-10-28 0613 F4GVZ         59  14     PA6AA         59  14
QSO:  3752 PH 2017-10-28 0614 F4GVZ         59  14     IO1C          59  15
QSO:  3767 PH 2017-10-28 0615 F4GVZ         59  14     CN3A          59  33
QSO:  3774 PH 2017-10-28 0616 F4GVZ         59  14     DK0AE         59  14
QSO:  3788 PH 2017-10-28 0617 F4GVZ         59  14     DF2BO         59  14
QSO:  3798 PH 2017-10-28 0619 F4GVZ         59  14     K3LR          59  05
QSO:  3809 PH 2017-10-28 0621 F4GVZ         59  14     VY2ZM         59  05
QSO:  3811 PH 2017-10-28 0623 F4GVZ         59  14     W2RE          59  05
QSO:  3779 PH 2017-10-28 0629 F4GVZ         59  14     EI5KG         59  14
QSO:  3768 PH 2017-10-28 0632 F4GVZ         59  14     6Y1LZ         59  08
QSO:  3738 PH 2017-10-28 0637 F4GVZ         59  14     OM2VL         59  15
QSO:  3609 PH 2017-10-28 0641 F4GVZ         59  14     TF3JB         59  40
QSO:  7043 PH 2017-10-28 0656 F4GVZ         59  14     P40W          59  09
QSO:  7045 PH 2017-10-28 0656 F4GVZ         59  14     EF2O          59  14
QSO:  7048 PH 2017-10-28 0658 F4GVZ         59  14     IR9Z          59  15
QSO:  7054 PH 2017-10-28 0659 F4GVZ         59  14     S53A          59  15
QSO:  7060 PH 2017-10-28 0700 F4GVZ         59  14     SK0QO         59  14
QSO:  7070 PH 2017-10-28 0703 F4GVZ         59  14     IK3ZAQ        59  15
QSO:  7081 PH 2017-10-28 0703 F4GVZ         59  14     OL9R          59  15
QSO:  7083 PH 2017-10-28 0704 F4GVZ         59  14     LZ8A          59  20
QSO:  7087 PH 2017-10-28 0705 F4GVZ         59  14     SI9AM         59  14
QSO:  7096 PH 2017-10-28 0706 F4GVZ         59  14     C37RC         59  14
QSO:  7100 PH 2017-10-28 0706 F4GVZ         59  14     DF0SAX        59  14
QSO:  7101 PH 2017-10-28 0707 F4GVZ         59  14     IU2GLK        59  15
QSO:  7106 PH 2017-10-28 0708 F4GVZ         59  14     PA0AA         59  14
QSO:  7110 PH 2017-10-28 0709 F4GVZ         59  14     YT5X          59  15
QSO:  7115 PH 2017-10-28 0711 F4GVZ         59  14     4U1A          59  15
QSO:  7118 PH 2017-10-28 0711 F4GVZ         59  14     IK2YCW        59  15
QSO:  7123 PH 2017-10-28 0712 F4GVZ         59  14     YT0A          59  15
QSO:  7125 PH 2017-10-28 0712 F4GVZ         59  14     TK9R          59  15
QSO:  7126 PH 2017-10-28 0713 F4GVZ         59  14     S56X          59  15
QSO:  7128 PH 2017-10-28 0713 F4GVZ         59  14     N1UR          59  05
QSO:  7132 PH 2017-10-28 0714 F4GVZ         59  14     S56Y          59  15
QSO:  7137 PH 2017-10-28 0715 F4GVZ         59  14     DP6T          59  14
QSO:  7144 PH 2017-10-28 0719 F4GVZ         59  14     DL7URH        59  14
QSO:  7146 PH 2017-10-28 0719 F4GVZ         59  14     CN3A          59  33
QSO:  7150 PH 2017-10-28 0720 F4GVZ         59  14     II2S          59  15
QSO:  7153 PH 2017-10-28 0722 F4GVZ         59  14     S54ZZ         59  15
QSO:  7157 PH 2017-10-28 0724 F4GVZ         59  14     4U1ITU        59  14
QSO:  7172 PH 2017-10-28 0727 F4GVZ         59  14     KC1XX         59  05
QSO:  7174 PH 2017-10-28 0728 F4GVZ         59  14     K3LR          59  05
QSO:  7177 PH 2017-10-28 0728 F4GVZ         59  14     EA3GEG        59  14
QSO:  7180 PH 2017-10-28 0731 F4GVZ         59  14     RU1A          59  16
QSO:  7182 PH 2017-10-28 0732 F4GVZ         59  14     6Y1LZ         59  08
QSO:  7187 PH 2017-10-28 0733 F4GVZ         59  14     HB9OK         59  14
QSO:  7189 PH 2017-10-28 0734 F4GVZ         59  14     SJ0X          59  14
QSO:  7195 PH 2017-10-28 0735 F4GVZ         59  14     OK7K          59  15
QSO:  7198 PH 2017-10-28 0738 F4GVZ         59  14     CR6K          59  14
QSO:  7167 PH 2017-10-28 0745 F4GVZ         59  14     SN3A          59  15
QSO:  7139 PH 2017-10-28 0747 F4GVZ         59  14     TF3CW         59  40
QSO:  7133 PH 2017-10-28 0749 F4GVZ         59  14     OV90EDR       59  14
QSO:  7122 PH 2017-10-28 0753 F4GVZ         59  14     CR6P          59  14
QSO:  7119 PH 2017-10-28 0754 F4GVZ         59  14     HB0/DD5ZZ     59  14
QSO:  7111 PH 2017-10-28 0755 F4GVZ         59  14     9A1CBM        59  15
QSO:  7094 PH 2017-10-28 0758 F4GVZ         59  14     PA6AA         59  14
QSO:  7075 PH 2017-10-28 0800 F4GVZ         59  14     OE5T          59  15
QSO:  7067 PH 2017-10-28 0801 F4GVZ         59  14     S51F          59  15
QSO:  7064 PH 2017-10-28 0803 F4GVZ         59  14     EW8W          59  16
QSO:  7128 PH 2017-10-28 0808 F4GVZ         59  14     W9RE          59  04
QSO:  7151 PH 2017-10-28 0809 F4GVZ         59  14     W3LPL         59  05
QSO:  7156 PH 2017-10-28 0810 F4GVZ         59  14     PI4D          59  14
QSO:  7161 PH 2017-10-28 0811 F4GVZ         59  14     SK7K          59  14
QSO:  7163 PH 2017-10-28 0812 F4GVZ         59  14     DL5GAC        59  14
QSO:  7164 PH 2017-10-28 0813 F4GVZ         59  14     OT5A          59  14
QSO:  7169 PH 2017-10-28 0814 F4GVZ         59  14     DF0HQ         59  14
QSO:  7170 PH 2017-10-28 0814 F4GVZ         59  14     OP4K          59  14
QSO:  7174 PH 2017-10-28 0817 F4GVZ         59  14     GI4T          59  14
QSO:  7184 PH 2017-10-28 0819 F4GVZ         59  14     ED2R          59  14
QSO:  7197 PH 2017-10-28 0822 F4GVZ         59  14     PZ5K          59  09
QSO:  7179 PH 2017-10-28 0829 F4GVZ         59  14     PI4CC         59  14
QSO:  7162 PH 2017-10-28 0831 F4GVZ         59  14     EI9HX         59  14
QSO:  7159 PH 2017-10-28 0832 F4GVZ         59  14     CU4DX         59  14
QSO:  7149 PH 2017-10-28 0833 F4GVZ         59  14     K1KI          59  05
QSO:  7147 PH 2017-10-28 0833 F4GVZ         59  14     M6T           59  14
QSO:  7145 PH 2017-10-28 0834 F4GVZ         59  14     GM0V          59  14
QSO:  7122 PH 2017-10-28 0837 F4GVZ         59  14     M0BJL         59  14
QSO:  7117 PH 2017-10-28 0839 F4GVZ         59  14     IO1C          59  15
QSO:  7110 PH 2017-10-28 0840 F4GVZ         59  14     5P2C          59  14
QSO:  7101 PH 2017-10-28 0841 F4GVZ         59  14     PI4M          59  14
QSO:  7071 PH 2017-10-28 0842 F4GVZ         59  14     ON4MCL        59  14
QSO:  7048 PH 2017-10-28 0844 F4GVZ         59  14     7S7V          59  14
QSO: 14107 PH 2017-10-28 0848 F4GVZ         59  14     E76WO         59  15
QSO: 14105 PH 2017-10-28 0937 F4GVZ         59  14     LY2OU         59  15
QSO: 14107 PH 2017-10-28 0938 F4GVZ         59  14     UX1UX         59  16
QSO: 14112 PH 2017-10-28 0939 F4GVZ         59  14     UT4U          59  16
QSO: 14121 PH 2017-10-28 0939 F4GVZ         59  14     IS0BSR        59  15
QSO: 14125 PH 2017-10-28 0941 F4GVZ         59  14     IK5ZWU        59  15
QSO: 14127 PH 2017-10-28 0941 F4GVZ         59  14     S58Y          59  15
QSO: 14133 PH 2017-10-28 0941 F4GVZ         59  14     EA5HT/P       59  14
QSO: 14135 PH 2017-10-28 0942 F4GVZ         59  14     UZ5ZU         59  16
QSO: 14141 PH 2017-10-28 0943 F4GVZ         59  14     SQ7NSN        59  15
QSO: 14151 PH 2017-10-28 0945 F4GVZ         59  14     HG6N          59  15
QSO: 14153 PH 2017-10-28 0945 F4GVZ         59  14     LY7Z          59  15
QSO: 14160 PH 2017-10-28 0946 F4GVZ         59  14     HG7T          59  15
QSO: 14165 PH 2017-10-28 0947 F4GVZ         59  14     YL3CW         59  15
QSO: 14169 PH 2017-10-28 0947 F4GVZ         59  14     YT5A          59  15
QSO: 14172 PH 2017-10-28 0949 F4GVZ         59  14     CN2R          59  33
QSO: 14185 PH 2017-10-28 0950 F4GVZ         59  14     SQ6H          59  15
QSO: 14187 PH 2017-10-28 0951 F4GVZ         59  14     HG3DX         59  15
QSO: 14202 PH 2017-10-28 0958 F4GVZ         59  14     Z62FB         59  15
QSO: 14213 PH 2017-10-28 1000 F4GVZ         59  14     HG500A        59  15
QSO: 14218 PH 2017-10-28 1000 F4GVZ         59  14     9A4M          59  15
QSO: 14226 PH 2017-10-28 1001 F4GVZ         59  14     HG4F          59  15
QSO: 14241 PH 2017-10-28 1005 F4GVZ         59  14     ES9C          59  15
QSO: 14248 PH 2017-10-28 1006 F4GVZ         59  14     CN3A          59  33
QSO: 14256 PH 2017-10-28 1010 F4GVZ         59  14     FY5KE         59  09
QSO: 14258 PH 2017-10-28 1011 F4GVZ         59  14     LY5Y          59  15
QSO: 14264 PH 2017-10-28 1012 F4GVZ         59  14     EF7T          59  14
QSO: 14275 PH 2017-10-28 1014 F4GVZ         59  14     SP9KAO        59  15
QSO: 14279 PH 2017-10-28 1015 F4GVZ         59  14     YP0C          59  20
QSO: 14281 PH 2017-10-28 1015 F4GVZ         59  14     LB6KC         59  14
QSO: 14287 PH 2017-10-28 1016 F4GVZ         59  14     UW5ZM         59  16
QSO: 14289 PH 2017-10-28 1017 F4GVZ         59  14     EV1R          59  16
QSO: 14306 PH 2017-10-28 1018 F4GVZ         59  14     EC5AN         59  14
QSO: 14311 PH 2017-10-28 1018 F4GVZ         59  14     LY2W          59  15
QSO: 14315 PH 2017-10-28 1019 F4GVZ         59  14     RT5K          59  16
QSO: 14324 PH 2017-10-28 1020 F4GVZ         59  14     YT5LD         59  15
QSO: 14327 PH 2017-10-28 1021 F4GVZ         59  14     HG8C          59  15
QSO: 14330 PH 2017-10-28 1021 F4GVZ         59  14     IR4M          59  15
QSO: 14340 PH 2017-10-28 1023 F4GVZ         59  14     DM0Y          59  14
QSO: 14343 PH 2017-10-28 1024 F4GVZ         59  14     JT5DX         59  23
QSO: 14333 PH 2017-10-28 1026 F4GVZ         59  14     EU1A          59  16
QSO: 14324 PH 2017-10-28 1027 F4GVZ         59  14     S51A          59  15
QSO: 14292 PH 2017-10-28 1028 F4GVZ         59  14     9A3W          59  15
QSO: 14285 PH 2017-10-28 1029 F4GVZ         59  14     W1NA          59  05
QSO: 14274 PH 2017-10-28 1030 F4GVZ         59  14     S50G          59  15
QSO: 14246 PH 2017-10-28 1032 F4GVZ         59  14     HG5A          59  15
QSO: 14245 PH 2017-10-28 1033 F4GVZ         59  14     9A7A          59  15
QSO: 14239 PH 2017-10-28 1033 F4GVZ         59  14     ED5T          59  14
QSO: 14234 PH 2017-10-28 1034 F4GVZ         59  14     SV5DKL        59  20
QSO: 14229 PH 2017-10-28 1035 F4GVZ         59  14     LY2DX         59  15
QSO: 14225 PH 2017-10-28 1035 F4GVZ         59  14     IR6T          59  15
QSO: 14216 PH 2017-10-28 1037 F4GVZ         59  14     LA8HGA        59  14
QSO: 14198 PH 2017-10-28 1037 F4GVZ         59  14     OK7W          59  15
QSO: 14195 PH 2017-10-28 1038 F4GVZ         59  14     S59N          59  15
QSO: 14191 PH 2017-10-28 1040 F4GVZ         59  14     RW0A          59  18
QSO: 14186 PH 2017-10-28 1041 F4GVZ         59  14     SM5F          59  14
QSO: 14177 PH 2017-10-28 1042 F4GVZ         59  14     ES4RD         59  15
QSO: 14170 PH 2017-10-28 1042 F4GVZ         59  14     OM7M          59  15
QSO: 14154 PH 2017-10-28 1043 F4GVZ         59  14     W3LPL         59  05
QSO: 14152 PH 2017-10-28 1044 F4GVZ         59  14     W2RE          59  05
QSO: 21142 PH 2017-10-28 1305 F4GVZ         59  14     VY2TT         59  05
QSO: 21146 PH 2017-10-28 1306 F4GVZ         59  14     VE9CB         59  05
QSO: 21150 PH 2017-10-28 1307 F4GVZ         59  14     UX1UX         59  16
QSO: 21158 PH 2017-10-28 1308 F4GVZ         59  14     9K2HN         59  21
QSO: 21163 PH 2017-10-28 1312 F4GVZ         59  14     VE3JM         59  04
QSO: 21169 PH 2017-10-28 1315 F4GVZ         59  14     RC3W          59  16
QSO: 21178 PH 2017-10-28 1315 F4GVZ         59  14     H2T           59  20
QSO: 21180 PH 2017-10-28 1317 F4GVZ         59  14     VY2ZM         59  05
QSO: 21185 PH 2017-10-28 1318 F4GVZ         59  14     RL3QI         59  16
QSO: 21192 PH 2017-10-28 1320 F4GVZ         59  14     9Y4W          59  09
QSO: 21198 PH 2017-10-28 1320 F4GVZ         59  14     PX2A          59  11
QSO: 21203 PH 2017-10-28 1323 F4GVZ         59  14     W2RE          59  05
QSO: 21204 PH 2017-10-28 1326 F4GVZ         59  14     W3LPL         59  05
QSO: 21210 PH 2017-10-28 1327 F4GVZ         59  14     N1UR          59  05
QSO: 21217 PH 2017-10-28 1328 F4GVZ         59  14     P33W          59  20
QSO: 21221 PH 2017-10-28 1329 F4GVZ         59  14     YL2SM         59  15
QSO: 21227 PH 2017-10-28 1330 F4GVZ         59  14     SV9RGI        59  20
QSO: 21242 PH 2017-10-28 1333 F4GVZ         59  14     ES9C          59  15
QSO: 21245 PH 2017-10-28 1335 F4GVZ         59  14     LZ5R          59  20
QSO: 21250 PH 2017-10-28 1336 F4GVZ         59  14     K5ZD          59  05
QSO: 21259 PH 2017-10-28 1337 F4GVZ         59  14     IK7YTT        59  15
QSO: 21270 PH 2017-10-28 1339 F4GVZ         59  14     LZ3ZZ         59  20
QSO: 21280 PH 2017-10-28 1340 F4GVZ         59  14     R1AK          59  16
QSO: 21297 PH 2017-10-28 1347 F4GVZ         59  14     YU1JW         59  15
QSO: 21300 PH 2017-10-28 1348 F4GVZ         59  14     OF5Z          59  15
QSO: 21327 PH 2017-10-28 1351 F4GVZ         59  14     LY5T          59  15
QSO: 21343 PH 2017-10-28 1352 F4GVZ         59  14     UV5U          59  16
QSO: 21344 PH 2017-10-28 1353 F4GVZ         59  14     SV8DTD        59  20
QSO: 21347 PH 2017-10-28 1354 F4GVZ         59  14     EA9KB         59  33
QSO: 21370 PH 2017-10-28 1359 F4GVZ         59  14     YT0Z          59  15
QSO: 21377 PH 2017-10-28 1400 F4GVZ         59  14     CN2AA         59  33
QSO: 21380 PH 2017-10-28 1403 F4GVZ         59  14     D4Z           59  35
QSO: 21385 PH 2017-10-28 1404 F4GVZ         59  14     N5DX          59  05
QSO: 21387 PH 2017-10-28 1405 F4GVZ         59  14     AB3CX         59  05
QSO: 21393 PH 2017-10-28 1406 F4GVZ         59  14     IO9A          59  15
QSO: 21397 PH 2017-10-28 1407 F4GVZ         59  14     NR3X          59  05
QSO: 21400 PH 2017-10-28 1409 F4GVZ         59  14     K3PP          59  05
QSO: 21403 PH 2017-10-28 1410 F4GVZ         59  14     KE2TR         59  05
QSO: 21411 PH 2017-10-28 1411 F4GVZ         59  14     UT3C          59  16
QSO: 21415 PH 2017-10-28 1412 F4GVZ         59  14     P40T          59  09
QSO: 21433 PH 2017-10-28 1414 F4GVZ         59  14     7Z1SJ         59  21
QSO: 21435 PH 2017-10-28 1415 F4GVZ         59  14     W1WEF         59  05
QSO: 21439 PH 2017-10-28 1415 F4GVZ         59  14     YP0C          59  20
QSO: 21415 PH 2017-10-28 1419 F4GVZ         59  14     N5AW          59  04
QSO: 21412 PH 2017-10-28 1421 F4GVZ         59  14     ES6RW         59  15
QSO: 21402 PH 2017-10-28 1421 F4GVZ         59  14     PY2KJ         59  11
QSO: 21399 PH 2017-10-28 1423 F4GVZ         59  14     K1TTT         59  05
QSO: 21364 PH 2017-10-28 1425 F4GVZ         59  14     EA7ZY         59  14
QSO: 21359 PH 2017-10-28 1426 F4GVZ         59  14     CR6T          59  14
QSO: 21314 PH 2017-10-28 1428 F4GVZ         59  14     II8M          59  15
QSO: 21308 PH 2017-10-28 1429 F4GVZ         59  14     UX5UO         59  16
QSO: 21286 PH 2017-10-28 1430 F4GVZ         59  14     K1RM          59  05
QSO: 21248 PH 2017-10-28 1435 F4GVZ         59  14     RM3DA         59  16
QSO: 21217 PH 2017-10-28 1438 F4GVZ         59  14     RX7K          59  16
QSO: 21214 PH 2017-10-28 1439 F4GVZ         59  14     KC1XX         59  05
QSO: 21201 PH 2017-10-28 1440 F4GVZ         59  14     K3LR          59  05
QSO: 28365 PH 2017-10-28 1445 F4GVZ         59  14     LQ0D          59  13
QSO: 28422 PH 2017-10-28 1454 F4GVZ         59  14     EA4SV         59  14
QSO: 28483 PH 2017-10-28 1457 F4GVZ         59  14     CN3A          59  33
QSO: 28543 PH 2017-10-28 1501 F4GVZ         59  14     CN2R          59  33
QSO: 21119 PH 2017-10-28 1506 F4GVZ         59  14     XL3T          59  04
QSO: 21134 PH 2017-10-28 1507 F4GVZ         59  14     IT9RKR        59  15
QSO: 21142 PH 2017-10-28 1509 F4GVZ         59  14     EA8CK         59  33
QSO: 21145 PH 2017-10-28 1511 F4GVZ         59  14     VE3UTT        59  04
QSO: 21172 PH 2017-10-28 1512 F4GVZ         59  14     LZ7A          59  20
QSO: 21176 PH 2017-10-28 1513 F4GVZ         59  14     J42T          59  20
QSO: 21186 PH 2017-10-28 1514 F4GVZ         59  14     UT0MJ         59  16
QSO: 21220 PH 2017-10-28 1516 F4GVZ         59  14     IT9FRX        59  15
QSO: 21249 PH 2017-10-28 1519 F4GVZ         59  14     KU2M          59  05
QSO: 21263 PH 2017-10-28 1519 F4GVZ         59  14     K1RX          59  05
QSO: 21282 PH 2017-10-28 1529 F4GVZ         59  14     9A9A          59  15
QSO: 21288 PH 2017-10-28 1533 F4GVZ         59  14     9H6A          59  15
QSO: 21303 PH 2017-10-28 1536 F4GVZ         59  14     II9P          59  15
QSO: 21335 PH 2017-10-28 1537 F4GVZ         59  14     PV1C          59  11
QSO: 21360 PH 2017-10-28 1541 F4GVZ         59  14     CN2R          59  33
QSO: 21437 PH 2017-10-28 1550 F4GVZ         59  14     CX2DK         59  13
QSO: 21434 PH 2017-10-28 1550 F4GVZ         59  14     W1NA          59  05
QSO: 21412 PH 2017-10-28 1552 F4GVZ         59  14     N2TK          59  05
QSO: 21402 PH 2017-10-28 1552 F4GVZ         59  14     3V8SS         59  33
QSO: 21349 PH 2017-10-28 1557 F4GVZ         59  14     N2IC          59  04
QSO: 21290 PH 2017-10-28 1600 F4GVZ         59  14     CN3A          59  33
QSO: 21265 PH 2017-10-28 1603 F4GVZ         59  14     N5AA          59  04
QSO: 21262 PH 2017-10-28 1605 F4GVZ         59  14     VE2IDX        59  02
QSO: 21250 PH 2017-10-28 1605 F4GVZ         59  14     ZV5O          59  11
QSO: 21243 PH 2017-10-28 1607 F4GVZ         59  14     9A7A          59  15
QSO: 21239 PH 2017-10-28 1608 F4GVZ         59  14     W0AIH         59  04
QSO: 21237 PH 2017-10-28 1609 F4GVZ         59  14     K1DG          59  05
QSO: 21221 PH 2017-10-28 1612 F4GVZ         59  14     K1KI          59  05
QSO: 21186 PH 2017-10-28 1614 F4GVZ         59  14     IO9R          59  15
QSO: 21177 PH 2017-10-28 1614 F4GVZ         59  14     ZB2TT         59  14
QSO: 14152 PH 2017-10-28 1623 F4GVZ         59  14     OG6N          59  15
QSO: 14164 PH 2017-10-28 1625 F4GVZ         59  14     S57DX         59  15
QSO: 14181 PH 2017-10-28 1627 F4GVZ         59  14     CR6P          59  14
QSO: 14192 PH 2017-10-28 1628 F4GVZ         59  14     IB4A          59  15
QSO: 14195 PH 2017-10-28 1630 F4GVZ         59  14     S57S          59  15
QSO: 14207 PH 2017-10-28 1632 F4GVZ         59  14     J42T          59  20
QSO: 14219 PH 2017-10-28 1633 F4GVZ         59  14     9A8A          59  15
QSO: 14220 PH 2017-10-28 1633 F4GVZ         59  14     UA4M          59  16
QSO: 14229 PH 2017-10-28 1634 F4GVZ         59  14     YT1X          59  15
QSO: 14255 PH 2017-10-28 1636 F4GVZ         59  14     IT9RBW        59  15
QSO: 14257 PH 2017-10-28 1637 F4GVZ         59  14     4L0A          59  21
QSO: 14262 PH 2017-10-28 1638 F4GVZ         59  14     EA3GHZ        59  14
QSO: 14266 PH 2017-10-28 1639 F4GVZ         59  14     S56K          59  15
QSO: 14277 PH 2017-10-28 1641 F4GVZ         59  14     DL2ARD        59  14
QSO: 14281 PH 2017-10-28 1642 F4GVZ         59  14     S53EO         59  15
QSO: 14283 PH 2017-10-28 1642 F4GVZ         59  14     S57AL         59  15
QSO: 14307 PH 2017-10-28 1643 F4GVZ         59  14     EE5T          59  14
QSO: 14314 PH 2017-10-28 1644 F4GVZ         59  14     EB5KT         59  14
QSO: 14338 PH 2017-10-28 1648 F4GVZ         59  14     AB3CX         59  05
QSO: 14341 PH 2017-10-28 1649 F4GVZ         59  14     IR2L          59  15
QSO: 14344 PH 2017-10-28 1650 F4GVZ         59  14     IB9T          59  15
QSO: 14347 PH 2017-10-28 1650 F4GVZ         59  14     S50K          59  15
QSO: 14349 PH 2017-10-28 1651 F4GVZ         59  14     IB4K          59  15
QSO:  7047 PH 2017-10-28 1850 F4GVZ         59  14     SQ8ERS        59  15
QSO:  7046 PH 2017-10-28 1851 F4GVZ         59  14     S54K          59  15
QSO:  7049 PH 2017-10-28 1856 F4GVZ         59  14     RC7KY         59  16
QSO:  7052 PH 2017-10-28 1856 F4GVZ         59  14     EU1A          59  16
QSO:  7057 PH 2017-10-28 1858 F4GVZ         59  14     E78T          59  15
QSO:  7065 PH 2017-10-28 1859 F4GVZ         59  14     UA4S          59  16
QSO:  7069 PH 2017-10-28 1902 F4GVZ         59  14     EE2K          59  14
QSO:  7071 PH 2017-10-28 1904 F4GVZ         59  14     YU1EW         59  15
QSO:  7075 PH 2017-10-28 1906 F4GVZ         59  14     EU1WW         59  16
QSO:  7093 PH 2017-10-28 1911 F4GVZ         59  14     UB6B          59  16
QSO:  7100 PH 2017-10-28 1912 F4GVZ         59  14     EW2W          59  16
QSO:  7114 PH 2017-10-28 1913 F4GVZ         59  14     E73ESP        59  15
QSO:  7141 PH 2017-10-28 1919 F4GVZ         59  14     EF5I          59  14
QSO:  7147 PH 2017-10-28 1920 F4GVZ         59  14     EC5AN         59  14
QSO:  7158 PH 2017-10-28 1921 F4GVZ         59  14     OE2S          59  15
QSO:  7176 PH 2017-10-28 1922 F4GVZ         59  14     EF7T          59  14
QSO:  7182 PH 2017-10-28 1923 F4GVZ         59  14     OE3K          59  15
QSO:  7187 PH 2017-10-28 1925 F4GVZ         59  14     SQ6H          59  15
QSO:  7198 PH 2017-10-28 1927 F4GVZ         59  14     IB2T          59  15
QSO:  7184 PH 2017-10-28 1929 F4GVZ         59  14     SN8B          59  15
QSO:  7159 PH 2017-10-28 1930 F4GVZ         59  14     DA0WRTC       59  14
QSO:  7135 PH 2017-10-28 1932 F4GVZ         59  14     ES9C          59  15
QSO:  7130 PH 2017-10-28 1932 F4GVZ         59  14     RA3Y          59  16
QSO:  7120 PH 2017-10-28 1936 F4GVZ         59  14     HB2U          59  14
QSO:  7117 PH 2017-10-28 1938 F4GVZ         59  14     UP2L          59  17
QSO:  7093 PH 2017-10-28 1943 F4GVZ         59  14     CN2AA         59  33
QSO:  7081 PH 2017-10-28 1948 F4GVZ         59  14     LY4Q          59  15
QSO:  7079 PH 2017-10-28 1949 F4GVZ         59  14     LY2MM         59  15
QSO:  7051 PH 2017-10-28 1952 F4GVZ         59  14     R2FBK         59  15
QSO:  7049 PH 2017-10-28 1953 F4GVZ         59  14     UR4LRG        59  16
QSO:  7047 PH 2017-10-28 1955 F4GVZ         59  14     RL9Y          59  18
QSO:  3623 PH 2017-10-28 1959 F4GVZ         59  14     5P2C          59  14
QSO:  3629 PH 2017-10-28 2001 F4GVZ         59  14     GW4SHW        59  14
QSO:  3647 PH 2017-10-28 2004 F4GVZ         59  14     SJ0X          59  14
QSO:  3650 PH 2017-10-28 2005 F4GVZ         59  14     S56K          59  15
QSO:  3652 PH 2017-10-28 2005 F4GVZ         59  14     PI4M          59  14
QSO:  3655 PH 2017-10-28 2006 F4GVZ         59  14     PI4CC         59  14
QSO:  3663 PH 2017-10-28 2008 F4GVZ         59  14     OT1L          59  14
QSO:  3668 PH 2017-10-28 2008 F4GVZ         59  14     PC2L          59  14
QSO:  3676 PH 2017-10-28 2010 F4GVZ         59  14     G5O           59  14
QSO:  3677 PH 2017-10-28 2012 F4GVZ         59  14     SN7H          59  15
QSO:  3687 PH 2017-10-28 2013 F4GVZ         59  14     S51A          59  15
QSO:  3694 PH 2017-10-28 2014 F4GVZ         59  14     SQ8N          59  15
QSO:  3708 PH 2017-10-28 2018 F4GVZ         59  14     LN8W          59  14
QSO:  3714 PH 2017-10-28 2019 F4GVZ         59  14     EI9E          59  14
QSO:  3717 PH 2017-10-28 2020 F4GVZ         59  14     EI4GNB        59  14
QSO:  3720 PH 2017-10-28 2021 F4GVZ         59  14     E73ESP        59  15
QSO:  3728 PH 2017-10-28 2022 F4GVZ         59  14     LY8O          59  15
QSO:  3730 PH 2017-10-28 2022 F4GVZ         59  14     UT9EZ         59  16
QSO:  3732 PH 2017-10-28 2023 F4GVZ         59  14     9A1AR         59  15
QSO:  3737 PH 2017-10-28 2026 F4GVZ         59  14     DM5TS         59  14
QSO:  3744 PH 2017-10-28 2027 F4GVZ         59  14     RM2U          59  16
QSO:  3750 PH 2017-10-28 2028 F4GVZ         59  14     ES9C          59  15
QSO:  3756 PH 2017-10-28 2029 F4GVZ         59  14     YL3CW         59  15
QSO:  3789 PH 2017-10-28 2036 F4GVZ         59  14     DA0WRTC       59  14
QSO:  3604 PH 2017-10-29 0458 F4GVZ         59  14     HB9PUE        59  14
QSO:  3611 PH 2017-10-29 0459 F4GVZ         59  14     N5DM          59  05
QSO:  3636 PH 2017-10-29 0502 F4GVZ         59  14     HB9TOC        59  14
QSO:  3649 PH 2017-10-29 0502 F4GVZ         59  14     OT6M          59  14
QSO:  3663 PH 2017-10-29 0504 F4GVZ         59  14     ON3WM         59  14
QSO:  3665 PH 2017-10-29 0505 F4GVZ         59  14     M4A           59  14
QSO:  3678 PH 2017-10-29 0506 F4GVZ         59  14     IR2L          59  15
QSO:  3707 PH 2017-10-29 0509 F4GVZ         59  14     ED7R          59  14
QSO:  3709 PH 2017-10-29 0510 F4GVZ         59  14     YO3APJ        59  20
QSO:  3712 PH 2017-10-29 0511 F4GVZ         59  14     OZ5BAL        59  14
QSO:  3716 PH 2017-10-29 0512 F4GVZ         59  14     OE9MON        59  15
QSO:  3732 PH 2017-10-29 0514 F4GVZ         59  14     IZ8XXE        59  15
QSO:  3735 PH 2017-10-29 0514 F4GVZ         59  14     GM2T          59  14
QSO:  3738 PH 2017-10-29 0515 F4GVZ         59  14     IR4M          59  15
QSO:  3741 PH 2017-10-29 0516 F4GVZ         59  14     OK1FIG        59  15
QSO:  3743 PH 2017-10-29 0517 F4GVZ         59  14     HB0/DD5ZZ     59  14
QSO:  3748 PH 2017-10-29 0520 F4GVZ         59  14     FY5KE         59  09
QSO:  3780 PH 2017-10-29 0523 F4GVZ         59  14     II4A          59  15
QSO:  3816 PH 2017-10-29 0525 F4GVZ         59  14     KC1XX         59  05
QSO:  3794 PH 2017-10-29 0527 F4GVZ         59  14     LX7I          59  14
QSO:  3789 PH 2017-10-29 0528 F4GVZ         59  14     8P5A          59  08
QSO:  3755 PH 2017-10-29 0531 F4GVZ         59  14     9A7A          59  15
QSO:  3754 PH 2017-10-29 0534 F4GVZ         59  14     9Y4W          59  09
QSO:  3751 PH 2017-10-29 0535 F4GVZ         59  14     SP6IXF        59  15
QSO:  3732 PH 2017-10-29 0536 F4GVZ         59  14     SP9RCL        59  15
QSO:  3727 PH 2017-10-29 0536 F4GVZ         59  14     DJ7UC         59  14
QSO:  3701 PH 2017-10-29 0539 F4GVZ         59  14     VE3JM         59  04
QSO:  3658 PH 2017-10-29 0542 F4GVZ         59  14     S54I          59  15
QSO:  3607 PH 2017-10-29 0548 F4GVZ         59  14     EF3T          59  14
QSO:  3628 PH 2017-10-29 0550 F4GVZ         59  14     PJ2T          59  09
QSO:  3643 PH 2017-10-29 0551 F4GVZ         59  14     K1XM          59  05
QSO:  3683 PH 2017-10-29 0552 F4GVZ         59  14     UA2FZ         59  15
QSO:  3696 PH 2017-10-29 0553 F4GVZ         59  14     LA4C          59  14
QSO:  3712 PH 2017-10-29 0556 F4GVZ         59  14     SK3W          59  14
QSO:  3728 PH 2017-10-29 0556 F4GVZ         59  14     IK2YCW        59  15
QSO:  3748 PH 2017-10-29 0603 F4GVZ         59  14     OH3Z          59  15
QSO:  3726 PH 2017-10-29 0604 F4GVZ         59  14     DF9XV         59  14
QSO:  3713 PH 2017-10-29 0604 F4GVZ         59  14     EE5T          59  14
QSO:  3703 PH 2017-10-29 0606 F4GVZ         59  14     VE3EJ         59  04
QSO:  7048 PH 2017-10-29 0611 F4GVZ         59  14     IZ7NMD        59  15
QSO:  7050 PH 2017-10-29 0612 F4GVZ         59  14     4O7CC         59  15
QSO:  7074 PH 2017-10-29 0613 F4GVZ         59  14     DR7A          59  14
QSO:  7085 PH 2017-10-29 0614 F4GVZ         59  14     PX2A          59  11
QSO:  7101 PH 2017-10-29 0616 F4GVZ         59  14     LY7Z          59  15
QSO:  7102 PH 2017-10-29 0617 F4GVZ         59  14     LZ4AW         59  20
QSO:  7142 PH 2017-10-29 0624 F4GVZ         59  14     N5DX          59  05
QSO:  7142 PH 2017-10-29 0626 F4GVZ         59  14     FY5KE         59  09
QSO:  7153 PH 2017-10-29 0629 F4GVZ         59  14     LZ9W          59  20
QSO:  7155 PH 2017-10-29 0630 F4GVZ         59  14     I2SVA         59  15
QSO:  7157 PH 2017-10-29 0631 F4GVZ         59  14     N4WW          59  05
QSO:  7161 PH 2017-10-29 0632 F4GVZ         59  14     K1TTT         59  05
QSO:  7177 PH 2017-10-29 0634 F4GVZ         59  14     IQ3RK         59  15
QSO:  7185 PH 2017-10-29 0635 F4GVZ         59  14     CN2R          59  33
QSO:  7192 PH 2017-10-29 0635 F4GVZ         59  14     RW2F          59  15
QSO:  7199 PH 2017-10-29 0641 F4GVZ         59  14     W1NA          59  05
QSO:  7196 PH 2017-10-29 0642 F4GVZ         59  14     EC2DX         59  14
QSO:  7182 PH 2017-10-29 0643 F4GVZ         59  14     K5TR          59  04
QSO:  7178 PH 2017-10-29 0644 F4GVZ         59  14     EA5DFV        59  14
QSO:  7172 PH 2017-10-29 0644 F4GVZ         59  14     NR3X          59  05
QSO:  7146 PH 2017-10-29 0646 F4GVZ         59  14     HG5A          59  15
QSO:  7139 PH 2017-10-29 0647 F4GVZ         59  14     OE9MON        59  15
QSO:  7122 PH 2017-10-29 0649 F4GVZ         59  14     EA3HJO        59  14
QSO:  7120 PH 2017-10-29 0650 F4GVZ         59  14     EF3T          59  14
QSO:  7096 PH 2017-10-29 0653 F4GVZ         59  14     EA3QP         59  14
QSO:  7089 PH 2017-10-29 0654 F4GVZ         59  14     IK5ZWU        59  15
QSO:  7058 PH 2017-10-29 0658 F4GVZ         59  14     OE5XRL        59  15
QSO: 14102 PH 2017-10-29 0719 F4GVZ         59  14     UT3EV         59  16
QSO: 14107 PH 2017-10-29 0723 F4GVZ         59  14     RA3XM         59  16
QSO: 14119 PH 2017-10-29 0726 F4GVZ         59  14     E74Y          59  15
QSO: 14124 PH 2017-10-29 0731 F4GVZ         59  14     LY2BIS        59  15
QSO: 14133 PH 2017-10-29 0732 F4GVZ         59  14     LY1R          59  15
QSO: 14134 PH 2017-10-29 0733 F4GVZ         59  14     S57K          59  15
QSO: 14136 PH 2017-10-29 0737 F4GVZ         59  14     RN9T          59  16
QSO: 14154 PH 2017-10-29 0740 F4GVZ         59  14     UA2FZ         59  15
QSO: 14159 PH 2017-10-29 0744 F4GVZ         59  14     EA5DFV        59  14
QSO: 14165 PH 2017-10-29 0745 F4GVZ         59  14     9H6A          59  15
QSO: 14168 PH 2017-10-29 0750 F4GVZ         59  14     SM0T          59  14
QSO: 14170 PH 2017-10-29 0751 F4GVZ         59  14     LZ2YO         59  20
QSO: 14177 PH 2017-10-29 0752 F4GVZ         59  14     OF1F          59  15
QSO: 14178 PH 2017-10-29 0754 F4GVZ         59  14     TC0F          59  20
QSO: 14192 PH 2017-10-29 0756 F4GVZ         59  14     YO7SR         59  20
QSO: 14198 PH 2017-10-29 0758 F4GVZ         59  14     SK3W          59  14
QSO: 14201 PH 2017-10-29 0758 F4GVZ         59  14     CN2AA         59  33
QSO: 14210 PH 2017-10-29 0802 F4GVZ         59  14     EF5I          59  14
QSO: 14210 PH 2017-10-29 0804 F4GVZ         59  14     EF8R          59  33
QSO: 14213 PH 2017-10-29 0807 F4GVZ         59  14     D4C           59  35
QSO: 14215 PH 2017-10-29 0808 F4GVZ         59  14     LZ5R          59  20
QSO: 14217 PH 2017-10-29 0809 F4GVZ         59  14     IZ6BXV        59  15
QSO: 14228 PH 2017-10-29 0811 F4GVZ         59  14     EU1WW         59  16
QSO: 14234 PH 2017-10-29 0813 F4GVZ         59  14     DL0CS         59  14
QSO: 14240 PH 2017-10-29 0813 F4GVZ         59  14     CR6K          59  14
QSO: 14245 PH 2017-10-29 0815 F4GVZ         59  14     RM4HZ         59  16
QSO: 14247 PH 2017-10-29 0816 F4GVZ         59  14     CR3W          59  33
QSO: 14250 PH 2017-10-29 0816 F4GVZ         59  14     S52OT         59  15
QSO: 14257 PH 2017-10-29 0817 F4GVZ         59  14     IQ0RU         59  15
QSO: 14265 PH 2017-10-29 0818 F4GVZ         59  14     SP6IXF        59  15
QSO: 14269 PH 2017-10-29 0819 F4GVZ         59  14     LZ9W          59  20
QSO: 14278 PH 2017-10-29 0820 F4GVZ         59  14     OZ7X          59  14
QSO: 14292 PH 2017-10-29 0822 F4GVZ         59  14     SN8B          59  15
QSO: 14299 PH 2017-10-29 0824 F4GVZ         59  14     SJ0X          59  14
QSO: 14311 PH 2017-10-29 0826 F4GVZ         59  14     IZ8XXE        59  15
QSO: 14312 PH 2017-10-29 0827 F4GVZ         59  14     EA3IN         59  14
QSO: 14332 PH 2017-10-29 0828 F4GVZ         59  14     UV7V          59  16
QSO: 14335 PH 2017-10-29 0829 F4GVZ         59  14     ED1T          59  14
QSO: 14337 PH 2017-10-29 0829 F4GVZ         59  14     UD4F          59  16
QSO: 14343 PH 2017-10-29 0830 F4GVZ         59  14     S52ZW         59  15
QSO: 14339 PH 2017-10-29 0831 F4GVZ         59  14     JH8YOH        59  25
QSO: 14318 PH 2017-10-29 0833 F4GVZ         59  14     CQ8M          59  14
QSO: 14286 PH 2017-10-29 0835 F4GVZ         59  14     RT0C          59  19
QSO: 14264 PH 2017-10-29 0839 F4GVZ         59  14     PX2A          59  11
QSO: 14258 PH 2017-10-29 0840 F4GVZ         59  14     OF8L          59  15
QSO: 14255 PH 2017-10-29 0841 F4GVZ         59  14     DF0HQ         59  14
QSO: 14250 PH 2017-10-29 0842 F4GVZ         59  14     IV3CNZ        59  15
QSO: 14242 PH 2017-10-29 0843 F4GVZ         59  14     S54K          59  15
QSO: 14230 PH 2017-10-29 0845 F4GVZ         59  14     S57PKT        59  15
QSO: 14208 PH 2017-10-29 0847 F4GVZ         59  14     CR3A          59  33
QSO: 14188 PH 2017-10-29 0848 F4GVZ         59  14     E74E          59  15
QSO: 14184 PH 2017-10-29 0848 F4GVZ         59  14     EA8JR         59  33
QSO: 14169 PH 2017-10-29 0849 F4GVZ         59  14     IT9ESW        59  15
QSO: 14163 PH 2017-10-29 0850 F4GVZ         59  14     YP7P          59  20
QSO: 14162 PH 2017-10-29 0850 F4GVZ         59  14     US5D          59  16
QSO: 14156 PH 2017-10-29 0851 F4GVZ         59  14     OK1C          59  15
QSO: 14140 PH 2017-10-29 0852 F4GVZ         59  14     SP2KPD        59  15
QSO: 14134 PH 2017-10-29 0854 F4GVZ         59  14     RM1Q          59  16
QSO: 14127 PH 2017-10-29 0855 F4GVZ         59  14     OM6DN         59  15
QSO: 14107 PH 2017-10-29 0857 F4GVZ         59  14     4O7CC         59  15
QSO: 14101 PH 2017-10-29 0859 F4GVZ         59  14     9A9Z          59  15
QSO: 14136 PH 2017-10-29 0902 F4GVZ         59  14     R3GM          59  16
QSO: 14155 PH 2017-10-29 0903 F4GVZ         59  14     8S0C          59  14
QSO: 14173 PH 2017-10-29 0904 F4GVZ         59  14     II0I          59  15
QSO: 14180 PH 2017-10-29 0905 F4GVZ         59  14     YT2ISM        59  15
QSO: 14181 PH 2017-10-29 0905 F4GVZ         59  14     SQ9MUO        59  15
QSO: 14187 PH 2017-10-29 0906 F4GVZ         59  14     YT7E          59  15
QSO: 14245 PH 2017-10-29 0911 F4GVZ         59  14     R7CA          59  16
QSO: 14279 PH 2017-10-29 0913 F4GVZ         59  14     OH3Z          59  15
QSO: 14280 PH 2017-10-29 0913 F4GVZ         59  14     4L2M          59  21
QSO: 14283 PH 2017-10-29 0914 F4GVZ         59  14     EF1W          59  14
QSO: 14285 PH 2017-10-29 0914 F4GVZ         59  14     II9P          59  15
QSO: 14310 PH 2017-10-29 0916 F4GVZ         59  14     IR1Y          59  15
QSO: 14315 PH 2017-10-29 0916 F4GVZ         59  14     LN8W          59  14
QSO: 14339 PH 2017-10-29 0918 F4GVZ         59  14     YT1A          59  15
QSO: 14350 PH 2017-10-29 0919 F4GVZ         59  14     UZ7M          59  16
QSO: 14303 PH 2017-10-29 0921 F4GVZ         59  14     HA3FTA        59  15
QSO: 14162 PH 2017-10-29 0923 F4GVZ         59  14     RT6A          59  16
QSO: 21147 PH 2017-10-29 0929 F4GVZ         59  14     LZ9V          59  20
QSO: 21150 PH 2017-10-29 0930 F4GVZ         59  14     RJ4P          59  16
QSO: 21186 PH 2017-10-29 0935 F4GVZ         59  14     RV3FF         59  16
QSO: 21189 PH 2017-10-29 0936 F4GVZ         59  14     UA4S          59  16
QSO: 21192 PH 2017-10-29 0938 F4GVZ         59  14     ED7B          59  14
QSO: 21192 PH 2017-10-29 0939 F4GVZ         59  14     EE7P          59  14
QSO: 21198 PH 2017-10-29 0940 F4GVZ         59  14     UP2L          59  17
QSO: 21203 PH 2017-10-29 0940 F4GVZ         59  14     UY7MM         59  16
QSO: 21211 PH 2017-10-29 0941 F4GVZ         59  14     R2VA          59  16
QSO: 21218 PH 2017-10-29 0942 F4GVZ         59  14     RM3A          59  16
QSO: 21233 PH 2017-10-29 0942 F4GVZ         59  14     UY1HY         59  16
QSO: 21235 PH 2017-10-29 0943 F4GVZ         59  14     RY6Y          59  16
QSO: 21246 PH 2017-10-29 0945 F4GVZ         59  14     ZX5J          59  11
QSO: 21272 PH 2017-10-29 0947 F4GVZ         59  14     C37RC         59  14
QSO: 21277 PH 2017-10-29 0949 F4GVZ         59  14     CU4DX         59  14
QSO: 21290 PH 2017-10-29 0950 F4GVZ         59  14     UX7IW         59  16
QSO: 21291 PH 2017-10-29 0950 F4GVZ         59  14     YL2BJ         59  15
QSO: 21302 PH 2017-10-29 0951 F4GVZ         59  14     EC2DX         59  14
QSO: 21310 PH 2017-10-29 0952 F4GVZ         59  14     UW5ZM         59  16
QSO: 21345 PH 2017-10-29 0954 F4GVZ         59  14     R7AM          59  16
QSO: 21347 PH 2017-10-29 0955 F4GVZ         59  14     YL3FT         59  15
QSO: 21362 PH 2017-10-29 0956 F4GVZ         59  14     UR6IJ         59  16
QSO: 21373 PH 2017-10-29 1006 F4GVZ         59  14     UA9TF         59  16
QSO: 21399 PH 2017-10-29 1012 F4GVZ         59  14     CQ3W          59  33
QSO: 21402 PH 2017-10-29 1012 F4GVZ         59  14     EA5KV         59  14
QSO: 21407 PH 2017-10-29 1013 F4GVZ         59  14     EC4TR         59  14
QSO: 21422 PH 2017-10-29 1017 F4GVZ         59  14     RT9T/3        59  16
QSO: 21432 PH 2017-10-29 1017 F4GVZ         59  14     C4A           59  20
QSO: 21435 PH 2017-10-29 1024 F4GVZ         59  14     OD5ZZ         59  20
QSO: 21444 PH 2017-10-29 1025 F4GVZ         59  14     A44A          59  21
QSO: 21447 PH 2017-10-29 1026 F4GVZ         59  14     RM3F          59  16
QSO: 21420 PH 2017-10-29 1027 F4GVZ         59  14     EC5AN         59  14
QSO: 21411 PH 2017-10-29 1028 F4GVZ         59  14     SV1JG         59  20
QSO: 21399 PH 2017-10-29 1030 F4GVZ         59  14     OH6ECM        59  15
QSO: 21394 PH 2017-10-29 1030 F4GVZ         59  14     OH5Y          59  15
QSO: 21354 PH 2017-10-29 1032 F4GVZ         59  14     EA5TS         59  14
QSO: 21344 PH 2017-10-29 1034 F4GVZ         59  14     OG6N          59  15
QSO: 21317 PH 2017-10-29 1036 F4GVZ         59  14     YL2GD         59  15
QSO: 21271 PH 2017-10-29 1040 F4GVZ         59  14     A73A          59  21
QSO: 21268 PH 2017-10-29 1041 F4GVZ         59  14     EF8R          59  33
QSO: 21240 PH 2017-10-29 1044 F4GVZ         59  14     OH6K          59  15
QSO: 21238 PH 2017-10-29 1046 F4GVZ         59  14     R2AD          59  16
QSO: 21234 PH 2017-10-29 1047 F4GVZ         59  14     RT9L          59  17
QSO: 21232 PH 2017-10-29 1048 F4GVZ         59  14     RK8I          59  18
QSO: 21222 PH 2017-10-29 1050 F4GVZ         59  14     UA4M          59  16
QSO: 21213 PH 2017-10-29 1054 F4GVZ         59  14     UA3R          59  16
QSO: 21211 PH 2017-10-29 1054 F4GVZ         59  14     UW1M          59  16
QSO: 21206 PH 2017-10-29 1055 F4GVZ         59  14     OH8WW         59  15
QSO: 21190 PH 2017-10-29 1057 F4GVZ         59  14     EA8CMX        59  33
QSO: 21177 PH 2017-10-29 1059 F4GVZ         59  14     OF1Z          59  15
QSO: 21169 PH 2017-10-29 1100 F4GVZ         59  14     OH2KW         59  15
QSO: 21166 PH 2017-10-29 1101 F4GVZ         59  14     RM1Q          59  16
QSO: 21161 PH 2017-10-29 1102 F4GVZ         59  14     UY2UQ         59  16
QSO: 21149 PH 2017-10-29 1103 F4GVZ         59  14     RU3Q          59  16
QSO: 21145 PH 2017-10-29 1104 F4GVZ         59  14     CR5T          59  14
QSO: 21137 PH 2017-10-29 1104 F4GVZ         59  14     YO4NF         59  20
QSO: 28399 PH 2017-10-29 1305 F4GVZ         59  14     S50A          59  15
QSO: 21131 PH 2017-10-29 1319 F4GVZ         59  14     ZZ2TT         59  11
QSO: 21147 PH 2017-10-29 1321 F4GVZ         59  14     VP2MDG        59  08
QSO: 21152 PH 2017-10-29 1322 F4GVZ         59  14     A61FK         59  21
QSO: 21168 PH 2017-10-29 1323 F4GVZ         59  14     VA3DF         59  04
QSO: 21182 PH 2017-10-29 1325 F4GVZ         59  14     A61EK         59  21
QSO: 21193 PH 2017-10-29 1326 F4GVZ         59  14     VE3EJ         59  04
QSO: 21216 PH 2017-10-29 1328 F4GVZ         59  14     W3UA          59  05
QSO: 21218 PH 2017-10-29 1332 F4GVZ         59  14     V26B          59  08
QSO: 21224 PH 2017-10-29 1337 F4GVZ         59  14     K1XM          59  05
QSO: 21233 PH 2017-10-29 1343 F4GVZ         59  14     FR4QT         59  39
QSO: 21235 PH 2017-10-29 1344 F4GVZ         59  14     SX2X          59  20
QSO: 21244 PH 2017-10-29 1345 F4GVZ         59  14     K3ZO          59  05
QSO: 21253 PH 2017-10-29 1346 F4GVZ         59  14     UR7R          59  16
QSO: 21265 PH 2017-10-29 1352 F4GVZ         59  14     NT5V          59  04
QSO: 21272 PH 2017-10-29 1353 F4GVZ         59  14     RT5Z          59  16
QSO: 21290 PH 2017-10-29 1355 F4GVZ         59  14     SZ1A          59  20
QSO: 21293 PH 2017-10-29 1358 F4GVZ         59  14     R7AB          59  16
QSO: 21307 PH 2017-10-29 1400 F4GVZ         59  14     K3WW          59  05
QSO: 21327 PH 2017-10-29 1402 F4GVZ         59  14     K1KP          59  05
QSO: 21348 PH 2017-10-29 1407 F4GVZ         59  14     PZ5K          59  09
QSO: 21358 PH 2017-10-29 1408 F4GVZ         59  14     SZ3P          59  20
QSO: 21361 PH 2017-10-29 1411 F4GVZ         59  14     RT6A          59  16
QSO: 21365 PH 2017-10-29 1411 F4GVZ         59  14     UA7K          59  16
QSO: 21374 PH 2017-10-29 1413 F4GVZ         59  14     K1ZZ          59  05
QSO: 21390 PH 2017-10-29 1417 F4GVZ         59  14     AA2OAX        59  05
QSO: 21416 PH 2017-10-29 1419 F4GVZ         59  14     K2PLF         59  05
QSO: 21418 PH 2017-10-29 1420 F4GVZ         59  14     CR3A          59  33
QSO: 21428 PH 2017-10-29 1422 F4GVZ         59  14     K8AZ          59  04
QSO: 21380 PH 2017-10-29 1432 F4GVZ         59  14     NK8Q          59  05
QSO: 21371 PH 2017-10-29 1433 F4GVZ         59  14     N1MM          59  05
QSO: 21343 PH 2017-10-29 1436 F4GVZ         59  14     UZ5ZM         59  16
QSO: 21337 PH 2017-10-29 1436 F4GVZ         59  14     W5MX          59  04
QSO: 21304 PH 2017-10-29 1439 F4GVZ         59  14     AA1K          59  05
QSO: 21219 PH 2017-10-29 1449 F4GVZ         59  14     N2SR          59  05
QSO: 21210 PH 2017-10-29 1450 F4GVZ         59  14     KQ2M          59  05
QSO: 21215 PH 2017-10-29 1501 F4GVZ         59  14     N2RJ          59  05
QSO: 21239 PH 2017-10-29 1508 F4GVZ         59  14     VE3RZ         59  04
QSO: 21243 PH 2017-10-29 1512 F4GVZ         59  14     K5TR          59  04
QSO: 21245 PH 2017-10-29 1514 F4GVZ         59  14     FY5KE         59  09
QSO: 21425 PH 2017-10-29 1526 F4GVZ         59  14     W4MLB         59  05
QSO: 21428 PH 2017-10-29 1528 F4GVZ         59  14     AA1ON         59  05
QSO: 21429 PH 2017-10-29 1530 F4GVZ         59  14     K3OO          59  05
QSO: 21439 PH 2017-10-29 1531 F4GVZ         59  14     AA3B          59  05
QSO: 21413 PH 2017-10-29 1538 F4GVZ         59  14     8P5A          59  08
QSO: 21352 PH 2017-10-29 1539 F4GVZ         59  14     VC3X          59  04
QSO: 21250 PH 2017-10-29 1543 F4GVZ         59  14     CN8VO         59  33
QSO: 21228 PH 2017-10-29 1549 F4GVZ         59  14     EA8KY         59  33
QSO: 21242 PH 2017-10-29 1550 F4GVZ         59  14     W9RE          59  04
QSO: 21246 PH 2017-10-29 1551 F4GVZ         59  14     TI2CC         59  07
QSO: 21247 PH 2017-10-29 1552 F4GVZ         59  14     EA8KC         59  33
QSO: 21254 PH 2017-10-29 1553 F4GVZ         59  14     N7AT          59  03
QSO: 21258 PH 2017-10-29 1556 F4GVZ         59  14     W0RIC         59  03
QSO: 21292 PH 2017-10-29 1600 F4GVZ         59  14     9Y4D          59  09
QSO: 21335 PH 2017-10-29 1603 F4GVZ         59  14     WA6TQT        59  03
QSO: 21351 PH 2017-10-29 1605 F4GVZ         59  14     AA9A          59  04
QSO: 21382 PH 2017-10-29 1607 F4GVZ         59  14     K2LE          59  05
QSO: 21413 PH 2017-10-29 1610 F4GVZ         59  14     NV9L          59  04
QSO: 21420 PH 2017-10-29 1611 F4GVZ         59  14     PJ2DD         59  09
QSO: 21430 PH 2017-10-29 1612 F4GVZ         59  14     FM5BH         59  08
QSO: 21447 PH 2017-10-29 1614 F4GVZ         59  14     W1XX          59  05
QSO: 21383 PH 2017-10-29 1618 F4GVZ         59  14     N6WM          59  03
QSO: 21331 PH 2017-10-29 1627 F4GVZ         59  14     P40W          59  09
QSO: 21305 PH 2017-10-29 1638 F4GVZ         59  14     K6DTT         59  05
QSO: 21301 PH 2017-10-29 1639 F4GVZ         59  14     KD2RD         59  05
QSO: 21291 PH 2017-10-29 1639 F4GVZ         59  14     W1NT          59  05
QSO: 21248 PH 2017-10-29 1643 F4GVZ         59  14     W8PR          59  04
QSO: 21242 PH 2017-10-29 1643 F4GVZ         59  14     ZV2C          59  11
QSO: 21209 PH 2017-10-29 1646 F4GVZ         59  14     KU2C          59  05
QSO: 21207 PH 2017-10-29 1647 F4GVZ         59  14     PY9GC         59  11
END-OF-LOG:
