START-OF-LOG: 3.0
CALLSIGN: NE3I
CONTEST: CQ-WW-SSB
CATEGORY-OPERATOR: SINGLE-OP
CATEGORY-ASSISTED: ASSISTED
CATEGORY-BAND: ALL
CATEGORY-POWER: LOW
CATEGORY-MODE: SSB
CATEGORY-TRANSMITTER: ONE
CATEGORY-OVERLAY:
CLAIMED-SCORE: 42108
NAME: ROBERT GRIFFITHS
LOCATION: EPA
OPERATORS: NE3I
CLUB: FRANKFORD RADIO CLUB
CERTIFICATE: YES
CREATED-BY: N1MM Logger+ 1.0.6858.0
QSO:  7000 PH 2017-10-28 0840 NE3I          59  5      PJ4G          59  09
QSO:  7000 PH 2017-10-28 0841 NE3I          59  5      ZF9CW         59  08
QSO:  7000 PH 2017-10-28 0843 NE3I          59  5      6Y5LZ         59  08
QSO:  7000 PH 2017-10-28 0848 NE3I          59  5      6Y4T          59  08
QSO:  7000 PH 2017-10-28 0851 NE3I          59  5      PJ2T          59  09
QSO:  7000 PH 2017-10-28 0852 NE3I          59  5      8P5A          59  08
QSO:  7000 PH 2017-10-28 0856 NE3I          59  5      HI3K          59  08
QSO: 21000 PH 2017-10-28 1440 NE3I          59  5      OE8Q          59  15
QSO: 21000 PH 2017-10-28 1441 NE3I          59  5      CR6K          59  14
QSO: 21000 PH 2017-10-28 1442 NE3I          59  5      9A9A          59  15
QSO: 21000 PH 2017-10-28 1443 NE3I          59  5      CN3A          59  33
QSO: 21000 PH 2017-10-28 1446 NE3I          59  5      TM6M          59  14
QSO: 21000 PH 2017-10-28 1449 NE3I          59  5      TM4Q          59  14
QSO: 21000 PH 2017-10-28 1450 NE3I          59  5      S53M          59  15
QSO: 21000 PH 2017-10-28 1452 NE3I          59  5      CR6T          59  14
QSO: 21000 PH 2017-10-28 1458 NE3I          59  5      EF3T          59  14
QSO: 21000 PH 2017-10-28 1459 NE3I          59  5      YT0Z          59  15
QSO: 21000 PH 2017-10-28 1501 NE3I          59  5      EF8R          59  33
QSO: 21000 PH 2017-10-28 1504 NE3I          59  5      CN2AA         59  33
QSO: 21000 PH 2017-10-28 1506 NE3I          59  5      IO5O          59  15
QSO: 21000 PH 2017-10-28 1510 NE3I          59  5      OK7Z          59  15
QSO: 21000 PH 2017-10-28 1511 NE3I          59  5      YU5R          59  15
QSO: 21000 PH 2017-10-28 1515 NE3I          59  5      ZF9CW         59  08
QSO: 21000 PH 2017-10-28 1517 NE3I          59  5      HG3DX         59  15
QSO: 21000 PH 2017-10-28 1518 NE3I          59  5      HB9PUE        59  14
QSO: 21000 PH 2017-10-28 1518 NE3I          59  5      9A7A          59  15
QSO: 21000 PH 2017-10-28 1520 NE3I          59  5      HA9RT         59  15
QSO: 21000 PH 2017-10-28 1529 NE3I          59  5      ZF2AH         59  08
QSO: 21000 PH 2017-10-28 1529 NE3I          59  5      YU1EW         59  15
QSO: 21000 PH 2017-10-28 1530 NE3I          59  5      OM7M          59  15
QSO: 21000 PH 2017-10-28 1534 NE3I          59  5      EA1DR         59  14
QSO: 21000 PH 2017-10-28 1539 NE3I          59  5      HG7T          59  15
QSO: 14000 PH 2017-10-28 1540 NE3I          59  5      V26B          59  08
QSO: 14000 PH 2017-10-28 1542 NE3I          59  5      DK3BK         59  14
QSO: 14000 PH 2017-10-28 1546 NE3I          59  5      LY5Y          59  15
QSO: 14000 PH 2017-10-28 1547 NE3I          59  5      G5O           59  14
QSO: 14000 PH 2017-10-28 1548 NE3I          59  5      G2F           59  14
QSO: 28000 PH 2017-10-28 1739 NE3I          59  5      PY2NA         59  11
QSO: 28000 PH 2017-10-28 1739 NE3I          59  5      CW5W          59  13
QSO: 28000 PH 2017-10-28 1741 NE3I          59  5      LT1F          59  13
QSO: 28000 PH 2017-10-28 1744 NE3I          59  5      LW7DX         59  13
QSO: 28000 PH 2017-10-28 1745 NE3I          59  5      9Y4W          59  09
QSO: 14000 PH 2017-10-28 1751 NE3I          59  5      UA7K          59  16
QSO: 14000 PH 2017-10-28 1757 NE3I          59  5      UW1M          59  16
QSO: 14000 PH 2017-10-28 1800 NE3I          59  5      ES9C          59  15
QSO: 14000 PH 2017-10-28 1801 NE3I          59  5      EI7M          59  14
QSO: 14000 PH 2017-10-28 1802 NE3I          59  5      OH0Z          59  15
QSO: 14000 PH 2017-10-28 1804 NE3I          59  5      OZ7X          59  14
QSO: 14000 PH 2017-10-28 1805 NE3I          59  5      RT6A          59  16
QSO: 14000 PH 2017-10-28 1806 NE3I          59  5      OF1F          59  15
QSO: 14000 PH 2017-10-28 1810 NE3I          59  5      S50K          59  15
QSO: 21000 PH 2017-10-28 1811 NE3I          59  5      VP5W          59  08
QSO: 21000 PH 2017-10-28 1814 NE3I          59  5      ZX5J          59  11
QSO: 21000 PH 2017-10-28 1816 NE3I          59  5      V3A           59  07
QSO: 21000 PH 2017-10-28 1817 NE3I          59  5      6Y1LZ         59  08
QSO: 21000 PH 2017-10-28 1818 NE3I          59  5      VE6SV         59  04
QSO: 21000 PH 2017-10-28 1819 NE3I          59  5      VE5PV         59  04
QSO: 21000 PH 2017-10-28 1820 NE3I          59  5      NH6V          59  31
QSO: 21000 PH 2017-10-28 1821 NE3I          59  5      CV7S          59  13
QSO: 21000 PH 2017-10-28 1821 NE3I          59  5      CR6P          59  14
QSO: 21000 PH 2017-10-28 1822 NE3I          59  5      FY5KE         59  09
QSO: 21000 PH 2017-10-28 1823 NE3I          59  5      PJ4K          59  09
QSO: 21000 PH 2017-10-28 1825 NE3I          59  5      PJ4Q          59  09
QSO: 21000 PH 2017-10-28 1826 NE3I          59  5      CR3A          59  33
QSO: 28000 PH 2017-10-28 1827 NE3I          59  5      LU7HN         59  13
QSO: 28000 PH 2017-10-28 1829 NE3I          59  5      PJ4G          59  09
QSO: 28000 PH 2017-10-28 1853 NE3I          59  5      YV6CR         59  09
QSO: 28000 PH 2017-10-28 1854 NE3I          59  5      PT7ZT         59  11
QSO: 28000 PH 2017-10-28 1855 NE3I          59  5      YV1SW         59  09
QSO: 21000 PH 2017-10-28 1900 NE3I          59  5      PY2NA         59  11
QSO: 21000 PH 2017-10-28 1904 NE3I          59  5      HI3K          59  08
QSO: 21000 PH 2017-10-28 1907 NE3I          59  5      9Y4D          59  09
QSO: 21000 PH 2017-10-28 1908 NE3I          59  5      HI3T          59  08
QSO: 21000 PH 2017-10-28 1909 NE3I          59  5      KH6J          59  31
QSO: 21000 PH 2017-10-28 1910 NE3I          59  5      PQ5B          59  11
QSO: 21000 PH 2017-10-28 1916 NE3I          59  5      TI5W          59  07
QSO: 21000 PH 2017-10-28 1917 NE3I          59  5      ZZ2T          59  11
QSO: 21000 PH 2017-10-28 1920 NE3I          59  5      D4Z           59  35
QSO: 21000 PH 2017-10-28 1922 NE3I          59  5      YV4YC         59  09
QSO: 21000 PH 2017-10-28 1924 NE3I          59  5      V26B          59  08
QSO: 21000 PH 2017-10-28 1927 NE3I          59  5      P40T          59  09
QSO: 14000 PH 2017-10-28 1932 NE3I          59  5      PZ5K          59  09
QSO: 14000 PH 2017-10-28 1933 NE3I          59  5      EA8JR         59  33
QSO: 14000 PH 2017-10-28 1934 NE3I          59  5      IT9RBW        59  15
QSO: 14000 PH 2017-10-28 1935 NE3I          59  5      OT5A          59  14
QSO: 14000 PH 2017-10-28 1937 NE3I          59  5      S57S          59  15
QSO: 14000 PH 2017-10-28 1938 NE3I          59  5      DL2ARD        59  14
QSO: 14000 PH 2017-10-28 1940 NE3I          59  5      KH7XS         59  31
QSO: 14000 PH 2017-10-28 1940 NE3I          59  5      CF7RR         59  03
QSO: 14000 PH 2017-10-28 1944 NE3I          59  5      S57AL         59  15
QSO: 14000 PH 2017-10-28 1944 NE3I          59  5      OK7W          59  15
QSO: 14000 PH 2017-10-28 1948 NE3I          59  5      PJ2T          59  09
QSO: 14000 PH 2017-10-28 1948 NE3I          59  5      9A7A          59  15
QSO: 14000 PH 2017-10-28 1950 NE3I          59  5      HI3T          59  08
QSO: 14000 PH 2017-10-28 1955 NE3I          59  5      CU4DX         59  14
QSO: 14000 PH 2017-10-28 1956 NE3I          59  5      IO5O          59  15
QSO: 28000 PH 2017-10-28 1959 NE3I          59  5      CA4CBK        59  12
QSO: 28000 PH 2017-10-28 2001 NE3I          59  5      CE3EPN        59  12
QSO: 28000 PH 2017-10-28 2002 NE3I          59  5      CE2AWW        59  12
QSO: 28000 PH 2017-10-28 2006 NE3I          59  5      PP1WW         59  11
QSO: 28000 PH 2017-10-28 2009 NE3I          59  5      PY4XX         59  11
QSO: 14000 PH 2017-10-28 2225 NE3I          59  5      ZZ2T          59  11
QSO: 14000 PH 2017-10-28 2230 NE3I          59  5      ZF2AH         59  08
QSO: 14000 PH 2017-10-28 2230 NE3I          59  5      HR1AAB        59  07
QSO: 14000 PH 2017-10-28 2236 NE3I          59  5      FY5KE         59  09
QSO: 14000 PH 2017-10-28 2239 NE3I          59  5      PJ4K          59  09
QSO: 14000 PH 2017-10-28 2240 NE3I          59  5      LQ0D          59  13
QSO:  7000 PH 2017-10-28 2244 NE3I          59  5      VY2ZM         59  05
QSO: 14000 PH 2017-10-28 2256 NE3I          59  5      HI3K          59  08
QSO: 14000 PH 2017-10-28 2258 NE3I          59  5      PX2A          59  11
QSO: 21000 PH 2017-10-29 1451 NE3I          59  5      PI4COM        59  14
QSO: 21000 PH 2017-10-29 1455 NE3I          59  5      PJ4G          59  09
QSO: 21000 PH 2017-10-29 1456 NE3I          59  5      M6T           59  14
QSO: 14000 PH 2017-10-29 1502 NE3I          59  5      PA0GJV        59  14
QSO: 14000 PH 2017-10-29 1505 NE3I          59  5      PI4M          59  14
QSO: 14000 PH 2017-10-29 1507 NE3I          59  5      PJ4Q          59  09
QSO: 14000 PH 2017-10-29 1509 NE3I          59  5      IK2YCW        59  15
QSO: 14000 PH 2017-10-29 1514 NE3I          59  5      9Y4W          59  09
QSO: 14000 PH 2017-10-29 1518 NE3I          59  5      OT4A          59  14
QSO: 21000 PH 2017-10-29 1520 NE3I          59  5      EF7T          59  14
QSO: 21000 PH 2017-10-29 1521 NE3I          59  5      IR4M          59  15
QSO: 21000 PH 2017-10-29 1522 NE3I          59  5      8P5A          59  08
QSO: 21000 PH 2017-10-29 1524 NE3I          59  5      IR6T          59  15
QSO: 21000 PH 2017-10-29 1525 NE3I          59  5      EA8AM         59  33
QSO: 21000 PH 2017-10-29 1531 NE3I          59  5      EI1A          59  14
QSO: 21000 PH 2017-10-29 1533 NE3I          59  5      LX7I          59  14
QSO: 21000 PH 2017-10-29 1540 NE3I          59  5      GM2T          59  14
QSO: 21000 PH 2017-10-29 1541 NE3I          59  5      LZ9W          59  20
QSO: 28000 PH 2017-10-29 1545 NE3I          59  5      PZ5K          59  09
END-OF-LOG:
