START-OF-LOG: 3.0
LOCATION: DX
CALLSIGN: YB8RW/P
CLUB: YB LAND DX CLUB
CONTEST: CQ-WW-SSB
CATEGORY-OPERATOR: SINGLE-OP
CATEGORY-ASSISTED: ASSISTED
CATEGORY-BAND: ALL
CATEGORY-MODE: SSB
CATEGORY-POWER: LOW
CATEGORY-STATION: EXPEDITION
CATEGORY-TRANSMITTER: ONE
CLAIMED-SCORE: 17621
OPERATORS: YB8RW 
NAME: Syariefudin Syah
CERTIFICATE: YES
CREATED-BY: N1MM Logger+ 1.0.6059.0
QSO: 14000 PH 2017-10-28 0222 YB8RW/P       59  28     YB7SKM        59  28
QSO: 14000 PH 2017-10-28 0241 YB8RW/P       59  28     YB0MWM        59  28
QSO: 14222 PH 2017-10-28 0248 YB8RW/P       59  28     JN1UII        59  25
QSO: 14245 PH 2017-10-28 0320 YB8RW/P       59  28     HS5SRH        59  26
QSO: 21190 PH 2017-10-28 0423 YB8RW/P       59  28     YC2YIZ        59  28
QSO: 21195 PH 2017-10-28 0425 YB8RW/P       59  28     VK2XZ         59  30
QSO: 14295 PH 2017-10-28 0426 YB8RW/P       59  28     BI4WXD        59  24
QSO: 21211 PH 2017-10-28 0431 YB8RW/P       59  28     JR1GSE        59  25
QSO: 21220 PH 2017-10-28 0433 YB8RW/P       59  28     YB1PEF        59  28
QSO: 21224 PH 2017-10-28 0444 YB8RW/P       59  28     YB1AR         59  28
QSO: 14222 PH 2017-10-28 0451 YB8RW/P       59  28     VK4KW         59  30
QSO: 14222 PH 2017-10-28 0455 YB8RW/P       59  28     VK2SR         59  30
QSO: 14222 PH 2017-10-28 0457 YB8RW/P       59  28     JH2XQY        59  25
QSO: 14222 PH 2017-10-28 0457 YB8RW/P       59  28     JR6EZE        59  25
QSO: 21267 PH 2017-10-28 0501 YB8RW/P       59  28     JI2ZEY        59  25
QSO: 21253 PH 2017-10-28 0506 YB8RW/P       59  28     YB0NDT        59  28
QSO: 21214 PH 2017-10-28 0513 YB8RW/P       59  28     JH2UYB        59  25
QSO: 21294 PH 2017-10-28 0649 YB8RW/P       59  28     VK4NM         59  30
QSO:  7165 PH 2017-10-28 0833 YB8RW/P       59  28     P29RR         59  28
QSO:  7160 PH 2017-10-28 0840 YB8RW/P       59  28     YB3VI         59  28
QSO: 14257 PH 2017-10-28 0852 YB8RW/P       59  28     AH0K          59  27
QSO: 14227 PH 2017-10-28 0854 YB8RW/P       59  28     VK2BXE        59  30
QSO: 14290 PH 2017-10-28 0900 YB8RW/P       59  28     YB4MDL        59  28
QSO: 14311 PH 2017-10-28 0900 YB8RW/P       59  28     AH0BT         59  27
QSO: 14327 PH 2017-10-28 0903 YB8RW/P       59  28     B7K           59  24
QSO: 14150 PH 2017-10-28 0904 YB8RW/P       59  28     YC2YIZ        59  28
QSO: 28483 PH 2017-10-28 0925 YB8RW/P       59  28     VK4SDD        59  30
QSO: 14147 PH 2017-10-28 0945 YB8RW/P       59  28     YC1CWK        59  28
QSO:  7128 PH 2017-10-28 0947 YB8RW/P       59  28     T8ED          59  27
QSO:  7147 PH 2017-10-28 0951 YB8RW/P       59  28     DU1AV         59  27
QSO:  7122 PH 2017-10-28 0953 YB8RW/P       59  28     YF9CDL        59  28
QSO:  7152 PH 2017-10-28 0955 YB8RW/P       59  28     YE2A          59  28
QSO:  7185 PH 2017-10-28 1001 YB8RW/P       59  28     VK4NM         59  30
QSO:  7193 PH 2017-10-28 1004 YB8RW/P       59  28     AH0BT         59  27
QSO:  7175 PH 2017-10-28 1005 YB8RW/P       59  28     YC9SCN        59  28
QSO:  7170 PH 2017-10-28 1008 YB8RW/P       59  28     K6XX          59  03
QSO:  7150 PH 2017-10-28 1012 YB8RW/P       59  28     DX9M          59  27
QSO:  7167 PH 2017-10-28 1109 YB8RW/P       59  28     K5TR          59  04
QSO:  7183 PH 2017-10-28 1115 YB8RW/P       59  28     AH2R          59  27
QSO:  7180 PH 2017-10-28 1117 YB8RW/P       59  28     YC6BDD        59  28
QSO:  7127 PH 2017-10-28 1131 YB8RW/P       59  28     9M2M          59  28
QSO:  7176 PH 2017-10-28 1137 YB8RW/P       59  28     AH0K          59  27
QSO:  7185 PH 2017-10-28 1140 YB8RW/P       59  28     VK2IR         59  30
QSO: 14218 PH 2017-10-28 1231 YB8RW/P       59  28     VK4NM         59  30
QSO: 14283 PH 2017-10-28 1247 YB8RW/P       59  28     AC2AI/KH2     59  27
QSO: 14226 PH 2017-10-28 1252 YB8RW/P       59  28     BU2BE         59  24
QSO: 14224 PH 2017-10-28 1255 YB8RW/P       59  28     RT0F          59  19
QSO: 14250 PH 2017-10-28 1301 YB8RW/P       59  28     JO3DDD        59  25
QSO: 14256 PH 2017-10-28 1321 YB8RW/P       59  28     T8ED          59  27
QSO: 14264 PH 2017-10-28 1323 YB8RW/P       59  28     BG7BES        59  24
QSO: 14269 PH 2017-10-28 1337 YB8RW/P       59  28     IK2YCW        59  15
QSO: 14215 PH 2017-10-28 2130 YB8RW/P       59  28     VK2RT         59  30
QSO: 14215 PH 2017-10-28 2131 YB8RW/P       59  28     JJ0JML        59  25
QSO: 14215 PH 2017-10-28 2134 YB8RW/P       59  28     JG2RFJ        59  25
QSO: 21239 PH 2017-10-28 2151 YB8RW/P       59  28     KH7CW         59  31
QSO: 21288 PH 2017-10-28 2155 YB8RW/P       59  28     VK4TL         59  30
QSO: 21341 PH 2017-10-28 2158 YB8RW/P       59  28     NH2DX         59  27
QSO: 21214 PH 2017-10-28 2212 YB8RW/P       59  28     K6XX          59  03
QSO: 21327 PH 2017-10-28 2215 YB8RW/P       59  28     AH2R          59  27
QSO: 21218 PH 2017-10-28 2220 YB8RW/P       59  28     N9RV          59  04
QSO: 21260 PH 2017-10-28 2223 YB8RW/P       59  28     VK4XA         59  30
QSO: 14220 PH 2017-10-29 0953 YB8RW/P       59  28     DX1CW         59  27
QSO: 14225 PH 2017-10-29 1003 YB8RW/P       59  28     BG5HEK        59  24
QSO: 14240 PH 2017-10-29 1005 YB8RW/P       59  28     KH6J          59  31
QSO: 14245 PH 2017-10-29 1018 YB8RW/P       59  28     BX6PBC        59  24
QSO: 14253 PH 2017-10-29 1053 YB8RW/P       59  28     AH2R          59  27
QSO: 14260 PH 2017-10-29 1058 YB8RW/P       59  28     VR2UYG/QRP    59  24
QSO: 14260 PH 2017-10-29 1058 YB8RW/P       59  28     JR3RIU        59  25
QSO: 14260 PH 2017-10-29 1059 YB8RW/P       59  28     BX8AAD        59  24
QSO: 14260 PH 2017-10-29 1105 YB8RW/P       59  28     JA3LXJ        59  25
QSO: 14260 PH 2017-10-29 1112 YB8RW/P       59  28     JF3BHV        59  25
QSO: 14260 PH 2017-10-29 1112 YB8RW/P       59  28     JR6EOE        59  25
QSO: 14260 PH 2017-10-29 1113 YB8RW/P       59  28     JR4DAH        59  25
QSO: 14260 PH 2017-10-29 1113 YB8RW/P       59  28     JK2VOC        59  25
QSO: 14260 PH 2017-10-29 1117 YB8RW/P       59  28     RI1ANC        59  29
QSO: 14260 PH 2017-10-29 1130 YB8RW/P       59  28     JH0NEC        59  25
QSO: 14260 PH 2017-10-29 1131 YB8RW/P       59  28     JA3NFA        59  25
QSO: 21290 PH 2017-10-29 1149 YB8RW/P       59  28     JF2QNM        59  25
QSO: 14208 PH 2017-10-29 1158 YB8RW/P       59  28     VR2CC         59  24
QSO: 14218 PH 2017-10-29 1200 YB8RW/P       59  28     DU1JI         59  27
QSO: 14230 PH 2017-10-29 1202 YB8RW/P       59  28     DS3EXX        59  25
QSO: 14257 PH 2017-10-29 1204 YB8RW/P       59  28     JI2ZEY        59  25
QSO: 14260 PH 2017-10-29 1207 YB8RW/P       59  28     JA5TNF        59  25
QSO: 14260 PH 2017-10-29 1210 YB8RW/P       59  28     DV1KIR        59  27
QSO: 14260 PH 2017-10-29 1213 YB8RW/P       59  28     JK1WSH        59  25
QSO: 14312 PH 2017-10-29 1226 YB8RW/P       59  28     BM0DX         59  24
QSO: 14288 PH 2017-10-29 1229 YB8RW/P       59  28     ES8C          59  15
QSO: 14222 PH 2017-10-29 1243 YB8RW/P       59  28     JA1CJP        59  25
QSO: 14222 PH 2017-10-29 1248 YB8RW/P       59  28     JJ0NSL        59  25
QSO: 14222 PH 2017-10-29 1248 YB8RW/P       59  28     JE5JHZ        59  25
QSO: 14226 PH 2017-10-29 1320 YB8RW/P       59  28     JE1ZWT        59  25
QSO: 14267 PH 2017-10-29 1340 YB8RW/P       59  28     BH4UVN        59  24
QSO: 14267 PH 2017-10-29 1342 YB8RW/P       59  28     DU4DXT        59  27
QSO: 14267 PH 2017-10-29 1344 YB8RW/P       59  28     DU1NA         59  27
QSO: 14267 PH 2017-10-29 1345 YB8RW/P       59  28     JI5DWP        59  25
QSO: 14267 PH 2017-10-29 1347 YB8RW/P       59  28     JA2JOT        59  25
QSO: 14267 PH 2017-10-29 1352 YB8RW/P       59  28     JA6LCJ        59  25
QSO: 14267 PH 2017-10-29 1356 YB8RW/P       59  28     DZ1PUP        59  27
QSO: 14267 PH 2017-10-29 1357 YB8RW/P       59  28     JH5FXP        59  25
QSO: 14267 PH 2017-10-29 1401 YB8RW/P       59  28     BH6KOK        59  24
QSO: 14267 PH 2017-10-29 1403 YB8RW/P       59  28     JG0CQK        59  25
QSO: 14267 PH 2017-10-29 1411 YB8RW/P       59  28     BH3SCC        59  24
QSO: 14267 PH 2017-10-29 1411 YB8RW/P       59  28     N5AA          59  04
QSO: 14267 PH 2017-10-29 1412 YB8RW/P       59  28     JH9CEN        59  25
QSO: 14267 PH 2017-10-29 1423 YB8RW/P       59  28     JA3AER        59  25
QSO: 14267 PH 2017-10-29 1425 YB8RW/P       59  28     KQ0C          59  04
QSO: 14267 PH 2017-10-29 1431 YB8RW/P       59  28     JE3VRJ        59  25
QSO: 14267 PH 2017-10-29 1432 YB8RW/P       59  28     JH1SUU        59  25
QSO: 14267 PH 2017-10-29 1433 YB8RW/P       59  28     JA5CAU        59  25
QSO: 14267 PH 2017-10-29 1435 YB8RW/P       59  28     JA6CVR        59  25
QSO: 14267 PH 2017-10-29 1436 YB8RW/P       59  28     JA1SCE        59  25
QSO: 14267 PH 2017-10-29 1439 YB8RW/P       59  28     JR5XPG        59  25
QSO: 14225 PH 2017-10-29 1508 YB8RW/P       59  28     DF0HQ         59  14
QSO: 14230 PH 2017-10-29 1512 YB8RW/P       59  28     JH8DBJ        59  25
QSO: 14230 PH 2017-10-29 1514 YB8RW/P       59  28     JL3MCM        59  25
QSO: 14198 PH 2017-10-29 1527 YB8RW/P       59  28     DA0WRTC       59  14
QSO: 14162 PH 2017-10-29 1532 YB8RW/P       59  28     N9RV          59  04
QSO: 14190 PH 2017-10-29 1535 YB8RW/P       59  28     HI3K          59  08
QSO: 14213 PH 2017-10-29 1612 YB8RW/P       59  28     NX1P          59  03
QSO: 14242 PH 2017-10-29 1615 YB8RW/P       59  28     K2YY/6        59  03
QSO: 14242 PH 2017-10-29 1618 YB8RW/P       59  28     DX3H          59  27
QSO: 14242 PH 2017-10-29 1625 YB8RW/P       59  28     K7IDX         59  03
QSO: 14157 PH 2017-10-29 1640 YB8RW/P       59  28     W0EWD         59  04
QSO: 14202 PH 2017-10-29 1644 YB8RW/P       59  28     JT5DX         59  23
QSO: 14286 PH 2017-10-29 1701 YB8RW/P       59  28     WX5S          59  03
END-OF-LOG:
