START-OF-LOG: 3.0
CONTEST: ARRL-RTTY
CALLSIGN: SP4LO
LOCATION: DX
CATEGORY-OPERATOR: SINGLE-OP
CATEGORY-ASSISTED: NON-ASSISTED
CATEGORY-POWER: QRP
CATEGORY-BAND: ALL
CATEGORY-MODE: RTTY
CATEGORY-TRANSMITTER: ONE
CATEGORY-STATION: FIXED
OPERATORS: SP4LO
CLUB: LOMZA HAM RADIO CONTEST GROUP
CREATED-BY: 
HQ-CATEGORY: Single Operator, QRP
HQ-GRID-LOCATOR: KO13BE
QSO: 7051 RY 2024-01-06 2148 SP4LO 599 001 DK1WI 599 160
QSO: 7050 RY 2024-01-06 2150 SP4LO 599 002 CT1BXT 599 058
QSO: 7053 RY 2024-01-06 2152 SP4LO 599 003 DP7D 599 355
QSO: 7058 RY 2024-01-06 2154 SP4LO 599 004 DJ5FI 599 054
QSO: 7059 RY 2024-01-06 2156 SP4LO 599 005 TA4A 599 061
QSO: 7065 RY 2024-01-06 2202 SP4LO 599 006 F6AGM 599 303
QSO: 7045 RY 2024-01-06 2212 SP4LO 599 007 UW1M 599 237
QSO: 7046 RY 2024-01-06 2214 SP4LO 599 008 IC8SQS 599 226
QSO: 3583 RY 2024-01-06 2217 SP4LO 599 009 DL3BQA 599 167
QSO: 3587 RY 2024-01-06 2222 SP4LO 599 010 YQ6A 599 254
QSO: 3589 RY 2024-01-06 2223 SP4LO 599 011 OR3A 599 173
QSO: 3592 RY 2024-01-06 2225 SP4LO 599 012 YT2U 599 158
QSO: 3592 RY 2024-01-06 2229 SP4LO 599 013 RD4HP 599 041
QSO: 3595 RY 2024-01-06 2233 SP4LO 599 014 IK2GWH 599 135
QSO: 3597 RY 2024-01-06 2236 SP4LO 599 015 OZ30EU 599 142
QSO: 3599 RY 2024-01-06 2238 SP4LO 599 016 TM3Z 599 365
QSO: 3598 RY 2024-01-06 2239 SP4LO 599 017 DP7D 599 414
QSO: 3600 RY 2024-01-06 2244 SP4LO 599 018 IC8SQS 599 253
QSO: 3601 RY 2024-01-06 2248 SP4LO 599 019 G1N 599 133
QSO: 7052 RY 2024-01-06 2250 SP4LO 599 020 EA5HKZ 599 098
QSO: 7053 RY 2024-01-06 2251 SP4LO 599 021 EA3AKA 599 043
QSO: 21096 RY 2024-01-07 0645 SP4LO 599 022 JA1OVD 599 275
QSO: 21092 RY 2024-01-07 0647 SP4LO 599 023 RD4HP 599 070
QSO: 21083 RY 2024-01-07 0649 SP4LO 599 024 RU0LL 599 123
QSO: 21079 RY 2024-01-07 0650 SP4LO 599 025 JN4MMO 599 135
QSO: 14084 RY 2024-01-07 0652 SP4LO 599 026 YO4NF 599 323
QSO: 14088 RY 2024-01-07 0653 SP4LO 599 027 RX3ASQ 599 089
QSO: 14092 RY 2024-01-07 0655 SP4LO 599 028 LZ6DX 599 084
QSO: 14093 RY 2024-01-07 0656 SP4LO 599 029 RA4L 599 046
QSO: 14097 RY 2024-01-07 0658 SP4LO 599 030 SQ4CTS 599 015
QSO: 7069 RY 2024-01-07 0701 SP4LO 599 031 OH1NOA 599 210
QSO: 7068 RY 2024-01-07 0703 SP4LO 599 032 E72U 599 038
QSO: 7065 RY 2024-01-07 0704 SP4LO 599 033 LY5W 599 373
QSO: 7064 RY 2024-01-07 0705 SP4LO 599 034 F5BEG 599 263
QSO: 7061 RY 2024-01-07 0708 SP4LO 599 035 OM1HMI 599 112
QSO: 7061 RY 2024-01-07 0710 SP4LO 599 036 K5RZA 599 TX
QSO: 7058 RY 2024-01-07 0714 SP4LO 599 037 7S9A 599 238
QSO: 7056 RY 2024-01-07 0716 SP4LO 599 038 SD3T 599 121
QSO: 7055 RY 2024-01-07 0718 SP4LO 599 039 LX1ER 599 109
QSO: 7057 RY 2024-01-07 0720 SP4LO 599 040 IP9R 599 205
QSO: 7054 RY 2024-01-07 0721 SP4LO 599 041 ON4CT 599 082
QSO: 7052 RY 2024-01-07 0723 SP4LO 599 042 DK8ZZ 599 153
QSO: 7051 RY 2024-01-07 0724 SP4LO 599 043 PZ5RA 599 647
QSO: 7050 RY 2024-01-07 0727 SP4LO 599 044 NJ4P 599 TN
QSO: 7048 RY 2024-01-07 0728 SP4LO 599 045 OL1Z 599 254
QSO: 7047 RY 2024-01-07 0730 SP4LO 599 046 SP4TKR 599 073
QSO: 7047 RY 2024-01-07 0731 SP4LO 599 047 DQ9Y 599 359
QSO: 7044 RY 2024-01-07 0732 SP4LO 599 048 LY2J 599 026
QSO: 21088 RY 2024-01-07 0743 SP4LO 599 049 R8XF 599 051
QSO: 21091 RY 2024-01-07 0746 SP4LO 599 050 P3X 599 738
QSO: 21105 RY 2024-01-07 0750 SP4LO 599 051 IT9WDC 599 111
QSO: 21108 RY 2024-01-07 0753 SP4LO 599 052 JE5JHZ 599 034
QSO: 14105 RY 2024-01-07 0756 SP4LO 599 053 ER/UT1ZZ 599 088
QSO: 14103 RY 2024-01-07 0759 SP4LO 599 054 TM3Z 599 599
QSO: 14103 RY 2024-01-07 0802 SP4LO 599 055 RT2H 599 026
QSO: 14101 RY 2024-01-07 0803 SP4LO 599 056 DP7D 599 992
QSO: 14095 RY 2024-01-07 0806 SP4LO 599 057 OE9SEV 599 380
QSO: 14093 RY 2024-01-07 0809 SP4LO 599 058 IW2ILQ 599 031
QSO: 14091 RY 2024-01-07 0810 SP4LO 599 059 UT5EPP 599 212
QSO: 14092 RY 2024-01-07 0811 SP4LO 599 060 GJ2A 599 047
QSO: 14090 RY 2024-01-07 0816 SP4LO 599 061 IW8PQ 599 025
QSO: 14089 RY 2024-01-07 0817 SP4LO 599 062 F6AGM 599 566
QSO: 14087 RY 2024-01-07 0818 SP4LO 599 063 DA0RR 599 156
QSO: 14083 RY 2024-01-07 0821 SP4LO 599 064 IK5FKF 599 143
QSO: 14083 RY 2024-01-07 0822 SP4LO 599 065 F5BEG 599 319
QSO: 14086 RY 2024-01-07 0823 SP4LO 599 066 IT9WDC 599 138
QSO: 14086 RY 2024-01-07 0824 SP4LO 599 067 ON5GQ 599 274
QSO: 14084 RY 2024-01-07 0827 SP4LO 599 068 G1N 599 224
QSO: 14084 RY 2024-01-07 0830 SP4LO 599 069 YO9GSB 599 013
QSO: 28086 RY 2024-01-07 0833 SP4LO 599 070 BA4TB 599 035
QSO: 28088 RY 2024-01-07 0834 SP4LO 599 071 UA0SR 599 069
QSO: 28089 RY 2024-01-07 0835 SP4LO 599 072 SP4NKJ 599 096
QSO: 28091 RY 2024-01-07 0839 SP4LO 599 073 P3X 599 828
QSO: 28085 RY 2024-01-07 0842 SP4LO 599 074 RW0AJ 599 073
QSO: 28086 RY 2024-01-07 0844 SP4LO 599 075 R8XF 599 080
QSO: 28088 RY 2024-01-07 0845 SP4LO 599 076 VK6GOM 599 022
QSO: 21103 RY 2024-01-07 0900 SP4LO 599 077 IQ9RG 599 599
QSO: 21107 RY 2024-01-07 0901 SP4LO 599 078 RL3T 599 040
QSO: 21080 RY 2024-01-07 0904 SP4LO 599 079 G2E 599 135
QSO: 21085 RY 2024-01-07 0906 SP4LO 599 080 IC8SQS 599 370
QSO: 21086 RY 2024-01-07 0908 SP4LO 599 081 IP9A 599 327
QSO: 21087 RY 2024-01-07 0908 SP4LO 599 082 F6AGM 599 606
QSO: 21090 RY 2024-01-07 0911 SP4LO 599 083 EA4GOY 599 486
QSO: 21094 RY 2024-01-07 0913 SP4LO 599 084 F5BEG 599 356
QSO: 21098 RY 2024-01-07 0929 SP4LO 599 085 EA7KP 599 219
QSO: 21102 RY 2024-01-07 0932 SP4LO 599 086 I1NVU 599 002
QSO: 21103 RY 2024-01-07 0933 SP4LO 599 087 HB9DHG 599 007
QSO: 21108 RY 2024-01-07 0935 SP4LO 599 088 IU2GGD 599 069
QSO: 21110 RY 2024-01-07 0936 SP4LO 599 089 SP4NKJ 599 110
QSO: 14085 RY 2024-01-07 0948 SP4LO 599 090 LZ6K 599 350
QSO: 14086 RY 2024-01-07 0949 SP4LO 599 091 IK2RZP 599 046
QSO: 14086 RY 2024-01-07 0950 SP4LO 599 092 TK5MH 599 150
QSO: 14088 RY 2024-01-07 0954 SP4LO 599 093 IK1UGX 599 072
QSO: 14088 RY 2024-01-07 0958 SP4LO 599 094 I3FIY 599 011
QSO: 14090 RY 2024-01-07 0959 SP4LO 599 095 I2DJX 599 135
QSO: 14089 RY 2024-01-07 1000 SP4LO 599 096 DK8ZZ 599 266
QSO: 14093 RY 2024-01-07 1004 SP4LO 599 097 PA2IP 599 049
QSO: 14095 RY 2024-01-07 1005 SP4LO 599 098 OZ6TL 599 024
QSO: 14095 RY 2024-01-07 1006 SP4LO 599 099 DF8XC 599 093
QSO: 14097 RY 2024-01-07 1008 SP4LO 599 100 IK2AQZ 599 138
QSO: 14098 RY 2024-01-07 1009 SP4LO 599 101 IK2XSL 599 092
QSO: 14098 RY 2024-01-07 1010 SP4LO 599 102 S53M 599 1100
QSO: 14103 RY 2024-01-07 1017 SP4LO 599 103 I2XLF 599 139
QSO: 14103 RY 2024-01-07 1018 SP4LO 599 104 EA4GOY 599 585
QSO: 14104 RY 2024-01-07 1019 SP4LO 599 105 P3X 599 1042
QSO: 14105 RY 2024-01-07 1021 SP4LO 599 106 MW2I 599 448
QSO: 14105 RY 2024-01-07 1021 SP4LO 599 107 SD3T 599 261
QSO: 14110 RY 2024-01-07 1024 SP4LO 599 108 OL1T 599 126
QSO: 14111 RY 2024-01-07 1025 SP4LO 599 109 OZ0JD 599 116
QSO: 14112 RY 2024-01-07 1027 SP4LO 599 110 IU3QEU 599 123
QSO: 14114 RY 2024-01-07 1028 SP4LO 599 111 HA1DAE 599 050
QSO: 14114 RY 2024-01-07 1029 SP4LO 599 112 IK3ORD 599 610
QSO: 14115 RY 2024-01-07 1030 SP4LO 599 113 DJ3NG 599 253
QSO: 28092 RY 2024-01-07 1037 SP4LO 599 114 TA7OYG 599 145
QSO: 28094 RY 2024-01-07 1037 SP4LO 599 115 EA4AOC 599 640
QSO: 21108 RY 2024-01-07 1043 SP4LO 599 116 EA7Z 599 110
QSO: 21102 RY 2024-01-07 1045 SP4LO 599 117 F4DXX 599 213
QSO: 21103 RY 2024-01-07 1046 SP4LO 599 118 ON4LDP 599 113
QSO: 21099 RY 2024-01-07 1048 SP4LO 599 119 EC6DX 599 181
QSO: 21098 RY 2024-01-07 1049 SP4LO 599 120 EI7M 599 1009
QSO: 21089 RY 2024-01-07 1057 SP4LO 599 121 G4PIQ 599 056
QSO: 21085 RY 2024-01-07 1059 SP4LO 599 122 EA5HKZ 599 290
QSO: 21084 RY 2024-01-07 1101 SP4LO 599 123 IT9VCE 599 387
QSO: 14118 RY 2024-01-07 1105 SP4LO 599 124 PD0WVB 599 114
QSO: 14114 RY 2024-01-07 1107 SP4LO 599 125 DL2PK 599 129
QSO: 14112 RY 2024-01-07 1110 SP4LO 599 126 IV3SKB 599 257
QSO: 14109 RY 2024-01-07 1110 SP4LO 599 127 ON7ZJ 599 188
QSO: 14102 RY 2024-01-07 1116 SP4LO 599 128 JA1OVD 599 364
QSO: 14099 RY 2024-01-07 1117 SP4LO 599 129 Z36N 599 223
QSO: 14092 RY 2024-01-07 1120 SP4LO 599 130 S52K 599 257
QSO: 14090 RY 2024-01-07 1121 SP4LO 599 131 DK1WI 599 301
QSO: 14089 RY 2024-01-07 1122 SP4LO 599 132 YQ6A 599 710
QSO: 14086 RY 2024-01-07 1123 SP4LO 599 133 DR7T 599 042
QSO: 28091 RY 2024-01-07 1125 SP4LO 599 134 EA4GOY 599 725
QSO: 28090 RY 2024-01-07 1128 SP4LO 599 135 EA5GJT 599 016
QSO: 28086 RY 2024-01-07 1144 SP4LO 599 136 EA4BAS 599 247
QSO: 14086 RY 2024-01-07 1148 SP4LO 599 137 SE5T 599 153
QSO: 14087 RY 2024-01-07 1150 SP4LO 599 138 G3PXT 599 122
QSO: 14088 RY 2024-01-07 1152 SP4LO 599 139 DF4WC 599 056
QSO: 14089 RY 2024-01-07 1154 SP4LO 599 140 SB7A 599 074
QSO: 14091 RY 2024-01-07 1308 SP4LO 599 141 LA0GE 599 235
QSO: 14091 RY 2024-01-07 1309 SP4LO 599 142 SE6K 599 250
QSO: 14092 RY 2024-01-07 1312 SP4LO 599 143 PD8DX 599 024
QSO: 14096 RY 2024-01-07 1314 SP4LO 599 144 9A6A 599 035
QSO: 14099 RY 2024-01-07 1315 SP4LO 599 145 DJ6MK 599 012
QSO: 14099 RY 2024-01-07 1320 SP4LO 599 146 UA4HBM 599 098
QSO: 14102 RY 2024-01-07 1324 SP4LO 599 147 EA3IAZ 599 171
QSO: 14104 RY 2024-01-07 1326 SP4LO 599 148 AC0C 599 KS
QSO: 14106 RY 2024-01-07 1329 SP4LO 599 149 IT9VCE 599 455
QSO: 14107 RY 2024-01-07 1330 SP4LO 599 150 EA4Z 599 090
QSO: 14108 RY 2024-01-07 1333 SP4LO 599 151 LC9S 599 097
QSO: 14111 RY 2024-01-07 1334 SP4LO 599 152 S52W 599 070
QSO: 14118 RY 2024-01-07 1336 SP4LO 599 153 PD0MHZ 599 038
QSO: 28081 RY 2024-01-07 1339 SP4LO 599 154 ZW2N 599 630
QSO: 28085 RY 2024-01-07 1341 SP4LO 599 155 NF3R 599 PA
QSO: 28087 RY 2024-01-07 1346 SP4LO 599 156 D4L 599 392
QSO: 28088 RY 2024-01-07 1349 SP4LO 599 157 AD4ES 599 FL
QSO: 28089 RY 2024-01-07 1351 SP4LO 599 158 W3FIZ 599 PA
QSO: 28092 RY 2024-01-07 1352 SP4LO 599 159 NJ4P 599 TN
QSO: 28090 RY 2024-01-07 1353 SP4LO 599 160 K3MM 599 MD
QSO: 28096 RY 2024-01-07 1357 SP4LO 599 161 K2NV 599 NY
QSO: 28097 RY 2024-01-07 1400 SP4LO 599 162 W4CQE 599 TN
QSO: 28100 RY 2024-01-07 1403 SP4LO 599 163 EA1X 599 178
QSO: 28104 RY 2024-01-07 1405 SP4LO 599 164 N3UA 599 VA
QSO: 28104 RY 2024-01-07 1407 SP4LO 599 165 AA3B 599 PA
QSO: 28105 RY 2024-01-07 1409 SP4LO 599 166 K9RS 599 DE
QSO: 28106 RY 2024-01-07 1410 SP4LO 599 167 K1AR 599 NH
QSO: 28107 RY 2024-01-07 1412 SP4LO 599 168 VE3DZ 599 ON
QSO: 28108 RY 2024-01-07 1413 SP4LO 599 169 NN1SS 599 NH
QSO: 28109 RY 2024-01-07 1414 SP4LO 599 170 N4SS 599 KY
QSO: 28112 RY 2024-01-07 1416 SP4LO 599 171 WC3N 599 MD
QSO: 28113 RY 2024-01-07 1417 SP4LO 599 172 N3FJP 599 MD
QSO: 28115 RY 2024-01-07 1418 SP4LO 599 173 K1MK 599 MA
QSO: 28114 RY 2024-01-07 1422 SP4LO 599 174 VE2CSM 599 QC
QSO: 28116 RY 2024-01-07 1423 SP4LO 599 175 W4AAA 599 NC
QSO: 28117 RY 2024-01-07 1425 SP4LO 599 176 ZF2SS 599 1222
QSO: 28119 RY 2024-01-07 1426 SP4LO 599 177 VE1RSM 599 NS
QSO: 28122 RY 2024-01-07 1430 SP4LO 599 178 KS1J 599 RI
QSO: 21083 RY 2024-01-07 1442 SP4LO 599 179 AK3B 599 MD
QSO: 21085 RY 2024-01-07 1444 SP4LO 599 180 N0XR 599 IA
QSO: 21086 RY 2024-01-07 1447 SP4LO 599 181 AC0C 599 KS
QSO: 21088 RY 2024-01-07 1449 SP4LO 599 182 NN1SS 599 NH
QSO: 21089 RY 2024-01-07 1449 SP4LO 599 183 NR4M 599 VA
QSO: 21092 RY 2024-01-07 1454 SP4LO 599 184 W1IE 599 VA
QSO: 21092 RY 2024-01-07 1456 SP4LO 599 185 N2WK 599 NY
QSO: 21094 RY 2024-01-07 1458 SP4LO 599 186 NJ4P 599 TN
QSO: 21095 RY 2024-01-07 1500 SP4LO 599 187 VE3GYL 599 ON
QSO: 21096 RY 2024-01-07 1502 SP4LO 599 188 WD4GBW 599 VA
QSO: 21098 RY 2024-01-07 1505 SP4LO 599 189 K3MM 599 MD
QSO: 21101 RY 2024-01-07 1526 SP4LO 599 190 W0SD 599 SD
QSO: 21101 RY 2024-01-07 1531 SP4LO 599 191 K4ZW 599 VA
QSO: 21103 RY 2024-01-07 1534 SP4LO 599 192 KI0F 599 MN
QSO: 21105 RY 2024-01-07 1536 SP4LO 599 193 N2IC 599 NM
QSO: 21111 RY 2024-01-07 1542 SP4LO 599 194 AI9T 599 IL
QSO: 14112 RY 2024-01-07 1546 SP4LO 599 195 IZ1PKV 599 185
QSO: 14109 RY 2024-01-07 1548 SP4LO 599 196 IP1H 599 159
QSO: 7041 RY 2024-01-07 1552 SP4LO 599 197 PA3ARM 599 169
QSO: 7052 RY 2024-01-07 1558 SP4LO 599 198 OK2HBR 599 393
QSO: 7051 RY 2024-01-07 1600 SP4LO 599 199 IK3ASM 599 035
QSO: 7057 RY 2024-01-07 1603 SP4LO 599 200 IW1PNJ 599 321
QSO: 7040 RY 2024-01-07 1606 SP4LO 599 201 DL1DTL 599 011
QSO: 7043 RY 2024-01-07 1608 SP4LO 599 202 ON6YYY 599 266
QSO: 7043 RY 2024-01-07 1610 SP4LO 599 203 9A5CW 599 039
QSO: 7045 RY 2024-01-07 1612 SP4LO 599 204 RA3TT 599 165
QSO: 7045 RY 2024-01-07 1614 SP4LO 599 205 IU2GGD 599 094
QSO: 7052 RY 2024-01-07 1616 SP4LO 599 206 PA3GCU 599 169
QSO: 7055 RY 2024-01-07 1618 SP4LO 599 207 S51J 599 021
QSO: 7057 RY 2024-01-07 1622 SP4LO 599 208 SE4E 599 436
QSO: 7059 RY 2024-01-07 1625 SP4LO 599 209 SV1BJW 599 195
QSO: 7041 RY 2024-01-07 1648 SP4LO 599 210 YO4NF 599 744
QSO: 7044 RY 2024-01-07 1653 SP4LO 599 211 IZ2KXC 599 289
QSO: 7045 RY 2024-01-07 1656 SP4LO 599 212 9A6A 599 168
QSO: 7050 RY 2024-01-07 1716 SP4LO 599 213 YQ6A 599 870
QSO: 7053 RY 2024-01-07 1719 SP4LO 599 214 TM3Z 599 1337
QSO: 7055 RY 2024-01-07 1722 SP4LO 599 215 I4JED 599 039
QSO: 7054 RY 2024-01-07 1725 SP4LO 599 216 9A3K 599 085
QSO: 7056 RY 2024-01-07 1726 SP4LO 599 217 HB9DVZ 599 180
QSO: 7061 RY 2024-01-07 1729 SP4LO 599 218 S51MM 599 212
QSO: 3592 RY 2024-01-07 1733 SP4LO 599 219 OK2HBR 599 447
QSO: 3592 RY 2024-01-07 1735 SP4LO 599 220 DJ2AX 599 046
QSO: 7066 RY 2024-01-07 1743 SP4LO 599 221 II0WWA 599 346
QSO: 7042 RY 2024-01-07 1832 SP4LO 599 222 IK2RZP 599 148
QSO: 7045 RY 2024-01-07 1833 SP4LO 599 223 MW2I 599 893
QSO: 7052 RY 2024-01-07 1836 SP4LO 599 224 EA4GOY 599 924
QSO: 7055 RY 2024-01-07 1839 SP4LO 599 225 EA8DIG 599 1080
QSO: 7058 RY 2024-01-07 1846 SP4LO 599 226 SP4NKJ 599 202
QSO: 3584 RY 2024-01-07 1912 SP4LO 599 227 IK2RZP 599 199
QSO: 3585 RY 2024-01-07 1914 SP4LO 599 228 OM5KM 599 198
QSO: 3587 RY 2024-01-07 1919 SP4LO 599 229 DP9A 599 370
QSO: 3586 RY 2024-01-07 1925 SP4LO 599 230 9A3VM 599 083
QSO: 3591 RY 2024-01-07 1930 SP4LO 599 231 DK100DDSR 599 299
QSO: 3593 RY 2024-01-07 1936 SP4LO 599 232 M7T 599 153
QSO: 3593 RY 2024-01-07 1942 SP4LO 599 233 YO4NF 599 815
QSO: 3594 RY 2024-01-07 1944 SP4LO 599 234 S57SWR 599 241
QSO: 3596 RY 2024-01-07 1947 SP4LO 599 235 IK2SND 599 054
QSO: 3596 RY 2024-01-07 1951 SP4LO 599 236 UR3UW 599 107
QSO: 3597 RY 2024-01-07 1956 SP4LO 599 237 DO2SBS 599 167
QSO: 3602 RY 2024-01-07 2000 SP4LO 599 238 G0FGI 599 325
QSO: 3583 RY 2024-01-07 2005 SP4LO 599 239 YL2KO 599 365
QSO: 3584 RY 2024-01-07 2008 SP4LO 599 240 LB8DC 599 384
QSO: 3588 RY 2024-01-07 2014 SP4LO 599 241 IZ2KXC 599 312
QSO: 3589 RY 2024-01-07 2020 SP4LO 599 242 DQ9Y 599 992
QSO: 3590 RY 2024-01-07 2021 SP4LO 599 243 OZ11A 599 129
QSO: 3590 RY 2024-01-07 2022 SP4LO 599 244 OK7O 599 1488
QSO: 3595 RY 2024-01-07 2026 SP4LO 599 245 9A6A 599 355
QSO: 3596 RY 2024-01-07 2027 SP4LO 599 246 3Z9W 599 161
END-OF-LOG: