START-OF-LOG: 3.0
LOCATION: DX
CALLSIGN: OZ8PG
CLUB: None
CONTEST: CQ-WW-RTTY
CATEGORY-OPERATOR: SINGLE-OP
CATEGORY-ASSISTED: NON-ASSISTED
CATEGORY-BAND: ALL
CATEGORY-MODE: RTTY
CATEGORY-POWER: HIGH
CATEGORY-STATION: FIXED
CATEGORY-TRANSMITTER: ONE
CLAIMED-SCORE: 50000
OPERATORS: OZ8PG
NAME: Per Tanggaard
QSO: 14100 RY 2014-09-27 1452 OZ8PG         599 14 DX  RN9S          599 16 DX
QSO: 14098 RY 2014-09-27 1453 OZ8PG         599 14 DX  IK2QIN        599 15 DX
QSO: 14098 RY 2014-09-27 1454 OZ8PG         599 14 DX  IW1PNJ        599 15 DX
QSO: 14097 RY 2014-09-27 1456 OZ8PG         599 14 DX  IN3VVK        599 15 DX
QSO: 14094 RY 2014-09-27 1459 OZ8PG         599 14 DX  EM0I          599 16 DX
QSO: 14096 RY 2014-09-27 1501 OZ8PG         599 14 DX  R7AB          599 16 DX
QSO: 14093 RY 2014-09-27 1502 OZ8PG         599 14 DX  UW5Y          599 16 DX
QSO: 14090 RY 2014-09-27 1504 OZ8PG         599 14 DX  UW1M          599 16 DX
QSO: 14089 RY 2014-09-27 1507 OZ8PG         599 14 DX  IK2YAI        599 15 DX
QSO: 14090 RY 2014-09-27 1508 OZ8PG         599 14 DX  EE1D          599 14 DX
QSO: 14087 RY 2014-09-27 1509 OZ8PG         599 14 DX  TM1A          599 14 DX
QSO: 14086 RY 2014-09-27 1517 OZ8PG         599 14 DX  F5OZ          599 14 DX
QSO: 14086 RY 2014-09-27 1520 OZ8PG         599 14 DX  IK5TBI        599 15 DX
QSO: 14083 RY 2014-09-27 1522 OZ8PG         599 14 DX  EA3DUM        599 14 DX
QSO: 14083 RY 2014-09-27 1527 OZ8PG         599 14 DX  IZ8HUJ        599 15 DX
QSO: 14084 RY 2014-09-27 1528 OZ8PG         599 14 DX  HB9CAL        599 14 DX
QSO: 14084 RY 2014-09-27 1530 OZ8PG         599 14 DX  IV3RVN        599 15 DX
QSO: 14084 RY 2014-09-27 1533 OZ8PG         599 14 DX  RX3VF         599 16 DX
QSO: 14084 RY 2014-09-27 1534 OZ8PG         599 14 DX  RX3VF         599 16 DX
QSO: 14084 RY 2014-09-27 1535 OZ8PG         599 14 DX  UN7JX         599 17 DX
QSO: 14084 RY 2014-09-27 1536 OZ8PG         599 14 DX  UT5EPP        599 16 DX
QSO: 14084 RY 2014-09-27 1537 OZ8PG         599 14 DX  IW4ECF        599 15 DX
QSO: 14084 RY 2014-09-27 1538 OZ8PG         599 14 DX  F5MMB/P       599 14 DX
QSO: 14084 RY 2014-09-27 1540 OZ8PG         599 14 DX  W3UR          599 05 MD
QSO: 14084 RY 2014-09-27 1541 OZ8PG         599 14 DX  S57YK         599 15 DX
QSO: 14084 RY 2014-09-27 1542 OZ8PG         599 14 DX  ED2C          599 14 DX
QSO: 14084 RY 2014-09-27 1544 OZ8PG         599 14 DX  RA3DJA        599 16 DX
QSO: 14084 RY 2014-09-27 1547 OZ8PG         599 14 DX  F6BQG         599 14 DX
QSO: 14084 RY 2014-09-27 1547 OZ8PG         599 14 DX  M0IPU         599 14 DX
QSO: 14084 RY 2014-09-27 1548 OZ8PG         599 14 DX  UR8QR         599 16 DX
QSO: 14084 RY 2014-09-27 1549 OZ8PG         599 14 DX  UX5UO         599 16 DX
QSO: 14084 RY 2014-09-27 1549 OZ8PG         599 14 DX  UR7CT         599 16 DX
QSO: 14084 RY 2014-09-27 1551 OZ8PG         599 14 DX  IQ2CU         599 15 DX
QSO: 14084 RY 2014-09-27 1551 OZ8PG         599 14 DX  YO3RU         599 20 DX
QSO: 14084 RY 2014-09-27 1552 OZ8PG         599 14 DX  F1USC         599 14 DX
QSO: 14084 RY 2014-09-27 1554 OZ8PG         599 14 DX  YB0JIV        599 28 DX
QSO: 14084 RY 2014-09-27 1555 OZ8PG         599 14 DX  GI4SZW        599 14 DX
QSO: 14084 RY 2014-09-27 1556 OZ8PG         599 14 DX  US0MS         599 16 DX
QSO: 14084 RY 2014-09-27 1556 OZ8PG         599 14 DX  AI6YL         599 03 NV
QSO: 14084 RY 2014-09-27 1558 OZ8PG         599 14 DX  R2YES         599 16 DX
QSO: 14084 RY 2014-09-27 1558 OZ8PG         599 14 DX  EA5ET         599 14 DX
QSO: 14084 RY 2014-09-27 1559 OZ8PG         599 14 DX  RV3VL         599 16 DX
QSO: 14084 RY 2014-09-27 1600 OZ8PG         599 14 DX  W6RS          599 03 WA
QSO: 14084 RY 2014-09-27 1601 OZ8PG         599 14 DX  I2IOJ         599 15 DX
QSO: 14084 RY 2014-09-27 1602 OZ8PG         599 14 DX  UY5ZZ         599 16 DX
QSO: 14084 RY 2014-09-27 1603 OZ8PG         599 14 DX  YO6HSU        599 20 DX
QSO: 14084 RY 2014-09-27 1604 OZ8PG         599 14 DX  VE7UF         599 03 BC
QSO: 14084 RY 2014-09-27 1607 OZ8PG         599 14 DX  EW8DD         599 16 DX
QSO: 14084 RY 2014-09-27 1607 OZ8PG         599 14 DX  IK2AOO        599 15 DX
QSO: 14084 RY 2014-09-27 1608 OZ8PG         599 14 DX  W3RTY         599 05 PA
QSO: 14084 RY 2014-09-27 1611 OZ8PG         599 14 DX  RU4PH         599 16 DX
QSO: 14084 RY 2014-09-27 1612 OZ8PG         599 14 DX  R3GV          599 16 DX
QSO: 14084 RY 2014-09-27 1612 OZ8PG         599 14 DX  UA4M          599 16 DX
QSO: 14084 RY 2014-09-27 1613 OZ8PG         599 14 DX  UW1WU         599 16 DX
QSO: 14084 RY 2014-09-27 1614 OZ8PG         599 14 DX  9A6OY         599 15 DX
QSO: 14084 RY 2014-09-27 1617 OZ8PG         599 14 DX  I1DXD         599 15 DX
QSO: 14084 RY 2014-09-27 1618 OZ8PG         599 14 DX  YO5BYV        599 20 DX
QSO: 14084 RY 2014-09-27 1620 OZ8PG         599 14 DX  IW2HUS        599 15 DX
QSO: 14084 RY 2014-09-27 1628 OZ8PG         599 14 DX  C37NL         599 14 DX
QSO: 28117 RY 2014-09-28 0737 OZ8PG         599 14 DX  JT1DA         599 23 DX
QSO: 28115 RY 2014-09-28 0741 OZ8PG         599 14 DX  9M2CNC        599 28 DX
QSO: 28112 RY 2014-09-28 0742 OZ8PG         599 14 DX  BV1EK         599 24 DX
QSO: 28082 RY 2014-09-28 0745 OZ8PG         599 14 DX  BY7KTO        599 24 DX
QSO: 28078 RY 2014-09-28 0746 OZ8PG         599 14 DX  UN6P          599 17 DX
QSO: 28079 RY 2014-09-28 0747 OZ8PG         599 14 DX  JH4UYB        599 25 DX
QSO: 28079 RY 2014-09-28 0748 OZ8PG         599 14 DX  LX7I          599 14 DX
QSO: 28118 RY 2014-09-28 0751 OZ8PG         599 14 DX  9M2TO         599 28 DX
QSO: 28119 RY 2014-09-28 0752 OZ8PG         599 14 DX  JE5JHZ        599 25 DX
QSO: 28119 RY 2014-09-28 0753 OZ8PG         599 14 DX  UW3LTD        599 16 DX
QSO: 28119 RY 2014-09-28 0754 OZ8PG         599 14 DX  RV3ZN         599 16 DX
QSO: 28119 RY 2014-09-28 0755 OZ8PG         599 14 DX  UR5FS         599 16 DX
QSO: 28119 RY 2014-09-28 0758 OZ8PG         599 14 DX  RC9J          599 17 DX
QSO: 28086 RY 2014-09-28 0803 OZ8PG         599 14 DX  BD7BW         599 24 DX
QSO: 28109 RY 2014-09-28 0804 OZ8PG         599 14 DX  HG1S          599 15 DX
QSO: 28103 RY 2014-09-28 0805 OZ8PG         599 14 DX  LZ2HM         599 20 DX
QSO: 28101 RY 2014-09-28 0809 OZ8PG         599 14 DX  ZR9C          599 38 DX
QSO: 28122 RY 2014-09-28 0815 OZ8PG         599 14 DX  3W3B          599 26 DX
QSO: 28122 RY 2014-09-28 0815 OZ8PG         599 14 DX  SV2HZC        599 20 DX
QSO: 28122 RY 2014-09-28 0827 OZ8PG         599 14 DX  9A2NO         599 15 DX
QSO: 21093 RY 2014-09-28 0834 OZ8PG         599 14 DX  3V8BCC        599 33 DX
QSO: 21092 RY 2014-09-28 0835 OZ8PG         599 14 DX  S52DJW        599 15 DX
QSO: 21092 RY 2014-09-28 0839 OZ8PG         599 14 DX  JF2XGF        599 25 DX
QSO: 21092 RY 2014-09-28 0841 OZ8PG         599 14 DX  JF1LMB        599 25 DX
QSO: 21092 RY 2014-09-28 0841 OZ8PG         599 14 DX  IK5RUN        599 15 DX
QSO: 21092 RY 2014-09-28 0842 OZ8PG         599 14 DX  JG1IEF        599 25 DX
QSO: 21092 RY 2014-09-28 0843 OZ8PG         599 14 DX  HL3AMO        599 25 DX
QSO: 21092 RY 2014-09-28 0844 OZ8PG         599 14 DX  JA1AYO        599 25 DX
QSO: 21092 RY 2014-09-28 0845 OZ8PG         599 14 DX  R9OSN         599 18 DX
QSO: 21092 RY 2014-09-28 0845 OZ8PG         599 14 DX  JH7RTQ        599 25 DX
QSO: 21092 RY 2014-09-28 0845 OZ8PG         599 14 DX  JA1EPJ        599 25 DX
QSO: 21093 RY 2014-09-28 1027 OZ8PG         599 14 DX  UW1M          599 16 DX
QSO: 21097 RY 2014-09-28 1030 OZ8PG         599 14 DX  SV2GJV        599 20 DX
QSO: 21097 RY 2014-09-28 1031 OZ8PG         599 14 DX  9A5D          599 15 DX
QSO: 21096 RY 2014-09-28 1034 OZ8PG         599 14 DX  IK2DZN        599 15 DX
QSO: 21096 RY 2014-09-28 1035 OZ8PG         599 14 DX  JE6AVT        599 25 DX
QSO: 21096 RY 2014-09-28 1035 OZ8PG         599 14 DX  EE3Y          599 14 DX
QSO: 21096 RY 2014-09-28 1036 OZ8PG         599 14 DX  G3RLE         599 14 DX
QSO: 21096 RY 2014-09-28 1039 OZ8PG         599 14 DX  JP3AZM        599 25 DX
QSO: 21096 RY 2014-09-28 1040 OZ8PG         599 14 DX  IT9GNG        599 15 DX
QSO: 21096 RY 2014-09-28 1041 OZ8PG         599 14 DX  JE1ZWT        599 25 DX
QSO: 28099 RY 2014-09-28 1047 OZ8PG         599 14 DX  RU9MX         599 17 DX
QSO: 28112 RY 2014-09-28 1048 OZ8PG         599 14 DX  ZX2B          599 11 DX
QSO: 28092 RY 2014-09-28 1059 OZ8PG         599 14 DX  CR3L          599 33 DX
QSO: 28091 RY 2014-09-28 1100 OZ8PG         599 14 DX  RM9I          599 18 DX
QSO: 28091 RY 2014-09-28 1101 OZ8PG         599 14 DX  SV0XCC/9      599 20 DX
QSO: 28080 RY 2014-09-28 1105 OZ8PG         599 14 DX  VR2XM         599 24 DX
QSO: 28080 RY 2014-09-28 1106 OZ8PG         599 14 DX  UN7TDB        599 17 DX
QSO: 28095 RY 2014-09-28 1109 OZ8PG         599 14 DX  EY7AD         599 17 DX
QSO: 28096 RY 2014-09-28 1110 OZ8PG         599 14 DX  IQ1RY         599 15 DX
QSO: 28098 RY 2014-09-28 1118 OZ8PG         599 14 DX  UN3Z          599 17 DX
QSO: 28098 RY 2014-09-28 1120 OZ8PG         599 14 DX  IW1FRD        599 15 DX
QSO: 28081 RY 2014-09-28 1124 OZ8PG         599 14 DX  UN6P          599 17 DX
QSO: 28089 RY 2014-09-28 1125 OZ8PG         599 14 DX  RW0A          599 18 DX
QSO: 28089 RY 2014-09-28 1127 OZ8PG         599 14 DX  HS3ANP        599 26 DX
QSO: 28089 RY 2014-09-28 1127 OZ8PG         599 14 DX  E21YDP        599 26 DX
QSO: 28089 RY 2014-09-28 1128 OZ8PG         599 14 DX  UK7AL         599 17 DX
QSO: 28089 RY 2014-09-28 1131 OZ8PG         599 14 DX  YO3RU         599 20 DX
QSO: 28089 RY 2014-09-28 1132 OZ8PG         599 14 DX  ER5DX         599 16 DX
QSO: 28089 RY 2014-09-28 1133 OZ8PG         599 14 DX  BG6CJR        599 24 DX
QSO: 28089 RY 2014-09-28 1134 OZ8PG         599 14 DX  SN2K          599 15 DX
QSO: 28090 RY 2014-09-28 1144 OZ8PG         599 14 DX  DL5KUD        599 14 DX
QSO: 28090 RY 2014-09-28 1147 OZ8PG         599 14 DX  ZS6AKU        599 38 DX
QSO: 28090 RY 2014-09-28 1147 OZ8PG         599 14 DX  UT7CA         599 16 DX
QSO: 28090 RY 2014-09-28 1148 OZ8PG         599 14 DX  YO6QT         599 20 DX
QSO: 28090 RY 2014-09-28 1150 OZ8PG         599 14 DX  ZS6WB         599 38 DX
QSO: 28090 RY 2014-09-28 1150 OZ8PG         599 14 DX  YO7CVL        599 20 DX
QSO: 28090 RY 2014-09-28 1152 OZ8PG         599 14 DX  UW5Y          599 16 DX
QSO: 28090 RY 2014-09-28 1152 OZ8PG         599 14 DX  DH7SA         599 14 DX
QSO: 28090 RY 2014-09-28 1153 OZ8PG         599 14 DX  ZS6RJ         599 38 DX
QSO: 28090 RY 2014-09-28 1154 OZ8PG         599 14 DX  DL5JS         599 14 DX
QSO: 28090 RY 2014-09-28 1157 OZ8PG         599 14 DX  E2QVD         599 26 DX
QSO: 28090 RY 2014-09-28 1325 OZ8PG         599 14 DX  EF8S          599 33 DX
QSO: 28089 RY 2014-09-28 1329 OZ8PG         599 14 DX  A61DJ         599 21 DX
QSO: 28096 RY 2014-09-28 1340 OZ8PG         599 14 DX  PY2NZ         599 11 DX
QSO: 28078 RY 2014-09-28 1350 OZ8PG         599 14 DX  EA8PT         599 33 DX
QSO: 28127 RY 2014-09-28 1351 OZ8PG         599 14 DX  5B4AIF        599 20 DX
QSO: 28124 RY 2014-09-28 1353 OZ8PG         599 14 DX  HA/KD0RYB     599 15 DX
QSO: 28122 RY 2014-09-28 1354 OZ8PG         599 14 DX  A65BP         599 21 DX
QSO: 28100 RY 2014-09-28 1356 OZ8PG         599 14 DX  DL2SAX        599 14 DX
QSO: 28099 RY 2014-09-28 1357 OZ8PG         599 14 DX  IT9GNG        599 15 DX
QSO: 28093 RY 2014-09-28 1400 OZ8PG         599 14 DX  PI4COM        599 14 DX
QSO: 28094 RY 2014-09-28 1402 OZ8PG         599 14 DX  A41MX         599 21 DX
QSO: 28096 RY 2014-09-28 1403 OZ8PG         599 14 DX  RG9A          599 17 DX
QSO: 28092 RY 2014-09-28 1404 OZ8PG         599 14 DX  UA9TF         599 17 DX
QSO: 28093 RY 2014-09-28 1421 OZ8PG         599 14 DX  A92AA         599 21 DX
QSO: 21092 RY 2014-09-28 1422 OZ8PG         599 14 DX  Z36N          599 15 DX
QSO: 21099 RY 2014-09-28 1423 OZ8PG         599 14 DX  UW4I          599 16 DX
QSO: 21100 RY 2014-09-28 1426 OZ8PG         599 14 DX  NJ3I          599 05 MD
QSO: 21101 RY 2014-09-28 1427 OZ8PG         599 14 DX  K4LTE         599 04 NC
QSO: 21101 RY 2014-09-28 1429 OZ8PG         599 14 DX  LZ9R          599 20 DX
QSO: 21128 RY 2014-09-28 1433 OZ8PG         599 14 DX  VU2NKS        599 22 DX
QSO: 21128 RY 2014-09-28 1434 OZ8PG         599 14 DX  UT8EL         599 16 DX
QSO: 21137 RY 2014-09-28 1436 OZ8PG         599 14 DX  A65BP         599 21 DX
QSO: 21141 RY 2014-09-28 1437 OZ8PG         599 14 DX  VE2FXL        599 05 QC
QSO: 21145 RY 2014-09-28 1438 OZ8PG         599 14 DX  UB7K          599 16 DX
QSO: 21143 RY 2014-09-28 1439 OZ8PG         599 14 DX  ZA/Z35T       599 15 DX
QSO: 21151 RY 2014-09-28 1440 OZ8PG         599 14 DX  VE9NC         599 05 NB
QSO: 21152 RY 2014-09-28 1442 OZ8PG         599 14 DX  HZ1PS         599 21 DX
QSO: 21153 RY 2014-09-28 1447 OZ8PG         599 14 DX  DJ9AM         599 14 DX
QSO: 21093 RY 2014-09-28 1450 OZ8PG         599 14 DX  CO3GD         599 08 DX
QSO: 21141 RY 2014-09-28 1452 OZ8PG         599 14 DX  AA5AU         599 04 LA
QSO: 21140 RY 2014-09-28 1454 OZ8PG         599 14 DX  N7AT          599 03 AZ
QSO: 21109 RY 2014-09-28 1456 OZ8PG         599 14 DX  EI7M          599 14 DX
QSO: 21111 RY 2014-09-28 1457 OZ8PG         599 14 DX  K5DU          599 04 TX
QSO: 21119 RY 2014-09-28 1502 OZ8PG         599 14 DX  ZR9C          599 38 DX
QSO: 21118 RY 2014-09-28 1505 OZ8PG         599 14 DX  YB0NDT        599 28 DX
QSO: 21151 RY 2014-09-28 1507 OZ8PG         599 14 DX  YO4DW         599 20 DX
QSO: 21151 RY 2014-09-28 1509 OZ8PG         599 14 DX  RV3ZN         599 16 DX
QSO: 21109 RY 2014-09-28 1514 OZ8PG         599 14 DX  5Q2J          599 14 DX
QSO: 21110 RY 2014-09-28 1515 OZ8PG         599 14 DX  AC0C          599 05 KS
QSO: 21115 RY 2014-09-28 1522 OZ8PG         599 14 DX  LZ8E          599 20 DX
QSO: 21114 RY 2014-09-28 1524 OZ8PG         599 14 DX  K4AOA         599 05 NC
QSO: 21114 RY 2014-09-28 1526 OZ8PG         599 14 DX  EB1CAR        599 14 DX
QSO: 21114 RY 2014-09-28 1527 OZ8PG         599 14 DX  KE1F          599 05 FL
QSO: 21114 RY 2014-09-28 1528 OZ8PG         599 14 DX  K5ER          599 05 LA
QSO: 21114 RY 2014-09-28 1528 OZ8PG         599 14 DX  N5KWN         599 04 TX
QSO: 21114 RY 2014-09-28 1530 OZ8PG         599 14 DX  W3SA          599 05 NC
QSO: 21114 RY 2014-09-28 1531 OZ8PG         599 14 DX  YW4D          599 09 DX
QSO: 21114 RY 2014-09-28 1532 OZ8PG         599 14 DX  N6JV          599 03 CA
QSO: 21114 RY 2014-09-28 1533 OZ8PG         599 14 DX  4Z4DX         599 20 DX
QSO: 21114 RY 2014-09-28 1533 OZ8PG         599 14 DX  IW3RUA        599 15 DX
QSO: 21114 RY 2014-09-28 1534 OZ8PG         599 14 DX  K8QKY         599 05 MI
QSO: 21114 RY 2014-09-28 1537 OZ8PG         599 14 DX  ZF2AV         599 08 DX
QSO: 21114 RY 2014-09-28 1540 OZ8PG         599 14 DX  KK7JS         599 04 TX
QSO: 21114 RY 2014-09-28 1540 OZ8PG         599 14 DX  R2OM          599 16 DX
QSO: 21114 RY 2014-09-28 1541 OZ8PG         599 14 DX  N5MOA         599 04 TX
QSO: 21114 RY 2014-09-28 1542 OZ8PG         599 14 DX  AD4ES         599 05 FL
QSO: 21114 RY 2014-09-28 1542 OZ8PG         599 14 DX  RA9AU         599 17 DX
QSO: 21114 RY 2014-09-28 1545 OZ8PG         599 14 DX  ZA/S56A       599 15 DX
QSO: 21114 RY 2014-09-28 1546 OZ8PG         599 14 DX  F5CQ          599 14 DX
QSO: 21114 RY 2014-09-28 1547 OZ8PG         599 14 DX  SX3B          599 20 DX
QSO: 21114 RY 2014-09-28 1547 OZ8PG         599 14 DX  W0ERP         599 05 MN
QSO: 21114 RY 2014-09-28 1548 OZ8PG         599 14 DX  VE3CV         599 04 ON
QSO: 21114 RY 2014-09-28 1549 OZ8PG         599 14 DX  K8NK          599 04 MI
QSO: 21114 RY 2014-09-28 1552 OZ8PG         599 14 DX  EA1VT         599 14 DX
QSO: 21115 RY 2014-09-28 1602 OZ8PG         599 14 DX  EF8S          599 33 DX
QSO: 21119 RY 2014-09-28 1603 OZ8PG         599 14 DX  YR1C          599 20 DX
QSO: 21119 RY 2014-09-28 1605 OZ8PG         599 14 DX  SV7BOT        599 20 DX
QSO: 21119 RY 2014-09-28 1606 OZ8PG         599 14 DX  UR7GO         599 16 DX
QSO: 21119 RY 2014-09-28 1606 OZ8PG         599 14 DX  4Z5CP         599 20 DX
QSO: 21119 RY 2014-09-28 1607 OZ8PG         599 14 DX  IZ8BRI        599 15 DX
QSO: 21119 RY 2014-09-28 1608 OZ8PG         599 14 DX  SV1PMH        599 20 DX
QSO: 21119 RY 2014-09-28 1609 OZ8PG         599 14 DX  YO4AAC        599 20 DX
QSO: 21119 RY 2014-09-28 1610 OZ8PG         599 14 DX  FR5GS         599 39 DX
QSO: 21119 RY 2014-09-28 1613 OZ8PG         599 14 DX  LZ1MC         599 20 DX
QSO: 21119 RY 2014-09-28 1613 OZ8PG         599 14 DX  IZ7XNB        599 15 DX
QSO: 21119 RY 2014-09-28 1614 OZ8PG         599 14 DX  UT8IM         599 16 DX
QSO: 14084 RY 2014-09-28 1617 OZ8PG         599 14 DX  9A5M          599 15 DX
QSO: 14083 RY 2014-09-28 1619 OZ8PG         599 14 DX  RA3TT         599 16 DX
QSO: 14082 RY 2014-09-28 1620 OZ8PG         599 14 DX  R7AB          599 16 DX
QSO: 14084 RY 2014-09-28 1622 OZ8PG         599 14 DX  ER1LW/P       599 16 DX
QSO: 14086 RY 2014-09-28 1622 OZ8PG         599 14 DX  YT9A          599 15 DX
QSO: 14085 RY 2014-09-28 1623 OZ8PG         599 14 DX  EC2DX         599 14 DX
QSO: 14090 RY 2014-09-28 1626 OZ8PG         599 14 DX  IK3MLF        599 15 DX
QSO: 14090 RY 2014-09-28 1626 OZ8PG         599 14 DX  IZ1PLH        599 15 DX
QSO: 14090 RY 2014-09-28 1628 OZ8PG         599 14 DX  UT2QQ         599 16 DX
QSO: 14090 RY 2014-09-28 1630 OZ8PG         599 14 DX  HB9BTI        599 14 DX
QSO: 14090 RY 2014-09-28 1630 OZ8PG         599 14 DX  UT0FC         599 16 DX
QSO: 14090 RY 2014-09-28 1633 OZ8PG         599 14 DX  RW3DY         599 16 DX
QSO: 14090 RY 2014-09-28 1633 OZ8PG         599 14 DX  UR5MIJ        599 16 DX
QSO: 14090 RY 2014-09-28 1634 OZ8PG         599 14 DX  UT4UFZ        599 16 DX
QSO: 14131 RY 2014-09-28 1812 OZ8PG         599 14 DX  9M2CNC        599 28 DX
QSO: 14132 RY 2014-09-28 1815 OZ8PG         599 14 DX  IK1RGK        599 15 DX
QSO: 14123 RY 2014-09-28 1817 OZ8PG         599 14 DX  IK0GDG        599 15 DX
QSO: 14124 RY 2014-09-28 1821 OZ8PG         599 14 DX  KA2F          599 05 NJ
QSO: 14121 RY 2014-09-28 1824 OZ8PG         599 14 DX  F4EGZ         599 14 DX
QSO: 14121 RY 2014-09-28 1827 OZ8PG         599 14 DX  JR4OZR        599 25 DX
QSO: 14121 RY 2014-09-28 1828 OZ8PG         599 14 DX  OK3MO         599 15 DX
QSO: 14121 RY 2014-09-28 1829 OZ8PG         599 14 DX  RU3DM         599 16 DX
QSO: 14121 RY 2014-09-28 1830 OZ8PG         599 14 DX  RV3ZN         599 16 DX
QSO: 14121 RY 2014-09-28 1830 OZ8PG         599 14 DX  RU3XW         599 16 DX
QSO: 14121 RY 2014-09-28 1831 OZ8PG         599 14 DX  S50W          599 15 DX
QSO: 14121 RY 2014-09-28 1833 OZ8PG         599 14 DX  UT4HZ         599 16 DX
QSO: 14121 RY 2014-09-28 1835 OZ8PG         599 14 DX  IZ8IFL        599 15 DX
QSO: 14121 RY 2014-09-28 1837 OZ8PG         599 14 DX  ZA/S56A       599 15 DX
QSO: 14121 RY 2014-09-28 1838 OZ8PG         599 14 DX  UR7GO         599 16 DX
QSO: 14121 RY 2014-09-28 1838 OZ8PG         599 14 DX  YO7ARY        599 20 DX
QSO: 14121 RY 2014-09-28 1840 OZ8PG         599 14 DX  R7LV          599 16 DX
QSO: 14121 RY 2014-09-28 1841 OZ8PG         599 14 DX  IZ0EHL        599 15 DX
QSO: 14121 RY 2014-09-28 1842 OZ8PG         599 14 DX  UK7AL         599 17 DX
QSO: 14121 RY 2014-09-28 1843 OZ8PG         599 14 DX  UR5FS         599 16 DX
QSO: 14103 RY 2014-09-28 1849 OZ8PG         599 14 DX  IZ8EFD        599 15 DX
QSO: 14104 RY 2014-09-28 1850 OZ8PG         599 14 DX  YO7LID        599 20 DX
QSO: 14106 RY 2014-09-28 1852 OZ8PG         599 14 DX  VP9I          599 05 DX
QSO: 14107 RY 2014-09-28 1853 OZ8PG         599 14 DX  E21E          599 26 DX
QSO: 14111 RY 2014-09-28 1854 OZ8PG         599 14 DX  N2MM          599 05 NJ
QSO: 14111 RY 2014-09-28 1856 OZ8PG         599 14 DX  AA4V          599 05 SC
END-OF-LOG:
