START-OF-LOG: 3.0
CALLSIGN: S51D
CLUB: None
CONTEST: CQ-WW-RTTY
CLAIMED-SCORE: 183600
OPERATORS: S51D
NAME: Simon Sintic
CREATED-BY: N1MM Logger V10.8.3
LOCATION: DX
CATEGORY-OPERATOR: SINGLE-OP
CATEGORY-TRANSMITTER: ONE
CATEGORY-ASSISTED: NON-ASSISTED
CATEGORY-BAND: 40M
CATEGORY-POWER: LOW
CATEGORY-STATION: FIXED
QSO:  7040 RY 2010-09-25 0000 S51D          599 15 DX  UT8EL         599 16 DX
QSO:  7040 RY 2010-09-25 0003 S51D          599 15 DX  RU6LWZ        599 16 DX
QSO:  7040 RY 2010-09-25 0004 S51D          599 15 DX  LA1K          599 14 DX
QSO:  7040 RY 2010-09-25 0005 S51D          599 15 DX  R2SA          599 15 DX
QSO:  7040 RY 2010-09-25 0006 S51D          599 15 DX  VY2SS         599 05 PE
QSO:  7040 RY 2010-09-25 0007 S51D          599 15 DX  UA9AFS        599 17 DX
QSO:  7040 RY 2010-09-25 0008 S51D          599 15 DX  OH8A          599 15 DX
QSO:  7040 RY 2010-09-25 0008 S51D          599 15 DX  UZ2M          599 16 DX
QSO:  7040 RY 2010-09-25 0014 S51D          599 15 DX  W6IHG         599 05 VA
QSO:  7040 RY 2010-09-25 0014 S51D          599 15 DX  RW2WR         599 15 DX
QSO:  7040 RY 2010-09-25 0017 S51D          599 15 DX  WJ2D          599 05 NC
QSO:  7040 RY 2010-09-25 0019 S51D          599 15 DX  K4ADR         599 05 FL
QSO:  7040 RY 2010-09-25 0020 S51D          599 15 DX  MM0EAX        599 14 DX
QSO:  7040 RY 2010-09-25 0021 S51D          599 15 DX  ED2V          599 14 DX
QSO:  7040 RY 2010-09-25 0023 S51D          599 15 DX  SV9FBK        599 20 DX
QSO:  7040 RY 2010-09-25 0023 S51D          599 15 DX  RA6XE         599 16 DX
QSO:  7040 RY 2010-09-25 0024 S51D          599 15 DX  RX3F          599 16 DX
QSO:  7040 RY 2010-09-25 0026 S51D          599 15 DX  RA9JB         599 20 DX
QSO:  7040 RY 2010-09-25 0027 S51D          599 15 DX  UA3PAB        599 16 DX
QSO:  7040 RY 2010-09-25 0029 S51D          599 15 DX  UN7PL         599 17 DX
QSO:  7040 RY 2010-09-25 0032 S51D          599 15 DX  ST2AR         599 34 DX
QSO:  7040 RY 2010-09-25 0044 S51D          599 15 DX  RA3XDV        599 16 DX
QSO:  7040 RY 2010-09-25 0044 S51D          599 15 DX  UA3QGT        599 16 DX
QSO:  7040 RY 2010-09-25 0046 S51D          599 15 DX  AF4OX         599 05 SC
QSO:  7040 RY 2010-09-25 0047 S51D          599 15 DX  RG9A          599 17 DX
QSO:  7040 RY 2010-09-25 0053 S51D          599 15 DX  AM5B          599 14 DX
QSO:  7040 RY 2010-09-25 0058 S51D          599 15 DX  SV9AHZ        599 20 DX
QSO:  7040 RY 2010-09-25 0059 S51D          599 15 DX  RA4FUN        599 16 DX
QSO:  7040 RY 2010-09-25 0100 S51D          599 15 DX  KC4SAW        599 04 TN
QSO:  7040 RY 2010-09-25 0103 S51D          599 15 DX  K6ND          599 05 MA
QSO:  7040 RY 2010-09-25 0104 S51D          599 15 DX  W1BV          599 05 CT
QSO:  7040 RY 2010-09-25 0105 S51D          599 15 DX  W4PHS         599 05 TN
QSO:  7040 RY 2010-09-25 0109 S51D          599 15 DX  RV3UP         599 16 DX
QSO:  7040 RY 2010-09-25 0110 S51D          599 15 DX  US3IZ         599 16 DX
QSO:  7040 RY 2010-09-25 0110 S51D          599 15 DX  K5ZD          599 05 MA
QSO:  7040 RY 2010-09-25 0111 S51D          599 15 DX  VA2AM         599 05 QC
QSO:  7040 RY 2010-09-25 0113 S51D          599 15 DX  K3GMT         599 05 PA
QSO:  7040 RY 2010-09-25 0113 S51D          599 15 DX  K1GU          599 04 TN
QSO:  7040 RY 2010-09-25 0114 S51D          599 15 DX  G0HDV         599 14 DX
QSO:  7040 RY 2010-09-25 0116 S51D          599 15 DX  RW3PF         599 16 DX
QSO:  7040 RY 2010-09-25 0118 S51D          599 15 DX  W1HY          599 05 RI
QSO:  7040 RY 2010-09-25 0119 S51D          599 15 DX  VE2FK         599 05 QC
QSO:  7040 RY 2010-09-25 0123 S51D          599 15 DX  UA4ALI        599 16 DX
QSO:  7029 RY 2010-09-25 0138 S51D          599 15 DX  WA1Z          599 05 NH
QSO:  7031 RY 2010-09-25 0141 S51D          599 15 DX  KI1G          599 05 RI
QSO:  7033 RY 2010-09-25 0144 S51D          599 15 DX  AC4M          599 04 TN
QSO:  7036 RY 2010-09-25 0145 S51D          599 15 DX  HI3TEJ        599 08 DX
QSO:  7036 RY 2010-09-25 0146 S51D          599 15 DX  UW8I          599 16 DX
QSO:  7042 RY 2010-09-25 0150 S51D          599 15 DX  IT9GSF        599 15 DX
QSO:  7044 RY 2010-09-25 0152 S51D          599 15 DX  K4FJ          599 05 VA
QSO:  7044 RY 2010-09-25 0153 S51D          599 15 DX  K1TTT         599 05 MA
QSO:  7046 RY 2010-09-25 0155 S51D          599 15 DX  EB1LA         599 14 DX
QSO:  7049 RY 2010-09-25 0158 S51D          599 15 DX  NR4M          599 05 VA
QSO:  7050 RY 2010-09-25 0159 S51D          599 15 DX  UT4ZX         599 16 DX
QSO:  7051 RY 2010-09-25 0200 S51D          599 15 DX  IT9JOF        599 15 DX
QSO:  7052 RY 2010-09-25 0201 S51D          599 15 DX  K4GMH         599 05 VA
QSO:  7052 RY 2010-09-25 0202 S51D          599 15 DX  N5ZM          599 04 AR
QSO:  7053 RY 2010-09-25 0203 S51D          599 15 DX  UA4HOX        599 16 DX
QSO:  7054 RY 2010-09-25 0204 S51D          599 15 DX  US7IID        599 16 DX
QSO:  7054 RY 2010-09-25 0205 S51D          599 15 DX  RG3K          599 16 DX
QSO:  7056 RY 2010-09-25 0206 S51D          599 15 DX  RA9A          599 17 DX
QSO:  7066 RY 2010-09-25 0209 S51D          599 15 DX  K2ZC          599 05 NJ
QSO:  7067 RY 2010-09-25 0211 S51D          599 15 DX  CR3A          599 33 DX
QSO:  7069 RY 2010-09-25 0212 S51D          599 15 DX  VA2WDQ        599 05 QC
QSO:  7070 RY 2010-09-25 0213 S51D          599 15 DX  N4ZZ          599 04 TN
QSO:  7071 RY 2010-09-25 0214 S51D          599 15 DX  N1MGO         599 05 MA
QSO:  7072 RY 2010-09-25 0215 S51D          599 15 DX  6V7X          599 35 DX
QSO:  7074 RY 2010-09-25 0217 S51D          599 15 DX  CR6K          599 14 DX
QSO:  7075 RY 2010-09-25 0218 S51D          599 15 DX  AB4GG         599 04 TN
QSO:  7079 RY 2010-09-25 0220 S51D          599 15 DX  OH2ET         599 15 DX
QSO:  7081 RY 2010-09-25 0223 S51D          599 15 DX  N1SV          599 05 MA
QSO:  7073 RY 2010-09-25 0225 S51D          599 15 DX  MW2I          599 14 DX
QSO:  7064 RY 2010-09-25 0227 S51D          599 15 DX  VA3DX         599 04 ON
QSO:  7060 RY 2010-09-25 0228 S51D          599 15 DX  RK9AX         599 17 DX
QSO:  7057 RY 2010-09-25 0238 S51D          599 15 DX  P49X          599 09 DX
QSO:  7050 RY 2010-09-25 0244 S51D          599 15 DX  AG4W          599 04 AL
QSO:  7050 RY 2010-09-25 0246 S51D          599 15 DX  NR1X          599 05 CT
QSO:  7050 RY 2010-09-25 0248 S51D          599 15 DX  FM5CD         599 08 DX
QSO:  7050 RY 2010-09-25 0250 S51D          599 15 DX  N3INJ         599 05 PA
QSO:  7050 RY 2010-09-25 0252 S51D          599 15 DX  VE1AOE        599 05 NS
QSO:  7050 RY 2010-09-25 0253 S51D          599 15 DX  UR0HQ         599 16 DX
QSO:  7050 RY 2010-09-25 0254 S51D          599 15 DX  RO3DX         599 16 DX
QSO:  7050 RY 2010-09-25 0256 S51D          599 15 DX  N5RN          599 04 AR
QSO:  7050 RY 2010-09-25 0258 S51D          599 15 DX  S57U          599 15 DX
QSO:  7050 RY 2010-09-25 0259 S51D          599 15 DX  RK3DXW        599 16 DX
QSO:  7050 RY 2010-09-25 0259 S51D          599 15 DX  R3LM          599 16 DX
QSO:  7050 RY 2010-09-25 0300 S51D          599 15 DX  GM0FGI        599 14 DX
QSO:  7050 RY 2010-09-25 0304 S51D          599 15 DX  K1IMI         599 05 ME
QSO:  7050 RY 2010-09-25 0310 S51D          599 15 DX  EA5FQ         599 14 DX
QSO:  7050 RY 2010-09-25 0316 S51D          599 15 DX  UR8EQ         599 16 DX
QSO:  7050 RY 2010-09-25 0317 S51D          599 15 DX  UT7MR         599 16 DX
QSO:  7050 RY 2010-09-25 0318 S51D          599 15 DX  RX4W          599 16 DX
QSO:  7050 RY 2010-09-25 0320 S51D          599 15 DX  W4BCG         599 04 KY
QSO:  7050 RY 2010-09-25 0321 S51D          599 15 DX  LT0H          599 13 DX
QSO:  7050 RY 2010-09-25 0322 S51D          599 15 DX  MI0M          599 14 DX
QSO:  7050 RY 2010-09-25 0325 S51D          599 15 DX  KE3D          599 04 MA
QSO:  7050 RY 2010-09-25 0326 S51D          599 15 DX  W2RZS         599 05 NY
QSO:  7050 RY 2010-09-25 0326 S51D          599 15 DX  OH4AB         599 15 DX
QSO:  7050 RY 2010-09-25 0327 S51D          599 15 DX  UT0EL         599 16 DX
QSO:  7050 RY 2010-09-25 0329 S51D          599 15 DX  EA2BNU        599 14 DX
QSO:  7050 RY 2010-09-25 0330 S51D          599 15 DX  KB3LIX        599 05 PA
QSO:  7050 RY 2010-09-25 0330 S51D          599 15 DX  VY2LI         599 05 PE
QSO:  7050 RY 2010-09-25 0331 S51D          599 15 DX  N8BB          599 04 MI
QSO:  7050 RY 2010-09-25 0334 S51D          599 15 DX  US6IQ         599 16 DX
QSO:  7050 RY 2010-09-25 0335 S51D          599 15 DX  US5I          599 16 DX
QSO:  7050 RY 2010-09-25 0337 S51D          599 15 DX  KE1F          599 05 FL
QSO:  7050 RY 2010-09-25 0338 S51D          599 15 DX  RW9C          599 17 DX
QSO:  7050 RY 2010-09-25 0344 S51D          599 15 DX  RW4W          599 16 DX
QSO:  7050 RY 2010-09-25 0345 S51D          599 15 DX  GM3W          599 14 DX
QSO:  7050 RY 2010-09-25 0347 S51D          599 15 DX  W2VTV         599 05 NJ
QSO:  7050 RY 2010-09-25 0358 S51D          599 15 DX  SX25HKD       599 20 DX
QSO:  7050 RY 2010-09-25 0358 S51D          599 15 DX  VE2AXO        599 05 QC
QSO:  7050 RY 2010-09-25 0359 S51D          599 15 DX  WW3QB         599 05 MD
QSO:  7050 RY 2010-09-25 0420 S51D          599 15 DX  YL2GC         599 15 DX
QSO:  7050 RY 2010-09-25 0421 S51D          599 15 DX  US6CQ         599 16 DX
QSO:  7050 RY 2010-09-25 0422 S51D          599 15 DX  SV2GJV        599 20 DX
QSO:  7050 RY 2010-09-25 0424 S51D          599 15 DX  SM5D          599 14 DX
QSO:  7050 RY 2010-09-25 0428 S51D          599 15 DX  YO8RFS        599 20 DX
QSO:  7050 RY 2010-09-25 0433 S51D          599 15 DX  4Z5CP         599 20 DX
QSO:  7039 RY 2010-09-25 0438 S51D          599 15 DX  IT9BLB        599 15 DX
QSO:  7051 RY 2010-09-25 0441 S51D          599 15 DX  KJ4EEW        599 04 TN
QSO:  7053 RY 2010-09-25 0442 S51D          599 15 DX  N4CS          599 05 NC
QSO:  7064 RY 2010-09-25 0446 S51D          599 15 DX  W1DX          599 05 CT
QSO:  7065 RY 2010-09-25 0448 S51D          599 15 DX  HK6P          599 09 DX
QSO:  7066 RY 2010-09-25 0449 S51D          599 15 DX  EB2BXL        599 14 DX
QSO:  7068 RY 2010-09-25 0450 S51D          599 15 DX  IZ7KHR        599 15 DX
QSO:  7071 RY 2010-09-25 0451 S51D          599 15 DX  NA3M          599 05 MD
QSO:  7074 RY 2010-09-25 0453 S51D          599 15 DX  OP7B          599 14 DX
QSO:  7076 RY 2010-09-25 0455 S51D          599 15 DX  SN2J          599 15 DX
QSO:  7069 RY 2010-09-25 0457 S51D          599 15 DX  KU1T          599 05 WV
QSO:  7055 RY 2010-09-25 0500 S51D          599 15 DX  ES2DJ         599 15 DX
QSO:  7049 RY 2010-09-25 0501 S51D          599 15 DX  RN3A          599 16 DX
QSO:  7047 RY 2010-09-25 0502 S51D          599 15 DX  OK4RQ         599 15 DX
QSO:  7048 RY 2010-09-25 1525 S51D          599 15 DX  UN1L          599 17 DX
QSO:  7040 RY 2010-09-25 1528 S51D          599 15 DX  E70T          599 15 DX
QSO:  7036 RY 2010-09-25 1529 S51D          599 15 DX  Z37M          599 15 DX
QSO:  7045 RY 2010-09-25 1531 S51D          599 15 DX  SO4M          599 15 DX
QSO:  7046 RY 2010-09-25 1532 S51D          599 15 DX  SP4TXI        599 15 DX
QSO:  7047 RY 2010-09-25 1534 S51D          599 15 DX  HG1S          599 15 DX
QSO:  7047 RY 2010-09-25 1535 S51D          599 15 DX  IN3BFW        599 15 DX
QSO:  7052 RY 2010-09-25 1542 S51D          599 15 DX  SE6Y          599 14 DX
QSO:  7055 RY 2010-09-25 1545 S51D          599 15 DX  I5WNN         599 15 DX
QSO:  7056 RY 2010-09-25 1546 S51D          599 15 DX  F8BDQ         599 14 DX
QSO:  7055 RY 2010-09-25 1547 S51D          599 15 DX  AN1A          599 14 DX
QSO:  7053 RY 2010-09-25 1549 S51D          599 15 DX  SM0GYX        599 14 DX
QSO:  7041 RY 2010-09-25 1552 S51D          599 15 DX  UY2UQ         599 16 DX
QSO:  7041 RY 2010-09-25 1553 S51D          599 15 DX  RW3LB         599 16 DX
QSO:  7041 RY 2010-09-25 1559 S51D          599 15 DX  YU1KT         599 15 DX
QSO:  7041 RY 2010-09-25 1559 S51D          599 15 DX  DL2AL         599 14 DX
QSO:  7041 RY 2010-09-25 1600 S51D          599 15 DX  IZ1HIV        599 15 DX
QSO:  7041 RY 2010-09-25 1601 S51D          599 15 DX  G5D           599 14 DX
QSO:  7041 RY 2010-09-25 1602 S51D          599 15 DX  OM6RK         599 15 DX
QSO:  7041 RY 2010-09-25 1603 S51D          599 15 DX  OM3KWZ        599 15 DX
QSO:  7041 RY 2010-09-25 1604 S51D          599 15 DX  DL4MDO        599 14 DX
QSO:  7041 RY 2010-09-25 1605 S51D          599 15 DX  RW4FX         599 16 DX
QSO:  7041 RY 2010-09-25 1605 S51D          599 15 DX  DK1LRS        599 14 DX
QSO:  7041 RY 2010-09-25 1606 S51D          599 15 DX  SQ7LQJ        599 15 DX
QSO:  7041 RY 2010-09-25 1606 S51D          599 15 DX  LA2IJ         599 14 DX
QSO:  7041 RY 2010-09-25 1607 S51D          599 15 DX  SO6I          599 15 DX
QSO:  7041 RY 2010-09-25 1608 S51D          599 15 DX  F5OAM         599 14 DX
QSO:  7041 RY 2010-09-25 1609 S51D          599 15 DX  PE1MPA        599 14 DX
QSO:  7041 RY 2010-09-25 1610 S51D          599 15 DX  DL1NEO        599 14 DX
QSO:  7041 RY 2010-09-25 1611 S51D          599 15 DX  UX1UX         599 16 DX
QSO:  7041 RY 2010-09-25 1613 S51D          599 15 DX  UR7TZ         599 16 DX
QSO:  7041 RY 2010-09-25 1614 S51D          599 15 DX  R3BT          599 16 DX
QSO:  7041 RY 2010-09-25 1615 S51D          599 15 DX  JH1APZ        599 25 DX
QSO:  7041 RY 2010-09-25 1615 S51D          599 15 DX  RD1AW         599 16 DX
QSO:  7041 RY 2010-09-25 1616 S51D          599 15 DX  OM3ZBG        599 15 DX
QSO:  7041 RY 2010-09-25 1617 S51D          599 15 DX  SP4BPH        599 15 DX
QSO:  7041 RY 2010-09-25 1619 S51D          599 15 DX  JA6BZI        599 25 DX
QSO:  7041 RY 2010-09-25 1620 S51D          599 15 DX  DK2CF         599 14 DX
QSO:  7041 RY 2010-09-25 1620 S51D          599 15 DX  HA5LZ         599 15 DX
QSO:  7041 RY 2010-09-25 1621 S51D          599 15 DX  JA6BWH        599 25 DX
QSO:  7041 RY 2010-09-25 1623 S51D          599 15 DX  U5EX          599 16 DX
QSO:  7041 RY 2010-09-25 1624 S51D          599 15 DX  S52X          599 15 DX
QSO:  7041 RY 2010-09-25 1624 S51D          599 15 DX  DJ8EW         599 14 DX
QSO:  7041 RY 2010-09-25 1625 S51D          599 15 DX  HB9TJM        599 14 DX
QSO:  7041 RY 2010-09-25 1626 S51D          599 15 DX  UT1PA         599 16 DX
QSO:  7041 RY 2010-09-25 1627 S51D          599 15 DX  RV6LCI        599 16 DX
QSO:  7041 RY 2010-09-25 1628 S51D          599 15 DX  UA3TN         599 16 DX
QSO:  7041 RY 2010-09-25 1628 S51D          599 15 DX  OE3DXA        599 15 DX
QSO:  7041 RY 2010-09-25 1628 S51D          599 15 DX  LZ8E          599 20 DX
QSO:  7041 RY 2010-09-25 1631 S51D          599 15 DX  SP3VSE        599 15 DX
QSO:  7041 RY 2010-09-25 1633 S51D          599 15 DX  IZ5DKJ        599 15 DX
QSO:  7041 RY 2010-09-25 1634 S51D          599 15 DX  JI1RXQ        599 25 DX
QSO:  7041 RY 2010-09-25 1635 S51D          599 15 DX  IK2DZN        599 15 DX
QSO:  7041 RY 2010-09-25 1636 S51D          599 15 DX  SP3BJK        599 15 DX
QSO:  7041 RY 2010-09-25 1641 S51D          599 15 DX  OH7JJT        599 15 DX
QSO:  7041 RY 2010-09-25 1644 S51D          599 15 DX  RA9ULK        599 18 DX
QSO:  7041 RY 2010-09-25 1645 S51D          599 15 DX  OE50VIE       599 15 DX
QSO:  7041 RY 2010-09-25 1646 S51D          599 15 DX  JA3LEB        599 25 DX
QSO:  7041 RY 2010-09-25 1648 S51D          599 15 DX  UR3LTD        599 16 DX
QSO:  7041 RY 2010-09-25 1649 S51D          599 15 DX  HB9SVT        599 14 DX
QSO:  7041 RY 2010-09-25 1650 S51D          599 15 DX  A61BK         599 21 DX
QSO:  7041 RY 2010-09-25 1650 S51D          599 15 DX  SM5FQQ        599 14 DX
QSO:  7041 RY 2010-09-25 1650 S51D          599 15 DX  OK2PAD        599 15 DX
QSO:  7041 RY 2010-09-25 1651 S51D          599 15 DX  YL2PA         599 15 DX
QSO:  7041 RY 2010-09-25 1652 S51D          599 15 DX  JO1WKO        599 25 DX
QSO:  7041 RY 2010-09-25 1653 S51D          599 15 DX  SN4F          599 15 DX
QSO:  7041 RY 2010-09-25 1654 S51D          599 15 DX  JR3UIC        599 25 DX
QSO:  7041 RY 2010-09-25 1654 S51D          599 15 DX  S50A          599 15 DX
QSO:  7041 RY 2010-09-25 1656 S51D          599 15 DX  RA3VMD        599 16 DX
QSO:  7041 RY 2010-09-25 1656 S51D          599 15 DX  SP3DOF        599 15 DX
QSO:  7041 RY 2010-09-25 1657 S51D          599 15 DX  OK3R          599 15 DX
QSO:  7041 RY 2010-09-25 1659 S51D          599 15 DX  RK4HZ/3       599 16 DX
QSO:  7041 RY 2010-09-25 1700 S51D          599 15 DX  YU5MOL        599 15 DX
QSO:  7041 RY 2010-09-25 1701 S51D          599 15 DX  DL5AR         599 14 DX
QSO:  7041 RY 2010-09-25 1704 S51D          599 15 DX  SQ6FHP        599 15 DX
QSO:  7041 RY 2010-09-25 1705 S51D          599 15 DX  RD4HD         599 16 DX
QSO:  7041 RY 2010-09-25 1707 S51D          599 15 DX  UA3PT         599 16 DX
QSO:  7041 RY 2010-09-25 1710 S51D          599 15 DX  OM7AG         599 15 DX
QSO:  7041 RY 2010-09-25 1720 S51D          599 15 DX  UN7TW         599 17 DX
QSO:  7041 RY 2010-09-25 1720 S51D          599 15 DX  SQ7B          599 15 DX
QSO:  7041 RY 2010-09-25 1722 S51D          599 15 DX  OH6K          599 15 DX
QSO:  7041 RY 2010-09-25 1723 S51D          599 15 DX  DL4ME         599 14 DX
QSO:  7041 RY 2010-09-25 1725 S51D          599 15 DX  R3OR          599 16 DX
QSO:  7041 RY 2010-09-25 1727 S51D          599 15 DX  G4DBW         599 14 DX
QSO:  7041 RY 2010-09-25 1728 S51D          599 15 DX  UT5KO         599 16 DX
QSO:  7041 RY 2010-09-25 1729 S51D          599 15 DX  IZ0KBR        599 15 DX
QSO:  7041 RY 2010-09-25 1729 S51D          599 15 DX  JL1QOC        599 25 DX
QSO:  7041 RY 2010-09-25 1730 S51D          599 15 DX  LA2OKA        599 14 DX
QSO:  7041 RY 2010-09-25 1818 S51D          599 15 DX  SM5QU         599 14 DX
QSO:  7041 RY 2010-09-25 1818 S51D          599 15 DX  DL5JSP        599 14 DX
QSO:  7041 RY 2010-09-25 1818 S51D          599 15 DX  US0HZ         599 16 DX
QSO:  7041 RY 2010-09-25 1820 S51D          599 15 DX  SP3DSC        599 15 DX
QSO:  7041 RY 2010-09-25 1821 S51D          599 15 DX  PA3BFH        599 14 DX
QSO:  7041 RY 2010-09-25 1822 S51D          599 15 DX  UR7CT         599 16 DX
QSO:  7041 RY 2010-09-25 1823 S51D          599 15 DX  UR5ETN        599 16 DX
QSO:  7041 RY 2010-09-25 1824 S51D          599 15 DX  EW7LE         599 16 DX
QSO:  7041 RY 2010-09-25 1826 S51D          599 15 DX  RA6HSM        599 16 DX
QSO:  7041 RY 2010-09-25 1826 S51D          599 15 DX  UA6HAZ        599 16 DX
QSO:  7041 RY 2010-09-25 1827 S51D          599 15 DX  JA1OVD        599 25 DX
QSO:  7041 RY 2010-09-25 1827 S51D          599 15 DX  OM3NI         599 15 DX
QSO:  7041 RY 2010-09-25 1828 S51D          599 15 DX  SM2JUR        599 14 DX
QSO:  7041 RY 2010-09-25 1831 S51D          599 15 DX  PA0RRA        599 14 DX
QSO:  7041 RY 2010-09-25 1832 S51D          599 15 DX  DF7JC         599 14 DX
QSO:  7041 RY 2010-09-25 1833 S51D          599 15 DX  OK1LO         599 15 DX
QSO:  7041 RY 2010-09-25 1835 S51D          599 15 DX  SP7QJB        599 15 DX
QSO:  7041 RY 2010-09-25 1836 S51D          599 15 DX  UW0L          599 16 DX
QSO:  7041 RY 2010-09-25 1838 S51D          599 15 DX  UR3UT         599 16 DX
QSO:  7041 RY 2010-09-25 1838 S51D          599 15 DX  DL1DTC        599 14 DX
QSO:  7041 RY 2010-09-25 1841 S51D          599 15 DX  RU3PU         599 16 DX
QSO:  7041 RY 2010-09-25 1841 S51D          599 15 DX  UA9OLO        599 18 DX
QSO:  7041 RY 2010-09-25 1842 S51D          599 15 DX  SP9WZP        599 15 DX
QSO:  7041 RY 2010-09-25 1845 S51D          599 15 DX  PA3AM         599 14 DX
QSO:  7041 RY 2010-09-25 1845 S51D          599 15 DX  OH2NT         599 15 DX
QSO:  7041 RY 2010-09-25 1846 S51D          599 15 DX  UW7LL         599 16 DX
QSO:  7041 RY 2010-09-25 1846 S51D          599 15 DX  IZ1JJB        599 15 DX
QSO:  7041 RY 2010-09-25 1848 S51D          599 15 DX  DK5OS         599 14 DX
QSO:  7041 RY 2010-09-25 1848 S51D          599 15 DX  PE1OYB        599 14 DX
QSO:  7041 RY 2010-09-25 1849 S51D          599 15 DX  SN2K          599 15 DX
QSO:  7041 RY 2010-09-25 1849 S51D          599 15 DX  RA9AU         599 17 DX
QSO:  7041 RY 2010-09-25 1850 S51D          599 15 DX  YU7U          599 15 DX
QSO:  7041 RY 2010-09-25 1850 S51D          599 15 DX  YO3GW         599 20 DX
QSO:  7041 RY 2010-09-25 1851 S51D          599 15 DX  RD3AJB        599 16 DX
QSO:  7041 RY 2010-09-25 1852 S51D          599 15 DX  DL8MBS        599 14 DX
QSO:  7041 RY 2010-09-25 1856 S51D          599 15 DX  RK9FBE        599 17 DX
QSO:  7041 RY 2010-09-25 1859 S51D          599 15 DX  RY9C          599 17 DX
QSO:  7041 RY 2010-09-25 1902 S51D          599 15 DX  UY5TE         599 16 DX
QSO:  7041 RY 2010-09-25 1904 S51D          599 15 DX  SM6EQO        599 14 DX
QSO:  7041 RY 2010-09-25 1905 S51D          599 15 DX  PA2W          599 14 DX
QSO:  7030 RY 2010-09-25 1907 S51D          599 15 DX  R2AT          599 15 DX
QSO:  7033 RY 2010-09-25 1909 S51D          599 15 DX  RW9UW         599 18 DX
QSO:  7034 RY 2010-09-25 1909 S51D          599 15 DX  OY3JE         599 14 DX
QSO:  7036 RY 2010-09-25 1911 S51D          599 15 DX  R9DX          599 17 DX
QSO:  7038 RY 2010-09-25 1912 S51D          599 15 DX  I4IKW         599 15 DX
QSO:  7040 RY 2010-09-25 1914 S51D          599 15 DX  YT8A          599 15 DX
QSO:  7047 RY 2010-09-25 1915 S51D          599 15 DX  OH2LNH        599 15 DX
QSO:  7047 RY 2010-09-25 1923 S51D          599 15 DX  DJ4PI         599 14 DX
QSO:  7047 RY 2010-09-25 1924 S51D          599 15 DX  UA7G          599 17 DX
QSO:  7047 RY 2010-09-25 1925 S51D          599 15 DX  UR5WCQ        599 16 DX
QSO:  7047 RY 2010-09-25 1927 S51D          599 15 DX  7Z1SJ         599 21 DX
QSO:  7047 RY 2010-09-25 1954 S51D          599 15 DX  PI4CC         599 14 DX
QSO:  7040 RY 2010-09-25 1956 S51D          599 15 DX  RX0AWW        599 18 DX
QSO:  7032 RY 2010-09-25 1959 S51D          599 15 DX  YL9T          599 15 DX
QSO:  7050 RY 2010-09-25 2004 S51D          599 15 DX  ER6A          599 16 DX
QSO:  7054 RY 2010-09-25 2006 S51D          599 15 DX  F8KGH         599 14 DX
QSO:  7057 RY 2010-09-25 2007 S51D          599 15 DX  LX7I          599 14 DX
QSO:  7065 RY 2010-09-25 2009 S51D          599 15 DX  RZ3AXX        599 16 DX
QSO:  7036 RY 2010-09-25 2012 S51D          599 15 DX  EA7CIX        599 14 DX
QSO:  7036 RY 2010-09-25 2016 S51D          599 15 DX  JR4VEV        599 25 DX
QSO:  7036 RY 2010-09-25 2018 S51D          599 15 DX  JA2VHO        599 25 DX
QSO:  7036 RY 2010-09-25 2019 S51D          599 15 DX  ER3AU         599 16 DX
QSO:  7036 RY 2010-09-25 2020 S51D          599 15 DX  EA3ALV        599 14 DX
QSO:  7036 RY 2010-09-25 2022 S51D          599 15 DX  YO6DBL        599 20 DX
QSO:  7036 RY 2010-09-25 2025 S51D          599 15 DX  SP2GJI        599 15 DX
QSO:  7036 RY 2010-09-25 2027 S51D          599 15 DX  RW6CW         599 16 DX
QSO:  7036 RY 2010-09-25 2028 S51D          599 15 DX  RV3DNN        599 16 DX
QSO:  7036 RY 2010-09-25 2029 S51D          599 15 DX  G1XKZ         599 14 DX
QSO:  7036 RY 2010-09-25 2029 S51D          599 15 DX  VK3HR         599 30 DX
QSO:  7036 RY 2010-09-25 2030 S51D          599 15 DX  UT8IM         599 16 DX
QSO:  7036 RY 2010-09-25 2032 S51D          599 15 DX  E21YDP        599 26 DX
QSO:  7036 RY 2010-09-25 2033 S51D          599 15 DX  JA7GYP        599 25 DX
QSO:  7036 RY 2010-09-25 2034 S51D          599 15 DX  JA1IZZ        599 25 DX
QSO:  7036 RY 2010-09-25 2036 S51D          599 15 DX  RK4WWF        599 16 DX
QSO:  7036 RY 2010-09-25 2037 S51D          599 15 DX  RU6YJ         599 16 DX
QSO:  7036 RY 2010-09-25 2037 S51D          599 15 DX  JH3CUL        599 25 DX
QSO:  7036 RY 2010-09-25 2039 S51D          599 15 DX  JA2BQX        599 25 DX
QSO:  7036 RY 2010-09-25 2039 S51D          599 15 DX  JH0INP        599 25 DX
QSO:  7036 RY 2010-09-25 2040 S51D          599 15 DX  EW1NA         599 16 DX
QSO:  7036 RY 2010-09-25 2041 S51D          599 15 DX  JA8TR         599 25 DX
QSO:  7036 RY 2010-09-25 2042 S51D          599 15 DX  JA2VHO        599 25 DX
QSO:  7036 RY 2010-09-25 2044 S51D          599 15 DX  F6BUL         599 14 DX
QSO:  7036 RY 2010-09-25 2044 S51D          599 15 DX  DL1JB         599 14 DX
QSO:  7036 RY 2010-09-25 2047 S51D          599 15 DX  ER0FEO        599 16 DX
QSO:  7036 RY 2010-09-25 2050 S51D          599 15 DX  LA7CL         599 14 DX
QSO:  7036 RY 2010-09-25 2052 S51D          599 15 DX  DL4ZA         599 14 DX
QSO:  7036 RY 2010-09-25 2053 S51D          599 15 DX  UX6IB         599 16 DX
QSO:  7036 RY 2010-09-25 2058 S51D          599 15 DX  9A0W          599 15 DX
QSO:  7036 RY 2010-09-25 2058 S51D          599 15 DX  YO3BBW        599 20 DX
QSO:  7036 RY 2010-09-25 2105 S51D          599 15 DX  UA3TCJ        599 16 DX
QSO:  7036 RY 2010-09-25 2125 S51D          599 15 DX  YL3CU         599 15 DX
QSO:  7036 RY 2010-09-25 2131 S51D          599 15 DX  F4FDA         599 14 DX
QSO:  7036 RY 2010-09-25 2136 S51D          599 15 DX  SP3EFG        599 15 DX
QSO:  7036 RY 2010-09-25 2137 S51D          599 15 DX  PA0TCA        599 14 DX
QSO:  7036 RY 2010-09-25 2142 S51D          599 15 DX  EA7VJ         599 14 DX
QSO:  7036 RY 2010-09-25 2146 S51D          599 15 DX  UR7GO         599 16 DX
QSO:  7036 RY 2010-09-25 2147 S51D          599 15 DX  EA8AJO        599 33 DX
QSO:  7036 RY 2010-09-25 2148 S51D          599 15 DX  YL4U          599 15 DX
QSO:  7036 RY 2010-09-25 2151 S51D          599 15 DX  SP7FDV        599 15 DX
QSO:  7036 RY 2010-09-25 2151 S51D          599 15 DX  SQ8LEC        599 15 DX
QSO:  7036 RY 2010-09-25 2153 S51D          599 15 DX  EN7U          599 16 DX
QSO:  7036 RY 2010-09-25 2157 S51D          599 15 DX  SP2SGN        599 15 DX
QSO:  7036 RY 2010-09-25 2200 S51D          599 15 DX  UX6IR         599 16 DX
QSO:  7036 RY 2010-09-25 2200 S51D          599 15 DX  UR3QXX        599 16 DX
QSO:  7036 RY 2010-09-25 2201 S51D          599 15 DX  US5E          599 16 DX
QSO:  7036 RY 2010-09-25 2202 S51D          599 15 DX  SP8EEX        599 15 DX
QSO:  7036 RY 2010-09-25 2203 S51D          599 15 DX  EA8BQM        599 33 DX
QSO:  7036 RY 2010-09-25 2204 S51D          599 15 DX  DL1QW         599 14 DX
QSO:  7036 RY 2010-09-25 2207 S51D          599 15 DX  2E0TGS        599 14 DX
QSO:  7036 RY 2010-09-25 2209 S51D          599 15 DX  RA3SL         599 16 DX
QSO:  7036 RY 2010-09-25 2211 S51D          599 15 DX  SP5TAZ        599 15 DX
QSO:  7036 RY 2010-09-25 2212 S51D          599 15 DX  SM5CSS        599 14 DX
QSO:  7036 RY 2010-09-25 2220 S51D          599 15 DX  G3RSD         599 14 DX
QSO:  7036 RY 2010-09-25 2222 S51D          599 15 DX  PA1NL         599 14 DX
QSO:  7036 RY 2010-09-25 2223 S51D          599 15 DX  EB5DEA        599 14 DX
QSO:  7036 RY 2010-09-25 2224 S51D          599 15 DX  UW0K          599 16 DX
QSO:  7036 RY 2010-09-25 2225 S51D          599 15 DX  OH8TV         599 15 DX
QSO:  7036 RY 2010-09-25 2228 S51D          599 15 DX  ON4ANL        599 14 DX
QSO:  7036 RY 2010-09-25 2228 S51D          599 15 DX  GI4JTF        599 14 DX
QSO:  7036 RY 2010-09-25 2230 S51D          599 15 DX  PA3FYG        599 14 DX
QSO:  7036 RY 2010-09-25 2230 S51D          599 15 DX  OH6HOL        599 15 DX
QSO:  7036 RY 2010-09-25 2231 S51D          599 15 DX  CT1HMN        599 14 DX
QSO:  7036 RY 2010-09-25 2232 S51D          599 15 DX  EU1AZ         599 16 DX
QSO:  7036 RY 2010-09-25 2232 S51D          599 15 DX  G3VAO         599 14 DX
QSO:  7036 RY 2010-09-25 2233 S51D          599 15 DX  UT7EJ         599 16 DX
QSO:  7036 RY 2010-09-25 2236 S51D          599 15 DX  LA4RT         599 14 DX
QSO:  7036 RY 2010-09-25 2237 S51D          599 15 DX  K3IU          599 05 RI
QSO:  7036 RY 2010-09-25 2237 S51D          599 15 DX  EI9ES         599 14 DX
QSO:  7036 RY 2010-09-25 2240 S51D          599 15 DX  SP2WED        599 15 DX
QSO:  7036 RY 2010-09-25 2242 S51D          599 15 DX  K3OK          599 05 PA
QSO:  7036 RY 2010-09-25 2245 S51D          599 15 DX  M0HQJ         599 14 DX
QSO:  7036 RY 2010-09-25 2246 S51D          599 15 DX  SA0BDK        599 14 DX
QSO:  7055 RY 2010-09-25 2258 S51D          599 15 DX  W3FV          599 05 PA
QSO:  7061 RY 2010-09-25 2300 S51D          599 15 DX  W4TMO         599 05 NC
QSO:  7062 RY 2010-09-25 2300 S51D          599 15 DX  OH8X          599 15 DX
QSO:  7047 RY 2010-09-25 2303 S51D          599 15 DX  MD2C          599 14 DX
QSO:  7050 RY 2010-09-25 2304 S51D          599 15 DX  F5AMH         599 14 DX
QSO:  7077 RY 2010-09-25 2307 S51D          599 15 DX  AM5A          599 14 DX
QSO:  7080 RY 2010-09-25 2308 S51D          599 15 DX  K3WW          599 05 PA
QSO:  7082 RY 2010-09-25 2309 S51D          599 15 DX  J39BS         599 08 DX
QSO:  7073 RY 2010-09-25 2312 S51D          599 15 DX  WA1FCN        599 04 AL
QSO:  7068 RY 2010-09-25 2312 S51D          599 15 DX  W1TY          599 05 NY
QSO:  7066 RY 2010-09-25 2313 S51D          599 15 DX  KE4UW         599 05 GA
QSO:  7066 RY 2010-09-25 2314 S51D          599 15 DX  WY3P          599 05 VA
QSO:  7053 RY 2010-09-25 2316 S51D          599 15 DX  YO9HP         599 20 DX
QSO:  7039 RY 2010-09-25 2317 S51D          599 15 DX  N2CU          599 05 NY
QSO:  7035 RY 2010-09-25 2319 S51D          599 15 DX  W3MF          599 05 PA
QSO:  7032 RY 2010-09-25 2320 S51D          599 15 DX  W0YR          599 05 VA
QSO:  7043 RY 2010-09-25 2321 S51D          599 15 DX  EF8M          599 33 DX
QSO:  7047 RY 2010-09-25 2323 S51D          599 15 DX  N6AR          599 05 FL
QSO:  7075 RY 2010-09-25 2327 S51D          599 15 DX  ST2AR         599 34 DX
QSO:  7037 RY 2010-09-25 2343 S51D          599 15 DX  CV5D          599 13 DX
QSO:  7029 RY 2010-09-25 2349 S51D          599 15 DX  W0GJ          599 04 MN
QSO:  7037 RY 2010-09-25 2351 S51D          599 15 DX  S50R          599 15 DX
QSO:  7084 RY 2010-09-25 2354 S51D          599 15 DX  N2WQ/VE3      599 04 ON
QSO:  7050 RY 2010-09-26 0004 S51D          599 15 DX  W1BYH         599 05 MA
QSO:  7050 RY 2010-09-26 0007 S51D          599 15 DX  WA2MCR        599 05 NY
QSO:  7050 RY 2010-09-26 0008 S51D          599 15 DX  CR5A          599 14 DX
QSO:  7050 RY 2010-09-26 0009 S51D          599 15 DX  UT6IS         599 16 DX
QSO:  7050 RY 2010-09-26 0011 S51D          599 15 DX  W4TTY         599 05 VA
QSO:  7050 RY 2010-09-26 0015 S51D          599 15 DX  LA1BFA        599 14 DX
QSO:  7050 RY 2010-09-26 0021 S51D          599 15 DX  CT1BXT        599 14 DX
QSO:  7050 RY 2010-09-26 0023 S51D          599 15 DX  UN5J          599 17 DX
QSO:  7050 RY 2010-09-26 0027 S51D          599 15 DX  VE3KI         599 04 ON
QSO:  7050 RY 2010-09-26 0028 S51D          599 15 DX  RC9JWR        599 17 DX
QSO:  7050 RY 2010-09-26 0030 S51D          599 15 DX  UP6P          599 17 DX
QSO:  7050 RY 2010-09-26 0031 S51D          599 15 DX  K9WX          599 04 IN
QSO:  7050 RY 2010-09-26 0032 S51D          599 15 DX  YY5AEA        599 09 DX
QSO:  7050 RY 2010-09-26 0033 S51D          599 15 DX  W1MAT         599 05 MA
QSO:  7050 RY 2010-09-26 0035 S51D          599 15 DX  OH6R          599 15 DX
QSO:  7050 RY 2010-09-26 0036 S51D          599 15 DX  VA3XH         599 04 ON
QSO:  7050 RY 2010-09-26 0040 S51D          599 15 DX  WB2RHM        599 05 NC
QSO:  7050 RY 2010-09-26 0041 S51D          599 15 DX  VE3VA         599 04 ON
QSO:  7050 RY 2010-09-26 0043 S51D          599 15 DX  W8TE          599 04 MI
QSO:  7050 RY 2010-09-26 0045 S51D          599 15 DX  K0TPP         599 04 MO
QSO:  7050 RY 2010-09-26 0052 S51D          599 15 DX  NX5O          599 04 OK
QSO:  7050 RY 2010-09-26 0053 S51D          599 15 DX  W0HW          599 04 MN
QSO:  7050 RY 2010-09-26 0054 S51D          599 15 DX  WD4GBW        599 05 VA
QSO:  7050 RY 2010-09-26 0055 S51D          599 15 DX  K4NKY         599 05 FL
QSO:  7050 RY 2010-09-26 0056 S51D          599 15 DX  K7WP          599 03 AZ
QSO:  7050 RY 2010-09-26 0057 S51D          599 15 DX  KA2FHN        599 05 NY
QSO:  7050 RY 2010-09-26 0058 S51D          599 15 DX  W8BI          599 04 OH
QSO:  7050 RY 2010-09-26 0058 S51D          599 15 DX  KC0ZNI        599 04 KS
QSO:  7050 RY 2010-09-26 0059 S51D          599 15 DX  K5VJZ         599 04 AR
QSO:  7050 RY 2010-09-26 0101 S51D          599 15 DX  WB2PJH        599 05 NJ
QSO:  7050 RY 2010-09-26 0102 S51D          599 15 DX  VE3XD         599 04 ON
QSO:  7050 RY 2010-09-26 0102 S51D          599 15 DX  VE3FH         599 04 ON
QSO:  7050 RY 2010-09-26 0104 S51D          599 15 DX  VE3RZ         599 04 ON
QSO:  7050 RY 2010-09-26 0104 S51D          599 15 DX  UA4HJ         599 16 DX
QSO:  7050 RY 2010-09-26 0106 S51D          599 15 DX  AI9T          599 04 IL
QSO:  7050 RY 2010-09-26 0107 S51D          599 15 DX  KG4JGQ        599 05 NC
QSO:  7050 RY 2010-09-26 0108 S51D          599 15 DX  N2CJ          599 05 NJ
QSO:  7050 RY 2010-09-26 0109 S51D          599 15 DX  W4VIC         599 05 VA
QSO:  7050 RY 2010-09-26 0110 S51D          599 15 DX  WB4OMM        599 05 FL
QSO:  7050 RY 2010-09-26 0112 S51D          599 15 DX  AA9L          599 04 WV
QSO:  7050 RY 2010-09-26 0112 S51D          599 15 DX  KG0KP         599 04 MO
QSO:  7050 RY 2010-09-26 0112 S51D          599 15 DX  K1LPS         599 05 VT
QSO:  7050 RY 2010-09-26 0113 S51D          599 15 DX  K2YG          599 05 NJ
QSO:  7050 RY 2010-09-26 0117 S51D          599 15 DX  KB1IKD        599 05 MA
QSO:  7050 RY 2010-09-26 0118 S51D          599 15 DX  AD5XD         599 04 TX
QSO:  7050 RY 2010-09-26 0119 S51D          599 15 DX  W4UEF         599 05 NC
QSO:  7050 RY 2010-09-26 0119 S51D          599 15 DX  VA3PC         599 04 ON
QSO:  7050 RY 2010-09-26 0120 S51D          599 15 DX  VE3IAE        599 04 ON
QSO:  7050 RY 2010-09-26 0122 S51D          599 15 DX  KC2SZ         599 05 NJ
QSO:  7050 RY 2010-09-26 0124 S51D          599 15 DX  W0BR          599 05 PA
QSO:  7050 RY 2010-09-26 0126 S51D          599 15 DX  LV6D          599 13 DX
QSO:  7050 RY 2010-09-26 0128 S51D          599 15 DX  KB0S          599 04 KS
QSO:  7050 RY 2010-09-26 0129 S51D          599 15 DX  W7DO          599 05 SC
QSO:  7050 RY 2010-09-26 0130 S51D          599 15 DX  N1IBM         599 05 NJ
QSO:  7050 RY 2010-09-26 0131 S51D          599 15 DX  KU2M          599 05 NJ
QSO:  7050 RY 2010-09-26 0132 S51D          599 15 DX  VY2MP         599 05 PE
QSO:  7050 RY 2010-09-26 0133 S51D          599 15 DX  RW6AH         599 16 DX
QSO:  7050 RY 2010-09-26 0134 S51D          599 15 DX  RU4LM         599 16 DX
QSO:  7050 RY 2010-09-26 0137 S51D          599 15 DX  N2PA          599 05 NY
QSO:  7050 RY 2010-09-26 0138 S51D          599 15 DX  K1IB          599 05 VT
QSO:  7050 RY 2010-09-26 0139 S51D          599 15 DX  AJ1E          599 05 MA
QSO:  7050 RY 2010-09-26 0144 S51D          599 15 DX  KX4O          599 05 VA
QSO:  7050 RY 2010-09-26 0149 S51D          599 15 DX  5B/UT0U       599 20 DX
QSO:  7050 RY 2010-09-26 0150 S51D          599 15 DX  VE7SV         599 03 BC
QSO:  7050 RY 2010-09-26 0150 S51D          599 15 DX  KA1C          599 05 ME
QSO:  7050 RY 2010-09-26 0154 S51D          599 15 DX  N8BJQ         599 04 OH
QSO:  7050 RY 2010-09-26 0159 S51D          599 15 DX  K2OLO         599 05 NY
QSO:  7050 RY 2010-09-26 0203 S51D          599 15 DX  N8BM          599 04 OH
QSO:  7079 RY 2010-09-26 0214 S51D          599 15 DX  XE3N          599 06 DX
QSO:  7050 RY 2010-09-26 0216 S51D          599 15 DX  W4GOW         599 05 VA
QSO:  7050 RY 2010-09-26 0218 S51D          599 15 DX  HC8/K6AW      599 10 DX
QSO:  7050 RY 2010-09-26 0220 S51D          599 15 DX  N4ST          599 05 VA
QSO:  7050 RY 2010-09-26 0225 S51D          599 15 DX  WX4TM         599 04 AL
QSO:  7050 RY 2010-09-26 0230 S51D          599 15 DX  N2QT          599 05 VA
QSO:  7050 RY 2010-09-26 0231 S51D          599 15 DX  UA3ICN        599 16 DX
QSO:  7050 RY 2010-09-26 0232 S51D          599 15 DX  WA1FCN        599 04 AL
QSO:  7050 RY 2010-09-26 0233 S51D          599 15 DX  RK4S          599 16 DX
QSO:  7050 RY 2010-09-26 0237 S51D          599 15 DX  WB8IMY        599 05 CT
QSO:  7050 RY 2010-09-26 0238 S51D          599 15 DX  WA0SKN        599 05 NH
QSO:  7050 RY 2010-09-26 0240 S51D          599 15 DX  UR4MH         599 16 DX
QSO:  7050 RY 2010-09-26 0241 S51D          599 15 DX  AA4YL         599 05 MA
QSO:  7050 RY 2010-09-26 0242 S51D          599 15 DX  G3V           599 14 DX
QSO:  7050 RY 2010-09-26 0243 S51D          599 15 DX  KV4CN         599 05 NC
QSO:  7050 RY 2010-09-26 0245 S51D          599 15 DX  XE2K          599 06 DX
QSO:  7050 RY 2010-09-26 0247 S51D          599 15 DX  UY7MM         599 16 DX
QSO:  7050 RY 2010-09-26 0247 S51D          599 15 DX  KE8M          599 04 OH
QSO:  7050 RY 2010-09-26 0248 S51D          599 15 DX  WG8Y          599 04 OH
QSO:  7050 RY 2010-09-26 0249 S51D          599 15 DX  KF6T          599 03 CA
QSO:  7050 RY 2010-09-26 0254 S51D          599 15 DX  W1MAW         599 05 MA
QSO:  7050 RY 2010-09-26 0257 S51D          599 15 DX  F5JY          599 14 DX
QSO:  7044 RY 2010-09-26 0259 S51D          599 15 DX  K7AR          599 03 WA
QSO:  7050 RY 2010-09-26 0301 S51D          599 15 DX  K0CN          599 04 MN
QSO:  7050 RY 2010-09-26 0303 S51D          599 15 DX  KN3A          599 05 PA
QSO:  7050 RY 2010-09-26 0304 S51D          599 15 DX  W8CAR         599 04 OH
QSO:  7050 RY 2010-09-26 0304 S51D          599 15 DX  PD0LUR        599 14 DX
QSO:  7050 RY 2010-09-26 0305 S51D          599 15 DX  K0KX          599 04 MN
QSO:  7050 RY 2010-09-26 0305 S51D          599 15 DX  XE1MM         599 06 DX
QSO:  7050 RY 2010-09-26 0308 S51D          599 15 DX  AA8LL         599 04 OH
QSO:  7050 RY 2010-09-26 0308 S51D          599 15 DX  N4IG          599 05 FL
QSO:  7050 RY 2010-09-26 0313 S51D          599 15 DX  N3OW          599 05 PA
QSO:  7050 RY 2010-09-26 0313 S51D          599 15 DX  W5SWV         599 04 TX
QSO:  7050 RY 2010-09-26 0313 S51D          599 15 DX  N4WO          599 05 FL
QSO:  7050 RY 2010-09-26 0314 S51D          599 15 DX  VE5RI         599 04 SK
QSO:  7050 RY 2010-09-26 0315 S51D          599 15 DX  PA7TWO        599 14 DX
QSO:  7050 RY 2010-09-26 0316 S51D          599 15 DX  K2DLS         599 05 NJ
QSO:  7050 RY 2010-09-26 0316 S51D          599 15 DX  W8JWN         599 04 MI
QSO:  7050 RY 2010-09-26 0317 S51D          599 15 DX  W1RY          599 05 MA
QSO:  7050 RY 2010-09-26 0318 S51D          599 15 DX  N6QQ          599 03 CA
QSO:  7050 RY 2010-09-26 0320 S51D          599 15 DX  K7QQ          599 03 WA
QSO:  7050 RY 2010-09-26 0321 S51D          599 15 DX  W7HK          599 03 VA
QSO:  7050 RY 2010-09-26 0322 S51D          599 15 DX  KF1D          599 05 MA
QSO:  7050 RY 2010-09-26 0328 S51D          599 15 DX  ON4CT         599 14 DX
QSO:  7050 RY 2010-09-26 0329 S51D          599 15 DX  RA9DKE        599 17 DX
QSO:  7050 RY 2010-09-26 0331 S51D          599 15 DX  UR5LAK        599 16 DX
QSO:  7050 RY 2010-09-26 0332 S51D          599 15 DX  K5AR          599 04 TX
QSO:  7050 RY 2010-09-26 0337 S51D          599 15 DX  CO3CJ         599 08 DX
QSO:  7050 RY 2010-09-26 0338 S51D          599 15 DX  K5VIP         599 05 VA
QSO:  7050 RY 2010-09-26 0340 S51D          599 15 DX  N5WR          599 04 TN
QSO:  7050 RY 2010-09-26 0342 S51D          599 15 DX  EA3GUM        599 14 DX
QSO:  7050 RY 2010-09-26 0344 S51D          599 15 DX  IQ8PQ         599 15 DX
QSO:  7050 RY 2010-09-26 0345 S51D          599 15 DX  KB1EFS        599 05 MA
QSO:  7050 RY 2010-09-26 0346 S51D          599 15 DX  W4KLY         599 05 GA
QSO:  7050 RY 2010-09-26 0351 S51D          599 15 DX  US3MA         599 16 DX
QSO:  7050 RY 2010-09-26 0351 S51D          599 15 DX  N4DW          599 04 TN
QSO:  7050 RY 2010-09-26 0402 S51D          599 15 DX  4K3FF         599 21 DX
QSO:  7050 RY 2010-09-26 0404 S51D          599 15 DX  CO6WYR        599 08 DX
QSO:  7050 RY 2010-09-26 0405 S51D          599 15 DX  KF4BI         599 05 GA
QSO:  7050 RY 2010-09-26 0405 S51D          599 15 DX  K6TD          599 03 CA
QSO:  7050 RY 2010-09-26 0406 S51D          599 15 DX  UR5IHC        599 16 DX
QSO:  7050 RY 2010-09-26 0408 S51D          599 15 DX  LV5V          599 13 DX
QSO:  7050 RY 2010-09-26 0409 S51D          599 15 DX  VA7ST         599 03 BC
QSO:  7050 RY 2010-09-26 0410 S51D          599 15 DX  TM3T          599 14 DX
QSO:  7050 RY 2010-09-26 0411 S51D          599 15 DX  PY2NQ         599 11 DX
QSO:  7050 RY 2010-09-26 0413 S51D          599 15 DX  AI4WW         599 05 FL
QSO:  7050 RY 2010-09-26 0415 S51D          599 15 DX  KG2GL         599 05 NJ
QSO:  7077 RY 2010-09-26 0418 S51D          599 15 DX  OH0Z          599 15 DX
QSO:  7051 RY 2010-09-26 0423 S51D          599 15 DX  S50PTUJ       599 15 DX
QSO:  7057 RY 2010-09-26 0425 S51D          599 15 DX  LY9Y          599 15 DX
QSO:  7079 RY 2010-09-26 0428 S51D          599 15 DX  UT5EO         599 16 DX
QSO:  7082 RY 2010-09-26 0429 S51D          599 15 DX  UA3SAQ        599 16 DX
QSO:  7085 RY 2010-09-26 0429 S51D          599 15 DX  LY5E          599 15 DX
QSO:  7087 RY 2010-09-26 0430 S51D          599 15 DX  LZ9R          599 20 DX
QSO:  7073 RY 2010-09-26 0432 S51D          599 15 DX  F1AEY         599 14 DX
QSO:  7049 RY 2010-09-26 0448 S51D          599 15 DX  VP9I          599 05 DX
QSO:  7031 RY 2010-09-26 0455 S51D          599 15 DX  ZX2B          599 11 DX
QSO:  7064 RY 2010-09-26 0456 S51D          599 15 DX  TM0T          599 14 DX
QSO:  7029 RY 2010-09-26 0500 S51D          599 15 DX  LZ9W          599 20 DX
QSO:  7075 RY 2010-09-26 0503 S51D          599 15 DX  KR7X          599 03 OR
QSO:  7075 RY 2010-09-26 0505 S51D          599 15 DX  IS0B          599 15 DX
QSO:  7039 RY 2010-09-26 0511 S51D          599 15 DX  W0LSD         599 04 CO
QSO:  7056 RY 2010-09-26 0513 S51D          599 15 DX  CR3L          599 33 DX
QSO:  7062 RY 2010-09-26 0514 S51D          599 15 DX  RK3AWL        599 16 DX
QSO:  7066 RY 2010-09-26 0515 S51D          599 15 DX  PA3S          599 14 DX
QSO:  7035 RY 2010-09-26 0520 S51D          599 15 DX  W2WHP         599 05 NY
QSO:  7038 RY 2010-09-26 0521 S51D          599 15 DX  ES9C          599 15 DX
QSO:  7061 RY 2010-09-26 1233 S51D          599 15 DX  OK1DBE        599 15 DX
QSO:  7042 RY 2010-09-26 1236 S51D          599 15 DX  IV3XPP        599 15 DX
QSO:  7040 RY 2010-09-26 1238 S51D          599 15 DX  IZ3GOG        599 15 DX
QSO:  7040 RY 2010-09-26 1241 S51D          599 15 DX  DL3VTA        599 14 DX
QSO:  7040 RY 2010-09-26 1242 S51D          599 15 DX  UX0SX         599 16 DX
QSO:  7040 RY 2010-09-26 1242 S51D          599 15 DX  HA7MB         599 15 DX
QSO:  7040 RY 2010-09-26 1245 S51D          599 15 DX  OK7SX         599 15 DX
QSO:  7040 RY 2010-09-26 1252 S51D          599 15 DX  DL2SAX        599 14 DX
QSO:  7040 RY 2010-09-26 1259 S51D          599 15 DX  DL6UAM        599 14 DX
QSO:  7040 RY 2010-09-26 1259 S51D          599 15 DX  OK3MO         599 15 DX
QSO:  7040 RY 2010-09-26 1310 S51D          599 15 DX  DL1RYD        599 14 DX
QSO:  7040 RY 2010-09-26 1312 S51D          599 15 DX  EW8OG         599 16 DX
QSO:  7040 RY 2010-09-26 1312 S51D          599 15 DX  DD0DRK        599 14 DX
QSO:  7040 RY 2010-09-26 1315 S51D          599 15 DX  IZ1ANZ        599 15 DX
QSO:  7040 RY 2010-09-26 1316 S51D          599 15 DX  DL9SXX        599 14 DX
QSO:  7040 RY 2010-09-26 1319 S51D          599 15 DX  DL4ALI        599 14 DX
QSO:  7040 RY 2010-09-26 1321 S51D          599 15 DX  DK1AX         599 14 DX
QSO:  7040 RY 2010-09-26 1331 S51D          599 15 DX  OE5JKL        599 15 DX
QSO:  7040 RY 2010-09-26 1333 S51D          599 15 DX  9A2BW         599 15 DX
QSO:  7040 RY 2010-09-26 1336 S51D          599 15 DX  OK1HL         599 15 DX
QSO:  7040 RY 2010-09-26 1338 S51D          599 15 DX  SP8LXE        599 15 DX
QSO:  7040 RY 2010-09-26 1343 S51D          599 15 DX  YU2A          599 15 DX
QSO:  7040 RY 2010-09-26 1351 S51D          599 15 DX  SM6U          599 14 DX
QSO:  7040 RY 2010-09-26 1354 S51D          599 15 DX  F1JRD         599 14 DX
QSO:  7040 RY 2010-09-26 1356 S51D          599 15 DX  HB9EPM        599 14 DX
QSO:  7040 RY 2010-09-26 1357 S51D          599 15 DX  PA2IP         599 14 DX
QSO:  7040 RY 2010-09-26 1359 S51D          599 15 DX  ER0FT         599 16 DX
QSO:  7040 RY 2010-09-26 1406 S51D          599 15 DX  DJ1RK         599 14 DX
QSO:  7040 RY 2010-09-26 1406 S51D          599 15 DX  DJ7XB         599 14 DX
QSO:  7040 RY 2010-09-26 1422 S51D          599 15 DX  R8TX          599 18 DX
QSO:  7047 RY 2010-09-26 1449 S51D          599 15 DX  OZ6TL         599 14 DX
END-OF-LOG:
