START-OF-LOG: 3.0
CREATED-BY: vhfmanager-downloader
CONTEST: ZRS junijsko UKV tekmovanje - Official results - VHFManager
CALLSIGN: S57C
CATEGORY: 435 MHz - multi op
CATEGORY-OPERATOR: SINGLE-OP
CATEGORY-ASSISTED: NON-ASSISTED
CATEGORY-TRANSMITTER: ONE
CATEGORY-STATION: FIXED
QSO: 435000 PH 2009-06-06 1401 S57C          59  1 JN65XM   IK3XTT        59  1 JN55LK  
QSO: 435000 PH 2009-06-06 1403 S57C          59  2 JN65XM   S59C          59  2 JN66WA  
QSO: 435000 PH 2009-06-06 1404 S57C          59  3 JN65XM   S59DZT        59  2 JN76KF  
QSO: 435000 PH 2009-06-06 1406 S57C          59  4 JN65XM   IV3APH        59  1 JN66PD  
QSO: 435000 PH 2009-06-06 1407 S57C          59  5 JN65XM   I3MMB         59  2 JN65BS  
QSO: 435000 PH 2009-06-06 1409 S57C          59  6 JN65XM   IK3MLF        59  1 JN55WJ  
QSO: 435000 PH 2009-06-06 1412 S57C          59  7 JN65XM   I4CIV         59  1 JN63FX  
QSO: 435000 PH 2009-06-06 1413 S57C          59  8 JN65XM   IZ3JIO        59  1 JN65FR  
QSO: 435000 PH 2009-06-06 1414 S57C          59  9 JN65XM   IW2BAI        59  2 JN45SF  
QSO: 435000 PH 2009-06-06 1423 S57C          59  10 JN65XM  I3IRV/3       59  3 JN55RJ  
QSO: 435000 PH 2009-06-06 1426 S57C          59  11 JN65XM  IK2WJ         59  6 JN55AD  
QSO: 435000 PH 2009-06-06 1429 S57C          59  12 JN65XM  S59R          59  3 JN76OM  
QSO: 435000 PH 2009-06-06 1430 S57C          59  13 JN65XM  S53SL         59  5 JN76PL  
QSO: 435000 PH 2009-06-06 1439 S57C          59  14 JN65XM  S56HCE        59  1 JN75AP  
QSO: 435000 PH 2009-06-06 1449 S57C          59  15 JN65XM  S50C          59  21 JN76JG 
QSO: 435000 PH 2009-06-06 1451 S57C          59  16 JN65XM  IW0FFK/6      59  7 JN63GN  
QSO: 435000 PH 2009-06-06 1454 S57C          59  17 JN65XM  I6CTJ         59  3 JN63SO  
QSO: 435000 PH 2009-06-06 1501 S57C          59  18 JN65XM  S52KV         59  1 JN65VO  
QSO: 435000 PH 2009-06-06 1507 S57C          59  19 JN65XM  S58RU         59  3 JN65WM  
QSO: 435000 PH 2009-06-06 1514 S57C          59  20 JN65XM  I4YSS         59  1 JN54KN  
QSO: 435000 PH 2009-06-06 1520 S57C          59  21 JN65XM  IQ5LV/5       59  10 JN53KQ 
QSO: 435000 PH 2009-06-06 1522 S57C          59  22 JN65XM  IZ5ENZ        59  1 JN53KQ  
QSO: 435000 PH 2009-06-06 1523 S57C          59  23 JN65XM  IQ5DY         59  13 JN53IP 
QSO: 435000 PH 2009-06-06 1526 S57C          59  24 JN65XM  OE8JDK/8      59  4 JN76CP  
QSO: 435000 PH 2009-06-06 1527 S57C          59  25 JN65XM  IW3SPI        59  2 JN66OD  
QSO: 435000 PH 2009-06-06 1534 S57C          59  26 JN65XM  S52VW         59  1 JN65VN  
QSO: 435000 PH 2009-06-06 1536 S57C          59  27 JN65XM  S51BR         59  4 JN75LX  
QSO: 435000 PH 2009-06-06 1540 S57C          59  28 JN65XM  IZ3DWA        59  2 JN65CU  
QSO: 435000 PH 2009-06-06 1542 S57C          59  29 JN65XM  S52IT         59  1 JN66WB  
QSO: 435000 PH 2009-06-06 1543 S57C          59  30 JN65XM  IV3RKD        59  4 JN66HB  
QSO: 435000 PH 2009-06-06 1554 S57C          59  31 JN65XM  IK4ADE        59  6 JN54OE  
QSO: 435000 PH 2009-06-06 1601 S57C          59  32 JN65XM  HA5KDQ        59  29 JN97LN 
QSO: 435000 PH 2009-06-06 1606 S57C          59  33 JN65XM  IQ1KW         59  18 JN34NO 
QSO: 435000 PH 2009-06-06 1608 S57C          59  34 JN65XM  IW2BYV        59  2 JN55IB  
QSO: 435000 PH 2009-06-06 1612 S57C          59  35 JN65XM  IW0FRR/0      59  7 JN62HK  
QSO: 435000 PH 2009-06-06 1622 S57C          59  36 JN65XM  I4LCK/4       59  14 JN54PD 
QSO: 435000 PH 2009-06-06 1629 S57C          59  37 JN65XM  IZ2FOB        59  8 JN45MQ  
QSO: 435000 PH 2009-06-06 1636 S57C          59  38 JN65XM  S55O          59  1 JN65TW  
QSO: 435000 PH 2009-06-06 1636 S57C          59  39 JN65XM  S53NW         59  1 JN65TW  
QSO: 435000 PH 2009-06-06 1658 S57C          59  40 JN65XM  OK1VVT        59  33 JO60RN 
QSO: 435000 PH 2009-06-06 1659 S57C          59  41 JN65XM  DJ7GK         59  2 JN69KA  
QSO: 435000 PH 2009-06-06 1704 S57C          59  42 JN65XM  I3XKJ         59  1 JN55RJ  
QSO: 435000 PH 2009-06-06 1735 S57C          59  43 JN65XM  S51KM         59  2 JN76HD  
QSO: 435000 PH 2009-06-06 1744 S57C          59  44 JN65XM  OK2KJT        59  9 JN99AJ  
QSO: 435000 PH 2009-06-06 1757 S57C          59  45 JN65XM  S53BH         59  1 JN65UO  
QSO: 435000 PH 2009-06-06 1836 S57C          599 46 JN65XM  I1NDP         599 5 JN45AL  
QSO: 435000 PH 2009-06-06 1927 S57C          599 47 JN65XM  S52AU         599 4 JN76LB  
QSO: 435000 PH 2009-06-06 1930 S57C          599 48 JN65XM  DJ2NR         599 3 JO50VF  
QSO: 435000 PH 2009-06-06 2024 S57C          59  49 JN65XM  IW3AJN/IN3    59  14 JN55LQ 
QSO: 435000 PH 2009-06-06 2049 S57C          59  50 JN65XM  S59P          59  21 JN86AO 
QSO: 435000 PH 2009-06-06 2110 S57C          599 51 JN65XM  HA6W          599 30 KN08FB 
QSO: 435000 PH 2009-06-06 2131 S57C          599 52 JN65XM  IV3DXW        599 1 JN65QQ  
QSO: 435000 PH 2009-06-07 0001 S57C          599 53 JN65XM  OK1TEH        599 2 JO70FD  
QSO: 435000 PH 2009-06-07 0526 S57C          599 54 JN65XM  HA2ML         599 12 JN97CO 
QSO: 435000 PH 2009-06-07 0542 S57C          599 55 JN65XM  S52CO         599 1 JN75SW  
QSO: 435000 PH 2009-06-07 0546 S57C          599 56 JN65XM  HG7F          599 14 JN97KR 
QSO: 435000 PH 2009-06-07 0600 S57C          599 57 JN65XM  YU1LA         599 7 KN04FR  
QSO: 435000 PH 2009-06-07 0606 S57C          599 58 JN65XM  S51UJ         599 8 JN76BI  
QSO: 435000 PH 2009-06-07 0614 S57C          599 59 JN65XM  S53O          599 8 JN86AT  
QSO: 435000 PH 2009-06-07 0618 S57C          599 60 JN65XM  S59D          599 2 JN75SW  
QSO: 435000 PH 2009-06-07 0628 S57C          59  61 JN65XM  IK3TPP        59  4 JN65CP  
QSO: 435000 PH 2009-06-07 0640 S57C          59  62 JN65XM  HG3A          59  29 JN96EE 
QSO: 435000 PH 2009-06-07 0643 S57C          59  63 JN65XM  IZ3KNK        59  5 JN65EO  
QSO: 435000 PH 2009-06-07 0644 S57C          59  64 JN65XM  IV3CWI        59  5 JN66OC  
QSO: 435000 PH 2009-06-07 0649 S57C          59  65 JN65XM  F5KDK/P       59  61 JN24VC 
QSO: 435000 PH 2009-06-07 0701 S57C          59  66 JN65XM  IK2FTB/2      59  18 JN44PQ 
QSO: 435000 PH 2009-06-07 0710 S57C          59  67 JN65XM  I4VDZ         59  1 JN54PN  
QSO: 435000 PH 2009-06-07 0716 S57C          59  68 JN65XM  IQ5AE/5       59  1 JN54JD  
QSO: 435000 PH 2009-06-07 0717 S57C          59  69 JN65XM  IZ3LCJ        59  3 JN65DT  
QSO: 435000 PH 2009-06-07 0719 S57C          59  70 JN65XM  IZ3EAY        59  2 JN65BL  
QSO: 435000 PH 2009-06-07 0737 S57C          59  71 JN65XM  S57UZX        59  2 JN75MT  
QSO: 435000 PH 2009-06-07 0740 S57C          59  72 JN65XM  IV3AOL        59  9 JN65VP  
QSO: 435000 PH 2009-06-07 0758 S57C          59  73 JN65XM  IV3MGN        59  3 JN66OD  
QSO: 435000 PH 2009-06-07 0800 S57C          59  74 JN65XM  I0FHZ         59  16 JN62AP 
QSO: 435000 PH 2009-06-07 0809 S57C          59  75 JN65XM  IQ3TR/3       59  11 JN55WV 
QSO: 435000 PH 2009-06-07 0812 S57C          59  76 JN65XM  I6JEI         59  1 JN62WW  
QSO: 435000 PH 2009-06-07 0822 S57C          599 77 JN65XM  IW5BEN        59  9 JN53PS  
QSO: 435000 PH 2009-06-07 0824 S57C          59  78 JN65XM  IZ4FTB        59  11 JN54PL 
QSO: 435000 PH 2009-06-07 0824 S57C          59  79 JN65XM  IZ5AJO/5      59  16 JN54LB 
QSO: 435000 PH 2009-06-07 0859 S57C          59  80 JN65XM  IK5AMB/5      59  21 JN54FF 
QSO: 435000 PH 2009-06-07 0909 S57C          599 81 JN65XM  OM3TUC/P      599 22 JN88LE 
QSO: 435000 PH 2009-06-07 0915 S57C          599 82 JN65XM  OK2COB        599 18 JN89SJ 
QSO: 435000 PH 2009-06-07 0920 S57C          59  83 JN65XM  S56UBS        59  2 JN76HA  
QSO: 435000 PH 2009-06-07 0929 S57C          59  84 JN65XM  OE3GWC        59  8 JN87CU  
QSO: 435000 PH 2009-06-07 0931 S57C          59  85 JN65XM  I6MJG         59  3 JN62SV  
QSO: 435000 PH 2009-06-07 0936 S57C          59  86 JN65XM  I5WBE         59  12 JN53JR 
QSO: 435000 PH 2009-06-07 0940 S57C          59  87 JN65XM  I1BPU/1       59  15 JN45CQ 
QSO: 435000 PH 2009-06-07 0945 S57C          59  88 JN65XM  IZ3EBA        59  1 JN65CL  
QSO: 435000 PH 2009-06-07 0955 S57C          59  89 JN65XM  HG6V          59  38 KN07AV 
QSO: 435000 PH 2009-06-07 1005 S57C          599 90 JN65XM  IK0BZY        559 3 JN61GW  
QSO: 435000 PH 2009-06-07 1020 S57C          599 91 JN65XM  S51WX         599 5 JN75OS  
QSO: 435000 PH 2009-06-07 1136 S57C          59  92 JN65XM  I4STU         59  3 JN54IW  
QSO: 435000 PH 2009-06-07 1137 S57C          59  93 JN65XM  IK4XQT/4      59  1 JN54PH  
QSO: 435000 PH 2009-06-07 1143 S57C          599 94 JN65XM  IZ3KMY        599 3 JN55NI  
QSO: 435000 PH 2009-06-07 1147 S57C          59  95 JN65XM  IK2LFH        59  12 JN54OM 
QSO: 435000 PH 2009-06-07 1237 S57C          59  96 JN65XM  S52AA         59  1 JN76HD  
QSO: 435000 PH 2009-06-07 1313 S57C          599 97 JN65XM  S59DR         599 2 JN76EF  
QSO: 435000 PH 2009-06-07 1319 S57C          599 98 JN65XM  IQ3AZ         599 4 JN65QQ  
END-OF-LOG:
