START-OF-LOG: 3.0
CONTEST: CQ-WW-SSB
CALLSIGN: IK1PMR
LOCATION: DX
CATEGORY-OPERATOR: SINGLE-OP
CATEGORY-ASSISTED: ASSISTED
CATEGORY-BAND: ALL
CATEGORY-POWER: HIGH
CATEGORY-MODE: SSB
CATEGORY-TRANSMITTER: ONE
CATEGORY-STATION: FIXED
CATEGORY-OVERLAY:
GRID-LOCATOR: JN45FD
CLAIMED-SCORE: 643574
NAME: Andrea Panati
OPERATORS: IK1PMR
CREATED-BY: N1MM Logger+ 1.0.9700.0
QSO:    1800 PH 2022-10-29 0308 IK1PMR           59  15    S56X             59   15       
QSO:    1849 PH 2022-10-29 0312 IK1PMR           59  15    OM0R             59   15       
QSO:    3604 PH 2022-10-29 0315 IK1PMR           59  15    HG6N             59   15       
QSO:    3615 PH 2022-10-29 0316 IK1PMR           59  15    OL5J             59   15       
QSO:    3631 PH 2022-10-29 0318 IK1PMR           59  15    MM2N             59   14       
QSO:    3500 PH 2022-10-29 0320 IK1PMR           59  15    EI7M             59   14       
QSO:    3681 PH 2022-10-29 0321 IK1PMR           59  15    9A1P             59   15       
QSO:    3688 PH 2022-10-29 0325 IK1PMR           59  15    DM6V             59   14       
QSO:    3706 PH 2022-10-29 0334 IK1PMR           59  15    M4A              59   14       
QSO:    3624 PH 2022-10-29 0335 IK1PMR           59  15    TM1Q             59   14       
QSO:    3608 PH 2022-10-29 0336 IK1PMR           59  15    OR1Z             59   14       
QSO:    3649 PH 2022-10-29 0336 IK1PMR           59  15    K1LZ             59   05       
QSO:    3735 PH 2022-10-29 0338 IK1PMR           59  15    SN9B             59   15       
QSO:    3762 PH 2022-10-29 0339 IK1PMR           59  15    IS0/OM2TW        59   15       
QSO:    3781 PH 2022-10-29 0341 IK1PMR           59  15    ES9UKR           59   15       
QSO:    3596 PH 2022-10-29 0342 IK1PMR           59  15    3V8SS            59   33       
QSO:    3637 PH 2022-10-29 0343 IK1PMR           59  15    IB3M             59   15       
QSO:    3700 PH 2022-10-29 0344 IK1PMR           59  15    YU0U             59   15       
QSO:    3793 PH 2022-10-29 0345 IK1PMR           59  15    CN3A             59   33       
QSO:    3757 PH 2022-10-29 0346 IK1PMR           59  15    XL3T             59   04       
QSO:    3679 PH 2022-10-29 0347 IK1PMR           59  15    CR6K             59   14       
QSO:    3760 PH 2022-10-29 0348 IK1PMR           59  15    LZ5R             59   20       
QSO:    3684 PH 2022-10-29 0352 IK1PMR           59  15    LY2MM            59   15       
QSO:    3684 PH 2022-10-29 0353 IK1PMR           59  15    DP4G             59   14       
QSO:    3684 PH 2022-10-29 0354 IK1PMR           59  15    IZ3GJL           59   15       
QSO:    3684 PH 2022-10-29 0354 IK1PMR           59  15    LZ1AQ            59   20       
QSO:    3747 PH 2022-10-29 0357 IK1PMR           59  15    LN8W             59   14       
QSO:    3694 PH 2022-10-29 0358 IK1PMR           59  15    EB5A             59   14       
QSO:    1840 PH 2022-10-29 0400 IK1PMR           59  15    CN3A             59   33       
QSO:    1836 PH 2022-10-29 0402 IK1PMR           59  15    M0HFC            59   14       
QSO:    3777 PH 2022-10-29 0410 IK1PMR           59  15    EA8RM            59   33       
QSO:    3794 PH 2022-10-29 0415 IK1PMR           59  15    EW5A             59   16       
QSO:    3683 PH 2022-10-29 0420 IK1PMR           59  15    DO1CS            59   14       
QSO:    3683 PH 2022-10-29 0421 IK1PMR           59  15    SP5EWX           59   15       
QSO:    3683 PH 2022-10-29 0421 IK1PMR           59  15    DP5P             59   14       
QSO:    3683 PH 2022-10-29 0422 IK1PMR           59  15    DL4VAI           59   14       
QSO:    3683 PH 2022-10-29 0422 IK1PMR           59  15    SP4AWE           59   15       
QSO:    3683 PH 2022-10-29 0423 IK1PMR           59  15    DP7R             59   14       
QSO:    3683 PH 2022-10-29 0423 IK1PMR           59  15    PI4RS            59   14       
QSO:    3683 PH 2022-10-29 0423 IK1PMR           59  15    EE4Y             59   14       
QSO:    3683 PH 2022-10-29 0424 IK1PMR           59  15    OM6APR           59   15       
QSO:    3683 PH 2022-10-29 0424 IK1PMR           59  15    EB5KT            59   14       
QSO:    3683 PH 2022-10-29 0425 IK1PMR           59  15    F6KRK            59   14       
QSO:    3683 PH 2022-10-29 0425 IK1PMR           59  15    G3RXQ            59   14       
QSO:    3683 PH 2022-10-29 0426 IK1PMR           59  15    AB3CX            59   05       
QSO:    3683 PH 2022-10-29 0426 IK1PMR           59  15    OT7J             59   14       
QSO:    3683 PH 2022-10-29 0426 IK1PMR           59  15    EA3MR            59   14       
QSO:    3683 PH 2022-10-29 0428 IK1PMR           59  15    OK2MBP           59   15       
QSO:    3683 PH 2022-10-29 0428 IK1PMR           59  15    EA1L             59   14       
QSO:    3683 PH 2022-10-29 0429 IK1PMR           59  15    OK1GK            59   15       
QSO:    3683 PH 2022-10-29 0430 IK1PMR           59  15    DH2PA            59   14       
QSO:    3683 PH 2022-10-29 0430 IK1PMR           59  15    DK7R             59   14       
QSO:    3683 PH 2022-10-29 0431 IK1PMR           59  15    MM9I             59   14       
QSO:    3683 PH 2022-10-29 0431 IK1PMR           59  15    DL8UV            59   14       
QSO:    3683 PH 2022-10-29 0432 IK1PMR           59  15    EU4E             59   16       
QSO:    3683 PH 2022-10-29 0432 IK1PMR           59  15    DL2W             59   14       
QSO:    3500 PH 2022-10-29 0433 IK1PMR           59  15    SV1SXV           59   20       
QSO:    3500 PH 2022-10-29 0433 IK1PMR           59  15    OE6RNT           59   15       
QSO:    3500 PH 2022-10-29 0435 IK1PMR           59  15    OZ4GM            59   14       
QSO:    3683 PH 2022-10-29 0436 IK1PMR           59  15    LN2G             59   14       
QSO:    3683 PH 2022-10-29 0436 IK1PMR           59  15    HA7RY            59   15       
QSO:    3683 PH 2022-10-29 0437 IK1PMR           59  15    EA2EWL           59   14       
QSO:    3683 PH 2022-10-29 0438 IK1PMR           59  15    RU1A             59   16       
QSO:    3683 PH 2022-10-29 0440 IK1PMR           59  15    OE1XA            59   15       
QSO:    3683 PH 2022-10-29 0440 IK1PMR           59  15    PA3AAV           59   14       
QSO:    3683 PH 2022-10-29 0441 IK1PMR           59  15    HA7UI            59   15       
QSO:    3683 PH 2022-10-29 0442 IK1PMR           59  15    OM1ST            59   15       
QSO:    3683 PH 2022-10-29 0443 IK1PMR           59  15    DL7URH           59   14       
QSO:    3683 PH 2022-10-29 0443 IK1PMR           59  15    F8KCF            59   14       
QSO:    3683 PH 2022-10-29 0444 IK1PMR           59  15    LZ9W             59   20       
QSO:    3683 PH 2022-10-29 0445 IK1PMR           59  15    G4OZG            59   14       
QSO:    3683 PH 2022-10-29 0446 IK1PMR           59  15    W3NO             59   05       
QSO:    3683 PH 2022-10-29 0446 IK1PMR           59  15    G5O              59   14       
QSO:    3683 PH 2022-10-29 0447 IK1PMR           59  15    OK1DUG           59   15       
QSO:    3683 PH 2022-10-29 0448 IK1PMR           59  15    OE1TKW           59   15       
QSO:    3683 PH 2022-10-29 0449 IK1PMR           59  15    OM6AI            59   15       
QSO:    3683 PH 2022-10-29 0452 IK1PMR           59  15    OQ4Q             59   14       
QSO:    3683 PH 2022-10-29 0452 IK1PMR           59  15    SP8R             59   15       
QSO:    3683 PH 2022-10-29 0453 IK1PMR           59  15    ON4LAN           59   14       
QSO:    3683 PH 2022-10-29 0455 IK1PMR           59  15    OK1UKY           59   15       
QSO:    3683 PH 2022-10-29 0456 IK1PMR           59  15    YL2EA            59   15       
QSO:    1850 PH 2022-10-29 0457 IK1PMR           59  15    F6KOP            59   14       
QSO:    1843 PH 2022-10-29 0459 IK1PMR           59  15    ES9UKR           59   15       
QSO:    1841 PH 2022-10-29 0459 IK1PMR           59  15    M6T              59   14       
QSO:    1841 PH 2022-10-29 0504 IK1PMR           59  15    9A7A             59   15       
QSO:    1849 PH 2022-10-29 0507 IK1PMR           59  15    TM7A             59   14       
QSO:    1847 PH 2022-10-29 0508 IK1PMR           59  15    F6EZV            59   14       
QSO:    1830 PH 2022-10-29 0509 IK1PMR           59  15    D4Z              59   35       
QSO:    1840 PH 2022-10-29 0513 IK1PMR           59  15    PA0AA            59   14       
QSO:    3705 PH 2022-10-29 0515 IK1PMR           59  15    S57K             59   15       
QSO:    3783 PH 2022-10-29 0518 IK1PMR           59  15    D4Z              59   35       
QSO:    3787 PH 2022-10-29 0520 IK1PMR           59  15    E7DX             59   15       
QSO:    1839 PH 2022-10-29 0529 IK1PMR           59  15    II2S             59   15       
QSO:    1800 PH 2022-10-29 0529 IK1PMR           59  15    CR6K             59   14       
QSO:    1835 PH 2022-10-29 0532 IK1PMR           59  15    OH0Z             59   15       
QSO:    3724 PH 2022-10-29 0534 IK1PMR           59  15    SQ6H             59   15       
QSO:    3693 PH 2022-10-29 0536 IK1PMR           59  15    SK6DG            59   14       
QSO:    3738 PH 2022-10-29 0538 IK1PMR           59  15    P40L             59   09       
QSO:    3659 PH 2022-10-29 0541 IK1PMR           59  15    LX8M             59   14       
QSO:    1832 PH 2022-10-29 0553 IK1PMR           59  15    S53O             59   15       
QSO:    1838 PH 2022-10-29 0554 IK1PMR           59  15    F5MYK            59   14       
QSO:    3687 PH 2022-10-29 0559 IK1PMR           59  15    V47T             59   08       
QSO:    3754 PH 2022-10-29 0607 IK1PMR           59  15    K3ZO             59   05       
QSO:    3747 PH 2022-10-29 0609 IK1PMR           59  15    IZ6ERS           59   15       
QSO:    7128 PH 2022-10-29 0613 IK1PMR           59  15    EA1L             59   14       
QSO:    7160 PH 2022-10-29 0614 IK1PMR           59  15    M4Y              59   14       
QSO:    7062 PH 2022-10-29 0614 IK1PMR           59  15    Z68XX            59   15       
QSO:    7149 PH 2022-10-29 0617 IK1PMR           59  15    K3LR             59   05       
QSO:    7165 PH 2022-10-29 0620 IK1PMR           59  15    W9RE             59   04       
QSO:    7187 PH 2022-10-29 0623 IK1PMR           59  15    YT5A             59   15       
QSO:    7115 PH 2022-10-29 0635 IK1PMR           59  15    II0I             59   15       
QSO:    7156 PH 2022-10-29 0637 IK1PMR           59  15    F4FJH            59   14       
QSO:    7172 PH 2022-10-29 0637 IK1PMR           59  15    LZ9W             59   20       
QSO:    7135 PH 2022-10-29 0641 IK1PMR           59  15    EA8RM            59   33       
QSO:    7046 PH 2022-10-29 0643 IK1PMR           59  15    P40L             59   09       
QSO:    7073 PH 2022-10-29 0643 IK1PMR           59  15    XL3T             59   04       
QSO:    7130 PH 2022-10-29 0645 IK1PMR           59  15    S57AL            59   15       
QSO:    7189 PH 2022-10-29 0649 IK1PMR           59  15    E7DX             59   15       
QSO:    7093 PH 2022-10-29 0654 IK1PMR           59  15    DA0T             59   14       
QSO:    7115 PH 2022-10-29 0656 IK1PMR           59  15    ES3V             59   15       
QSO:    7157 PH 2022-10-29 0658 IK1PMR           59  15    CN3A             59   33       
QSO:    7200 PH 2022-10-29 0700 IK1PMR           59  15    M6T              59   14       
QSO:    7188 PH 2022-10-29 0701 IK1PMR           59  15    D4Z              59   35       
QSO:    7183 PH 2022-10-29 0702 IK1PMR           59  15    ED5R             59   14       
QSO:    7146 PH 2022-10-29 0703 IK1PMR           59  15    SN3A             59   15       
QSO:    7089 PH 2022-10-29 0704 IK1PMR           59  15    PA4WM            59   14       
QSO:    7070 PH 2022-10-29 0706 IK1PMR           59  15    OR1Z             59   14       
QSO:   14208 PH 2022-10-29 0718 IK1PMR           59  15    CQ8M             59   14       
QSO:   14266 PH 2022-10-29 0720 IK1PMR           59  15    VK4DX            59   30       
QSO:   14294 PH 2022-10-29 0721 IK1PMR           59  15    CR5T             59   14       
QSO:   14158 PH 2022-10-29 0722 IK1PMR           59  15    V3A              59   07       
QSO:   14350 PH 2022-10-29 0723 IK1PMR           59  15    IH9/IK5AEQ       59   33       
QSO:   14283 PH 2022-10-29 0724 IK1PMR           59  15    EF5T             59   14       
QSO:   14184 PH 2022-10-29 0724 IK1PMR           59  15    LP1H             59   13       
QSO:   14130 PH 2022-10-29 0726 IK1PMR           59  15    9H6A             59   15       
QSO:   14202 PH 2022-10-29 0729 IK1PMR           59  15    ZP6RAI           59   11       
QSO:   14188 PH 2022-10-29 0731 IK1PMR           59  15    II8K             59   15       
QSO:   14292 PH 2022-10-29 0732 IK1PMR           59  15    OH8X             59   15       
QSO:   14296 PH 2022-10-29 0732 IK1PMR           59  15    YO8SBQ           59   20       
QSO:   14190 PH 2022-10-29 0733 IK1PMR           59  15    SJ2W             59   14       
QSO:   14175 PH 2022-10-29 0734 IK1PMR           59  15    RT4G             59   16       
QSO:   14228 PH 2022-10-29 0734 IK1PMR           59  15    LZ6Y             59   20       
QSO:   14000 PH 2022-10-29 0736 IK1PMR           59  15    OH1VR            59   15       
QSO:   14192 PH 2022-10-29 0739 IK1PMR           59  15    TC3X             59   20       
QSO:   14278 PH 2022-10-29 0740 IK1PMR           59  15    ES9UKR           59   15       
QSO:   14317 PH 2022-10-29 0741 IK1PMR           59  15    J42I             59   20       
QSO:   21327 PH 2022-10-29 0748 IK1PMR           59  15    D4Z              59   35       
QSO:   21408 PH 2022-10-29 0749 IK1PMR           59  15    CR3DX            59   33       
QSO:   21237 PH 2022-10-29 0751 IK1PMR           59  15    EA4URE           59   14       
QSO:   28449 PH 2022-10-29 0753 IK1PMR           59  15    CQ3J             59   33       
QSO:   28480 PH 2022-10-29 0755 IK1PMR           59  15    EA8RM            59   33       
QSO:   28557 PH 2022-10-29 0756 IK1PMR           59  15    CN3A             59   33       
QSO:   21353 PH 2022-10-29 0800 IK1PMR           59  15    P33W             59   20       
QSO:   21203 PH 2022-10-29 0801 IK1PMR           59  15    HZ1BW            59   21       
QSO:   21400 PH 2022-10-29 0814 IK1PMR           59  15    CT1BOL           59   14       
QSO:   28435 PH 2022-10-29 0815 IK1PMR           59  15    D44PM            59   35       
QSO:   14187 PH 2022-10-29 0816 IK1PMR           59  15    CN3A             59   33       
QSO:   28000 PH 2022-10-29 0819 IK1PMR           59  15    CR3Y             59   33       
QSO:   28530 PH 2022-10-29 0822 IK1PMR           59  15    4L5EE            59   21       
QSO:   28545 PH 2022-10-29 0823 IK1PMR           59  15    4X7R             59   20       
QSO:   14241 PH 2022-10-29 0826 IK1PMR           59  15    ED8M             59   33       
QSO:   14121 PH 2022-10-29 0826 IK1PMR           59  15    CR3A             59   33       
QSO:   14265 PH 2022-10-29 0828 IK1PMR           59  15    TF3T             59   40       
QSO:   28511 PH 2022-10-29 1019 IK1PMR           59  15    CR3Y             59   33       
QSO:   28505 PH 2022-10-29 1021 IK1PMR           59  15    CT3KN            59   33       
QSO:   21257 PH 2022-10-29 1022 IK1PMR           59  15    EA8RM            59   33       
QSO:   28353 PH 2022-10-29 1031 IK1PMR           59  15    SU1SK            59   34       
QSO:   28446 PH 2022-10-29 1032 IK1PMR           59  15    A44A             59   21       
QSO:   28414 PH 2022-10-29 1033 IK1PMR           59  15    TC60TRAC         59   20       
QSO:   21240 PH 2022-10-29 1035 IK1PMR           59  15    A44A             59   21       
QSO:   14172 PH 2022-10-29 1038 IK1PMR           59  15    HA1AH            59   15       
QSO:   14209 PH 2022-10-29 1039 IK1PMR           59  15    UN0LM            59   17       
QSO:   14254 PH 2022-10-29 1040 IK1PMR           59  15    SP8R             59   15       
QSO:   14213 PH 2022-10-29 1041 IK1PMR           59  15    LN8W             59   14       
QSO:   14333 PH 2022-10-29 1101 IK1PMR           59  15    UY3U             59   16       
QSO:   14154 PH 2022-10-29 1102 IK1PMR           59  15    K1LZ             59   05       
QSO:   14117 PH 2022-10-29 1103 IK1PMR           59  15    VY2TT            59   05       
QSO:   14194 PH 2022-10-29 1104 IK1PMR           59  15    P40L             59   09       
QSO:   28391 PH 2022-10-29 1108 IK1PMR           59  15    K1LZ             59   05       
QSO:   28427 PH 2022-10-29 1109 IK1PMR           59  15    PJ2T             59   09       
QSO:   28545 PH 2022-10-29 1111 IK1PMR           59  15    CR2B             59   14       
QSO:   28310 PH 2022-10-29 1113 IK1PMR           59  15    EA7K             59   14       
QSO:   28341 PH 2022-10-29 1113 IK1PMR           59  15    CT2KNA           59   14       
QSO:   28558 PH 2022-10-29 1118 IK1PMR           59  15    PW2L             59   11       
QSO:   14138 PH 2022-10-29 1123 IK1PMR           59  15    VE3EJ            59   04       
QSO:   14131 PH 2022-10-29 1127 IK1PMR           59  15    VE2IDX           59   02       
QSO:   14165 PH 2022-10-29 1128 IK1PMR           59  15    TM9C             59   14       
QSO:   21130 PH 2022-10-29 1140 IK1PMR           59  15    PJ4K             59   09       
QSO:   21206 PH 2022-10-29 1141 IK1PMR           59  15    K3LR             59   05       
QSO:   28613 PH 2022-10-29 1146 IK1PMR           59  15    LT6M             59   13       
QSO:   28395 PH 2022-10-29 1150 IK1PMR           59  15    C4W              59   20       
QSO:   28410 PH 2022-10-29 1151 IK1PMR           59  15    HZ1SK            59   21       
QSO:   28338 PH 2022-10-29 1153 IK1PMR           59  15    OD5OJ            59   20       
QSO:   28553 PH 2022-10-29 1155 IK1PMR           59  15    TC7TR            59   20       
QSO:   28527 PH 2022-10-29 1156 IK1PMR           59  15    A71BX            59   21       
QSO:   28320 PH 2022-10-29 1200 IK1PMR           59  15    7Q6M             59   37       
QSO:   28384 PH 2022-10-29 1206 IK1PMR           59  15    K8ROX            59   04       
QSO:   28384 PH 2022-10-29 1207 IK1PMR           59  15    K3WJV            59   05       
QSO:   28384 PH 2022-10-29 1208 IK1PMR           59  15    K4QQG            59   05       
QSO:   28384 PH 2022-10-29 1209 IK1PMR           59  15    K3ZA             59   05       
QSO:   28384 PH 2022-10-29 1209 IK1PMR           59  15    N8VW             59   04       
QSO:   28384 PH 2022-10-29 1210 IK1PMR           59  15    WT3K             59   05       
QSO:   28384 PH 2022-10-29 1211 IK1PMR           59  15    W3KB             59   05       
QSO:   28384 PH 2022-10-29 1213 IK1PMR           59  15    AA4V             59   05       
QSO:   28384 PH 2022-10-29 1213 IK1PMR           59  15    K4RM             59   05       
QSO:   28384 PH 2022-10-29 1214 IK1PMR           59  15    NE3F             59   05       
QSO:   28384 PH 2022-10-29 1214 IK1PMR           59  15    K9CT             59   04       
QSO:   28384 PH 2022-10-29 1214 IK1PMR           59  15    N3US             59   05       
QSO:   28384 PH 2022-10-29 1214 IK1PMR           59  15    K3WW             59   05       
QSO:   28384 PH 2022-10-29 1215 IK1PMR           59  15    K3AJ             59   05       
QSO:   28384 PH 2022-10-29 1216 IK1PMR           59  15    K9NW             59   04       
QSO:   28384 PH 2022-10-29 1217 IK1PMR           59  15    NZ4N             59   05       
QSO:   28384 PH 2022-10-29 1218 IK1PMR           59  15    N4TL             59   05       
QSO:   28384 PH 2022-10-29 1218 IK1PMR           59  15    NJ4P             59   04       
QSO:   28384 PH 2022-10-29 1219 IK1PMR           59  15    KA2K             59   05       
QSO:   28384 PH 2022-10-29 1219 IK1PMR           59  15    W1JQ             59   05       
QSO:   28384 PH 2022-10-29 1219 IK1PMR           59  15    W3MA             59   05       
QSO:   28384 PH 2022-10-29 1220 IK1PMR           59  15    W2AAB            59   05       
QSO:   28384 PH 2022-10-29 1220 IK1PMR           59  15    W2TV             59   05       
QSO:   28384 PH 2022-10-29 1221 IK1PMR           59  15    VE9XX            59   05       
QSO:   28384 PH 2022-10-29 1221 IK1PMR           59  15    K1BX             59   05       
QSO:   28384 PH 2022-10-29 1221 IK1PMR           59  15    KS2G             59   05       
QSO:   28384 PH 2022-10-29 1222 IK1PMR           59  15    W8FJ             59   05       
QSO:   28384 PH 2022-10-29 1222 IK1PMR           59  15    KA3YJM           59   05       
QSO:   28384 PH 2022-10-29 1225 IK1PMR           59  15    W3OU             59   05       
QSO:   28384 PH 2022-10-29 1225 IK1PMR           59  15    WB2NVR           59   05       
QSO:   28384 PH 2022-10-29 1226 IK1PMR           59  15    K3SW             59   05       
QSO:   28384 PH 2022-10-29 1226 IK1PMR           59  15    N3FJP            59   05       
QSO:   28384 PH 2022-10-29 1227 IK1PMR           59  15    N3RS             59   05       
QSO:   28384 PH 2022-10-29 1228 IK1PMR           59  15    N8HO             59   04       
QSO:   28384 PH 2022-10-29 1228 IK1PMR           59  15    NF3R             59   05       
QSO:   28384 PH 2022-10-29 1229 IK1PMR           59  15    WK2G             59   05       
QSO:   28384 PH 2022-10-29 1229 IK1PMR           59  15    N2NI             59   05       
QSO:   28384 PH 2022-10-29 1229 IK1PMR           59  15    N1PGA            59   05       
QSO:   28384 PH 2022-10-29 1230 IK1PMR           59  15    N8II             59   05       
QSO:   28384 PH 2022-10-29 1231 IK1PMR           59  15    AK2P             59   05       
QSO:   28384 PH 2022-10-29 1235 IK1PMR           59  15    K3UL             59   05       
QSO:   28384 PH 2022-10-29 1236 IK1PMR           59  15    N1DC             59   05       
QSO:   28384 PH 2022-10-29 1236 IK1PMR           59  15    W3FOX            59   05       
QSO:   28384 PH 2022-10-29 1239 IK1PMR           59  15    W1GQ             59   05       
QSO:   28384 PH 2022-10-29 1241 IK1PMR           59  15    LU7YZ            59   13       
QSO:   28384 PH 2022-10-29 1242 IK1PMR           59  15    W3SM             59   05       
QSO:   28384 PH 2022-10-29 1243 IK1PMR           59  15    N1UR             59   05       
QSO:   28384 PH 2022-10-29 1244 IK1PMR           59  15    WZ8DX            59   04       
QSO:   28384 PH 2022-10-29 1244 IK1PMR           59  15    NF1O             59   05       
QSO:   28384 PH 2022-10-29 1246 IK1PMR           59  15    WA4MQX           59   05       
QSO:   28463 PH 2022-10-29 1251 IK1PMR           59  15    K5OF             59   05       
QSO:   28460 PH 2022-10-29 1252 IK1PMR           59  15    XQ3WD            59   12       
QSO:   28456 PH 2022-10-29 1253 IK1PMR           59  15    PT4Z             59   11       
QSO:   28443 PH 2022-10-29 1255 IK1PMR           59  15    P40T             59   09       
QSO:   28420 PH 2022-10-29 1258 IK1PMR           59  15    EF8K             59   33       
QSO:   28416 PH 2022-10-29 1259 IK1PMR           59  15    W3LPL            59   05       
QSO:   28393 PH 2022-10-29 1304 IK1PMR           59  15    PY2LC            59   11       
QSO:   28364 PH 2022-10-29 1306 IK1PMR           59  15    P33W             59   20       
QSO:   28360 PH 2022-10-29 1307 IK1PMR           59  15    PY2RSA           59   11       
QSO:   28433 PH 2022-10-29 1317 IK1PMR           59  15    FM5KC            59   08       
QSO:   28683 PH 2022-10-29 1319 IK1PMR           59  15    PJ4K             59   09       
QSO:   21160 PH 2022-10-29 1322 IK1PMR           59  15    VE2GSO           59   05       
QSO:   28507 PH 2022-10-29 1324 IK1PMR           59  15    KP2M             59   08       
QSO:   28568 PH 2022-10-29 1329 IK1PMR           59  15    ZF1A             59   08       
QSO:   28504 PH 2022-10-29 1330 IK1PMR           59  15    TI2CC            59   07       
QSO:   28657 PH 2022-10-29 1331 IK1PMR           59  15    KP3DX            59   08       
QSO:   28535 PH 2022-10-29 1333 IK1PMR           59  15    ZP5AA            59   11       
QSO:   28543 PH 2022-10-29 1334 IK1PMR           59  15    HI8HRD           59   08       
QSO:   14163 PH 2022-10-29 1337 IK1PMR           59  15    M6T              59   14       
QSO:   14349 PH 2022-10-29 1338 IK1PMR           59  15    EU2F             59   16       
QSO:   21175 PH 2022-10-29 1339 IK1PMR           59  15    RT4G             59   16       
QSO:   28501 PH 2022-10-29 1343 IK1PMR           59  15    4X1MM            59   20       
QSO:   21375 PH 2022-10-29 1344 IK1PMR           59  15    SX9V             59   20       
QSO:   21402 PH 2022-10-29 1345 IK1PMR           59  15    4X7R             59   20       
QSO:   14000 PH 2022-10-29 1350 IK1PMR           59  15    HS5NMF           59   26       
QSO:   21176 PH 2022-10-29 1356 IK1PMR           59  15    VE3VN            59   04       
QSO:   28505 PH 2022-10-29 1358 IK1PMR           59  15    FY5KE            59   09       
QSO:   28288 PH 2022-10-29 1400 IK1PMR           59  15    V31XX            59   07       
QSO:   28544 PH 2022-10-29 1401 IK1PMR           59  15    PZ2YT            59   09       
QSO:   28412 PH 2022-10-29 1407 IK1PMR           59  15    WX3B             59   05       
QSO:   28418 PH 2022-10-29 1409 IK1PMR           59  15    K1KP             59   05       
QSO:   28427 PH 2022-10-29 1409 IK1PMR           59  15    IR2Q             59   15       
QSO:   28437 PH 2022-10-29 1410 IK1PMR           59  15    KX2T             59   05       
QSO:   28440 PH 2022-10-29 1411 IK1PMR           59  15    N2QV             59   05       
QSO:   28444 PH 2022-10-29 1412 IK1PMR           59  15    W9RE             59   04       
QSO:   28300 PH 2022-10-29 1418 IK1PMR           59  15    VE3EJ            59   04       
QSO:   28306 PH 2022-10-29 1421 IK1PMR           59  15    N4UU             59   05       
QSO:   28313 PH 2022-10-29 1422 IK1PMR           59  15    N4SS             59   04       
QSO:   28313 PH 2022-10-29 1423 IK1PMR           59  15    WB5UFR           59   04       
QSO:   28323 PH 2022-10-29 1428 IK1PMR           59  15    NO9E             59   05       
QSO:   28565 PH 2022-10-29 1429 IK1PMR           59  15    N2SR             59   05       
QSO:   28651 PH 2022-10-29 1430 IK1PMR           59  15    K4WI             59   04       
QSO:   28755 PH 2022-10-29 1431 IK1PMR           59  15    WB9Z             59   04       
QSO:   28797 PH 2022-10-29 1432 IK1PMR           59  15    KQ3F             59   05       
QSO:   28832 PH 2022-10-29 1433 IK1PMR           59  15    K0PJ             59   04       
QSO:   28818 PH 2022-10-29 1433 IK1PMR           59  15    K5TR             59   04       
QSO:   28790 PH 2022-10-29 1434 IK1PMR           59  15    N5RZ             59   04       
QSO:   28769 PH 2022-10-29 1434 IK1PMR           59  15    N9TTK            59   04       
QSO:   28760 PH 2022-10-29 1435 IK1PMR           59  15    VE3KG            59   04       
QSO:   28682 PH 2022-10-29 1435 IK1PMR           59  15    NR3X             59   05       
QSO:   28668 PH 2022-10-29 1436 IK1PMR           59  15    NN3Q             59   05       
QSO:   28533 PH 2022-10-29 1438 IK1PMR           59  15    K3LR             59   05       
QSO:   28469 PH 2022-10-29 1440 IK1PMR           59  15    K2AX             59   05       
QSO:   28355 PH 2022-10-29 1441 IK1PMR           59  15    XL3T             59   04       
QSO:   28328 PH 2022-10-29 1441 IK1PMR           59  15    K1CC             59   05       
QSO:   28307 PH 2022-10-29 1442 IK1PMR           59  15    NT2DR            59   05       
QSO:   28526 PH 2022-10-29 1445 IK1PMR           59  15    PP2CC            59   11       
QSO:   28482 PH 2022-10-29 1447 IK1PMR           59  15    CQ8M             59   14       
QSO:   28464 PH 2022-10-29 1452 IK1PMR           59  15    PT5J             59   11       
QSO:   28368 PH 2022-10-29 1453 IK1PMR           59  15    V47T             59   08       
QSO:   28353 PH 2022-10-29 1454 IK1PMR           59  15    LU8DPM           59   13       
QSO:   28350 PH 2022-10-29 1455 IK1PMR           59  15    LS2D             59   13       
QSO:   28315 PH 2022-10-29 1457 IK1PMR           59  15    ST0HQ            59   34       
QSO:   28397 PH 2022-10-29 1459 IK1PMR           59  15    WA7NB            59   03       
QSO:   28846 PH 2022-10-29 1500 IK1PMR           59  15    N1KWF            59   05       
QSO:   28834 PH 2022-10-29 1500 IK1PMR           59  15    K3WU             59   05       
QSO:   28770 PH 2022-10-29 1501 IK1PMR           59  15    N1DD             59   05       
QSO:   28737 PH 2022-10-29 1503 IK1PMR           59  15    W5PR             59   04       
QSO:   28730 PH 2022-10-29 1503 IK1PMR           59  15    K4AB             59   04       
QSO:   28708 PH 2022-10-29 1503 IK1PMR           59  15    N4OX             59   05       
QSO:   28703 PH 2022-10-29 1504 IK1PMR           59  15    AA3B             59   05       
QSO:   28700 PH 2022-10-29 1505 IK1PMR           59  15    W4RM             59   05       
QSO:   28666 PH 2022-10-29 1506 IK1PMR           59  15    NY6DX            59   05       
QSO:   28660 PH 2022-10-29 1506 IK1PMR           59  15    KM8Q             59   04       
QSO:   28654 PH 2022-10-29 1506 IK1PMR           59  15    W4DD             59   05       
QSO:   28629 PH 2022-10-29 1507 IK1PMR           59  15    K4ZW             59   05       
QSO:   28621 PH 2022-10-29 1508 IK1PMR           59  15    K1TTT            59   05       
QSO:   28608 PH 2022-10-29 1508 IK1PMR           59  15    KQ2M             59   05       
QSO:   28603 PH 2022-10-29 1509 IK1PMR           59  15    NG1M             59   05       
QSO:   28590 PH 2022-10-29 1513 IK1PMR           59  15    D4Z              59   35       
QSO:   28725 PH 2022-10-29 1612 IK1PMR           59  15    XE1CT            59   06       
QSO:   21283 PH 2022-10-29 1614 IK1PMR           59  15    CN3A             59   33       
QSO:   14267 PH 2022-10-29 1618 IK1PMR           59  15    W7WA             59   03       
QSO:   14187 PH 2022-10-29 1619 IK1PMR           59  15    V26B             59   08       
QSO:   14000 PH 2022-10-29 1623 IK1PMR           59  15    SX9V             59   20       
QSO:   14211 PH 2022-10-29 1624 IK1PMR           59  15    A44A             59   21       
QSO:   14193 PH 2022-10-29 1625 IK1PMR           59  15    YI1WWA           59   21       
QSO:   14292 PH 2022-10-29 1629 IK1PMR           59  15    EW5A             59   16       
QSO:   14299 PH 2022-10-29 1630 IK1PMR           59  15    OH5Z             59   15       
QSO:   14283 PH 2022-10-29 1631 IK1PMR           59  15    IO9R             59   15       
QSO:   21338 PH 2022-10-29 1634 IK1PMR           59  15    OM0R             59   15       
QSO:   21296 PH 2022-10-29 1636 IK1PMR           59  15    KU2M             59   05       
QSO:   21253 PH 2022-10-29 1639 IK1PMR           59  15    VY2TT            59   05       
QSO:   21248 PH 2022-10-29 1639 IK1PMR           59  15    K2AX             59   05       
QSO:   21201 PH 2022-10-29 1640 IK1PMR           59  15    K1LZ             59   05       
QSO:   21177 PH 2022-10-29 1642 IK1PMR           59  15    VA2UR            59   05       
QSO:   14139 PH 2022-10-29 1644 IK1PMR           59  15    3V8SS            59   33       
QSO:    3788 PH 2022-10-29 1650 IK1PMR           59  15    SQ7NSN           59   15       
QSO:    3706 PH 2022-10-29 1716 IK1PMR           59  15    MI5K             59   14       
QSO:    1850 PH 2022-10-29 1719 IK1PMR           59  15    YL3FT            59   15       
QSO:    3789 PH 2022-10-29 1721 IK1PMR           59  15    UW7LL            59   16       
QSO:    7167 PH 2022-10-29 1724 IK1PMR           59  15    RU1A             59   16       
QSO:    7179 PH 2022-10-29 1725 IK1PMR           59  15    SV2DSJ           59   20       
QSO:    7117 PH 2022-10-29 1727 IK1PMR           59  15    LY4A             59   15       
QSO:    3780 PH 2022-10-29 1730 IK1PMR           59  15    F6KOP            59   14       
QSO:    3744 PH 2022-10-29 1731 IK1PMR           59  15    9H6A             59   15       
QSO:    3787 PH 2022-10-29 1736 IK1PMR           59  15    HA8AR            59   15       
QSO:    3754 PH 2022-10-29 1743 IK1PMR           59  15    EE7L             59   14       
QSO:    3716 PH 2022-10-29 1751 IK1PMR           59  15    M0HFC            59   14       
QSO:    3733 PH 2022-10-29 1752 IK1PMR           59  15    YU4GUV           59   15       
QSO:    3726 PH 2022-10-29 1753 IK1PMR           59  15    SQ8NGV           59   15       
QSO:    1849 PH 2022-10-29 1804 IK1PMR           59  15    LZ9W             59   20       
QSO:    1844 PH 2022-10-29 1806 IK1PMR           59  15    OT5A             59   14       
QSO:    1841 PH 2022-10-29 1807 IK1PMR           59  15    F4CDR            59   14       
QSO:    7113 PH 2022-10-29 1809 IK1PMR           59  15    UW5Y             59   16       
QSO:    7153 PH 2022-10-29 1810 IK1PMR           59  15    OM7K             59   15       
QSO:    3743 PH 2022-10-29 1816 IK1PMR           59  15    YU1LD            59   15       
QSO:    3745 PH 2022-10-29 1818 IK1PMR           59  15    EA4IS            59   14       
QSO:    3745 PH 2022-10-29 1820 IK1PMR           59  15    ON8DM            59   14       
QSO:    3500 PH 2022-10-29 1821 IK1PMR           59  15    DB4LL            59   14       
QSO:    3745 PH 2022-10-29 1823 IK1PMR           59  15    F4BIT            59   14       
QSO:    3746 PH 2022-10-29 1827 IK1PMR           59  15    HF1K             59   15       
QSO:    3746 PH 2022-10-29 1828 IK1PMR           59  15    LY2AT            59   15       
QSO:    3746 PH 2022-10-29 1829 IK1PMR           59  15    OT7T             59   14       
QSO:    3746 PH 2022-10-29 1829 IK1PMR           59  15    DF2AJ            59   14       
QSO:    3746 PH 2022-10-29 1829 IK1PMR           59  15    RT4G             59   16       
QSO:    3746 PH 2022-10-29 1830 IK1PMR           59  15    F5DRD            59   14       
QSO:    3746 PH 2022-10-29 1830 IK1PMR           59  15    ED1R             59   14       
QSO:    3746 PH 2022-10-29 1830 IK1PMR           59  15    I1JTQ            59   15       
QSO:    3746 PH 2022-10-29 1831 IK1PMR           59  15    G0BNR            59   14       
QSO:    3746 PH 2022-10-29 1831 IK1PMR           59  15    DG4GA            59   14       
QSO:    3746 PH 2022-10-29 1831 IK1PMR           59  15    DD7UW            59   14       
QSO:    3746 PH 2022-10-29 1832 IK1PMR           59  15    EA5UJ            59   14       
QSO:    3746 PH 2022-10-29 1832 IK1PMR           59  15    PA0AA            59   14       
QSO:    3746 PH 2022-10-29 1833 IK1PMR           59  15    IZ4REF           59   15       
QSO:    3746 PH 2022-10-29 1834 IK1PMR           59  15    OE6V             59   15       
QSO:    3746 PH 2022-10-29 1834 IK1PMR           59  15    DO1MKA           59   14       
QSO:    3746 PH 2022-10-29 1834 IK1PMR           59  15    DR2P             59   14       
QSO:    3746 PH 2022-10-29 1835 IK1PMR           59  15    OO7P             59   14       
QSO:    3746 PH 2022-10-29 1836 IK1PMR           59  15    HA1TJ            59   15       
QSO:    3746 PH 2022-10-29 1837 IK1PMR           59  15    G3V              59   14       
QSO:    3746 PH 2022-10-29 1838 IK1PMR           59  15    HB9DCQ           59   14       
QSO:    3746 PH 2022-10-29 1839 IK1PMR           59  15    E7GZ             59   15       
QSO:    3746 PH 2022-10-29 1840 IK1PMR           59  15    OZ0QF            59   14       
QSO:    3746 PH 2022-10-29 1841 IK1PMR           59  15    IZ1SAI           59   15       
QSO:    3746 PH 2022-10-29 1841 IK1PMR           59  15    S52ON            59   15       
QSO:    3746 PH 2022-10-29 1841 IK1PMR           59  15    DO7AF            59   14       
QSO:    3746 PH 2022-10-29 1843 IK1PMR           59  15    SP7JS            59   15       
QSO:    3746 PH 2022-10-29 1844 IK1PMR           59  15    PC1PM            59   14       
QSO:    3746 PH 2022-10-29 1846 IK1PMR           59  15    DO1TOM           59   14       
QSO:    3746 PH 2022-10-29 1847 IK1PMR           59  15    OL1Z             59   15       
QSO:    3746 PH 2022-10-29 1847 IK1PMR           59  15    OM5KM            59   15       
QSO:    3746 PH 2022-10-29 1848 IK1PMR           59  15    OK5OK            59   15       
QSO:    3746 PH 2022-10-29 1848 IK1PMR           59  15    DK2IT            59   14       
QSO:    3746 PH 2022-10-29 1850 IK1PMR           59  15    SP4SHD           59   15       
QSO:    3746 PH 2022-10-29 1851 IK1PMR           59  15    OZ6CM            59   14       
QSO:    3746 PH 2022-10-29 1856 IK1PMR           59  15    M3P              59   14       
QSO:    3746 PH 2022-10-29 1856 IK1PMR           59  15    YT5ANA           59   15       
QSO:    3746 PH 2022-10-29 1856 IK1PMR           59  15    OZ5E             59   14       
QSO:    3746 PH 2022-10-29 1857 IK1PMR           59  15    LA9TY            59   14       
QSO:    3746 PH 2022-10-29 1857 IK1PMR           59  15    OZ7AM            59   14       
QSO:    3746 PH 2022-10-29 1858 IK1PMR           59  15    G6AD             59   14       
QSO:    3746 PH 2022-10-29 1858 IK1PMR           59  15    HB9HJI           59   14       
QSO:    3746 PH 2022-10-29 1859 IK1PMR           59  15    PE1ODY           59   14       
QSO:    3746 PH 2022-10-29 1900 IK1PMR           59  15    DF4SR            59   14       
QSO:    3746 PH 2022-10-29 1901 IK1PMR           59  15    YR8D             59   20       
QSO:    3746 PH 2022-10-29 1903 IK1PMR           59  15    ES7A             59   15       
QSO:    3746 PH 2022-10-29 1904 IK1PMR           59  15    F4EMG            59   14       
QSO:    3746 PH 2022-10-29 1908 IK1PMR           59  15    SP5ES            59   15       
QSO:    3746 PH 2022-10-29 1909 IK1PMR           59  15    PI4KAR           59   14       
QSO:    3746 PH 2022-10-29 1912 IK1PMR           59  15    DH1DA            59   14       
QSO:    3746 PH 2022-10-29 1912 IK1PMR           59  15    DB8DT            59   14       
QSO:    3746 PH 2022-10-29 1913 IK1PMR           59  15    IO9R             59   15       
QSO:    3746 PH 2022-10-29 1913 IK1PMR           59  15    J41J             59   20       
QSO:    3746 PH 2022-10-29 1914 IK1PMR           59  15    SP6VWX           59   15       
QSO:    3746 PH 2022-10-29 1914 IK1PMR           59  15    SK6AW            59   14       
QSO:    3746 PH 2022-10-29 1915 IK1PMR           59  15    IZ3GJL           59   15       
QSO:    3746 PH 2022-10-29 1915 IK1PMR           59  15    DK0UU            59   14       
QSO:    3746 PH 2022-10-29 1918 IK1PMR           59  15    S53NW            59   15       
QSO:    3746 PH 2022-10-29 1920 IK1PMR           59  15    SP2PIK           59   15       
QSO:    1836 PH 2022-10-29 1922 IK1PMR           59  15    YT8A             59   15       
QSO:    3752 PH 2022-10-29 1926 IK1PMR           59  15    OG3B             59   15       
QSO:    3612 PH 2022-10-30 0239 IK1PMR           59  15    ES3V             59   15       
QSO:    3628 PH 2022-10-30 0242 IK1PMR           59  15    CR6P             59   14       
QSO:    3652 PH 2022-10-30 0245 IK1PMR           59  15    TF3T             59   40       
QSO:    3661 PH 2022-10-30 0248 IK1PMR           59  15    SN7Q             59   15       
QSO:    3670 PH 2022-10-30 0249 IK1PMR           59  15    ED7O             59   14       
QSO:    3690 PH 2022-10-30 0250 IK1PMR           59  15    SO7E             59   15       
QSO:    3698 PH 2022-10-30 0250 IK1PMR           59  15    DP6A             59   14       
QSO:    3725 PH 2022-10-30 0251 IK1PMR           59  15    9A5Y             59   15       
QSO:    3760 PH 2022-10-30 0253 IK1PMR           59  15    DA0T             59   14       
QSO:    3728 PH 2022-10-30 0253 IK1PMR           59  15    9A7A             59   15       
QSO:    1842 PH 2022-10-30 0256 IK1PMR           59  15    P33W             59   20       
QSO:    1835 PH 2022-10-30 0258 IK1PMR           59  15    DP6A             59   14       
QSO:    1840 PH 2022-10-30 0259 IK1PMR           59  15    TM1K             59   14       
QSO:    1848 PH 2022-10-30 0300 IK1PMR           59  15    IQ1RF            59   15       
QSO:    3683 PH 2022-10-30 0301 IK1PMR           59  15    SX9V             59   20       
QSO:    3712 PH 2022-10-30 0305 IK1PMR           59  15    4X7R             59   20       
QSO:    3717 PH 2022-10-30 0307 IK1PMR           59  15    PI4COM           59   14       
QSO:    3720 PH 2022-10-30 0307 IK1PMR           59  15    DJ5AN            59   14       
QSO:    3782 PH 2022-10-30 0309 IK1PMR           59  15    TM7A             59   14       
QSO:    3688 PH 2022-10-30 0310 IK1PMR           59  15    W3LPL            59   05       
QSO:    3685 PH 2022-10-30 0311 IK1PMR           59  15    DA0RR            59   14       
QSO:    3638 PH 2022-10-30 0312 IK1PMR           59  15    PJ2T             59   09       
QSO:    3677 PH 2022-10-30 0313 IK1PMR           59  15    PI4M             59   14       
QSO:    3723 PH 2022-10-30 0313 IK1PMR           59  15    OK5Z             59   15       
QSO:    3747 PH 2022-10-30 0314 IK1PMR           59  15    YT5A             59   15       
QSO:    3693 PH 2022-10-30 0315 IK1PMR           59  15    ED7B             59   14       
QSO:    3655 PH 2022-10-30 0315 IK1PMR           59  15    AA3B             59   05       
QSO:    3705 PH 2022-10-30 0317 IK1PMR           59  15    OR2M             59   14       
QSO:    3787 PH 2022-10-30 0318 IK1PMR           59  15    M6T              59   14       
QSO:    3762 PH 2022-10-30 0318 IK1PMR           59  15    DP7D             59   14       
QSO:    3730 PH 2022-10-30 0319 IK1PMR           59  15    OT5A             59   14       
QSO:    3690 PH 2022-10-30 0320 IK1PMR           59  15    K3MM             59   05       
QSO:    3769 PH 2022-10-30 0321 IK1PMR           59  15    DF0HQ            59   14       
QSO:    1843 PH 2022-10-30 0323 IK1PMR           59  15    EA8RM            59   33       
QSO:    3744 PH 2022-10-30 0324 IK1PMR           59  15    KP4PR            59   08       
QSO:    3681 PH 2022-10-30 0325 IK1PMR           59  15    G7C              59   14       
QSO:    3616 PH 2022-10-30 0326 IK1PMR           59  15    M3AWD            59   14       
QSO:    3672 PH 2022-10-30 0328 IK1PMR           59  15    HA3DX            59   15       
QSO:    3737 PH 2022-10-30 0329 IK1PMR           59  15    M0PLX/M          59   14       
QSO:    3732 PH 2022-10-30 0330 IK1PMR           59  15    DM5B             59   14       
QSO:    3634 PH 2022-10-30 0332 IK1PMR           59  15    DP6T             59   14       
QSO:    3623 PH 2022-10-30 0332 IK1PMR           59  15    G4ANT            59   14       
QSO:    3613 PH 2022-10-30 0333 IK1PMR           59  15    G4R              59   14       
QSO:    3650 PH 2022-10-30 0334 IK1PMR           59  15    K9RS             59   05       
QSO:    3776 PH 2022-10-30 0337 IK1PMR           59  15    SV2HJQ           59   20       
QSO:    1840 PH 2022-10-30 0340 IK1PMR           59  15    DP9A             59   14       
QSO:    1849 PH 2022-10-30 0343 IK1PMR           59  15    IK0NMJ           59   15       
QSO:    1843 PH 2022-10-30 0346 IK1PMR           59  15    SX5P             59   20       
QSO:    3741 PH 2022-10-30 0348 IK1PMR           59  15    K3LR             59   05       
QSO:    3738 PH 2022-10-30 0350 IK1PMR           59  15    HG7T             59   15       
QSO:    3700 PH 2022-10-30 0352 IK1PMR           59  15    OH5Z             59   15       
QSO:    3710 PH 2022-10-30 0354 IK1PMR           59  15    CQ8M             59   14       
QSO:    1832 PH 2022-10-30 0357 IK1PMR           59  15    TM3Z             59   14       
QSO:    1841 PH 2022-10-30 0359 IK1PMR           59  15    IZ6ERS           59   15       
QSO:    3617 PH 2022-10-30 0401 IK1PMR           59  15    DK6SP            59   14       
QSO:    3686 PH 2022-10-30 0403 IK1PMR           59  15    DR0W             59   14       
QSO:    3685 PH 2022-10-30 0404 IK1PMR           59  15    OL80WPN          59   15       
QSO:    3703 PH 2022-10-30 0405 IK1PMR           59  15    OM0R             59   15       
QSO:    3718 PH 2022-10-30 0407 IK1PMR           59  15    TM1K             59   14       
QSO:    3649 PH 2022-10-30 0408 IK1PMR           59  15    ED3X             59   14       
QSO:    1830 PH 2022-10-30 0412 IK1PMR           59  15    IB0L             59   15       
QSO:    1835 PH 2022-10-30 0413 IK1PMR           59  15    TM6M             59   14       
QSO:    3712 PH 2022-10-30 0417 IK1PMR           59  15    OH5BM            59   15       
QSO:    3722 PH 2022-10-30 0419 IK1PMR           59  15    IU5GBQ           59   15       
QSO:    3725 PH 2022-10-30 0423 IK1PMR           59  15    SQ9MZ            59   15       
QSO:    3738 PH 2022-10-30 0428 IK1PMR           59  15    IR4X             59   15       
QSO:    3745 PH 2022-10-30 0429 IK1PMR           59  15    CT3KN            59   33       
QSO:    3756 PH 2022-10-30 0430 IK1PMR           59  15    IR6T             59   15       
QSO:    3775 PH 2022-10-30 0432 IK1PMR           59  15    IR2L             59   15       
QSO:    3763 PH 2022-10-30 0433 IK1PMR           59  15    LX1LC            59   14       
QSO:    3778 PH 2022-10-30 0433 IK1PMR           59  15    S53MM            59   15       
QSO:    3784 PH 2022-10-30 0435 IK1PMR           59  15    EE7P             59   14       
QSO:    3792 PH 2022-10-30 0435 IK1PMR           59  15    DP9A             59   14       
QSO:    3690 PH 2022-10-30 0437 IK1PMR           59  15    VE3EJ            59   04       
QSO:    3607 PH 2022-10-30 0438 IK1PMR           59  15    WB9Z             59   04       
QSO:    3671 PH 2022-10-30 0440 IK1PMR           59  15    S58Y             59   15       
QSO:    3617 PH 2022-10-30 0442 IK1PMR           59  15    NR3X             59   05       
QSO:    3700 PH 2022-10-30 0443 IK1PMR           59  15    OK5D             59   15       
QSO:    3697 PH 2022-10-30 0446 IK1PMR           59  15    YT3D             59   15       
QSO:    3672 PH 2022-10-30 0447 IK1PMR           59  15    CR5T             59   14       
QSO:    3659 PH 2022-10-30 0448 IK1PMR           59  15    N1UR             59   05       
QSO:    3729 PH 2022-10-30 0450 IK1PMR           59  15    UW5Y             59   16       
QSO:    3664 PH 2022-10-30 0453 IK1PMR           59  15    YL1ZX            59   15       
QSO:    3664 PH 2022-10-30 0453 IK1PMR           59  15    SP9YGD           59   15       
QSO:    3664 PH 2022-10-30 0455 IK1PMR           59  15    YO2AA            59   20       
QSO:    3664 PH 2022-10-30 0456 IK1PMR           59  15    TC3X             59   20       
QSO:    3664 PH 2022-10-30 0456 IK1PMR           59  15    IQ8BB            59   15       
QSO:    3664 PH 2022-10-30 0457 IK1PMR           59  15    DL1GME           59   14       
QSO:    3664 PH 2022-10-30 0458 IK1PMR           59  15    K1KI             59   05       
QSO:    3664 PH 2022-10-30 0458 IK1PMR           59  15    DL6ZBN           59   14       
QSO:    3664 PH 2022-10-30 0459 IK1PMR           59  15    TM3Z             59   14       
QSO:    3680 PH 2022-10-30 0503 IK1PMR           59  15    S53M             59   15       
QSO:    1842 PH 2022-10-30 0504 IK1PMR           59  15    OH1Z             59   15       
QSO:    1836 PH 2022-10-30 0506 IK1PMR           59  15    OH1F             59   15       
QSO:    1834 PH 2022-10-30 0507 IK1PMR           59  15    G4ANT            59   14       
QSO:    7146 PH 2022-10-30 0511 IK1PMR           59  15    OH5Z             59   15       
QSO:    7188 PH 2022-10-30 0513 IK1PMR           59  15    4L2M             59   21       
QSO:    7181 PH 2022-10-30 0516 IK1PMR           59  15    CR6K             59   14       
QSO:    1838 PH 2022-10-30 0521 IK1PMR           59  15    LA4C             59   14       
QSO:    3763 PH 2022-10-30 0530 IK1PMR           59  15    OL5Y             59   15       
QSO:    3776 PH 2022-10-30 0532 IK1PMR           59  15    TM6M             59   14       
QSO:    3603 PH 2022-10-30 0540 IK1PMR           59  15    OE4C             59   15       
QSO:    3664 PH 2022-10-30 0541 IK1PMR           59  15    OL1T             59   15       
QSO:    3681 PH 2022-10-30 0541 IK1PMR           59  15    OH1F             59   15       
QSO:    3783 PH 2022-10-30 0543 IK1PMR           59  15    OE8DDX           59   15       
QSO:    3716 PH 2022-10-30 0545 IK1PMR           59  15    G5W              59   14       
QSO:    3698 PH 2022-10-30 0546 IK1PMR           59  15    OZ5W             59   14       
QSO:    3685 PH 2022-10-30 0547 IK1PMR           59  15    LA100B           59   14       
QSO:    3609 PH 2022-10-30 0551 IK1PMR           59  15    KQ2M             59   05       
QSO:    1850 PH 2022-10-30 0555 IK1PMR           59  15    DF0HQ            59   14       
QSO:    3789 PH 2022-10-30 0601 IK1PMR           59  15    IB0L             59   15       
QSO:    7148 PH 2022-10-30 0609 IK1PMR           59  15    OK5Z             59   15       
QSO:    7083 PH 2022-10-30 0610 IK1PMR           59  15    9A6M             59   15       
QSO:    7173 PH 2022-10-30 0611 IK1PMR           59  15    HG7T             59   15       
QSO:    7071 PH 2022-10-30 0613 IK1PMR           59  15    OE8DDX           59   15       
QSO:    7088 PH 2022-10-30 0614 IK1PMR           59  15    YO9HP            59   20       
QSO:    1837 PH 2022-10-30 0620 IK1PMR           59  15    OZ5W             59   14       
QSO:    7087 PH 2022-10-30 0629 IK1PMR           59  15    CQ8M             59   14       
QSO:    1850 PH 2022-10-30 0632 IK1PMR           59  15    DL4ZA            59   14       
QSO:    3649 PH 2022-10-30 0640 IK1PMR           59  15    HB9TOC           59   14       
QSO:    3755 PH 2022-10-30 0641 IK1PMR           59  15    F4IVV            59   14       
QSO:    7137 PH 2022-10-30 0644 IK1PMR           59  15    SJ2W             59   14       
QSO:    7186 PH 2022-10-30 0645 IK1PMR           59  15    EI7M             59   14       
QSO:    3702 PH 2022-10-30 0647 IK1PMR           59  15    HB0A             59   14       
QSO:    7131 PH 2022-10-30 0652 IK1PMR           59  15    LX8M             59   14       
QSO:    7059 PH 2022-10-30 0656 IK1PMR           59  15    MM9I             59   14       
QSO:   14298 PH 2022-10-30 0705 IK1PMR           59  15    D4Z              59   35       
QSO:   14314 PH 2022-10-30 0707 IK1PMR           59  15    PP4T             59   11       
QSO:   14277 PH 2022-10-30 0709 IK1PMR           59  15    ZL2RVW           59   32       
QSO:   14286 PH 2022-10-30 0712 IK1PMR           59  15    DF0HQ            59   14       
QSO:   14206 PH 2022-10-30 0712 IK1PMR           59  15    YT7B             59   15       
QSO:   14246 PH 2022-10-30 0713 IK1PMR           59  15    OM7K             59   15       
QSO:   14324 PH 2022-10-30 0713 IK1PMR           59  15    OL9Z             59   15       
QSO:   14211 PH 2022-10-30 0714 IK1PMR           59  15    EI7M             59   14       
QSO:   21188 PH 2022-10-30 0715 IK1PMR           59  15    BA4TB            59   24       
QSO:   21341 PH 2022-10-30 0717 IK1PMR           59  15    JT5DX            59   23       
QSO:   21277 PH 2022-10-30 0717 IK1PMR           59  15    OH1F             59   15       
QSO:   28513 PH 2022-10-30 0724 IK1PMR           59  15    JT5DX            59   23       
QSO:   28552 PH 2022-10-30 0725 IK1PMR           59  15    UA4CC            59   16       
QSO:   28614 PH 2022-10-30 0727 IK1PMR           59  15    B7C              59   24       
QSO:   28000 PH 2022-10-30 0728 IK1PMR           59  15    VR2XAN           59   24       
QSO:   28610 PH 2022-10-30 0732 IK1PMR           59  15    5B4AQT           59   20       
QSO:   21222 PH 2022-10-30 0738 IK1PMR           59  15    UA9CAW           59   17       
QSO:   21207 PH 2022-10-30 0741 IK1PMR           59  15    JA6ZPR           59   25       
QSO:   21450 PH 2022-10-30 0742 IK1PMR           59  15    UN4L             59   17       
QSO:   28469 PH 2022-10-30 0751 IK1PMR           59  15    E2A              59   26       
QSO:   21307 PH 2022-10-30 0753 IK1PMR           59  15    YP0C             59   20       
QSO:   21344 PH 2022-10-30 0754 IK1PMR           59  15    RL3A             59   16       
QSO:   21373 PH 2022-10-30 0756 IK1PMR           59  15    A61ZX            59   21       
QSO:   21270 PH 2022-10-30 0802 IK1PMR           59  15    SZ3P             59   20       
QSO:   21275 PH 2022-10-30 0803 IK1PMR           59  15    ED7R             59   14       
QSO:   21309 PH 2022-10-30 0806 IK1PMR           59  15    JQ1YUF           59   25       
QSO:   21351 PH 2022-10-30 0807 IK1PMR           59  15    OH5Z             59   15       
QSO:   14244 PH 2022-10-30 0810 IK1PMR           59  15    Z61DX            59   15       
QSO:   21245 PH 2022-10-30 0813 IK1PMR           59  15    TC99TC           59   20       
QSO:   28305 PH 2022-10-30 0816 IK1PMR           59  15    TA4/OH2KW        59   20       
QSO:   28329 PH 2022-10-30 0821 IK1PMR           59  15    JR2PMT           59   25       
QSO:   28395 PH 2022-10-30 0822 IK1PMR           59  15    UA9CDC           59   17       
QSO:   28435 PH 2022-10-30 0832 IK1PMR           59  15    UP0L             59   17       
QSO:   21182 PH 2022-10-30 1118 IK1PMR           59  15    PX2A             59   11       
QSO:   21272 PH 2022-10-30 1120 IK1PMR           59  15    LP1H             59   13       
QSO:   21163 PH 2022-10-30 1120 IK1PMR           59  15    PJ2T             59   09       
QSO:   21233 PH 2022-10-30 1121 IK1PMR           59  15    IO9R             59   15       
QSO:   21175 PH 2022-10-30 1122 IK1PMR           59  15    P40T             59   09       
QSO:   21337 PH 2022-10-30 1123 IK1PMR           59  15    FJ/SP9FIH        59   08       
QSO:   21408 PH 2022-10-30 1127 IK1PMR           59  15    W1GD             59   05       
QSO:   21248 PH 2022-10-30 1128 IK1PMR           59  15    MM2N             59   14       
QSO:   21218 PH 2022-10-30 1129 IK1PMR           59  15    LA100B           59   14       
QSO:   21209 PH 2022-10-30 1130 IK1PMR           59  15    VJ4K             59   30       
QSO:   28329 PH 2022-10-30 1132 IK1PMR           59  15    LN2T             59   14       
QSO:   28587 PH 2022-10-30 1134 IK1PMR           59  15    A65BB            59   21       
QSO:   28629 PH 2022-10-30 1136 IK1PMR           59  15    9N7AA            59   22       
QSO:   28730 PH 2022-10-30 1140 IK1PMR           59  15    V26B             59   08       
QSO:   28413 PH 2022-10-30 1143 IK1PMR           59  15    TF3T             59   40       
QSO:   28498 PH 2022-10-30 1144 IK1PMR           59  15    OH1F             59   15       
QSO:   28503 PH 2022-10-30 1144 IK1PMR           59  15    YL2SM            59   15       
QSO:   21245 PH 2022-10-30 1147 IK1PMR           59  15    LZ5Y             59   20       
QSO:   21259 PH 2022-10-30 1148 IK1PMR           59  15    9K2NO            59   21       
QSO:   14333 PH 2022-10-30 1149 IK1PMR           59  15    C4W              59   20       
QSO:   14260 PH 2022-10-30 1151 IK1PMR           59  15    GW5L             59   14       
QSO:   14144 PH 2022-10-30 1217 IK1PMR           59  15    JH4UYB           59   25       
QSO:   14279 PH 2022-10-30 1218 IK1PMR           59  15    OZ7X             59   14       
QSO:   21137 PH 2022-10-30 1221 IK1PMR           59  15    ZF1A             59   08       
QSO:   21426 PH 2022-10-30 1223 IK1PMR           59  15    CQ8M             59   14       
QSO:   14337 PH 2022-10-30 1229 IK1PMR           59  15    9A9J             59   15       
QSO:   21170 PH 2022-10-30 1235 IK1PMR           59  15    V26B             59   08       
QSO:   21189 PH 2022-10-30 1238 IK1PMR           59  15    TO5M             59   08       
QSO:   21285 PH 2022-10-30 1239 IK1PMR           59  15    MD4K             59   14       
QSO:   28701 PH 2022-10-30 1241 IK1PMR           59  15    PI4DX            59   14       
QSO:   28487 PH 2022-10-30 1242 IK1PMR           59  15    TM0T             59   14       
QSO:   28825 PH 2022-10-30 1243 IK1PMR           59  15    VO2AC            59   02       
QSO:   28565 PH 2022-10-30 1247 IK1PMR           59  15    CX2CC            59   13       
QSO:   28312 PH 2022-10-30 1249 IK1PMR           59  15    V55Y             59   38       
QSO:   28455 PH 2022-10-30 1251 IK1PMR           59  15    ZD7BG            59   36       
QSO:   28459 PH 2022-10-30 1253 IK1PMR           59  15    IR4X             59   15       
QSO:   28378 PH 2022-10-30 1255 IK1PMR           59  15    FR4KR            59   39       
QSO:   28593 PH 2022-10-30 1258 IK1PMR           59  15    RT4G             59   16       
QSO:   28000 PH 2022-10-30 1300 IK1PMR           59  15    W4NF             59   05       
QSO:   21413 PH 2022-10-30 1305 IK1PMR           59  15    EI7M             59   14       
QSO:   21378 PH 2022-10-30 1307 IK1PMR           59  15    SJ2W             59   14       
QSO:   21184 PH 2022-10-30 1309 IK1PMR           59  15    FR4KR            59   39       
QSO:   28766 PH 2022-10-30 1316 IK1PMR           59  15    EI6JK            59   14       
QSO:   28763 PH 2022-10-30 1317 IK1PMR           59  15    W2IRT            59   05       
QSO:   28365 PH 2022-10-30 1324 IK1PMR           59  15    VY2TT            59   05       
QSO:   28326 PH 2022-10-30 1326 IK1PMR           59  15    VC3U             59   04       
QSO:   21375 PH 2022-10-30 1334 IK1PMR           59  15    EW2A             59   16       
QSO:   21277 PH 2022-10-30 1334 IK1PMR           59  15    9A5Y             59   15       
QSO:   28514 PH 2022-10-30 1337 IK1PMR           59  15    RA3OA            59   16       
QSO:   28382 PH 2022-10-30 1341 IK1PMR           59  15    9A9R             59   15       
QSO:   28384 PH 2022-10-30 1342 IK1PMR           59  15    WR2G             59   05       
QSO:   28518 PH 2022-10-30 1343 IK1PMR           59  15    K8GL             59   04       
QSO:   28542 PH 2022-10-30 1344 IK1PMR           59  15    OM5M             59   15       
QSO:   28623 PH 2022-10-30 1346 IK1PMR           59  15    K2XA             59   05       
QSO:   28640 PH 2022-10-30 1346 IK1PMR           59  15    DA0RR            59   14       
QSO:   28700 PH 2022-10-30 1347 IK1PMR           59  15    NN1SS            59   05       
QSO:   28000 PH 2022-10-30 1349 IK1PMR           59  15    HB9TOC           59   14       
QSO:   28761 PH 2022-10-30 1350 IK1PMR           59  15    CQ3W             59   33       
QSO:   28771 PH 2022-10-30 1351 IK1PMR           59  15    VO1CH            59   05       
QSO:   28783 PH 2022-10-30 1354 IK1PMR           59  15    PJ4G             59   09       
QSO:   28888 PH 2022-10-30 1400 IK1PMR           59  15    OL0W             59   15       
QSO:   28891 PH 2022-10-30 1402 IK1PMR           59  15    N5BO             59   05       
QSO:   28895 PH 2022-10-30 1403 IK1PMR           59  15    KS1J             59   05       
QSO:   28000 PH 2022-10-30 1405 IK1PMR           59  15    NW2P             59   05       
QSO:   28806 PH 2022-10-30 1410 IK1PMR           59  15    NA8V             59   04       
QSO:   28718 PH 2022-10-30 1412 IK1PMR           59  15    K0EJ             59   04       
QSO:   28559 PH 2022-10-30 1416 IK1PMR           59  15    K5WA             59   04       
QSO:   28549 PH 2022-10-30 1418 IK1PMR           59  15    HA3LN            59   15       
QSO:   21269 PH 2022-10-30 1426 IK1PMR           59  15    E2A              59   26       
QSO:   14253 PH 2022-10-30 1429 IK1PMR           59  15    7D1C             59   28       
QSO:   14170 PH 2022-10-30 1430 IK1PMR           59  15    HB9OAU           59   14       
QSO:   14218 PH 2022-10-30 1431 IK1PMR           59  15    HZ1TT            59   21       
QSO:   21406 PH 2022-10-30 1434 IK1PMR           59  15    SN5X             59   15       
QSO:   21163 PH 2022-10-30 1439 IK1PMR           59  15    FG5GP            59   08       
QSO:   21426 PH 2022-10-30 1439 IK1PMR           59  15    V47T             59   08       
QSO:   28427 PH 2022-10-30 1442 IK1PMR           59  15    ES9UKR           59   15       
QSO:   28771 PH 2022-10-30 1450 IK1PMR           59  15    J68HZ            59   08       
QSO:   21370 PH 2022-10-30 1453 IK1PMR           59  15    PI4COM           59   14       
QSO:   28731 PH 2022-10-30 1500 IK1PMR           59  15    CO2XN            59   08       
QSO:   21000 PH 2022-10-30 1506 IK1PMR           59  15    5V7RU            59   35       
QSO:   28410 PH 2022-10-30 1510 IK1PMR           59  15    EW5A             59   16       
QSO:   14322 PH 2022-10-30 1514 IK1PMR           59  15    OT7T             59   14       
QSO:   21288 PH 2022-10-30 1517 IK1PMR           59  15    7A2A             59   28       
QSO:   28739 PH 2022-10-30 1522 IK1PMR           59  15    DD2ML            59   14       
QSO:   28517 PH 2022-10-30 1524 IK1PMR           59  15    P40L             59   09       
QSO:   28585 PH 2022-10-30 1524 IK1PMR           59  15    K8AZ             59   04       
QSO:   28615 PH 2022-10-30 1525 IK1PMR           59  15    N2IC             59   04       
QSO:   28625 PH 2022-10-30 1525 IK1PMR           59  15    K1JB             59   05       
QSO:   28700 PH 2022-10-30 1526 IK1PMR           59  15    AK1MD            59   05       
QSO:   28716 PH 2022-10-30 1527 IK1PMR           59  15    VE3EY            59   04       
QSO:   28765 PH 2022-10-30 1528 IK1PMR           59  15    E78WW            59   15       
QSO:   28778 PH 2022-10-30 1529 IK1PMR           59  15    WA3C             59   04       
QSO:   28809 PH 2022-10-30 1531 IK1PMR           59  15    WQ5L             59   04       
QSO:   28819 PH 2022-10-30 1532 IK1PMR           59  15    VA2UR            59   05       
QSO:   28837 PH 2022-10-30 1533 IK1PMR           59  15    AA1ON            59   05       
QSO:   28856 PH 2022-10-30 1534 IK1PMR           59  15    K1WHS            59   05       
QSO:   28860 PH 2022-10-30 1535 IK1PMR           59  15    N2MM             59   05       
QSO:   28900 PH 2022-10-30 1538 IK1PMR           59  15    VA2WA            59   05       
QSO:   28905 PH 2022-10-30 1539 IK1PMR           59  15    AC9S             59   04       
QSO:   28925 PH 2022-10-30 1540 IK1PMR           59  15    N2YO             59   05       
QSO:   28928 PH 2022-10-30 1540 IK1PMR           59  15    N2BJ             59   04       
QSO:   28425 PH 2022-10-30 1541 IK1PMR           59  15    IT9HBT           59   15       
QSO:   28675 PH 2022-10-30 1544 IK1PMR           59  15    GM5X             59   14       
QSO:   28326 PH 2022-10-30 1548 IK1PMR           59  15    FG4KH            59   08       
QSO:   21421 PH 2022-10-30 1553 IK1PMR           59  15    KL7RA            59   01       
QSO:   14188 PH 2022-10-30 1555 IK1PMR           59  15    9K9A             59   21       
QSO:   21213 PH 2022-10-30 1559 IK1PMR           59  15    C4W              59   20       
QSO:   21215 PH 2022-10-30 1600 IK1PMR           59  15    W3LPL            59   05       
QSO:   21419 PH 2022-10-30 1601 IK1PMR           59  15    K4ZW             59   05       
QSO:   21432 PH 2022-10-30 1602 IK1PMR           59  15    N1UR             59   05       
QSO:   21167 PH 2022-10-30 1603 IK1PMR           59  15    CT7/DL6IAK       59   14       
QSO:   21211 PH 2022-10-30 1603 IK1PMR           59  15    N3RS             59   05       
QSO:   28471 PH 2022-10-30 1605 IK1PMR           59  15    K9RS             59   05       
QSO:   28444 PH 2022-10-30 1607 IK1PMR           59  15    K1RX             59   05       
QSO:   28822 PH 2022-10-30 1609 IK1PMR           59  15    K8CX             59   04       
QSO:   14137 PH 2022-10-30 1612 IK1PMR           59  15    MM5AII           59   14       
QSO:   28864 PH 2022-10-30 1627 IK1PMR           59  15    VP5DX            59   08       
QSO:   14319 PH 2022-10-30 1629 IK1PMR           59  15    S57DX            59   15       
QSO:   21293 PH 2022-10-30 1630 IK1PMR           59  15    HA8A             59   15       
QSO:   21386 PH 2022-10-30 1632 IK1PMR           59  15    N7DD             59   03       
QSO:   21253 PH 2022-10-30 1634 IK1PMR           59  15    YT0Z             59   15       
QSO:   28526 PH 2022-10-30 1639 IK1PMR           59  15    HD1A             59   10       
QSO:   21300 PH 2022-10-30 1644 IK1PMR           59  15    KP4PR            59   08       
QSO:   21448 PH 2022-10-30 1645 IK1PMR           59  15    FM5KC            59   08       
QSO:   21334 PH 2022-10-30 1646 IK1PMR           59  15    DL2ARD           59   14       
QSO:   21167 PH 2022-10-30 1647 IK1PMR           59  15    I4JED            59   15       
QSO:   21181 PH 2022-10-30 1704 IK1PMR           59  15    TF1AM            59   40       
QSO:   14000 PH 2022-10-30 1707 IK1PMR           59  15    4X7R             59   20       
QSO:   21355 PH 2022-10-30 1711 IK1PMR           59  15    ES9UKR           59   15       
QSO:   21210 PH 2022-10-30 1713 IK1PMR           59  15    CX7SS            59   13       
QSO:   21186 PH 2022-10-30 1720 IK1PMR           59  15    CO2GG            59   08       
QSO:   21408 PH 2022-10-30 1721 IK1PMR           59  15    HI3T             59   08       
QSO:   28750 PH 2022-10-30 1723 IK1PMR           59  15    YV5IUA           59   09       
QSO:    7058 PH 2022-10-30 1728 IK1PMR           59  15    4Z5UN            59   20       
QSO:    3697 PH 2022-10-30 1732 IK1PMR           59  15    S54I             59   15       
QSO:    3702 PH 2022-10-30 1733 IK1PMR           59  15    PA6DX            59   14       
QSO:    3794 PH 2022-10-30 1735 IK1PMR           59  15    OT4A             59   14       
QSO:    3708 PH 2022-10-30 1744 IK1PMR           59  15    9A3GVJ           59   15       
QSO:    3687 PH 2022-10-30 1747 IK1PMR           59  15    SP6A             59   15       
QSO:    3720 PH 2022-10-30 1748 IK1PMR           59  15    EA3CN            59   14       
QSO:   14166 PH 2022-10-30 1755 IK1PMR           59  15    B7C              59   24       
QSO:   14290 PH 2022-10-30 1802 IK1PMR           59  15    E2A              59   26       
QSO:   14284 PH 2022-10-30 1805 IK1PMR           59  15    DL6FBL           59   14       
QSO:   14333 PH 2022-10-30 1806 IK1PMR           59  15    VE7NY            59   03       
QSO:   14151 PH 2022-10-30 1831 IK1PMR           59  15    K3LR             59   05       
QSO:   14153 PH 2022-10-30 1832 IK1PMR           59  15    WX3B             59   05       
QSO:   14160 PH 2022-10-30 1833 IK1PMR           59  15    K1TTT            59   05       
QSO:   14169 PH 2022-10-30 1834 IK1PMR           59  15    NR3X             59   05       
QSO:   14166 PH 2022-10-30 1834 IK1PMR           59  15    N1UR             59   05       
QSO:   14196 PH 2022-10-30 1835 IK1PMR           59  15    K4AB             59   04       
QSO:   14181 PH 2022-10-30 1837 IK1PMR           59  15    W3PP             59   05       
QSO:   14221 PH 2022-10-30 1838 IK1PMR           59  15    W3LPL            59   05       
QSO:   14134 PH 2022-10-30 1840 IK1PMR           59  15    FM5KC            59   08       
QSO:   14210 PH 2022-10-30 1849 IK1PMR           59  15    YV5NEA           59   09       
QSO:   14113 PH 2022-10-30 1851 IK1PMR           59  15    PJ2T             59   09       
QSO:   14307 PH 2022-10-30 1852 IK1PMR           59  15    E7DX             59   15       
QSO:   14312 PH 2022-10-30 1853 IK1PMR           59  15    K9CT             59   04       
QSO:   14157 PH 2022-10-30 1854 IK1PMR           59  15    KQ2M             59   05       
QSO:   21203 PH 2022-10-30 1855 IK1PMR           59  15    WX3B             59   05       
QSO:   21439 PH 2022-10-30 1856 IK1PMR           59  15    NN3Q             59   05       
QSO:   21426 PH 2022-10-30 1857 IK1PMR           59  15    WB9Z             59   04       
QSO:   21394 PH 2022-10-30 1858 IK1PMR           59  15    W3MA             59   05       
QSO:   21387 PH 2022-10-30 1858 IK1PMR           59  15    N1LN             59   05       
QSO:   21404 PH 2022-10-30 1859 IK1PMR           59  15    W9RE             59   04       
QSO:   21430 PH 2022-10-30 1900 IK1PMR           59  15    W4NF             59   05       
QSO:   21300 PH 2022-10-30 1900 IK1PMR           59  15    N2SR             59   05       
QSO:   21192 PH 2022-10-30 1901 IK1PMR           59  15    XL3T             59   04       
QSO:   21253 PH 2022-10-30 1902 IK1PMR           59  15    VE3EJ            59   04       
QSO:   14191 PH 2022-10-30 1908 IK1PMR           59  15    KL7RA            59   01       
QSO:   14164 PH 2022-10-30 1908 IK1PMR           59  15    W2MKM            59   05       
QSO:    3726 PH 2022-10-30 1933 IK1PMR           59  15    HB9OAU           59   14       
QSO:    3706 PH 2022-10-30 1934 IK1PMR           59  15    DL1NKS           59   14       
QSO:    3605 PH 2022-10-30 1937 IK1PMR           59  15    A44A             59   21       
QSO:    3709 PH 2022-10-30 1939 IK1PMR           59  15    SZ7SER           59   20       
QSO:   14219 PH 2022-10-30 2020 IK1PMR           59  15    IB9T             59   15       
QSO:   14223 PH 2022-10-30 2021 IK1PMR           59  15    LZ5R             59   20       
QSO:   14246 PH 2022-10-30 2021 IK1PMR           59  15    YT5A             59   15       
QSO:   14266 PH 2022-10-30 2022 IK1PMR           59  15    LZ9W             59   20       
QSO:   14180 PH 2022-10-30 2024 IK1PMR           59  15    K2AX             59   05       
QSO:   14205 PH 2022-10-30 2025 IK1PMR           59  15    WS7X             59   05       
QSO:   14132 PH 2022-10-30 2026 IK1PMR           59  15    VA2UR            59   05       
QSO:   14166 PH 2022-10-30 2026 IK1PMR           59  15    N2SR             59   05       
QSO:    3607 PH 2022-10-30 2052 IK1PMR           59  15    ER1BF            59   16       
QSO:    3772 PH 2022-10-30 2053 IK1PMR           59  15    LY4A             59   15       
QSO:    7102 PH 2022-10-30 2115 IK1PMR           59  15    P33W             59   20       
END-OF-LOG:
