START-OF-LOG: 3.0
CONTEST: CQ-WW-SSB
CALLSIGN: SP9MAT
LOCATION: DX
CATEGORY-OPERATOR: SINGLE-OP
CATEGORY-ASSISTED: NON-ASSISTED
CATEGORY-BAND: 20M
CATEGORY-POWER: HIGH
CATEGORY-MODE: SSB
CATEGORY-TRANSMITTER: ONE
CATEGORY-STATION: FIXED
CATEGORY-OVERLAY:
GRID-LOCATOR: KO00AA
CLAIMED-SCORE: 73320
NAME: Bozena Lacheta
OPERATORS: SP9MAT
CREATED-BY: N1MM Logger+ 1.0.9700.0
QSO:   14221 PH 2022-10-29 0721 SP9MAT           59  15    EA7DHT           59   14       
QSO:   14213 PH 2022-10-29 0723 SP9MAT           59  15    TM1K             59   14       
QSO:   14206 PH 2022-10-29 0724 SP9MAT           59  15    SZ3P             59   20       
QSO:   14202 PH 2022-10-29 0725 SP9MAT           59  15    9K9A             59   21       
QSO:   14199 PH 2022-10-29 0727 SP9MAT           59  15    OM0R             59   15       
QSO:   14194 PH 2022-10-29 0729 SP9MAT           59  15    ZP5AA            59   11       
QSO:   14192 PH 2022-10-29 0730 SP9MAT           59  15    TC3X             59   20       
QSO:   14188 PH 2022-10-29 0731 SP9MAT           59  15    II8K             59   15       
QSO:   14167 PH 2022-10-29 0732 SP9MAT           59  15    IB9T             59   15       
QSO:   14175 PH 2022-10-29 0736 SP9MAT           59  15    RT4G             59   16       
QSO:   14177 PH 2022-10-29 0736 SP9MAT           59  15    SO4R             59   15       
QSO:   14180 PH 2022-10-29 0737 SP9MAT           59  15    TC60TRAC         59   20       
QSO:   14187 PH 2022-10-29 0738 SP9MAT           59  15    CN2A             59   33       
QSO:   14204 PH 2022-10-29 0742 SP9MAT           59  15    HA8IB            59   15       
QSO:   14237 PH 2022-10-29 0744 SP9MAT           59  15    TM7A             59   14       
QSO:   14243 PH 2022-10-29 0745 SP9MAT           59  15    EI7M             59   14       
QSO:   14245 PH 2022-10-29 0746 SP9MAT           59  15    F4KJN            59   14       
QSO:   14259 PH 2022-10-29 0747 SP9MAT           59  15    EE7P             59   14       
QSO:   14262 PH 2022-10-29 0747 SP9MAT           59  15    SV1JG            59   20       
QSO:   14269 PH 2022-10-29 0748 SP9MAT           59  15    SV3RPQ           59   20       
QSO:   14273 PH 2022-10-29 0750 SP9MAT           59  15    CR6K             59   14       
QSO:   14275 PH 2022-10-29 0752 SP9MAT           59  15    C37N             59   14       
QSO:   14283 PH 2022-10-29 0753 SP9MAT           59  15    EF5T             59   14       
QSO:   14150 PH 2022-10-29 0758 SP9MAT           59  15    A44A             59   21       
QSO:   14159 PH 2022-10-29 0759 SP9MAT           59  15    OG3B             59   15       
QSO:   14162 PH 2022-10-29 0801 SP9MAT           59  15    EA1BLI           59   14       
QSO:   14187 PH 2022-10-29 0804 SP9MAT           59  15    CN3A             59   33       
QSO:   14197 PH 2022-10-29 0807 SP9MAT           59  15    CE3CT            59   12       
QSO:   14220 PH 2022-10-29 0809 SP9MAT           59  15    EF3R             59   14       
QSO:   14251 PH 2022-10-29 0811 SP9MAT           59  15    PY4RGS           59   11       
QSO:   14265 PH 2022-10-29 0814 SP9MAT           59  15    TF3T             59   40       
QSO:   14281 PH 2022-10-29 0816 SP9MAT           59  15    EE3M             59   14       
QSO:   14246 PH 2022-10-29 0823 SP9MAT           59  15    TM6M             59   14       
QSO:   14234 PH 2022-10-29 0826 SP9MAT           59  15    IO9R             59   15       
QSO:   14222 PH 2022-10-29 0828 SP9MAT           59  15    PY6BA            59   11       
QSO:   14206 PH 2022-10-29 0831 SP9MAT           59  15    PX2A             59   11       
QSO:   14194 PH 2022-10-29 0833 SP9MAT           59  15    F6GPT            59   14       
QSO:   14175 PH 2022-10-29 0834 SP9MAT           59  15    SV1PMH           59   20       
QSO:   14172 PH 2022-10-29 0835 SP9MAT           59  15    SV2DSJ           59   20       
QSO:   14164 PH 2022-10-29 0837 SP9MAT           59  15    M6T              59   14       
QSO:   14159 PH 2022-10-29 0838 SP9MAT           59  15    KL7RA            59   01       
QSO:   14199 PH 2022-10-29 0841 SP9MAT           59  15    CQ8M             59   14       
QSO:   14216 PH 2022-10-29 0845 SP9MAT           59  15    IQ8BB            59   15       
QSO:   14237 PH 2022-10-29 0847 SP9MAT           59  15    F8DVD            59   14       
QSO:   14241 PH 2022-10-29 0849 SP9MAT           59  15    ED8M             59   33       
QSO:   14267 PH 2022-10-29 0850 SP9MAT           59  15    IO9A             59   15       
QSO:   14278 PH 2022-10-29 0852 SP9MAT           59  15    ES9UKR           59   15       
QSO:   14281 PH 2022-10-29 0852 SP9MAT           59  15    LZ1JZ            59   20       
QSO:   14282 PH 2022-10-29 0853 SP9MAT           59  15    F4KLW            59   14       
QSO:   14286 PH 2022-10-29 0855 SP9MAT           59  15    YT5A             59   15       
QSO:   14271 PH 2022-10-29 0857 SP9MAT           59  15    GM5G             59   14       
QSO:   14263 PH 2022-10-29 0859 SP9MAT           59  15    DL6FBL           59   14       
QSO:   14245 PH 2022-10-29 0901 SP9MAT           59  15    IQ0ID            59   15       
QSO:   14205 PH 2022-10-29 0905 SP9MAT           59  15    SX9V             59   20       
QSO:   14185 PH 2022-10-29 0909 SP9MAT           59  15    TC29EKM          59   20       
QSO:   14168 PH 2022-10-29 0912 SP9MAT           59  15    IQ1RF            59   15       
QSO:   14190 PH 2022-10-29 0914 SP9MAT           59  15    SJ2W             59   14       
QSO:   14204 PH 2022-10-29 0916 SP9MAT           59  15    EA5DFV           59   14       
QSO:   14234 PH 2022-10-29 0917 SP9MAT           59  15    GM2T             59   14       
QSO:   14236 PH 2022-10-29 0919 SP9MAT           59  15    GM5X             59   14       
QSO:   14258 PH 2022-10-29 1228 SP9MAT           59  15    CR3A             59   33       
QSO:   14257 PH 2022-10-29 1229 SP9MAT           59  15    LZ9W             59   20       
QSO:   14247 PH 2022-10-29 1230 SP9MAT           59  15    SZ7SER           59   20       
QSO:   14239 PH 2022-10-29 1231 SP9MAT           59  15    LA8HGA           59   14       
QSO:   14237 PH 2022-10-29 1232 SP9MAT           59  15    F6KRK            59   14       
QSO:   14234 PH 2022-10-29 1234 SP9MAT           59  15    W9RE             59   04       
QSO:   14228 PH 2022-10-29 1235 SP9MAT           59  15    OH8L             59   15       
QSO:   14224 PH 2022-10-29 1236 SP9MAT           59  15    OT7T             59   14       
QSO:   14210 PH 2022-10-29 1238 SP9MAT           59  15    UA4M             59   16       
QSO:   14202 PH 2022-10-29 1240 SP9MAT           59  15    IB7B             59   15       
QSO:   14195 PH 2022-10-29 1241 SP9MAT           59  15    5B4AHZ           59   20       
QSO:   14187 PH 2022-10-29 1242 SP9MAT           59  15    EI1E             59   14       
QSO:   14173 PH 2022-10-29 1244 SP9MAT           59  15    IZ8QPA           59   15       
QSO:   14171 PH 2022-10-29 1245 SP9MAT           59  15    EE4Y             59   14       
QSO:   14170 PH 2022-10-29 1246 SP9MAT           59  15    K11LZ            59   05       
QSO:   14158 PH 2022-10-29 1248 SP9MAT           59  15    9H6A             59   15       
QSO:   14156 PH 2022-10-29 1249 SP9MAT           59  15    SZ1A             59   20       
QSO:   14147 PH 2022-10-29 1251 SP9MAT           59  15    LA1K             59   14       
QSO:   14145 PH 2022-10-29 1253 SP9MAT           59  15    YT7B             59   15       
QSO:   14136 PH 2022-10-29 1254 SP9MAT           59  15    LN1K             59   14       
QSO:   14127 PH 2022-10-29 1255 SP9MAT           59  15    IS0GRB           59   15       
QSO:   14117 PH 2022-10-29 1300 SP9MAT           59  15    IZ1OSP           59   15       
QSO:   14123 PH 2022-10-29 1302 SP9MAT           59  15    YM3VBR           59   20       
QSO:   14129 PH 2022-10-29 1304 SP9MAT           59  15    IU3KMF           59   15       
QSO:   14152 PH 2022-10-29 1307 SP9MAT           59  15    WX3B             59   05       
QSO:   14153 PH 2022-10-29 1307 SP9MAT           59  15    IR7R             59   15       
QSO:   14161 PH 2022-10-29 1310 SP9MAT           59  15    F4EMI            59   14       
QSO:   14186 PH 2022-10-29 1313 SP9MAT           59  15    M4T              59   14       
QSO:   14202 PH 2022-10-29 1316 SP9MAT           59  15    LA2D             59   14       
QSO:   14207 PH 2022-10-29 1319 SP9MAT           59  15    YB1DX            59   28       
QSO:   14216 PH 2022-10-29 1321 SP9MAT           59  15    UN0LM            59   17       
QSO:   14220 PH 2022-10-29 1321 SP9MAT           59  15    E2A              59   26       
QSO:   14222 PH 2022-10-29 1322 SP9MAT           59  15    JT5DX            59   23       
QSO:   14227 PH 2022-10-29 1324 SP9MAT           59  15    UI5R             59   16       
QSO:   14236 PH 2022-10-29 1325 SP9MAT           59  15    UA9CDC           59   17       
QSO:   14246 PH 2022-10-29 1327 SP9MAT           59  15    GW5L             59   14       
QSO:   14271 PH 2022-10-29 1330 SP9MAT           59  15    YU7KW            59   15       
QSO:   14283 PH 2022-10-29 1331 SP9MAT           59  15    IK5RLP           59   15       
QSO:   14311 PH 2022-10-29 1333 SP9MAT           59  15    EF1A             59   14       
QSO:   14240 PH 2022-10-29 1341 SP9MAT           59  15    VL4U             59   30       
QSO:   14244 PH 2022-10-29 1342 SP9MAT           59  15    GI7AXB           59   14       
QSO:   14223 PH 2022-10-29 1346 SP9MAT           59  15    LC5R             59   14       
QSO:   14223 PH 2022-10-29 1347 SP9MAT           59  15    RZX3Z            59   16       
QSO:   14223 PH 2022-10-29 1350 SP9MAT           59  15    MW1MDH           59   14       
QSO:   14223 PH 2022-10-29 1351 SP9MAT           59  15    CR5T             59   14       
QSO:   14223 PH 2022-10-29 1354 SP9MAT           59  15    M7DAD            59   14       
QSO:   14223 PH 2022-10-29 1354 SP9MAT           59  15    HB9HJI           59   14       
QSO:   14223 PH 2022-10-29 1357 SP9MAT           59  15    M0ORY            59   14       
QSO:   14223 PH 2022-10-29 1357 SP9MAT           59  15    LN2T             59   14       
QSO:   14223 PH 2022-10-29 1358 SP9MAT           59  15    G7ONL            59   14       
QSO:   14223 PH 2022-10-29 1359 SP9MAT           59  15    DL1GWS           59   14       
QSO:   14192 PH 2022-10-29 1403 SP9MAT           59  15    YB0ECT           59   28       
QSO:   14190 PH 2022-10-29 1404 SP9MAT           59  15    K1TTT            59   05       
QSO:   14170 PH 2022-10-29 1406 SP9MAT           59  15    K1LZ             59   05       
QSO:   14151 PH 2022-10-29 1410 SP9MAT           59  15    K3LR             59   05       
QSO:   14153 PH 2022-10-29 1411 SP9MAT           59  15    LZ1AQ            59   20       
QSO:   14174 PH 2022-10-29 1413 SP9MAT           59  15    IZ1SAI           59   15       
QSO:   14195 PH 2022-10-29 1415 SP9MAT           59  15    HA7A             59   15       
QSO:   14197 PH 2022-10-29 1416 SP9MAT           59  15    HA1AH            59   15       
QSO:   14199 PH 2022-10-29 1417 SP9MAT           59  15    OL8W             59   15       
QSO:   14213 PH 2022-10-29 1418 SP9MAT           59  15    HZ7C             59   21       
QSO:   14216 PH 2022-10-29 1420 SP9MAT           59  15    9A3YT            59   15       
QSO:   14222 PH 2022-10-29 1424 SP9MAT           59  15    HZ1TT            59   21       
QSO:   14243 PH 2022-10-29 1429 SP9MAT           59  15    4X7R             59   20       
QSO:   14260 PH 2022-10-29 1431 SP9MAT           59  15    P29RO            59   28       
QSO:   14265 PH 2022-10-29 1433 SP9MAT           59  15    OZ7X             59   14       
QSO:   14267 PH 2022-10-29 1434 SP9MAT           59  15    OZ5W             59   14       
QSO:   14237 PH 2022-10-29 1441 SP9MAT           59  15    7A2A             59   28       
QSO:   14231 PH 2022-10-29 1447 SP9MAT           59  15    JA7FTR           59   25       
QSO:   14231 PH 2022-10-29 1447 SP9MAT           59  15    F4IZG            59   14       
QSO:   14231 PH 2022-10-29 1454 SP9MAT           59  15    Z33B             59   15       
QSO:   14231 PH 2022-10-29 1455 SP9MAT           59  15    M0KPW            59   14       
QSO:   14231 PH 2022-10-29 1457 SP9MAT           59  15    GM5TDX           59   14       
QSO:   14231 PH 2022-10-29 1459 SP9MAT           59  15    F6AEW            59   14       
QSO:   14231 PH 2022-10-29 1500 SP9MAT           59  15    K6XX             59   03       
QSO:   14231 PH 2022-10-29 1501 SP9MAT           59  15    M0PLA            59   14       
QSO:   14231 PH 2022-10-29 1502 SP9MAT           59  15    IN3HVL           59   15       
QSO:   14231 PH 2022-10-29 1503 SP9MAT           59  15    M3IGN            59   14       
QSO:   14231 PH 2022-10-29 1505 SP9MAT           59  15    M0DSL            59   14       
QSO:   14231 PH 2022-10-29 1506 SP9MAT           59  15    IW0HLZ           59   15       
QSO:   14231 PH 2022-10-29 1507 SP9MAT           59  15    YB4PE            59   28       
QSO:   14231 PH 2022-10-29 1508 SP9MAT           59  15    K1BZM            59   05       
QSO:   14230 PH 2022-10-29 1512 SP9MAT           59  15    UF4N             59   16       
QSO:   14230 PH 2022-10-29 1513 SP9MAT           59  15    YO9HG            59   20       
QSO:   14230 PH 2022-10-29 1513 SP9MAT           59  15    M0OXC            59   14       
QSO:   14230 PH 2022-10-29 1516 SP9MAT           59  15    G3SAD            59   14       
QSO:   14230 PH 2022-10-29 1518 SP9MAT           59  15    F6KMB            59   14       
QSO:   14230 PH 2022-10-29 1520 SP9MAT           59  15    KE0JWW           59   14       
QSO:   14230 PH 2022-10-29 1522 SP9MAT           59  15    EA3JAM           59   14       
QSO:   14230 PH 2022-10-29 1523 SP9MAT           59  15    G4ILP            59   14       
QSO:   14230 PH 2022-10-29 1523 SP9MAT           59  15    DF8V             59   14       
QSO:   14230 PH 2022-10-29 1527 SP9MAT           59  15    SP1ETT           59   15       
QSO:   14230 PH 2022-10-29 1528 SP9MAT           59  15    G1K              59   14       
QSO:   14230 PH 2022-10-29 1529 SP9MAT           59  15    W7RM             59   03       
QSO:   14230 PH 2022-10-29 1530 SP9MAT           59  15    PC1PM            59   14       
QSO:   14230 PH 2022-10-29 1531 SP9MAT           59  15    EA1JCE           59   14       
QSO:   14230 PH 2022-10-29 1532 SP9MAT           59  15    UB4NAL           59   16       
QSO:   14230 PH 2022-10-29 1534 SP9MAT           59  15    PD5ISW           59   14       
QSO:   14230 PH 2022-10-29 1535 SP9MAT           59  15    9A2EU            59   15       
QSO:   14230 PH 2022-10-29 1537 SP9MAT           59  15    M0HHG            59   14       
QSO:   14230 PH 2022-10-29 1537 SP9MAT           59  15    PA4O             59   14       
QSO:   14230 PH 2022-10-29 1538 SP9MAT           59  15    DB7BN            59   14       
QSO:   14230 PH 2022-10-29 1539 SP9MAT           59  15    DL0AJ            59   14       
QSO:   14230 PH 2022-10-29 1539 SP9MAT           59  15    M0TXK            59   14       
QSO:   14230 PH 2022-10-29 1540 SP9MAT           59  15    M0AQM            59   14       
QSO:   14230 PH 2022-10-29 1541 SP9MAT           59  15    M1BXT            59   14       
QSO:   14230 PH 2022-10-29 1541 SP9MAT           59  15    IQ3CO            59   15       
QSO:   14230 PH 2022-10-29 1542 SP9MAT           59  15    DK6EW            59   14       
QSO:   14230 PH 2022-10-29 1543 SP9MAT           59  15    DJ9CN            59   14       
QSO:   14230 PH 2022-10-29 1544 SP9MAT           59  15    TM1D             59   14       
QSO:   14230 PH 2022-10-29 1544 SP9MAT           59  15    GM0VMV           59   14       
QSO:   14230 PH 2022-10-29 1545 SP9MAT           59  15    K7RL             59   03       
QSO:   14230 PH 2022-10-29 1546 SP9MAT           59  15    IQ7TR            59   15       
QSO:   14230 PH 2022-10-29 1547 SP9MAT           59  15    JO4NF            59   20       
QSO:   14230 PH 2022-10-29 1548 SP9MAT           59  15    G4NKV            59   14       
QSO:   14230 PH 2022-10-29 1549 SP9MAT           59  15    K7IU             59   03       
QSO:   14146 PH 2022-10-29 1852 SP9MAT           59  15    OT5X             59   14       
QSO:   14148 PH 2022-10-29 1853 SP9MAT           59  15    EB5A             59   14       
QSO:   14156 PH 2022-10-29 1855 SP9MAT           59  15    K9RS             59   05       
QSO:   14165 PH 2022-10-29 1902 SP9MAT           59  15    W3PP             59   05       
QSO:   14167 PH 2022-10-29 1903 SP9MAT           59  15    K3AJ             59   05       
QSO:   14171 PH 2022-10-29 1905 SP9MAT           59  15    NN1SS            59   05       
QSO:   14174 PH 2022-10-29 1906 SP9MAT           59  15    AB3CX            59   05       
QSO:   14184 PH 2022-10-29 1908 SP9MAT           59  15    N2QV             59   05       
QSO:   14205 PH 2022-10-29 1911 SP9MAT           59  15    Z35T             59   15       
QSO:   14212 PH 2022-10-29 1914 SP9MAT           59  15    II2S             59   15       
QSO:   14227 PH 2022-10-29 1916 SP9MAT           59  15    W2MKM            59   05       
QSO:   14243 PH 2022-10-29 1918 SP9MAT           59  15    WK1O             59   05       
QSO:   14266 PH 2022-10-29 1920 SP9MAT           59  15    WR2G             59   05       
QSO:   14250 PH 2022-10-29 1927 SP9MAT           59  15    HZ1BW            59   21       
QSO:   14199 PH 2022-10-29 1931 SP9MAT           59  15    W3LPL            59   05       
QSO:   14144 PH 2022-10-29 1934 SP9MAT           59  15    VY2TT            59   05       
QSO:   14146 PH 2022-10-29 1934 SP9MAT           59  15    R7KCW            59   16       
QSO:   14158 PH 2022-10-29 1937 SP9MAT           59  15    W2A              59   05       
QSO:   14161 PH 2022-10-29 1938 SP9MAT           59  15    EA9ABC           59   33       
QSO:   14167 PH 2022-10-29 1940 SP9MAT           59  15    W4NF             59   05       
QSO:   14182 PH 2022-10-29 1942 SP9MAT           59  15    OH8X             59   15       
QSO:   14188 PH 2022-10-29 1944 SP9MAT           59  15    FM1HN            59   08       
QSO:   14192 PH 2022-10-29 1945 SP9MAT           59  15    OH1F             59   15       
QSO:   14217 PH 2022-10-29 1948 SP9MAT           59  15    ED7O             59   14       
QSO:   14225 PH 2022-10-29 1949 SP9MAT           59  15    OH2PQ            59   15       
QSO:   14246 PH 2022-10-29 1951 SP9MAT           59  15    OT5A             59   14       
QSO:   14140 PH 2022-10-29 1958 SP9MAT           59  15    VA2WA            59   05       
QSO:   14130 PH 2022-10-29 2000 SP9MAT           59  15    ES3V             59   15       
QSO:   14117 PH 2022-10-29 2001 SP9MAT           59  15    CT1DVV           59   14       
QSO:   14142 PH 2022-10-29 2004 SP9MAT           59  15    PJ0T             59   09       
QSO:   14170 PH 2022-10-29 2011 SP9MAT           59  15    YV5NEA           59   09       
QSO:   14230 PH 2022-10-30 0635 SP9MAT           59  15    F4DAA            59   14       
QSO:   14230 PH 2022-10-30 0636 SP9MAT           59  15    N4WW             59   05       
QSO:   14230 PH 2022-10-30 0637 SP9MAT           59  15    M0MGP            59   14       
QSO:   14230 PH 2022-10-30 0638 SP9MAT           59  15    P33W             59   20       
QSO:   14230 PH 2022-10-30 0638 SP9MAT           59  15    F6KOP            59   14       
QSO:   14230 PH 2022-10-30 0639 SP9MAT           59  15    F5IRP            59   14       
QSO:   14230 PH 2022-10-30 0640 SP9MAT           59  15    G1MHU            59   14       
QSO:   14230 PH 2022-10-30 0641 SP9MAT           59  15    EI9E             59   14       
QSO:   14230 PH 2022-10-30 0643 SP9MAT           59  15    D4Z              59   35       
QSO:   14230 PH 2022-10-30 0644 SP9MAT           59  15    F4AIF            59   14       
QSO:   14230 PH 2022-10-30 0646 SP9MAT           59  15    SV8JVH           59   20       
QSO:   14230 PH 2022-10-30 0646 SP9MAT           59  15    TM3Z             59   14       
QSO:   14230 PH 2022-10-30 0647 SP9MAT           59  15    F6KFV            59   14       
QSO:   14230 PH 2022-10-30 0648 SP9MAT           59  15    M0REG            59   14       
QSO:   14230 PH 2022-10-30 0649 SP9MAT           59  15    EA5EOR           59   14       
QSO:   14230 PH 2022-10-30 0651 SP9MAT           59  15    M4A              59   14       
QSO:   14230 PH 2022-10-30 0652 SP9MAT           59  15    RT4W             59   16       
QSO:   14230 PH 2022-10-30 0653 SP9MAT           59  15    OH6JUM           59   15       
QSO:   14230 PH 2022-10-30 0655 SP9MAT           59  15    IT9BGE           59   15       
QSO:   14230 PH 2022-10-30 0659 SP9MAT           59  15    IU8CEH           59   15       
QSO:   14230 PH 2022-10-30 0701 SP9MAT           59  15    F4GWM            59   14       
QSO:   14230 PH 2022-10-30 0703 SP9MAT           59  15    IT9AQR           59   15       
QSO:   14230 PH 2022-10-30 0704 SP9MAT           59  15    EA3MR            59   14       
QSO:   14230 PH 2022-10-30 0704 SP9MAT           59  15    IZ1GRH           59   15       
QSO:   14230 PH 2022-10-30 0706 SP9MAT           59  15    IW2ENA           59   15       
QSO:   14230 PH 2022-10-30 0706 SP9MAT           59  15    ON5UJ            59   14       
QSO:   14230 PH 2022-10-30 0708 SP9MAT           59  15    IQ2XI            59   15       
QSO:   14230 PH 2022-10-30 0708 SP9MAT           59  15    IZ5VTJ           59   15       
QSO:   14113 PH 2022-10-30 0713 SP9MAT           59  15    M4Y              59   14       
QSO:   14140 PH 2022-10-30 0714 SP9MAT           59  15    IW1CHX           59   15       
QSO:   14167 PH 2022-10-30 0716 SP9MAT           59  15    SJ0X             59   14       
QSO:   14223 PH 2022-10-30 0719 SP9MAT           59  15    IQ4JO            59   15       
QSO:   14308 PH 2022-10-30 0721 SP9MAT           59  15    F5MYK            59   14       
QSO:   14283 PH 2022-10-30 0722 SP9MAT           59  15    TA1ED            59   20       
QSO:   14203 PH 2022-10-30 0727 SP9MAT           59  15    LZ1GU            59   20       
QSO:   14164 PH 2022-10-30 0728 SP9MAT           59  15    J41J             59   20       
QSO:   14137 PH 2022-10-30 0730 SP9MAT           59  15    OR1Z             59   14       
QSO:   14153 PH 2022-10-30 0732 SP9MAT           59  15    EA3CI            59   14       
QSO:   14165 PH 2022-10-30 0733 SP9MAT           59  15    OR7G             59   14       
QSO:   14219 PH 2022-10-30 0736 SP9MAT           59  15    ED1R             59   14       
QSO:   14227 PH 2022-10-30 0737 SP9MAT           59  15    LZ5R             59   20       
QSO:   14240 PH 2022-10-30 0738 SP9MAT           59  15    IO0A             59   15       
QSO:   14288 PH 2022-10-30 0740 SP9MAT           59  15    G7C              59   14       
QSO:   14253 PH 2022-10-30 0742 SP9MAT           59  15    F6HQP            59   14       
QSO:   14224 PH 2022-10-30 0744 SP9MAT           59  15    LX8M             59   14       
QSO:   14182 PH 2022-10-30 0749 SP9MAT           59  15    TM2RJ            59   14       
QSO:   14166 PH 2022-10-30 0752 SP9MAT           59  15    M1U              59   14       
QSO:   14224 PH 2022-10-30 0801 SP9MAT           59  15    IK2DJY           59   15       
QSO:   14224 PH 2022-10-30 0802 SP9MAT           59  15    PA9X             59   14       
QSO:   14224 PH 2022-10-30 0804 SP9MAT           59  15    UT3EV            59   16       
QSO:   14224 PH 2022-10-30 0805 SP9MAT           59  15    PA0AG            59   14       
QSO:   14224 PH 2022-10-30 0806 SP9MAT           59  15    F5SVP            59   14       
QSO:   14224 PH 2022-10-30 0806 SP9MAT           59  15    PH2A             59   14       
QSO:   14224 PH 2022-10-30 0807 SP9MAT           59  15    F4JJS            59   14       
QSO:   14224 PH 2022-10-30 0807 SP9MAT           59  15    IW1RLC           59   15       
QSO:   14224 PH 2022-10-30 0808 SP9MAT           59  15    PE1LDS           59   14       
QSO:   14224 PH 2022-10-30 0809 SP9MAT           59  15    HB9HPO           59   14       
QSO:   14224 PH 2022-10-30 0810 SP9MAT           59  15    F4HRG            59   14       
QSO:   14224 PH 2022-10-30 0812 SP9MAT           59  15    IU2OZU           59   15       
QSO:   14224 PH 2022-10-30 0813 SP9MAT           59  15    IW1BBQ           59   15       
QSO:   14224 PH 2022-10-30 0813 SP9MAT           59  15    F4VSD            59   14       
QSO:   14224 PH 2022-10-30 0814 SP9MAT           59  15    4L4NW            59   21       
QSO:   14224 PH 2022-10-30 0815 SP9MAT           59  15    TK4UT            59   15       
QSO:   14224 PH 2022-10-30 0817 SP9MAT           59  15    PG5FRL           59   14       
QSO:   14224 PH 2022-10-30 0819 SP9MAT           59  15    IW2FUT           59   15       
QSO:   14224 PH 2022-10-30 0821 SP9MAT           59  15    DB1HCL           59   14       
QSO:   14224 PH 2022-10-30 0822 SP9MAT           59  15    HB9CCE           59   14       
QSO:   14224 PH 2022-10-30 0823 SP9MAT           59  15    YM3KZ            59   20       
QSO:   14224 PH 2022-10-30 0825 SP9MAT           59  15    G7FSD            59   14       
QSO:   14224 PH 2022-10-30 0826 SP9MAT           59  15    F4EIH            59   14       
QSO:   14224 PH 2022-10-30 0827 SP9MAT           59  15    PD0MGX           59   14       
QSO:   14224 PH 2022-10-30 0828 SP9MAT           59  15    ON3DV            59   14       
QSO:   14224 PH 2022-10-30 0830 SP9MAT           59  15    F6KAR            59   14       
QSO:   14224 PH 2022-10-30 0831 SP9MAT           59  15    DL3MB            59   14       
QSO:   14224 PH 2022-10-30 0831 SP9MAT           59  15    M6KCI            59   14       
QSO:   14224 PH 2022-10-30 0833 SP9MAT           59  15    SM5LSM           59   14       
QSO:   14224 PH 2022-10-30 0834 SP9MAT           59  15    LA8OM            59   14       
QSO:   14224 PH 2022-10-30 0835 SP9MAT           59  15    RN1AO            59   16       
QSO:   14224 PH 2022-10-30 0835 SP9MAT           59  15    IW0RQJ           59   15       
QSO:   14224 PH 2022-10-30 0836 SP9MAT           59  15    HB9HTF           59   14       
QSO:   14224 PH 2022-10-30 0837 SP9MAT           59  15    M0ACM            59   14       
QSO:   14224 PH 2022-10-30 0837 SP9MAT           59  15    G4UWS            59   14       
QSO:   14224 PH 2022-10-30 0838 SP9MAT           59  15    M0YRC            59   14       
QSO:   14224 PH 2022-10-30 0839 SP9MAT           59  15    7S9A             59   14       
QSO:   14224 PH 2022-10-30 0840 SP9MAT           59  15    PD4BER           59   14       
QSO:   14224 PH 2022-10-30 0840 SP9MAT           59  15    SV1QVY           59   20       
QSO:   14224 PH 2022-10-30 0841 SP9MAT           59  15    IU2ILQ           59   15       
QSO:   14224 PH 2022-10-30 0842 SP9MAT           59  15    S54X             59   15       
QSO:   14224 PH 2022-10-30 0842 SP9MAT           59  15    LX1FF            59   14       
QSO:   14224 PH 2022-10-30 0843 SP9MAT           59  15    LA1SDX           59   14       
QSO:   14224 PH 2022-10-30 0843 SP9MAT           59  15    PA3MET           59   14       
QSO:   14224 PH 2022-10-30 0844 SP9MAT           59  15    F5TFW            59   14       
QSO:   14224 PH 2022-10-30 0845 SP9MAT           59  15    LZ2FP            59   20       
QSO:   14224 PH 2022-10-30 0845 SP9MAT           59  15    LZ8GT            59   20       
QSO:   14224 PH 2022-10-30 0846 SP9MAT           59  15    PA2GDR           59   14       
QSO:   14224 PH 2022-10-30 0846 SP9MAT           59  15    9A9D             59   15       
QSO:   14224 PH 2022-10-30 0847 SP9MAT           59  15    M0HFC            59   14       
QSO:   14224 PH 2022-10-30 0847 SP9MAT           59  15    F4BIT            59   14       
QSO:   14224 PH 2022-10-30 0848 SP9MAT           59  15    OU2P             59   14       
QSO:   14224 PH 2022-10-30 0848 SP9MAT           59  15    EA1DHB           59   14       
QSO:   14224 PH 2022-10-30 0849 SP9MAT           59  15    DK8R             59   14       
QSO:   14224 PH 2022-10-30 0850 SP9MAT           59  15    LC9S             59   14       
QSO:   14224 PH 2022-10-30 0850 SP9MAT           59  15    S52ON            59   15       
QSO:   14224 PH 2022-10-30 0851 SP9MAT           59  15    M1VPN            59   14       
QSO:   14224 PH 2022-10-30 0851 SP9MAT           59  15    PD5S             59   14       
QSO:   14224 PH 2022-10-30 0852 SP9MAT           59  15    LX1GQ            59   14       
QSO:   14224 PH 2022-10-30 0853 SP9MAT           59  15    HB9IQB           59   14       
QSO:   14224 PH 2022-10-30 0854 SP9MAT           59  15    PA0B             59   14       
QSO:   14224 PH 2022-10-30 0855 SP9MAT           59  15    IK2JTS           59   15       
QSO:   14224 PH 2022-10-30 0856 SP9MAT           59  15    F4CZV            59   14       
QSO:   14224 PH 2022-10-30 0856 SP9MAT           59  15    HB2C             59   14       
QSO:   14224 PH 2022-10-30 0857 SP9MAT           59  15    OZ4HQ            59   14       
QSO:   14224 PH 2022-10-30 0858 SP9MAT           59  15    IK3SSW           59   15       
QSO:   14224 PH 2022-10-30 0900 SP9MAT           59  15    PB0ACU           59   14       
QSO:   14224 PH 2022-10-30 0901 SP9MAT           59  15    DB1WT            59   14       
QSO:   14224 PH 2022-10-30 0903 SP9MAT           59  15    IU2IJD           59   15       
QSO:   14224 PH 2022-10-30 0903 SP9MAT           59  15    F5MSC            59   14       
QSO:   14224 PH 2022-10-30 0904 SP9MAT           59  15    S55NN            59   15       
QSO:   14224 PH 2022-10-30 0905 SP9MAT           59  15    M0MPM            59   14       
QSO:   14224 PH 2022-10-30 0906 SP9MAT           59  15    IU3MEY           59   15       
QSO:   14224 PH 2022-10-30 0906 SP9MAT           59  15    IZ5CMC           59   15       
QSO:   14224 PH 2022-10-30 0907 SP9MAT           59  15    LA3BPA           59   14       
QSO:   14224 PH 2022-10-30 0908 SP9MAT           59  15    ON3AR            59   14       
QSO:   14224 PH 2022-10-30 0911 SP9MAT           59  15    2E0VCC           59   14       
QSO:   14224 PH 2022-10-30 0911 SP9MAT           59  15    F4FJZ            59   14       
QSO:   14224 PH 2022-10-30 0912 SP9MAT           59  15    DK1YH            59   14       
QSO:   14224 PH 2022-10-30 0912 SP9MAT           59  15    DG1RS            59   14       
QSO:   14224 PH 2022-10-30 0913 SP9MAT           59  15    YO4AR            59   20       
QSO:   14224 PH 2022-10-30 0913 SP9MAT           59  15    G9P              59   14       
QSO:   14224 PH 2022-10-30 0914 SP9MAT           59  15    IZ0UJY           59   15       
QSO:   14224 PH 2022-10-30 0915 SP9MAT           59  15    F5FIP            59   14       
QSO:   14224 PH 2022-10-30 0917 SP9MAT           59  15    EI9IKB           59   14       
QSO:   14224 PH 2022-10-30 0918 SP9MAT           59  15    PF1MO            59   14       
QSO:   14224 PH 2022-10-30 0918 SP9MAT           59  15    DB5PJ            59   14       
QSO:   14224 PH 2022-10-30 0920 SP9MAT           59  15    TM1Q             59   14       
QSO:   14224 PH 2022-10-30 0920 SP9MAT           59  15    DL1CG            59   14       
QSO:   14224 PH 2022-10-30 0923 SP9MAT           59  15    PA3GVQ           59   14       
QSO:   14224 PH 2022-10-30 0924 SP9MAT           59  15    PE1EWR           59   14       
QSO:   14224 PH 2022-10-30 0926 SP9MAT           59  15    IW0SAG           59   15       
QSO:   14224 PH 2022-10-30 0926 SP9MAT           59  15    IQ2MI            59   15       
QSO:   14224 PH 2022-10-30 0926 SP9MAT           59  15    DG1DPN           59   14       
QSO:   14224 PH 2022-10-30 0927 SP9MAT           59  15    PC2L             59   14       
QSO:   14224 PH 2022-10-30 0927 SP9MAT           59  15    IZ2BKA           59   15       
QSO:   14224 PH 2022-10-30 0928 SP9MAT           59  15    PI4CC            59   14       
QSO:   14224 PH 2022-10-30 0928 SP9MAT           59  15    DL2OHL           59   14       
QSO:   14224 PH 2022-10-30 0929 SP9MAT           59  15    IU4NGP           59   15       
QSO:   14224 PH 2022-10-30 0930 SP9MAT           59  15    G0UKZ            59   14       
QSO:   14224 PH 2022-10-30 0931 SP9MAT           59  15    PA9M             59   14       
QSO:   14224 PH 2022-10-30 0932 SP9MAT           59  15    EA3IND           59   14       
QSO:   14224 PH 2022-10-30 0932 SP9MAT           59  15    DL5JS            59   14       
QSO:   14224 PH 2022-10-30 0935 SP9MAT           59  15    TM9C             59   14       
QSO:   14224 PH 2022-10-30 0936 SP9MAT           59  15    IQ3TN            59   15       
QSO:   14224 PH 2022-10-30 0937 SP9MAT           59  15    EA2XR            59   14       
QSO:   14224 PH 2022-10-30 0938 SP9MAT           59  15    SV9JI            59   20       
QSO:   14224 PH 2022-10-30 0938 SP9MAT           59  15    DL4ABR           59   14       
QSO:   14224 PH 2022-10-30 0939 SP9MAT           59  15    LA0GE            59   14       
QSO:   14224 PH 2022-10-30 0940 SP9MAT           59  15    R3TE             59   16       
QSO:   14224 PH 2022-10-30 0940 SP9MAT           59  15    DG9SEH           59   14       
QSO:   14224 PH 2022-10-30 0941 SP9MAT           59  15    DK9BM            59   14       
QSO:   14224 PH 2022-10-30 0942 SP9MAT           59  15    PA3CJP           59   14       
QSO:   14224 PH 2022-10-30 0943 SP9MAT           59  15    IS0ANU           59   15       
QSO:   14224 PH 2022-10-30 0943 SP9MAT           59  15    I3MTM            59   15       
QSO:   14224 PH 2022-10-30 0945 SP9MAT           59  15    IU4MTY           59   15       
QSO:   14224 PH 2022-10-30 0945 SP9MAT           59  15    DH8DR            59   14       
QSO:   14224 PH 2022-10-30 0945 SP9MAT           59  15    G4R              59   14       
QSO:   14224 PH 2022-10-30 0946 SP9MAT           59  15    PD3RL            59   14       
QSO:   14224 PH 2022-10-30 0946 SP9MAT           59  15    G4P              59   14       
QSO:   14224 PH 2022-10-30 0948 SP9MAT           59  15    DF5FT            59   14       
QSO:   14224 PH 2022-10-30 0949 SP9MAT           59  15    MW0KMS           59   14       
QSO:   14224 PH 2022-10-30 0950 SP9MAT           59  15    M0NVK            59   14       
QSO:   14224 PH 2022-10-30 0951 SP9MAT           59  15    F4GTT            59   14       
QSO:   14224 PH 2022-10-30 0952 SP9MAT           59  15    EA7TS            59   14       
QSO:   14224 PH 2022-10-30 0953 SP9MAT           59  15    IS0AGY           59   15       
QSO:   14224 PH 2022-10-30 0956 SP9MAT           59  15    SP9DLS           59   15       
QSO:   14224 PH 2022-10-30 0957 SP9MAT           59  15    LA7WRA           59   14       
QSO:   14224 PH 2022-10-30 0957 SP9MAT           59  15    ON7BBR           59   14       
QSO:   14224 PH 2022-10-30 0958 SP9MAT           59  15    DL5AWE           59   14       
QSO:   14224 PH 2022-10-30 0959 SP9MAT           59  15    F1RHS            59   14       
QSO:   14224 PH 2022-10-30 0959 SP9MAT           59  15    I3UK             59   15       
QSO:   14224 PH 2022-10-30 1000 SP9MAT           59  15    YO7HBY           59   20       
QSO:   14224 PH 2022-10-30 1001 SP9MAT           59  15    IZ3ZOO           59   15       
QSO:   14224 PH 2022-10-30 1002 SP9MAT           59  15    IK2CYC           59   15       
QSO:   14224 PH 2022-10-30 1003 SP9MAT           59  15    PA3EOU           59   14       
QSO:   14224 PH 2022-10-30 1004 SP9MAT           59  15    DA0T             59   14       
QSO:   14224 PH 2022-10-30 1004 SP9MAT           59  15    IU4DAF           59   15       
QSO:   14224 PH 2022-10-30 1005 SP9MAT           59  15    DL8UV            59   14       
QSO:   14224 PH 2022-10-30 1006 SP9MAT           59  15    PE1KWH           59   14       
QSO:   14224 PH 2022-10-30 1007 SP9MAT           59  15    IU3QNT           59   15       
QSO:   14224 PH 2022-10-30 1009 SP9MAT           59  15    DF3QL            59   14       
QSO:   14224 PH 2022-10-30 1009 SP9MAT           59  15    DD1ZA            59   14       
QSO:   14224 PH 2022-10-30 1010 SP9MAT           59  15    DP6T             59   14       
QSO:   14224 PH 2022-10-30 1011 SP9MAT           59  15    F6DRP            59   14       
QSO:   14224 PH 2022-10-30 1011 SP9MAT           59  15    PE2K             59   14       
QSO:   14224 PH 2022-10-30 1012 SP9MAT           59  15    PD1AT            59   14       
QSO:   14224 PH 2022-10-30 1013 SP9MAT           59  15    PD2TW            59   14       
QSO:   14224 PH 2022-10-30 1013 SP9MAT           59  15    IK3TCK           59   15       
QSO:   14224 PH 2022-10-30 1014 SP9MAT           59  15    PC3M             59   14       
QSO:   14224 PH 2022-10-30 1015 SP9MAT           59  15    SP9QBA           59   15       
QSO:   14224 PH 2022-10-30 1018 SP9MAT           59  15    DK8ZZ            59   14       
QSO:   14224 PH 2022-10-30 1020 SP9MAT           59  15    LY0NAS           59   15       
QSO:   14224 PH 2022-10-30 1021 SP9MAT           59  15    PA3CGJ           59   14       
QSO:   14224 PH 2022-10-30 1021 SP9MAT           59  15    M0CQL            59   14       
QSO:   14224 PH 2022-10-30 1022 SP9MAT           59  15    DF3XN            59   14       
QSO:   14224 PH 2022-10-30 1023 SP9MAT           59  15    F4IFN            59   14       
QSO:   14224 PH 2022-10-30 1024 SP9MAT           59  15    G2X              59   14       
QSO:   14224 PH 2022-10-30 1025 SP9MAT           59  15    SE6K             59   14       
QSO:   14224 PH 2022-10-30 1025 SP9MAT           59  15    F4KIY            59   14       
QSO:   14224 PH 2022-10-30 1026 SP9MAT           59  15    G1SCT            59   14       
QSO:   14224 PH 2022-10-30 1026 SP9MAT           59  15    IV3WMS           59   15       
QSO:   14224 PH 2022-10-30 1027 SP9MAT           59  15    DL1RTO           59   14       
QSO:   14224 PH 2022-10-30 1027 SP9MAT           59  15    M3AWD            59   14       
QSO:   14224 PH 2022-10-30 1028 SP9MAT           59  15    DD3JN            59   14       
QSO:   14224 PH 2022-10-30 1028 SP9MAT           59  15    DL3ABY           59   14       
QSO:   14224 PH 2022-10-30 1029 SP9MAT           59  15    DK4VW            59   14       
QSO:   14224 PH 2022-10-30 1029 SP9MAT           59  15    PA3DTR           59   14       
QSO:   14224 PH 2022-10-30 1030 SP9MAT           59  15    DF2AJ            59   14       
QSO:   14224 PH 2022-10-30 1030 SP9MAT           59  15    DR0W             59   14       
QSO:   14224 PH 2022-10-30 1030 SP9MAT           59  15    M7XTT            59   14       
QSO:   14224 PH 2022-10-30 1031 SP9MAT           59  15    EI6KW            59   14       
QSO:   14224 PH 2022-10-30 1031 SP9MAT           59  15    YL7X             59   15       
QSO:   14224 PH 2022-10-30 1032 SP9MAT           59  15    ES1TAR           59   15       
QSO:   14224 PH 2022-10-30 1033 SP9MAT           59  15    OK1K             59   15       
QSO:   14224 PH 2022-10-30 1033 SP9MAT           59  15    DH99DX/P         59   14       
QSO:   14224 PH 2022-10-30 1034 SP9MAT           59  15    IN3ENN           59   15       
QSO:   14224 PH 2022-10-30 1035 SP9MAT           59  15    IN3RWF           59   15       
QSO:   14224 PH 2022-10-30 1035 SP9MAT           59  15    PI4D             59   14       
QSO:   14224 PH 2022-10-30 1036 SP9MAT           59  15    PG2AA            59   14       
QSO:   14224 PH 2022-10-30 1407 SP9MAT           59  15    IK2OLJ           59   15       
QSO:   14170 PH 2022-10-30 1415 SP9MAT           59  15    HB9OAU           59   14       
QSO:   14173 PH 2022-10-30 1417 SP9MAT           59  15    TF1AM            59   40       
QSO:   14233 PH 2022-10-30 1420 SP9MAT           59  15    EI5KG            59   14       
QSO:   14341 PH 2022-10-30 1424 SP9MAT           59  15    UZ0U             59   16       
QSO:   14147 PH 2022-10-30 1434 SP9MAT           59  15    IZ2ZQP           59   15       
QSO:   14152 PH 2022-10-30 1435 SP9MAT           59  15    EU2F             59   16       
QSO:   14162 PH 2022-10-30 1439 SP9MAT           59  15    DK7R             59   14       
QSO:   14167 PH 2022-10-30 1441 SP9MAT           59  15    IU4FIT           59   15       
QSO:   14191 PH 2022-10-30 1444 SP9MAT           59  15    YM7KA            59   20       
QSO:   14198 PH 2022-10-30 1449 SP9MAT           59  15    9M8DEN           59   28       
QSO:   14202 PH 2022-10-30 1450 SP9MAT           59  15    YI1WWA           59   21       
QSO:   14203 PH 2022-10-30 1451 SP9MAT           59  15    UP0L             59   17       
QSO:   14229 PH 2022-10-30 1455 SP9MAT           59  15    YB8IBD           59   28       
QSO:   14229 PH 2022-10-30 1457 SP9MAT           59  15    UA4FX            59   16       
QSO:   14229 PH 2022-10-30 1500 SP9MAT           59  15    M0DMA            59   14       
QSO:   14229 PH 2022-10-30 1503 SP9MAT           59  15    JH6QFJ           59   25       
QSO:   14229 PH 2022-10-30 1504 SP9MAT           59  15    PE1MCF           59   14       
QSO:   14229 PH 2022-10-30 1506 SP9MAT           59  15    PC2T             59   14       
QSO:   14229 PH 2022-10-30 1507 SP9MAT           59  15    TC3EC            59   20       
QSO:   14229 PH 2022-10-30 1507 SP9MAT           59  15    TA0TA            59   20       
QSO:   14229 PH 2022-10-30 1508 SP9MAT           59  15    YB0NSI           59   28       
QSO:   14229 PH 2022-10-30 1509 SP9MAT           59  15    YB2MM            59   28       
QSO:   14229 PH 2022-10-30 1513 SP9MAT           59  15    PD7K             59   14       
QSO:   14229 PH 2022-10-30 1514 SP9MAT           59  15    R1ZM             59   16       
QSO:   14229 PH 2022-10-30 1515 SP9MAT           59  15    IQ4CT            59   15       
QSO:   14229 PH 2022-10-30 1517 SP9MAT           59  15    LZ6DV            59   20       
QSO:   14230 PH 2022-10-30 1522 SP9MAT           59  15    IZ7CDE/P         59   15       
QSO:   14236 PH 2022-10-30 1534 SP9MAT           59  15    IK1TTD           59   15       
QSO:   14245 PH 2022-10-30 1536 SP9MAT           59  15    DF0HQ            59   14       
QSO:   14277 PH 2022-10-30 1539 SP9MAT           59  15    TA4J             59   20       
QSO:   14279 PH 2022-10-30 1540 SP9MAT           59  15    LZ6Y             59   20       
QSO:   14299 PH 2022-10-30 1542 SP9MAT           59  15    PI4RS            59   14       
QSO:   14316 PH 2022-10-30 1545 SP9MAT           59  15    RM3DA            59   16       
QSO:   14327 PH 2022-10-30 1546 SP9MAT           59  15    OL9Z             59   15       
QSO:   14332 PH 2022-10-30 1551 SP9MAT           59  15    YE9BJM           59   28       
QSO:   14345 PH 2022-10-30 1553 SP9MAT           59  15    ZM4T             59   32       
QSO:   14113 PH 2022-10-30 1558 SP9MAT           59  15    HS5NMF           59   26       
QSO:   14133 PH 2022-10-30 1600 SP9MAT           59  15    OG2X             59   15       
QSO:   14145 PH 2022-10-30 1604 SP9MAT           59  15    V85RH            59   28       
QSO:   14155 PH 2022-10-30 1605 SP9MAT           59  15    HZ1TL            59   21       
QSO:   14157 PH 2022-10-30 1609 SP9MAT           59  15    HS1LCI           59   26       
QSO:   14171 PH 2022-10-30 1611 SP9MAT           59  15    7A1A             59   28       
QSO:   14181 PH 2022-10-30 1614 SP9MAT           59  15    J42I             59   20       
QSO:   14186 PH 2022-10-30 1615 SP9MAT           59  15    VJ4K             59   30       
QSO:   14199 PH 2022-10-30 1620 SP9MAT           59  15    VU2IBI           59   22       
QSO:   14202 PH 2022-10-30 1621 SP9MAT           59  15    DF9XV            59   14       
QSO:   14124 PH 2022-10-30 1735 SP9MAT           59  15    ED2R             59   14       
QSO:   14182 PH 2022-10-30 1744 SP9MAT           59  15    K1CC             59   05       
QSO:   14215 PH 2022-10-30 1750 SP9MAT           59  15    VA3MLV           59   04       
QSO:   14221 PH 2022-10-30 1751 SP9MAT           59  15    N9RV             59   04       
QSO:   14261 PH 2022-10-30 1754 SP9MAT           59  15    HG6N             59   15       
QSO:   14266 PH 2022-10-30 1755 SP9MAT           59  15    RU1A             59   16       
QSO:   14269 PH 2022-10-30 1756 SP9MAT           59  15    AA1ON            59   05       
QSO:   14281 PH 2022-10-30 1758 SP9MAT           59  15    W7WA             59   03       
QSO:   14318 PH 2022-10-30 1800 SP9MAT           59  15    S57DX            59   15       
QSO:   14323 PH 2022-10-30 1801 SP9MAT           59  15    KJ4QHL           59   05       
QSO:   14342 PH 2022-10-30 1803 SP9MAT           59  15    OM7M             59   15       
QSO:   14340 PH 2022-10-30 1804 SP9MAT           59  15    V26B             59   08       
QSO:   14335 PH 2022-10-30 1806 SP9MAT           59  15    LY4A             59   15       
QSO:   14333 PH 2022-10-30 1807 SP9MAT           59  15    VE7NY            59   03       
QSO:   14305 PH 2022-10-30 1810 SP9MAT           59  15    9A7A             59   15       
QSO:   14265 PH 2022-10-30 1815 SP9MAT           59  15    UW5Y             59   16       
QSO:   14194 PH 2022-10-30 1823 SP9MAT           59  15    R3RZ             59   16       
QSO:   14172 PH 2022-10-30 1825 SP9MAT           59  15    HG5A             59   15       
QSO:   14169 PH 2022-10-30 1827 SP9MAT           59  15    NR3X             59   05       
QSO:   14166 PH 2022-10-30 1828 SP9MAT           59  15    N1UR             59   05       
QSO:   14158 PH 2022-10-30 1829 SP9MAT           59  15    K1KI             59   05       
QSO:   14155 PH 2022-10-30 1830 SP9MAT           59  15    CT3KN            59   33       
QSO:   14134 PH 2022-10-30 1833 SP9MAT           59  15    FM5KC            59   08       
QSO:   14118 PH 2022-10-30 1835 SP9MAT           59  15    PJ2T             59   09       
END-OF-LOG:
