START-OF-LOG: 3.0
CONTEST: CQ-WW-SSB
CALLSIGN: UT0U
LOCATION: DX
CATEGORY-OPERATOR: SINGLE-OP
CATEGORY-ASSISTED: ASSISTED
CATEGORY-BAND: ALL
CATEGORY-POWER: HIGH
CATEGORY-MODE: SSB
CATEGORY-TRANSMITTER: ONE
CATEGORY-STATION: FIXED
CATEGORY-OVERLAY:
GRID-LOCATOR:
CLAIMED-SCORE: 335622
NAME:
OPERATORS: UT5UDX
CLUB: UKRAINIAN CONTEST CLUB
CREATED-BY: N1MM Logger+ 1.0.9635.0
QSO:   14234 PH 2022-10-29 0609 UT0U             59  16    IO9R             59   15       
QSO:   14252 PH 2022-10-29 0611 UT0U             59  16    VJ2W             59   30       
QSO:   14268 PH 2022-10-29 0612 UT0U             59  16    WP3C             59   08       
QSO:   14187 PH 2022-10-29 0612 UT0U             59  16    CN3A             59   33       
QSO:   14310 PH 2022-10-29 0613 UT0U             59  16    ED3X             59   14       
QSO:   14125 PH 2022-10-29 0613 UT0U             59  16    3V8SS            59   33       
QSO:   14185 PH 2022-10-29 0614 UT0U             59  16    KL7RA            59   01       
QSO:   14142 PH 2022-10-29 0615 UT0U             59  16    VK2M             59   30       
QSO:   21220 PH 2022-10-29 0619 UT0U             59  16    JJ2JML           59   25       
QSO:   21220 PH 2022-10-29 0619 UT0U             59  16    HL2WA            59   25       
QSO:   21220 PH 2022-10-29 0619 UT0U             59  16    JH1EAQ           59   25       
QSO:   21220 PH 2022-10-29 0620 UT0U             59  16    JL3MCM           59   25       
QSO:   21220 PH 2022-10-29 0621 UT0U             59  16    JA2HYD           59   25       
QSO:   21220 PH 2022-10-29 0622 UT0U             59  16    JA7NVF           59   25       
QSO:   21220 PH 2022-10-29 0623 UT0U             59  16    JA8IJI           59   25       
QSO:   21220 PH 2022-10-29 0623 UT0U             59  16    4X1ST            59   20       
QSO:   21220 PH 2022-10-29 0624 UT0U             59  16    JF2VAX           59   25       
QSO:   21209 PH 2022-10-29 0626 UT0U             59  16    E2A              59   26       
QSO:   21201 PH 2022-10-29 0627 UT0U             59  16    9N7AA            59   22       
QSO:   21240 PH 2022-10-29 0628 UT0U             59  16    A44A             59   21       
QSO:   21429 PH 2022-10-29 0628 UT0U             59  16    UN4L             59   17       
QSO:   21302 PH 2022-10-29 0629 UT0U             59  16    B7P              59   24       
QSO:   21333 PH 2022-10-29 0629 UT0U             59  16    AH2R             59   27       
QSO:   21209 PH 2022-10-29 0631 UT0U             59  16    C4W              59   20       
QSO:   21336 PH 2022-10-29 0631 UT0U             59  16    UP0L             59   17       
QSO:   21352 PH 2022-10-29 0632 UT0U             59  16    P33W             59   20       
QSO:   28530 PH 2022-10-29 0635 UT0U             59  16    E2A              59   26       
QSO:   28358 PH 2022-10-29 0635 UT0U             59  16    JT5DX            59   23       
QSO:   28444 PH 2022-10-29 0635 UT0U             59  16    A44A             59   21       
QSO:   21399 PH 2022-10-29 0638 UT0U             59  16    V85RH            59   28       
QSO:   21370 PH 2022-10-29 0639 UT0U             59  16    EY8BA            59   17       
QSO:   21220 PH 2022-10-29 0641 UT0U             59  16    JA1IAZ           59   25       
QSO:   21220 PH 2022-10-29 0642 UT0U             59  16    JH0NEC           59   25       
QSO:   21220 PH 2022-10-29 0642 UT0U             59  16    BI4WRI           59   24       
QSO:   21220 PH 2022-10-29 0642 UT0U             59  16    JA7QVI           59   25       
QSO:   21220 PH 2022-10-29 0643 UT0U             59  16    JJ1VJQ           59   25       
QSO:   21220 PH 2022-10-29 0643 UT0U             59  16    ED7O             59   14       
QSO:   21220 PH 2022-10-29 0644 UT0U             59  16    JK1OLT           59   25       
QSO:   21220 PH 2022-10-29 0644 UT0U             59  16    JA6GCE           59   25       
QSO:   21220 PH 2022-10-29 0644 UT0U             59  16    UN3J             59   17       
QSO:   21325 PH 2022-10-29 0646 UT0U             59  16    JT5DX            59   23       
QSO:   14142 PH 2022-10-29 0648 UT0U             59  16    PY5AMF           59   11       
QSO:   14142 PH 2022-10-29 0649 UT0U             59  16    M0KPD            59   14       
QSO:   14142 PH 2022-10-29 0651 UT0U             59  16    M0OIA            59   14       
QSO:   14142 PH 2022-10-29 0651 UT0U             59  16    F8DVD            59   14       
QSO:   14142 PH 2022-10-29 0652 UT0U             59  16    G7SXR            59   14       
QSO:   14142 PH 2022-10-29 0653 UT0U             59  16    G7NIB            59   14       
QSO:   14142 PH 2022-10-29 0653 UT0U             59  16    G2X              59   14       
QSO:   14142 PH 2022-10-29 0653 UT0U             59  16    F8KHN            59   14       
QSO:   14142 PH 2022-10-29 0654 UT0U             59  16    EI4IDB/QRP       59   14       
QSO:   14142 PH 2022-10-29 0654 UT0U             59  16    VL2B             59   30       
QSO:   14142 PH 2022-10-29 0655 UT0U             59  16    ON6VOX           59   14       
QSO:   14142 PH 2022-10-29 0655 UT0U             59  16    G4P              59   14       
QSO:   14142 PH 2022-10-29 0656 UT0U             59  16    IU2JYV           59   15       
QSO:   14142 PH 2022-10-29 0657 UT0U             59  16    I2OLV            59   15       
QSO:   14142 PH 2022-10-29 0657 UT0U             59  16    G4R              59   14       
QSO:   21350 PH 2022-10-29 0700 UT0U             59  16    JA3YBK           59   25       
QSO:   21396 PH 2022-10-29 0700 UT0U             59  16    BA3MM            59   24       
QSO:   21236 PH 2022-10-29 0701 UT0U             59  16    JR3RIY           59   25       
QSO:   21431 PH 2022-10-29 0701 UT0U             59  16    BD4RWR           59   24       
QSO:   21174 PH 2022-10-29 0702 UT0U             59  16    JH4UTP           59   25       
QSO:   21220 PH 2022-10-29 0703 UT0U             59  16    BD3CB            59   24       
QSO:   21220 PH 2022-10-29 0704 UT0U             59  16    JR4DAH           59   25       
QSO:   21220 PH 2022-10-29 0705 UT0U             59  16    JH3CUL           59   25       
QSO:   21220 PH 2022-10-29 0706 UT0U             59  16    JA7GFN           59   25       
QSO:   21220 PH 2022-10-29 0706 UT0U             59  16    JE6DNN           59   25       
QSO:   21220 PH 2022-10-29 0707 UT0U             59  16    JH1HIC           59   25       
QSO:   21220 PH 2022-10-29 0707 UT0U             59  16    JG7AFV           59   25       
QSO:   21220 PH 2022-10-29 0710 UT0U             59  16    JG7AMD           59   25       
QSO:   21220 PH 2022-10-29 0710 UT0U             59  16    JA2QQC           59   25       
QSO:   21220 PH 2022-10-29 0711 UT0U             59  16    JH3EQG           59   25       
QSO:   21220 PH 2022-10-29 0712 UT0U             59  16    JP1IXV           59   25       
QSO:   21220 PH 2022-10-29 0712 UT0U             59  16    JS1KQQ           59   25       
QSO:   21220 PH 2022-10-29 0712 UT0U             59  16    JE1CPB           59   25       
QSO:   21220 PH 2022-10-29 0713 UT0U             59  16    4Z5ML            59   20       
QSO:   21220 PH 2022-10-29 0713 UT0U             59  16    JF3BFS           59   25       
QSO:   21220 PH 2022-10-29 0714 UT0U             59  16    JJ2CJB           59   25       
QSO:   21220 PH 2022-10-29 0715 UT0U             59  16    BG3JLY           59   23       
QSO:   21220 PH 2022-10-29 0715 UT0U             59  16    B1Z              59   24       
QSO:   21220 PH 2022-10-29 0715 UT0U             59  16    7K4XNN           59   25       
QSO:   21220 PH 2022-10-29 0715 UT0U             59  16    JA6HZN           59   25       
QSO:   21220 PH 2022-10-29 0716 UT0U             59  16    JS1OYN           59   25       
QSO:   21220 PH 2022-10-29 0717 UT0U             59  16    BG4UQX           59   24       
QSO:   21220 PH 2022-10-29 0718 UT0U             59  16    JA1NFD           59   25       
QSO:   21220 PH 2022-10-29 0718 UT0U             59  16    ED5A             59   14       
QSO:   21220 PH 2022-10-29 0719 UT0U             59  16    JF9JTS           59   25       
QSO:   21220 PH 2022-10-29 0720 UT0U             59  16    BY0AB            59   23       
QSO:   21220 PH 2022-10-29 0721 UT0U             59  16    BI8AM            59   24       
QSO:   21220 PH 2022-10-29 0721 UT0U             59  16    JA6MWW           59   25       
QSO:   21220 PH 2022-10-29 0722 UT0U             59  16    BH8MDV           59   24       
QSO:   21220 PH 2022-10-29 0723 UT0U             59  16    JL2ZHU           59   25       
QSO:   21220 PH 2022-10-29 0724 UT0U             59  16    JA3AOP           59   25       
QSO:   28377 PH 2022-10-29 0726 UT0U             59  16    BH7JUO           59   24       
QSO:   28345 PH 2022-10-29 0727 UT0U             59  16    HL2ZN            59   25       
QSO:   28490 PH 2022-10-29 0728 UT0U             59  16    JL1CNY           59   25       
QSO:   28490 PH 2022-10-29 0728 UT0U             59  16    JA3XOG           59   25       
QSO:   28490 PH 2022-10-29 0729 UT0U             59  16    JF2XGF           59   25       
QSO:   28490 PH 2022-10-29 0729 UT0U             59  16    JE1FQV           59   25       
QSO:   28490 PH 2022-10-29 0729 UT0U             59  16    JH0HDL           59   25       
QSO:   28490 PH 2022-10-29 0730 UT0U             59  16    JL1EEI           59   25       
QSO:   28490 PH 2022-10-29 0731 UT0U             59  16    JH9DRL           59   25       
QSO:   28490 PH 2022-10-29 0732 UT0U             59  16    DS5DNO           59   25       
QSO:   28490 PH 2022-10-29 0732 UT0U             59  16    JE5DKA           59   25       
QSO:   28490 PH 2022-10-29 0732 UT0U             59  16    JA2MWV           59   25       
QSO:   28490 PH 2022-10-29 0733 UT0U             59  16    JE3EDJ           59   25       
QSO:   28490 PH 2022-10-29 0733 UT0U             59  16    JR1NVJ           59   25       
QSO:   28490 PH 2022-10-29 0734 UT0U             59  16    JM1XCW           59   25       
QSO:   28490 PH 2022-10-29 0734 UT0U             59  16    JM6URL           59   25       
QSO:   28490 PH 2022-10-29 0735 UT0U             59  16    JA5MXP           59   25       
QSO:   28490 PH 2022-10-29 0735 UT0U             59  16    JH1BHC           59   25       
QSO:   28351 PH 2022-10-29 0737 UT0U             59  16    JA2AXB           59   25       
QSO:   28406 PH 2022-10-29 0738 UT0U             59  16    JJ0PKS           59   25       
QSO:   28418 PH 2022-10-29 0738 UT0U             59  16    JA3YBK           59   25       
QSO:   28550 PH 2022-10-29 0739 UT0U             59  16    UA9MA            59   17       
QSO:   28460 PH 2022-10-29 0741 UT0U             59  16    VR2XAN           59   24       
QSO:   28397 PH 2022-10-29 0741 UT0U             59  16    B7C              59   24       
QSO:   28444 PH 2022-10-29 0743 UT0U             59  16    JA7OWD           59   25       
QSO:   28439 PH 2022-10-29 0744 UT0U             59  16    BG0CAB           59   23       
QSO:   28463 PH 2022-10-29 0745 UT0U             59  16    B7P              59   24       
QSO:   28379 PH 2022-10-29 0747 UT0U             59  16    JH6QFJ           59   25       
QSO:   28490 PH 2022-10-29 0748 UT0U             59  16    VU3DDS           59   22       
QSO:   28490 PH 2022-10-29 0748 UT0U             59  16    JA1XEC           59   25       
QSO:   28490 PH 2022-10-29 0750 UT0U             59  16    JJ3TBB           59   25       
QSO:   28490 PH 2022-10-29 0750 UT0U             59  16    JR2GRX           59   25       
QSO:   28490 PH 2022-10-29 0750 UT0U             59  16    JR3RWB           59   25       
QSO:   28490 PH 2022-10-29 0751 UT0U             59  16    JM3FUW           59   25       
QSO:   28490 PH 2022-10-29 0752 UT0U             59  16    JH6FTJ           59   25       
QSO:   28490 PH 2022-10-29 0755 UT0U             59  16    BY3CQ            59   24       
QSO:   28490 PH 2022-10-29 0756 UT0U             59  16    JA4GXX           59   25       
QSO:   28490 PH 2022-10-29 0756 UT0U             59  16    JR4VEV           59   25       
QSO:   28490 PH 2022-10-29 0757 UT0U             59  16    JR2PMT           59   25       
QSO:   28490 PH 2022-10-29 0757 UT0U             59  16    JH2KKW           59   25       
QSO:   28490 PH 2022-10-29 0758 UT0U             59  16    JF2QNM           59   25       
QSO:   28490 PH 2022-10-29 0758 UT0U             59  16    JH4PUS           59   25       
QSO:   28490 PH 2022-10-29 0759 UT0U             59  16    JR2EXU           59   25       
QSO:   28490 PH 2022-10-29 0800 UT0U             59  16    HL2WA            59   25       
QSO:   28490 PH 2022-10-29 0800 UT0U             59  16    BH1HUK           59   24       
QSO:   28490 PH 2022-10-29 0801 UT0U             59  16    HL4GKR           59   25       
QSO:   28490 PH 2022-10-29 0804 UT0U             59  16    8J6YAB           59   25       
QSO:   28415 PH 2022-10-29 0809 UT0U             59  16    UN9L             59   17       
QSO:   28526 PH 2022-10-29 0809 UT0U             59  16    9K2HN            59   21       
QSO:   28496 PH 2022-10-29 0810 UT0U             59  16    A71BX            59   21       
QSO:   28472 PH 2022-10-29 0811 UT0U             59  16    5R8AS            59   39       
QSO:   28388 PH 2022-10-29 0811 UT0U             59  16    V55Y             59   38       
QSO:   28470 PH 2022-10-29 0812 UT0U             59  16    A65BB            59   21       
QSO:   14143 PH 2022-10-29 0814 UT0U             59  16    SQ1REX           59   15       
QSO:   14143 PH 2022-10-29 0815 UT0U             59  16    HB9HKE           59   14       
QSO:   14143 PH 2022-10-29 0816 UT0U             59  16    DH2RTW           59   14       
QSO:   14143 PH 2022-10-29 0816 UT0U             59  16    F4ETG            59   14       
QSO:   14143 PH 2022-10-29 0817 UT0U             59  16    M0LKW            59   14       
QSO:   14143 PH 2022-10-29 0818 UT0U             59  16    F4VSD            59   14       
QSO:   14143 PH 2022-10-29 0818 UT0U             59  16    IW2ENA           59   15       
QSO:   14143 PH 2022-10-29 0819 UT0U             59  16    IW1CHX           59   15       
QSO:   14143 PH 2022-10-29 0819 UT0U             59  16    F4IZG            59   14       
QSO:   14143 PH 2022-10-29 0819 UT0U             59  16    PP4T             59   11       
QSO:   14143 PH 2022-10-29 0820 UT0U             59  16    IK5RLP           59   15       
QSO:   14195 PH 2022-10-29 0821 UT0U             59  16    MM2N             59   14       
QSO:   14175 PH 2022-10-29 0822 UT0U             59  16    SV1PMH           59   20       
QSO:   14305 PH 2022-10-29 0823 UT0U             59  16    D4Z              59   35       
QSO:   14121 PH 2022-10-29 0828 UT0U             59  16    CR3A             59   33       
QSO:   28320 PH 2022-10-29 0830 UT0U             59  16    7Q6M             59   37       
QSO:   28530 PH 2022-10-29 0831 UT0U             59  16    4L5EE            59   21       
QSO:   14160 PH 2022-10-29 0832 UT0U             59  16    8S8S             59   14       
QSO:   14274 PH 2022-10-29 0832 UT0U             59  16    CR6K             59   14       
QSO:   14278 PH 2022-10-29 0833 UT0U             59  16    ES9UKR           59   15       
QSO:   14150 PH 2022-10-29 0833 UT0U             59  16    A44A             59   21       
QSO:   14241 PH 2022-10-29 0834 UT0U             59  16    ED8M             59   33       
QSO:   14262 PH 2022-10-29 0834 UT0U             59  16    HZ7C             59   21       
QSO:   14153 PH 2022-10-29 0835 UT0U             59  16    SU1SK            59   34       
QSO:   14192 PH 2022-10-29 0837 UT0U             59  16    TC3X             59   20       
QSO:   14101 PH 2022-10-29 0839 UT0U             59  16    IQ0ID            59   15       
QSO:   14320 PH 2022-10-29 0841 UT0U             59  16    F4DXX            59   14       
QSO:   14320 PH 2022-10-29 0841 UT0U             59  16    IU4DAF           59   15       
QSO:   14320 PH 2022-10-29 0841 UT0U             59  16    DF3QL            59   14       
QSO:   14320 PH 2022-10-29 0842 UT0U             59  16    PI4M             59   14       
QSO:   14320 PH 2022-10-29 0843 UT0U             59  16    F4CZV            59   14       
QSO:   14319 PH 2022-10-29 0844 UT0U             59  16    PD1NW            59   14       
QSO:   14319 PH 2022-10-29 0844 UT0U             59  16    G9P              59   14       
QSO:   14319 PH 2022-10-29 0844 UT0U             59  16    PD1AT            59   14       
QSO:   14319 PH 2022-10-29 0845 UT0U             59  16    EI4GNB           59   14       
QSO:   14319 PH 2022-10-29 0845 UT0U             59  16    IO4M             59   15       
QSO:   14319 PH 2022-10-29 0847 UT0U             59  16    G4ABX            59   14       
QSO:   14319 PH 2022-10-29 0847 UT0U             59  16    M0AQM            59   14       
QSO:   14319 PH 2022-10-29 0847 UT0U             59  16    DL1GKC           59   14       
QSO:   14319 PH 2022-10-29 0847 UT0U             59  16    IT9DGG           59   15       
QSO:   14319 PH 2022-10-29 0847 UT0U             59  16    9A5ADH           59   15       
QSO:   14319 PH 2022-10-29 0848 UT0U             59  16    G0FGI            59   14       
QSO:   14319 PH 2022-10-29 0849 UT0U             59  16    HB9TOC           59   14       
QSO:   14319 PH 2022-10-29 0849 UT0U             59  16    DL3BWF           59   14       
QSO:   14319 PH 2022-10-29 0849 UT0U             59  16    EA3MR            59   14       
QSO:   14319 PH 2022-10-29 0850 UT0U             59  16    DB4LL            59   14       
QSO:   14319 PH 2022-10-29 0850 UT0U             59  16    F4FUC            59   14       
QSO:   14319 PH 2022-10-29 0850 UT0U             59  16    G0CNN            59   14       
QSO:   14319 PH 2022-10-29 0851 UT0U             59  16    IW1RBI           59   15       
QSO:   14319 PH 2022-10-29 0851 UT0U             59  16    IU1KGS           59   15       
QSO:   14319 PH 2022-10-29 0851 UT0U             59  16    OT5A             59   14       
QSO:   14319 PH 2022-10-29 0851 UT0U             59  16    HB9TRQ           59   14       
QSO:   14319 PH 2022-10-29 0852 UT0U             59  16    MI0OBC           59   14       
QSO:   14319 PH 2022-10-29 0852 UT0U             59  16    DL8AAE           59   14       
QSO:   14319 PH 2022-10-29 0852 UT0U             59  16    E74TM            59   15       
QSO:   14319 PH 2022-10-29 0852 UT0U             59  16    II2S             59   15       
QSO:   14319 PH 2022-10-29 0854 UT0U             59  16    IU1OLR           59   15       
QSO:   28543 PH 2022-10-29 0858 UT0U             59  16    9N7AA            59   22       
QSO:   28556 PH 2022-10-29 0858 UT0U             59  16    HZ1TT            59   21       
QSO:   28432 PH 2022-10-29 0858 UT0U             59  16    UP0L             59   17       
QSO:   28365 PH 2022-10-29 0900 UT0U             59  16    9M2A             59   28       
QSO:   28538 PH 2022-10-29 0900 UT0U             59  16    VK6IR            59   29       
QSO:   28553 PH 2022-10-29 0901 UT0U             59  16    UK8IQ            59   17       
QSO:   28490 PH 2022-10-29 0902 UT0U             59  16    4L8A             59   21       
QSO:   28490 PH 2022-10-29 0903 UT0U             59  16    DV1DLX           59   27       
QSO:   28490 PH 2022-10-29 0904 UT0U             59  16    HS8KAY           59   26       
QSO:   28490 PH 2022-10-29 0904 UT0U             59  16    BH6KOK           59   24       
QSO:   28490 PH 2022-10-29 0905 UT0U             59  16    BG5UZW           59   24       
QSO:   28490 PH 2022-10-29 0905 UT0U             59  16    BD7MM            59   24       
QSO:   28490 PH 2022-10-29 0907 UT0U             59  16    BG5MWN           59   24       
QSO:   28490 PH 2022-10-29 0908 UT0U             59  16    BG1TNB           59   24       
QSO:   28490 PH 2022-10-29 0908 UT0U             59  16    JG8TDZ           59   25       
QSO:   28425 PH 2022-10-29 0912 UT0U             59  16    D4Z              59   35       
QSO:   21425 PH 2022-10-29 0917 UT0U             59  16    J42L             59   20       
QSO:   14283 PH 2022-10-29 0919 UT0U             59  16    C37N             59   14       
QSO:   14209 PH 2022-10-29 0919 UT0U             59  16    UN0LM            59   17       
QSO:   14202 PH 2022-10-29 0920 UT0U             59  16    9K9A             59   21       
QSO:   14321 PH 2022-10-29 0920 UT0U             59  16    S57DX            59   15       
QSO:   14291 PH 2022-10-29 0921 UT0U             59  16    LA1K             59   14       
QSO:   14213 PH 2022-10-29 0923 UT0U             59  16    F6KOP            59   14       
QSO:   14213 PH 2022-10-29 0923 UT0U             59  16    M0ORH            59   14       
QSO:   14213 PH 2022-10-29 0923 UT0U             59  16    M7VOT            59   14       
QSO:   14213 PH 2022-10-29 0924 UT0U             59  16    IO7T             59   15       
QSO:   14213 PH 2022-10-29 0925 UT0U             59  16    S56A             59   15       
QSO:   14213 PH 2022-10-29 0925 UT0U             59  16    TM6M             59   14       
QSO:   14213 PH 2022-10-29 0925 UT0U             59  16    M7VOM            59   14       
QSO:   14213 PH 2022-10-29 0926 UT0U             59  16    LX8M             59   14       
QSO:   14213 PH 2022-10-29 0926 UT0U             59  16    EA7BD            59   14       
QSO:   14213 PH 2022-10-29 0927 UT0U             59  16    IS0HNW           59   15       
QSO:   14213 PH 2022-10-29 0927 UT0U             59  16    F6EZV            59   14       
QSO:   14213 PH 2022-10-29 0927 UT0U             59  16    F6GWV            59   14       
QSO:   14213 PH 2022-10-29 0928 UT0U             59  16    IR4X             59   15       
QSO:   14213 PH 2022-10-29 0928 UT0U             59  16    3A2MG            59   14       
QSO:   14213 PH 2022-10-29 0929 UT0U             59  16    ON7BBR           59   14       
QSO:   14213 PH 2022-10-29 0930 UT0U             59  16    F4HPX            59   14       
QSO:   14213 PH 2022-10-29 0930 UT0U             59  16    HB9HDK           59   14       
QSO:   21404 PH 2022-10-29 1025 UT0U             59  16    CX7SS            59   13       
QSO:   21218 PH 2022-10-29 1026 UT0U             59  16    PV2K             59   11       
QSO:   21368 PH 2022-10-29 1027 UT0U             59  16    VU2DED           59   22       
QSO:   21278 PH 2022-10-29 1027 UT0U             59  16    OM7K             59   15       
QSO:   21142 PH 2022-10-29 1028 UT0U             59  16    3V8SS            59   33       
QSO:   21338 PH 2022-10-29 1028 UT0U             59  16    CR6P             59   14       
QSO:   21320 PH 2022-10-29 1031 UT0U             59  16    PQ5B             59   11       
QSO:   14319 PH 2022-10-29 1035 UT0U             59  16    F4GWM            59   14       
QSO:   14319 PH 2022-10-29 1036 UT0U             59  16    G3KIP            59   14       
QSO:   14319 PH 2022-10-29 1037 UT0U             59  16    MX0KBS           59   14       
QSO:   14319 PH 2022-10-29 1038 UT0U             59  16    OE7HPI           59   15       
QSO:   14319 PH 2022-10-29 1038 UT0U             59  16    GM1SQA           59   14       
QSO:   14319 PH 2022-10-29 1039 UT0U             59  16    F5OHH            59   14       
QSO:   14319 PH 2022-10-29 1039 UT0U             59  16    M5DIK            59   14       
QSO:   14319 PH 2022-10-29 1039 UT0U             59  16    LA2D             59   14       
QSO:   14319 PH 2022-10-29 1041 UT0U             59  16    IZ3ZMM           59   15       
QSO:   14319 PH 2022-10-29 1041 UT0U             59  16    ON6MR            59   14       
QSO:   14319 PH 2022-10-29 1041 UT0U             59  16    G4WWG            59   14       
QSO:   14319 PH 2022-10-29 1042 UT0U             59  16    M6WOS            59   14       
QSO:   14319 PH 2022-10-29 1043 UT0U             59  16    I2BRT            59   15       
QSO:   14319 PH 2022-10-29 1043 UT0U             59  16    M0HMS            59   14       
QSO:   14319 PH 2022-10-29 1043 UT0U             59  16    GM6VVG           59   14       
QSO:   14319 PH 2022-10-29 1044 UT0U             59  16    LZ1AQ            59   20       
QSO:   14319 PH 2022-10-29 1045 UT0U             59  16    DG5MLA           59   14       
QSO:   14319 PH 2022-10-29 1045 UT0U             59  16    HB2C             59   14       
QSO:   14319 PH 2022-10-29 1046 UT0U             59  16    DL4SKF           59   14       
QSO:   14319 PH 2022-10-29 1046 UT0U             59  16    E7DX             59   15       
QSO:   14319 PH 2022-10-29 1046 UT0U             59  16    HI3T             59   08       
QSO:   14319 PH 2022-10-29 1047 UT0U             59  16    OE6CGD           59   15       
QSO:   14319 PH 2022-10-29 1047 UT0U             59  16    AA3HD            59   05       
QSO:   14319 PH 2022-10-29 1047 UT0U             59  16    M0HHG            59   14       
QSO:   14319 PH 2022-10-29 1048 UT0U             59  16    LX1GQ            59   14       
QSO:   14319 PH 2022-10-29 1048 UT0U             59  16    LC9S             59   14       
QSO:   14319 PH 2022-10-29 1048 UT0U             59  16    M0MXX            59   14       
QSO:   14319 PH 2022-10-29 1049 UT0U             59  16    SP7TEE           59   15       
QSO:   14319 PH 2022-10-29 1050 UT0U             59  16    IW1GEY           59   15       
QSO:   14319 PH 2022-10-29 1052 UT0U             59  16    KC3NNO           59   05       
QSO:   14319 PH 2022-10-29 1052 UT0U             59  16    PA3GEO           59   14       
QSO:   14319 PH 2022-10-29 1052 UT0U             59  16    SP5X             59   15       
QSO:   14319 PH 2022-10-29 1053 UT0U             59  16    G0MTN            59   14       
QSO:   14319 PH 2022-10-29 1053 UT0U             59  16    ON6JP            59   14       
QSO:   14319 PH 2022-10-29 1053 UT0U             59  16    DQ1P             59   14       
QSO:   14319 PH 2022-10-29 1053 UT0U             59  16    SM5DXR           59   14       
QSO:   14319 PH 2022-10-29 1054 UT0U             59  16    W3LPL            59   05       
QSO:   14319 PH 2022-10-29 1054 UT0U             59  16    G5O              59   14       
QSO:   14319 PH 2022-10-29 1054 UT0U             59  16    PD0RS            59   14       
QSO:   14319 PH 2022-10-29 1055 UT0U             59  16    9A1DR            59   15       
QSO:   14319 PH 2022-10-29 1055 UT0U             59  16    N2RC             59   05       
QSO:   14319 PH 2022-10-29 1055 UT0U             59  16    IZ2BVC           59   15       
QSO:   14319 PH 2022-10-29 1056 UT0U             59  16    K1LZ             59   05       
QSO:   14319 PH 2022-10-29 1056 UT0U             59  16    K1RH             59   05       
QSO:   14319 PH 2022-10-29 1056 UT0U             59  16    DL8ULO           59   14       
QSO:   14319 PH 2022-10-29 1056 UT0U             59  16    IW2NBL           59   15       
QSO:   14319 PH 2022-10-29 1057 UT0U             59  16    9A1P             59   15       
QSO:   14319 PH 2022-10-29 1057 UT0U             59  16    K3TS             59   05       
QSO:   14319 PH 2022-10-29 1057 UT0U             59  16    SP3WKW           59   15       
QSO:   14319 PH 2022-10-29 1058 UT0U             59  16    K2AX             59   05       
QSO:   14319 PH 2022-10-29 1058 UT0U             59  16    DH6BB            59   14       
QSO:   14319 PH 2022-10-29 1058 UT0U             59  16    F4CVQ            59   14       
QSO:   14319 PH 2022-10-29 1058 UT0U             59  16    ED1R             59   14       
QSO:   14319 PH 2022-10-29 1059 UT0U             59  16    NY6DX            59   05       
QSO:   14319 PH 2022-10-29 1059 UT0U             59  16    DK0TU            59   14       
QSO:   14319 PH 2022-10-29 1059 UT0U             59  16    DL7AUO           59   14       
QSO:   14319 PH 2022-10-29 1100 UT0U             59  16    ES1BH            59   15       
QSO:   14319 PH 2022-10-29 1100 UT0U             59  16    DK0IW            59   14       
QSO:   14319 PH 2022-10-29 1100 UT0U             59  16    W3FIZ            59   05       
QSO:   14319 PH 2022-10-29 1100 UT0U             59  16    SV2YC            59   20       
QSO:   14319 PH 2022-10-29 1100 UT0U             59  16    9A2L             59   15       
QSO:   14319 PH 2022-10-29 1101 UT0U             59  16    W3KB             59   05       
QSO:   14319 PH 2022-10-29 1101 UT0U             59  16    YL7X             59   15       
QSO:   14319 PH 2022-10-29 1101 UT0U             59  16    9A5BVT           59   15       
QSO:   14319 PH 2022-10-29 1102 UT0U             59  16    W1OO             59   05       
QSO:   14319 PH 2022-10-29 1102 UT0U             59  16    K3WW             59   05       
QSO:   14319 PH 2022-10-29 1102 UT0U             59  16    VE2IDX           59   02       
QSO:   14319 PH 2022-10-29 1102 UT0U             59  16    DG9SEH           59   14       
QSO:   14319 PH 2022-10-29 1102 UT0U             59  16    K3LR             59   05       
QSO:   14319 PH 2022-10-29 1103 UT0U             59  16    W4MLB            59   05       
QSO:   14319 PH 2022-10-29 1103 UT0U             59  16    DL2W             59   14       
QSO:   14319 PH 2022-10-29 1104 UT0U             59  16    KA2K             59   05       
QSO:   14319 PH 2022-10-29 1104 UT0U             59  16    PJ2T             59   09       
QSO:   14319 PH 2022-10-29 1105 UT0U             59  16    DM5TM            59   14       
QSO:   14319 PH 2022-10-29 1106 UT0U             59  16    K4RM             59   05       
QSO:   14319 PH 2022-10-29 1106 UT0U             59  16    NW3Y             59   05       
QSO:   14319 PH 2022-10-29 1106 UT0U             59  16    G8HBS            59   14       
QSO:   14319 PH 2022-10-29 1106 UT0U             59  16    EE3M             59   14       
QSO:   14319 PH 2022-10-29 1107 UT0U             59  16    DF8XC            59   14       
QSO:   14319 PH 2022-10-29 1107 UT0U             59  16    DK6TW            59   14       
QSO:   14319 PH 2022-10-29 1107 UT0U             59  16    GM5TDX           59   14       
QSO:   14319 PH 2022-10-29 1107 UT0U             59  16    G0RAH            59   14       
QSO:   14319 PH 2022-10-29 1108 UT0U             59  16    IO3F             59   15       
QSO:   14319 PH 2022-10-29 1109 UT0U             59  16    N4UU             59   05       
QSO:   14319 PH 2022-10-29 1109 UT0U             59  16    K1EYZ            59   05       
QSO:   14319 PH 2022-10-29 1109 UT0U             59  16    SM3YBP           59   14       
QSO:   14319 PH 2022-10-29 1110 UT0U             59  16    MM3Z             59   14       
QSO:   14319 PH 2022-10-29 1110 UT0U             59  16    PD7LJ            59   14       
QSO:   14319 PH 2022-10-29 1111 UT0U             59  16    K4AB             59   04       
QSO:   14319 PH 2022-10-29 1111 UT0U             59  16    SE4E             59   14       
QSO:   14319 PH 2022-10-29 1111 UT0U             59  16    DP9A             59   14       
QSO:   14319 PH 2022-10-29 1111 UT0U             59  16    PD5ISW           59   14       
QSO:   14319 PH 2022-10-29 1112 UT0U             59  16    GW5NIC           59   14       
QSO:   14319 PH 2022-10-29 1112 UT0U             59  16    IR3Z             59   15       
QSO:   14319 PH 2022-10-29 1112 UT0U             59  16    DK1KC            59   14       
QSO:   14319 PH 2022-10-29 1112 UT0U             59  16    DM5B             59   14       
QSO:   14319 PH 2022-10-29 1112 UT0U             59  16    DF4SR            59   14       
QSO:   14319 PH 2022-10-29 1113 UT0U             59  16    W3MF             59   05       
QSO:   14319 PH 2022-10-29 1113 UT0U             59  16    N2SR             59   05       
QSO:   14319 PH 2022-10-29 1113 UT0U             59  16    W3MA             59   05       
QSO:   14319 PH 2022-10-29 1114 UT0U             59  16    WK1J             59   05       
QSO:   14319 PH 2022-10-29 1114 UT0U             59  16    2E0JWW           59   14       
QSO:   14319 PH 2022-10-29 1114 UT0U             59  16    M4U              59   14       
QSO:   14319 PH 2022-10-29 1115 UT0U             59  16    N3AAA            59   05       
QSO:   14319 PH 2022-10-29 1115 UT0U             59  16    E7GZ             59   15       
QSO:   14319 PH 2022-10-29 1115 UT0U             59  16    ES1TAR           59   15       
QSO:   14319 PH 2022-10-29 1116 UT0U             59  16    SQ3WW            59   15       
QSO:   14319 PH 2022-10-29 1116 UT0U             59  16    K3AK             59   05       
QSO:   14319 PH 2022-10-29 1116 UT0U             59  16    9A3YT            59   15       
QSO:   14319 PH 2022-10-29 1117 UT0U             59  16    NN3Q             59   05       
QSO:   14319 PH 2022-10-29 1117 UT0U             59  16    IB9T             59   15       
QSO:   14319 PH 2022-10-29 1117 UT0U             59  16    VA2UR            59   05       
QSO:   14319 PH 2022-10-29 1117 UT0U             59  16    W4NF             59   05       
QSO:   14319 PH 2022-10-29 1117 UT0U             59  16    NN2NN            59   05       
QSO:   14319 PH 2022-10-29 1118 UT0U             59  16    Z33B             59   15       
QSO:   14319 PH 2022-10-29 1119 UT0U             59  16    W2XL             59   05       
QSO:   14319 PH 2022-10-29 1119 UT0U             59  16    2E0TXQ           59   14       
QSO:   14319 PH 2022-10-29 1120 UT0U             59  16    PE2K             59   14       
QSO:   14319 PH 2022-10-29 1120 UT0U             59  16    KU2C             59   05       
QSO:   14319 PH 2022-10-29 1121 UT0U             59  16    WA2JQK           59   05       
QSO:   14319 PH 2022-10-29 1122 UT0U             59  16    IK5AMB           59   15       
QSO:   14292 PH 2022-10-29 1123 UT0U             59  16    TF3T             59   40       
QSO:   14178 PH 2022-10-29 1124 UT0U             59  16    HG5A             59   15       
QSO:   14181 PH 2022-10-29 1124 UT0U             59  16    UW5Y             59   16       
QSO:   14285 PH 2022-10-29 1125 UT0U             59  16    YT5A             59   15       
QSO:   14229 PH 2022-10-29 1126 UT0U             59  16    OL3R             59   15       
QSO:   14295 PH 2022-10-29 1126 UT0U             59  16    B7P              59   24       
QSO:   14235 PH 2022-10-29 1126 UT0U             59  16    JA6ZPR           59   25       
QSO:   28382 PH 2022-10-29 1128 UT0U             59  16    OH1F             59   15       
QSO:   28304 PH 2022-10-29 1129 UT0U             59  16    4X7R             59   20       
QSO:   28562 PH 2022-10-29 1130 UT0U             59  16    EB5A             59   14       
QSO:   21299 PH 2022-10-29 1131 UT0U             59  16    IO9R             59   15       
QSO:   21327 PH 2022-10-29 1131 UT0U             59  16    D4Z              59   35       
QSO:   21229 PH 2022-10-29 1133 UT0U             59  16    FK8GM            59   32       
QSO:   14319 PH 2022-10-29 1137 UT0U             59  16    E78FK            59   15       
QSO:   14319 PH 2022-10-29 1138 UT0U             59  16    AI4MD            59   05       
QSO:   14319 PH 2022-10-29 1139 UT0U             59  16    SP6VWX           59   15       
QSO:   14319 PH 2022-10-29 1139 UT0U             59  16    IW5CBK           59   15       
QSO:   14319 PH 2022-10-29 1139 UT0U             59  16    EI6HB            59   14       
QSO:   14319 PH 2022-10-29 1139 UT0U             59  16    OK3TV            59   15       
QSO:   14319 PH 2022-10-29 1140 UT0U             59  16    IN3RWF           59   15       
QSO:   14319 PH 2022-10-29 1140 UT0U             59  16    KZ2I             59   05       
QSO:   14319 PH 2022-10-29 1141 UT0U             59  16    NE3F             59   05       
QSO:   14319 PH 2022-10-29 1141 UT0U             59  16    SP6DVP           59   15       
QSO:   14319 PH 2022-10-29 1141 UT0U             59  16    PC3M             59   14       
QSO:   14319 PH 2022-10-29 1142 UT0U             59  16    SQ8MZW           59   15       
QSO:   14319 PH 2022-10-29 1142 UT0U             59  16    SP8VGA           59   15       
QSO:   14319 PH 2022-10-29 1144 UT0U             59  16    SQ3IOE           59   15       
QSO:   14319 PH 2022-10-29 1144 UT0U             59  16    DL5KBO           59   14       
QSO:   14319 PH 2022-10-29 1145 UT0U             59  16    YU7XW            59   15       
QSO:   14319 PH 2022-10-29 1146 UT0U             59  16    SP9EXE           59   15       
QSO:   14319 PH 2022-10-29 1146 UT0U             59  16    CR5T             59   14       
QSO:   14128 PH 2022-10-29 1148 UT0U             59  16    ZF1A             59   08       
QSO:   14193 PH 2022-10-29 1148 UT0U             59  16    V26B             59   08       
QSO:   14288 PH 2022-10-29 1150 UT0U             59  16    OM7K             59   15       
QSO:   14275 PH 2022-10-29 1153 UT0U             59  16    JT5DX            59   23       
QSO:   14220 PH 2022-10-29 1155 UT0U             59  16    E2A              59   26       
QSO:   14207 PH 2022-10-29 1157 UT0U             59  16    YB1DX            59   28       
QSO:   14319 PH 2022-10-29 1158 UT0U             59  16    JF1OJC           59   25       
QSO:   14319 PH 2022-10-29 1159 UT0U             59  16    DH5NT            59   14       
QSO:   14319 PH 2022-10-29 1200 UT0U             59  16    SP3CCT           59   15       
QSO:   14320 PH 2022-10-29 1201 UT0U             59  16    PC1PM            59   14       
QSO:   14320 PH 2022-10-29 1202 UT0U             59  16    WA2JQK           59   05       
QSO:   14320 PH 2022-10-29 1202 UT0U             59  16    F4GTT            59   14       
QSO:   14320 PH 2022-10-29 1202 UT0U             59  16    EA7TS            59   14       
QSO:   14320 PH 2022-10-29 1203 UT0U             59  16    GW5L             59   14       
QSO:   14320 PH 2022-10-29 1203 UT0U             59  16    F4JPE            59   14       
QSO:   14320 PH 2022-10-29 1203 UT0U             59  16    DL8FFI           59   14       
QSO:   14320 PH 2022-10-29 1205 UT0U             59  16    SE4L             59   14       
QSO:   14320 PH 2022-10-29 1205 UT0U             59  16    W1PL             59   05       
QSO:   14320 PH 2022-10-29 1205 UT0U             59  16    OM5UM            59   15       
QSO:   21298 PH 2022-10-29 1208 UT0U             59  16    VJ4K             59   30       
QSO:   21330 PH 2022-10-29 1209 UT0U             59  16    EA5JDC           59   14       
QSO:   21330 PH 2022-10-29 1210 UT0U             59  16    KA1IOR           59   05       
QSO:   21330 PH 2022-10-29 1211 UT0U             59  16    SV1SXV           59   20       
QSO:   21330 PH 2022-10-29 1211 UT0U             59  16    IQ0ID            59   15       
QSO:   21330 PH 2022-10-29 1211 UT0U             59  16    DL2W             59   14       
QSO:   21330 PH 2022-10-29 1212 UT0U             59  16    KB1EFS           59   05       
QSO:   21330 PH 2022-10-29 1212 UT0U             59  16    LN8W             59   14       
QSO:   21330 PH 2022-10-29 1213 UT0U             59  16    K1BDC            59   05       
QSO:   21330 PH 2022-10-29 1213 UT0U             59  16    W1ARY            59   05       
QSO:   21330 PH 2022-10-29 1213 UT0U             59  16    IT9RBW           59   15       
QSO:   21330 PH 2022-10-29 1213 UT0U             59  16    OZ1ADL           59   14       
QSO:   21330 PH 2022-10-29 1214 UT0U             59  16    DL7URH           59   14       
QSO:   21330 PH 2022-10-29 1214 UT0U             59  16    E70AW            59   15       
QSO:   21330 PH 2022-10-29 1215 UT0U             59  16    SP6VWX           59   15       
QSO:   21330 PH 2022-10-29 1216 UT0U             59  16    OM5M             59   15       
QSO:   21330 PH 2022-10-29 1216 UT0U             59  16    IR3Z             59   15       
QSO:   21154 PH 2022-10-29 1218 UT0U             59  16    ZF1A             59   08       
QSO:   21139 PH 2022-10-29 1219 UT0U             59  16    VE3EJ            59   04       
QSO:   21266 PH 2022-10-29 1220 UT0U             59  16    HZ1TL            59   21       
QSO:   21313 PH 2022-10-29 1220 UT0U             59  16    OK7W             59   15       
QSO:   21146 PH 2022-10-29 1221 UT0U             59  16    VY2TT            59   05       
QSO:   21419 PH 2022-10-29 1221 UT0U             59  16    K2AX             59   05       
QSO:   21416 PH 2022-10-29 1257 UT0U             59  16    P40L             59   09       
QSO:   21392 PH 2022-10-29 1257 UT0U             59  16    MD4K             59   14       
QSO:   21371 PH 2022-10-29 1300 UT0U             59  16    EI7M             59   14       
QSO:   21386 PH 2022-10-29 1300 UT0U             59  16    G7C              59   14       
QSO:   21324 PH 2022-10-29 1303 UT0U             59  16    M0REG            59   14       
QSO:   21445 PH 2022-10-29 1305 UT0U             59  16    K4IE             59   05       
QSO:   21445 PH 2022-10-29 1307 UT0U             59  16    IW2CNR           59   15       
QSO:   21445 PH 2022-10-29 1307 UT0U             59  16    4X4LF            59   20       
QSO:   28375 PH 2022-10-29 1310 UT0U             59  16    PV2G             59   11       
QSO:   28592 PH 2022-10-29 1310 UT0U             59  16    LP1H             59   13       
QSO:   28397 PH 2022-10-29 1314 UT0U             59  16    CX8DS            59   13       
QSO:   28477 PH 2022-10-29 1314 UT0U             59  16    CE3CT            59   12       
QSO:   28424 PH 2022-10-29 1318 UT0U             59  16    LV1F             59   13       
QSO:   28272 PH 2022-10-29 1319 UT0U             59  16    LT6M             59   13       
QSO:   21410 PH 2022-10-30 1449 UT0U             59  16    ED3X             59   14       
QSO:   21350 PH 2022-10-30 1450 UT0U             59  16    OH7BG            59   15       
QSO:   21354 PH 2022-10-30 1451 UT0U             59  16    F4HZZ            59   14       
QSO:   21354 PH 2022-10-30 1452 UT0U             59  16    KA2MGE           59   05       
QSO:   21354 PH 2022-10-30 1452 UT0U             59  16    M0FLP            59   14       
QSO:   21354 PH 2022-10-30 1453 UT0U             59  16    IZ1OSP           59   15       
QSO:   21354 PH 2022-10-30 1454 UT0U             59  16    F4IGP            59   14       
QSO:   21354 PH 2022-10-30 1455 UT0U             59  16    G8S              59   14       
QSO:   14330 PH 2022-10-30 1456 UT0U             59  16    HS1LCI           59   26       
QSO:   14330 PH 2022-10-30 1456 UT0U             59  16    YB0BAC           59   28       
QSO:   14330 PH 2022-10-30 1457 UT0U             59  16    IQ3TN            59   15       
QSO:   14330 PH 2022-10-30 1458 UT0U             59  16    OZ1DAE           59   14       
QSO:   14330 PH 2022-10-30 1459 UT0U             59  16    SP1ETT           59   15       
QSO:   28499 PH 2022-10-30 1503 UT0U             59  16    P33W             59   20       
QSO:   28499 PH 2022-10-30 1503 UT0U             59  16    K3LR             59   05       
QSO:   28499 PH 2022-10-30 1504 UT0U             59  16    SV4LGX           59   20       
QSO:   28499 PH 2022-10-30 1504 UT0U             59  16    WA1YZN           59   05       
QSO:   28499 PH 2022-10-30 1512 UT0U             59  16    KB1EFS           59   05       
QSO:   28499 PH 2022-10-30 1513 UT0U             59  16    5B4AAB           59   20       
QSO:   28499 PH 2022-10-30 1514 UT0U             59  16    W4KW             59   04       
QSO:   28499 PH 2022-10-30 1515 UT0U             59  16    PY2MOR           59   11       
QSO:   21222 PH 2022-10-30 1519 UT0U             59  16    KU2M             59   05       
QSO:   21225 PH 2022-10-30 1520 UT0U             59  16    VE3XNS           59   04       
QSO:   21225 PH 2022-10-30 1521 UT0U             59  16    WB3CJU           59   05       
QSO:   21225 PH 2022-10-30 1521 UT0U             59  16    OH5UQ            59   15       
QSO:   21225 PH 2022-10-30 1523 UT0U             59  16    F5KLE            59   14       
QSO:   21225 PH 2022-10-30 1524 UT0U             59  16    WB2ITX           59   05       
QSO:   21225 PH 2022-10-30 1524 UT0U             59  16    GW4AYJ           59   14       
QSO:   21225 PH 2022-10-30 1524 UT0U             59  16    F5LBL            59   14       
QSO:   21225 PH 2022-10-30 1526 UT0U             59  16    W3DQS            59   05       
QSO:   21225 PH 2022-10-30 1527 UT0U             59  16    G5GIH            59   14       
QSO:   21225 PH 2022-10-30 1527 UT0U             59  16    G4DDL            59   14       
QSO:   21225 PH 2022-10-30 1528 UT0U             59  16    TA2MN            59   20       
QSO:   21225 PH 2022-10-30 1529 UT0U             59  16    ES9UKR           59   15       
QSO:   21225 PH 2022-10-30 1529 UT0U             59  16    K3EST            59   03       
QSO:   21225 PH 2022-10-30 1530 UT0U             59  16    VE9FM            59   05       
QSO:   21225 PH 2022-10-30 1530 UT0U             59  16    M0ABR            59   14       
QSO:   21225 PH 2022-10-30 1530 UT0U             59  16    K3LR             59   05       
QSO:   21225 PH 2022-10-30 1530 UT0U             59  16    AK1X             59   05       
QSO:   21225 PH 2022-10-30 1531 UT0U             59  16    WR8F             59   04       
QSO:   21225 PH 2022-10-30 1531 UT0U             59  16    AA4VT            59   05       
QSO:   21225 PH 2022-10-30 1532 UT0U             59  16    W1JCW            59   04       
QSO:   21225 PH 2022-10-30 1532 UT0U             59  16    NT6X             59   03       
QSO:   21225 PH 2022-10-30 1532 UT0U             59  16    M4M              59   14       
QSO:   21225 PH 2022-10-30 1533 UT0U             59  16    K5VIP            59   05       
QSO:   21225 PH 2022-10-30 1533 UT0U             59  16    W4JVN            59   05       
QSO:   21225 PH 2022-10-30 1534 UT0U             59  16    N7DD             59   03       
QSO:   21225 PH 2022-10-30 1535 UT0U             59  16    KM4HI            59   05       
QSO:   21225 PH 2022-10-30 1535 UT0U             59  16    K1LZ             59   05       
QSO:   21225 PH 2022-10-30 1535 UT0U             59  16    K3QH             59   05       
QSO:   21225 PH 2022-10-30 1535 UT0U             59  16    VE4VT            59   04       
QSO:   21225 PH 2022-10-30 1536 UT0U             59  16    K3WU             59   05       
QSO:   21225 PH 2022-10-30 1536 UT0U             59  16    KX7TL            59   03       
QSO:   21225 PH 2022-10-30 1536 UT0U             59  16    VA2EBI           59   05       
QSO:   21225 PH 2022-10-30 1536 UT0U             59  16    ES3V             59   15       
QSO:   21225 PH 2022-10-30 1537 UT0U             59  16    EE5K             59   14       
QSO:   21225 PH 2022-10-30 1537 UT0U             59  16    M0YRC            59   14       
QSO:   21225 PH 2022-10-30 1537 UT0U             59  16    NF3R             59   05       
QSO:   21225 PH 2022-10-30 1537 UT0U             59  16    WK1J             59   05       
QSO:   21225 PH 2022-10-30 1538 UT0U             59  16    KJ8N             59   04       
QSO:   21225 PH 2022-10-30 1538 UT0U             59  16    W2EN             59   05       
QSO:   21225 PH 2022-10-30 1538 UT0U             59  16    AA1IZ            59   05       
QSO:   21225 PH 2022-10-30 1539 UT0U             59  16    W0RX             59   04       
QSO:   21225 PH 2022-10-30 1539 UT0U             59  16    KU2C             59   05       
QSO:   21225 PH 2022-10-30 1539 UT0U             59  16    K3SW             59   05       
QSO:   21225 PH 2022-10-30 1539 UT0U             59  16    AJ9C             59   04       
QSO:   21225 PH 2022-10-30 1540 UT0U             59  16    W1TJL            59   05       
QSO:   21225 PH 2022-10-30 1540 UT0U             59  16    WA2K             59   05       
QSO:   21225 PH 2022-10-30 1540 UT0U             59  16    M6GVP            59   14       
QSO:   21225 PH 2022-10-30 1540 UT0U             59  16    W3MA             59   05       
QSO:   21225 PH 2022-10-30 1541 UT0U             59  16    K2RSK            59   05       
QSO:   21225 PH 2022-10-30 1541 UT0U             59  16    K8ROX            59   04       
QSO:   21225 PH 2022-10-30 1542 UT0U             59  16    M3RZO            59   14       
QSO:   21225 PH 2022-10-30 1542 UT0U             59  16    W2MKM            59   05       
QSO:   21225 PH 2022-10-30 1542 UT0U             59  16    W7CXX            59   03       
QSO:   21225 PH 2022-10-30 1543 UT0U             59  16    N2RC             59   05       
QSO:   21225 PH 2022-10-30 1543 UT0U             59  16    WO9Z             59   04       
QSO:   21225 PH 2022-10-30 1544 UT0U             59  16    K3WJV            59   05       
QSO:   21225 PH 2022-10-30 1544 UT0U             59  16    VA3DF            59   04       
QSO:   21225 PH 2022-10-30 1544 UT0U             59  16    K4WMS            59   05       
QSO:   21225 PH 2022-10-30 1545 UT0U             59  16    OH3MM            59   15       
QSO:   21225 PH 2022-10-30 1545 UT0U             59  16    N3RS             59   05       
QSO:   21225 PH 2022-10-30 1546 UT0U             59  16    VE3VN            59   04       
QSO:   21225 PH 2022-10-30 1546 UT0U             59  16    K3MD             59   05       
QSO:   21225 PH 2022-10-30 1547 UT0U             59  16    W2YR             59   05       
QSO:   21225 PH 2022-10-30 1548 UT0U             59  16    AA5JF            59   05       
QSO:   21225 PH 2022-10-30 1548 UT0U             59  16    W3ZGD            59   05       
QSO:   21225 PH 2022-10-30 1548 UT0U             59  16    W9PA             59   04       
QSO:   21225 PH 2022-10-30 1549 UT0U             59  16    K1BX             59   05       
QSO:   21225 PH 2022-10-30 1549 UT0U             59  16    NE3F             59   05       
QSO:   21225 PH 2022-10-30 1549 UT0U             59  16    N3MK             59   05       
QSO:   21225 PH 2022-10-30 1550 UT0U             59  16    KV1J             59   05       
QSO:   21225 PH 2022-10-30 1551 UT0U             59  16    W3LPL            59   05       
QSO:   21225 PH 2022-10-30 1551 UT0U             59  16    N1NQD            59   05       
QSO:   21225 PH 2022-10-30 1553 UT0U             59  16    WR2G             59   05       
QSO:   21225 PH 2022-10-30 1554 UT0U             59  16    WT1A             59   05       
QSO:   21421 PH 2022-10-30 1557 UT0U             59  16    KL7RA            59   01       
QSO:   21227 PH 2022-10-30 1558 UT0U             59  16    CR3DX            59   33       
QSO:   14199 PH 2022-10-30 1559 UT0U             59  16    VU2IBI           59   22       
QSO:   14345 PH 2022-10-30 1600 UT0U             59  16    ZM4T             59   32       
QSO:   14165 PH 2022-10-30 1601 UT0U             59  16    K7RL             59   03       
QSO:   14116 PH 2022-10-30 1602 UT0U             59  16    4X7R             59   20       
QSO:   14325 PH 2022-10-30 1605 UT0U             59  16    M0MRB            59   14       
QSO:   14325 PH 2022-10-30 1606 UT0U             59  16    G0WJK            59   14       
QSO:   14323 PH 2022-10-30 1621 UT0U             59  16    PD3RL            59   14       
QSO:   14298 PH 2022-10-30 1654 UT0U             59  16    OH1F             59   15       
QSO:   14281 PH 2022-10-30 1655 UT0U             59  16    W7WA             59   03       
QSO:   14294 PH 2022-10-30 1657 UT0U             59  16    P33W             59   20       
QSO:   14267 PH 2022-10-30 1701 UT0U             59  16    7A2A             59   28       
QSO:   14198 PH 2022-10-30 1702 UT0U             59  16    9M2A             59   28       
QSO:   14238 PH 2022-10-30 1703 UT0U             59  16    YB0AGW           59   28       
QSO:   14186 PH 2022-10-30 1703 UT0U             59  16    VJ4K             59   30       
QSO:   14201 PH 2022-10-30 1704 UT0U             59  16    LY7T             59   15       
QSO:   14216 PH 2022-10-30 1705 UT0U             59  16    F6KGL            59   14       
QSO:   14216 PH 2022-10-30 1705 UT0U             59  16    K3EST            59   03       
QSO:   14216 PH 2022-10-30 1706 UT0U             59  16    DK4VW            59   14       
QSO:   14216 PH 2022-10-30 1706 UT0U             59  16    F4KJN            59   14       
QSO:   14216 PH 2022-10-30 1707 UT0U             59  16    ON5UJ            59   14       
QSO:   14216 PH 2022-10-30 1708 UT0U             59  16    PA4WM            59   14       
QSO:   14216 PH 2022-10-30 1708 UT0U             59  16    LY2GN            59   15       
QSO:   14216 PH 2022-10-30 1708 UT0U             59  16    F5DRD            59   14       
QSO:   14216 PH 2022-10-30 1708 UT0U             59  16    F4IYU            59   14       
QSO:   14216 PH 2022-10-30 1709 UT0U             59  16    YO3GNF           59   20       
QSO:   14216 PH 2022-10-30 1709 UT0U             59  16    M7XTT            59   14       
QSO:   14216 PH 2022-10-30 1709 UT0U             59  16    K1TTT            59   05       
QSO:   14216 PH 2022-10-30 1710 UT0U             59  16    LA1SDX           59   14       
QSO:   14216 PH 2022-10-30 1710 UT0U             59  16    2E0XDZ           59   14       
QSO:   14216 PH 2022-10-30 1710 UT0U             59  16    N4PQX            59   05       
QSO:   14216 PH 2022-10-30 1711 UT0U             59  16    MI0JZZ           59   14       
QSO:   14216 PH 2022-10-30 1711 UT0U             59  16    M0MNM            59   14       
QSO:   14216 PH 2022-10-30 1712 UT0U             59  16    SP2R             59   15       
QSO:   14216 PH 2022-10-30 1713 UT0U             59  16    WA7JUJ           59   03       
QSO:   14216 PH 2022-10-30 1713 UT0U             59  16    DL7URH           59   14       
QSO:   14216 PH 2022-10-30 1714 UT0U             59  16    OE5KPP           59   15       
QSO:   14216 PH 2022-10-30 1715 UT0U             59  16    K7IU             59   03       
QSO:   14216 PH 2022-10-30 1715 UT0U             59  16    LY4BF            59   15       
QSO:   14216 PH 2022-10-30 1715 UT0U             59  16    KN7K             59   03       
QSO:   14216 PH 2022-10-30 1716 UT0U             59  16    VA7CTG           59   03       
QSO:   14216 PH 2022-10-30 1716 UT0U             59  16    M7MRX            59   14       
QSO:   14216 PH 2022-10-30 1716 UT0U             59  16    YP1EX            59   20       
QSO:   14216 PH 2022-10-30 1717 UT0U             59  16    F6KJS            59   14       
QSO:   14216 PH 2022-10-30 1717 UT0U             59  16    DC1OA            59   14       
QSO:   14216 PH 2022-10-30 1718 UT0U             59  16    TA6B             59   20       
QSO:   14216 PH 2022-10-30 1718 UT0U             59  16    KD2TT            59   05       
QSO:   14216 PH 2022-10-30 1719 UT0U             59  16    EU1DX            59   16       
QSO:   14216 PH 2022-10-30 1719 UT0U             59  16    M3P              59   14       
QSO:    7189 PH 2022-10-30 1720 UT0U             59  16    JT5DX            59   23       
QSO:    7097 PH 2022-10-30 1721 UT0U             59  16    TC3X             59   20       
QSO:    7164 PH 2022-10-30 1721 UT0U             59  16    IR7T             59   15       
QSO:    7184 PH 2022-10-30 1722 UT0U             59  16    YT5A             59   15       
QSO:    7129 PH 2022-10-30 1723 UT0U             59  16    JA3YBK           59   25       
QSO:    7158 PH 2022-10-30 1724 UT0U             59  16    SN3A             59   15       
QSO:    7123 PH 2022-10-30 1724 UT0U             59  16    S57AL            59   15       
QSO:    7064 PH 2022-10-30 1725 UT0U             59  16    YO3JW            59   20       
QSO:    3701 PH 2022-10-30 1731 UT0U             59  16    S53M             59   15       
QSO:    3750 PH 2022-10-30 1732 UT0U             59  16    YT5A             59   15       
QSO:    3755 PH 2022-10-30 1732 UT0U             59  16    SQ8NGV           59   15       
QSO:    3731 PH 2022-10-30 1732 UT0U             59  16    PI4CC            59   14       
QSO:    3782 PH 2022-10-30 1733 UT0U             59  16    IS0/OM2TW        59   15       
QSO:    3707 PH 2022-10-30 1734 UT0U             59  16    ES3V             59   15       
QSO:    3800 PH 2022-10-30 1737 UT0U             59  16    DF0HQ            59   14       
QSO:    3797 PH 2022-10-30 1738 UT0U             59  16    LZ9W             59   20       
QSO:    3795 PH 2022-10-30 1739 UT0U             59  16    CN3A             59   33       
QSO:    3794 PH 2022-10-30 1739 UT0U             59  16    OT4A             59   14       
QSO:    3791 PH 2022-10-30 1740 UT0U             59  16    IB3M             59   15       
QSO:    3786 PH 2022-10-30 1741 UT0U             59  16    M6T              59   14       
QSO:    3757 PH 2022-10-30 1742 UT0U             59  16    F6KOP            59   14       
QSO:    3708 PH 2022-10-30 1743 UT0U             59  16    9A3GVJ           59   15       
QSO:    7200 PH 2022-10-30 1744 UT0U             59  16    ED5R             59   14       
QSO:    7126 PH 2022-10-30 1744 UT0U             59  16    DM3W             59   14       
QSO:    7112 PH 2022-10-30 1745 UT0U             59  16    G8X              59   14       
QSO:    7192 PH 2022-10-30 1745 UT0U             59  16    LZ9W             59   20       
QSO:    7102 PH 2022-10-30 1746 UT0U             59  16    OT7T             59   14       
END-OF-LOG:
