START-OF-LOG: 3.0
CONTEST: CQ-WW-CW
CALLSIGN: BG5MWN
LOCATION: DX
CATEGORY-OPERATOR: SINGLE-OP
CATEGORY-ASSISTED: NON-ASSISTED
CATEGORY-BAND: 10M
CATEGORY-POWER: LOW
CATEGORY-MODE: CW
CATEGORY-TRANSMITTER: ONE
CATEGORY-STATION: FIXED
CATEGORY-OVERLAY:
GRID-LOCATOR: OL75JP
CLAIMED-SCORE: 3969
NAME: XIAO
OPERATORS: BG5MWN
CREATED-BY: N1MM Logger+ 1.0.10087.0
QSO:   28023 CW 2023-11-25 0006 BG5MWN           599 24    WJ9B             599  03       
QSO:   28025 CW 2023-11-25 0007 BG5MWN           599 24    HL2WA            599  25       
QSO:   28053 CW 2023-11-25 0012 BG5MWN           599 24    N6ZFO            599  03       
QSO:   28045 CW 2023-11-25 0013 BG5MWN           599 24    9M6NA            599  28       
QSO:   28020 CW 2023-11-25 0018 BG5MWN           599 24    N9RV             599  04       
QSO:   28015 CW 2023-11-25 0020 BG5MWN           599 24    JR6CSY           599  25       
QSO:   28009 CW 2023-11-25 0024 BG5MWN           599 24    N6KN             599  03       
QSO:   28021 CW 2023-11-25 0025 BG5MWN           599 24    DS4EOI           599  25       
QSO:   28030 CW 2023-11-25 0027 BG5MWN           599 24    N6SS             599  03       
QSO:   28031 CW 2023-11-25 0027 BG5MWN           599 24    N7DX             599  03       
QSO:   28064 CW 2023-11-25 0030 BG5MWN           599 24    3W9A             599  26       
QSO:   28066 CW 2023-11-25 0031 BG5MWN           599 24    JH4UYB           599  25       
QSO:   28068 CW 2023-11-25 0032 BG5MWN           599 24    RU0LL            599  19       
QSO:   28071 CW 2023-11-25 0033 BG5MWN           599 24    JN4MMO           599  25       
QSO:   28063 CW 2023-11-25 0034 BG5MWN           599 24    K6XX             599  03       
QSO:   28062 CW 2023-11-25 0036 BG5MWN           599 24    VE6BBP           599  04       
QSO:   28056 CW 2023-11-25 0037 BG5MWN           599 24    9M6ZAE           599  28       
QSO:   28046 CW 2023-11-25 0039 BG5MWN           599 24    6K2CFI           599  25       
QSO:   28015 CW 2023-11-25 0044 BG5MWN           599 24    N7AT             599  03       
QSO:   28003 CW 2023-11-25 0048 BG5MWN           599 24    JA3YBK           599  25       
QSO:   28026 CW 2023-11-25 0058 BG5MWN           599 24    KT7E             599  03       
QSO:   28022 CW 2023-11-25 0103 BG5MWN           599 24    JL3JRY           599  25       
QSO:   28010 CW 2023-11-25 0106 BG5MWN           599 24    JF1JDG           599  25       
QSO:   28010 CW 2023-11-25 0108 BG5MWN           599 24    XV9DL            599  26       
QSO:   28033 CW 2023-11-25 0116 BG5MWN           599 24    E2A              599  26       
QSO:   28058 CW 2023-11-25 2343 BG5MWN           599 24    JA5FDJ           599  25       
QSO:   28002 CW 2023-11-25 2346 BG5MWN           599 24    JR3BOT           599  25       
QSO:   28005 CW 2023-11-25 2346 BG5MWN           599 24    JH3AIU           599  25       
QSO:   28022 CW 2023-11-25 2350 BG5MWN           599 24    K3EST            599  03       
QSO:   28026 CW 2023-11-25 2351 BG5MWN           599 24    VR2XAN           599  24       
QSO:   28031 CW 2023-11-25 2354 BG5MWN           599 24    YC3GEM           599  28       
QSO:   28032 CW 2023-11-26 0001 BG5MWN           599 24    CW5W             599  13       
QSO:   28024 CW 2023-11-26 0003 BG5MWN           599 24    W6AX             599  03       
QSO:   28022 CW 2023-11-26 0005 BG5MWN           599 24    AD6E             599  03       
QSO:   28028 CW 2023-11-26 0015 BG5MWN           599 24    JA1BJI           599  25       
QSO:   28017 CW 2023-11-26 0017 BG5MWN           599 24    JN3DSH           599  25       
QSO:   28017 CW 2023-11-26 0017 BG5MWN           599 24    DX8H             599  27       
QSO:   28017 CW 2023-11-26 0018 BG5MWN           599 24    JA1XUY           599  25       
QSO:   28017 CW 2023-11-26 0019 BG5MWN           599 24    WH7T             599  31       
QSO:   28017 CW 2023-11-26 0020 BG5MWN           599 24    HL3AMO           599  25       
QSO:   28017 CW 2023-11-26 0020 BG5MWN           599 24    JR1WYW           599  25       
QSO:   28017 CW 2023-11-26 0021 BG5MWN           599 24    JA3MQY           599  25       
QSO:   28017 CW 2023-11-26 0021 BG5MWN           599 24    JE4MHL           599  25       
QSO:   28017 CW 2023-11-26 0022 BG5MWN           599 24    JH4OYD           599  25       
QSO:   28017 CW 2023-11-26 0023 BG5MWN           599 24    JK1LSE           599  25       
QSO:   28017 CW 2023-11-26 0023 BG5MWN           599 24    JH1CTV           599  25       
QSO:   28017 CW 2023-11-26 0024 BG5MWN           599 24    JA2XCR           599  25       
QSO:   28017 CW 2023-11-26 0024 BG5MWN           599 24    JK2RCP           599  25       
QSO:   28017 CW 2023-11-26 0025 BG5MWN           599 24    JF2VAX           599  25       
QSO:   28017 CW 2023-11-26 0026 BG5MWN           599 24    JF6ABL           599  25       
QSO:   28017 CW 2023-11-26 0027 BG5MWN           599 24    JA4GQD           599  25       
QSO:   28017 CW 2023-11-26 0027 BG5MWN           599 24    JE1NVD           599  25       
QSO:   28017 CW 2023-11-26 0028 BG5MWN           599 24    JH4UTP           599  25       
QSO:   28017 CW 2023-11-26 0029 BG5MWN           599 24    JF3IPR           599  25       
QSO:   28017 CW 2023-11-26 0029 BG5MWN           599 24    JE1RRK           599  25       
QSO:   28017 CW 2023-11-26 0030 BG5MWN           599 24    JR3RWB           599  25       
QSO:   28040 CW 2023-11-26 0042 BG5MWN           599 24    AH6KO            599  31       
QSO:   28059 CW 2023-11-26 2249 BG5MWN           599 24    JJ1LBJ           599  25       
QSO:   28008 CW 2023-11-26 2254 BG5MWN           599 24    JH1RNI           599  25       
QSO:   28018 CW 2023-11-26 2259 BG5MWN           599 24    K7SS             599  03       
QSO:   28019 CW 2023-11-26 2309 BG5MWN           599 24    K6LL             599  03       
QSO:   28027 CW 2023-11-26 2312 BG5MWN           599 24    W4EF             599  03       
QSO:   28027 CW 2023-11-26 2313 BG5MWN           599 24    JK1NWD           599  25       
QSO:   28028 CW 2023-11-26 2320 BG5MWN           599 24    N6TT             599  03       
QSO:   28029 CW 2023-11-26 2322 BG5MWN           599 24    W7RM             599  03       
QSO:   28052 CW 2023-11-26 2327 BG5MWN           599 24    W7YAQ            599  03       
QSO:   28011 CW 2023-11-26 2332 BG5MWN           599 24    K6AR             599  03       
QSO:   28031 CW 2023-11-26 2336 BG5MWN           599 24    JH3CUL           599  25       
QSO:   28004 CW 2023-11-26 2337 BG5MWN           599 24    YB9DE            599  28       
QSO:   28007 CW 2023-11-26 2338 BG5MWN           599 24    FW5N             599  32       
QSO:   28012 CW 2023-11-26 2341 BG5MWN           599 24    XE2X             599  06       
QSO:   28021 CW 2023-11-26 2345 BG5MWN           599 24    N7EPD            599  03       
QSO:   28023 CW 2023-11-26 2350 BG5MWN           599 24    XE2CT            599  06       
QSO:   28054 CW 2023-11-26 2353 BG5MWN           599 24    7A2A             599  28       
QSO:   28005 CW 2023-11-26 2355 BG5MWN           599 24    KH6LC            599  31       
QSO:   28037 CW 2023-11-26 2358 BG5MWN           599 24    NX5M             599  04       
QSO:   28009 CW 2023-11-26 2359 BG5MWN           599 24    JJ0JML           599  25       
END-OF-LOG:
