START-OF-LOG: 3.0
CONTEST: CQ-WW-CW
CALLSIGN: K5OY
LOCATION: AR
CATEGORY-OPERATOR: SINGLE-OP
CATEGORY-ASSISTED: ASSISTED
CATEGORY-BAND: ALL
CATEGORY-POWER: LOW
CATEGORY-MODE: CW
CATEGORY-TRANSMITTER: ONE
CATEGORY-STATION: FIXED
CATEGORY-OVERLAY:
GRID-LOCATOR:
CLAIMED-SCORE: 244290
NAME: Steve Gibbs
OPERATORS: K5OY
CLUB: NOISE BLANKERS RADIO GROUP
CREATED-BY: N3FJP's CQ WW DX Contest Log 6.0.5
QSO:    7000 CW 2023-11-25 0401 K5OY             599 04    D4C              599  35      0
QSO:    7069 CW 2023-11-25 0407 K5OY             599 04    ZF1A             599  08      0
QSO:    7068 CW 2023-11-25 0409 K5OY             599 04    ZF2SS            599  08      0
QSO:    7067 CW 2023-11-25 0411 K5OY             599 04    EA5RS            599  14      0
QSO:    7065 CW 2023-11-25 0412 K5OY             599 04    9A3K             599  15      0
QSO:    7064 CW 2023-11-25 0413 K5OY             599 04    EA2W             599  14      0
QSO:    7060 CW 2023-11-25 0416 K5OY             599 04    VE7SZ            599  03      0
QSO:    7057 CW 2023-11-25 0417 K5OY             599 04    VA2WA            599  05      0
QSO:    7053 CW 2023-11-25 0423 K5OY             599 04    TI7W             599  07      0
QSO:   14025 CW 2023-11-25 0430 K5OY             599 04    KH6LC            599  31      0
QSO:   14036 CW 2023-11-25 0431 K5OY             599 04    PY2NY            599  11      0
QSO:   14044 CW 2023-11-25 0432 K5OY             599 04    PZ5CO            599  09      0
QSO:    7003 CW 2023-11-25 0436 K5OY             599 04    9A1P             599  15      0
QSO:    7004 CW 2023-11-25 0437 K5OY             599 04    9A5DX            599  15      0
QSO:    7007 CW 2023-11-25 0439 K5OY             599 04    TK4W             599  15      0
QSO:    3510 CW 2023-11-25 0534 K5OY             599 04    ZF1A             599  08      0
QSO:    3518 CW 2023-11-25 0536 K5OY             599 04    VE5MX            599  04      0
QSO:    3520 CW 2023-11-25 0537 K5OY             599 04    VA3AR            599  04      0
QSO:    3520 CW 2023-11-25 0538 K5OY             599 04    TM2Y             599  14      0
QSO:    3525 CW 2023-11-25 0540 K5OY             599 04    ZF5T             599  08      0
QSO:    3529 CW 2023-11-25 0543 K5OY             599 04    VC7M             599  03      0
QSO:    3532 CW 2023-11-25 0544 K5OY             599 04    IR0A             599  15      0
QSO:    3534 CW 2023-11-25 0548 K5OY             599 04    TM7A             599  14      0
QSO:    3534 CW 2023-11-25 0550 K5OY             599 04    CR3A             599  33      0
QSO:    3535 CW 2023-11-25 0555 K5OY             599 04    VY2TT            599  05      0
QSO:    3543 CW 2023-11-25 0558 K5OY             599 04    CN3A             599  33      0
QSO:    3556 CW 2023-11-25 0602 K5OY             599 04    KP2M             599  08      0
QSO:    3560 CW 2023-11-25 0603 K5OY             599 04    D4C              599  35      0
QSO:    7020 CW 2023-11-25 0606 K5OY             599 04    OM2XW            599  15      0
QSO:    7025 CW 2023-11-25 0607 K5OY             599 04    S53M             599  15      0
QSO:    7031 CW 2023-11-25 0608 K5OY             599 04    IR2Q             599  15      0
QSO:    7044 CW 2023-11-25 0611 K5OY             599 04    CR3W             599  33      0
QSO:    7048 CW 2023-11-25 0613 K5OY             599 04    VE3EJ            599  04      0
QSO:    7050 CW 2023-11-25 0613 K5OY             599 04    KL7RA            599  01      0
QSO:    7054 CW 2023-11-25 0615 K5OY             599 04    TO7A             599  08      0
QSO:    7058 CW 2023-11-25 0618 K5OY             599 04    PZ5CO            599  09      0
QSO:    7060 CW 2023-11-25 0620 K5OY             599 04    II2S             599  15      0
QSO:    7062 CW 2023-11-25 0621 K5OY             599 04    PJ4K             599  09      0
QSO:   14057 CW 2023-11-25 0623 K5OY             599 04    8P9A             599  08      0
QSO:   14004 CW 2023-11-25 1444 K5OY             599 04    VC7M             599  03      0
QSO:   14005 CW 2023-11-25 1445 K5OY             599 04    LN7W             599  14      0
QSO:   14007 CW 2023-11-25 1446 K5OY             599 04    OL3Z             599  15      0
QSO:   21020 CW 2023-11-25 1448 K5OY             599 04    IR2Q             599  15      0
QSO:   21019 CW 2023-11-25 1451 K5OY             599 04    PA6X             599  14      0
QSO:   21014 CW 2023-11-25 1453 K5OY             599 04    S50R             599  15      0
QSO:   21012 CW 2023-11-25 1454 K5OY             599 04    YT9A             599  15      0
QSO:   21009 CW 2023-11-25 1455 K5OY             599 04    IO3F             599  15      0
QSO:   21007 CW 2023-11-25 1456 K5OY             599 04    OM7M             599  15      0
QSO:   21007 CW 2023-11-25 1456 K5OY             599 04    LA3AAV           599  14      0
QSO:   21020 CW 2023-11-25 1500 K5OY             599 04    DL3FCG           599  14      0
QSO:   21026 CW 2023-11-25 1504 K5OY             599 04    SN2M             599  15      0
QSO:   21028 CW 2023-11-25 1504 K5OY             599 04    EF3W             599  14      0
QSO:   21029 CW 2023-11-25 1505 K5OY             599 04    G3V              599  14      0
QSO:   21030 CW 2023-11-25 1506 K5OY             599 04    OM8CW            599  15      0
QSO:   21030 CW 2023-11-25 1506 K5OY             599 04    DR4A             599  14      0
QSO:   21033 CW 2023-11-25 1509 K5OY             599 04    TI7W             599  07      0
QSO:   21037 CW 2023-11-25 1510 K5OY             599 04    EF1A             599  14      0
QSO:   21037 CW 2023-11-25 1511 K5OY             599 04    VE3MIS           599  04      0
QSO:   21039 CW 2023-11-25 1512 K5OY             599 04    DL7FER           599  14      0
QSO:   21040 CW 2023-11-25 1515 K5OY             599 04    TM1A             599  14      0
QSO:   21041 CW 2023-11-25 1516 K5OY             599 04    CR6X             599  14      0
QSO:   21041 CW 2023-11-25 1516 K5OY             599 04    VA2WA            599  05      0
QSO:   21042 CW 2023-11-25 1519 K5OY             599 04    TO7A             599  08      0
QSO:   21044 CW 2023-11-25 1520 K5OY             599 04    YT5A             599  15      0
QSO:   21046 CW 2023-11-25 1521 K5OY             599 04    S57Z             599  15      0
QSO:   21048 CW 2023-11-25 1523 K5OY             599 04    ZF1A             599  08      0
QSO:   21050 CW 2023-11-25 1523 K5OY             599 04    OK7O             599  15      0
QSO:   21051 CW 2023-11-25 1524 K5OY             599 04    PI4COM           599  14      0
QSO:   28097 CW 2023-11-25 1526 K5OY             599 04    NP4Z             599  08      0
QSO:   28095 CW 2023-11-25 1528 K5OY             599 04    9A1AA            599  15      0
QSO:   28094 CW 2023-11-25 1529 K5OY             599 04    IR4X             599  15      0
QSO:   28087 CW 2023-11-25 1531 K5OY             599 04    9A1P             599  15      0
QSO:   28087 CW 2023-11-25 1534 K5OY             599 04    EF8BBM           599  33      0
QSO:   28065 CW 2023-11-25 1537 K5OY             599 04    HB9EP            599  14      0
QSO:   28065 CW 2023-11-25 1537 K5OY             599 04    F5MAX            599  14      0
QSO:   28065 CW 2023-11-25 1538 K5OY             599 04    TI7W             599  07      0
QSO:   28063 CW 2023-11-25 1539 K5OY             599 04    S51B             599  15      0
QSO:   28061 CW 2023-11-25 1539 K5OY             599 04    IO3F             599  15      0
QSO:   28060 CW 2023-11-25 1539 K5OY             599 04    TM5T             599  14      0
QSO:   28057 CW 2023-11-25 1552 K5OY             599 04    EA8RM            599  33      0
QSO:   28056 CW 2023-11-25 1552 K5OY             599 04    PJ7EE            599  08      0
QSO:   28055 CW 2023-11-25 1554 K5OY             599 04    CR5X             599  14      0
QSO:   28012 CW 2023-11-25 1916 K5OY             599 04    OA4EA            599  10      0
QSO:   28011 CW 2023-11-25 1920 K5OY             599 04    CR3A             599  33      0
QSO:   28009 CW 2023-11-25 1924 K5OY             599 04    ZF5T             599  08      0
QSO:   28008 CW 2023-11-25 1924 K5OY             599 04    ZF1A             599  08      0
QSO:   28004 CW 2023-11-25 1929 K5OY             599 04    PX2A             599  11      0
QSO:   28004 CW 2023-11-25 1929 K5OY             599 04    NP3A             599  08      0
QSO:   28000 CW 2023-11-25 1931 K5OY             599 04    PR2E             599  11      0
QSO:   28001 CW 2023-11-25 1935 K5OY             599 04    HO2T             599  07      0
QSO:   28029 CW 2023-11-25 1943 K5OY             599 04    CR3W             599  33      0
QSO:   28029 CW 2023-11-25 1944 K5OY             599 04    CE3CT            599  12      0
QSO:   28036 CW 2023-11-25 1946 K5OY             599 04    PX2W             599  11      0
QSO:   28043 CW 2023-11-25 1948 K5OY             599 04    XE2I             599  06      0
QSO:   28044 CW 2023-11-25 1950 K5OY             599 04    OH1MM            599  15      0
QSO:   28044 CW 2023-11-25 1951 K5OY             599 04    D4C              599  35      0
QSO:   28018 CW 2023-11-25 1953 K5OY             599 04    9Z4A             599  09      0
QSO:   28001 CW 2023-11-25 1954 K5OY             599 04    OH5BM            599  15      0
QSO:   21059 CW 2023-11-25 1959 K5OY             599 04    HK3TU            599  09      0
QSO:   21055 CW 2023-11-25 2000 K5OY             599 04    KH7M             599  31      0
QSO:   21052 CW 2023-11-25 2001 K5OY             599 04    KH6LC            599  31      0
QSO:   21051 CW 2023-11-25 2002 K5OY             599 04    LW1F             599  13      0
QSO:   21050 CW 2023-11-25 2003 K5OY             599 04    CO8ZZ            599  08      0
QSO:   21048 CW 2023-11-25 2004 K5OY             599 04    PJ4K             599  09      0
QSO:   21044 CW 2023-11-25 2006 K5OY             599 04    ED8M             599  33      0
QSO:   21041 CW 2023-11-25 2007 K5OY             599 04    VC7M             599  03      0
QSO:   21035 CW 2023-11-25 2010 K5OY             599 04    FY5KE            599  09      0
QSO:   21033 CW 2023-11-25 2012 K5OY             599 04    PJ2T             599  09      0
QSO:   21030 CW 2023-11-25 2013 K5OY             599 04    OH8A             599  15      0
QSO:   21026 CW 2023-11-25 2018 K5OY             599 04    D4C              599  35      0
QSO:   21025 CW 2023-11-25 2018 K5OY             599 04    VE2FK            599  05      0
QSO:   21016 CW 2023-11-25 2020 K5OY             599 04    OG9X             599  15      0
QSO:   28016 CW 2023-11-25 2021 K5OY             599 04    AH6KO            599  31      0
QSO:   21037 CW 2023-11-25 2022 K5OY             599 04    VE7SZ            599  03      0
QSO:   21036 CW 2023-11-25 2023 K5OY             599 04    PT5J             599  11      0
QSO:   21060 CW 2023-11-25 2034 K5OY             599 04    CE2LR            599  12      0
QSO:   21057 CW 2023-11-25 2035 K5OY             599 04    PJ7EE            599  08      0
QSO:   14071 CW 2023-11-25 2036 K5OY             599 04    V47T             599  08      0
QSO:   14061 CW 2023-11-25 2038 K5OY             599 04    EA5RS            599  14      0
QSO:   21068 CW 2023-11-25 2109 K5OY             599 04    KL7AC            599  01      0
QSO:   21063 CW 2023-11-25 2110 K5OY             599 04    VE6SV            599  04      0
QSO:   21050 CW 2023-11-25 2111 K5OY             599 04    CN3A             599  33      0
QSO:   21048 CW 2023-11-25 2113 K5OY             599 04    5W1SA            599  32      0
QSO:   21038 CW 2023-11-25 2114 K5OY             599 04    VE5MX            599  04      0
QSO:   21036 CW 2023-11-25 2116 K5OY             599 04    JR2GRX           599  25      0
QSO:   21031 CW 2023-11-25 2117 K5OY             599 04    VA7ST            599  03      0
QSO:   21031 CW 2023-11-25 2119 K5OY             599 04    OG6N             599  15      0
QSO:   21031 CW 2023-11-25 2120 K5OY             599 04    W6QU             599  03      0
QSO:   21031 CW 2023-11-25 2121 K5OY             599 04    SM2SUM           599  14      0
QSO:   21030 CW 2023-11-25 2140 K5OY             599 04    VE7SAR           599  03      0
QSO:   21029 CW 2023-11-25 2140 K5OY             599 04    CR3A             599  33      0
QSO:   21028 CW 2023-11-25 2141 K5OY             599 04    HO2T             599  07      0
QSO:   21027 CW 2023-11-25 2142 K5OY             599 04    JL1CNY           599  25      0
QSO:   28021 CW 2023-11-25 2146 K5OY             599 04    HQ9X             599  07      0
QSO:   28025 CW 2023-11-25 2148 K5OY             599 04    N6PE             599  03      0
QSO:   28025 CW 2023-11-25 2149 K5OY             599 04    PY2TEN           599  11      0
QSO:   28067 CW 2023-11-25 2150 K5OY             599 04    KP2B             599  08      0
QSO:   28067 CW 2023-11-25 2151 K5OY             599 04    VA7KO            599  03      0
QSO:   28069 CW 2023-11-25 2153 K5OY             599 04    8P5A             599  08      0
QSO:   28071 CW 2023-11-25 2153 K5OY             599 04    VE3TM            599  04      0
QSO:   28002 CW 2023-11-25 2155 K5OY             599 04    PZ5CO            599  09      0
QSO:   28003 CW 2023-11-25 2156 K5OY             599 04    LU3MG            599  13      0
QSO:   28007 CW 2023-11-25 2157 K5OY             599 04    V31CQ            599  07      0
QSO:   14019 CW 2023-11-25 2202 K5OY             599 04    VE3NNT           599  04      0
QSO:   14019 CW 2023-11-25 2202 K5OY             599 04    XM3A             599  04      0
QSO:   14023 CW 2023-11-25 2203 K5OY             599 04    VL2B             599  30      0
QSO:   14024 CW 2023-11-25 2205 K5OY             599 04    II9W             599  15      0
QSO:   14025 CW 2023-11-25 2205 K5OY             599 04    9A1A             599  15      0
QSO:   14029 CW 2023-11-25 2206 K5OY             599 04    VA2WA            599  05      0
QSO:   14031 CW 2023-11-25 2209 K5OY             599 04    VA3FH            599  04      0
QSO:   14035 CW 2023-11-25 2211 K5OY             599 04    TM7M             599  14      0
QSO:   14036 CW 2023-11-25 2212 K5OY             599 04    VE3EJ            599  04      0
QSO:   14040 CW 2023-11-25 2215 K5OY             599 04    VE6AO            599  04      0
QSO:   14041 CW 2023-11-25 2216 K5OY             599 04    EF2A             599  14      0
QSO:   14042 CW 2023-11-25 2220 K5OY             599 04    IT9T             599  15      0
QSO:   14049 CW 2023-11-25 2221 K5OY             599 04    D4C              599  35      0
QSO:   14050 CW 2023-11-25 2232 K5OY             599 04    PJ4K             599  09      0
QSO:   14051 CW 2023-11-25 2233 K5OY             599 04    N3CZ             599  05      0
QSO:   14051 CW 2023-11-25 2234 K5OY             599 04    ED8M             599  33      0
QSO:   14020 CW 2023-11-25 2238 K5OY             599 04    ED7W             599  14      0
QSO:   14050 CW 2023-11-25 2330 K5OY             599 04    VE5MX            599  04      0
QSO:   14048 CW 2023-11-25 2333 K5OY             599 04    PJ2T             599  09      0
QSO:   14047 CW 2023-11-25 2333 K5OY             599 04    NP4L             599  08      0
QSO:   21059 CW 2023-11-25 2334 K5OY             599 04    VE6WQ            599  04      0
QSO:   21058 CW 2023-11-26 0118 K5OY             599 04    V37T             599  07      0
QSO:   21058 CW 2023-11-26 0118 K5OY             599 04    JA7ZFN           599  25      0
QSO:   21053 CW 2023-11-26 0121 K5OY             599 04    JA7NVF           599  25      0
QSO:   21047 CW 2023-11-26 0123 K5OY             599 04    JF1NHD           599  25      0
QSO:   21040 CW 2023-11-26 0125 K5OY             599 04    JA3YBK           599  25      0
QSO:   14040 CW 2023-11-26 0342 K5OY             599 04    3B9KW            599  39      0
QSO:   14039 CW 2023-11-26 0344 K5OY             599 04    P40L             599  09      0
QSO:   14037 CW 2023-11-26 0345 K5OY             599 04    ZY2A             599  11      0
QSO:   14035 CW 2023-11-26 0346 K5OY             599 04    JJ0VNR           599  25      0
QSO:   14027 CW 2023-11-26 0348 K5OY             599 04    PX2A             599  11      0
QSO:   14027 CW 2023-11-26 0348 K5OY             599 04    HQ9X             599  07      0
QSO:   14026 CW 2023-11-26 0349 K5OY             599 04    ZF1A             599  08      0
QSO:   14017 CW 2023-11-26 0350 K5OY             599 04    CR3A             599  33      0
QSO:   14014 CW 2023-11-26 0351 K5OY             599 04    PY2FRQ           599  11      0
QSO:   14008 CW 2023-11-26 0352 K5OY             599 04    CR3W             599  33      0
QSO:   14003 CW 2023-11-26 0354 K5OY             599 04    LU3MG            599  13      0
QSO:   14058 CW 2023-11-26 0357 K5OY             599 04    FY5FY            599  09      0
QSO:   14059 CW 2023-11-26 0358 K5OY             599 04    ZS6WN            599  38      0
QSO:   14069 CW 2023-11-26 0400 K5OY             599 04    3B8M             599  39      0
QSO:    7050 CW 2023-11-26 0408 K5OY             599 04    ID9R             599  15      0
QSO:    7046 CW 2023-11-26 0409 K5OY             599 04    N3CZ             599  05      0
QSO:    7046 CW 2023-11-26 0411 K5OY             599 04    SK3W             599  14      0
QSO:    7046 CW 2023-11-26 0411 K5OY             599 04    ED7W             599  14      0
QSO:    7046 CW 2023-11-26 0412 K5OY             599 04    RU1A             599  16      0
QSO:    7046 CW 2023-11-26 0413 K5OY             599 04    ED8M             599  33      0
QSO:    7046 CW 2023-11-26 0414 K5OY             599 04    HG7T             599  15      0
QSO:    7046 CW 2023-11-26 0416 K5OY             599 04    RL3A             599  16      0
QSO:    7042 CW 2023-11-26 0419 K5OY             599 04    M0X              599  14      0
QSO:    7042 CW 2023-11-26 0431 K5OY             599 04    IO3F             599  15      0
QSO:    7042 CW 2023-11-26 0433 K5OY             599 04    EI7M             599  14      0
QSO:    7041 CW 2023-11-26 0434 K5OY             599 04    SO4M             599  15      0
QSO:    7000 CW 2023-11-26 0436 K5OY             599 04    9A9R             599  15      0
QSO:    7007 CW 2023-11-26 0439 K5OY             599 04    IR6T             599  15      0
QSO:    7009 CW 2023-11-26 0441 K5OY             599 04    TM1A             599  14      0
QSO:    7010 CW 2023-11-26 0442 K5OY             599 04    XM3A             599  04      0
QSO:    7013 CW 2023-11-26 0443 K5OY             599 04    CR3A             599  33      0
QSO:    7013 CW 2023-11-26 0444 K5OY             599 04    HB9CA            599  14      0
QSO:    7016 CW 2023-11-26 0447 K5OY             599 04    YT3EWW           599  15      0
QSO:    7018 CW 2023-11-26 0449 K5OY             599 04    OL3Z             599  15      0
QSO:    7024 CW 2023-11-26 0453 K5OY             599 04    RL3A             599  16      0
QSO:    7028 CW 2023-11-26 0455 K5OY             599 04    YT7A             599  15      0
QSO:    7029 CW 2023-11-26 0455 K5OY             599 04    9A1A             599  15      0
QSO:    7033 CW 2023-11-26 0457 K5OY             599 04    PJ2T             599  09      0
QSO:    7047 CW 2023-11-26 0502 K5OY             599 04    XE2I             599  06      0
QSO:    7058 CW 2023-11-26 0505 K5OY             599 04    DP9A             599  14      0
QSO:    7059 CW 2023-11-26 0507 K5OY             599 04    CN3A             599  33      0
QSO:    7060 CW 2023-11-26 0508 K5OY             599 04    VE3YT            599  04      0
QSO:    7061 CW 2023-11-26 0509 K5OY             599 04    KP4AA            599  08      0
QSO:    7061 CW 2023-11-26 0509 K5OY             599 04    ED1R             599  14      0
QSO:    7062 CW 2023-11-26 0510 K5OY             599 04    VE3KOT           599  04      0
QSO:    3540 CW 2023-11-26 0513 K5OY             599 04    XL3A             599  04      0
QSO:    3534 CW 2023-11-26 0514 K5OY             599 04    TI7W             599  07      0
QSO:    3534 CW 2023-11-26 0516 K5OY             599 04    PJ4K             599  09      0
QSO:    3501 CW 2023-11-26 0518 K5OY             599 04    VA2WA            599  05      0
QSO:   14062 CW 2023-11-26 0522 K5OY             599 04    8P5A             599  08      0
QSO:    7054 CW 2023-11-26 0530 K5OY             599 04    LZ9W             599  20      0
QSO:    7008 CW 2023-11-26 0533 K5OY             599 04    P32W             599  20      0
QSO:    7015 CW 2023-11-26 0535 K5OY             599 04    YT4W             599  15      0
QSO:    7025 CW 2023-11-26 0537 K5OY             599 04    IR4M             599  15      0
QSO:    7026 CW 2023-11-26 0538 K5OY             599 04    VA7DZ            599  03      0
QSO:    7031 CW 2023-11-26 0539 K5OY             599 04    M6T              599  14      0
QSO:    7034 CW 2023-11-26 0540 K5OY             599 04    TM9C             599  14      0
QSO:    7044 CW 2023-11-26 0542 K5OY             599 04    ID9A             599  15      0
QSO:    7045 CW 2023-11-26 0542 K5OY             599 04    VE6SV            599  04      0
QSO:    7045 CW 2023-11-26 0544 K5OY             599 04    P40L             599  09      0
QSO:   21009 CW 2023-11-26 1438 K5OY             599 04    IB3N             599  15      0
QSO:   21005 CW 2023-11-26 1440 K5OY             599 04    MM2T             599  14      0
QSO:   21003 CW 2023-11-26 1440 K5OY             599 04    TM2Y             599  14      0
QSO:   21002 CW 2023-11-26 1442 K5OY             599 04    S50K             599  15      0
QSO:   21003 CW 2023-11-26 1446 K5OY             599 04    XM3A             599  04      0
QSO:   21006 CW 2023-11-26 1449 K5OY             599 04    RT4F             599  16      0
QSO:   21008 CW 2023-11-26 1451 K5OY             599 04    RL3A             599  16      0
QSO:   21008 CW 2023-11-26 1452 K5OY             599 04    PA2PKZ           599  14      0
QSO:   21009 CW 2023-11-26 1453 K5OY             599 04    F6IIT            599  14      0
QSO:   21010 CW 2023-11-26 1453 K5OY             599 04    9A1A             599  15      0
QSO:   21011 CW 2023-11-26 1454 K5OY             599 04    LY5R             599  15      0
QSO:   21022 CW 2023-11-26 1458 K5OY             599 04    M6T              599  14      0
QSO:   21023 CW 2023-11-26 1459 K5OY             599 04    HQ9X             599  07      0
QSO:   21025 CW 2023-11-26 1501 K5OY             599 04    F6ARC            599  14      0
QSO:   21028 CW 2023-11-26 1502 K5OY             599 04    OT7T             599  14      0
QSO:   21030 CW 2023-11-26 1504 K5OY             599 04    TM7A             599  14      0
QSO:   21036 CW 2023-11-26 1506 K5OY             599 04    II2S             599  15      0
QSO:   21037 CW 2023-11-26 1507 K5OY             599 04    Z35T             599  15      0
QSO:   21037 CW 2023-11-26 1508 K5OY             599 04    ED7W             599  14      0
QSO:   21037 CW 2023-11-26 1509 K5OY             599 04    SN3A             599  15      0
QSO:   21041 CW 2023-11-26 1510 K5OY             599 04    SN2B             599  15      0
QSO:   21042 CW 2023-11-26 1511 K5OY             599 04    SO4M             599  15      0
QSO:   21043 CW 2023-11-26 1511 K5OY             599 04    DP9A             599  14      0
QSO:   21045 CW 2023-11-26 1512 K5OY             599 04    EF6T             599  14      0
QSO:   21051 CW 2023-11-26 1514 K5OY             599 04    DL3UB            599  14      0
QSO:   21052 CW 2023-11-26 1514 K5OY             599 04    S50A             599  15      0
QSO:   21055 CW 2023-11-26 1515 K5OY             599 04    G6XX             599  14      0
QSO:   21056 CW 2023-11-26 1516 K5OY             599 04    RU1A             599  16      0
QSO:   21059 CW 2023-11-26 1518 K5OY             599 04    F5VIY            599  14      0
QSO:   21061 CW 2023-11-26 1520 K5OY             599 04    YL2DJ            599  15      0
QSO:   21065 CW 2023-11-26 1521 K5OY             599 04    ED7O             599  14      0
QSO:   21067 CW 2023-11-26 1522 K5OY             599 04    DD2D             599  14      0
QSO:   21068 CW 2023-11-26 1523 K5OY             599 04    YR8D             599  20      0
QSO:   28009 CW 2023-11-26 1525 K5OY             599 04    F8DGY            599  14      0
QSO:   28011 CW 2023-11-26 1527 K5OY             599 04    F5NBX            599  14      0
QSO:   28012 CW 2023-11-26 1529 K5OY             599 04    II2I             599  15      0
QSO:   28014 CW 2023-11-26 1531 K5OY             599 04    VE3EJ            599  04      0
QSO:   28016 CW 2023-11-26 1531 K5OY             599 04    OM7M             599  15      0
QSO:   28016 CW 2023-11-26 1532 K5OY             599 04    S53A             599  15      0
QSO:   28018 CW 2023-11-26 1532 K5OY             599 04    HA9RT            599  15      0
QSO:   28023 CW 2023-11-26 1535 K5OY             599 04    DM1T             599  14      0
QSO:   28030 CW 2023-11-26 1539 K5OY             599 04    IB9R             599  15      0
QSO:   28032 CW 2023-11-26 1540 K5OY             599 04    TM6M             599  14      0
QSO:   28035 CW 2023-11-26 1541 K5OY             599 04    EA3R             599  14      0
QSO:   28036 CW 2023-11-26 1542 K5OY             599 04    HA5JI            599  15      0
QSO:   28036 CW 2023-11-26 1543 K5OY             599 04    IK4DCX           599  15      0
QSO:   28040 CW 2023-11-26 1544 K5OY             599 04    DK3QZ            599  14      0
QSO:   28040 CW 2023-11-26 1546 K5OY             599 04    9A5D             599  15      0
QSO:   28041 CW 2023-11-26 1546 K5OY             599 04    GM4Z             599  14      0
QSO:   28043 CW 2023-11-26 1547 K5OY             599 04    IR4M             599  15      0
QSO:   28043 CW 2023-11-26 1548 K5OY             599 04    IZ5EKV           599  15      0
QSO:   28044 CW 2023-11-26 1548 K5OY             599 04    DK5DQ            599  14      0
QSO:   28044 CW 2023-11-26 1549 K5OY             599 04    IB9T             599  15      0
QSO:   28047 CW 2023-11-26 1550 K5OY             599 04    EA1R             599  14      0
QSO:   28046 CW 2023-11-26 1601 K5OY             599 04    HA5PP            599  15      0
QSO:   21071 CW 2023-11-26 1605 K5OY             599 04    DF7A             599  14      0
QSO:   21067 CW 2023-11-26 1606 K5OY             599 04    DL4JLM           599  14      0
QSO:   21067 CW 2023-11-26 1606 K5OY             599 04    LY2MM            599  15      0
QSO:   21067 CW 2023-11-26 1608 K5OY             599 04    DP6A             599  14      0
QSO:   21067 CW 2023-11-26 1609 K5OY             599 04    OH1EB            599  15      0
QSO:   21067 CW 2023-11-26 1610 K5OY             599 04    DL4FN            599  14      0
QSO:   21067 CW 2023-11-26 1610 K5OY             599 04    G8P              599  14      0
QSO:   21067 CW 2023-11-26 1610 K5OY             599 04    ON6NL            599  14      0
QSO:   21067 CW 2023-11-26 1612 K5OY             599 04    XE2AD            599  06      0
QSO:   21067 CW 2023-11-26 1613 K5OY             599 04    SN7Q             599  15      0
QSO:   21067 CW 2023-11-26 1614 K5OY             599 04    DK5DQ            599  14      0
QSO:   14054 CW 2023-11-26 1805 K5OY             599 04    VE3KOT           599  04      0
QSO:   28001 CW 2023-11-26 1905 K5OY             599 04    ZW8T             599  11      0
QSO:   28004 CW 2023-11-26 1905 K5OY             599 04    PY2NY            599  11      0
QSO:   28006 CW 2023-11-26 1906 K5OY             599 04    VE6UM            599  04      0
QSO:   28011 CW 2023-11-26 1907 K5OY             599 04    VE5UF            599  04      0
QSO:   28013 CW 2023-11-26 1908 K5OY             599 04    VE3NZ            599  04      0
QSO:   28022 CW 2023-11-26 1909 K5OY             599 04    PY3TD            599  11      0
QSO:   28023 CW 2023-11-26 1909 K5OY             599 04    LS2D             599  13      0
QSO:   28026 CW 2023-11-26 1911 K5OY             599 04    VE7ZO            599  03      0
QSO:   28030 CW 2023-11-26 1911 K5OY             599 04    CX9AU            599  13      0
QSO:   28031 CW 2023-11-26 1912 K5OY             599 04    VA2WA            599  05      0
QSO:   28036 CW 2023-11-26 1913 K5OY             599 04    VC7M             599  03      0
QSO:   28036 CW 2023-11-26 1914 K5OY             599 04    VA7ST            599  03      0
QSO:   28037 CW 2023-11-26 1914 K5OY             599 04    PY2KJ            599  11      0
QSO:   28040 CW 2023-11-26 1917 K5OY             599 04    WH7T             599  31      0
QSO:   28041 CW 2023-11-26 1917 K5OY             599 04    LT1F             599  13      0
QSO:   28043 CW 2023-11-26 1918 K5OY             599 04    VA7DX            599  03      0
QSO:   28045 CW 2023-11-26 1918 K5OY             599 04    VE5GC            599  04      0
QSO:   28046 CW 2023-11-26 1919 K5OY             599 04    PY2UD            599  11      0
QSO:   28051 CW 2023-11-26 1920 K5OY             599 04    TO1A             599  09      0
QSO:   28059 CW 2023-11-26 1921 K5OY             599 04    PJ2T             599  09      0
QSO:   28059 CW 2023-11-26 1922 K5OY             599 04    VE3VN            599  04      0
QSO:   28063 CW 2023-11-26 1923 K5OY             599 04    YV4ABR           599  09      0
QSO:   28066 CW 2023-11-26 1923 K5OY             599 04    PY2RSA           599  11      0
QSO:   28031 CW 2023-11-26 1926 K5OY             599 04    KL7RA            599  01      0
QSO:   28036 CW 2023-11-26 1927 K5OY             599 04    C6AQQ            599  08      0
QSO:   28067 CW 2023-11-26 1930 K5OY             599 04    PV2K             599  11      0
QSO:   28068 CW 2023-11-26 1931 K5OY             599 04    TI5/VA3RA        599  07      0
QSO:   21085 CW 2023-11-26 1933 K5OY             599 04    NP4Z             599  08      0
QSO:   21086 CW 2023-11-26 1933 K5OY             599 04    ZF5T             599  08      0
QSO:   21095 CW 2023-11-26 1937 K5OY             599 04    VO2AC            599  02      0
QSO:   21103 CW 2023-11-26 1939 K5OY             599 04    KH6AQ            599  31      0
QSO:   21063 CW 2023-11-26 1942 K5OY             599 04    EA8RT            599  33      0
QSO:   21061 CW 2023-11-26 1945 K5OY             599 04    VE3RSA           599  04      0
QSO:   21061 CW 2023-11-26 1946 K5OY             599 04    VE3MA            599  04      0
QSO:   21056 CW 2023-11-26 1948 K5OY             599 04    LP1H             599  13      0
QSO:   21045 CW 2023-11-26 1950 K5OY             599 04    EC5K             599  14      0
QSO:   21044 CW 2023-11-26 1957 K5OY             599 04    HK3ZD            599  09      0
QSO:   14008 CW 2023-11-26 2006 K5OY             599 04    RT4F             599  16      0
QSO:   14023 CW 2023-11-26 2010 K5OY             599 04    VA2CZ            599  05      0
QSO:   28058 CW 2023-11-26 2011 K5OY             599 04    ZF2SS            599  08      0
QSO:   28081 CW 2023-11-26 2016 K5OY             599 04    ZY2A             599  11      0
QSO:   28066 CW 2023-11-26 2244 K5OY             599 04    JH8YOH           599  25      0
QSO:   28054 CW 2023-11-26 2246 K5OY             599 04    PP4T             599  11      0
QSO:   28052 CW 2023-11-26 2247 K5OY             599 04    LU3BMS           599  13      0
QSO:   28052 CW 2023-11-26 2249 K5OY             599 04    PX1M             599  11      0
QSO:   28006 CW 2023-11-26 2251 K5OY             599 04    CX5FK            599  13      0
QSO:   28010 CW 2023-11-26 2254 K5OY             599 04    PR5Y             599  11      0
QSO:   28012 CW 2023-11-26 2255 K5OY             599 04    XE2X             599  06      0
QSO:   28016 CW 2023-11-26 2256 K5OY             599 04    JJ2YRM           599  25      0
QSO:   21037 CW 2023-11-26 2259 K5OY             599 04    JA9CWJ           599  25      0
QSO:   21035 CW 2023-11-26 2300 K5OY             599 04    LT1F             599  13      0
QSO:   21033 CW 2023-11-26 2300 K5OY             599 04    JN2AMD           599  25      0
QSO:   21033 CW 2023-11-26 2302 K5OY             599 04    VE7NZ            599  03      0
QSO:   21026 CW 2023-11-26 2305 K5OY             599 04    PX2A             599  11      0
QSO:   28027 CW 2023-11-26 2308 K5OY             599 04    JG1TVK           599  25      0
QSO:   14027 CW 2023-11-26 2309 K5OY             599 04    VE7VR            599  03      0
QSO:   14027 CW 2023-11-26 2312 K5OY             599 04    VE3SMA           599  04      0
QSO:   21027 CW 2023-11-26 2317 K5OY             599 04    BA4TB            599  24      0
QSO:   21035 CW 2023-11-26 2319 K5OY             599 04    JA5DQH           599  25      0
QSO:   14024 CW 2023-11-26 2323 K5OY             599 04    LT1F             599  13      0
QSO:   28034 CW 2023-11-26 2324 K5OY             599 04    RT0F             599  19      0
QSO:   21003 CW 2023-11-26 2326 K5OY             599 04    P44W             599  09      0
END-OF-LOG:
