START-OF-LOG: 3.0
CONTEST: CQ-WW-CW
CALLSIGN: R8JAJ
LOCATION: DX
CATEGORY-OPERATOR: SINGLE-OP
CATEGORY-ASSISTED: NON-ASSISTED
CATEGORY-BAND: ALL
CATEGORY-POWER: LOW
CATEGORY-MODE: CW
CATEGORY-TRANSMITTER: ONE
CATEGORY-STATION: FIXED
CATEGORY-OVERLAY:
GRID-LOCATOR: MP61QF
CLAIMED-SCORE: 75891
NAME: Dima
OPERATORS: R8JAJ
CREATED-BY: N1MM Logger+ 1.0.9937.0
QSO:    7023 CW 2023-11-25 1721 R8JAJ            599 17    YT5A             599  15       
QSO:    7023 CW 2023-11-25 1722 R8JAJ            599 17    UA4M             599  16       
QSO:    7023 CW 2023-11-25 1722 R8JAJ            599 17    RL3A             599  16       
QSO:    7032 CW 2023-11-25 1725 R8JAJ            599 17    R4LY             599  16       
QSO:    7036 CW 2023-11-25 1744 R8JAJ            599 17    R9JAP            599  17       
QSO:    7040 CW 2023-11-25 1750 R8JAJ            599 17    R9FT             599  17       
QSO:    7022 CW 2023-11-25 1753 R8JAJ            599 17    R4RT             599  16       
QSO:    7023 CW 2023-11-25 1802 R8JAJ            599 17    P3SMW            599  20       
QSO:   21029 CW 2023-11-25 1806 R8JAJ            599 17    KW3A             599  33       
QSO:   21024 CW 2023-11-25 1808 R8JAJ            599 17    K6NR             599  03       
QSO:   21023 CW 2023-11-25 1809 R8JAJ            599 17    N4RV             599  05       
QSO:   21065 CW 2023-11-25 1811 R8JAJ            599 17    RM9A             599  17       
QSO:   21045 CW 2023-11-25 1812 R8JAJ            599 17    K4ZW             599  05       
QSO:   21015 CW 2023-11-25 1815 R8JAJ            599 17    ND7K             599  03       
QSO:   21023 CW 2023-11-25 1836 R8JAJ            599 17    UA4M             599  16       
QSO:   21006 CW 2023-11-25 1841 R8JAJ            599 17    NR4M             599  05       
QSO:   21011 CW 2023-11-25 1843 R8JAJ            599 17    K0RF             599  04       
QSO:   28052 CW 2023-11-26 0453 R8JAJ            599 17    JA5FDJ           599  25       
QSO:   28046 CW 2023-11-26 0454 R8JAJ            599 17    JS6TSE           599  25       
QSO:   28044 CW 2023-11-26 0454 R8JAJ            599 17    BA7LOK           599  24       
QSO:   28034 CW 2023-11-26 0458 R8JAJ            599 17    OM4WUZ           599  25       
QSO:   28025 CW 2023-11-26 0459 R8JAJ            599 17    4L8A             599  21       
QSO:   21040 CW 2023-11-26 0503 R8JAJ            599 17    JA3YBK           599  25       
QSO:   21039 CW 2023-11-26 0504 R8JAJ            599 17    JR3EOI           599  25       
QSO:   21038 CW 2023-11-26 0504 R8JAJ            599 17    JE1CKA           599  25       
QSO:   21027 CW 2023-11-26 0505 R8JAJ            599 17    BA7LOK           599  24       
QSO:   14052 CW 2023-11-26 0518 R8JAJ            599 17    EW1TZ            599  16       
QSO:   14052 CW 2023-11-26 0518 R8JAJ            599 17    HA8A             599  15       
QSO:   14052 CW 2023-11-26 0519 R8JAJ            599 17    OG4Z             599  15       
QSO:   14052 CW 2023-11-26 0519 R8JAJ            599 17    SQ2A             599  15       
QSO:   14052 CW 2023-11-26 0520 R8JAJ            599 17    UA6LCJ           599  16       
QSO:   14052 CW 2023-11-26 0521 R8JAJ            599 17    RA1TU            599  16       
QSO:   14052 CW 2023-11-26 0522 R8JAJ            599 17    UW1M             599  16       
QSO:   14052 CW 2023-11-26 0523 R8JAJ            599 17    OH9CW            599  15       
QSO:   14052 CW 2023-11-26 0524 R8JAJ            599 17    UA4WJ            599  16       
QSO:   14052 CW 2023-11-26 0525 R8JAJ            599 17    YT3X             599  15       
QSO:   14052 CW 2023-11-26 0525 R8JAJ            599 17    RK4NB            599  16       
QSO:   14052 CW 2023-11-26 0526 R8JAJ            599 17    R7MM             599  16       
QSO:   14052 CW 2023-11-26 0528 R8JAJ            599 17    HA8IB            599  15       
QSO:   14052 CW 2023-11-26 0529 R8JAJ            599 17    YO8DOH           599  20       
QSO:   21019 CW 2023-11-26 0532 R8JAJ            599 17    UA3RBR           599  16       
QSO:   21019 CW 2023-11-26 0534 R8JAJ            599 17    BI4QKE           599  24       
QSO:   21019 CW 2023-11-26 0535 R8JAJ            599 17    HA8RD            599  15       
QSO:   21019 CW 2023-11-26 0536 R8JAJ            599 17    BA4TB            599  24       
QSO:   21019 CW 2023-11-26 0537 R8JAJ            599 17    YR8D             599  20       
QSO:   21019 CW 2023-11-26 0537 R8JAJ            599 17    UW1M             599  16       
QSO:   21019 CW 2023-11-26 0537 R8JAJ            599 17    JL1CNY           599  25       
QSO:   21019 CW 2023-11-26 0538 R8JAJ            599 17    HA6FQ            599  15       
QSO:   21019 CW 2023-11-26 0540 R8JAJ            599 17    RA3DNC           599  16       
QSO:   21019 CW 2023-11-26 0542 R8JAJ            599 17    UA4FDL           599  16       
QSO:   21019 CW 2023-11-26 0543 R8JAJ            599 17    RG6G             599  16       
QSO:   21019 CW 2023-11-26 0543 R8JAJ            599 17    BI4WXD           599  24       
QSO:   21019 CW 2023-11-26 0544 R8JAJ            599 17    JM1SZY           599  25       
QSO:   21019 CW 2023-11-26 0544 R8JAJ            599 17    RT4F             599  16       
QSO:   21019 CW 2023-11-26 0544 R8JAJ            599 17    SN2M             599  15       
QSO:   21019 CW 2023-11-26 0546 R8JAJ            599 17    JA7MAD           599  25       
QSO:   21019 CW 2023-11-26 0547 R8JAJ            599 17    JL1UXH           599  25       
QSO:   28003 CW 2023-11-26 0552 R8JAJ            599 17    JA3YBK           599  25       
QSO:   28008 CW 2023-11-26 0553 R8JAJ            599 17    JH3AIU           599  25       
QSO:   28014 CW 2023-11-26 0554 R8JAJ            599 17    JE6RPM           599  25       
QSO:   28056 CW 2023-11-26 0604 R8JAJ            599 17    II8K             599  15       
QSO:   28056 CW 2023-11-26 0605 R8JAJ            599 17    YT5A             599  15       
QSO:   28056 CW 2023-11-26 0607 R8JAJ            599 17    YO3APJ           599  20       
QSO:   28056 CW 2023-11-26 0610 R8JAJ            599 17    JA6VZB           599  25       
QSO:   14051 CW 2023-11-26 0612 R8JAJ            599 17    RD3FT            599  16       
QSO:   14051 CW 2023-11-26 0613 R8JAJ            599 17    9A5Y             599  15       
QSO:   14051 CW 2023-11-26 0613 R8JAJ            599 17    UC5D             599  16       
QSO:   14051 CW 2023-11-26 0614 R8JAJ            599 17    LZ9W             599  20       
QSO:   14051 CW 2023-11-26 0614 R8JAJ            599 17    S52W             599  15       
QSO:   14051 CW 2023-11-26 0614 R8JAJ            599 17    DG4UF            599  14       
QSO:   14051 CW 2023-11-26 0615 R8JAJ            599 17    DP7D             599  14       
QSO:   14051 CW 2023-11-26 0615 R8JAJ            599 17    SP2EWQ           599  15       
QSO:   14051 CW 2023-11-26 0616 R8JAJ            599 17    UA4M             599  16       
QSO:   14051 CW 2023-11-26 0616 R8JAJ            599 17    OL3R             599  15       
QSO:   14051 CW 2023-11-26 0616 R8JAJ            599 17    DL4CF            599  14       
QSO:   14051 CW 2023-11-26 0618 R8JAJ            599 17    OM0MW            599  15       
QSO:   14051 CW 2023-11-26 0619 R8JAJ            599 17    SP6TGC           599  15       
QSO:   14051 CW 2023-11-26 0620 R8JAJ            599 17    LA6M             599  14       
QSO:   14051 CW 2023-11-26 0620 R8JAJ            599 17    DL9ZP            599  14       
QSO:   14051 CW 2023-11-26 0621 R8JAJ            599 17    DL5XJ            599  14       
QSO:   28043 CW 2023-11-26 1020 R8JAJ            599 17    CW5W             599  13       
QSO:   28046 CW 2023-11-26 1022 R8JAJ            599 17    HA5PT            599  15       
QSO:   28046 CW 2023-11-26 1022 R8JAJ            599 17    EW8OM            599  16       
QSO:   28046 CW 2023-11-26 1024 R8JAJ            599 17    EU4T             599  16       
QSO:   28046 CW 2023-11-26 1024 R8JAJ            599 17    UA3LID           599  16       
QSO:   28046 CW 2023-11-26 1024 R8JAJ            599 17    F8ATS            599  14       
QSO:   28046 CW 2023-11-26 1025 R8JAJ            599 17    DJ2QV            599  14       
QSO:   28046 CW 2023-11-26 1025 R8JAJ            599 17    G0ORY            599  14       
QSO:   28046 CW 2023-11-26 1025 R8JAJ            599 17    UW1M             599  16       
QSO:   28046 CW 2023-11-26 1026 R8JAJ            599 17    IZ5BRW           599  15       
QSO:   28046 CW 2023-11-26 1026 R8JAJ            599 17    F5UB             599  14       
QSO:   28046 CW 2023-11-26 1026 R8JAJ            599 17    RU5X             599  16       
QSO:   28046 CW 2023-11-26 1027 R8JAJ            599 17    HG7T             599  15       
QSO:   28046 CW 2023-11-26 1027 R8JAJ            599 17    TM7Y             599  14       
QSO:   28046 CW 2023-11-26 1028 R8JAJ            599 17    RA3VE            599  16       
QSO:   28046 CW 2023-11-26 1028 R8JAJ            599 17    HA3OU            599  15       
QSO:   28046 CW 2023-11-26 1029 R8JAJ            599 17    UA6LCJ           599  16       
QSO:   28046 CW 2023-11-26 1030 R8JAJ            599 17    RU1A             599  16       
QSO:   28046 CW 2023-11-26 1031 R8JAJ            599 17    DH9FAV           599  14       
QSO:   28046 CW 2023-11-26 1031 R8JAJ            599 17    UA1CUR           599  16       
QSO:   28046 CW 2023-11-26 1031 R8JAJ            599 17    F6GOE            599  14       
QSO:   28046 CW 2023-11-26 1032 R8JAJ            599 17    F6GCP            599  14       
QSO:   28046 CW 2023-11-26 1033 R8JAJ            599 17    R1CAV            599  16       
QSO:   28046 CW 2023-11-26 1033 R8JAJ            599 17    RA3DNC           599  16       
QSO:   28046 CW 2023-11-26 1034 R8JAJ            599 17    OH3D             599  15       
QSO:   28046 CW 2023-11-26 1034 R8JAJ            599 17    UF5A             599  16       
QSO:   28046 CW 2023-11-26 1034 R8JAJ            599 17    G3L              599  14       
QSO:   28046 CW 2023-11-26 1035 R8JAJ            599 17    YL5W             599  15       
QSO:   28046 CW 2023-11-26 1035 R8JAJ            599 17    UA1COA           599  16       
QSO:   28046 CW 2023-11-26 1036 R8JAJ            599 17    9A2M             599  15       
QSO:   28046 CW 2023-11-26 1036 R8JAJ            599 17    P33W             599  20       
QSO:   28046 CW 2023-11-26 1037 R8JAJ            599 17    OK1A             599  15       
QSO:   28046 CW 2023-11-26 1037 R8JAJ            599 17    IK2XDE           599  15       
QSO:   28046 CW 2023-11-26 1038 R8JAJ            599 17    SO4P             599  15       
QSO:   28046 CW 2023-11-26 1038 R8JAJ            599 17    UN3G             599  17       
QSO:   28046 CW 2023-11-26 1038 R8JAJ            599 17    DL6CGX           599  14       
QSO:   28046 CW 2023-11-26 1040 R8JAJ            599 17    LA2HFA           599  14       
QSO:   28046 CW 2023-11-26 1040 R8JAJ            599 17    E7CW             599  15       
QSO:   28046 CW 2023-11-26 1040 R8JAJ            599 17    G4KQY            599  14       
QSO:   28046 CW 2023-11-26 1041 R8JAJ            599 17    RC2A             599  16       
QSO:   28046 CW 2023-11-26 1042 R8JAJ            599 17    IK2LFF           599  15       
QSO:   28046 CW 2023-11-26 1042 R8JAJ            599 17    RT4F             599  16       
QSO:   28046 CW 2023-11-26 1042 R8JAJ            599 17    PI4CC            599  14       
QSO:   28046 CW 2023-11-26 1043 R8JAJ            599 17    RA1TU            599  16       
QSO:   28046 CW 2023-11-26 1043 R8JAJ            599 17    DJ5CL            599  14       
QSO:   28046 CW 2023-11-26 1044 R8JAJ            599 17    R3CW             599  16       
QSO:   28046 CW 2023-11-26 1044 R8JAJ            599 17    IW5EIJ           599  15       
QSO:   28046 CW 2023-11-26 1045 R8JAJ            599 17    4X1ST            599  20       
QSO:   28046 CW 2023-11-26 1045 R8JAJ            599 17    PA0INA           599  14       
QSO:   28046 CW 2023-11-26 1045 R8JAJ            599 17    M6W              599  14       
QSO:   28046 CW 2023-11-26 1046 R8JAJ            599 17    EU4E             599  16       
QSO:   28046 CW 2023-11-26 1047 R8JAJ            599 17    UC1A             599  16       
QSO:   28046 CW 2023-11-26 1048 R8JAJ            599 17    RU3U             599  16       
QSO:   28046 CW 2023-11-26 1048 R8JAJ            599 17    SE3P             599  14       
QSO:   28046 CW 2023-11-26 1049 R8JAJ            599 17    F5DM             599  14       
QSO:   28046 CW 2023-11-26 1049 R8JAJ            599 17    PA2W             599  14       
QSO:   28046 CW 2023-11-26 1049 R8JAJ            599 17    II2S             599  15       
QSO:   28046 CW 2023-11-26 1050 R8JAJ            599 17    RK3IR            599  16       
QSO:   28046 CW 2023-11-26 1050 R8JAJ            599 17    RV1AQ            599  16       
QSO:   28046 CW 2023-11-26 1050 R8JAJ            599 17    DH6YAG           599  14       
QSO:   28046 CW 2023-11-26 1051 R8JAJ            599 17    OH3GZ            599  15       
QSO:   28046 CW 2023-11-26 1051 R8JAJ            599 17    R3AQ             599  16       
QSO:   28046 CW 2023-11-26 1052 R8JAJ            599 17    DL7PIA           599  14       
QSO:   28046 CW 2023-11-26 1052 R8JAJ            599 17    OH3MZ            599  15       
QSO:   28046 CW 2023-11-26 1054 R8JAJ            599 17    OH3Z             599  15       
QSO:   28052 CW 2023-11-26 1056 R8JAJ            599 17    IK3ORD           599  15       
QSO:   28046 CW 2023-11-26 1058 R8JAJ            599 17    IZ3GNG           599  15       
QSO:   28046 CW 2023-11-26 1059 R8JAJ            599 17    UA4C             599  16       
QSO:   28046 CW 2023-11-26 1100 R8JAJ            599 17    UA1AUW           599  16       
QSO:   28036 CW 2023-11-26 1104 R8JAJ            599 17    RO5K             599  16       
QSO:   28027 CW 2023-11-26 1106 R8JAJ            599 17    RL3A             599  16       
QSO:   28010 CW 2023-11-26 1107 R8JAJ            599 17    R5AK             599  16       
QSO:   28011 CW 2023-11-26 1108 R8JAJ            599 17    DL2ARD           599  14       
QSO:   28011 CW 2023-11-26 1109 R8JAJ            599 17    UD2F             599  15       
QSO:   28011 CW 2023-11-26 1109 R8JAJ            599 17    EW1P             599  16       
QSO:   28011 CW 2023-11-26 1111 R8JAJ            599 17    RX3QNE           599  16       
QSO:   28011 CW 2023-11-26 1112 R8JAJ            599 17    RA3XM            599  16       
QSO:   28017 CW 2023-11-26 1113 R8JAJ            599 17    CR3A             599  33       
QSO:   28019 CW 2023-11-26 1114 R8JAJ            599 17    M6T              599  14       
QSO:   28024 CW 2023-11-26 1115 R8JAJ            599 17    UA3YFL           599  16       
QSO:   28030 CW 2023-11-26 1117 R8JAJ            599 17    TK4W             599  15       
QSO:   28032 CW 2023-11-26 1117 R8JAJ            599 17    SK3W             599  14       
QSO:   28035 CW 2023-11-26 1118 R8JAJ            599 17    LU8DPM           599  13       
QSO:   28043 CW 2023-11-26 1119 R8JAJ            599 17    OF9X             599  15       
QSO:   28053 CW 2023-11-26 1120 R8JAJ            599 17    OG1F             599  15       
QSO:   28052 CW 2023-11-26 1121 R8JAJ            599 17    EW5A             599  16       
QSO:   28107 CW 2023-11-26 1123 R8JAJ            599 17    EA7A             599  14       
QSO:   28112 CW 2023-11-26 1123 R8JAJ            599 17    EV1R             599  16       
QSO:   21019 CW 2023-11-26 1133 R8JAJ            599 17    DJ7D             599  14       
QSO:   21019 CW 2023-11-26 1133 R8JAJ            599 17    PC4E             599  14       
QSO:   21019 CW 2023-11-26 1133 R8JAJ            599 17    OG6N             599  15       
QSO:   14056 CW 2023-11-26 1139 R8JAJ            599 17    K1LZ             599  05       
QSO:   14056 CW 2023-11-26 1141 R8JAJ            599 17    G0MTN            599  14       
QSO:   14056 CW 2023-11-26 1141 R8JAJ            599 17    RT4W             599  16       
QSO:   14056 CW 2023-11-26 1142 R8JAJ            599 17    OM5R             599  15       
QSO:   14056 CW 2023-11-26 1142 R8JAJ            599 17    UI8F             599  17       
QSO:   14056 CW 2023-11-26 1143 R8JAJ            599 17    RA7R             599  16       
QSO:   14056 CW 2023-11-26 1144 R8JAJ            599 17    9A1P             599  15       
QSO:   14056 CW 2023-11-26 1144 R8JAJ            599 17    LZ7M             599  20       
QSO:   14048 CW 2023-11-26 1146 R8JAJ            599 17    HS5NMF           599  26       
QSO:   14048 CW 2023-11-26 1147 R8JAJ            599 17    JJ0JML           599  25       
QSO:   14048 CW 2023-11-26 1147 R8JAJ            599 17    EW2A             599  16       
QSO:   14048 CW 2023-11-26 1148 R8JAJ            599 17    R9XS             599  17       
QSO:   14048 CW 2023-11-26 1148 R8JAJ            599 17    DM5EA            599  14       
QSO:   14048 CW 2023-11-26 1149 R8JAJ            599 17    MM2N             599  14       
QSO:   14048 CW 2023-11-26 1150 R8JAJ            599 17    N4GU             599  05       
QSO:   14048 CW 2023-11-26 1151 R8JAJ            599 17    KB3Z             599  05       
QSO:   14048 CW 2023-11-26 1151 R8JAJ            599 17    RU1A             599  16       
QSO:   14048 CW 2023-11-26 1152 R8JAJ            599 17    TM1A             599  14       
QSO:   14048 CW 2023-11-26 1152 R8JAJ            599 17    RO2E             599  16       
QSO:   14048 CW 2023-11-26 1153 R8JAJ            599 17    OK4RQ            599  15       
QSO:   14048 CW 2023-11-26 1154 R8JAJ            599 17    JR2SCJ           599  25       
QSO:   14048 CW 2023-11-26 1154 R8JAJ            599 17    W3MA             599  05       
QSO:   21015 CW 2023-11-26 1214 R8JAJ            599 17    3B8M             599  39       
QSO:   21036 CW 2023-11-26 1216 R8JAJ            599 17    OM7M             599  15       
QSO:   21017 CW 2023-11-26 1219 R8JAJ            599 17    SG1S             599  15       
QSO:   21017 CW 2023-11-26 1219 R8JAJ            599 17    LZ6W             599  20       
QSO:   21017 CW 2023-11-26 1220 R8JAJ            599 17    UA4C             599  16       
QSO:   21017 CW 2023-11-26 1222 R8JAJ            599 17    TM6M             599  14       
QSO:   21005 CW 2023-11-26 1223 R8JAJ            599 17    SH0K             599  14       
QSO:   21007 CW 2023-11-26 1229 R8JAJ            599 17    DK8ZZ            599  14       
QSO:   21008 CW 2023-11-26 1229 R8JAJ            599 17    YL2VW            599  15       
QSO:    7021 CW 2023-11-26 1655 R8JAJ            599 17    UA4M             599  16       
QSO:    7021 CW 2023-11-26 1656 R8JAJ            599 17    JG6YLY           599  25       
QSO:    7021 CW 2023-11-26 1657 R8JAJ            599 17    HA7I             599  15       
QSO:    7021 CW 2023-11-26 1659 R8JAJ            599 17    OM5ALL           599  15       
QSO:    7024 CW 2023-11-26 1701 R8JAJ            599 17    OM2XW            599  15       
QSO:    7002 CW 2023-11-26 1702 R8JAJ            599 17    RA9P             599  18       
QSO:    7014 CW 2023-11-26 1703 R8JAJ            599 17    OZ5W             599  14       
QSO:    7014 CW 2023-11-26 1704 R8JAJ            599 17    SP4JCQ           599  15       
QSO:    7014 CW 2023-11-26 1704 R8JAJ            599 17    HA8LCA           599  15       
QSO:    7014 CW 2023-11-26 1704 R8JAJ            599 17    UA5C             599  16       
QSO:    7014 CW 2023-11-26 1705 R8JAJ            599 17    RT4M             599  16       
QSO:    7014 CW 2023-11-26 1705 R8JAJ            599 17    DP9A             599  14       
QSO:    7014 CW 2023-11-26 1707 R8JAJ            599 17    OE5TXF           599  15       
QSO:    7014 CW 2023-11-26 1708 R8JAJ            599 17    UN4Q             599  17       
QSO:    7014 CW 2023-11-26 1708 R8JAJ            599 17    UI7D             599  16       
QSO:    7014 CW 2023-11-26 1709 R8JAJ            599 17    UT2UB            599  16       
QSO:    7014 CW 2023-11-26 1710 R8JAJ            599 17    SP3A             599  15       
QSO:    7014 CW 2023-11-26 1710 R8JAJ            599 17    RU5X             599  16       
QSO:    7014 CW 2023-11-26 1711 R8JAJ            599 17    UI3A             599  16       
QSO:    7014 CW 2023-11-26 1713 R8JAJ            599 17    SP3GTS           599  15       
QSO:    7014 CW 2023-11-26 1714 R8JAJ            599 17    P3AA             599  20       
QSO:    7014 CW 2023-11-26 1715 R8JAJ            599 17    EY7BJ            599  17       
QSO:    7014 CW 2023-11-26 1716 R8JAJ            599 17    LZ9W             599  20       
QSO:    7014 CW 2023-11-26 1716 R8JAJ            599 17    DL4WR            599  14       
QSO:    7014 CW 2023-11-26 1717 R8JAJ            599 17    R3BV             599  16       
QSO:    7014 CW 2023-11-26 1718 R8JAJ            599 17    RT4F             599  16       
QSO:    7014 CW 2023-11-26 1719 R8JAJ            599 17    YT1A             599  15       
END-OF-LOG:
