START-OF-LOG: 3.0
CONTEST: CQ-WW-CW
CALLSIGN: S52D
LOCATION: DX
CATEGORY-OPERATOR: SINGLE-OP
CATEGORY-ASSISTED: ASSISTED
CATEGORY-BAND: ALL
CATEGORY-POWER: HIGH
CATEGORY-MODE: CW
CATEGORY-TRANSMITTER: ONE
CATEGORY-STATION: FIXED
CATEGORY-OVERLAY: 
GRID-LOCATOR: jn76fb
CLAIMED-SCORE: 
NAME: Iztok Saje
OPERATORS: S52D
CLUB: SLOVENIA CONTEST CLUB
CREATED-BY: S52D-TR-2-CBR
SOAPBOX: Fun as always. 73
QSO:  3519 CW 2023-11-25 0000 S52D   599   15 UA4S   599   16 
QSO:  3519 CW 2023-11-25 0000 S52D   599   15 M4T    599   14 
QSO:  3519 CW 2023-11-25 0002 S52D   599   15 RL3A   599   16 
QSO:  3532 CW 2023-11-25 0003 S52D   599   15 DJ0MDR 599   14 
QSO:  3533 CW 2023-11-25 0004 S52D   599   15 TK4W   599   15 
QSO:  3534 CW 2023-11-25 0004 S52D   599   15 P3D    599   20 
QSO:  3536 CW 2023-11-25 0006 S52D   599   15 LZ9W   599   20 
QSO:  3538 CW 2023-11-25 0006 S52D   599   15 ED1R   599   14 
QSO:  3539 CW 2023-11-25 0008 S52D   599   15 MM2N   599   14 
QSO:  3540 CW 2023-11-25 0008 S52D   599   15 IO6A   599   15 
QSO:  3541 CW 2023-11-25 0009 S52D   599   15 R8CT   599   17 
QSO:  3543 CW 2023-11-25 0009 S52D   599   15 CN3A   599   33 
QSO:  3546 CW 2023-11-25 0010 S52D   599   15 UR7EU  599   16 
QSO:  3547 CW 2023-11-25 0012 S52D   599   15 CR3W   599   33 
QSO:  3549 CW 2023-11-25 0013 S52D   599   15 9H6A   599   15 
QSO:  3549 CW 2023-11-25 0013 S52D   599   15 4L0G   599   21 
QSO:  3550 CW 2023-11-25 0013 S52D   599   15 PA3AAV 599   14 
QSO:  3553 CW 2023-11-25 0015 S52D   599   15 OH2BAH 599   15 
QSO:  3553 CW 2023-11-25 0015 S52D   599   15 SV2JAO 599   20 
QSO:  3552 CW 2023-11-25 0016 S52D   599   15 OL1C   599   15 
QSO:  3554 CW 2023-11-25 0017 S52D   599   15 LY2SA  599   15 
QSO:  3554 CW 2023-11-25 0017 S52D   599   15 PA1CC  599   14 
QSO:  3555 CW 2023-11-25 0017 S52D   599   15 YL4U   599   15 
QSO:  3559 CW 2023-11-25 0018 S52D   599   15 9A1AA  599   15 
QSO:  3561 CW 2023-11-25 0019 S52D   599   15 E78T   599   15 
QSO:  3510 CW 2023-11-25 0021 S52D   599   15 YT0Z   599   15 
QSO:  3511 CW 2023-11-25 0022 S52D   599   15 KC1XX  599   05 
QSO:  3514 CW 2023-11-25 0025 S52D   599   15 OZ3SM  599   14 
QSO:  3515 CW 2023-11-25 0026 S52D   599   15 OT7T   599   14 
QSO:  3516 CW 2023-11-25 0026 S52D   599   15 RT4F   599   16 
QSO:  3516 CW 2023-11-25 0028 S52D   599   15 4Z4KX  599   20 
QSO:  3545 CW 2023-11-25 0030 S52D   599   15 D4C    599   35 
QSO:  3548 CW 2023-11-25 0031 S52D   599   15 S57K   599   15 
QSO:  3557 CW 2023-11-25 0033 S52D   599   15 VY2TT  599   05 
QSO:  3563 CW 2023-11-25 0033 S52D   599   15 YU0U   599   15 
QSO:  3547 CW 2023-11-25 0034 S52D   599   15 Z33F   599   15 
QSO:  3544 CW 2023-11-25 0034 S52D   599   15 YT0C   599   15 
QSO:  3542 CW 2023-11-25 0036 S52D   599   15 SP4AWE 599   15 
QSO:  3541 CW 2023-11-25 0036 S52D   599   15 ED3Z   599   14 
QSO:  3541 CW 2023-11-25 0036 S52D   599   15 IM0HRP 599   14 
QSO:  3518 CW 2023-11-25 0043 S52D   599   15 HA4A   599   15 
QSO:  3520 CW 2023-11-25 0044 S52D   599   15 CS2C   599   14 
QSO:  3521 CW 2023-11-25 0044 S52D   599   15 MM9I   599   14 
QSO:  3526 CW 2023-11-25 0047 S52D   599   15 ES7A   599   15 
QSO:  3526 CW 2023-11-25 0048 S52D   599   15 HB9CA  599   14 
QSO:  3527 CW 2023-11-25 0049 S52D   599   15 C37N   599   14 
QSO:  3527 CW 2023-11-25 0050 S52D   599   15 OM7M   599   15 
QSO:  3520 CW 2023-11-25 0050 S52D   599   15 YT5A   599   15 
QSO:  3513 CW 2023-11-25 0051 S52D   599   15 SB3W   599   14 
QSO:  3508 CW 2023-11-25 0051 S52D   599   15 EU4E   599   16 
QSO:  3512 CW 2023-11-25 0052 S52D   599   15 UP2L   599   17 
QSO:  3515 CW 2023-11-25 0053 S52D   599   15 MM0T   599   14 
QSO:  3529 CW 2023-11-25 0053 S52D   599   15 M6T    599   14 
QSO:  3529 CW 2023-11-25 0054 S52D   599   15 RA9P   599   18 
QSO:  3533 CW 2023-11-25 0055 S52D   599   15 EW4A   599   16 
QSO:  3561 CW 2023-11-25 0058 S52D   599   15 9A3AG  599   15 
QSO:  3551 CW 2023-11-25 0059 S52D   599   15 UA9CDC 599   17 
QSO:  3520 CW 2023-11-25 0101 S52D   599   15 SE0X   599   14 
QSO:  3517 CW 2023-11-25 0101 S52D   599   15 Z35Y   599   15 
QSO:  3512 CW 2023-11-25 0102 S52D   599   15 RO2E   599   16 
QSO:  3538 CW 2023-11-25 0105 S52D   599   15 LX8M   599   14 
QSO:  3514 CW 2023-11-25 0108 S52D   599   15 9A2X   599   15 
QSO:  3531 CW 2023-11-25 0112 S52D   599   15 MD4K   599   14 
QSO:  3532 CW 2023-11-25 0112 S52D   599   15 IR0A   599   15 
QSO:  3533 CW 2023-11-25 0113 S52D   599   15 C4W    599   20 
QSO:  3534 CW 2023-11-25 0113 S52D   599   15 OL5Y   599   15 
QSO:  3535 CW 2023-11-25 0114 S52D   599   15 TM1A   599   14 
QSO:  3529 CW 2023-11-25 0116 S52D   599   15 ZA1RR  599   15 
QSO:  3539 CW 2023-11-25 0120 S52D   599   15 IO4A   599   15 
QSO:  3542 CW 2023-11-25 0121 S52D   599   15 OH0V   599   15 
QSO:  3549 CW 2023-11-25 0123 S52D   599   15 EF6T   599   14 
QSO:  3558 CW 2023-11-25 0126 S52D   599   15 SP9LAS 599   15 
QSO:  3551 CW 2023-11-25 0127 S52D   599   15 OM7LM  599   15 
QSO:  3550 CW 2023-11-25 0127 S52D   599   15 DL1NKS 599   14 
QSO:  3548 CW 2023-11-25 0128 S52D   599   15 UB7K   599   16 
QSO:  3530 CW 2023-11-25 0130 S52D   599   15 TM1A   599   14 
QSO:  3525 CW 2023-11-25 0131 S52D   599   15 VE3NNT 599   04 
QSO:  3518 CW 2023-11-25 0132 S52D   599   15 LZ5R   599   20 
QSO:  3518 CW 2023-11-25 0132 S52D   599   15 EA4IE  599   14 
QSO:  3511 CW 2023-11-25 0133 S52D   599   15 OL3Z   599   15 
QSO:  3511 CW 2023-11-25 0135 S52D   599   15 TC100TC 599   20 
QSO:  3515 CW 2023-11-25 0136 S52D   599   15 K1TTT  599   05 
QSO:  3510 CW 2023-11-25 0138 S52D   599   15 SC7DX  599   14 
QSO:  3501 CW 2023-11-25 0139 S52D   599   15 K1LZ   599   05 
QSO:  3505 CW 2023-11-25 0140 S52D   599   15 LN8W   599   14 
QSO:  3507 CW 2023-11-25 0141 S52D   599   15 DL3UB  599   14 
QSO:  3508 CW 2023-11-25 0141 S52D   599   15 YL7X   599   15 
QSO:  3516 CW 2023-11-25 0143 S52D   599   15 9A/W0AAE 599   15 
QSO:  3534 CW 2023-11-25 0145 S52D   599   15 9A1A   599   15 
QSO:  3535 CW 2023-11-25 0146 S52D   599   15 W3BGN  599   05 
QSO:  3537 CW 2023-11-25 0146 S52D   599   15 EU2F   599   16 
QSO:  3539 CW 2023-11-25 0147 S52D   599   15 R4RE   599   16 
QSO:  3551 CW 2023-11-25 0148 S52D   599   15 LY2J   599   15 
QSO:  3546 CW 2023-11-25 0151 S52D   599   15 EI1E   599   14 
QSO:  3544 CW 2023-11-25 0153 S52D   599   15 YO4DG  599   20 
QSO:  3556 CW 2023-11-25 0155 S52D   599   15 OE1CIW 599   15 
QSO:  3535 CW 2023-11-25 0209 S52D   599   15 UY2UZ  599   16 
QSO:  3555 CW 2023-11-25 0210 S52D   599   15 3V8SS  599   33 
QSO:  3567 CW 2023-11-25 0211 S52D   599   15 UT7NY  599   16 
QSO:  3569 CW 2023-11-25 0213 S52D   599   15 7O73T  599   37 
QSO:  3559 CW 2023-11-25 0214 S52D   599   15 LZ8A   599   20 
QSO:  3535 CW 2023-11-25 0215 S52D   599   15 IY3A   599   15 
QSO:  3533 CW 2023-11-25 0216 S52D   599   15 YL2SM  599   15 
QSO:  3529 CW 2023-11-25 0219 S52D   599   15 ZA1F   599   15 
QSO:  3528 CW 2023-11-25 0220 S52D   599   15 SP5ELA 599   15 
QSO:  3510 CW 2023-11-25 0221 S52D   599   15 HG5D   599   15 
QSO:  3514 CW 2023-11-25 0221 S52D   599   15 YU5R   599   15 
QSO:  3514 CW 2023-11-25 0222 S52D   599   15 W1KM   599   05 
QSO:  3516 CW 2023-11-25 0222 S52D   599   15 VO1HP  599   05 
QSO:  3516 CW 2023-11-25 0223 S52D   599   15 YR8D   599   20 
QSO:  3519 CW 2023-11-25 0225 S52D   599   15 OR3A   599   14 
QSO:  3525 CW 2023-11-25 0225 S52D   599   15 HA1TJ  599   15 
QSO:  3527 CW 2023-11-25 0226 S52D   599   15 TM9C   599   14 
QSO:  3528 CW 2023-11-25 0227 S52D   599   15 SN7Q   599   15 
QSO:  3530 CW 2023-11-25 0227 S52D   599   15 YL9W   599   15 
QSO:  3536 CW 2023-11-25 0229 S52D   599   15 RG6G   599   16 
QSO:  3537 CW 2023-11-25 0230 S52D   599   15 EA5M   599   14 
QSO:  3541 CW 2023-11-25 0231 S52D   599   15 DR4A   599   14 
QSO:  3541 CW 2023-11-25 0231 S52D   599   15 HG5C   599   15 
QSO:  3544 CW 2023-11-25 0232 S52D   599   15 SP1NY  599   15 
QSO:  3566 CW 2023-11-25 0235 S52D   599   15 RT6A   599   16 
QSO:  3561 CW 2023-11-25 0236 S52D   599   15 GS7V   599   14 
QSO:  3558 CW 2023-11-25 0237 S52D   599   15 R9FT   599   17 
QSO:  3557 CW 2023-11-25 0237 S52D   599   15 K5ZD   599   05 
QSO:  3559 CW 2023-11-25 0619 S52D   599   15 V47T   599   08 
QSO:  3556 CW 2023-11-25 0634 S52D   599   15 OG1F   599   15 
QSO: 28016 CW 2023-11-25 0701 S52D   599   15 RA9P   599   18 
QSO: 28018 CW 2023-11-25 0703 S52D   599   15 BY3GA  599   23 
QSO: 28024 CW 2023-11-25 0705 S52D   599   15 4L8A   599   21 
QSO: 28025 CW 2023-11-25 0706 S52D   599   15 3B8M   599   39 
QSO: 28039 CW 2023-11-25 0706 S52D   599   15 JN2AMD 599   25 
QSO: 28050 CW 2023-11-25 0712 S52D   599   15 7Q6M   599   37 
QSO: 28058 CW 2023-11-25 0716 S52D   599   15 JA7ZFN 599   25 
QSO: 28065 CW 2023-11-25 0717 S52D   599   15 BY5EA  599   24 
QSO: 28067 CW 2023-11-25 0718 S52D   599   15 RZ4W   599   16 
QSO: 28071 CW 2023-11-25 0721 S52D   599   15 BA3MM  599   24 
QSO: 28072 CW 2023-11-25 0721 S52D   599   15 JJ0JML 599   25 
QSO: 28097 CW 2023-11-25 0722 S52D   599   15 EX2M   599   17 
QSO: 28001 CW 2023-11-25 0723 S52D   599   15 3W9A   599   26 
QSO: 28008 CW 2023-11-25 0727 S52D   599   15 AT3K   599   22 
QSO: 28014 CW 2023-11-25 0729 S52D   599   15 3B9KW  599   39 
QSO: 28045 CW 2023-11-25 0731 S52D   599   15 RD0A   599   18 
QSO: 28042 CW 2023-11-25 0733 S52D   599   15 E2A    599   26 
QSO: 28054 CW 2023-11-25 0736 S52D   599   15 E2X    599   26 
QSO: 28055 CW 2023-11-25 0737 S52D   599   15 RU1A   599   16 
QSO: 28059 CW 2023-11-25 0738 S52D   599   15 JH7QXJ 599   25 
QSO: 28065 CW 2023-11-25 0740 S52D   599   15 UA4S   599   16 
QSO: 28064 CW 2023-11-25 0740 S52D   599   15 RN9N   599   17 
QSO: 28070 CW 2023-11-25 0742 S52D   599   15 JJ2YRM 599   25 
QSO: 28088 CW 2023-11-25 0743 S52D   599   15 4X7M   599   20 
QSO: 28002 CW 2023-11-25 0744 S52D   599   15 JH4UTP 599   25 
QSO: 28036 CW 2023-11-25 0749 S52D   599   15 HL2WA  599   25 
QSO: 28039 CW 2023-11-25 0749 S52D   599   15 9N7AA  599   22 
QSO: 28048 CW 2023-11-25 0751 S52D   599   15 UN4PG  599   17 
QSO: 28069 CW 2023-11-25 0754 S52D   599   15 RC0CD  599   19 
QSO: 28093 CW 2023-11-25 0834 S52D   599   15 RU9AC  599   17 
QSO: 28072 CW 2023-11-25 0839 S52D   599   15 P3D    599   20 
QSO: 28070 CW 2023-11-25 0840 S52D   599   15 RX6AM  599   16 
QSO: 28067 CW 2023-11-25 0841 S52D   599   15 RW0CR  599   19 
QSO: 28066 CW 2023-11-25 0842 S52D   599   15 UP2L   599   17 
QSO: 28000 CW 2023-11-25 0846 S52D   599   15 UA4W   599   16 
QSO: 28007 CW 2023-11-25 0849 S52D   599   15 D4C    599   35 
QSO: 28015 CW 2023-11-25 0850 S52D   599   15 UN3M   599   17 
QSO: 28020 CW 2023-11-25 0851 S52D   599   15 RK9CYA 599   17 
QSO: 28023 CW 2023-11-25 0852 S52D   599   15 UC5D   599   16 
QSO: 28025 CW 2023-11-25 0853 S52D   599   15 RM4N   599   16 
QSO: 28031 CW 2023-11-25 0854 S52D   599   15 R8CT   599   17 
QSO: 28031 CW 2023-11-25 0854 S52D   599   15 RM9RZ  599   17 
QSO: 28032 CW 2023-11-25 0855 S52D   599   15 S50G   599   15 
QSO: 28036 CW 2023-11-25 0856 S52D   599   15 OH8A   599   15 
QSO: 28037 CW 2023-11-25 0857 S52D   599   15 UN5G   599   17 
QSO: 28046 CW 2023-11-25 0859 S52D   599   15 RA5G   599   16 
QSO: 28059 CW 2023-11-25 0901 S52D   599   15 YT1X   599   15 
QSO: 28063 CW 2023-11-25 0902 S52D   599   15 LX7I   599   14 
QSO: 28083 CW 2023-11-25 0903 S52D   599   15 R9CP   599   17 
QSO: 28094 CW 2023-11-25 0905 S52D   599   15 RC3U   599   16 
QSO: 28098 CW 2023-11-25 0908 S52D   599   15 DL2ARD 599   14 
QSO: 28064 CW 2023-11-25 0910 S52D   599   15 OH7K   599   15 
QSO: 21085 CW 2023-11-25 0911 S52D   599   15 M8A    599   14 
QSO: 21084 CW 2023-11-25 0912 S52D   599   15 OG9X   599   15 
QSO: 21084 CW 2023-11-25 0912 S52D   599   15 LY4A   599   15 
QSO: 21079 CW 2023-11-25 0913 S52D   599   15 3B8M   599   39 
QSO: 21069 CW 2023-11-25 0914 S52D   599   15 RO2E   599   16 
QSO: 21069 CW 2023-11-25 0914 S52D   599   15 LY4G   599   15 
QSO: 21062 CW 2023-11-25 0915 S52D   599   15 JR6YTX 599   25 
QSO: 21060 CW 2023-11-25 0915 S52D   599   15 M0X    599   14 
QSO: 21060 CW 2023-11-25 0916 S52D   599   15 OE6Z   599   15 
QSO: 21056 CW 2023-11-25 0917 S52D   599   15 EA8RM  599   33 
QSO: 21053 CW 2023-11-25 0917 S52D   599   15 EF6T   599   14 
QSO: 21050 CW 2023-11-25 0919 S52D   599   15 ED8M   599   33 
QSO: 21047 CW 2023-11-25 0919 S52D   599   15 EF5T   599   14 
QSO: 21043 CW 2023-11-25 0920 S52D   599   15 G6T    599   14 
QSO: 21042 CW 2023-11-25 0921 S52D   599   15 7A2A   599   28 
QSO: 21041 CW 2023-11-25 0922 S52D   599   15 LN8W   599   14 
QSO: 21035 CW 2023-11-25 0929 S52D   599   15 ED1R   599   14 
QSO: 21005 CW 2023-11-25 0930 S52D   599   15 YL2VW  599   15 
QSO: 21007 CW 2023-11-25 0931 S52D   599   15 CR5O   599   14 
QSO: 21007 CW 2023-11-25 0932 S52D   599   15 RT4F   599   16 
QSO: 21009 CW 2023-11-25 0932 S52D   599   15 RM9A   599   17 
QSO: 21011 CW 2023-11-25 0933 S52D   599   15 RM5W   599   16 
QSO: 21012 CW 2023-11-25 0934 S52D   599   15 HA5GF  599   15 
QSO: 21017 CW 2023-11-25 0935 S52D   599   15 UB2F   599   15 
QSO: 21018 CW 2023-11-25 0936 S52D   599   15 TA2DA  599   20 
QSO: 21020 CW 2023-11-25 0938 S52D   599   15 CN3A   599   33 
QSO: 21021 CW 2023-11-25 0939 S52D   599   15 SD6M   599   14 
QSO: 21022 CW 2023-11-25 0939 S52D   599   15 RA9P   599   18 
QSO: 21023 CW 2023-11-25 0940 S52D   599   15 S58M   599   15 
QSO: 21026 CW 2023-11-25 0942 S52D   599   15 SV8OVJ 599   20 
QSO: 21029 CW 2023-11-25 0942 S52D   599   15 CR3A   599   33 
QSO: 21034 CW 2023-11-25 0943 S52D   599   15 EA4URE 599   14 
QSO: 21035 CW 2023-11-25 0943 S52D   599   15 TM9C   599   14 
QSO: 21040 CW 2023-11-25 0944 S52D   599   15 PA6X   599   14 
QSO: 21057 CW 2023-11-25 0946 S52D   599   15 7D1C   599   28 
QSO: 21058 CW 2023-11-25 0946 S52D   599   15 FR8UA  599   39 
QSO: 21061 CW 2023-11-25 0947 S52D   599   15 4X7M   599   20 
QSO: 21067 CW 2023-11-25 0948 S52D   599   15 LY7R   599   15 
QSO: 21073 CW 2023-11-25 0949 S52D   599   15 LY2OU  599   15 
QSO: 21085 CW 2023-11-25 0950 S52D   599   15 EX0M   599   17 
QSO: 21085 CW 2023-11-25 0950 S52D   599   15 UP7L   599   17 
QSO: 21092 CW 2023-11-25 0951 S52D   599   15 TC3AKSA 599   20 
QSO: 21000 CW 2023-11-25 0952 S52D   599   15 SK3W   599   14 
QSO: 21012 CW 2023-11-25 0955 S52D   599   15 A71WW  599   21 
QSO: 21015 CW 2023-11-25 0956 S52D   599   15 LY5R   599   15 
QSO: 21033 CW 2023-11-25 0959 S52D   599   15 RU1A   599   16 
QSO: 21041 CW 2023-11-25 1000 S52D   599   15 OF9X   599   15 
QSO: 21041 CW 2023-11-25 1000 S52D   599   15 LN8W   599   14 
QSO: 21043 CW 2023-11-25 1001 S52D   599   15 R9FT   599   17 
QSO: 21048 CW 2023-11-25 1002 S52D   599   15 BA7LOK 599   24 
QSO: 21048 CW 2023-11-25 1003 S52D   599   15 S77HQ  599   39 
QSO: 21059 CW 2023-11-25 1008 S52D   599   15 PT5J   599   11 
QSO: 21088 CW 2023-11-25 1009 S52D   599   15 MD2C   599   14 
QSO: 21086 CW 2023-11-25 1010 S52D   599   15 SP5EXA 599   15 
QSO: 21078 CW 2023-11-25 1011 S52D   599   15 PX2A   599   11 
QSO: 21067 CW 2023-11-25 1011 S52D   599   15 BG2AUE 599   24 
QSO: 21067 CW 2023-11-25 1012 S52D   599   15 RF9C   599   17 
QSO: 21064 CW 2023-11-25 1013 S52D   599   15 LZ9W   599   20 
QSO: 21059 CW 2023-11-25 1013 S52D   599   15 PT5J   599   11 
QSO: 21040 CW 2023-11-25 1017 S52D   599   15 OH0X   599   15 
QSO: 21045 CW 2023-11-25 1018 S52D   599   15 EI7M   599   14 
QSO: 21001 CW 2023-11-25 1020 S52D   599   15 UP0L   599   17 
QSO: 21001 CW 2023-11-25 1021 S52D   599   15 P3D    599   20 
QSO: 21002 CW 2023-11-25 1021 S52D   599   15 OQ5M   599   14 
QSO: 21006 CW 2023-11-25 1023 S52D   599   15 MM0T   599   14 
QSO: 21009 CW 2023-11-25 1025 S52D   599   15 D4C    599   35 
QSO: 21010 CW 2023-11-25 1026 S52D   599   15 9A1A   599   15 
QSO: 21015 CW 2023-11-25 1034 S52D   599   15 DL5JAG 599   14 
QSO: 21024 CW 2023-11-25 1036 S52D   599   15 OH8A   599   15 
QSO: 21032 CW 2023-11-25 1037 S52D   599   15 SN2B   599   15 
QSO: 21036 CW 2023-11-25 1037 S52D   599   15 RM9RZ  599   17 
QSO: 21042 CW 2023-11-25 1039 S52D   599   15 TO7A   599   08 
QSO: 21089 CW 2023-11-25 1043 S52D   599   15 3V8SS  599   33 
QSO: 21098 CW 2023-11-25 1201 S52D   599   15 LY9A   599   15 
QSO: 21097 CW 2023-11-25 1202 S52D   599   15 ZY2A   599   11 
QSO: 21001 CW 2023-11-25 1205 S52D   599   15 K5ZD   599   05 
QSO: 21006 CW 2023-11-25 1205 S52D   599   15 4W8X   599   28 
QSO: 21016 CW 2023-11-25 1206 S52D   599   15 KC1XX  599   05 
QSO: 21021 CW 2023-11-25 1207 S52D   599   15 A92GE  599   21 
QSO: 21025 CW 2023-11-25 1208 S52D   599   15 VY2TT  599   05 
QSO: 21035 CW 2023-11-25 1209 S52D   599   15 RA5G   599   16 
QSO: 21036 CW 2023-11-25 1210 S52D   599   15 N1LN   599   05 
QSO: 21044 CW 2023-11-25 1211 S52D   599   15 OV7X   599   14 
QSO: 21057 CW 2023-11-25 1215 S52D   599   15 V26K   599   08 
QSO: 21058 CW 2023-11-25 1215 S52D   599   15 V47T   599   08 
QSO: 21065 CW 2023-11-25 1217 S52D   599   15 WP4WW  599   08 
QSO: 21071 CW 2023-11-25 1218 S52D   599   15 K1ZZ   599   05 
QSO: 21083 CW 2023-11-25 1219 S52D   599   15 GS7V   599   14 
QSO: 21090 CW 2023-11-25 1220 S52D   599   15 EA5GX  599   14 
QSO: 21111 CW 2023-11-25 1221 S52D   599   15 NP4Z   599   08 
QSO: 28005 CW 2023-11-25 1224 S52D   599   15 OX7AM  599   40 
QSO: 28010 CW 2023-11-25 1226 S52D   599   15 CR3A   599   33 
QSO: 28012 CW 2023-11-25 1228 S52D   599   15 VR2T   599   24 
QSO: 28001 CW 2023-11-25 1248 S52D   599   15 N4AF   599   05 
QSO: 28014 CW 2023-11-25 1250 S52D   599   15 YU1AAA 599   15 
QSO: 28015 CW 2023-11-25 1252 S52D   599   15 CE2DX  599   12 
QSO: 28029 CW 2023-11-25 1254 S52D   599   15 CR3W   599   33 
QSO: 28030 CW 2023-11-25 1254 S52D   599   15 K1LZ   599   05 
QSO: 28063 CW 2023-11-25 1258 S52D   599   15 PX2W   599   11 
QSO: 28068 CW 2023-11-25 1259 S52D   599   15 KP2B   599   08 
QSO: 28077 CW 2023-11-25 1304 S52D   599   15 V47T   599   08 
QSO: 28082 CW 2023-11-25 1306 S52D   599   15 ZF2SS  599   08 
QSO: 28085 CW 2023-11-25 1308 S52D   599   15 TO1A   599   09 
QSO: 28088 CW 2023-11-25 1309 S52D   599   15 N2NL   599   05 
QSO: 28091 CW 2023-11-25 1310 S52D   599   15 RA3AGF 599   16 
QSO: 28104 CW 2023-11-25 1312 S52D   599   15 K3TS   599   05 
QSO: 28108 CW 2023-11-25 1312 S52D   599   15 OY1CT  599   14 
QSO: 28115 CW 2023-11-25 1315 S52D   599   15 V31CQ  599   07 
QSO: 28118 CW 2023-11-25 1318 S52D   599   15 EY7BJ  599   17 
QSO: 28001 CW 2023-11-25 1326 S52D   599   15 7O73T  599   37 
QSO: 28005 CW 2023-11-25 1327 S52D   599   15 P3AA   599   20 
QSO: 28014 CW 2023-11-25 1328 S52D   599   15 K4ZW   599   05 
QSO: 28048 CW 2023-11-25 1335 S52D   599   15 HG5D   599   15 
QSO: 28049 CW 2023-11-25 1335 S52D   599   15 KQ3F   599   05 
QSO: 28050 CW 2023-11-25 1337 S52D   599   15 NO9E   599   05 
QSO: 28051 CW 2023-11-25 1337 S52D   599   15 GM7A   599   14 
QSO: 28055 CW 2023-11-25 1338 S52D   599   15 PJ4K   599   09 
QSO: 28055 CW 2023-11-25 1339 S52D   599   15 EI9E   599   14 
QSO: 28057 CW 2023-11-25 1339 S52D   599   15 IO3A   599   15 
QSO: 28064 CW 2023-11-25 1340 S52D   599   15 TI7W   599   07 
QSO: 28069 CW 2023-11-25 1343 S52D   599   15 P40L   599   09 
QSO: 28071 CW 2023-11-25 1344 S52D   599   15 OE6Z   599   15 
QSO: 28096 CW 2023-11-25 1345 S52D   599   15 PZ5CO  599   09 
QSO: 28098 CW 2023-11-25 1346 S52D   599   15 PR2E   599   11 
QSO: 28109 CW 2023-11-25 1347 S52D   599   15 EF7N   599   14 
QSO: 28110 CW 2023-11-25 1347 S52D   599   15 OH0V   599   15 
QSO: 28128 CW 2023-11-25 1348 S52D   599   15 WB9Z/4 599   05 
QSO: 28001 CW 2023-11-25 1350 S52D   599   15 K0EJ   599   04 
QSO: 28010 CW 2023-11-25 1350 S52D   599   15 K5RM   599   04 
QSO: 28013 CW 2023-11-25 1351 S52D   599   15 TM2Y   599   14 
QSO: 28020 CW 2023-11-25 1352 S52D   599   15 RT4F   599   16 
QSO: 28022 CW 2023-11-25 1353 S52D   599   15 4X1MM  599   20 
QSO: 28031 CW 2023-11-25 1355 S52D   599   15 RG6G   599   16 
QSO: 28039 CW 2023-11-25 1355 S52D   599   15 PJ2T   599   09 
QSO: 28044 CW 2023-11-25 1358 S52D   599   15 CW5W   599   13 
QSO: 28053 CW 2023-11-25 1359 S52D   599   15 W9RE   599   04 
QSO: 28056 CW 2023-11-25 1401 S52D   599   15 EA8RM  599   33 
QSO: 28057 CW 2023-11-25 1402 S52D   599   15 V26K   599   08 
QSO: 28060 CW 2023-11-25 1404 S52D   599   15 PJ4A   599   09 
QSO: 28065 CW 2023-11-25 1405 S52D   599   15 XE2X   599   06 
QSO: 28067 CW 2023-11-25 1406 S52D   599   15 HA8FK  599   15 
QSO: 28070 CW 2023-11-25 1407 S52D   599   15 XL3A   599   04 
QSO: 21005 CW 2023-11-25 1409 S52D   599   15 K1LZ   599   05 
QSO: 21005 CW 2023-11-25 1410 S52D   599   15 OX7AM  599   40 
QSO: 21008 CW 2023-11-25 1410 S52D   599   15 IO3F   599   15 
QSO: 21015 CW 2023-11-25 1414 S52D   599   15 YL2SM  599   15 
QSO: 21033 CW 2023-11-25 1415 S52D   599   15 PJ2T   599   09 
QSO: 21035 CW 2023-11-25 1416 S52D   599   15 OK5Z   599   15 
QSO: 21042 CW 2023-11-25 1417 S52D   599   15 N3ER   599   05 
QSO: 21042 CW 2023-11-25 1418 S52D   599   15 ED7W   599   14 
QSO: 21039 CW 2023-11-25 1418 S52D   599   15 K5GN   599   04 
QSO: 21048 CW 2023-11-25 1420 S52D   599   15 PJ4K   599   09 
QSO: 21048 CW 2023-11-25 1421 S52D   599   15 ZF1A   599   08 
QSO: 21053 CW 2023-11-25 1422 S52D   599   15 KT5C   599   04 
QSO: 21056 CW 2023-11-25 1424 S52D   599   15 IB9A   599   15 
QSO: 21061 CW 2023-11-25 1425 S52D   599   15 HB9CA  599   14 
QSO: 21064 CW 2023-11-25 1426 S52D   599   15 OK6W   599   15 
QSO: 21069 CW 2023-11-25 1427 S52D   599   15 FY5KE  599   09 
QSO: 14093 CW 2023-11-25 1428 S52D   599   15 ON6KZ  599   14 
QSO: 14084 CW 2023-11-25 1429 S52D   599   15 E78T   599   15 
QSO: 14067 CW 2023-11-25 1429 S52D   599   15 DL1SO  599   14 
QSO: 14065 CW 2023-11-25 1430 S52D   599   15 OE3G   599   15 
QSO: 14064 CW 2023-11-25 1431 S52D   599   15 F5MMX  599   14 
QSO: 14064 CW 2023-11-25 1431 S52D   599   15 RZ4W   599   16 
QSO: 14061 CW 2023-11-25 1433 S52D   599   15 SN7Q   599   15 
QSO: 14058 CW 2023-11-25 1435 S52D   599   15 7C3C   599   28 
QSO: 14057 CW 2023-11-25 1435 S52D   599   15 OM5R   599   15 
QSO: 14054 CW 2023-11-25 1436 S52D   599   15 LZ9W   599   20 
QSO: 14052 CW 2023-11-25 1437 S52D   599   15 PG2AA  599   14 
QSO: 14051 CW 2023-11-25 1438 S52D   599   15 HG1A   599   15 
QSO: 14050 CW 2023-11-25 1438 S52D   599   15 OH0X   599   15 
QSO: 14049 CW 2023-11-25 1439 S52D   599   15 D4C    599   35 
QSO: 14046 CW 2023-11-25 1440 S52D   599   15 HB9BRJ 599   14 
QSO: 14045 CW 2023-11-25 1441 S52D   599   15 F5SGI  599   14 
QSO: 14046 CW 2023-11-25 1441 S52D   599   15 OH5Z   599   15 
QSO: 14044 CW 2023-11-25 1442 S52D   599   15 M6T    599   14 
QSO: 14043 CW 2023-11-25 1443 S52D   599   15 CN3A   599   33 
QSO: 14041 CW 2023-11-25 1443 S52D   599   15 DM0A   599   14 
QSO: 14038 CW 2023-11-25 1444 S52D   599   15 7D1C   599   28 
QSO: 14036 CW 2023-11-25 1444 S52D   599   15 OH8X   599   15 
QSO: 14035 CW 2023-11-25 1445 S52D   599   15 EU2F   599   16 
QSO: 14034 CW 2023-11-25 1446 S52D   599   15 SC6O   599   14 
QSO: 14030 CW 2023-11-25 1447 S52D   599   15 SP8HWM 599   15 
QSO: 14028 CW 2023-11-25 1447 S52D   599   15 DP9A   599   14 
QSO: 14023 CW 2023-11-25 1448 S52D   599   15 LA7GIA 599   14 
QSO: 14019 CW 2023-11-25 1449 S52D   599   15 UC4N   599   16 
QSO: 14017 CW 2023-11-25 1450 S52D   599   15 SK6EI  599   14 
QSO: 14016 CW 2023-11-25 1451 S52D   599   15 LY7W   599   15 
QSO: 14010 CW 2023-11-25 1452 S52D   599   15 OZ5W   599   14 
QSO: 14005 CW 2023-11-25 1453 S52D   599   15 UP2L   599   17 
QSO: 14004 CW 2023-11-25 1454 S52D   599   15 UR2Y   599   16 
QSO: 14002 CW 2023-11-25 1454 S52D   599   15 UK9AA  599   17 
QSO: 28001 CW 2023-11-25 1516 S52D   599   15 KV2K   599   05 
QSO: 28013 CW 2023-11-25 1518 S52D   599   15 K3UL   599   05 
QSO: 28030 CW 2023-11-25 1520 S52D   599   15 K1DG   599   05 
QSO: 28048 CW 2023-11-25 1521 S52D   599   15 HI3A   599   08 
QSO: 28049 CW 2023-11-25 1523 S52D   599   15 TO7A   599   08 
QSO: 28058 CW 2023-11-25 1524 S52D   599   15 CN3A   599   33 
QSO: 28059 CW 2023-11-25 1528 S52D   599   15 YV4ABR 599   09 
QSO: 28064 CW 2023-11-25 1529 S52D   599   15 K2PS   599   05 
QSO: 28067 CW 2023-11-25 1529 S52D   599   15 K4PI   599   05 
QSO: 28068 CW 2023-11-25 1530 S52D   599   15 VE3MIS 599   04 
QSO: 28069 CW 2023-11-25 1532 S52D   599   15 8P5A   599   08 
QSO: 28085 CW 2023-11-25 1533 S52D   599   15 AB2E/VP9 599   05 
QSO: 28091 CW 2023-11-25 1535 S52D   599   15 K8LX   599   04 
QSO: 28096 CW 2023-11-25 1536 S52D   599   15 KS1J   599   05 
QSO: 28101 CW 2023-11-25 1537 S52D   599   15 K1TTT  599   05 
QSO: 28105 CW 2023-11-25 1538 S52D   599   15 NP3A   599   08 
QSO: 28124 CW 2023-11-25 1539 S52D   599   15 K2AX   599   05 
QSO: 21007 CW 2023-11-25 1542 S52D   599   15 OM7M   599   15 
QSO: 21008 CW 2023-11-25 1543 S52D   599   15 K0AD   599   04 
QSO: 21022 CW 2023-11-25 1547 S52D   599   15 N7DD   599   03 
QSO: 21049 CW 2023-11-25 1549 S52D   599   15 GI5I   599   14 
QSO: 21052 CW 2023-11-25 1551 S52D   599   15 P40L   599   09 
QSO: 21094 CW 2023-11-25 1556 S52D   599   15 8P5A   599   08 
QSO: 21098 CW 2023-11-25 1557 S52D   599   15 PZ5CO  599   09 
QSO: 14001 CW 2023-11-25 1603 S52D   599   15 K1LZ   599   05 
QSO: 14006 CW 2023-11-25 1605 S52D   599   15 9M6NA  599   28 
QSO: 14007 CW 2023-11-25 1605 S52D   599   15 SX9V   599   20 
QSO: 14014 CW 2023-11-25 1606 S52D   599   15 EA3X   599   14 
QSO: 14035 CW 2023-11-25 1609 S52D   599   15 OH8A   599   15 
QSO: 14044 CW 2023-11-25 1610 S52D   599   15 II2S   599   15 
QSO: 14056 CW 2023-11-25 1611 S52D   599   15 W9RE   599   04 
QSO: 14061 CW 2023-11-25 1612 S52D   599   15 HS5NMF 599   26 
QSO: 14064 CW 2023-11-25 1612 S52D   599   15 LC9A   599   14 
QSO: 14066 CW 2023-11-25 1613 S52D   599   15 GS7V   599   14 
QSO: 14067 CW 2023-11-25 1614 S52D   599   15 CR3W   599   33 
QSO: 14068 CW 2023-11-25 1615 S52D   599   15 UA2FZ  599   15 
QSO: 14069 CW 2023-11-25 1616 S52D   599   15 OH0V   599   15 
QSO: 14070 CW 2023-11-25 1616 S52D   599   15 GJ2A   599   14 
QSO: 14072 CW 2023-11-25 1618 S52D   599   15 BA7LOK 599   24 
QSO:  7000 CW 2023-11-25 1626 S52D   599   15 SP3CW  599   15 
QSO:  7002 CW 2023-11-25 1627 S52D   599   15 RM9A   599   17 
QSO:  7004 CW 2023-11-25 1628 S52D   599   15 RA9Y   599   18 
QSO:  7006 CW 2023-11-25 1629 S52D   599   15 RV3ZN  599   16 
QSO:  7009 CW 2023-11-25 1630 S52D   599   15 HA2KMR 599   15 
QSO:  7014 CW 2023-11-25 1632 S52D   599   15 LX8M   599   14 
QSO:  7016 CW 2023-11-25 1634 S52D   599   15 GM3YOR 599   14 
QSO:  7016 CW 2023-11-25 1634 S52D   599   15 Z32TO  599   15 
QSO:  7016 CW 2023-11-25 1635 S52D   599   15 EU2F   599   16 
QSO:  7017 CW 2023-11-25 1635 S52D   599   15 UT5C   599   16 
QSO:  7018 CW 2023-11-25 1636 S52D   599   15 SM0HRP 599   14 
QSO:  7022 CW 2023-11-25 1638 S52D   599   15 HB0A   599   14 
QSO:  7023 CW 2023-11-25 1638 S52D   599   15 OM7LM  599   15 
QSO:  7023 CW 2023-11-25 1640 S52D   599   15 Z68BB  599   15 
QSO:  7026 CW 2023-11-25 1641 S52D   599   15 OK1KKI 599   15 
QSO:  7031 CW 2023-11-25 1644 S52D   599   15 RL3A   599   16 
QSO:  7033 CW 2023-11-25 1645 S52D   599   15 IK7MIY 599   15 
QSO:  7039 CW 2023-11-25 1646 S52D   599   15 OF9X   599   15 
QSO:  7040 CW 2023-11-25 1647 S52D   599   15 IB8A   599   15 
QSO:  7043 CW 2023-11-25 1649 S52D   599   15 LY2J   599   15 
QSO:  7044 CW 2023-11-25 1649 S52D   599   15 YT1A   599   15 
QSO:  7046 CW 2023-11-25 1650 S52D   599   15 CR3A   599   33 
QSO:  7050 CW 2023-11-25 1650 S52D   599   15 UR7EU  599   16 
QSO:  7058 CW 2023-11-25 1651 S52D   599   15 F5OIH  599   14 
QSO:  7060 CW 2023-11-25 1652 S52D   599   15 HB0/HB9RB 599   14 
QSO:  7060 CW 2023-11-25 1652 S52D   599   15 DF4ZL  599   14 
QSO:  7050 CW 2023-11-25 1654 S52D   599   15 SV1BJW 599   20 
QSO:  7050 CW 2023-11-25 1655 S52D   599   15 YO8/LZ4UU 599   20 
QSO:  7046 CW 2023-11-25 1656 S52D   599   15 LZ9W   599   20 
QSO:  7045 CW 2023-11-25 1658 S52D   599   15 JH4UYB 599   25 
QSO:  7044 CW 2023-11-25 1659 S52D   599   15 UB7K   599   16 
QSO:  7043 CW 2023-11-25 1659 S52D   599   15 CR3W   599   33 
QSO:  7039 CW 2023-11-25 1700 S52D   599   15 UY7C   599   16 
QSO:  7036 CW 2023-11-25 1703 S52D   599   15 BY5EA  599   24 
QSO:  7034 CW 2023-11-25 1704 S52D   599   15 UA4M   599   16 
QSO:  7037 CW 2023-11-25 1704 S52D   599   15 D4C    599   35 
QSO:  7025 CW 2023-11-25 1705 S52D   599   15 M6T    599   14 
QSO:  7021 CW 2023-11-25 1707 S52D   599   15 DK4LX  599   14 
QSO:  7018 CW 2023-11-25 1707 S52D   599   15 EU4E   599   16 
QSO:  7016 CW 2023-11-25 1709 S52D   599   15 OZ3SM  599   14 
QSO:  7014 CW 2023-11-25 1710 S52D   599   15 UA5C   599   16 
QSO:  7014 CW 2023-11-25 1711 S52D   599   15 LN8W   599   14 
QSO:  7001 CW 2023-11-25 1714 S52D   599   15 EA2GR  599   14 
QSO:  7009 CW 2023-11-25 1715 S52D   599   15 ON6PJ  599   14 
QSO:  7015 CW 2023-11-25 1717 S52D   599   15 4L9M   599   21 
QSO:  7017 CW 2023-11-25 1718 S52D   599   15 ER3R   599   16 
QSO:  7018 CW 2023-11-25 1719 S52D   599   15 F8DFP  599   14 
QSO:  7039 CW 2023-11-25 1722 S52D   599   15 UB2F   599   15 
QSO:  7005 CW 2023-11-25 1725 S52D   599   15 YL7X   599   15 
QSO:  7025 CW 2023-11-25 1726 S52D   599   15 PC1PM  599   14 
QSO:  7021 CW 2023-11-25 1727 S52D   599   15 RA9P   599   18 
QSO:  7036 CW 2023-11-25 1729 S52D   599   15 MW5B   599   14 
QSO:  7046 CW 2023-11-25 1731 S52D   599   15 CN3A   599   33 
QSO:  7051 CW 2023-11-25 1734 S52D   599   15 E2X    599   26 
QSO:  7052 CW 2023-11-25 1737 S52D   599   15 GS7V   599   14 
QSO:  7030 CW 2023-11-25 1739 S52D   599   15 UX1VX  599   16 
QSO:  7029 CW 2023-11-25 1739 S52D   599   15 RG6G   599   16 
QSO:  7023 CW 2023-11-25 1740 S52D   599   15 UI7D   599   16 
QSO:  7000 CW 2023-11-25 2107 S52D   599   15 K8LX   599   04 
QSO:  7001 CW 2023-11-25 2108 S52D   599   15 K1LZ   599   05 
QSO:  7007 CW 2023-11-25 2110 S52D   599   15 K4ZW   599   05 
QSO:  7010 CW 2023-11-25 2111 S52D   599   15 VK6T   599   29 
QSO:  7010 CW 2023-11-25 2112 S52D   599   15 EI1E   599   14 
QSO:  7012 CW 2023-11-25 2112 S52D   599   15 HA6A   599   15 
QSO:  7016 CW 2023-11-25 2113 S52D   599   15 4U1A   599   15 
QSO:  7020 CW 2023-11-25 2114 S52D   599   15 F5MMX  599   14 
QSO:  7021 CW 2023-11-25 2114 S52D   599   15 OM2XW  599   15 
QSO:  7026 CW 2023-11-25 2116 S52D   599   15 SV8OVJ 599   20 
QSO:  7029 CW 2023-11-25 2117 S52D   599   15 M0X    599   14 
QSO:  7029 CW 2023-11-25 2117 S52D   599   15 TM7A   599   14 
QSO:  7035 CW 2023-11-25 2118 S52D   599   15 PA4Y   599   14 
QSO:  7041 CW 2023-11-25 2119 S52D   599   15 KP4AA  599   08 
QSO:  7042 CW 2023-11-25 2120 S52D   599   15 CR6K   599   14 
QSO:  7034 CW 2023-11-25 2123 S52D   599   15 4W8X   599   28 
QSO:  7046 CW 2023-11-25 2124 S52D   599   15 P33W   599   20 
QSO:  7054 CW 2023-11-25 2126 S52D   599   15 KC1XX  599   05 
QSO:  7057 CW 2023-11-25 2127 S52D   599   15 EA2W   599   14 
QSO:  7062 CW 2023-11-25 2129 S52D   599   15 EF6T   599   14 
QSO:  7060 CW 2023-11-25 2130 S52D   599   15 4X7M   599   20 
QSO:  7064 CW 2023-11-25 2132 S52D   599   15 3B8M   599   39 
QSO:  7066 CW 2023-11-25 2132 S52D   599   15 OE6Z   599   15 
QSO:  7067 CW 2023-11-25 2133 S52D   599   15 LY4L   599   15 
QSO:  7047 CW 2023-11-25 2141 S52D   599   15 HB9EBC 599   14 
QSO:  7045 CW 2023-11-25 2142 S52D   599   15 J42L   599   20 
QSO:  7048 CW 2023-11-25 2144 S52D   599   15 5Z4VJ  599   37 
QSO:  7049 CW 2023-11-25 2144 S52D   599   15 DR4A   599   14 
QSO:  7051 CW 2023-11-25 2145 S52D   599   15 G6XX   599   14 
QSO:  7052 CW 2023-11-25 2145 S52D   599   15 IB9R   599   15 
QSO:  7039 CW 2023-11-25 2147 S52D   599   15 RN3BL  599   16 
QSO:  7032 CW 2023-11-25 2148 S52D   599   15 G8X    599   14 
QSO:  7031 CW 2023-11-25 2149 S52D   599   15 MD4K   599   14 
QSO:  7013 CW 2023-11-25 2151 S52D   599   15 K1JD   599   05 
QSO:  7012 CW 2023-11-25 2152 S52D   599   15 OT7T   599   14 
QSO:  7005 CW 2023-11-25 2153 S52D   599   15 S53X   599   15 
QSO:  7004 CW 2023-11-25 2153 S52D   599   15 DF0HQ  599   14 
QSO:  3508 CW 2023-11-25 2204 S52D   599   15 IR2Q   599   15 
QSO:  3513 CW 2023-11-25 2205 S52D   599   15 R8TT   599   16 
QSO:  3513 CW 2023-11-25 2206 S52D   599   15 IB3N   599   15 
QSO:  3514 CW 2023-11-25 2206 S52D   599   15 DF0HQ  599   14 
QSO:  3517 CW 2023-11-25 2207 S52D   599   15 DF0CI  599   14 
QSO:  3520 CW 2023-11-25 2208 S52D   599   15 ER3R   599   16 
QSO:  3525 CW 2023-11-25 2209 S52D   599   15 OK5T   599   15 
QSO:  3527 CW 2023-11-25 2209 S52D   599   15 ED5O   599   14 
QSO:  3536 CW 2023-11-25 2210 S52D   599   15 IK0YUT 599   15 
QSO:  3547 CW 2023-11-25 2211 S52D   599   15 DJ9DZ  599   14 
QSO:  3544 CW 2023-11-25 2211 S52D   599   15 II2S   599   15 
QSO:  3530 CW 2023-11-25 2212 S52D   599   15 UA4M   599   16 
QSO:  3506 CW 2023-11-25 2213 S52D   599   15 UA2FZ  599   15 
QSO:  3522 CW 2023-11-25 2214 S52D   599   15 SP2FAP 599   15 
QSO:  3530 CW 2023-11-25 2215 S52D   599   15 HB9AMO 599   14 
QSO:  3530 CW 2023-11-25 2215 S52D   599   15 OK1AGE 599   15 
QSO:  3537 CW 2023-11-25 2217 S52D   599   15 SP5CNA 599   15 
QSO:  3541 CW 2023-11-25 2218 S52D   599   15 I5MXX  599   15 
QSO:  1810 CW 2023-11-25 2239 S52D   599   15 UX1UA  599   16 
QSO:  1813 CW 2023-11-25 2240 S52D   599   15 TM1A   599   14 
QSO:  1839 CW 2023-11-25 2241 S52D   599   15 YL2SM  599   15 
QSO:  1836 CW 2023-11-25 2242 S52D   599   15 DF0CI  599   14 
QSO:  1835 CW 2023-11-25 2243 S52D   599   15 SJ2W   599   14 
QSO:  1837 CW 2023-11-25 2243 S52D   599   15 LN8W   599   14 
QSO:  1834 CW 2023-11-25 2244 S52D   599   15 M6T    599   14 
QSO:  1831 CW 2023-11-25 2244 S52D   599   15 OK2EA  599   15 
QSO:  1830 CW 2023-11-25 2245 S52D   599   15 IB3N   599   15 
QSO:  1829 CW 2023-11-25 2245 S52D   599   15 LX1NO  599   14 
QSO:  1829 CW 2023-11-25 2246 S52D   599   15 4L5O   599   21 
QSO:  1826 CW 2023-11-25 2246 S52D   599   15 9A2KD  599   15 
QSO:  1824 CW 2023-11-25 2247 S52D   599   15 LZ9W   599   20 
QSO:  1821 CW 2023-11-25 2248 S52D   599   15 8S0DX  599   14 
QSO:  1820 CW 2023-11-25 2248 S52D   599   15 MM2N   599   14 
QSO:  1818 CW 2023-11-25 2249 S52D   599   15 HG5A   599   15 
QSO:  1817 CW 2023-11-25 2249 S52D   599   15 S56X   599   15 
QSO:  1816 CW 2023-11-25 2250 S52D   599   15 UA5C   599   16 
QSO:  1810 CW 2023-11-25 2251 S52D   599   15 SP1NY  599   15 
QSO:  1818 CW 2023-11-25 2252 S52D   599   15 SN0R   599   15 
QSO:  1819 CW 2023-11-25 2253 S52D   599   15 YT5A   599   15 
QSO:  1821 CW 2023-11-25 2253 S52D   599   15 ON7PQ  599   14 
QSO:  1831 CW 2023-11-25 2254 S52D   599   15 IT9ZZO 599   15 
QSO:  1840 CW 2023-11-25 2255 S52D   599   15 CN3A   599   33 
QSO:  1843 CW 2023-11-25 2256 S52D   599   15 LY2J   599   15 
QSO:  1831 CW 2023-11-25 2257 S52D   599   15 OM4Q   599   15 
QSO:  1822 CW 2023-11-25 2257 S52D   599   15 OT1A   599   14 
QSO:  1811 CW 2023-11-25 2259 S52D   599   15 SP7AS  599   15 
QSO:  1822 CW 2023-11-25 2259 S52D   599   15 OZ1AA  599   14 
QSO:  1836 CW 2023-11-25 2301 S52D   599   15 TK4W   599   15 
QSO:  1832 CW 2023-11-25 2301 S52D   599   15 YO8DHA 599   20 
QSO:  1838 CW 2023-11-25 2303 S52D   599   15 HA7MF  599   15 
QSO:  7006 CW 2023-11-25 2306 S52D   599   15 CT3KN  599   33 
QSO:  7008 CW 2023-11-25 2307 S52D   599   15 K1ZZ   599   05 
QSO:  7013 CW 2023-11-25 2307 S52D   599   15 GM4X   599   14 
QSO:  7017 CW 2023-11-25 2308 S52D   599   15 K3LR   599   05 
QSO:  7021 CW 2023-11-25 2309 S52D   599   15 TM6M   599   14 
QSO:  7022 CW 2023-11-25 2309 S52D   599   15 OK2HBR 599   15 
QSO:  7024 CW 2023-11-25 2310 S52D   599   15 KB1W   599   05 
QSO:  7026 CW 2023-11-25 2310 S52D   599   15 C37N   599   14 
QSO:  7027 CW 2023-11-25 2311 S52D   599   15 M0RYB/P 599   14 
QSO:  7029 CW 2023-11-25 2312 S52D   599   15 SX9V   599   20 
QSO:  7032 CW 2023-11-25 2312 S52D   599   15 PJ4K   599   09 
QSO:  7033 CW 2023-11-25 2313 S52D   599   15 PJ2T   599   09 
QSO:  7043 CW 2023-11-25 2314 S52D   599   15 OH0X   599   15 
QSO:  7046 CW 2023-11-25 2315 S52D   599   15 KR2AA  599   05 
QSO:  7046 CW 2023-11-25 2318 S52D   599   15 9H6A   599   15 
QSO:  7053 CW 2023-11-25 2319 S52D   599   15 GM8DYT 599   14 
QSO:  7068 CW 2023-11-25 2320 S52D   599   15 V47T   599   08 
QSO:  7069 CW 2023-11-25 2320 S52D   599   15 OL3Z   599   15 
QSO:  7058 CW 2023-11-25 2322 S52D   599   15 VY2TT  599   05 
QSO:  7049 CW 2023-11-25 2323 S52D   599   15 UZ2M   599   16 
QSO:  7043 CW 2023-11-25 2324 S52D   599   15 TM2Y   599   14 
QSO:  7033 CW 2023-11-25 2326 S52D   599   15 NJ4P   599   04 
QSO:  7022 CW 2023-11-25 2327 S52D   599   15 R9GM   599   17 
QSO:  7003 CW 2023-11-25 2329 S52D   599   15 KA1IS  559   05 
QSO:  7024 CW 2023-11-25 2333 S52D   599   15 YR8D   599   20 
QSO:  7026 CW 2023-11-25 2334 S52D   599   15 HB9CA  599   14 
QSO:  7011 CW 2023-11-25 2335 S52D   599   15 A60A   599   21 
QSO:  7089 CW 2023-11-25 2336 S52D   599   15 PZ5CO  599   09 
QSO:  7098 CW 2023-11-25 2336 S52D   599   15 ZF5T   599   08 
QSO:  7064 CW 2023-11-25 2339 S52D   599   15 OL7T   599   15 
QSO:  7061 CW 2023-11-25 2340 S52D   599   15 VA2WA  599   05 
QSO:  7060 CW 2023-11-25 2342 S52D   599   15 8P5A   599   08 
QSO:  7050 CW 2023-11-25 2344 S52D   599   15 PJ4A   599   09 
QSO:  7036 CW 2023-11-25 2345 S52D   599   15 RU1A   599   16 
QSO:  7034 CW 2023-11-25 2346 S52D   599   15 OK5Z   599   15 
QSO:  7000 CW 2023-11-26 0207 S52D   599   15 W3AA   599   05 
QSO:  7002 CW 2023-11-26 0207 S52D   599   15 ED5O   599   14 
QSO:  7014 CW 2023-11-26 0209 S52D   599   15 NR4M   599   05 
QSO:  7013 CW 2023-11-26 0210 S52D   599   15 C4W    599   20 
QSO:  7014 CW 2023-11-26 0211 S52D   599   15 N2AA   599   05 
QSO:  7034 CW 2023-11-26 0214 S52D   599   15 K9RS   599   05 
QSO:  7048 CW 2023-11-26 0216 S52D   599   15 TO7A   599   08 
QSO:  7052 CW 2023-11-26 0217 S52D   599   15 P44W   599   09 
QSO:  7064 CW 2023-11-26 0219 S52D   599   15 TI7W   599   07 
QSO:  7072 CW 2023-11-26 0223 S52D   599   15 V26K   599   08 
QSO:  7068 CW 2023-11-26 0235 S52D   599   15 OH5Z   599   15 
QSO:  7064 CW 2023-11-26 0236 S52D   599   15 EA5RS  599   14 
QSO:  7054 CW 2023-11-26 0237 S52D   599   15 WK2G   599   05 
QSO:  7040 CW 2023-11-26 0239 S52D   599   15 SO4M   599   15 
QSO:  7040 CW 2023-11-26 0239 S52D   599   15 K3WU   599   05 
QSO:  7024 CW 2023-11-26 0240 S52D   599   15 W3LPL  599   05 
QSO:  7006 CW 2023-11-26 0241 S52D   599   15 N4IQ   599   05 
QSO:  1815 CW 2023-11-26 0244 S52D   599   15 9A1A   599   15 
QSO:  1818 CW 2023-11-26 0245 S52D   599   15 DF0HQ  599   14 
QSO:  1821 CW 2023-11-26 0246 S52D   599   15 M0RYB/P 599   14 
QSO:  1822 CW 2023-11-26 0247 S52D   599   15 CR3A   599   33 
QSO:  1832 CW 2023-11-26 0248 S52D   599   15 US5WE  599   16 
QSO:  1831 CW 2023-11-26 0248 S52D   599   15 YL3FT  599   15 
QSO:  1835 CW 2023-11-26 0249 S52D   599   15 OG1F   599   15 
QSO:  7023 CW 2023-11-26 0259 S52D   599   15 3V8SS  599   33 
QSO:  7049 CW 2023-11-26 0302 S52D   599   15 PX2A   599   11 
QSO:  7054 CW 2023-11-26 0302 S52D   599   15 K4RUM  599   05 
QSO:  7000 CW 2023-11-26 0304 S52D   599   15 P3AA   599   20 
QSO:  3577 CW 2023-11-26 0306 S52D   599   15 LY2ZO  599   15 
QSO:  3570 CW 2023-11-26 0307 S52D   599   15 ON3DI  599   14 
QSO:  3569 CW 2023-11-26 0307 S52D   599   15 OL4W   599   15 
QSO:  3567 CW 2023-11-26 0308 S52D   599   15 EA5GX  599   14 
QSO:  3567 CW 2023-11-26 0308 S52D   599   15 IB9T   599   15 
QSO:  3564 CW 2023-11-26 0309 S52D   599   15 A60A   599   21 
QSO:  3560 CW 2023-11-26 0309 S52D   599   15 DJ9AO  599   14 
QSO:  3550 CW 2023-11-26 0311 S52D   599   15 OM5NL  599   15 
QSO:  3544 CW 2023-11-26 0312 S52D   599   15 OM7LW  599   15 
QSO:  3543 CW 2023-11-26 0314 S52D   599   15 YO6FNA 599   20 
QSO:  3534 CW 2023-11-26 0316 S52D   599   15 W1JQ   599   05 
QSO:  3528 CW 2023-11-26 0317 S52D   599   15 EI7M   599   14 
QSO:  3512 CW 2023-11-26 0318 S52D   599   15 OK1DWC 599   15 
QSO:  3508 CW 2023-11-26 0319 S52D   599   15 RV3ZN  599   16 
QSO:  3505 CW 2023-11-26 0319 S52D   599   15 W3LPL  599   05 
QSO:  3501 CW 2023-11-26 0320 S52D   599   15 N2NT   599   05 
QSO:  3546 CW 2023-11-26 0322 S52D   599   15 ED8M   599   33 
QSO:  3547 CW 2023-11-26 0322 S52D   599   15 CR6K   599   14 
QSO:  3548 CW 2023-11-26 0323 S52D   599   15 PJ2T   599   09 
QSO:  3559 CW 2023-11-26 0327 S52D   599   15 IR6T   599   15 
QSO:  3565 CW 2023-11-26 0328 S52D   599   15 PC3T   599   14 
QSO:  3557 CW 2023-11-26 0330 S52D   599   15 W1GD   599   05 
QSO:  3533 CW 2023-11-26 0333 S52D   599   15 PJ4K   599   09 
QSO:  3521 CW 2023-11-26 0333 S52D   599   15 OL7T   599   15 
QSO:  3569 CW 2023-11-26 0336 S52D   599   15 ZF5T   599   08 
QSO:  3563 CW 2023-11-26 0337 S52D   599   15 OE6Z   599   15 
QSO: 28009 CW 2023-11-26 0653 S52D   599   15 R9YY   599   18 
QSO: 28024 CW 2023-11-26 0656 S52D   599   15 BY7KP  599   24 
QSO: 28032 CW 2023-11-26 0658 S52D   599   15 JS3CTQ 599   25 
QSO: 28044 CW 2023-11-26 0700 S52D   599   15 UA4M   599   16 
QSO: 28054 CW 2023-11-26 0701 S52D   599   15 RA9Y   599   18 
QSO: 28054 CW 2023-11-26 0702 S52D   599   15 RW4CLF 599   16 
QSO: 28062 CW 2023-11-26 0704 S52D   599   15 BD4QA  599   24 
QSO: 28095 CW 2023-11-26 0708 S52D   599   15 TR8CA  599   36 
QSO: 28050 CW 2023-11-26 0712 S52D   599   15 BD4VGZ 599   24 
QSO: 28006 CW 2023-11-26 0714 S52D   599   15 UA9MA  599   17 
QSO: 28009 CW 2023-11-26 0715 S52D   599   15 JI0VWL 599   25 
QSO: 28013 CW 2023-11-26 0716 S52D   599   15 JH6WHN 599   25 
QSO: 28025 CW 2023-11-26 0717 S52D   599   15 RO2E   599   16 
QSO: 28035 CW 2023-11-26 0719 S52D   599   15 7D1C   599   28 
QSO: 28049 CW 2023-11-26 0721 S52D   599   15 A71WW  599   21 
QSO: 28051 CW 2023-11-26 0722 S52D   599   15 S77HQ  599   39 
QSO: 28067 CW 2023-11-26 0725 S52D   599   15 RK4PA  599   16 
QSO: 28069 CW 2023-11-26 0726 S52D   599   15 4X0A   599   20 
QSO: 28085 CW 2023-11-26 0727 S52D   599   15 RG3R   599   16 
QSO: 28088 CW 2023-11-26 0728 S52D   599   15 4K50DHC 599   21 
QSO: 28028 CW 2023-11-26 0732 S52D   599   15 RT4D   599   16 
QSO: 28001 CW 2023-11-26 0733 S52D   599   15 RX3N   599   16 
QSO: 14000 CW 2023-11-26 0739 S52D   599   15 TC3AKSA 599   20 
QSO: 14004 CW 2023-11-26 0741 S52D   599   15 9H6A   599   15 
QSO: 14009 CW 2023-11-26 0742 S52D   599   15 K5GN   599   04 
QSO: 14010 CW 2023-11-26 0742 S52D   599   15 UA9XX  599   17 
QSO: 14012 CW 2023-11-26 0743 S52D   599   15 CR3A   599   33 
QSO: 14015 CW 2023-11-26 0743 S52D   599   15 RM9A   599   17 
QSO: 14017 CW 2023-11-26 0744 S52D   599   15 YO4NA  599   20 
QSO: 14020 CW 2023-11-26 0745 S52D   599   15 C37N   599   14 
QSO: 14021 CW 2023-11-26 0746 S52D   599   15 G6XX   599   14 
QSO: 14022 CW 2023-11-26 0746 S52D   599   15 Z35W   599   15 
QSO: 14025 CW 2023-11-26 0747 S52D   599   15 UY7C   599   16 
QSO: 14027 CW 2023-11-26 0748 S52D   599   15 YL1YF  599   15 
QSO: 14028 CW 2023-11-26 0748 S52D   599   15 LZ1ZJ  599   20 
QSO: 14031 CW 2023-11-26 0749 S52D   599   15 YU5M   599   15 
QSO: 14037 CW 2023-11-26 0750 S52D   599   15 S57DX  599   15 
QSO: 14041 CW 2023-11-26 0750 S52D   599   15 YT7B   599   15 
QSO: 14046 CW 2023-11-26 0751 S52D   599   15 EA8RM  599   33 
QSO: 14047 CW 2023-11-26 0751 S52D   599   15 EF6T   599   14 
QSO: 14049 CW 2023-11-26 0752 S52D   599   15 RA5G   599   16 
QSO: 14050 CW 2023-11-26 0753 S52D   599   15 DJ2QV  599   14 
QSO: 14055 CW 2023-11-26 0754 S52D   599   15 UY2UZ  599   16 
QSO: 14061 CW 2023-11-26 0755 S52D   599   15 DL7FER 599   14 
QSO: 14068 CW 2023-11-26 0757 S52D   599   15 3V8SS  599   33 
QSO: 14089 CW 2023-11-26 0758 S52D   599   15 TK4W   599   15 
QSO: 14085 CW 2023-11-26 0844 S52D   599   15 PA3AAV 599   14 
QSO: 14078 CW 2023-11-26 0845 S52D   599   15 LY9A   599   15 
QSO: 14049 CW 2023-11-26 0847 S52D   599   15 LZ3QE  599   20 
QSO: 14048 CW 2023-11-26 0849 S52D   599   15 IO3F   599   15 
QSO: 14042 CW 2023-11-26 0849 S52D   599   15 9A1A   599   15 
QSO: 21004 CW 2023-11-26 0852 S52D   599   15 EA2AZ  599   14 
QSO: 21072 CW 2023-11-26 0853 S52D   599   15 RA4ACX 599   16 
QSO: 21095 CW 2023-11-26 0855 S52D   599   15 PY7RP  599   11 
QSO: 21092 CW 2023-11-26 0856 S52D   599   15 CT3KN  599   33 
QSO: 21091 CW 2023-11-26 0857 S52D   599   15 AT3K   599   22 
QSO: 21068 CW 2023-11-26 0859 S52D   599   15 CR3W   599   33 
QSO: 21069 CW 2023-11-26 0900 S52D   599   15 3W9A   599   26 
QSO: 21061 CW 2023-11-26 0902 S52D   599   15 YO4NF  599   20 
QSO: 21058 CW 2023-11-26 0902 S52D   599   15 RA7R   599   16 
QSO: 21054 CW 2023-11-26 0903 S52D   599   15 LY5I   599   15 
QSO: 21053 CW 2023-11-26 0903 S52D   599   15 EA2W   599   14 
QSO: 21050 CW 2023-11-26 0903 S52D   599   15 JA7ZFN 599   25 
QSO: 21049 CW 2023-11-26 0904 S52D   599   15 C37N   599   14 
QSO: 21042 CW 2023-11-26 0905 S52D   599   15 UN9GD  599   17 
QSO: 21009 CW 2023-11-26 0906 S52D   599   15 RW0BG  599   18 
QSO: 21005 CW 2023-11-26 0908 S52D   599   15 3B9KW  599   39 
QSO: 21014 CW 2023-11-26 0912 S52D   599   15 YT9A   599   15 
QSO: 21023 CW 2023-11-26 0913 S52D   599   15 EW5A   599   16 
QSO: 21059 CW 2023-11-26 0917 S52D   599   15 UP5B   599   17 
QSO: 21065 CW 2023-11-26 0917 S52D   599   15 YL2BJ  599   15 
QSO: 21069 CW 2023-11-26 0919 S52D   599   15 G4IIY  599   14 
QSO: 21071 CW 2023-11-26 0920 S52D   599   15 LX8M   599   14 
QSO: 21083 CW 2023-11-26 0922 S52D   599   15 JT1BV  599   23 
QSO: 21086 CW 2023-11-26 0922 S52D   599   15 OH0V   599   15 
QSO: 21001 CW 2023-11-26 0925 S52D   599   15 LA8OM  599   14 
QSO: 21023 CW 2023-11-26 0926 S52D   599   15 UT4LW  599   16 
QSO: 21025 CW 2023-11-26 0927 S52D   599   15 EW2ZC  599   16 
QSO: 21030 CW 2023-11-26 0928 S52D   599   15 TM1A   599   14 
QSO: 21040 CW 2023-11-26 0929 S52D   599   15 OH5Z   599   15 
QSO: 21043 CW 2023-11-26 0930 S52D   599   15 C4W    599   20 
QSO: 21042 CW 2023-11-26 0930 S52D   599   15 SX9V   599   20 
QSO: 21072 CW 2023-11-26 0932 S52D   599   15 LW1FL  599   13 
QSO: 21090 CW 2023-11-26 0933 S52D   599   15 GW5P   599   14 
QSO: 28003 CW 2023-11-26 0937 S52D   599   15 IQ3ME  599   15 
QSO: 28005 CW 2023-11-26 0938 S52D   599   15 RM9A   599   17 
QSO: 28007 CW 2023-11-26 0939 S52D   599   15 G9M    599   14 
QSO: 28011 CW 2023-11-26 0940 S52D   599   15 OL9Z   599   15 
QSO: 28012 CW 2023-11-26 0940 S52D   599   15 OZ1AA  599   14 
QSO: 28017 CW 2023-11-26 0942 S52D   599   15 UA4CC  599   16 
QSO: 28022 CW 2023-11-26 0943 S52D   599   15 DL5JQ  599   14 
QSO: 28033 CW 2023-11-26 0946 S52D   599   15 R4PH   599   16 
QSO: 28051 CW 2023-11-26 0952 S52D   599   15 EI6FR  599   14 
QSO: 28060 CW 2023-11-26 0953 S52D   599   15 UR7EU  599   16 
QSO: 28081 CW 2023-11-26 0954 S52D   599   15 RC9J   599   17 
QSO: 28085 CW 2023-11-26 0956 S52D   599   15 AH2R   599   27 
QSO: 28087 CW 2023-11-26 0957 S52D   599   15 A65CW  599   21 
QSO: 28089 CW 2023-11-26 0958 S52D   599   15 YL5W   599   15 
QSO: 28094 CW 2023-11-26 1000 S52D   599   15 3V8SS  599   33 
QSO: 28099 CW 2023-11-26 1000 S52D   599   15 CT3KN  599   33 
QSO: 28108 CW 2023-11-26 1002 S52D   599   15 GW4J   599   14 
QSO: 28061 CW 2023-11-26 1004 S52D   599   15 EF6T   599   14 
QSO: 28050 CW 2023-11-26 1005 S52D   599   15 EA1R   599   14 
QSO: 28039 CW 2023-11-26 1009 S52D   599   15 RA3XM  599   16 
QSO: 28040 CW 2023-11-26 1009 S52D   599   15 TA4A   599   20 
QSO: 28024 CW 2023-11-26 1011 S52D   599   15 GD5F   599   14 
QSO: 28023 CW 2023-11-26 1012 S52D   599   15 SZ1A   599   20 
QSO: 28030 CW 2023-11-26 1014 S52D   599   15 TK4W   599   15 
QSO: 14087 CW 2023-11-26 1017 S52D   599   15 TF3W   599   40 
QSO: 14069 CW 2023-11-26 1017 S52D   599   15 TM1A   599   14 
QSO: 14059 CW 2023-11-26 1018 S52D   599   15 EW1TZ  599   16 
QSO: 14011 CW 2023-11-26 1022 S52D   599   15 R3ZZ   599   16 
QSO: 14034 CW 2023-11-26 1025 S52D   599   15 EI9E   599   14 
QSO: 14036 CW 2023-11-26 1025 S52D   599   15 OH8L   599   15 
QSO: 14040 CW 2023-11-26 1026 S52D   599   15 GI5I   599   14 
QSO: 21103 CW 2023-11-26 1031 S52D   599   15 EA3AVV 599   14 
QSO: 21093 CW 2023-11-26 1032 S52D   599   15 UW5IM  599   16 
QSO: 21091 CW 2023-11-26 1033 S52D   599   15 CX9AU  599   13 
QSO: 21087 CW 2023-11-26 1034 S52D   599   15 EA3AR  599   14 
QSO: 21070 CW 2023-11-26 1035 S52D   599   15 9H/DF1DN 599   15 
QSO: 21055 CW 2023-11-26 1038 S52D   599   15 5Z4VJ  599   37 
QSO: 21001 CW 2023-11-26 1041 S52D   599   15 7O73T  599   37 
QSO: 21067 CW 2023-11-26 1304 S52D   599   15 E2A    599   26 
QSO: 21078 CW 2023-11-26 1306 S52D   599   15 BD7MM  599   24 
QSO: 28135 CW 2023-11-26 1311 S52D   599   15 PY2KJ  599   11 
QSO: 28119 CW 2023-11-26 1313 S52D   599   15 KB1EFS 599   05 
QSO: 28118 CW 2023-11-26 1313 S52D   599   15 WB4TDH 599   05 
QSO: 28117 CW 2023-11-26 1314 S52D   599   15 K2NV   599   05 
QSO: 28113 CW 2023-11-26 1314 S52D   599   15 4L9M   599   21 
QSO: 28112 CW 2023-11-26 1314 S52D   599   15 UF5A   599   16 
QSO: 28111 CW 2023-11-26 1315 S52D   599   15 K9NW   599   04 
QSO: 28109 CW 2023-11-26 1316 S52D   599   15 K8MFO  599   04 
QSO: 28106 CW 2023-11-26 1318 S52D   599   15 TF3W   599   40 
QSO: 28108 CW 2023-11-26 1319 S52D   599   15 3Z0X   599   15 
QSO: 28110 CW 2023-11-26 1324 S52D   599   15 HO2T   599   07 
QSO: 28105 CW 2023-11-26 1325 S52D   599   15 K4WI   599   04 
QSO: 28101 CW 2023-11-26 1326 S52D   599   15 K3WW   599   05 
QSO: 28099 CW 2023-11-26 1326 S52D   599   15 WY3A   599   05 
QSO: 28099 CW 2023-11-26 1327 S52D   599   15 WO4O   599   05 
QSO: 28092 CW 2023-11-26 1327 S52D   599   15 NU4E   599   05 
QSO: 28046 CW 2023-11-26 1332 S52D   599   15 N4RJ   599   05 
QSO: 28042 CW 2023-11-26 1332 S52D   599   15 K1AR   599   05 
QSO: 28021 CW 2023-11-26 1335 S52D   599   15 N2SR   599   05 
QSO: 28020 CW 2023-11-26 1336 S52D   599   15 W4NF   599   05 
QSO: 28018 CW 2023-11-26 1337 S52D   599   15 KC1XX  599   05 
QSO: 28016 CW 2023-11-26 1338 S52D   599   15 LY5R   599   15 
QSO: 21100 CW 2023-11-26 1343 S52D   599   15 WW3S   599   05 
QSO: 21080 CW 2023-11-26 1345 S52D   599   15 HO2T   599   07 
QSO: 21078 CW 2023-11-26 1346 S52D   599   15 N1UR   599   05 
QSO: 21072 CW 2023-11-26 1347 S52D   599   15 YT6T   599   15 
QSO: 21070 CW 2023-11-26 1348 S52D   599   15 N5AW   599   04 
QSO: 21057 CW 2023-11-26 1349 S52D   599   15 N2AA   599   05 
QSO: 21053 CW 2023-11-26 1351 S52D   599   15 UY7C   599   16 
QSO: 21053 CW 2023-11-26 1351 S52D   599   15 WX0B   599   04 
QSO: 21042 CW 2023-11-26 1352 S52D   599   15 LC9A   599   14 
QSO: 21039 CW 2023-11-26 1353 S52D   599   15 TK4W   599   15 
QSO: 21035 CW 2023-11-26 1353 S52D   599   15 N1RR   599   05 
QSO: 21030 CW 2023-11-26 1354 S52D   599   15 RT3G   599   16 
QSO: 21025 CW 2023-11-26 1354 S52D   599   15 WG3J   599   05 
QSO: 21019 CW 2023-11-26 1355 S52D   599   15 KZ5D   599   04 
QSO: 21014 CW 2023-11-26 1356 S52D   599   15 MM9I   599   14 
QSO: 21011 CW 2023-11-26 1357 S52D   599   15 OH2KW  599   15 
QSO: 21079 CW 2023-11-26 1359 S52D   599   15 TI7W   599   07 
QSO: 21087 CW 2023-11-26 1401 S52D   599   15 4L9M   599   21 
QSO: 21057 CW 2023-11-26 1403 S52D   599   15 NE3F   599   05 
QSO: 21054 CW 2023-11-26 1404 S52D   599   15 ER1KAA 599   16 
QSO: 21022 CW 2023-11-26 1405 S52D   599   15 EA4KA  599   14 
QSO: 21006 CW 2023-11-26 1405 S52D   599   15 K3LR   599   05 
QSO: 21002 CW 2023-11-26 1406 S52D   599   15 P3AA   599   20 
QSO: 21001 CW 2023-11-26 1407 S52D   599   15 AA1K   599   05 
QSO: 14090 CW 2023-11-26 1409 S52D   599   15 EY7BJ  599   17 
QSO: 14068 CW 2023-11-26 1410 S52D   599   15 3B8M   599   39 
QSO: 14066 CW 2023-11-26 1411 S52D   599   15 AT3K   599   22 
QSO: 14060 CW 2023-11-26 1416 S52D   599   15 DU3T   599   27 
QSO: 14058 CW 2023-11-26 1417 S52D   599   15 A71WW  599   21 
QSO: 14031 CW 2023-11-26 1425 S52D   599   15 KL7RA  599   01 
QSO: 14027 CW 2023-11-26 1426 S52D   599   15 RC9J   599   17 
QSO: 14023 CW 2023-11-26 1427 S52D   599   15 RA9Y   599   18 
QSO: 14019 CW 2023-11-26 1428 S52D   599   15 YT5A   599   15 
QSO: 14018 CW 2023-11-26 1429 S52D   599   15 SP8BXL 599   15 
QSO: 14030 CW 2023-11-26 1430 S52D   599   15 OT7T   599   14 
QSO: 14036 CW 2023-11-26 1431 S52D   599   15 M0RYB/P 599   14 
QSO: 14039 CW 2023-11-26 1432 S52D   599   15 S77HQ  599   39 
QSO: 28001 CW 2023-11-26 1446 S52D   599   15 NN7CW  599   05 
QSO: 28040 CW 2023-11-26 1449 S52D   599   15 9A5D   599   15 
QSO: 28066 CW 2023-11-26 1451 S52D   599   15 LN8W   599   14 
QSO: 28096 CW 2023-11-26 1452 S52D   599   15 K3WJV  599   05 
QSO: 28100 CW 2023-11-26 1453 S52D   599   15 PX2A   599   11 
QSO: 28111 CW 2023-11-26 1454 S52D   599   15 NT0K   599   04 
QSO: 28114 CW 2023-11-26 1455 S52D   599   15 NY6DX  599   05 
QSO: 28114 CW 2023-11-26 1455 S52D   599   15 N1UR   599   05 
QSO: 28123 CW 2023-11-26 1458 S52D   599   15 W0EWD  599   04 
QSO: 28121 CW 2023-11-26 1459 S52D   599   15 XM3A   599   04 
QSO: 28124 CW 2023-11-26 1500 S52D   599   15 AD4EB  599   04 
QSO: 28125 CW 2023-11-26 1500 S52D   599   15 K4AB   599   04 
QSO: 28125 CW 2023-11-26 1500 S52D   599   15 K3WU   599   05 
QSO: 28127 CW 2023-11-26 1501 S52D   599   15 WA2CP  599   05 
QSO: 28132 CW 2023-11-26 1502 S52D   599   15 VY2TT  599   05 
QSO: 28135 CW 2023-11-26 1503 S52D   599   15 VE3RZ  599   04 
QSO: 28135 CW 2023-11-26 1504 S52D   599   15 K4PV   599   05 
QSO: 28136 CW 2023-11-26 1504 S52D   599   15 N7DR   599   04 
QSO: 28146 CW 2023-11-26 1506 S52D   599   15 AA4CF  599   05 
QSO: 28152 CW 2023-11-26 1508 S52D   599   15 AA7V   599   03 
QSO: 28163 CW 2023-11-26 1509 S52D   599   15 PP4T   599   11 
QSO: 28109 CW 2023-11-26 1511 S52D   599   15 K5KG   599   05 
QSO: 28073 CW 2023-11-26 1512 S52D   599   15 K8GL   599   04 
QSO: 28036 CW 2023-11-26 1514 S52D   599   15 K9RS   599   05 
QSO: 28030 CW 2023-11-26 1515 S52D   599   15 K5ZD   599   05 
QSO: 28133 CW 2023-11-26 1540 S52D   599   15 PJ7EE  599   08 
QSO: 28122 CW 2023-11-26 1544 S52D   599   15 TI5/VA3RA 599   07 
QSO: 28116 CW 2023-11-26 1545 S52D   599   15 K1ZZ   599   05 
QSO: 28114 CW 2023-11-26 1546 S52D   599   15 K3TW   599   05 
QSO: 28113 CW 2023-11-26 1547 S52D   599   15 K9WO   599   04 
QSO: 28104 CW 2023-11-26 1548 S52D   599   15 AB3CX  599   05 
QSO: 28101 CW 2023-11-26 1549 S52D   599   15 P44W   599   09 
QSO: 28067 CW 2023-11-26 1551 S52D   599   15 NM2A   599   05 
QSO: 28065 CW 2023-11-26 1551 S52D   599   15 K1TO   599   05 
QSO:  7002 CW 2023-11-26 1555 S52D   599   15 9A5DX  599   15 
QSO:  7048 CW 2023-11-26 1557 S52D   599   15 E77D   599   15 
QSO:  7049 CW 2023-11-26 1558 S52D   599   15 B0A    599   23 
QSO: 21124 CW 2023-11-26 1600 S52D   599   15 W4CB   599   05 
QSO: 21119 CW 2023-11-26 1600 S52D   599   15 NR3X   599   05 
QSO: 21046 CW 2023-11-26 1604 S52D   599   15 K1KP   599   05 
QSO: 21043 CW 2023-11-26 1604 S52D   599   15 VE3VN  599   04 
QSO: 21040 CW 2023-11-26 1604 S52D   599   15 KQ3F   599   05 
QSO: 21015 CW 2023-11-26 1606 S52D   599   15 K1DG   599   05 
QSO: 21012 CW 2023-11-26 1607 S52D   599   15 K1TTT  599   05 
QSO: 21009 CW 2023-11-26 1607 S52D   599   15 W1KM   599   05 
QSO: 14088 CW 2023-11-26 1609 S52D   599   15 OK5T   599   15 
QSO: 14069 CW 2023-11-26 1610 S52D   599   15 M0X    599   14 
QSO: 14062 CW 2023-11-26 1611 S52D   599   15 GJ2A   599   14 
QSO: 14037 CW 2023-11-26 1615 S52D   599   15 LN8W   599   14 
QSO: 14015 CW 2023-11-26 1617 S52D   599   15 UA5C   599   16 
QSO: 14014 CW 2023-11-26 1617 S52D   599   15 RM3F   599   16 
QSO: 14004 CW 2023-11-26 1619 S52D   599   15 P3AA   599   20 
QSO: 14044 CW 2023-11-26 1621 S52D   599   15 SK3W   599   14 
QSO: 14058 CW 2023-11-26 1623 S52D   599   15 ZS6WN  599   38 
QSO: 14036 CW 2023-11-26 1632 S52D   599   15 WU6P   599   03 
QSO: 14034 CW 2023-11-26 1633 S52D   599   15 4W8X   599   28 
QSO: 14006 CW 2023-11-26 1634 S52D   599   15 KA2MGE 599   05 
QSO: 14061 CW 2023-11-26 1637 S52D   599   15 MD2C   599   14 
QSO: 14063 CW 2023-11-26 1638 S52D   599   15 K9RS   599   05 
QSO: 14050 CW 2023-11-26 1640 S52D   599   15 C4W    599   20 
QSO: 14043 CW 2023-11-26 1641 S52D   599   15 CT1DRB 599   14 
QSO: 21002 CW 2023-11-26 1646 S52D   599   15 K2AX   599   05 
QSO: 21015 CW 2023-11-26 1647 S52D   599   15 WC1M   599   05 
QSO: 21017 CW 2023-11-26 1648 S52D   599   15 W3LPL  599   05 
QSO: 14064 CW 2023-11-26 1654 S52D   599   15 3B9KW  599   39 
QSO: 14053 CW 2023-11-26 1656 S52D   599   15 LY2X   599   15 
QSO: 14057 CW 2023-11-26 1658 S52D   599   15 PJ4K   599   09 
QSO: 14064 CW 2023-11-26 1701 S52D   599   15 8P9A   599   08 
QSO: 14054 CW 2023-11-26 1703 S52D   599   15 YO8DOH 599   20 
QSO: 14042 CW 2023-11-26 1704 S52D   599   15 JA3YBK 599   25 
QSO: 14039 CW 2023-11-26 1706 S52D   599   15 SP8R   599   15 
QSO: 14043 CW 2023-11-26 1707 S52D   599   15 EA1CS  599   14 
QSO: 14050 CW 2023-11-26 1707 S52D   599   15 K9MA   599   04 
QSO: 14047 CW 2023-11-26 1708 S52D   599   15 K1VR   599   05 
QSO: 14086 CW 2023-11-26 1809 S52D   599   15 K4AB   599   04 
QSO: 14087 CW 2023-11-26 1811 S52D   599   15 K3MD   599   05 
QSO: 14087 CW 2023-11-26 1811 S52D   599   15 K4RUM  599   05 
QSO: 14092 CW 2023-11-26 1812 S52D   599   15 UB7K   599   16 
QSO: 14067 CW 2023-11-26 1814 S52D   599   15 PJ2T   599   09 
QSO: 14064 CW 2023-11-26 1815 S52D   599   15 VE6SV  599   04 
QSO: 14051 CW 2023-11-26 1817 S52D   599   15 NO9E   599   05 
QSO: 14038 CW 2023-11-26 1821 S52D   599   15 J42L   599   20 
QSO: 14026 CW 2023-11-26 1823 S52D   599   15 ER1KAA 599   16 
QSO: 14031 CW 2023-11-26 1824 S52D   599   15 HG7T   599   15 
QSO: 14004 CW 2023-11-26 1826 S52D   599   15 W3LPL  599   05 
QSO: 14007 CW 2023-11-26 1827 S52D   599   15 ES7A   599   15 
QSO: 14008 CW 2023-11-26 1827 S52D   599   15 VY2TT  599   05 
QSO: 14010 CW 2023-11-26 1828 S52D   599   15 N5DX   599   05 
QSO: 14022 CW 2023-11-26 1829 S52D   599   15 K1ZZ   599   05 
QSO: 14036 CW 2023-11-26 1832 S52D   599   15 K1KP   599   05 
QSO: 14040 CW 2023-11-26 1832 S52D   599   15 NR4M   599   05 
QSO: 14058 CW 2023-11-26 1833 S52D   599   15 K3UL   599   05 
QSO: 14061 CW 2023-11-26 1834 S52D   599   15 VA1MM  599   05 
QSO: 14072 CW 2023-11-26 1838 S52D   599   15 LX8M   599   14 
QSO: 14069 CW 2023-11-26 1838 S52D   599   15 K3WW   599   05 
QSO: 14083 CW 2023-11-26 1839 S52D   599   15 HO2T   599   07 
QSO: 14085 CW 2023-11-26 1840 S52D   599   15 N3AM   599   05 
QSO: 14083 CW 2023-11-26 1841 S52D   599   15 W3ZGD  599   05 
QSO: 14073 CW 2023-11-26 1841 S52D   599   15 TM7A   599   14 
QSO: 14072 CW 2023-11-26 1842 S52D   599   15 DJ0IF  599   14 
QSO: 14069 CW 2023-11-26 1842 S52D   599   15 V26K   599   08 
QSO: 14053 CW 2023-11-26 1844 S52D   599   15 K3WU   599   05 
QSO: 14057 CW 2023-11-26 1845 S52D   599   15 N4KS   599   05 
QSO: 14091 CW 2023-11-26 1846 S52D   599   15 WK2G   599   05 
QSO: 14095 CW 2023-11-26 1847 S52D   599   15 WY3A   599   05 
QSO: 14098 CW 2023-11-26 1847 S52D   599   15 PZ5CO  599   09 
QSO: 14091 CW 2023-11-26 1849 S52D   599   15 N3AD   599   05 
QSO: 14059 CW 2023-11-26 1851 S52D   599   15 NA8V   599   04 
QSO: 14057 CW 2023-11-26 1851 S52D   599   15 VA2WA  599   05 
QSO: 14045 CW 2023-11-26 1853 S52D   599   15 KC1XX  599   05 
QSO: 14033 CW 2023-11-26 1855 S52D   599   15 YT3X   599   15 
QSO: 14027 CW 2023-11-26 1856 S52D   599   15 OP7T   599   14 
QSO: 14021 CW 2023-11-26 1857 S52D   599   15 VE3EJ  599   04 
QSO: 14014 CW 2023-11-26 1857 S52D   599   15 AD4ES  599   05 
QSO: 14012 CW 2023-11-26 1858 S52D   599   15 AA1ON  599   05 
QSO: 14011 CW 2023-11-26 1859 S52D   599   15 K4ZW   599   05 
QSO: 14009 CW 2023-11-26 1859 S52D   599   15 NN1SS  599   05 
QSO: 14007 CW 2023-11-26 1900 S52D   599   15 NN7CW  599   05 
QSO: 14006 CW 2023-11-26 1901 S52D   599   15 W1RM   599   05 
QSO: 14005 CW 2023-11-26 1901 S52D   599   15 WC1M   599   05 
QSO: 14004 CW 2023-11-26 1902 S52D   599   15 K3LR   599   05 
QSO: 14003 CW 2023-11-26 1902 S52D   599   15 K5ZD   599   05 
QSO: 14002 CW 2023-11-26 1902 S52D   599   15 W2FU   599   05 
QSO: 14016 CW 2023-11-26 1905 S52D   599   15 PX2A   599   11 
QSO: 14017 CW 2023-11-26 1905 S52D   599   15 N2SR   599   05 
QSO: 14020 CW 2023-11-26 1906 S52D   599   15 K8CX   599   04 
QSO: 14020 CW 2023-11-26 1906 S52D   599   15 N3XF   599   05 
QSO:  3557 CW 2023-11-26 1917 S52D   599   15 E77Y   599   15 
QSO:  3562 CW 2023-11-26 1917 S52D   599   15 SP6A   599   15 
QSO:  3556 CW 2023-11-26 1918 S52D   599   15 G4CXT  599   14 
QSO:  3552 CW 2023-11-26 1919 S52D   599   15 OM5JA  599   15 
QSO:  3520 CW 2023-11-26 1922 S52D   599   15 M0RYB/P 599   14 
QSO:  3521 CW 2023-11-26 1922 S52D   599   15 EA4KD  599   14 
QSO:  7032 CW 2023-11-26 1927 S52D   599   15 ED8M   599   33 
QSO:  7039 CW 2023-11-26 1929 S52D   599   15 JR2GRX 599   25 
QSO:  7063 CW 2023-11-26 1931 S52D   599   15 II2S   599   15 
QSO:  7057 CW 2023-11-26 1932 S52D   599   15 DK4YJ  599   14 
QSO:  7056 CW 2023-11-26 1932 S52D   599   15 YT7A   599   15 
QSO:  7053 CW 2023-11-26 1932 S52D   599   15 P3D    599   20 
QSO:  7053 CW 2023-11-26 1934 S52D   599   15 HL2BQG 599   25 
QSO:  7044 CW 2023-11-26 1935 S52D   599   15 4L2M   599   21 
QSO:  7030 CW 2023-11-26 1937 S52D   599   15 HB9EP  599   14 
QSO:  7018 CW 2023-11-26 1939 S52D   599   15 DL3YM  599   14 
QSO:  7017 CW 2023-11-26 1939 S52D   599   15 HA8LCA 599   15 
QSO:  7015 CW 2023-11-26 1940 S52D   599   15 ER1KAA 599   16 
QSO:  7014 CW 2023-11-26 1941 S52D   599   15 SE4E   599   14 
QSO:  7012 CW 2023-11-26 1942 S52D   599   15 YU7WW  599   15 
QSO:  7005 CW 2023-11-26 1943 S52D   599   15 YR0K   599   20 
QSO:  7003 CW 2023-11-26 1943 S52D   599   15 SP1NY  599   15 
QSO:  7002 CW 2023-11-26 1944 S52D   599   15 BD7DT  599   24 
QSO:  7001 CW 2023-11-26 1945 S52D   599   15 JA3YBK 599   25 
QSO:  7004 CW 2023-11-26 1946 S52D   599   15 BY1CW  599   24 
QSO:  7010 CW 2023-11-26 1948 S52D   599   15 DK1NO  599   14 
QSO:  7013 CW 2023-11-26 1949 S52D   599   15 R8CT   599   17 
QSO:  7014 CW 2023-11-26 1950 S52D   599   15 JE6RPM 599   25 
QSO:  7016 CW 2023-11-26 1951 S52D   599   15 HG5C   599   15 
QSO:  7017 CW 2023-11-26 1951 S52D   599   15 UW1WA  599   16 
QSO:  7019 CW 2023-11-26 1953 S52D   599   15 PA3FQA 599   14 
QSO:  7020 CW 2023-11-26 1953 S52D   599   15 4Z5LA  599   20 
QSO:  7022 CW 2023-11-26 1953 S52D   599   15 YT7W   599   15 
QSO:  7023 CW 2023-11-26 1954 S52D   599   15 DF2RQ  599   14 
QSO:  7037 CW 2023-11-26 1957 S52D   599   15 OM4Q   599   15 
QSO:  7043 CW 2023-11-26 1959 S52D   599   15 OE5TXF 599   15 
QSO:  7065 CW 2023-11-26 2004 S52D   599   15 E70X   599   15 
QSO:  7060 CW 2023-11-26 2006 S52D   599   15 DF3VM  599   14 
QSO:  7049 CW 2023-11-26 2007 S52D   599   15 OL3A   599   15 
QSO:  7045 CW 2023-11-26 2008 S52D   599   15 IN3FHE 599   15 
QSO:  7045 CW 2023-11-26 2008 S52D   599   15 K1TT   599   05 
QSO:  7040 CW 2023-11-26 2009 S52D   599   15 IR2R   599   15 
QSO:  7036 CW 2023-11-26 2011 S52D   599   15 7D1C   599   28 
QSO:  7033 CW 2023-11-26 2012 S52D   599   15 HB9ARF 599   14 
QSO:  7030 CW 2023-11-26 2013 S52D   599   15 YU1RA  599   15 
QSO:  7026 CW 2023-11-26 2014 S52D   599   15 PA6T   599   14 
QSO:  7024 CW 2023-11-26 2014 S52D   599   15 II1P   599   15 
QSO:  7015 CW 2023-11-26 2016 S52D   599   15 UN4Q   599   17 
QSO:  7051 CW 2023-11-26 2019 S52D   599   15 CN3A   599   33 
QSO:  7050 CW 2023-11-26 2020 S52D   599   15 EW3LN  599   16 
QSO:  7052 CW 2023-11-26 2021 S52D   599   15 4Z5PN  599   20 
QSO:  7069 CW 2023-11-26 2023 S52D   599   15 9A3K   599   15 
QSO:  7059 CW 2023-11-26 2024 S52D   599   15 DP9A   599   14 
QSO:  7027 CW 2023-11-26 2027 S52D   599   15 E7AA   599   15 
QSO:  7025 CW 2023-11-26 2027 S52D   599   15 OM3ZWA 599   15 
QSO:  7001 CW 2023-11-26 2108 S52D   599   15 EA2AZ  599   14 
QSO:  7008 CW 2023-11-26 2110 S52D   599   15 K1KI   599   05 
QSO:  7014 CW 2023-11-26 2111 S52D   599   15 HB9TOC 599   14 
QSO:  7016 CW 2023-11-26 2113 S52D   599   15 UX1BZ  599   16 
QSO:  7017 CW 2023-11-26 2113 S52D   599   15 F5IN   599   14 
QSO:  7021 CW 2023-11-26 2115 S52D   599   15 N2SR   599   05 
QSO:  7024 CW 2023-11-26 2116 S52D   599   15 F5SDD  599   14 
QSO:  7028 CW 2023-11-26 2118 S52D   599   15 YO4DG  599   20 
QSO:  7033 CW 2023-11-26 2118 S52D   599   15 HA0VI  599   15 
QSO:  7070 CW 2023-11-26 2120 S52D   599   15 PA0O   599   14 
QSO:  7067 CW 2023-11-26 2120 S52D   599   15 PA5KT  599   14 
QSO:  7052 CW 2023-11-26 2123 S52D   599   15 TF/OU2I 599   40 
QSO:  7042 CW 2023-11-26 2124 S52D   599   15 LZ7J   599   20 
QSO:  7040 CW 2023-11-26 2125 S52D   599   15 EA8RM  599   33 
QSO:  7021 CW 2023-11-26 2127 S52D   599   15 YT5A   599   15 
QSO:  7018 CW 2023-11-26 2127 S52D   599   15 UW1M   599   16 
QSO:  7011 CW 2023-11-26 2129 S52D   599   15 HG23TISZA 599   15 
QSO:  7007 CW 2023-11-26 2129 S52D   599   15 YT3EWW 599   15 
QSO:  7002 CW 2023-11-26 2130 S52D   599   15 YU5R   599   15 
QSO:  7015 CW 2023-11-26 2131 S52D   599   15 DJ5MW  599   14 
QSO:  7024 CW 2023-11-26 2133 S52D   599   15 N5DX   599   05 
QSO:  7032 CW 2023-11-26 2134 S52D   599   15 SP8R   599   15 
QSO:  7033 CW 2023-11-26 2134 S52D   599   15 HG7T   599   15 
QSO:  7037 CW 2023-11-26 2135 S52D   599   15 K1ZE   599   05 
QSO:  7050 CW 2023-11-26 2137 S52D   599   15 EA4URE 599   14 
QSO:  7054 CW 2023-11-26 2137 S52D   599   15 TK4W   599   15 
QSO:  7057 CW 2023-11-26 2138 S52D   599   15 IQ2MI  599   15 
QSO:  7071 CW 2023-11-26 2139 S52D   599   15 WA2CP  599   05 
QSO:  7081 CW 2023-11-26 2139 S52D   599   15 KU2C   599   05 
QSO:  7065 CW 2023-11-26 2141 S52D   599   15 AA1K   599   05 
QSO:  7062 CW 2023-11-26 2141 S52D   599   15 RT4F   599   16 
QSO:  7058 CW 2023-11-26 2142 S52D   599   15 WF2W   599   05 
QSO:  7036 CW 2023-11-26 2144 S52D   599   15 I2SVA  599   15 
QSO:  7031 CW 2023-11-26 2145 S52D   599   15 LZ1ZM  599   20 
QSO:  7027 CW 2023-11-26 2146 S52D   599   15 HB9AGA 599   14 
QSO:  7000 CW 2023-11-26 2148 S52D   599   15 N2MF   599   05 
QSO:  7005 CW 2023-11-26 2149 S52D   599   15 IK1PMR 599   15 
QSO:  7068 CW 2023-11-26 2153 S52D   599   15 E73M   599   15 
QSO:  3505 CW 2023-11-26 2156 S52D   599   15 ON5JT  599   14 
QSO:  3505 CW 2023-11-26 2157 S52D   599   15 SO6OO  599   15 
QSO:  3510 CW 2023-11-26 2158 S52D   599   15 OK4YL  599   15 
QSO:  3511 CW 2023-11-26 2158 S52D   599   15 RO5X   599   16 
QSO:  3512 CW 2023-11-26 2159 S52D   599   15 UT5EL  599   16 
QSO:  3514 CW 2023-11-26 2159 S52D   599   15 LZ1QV  599   20 
QSO:  3516 CW 2023-11-26 2200 S52D   599   15 YU1ANO 599   15 
QSO:  3517 CW 2023-11-26 2200 S52D   599   15 IR4M   599   15 
QSO:  3519 CW 2023-11-26 2201 S52D   599   15 YU1ED  599   15 
QSO:  3529 CW 2023-11-26 2202 S52D   599   15 DL6KWN 599   14 
QSO:  3530 CW 2023-11-26 2203 S52D   599   15 IV3RYP 599   15 
QSO:  3533 CW 2023-11-26 2204 S52D   599   15 RA9Y   599   18 
QSO:  3537 CW 2023-11-26 2205 S52D   599   15 DK2FG  599   14 
QSO:  3537 CW 2023-11-26 2205 S52D   599   15 RM2U   599   16 
QSO:  3541 CW 2023-11-26 2206 S52D   599   15 EA2W   599   14 
QSO:  3542 CW 2023-11-26 2206 S52D   599   15 DL8ULF 599   14 
QSO:  3565 CW 2023-11-26 2210 S52D   599   15 LY4L   599   15 
QSO:  3560 CW 2023-11-26 2210 S52D   599   15 4X7M   599   20 
QSO:  3518 CW 2023-11-26 2223 S52D   599   15 OE6V   599   15 
QSO:  3518 CW 2023-11-26 2224 S52D   599   15 UA5C   599   16 
QSO:  3531 CW 2023-11-26 2225 S52D   599   15 R7DX   599   16 
QSO:  3560 CW 2023-11-26 2226 S52D   599   15 DL4FN  599   14 
QSO:  3553 CW 2023-11-26 2227 S52D   599   15 SN7O   599   15 
QSO:  3529 CW 2023-11-26 2228 S52D   599   15 J42L   599   20 
QSO:  7072 CW 2023-11-26 2237 S52D   599   15 YO3GCL 599   20 
QSO:  7068 CW 2023-11-26 2238 S52D   599   15 Z36W   599   15 
QSO:  7046 CW 2023-11-26 2240 S52D   599   15 EA3AR  599   14 
QSO:  7044 CW 2023-11-26 2241 S52D   599   15 DK5DQ  599   14 
QSO:  7017 CW 2023-11-26 2243 S52D   599   15 N1RR   599   05 
QSO:  7010 CW 2023-11-26 2244 S52D   599   15 K5ZD   599   05 
QSO:  7004 CW 2023-11-26 2245 S52D   599   15 WC1M   599   05 
QSO:  7015 CW 2023-11-26 2246 S52D   599   15 TM1A   599   14 
QSO:  7016 CW 2023-11-26 2246 S52D   599   15 OR3A   599   14 
QSO:  7018 CW 2023-11-26 2247 S52D   599   15 VE3NNT 599   04 
QSO:  1800 CW 2023-11-26 2248 S52D   599   15 MM9I   599   14 
QSO:  7024 CW 2023-11-26 2249 S52D   599   15 AB3CX  599   05 
QSO:  7028 CW 2023-11-26 2251 S52D   599   15 IR4M   599   15 
QSO:  7035 CW 2023-11-26 2252 S52D   599   15 VE3EJ  599   04 
QSO:  7037 CW 2023-11-26 2253 S52D   599   15 IR2C   599   15 
QSO:  7039 CW 2023-11-26 2253 S52D   599   15 VE3VN  599   04 
QSO:  7043 CW 2023-11-26 2254 S52D   599   15 YO3FRI 599   20 
QSO:  7067 CW 2023-11-26 2257 S52D   599   15 K1TTT  599   05 
QSO:  7069 CW 2023-11-26 2258 S52D   599   15 I1RJP  599   15 
QSO:  7002 CW 2023-11-26 2259 S52D   599   15 HA7I   599   15 
QSO:  7003 CW 2023-11-26 2300 S52D   599   15 SE0X   599   14 
QSO:  7009 CW 2023-11-26 2301 S52D   599   15 XM3A   599   04 
QSO:  7018 CW 2023-11-26 2302 S52D   599   15 IZ5NFD 599   15 
QSO:  7019 CW 2023-11-26 2303 S52D   599   15 IR2Q   599   15 
QSO:  7021 CW 2023-11-26 2304 S52D   599   15 XL3A   599   04 
QSO:  7022 CW 2023-11-26 2305 S52D   599   15 ED7W   599   14 
QSO:  7023 CW 2023-11-26 2306 S52D   599   15 N3RS   599   05 
QSO:  7042 CW 2023-11-26 2309 S52D   599   15 IR1G   599   15 
QSO:  7045 CW 2023-11-26 2310 S52D   599   15 DP6A   599   14 
QSO:  7066 CW 2023-11-26 2311 S52D   599   15 IK2ULV 599   15 
QSO:  7077 CW 2023-11-26 2313 S52D   599   15 R9FT   599   17 
END-OF-LOG:
