START-OF-LOG: 3.0
CONTEST: CQ-WPX-SSB
CALLSIGN: OT5N/P
LOCATION: DX
CATEGORY-OPERATOR: SINGLE-OP
CATEGORY-ASSISTED: NON-ASSISTED
CATEGORY-BAND: ALL
CATEGORY-POWER: LOW
CATEGORY-MODE: SSB
CATEGORY-TRANSMITTER: ONE
CATEGORY-OVERLAY:
GRID-LOCATOR:
CLAIMED-SCORE: 50337
NAME: GIOT LEON
OPERATORS: ON6QZ
CLUB: NMR
CREATED-BY: SD by EI5DI
SOAPBOX: Too much Very QRO stations
QSO:  3500 PH 2020-03-28 0554 OT5N/P        59   001   HB9TOC        59   284
QSO:  3500 PH 2020-03-28 0556 OT5N/P        59   002   M5W           59   103
QSO:  3500 PH 2020-03-28 0557 OT5N/P        59   003   S54ZZ         59   583
QSO:  3500 PH 2020-03-28 0600 OT5N/P        59   004   OK7W          59   669
QSO:  3500 PH 2020-03-28 0602 OT5N/P        59   005   EA4KD         59   402
QSO:  3500 PH 2020-03-28 0603 OT5N/P        59   006   IO4C          59   676
QSO:  3500 PH 2020-03-28 0605 OT5N/P        59   007   F5OHM         59   135
QSO:  3500 PH 2020-03-28 0609 OT5N/P        59   008   PE00T         59   332
QSO:  3500 PH 2020-03-28 0611 OT5N/P        59   009   OT5K          59   099
QSO:  3500 PH 2020-03-28 0613 OT5N/P        59   010   M0PLX/M       59   172
QSO:  3500 PH 2020-03-28 0615 OT5N/P        59   011   EA7HLU        59   426
QSO:  3500 PH 2020-03-28 0617 OT5N/P        59   012   IK3UNA        59   286
QSO:  3500 PH 2020-03-28 0620 OT5N/P        59   013   OK1OA         59   061
QSO:  3500 PH 2020-03-28 0622 OT5N/P        59   014   OP4K          59   336
QSO:  3500 PH 2020-03-28 0624 OT5N/P        59   015   MW8R          59   083
QSO:  3500 PH 2020-03-28 0625 OT5N/P        59   016   OR1Z          59   133
QSO:  3500 PH 2020-03-28 0628 OT5N/P        59   017   HB9DVZ        59   021
QSO:  3500 PH 2020-03-28 0628 OT5N/P        59   018   ON4KCM        59   047
QSO:  3500 PH 2020-03-28 0629 OT5N/P        59   019   DL4DBM        59   011
QSO:  3500 PH 2020-03-28 0631 OT5N/P        59   020   DQ0Z          59   079
QSO:  3500 PH 2020-03-28 0632 OT5N/P        59   021   DG5BQ         59   155
QSO:  3500 PH 2020-03-28 0633 OT5N/P        59   022   DD8VX         59   001
QSO:  3500 PH 2020-03-28 0634 OT5N/P        59   023   ON5WL         59   002
QSO:  3500 PH 2020-03-28 0641 OT5N/P        59   024   ON4KCY        59   004
QSO:  3500 PH 2020-03-28 0644 OT5N/P        59   025   MM0AOQ        59   012
QSO:  3500 PH 2020-03-28 0645 OT5N/P        59   026   F5USK         59   436
QSO:  3500 PH 2020-03-28 0650 OT5N/P        59   027   HB9NE         59   610
QSO:  3500 PH 2020-03-28 0651 OT5N/P        59   028   ON7ZM         59   016
QSO:  3500 PH 2020-03-28 0655 OT5N/P        59   029   IW1FRU        59   497
QSO:  3500 PH 2020-03-28 0659 OT5N/P        59   030   DK5KK         59   383
QSO:  3500 PH 2020-03-28 0702 OT5N/P        59   031   DJ9DZ         59   340
QSO:  3500 PH 2020-03-28 0705 OT5N/P        59   032   F2YT          59   011
QSO:  3500 PH 2020-03-28 0707 OT5N/P        59   033   F4HJE         59   015
QSO:  3500 PH 2020-03-28 0708 OT5N/P        59   034   DL1MA         59   066
QSO:  3500 PH 2020-03-28 0709 OT5N/P        59   035   DL4ZB         59   127
QSO:  3500 PH 2020-03-28 0711 OT5N/P        59   036   DH6DAO        59   088
QSO:  7000 PH 2020-03-28 0723 OT5N/P        59   037   IK5ZWU        59   023
QSO:  7000 PH 2020-03-28 0727 OT5N/P        59   038   OM3BH         59  1012
QSO:  7000 PH 2020-03-28 0728 OT5N/P        59   039   S75T          59   736
QSO:  7000 PH 2020-03-28 0745 OT5N/P        59   040   OG73X         59   524
QSO:  7000 PH 2020-03-28 0748 OT5N/P        59   041   LZ9W          59  1008
QSO:  7000 PH 2020-03-28 0749 OT5N/P        59   042   EA1SA         59   324
QSO:  7000 PH 2020-03-28 0753 OT5N/P        59   043   CR6T          59  1090
QSO:  7000 PH 2020-03-28 0758 OT5N/P        59   044   S71YI         59   843
QSO:  7000 PH 2020-03-28 0800 OT5N/P        59   045   LY1FW         59   557
QSO:  7000 PH 2020-03-28 0804 OT5N/P        59   046   LY7Z          59   879
QSO:  7000 PH 2020-03-28 0807 OT5N/P        59   047   DM5B          59   126
QSO:  7000 PH 2020-03-28 0812 OT5N/P        59   048   OK4K          59   176
QSO:  7000 PH 2020-03-28 0815 OT5N/P        59   049   OK2RZ         59   220
QSO:  7000 PH 2020-03-28 0817 OT5N/P        59   050   US2YW         59   588
QSO:  7000 PH 2020-03-28 0819 OT5N/P        59   051   ED3B          59   250
QSO:  7000 PH 2020-03-28 0821 OT5N/P        59   052   LY5W          59   312
QSO:  7000 PH 2020-03-28 0826 OT5N/P        59   053   LY9A          59   482
QSO:  7000 PH 2020-03-28 0831 OT5N/P        59   054   SQ3M          59   266
QSO:  7000 PH 2020-03-28 0833 OT5N/P        59   055   HA3NU         59   708
QSO:  7000 PH 2020-03-28 0835 OT5N/P        59   056   I5MXX         59   558
QSO: 14000 PH 2020-03-28 0846 OT5N/P        59   057   UT7CR         59   715
QSO: 14000 PH 2020-03-28 0851 OT5N/P        59   058   SV9JI         59   066
QSO: 14000 PH 2020-03-28 0853 OT5N/P        59   059   LZ142GO       59   134
QSO: 14000 PH 2020-03-28 0859 OT5N/P        59   060   UV5U          59   469
QSO: 14000 PH 2020-03-28 0906 OT5N/P        59   061   LZ9W          59   306
QSO: 14000 PH 2020-03-28 0910 OT5N/P        59   062   SV1JG         59   128
QSO: 14000 PH 2020-03-28 0912 OT5N/P        59   063   UZ3A          59   770
QSO: 14000 PH 2020-03-28 0917 OT5N/P        59   064   LZ2YO         59   100
QSO: 14000 PH 2020-03-28 0944 OT5N/P        59   065   EA2VE         59   035
QSO: 14000 PH 2020-03-28 0947 OT5N/P        59   066   SV3DCX        59   380
QSO: 14000 PH 2020-03-28 0951 OT5N/P        59   067   IT9DGG        59   137
QSO: 14000 PH 2020-03-28 1002 OT5N/P        59   068   EE7P          59   372
QSO: 14000 PH 2020-03-28 1003 OT5N/P        59   069   EC7WA         59   083
QSO: 14000 PH 2020-03-28 1005 OT5N/P        59   070   PY4BZ         59   638
QSO: 14000 PH 2020-03-28 1007 OT5N/P        59   071   R2AA          59   730
QSO: 14000 PH 2020-03-28 1013 OT5N/P        59   072   II9L          59   356
QSO: 14000 PH 2020-03-28 1017 OT5N/P        59   073   ED1R          59   357
QSO: 14000 PH 2020-03-28 1027 OT5N/P        59   074   IT9STX        59   323
QSO: 14000 PH 2020-03-28 1031 OT5N/P        59   075   CT1EVE        59   076
QSO: 14000 PH 2020-03-28 1526 OT5N/P        59   076   II0I          59   308
QSO: 14000 PH 2020-03-28 1528 OT5N/P        59   077   IK0PHY        59   669
QSO: 14000 PH 2020-03-28 1531 OT5N/P        59   078   ED3C          59   894
QSO: 14000 PH 2020-03-28 1535 OT5N/P        59   079   RZ3Z          59   669
QSO: 14000 PH 2020-03-28 1543 OT5N/P        59   080   LZ2JA         59   460
QSO: 14000 PH 2020-03-28 1546 OT5N/P        59   081   SV2HXX        59   328
QSO: 14000 PH 2020-03-28 1551 OT5N/P        59   082   IT9IMJ        59   096
QSO: 14000 PH 2020-03-28 1559 OT5N/P        59   083   J42L          59   927
QSO: 14000 PH 2020-03-28 1602 OT5N/P        59   084   UW2M          59  2029
QSO: 14000 PH 2020-03-28 1604 OT5N/P        59   085   UW1M          59  1422
QSO: 14000 PH 2020-03-28 1608 OT5N/P        59   086   YO4BEX        59   158
QSO: 14000 PH 2020-03-28 1611 OT5N/P        59   087   EM2G          59   810
QSO: 14000 PH 2020-03-28 1617 OT5N/P        59   088   II9P          59   682
QSO: 14000 PH 2020-03-28 1624 OT5N/P        59   089   EA5RC         59   331
QSO: 14000 PH 2020-03-28 1627 OT5N/P        59   090   LZ3FN         59   856
QSO: 14000 PH 2020-03-28 1629 OT5N/P        59   091   ED3T          59   307
QSO: 14000 PH 2020-03-28 1636 OT5N/P        59   092   UD4F          59  1607
QSO: 14000 PH 2020-03-28 1641 OT5N/P        59   093   LZ7A          59   218
QSO: 14000 PH 2020-03-28 1732 OT5N/P        59   094   LZ1QN         59   208
QSO:  7000 PH 2020-03-28 1739 OT5N/P        59   095   OK4K          59   290
QSO:  7000 PH 2020-03-28 1743 OT5N/P        59   096   CN8YZ         59   006
QSO:  7000 PH 2020-03-28 1745 OT5N/P        59   097   IK4VET        59   193
QSO:  7000 PH 2020-03-28 1752 OT5N/P        59   098   IB3X          59   427
QSO:  7000 PH 2020-03-28 1757 OT5N/P        59   099   HB9PUE        59   813
QSO:  7000 PH 2020-03-28 1801 OT5N/P        59   100   ED9B          59   277
QSO:  7000 PH 2020-03-29 0615 OT5N/P        59   101   S5400J        59   991
QSO:  7000 PH 2020-03-29 0617 OT5N/P        59   102   EA3DNR        59   293
QSO:  7000 PH 2020-03-29 0620 OT5N/P        59   103   ED1D          59   224
QSO:  7000 PH 2020-03-29 0623 OT5N/P        59   104   SM1CK         59   083
QSO:  7000 PH 2020-03-29 0627 OT5N/P        59   105   S5OT          59  2298
QSO:  7000 PH 2020-03-29 0631 OT5N/P        59   106   ES7A          59  1792
QSO:  7000 PH 2020-03-29 0633 OT5N/P        59   107   TK4RB         59   854
QSO:  7000 PH 2020-03-29 0635 OT5N/P        59   108   EA1L          59  1820
QSO:  7000 PH 2020-03-29 0637 OT5N/P        59   109   EA6SX         59  1150
QSO:  7000 PH 2020-03-29 0643 OT5N/P        59   110   S53V          59   296
QSO:  7000 PH 2020-03-29 0644 OT5N/P        59   111   SP6YG         59   550
QSO:  7000 PH 2020-03-29 0647 OT5N/P        59   112   RD1A          59   556
QSO:  7000 PH 2020-03-29 0649 OT5N/P        59   113   EA2T          59   595
QSO:  7000 PH 2020-03-29 0650 OT5N/P        59   114   IU5GBQ        59   179
QSO:  7000 PH 2020-03-29 0652 OT5N/P        59   115   IW4EGX        59   622
QSO:  7000 PH 2020-03-29 0655 OT5N/P        59   116   IU1MRG        59   051
QSO:  7000 PH 2020-03-29 0657 OT5N/P        59   117   IZ5EME        59   357
QSO:  7000 PH 2020-03-29 0659 OT5N/P        59   118   9A5X          59  1106
QSO:  7000 PH 2020-03-29 0700 OT5N/P        59   119   IO7T          59  1212
QSO:  7000 PH 2020-03-29 0704 OT5N/P        59   120   LA8OM         59   312
QSO: 14000 PH 2020-03-29 0725 OT5N/P        59   121   UA5C          59  2034
QSO: 14000 PH 2020-03-29 0726 OT5N/P        59   122   RM3A          59   678
QSO:  7000 PH 2020-03-29 0745 OT5N/P        59   123   OL0W          59   921
QSO:  7000 PH 2020-03-29 0747 OT5N/P        59   124   TM6M          59   950
QSO:  7000 PH 2020-03-29 0749 OT5N/P        59   125   S50X          59   584
QSO:  7000 PH 2020-03-29 0750 OT5N/P        59   126   S51CK         59  1028
QSO:  7000 PH 2020-03-29 0752 OT5N/P        59   127   IQ3ZAQ        59   509
QSO:  7000 PH 2020-03-29 0758 OT5N/P        59   128   G3TXF         59   236
QSO:  7000 PH 2020-03-29 0801 OT5N/P        59   129   F6GPT         59   419
QSO:  7000 PH 2020-03-29 0804 OT5N/P        59   130   IZ5CMI        59   305
QSO:  7000 PH 2020-03-29 0811 OT5N/P        59   131   SN3A          59  1850
QSO:  7000 PH 2020-03-29 0818 OT5N/P        59   132   EF2A          59  2001
QSO:  7000 PH 2020-03-29 0823 OT5N/P        59   133   GM5X          59   703
QSO:  7000 PH 2020-03-29 0825 OT5N/P        59   134   TM29X         59  1296
QSO:  7000 PH 2020-03-29 0826 OT5N/P        59   135   OK6Y          59   488
QSO:  7000 PH 2020-03-29 0829 OT5N/P        59   136   IK1RGK        59   348
QSO:  7000 PH 2020-03-29 0838 OT5N/P        59   137   5Q2J          59   442
QSO:  7000 PH 2020-03-29 0843 OT5N/P        59   138   TM8A          59  1510
QSO:  7000 PH 2020-03-29 0847 OT5N/P        59   139   EA5DFV        59  1624
QSO:  7000 PH 2020-03-29 0850 OT5N/P        59   140   F8NAN         59   556
QSO:  7000 PH 2020-03-29 0933 OT5N/P        59   141   IK3ZAQ        59   647
QSO:  7000 PH 2020-03-29 0934 OT5N/P        59   142   IK1RQQ        59   131
QSO:  7000 PH 2020-03-29 0937 OT5N/P        59   143   DK2OY         59   893
QSO:  7000 PH 2020-03-29 0940 OT5N/P        59   144   LY5R          59  1232
QSO:  7000 PH 2020-03-29 0949 OT5N/P        59   145   OK2RZ         59  1118
QSO:  7000 PH 2020-03-29 0954 OT5N/P        59   146   I5MXX         59  1305
QSO:  7000 PH 2020-03-29 0955 OT5N/P        59   147   II4A          59   477
QSO:  7000 PH 2020-03-29 0959 OT5N/P        59   148   HB9EP         59   848
QSO: 14000 PH 2020-03-29 1051 OT5N/P        59   149   EC5AN         59   553
QSO: 14000 PH 2020-03-29 1053 OT5N/P        59   150   S10WC         59   123
QSO: 14000 PH 2020-03-29 1056 OT5N/P        59   151   UY3U          59  1140
QSO: 14000 PH 2020-03-29 1101 OT5N/P        59   152   EB5A          59   916
QSO: 14000 PH 2020-03-29 1104 OT5N/P        59   153   ES5TV         59  3673
QSO: 14000 PH 2020-03-29 1109 OT5N/P        59   154   UZ1U          59   572
QSO: 14000 PH 2020-03-29 1111 OT5N/P        59   155   UA9MA         59  1736
QSO: 14000 PH 2020-03-29 1120 OT5N/P        59   156   YO9HP         59  1133
QSO: 14000 PH 2020-03-29 1121 OT5N/P        59   157   ED1R          59  1705
QSO: 14000 PH 2020-03-29 1413 OT5N/P        59   158   IO7T          59  1627
QSO: 14000 PH 2020-03-29 1424 OT5N/P        59   159   R4AC          59   215
QSO: 14000 PH 2020-03-29 1428 OT5N/P        59   160   ED1B          59   795
QSO: 14000 PH 2020-03-29 1441 OT5N/P        59   161   RL3A          59  5573
QSO: 14000 PH 2020-03-29 1450 OT5N/P        59   162   IQ8SN         59  2277
QSO: 14000 PH 2020-03-29 1452 OT5N/P        59   163   IT9ZMX        59   319
QSO: 14000 PH 2020-03-29 1459 OT5N/P        59   164   Z61DX         59   250
QSO: 14000 PH 2020-03-29 1504 OT5N/P        59   165   YP0C          59  2196
QSO: 14000 PH 2020-03-29 1509 OT5N/P        59   166   YO3RU         59  1067
QSO: 14000 PH 2020-03-29 1516 OT5N/P        59   167   EM2G          59  1898
QSO:  3500 PH 2020-03-29 1552 OT5N/P        59   168   OK7W          59  1981
QSO:  3500 PH 2020-03-29 1557 OT5N/P        59   169   ON3KP         59   156
QSO:  3500 PH 2020-03-29 1559 OT5N/P        59   170   LX1KN         59   089
QSO:  3500 PH 2020-03-29 1601 OT5N/P        59   171   G4P           59   412
QSO:  3500 PH 2020-03-29 1602 OT5N/P        59   172   M0PWC         59   174
QSO:  3500 PH 2020-03-29 1607 OT5N/P        59   173   DF2KD         59   177
QSO:  3500 PH 2020-03-29 1610 OT5N/P        59   174   DL1PT         59   494
QSO:  3500 PH 2020-03-29 1614 OT5N/P        59   175   DL9BBE        59   243
QSO:  3500 PH 2020-03-29 1615 OT5N/P        59   176   EA3CI         59   865
QSO:  3500 PH 2020-03-29 1635 OT5N/P        59   177   DF3IS         59   268
QSO:  3500 PH 2020-03-29 1637 OT5N/P        59   178   ON5SP         59   001
QSO:  3500 PH 2020-03-29 1639 OT5N/P        59   179   F1MKC         59   249
QSO:  3500 PH 2020-03-29 1640 OT5N/P        59   180   DH4PSG        59   203
QSO:  3500 PH 2020-03-29 1649 OT5N/P        59   181   ON5GO         59   011
QSO:  3500 PH 2020-03-29 1650 OT5N/P        59   182   DH1PAL        59   349
QSO:  3500 PH 2020-03-29 1654 OT5N/P        59   183   OO4O          59   128
QSO:  3500 PH 2020-03-29 1655 OT5N/P        59   184   DL1PT         59   507
QSO:  3500 PH 2020-03-29 1659 OT5N/P        59   185   DF9JL         59   001
QSO:  3500 PH 2020-03-29 1700 OT5N/P        59   186   G7TWC         59   019
QSO:  3500 PH 2020-03-29 1705 OT5N/P        59   187   DH2PG         59   068
QSO:  3500 PH 2020-03-29 1716 OT5N/P        59   188   OT5L          59   893
QSO:  3500 PH 2020-03-29 1717 OT5N/P        59   189   DM4L          59   985
QSO:  3500 PH 2020-03-29 1901 OT5N/P        59   190   F4HFI         59   003
QSO:  3500 PH 2020-03-29 1903 OT5N/P        59   191   F5HSH         59   004
QSO:  3500 PH 2020-03-29 1905 OT5N/P        59   192   F1NYS         59   003
END-OF-LOG:
