START-OF-LOG: 3.0
CONTEST: ARRL-DX-CW
LOCATION: DX
CALLSIGN: OK2HBR
CATEGORY-OPERATOR: SINGLE-OP
CATEGORY-ASSISTED: NON-ASSISTED
CATEGORY-POWER: LOW
CATEGORY-BAND: 40M
CREATED-BY: TR4W V.4.43.01
CATEGORY-MODE: CW
HQ-CATEGORY: Single Operator, 40 Meters
HQ-GRID-LOCATOR: JN89pp
QSO: 7000 CW 2019-02-16 0005 OK2HBR 599 100 W3EP 599 CT
QSO: 7000 CW 2019-02-16 0008 OK2HBR 599 100 K2AX 599 NJ
QSO: 7000 CW 2019-02-16 0012 OK2HBR 599 100 N2SR 599 NJ
QSO: 7000 CW 2019-02-16 0014 OK2HBR 599 100 AD5A 599 TX
QSO: 7000 CW 2019-02-16 0016 OK2HBR 599 100 AA3B 599 PA
QSO: 7000 CW 2019-02-16 0018 OK2HBR 599 100 N1MM 599 CT
QSO: 7000 CW 2019-02-16 0019 OK2HBR 599 100 K1BX 599 NH
QSO: 7000 CW 2019-02-16 0021 OK2HBR 599 100 KU2C 599 PA
QSO: 7000 CW 2019-02-16 0022 OK2HBR 599 100 K5RX 599 TX
QSO: 7000 CW 2019-02-16 0022 OK2HBR 599 100 K9OM 599 FL
QSO: 7000 CW 2019-02-16 0024 OK2HBR 599 100 NN1C 599 MA
QSO: 7000 CW 2019-02-16 0026 OK2HBR 599 100 N5CQ 599 TX
QSO: 7000 CW 2019-02-16 0028 OK2HBR 599 100 K9CT 599 IL
QSO: 7000 CW 2019-02-16 0032 OK2HBR 599 100 W4NF 599 VA
QSO: 7000 CW 2019-02-16 0033 OK2HBR 599 100 N5AW 599 TX
QSO: 7000 CW 2019-02-16 0043 OK2HBR 599 100 W2FU 599 NY
QSO: 7000 CW 2019-02-16 0044 OK2HBR 599 100 K4AB 599 AL
QSO: 7000 CW 2019-02-16 0104 OK2HBR 599 100 K4TCG 599 TN
QSO: 7000 CW 2019-02-16 0107 OK2HBR 599 100 N2NT 599 NJ
QSO: 7000 CW 2019-02-16 1930 OK2HBR 599 100 N2RC 599 NY
QSO: 7000 CW 2019-02-16 1932 OK2HBR 599 100 K1AR 599 NH
QSO: 7000 CW 2019-02-16 1935 OK2HBR 599 100 W4KZ 599 ME
QSO: 7000 CW 2019-02-16 1937 OK2HBR 599 100 W3LPL 599 MD
QSO: 7000 CW 2019-02-16 1938 OK2HBR 599 100 N5DX 599 NY
QSO: 7000 CW 2019-02-16 1940 OK2HBR 599 100 N2MF 599 NY
QSO: 7000 CW 2019-02-16 1941 OK2HBR 599 100 N4AF 599 NC
QSO: 7000 CW 2019-02-16 2002 OK2HBR 599 100 VY2TT 599 PE
QSO: 7000 CW 2019-02-16 2003 OK2HBR 599 100 K3LR 599 PA
QSO: 7000 CW 2019-02-16 2005 OK2HBR 599 100 K2XR 599 PA
QSO: 7000 CW 2019-02-16 2008 OK2HBR 599 100 K1IR 599 MA
QSO: 7000 CW 2019-02-16 2008 OK2HBR 599 100 K2QMF 599 NY
QSO: 7000 CW 2019-02-16 2010 OK2HBR 599 100 K1DG 599 NH
QSO: 7000 CW 2019-02-16 2012 OK2HBR 599 100 VA2WA 599 QC
QSO: 7000 CW 2019-02-16 2016 OK2HBR 599 100 K3TN 599 VA
QSO: 7000 CW 2019-02-16 2017 OK2HBR 599 100 W1QK 599 CT
QSO: 7000 CW 2019-02-16 2018 OK2HBR 599 100 W8FJ 599 PA
QSO: 7000 CW 2019-02-16 2023 OK2HBR 599 100 VE2BWL 599 QC
QSO: 7000 CW 2019-02-16 2025 OK2HBR 599 100 W1GD 599 MA
QSO: 7000 CW 2019-02-16 2029 OK2HBR 599 100 CJ3A 599 ON
QSO: 7000 CW 2019-02-16 2031 OK2HBR 599 100 W3FV 599 PA
QSO: 7000 CW 2019-02-16 2033 OK2HBR 599 100 W2CG 599 NJ
QSO: 7000 CW 2019-02-16 2037 OK2HBR 599 100 K3PH 599 PA
QSO: 7000 CW 2019-02-16 2039 OK2HBR 599 100 N2OO 599 NJ
QSO: 7000 CW 2019-02-16 2047 OK2HBR 599 100 K4ZW 599 VA
QSO: 7000 CW 2019-02-16 2048 OK2HBR 599 100 WC1M 599 NH
QSO: 7000 CW 2019-02-16 2054 OK2HBR 599 100 N4RA 599 WV
QSO: 7000 CW 2019-02-16 2056 OK2HBR 599 100 VE9AA 599 NB
QSO: 7000 CW 2019-02-16 2057 OK2HBR 599 100 W3EP 599 CT
QSO: 7000 CW 2019-02-16 2100 OK2HBR 599 100 K3ZU 599 MD
QSO: 7000 CW 2019-02-16 2101 OK2HBR 599 100 K2KQ 599 NY
QSO: 7000 CW 2019-02-16 2101 OK2HBR 599 100 N3FJP 599 MD
QSO: 7000 CW 2019-02-16 2106 OK2HBR 599 100 W3YR 599 MD
QSO: 7000 CW 2019-02-16 2108 OK2HBR 599 100 NR4M 599 VA
QSO: 7000 CW 2019-02-16 2109 OK2HBR 599 100 W3FIZ 599 PA
QSO: 7000 CW 2019-02-16 2110 OK2HBR 599 100 W1CSM 599 MA
QSO: 7000 CW 2019-02-16 2111 OK2HBR 599 100 W9PA 599 IN
QSO: 7000 CW 2019-02-16 2112 OK2HBR 599 100 W3KB 599 PA
QSO: 7000 CW 2019-02-16 2118 OK2HBR 599 100 W3EA 599 PA
QSO: 7000 CW 2019-02-16 2120 OK2HBR 599 100 W3ARL 599 MD
QSO: 7000 CW 2019-02-16 2122 OK2HBR 599 100 VE3YAA 599 ON
QSO: 7000 CW 2019-02-16 2123 OK2HBR 599 100 K8MFO 599 OH
QSO: 7000 CW 2019-02-16 2133 OK2HBR 599 100 AA3S 599 MD
QSO: 7000 CW 2019-02-16 2136 OK2HBR 599 100 NA8V 599 MI
QSO: 7000 CW 2019-02-16 2138 OK2HBR 599 100 K8AZ 599 OH
QSO: 7000 CW 2019-02-16 2142 OK2HBR 599 100 K3TN 599 VA
QSO: 7000 CW 2019-02-16 2153 OK2HBR 599 100 W2EG 599 NY
QSO: 7000 CW 2019-02-16 2157 OK2HBR 599 100 N4WW 599 FL
QSO: 7000 CW 2019-02-16 2159 OK2HBR 599 100 W1FJ 599 MA
QSO: 7000 CW 2019-02-16 2201 OK2HBR 599 100 K8CX 599 OH
QSO: 7000 CW 2019-02-16 2202 OK2HBR 599 100 N2LBR 599 NY
QSO: 7000 CW 2019-02-16 2204 OK2HBR 599 100 N8OO 599 LA
QSO: 7000 CW 2019-02-16 2207 OK2HBR 599 100 N2MM 599 NJ
QSO: 7000 CW 2019-02-16 2210 OK2HBR 599 100 W3LL 599 MD
QSO: 7000 CW 2019-02-16 2214 OK2HBR 599 100 WX1S 599 NH
QSO: 7000 CW 2019-02-16 2214 OK2HBR 599 100 W4JAM 599 VA
QSO: 7000 CW 2019-02-16 2239 OK2HBR 599 100 W9XT 599 WI
QSO: 7000 CW 2019-02-16 2243 OK2HBR 599 100 NE0U 599 MN
QSO: 7000 CW 2019-02-16 2244 OK2HBR 599 100 K3UW 599 PA
QSO: 7000 CW 2019-02-16 2246 OK2HBR 599 100 AB3CX 599 NY
QSO: 7000 CW 2019-02-16 2248 OK2HBR 599 100 KS1J 599 RI
QSO: 7000 CW 2019-02-16 2255 OK2HBR 599 100 N1UR 599 VT
QSO: 7000 CW 2019-02-16 2255 OK2HBR 599 100 KS4AA 599 VA
QSO: 7000 CW 2019-02-16 2257 OK2HBR 599 100 KA1IS 599 ME
QSO: 7000 CW 2019-02-16 2258 OK2HBR 599 100 WY3A 599 PA
QSO: 7000 CW 2019-02-16 2300 OK2HBR 599 100 K1TTT 599 MA
QSO: 7000 CW 2019-02-16 2302 OK2HBR 599 100 KQ2M 599 CT
QSO: 7000 CW 2019-02-16 2305 OK2HBR 599 100 K1KP 599 MA
QSO: 7000 CW 2019-02-16 2306 OK2HBR 599 100 K1VR 599 MA
QSO: 7000 CW 2019-02-16 2307 OK2HBR 599 100 K5RM 599 AR
QSO: 7000 CW 2019-02-16 2311 OK2HBR 599 100 N1PGA 599 MA
QSO: 7000 CW 2019-02-16 2315 OK2HBR 599 100 K4WMS 599 VA
QSO: 7000 CW 2019-02-16 2316 OK2HBR 599 100 N4TZ 599 IN
QSO: 7000 CW 2019-02-16 2320 OK2HBR 599 100 K4OWR 599 TN
QSO: 7000 CW 2019-02-16 2323 OK2HBR 599 100 N2AN 599 MA
QSO: 7000 CW 2019-02-16 2326 OK2HBR 599 100 VE3DZ 599 ON
QSO: 7000 CW 2019-02-16 2326 OK2HBR 599 100 AC4CA 599 TX
QSO: 7000 CW 2019-02-16 2333 OK2HBR 599 100 N0NI 599 IA
QSO: 7000 CW 2019-02-16 2334 OK2HBR 599 100 K4PV 599 FL
QSO: 7000 CW 2019-02-16 2336 OK2HBR 599 100 NN3Q 599 PA
QSO: 7000 CW 2019-02-16 2337 OK2HBR 599 100 W8MJ 599 MI
QSO: 7000 CW 2019-02-17 0000 OK2HBR 599 100 AA9A 599 WI
QSO: 7000 CW 2019-02-17 0001 OK2HBR 599 100 W3MM 599 PA
QSO: 7000 CW 2019-02-17 0022 OK2HBR 599 100 K3SW 599 PA
QSO: 7000 CW 2019-02-17 0023 OK2HBR 599 100 K5NA 599 TX
QSO: 7000 CW 2019-02-17 0026 OK2HBR 599 100 AA2EQ 599 NY
QSO: 7000 CW 2019-02-17 0032 OK2HBR 599 100 WN9O 599 IN
QSO: 7000 CW 2019-02-17 0034 OK2HBR 599 100 AG4W 599 AL
QSO: 7000 CW 2019-02-17 0038 OK2HBR 599 100 N3RS 599 PA
QSO: 7000 CW 2019-02-17 0040 OK2HBR 599 100 N2IC 599 NM
QSO: 7000 CW 2019-02-17 0041 OK2HBR 599 100 K2UF 599 NY
QSO: 7000 CW 2019-02-17 0052 OK2HBR 599 100 WQ5L 599 MS
QSO: 7000 CW 2019-02-17 0058 OK2HBR 599 100 W1VE 599 VT
QSO: 7000 CW 2019-02-17 0101 OK2HBR 599 100 NA6O 599 CA
QSO: 7000 CW 2019-02-17 0111 OK2HBR 599 100 N9RV 599 MT
QSO: 7000 CW 2019-02-17 0114 OK2HBR 599 100 N1TO 599 FL
QSO: 7000 CW 2019-02-17 0116 OK2HBR 599 100 K2LNS 599 PA
QSO: 7000 CW 2019-02-17 0121 OK2HBR 599 100 WA3C 599 OH
QSO: 7000 CW 2019-02-17 0122 OK2HBR 599 100 K2RD 599 NV
QSO: 7000 CW 2019-02-17 0125 OK2HBR 599 100 W2XL 599 NY
QSO: 7000 CW 2019-02-17 0127 OK2HBR 599 100 K1KI 599 CT
QSO: 7000 CW 2019-02-17 0130 OK2HBR 599 100 W5MX 599 KY
QSO: 7000 CW 2019-02-17 0134 OK2HBR 599 100 W0BR 599 PA
QSO: 7000 CW 2019-02-17 0134 OK2HBR 599 100 K3TC 599 MD
QSO: 7000 CW 2019-02-17 0140 OK2HBR 599 100 N4HB 599 VA
QSO: 7000 CW 2019-02-17 0144 OK2HBR 599 100 W3IP 599 VA
QSO: 7000 CW 2019-02-17 0145 OK2HBR 599 100 N9GB 599 KS
QSO: 7000 CW 2019-02-17 0149 OK2HBR 599 100 WB9Z 599 IL
QSO: 7000 CW 2019-02-17 0151 OK2HBR 599 100 NW3Y 599 DE
QSO: 7000 CW 2019-02-17 0155 OK2HBR 599 100 W1DX 599 CT
QSO: 7000 CW 2019-02-17 0212 OK2HBR 599 100 W9RE 599 IN
QSO: 7000 CW 2019-02-17 0214 OK2HBR 599 100 K0ZR 599 VA
QSO: 7000 CW 2019-02-17 0228 OK2HBR 599 100 KI1G 599 RI
QSO: 7000 CW 2019-02-17 0228 OK2HBR 599 100 K4ORD 599 VA
QSO: 7000 CW 2019-02-17 0232 OK2HBR 599 100 K3WW 599 PA
QSO: 7000 CW 2019-02-17 0233 OK2HBR 599 100 KG3V 599 VA
QSO: 7000 CW 2019-02-17 0234 OK2HBR 599 100 WA1FCN 599 AL
QSO: 7000 CW 2019-02-17 0236 OK2HBR 599 100 N3QE 599 MD
QSO: 7000 CW 2019-02-17 0237 OK2HBR 599 100 N8UM 599 TN
QSO: 7000 CW 2019-02-17 1833 OK2HBR 599 100 K1RX 599 NH
QSO: 7000 CW 2019-02-17 2024 OK2HBR 599 100 K5ZD 599 MA
QSO: 7000 CW 2019-02-17 2033 OK2HBR 599 100 W1RM 599 CT
QSO: 7000 CW 2019-02-17 2034 OK2HBR 599 100 W2IRT 599 NJ
QSO: 7000 CW 2019-02-17 2035 OK2HBR 599 100 K4XL 599 VA
QSO: 7000 CW 2019-02-17 2044 OK2HBR 599 100 VE2FK 599 QC
QSO: 7000 CW 2019-02-17 2047 OK2HBR 599 100 K1RM 599 CT
QSO: 7000 CW 2019-02-17 2057 OK2HBR 599 100 K2NV 599 NY
QSO: 7000 CW 2019-02-17 2102 OK2HBR 599 100 NE3F 599 PA
QSO: 7000 CW 2019-02-17 2103 OK2HBR 599 100 N4RV 599 VA
QSO: 7000 CW 2019-02-17 2104 OK2HBR 599 100 N3ND 599 NC
QSO: 7000 CW 2019-02-17 2105 OK2HBR 599 100 K2RET 599 NJ
QSO: 7000 CW 2019-02-17 2108 OK2HBR 599 100 K3MD 599 PA
QSO: 7000 CW 2019-02-17 2116 OK2HBR 599 100 NX2X 599 NY
QSO: 7000 CW 2019-02-17 2119 OK2HBR 599 100 K8GL 599 MI
QSO: 7000 CW 2019-02-17 2120 OK2HBR 599 100 VE9BK 599 NB
QSO: 7000 CW 2019-02-17 2122 OK2HBR 599 100 N1EN 599 CT
QSO: 7000 CW 2019-02-17 2129 OK2HBR 599 100 K3UL 599 PA
QSO: 7000 CW 2019-02-17 2135 OK2HBR 599 100 N9NB 599 VA
END-OF-LOG: