START-OF-LOG: 3.0
CONTEST: ARRL-DX-CW
LOCATION: DX
CALLSIGN: UV7V
CATEGORY-OPERATOR: SINGLE-OP
CATEGORY-ASSISTED: ASSISTED
CATEGORY-POWER: LOW
CATEGORY-BAND: ALL
CATEGORY-MODE: CW
CATEGORY-TRANSMITTER: ONE
CATEGORY-STATION: FIXED
CREATED-BY: N1MM LOGGER V14.05.3
OPERATORS: UX1VT
HQ-CATEGORY: Single Operator Unlimited, Low Power
HQ-GRID-LOCATOR: KN68rv
QSO: 7054 CW 2019-02-16 0013 UV7V 599 100 N3EB 599 PA
QSO: 7054 CW 2019-02-16 0014 UV7V 599 100 N9NB 599 VA
QSO: 7026 CW 2019-02-16 0016 UV7V 599 100 K2QMF 599 NY
QSO: 7017 CW 2019-02-16 0021 UV7V 599 100 N0NI 599 IA
QSO: 7000 CW 2019-02-16 0022 UV7V 599 100 N1UR 599 VT
QSO: 7006 CW 2019-02-16 0023 UV7V 599 100 N5DX 599 NY
QSO: 7046 CW 2019-02-16 0025 UV7V 599 100 NN3W 599 MD
QSO: 7003 CW 2019-02-16 0026 UV7V 599 100 K8AZ 599 OH
QSO: 7043 CW 2019-02-16 0027 UV7V 599 100 N0AX 599 MO
QSO: 7000 CW 2019-02-16 0031 UV7V 599 100 K1KI 599 CT
QSO: 7035 CW 2019-02-16 0033 UV7V 599 100 K5RM 599 AR
QSO: 7060 CW 2019-02-16 0033 UV7V 599 100 K9OM 599 FL
QSO: 7009 CW 2019-02-16 0036 UV7V 599 100 W4KZ 599 ME
QSO: 7023 CW 2019-02-16 0038 UV7V 599 100 N2MF 599 NY
QSO: 7067 CW 2019-02-16 0039 UV7V 599 100 KA1IS 599 ME
QSO: 7063 CW 2019-02-16 0040 UV7V 599 100 K9CT 599 IL
QSO: 7065 CW 2019-02-16 0043 UV7V 599 100 K1TTT 599 MA
QSO: 7043 CW 2019-02-16 0044 UV7V 599 100 WA1FCN 599 AL
QSO: 7061 CW 2019-02-16 0044 UV7V 599 100 W3MM 599 PA
QSO: 7070 CW 2019-02-16 0046 UV7V 599 100 N3AD 599 PA
QSO: 7013 CW 2019-02-16 0056 UV7V 599 100 K3LR 599 PA
QSO: 7012 CW 2019-02-16 0057 UV7V 599 100 KI1G 599 RI
QSO: 7060 CW 2019-02-16 0059 UV7V 599 100 W4NF 599 VA
QSO: 7037 CW 2019-02-16 0103 UV7V 599 100 N2SR 599 NJ
QSO: 7024 CW 2019-02-16 0104 UV7V 599 100 N8OO 599 LA
QSO: 7039 CW 2019-02-16 0105 UV7V 599 100 W4RM 599 VA
QSO: 7069 CW 2019-02-16 0111 UV7V 599 100 AA1ON 599 MA
QSO: 7004 CW 2019-02-16 0112 UV7V 599 100 K3TN 599 VA
QSO: 7008 CW 2019-02-16 0114 UV7V 599 100 W3LPL 599 MD
QSO: 7007 CW 2019-02-16 0114 UV7V 599 100 K4XL 599 VA
QSO: 7067 CW 2019-02-16 0118 UV7V 599 100 K4TCG 599 TN
QSO: 7043 CW 2019-02-16 0121 UV7V 599 100 N4WW 599 FL
QSO: 7023 CW 2019-02-16 0124 UV7V 599 100 W1RM 599 CT
QSO: 3501 CW 2019-02-16 0127 UV7V 599 100 W3LPL 599 MD
QSO: 3500 CW 2019-02-16 0128 UV7V 599 100 K3LR 599 PA
QSO: 3500 CW 2019-02-16 0130 UV7V 599 100 AA1K 599 DE
QSO: 3542 CW 2019-02-16 0130 UV7V 599 100 AA3B 599 PA
QSO: 3521 CW 2019-02-16 0131 UV7V 599 100 K9CT 599 IL
QSO: 3504 CW 2019-02-16 0132 UV7V 599 100 VY2TT 599 PE
QSO: 3548 CW 2019-02-16 0133 UV7V 599 100 K8AZ 599 OH
QSO: 3506 CW 2019-02-16 0133 UV7V 599 100 W3MM 599 PA
QSO: 3506 CW 2019-02-16 0137 UV7V 599 100 K1DG 599 NH
QSO: 3502 CW 2019-02-16 0137 UV7V 599 100 K5ZD 599 MA
QSO: 3523 CW 2019-02-16 0138 UV7V 599 100 K3RL 599 PA
QSO: 3524 CW 2019-02-16 0140 UV7V 599 100 N4AF 599 NC
QSO: 3510 CW 2019-02-16 0141 UV7V 599 100 N2NT 599 NJ
QSO: 3500 CW 2019-02-16 0142 UV7V 599 100 NR4M 599 VA
QSO: 3537 CW 2019-02-16 0142 UV7V 599 100 KI1G 599 RI
QSO: 3514 CW 2019-02-16 0144 UV7V 599 100 N5DX 599 NY
QSO: 3518 CW 2019-02-16 0146 UV7V 599 100 N4WW 599 FL
QSO: 3513 CW 2019-02-16 0147 UV7V 599 100 W3BGN 599 PA
QSO: 3503 CW 2019-02-16 0148 UV7V 599 100 W2FU 599 NY
QSO: 3541 CW 2019-02-16 0150 UV7V 599 100 K4TCG 599 TN
QSO: 3538 CW 2019-02-16 0153 UV7V 599 100 K3ZM 599 VA
QSO: 3503 CW 2019-02-16 0156 UV7V 599 100 W1WEF 599 CT
QSO: 3548 CW 2019-02-16 0157 UV7V 599 100 NN3W 599 MD
QSO: 3540 CW 2019-02-16 0201 UV7V 599 100 CJ3A 599 ON
QSO: 3515 CW 2019-02-16 0218 UV7V 599 100 VE9AA 599 NB
QSO: 7043 CW 2019-02-16 0229 UV7V 599 100 N4AF 599 NC
QSO: 7045 CW 2019-02-16 0230 UV7V 599 100 W5MX 599 KY
QSO: 7072 CW 2019-02-16 0231 UV7V 599 100 AA1K 599 DE
QSO: 7048 CW 2019-02-16 0231 UV7V 599 100 VY2TT 599 PE
QSO: 7008 CW 2019-02-16 0234 UV7V 599 100 NR4M 599 VA
QSO: 7004 CW 2019-02-16 0235 UV7V 599 100 W1WEF 599 CT
QSO: 7005 CW 2019-02-16 0236 UV7V 599 100 K1IR 599 MA
QSO: 7021 CW 2019-02-16 0236 UV7V 599 100 NN3Q 599 PA
QSO: 7037 CW 2019-02-16 0243 UV7V 599 100 N2RJ 599 NJ
QSO: 7001 CW 2019-02-16 0245 UV7V 599 100 NE3F 599 PA
QSO: 3518 CW 2019-02-16 0254 UV7V 599 100 K3ZO 599 MD
QSO: 3512 CW 2019-02-16 0256 UV7V 599 100 K1TTT 599 MA
QSO: 3504 CW 2019-02-16 0257 UV7V 599 100 N1UR 599 VT
QSO: 3559 CW 2019-02-16 0258 UV7V 599 100 N3EB 599 PA
QSO: 3565 CW 2019-02-16 0300 UV7V 599 100 W2RE 599 ME
QSO: 3527 CW 2019-02-16 0503 UV7V 599 100 W2XL 599 NY
QSO: 3519 CW 2019-02-16 0504 UV7V 599 100 K0ZR 599 VA
QSO: 3516 CW 2019-02-16 0504 UV7V 599 100 K1KI 599 CT
QSO: 3529 CW 2019-02-16 0505 UV7V 599 100 N9NB 599 VA
QSO: 3555 CW 2019-02-16 0506 UV7V 599 100 NA8V 599 MI
QSO: 3547 CW 2019-02-16 0507 UV7V 599 100 VE3DZ 599 ON
QSO: 3540 CW 2019-02-16 0510 UV7V 599 100 NN7CW 599 FL
QSO: 3545 CW 2019-02-16 0512 UV7V 599 100 VA2WA 599 QC
QSO: 3546 CW 2019-02-16 0512 UV7V 599 100 N0NI 599 IA
QSO: 3527 CW 2019-02-16 0515 UV7V 599 100 W9VW 599 IN
QSO: 3505 CW 2019-02-16 0518 UV7V 599 100 N2MM 599 NJ
QSO: 3566 CW 2019-02-16 0523 UV7V 599 100 K1EP 599 VT
QSO: 3548 CW 2019-02-16 0525 UV7V 599 100 NW3Y 599 DE
QSO: 3502 CW 2019-02-16 0526 UV7V 599 100 N3QE 599 MD
QSO: 3535 CW 2019-02-16 0532 UV7V 599 100 W4KZ 599 ME
QSO: 3565 CW 2019-02-16 0536 UV7V 599 100 K3OO 599 PA
QSO: 3546 CW 2019-02-16 0538 UV7V 599 100 W2CG 599 NJ
QSO: 3513 CW 2019-02-16 0539 UV7V 599 100 WX0B 599 TX
QSO: 3534 CW 2019-02-16 0547 UV7V 599 100 N3RS 599 PA
QSO: 3546 CW 2019-02-16 0548 UV7V 599 100 K3WW 599 PA
QSO: 3506 CW 2019-02-16 0551 UV7V 599 100 K2QMF 599 NY
QSO: 3530 CW 2019-02-16 0552 UV7V 599 100 K2WK 599 VA
QSO: 3513 CW 2019-02-16 0554 UV7V 599 100 AB3CX 599 NY
QSO: 3518 CW 2019-02-16 0556 UV7V 599 100 K1IR 599 MA
QSO: 3501 CW 2019-02-16 0557 UV7V 599 100 K3JO 599 MA
QSO: 14017 CW 2019-02-16 1209 UV7V 599 100 K1IR 599 MA
QSO: 14001 CW 2019-02-16 1210 UV7V 599 100 KD2RD 599 NY
QSO: 14039 CW 2019-02-16 1211 UV7V 599 100 AA3B 599 PA
QSO: 14036 CW 2019-02-16 1212 UV7V 599 100 N1MM 599 CT
QSO: 14028 CW 2019-02-16 1212 UV7V 599 100 N4AF 599 NC
QSO: 14034 CW 2019-02-16 1213 UV7V 599 100 WK2G 599 PA
QSO: 14024 CW 2019-02-16 1213 UV7V 599 100 NR4M 599 VA
QSO: 14003 CW 2019-02-16 1214 UV7V 599 100 K3WW 599 PA
QSO: 14006 CW 2019-02-16 1216 UV7V 599 100 K3LR 599 PA
QSO: 14045 CW 2019-02-16 1216 UV7V 599 100 N3AD 599 PA
QSO: 14000 CW 2019-02-16 1218 UV7V 599 100 N1UR 599 VT
QSO: 14023 CW 2019-02-16 1219 UV7V 599 100 NN3Q 599 PA
QSO: 14004 CW 2019-02-16 1220 UV7V 599 100 K1LZ 599 MA
QSO: 14006 CW 2019-02-16 1221 UV7V 599 100 K1VMT 599 VT
QSO: 14008 CW 2019-02-16 1221 UV7V 599 100 W1FJ 599 MA
QSO: 14022 CW 2019-02-16 1221 UV7V 599 100 AB3CX 599 NY
QSO: 14000 CW 2019-02-16 1223 UV7V 599 100 W2RE 599 ME
QSO: 14023 CW 2019-02-16 1225 UV7V 599 100 W8FJ 599 PA
QSO: 14023 CW 2019-02-16 1227 UV7V 599 100 NN3W 599 MD
QSO: 14005 CW 2019-02-16 1228 UV7V 599 100 K8AZ 599 OH
QSO: 14013 CW 2019-02-16 1228 UV7V 599 100 W3LPL 599 MD
QSO: 14009 CW 2019-02-16 1229 UV7V 599 100 N3RS 599 PA
QSO: 14004 CW 2019-02-16 1230 UV7V 599 100 KQ2M 599 CT
QSO: 14004 CW 2019-02-16 1230 UV7V 599 100 KI1G 599 RI
QSO: 14012 CW 2019-02-16 1231 UV7V 599 100 N2MM 599 NJ
QSO: 14037 CW 2019-02-16 1233 UV7V 599 100 W8MJ 599 MI
QSO: 14006 CW 2019-02-16 1236 UV7V 599 100 W1WEF 599 CT
QSO: 14023 CW 2019-02-16 1236 UV7V 599 100 K1RX 599 NH
QSO: 14000 CW 2019-02-16 1237 UV7V 599 100 W2FU 599 NY
QSO: 14010 CW 2019-02-16 1239 UV7V 599 100 K2QMF 599 NY
QSO: 14012 CW 2019-02-16 1240 UV7V 599 100 VA2WA 599 QC
QSO: 14002 CW 2019-02-16 1241 UV7V 599 100 K5ZD 599 MA
QSO: 14026 CW 2019-02-16 1242 UV7V 599 100 N2SR 599 NJ
QSO: 14022 CW 2019-02-16 1243 UV7V 599 100 N4BP 599 FL
QSO: 14009 CW 2019-02-16 1244 UV7V 599 100 CJ3A 599 ON
QSO: 14019 CW 2019-02-16 1244 UV7V 599 100 K3CCR 599 MD
QSO: 14025 CW 2019-02-16 1259 UV7V 599 100 K1VR 599 MA
QSO: 14055 CW 2019-02-16 1300 UV7V 599 100 K1TTT 599 MA
QSO: 14018 CW 2019-02-16 1300 UV7V 599 100 W4KZ 599 ME
QSO: 14001 CW 2019-02-16 1301 UV7V 599 100 N5DX 599 NY
QSO: 14056 CW 2019-02-16 1301 UV7V 599 100 AA1ON 599 MA
QSO: 14064 CW 2019-02-16 1303 UV7V 599 100 N2NT 599 NJ
QSO: 14064 CW 2019-02-16 1303 UV7V 599 100 W2XL 599 NY
QSO: 14010 CW 2019-02-16 1305 UV7V 599 100 NE3F 599 PA
QSO: 14085 CW 2019-02-16 1306 UV7V 599 100 K1DG 599 NH
QSO: 14055 CW 2019-02-16 1306 UV7V 599 100 N3XF 599 PA
QSO: 14080 CW 2019-02-16 1307 UV7V 599 100 K3PH 599 PA
QSO: 14027 CW 2019-02-16 1311 UV7V 599 100 W5MX 599 KY
QSO: 14053 CW 2019-02-16 1311 UV7V 599 100 KU2M 599 NJ
QSO: 14048 CW 2019-02-16 1317 UV7V 599 100 W9RE 599 IN
QSO: 14054 CW 2019-02-16 1318 UV7V 599 100 W4NF 599 VA
QSO: 14061 CW 2019-02-16 1320 UV7V 599 100 K9CT 599 IL
QSO: 14060 CW 2019-02-16 1321 UV7V 599 100 NW3Y 599 DE
QSO: 14034 CW 2019-02-16 1322 UV7V 599 100 VE3DZ 599 ON
QSO: 14025 CW 2019-02-16 1322 UV7V 599 100 K3UL 599 PA
QSO: 14077 CW 2019-02-16 1326 UV7V 599 100 WX0B 599 TX
QSO: 14083 CW 2019-02-16 1327 UV7V 599 100 K4TCG 599 TN
QSO: 14081 CW 2019-02-16 1327 UV7V 599 100 K8CX 599 OH
QSO: 14084 CW 2019-02-16 1329 UV7V 599 100 N5AW 599 TX
QSO: 14067 CW 2019-02-16 1331 UV7V 599 100 N3JT 599 VA
QSO: 14093 CW 2019-02-16 1333 UV7V 599 100 N9CO 599 IL
QSO: 14022 CW 2019-02-16 1336 UV7V 599 100 NA8V 599 MI
QSO: 14086 CW 2019-02-16 1338 UV7V 599 100 K2CJ 599 NJ
QSO: 14003 CW 2019-02-16 1357 UV7V 599 100 VE9AA 599 NB
QSO: 14083 CW 2019-02-16 1358 UV7V 599 100 WT9Q 599 WI
QSO: 14087 CW 2019-02-16 1359 UV7V 599 100 K8GL 599 MI
QSO: 14100 CW 2019-02-16 1359 UV7V 599 100 W2GDJ 599 NY
QSO: 14092 CW 2019-02-16 1359 UV7V 599 100 N8BJQ 599 OH
QSO: 14003 CW 2019-02-16 1401 UV7V 599 100 K9ZO 599 IL
QSO: 14047 CW 2019-02-16 1402 UV7V 599 100 NB3I 599 PA
QSO: 14095 CW 2019-02-16 1407 UV7V 599 100 K3IE 599 TN
QSO: 14015 CW 2019-02-16 1409 UV7V 599 100 N8II 599 WV
QSO: 14065 CW 2019-02-16 1410 UV7V 599 100 N0AV 599 IA
QSO: 14062 CW 2019-02-16 1416 UV7V 599 100 NE0U 599 MN
QSO: 14066 CW 2019-02-16 1419 UV7V 599 100 KY4F 599 AL
QSO: 14036 CW 2019-02-16 1420 UV7V 599 100 VY2TT 599 PE
QSO: 14067 CW 2019-02-16 1423 UV7V 599 100 K5KU 599 LA
QSO: 14034 CW 2019-02-16 1426 UV7V 599 100 W4CI 599 FL
QSO: 14013 CW 2019-02-16 1433 UV7V 599 100 N2RJ 599 NJ
QSO: 14013 CW 2019-02-16 1433 UV7V 599 100 VE3NNT 599 ON
QSO: 14064 CW 2019-02-16 1435 UV7V 599 100 AD8J 599 NC
QSO: 14022 CW 2019-02-16 1436 UV7V 599 100 K4XL 599 VA
QSO: 14034 CW 2019-02-16 1437 UV7V 599 100 VO1HP 599 NF
QSO: 14093 CW 2019-02-16 1437 UV7V 599 100 WB9Z 599 IL
QSO: 14060 CW 2019-02-16 1438 UV7V 599 100 N2IC 599 NM
QSO: 14044 CW 2019-02-16 1441 UV7V 599 100 K2VV 599 MO
QSO: 14050 CW 2019-02-16 1442 UV7V 599 100 W4AQL 599 GA
QSO: 14068 CW 2019-02-16 1443 UV7V 599 100 K6LL 599 AZ
QSO: 14006 CW 2019-02-16 1445 UV7V 599 100 W1EBI 599 MA
QSO: 14081 CW 2019-02-16 1447 UV7V 599 100 N3EB 599 PA
QSO: 14002 CW 2019-02-16 1449 UV7V 599 100 NC1CC 599 RI
QSO: 14094 CW 2019-02-16 1451 UV7V 599 100 KU2C 599 PA
QSO: 14085 CW 2019-02-16 1452 UV7V 599 100 K1KP 599 MA
QSO: 14022 CW 2019-02-16 1453 UV7V 599 100 K3TN 599 VA
QSO: 14092 CW 2019-02-16 1454 UV7V 599 100 KF2O 599 NY
QSO: 14099 CW 2019-02-16 1455 UV7V 599 100 KS1J 599 RI
QSO: 14002 CW 2019-02-16 1455 UV7V 599 100 N2RC 599 NY
QSO: 14083 CW 2019-02-16 1457 UV7V 599 100 N7TU 599 AZ
QSO: 14088 CW 2019-02-16 1458 UV7V 599 100 N4TB 599 FL
QSO: 14120 CW 2019-02-16 1505 UV7V 599 100 N4TZ 599 IN
QSO: 14108 CW 2019-02-16 1510 UV7V 599 100 WS9M 599 NY
QSO: 14046 CW 2019-02-16 1510 UV7V 599 100 N4WW 599 FL
QSO: 14033 CW 2019-02-16 1511 UV7V 599 100 N5CW 599 MS
QSO: 14087 CW 2019-02-16 1513 UV7V 599 100 WA0MHJ 599 MN
QSO: 14001 CW 2019-02-16 1513 UV7V 599 100 NB1N 599 MA
QSO: 14079 CW 2019-02-16 1514 UV7V 599 100 VE9BK 599 NB
QSO: 14117 CW 2019-02-16 1514 UV7V 599 100 K9IG 599 IN
QSO: 14064 CW 2019-02-16 1516 UV7V 599 100 W0RIC 599 AZ
QSO: 14032 CW 2019-02-16 1517 UV7V 599 100 K3SW 599 PA
QSO: 14105 CW 2019-02-16 1520 UV7V 599 100 N7DR 599 CO
QSO: 14094 CW 2019-02-16 1522 UV7V 599 100 VE3VN 599 ON
QSO: 14112 CW 2019-02-16 1523 UV7V 599 100 KB3Z 599 PA
QSO: 14095 CW 2019-02-16 1523 UV7V 599 100 K1KI 599 CT
QSO: 14042 CW 2019-02-16 1528 UV7V 599 100 N4OGW 599 MS
QSO: 14059 CW 2019-02-16 1535 UV7V 599 100 K2AX 599 NJ
QSO: 14119 CW 2019-02-16 1537 UV7V 599 100 W1GD 599 MA
QSO: 14108 CW 2019-02-16 1538 UV7V 599 100 K3WI 599 DE
QSO: 14114 CW 2019-02-16 1539 UV7V 599 100 VE3MGY 599 ON
QSO: 14099 CW 2019-02-16 1542 UV7V 599 100 N1PGA 599 MA
QSO: 14055 CW 2019-02-16 1549 UV7V 599 100 K3WJV 599 PA
QSO: 14122 CW 2019-02-16 1549 UV7V 599 100 N2ED 599 NJ
QSO: 14114 CW 2019-02-16 1550 UV7V 599 100 K3OO 599 PA
QSO: 14118 CW 2019-02-16 1552 UV7V 599 100 W4RM 599 VA
QSO: 14095 CW 2019-02-16 1554 UV7V 599 100 N3QE 599 MD
QSO: 14104 CW 2019-02-16 1555 UV7V 599 100 K8MFO 599 OH
QSO: 14083 CW 2019-02-16 1556 UV7V 599 100 K1GU 599 TN
QSO: 14115 CW 2019-02-16 1556 UV7V 599 100 N2OO 599 NJ
QSO: 14098 CW 2019-02-16 1558 UV7V 599 100 N9NB 599 VA
QSO: 14082 CW 2019-02-16 1600 UV7V 599 100 K1BV 599 CT
QSO: 14112 CW 2019-02-16 1601 UV7V 599 100 W3EP 599 CT
QSO: 14086 CW 2019-02-16 1603 UV7V 599 100 K5EK 599 NC
QSO: 14113 CW 2019-02-16 1604 UV7V 599 100 K1RO 599 NH
QSO: 14078 CW 2019-02-16 1610 UV7V 599 100 W3MM 599 PA
QSO: 14018 CW 2019-02-16 1618 UV7V 599 100 WO4O 599 FL
QSO: 7038 CW 2019-02-16 2127 UV7V 599 100 KS1J 599 RI
QSO: 7021 CW 2019-02-16 2127 UV7V 599 100 VA2WA 599 QC
QSO: 7070 CW 2019-02-16 2128 UV7V 599 100 W2CDO 599 MD
QSO: 7061 CW 2019-02-16 2130 UV7V 599 100 K8CX 599 OH
QSO: 7032 CW 2019-02-16 2132 UV7V 599 100 CJ3A 599 ON
QSO: 7044 CW 2019-02-16 2132 UV7V 599 100 VE9AA 599 NB
QSO: 7051 CW 2019-02-16 2132 UV7V 599 100 NA8V 599 MI
QSO: 7043 CW 2019-02-16 2133 UV7V 599 100 W9RE 599 IN
QSO: 7068 CW 2019-02-16 2134 UV7V 599 100 K1RO 599 NH
QSO: 7058 CW 2019-02-16 2134 UV7V 599 100 K1BX 599 NH
QSO: 7011 CW 2019-02-16 2135 UV7V 599 100 VE3DZ 599 ON
QSO: 7056 CW 2019-02-16 2135 UV7V 599 100 W2EG 599 NY
QSO: 7044 CW 2019-02-16 2136 UV7V 599 100 K3WJV 599 PA
QSO: 7054 CW 2019-02-16 2138 UV7V 599 100 N4ZR 599 MD
QSO: 7017 CW 2019-02-16 2140 UV7V 599 100 K1RX 599 NH
QSO: 7003 CW 2019-02-16 2140 UV7V 599 100 W2FU 599 NY
QSO: 7047 CW 2019-02-16 2142 UV7V 599 100 W2XL 599 NY
QSO: 7082 CW 2019-02-16 2143 UV7V 599 100 K8MFO 599 OH
QSO: 7067 CW 2019-02-16 2144 UV7V 599 100 VE3PN 599 ON
QSO: 7055 CW 2019-02-16 2144 UV7V 599 100 WY3A 599 PA
QSO: 7065 CW 2019-02-16 2145 UV7V 599 100 N2MM 599 NJ
QSO: 7002 CW 2019-02-16 2146 UV7V 599 100 KQ2M 599 CT
QSO: 7010 CW 2019-02-16 2148 UV7V 599 100 AA3B 599 PA
QSO: 7086 CW 2019-02-16 2149 UV7V 599 100 VE1RSM 599 NS
QSO: 7066 CW 2019-02-16 2152 UV7V 599 100 W1GD 599 MA
QSO: 7033 CW 2019-02-16 2156 UV7V 599 100 W3FV 599 PA
QSO: 7018 CW 2019-02-16 2157 UV7V 599 100 K3ZO 599 MD
QSO: 7083 CW 2019-02-16 2200 UV7V 599 100 AA9A 599 WI
QSO: 7027 CW 2019-02-16 2200 UV7V 599 100 K2AX 599 NJ
QSO: 7005 CW 2019-02-16 2200 UV7V 599 100 N3RS 599 PA
QSO: 7061 CW 2019-02-16 2201 UV7V 599 100 N2LBR 599 NY
QSO: 7068 CW 2019-02-16 2202 UV7V 599 100 N3QE 599 MD
QSO: 7002 CW 2019-02-16 2203 UV7V 599 100 K3WW 599 PA
QSO: 7025 CW 2019-02-16 2205 UV7V 599 100 W2CG 599 NJ
QSO: 7019 CW 2019-02-16 2206 UV7V 599 100 K2LNS 599 PA
QSO: 7056 CW 2019-02-16 2206 UV7V 599 100 N1MM 599 CT
QSO: 7046 CW 2019-02-16 2207 UV7V 599 100 K0ZR 599 VA
QSO: 7035 CW 2019-02-16 2208 UV7V 599 100 K3UL 599 PA
QSO: 7041 CW 2019-02-16 2210 UV7V 599 100 N3XF 599 PA
QSO: 7084 CW 2019-02-16 2211 UV7V 599 100 KB1EFS 599 MA
QSO: 7024 CW 2019-02-16 2212 UV7V 599 100 W8FJ 599 PA
QSO: 7016 CW 2019-02-16 2214 UV7V 599 100 VE3YAA 599 ON
QSO: 7044 CW 2019-02-16 2216 UV7V 599 100 NW3Y 599 DE
QSO: 7065 CW 2019-02-16 2217 UV7V 599 100 W9XT 599 WI
QSO: 7040 CW 2019-02-16 2218 UV7V 599 100 K1ZE 599 CT
QSO: 7006 CW 2019-02-16 2220 UV7V 599 100 N2RC 599 NY
QSO: 7053 CW 2019-02-16 2222 UV7V 599 100 AB3CX 599 NY
QSO: 7084 CW 2019-02-16 2222 UV7V 599 100 K3WU 599 PA
QSO: 7036 CW 2019-02-16 2223 UV7V 599 100 K5LG 599 AR
QSO: 7066 CW 2019-02-16 2226 UV7V 599 100 VE2BWL 599 QC
QSO: 7036 CW 2019-02-16 2226 UV7V 599 100 W3EF 599 MD
QSO: 7001 CW 2019-02-16 2228 UV7V 599 100 KS4AA 599 VA
QSO: 7052 CW 2019-02-16 2232 UV7V 599 100 KE2WY 599 NY
QSO: 7005 CW 2019-02-16 2233 UV7V 599 100 N1QY 599 MA
QSO: 7057 CW 2019-02-16 2234 UV7V 599 100 W4PM 599 VA
QSO: 7089 CW 2019-02-16 2235 UV7V 599 100 K8GL 599 MI
QSO: 7081 CW 2019-02-16 2237 UV7V 599 100 K9NW 599 IN
QSO: 7089 CW 2019-02-16 2237 UV7V 599 100 K3MD 599 PA
QSO: 7066 CW 2019-02-16 2238 UV7V 599 100 KU2C 599 PA
QSO: 7054 CW 2019-02-16 2239 UV7V 599 100 N4QS 599 KY
QSO: 7072 CW 2019-02-16 2241 UV7V 599 100 WO1N 599 MA
QSO: 7041 CW 2019-02-16 2242 UV7V 599 100 AE4ED 599 AL
QSO: 7094 CW 2019-02-16 2249 UV7V 599 100 W1XX 599 RI
QSO: 7028 CW 2019-02-16 2249 UV7V 599 100 W8MJ 599 MI
QSO: 7045 CW 2019-02-16 2250 UV7V 599 100 N4OGW 599 MS
QSO: 7071 CW 2019-02-16 2251 UV7V 599 100 K2UF 599 NY
QSO: 7038 CW 2019-02-16 2252 UV7V 599 100 N2NT 599 NJ
QSO: 7052 CW 2019-02-16 2252 UV7V 599 100 WE9V 599 WI
QSO: 7053 CW 2019-02-16 2253 UV7V 599 100 K2NV 599 NY
QSO: 7085 CW 2019-02-16 2257 UV7V 599 100 K2DM 599 FL
QSO: 7084 CW 2019-02-16 2259 UV7V 599 100 WX4G 599 FL
QSO: 7072 CW 2019-02-16 2300 UV7V 599 100 VA3DF 599 ON
QSO: 7070 CW 2019-02-16 2301 UV7V 599 100 K3IE 599 TN
QSO: 7021 CW 2019-02-16 2302 UV7V 599 100 N8II 599 WV
QSO: 7011 CW 2019-02-16 2307 UV7V 599 100 N1PGA 599 MA
QSO: 7082 CW 2019-02-16 2315 UV7V 599 100 VA1RST 599 NS
QSO: 7082 CW 2019-02-16 2315 UV7V 599 100 W1QK 599 CT
QSO: 7082 CW 2019-02-16 2315 UV7V 599 100 W9PA 599 IN
QSO: 7082 CW 2019-02-16 2317 UV7V 599 100 K3ZU 599 MD
QSO: 7040 CW 2019-02-16 2322 UV7V 599 100 K1ESE 599 ME
QSO: 7081 CW 2019-02-16 2327 UV7V 599 100 K1DG 599 NH
QSO: 7082 CW 2019-02-16 2330 UV7V 599 100 W3FIZ 599 PA
QSO: 7068 CW 2019-02-16 2333 UV7V 599 100 N4TZ 599 IN
QSO: 7009 CW 2019-02-16 2334 UV7V 599 100 K5TR 599 TX
QSO: 7046 CW 2019-02-16 2335 UV7V 599 100 K3SW 599 PA
QSO: 7071 CW 2019-02-16 2337 UV7V 599 100 K9ZO 599 IL
QSO: 7082 CW 2019-02-16 2339 UV7V 599 100 NR4M 599 VA
QSO: 7061 CW 2019-02-16 2346 UV7V 599 100 KF2O 599 NY
QSO: 7082 CW 2019-02-16 2351 UV7V 599 100 AC4CA 599 TX
QSO: 7082 CW 2019-02-16 2352 UV7V 599 100 K4OWR 599 TN
QSO: 7065 CW 2019-02-16 2358 UV7V 599 100 K5RX 599 TX
QSO: 7083 CW 2019-02-17 0000 UV7V 599 100 WA0MHJ 599 MN
QSO: 7081 CW 2019-02-17 0008 UV7V 599 100 NX2X 599 NY
QSO: 7054 CW 2019-02-17 0008 UV7V 599 100 K3OO 599 PA
QSO: 7036 CW 2019-02-17 0014 UV7V 599 100 N5AW 599 TX
QSO: 7019 CW 2019-02-17 0014 UV7V 599 100 N1RR 599 MA
QSO: 7085 CW 2019-02-17 0015 UV7V 599 100 K1GU 599 TN
QSO: 7055 CW 2019-02-17 0016 UV7V 599 100 AG4W 599 AL
QSO: 7064 CW 2019-02-17 0018 UV7V 599 100 N2IC 599 NM
QSO: 7088 CW 2019-02-17 0019 UV7V 599 100 K2WK 599 VA
QSO: 7053 CW 2019-02-17 0022 UV7V 599 100 W4CB 599 VA
QSO: 7031 CW 2019-02-17 0031 UV7V 599 100 WB9Z 599 IL
QSO: 3514 CW 2019-02-17 0302 UV7V 599 100 N1MM 599 CT
QSO: 3505 CW 2019-02-17 0309 UV7V 599 100 N4OGW 599 MS
QSO: 3515 CW 2019-02-17 0315 UV7V 599 100 K3UL 599 PA
QSO: 1824 CW 2019-02-17 0318 UV7V 599 100 CJ3A 599 ON
QSO: 1820 CW 2019-02-17 0319 UV7V 599 100 W2FU 599 NY
QSO: 1810 CW 2019-02-17 0321 UV7V 599 100 K1TTT 599 MA
QSO: 1821 CW 2019-02-17 0322 UV7V 599 100 W4ZV 599 NC
QSO: 1826 CW 2019-02-17 0408 UV7V 599 100 VA2WA 599 QC
QSO: 1829 CW 2019-02-17 0410 UV7V 599 100 K3JO 599 MA
QSO: 3548 CW 2019-02-17 0415 UV7V 599 100 W4NF 599 VA
QSO: 3563 CW 2019-02-17 0418 UV7V 599 100 K2AX 599 NJ
QSO: 1844 CW 2019-02-17 0424 UV7V 599 100 N1UR 599 VT
QSO: 1846 CW 2019-02-17 0425 UV7V 599 100 K3WW 599 PA
QSO: 1817 CW 2019-02-17 0451 UV7V 599 100 K1WHS 599 ME
QSO: 1820 CW 2019-02-17 0455 UV7V 599 100 K1KI 599 CT
QSO: 1827 CW 2019-02-17 0455 UV7V 599 100 KI1G 599 RI
QSO: 1816 CW 2019-02-17 0457 UV7V 599 100 N9NC 599 NH
QSO: 1824 CW 2019-02-17 0458 UV7V 599 100 N4WW 599 FL
QSO: 1809 CW 2019-02-17 0459 UV7V 599 100 NR4M 599 VA
QSO: 3521 CW 2019-02-17 0520 UV7V 599 100 W3LL 599 MD
QSO: 3546 CW 2019-02-17 0524 UV7V 599 100 W3FV 599 PA
QSO: 3506 CW 2019-02-17 0525 UV7V 599 100 K1RX 599 NH
QSO: 3551 CW 2019-02-17 0529 UV7V 599 100 WK2G 599 PA
QSO: 3566 CW 2019-02-17 0534 UV7V 599 100 K1VR 599 MA
QSO: 3548 CW 2019-02-17 0540 UV7V 599 100 K4AB 599 AL
QSO: 14107 CW 2019-02-17 1237 UV7V 599 100 WB4TDH 599 FL
QSO: 14079 CW 2019-02-17 1238 UV7V 599 100 N4OX 599 FL
QSO: 14053 CW 2019-02-17 1239 UV7V 599 100 K0ZR 599 VA
QSO: 14017 CW 2019-02-17 1240 UV7V 599 100 WY3A 599 PA
QSO: 14029 CW 2019-02-17 1242 UV7V 599 100 VE1RSM 599 NS
QSO: 14039 CW 2019-02-17 1244 UV7V 599 100 KG5HVO 599 AL
QSO: 14065 CW 2019-02-17 1245 UV7V 599 100 K3WU 599 PA
QSO: 14022 CW 2019-02-17 1246 UV7V 599 100 WX4G 599 FL
QSO: 14016 CW 2019-02-17 1247 UV7V 599 100 K2NV 599 NY
QSO: 14087 CW 2019-02-17 1248 UV7V 599 100 K4AB 599 AL
QSO: 14102 CW 2019-02-17 1250 UV7V 599 100 VE3RZ 599 ON
QSO: 14105 CW 2019-02-17 1251 UV7V 599 100 K9NW 599 IN
QSO: 14057 CW 2019-02-17 1251 UV7V 599 100 WO1N 599 MA
QSO: 14052 CW 2019-02-17 1252 UV7V 599 100 VO1BQ 599 NF
QSO: 14064 CW 2019-02-17 1254 UV7V 599 100 NX2X 599 NY
QSO: 14072 CW 2019-02-17 1255 UV7V 599 100 W3SM 599 MA
QSO: 14101 CW 2019-02-17 1255 UV7V 599 100 K8CN 599 NH
QSO: 14053 CW 2019-02-17 1256 UV7V 599 100 WA2FZB 599 NJ
QSO: 14003 CW 2019-02-17 1257 UV7V 599 100 W4CB 599 VA
QSO: 14042 CW 2019-02-17 1257 UV7V 599 100 W3LL 599 MD
QSO: 14083 CW 2019-02-17 1258 UV7V 599 100 VE2BWL 599 QC
QSO: 14081 CW 2019-02-17 1303 UV7V 599 100 W9XT 599 WI
QSO: 14106 CW 2019-02-17 1306 UV7V 599 100 AE1T 599 NH
QSO: 14024 CW 2019-02-17 1307 UV7V 599 100 K1ESE 599 ME
QSO: 14044 CW 2019-02-17 1310 UV7V 599 100 K3ZO 599 MD
QSO: 14066 CW 2019-02-17 1312 UV7V 599 100 K4LQ 599 FL
QSO: 14111 CW 2019-02-17 1314 UV7V 599 100 K5TR 599 TX
QSO: 14028 CW 2019-02-17 1314 UV7V 599 100 K2LNS 599 PA
QSO: 14006 CW 2019-02-17 1315 UV7V 599 100 VE3EY 599 ON
QSO: 14060 CW 2019-02-17 1319 UV7V 599 100 W5FN 599 OK
QSO: 14114 CW 2019-02-17 1319 UV7V 599 100 K9LJN 599 IL
QSO: 14017 CW 2019-02-17 1320 UV7V 599 100 K9MA 599 WI
QSO: 14042 CW 2019-02-17 1326 UV7V 599 100 N9GB 599 KS
QSO: 14063 CW 2019-02-17 1326 UV7V 599 100 KM5G 599 AR
QSO: 14089 CW 2019-02-17 1327 UV7V 599 100 WA3EKL 599 MD
QSO: 14102 CW 2019-02-17 1332 UV7V 599 100 N2TK 599 NY
QSO: 14102 CW 2019-02-17 1333 UV7V 599 100 VE2FK 599 QC
QSO: 14038 CW 2019-02-17 1336 UV7V 599 100 W0UO 599 TX
QSO: 14041 CW 2019-02-17 1337 UV7V 599 100 K4RUM 599 NY
QSO: 14023 CW 2019-02-17 1337 UV7V 599 100 VE3YAA 599 ON
QSO: 14009 CW 2019-02-17 1338 UV7V 599 100 K4EJ 599 FL
QSO: 14101 CW 2019-02-17 1338 UV7V 599 100 N8AA 599 OH
QSO: 14065 CW 2019-02-17 1339 UV7V 599 100 WE9V 599 WI
QSO: 14042 CW 2019-02-17 1342 UV7V 599 100 N3BB 599 TX
QSO: 14048 CW 2019-02-17 1343 UV7V 599 100 WA4JUK 599 VA
QSO: 14047 CW 2019-02-17 1344 UV7V 599 100 KA1IOR 599 MA
QSO: 14091 CW 2019-02-17 1349 UV7V 599 100 AA9A 599 WI
QSO: 14040 CW 2019-02-17 1358 UV7V 599 100 WA8RCN 599 OH
QSO: 14028 CW 2019-02-17 1359 UV7V 599 100 N0NI 599 IA
QSO: 14095 CW 2019-02-17 1400 UV7V 599 100 W1NG 599 CT
QSO: 14038 CW 2019-02-17 1402 UV7V 599 100 K2SX 599 SC
QSO: 14014 CW 2019-02-17 1405 UV7V 599 100 W1VE 599 VT
QSO: 14090 CW 2019-02-17 1411 UV7V 599 100 N4QS 599 KY
QSO: 14092 CW 2019-02-17 1414 UV7V 599 100 K9BGL 599 IL
QSO: 14084 CW 2019-02-17 1414 UV7V 599 100 N0AX 599 MO
QSO: 14070 CW 2019-02-17 1414 UV7V 599 100 KT0K 599 NE
QSO: 14055 CW 2019-02-17 1415 UV7V 599 100 AA3S 599 MD
QSO: 14015 CW 2019-02-17 1416 UV7V 599 100 VA3WB 599 ON
QSO: 14101 CW 2019-02-17 1416 UV7V 599 100 W8WA 599 MI
QSO: 14098 CW 2019-02-17 1417 UV7V 599 100 K5FUV 599 AR
QSO: 14088 CW 2019-02-17 1419 UV7V 599 100 KB1EFS 599 MA
QSO: 14080 CW 2019-02-17 1420 UV7V 599 100 N0IJ 599 WI
QSO: 14065 CW 2019-02-17 1422 UV7V 599 100 AA5AU 599 LA
QSO: 14104 CW 2019-02-17 1429 UV7V 599 100 NM8O 599 OH
QSO: 14103 CW 2019-02-17 1435 UV7V 599 100 N2LBR 599 NY
QSO: 14116 CW 2019-02-17 1440 UV7V 599 100 W1XX 599 RI
QSO: 14073 CW 2019-02-17 1441 UV7V 599 100 W3FV 599 PA
QSO: 14124 CW 2019-02-17 1443 UV7V 599 100 K1BX 599 NH
QSO: 14027 CW 2019-02-17 1445 UV7V 599 100 N6AR 599 FL
QSO: 14111 CW 2019-02-17 1445 UV7V 599 100 VO1AW 599 NF
QSO: 14028 CW 2019-02-17 1445 UV7V 599 100 K1AR 599 NH
QSO: 14094 CW 2019-02-17 1446 UV7V 599 100 NA5NN 599 MS
QSO: 14050 CW 2019-02-17 1448 UV7V 599 100 VA1MM 599 NS
QSO: 14100 CW 2019-02-17 1448 UV7V 599 100 ND9G 599 IL
QSO: 14001 CW 2019-02-17 1450 UV7V 599 100 W0EWD 599 IA
QSO: 14105 CW 2019-02-17 1451 UV7V 599 100 K5NA 599 TX
QSO: 14006 CW 2019-02-17 1452 UV7V 599 100 W4TG 599 VA
QSO: 14088 CW 2019-02-17 1453 UV7V 599 100 KC3WX 599 PA
QSO: 14052 CW 2019-02-17 1455 UV7V 599 100 K9IMM 599 WI
QSO: 14035 CW 2019-02-17 1456 UV7V 599 100 K9PPY 599 IL
QSO: 14125 CW 2019-02-17 1457 UV7V 599 100 W2LC 599 NY
QSO: 14012 CW 2019-02-17 1458 UV7V 599 100 W1YW 599 MA
QSO: 14122 CW 2019-02-17 1500 UV7V 599 100 W6NWS 599 NC
QSO: 14016 CW 2019-02-17 1504 UV7V 599 100 WA7NB 599 AZ
QSO: 14053 CW 2019-02-17 1517 UV7V 599 100 W1RM 599 CT
QSO: 14129 CW 2019-02-17 1527 UV7V 599 100 K4AMC 599 TN
QSO: 14091 CW 2019-02-17 1530 UV7V 599 100 W2CG 599 NJ
QSO: 14090 CW 2019-02-17 1533 UV7V 599 100 W0WP 599 IA
QSO: 14089 CW 2019-02-17 1533 UV7V 599 100 W2CDO 599 MD
QSO: 14106 CW 2019-02-17 1536 UV7V 599 100 K3SV 599 FL
QSO: 14083 CW 2019-02-17 1537 UV7V 599 100 VE9HF 599 NB
QSO: 14025 CW 2019-02-17 1541 UV7V 599 100 W4HG 599 NC
QSO: 14007 CW 2019-02-17 1543 UV7V 599 100 W1CSM 599 MA
QSO: 7048 CW 2019-02-17 2110 UV7V 599 100 WC1M 599 NH
QSO: 7053 CW 2019-02-17 2112 UV7V 599 100 NE3H 599 PA
QSO: 7060 CW 2019-02-17 2113 UV7V 599 100 K4ZW 599 VA
QSO: 7015 CW 2019-02-17 2115 UV7V 599 100 K1AR 599 NH
QSO: 7034 CW 2019-02-17 2116 UV7V 599 100 VO1HP 599 NF
QSO: 7002 CW 2019-02-17 2116 UV7V 599 100 K5ZD 599 MA
QSO: 7059 CW 2019-02-17 2117 UV7V 599 100 W1FJ 599 MA
QSO: 7051 CW 2019-02-17 2118 UV7V 599 100 K1RV 599 MA
QSO: 7048 CW 2019-02-17 2118 UV7V 599 100 K5EK 599 NC
QSO: 7080 CW 2019-02-17 2119 UV7V 599 100 VE2FK 599 QC
QSO: 7060 CW 2019-02-17 2120 UV7V 599 100 WA2FZB 599 NJ
QSO: 7055 CW 2019-02-17 2122 UV7V 599 100 K1KP 599 MA
QSO: 7082 CW 2019-02-17 2122 UV7V 599 100 W1CSM 599 MA
QSO: 7073 CW 2019-02-17 2123 UV7V 599 100 WK2G 599 PA
QSO: 7082 CW 2019-02-17 2127 UV7V 599 100 W3SM 599 MA
QSO: 7027 CW 2019-02-17 2127 UV7V 599 100 K1VR 599 MA
QSO: 7086 CW 2019-02-17 2128 UV7V 599 100 N8BJQ 599 OH
QSO: 7015 CW 2019-02-17 2130 UV7V 599 100 W1VE 599 VT
QSO: 7058 CW 2019-02-17 2131 UV7V 599 100 WN7S 599 VA
QSO: 7089 CW 2019-02-17 2146 UV7V 599 100 N8RA 599 CT
QSO: 7031 CW 2019-02-17 2149 UV7V 599 100 K1VMT 599 VT
QSO: 7069 CW 2019-02-17 2150 UV7V 599 100 NY6DX 599 NY
QSO: 7051 CW 2019-02-17 2150 UV7V 599 100 N4BP 599 FL
QSO: 7026 CW 2019-02-17 2151 UV7V 599 100 W3LL 599 MD
QSO: 7090 CW 2019-02-17 2152 UV7V 599 100 KC3WX 599 PA
QSO: 7024 CW 2019-02-17 2158 UV7V 599 100 K9MMS 599 IL
QSO: 7068 CW 2019-02-17 2200 UV7V 599 100 AF4RK 599 FL
QSO: 7054 CW 2019-02-17 2202 UV7V 599 100 W3IUU 599 MD
QSO: 7082 CW 2019-02-17 2207 UV7V 599 100 K2XR 599 NJ
QSO: 7077 CW 2019-02-17 2208 UV7V 599 100 W2MV 599 NY
QSO: 7093 CW 2019-02-17 2213 UV7V 599 100 N8UM 599 TN
QSO: 7070 CW 2019-02-17 2213 UV7V 599 100 K1VUT 599 MA
QSO: 7103 CW 2019-02-17 2218 UV7V 599 100 WW3S 599 PA
QSO: 7052 CW 2019-02-17 2219 UV7V 599 100 NB3I 599 PA
QSO: 7095 CW 2019-02-17 2221 UV7V 599 100 K1BV 599 CT
QSO: 7021 CW 2019-02-17 2223 UV7V 599 100 NY3B 599 PA
QSO: 7090 CW 2019-02-17 2224 UV7V 599 100 N3CW 599 VA
QSO: 7019 CW 2019-02-17 2233 UV7V 599 100 W4AQL 599 GA
QSO: 7095 CW 2019-02-17 2234 UV7V 599 100 WN9O 599 IN
QSO: 7087 CW 2019-02-17 2237 UV7V 599 100 N6AR 599 FL
QSO: 7055 CW 2019-02-17 2239 UV7V 599 100 K2PS 599 NJ
QSO: 7091 CW 2019-02-17 2241 UV7V 599 100 K4GMH 599 VA
QSO: 7093 CW 2019-02-17 2248 UV7V 599 100 WA3EKL 599 MD
QSO: 7061 CW 2019-02-17 2252 UV7V 599 100 KQ3F 599 PA
QSO: 7093 CW 2019-02-17 2257 UV7V 599 100 VE9BK 599 NB
QSO: 7093 CW 2019-02-17 2259 UV7V 599 100 N3ND 599 NC
QSO: 7093 CW 2019-02-17 2300 UV7V 599 100 W2IRT 599 NJ
QSO: 7024 CW 2019-02-17 2305 UV7V 599 100 W4HG 599 NC
QSO: 7085 CW 2019-02-17 2306 UV7V 599 100 N2OO 599 NJ
QSO: 7080 CW 2019-02-17 2308 UV7V 599 100 N9CO 599 IL
QSO: 7046 CW 2019-02-17 2311 UV7V 599 100 AI4WW 599 FL
QSO: 7089 CW 2019-02-17 2312 UV7V 599 100 N0AT 599 MN
QSO: 7102 CW 2019-02-17 2313 UV7V 599 100 WB4TDH 599 FL
QSO: 7069 CW 2019-02-17 2314 UV7V 599 100 W2LC 599 NY
QSO: 7009 CW 2019-02-17 2315 UV7V 599 100 KC9EE 599 IL
QSO: 7087 CW 2019-02-17 2316 UV7V 599 100 K3PH 599 PA
QSO: 7078 CW 2019-02-17 2319 UV7V 599 100 K9CS 599 IL
QSO: 7103 CW 2019-02-17 2320 UV7V 599 100 AD8J 599 NC
QSO: 7063 CW 2019-02-17 2323 UV7V 599 100 W1NN 599 OH
QSO: 7053 CW 2019-02-17 2325 UV7V 599 100 WW4XX 599 GA
QSO: 7040 CW 2019-02-17 2326 UV7V 599 100 W1FW 599 NH
QSO: 7057 CW 2019-02-17 2327 UV7V 599 100 W3EP 599 CT
QSO: 7093 CW 2019-02-17 2329 UV7V 599 100 VE9AA 599 NB
QSO: 3528 CW 2019-02-17 2336 UV7V 599 100 WX4G 599 FL
QSO: 3558 CW 2019-02-17 2338 UV7V 599 100 W1CSM 599 MA
QSO: 3513 CW 2019-02-17 2339 UV7V 599 100 K2RR 599 NH
QSO: 3505 CW 2019-02-17 2341 UV7V 599 100 KQ2M 599 CT
QSO: 7094 CW 2019-02-17 2347 UV7V 599 100 AD5A 599 TX
QSO: 7093 CW 2019-02-17 2349 UV7V 599 100 N1EN 599 CT
QSO: 7056 CW 2019-02-17 2352 UV7V 599 100 N4TB 599 FL
QSO: 7039 CW 2019-02-17 2357 UV7V 599 100 K5KU 599 LA
QSO: 7087 CW 2019-02-17 2358 UV7V 599 100 W5RYA 599 TX
END-OF-LOG: