START-OF-LOG: 3.0
CONTEST: ARRL-DX-CW
CALLSIGN: HG1S
LOCATION: DX
CATEGORY-OPERATOR: SINGLE-OP
CATEGORY-ASSISTED: ASSISTED
CATEGORY-POWER: HIGH
CATEGORY-BAND: 15M
CATEGORY-MODE: CW
CATEGORY-TRANSMITTER: ONE
CATEGORY-STATION: FIXED
OPERATORS: HA1DAE
CREATED-BY: WIN-TEST 4.46.0
HQ-CATEGORY: Single Operator Unlimited, High Power, 15 Meters
HQ-GRID-LOCATOR: JN87VO
QSO: 21015 CW 2023-02-18 0933 HG1S 599 KW K1LZ 599 ME 0
QSO: 21001 CW 2023-02-18 1017 HG1S 599 KW KM3T 599 NH 0
QSO: 21003 CW 2023-02-18 1042 HG1S 599 KW K3LR 599 PA 0
QSO: 21004 CW 2023-02-18 1043 HG1S 599 KW N1RR 599 MA 0
QSO: 21017 CW 2023-02-18 1045 HG1S 599 KW K1TTT 599 MA 0
QSO: 21063 CW 2023-02-18 1051 HG1S 599 KW K1RX 599 NH 0
QSO: 21021 CW 2023-02-18 1053 HG1S 599 KW VY2TT 599 PE 0
QSO: 21030 CW 2023-02-18 1054 HG1S 599 KW VA2WA 599 QC 0
QSO: 21001 CW 2023-02-18 1057 HG1S 599 KW AA1K 599 DE 0
QSO: 21042 CW 2023-02-18 1100 HG1S 599 KW N4RV 599 VA 0
QSO: 21010 CW 2023-02-18 1101 HG1S 599 KW N2AA 599 NJ 0
QSO: 21008 CW 2023-02-18 1101 HG1S 599 KW K3WW 599 PA 0
QSO: 21021 CW 2023-02-18 1102 HG1S 599 KW N2SR 599 NJ 0
QSO: 21012 CW 2023-02-18 1103 HG1S 599 KW N3RD 599 PA 0
QSO: 21032 CW 2023-02-18 1104 HG1S 599 KW W3LPL 599 MD 0
QSO: 21013 CW 2023-02-18 1106 HG1S 599 KW K1BX 599 NH 0
QSO: 21063 CW 2023-02-18 1107 HG1S 599 KW KU2C 599 PA 0
QSO: 21063 CW 2023-02-18 1108 HG1S 599 KW W3MA 599 PA 0
QSO: 21028 CW 2023-02-18 1111 HG1S 599 KW N1UR 599 VT 0
QSO: 21003 CW 2023-02-18 1111 HG1S 599 KW K2SSS 599 NY 0
QSO: 21024 CW 2023-02-18 1116 HG1S 599 KW W2YC 599 NJ 0
QSO: 21011 CW 2023-02-18 1117 HG1S 599 KW W4NF 599 VA 0
QSO: 21063 CW 2023-02-18 1118 HG1S 599 KW VE3JM 599 ON 0
QSO: 21040 CW 2023-02-18 1121 HG1S 599 KW K1KI 599 CT 0
QSO: 21022 CW 2023-02-18 1121 HG1S 599 KW N1LN 599 NC 0
QSO: 21063 CW 2023-02-18 1123 HG1S 599 KW K2AX 599 NJ 0
QSO: 21046 CW 2023-02-18 1126 HG1S 599 KW AA3B 599 PA 0
QSO: 21027 CW 2023-02-18 1127 HG1S 599 KW KQ3F 599 PA 0
QSO: 21005 CW 2023-02-18 1128 HG1S 599 KW W2FU 599 NY 0
QSO: 21020 CW 2023-02-18 1129 HG1S 599 KW NW3Y 599 DE 0
QSO: 21031 CW 2023-02-18 1129 HG1S 599 KW K2LE 599 VT 0
QSO: 21035 CW 2023-02-18 1130 HG1S 599 KW N2RC 599 NY 0
QSO: 21012 CW 2023-02-18 1131 HG1S 599 KW KQ2F 599 NY 0
QSO: 21021 CW 2023-02-18 1131 HG1S 599 KW WG3J 599 MD 0
QSO: 21037 CW 2023-02-18 1132 HG1S 599 KW K4ZW 599 VA 0
QSO: 21038 CW 2023-02-18 1133 HG1S 599 KW NA7L 599 PA 0
QSO: 21019 CW 2023-02-18 1134 HG1S 599 KW K9RS 599 DE 0
QSO: 21025 CW 2023-02-18 1135 HG1S 599 KW AD4ES 599 FL 0
QSO: 21047 CW 2023-02-18 1135 HG1S 599 KW KB1EFS/2 599 NY 0
QSO: 21001 CW 2023-02-18 1136 HG1S 599 KW WY3A 599 PA 0
QSO: 21063 CW 2023-02-18 1138 HG1S 599 KW N1RM 599 VA 0
QSO: 21009 CW 2023-02-18 1140 HG1S 599 KW N4AF 599 NC 0
QSO: 21036 CW 2023-02-18 1141 HG1S 599 KW K1ZZ 599 CT 0
QSO: 21063 CW 2023-02-18 1143 HG1S 599 KW NE3F 599 PA 0
QSO: 21063 CW 2023-02-18 1143 HG1S 599 KW K5EK 599 NC 0
QSO: 21063 CW 2023-02-18 1144 HG1S 599 KW K3PP 599 PA 0
QSO: 21030 CW 2023-02-18 1146 HG1S 599 KW K2SX 599 SC 0
QSO: 21008 CW 2023-02-18 1146 HG1S 599 KW KR2AA 599 NY 0
QSO: 21024 CW 2023-02-18 1147 HG1S 599 KW N2BA 599 NJ 0
QSO: 21053 CW 2023-02-18 1148 HG1S 599 KW VE3EJ 599 ON 0
QSO: 21002 CW 2023-02-18 1150 HG1S 599 KW K5ZD 599 MA 0
QSO: 21018 CW 2023-02-18 1150 HG1S 599 KW NN7CW 599 FL 0
QSO: 21031 CW 2023-02-18 1151 HG1S 599 KW NG3J 599 PA 0
QSO: 21025 CW 2023-02-18 1155 HG1S 599 KW K8TS 599 MI 0
QSO: 21027 CW 2023-02-18 1156 HG1S 599 KW K4AB 599 AL 0
QSO: 21041 CW 2023-02-18 1156 HG1S 599 KW N4UU 599 FL 0
QSO: 21018 CW 2023-02-18 1157 HG1S 599 KW N3RS 599 PA 0
QSO: 21063 CW 2023-02-18 1158 HG1S 599 KW N4KS 599 FL 0
QSO: 21063 CW 2023-02-18 1200 HG1S 599 KW WW3S 599 PA 0
QSO: 21004 CW 2023-02-18 1205 HG1S 599 KW K0EJ 599 TN 0
QSO: 21063 CW 2023-02-18 1206 HG1S 599 KW KA6Y 599 PA 0
QSO: 21063 CW 2023-02-18 1207 HG1S 599 KW NF3R 599 PA 0
QSO: 21063 CW 2023-02-18 1208 HG1S 599 KW N4DJ 599 VA 0
QSO: 21063 CW 2023-02-18 1208 HG1S 599 KW AD4EB 599 TN 0
QSO: 21041 CW 2023-02-18 1209 HG1S 599 KW K9CT 599 IL 0
QSO: 21010 CW 2023-02-18 1212 HG1S 599 KW N4WW 599 FL 0
QSO: 21052 CW 2023-02-18 1213 HG1S 599 KW N2GC 599 NY 0
QSO: 21037 CW 2023-02-18 1213 HG1S 599 KW N3AD 599 PA 0
QSO: 21068 CW 2023-02-18 1214 HG1S 599 KW K4RUM 599 NY 0
QSO: 21019 CW 2023-02-18 1214 HG1S 599 KW W4TG 599 VA 0
QSO: 21036 CW 2023-02-18 1215 HG1S 599 KW VE3AT 599 ON 0
QSO: 21059 CW 2023-02-18 1215 HG1S 599 KW W4TMO 599 NC 0
QSO: 21015 CW 2023-02-18 1216 HG1S 599 KW W1GD 599 MA 0
QSO: 21018 CW 2023-02-18 1217 HG1S 599 KW K1AR 599 NH 0
QSO: 21037 CW 2023-02-18 1217 HG1S 599 KW N4SS 599 KY 0
QSO: 21015 CW 2023-02-18 1218 HG1S 599 KW AB3CX 599 NY 0
QSO: 21016 CW 2023-02-18 1219 HG1S 599 KW K2DM 599 FL 0
QSO: 21039 CW 2023-02-18 1221 HG1S 599 KW W8FJ 599 PA 0
QSO: 21069 CW 2023-02-18 1221 HG1S 599 KW WA3MD 599 MD 0
QSO: 21017 CW 2023-02-18 1222 HG1S 599 KW N2YO 599 VA 0
QSO: 21059 CW 2023-02-18 1222 HG1S 599 KW N2NI 599 NY 0
QSO: 21005 CW 2023-02-18 1224 HG1S 599 KW K4PV 599 FL 0
QSO: 21064 CW 2023-02-18 1225 HG1S 599 KW NT2DR 599 PA 0
QSO: 21043 CW 2023-02-18 1226 HG1S 599 KW NN3Q 599 PA 0
QSO: 21024 CW 2023-02-18 1227 HG1S 599 KW K3IE 599 TN 0
QSO: 21054 CW 2023-02-18 1228 HG1S 599 KW VA3AR 599 ON 0
QSO: 21052 CW 2023-02-18 1228 HG1S 599 KW K4NO 599 AL 0
QSO: 21032 CW 2023-02-18 1229 HG1S 599 KW W1JQ 599 CT 0
QSO: 21013 CW 2023-02-18 1231 HG1S 599 KW AA4GA 599 GA 0
QSO: 21009 CW 2023-02-18 1233 HG1S 599 KW K5GN 599 TX 0
QSO: 21053 CW 2023-02-18 1234 HG1S 599 KW K3TS 599 NJ 0
QSO: 21068 CW 2023-02-18 1235 HG1S 599 KW W1EQ 599 CT 0
QSO: 21063 CW 2023-02-18 1236 HG1S 599 KW KA1API 599 NH 0
QSO: 21050 CW 2023-02-18 1237 HG1S 599 KW W4PM 599 VA 0
QSO: 21051 CW 2023-02-18 1238 HG1S 599 KW WA1FCN 599 AL 0
QSO: 21025 CW 2023-02-18 1243 HG1S 599 KW AA5JF 599 GA 0
QSO: 21027 CW 2023-02-18 1245 HG1S 599 KW K4OAQ 599 VA 0
QSO: 21063 CW 2023-02-18 1245 HG1S 599 KW KI9A 599 IL 0
QSO: 21056 CW 2023-02-18 1246 HG1S 599 KW VE3VN 599 ON 0
QSO: 21004 CW 2023-02-18 1247 HG1S 599 KW W0EWD 599 IA 0
QSO: 21068 CW 2023-02-18 1249 HG1S 599 KW W1RM 599 CT 0
QSO: 21008 CW 2023-02-18 1251 HG1S 599 KW K0AD 599 MN 0
QSO: 21036 CW 2023-02-18 1253 HG1S 599 KW AD5A 599 TX 0
QSO: 21039 CW 2023-02-18 1254 HG1S 599 KW NA8V 599 MI 0
QSO: 21020 CW 2023-02-18 1255 HG1S 599 KW W0FLS 599 IA 0
QSO: 21027 CW 2023-02-18 1256 HG1S 599 KW N2ZA 599 CT 0
QSO: 21048 CW 2023-02-18 1259 HG1S 599 KW W9RE 599 IN 0
QSO: 21058 CW 2023-02-18 1302 HG1S 599 KW KM5G 599 AR 0
QSO: 21064 CW 2023-02-18 1302 HG1S 599 KW K0ZR 599 VA 0
QSO: 21053 CW 2023-02-18 1303 HG1S 599 KW W2XL 599 NY 0
QSO: 21069 CW 2023-02-18 1304 HG1S 599 KW W4RM 599 NC 0
QSO: 21016 CW 2023-02-18 1304 HG1S 599 KW K8PO 599 AL 0
QSO: 21057 CW 2023-02-18 1312 HG1S 599 KW K1VUT 599 MA 0
QSO: 21010 CW 2023-02-18 1312 HG1S 599 KW W0UO 599 TX 0
QSO: 21049 CW 2023-02-18 1316 HG1S 599 KW K4WW 599 KY 0
QSO: 21065 CW 2023-02-18 1316 HG1S 599 KW K1TR 599 NH 0
QSO: 21043 CW 2023-02-18 1317 HG1S 599 KW W8MJ 599 MI 0
QSO: 21064 CW 2023-02-18 1318 HG1S 599 KW N3CKI 599 NC 0
QSO: 21002 CW 2023-02-18 1318 HG1S 599 KW AI5IN 599 TX 0
QSO: 21057 CW 2023-02-18 1318 HG1S 599 KW VA3DF 599 ON 0
QSO: 21062 CW 2023-02-18 1319 HG1S 599 KW W1CSM 599 MA 0
QSO: 21030 CW 2023-02-18 1320 HG1S 599 KW K8GL 599 MI 0
QSO: 21052 CW 2023-02-18 1321 HG1S 599 KW NG0C 599 MN 0
QSO: 21070 CW 2023-02-18 1322 HG1S 599 KW K9LJN 599 IL 0
QSO: 21035 CW 2023-02-18 1323 HG1S 599 KW WS4C 599 SC 0
QSO: 21007 CW 2023-02-18 1325 HG1S 599 KW AA9A 599 WI 0
QSO: 21069 CW 2023-02-18 1326 HG1S 599 KW WX0B 599 TX 0
QSO: 21063 CW 2023-02-18 1327 HG1S 599 KW K5OY 599 AR 0
QSO: 21016 CW 2023-02-18 1328 HG1S 599 KW N5XZ 599 TX 0
QSO: 21063 CW 2023-02-18 1330 HG1S 599 KW N3FCP 599 PA 0
QSO: 21070 CW 2023-02-18 1331 HG1S 599 KW KV8Q 599 OH 0
QSO: 21052 CW 2023-02-18 1332 HG1S 599 KW N0UR 599 MN 0
QSO: 21040 CW 2023-02-18 1332 HG1S 599 KW K1AJ 599 SC 0
QSO: 21032 CW 2023-02-18 1333 HG1S 599 KW K3WJV 599 PA 0
QSO: 21008 CW 2023-02-18 1334 HG1S 599 KW K0RF 599 CO 0
QSO: 21082 CW 2023-02-18 1340 HG1S 599 KW K3PH 599 PA 0
QSO: 21037 CW 2023-02-18 1340 HG1S 599 KW N5TOO 599 GA 0
QSO: 21006 CW 2023-02-18 1340 HG1S 599 KW AA1ON 599 MA 0
QSO: 21042 CW 2023-02-18 1341 HG1S 599 KW N0KK 599 MN 0
QSO: 21060 CW 2023-02-18 1341 HG1S 599 KW K2SE 599 NJ 0
QSO: 21080 CW 2023-02-18 1341 HG1S 599 KW N8VW 599 OH 0
QSO: 21051 CW 2023-02-18 1342 HG1S 599 KW W1KM 599 MA 0
QSO: 21026 CW 2023-02-18 1342 HG1S 599 KW N5RZ 599 TX 0
QSO: 21055 CW 2023-02-18 1343 HG1S 599 KW N2IC 599 NM 0
QSO: 21084 CW 2023-02-18 1344 HG1S 599 KW K3WU 599 PA 0
QSO: 21088 CW 2023-02-18 1346 HG1S 599 KW N2LBR 599 NY 0
QSO: 21059 CW 2023-02-18 1347 HG1S 599 KW AC5XK 599 DC 0
QSO: 21083 CW 2023-02-18 1348 HG1S 599 KW KE1VT 599 VT 0
QSO: 21078 CW 2023-02-18 1352 HG1S 599 KW ND7K 599 AZ 0
QSO: 21017 CW 2023-02-18 1353 HG1S 599 KW N4OGW 599 MS 0
QSO: 21089 CW 2023-02-18 1353 HG1S 599 KW K0ZX 599 CO 0
QSO: 21092 CW 2023-02-18 1354 HG1S 599 KW K2NV 599 NY 0
QSO: 21012 CW 2023-02-18 1354 HG1S 599 KW VA1MM 599 NS 0
QSO: 21037 CW 2023-02-18 1355 HG1S 599 KW K8LX 599 MI 0
QSO: 21046 CW 2023-02-18 1356 HG1S 599 KW W9RNY 599 IL 0
QSO: 21040 CW 2023-02-18 1356 HG1S 599 KW K1KP 599 MA 0
QSO: 21051 CW 2023-02-18 1357 HG1S 599 KW VE5ZX 599 SK 0
QSO: 21004 CW 2023-02-18 1357 HG1S 599 KW W1WEF 599 CT 0
QSO: 21039 CW 2023-02-18 1358 HG1S 599 KW W9VW 599 IN 0
QSO: 21098 CW 2023-02-18 1358 HG1S 599 KW AD1C 599 CO 0
QSO: 21092 CW 2023-02-18 1359 HG1S 599 KW N0AV 599 IA 0
QSO: 21094 CW 2023-02-18 1403 HG1S 599 KW N5TJ 599 TX 0
QSO: 21079 CW 2023-02-18 1403 HG1S 599 KW KE0UI 599 CO 0
QSO: 21109 CW 2023-02-18 1404 HG1S 599 KW N8UM 599 TN 0
QSO: 21032 CW 2023-02-18 1405 HG1S 599 KW N6AR 599 FL 0
QSO: 21064 CW 2023-02-18 1406 HG1S 599 KW WT9U 599 IN 0
QSO: 21002 CW 2023-02-18 1408 HG1S 599 KW VE3MGY 599 ON 0
QSO: 21081 CW 2023-02-18 1411 HG1S 599 KW KX1E 599 ME 0
QSO: 21102 CW 2023-02-18 1411 HG1S 599 KW N4QS 599 KY 0
QSO: 21005 CW 2023-02-18 1412 HG1S 599 KW K0SR 599 MN 0
QSO: 21023 CW 2023-02-18 1426 HG1S 599 KW WA7NB 599 AZ 0
QSO: 21037 CW 2023-02-18 1426 HG1S 599 KW N9RV 599 MT 0
QSO: 21015 CW 2023-02-18 1427 HG1S 599 KW KM0O 599 MN 0
QSO: 21026 CW 2023-02-18 1427 HG1S 599 KW K0MD 599 MN 0
QSO: 21051 CW 2023-02-18 1428 HG1S 599 KW W3SM 599 CT 0
QSO: 21051 CW 2023-02-18 1429 HG1S 599 KW N4CWZ 599 NC 0
QSO: 21116 CW 2023-02-18 1430 HG1S 599 KW N0AT 599 MN 0
QSO: 21111 CW 2023-02-18 1430 HG1S 599 KW NS3T 599 MD 0
QSO: 21027 CW 2023-02-18 1431 HG1S 599 KW N7DD 599 AZ 0
QSO: 21108 CW 2023-02-18 1433 HG1S 599 KW K8MP 599 OH 0
QSO: 21022 CW 2023-02-18 1434 HG1S 599 KW N2EM 599 PA 0
QSO: 21060 CW 2023-02-18 1434 HG1S 599 KW K1GQ 599 NH 0
QSO: 21065 CW 2023-02-18 1435 HG1S 599 KW K0EU 599 CO 0
QSO: 21025 CW 2023-02-18 1436 HG1S 599 KW AI6O 599 MO 0
QSO: 21085 CW 2023-02-18 1437 HG1S 599 KW K1ESE 599 ME 0
QSO: 21079 CW 2023-02-18 1441 HG1S 599 KW KM7W 599 MT 0
QSO: 21068 CW 2023-02-18 1452 HG1S 599 KW KO6M 599 CA 0
QSO: 21087 CW 2023-02-18 1452 HG1S 599 KW WA0MHJ 599 MN 0
QSO: 21080 CW 2023-02-18 1453 HG1S 599 KW W2UP 599 CO 0
QSO: 21026 CW 2023-02-18 1453 HG1S 599 KW N2TU 599 NC 0
QSO: 21040 CW 2023-02-18 1453 HG1S 599 KW K9UIY 599 IL 0
QSO: 21022 CW 2023-02-18 1454 HG1S 599 KW VE3YAA 599 ON 0
QSO: 21083 CW 2023-02-18 1454 HG1S 599 KW K2CJ 599 NJ 0
QSO: 21091 CW 2023-02-18 1455 HG1S 599 KW NS2N 599 NY 0
QSO: 21044 CW 2023-02-18 1457 HG1S 599 KW K4PI 599 GA 0
QSO: 21021 CW 2023-02-18 1457 HG1S 599 KW N6RV 599 CA 0
QSO: 21088 CW 2023-02-18 1458 HG1S 599 KW AB3AH 599 PA 0
QSO: 21019 CW 2023-02-18 1500 HG1S 599 KW KH6ND/W7 599 AZ 0
QSO: 21051 CW 2023-02-18 1504 HG1S 599 KW VE7LWW 599 BC 0
QSO: 21060 CW 2023-02-18 1505 HG1S 599 KW W6YA 599 CA 0
QSO: 21027 CW 2023-02-18 1505 HG1S 599 KW WK2G 599 PA 0
QSO: 21085 CW 2023-02-18 1505 HG1S 599 KW NB1N 599 MA 0
QSO: 21018 CW 2023-02-18 1506 HG1S 599 KW KB1W 599 MA 0
QSO: 21065 CW 2023-02-18 1507 HG1S 599 KW N0UR 599 MN 0
QSO: 21088 CW 2023-02-18 1508 HG1S 599 KW K3UL 599 PA 0
QSO: 21104 CW 2023-02-18 1508 HG1S 599 KW N0BUI 599 MN 0
QSO: 21021 CW 2023-02-18 1508 HG1S 599 KW K6RB 599 CA 0
QSO: 21051 CW 2023-02-18 1518 HG1S 599 KW K1LT 599 OH 0
QSO: 21096 CW 2023-02-18 1519 HG1S 599 KW K3GW 599 PA 0
QSO: 21096 CW 2023-02-18 1520 HG1S 599 KW KO8Z 599 MI 0
QSO: 21096 CW 2023-02-18 1520 HG1S 599 KW K3MD 599 PA 0
QSO: 21096 CW 2023-02-18 1521 HG1S 599 KW K3SWZ 599 PA 0
QSO: 21096 CW 2023-02-18 1521 HG1S 599 KW KE3ZT 599 PA 0
QSO: 21096 CW 2023-02-18 1522 HG1S 599 KW W5GN 599 TX 0
QSO: 21096 CW 2023-02-18 1523 HG1S 599 KW VE3MV 599 ON 0
QSO: 21096 CW 2023-02-18 1524 HG1S 599 KW W1NT 599 NH 0
QSO: 21096 CW 2023-02-18 1525 HG1S 599 KW AG2J 599 NJ 0
QSO: 21096 CW 2023-02-18 1525 HG1S 599 KW W1OHM 599 CT 0
QSO: 21096 CW 2023-02-18 1528 HG1S 599 KW W9OF 599 IL 0
QSO: 21096 CW 2023-02-18 1529 HG1S 599 KW KE4KY 599 KY 0
QSO: 21096 CW 2023-02-18 1529 HG1S 599 KW WC3N 599 MD 0
QSO: 21096 CW 2023-02-18 1529 HG1S 599 KW KC3M 599 PA 0
QSO: 21096 CW 2023-02-18 1529 HG1S 599 KW WA4JUK 599 VA 0
QSO: 21079 CW 2023-02-18 1530 HG1S 599 KW N5KO 599 CA 0
QSO: 21096 CW 2023-02-18 1530 HG1S 599 KW WO4O 599 FL 0
QSO: 21096 CW 2023-02-18 1530 HG1S 599 KW K3WA 599 NC 0
QSO: 21096 CW 2023-02-18 1531 HG1S 599 KW N0HJZ 599 MN 0
QSO: 21028 CW 2023-02-18 1532 HG1S 599 KW N7IP 599 MT 0
QSO: 21002 CW 2023-02-18 1533 HG1S 599 KW N7DX 599 WA 0
QSO: 21010 CW 2023-02-18 1534 HG1S 599 KW N2MM 599 NJ 0
QSO: 21096 CW 2023-02-18 1535 HG1S 599 KW AI9T 599 IL 0
QSO: 21079 CW 2023-02-18 1535 HG1S 599 KW K8MR 599 FL 0
QSO: 21032 CW 2023-02-18 1536 HG1S 599 KW WA2OAX 599 NY 0
QSO: 21096 CW 2023-02-18 1537 HG1S 599 KW W2NTN 599 MA 0
QSO: 21096 CW 2023-02-18 1537 HG1S 599 KW K0PK 599 MN 0
QSO: 21096 CW 2023-02-18 1538 HG1S 599 KW W8TK 599 AZ 0
QSO: 21096 CW 2023-02-18 1538 HG1S 599 KW KW9A 599 IL 0
QSO: 21008 CW 2023-02-18 1539 HG1S 599 KW W6QX 599 CA 0
QSO: 21096 CW 2023-02-18 1540 HG1S 599 KW KE3X 599 DC 0
QSO: 21096 CW 2023-02-18 1541 HG1S 599 KW WA7BNM 599 CA 0
QSO: 21096 CW 2023-02-18 1541 HG1S 599 KW VE3VA 599 ON 0
QSO: 21084 CW 2023-02-18 1542 HG1S 599 KW KD8JDC 599 MI 0
QSO: 21092 CW 2023-02-18 1543 HG1S 599 KW WX8C 599 MO 0
QSO: 21096 CW 2023-02-18 1543 HG1S 599 KW N1EN 599 CT 0
QSO: 21050 CW 2023-02-18 1545 HG1S 599 KW VA7ST 599 BC 0
QSO: 21097 CW 2023-02-18 1546 HG1S 599 KW KU1CW 599 OR 0
QSO: 21096 CW 2023-02-18 1546 HG1S 599 KW K5UA 599 LA 0
QSO: 21096 CW 2023-02-18 1547 HG1S 599 KW W5VQ 599 TX 0
QSO: 21011 CW 2023-02-18 1548 HG1S 599 KW W6TK 599 CA 0
QSO: 21096 CW 2023-02-18 1549 HG1S 599 KW N9XX 599 WI 0
QSO: 21096 CW 2023-02-18 1550 HG1S 599 KW K2PJC 599 NY 0
QSO: 21096 CW 2023-02-18 1550 HG1S 599 KW NX0I 599 MO 0
QSO: 21106 CW 2023-02-18 1550 HG1S 599 KW WW2P 599 NY 0
QSO: 21096 CW 2023-02-18 1552 HG1S 599 KW K7HBN 599 WA 0
QSO: 21096 CW 2023-02-18 1552 HG1S 599 KW NW8U 599 WV 0
QSO: 21100 CW 2023-02-18 1553 HG1S 599 KW N5NU 599 TX 0
QSO: 21096 CW 2023-02-18 1554 HG1S 599 KW N1KM 599 RI 0
QSO: 21003 CW 2023-02-18 1555 HG1S 599 KW VE7UF 599 BC 0
QSO: 21019 CW 2023-02-18 1555 HG1S 599 KW K4EJ 599 FL 0
QSO: 21096 CW 2023-02-18 1556 HG1S 599 KW K3HW 599 PA 0
QSO: 21021 CW 2023-02-18 1556 HG1S 599 KW VE3JO 599 ON 0
QSO: 21071 CW 2023-02-18 1558 HG1S 599 KW WA1S 599 FL 0
QSO: 21039 CW 2023-02-18 1559 HG1S 599 KW N1LT 599 NC 0
QSO: 21096 CW 2023-02-18 1559 HG1S 599 KW VE7XF 599 BC 0
QSO: 21096 CW 2023-02-18 1600 HG1S 599 KW KA5CRL 599 TX 0
QSO: 21012 CW 2023-02-18 1601 HG1S 599 KW VA2UR 599 QC 0
QSO: 21096 CW 2023-02-18 1606 HG1S 599 KW WA3C 599 OH 0
QSO: 21071 CW 2023-02-18 1607 HG1S 599 KW N7XM 599 NV 0
QSO: 21050 CW 2023-02-18 1608 HG1S 599 KW VE6UM 599 AB 0
QSO: 21073 CW 2023-02-18 1610 HG1S 599 KW AB2E 599 NJ 0
QSO: 21067 CW 2023-02-18 1611 HG1S 599 KW W5GAD 599 LA 0
QSO: 21062 CW 2023-02-18 1613 HG1S 599 KW K6OK 599 CA 0
QSO: 21096 CW 2023-02-18 1614 HG1S 599 KW K5FUV 599 AR 0
QSO: 21096 CW 2023-02-18 1614 HG1S 599 KW W0PB 599 IA 0
QSO: 21035 CW 2023-02-18 1615 HG1S 599 KW WZ0W 599 MO 0
QSO: 21085 CW 2023-02-18 1615 HG1S 599 KW KU5B 599 TX 0
QSO: 21096 CW 2023-02-18 1616 HG1S 599 KW WA4PGM 599 VA 0
QSO: 21096 CW 2023-02-18 1616 HG1S 599 KW VE3XD 599 ON 0
QSO: 21058 CW 2023-02-18 1618 HG1S 599 KW KT0A 599 SD 0
QSO: 21036 CW 2023-02-18 1619 HG1S 599 KW N3JT 599 VA 0
QSO: 21037 CW 2023-02-18 1620 HG1S 599 KW N3AM 599 MD 0
QSO: 21096 CW 2023-02-18 1621 HG1S 599 KW NW7E 599 OR 0
QSO: 21003 CW 2023-02-18 1622 HG1S 599 KW WO1N 599 MA 0
QSO: 21096 CW 2023-02-18 1623 HG1S 599 KW KA7T 599 ID 0
QSO: 21096 CW 2023-02-18 1626 HG1S 599 KW K9IMM 599 WI 0
QSO: 21090 CW 2023-02-18 1628 HG1S 599 KW N4TZ 599 IN 0
QSO: 21102 CW 2023-02-18 1629 HG1S 599 KW KG9N 599 IL 0
QSO: 21020 CW 2023-02-18 1632 HG1S 599 KW K2SG 599 FL 0
QSO: 21023 CW 2023-02-18 1632 HG1S 599 KW KQ4R 599 FL 0
QSO: 21096 CW 2023-02-18 1633 HG1S 599 KW N2MA 599 PA 0
QSO: 21096 CW 2023-02-18 1634 HG1S 599 KW W7KF 599 MT 0
QSO: 21096 CW 2023-02-18 1635 HG1S 599 KW K0AOZ 599 MN 0
QSO: 21106 CW 2023-02-18 1635 HG1S 599 KW W0RX 599 MN 0
QSO: 21039 CW 2023-02-18 1636 HG1S 599 KW K5UV 599 OK 0
QSO: 21096 CW 2023-02-18 1637 HG1S 599 KW N5CO 599 OK 0
QSO: 21051 CW 2023-02-18 1638 HG1S 599 KW K6RC 599 CA 0
QSO: 21061 CW 2023-02-18 1639 HG1S 599 KW NT7CW 599 FL 0
QSO: 21096 CW 2023-02-18 1640 HG1S 599 KW KG1V 599 NH 0
QSO: 21096 CW 2023-02-18 1641 HG1S 599 KW W5DXS 599 TX 0
QSO: 21015 CW 2023-02-18 1641 HG1S 599 KW NN1SS 599 NH 0
QSO: 21007 CW 2023-02-18 1643 HG1S 599 KW N7XU 599 OR 0
QSO: 21053 CW 2023-02-18 1643 HG1S 599 KW N0CK 599 MN 0
QSO: 21073 CW 2023-02-18 1644 HG1S 599 KW K9MA 599 WI 0
QSO: 21096 CW 2023-02-18 1644 HG1S 599 KW AA8CA 599 OH 0
QSO: 21045 CW 2023-02-18 1645 HG1S 599 KW NE2V 599 NJ 0
QSO: 21072 CW 2023-02-18 1646 HG1S 599 KW VE6WP 599 AB 0
QSO: 21092 CW 2023-02-18 1647 HG1S 599 KW VE5SF 599 SK 0
QSO: 21096 CW 2023-02-18 1649 HG1S 599 KW K3TM 599 MD 0
QSO: 21096 CW 2023-02-18 1649 HG1S 599 KW K8GT 599 MI 0
QSO: 21096 CW 2023-02-18 1649 HG1S 599 KW K5GA 599 TX 0
QSO: 21096 CW 2023-02-18 1650 HG1S 599 KW W3IP 599 VA 0
QSO: 21096 CW 2023-02-18 1653 HG1S 599 KW N4JEH 599 GA 0
QSO: 21061 CW 2023-02-18 1654 HG1S 599 KW N6ZFO 599 CA 0
QSO: 21096 CW 2023-02-18 1656 HG1S 599 KW W9TD 599 IL 0
QSO: 21096 CW 2023-02-18 1658 HG1S 599 KW N1DID 599 CT 0
QSO: 21096 CW 2023-02-18 1659 HG1S 599 KW W3GQ 599 NC 0
QSO: 21096 CW 2023-02-18 1659 HG1S 599 KW N6YEU 599 CA 0
QSO: 21096 CW 2023-02-18 1700 HG1S 599 KW K0YR 599 MN 0
QSO: 21096 CW 2023-02-18 1701 HG1S 599 KW W3FV 599 PA 0
QSO: 21019 CW 2023-02-18 1701 HG1S 599 KW VE3KP 599 ON 0
QSO: 21096 CW 2023-02-18 1702 HG1S 599 KW K5KLA 599 LA 0
QSO: 21096 CW 2023-02-18 1703 HG1S 599 KW K9WO 599 WI 0
QSO: 21096 CW 2023-02-18 1704 HG1S 599 KW N4ZR 599 MD 0
QSO: 21096 CW 2023-02-18 1705 HG1S 599 KW KJ9C 599 MT 0
QSO: 21090 CW 2023-02-18 1706 HG1S 599 KW K1GU 599 TN 0
QSO: 21096 CW 2023-02-18 1707 HG1S 599 KW WX3B 599 MD 0
QSO: 21096 CW 2023-02-18 1709 HG1S 599 KW KW6AA 599 CA 0
QSO: 21096 CW 2023-02-18 1710 HG1S 599 KW N8VQG 599 KY 0
QSO: 21096 CW 2023-02-18 1710 HG1S 599 KW WA5LFD 599 TX 0
QSO: 21005 CW 2023-02-18 1711 HG1S 599 KW VE9KK 599 NB 0
QSO: 21037 CW 2023-02-18 1712 HG1S 599 KW W1QK 599 CT 0
QSO: 21096 CW 2023-02-18 1715 HG1S 599 KW KC9YL 599 WI 0
QSO: 21016 CW 2023-02-18 1715 HG1S 599 KW K0EA 599 MN 0
QSO: 21096 CW 2023-02-18 1716 HG1S 599 KW VA3OKG 599 ON 0
QSO: 21066 CW 2023-02-18 1716 HG1S 599 KW W5LA 599 LA 0
QSO: 21125 CW 2023-02-18 1717 HG1S 599 KW NN4NN 599 FL 0
QSO: 21051 CW 2023-02-18 1718 HG1S 599 KW AG9A 599 IL 0
QSO: 21103 CW 2023-02-18 1719 HG1S 599 KW K6NR 599 CA 0
QSO: 21096 CW 2023-02-18 1720 HG1S 599 KW N6CW 599 CA 0
QSO: 21096 CW 2023-02-18 1720 HG1S 599 KW VA3SB 599 ON 0
QSO: 21021 CW 2023-02-18 1723 HG1S 599 KW K7RAT 599 OR 0
QSO: 21096 CW 2023-02-18 1723 HG1S 599 KW WA8DXB 599 OH 0
QSO: 21102 CW 2023-02-18 1723 HG1S 599 KW N7AT 599 AZ 0
QSO: 21044 CW 2023-02-18 1724 HG1S 599 KW NZ1U 599 CT 0
QSO: 21096 CW 2023-02-18 1724 HG1S 599 KW K6HL 599 CA 0
QSO: 21096 CW 2023-02-18 1725 HG1S 599 KW N8AA 599 OH 0
QSO: 21096 CW 2023-02-18 1726 HG1S 599 KW K2RET 599 NJ 0
QSO: 21027 CW 2023-02-18 1728 HG1S 599 KW NN7ZZ 599 UT 0
QSO: 21070 CW 2023-02-18 1729 HG1S 599 KW K0UK 599 CO 0
QSO: 21004 CW 2023-02-18 1730 HG1S 599 KW N3FR 599 PA 0
QSO: 21096 CW 2023-02-18 1731 HG1S 599 KW W2CG 599 NJ 0
QSO: 21096 CW 2023-02-18 1732 HG1S 599 KW AA2IL 599 CA 0
QSO: 21069 CW 2023-02-18 1733 HG1S 599 KW N4DW 599 TN 0
QSO: 21096 CW 2023-02-18 1733 HG1S 599 KW K8AZ 599 OH 0
QSO: 21044 CW 2023-02-18 1734 HG1S 599 KW W2SE 599 NY 0
QSO: 21096 CW 2023-02-18 1735 HG1S 599 KW VE3TM 599 ON 0
QSO: 21099 CW 2023-02-18 1736 HG1S 599 KW VE3OMV 599 ON 0
QSO: 21096 CW 2023-02-18 1738 HG1S 599 KW K2MK 599 FL 0
QSO: 21096 CW 2023-02-18 1739 HG1S 599 KW AA3R 599 DE 0
QSO: 21096 CW 2023-02-18 1740 HG1S 599 KW W2KA 599 NY 0
QSO: 21049 CW 2023-02-18 1743 HG1S 599 KW W1NG 599 CT 0
QSO: 21006 CW 2023-02-18 1743 HG1S 599 KW K8BZ 599 MI 0
QSO: 21096 CW 2023-02-18 1743 HG1S 599 KW K0KX 599 SD 0
QSO: 21096 CW 2023-02-18 1744 HG1S 599 KW N3BEN 599 CA 0
QSO: 21060 CW 2023-02-18 1745 HG1S 599 KW K9JF 599 WA 0
QSO: 21096 CW 2023-02-18 1745 HG1S 599 KW KC4TEO 599 AL 0
QSO: 21096 CW 2023-02-18 1746 HG1S 599 KW N3WMC 599 PA 0
QSO: 21037 CW 2023-02-18 1746 HG1S 599 KW N4XL 599 SC 0
QSO: 21096 CW 2023-02-18 1747 HG1S 599 KW K3QP 599 PA 0
QSO: 21096 CW 2023-02-18 1747 HG1S 599 KW N2JJ 599 NY 0
QSO: 21096 CW 2023-02-18 1748 HG1S 599 KW K2CD 599 PA 0
QSO: 21069 CW 2023-02-18 1749 HG1S 599 KW K5TR 599 TX 0
QSO: 21096 CW 2023-02-18 1750 HG1S 599 KW K3AJ 599 MD 0
QSO: 21116 CW 2023-02-18 1751 HG1S 599 KW KB1EFS/2 599 NY 0
QSO: 21096 CW 2023-02-18 1752 HG1S 599 KW WB8BZK 599 IL 0
QSO: 21107 CW 2023-02-18 1752 HG1S 599 KW VE6TL 599 AB 0
QSO: 21024 CW 2023-02-18 1755 HG1S 599 KW K8AJS 599 OH 0
QSO: 21112 CW 2023-02-18 1756 HG1S 599 KW AA4CF 599 GA 0
QSO: 21093 CW 2023-02-18 1758 HG1S 599 KW NX6T 599 CA 0
QSO: 21063 CW 2023-02-18 1759 HG1S 599 KW K6XX 599 CA 0
QSO: 21108 CW 2023-02-18 1800 HG1S 599 KW N9CIQ 599 WI 0
QSO: 21111 CW 2023-02-18 1802 HG1S 599 KW W6PH 599 CA 0
QSO: 21088 CW 2023-02-18 1803 HG1S 599 KW AB1BX 599 RI 0
QSO: 21030 CW 2023-02-18 1804 HG1S 599 KW WF4W 599 GA 0
QSO: 21004 CW 2023-02-18 1808 HG1S 599 KW N0GN 599 NE 0
QSO: 21096 CW 2023-02-18 1811 HG1S 599 KW K3ZA 599 PA 0
QSO: 21096 CW 2023-02-18 1811 HG1S 599 KW KB1DK 599 CT 0
QSO: 21089 CW 2023-02-18 1812 HG1S 599 KW K1VR 599 MA 0
QSO: 21096 CW 2023-02-18 1812 HG1S 599 KW N4CF 599 VA 0
QSO: 21017 CW 2023-02-18 1813 HG1S 599 KW N9TK 599 IL 0
QSO: 21097 CW 2023-02-18 1814 HG1S 599 KW KG7CW 599 ID 0
QSO: 21081 CW 2023-02-18 1814 HG1S 599 KW VE2FK 599 QC 0
QSO: 21078 CW 2023-02-18 1815 HG1S 599 KW VE7ACN 599 BC 0
QSO: 21118 CW 2023-02-18 1816 HG1S 599 KW AB5ZA/7 599 MT 0
QSO: 21096 CW 2023-02-18 1817 HG1S 599 KW KA2K 599 NJ 0
QSO: 21082 CW 2023-02-18 1817 HG1S 599 KW WA2CP 599 NY 0
QSO: 21045 CW 2023-02-18 1817 HG1S 599 KW W6SX 599 CA 0
QSO: 21096 CW 2023-02-18 1819 HG1S 599 KW N8WXQ 599 PA 0
QSO: 21070 CW 2023-02-18 1820 HG1S 599 KW WO5T 599 TX 0
QSO: 21096 CW 2023-02-18 1820 HG1S 599 KW KE0A 599 ND 0
QSO: 21037 CW 2023-02-18 1821 HG1S 599 KW K6MMM 599 CA 0
QSO: 21108 CW 2023-02-18 1821 HG1S 599 KW W2CS 599 MA 0
QSO: 21073 CW 2023-02-18 1822 HG1S 599 KW KG9X 599 IL 0
QSO: 21096 CW 2023-02-18 1822 HG1S 599 KW N7ON 599 NV 0
QSO: 21070 CW 2023-02-18 1823 HG1S 599 KW VA2EBI 599 QC 0
QSO: 21096 CW 2023-02-18 1825 HG1S 599 KW NW0M 599 MO 0
QSO: 21096 CW 2023-02-18 1825 HG1S 599 KW N7UVH 599 ID 0
QSO: 21060 CW 2023-02-18 1827 HG1S 599 KW K7CA 599 UT 0
QSO: 21031 CW 2023-02-18 1828 HG1S 599 KW K0FX 599 CO 0
QSO: 21096 CW 2023-02-18 1828 HG1S 599 KW W2CDO 599 MD 0
QSO: 21057 CW 2023-02-18 1829 HG1S 599 KW KC0V 599 CO 0
QSO: 21123 CW 2023-02-18 1830 HG1S 599 KW W0ETT 599 CO 0
QSO: 21096 CW 2023-02-18 1831 HG1S 599 KW KB4KBS 599 GA 0
QSO: 21120 CW 2023-02-18 1832 HG1S 599 KW VE1RSM 599 NS 0
QSO: 21096 CW 2023-02-18 1832 HG1S 599 KW KN4ZXG 599 VA 0
QSO: 21096 CW 2023-02-18 1833 HG1S 599 KW KJ4ND 599 KY 0
QSO: 21086 CW 2023-02-18 1833 HG1S 599 KW W9MR 599 IL 0
QSO: 21114 CW 2023-02-18 1834 HG1S 599 KW K7JQ 599 AZ 0
QSO: 21067 CW 2023-02-18 1836 HG1S 599 KW K0AP 599 KS 0
QSO: 21096 CW 2023-02-18 1837 HG1S 599 KW NU3L 599 CA 0
QSO: 21071 CW 2023-02-18 1839 HG1S 599 KW VE3CT 599 ON 0
QSO: 21096 CW 2023-02-18 1840 HG1S 599 KW WC5D 599 TX 0
QSO: 21096 CW 2023-02-18 1841 HG1S 599 KW VE7CV 599 BC 0
QSO: 21046 CW 2023-02-18 1842 HG1S 599 KW N6TV 599 CA 0
QSO: 21052 CW 2023-02-18 1843 HG1S 599 KW K7BV 599 NC 0
QSO: 21049 CW 2023-02-18 1844 HG1S 599 KW KF7WX 599 WA 0
QSO: 21096 CW 2023-02-18 1844 HG1S 599 KW AK1MD 599 MA 0
QSO: 21096 CW 2023-02-18 1845 HG1S 599 KW W1TC 599 MA 0
QSO: 21039 CW 2023-02-18 1845 HG1S 599 KW W1FJ 599 MA 0
QSO: 21096 CW 2023-02-18 1845 HG1S 599 KW KA8JBK 599 MI 0
QSO: 21096 CW 2023-02-18 1846 HG1S 599 KW AG2J 599 NJ 0
QSO: 21025 CW 2023-02-18 1846 HG1S 599 KW K4BAI 599 GA 0
QSO: 21096 CW 2023-02-18 1846 HG1S 599 KW NU7F 599 WA 0
QSO: 21067 CW 2023-02-18 1847 HG1S 599 KW KE0EK 599 KS 0
QSO: 21096 CW 2023-02-18 1848 HG1S 599 KW WX1S 599 NH 0
QSO: 21063 CW 2023-02-18 1848 HG1S 599 KW KQ7M 599 AZ 0
QSO: 21081 CW 2023-02-18 1849 HG1S 599 KW K5NZ 599 TX 0
QSO: 21096 CW 2023-02-18 1850 HG1S 599 KW WA9AQN 599 IL 0
QSO: 21096 CW 2023-02-18 1850 HG1S 599 KW W7ZRC 599 ID 0
QSO: 21096 CW 2023-02-18 1851 HG1S 599 KW KM4HI 599 FL 0
QSO: 21096 CW 2023-02-18 1851 HG1S 599 KW K8LN 599 OH 0
QSO: 21096 CW 2023-02-18 1852 HG1S 599 KW N3WT 599 MD 0
QSO: 21063 CW 2023-02-18 1853 HG1S 599 KW VE3KOT 599 ON 0
QSO: 21101 CW 2023-02-18 1854 HG1S 599 KW AA7A 599 AZ 0
QSO: 21032 CW 2023-02-18 1855 HG1S 599 KW VE5UO 599 SK 0
QSO: 21096 CW 2023-02-18 1855 HG1S 599 KW N6PN 599 CA 0
QSO: 21096 CW 2023-02-18 1856 HG1S 599 KW W3OA 599 NC 0
QSO: 21008 CW 2023-02-18 1857 HG1S 599 KW KW9E 599 WI 0
QSO: 21096 CW 2023-02-18 1858 HG1S 599 KW W5VS 599 VA 0
QSO: 21096 CW 2023-02-18 1858 HG1S 599 KW N4UY 599 VA 0
QSO: 21096 CW 2023-02-18 1858 HG1S 599 KW K2QB 599 NY 0
QSO: 21011 CW 2023-02-18 1859 HG1S 599 KW K8PK 599 OH 0
QSO: 21102 CW 2023-02-18 1900 HG1S 599 KW VE2IR 599 QC 0
QSO: 21019 CW 2023-02-18 1900 HG1S 599 KW KR2Q 599 NJ 0
QSO: 21018 CW 2023-02-18 1901 HG1S 599 KW VA7XU 599 BC 0
QSO: 21096 CW 2023-02-18 1902 HG1S 599 KW WA3AER 599 MD 0
QSO: 21044 CW 2023-02-18 1902 HG1S 599 KW NK7U 599 OR 0
QSO: 21036 CW 2023-02-18 1903 HG1S 599 KW WA8Y 599 MI 0
QSO: 21096 CW 2023-02-18 1904 HG1S 599 KW W3FIZ 599 PA 0
QSO: 21039 CW 2023-02-18 1904 HG1S 599 KW K7NEW 599 WA 0
QSO: 21096 CW 2023-02-18 1905 HG1S 599 KW K9PW 599 IL 0
QSO: 21096 CW 2023-02-18 1905 HG1S 599 KW K2EKM 599 VA 0
QSO: 21096 CW 2023-02-18 1907 HG1S 599 KW NR0T 599 MN 0
QSO: 21096 CW 2023-02-18 1907 HG1S 599 KW N1AL 599 UT 0
QSO: 21095 CW 2023-02-18 1907 HG1S 599 KW WB8AKW 599 OH 0
QSO: 21096 CW 2023-02-18 1907 HG1S 599 KW WE9R 599 WI 0
QSO: 21096 CW 2023-02-18 1908 HG1S 599 KW NE4EI 599 GA 0
QSO: 21074 CW 2023-02-18 1910 HG1S 599 KW K5AF 599 TX 0
QSO: 21096 CW 2023-02-18 1910 HG1S 599 KW W1PR 599 CA 0
QSO: 21020 CW 2023-02-18 1910 HG1S 599 KW K7QA 599 MT 0
QSO: 21033 CW 2023-02-18 1912 HG1S 599 KW AJ6V 599 CA 0
QSO: 21096 CW 2023-02-18 1913 HG1S 599 KW W2GDJ 599 NY 0
QSO: 21096 CW 2023-02-18 1913 HG1S 599 KW WA0LIF 599 MN 0
QSO: 21117 CW 2023-02-18 1914 HG1S 599 KW WA2VYA 599 TX 0
QSO: 21096 CW 2023-02-18 1916 HG1S 599 KW WD8RYV 599 PA 0
QSO: 21096 CW 2023-02-18 1916 HG1S 599 KW W1IE 599 VA 0
QSO: 21049 CW 2023-02-18 1916 HG1S 599 KW KA1IOR 599 MA 0
QSO: 21066 CW 2023-02-18 1918 HG1S 599 KW VY2TT 599 PE 0
QSO: 21039 CW 2023-02-18 1922 HG1S 599 KW NN3RP 599 DC 0
QSO: 21096 CW 2023-02-18 1924 HG1S 599 KW NN3RP 599 DC 0
QSO: 21096 CW 2023-02-18 1924 HG1S 599 KW N4KGL 599 AL 0
QSO: 21096 CW 2023-02-18 1925 HG1S 599 KW AF7NX 599 OR 0
QSO: 21024 CW 2023-02-18 1925 HG1S 599 KW W8FN 599 NC 0
QSO: 21020 CW 2023-02-18 1926 HG1S 599 KW N9RIT 599 MT 0
QSO: 21110 CW 2023-02-18 1928 HG1S 599 KW K6NA 599 CA 0
QSO: 21096 CW 2023-02-18 1929 HG1S 599 KW NN4K 599 GA 0
QSO: 21066 CW 2023-02-18 1929 HG1S 599 KW N5YT 599 MS 0
QSO: 21049 CW 2023-02-18 1930 HG1S 599 KW W1RH 599 CA 0
QSO: 21108 CW 2023-02-18 1931 HG1S 599 KW WR2G 599 NJ 0
QSO: 21008 CW 2023-02-18 1932 HG1S 599 KW W9GT 599 IN 0
QSO: 21095 CW 2023-02-18 1932 HG1S 599 KW AE1T 599 NH 0
QSO: 21005 CW 2023-02-18 1933 HG1S 599 KW W4CB 599 VA 0
QSO: 21034 CW 2023-02-18 1933 HG1S 599 KW W7VJ 599 WA 0
QSO: 21088 CW 2023-02-18 1933 HG1S 599 KW N7DR 599 CO 0
QSO: 21096 CW 2023-02-18 1934 HG1S 599 KW NK5G 599 TX 0
QSO: 21096 CW 2023-02-18 1935 HG1S 599 KW KE9SA 599 WI 0
QSO: 21096 CW 2023-02-18 1935 HG1S 599 KW K4DR 599 TN 0
QSO: 21096 CW 2023-02-18 1935 HG1S 599 KW AA4DD 599 TN 0
QSO: 21096 CW 2023-02-18 1935 HG1S 599 KW K6RO 599 CA 0
QSO: 21096 CW 2023-02-18 1936 HG1S 599 KW KO4UHE 599 KY 0
QSO: 21096 CW 2023-02-18 1936 HG1S 599 KW K4WY 599 VA 0
QSO: 21096 CW 2023-02-18 1936 HG1S 599 KW N6JW 599 CA 0
QSO: 21096 CW 2023-02-18 1937 HG1S 599 KW KV0I 599 NE 0
QSO: 21096 CW 2023-02-18 1937 HG1S 599 KW N9CB 599 TN 0
QSO: 21096 CW 2023-02-18 1938 HG1S 599 KW KE0L 599 TN 0
QSO: 21096 CW 2023-02-18 1938 HG1S 599 KW K2QO 599 NY 0
QSO: 21096 CW 2023-02-18 1940 HG1S 599 KW W6LFB/QRP 599 TX 0
QSO: 21096 CW 2023-02-18 1940 HG1S 599 KW K2LNS 599 PA 0
QSO: 21096 CW 2023-02-18 1942 HG1S 599 KW WR3R 599 MD 0
QSO: 21027 CW 2023-02-18 1942 HG1S 599 KW KT7E 599 OR 0
QSO: 21044 CW 2023-02-18 1943 HG1S 599 KW N5AW 599 TX 0
QSO: 21054 CW 2023-02-18 1944 HG1S 599 KW K3CT 599 FL 0
QSO: 21003 CW 2023-02-18 1944 HG1S 599 KW NG7M 599 UT 0
QSO: 21069 CW 2023-02-18 1945 HG1S 599 KW K5ZG 599 CO 0
QSO: 21096 CW 2023-02-18 1948 HG1S 599 KW KA9FOX 599 WI 0
QSO: 21096 CW 2023-02-18 1948 HG1S 599 KW WA8MCD 599 MI 0
QSO: 21096 CW 2023-02-18 1949 HG1S 599 KW AE2DX 599 FL 0
QSO: 21096 CW 2023-02-18 1950 HG1S 599 KW KE8HBV 599 MA 0
QSO: 21096 CW 2023-02-18 1951 HG1S 599 KW NJ2OM 599 NJ 0
QSO: 21096 CW 2023-02-18 1951 HG1S 599 KW WB2FTQ 599 NJ 0
QSO: 21096 CW 2023-02-18 1952 HG1S 599 KW K2EJ 599 MD 0
QSO: 21005 CW 2023-02-18 1952 HG1S 599 KW K7SV 599 VA 0
QSO: 21006 CW 2023-02-18 1955 HG1S 599 KW K0HB 599 MN 0
QSO: 21096 CW 2023-02-18 1956 HG1S 599 KW K4EES 599 AL 0
QSO: 21096 CW 2023-02-18 1956 HG1S 599 KW W4KAZ 599 NC 0
QSO: 21096 CW 2023-02-18 1957 HG1S 599 KW WA2YSJ 599 NY 0
QSO: 21082 CW 2023-02-18 1958 HG1S 599 KW WB2WPM 599 NY 0
QSO: 21067 CW 2023-02-18 2000 HG1S 599 KW K3EL 599 VA 0
QSO: 21096 CW 2023-02-18 2001 HG1S 599 KW K5TA 599 NM 0
QSO: 21096 CW 2023-02-18 2002 HG1S 599 KW K3TN 599 MD 0
QSO: 21096 CW 2023-02-18 2007 HG1S 599 KW VE3PJ 599 ON 0
QSO: 21096 CW 2023-02-18 2009 HG1S 599 KW KC1SA 599 CT 0
QSO: 21096 CW 2023-02-18 2011 HG1S 599 KW WB2CPU 599 MA 0
QSO: 21096 CW 2023-02-18 2015 HG1S 599 KW K2TER 599 NY 0
QSO: 21096 CW 2023-02-18 2017 HG1S 599 KW K4NO 599 AL 0
QSO: 21096 CW 2023-02-18 2020 HG1S 599 KW AC4G 599 TN 0
QSO: 21096 CW 2023-02-18 2021 HG1S 599 KW W1FV 599 MA 0
QSO: 21096 CW 2023-02-18 2022 HG1S 599 KW N3ZP 599 PA 0
QSO: 21096 CW 2023-02-18 2023 HG1S 599 KW WB2NFL 599 NY 0
QSO: 21096 CW 2023-02-18 2026 HG1S 599 KW KY4GS 599 SC 0
QSO: 21096 CW 2023-02-18 2027 HG1S 599 KW AB2ZY 599 NY 0
QSO: 21096 CW 2023-02-18 2028 HG1S 599 KW W1GQ 599 NH 0
QSO: 21096 CW 2023-02-18 2034 HG1S 599 KW W1ARY 599 CT 0
QSO: 21096 CW 2023-02-18 2037 HG1S 599 KW KG4USN 599 MD 0
QSO: 21096 CW 2023-02-18 2038 HG1S 599 KW W2IRT 599 NJ 0
QSO: 21046 CW 2023-02-18 2042 HG1S 599 KW ND3D 599 MD 0
QSO: 21067 CW 2023-02-18 2042 HG1S 599 KW VY2LI 599 PE 0
QSO: 21096 CW 2023-02-18 2044 HG1S 599 KW K3RL 599 PA 0
QSO: 21096 CW 2023-02-18 2046 HG1S 599 KW W2AA 599 NY 0
QSO: 21045 CW 2023-02-18 2050 HG1S 599 KW W2XYZ 599 FL 0
QSO: 21030 CW 2023-02-19 1104 HG1S 599 KW K7GM 599 ME 0
QSO: 21016 CW 2023-02-19 1108 HG1S 599 KW K3RW 599 PA 0
QSO: 21037 CW 2023-02-19 1142 HG1S 599 KW WN7S 599 VA 0
QSO: 21046 CW 2023-02-19 1157 HG1S 599 KW K1RO 599 NH 0
QSO: 21021 CW 2023-02-19 1210 HG1S 599 KW VA2CZ 599 QC 0
QSO: 21035 CW 2023-02-19 1213 HG1S 599 KW AD8CW 599 CT 0
QSO: 21006 CW 2023-02-19 1215 HG1S 599 KW N4AO 599 FL 0
QSO: 21019 CW 2023-02-19 1219 HG1S 599 KW N1ZZ 599 FL 0
QSO: 21027 CW 2023-02-19 1223 HG1S 599 KW K8LF 599 VA 0
QSO: 21049 CW 2023-02-19 1230 HG1S 599 KW KF2O 599 NY 0
QSO: 21045 CW 2023-02-19 1233 HG1S 599 KW W4ZXT 599 KY 0
QSO: 21020 CW 2023-02-19 1234 HG1S 599 KW NK4O 599 FL 0
QSO: 21064 CW 2023-02-19 1242 HG1S 599 KW K9NW 599 IN 0
QSO: 21071 CW 2023-02-19 1252 HG1S 599 KW WB2FUV 599 NY 0
QSO: 21044 CW 2023-02-19 1254 HG1S 599 KW N6NT 599 NC 0
QSO: 21037 CW 2023-02-19 1304 HG1S 599 KW KO4GBD 599 ME 0
QSO: 21056 CW 2023-02-19 1308 HG1S 599 KW KX9DX 599 IN 0
QSO: 21006 CW 2023-02-19 1317 HG1S 599 KW K3ATO 599 PA 0
QSO: 21062 CW 2023-02-19 1327 HG1S 599 KW K2IN 599 NJ 0
QSO: 21028 CW 2023-02-19 1328 HG1S 599 KW W3ZGD 599 PA 0
QSO: 21085 CW 2023-02-19 1332 HG1S 599 KW W9KM 599 IL 0
QSO: 21081 CW 2023-02-19 1340 HG1S 599 KW VA3SZ 599 ON 0
QSO: 21017 CW 2023-02-19 1341 HG1S 599 KW W7LG 599 PA 0
QSO: 21056 CW 2023-02-19 1353 HG1S 599 KW N1QY 599 MA 0
QSO: 21013 CW 2023-02-19 1354 HG1S 599 KW NG7A 599 IA 0
QSO: 21068 CW 2023-02-19 1357 HG1S 599 KW KF0UR 599 CO 0
QSO: 21072 CW 2023-02-19 1406 HG1S 599 KW K4QS 599 VA 0
QSO: 21029 CW 2023-02-19 1414 HG1S 599 KW VE3RIA 599 ON 0
QSO: 21010 CW 2023-02-19 1415 HG1S 599 KW NA1NA 599 MA 0
QSO: 21100 CW 2023-02-19 1421 HG1S 599 KW WF2W 599 NY 0
QSO: 21103 CW 2023-02-19 1426 HG1S 599 KW N4GG 599 FL 0
QSO: 21017 CW 2023-02-19 1431 HG1S 599 KW VE3IC 599 ON 0
QSO: 21054 CW 2023-02-19 1433 HG1S 599 KW K9PPY 599 IL 0
QSO: 21013 CW 2023-02-19 1435 HG1S 599 KW AJ9C 599 IN 0
QSO: 21102 CW 2023-02-19 1435 HG1S 599 KW K1SM 599 MA 0
QSO: 21098 CW 2023-02-19 1437 HG1S 599 KW KD9MS 599 IL 0
QSO: 21098 CW 2023-02-19 1438 HG1S 599 KW VA3MGW 599 ON 0
QSO: 21098 CW 2023-02-19 1438 HG1S 599 KW K3ZGA 599 FL 0
QSO: 21098 CW 2023-02-19 1438 HG1S 599 KW KT4XA 599 AL 0
QSO: 21098 CW 2023-02-19 1440 HG1S 599 KW VE4VT 599 MB 0
QSO: 21098 CW 2023-02-19 1441 HG1S 599 KW N4RF 599 NC 0
QSO: 21098 CW 2023-02-19 1443 HG1S 599 KW K5VIP 599 VA 0
QSO: 21098 CW 2023-02-19 1447 HG1S 599 KW W1HS 599 NH 0
QSO: 21098 CW 2023-02-19 1500 HG1S 599 KW N8KOM 599 MI 0
QSO: 21115 CW 2023-02-19 1501 HG1S 599 KW KC9GBX 599 WI 0
QSO: 21053 CW 2023-02-19 1501 HG1S 599 KW K4XL 599 VA 0
QSO: 21072 CW 2023-02-19 1502 HG1S 599 KW NU8A 599 MI 0
QSO: 21114 CW 2023-02-19 1504 HG1S 599 KW N8BJQ 599 OH 0
QSO: 21045 CW 2023-02-19 1504 HG1S 599 KW W2RE 599 ME 0
QSO: 21107 CW 2023-02-19 1505 HG1S 599 KW K1VSJ 599 FL 0
QSO: 21052 CW 2023-02-19 1506 HG1S 599 KW WS6X 599 VA 0
QSO: 21085 CW 2023-02-19 1507 HG1S 599 KW N9EP 599 IL 0
QSO: 21035 CW 2023-02-19 1507 HG1S 599 KW WW5M 599 TN 0
QSO: 21098 CW 2023-02-19 1509 HG1S 599 KW W1FM 599 MA 0
QSO: 21098 CW 2023-02-19 1509 HG1S 599 KW NG2O 599 FL 0
QSO: 21098 CW 2023-02-19 1510 HG1S 599 KW K1LGM 599 CT 0
QSO: 21098 CW 2023-02-19 1511 HG1S 599 KW KV0I 599 NE 0
QSO: 21098 CW 2023-02-19 1511 HG1S 599 KW W3SA 599 NC 0
QSO: 21098 CW 2023-02-19 1512 HG1S 599 KW K4QPL 599 NC 0
QSO: 21098 CW 2023-02-19 1515 HG1S 599 KW WB2ART 599 FL 0
QSO: 21098 CW 2023-02-19 1515 HG1S 599 KW KB4CG 599 VA 0
QSO: 21098 CW 2023-02-19 1516 HG1S 599 KW K7SCX 599 CO 0
QSO: 21098 CW 2023-02-19 1518 HG1S 599 KW K2SLZ 599 NY 0
QSO: 21098 CW 2023-02-19 1519 HG1S 599 KW W1NK 599 CT 0
QSO: 21098 CW 2023-02-19 1520 HG1S 599 KW KX1X 599 MA 0
QSO: 21024 CW 2023-02-19 1524 HG1S 599 KW W6KGP 599 WY 0
QSO: 21050 CW 2023-02-19 1526 HG1S 599 KW WB8JUI 599 OH 0
QSO: 21059 CW 2023-02-19 1527 HG1S 599 KW W1PY 599 MA 0
QSO: 21042 CW 2023-02-19 1530 HG1S 599 KW K3CCR 599 MD 0
QSO: 21010 CW 2023-02-19 1532 HG1S 599 KW KA2MGE 599 NY 0
QSO: 21098 CW 2023-02-19 1533 HG1S 599 KW W3US 599 FL 0
QSO: 21098 CW 2023-02-19 1534 HG1S 599 KW K4IE 599 KY 0
QSO: 21098 CW 2023-02-19 1536 HG1S 599 KW W6JTI 599 CA 0
QSO: 21044 CW 2023-02-19 1537 HG1S 599 KW VE3MIS 599 ON 0
QSO: 21098 CW 2023-02-19 1540 HG1S 599 KW KC3NDU 599 PA 0
QSO: 21086 CW 2023-02-19 1542 HG1S 599 KW N7YY 599 OR 0
QSO: 21098 CW 2023-02-19 1545 HG1S 599 KW AA0FO 599 KS 0
QSO: 21044 CW 2023-02-19 1547 HG1S 599 KW N8KR 599 FL 0
QSO: 21098 CW 2023-02-19 1547 HG1S 599 KW W9RN 599 WI 0
QSO: 21010 CW 2023-02-19 1548 HG1S 599 KW N4FP 599 FL 0
QSO: 21098 CW 2023-02-19 1550 HG1S 599 KW WB9HFK 599 IL 0
QSO: 21098 CW 2023-02-19 1551 HG1S 599 KW KG4W 599 VA 0
QSO: 21098 CW 2023-02-19 1551 HG1S 599 KW W1XX 599 RI 0
QSO: 21114 CW 2023-02-19 1552 HG1S 599 KW VE1ANU 599 NS 0
QSO: 21002 CW 2023-02-19 1556 HG1S 599 KW VY1AAA 599 YT 0
QSO: 21098 CW 2023-02-19 1556 HG1S 599 KW W7TJ 599 WA 0
QSO: 21066 CW 2023-02-19 1558 HG1S 599 KW N4AU 599 NC 0
QSO: 21098 CW 2023-02-19 1600 HG1S 599 KW WA7CPA 599 WA 0
QSO: 21098 CW 2023-02-19 1601 HG1S 599 KW AA1AC 599 RI 0
QSO: 21114 CW 2023-02-19 1601 HG1S 599 KW K1JD 599 NM 0
QSO: 21035 CW 2023-02-19 1602 HG1S 599 KW VE3BXG 599 ON 0
QSO: 21098 CW 2023-02-19 1603 HG1S 599 KW N4GU 599 NC 0
QSO: 21098 CW 2023-02-19 1604 HG1S 599 KW N2WK 599 NY 0
QSO: 21034 CW 2023-02-19 1606 HG1S 599 KW K1DJ 599 MA 0
QSO: 21073 CW 2023-02-19 1607 HG1S 599 KW W0PR 599 MN 0
QSO: 21098 CW 2023-02-19 1610 HG1S 599 KW KB8PGW 599 MI 0
QSO: 21021 CW 2023-02-19 1611 HG1S 599 KW W6OAT 599 WA 0
QSO: 21013 CW 2023-02-19 1612 HG1S 599 KW K5DB 599 AR 0
QSO: 21062 CW 2023-02-19 1613 HG1S 599 KW VE6RST 599 AB 0
QSO: 21098 CW 2023-02-19 1618 HG1S 599 KW AA6G 599 AZ 0
QSO: 21098 CW 2023-02-19 1618 HG1S 599 KW NS4X 599 TN 0
QSO: 21042 CW 2023-02-19 1621 HG1S 599 KW VA7OM 599 BC 0
QSO: 21087 CW 2023-02-19 1622 HG1S 599 KW K2TE 599 FL 0
QSO: 21098 CW 2023-02-19 1626 HG1S 599 KW WA6KHK 599 CA 0
QSO: 21098 CW 2023-02-19 1626 HG1S 599 KW AA3I 599 PA 0
QSO: 21098 CW 2023-02-19 1634 HG1S 599 KW W1RAN 599 CT 0
QSO: 21098 CW 2023-02-19 1635 HG1S 599 KW NU2Q 599 NY 0
QSO: 21098 CW 2023-02-19 1635 HG1S 599 KW VA7KO 599 BC 0
QSO: 21080 CW 2023-02-19 1636 HG1S 599 KW K7RI 599 WA 0
QSO: 21098 CW 2023-02-19 1637 HG1S 599 KW N7JI 599 OR 0
QSO: 21098 CW 2023-02-19 1641 HG1S 599 KW K8NYG 599 WV 0
QSO: 21098 CW 2023-02-19 1644 HG1S 599 KW K2YAZ 599 MI 0
QSO: 21098 CW 2023-02-19 1644 HG1S 599 KW NS3L 599 PA 0
QSO: 21058 CW 2023-02-19 1644 HG1S 599 KW K9OZ 599 AR 0
QSO: 21104 CW 2023-02-19 1646 HG1S 599 KW VE6TN 599 AB 0
QSO: 21098 CW 2023-02-19 1649 HG1S 599 KW K3FMF 599 PA 0
QSO: 21068 CW 2023-02-19 1656 HG1S 599 KW W7QDM 599 ID 0
QSO: 21125 CW 2023-02-19 1657 HG1S 599 KW AC7AF 599 WY 0
QSO: 21098 CW 2023-02-19 1700 HG1S 599 KW WA1GOS 599 MA 0
QSO: 21098 CW 2023-02-19 1701 HG1S 599 KW WB9CTP 599 IL 0
QSO: 21098 CW 2023-02-19 1701 HG1S 599 KW N5NAA 599 TX 0
QSO: 21098 CW 2023-02-19 1703 HG1S 599 KW W8RTJ 599 OH 0
QSO: 21098 CW 2023-02-19 1703 HG1S 599 KW N2EIM 599 NJ 0
QSO: 21098 CW 2023-02-19 1704 HG1S 599 KW W0ZU 599 CO 0
QSO: 21098 CW 2023-02-19 1704 HG1S 599 KW W7VP 599 WA 0
QSO: 21098 CW 2023-02-19 1705 HG1S 599 KW W2KU 599 NJ 0
QSO: 21098 CW 2023-02-19 1705 HG1S 599 KW W7GTF 599 WA 0
QSO: 21098 CW 2023-02-19 1705 HG1S 599 KW K4MX 599 VA 0
QSO: 21098 CW 2023-02-19 1707 HG1S 599 KW W2VJN 599 OR 0
QSO: 21098 CW 2023-02-19 1710 HG1S 599 KW KA6T 599 OR 0
QSO: 21098 CW 2023-02-19 1713 HG1S 599 KW K5XU 599 MS 0
QSO: 21098 CW 2023-02-19 1715 HG1S 599 KW WB3DPS 599 PA 0
QSO: 21098 CW 2023-02-19 1716 HG1S 599 KW N5RP 599 IL 0
QSO: 21098 CW 2023-02-19 1717 HG1S 599 KW WA8VTD 599 MI 0
QSO: 21098 CW 2023-02-19 1719 HG1S 599 KW N6TQ 599 CA 0
QSO: 21098 CW 2023-02-19 1719 HG1S 599 KW K1ECU 599 CT 0
QSO: 21098 CW 2023-02-19 1720 HG1S 599 KW VE3OMV 599 ON 0
QSO: 21098 CW 2023-02-19 1721 HG1S 599 KW KN4ZXG 599 VA 0
QSO: 21098 CW 2023-02-19 1722 HG1S 599 KW N6PF 599 NV 0
QSO: 21098 CW 2023-02-19 1723 HG1S 599 KW WR3R 599 MD 0
QSO: 21053 CW 2023-02-19 1725 HG1S 599 KW K3TEJ 599 PA 0
QSO: 21078 CW 2023-02-19 1726 HG1S 599 KW K1DG 599 NH 0
QSO: 21084 CW 2023-02-19 1726 HG1S 599 KW K3TC 599 MD 0
QSO: 21045 CW 2023-02-19 1727 HG1S 599 KW W1NN 599 OH 0
QSO: 21054 CW 2023-02-19 1728 HG1S 599 KW WA8ZNC 599 WA 0
QSO: 21022 CW 2023-02-19 1729 HG1S 599 KW KN7K 599 OR 0
QSO: 21087 CW 2023-02-19 1730 HG1S 599 KW W5XX 599 MS 0
QSO: 21023 CW 2023-02-19 1730 HG1S 599 KW K3CY 599 PA 0
QSO: 21041 CW 2023-02-19 1731 HG1S 599 KW WY6K 599 TX 0
QSO: 21098 CW 2023-02-19 1732 HG1S 599 KW KT5V 599 TX 0
QSO: 21098 CW 2023-02-19 1733 HG1S 599 KW W7TMT 599 WA 0
QSO: 21098 CW 2023-02-19 1734 HG1S 599 KW NN3RP 599 DC 0
QSO: 21098 CW 2023-02-19 1735 HG1S 599 KW W4CU 599 FL 0
QSO: 21098 CW 2023-02-19 1736 HG1S 599 KW VE7SK 599 BC 0
QSO: 21098 CW 2023-02-19 1738 HG1S 599 KW KS2G 599 NY 0
QSO: 21098 CW 2023-02-19 1739 HG1S 599 KW N6VI 599 CA 0
QSO: 21098 CW 2023-02-19 1739 HG1S 599 KW K6ANP 599 CA 0
QSO: 21098 CW 2023-02-19 1740 HG1S 599 KW N6GEO 599 CA 0
QSO: 21098 CW 2023-02-19 1740 HG1S 599 KW KA2D 599 NY 0
QSO: 21098 CW 2023-02-19 1740 HG1S 599 KW W0BM 599 MN 0
QSO: 21098 CW 2023-02-19 1740 HG1S 599 KW N9OHW 599 CA 0
QSO: 21098 CW 2023-02-19 1741 HG1S 599 KW K5CI 599 TX 0
QSO: 21098 CW 2023-02-19 1742 HG1S 599 KW WA2AAW 599 NY 0
QSO: 21098 CW 2023-02-19 1743 HG1S 599 KW N2SQW 599 NY 0
QSO: 21098 CW 2023-02-19 1743 HG1S 599 KW NG2J 599 GA 0
QSO: 21098 CW 2023-02-19 1743 HG1S 599 KW K7GS 599 WA 0
QSO: 21098 CW 2023-02-19 1744 HG1S 599 KW AC4MC 599 SC 0
QSO: 21098 CW 2023-02-19 1744 HG1S 599 KW K5FUV 599 AR 0
QSO: 21098 CW 2023-02-19 1745 HG1S 599 KW K6OFR 599 CA 0
QSO: 21098 CW 2023-02-19 1745 HG1S 599 KW NG2O 599 FL 0
QSO: 21098 CW 2023-02-19 1746 HG1S 599 KW N5REL 599 TX 0
QSO: 21098 CW 2023-02-19 1746 HG1S 599 KW W7CO 599 OR 0
QSO: 21098 CW 2023-02-19 1746 HG1S 599 KW KQ7I 599 OR 0
QSO: 21098 CW 2023-02-19 1747 HG1S 599 KW N8TR 599 OH 0
QSO: 21098 CW 2023-02-19 1748 HG1S 599 KW WB0CJB 599 TN 0
QSO: 21098 CW 2023-02-19 1748 HG1S 599 KW K7FD 599 OR 0
QSO: 21098 CW 2023-02-19 1749 HG1S 599 KW K7JPF 599 OR 0
QSO: 21098 CW 2023-02-19 1750 HG1S 599 KW WM3O 599 PA 0
QSO: 21098 CW 2023-02-19 1750 HG1S 599 KW WO2T 599 NJ 0
QSO: 21098 CW 2023-02-19 1751 HG1S 599 KW KN7N 599 AZ 0
QSO: 21098 CW 2023-02-19 1751 HG1S 599 KW K5RX 599 TX 0
QSO: 21098 CW 2023-02-19 1752 HG1S 599 KW WA0VQY 599 IA 0
QSO: 21098 CW 2023-02-19 1754 HG1S 599 KW K6YK 599 CA 0
QSO: 21098 CW 2023-02-19 1755 HG1S 599 KW N3FJP 599 MD 0
QSO: 21098 CW 2023-02-19 1755 HG1S 599 KW K0HX 599 MO 0
QSO: 21098 CW 2023-02-19 1756 HG1S 599 KW K1ETA 599 RI 0
QSO: 21098 CW 2023-02-19 1756 HG1S 599 KW KM0U 599 MN 0
QSO: 21098 CW 2023-02-19 1756 HG1S 599 KW KC1NN 599 NY 0
QSO: 21098 CW 2023-02-19 1756 HG1S 599 KW NJ9R 599 IL 0
QSO: 21098 CW 2023-02-19 1801 HG1S 599 KW WA7YXY 599 OR 0
QSO: 21098 CW 2023-02-19 1802 HG1S 599 KW KA3EHL 599 FL 0
QSO: 21098 CW 2023-02-19 1806 HG1S 599 KW K1VDF 599 CT 0
QSO: 21098 CW 2023-02-19 1806 HG1S 599 KW KF7HB 599 OR 0
QSO: 21098 CW 2023-02-19 1808 HG1S 599 KW W7EEU 599 OR 0
QSO: 21098 CW 2023-02-19 1808 HG1S 599 KW WA8ZBT 599 TX 0
QSO: 21098 CW 2023-02-19 1811 HG1S 599 KW WA6QYS 599 CA 0
QSO: 21098 CW 2023-02-19 1811 HG1S 599 KW KC4D 599 VA 0
QSO: 21098 CW 2023-02-19 1812 HG1S 599 KW W0DF 599 MO 0
QSO: 21098 CW 2023-02-19 1812 HG1S 599 KW W2CCC 599 NY 0
QSO: 21098 CW 2023-02-19 1812 HG1S 599 KW WB2NVR 599 NY 0
QSO: 21098 CW 2023-02-19 1812 HG1S 599 KW W3WN 599 PA 0
QSO: 21098 CW 2023-02-19 1813 HG1S 599 KW W7CT 599 UT 0
QSO: 21098 CW 2023-02-19 1815 HG1S 599 KW K0JJR 599 MN 0
QSO: 21098 CW 2023-02-19 1816 HG1S 599 KW N7ZZ 599 WI 0
QSO: 21098 CW 2023-02-19 1816 HG1S 599 KW N4JVP 599 GA 0
QSO: 21098 CW 2023-02-19 1818 HG1S 599 KW WN4AFP 599 SC 0
QSO: 21098 CW 2023-02-19 1819 HG1S 599 KW AA3LX 599 PA 0
QSO: 21098 CW 2023-02-19 1819 HG1S 599 KW WS9M 599 NY 0
QSO: 21098 CW 2023-02-19 1819 HG1S 599 KW W4ZYT 599 VA 0
QSO: 21098 CW 2023-02-19 1824 HG1S 599 KW KI5FZV 599 TX 0
QSO: 21098 CW 2023-02-19 1824 HG1S 599 KW N2FT 599 VA 0
QSO: 21098 CW 2023-02-19 1825 HG1S 599 KW K6MM 599 CA 0
QSO: 21098 CW 2023-02-19 1826 HG1S 599 KW WA7MMM 599 OR 0
QSO: 21098 CW 2023-02-19 1828 HG1S 599 KW AA0AI 599 IA 0
QSO: 21098 CW 2023-02-19 1828 HG1S 599 KW WB8YYY 599 MD 0
QSO: 21098 CW 2023-02-19 1829 HG1S 599 KW N4RA 599 WV 0
QSO: 21098 CW 2023-02-19 1829 HG1S 599 KW WA6TLA 599 CA 0
QSO: 21098 CW 2023-02-19 1831 HG1S 599 KW WA2QAU 599 NY 0
QSO: 21098 CW 2023-02-19 1833 HG1S 599 KW K3DNE 599 SC 0
QSO: 21098 CW 2023-02-19 1833 HG1S 599 KW W2PA 599 NY 0
QSO: 21098 CW 2023-02-19 1835 HG1S 599 KW N9SB 599 IL 0
QSO: 21098 CW 2023-02-19 1838 HG1S 599 KW WX7V 599 TX 0
QSO: 21098 CW 2023-02-19 1838 HG1S 599 KW K1RV 599 MA 0
QSO: 21098 CW 2023-02-19 1839 HG1S 599 KW WB5N 599 TX 0
QSO: 21098 CW 2023-02-19 1839 HG1S 599 KW W6KH 599 CA 0
QSO: 21098 CW 2023-02-19 1841 HG1S 599 KW W3PAX 599 PA 0
QSO: 21098 CW 2023-02-19 1842 HG1S 599 KW VE3SSV 599 ON 0
QSO: 21098 CW 2023-02-19 1843 HG1S 599 KW K5MR 599 TX 0
QSO: 21098 CW 2023-02-19 1843 HG1S 599 KW WB6VIC 599 CA 0
QSO: 21098 CW 2023-02-19 1844 HG1S 599 KW KB9S 599 WI 0
QSO: 21098 CW 2023-02-19 1844 HG1S 599 KW W4IDX 599 AZ 0
QSO: 21098 CW 2023-02-19 1844 HG1S 599 KW WJ2D 599 NC 0
QSO: 21098 CW 2023-02-19 1845 HG1S 599 KW WB4GHZ 599 TN 0
QSO: 21098 CW 2023-02-19 1845 HG1S 599 KW ND2O 599 NC 0
QSO: 21098 CW 2023-02-19 1846 HG1S 599 KW N2EM 599 PA 0
QSO: 21098 CW 2023-02-19 1847 HG1S 599 KW NF8R 599 OH 0
QSO: 21098 CW 2023-02-19 1847 HG1S 599 KW WB0POH 599 VA 0
QSO: 21098 CW 2023-02-19 1849 HG1S 599 KW W3SFG 599 MD 0
QSO: 21098 CW 2023-02-19 1852 HG1S 599 KW WX0Z 599 MN 0
QSO: 21098 CW 2023-02-19 1852 HG1S 599 KW KD7H 599 WA 0
QSO: 21098 CW 2023-02-19 1853 HG1S 599 KW W6ZQ 599 AZ 0
QSO: 21098 CW 2023-02-19 1853 HG1S 599 KW K4FJW 599 VA 0
QSO: 21098 CW 2023-02-19 1854 HG1S 599 KW KE0TT 599 MN 0
QSO: 21098 CW 2023-02-19 1856 HG1S 599 KW K0TC 599 MN 0
QSO: 21098 CW 2023-02-19 1856 HG1S 599 KW N1TO 599 FL 0
QSO: 21098 CW 2023-02-19 1858 HG1S 599 KW AE4ED 599 AL 0
QSO: 21098 CW 2023-02-19 1859 HG1S 599 KW W9LKJ/4 599 GA 0
QSO: 21098 CW 2023-02-19 1859 HG1S 599 KW K4GM 599 VA 0
QSO: 21098 CW 2023-02-19 1900 HG1S 599 KW WS6Y 599 AZ 0
QSO: 21098 CW 2023-02-19 1901 HG1S 599 KW W7IIT 599 WA 0
QSO: 21098 CW 2023-02-19 1901 HG1S 599 KW VE3XAT 599 ON 0
QSO: 21098 CW 2023-02-19 1901 HG1S 599 KW VE3KTB 599 ON 0
QSO: 21098 CW 2023-02-19 1902 HG1S 599 KW AB6BR 599 CA 0
QSO: 21098 CW 2023-02-19 1902 HG1S 599 KW WA7G 599 CA 0
QSO: 21098 CW 2023-02-19 1904 HG1S 599 KW KV1J 599 ME 0
QSO: 21098 CW 2023-02-19 1905 HG1S 599 KW KQ2RP 599 NJ 0
QSO: 21098 CW 2023-02-19 1906 HG1S 599 KW N7JB 599 WA 0
QSO: 21098 CW 2023-02-19 1906 HG1S 599 KW WZ4M 599 NC 0
QSO: 21098 CW 2023-02-19 1906 HG1S 599 KW KA0PQW 599 MN 0
QSO: 21098 CW 2023-02-19 1908 HG1S 599 KW WI2A 599 NY 0
QSO: 21098 CW 2023-02-19 1909 HG1S 599 KW W3TAS 599 DE 0
QSO: 21098 CW 2023-02-19 1911 HG1S 599 KW K6RM 599 NC 0
QSO: 21098 CW 2023-02-19 1911 HG1S 599 KW W3FAY 599 MD 0
QSO: 21098 CW 2023-02-19 1912 HG1S 599 KW KV8P 599 OH 0
QSO: 21098 CW 2023-02-19 1912 HG1S 599 KW KJ4ASE 599 VA 0
QSO: 21098 CW 2023-02-19 1913 HG1S 599 KW VE3SIF 599 ON 0
QSO: 21098 CW 2023-02-19 1915 HG1S 599 KW KC3RN 599 PA 0
QSO: 21098 CW 2023-02-19 1916 HG1S 599 KW WB8QZM 599 TX 0
QSO: 21098 CW 2023-02-19 1916 HG1S 599 KW K6WSC 599 AZ 0
QSO: 21098 CW 2023-02-19 1917 HG1S 599 KW W9VA 599 IL 0
QSO: 21098 CW 2023-02-19 1917 HG1S 599 KW KN4RD 599 FL 0
QSO: 21098 CW 2023-02-19 1917 HG1S 599 KW NJ1F 599 NY 0
QSO: 21098 CW 2023-02-19 1919 HG1S 599 KW K2BX 599 NY 0
QSO: 21098 CW 2023-02-19 1919 HG1S 599 KW AK0M 599 IA 0
QSO: 21098 CW 2023-02-19 1920 HG1S 599 KW WD4OHD 599 TN 0
QSO: 21098 CW 2023-02-19 1921 HG1S 599 KW N5UI 599 TX 0
QSO: 21098 CW 2023-02-19 1921 HG1S 599 KW KB3Z 599 PA 0
QSO: 21098 CW 2023-02-19 1922 HG1S 599 KW KB8O 599 OH 0
QSO: 21098 CW 2023-02-19 1923 HG1S 599 KW AF5J 599 TX 0
QSO: 21098 CW 2023-02-19 1924 HG1S 599 KW WQ5L 599 MS 0
QSO: 21098 CW 2023-02-19 1924 HG1S 599 KW AB0RX 599 MO 0
QSO: 21098 CW 2023-02-19 1924 HG1S 599 KW KC9EE 599 IL 0
QSO: 21098 CW 2023-02-19 1924 HG1S 599 KW WA6GFE 599 AZ 0
QSO: 21098 CW 2023-02-19 1925 HG1S 599 KW K0RC 599 MN 0
QSO: 21098 CW 2023-02-19 1925 HG1S 599 KW N3RC 599 CA 0
QSO: 21098 CW 2023-02-19 1925 HG1S 599 KW W8HPJ 599 MI 0
QSO: 21098 CW 2023-02-19 1926 HG1S 599 KW N2UHI 599 NY 0
QSO: 21098 CW 2023-02-19 1928 HG1S 599 KW N3CW 599 VA 0
QSO: 21098 CW 2023-02-19 1929 HG1S 599 KW KB1VUN 599 NH 0
QSO: 21098 CW 2023-02-19 1931 HG1S 599 KW W1FWS 599 ME 0
QSO: 21098 CW 2023-02-19 1931 HG1S 599 KW N1YL 599 MA 0
QSO: 21098 CW 2023-02-19 1933 HG1S 599 KW AA3K 599 PA 0
QSO: 21098 CW 2023-02-19 1933 HG1S 599 KW WA4EUL 599 VA 0
QSO: 21098 CW 2023-02-19 1935 HG1S 599 KW K8DE 599 MI 0
QSO: 21098 CW 2023-02-19 1938 HG1S 599 KW NU3A 599 DE 0
QSO: 21098 CW 2023-02-19 1939 HG1S 599 KW K3AK 599 MD 0
QSO: 21098 CW 2023-02-19 1940 HG1S 599 KW KF8VS 599 IN 0
QSO: 21098 CW 2023-02-19 1940 HG1S 599 KW VE3VY 599 ON 0
QSO: 21098 CW 2023-02-19 1940 HG1S 599 KW KD8EDC 599 MI 0
QSO: 21098 CW 2023-02-19 1941 HG1S 599 KW WF3H 599 TX 0
QSO: 21098 CW 2023-02-19 1943 HG1S 599 KW K4PQC 599 GA 0
QSO: 21098 CW 2023-02-19 1945 HG1S 599 KW W5JK 599 TX 0
QSO: 21098 CW 2023-02-19 1948 HG1S 599 KW W4DAN 599 TN 0
QSO: 21098 CW 2023-02-19 1948 HG1S 599 KW KX2S 599 PA 0
QSO: 21098 CW 2023-02-19 1948 HG1S 599 KW K3FMQ 599 PA 0
QSO: 21098 CW 2023-02-19 1949 HG1S 599 KW WA2VZQ 599 NY 0
QSO: 21098 CW 2023-02-19 1950 HG1S 599 KW AD8J 599 NC 0
QSO: 21098 CW 2023-02-19 1953 HG1S 599 KW K0HUU 599 MO 0
QSO: 21098 CW 2023-02-19 1956 HG1S 599 KW N4PD 599 VA 0
QSO: 21098 CW 2023-02-19 1957 HG1S 599 KW KM2L 599 NY 0
QSO: 21098 CW 2023-02-19 2003 HG1S 599 KW N1CGP 599 ME 0
END-OF-LOG: