START-OF-LOG: 3.0
CONTEST: ARRL-DX-CW
CALLSIGN: OH6TN
LOCATION: DX
CATEGORY-OPERATOR: SINGLE-OP
CATEGORY-ASSISTED: NON-ASSISTED
CATEGORY-POWER: LOW
CATEGORY-BAND: 20M
CATEGORY-MODE: CW
CATEGORY-TRANSMITTER: ONE
CATEGORY-STATION: FIXED
OPERATORS: OH6TN
CREATED-BY: N1MM LOGGER+ 1.0.8954.0
HQ-CATEGORY: Single Operator, Low Power, 20 Meters
HQ-GRID-LOCATOR: KP13NA
QSO: 14002 CW 2023-02-18 0403 OH6TN 599 100 N2IC 599 NM
QSO: 14002 CW 2023-02-18 0403 OH6TN 599 100 K3LR 599 PA
QSO: 14002 CW 2023-02-18 0404 OH6TN 599 100 N5NU 599 TX
QSO: 14002 CW 2023-02-18 0406 OH6TN 599 100 N7DX 599 WA
QSO: 14002 CW 2023-02-18 0407 OH6TN 599 100 NX6T 599 CA
QSO: 14020 CW 2023-02-18 0410 OH6TN 599 100 VE7UF 599 BC
QSO: 14048 CW 2023-02-18 0412 OH6TN 599 100 KD6WW 599 CA
QSO: 14040 CW 2023-02-18 0536 OH6TN 599 100 K5GN 599 TX
QSO: 14040 CW 2023-02-18 0538 OH6TN 599 100 N3AD 599 PA
QSO: 14038 CW 2023-02-18 0539 OH6TN 599 100 N4RV 599 VA
QSO: 14034 CW 2023-02-18 0544 OH6TN 599 100 K5TR 599 TX
QSO: 14010 CW 2023-02-18 0546 OH6TN 599 100 W2FU 599 NY
QSO: 14003 CW 2023-02-18 1326 OH6TN 599 100 K1LZ 599 ME
QSO: 14011 CW 2023-02-18 1328 OH6TN 599 100 K8BZ 599 MI
QSO: 14019 CW 2023-02-18 1329 OH6TN 599 100 WA7NB 599 AZ
QSO: 14022 CW 2023-02-18 1330 OH6TN 599 100 K1TTT 599 MA
QSO: 14031 CW 2023-02-18 1332 OH6TN 599 100 W1JQ 599 CT
QSO: 14034 CW 2023-02-18 1334 OH6TN 599 100 N0AV 599 IA
QSO: 14045 CW 2023-02-18 1338 OH6TN 599 100 W9VW 599 IN
QSO: 14063 CW 2023-02-18 1340 OH6TN 599 100 ND7K 599 AZ
QSO: 14038 CW 2023-02-18 1343 OH6TN 599 100 K6ZB 599 TX
QSO: 14000 CW 2023-02-18 1627 OH6TN 599 100 K1RX 599 NH
QSO: 14002 CW 2023-02-18 1627 OH6TN 599 100 K1TR 599 NH
QSO: 14010 CW 2023-02-18 1629 OH6TN 599 100 K0RF 599 CO
QSO: 14019 CW 2023-02-18 1631 OH6TN 599 100 KO6M 599 CA
QSO: 14020 CW 2023-02-18 1631 OH6TN 599 100 N7TU 599 AZ
QSO: 14021 CW 2023-02-18 1632 OH6TN 599 100 K2LNS 599 PA
QSO: 14033 CW 2023-02-18 1634 OH6TN 599 100 VE3NNT 599 ON
QSO: 14036 CW 2023-02-18 1635 OH6TN 599 100 WK2G 599 PA
QSO: 14038 CW 2023-02-18 1637 OH6TN 599 100 K7RAT 599 OR
QSO: 14039 CW 2023-02-18 1640 OH6TN 599 100 N1RR 599 MA
QSO: 14057 CW 2023-02-18 1643 OH6TN 599 100 W2TZ 599 NY
QSO: 14048 CW 2023-02-18 1654 OH6TN 599 100 K3TC 599 MD
QSO: 14048 CW 2023-02-18 1655 OH6TN 599 100 N1EN 599 CT
QSO: 14048 CW 2023-02-18 1658 OH6TN 599 100 K3TN 599 MD
QSO: 14048 CW 2023-02-18 1700 OH6TN 599 100 NF3R 599 PA
QSO: 14048 CW 2023-02-18 1700 OH6TN 599 100 N8RA 599 CT
QSO: 14048 CW 2023-02-18 1702 OH6TN 599 100 W1SRG 599 MA
QSO: 14048 CW 2023-02-18 1702 OH6TN 599 100 K1EFI 599 MD
QSO: 14048 CW 2023-02-18 1702 OH6TN 599 100 WC3N 599 MD
QSO: 14048 CW 2023-02-18 1703 OH6TN 599 100 K7HBN 599 WA
QSO: 14048 CW 2023-02-18 1704 OH6TN 599 100 N2WK 599 NY
QSO: 14048 CW 2023-02-18 1704 OH6TN 599 100 K7LFY 599 WA
QSO: 14048 CW 2023-02-18 1705 OH6TN 599 100 WA3C 599 OH
QSO: 14048 CW 2023-02-18 1706 OH6TN 599 100 N9CIQ 599 WI
QSO: 14048 CW 2023-02-18 1709 OH6TN 599 100 K4IE 599 KY
QSO: 14048 CW 2023-02-18 1710 OH6TN 599 100 K2EP 599 NY
QSO: 14048 CW 2023-02-18 1710 OH6TN 599 100 KD0EE 599 IN
QSO: 14048 CW 2023-02-18 1711 OH6TN 599 100 N3CKI 599 NC
QSO: 14048 CW 2023-02-18 1713 OH6TN 599 100 K7TAR 599 OH
QSO: 14048 CW 2023-02-18 1714 OH6TN 599 100 VA2AGW 599 QC
QSO: 14048 CW 2023-02-18 1715 OH6TN 599 100 K8GT 599 MI
QSO: 14048 CW 2023-02-18 1716 OH6TN 599 100 N2LBR 599 NY
QSO: 14048 CW 2023-02-18 1717 OH6TN 599 100 N3RJ 599 PA
QSO: 14002 CW 2023-02-18 1924 OH6TN 599 100 KU1CW 599 OR
QSO: 14003 CW 2023-02-18 1933 OH6TN 599 100 VA2WA 599 QC
QSO: 14013 CW 2023-02-18 1938 OH6TN 599 100 N2YO 599 VA
QSO: 14017 CW 2023-02-18 1939 OH6TN 599 100 W3LPL 599 MD
QSO: 14017 CW 2023-02-18 1940 OH6TN 599 100 N3RD 599 PA
QSO: 14023 CW 2023-02-18 1944 OH6TN 599 100 NN7CW 599 FL
QSO: 14030 CW 2023-02-18 1946 OH6TN 599 100 K2AX 599 NJ
QSO: 14032 CW 2023-02-18 1947 OH6TN 599 100 K1VR 599 MA
QSO: 14047 CW 2023-02-18 1951 OH6TN 599 100 K1VUT 599 MA
QSO: 14006 CW 2023-02-18 1955 OH6TN 599 100 N5CR 599 WA
QSO: 14001 CW 2023-02-19 0509 OH6TN 599 100 N6TV 599 CA
QSO: 14007 CW 2023-02-19 0511 OH6TN 599 100 VE7ACN 599 BC
QSO: 14013 CW 2023-02-19 0516 OH6TN 599 100 K7GM 599 ME
QSO: 14019 CW 2023-02-19 0516 OH6TN 599 100 WX0B 599 TX
QSO: 14021 CW 2023-02-19 0517 OH6TN 599 100 AA9A 599 WI
QSO: 14023 CW 2023-02-19 0517 OH6TN 599 100 K4PI 599 GA
QSO: 14032 CW 2023-02-19 0520 OH6TN 599 100 N6ZFO 599 CA
QSO: 14033 CW 2023-02-19 0521 OH6TN 599 100 W7WA 599 WA
QSO: 14062 CW 2023-02-19 0523 OH6TN 599 100 N5TJ 599 TX
QSO: 14050 CW 2023-02-19 0525 OH6TN 599 100 N5AW 599 TX
QSO: 14001 CW 2023-02-19 1121 OH6TN 599 100 AA1K 599 DE
QSO: 14005 CW 2023-02-19 1123 OH6TN 599 100 N2AA 599 NJ
QSO: 14009 CW 2023-02-19 1124 OH6TN 599 100 N4KS 599 FL
QSO: 14010 CW 2023-02-19 1125 OH6TN 599 100 KQ2F 599 NY
QSO: 14012 CW 2023-02-19 1126 OH6TN 599 100 W4NF 599 VA
QSO: 14016 CW 2023-02-19 1129 OH6TN 599 100 K9RS 599 DE
QSO: 14017 CW 2023-02-19 1129 OH6TN 599 100 N4SS 599 KY
QSO: 14017 CW 2023-02-19 1130 OH6TN 599 100 AB3CX 599 NY
QSO: 14020 CW 2023-02-19 1131 OH6TN 599 100 N2MM 599 NJ
QSO: 14021 CW 2023-02-19 1131 OH6TN 599 100 K1AR 599 NH
QSO: 14025 CW 2023-02-19 1132 OH6TN 599 100 N4WW 599 FL
QSO: 14030 CW 2023-02-19 1134 OH6TN 599 100 KQ3F 599 PA
QSO: 14033 CW 2023-02-19 1135 OH6TN 599 100 W2AA 599 NY
QSO: 14041 CW 2023-02-19 1137 OH6TN 599 100 NE2V 599 NJ
QSO: 14052 CW 2023-02-19 1139 OH6TN 599 100 W3SM 599 CT
QSO: 14053 CW 2023-02-19 1140 OH6TN 599 100 K1KP 599 MA
QSO: 14055 CW 2023-02-19 1141 OH6TN 599 100 N4AF 599 NC
QSO: 14060 CW 2023-02-19 1143 OH6TN 599 100 NN3Q 599 PA
QSO: 14063 CW 2023-02-19 1144 OH6TN 599 100 W1GD 599 MA
QSO: 14015 CW 2023-02-19 1412 OH6TN 599 100 KA1EFO 599 MA
QSO: 14045 CW 2023-02-19 1416 OH6TN 599 100 N4OGW 599 MS
QSO: 14047 CW 2023-02-19 1417 OH6TN 599 100 VE3VN 599 ON
QSO: 14047 CW 2023-02-19 1420 OH6TN 599 100 VE3WG 599 ON
END-OF-LOG: