START-OF-LOG: 3.0
CREATED-BY: LM Version 4.10 (c) 1992, 2013 by DL8WAA
LOCATION: DX
CONTEST: CQ-WW-CW
CALLSIGN: JH3TCC
CATEGORY-OPERATOR: SINGLE-OP
CATEGORY-TRANSMITTER: ONE
CATEGORY-ASSISTED: NON-ASSISTED
CATEGORY-POWER: LOW
CATEGORY-STATION: FIXED
CATEGORY-BAND: 80M
CATEGORY-MODE: CW
CLAIMED-SCORE: 221
OPERATORS:
CLUB: Keymen's Club of Japan
NAME: Katsuyuki  IEDA
SPECIFIC:
SOAPBOX:
QSO:  3500 CW 2017-11-26 1402 JH3TCC        599 25     BY8AQ         599 24     0
QSO:  3500 CW 2017-11-26 1407 JH3TCC        599 25     DT0HH         599 25     0
QSO:  3500 CW 2017-11-26 1412 JH3TCC        599 25     YL3CW         599 15     0
QSO:  3500 CW 2017-11-26 1416 JH3TCC        599 25     BG2AUE        599 24     0
QSO:  3500 CW 2017-11-26 1425 JH3TCC        599 25     BV5OQ         599 24     0
QSO:  3500 CW 2017-11-26 1436 JH3TCC        599 25     K7JR          599 05     0
QSO:  3500 CW 2017-11-26 1443 JH3TCC        599 25     AH0K          599 27     0
QSO:  3500 CW 2017-11-26 1455 JH3TCC        599 25     BY8DX         599 24     0
QSO:  3500 CW 2017-11-26 1502 JH3TCC        599 25     BS4TQX        599 24     0
QSO:  3500 CW 2017-11-26 1513 JH3TCC        599 25     9M6NA         599 28     0
END-OF-LOG:
