START-OF-LOG: 3.0
CALLSIGN: UR5KO
CLUB:
CONTEST: CQ-WW-CW
CLAIMED-SCORE: 220476
OPERATORS: UR5KO
NAME: Oleg Shulgin
CREATED-BY: N1MM Logger V11.2.6
LOCATION: DX
CATEGORY-OPERATOR: SINGLE-OP
CATEGORY-TRANSMITTER: ONE
CATEGORY-ASSISTED: NON-ASSISTED
CATEGORY-BAND: ALL
CATEGORY-POWER: LOW
CATEGORY-MODE: CW
CATEGORY-STATION: FIXED
QSO:  7006 CW 2017-11-25 0004 UR5KO         599 16     RV9UP         599 18
QSO:  7011 CW 2017-11-25 0007 UR5KO         599 16     UD4F          599 16
QSO:  7013 CW 2017-11-25 0009 UR5KO         599 16     N5DX          599 05
QSO:  7020 CW 2017-11-25 0011 UR5KO         599 16     PI4CC         599 14
QSO:  7044 CW 2017-11-25 0016 UR5KO         599 16     YT1HA         599 15
QSO:  7059 CW 2017-11-25 0019 UR5KO         599 16     DK0TA         599 14
QSO:  7062 CW 2017-11-25 0020 UR5KO         599 16     W2XL          599 05
QSO:  7070 CW 2017-11-25 0021 UR5KO         599 16     OQ5M          599 14
QSO:  7073 CW 2017-11-25 0022 UR5KO         599 16     IC8FBU        599 15
QSO:  7002 CW 2017-11-25 0025 UR5KO         599 16     P33W          599 20
QSO:  7008 CW 2017-11-25 0027 UR5KO         599 16     NR4M          599 05
QSO:  7022 CW 2017-11-25 0033 UR5KO         599 16     DR1D          599 14
QSO:  7023 CW 2017-11-25 0038 UR5KO         599 16     CR3W          599 33
QSO:  7025 CW 2017-11-25 0040 UR5KO         599 16     K8AZ          599 04
QSO:  7028 CW 2017-11-25 0041 UR5KO         599 16     UP0L          599 17
QSO:  7033 CW 2017-11-25 0055 UR5KO         599 16     9A1A          599 15
QSO:  7036 CW 2017-11-25 0055 UR5KO         599 16     G4R           599 14
QSO:  7036 CW 2017-11-25 0056 UR5KO         599 16     G3P           599 14
QSO:  7049 CW 2017-11-25 0102 UR5KO         599 16     R8TT          599 16
QSO:  7050 CW 2017-11-25 0103 UR5KO         599 16     PA6X          599 14
QSO:  7056 CW 2017-11-25 0106 UR5KO         599 16     DD1A          599 14
QSO:  7057 CW 2017-11-25 0108 UR5KO         599 16     NP2X          599 08
QSO:  7060 CW 2017-11-25 0114 UR5KO         599 16     G3TXF         599 14
QSO:  7061 CW 2017-11-25 0115 UR5KO         599 16     PA/PY2SEX     599 14
QSO:  7070 CW 2017-11-25 0118 UR5KO         599 16     M0DXR         599 14
QSO:  7072 CW 2017-11-25 0118 UR5KO         599 16     IZ8EPX        599 15
QSO:  7073 CW 2017-11-25 0120 UR5KO         599 16     SZ1A          599 20
QSO:  7002 CW 2017-11-25 0123 UR5KO         599 16     RX9AF         599 17
QSO:  7016 CW 2017-11-25 0131 UR5KO         599 16     TM6M          599 14
QSO:  7021 CW 2017-11-25 0134 UR5KO         599 16     DL2CC         599 14
QSO:  7024 CW 2017-11-25 0144 UR5KO         599 16     II9P          599 15
QSO:  7025 CW 2017-11-25 0145 UR5KO         599 16     DR4A          599 14
QSO:  7026 CW 2017-11-25 0146 UR5KO         599 16     PI4COM        599 14
QSO:  7029 CW 2017-11-25 0147 UR5KO         599 16     DL1A          599 14
QSO:  7067 CW 2017-11-25 0203 UR5KO         599 16     SW9AA         599 20
QSO:  7065 CW 2017-11-25 0204 UR5KO         599 16     TM1A          599 14
QSO:  7058 CW 2017-11-25 0205 UR5KO         599 16     DR5N          599 14
QSO:  7049 CW 2017-11-25 0209 UR5KO         599 16     P40L          599 09
QSO:  7049 CW 2017-11-25 0210 UR5KO         599 16     EA5KM         599 14
QSO:  7047 CW 2017-11-25 0212 UR5KO         599 16     6Y9W          599 08
QSO:  7043 CW 2017-11-25 0214 UR5KO         599 16     N4AF          599 05
QSO:  7041 CW 2017-11-25 0217 UR5KO         599 16     PJ2T          599 09
QSO:  7033 CW 2017-11-25 0219 UR5KO         599 16     A61EK         599 21
QSO:  7029 CW 2017-11-25 0222 UR5KO         599 16     CR6K          599 14
QSO:  7010 CW 2017-11-25 0225 UR5KO         599 16     SX1T          599 20
QSO:  7005 CW 2017-11-25 0227 UR5KO         599 16     RV9UP         599 18
QSO:  7004 CW 2017-11-25 0229 UR5KO         599 16     DF0SQ         599 14
QSO:  7053 CW 2017-11-25 0247 UR5KO         599 16     PX2A          599 11
QSO:  7036 CW 2017-11-25 0250 UR5KO         599 16     WW4LL         599 05
QSO:  7025 CW 2017-11-25 0252 UR5KO         599 16     RN9N          599 17
QSO:  7022 CW 2017-11-25 0255 UR5KO         599 16     ZW8T          599 11
QSO:  7073 CW 2017-11-25 0318 UR5KO         599 16     CR3OO         599 33
QSO:  7070 CW 2017-11-25 0319 UR5KO         599 16     TM6X          599 14
QSO:  7060 CW 2017-11-25 0321 UR5KO         599 16     V47T          599 08
QSO:  3578 CW 2017-11-25 0334 UR5KO         599 16     SZ1A          599 20
QSO:  3575 CW 2017-11-25 0335 UR5KO         599 16     4X6FR         599 20
QSO:  3573 CW 2017-11-25 0337 UR5KO         599 16     SW9AA         599 20
QSO:  3573 CW 2017-11-25 0338 UR5KO         599 16     IU4AZC        599 15
QSO:  3572 CW 2017-11-25 0340 UR5KO         599 16     RA7R          599 16
QSO:  3571 CW 2017-11-25 0343 UR5KO         599 16     9K2NO         599 21
QSO:  3569 CW 2017-11-25 0344 UR5KO         599 16     OM7RU         599 15
QSO:  3568 CW 2017-11-25 0345 UR5KO         599 16     K2LE          599 05
QSO:  3568 CW 2017-11-25 0346 UR5KO         599 16     OL0W          599 15
QSO:  3567 CW 2017-11-25 0346 UR5KO         599 16     LY7Z          599 15
QSO:  3566 CW 2017-11-25 0347 UR5KO         599 16     9A2KI         599 15
QSO:  3565 CW 2017-11-25 0348 UR5KO         599 16     LY4G          599 15
QSO:  3564 CW 2017-11-25 0348 UR5KO         599 16     UR6IM         599 16
QSO:  3563 CW 2017-11-25 0349 UR5KO         599 16     OK2HBR        599 15
QSO:  3563 CW 2017-11-25 0350 UR5KO         599 16     OM1II         599 15
QSO:  3563 CW 2017-11-25 0351 UR5KO         599 16     RW3X          599 16
QSO:  3562 CW 2017-11-25 0351 UR5KO         599 16     LZ1AQ         599 20
QSO:  3561 CW 2017-11-25 0352 UR5KO         599 16     HB9CZF        599 14
QSO:  3561 CW 2017-11-25 0353 UR5KO         599 16     CR3W          599 33
QSO:  3559 CW 2017-11-25 0354 UR5KO         599 16     SO4R          599 15
QSO:  3558 CW 2017-11-25 0356 UR5KO         599 16     DL0GL         599 14
QSO:  3557 CW 2017-11-25 0357 UR5KO         599 16     EF1A          599 14
QSO:  3557 CW 2017-11-25 0358 UR5KO         599 16     DP6A          599 14
QSO:  3556 CW 2017-11-25 0358 UR5KO         599 16     RW2F          599 15
QSO:  3556 CW 2017-11-25 0400 UR5KO         599 16     OK3A          599 15
QSO:  3555 CW 2017-11-25 0402 UR5KO         599 16     Z33C          599 15
QSO:  3552 CW 2017-11-25 0402 UR5KO         599 16     RM9A          599 17
QSO:  3551 CW 2017-11-25 0403 UR5KO         599 16     E72U          599 15
QSO:  3549 CW 2017-11-25 0406 UR5KO         599 16     G3V           599 14
QSO:  3548 CW 2017-11-25 0407 UR5KO         599 16     ES2MC         599 15
QSO:  3548 CW 2017-11-25 0408 UR5KO         599 16     LN8W          599 14
QSO:  3547 CW 2017-11-25 0409 UR5KO         599 16     TM5T          599 14
QSO:  3547 CW 2017-11-25 0410 UR5KO         599 16     CN2R          599 33
QSO:  3544 CW 2017-11-25 0413 UR5KO         599 16     OR3A          599 14
QSO:  3543 CW 2017-11-25 0413 UR5KO         599 16     OK7FL         599 15
QSO:  3543 CW 2017-11-25 0414 UR5KO         599 16     UA4M          599 16
QSO:  3542 CW 2017-11-25 0415 UR5KO         599 16     HA5X          599 15
QSO:  3539 CW 2017-11-25 0417 UR5KO         599 16     SN8T          599 15
QSO:  3539 CW 2017-11-25 0418 UR5KO         599 16     TK0C          599 15
QSO:  3538 CW 2017-11-25 0419 UR5KO         599 16     DR4A          599 14
QSO:  3538 CW 2017-11-25 0419 UR5KO         599 16     OM7M          599 15
QSO:  3534 CW 2017-11-25 0421 UR5KO         599 16     4O4A          599 15
QSO:  3532 CW 2017-11-25 0422 UR5KO         599 16     9A1A          599 15
QSO:  3530 CW 2017-11-25 0423 UR5KO         599 16     ES9C          599 15
QSO:  3530 CW 2017-11-25 0423 UR5KO         599 16     UN4L          599 17
QSO:  3528 CW 2017-11-25 0424 UR5KO         599 16     F6ENO         599 14
QSO:  3524 CW 2017-11-25 0427 UR5KO         599 16     DM7C          599 14
QSO:  3523 CW 2017-11-25 0427 UR5KO         599 16     G5U           599 14
QSO:  3521 CW 2017-11-25 0428 UR5KO         599 16     9A5Y          599 15
QSO:  3518 CW 2017-11-25 0430 UR5KO         599 16     F5OHM         599 14
QSO:  3517 CW 2017-11-25 0431 UR5KO         599 16     YT1EA         599 15
QSO:  3507 CW 2017-11-25 0443 UR5KO         599 16     OM7LM         599 15
QSO:  3503 CW 2017-11-25 0445 UR5KO         599 16     EA5KM         599 14
QSO:  3566 CW 2017-11-25 0451 UR5KO         599 16     DJ8QP         599 14
QSO:  3565 CW 2017-11-25 0451 UR5KO         599 16     OK2RRR        599 15
QSO:  3565 CW 2017-11-25 0452 UR5KO         599 16     DP6T          599 14
QSO:  3563 CW 2017-11-25 0454 UR5KO         599 16     IK3UNA        599 15
QSO:  3562 CW 2017-11-25 0455 UR5KO         599 16     DK0TA         599 14
QSO:  3560 CW 2017-11-25 0456 UR5KO         599 16     OK8WW         599 15
QSO:  3559 CW 2017-11-25 0457 UR5KO         599 16     HA0LP         599 15
QSO:  3557 CW 2017-11-25 0458 UR5KO         599 16     OK1CRM        599 15
QSO:  3557 CW 2017-11-25 0458 UR5KO         599 16     OL4W          599 15
QSO:  3556 CW 2017-11-25 0459 UR5KO         599 16     OL1C          599 15
QSO:  3556 CW 2017-11-25 0459 UR5KO         599 16     OF1F          599 15
QSO:  3549 CW 2017-11-25 0502 UR5KO         599 16     IB9T          599 15
QSO:  3548 CW 2017-11-25 0503 UR5KO         599 16     S53EO         599 15
QSO:  3547 CW 2017-11-25 0504 UR5KO         599 16     DR8A          599 14
QSO:  3545 CW 2017-11-25 0507 UR5KO         599 16     IK0YVV        599 15
QSO:  3544 CW 2017-11-25 0507 UR5KO         599 16     OH2BAH        599 15
QSO:  3544 CW 2017-11-25 0640 UR5KO         599 16     HG5R          599 15
QSO:  3542 CW 2017-11-25 0641 UR5KO         599 16     OM3ZWA        599 15
QSO:  3542 CW 2017-11-25 0641 UR5KO         599 16     OL9Z          599 15
QSO:  3533 CW 2017-11-25 0644 UR5KO         599 16     EW6W          599 16
QSO:  3525 CW 2017-11-25 0644 UR5KO         599 16     9A1AA         599 15
QSO:  3520 CW 2017-11-25 0645 UR5KO         599 16     OM0M          599 15
QSO:  3516 CW 2017-11-25 0646 UR5KO         599 16     DR5N          599 14
QSO:  7038 CW 2017-11-25 0648 UR5KO         599 16     DK0TU         599 14
QSO:  7031 CW 2017-11-25 0651 UR5KO         599 16     PA3AAV        599 14
QSO:  7030 CW 2017-11-25 0652 UR5KO         599 16     OF5Z          599 15
QSO:  7029 CW 2017-11-25 0653 UR5KO         599 16     OK2D          599 15
QSO:  7019 CW 2017-11-25 0657 UR5KO         599 16     OK2QX         599 15
QSO:  7017 CW 2017-11-25 0659 UR5KO         599 16     5P3WW         599 14
QSO:  7016 CW 2017-11-25 0701 UR5KO         599 16     DK2DQ         599 14
QSO:  7015 CW 2017-11-25 0703 UR5KO         599 16     HG5A          599 15
QSO:  7014 CW 2017-11-25 0703 UR5KO         599 16     UW5U          599 16
QSO:  7012 CW 2017-11-25 0704 UR5KO         599 16     YR5N          599 20
QSO:  7009 CW 2017-11-25 0706 UR5KO         599 16     SN1Y          599 15
QSO:  7007 CW 2017-11-25 0707 UR5KO         599 16     HA0LP         599 15
QSO:  7004 CW 2017-11-25 0709 UR5KO         599 16     DF0HQ         599 14
QSO:  7002 CW 2017-11-25 0709 UR5KO         599 16     LY4L          599 15
QSO:  7066 CW 2017-11-25 0710 UR5KO         599 16     Z35M          599 15
QSO:  7061 CW 2017-11-25 0711 UR5KO         599 16     LY2J          599 15
QSO:  7058 CW 2017-11-25 0713 UR5KO         599 16     SP9LAS        599 15
QSO:  7053 CW 2017-11-25 0717 UR5KO         599 16     LZ5K          599 20
QSO:  7052 CW 2017-11-25 0717 UR5KO         599 16     SP9KDA        599 15
QSO:  7051 CW 2017-11-25 0718 UR5KO         599 16     HA6NL         599 15
QSO:  7049 CW 2017-11-25 0719 UR5KO         599 16     YU2A          599 15
QSO:  7048 CW 2017-11-25 0719 UR5KO         599 16     YL9T          599 15
QSO:  7045 CW 2017-11-25 0720 UR5KO         599 16     OL1M          599 15
QSO:  7039 CW 2017-11-25 0722 UR5KO         599 16     S50A          599 15
QSO:  7038 CW 2017-11-25 0722 UR5KO         599 16     LY2W          599 15
QSO:  7032 CW 2017-11-25 0723 UR5KO         599 16     YL2SM         599 15
QSO: 14007 CW 2017-11-25 0728 UR5KO         599 16     IR3C          599 15
QSO: 14012 CW 2017-11-25 0729 UR5KO         599 16     RM9A          599 17
QSO: 14013 CW 2017-11-25 0730 UR5KO         599 16     UA9LDD        599 17
QSO: 14014 CW 2017-11-25 0730 UR5KO         599 16     PA0VAJ        599 14
QSO: 14014 CW 2017-11-25 0731 UR5KO         599 16     RW9DX         599 17
QSO: 14016 CW 2017-11-25 0732 UR5KO         599 16     DF0SAX        599 14
QSO: 14022 CW 2017-11-25 0737 UR5KO         599 16     A61EK         599 21
QSO: 14023 CW 2017-11-25 0737 UR5KO         599 16     IT9LKX        599 15
QSO: 14023 CW 2017-11-25 0738 UR5KO         599 16     M2G           599 14
QSO: 14026 CW 2017-11-25 0740 UR5KO         599 16     TM0R          599 14
QSO: 14034 CW 2017-11-25 0743 UR5KO         599 16     G5O           599 14
QSO: 14035 CW 2017-11-25 0744 UR5KO         599 16     IR1Y          599 15
QSO:  7020 CW 2017-11-25 0750 UR5KO         599 16     UW0K          599 16
QSO: 14042 CW 2017-11-25 0813 UR5KO         599 16     S51YI         599 15
QSO: 14048 CW 2017-11-25 0815 UR5KO         599 16     OE2S          599 15
QSO: 14050 CW 2017-11-25 0817 UR5KO         599 16     9A5Y          599 15
QSO: 14052 CW 2017-11-25 0817 UR5KO         599 16     UN9L          599 17
QSO: 14052 CW 2017-11-25 0818 UR5KO         599 16     OK7FL         599 15
QSO: 14053 CW 2017-11-25 0818 UR5KO         599 16     OL1C          599 15
QSO: 14055 CW 2017-11-25 0819 UR5KO         599 16     S50K          599 15
QSO: 14056 CW 2017-11-25 0821 UR5KO         599 16     OL6P          599 15
QSO: 14056 CW 2017-11-25 0822 UR5KO         599 16     EF2A          599 14
QSO: 14058 CW 2017-11-25 0825 UR5KO         599 16     EA1WX         599 14
QSO: 14063 CW 2017-11-25 0829 UR5KO         599 16     SZ1A          599 20
QSO: 14066 CW 2017-11-25 0831 UR5KO         599 16     UA9AEU        599 17
QSO: 14069 CW 2017-11-25 0834 UR5KO         599 16     OM7RU         599 15
QSO: 14070 CW 2017-11-25 0835 UR5KO         599 16     JH4UYB        599 25
QSO: 14070 CW 2017-11-25 0835 UR5KO         599 16     PA3AAV        599 14
QSO: 14080 CW 2017-11-25 0838 UR5KO         599 16     PA/PY2SEX     599 14
QSO: 14085 CW 2017-11-25 0839 UR5KO         599 16     ZB2TT         599 14
QSO: 14002 CW 2017-11-25 0844 UR5KO         599 16     UA9TO         599 16
QSO: 14008 CW 2017-11-25 0846 UR5KO         599 16     DL1A          599 14
QSO: 14012 CW 2017-11-25 0853 UR5KO         599 16     UP2L          599 17
QSO: 14013 CW 2017-11-25 0855 UR5KO         599 16     IR6T          599 15
QSO: 14015 CW 2017-11-25 0912 UR5KO         599 16     OH8X          599 15
QSO: 14016 CW 2017-11-25 0913 UR5KO         599 16     RW0A          599 18
QSO: 14022 CW 2017-11-25 0916 UR5KO         599 16     F6ENO         599 14
QSO: 14024 CW 2017-11-25 0917 UR5KO         599 16     IR4X          599 15
QSO: 14024 CW 2017-11-25 0918 UR5KO         599 16     TM4Q          599 14
QSO: 14024 CW 2017-11-25 0919 UR5KO         599 16     IZ8EPX        599 15
QSO: 14030 CW 2017-11-25 0922 UR5KO         599 16     ZA1WW         599 15
QSO: 14030 CW 2017-11-25 0923 UR5KO         599 16     PI4COM        599 14
QSO: 14032 CW 2017-11-25 0924 UR5KO         599 16     EF8R          599 33
QSO: 14033 CW 2017-11-25 0925 UR5KO         599 16     DR4A          599 14
QSO: 14034 CW 2017-11-25 0926 UR5KO         599 16     IQ3RK         599 15
QSO: 14040 CW 2017-11-25 0929 UR5KO         599 16     SK3W          599 14
QSO: 14041 CW 2017-11-25 0930 UR5KO         599 16     EC2DX         599 14
QSO: 14043 CW 2017-11-25 0932 UR5KO         599 16     S57AL         599 15
QSO: 14047 CW 2017-11-25 0933 UR5KO         599 16     OR3A          599 14
QSO: 14050 CW 2017-11-25 0933 UR5KO         599 16     TM1A          599 14
QSO: 14052 CW 2017-11-25 0935 UR5KO         599 16     OF5Z          599 15
QSO: 14053 CW 2017-11-25 0935 UR5KO         599 16     DL7JAN        599 14
QSO: 14055 CW 2017-11-25 0937 UR5KO         599 16     4X2M          599 20
QSO: 14057 CW 2017-11-25 0938 UR5KO         599 16     EI0R          599 14
QSO: 14058 CW 2017-11-25 0940 UR5KO         599 16     MJ0RTI        599 14
QSO: 14063 CW 2017-11-25 1009 UR5KO         599 16     PA6NB         599 14
QSO: 14080 CW 2017-11-25 1020 UR5KO         599 16     E79EA         599 15
QSO: 14068 CW 2017-11-25 1028 UR5KO         599 16     IR1X          599 15
QSO: 14060 CW 2017-11-25 1030 UR5KO         599 16     Z31NA         599 15
QSO: 14059 CW 2017-11-25 1032 UR5KO         599 16     IR2L          599 15
QSO: 14051 CW 2017-11-25 1036 UR5KO         599 16     M7O           599 14
QSO: 14049 CW 2017-11-25 1037 UR5KO         599 16     DF0HQ         599 14
QSO: 14048 CW 2017-11-25 1038 UR5KO         599 16     DL6FBL        599 14
QSO: 14047 CW 2017-11-25 1040 UR5KO         599 16     RW9UY         599 18
QSO: 14046 CW 2017-11-25 1041 UR5KO         599 16     CR3OO         599 33
QSO: 14044 CW 2017-11-25 1044 UR5KO         599 16     RT1O          599 16
QSO: 14043 CW 2017-11-25 1044 UR5KO         599 16     CR6K          599 14
QSO: 14042 CW 2017-11-25 1045 UR5KO         599 16     S52CO         599 15
QSO: 14031 CW 2017-11-25 1049 UR5KO         599 16     S57AW         599 15
QSO: 14028 CW 2017-11-25 1051 UR5KO         599 16     S59ABC        599 15
QSO: 14027 CW 2017-11-25 1052 UR5KO         599 16     IR4M          599 15
QSO: 14023 CW 2017-11-25 1222 UR5KO         599 16     EF5F          599 14
QSO: 14028 CW 2017-11-25 1223 UR5KO         599 16     PA6X          599 14
QSO: 14029 CW 2017-11-25 1224 UR5KO         599 16     LA8HGA        599 14
QSO: 14034 CW 2017-11-25 1228 UR5KO         599 16     N2SR          599 05
QSO: 14035 CW 2017-11-25 1229 UR5KO         599 16     K3CCR         599 05
QSO: 14036 CW 2017-11-25 1232 UR5KO         599 16     OF8L          599 15
QSO: 14039 CW 2017-11-25 1233 UR5KO         599 16     KC1XX         599 05
QSO: 14040 CW 2017-11-25 1234 UR5KO         599 16     GW5R          599 14
QSO: 14048 CW 2017-11-25 1243 UR5KO         599 16     ZF9CW         599 08
QSO: 14006 CW 2017-11-25 1246 UR5KO         599 16     N2MF          599 05
QSO: 14008 CW 2017-11-25 1247 UR5KO         599 16     EA5KM         599 14
QSO: 14010 CW 2017-11-25 1248 UR5KO         599 16     W3UA          599 05
QSO: 14012 CW 2017-11-25 1254 UR5KO         599 16     K3WW          599 05
QSO: 14018 CW 2017-11-25 1256 UR5KO         599 16     W4RM          599 05
QSO:  7038 CW 2017-11-26 0100 UR5KO         599 16     M6T           599 14
QSO:  7039 CW 2017-11-26 0100 UR5KO         599 16     RT3F          599 16
QSO:  7043 CW 2017-11-26 0102 UR5KO         599 16     DL6FBL        599 14
QSO:  7052 CW 2017-11-26 0105 UR5KO         599 16     7Z1SJ         599 21
QSO:  7056 CW 2017-11-26 0107 UR5KO         599 16     RF9C          599 17
QSO:  7059 CW 2017-11-26 0109 UR5KO         599 16     CU4DX         599 14
QSO:  7068 CW 2017-11-26 0111 UR5KO         599 16     RT6A          599 16
QSO:  7012 CW 2017-11-26 0116 UR5KO         599 16     TK0C          599 15
QSO:  7027 CW 2017-11-26 0120 UR5KO         599 16     DA0WRTC       599 14
QSO:  7037 CW 2017-11-26 0121 UR5KO         599 16     EI0R          599 14
QSO:  7041 CW 2017-11-26 0122 UR5KO         599 16     PA4M          599 14
QSO:  3506 CW 2017-11-26 0126 UR5KO         599 16     OK5E          599 15
QSO:  3507 CW 2017-11-26 0127 UR5KO         599 16     DJ3KR         599 14
QSO:  3508 CW 2017-11-26 0128 UR5KO         599 16     R7NW          599 16
QSO:  3509 CW 2017-11-26 0130 UR5KO         599 16     TM3R          599 14
QSO:  3510 CW 2017-11-26 0132 UR5KO         599 16     HG5A          599 15
QSO:  3511 CW 2017-11-26 0134 UR5KO         599 16     RA1TU         599 16
QSO:  3513 CW 2017-11-26 0137 UR5KO         599 16     IK2WSO        599 15
QSO:  3515 CW 2017-11-26 0138 UR5KO         599 16     F5IN          599 14
QSO:  3517 CW 2017-11-26 0139 UR5KO         599 16     IZ1GAR        599 15
QSO:  3520 CW 2017-11-26 0140 UR5KO         599 16     SM6M          599 14
QSO:  3521 CW 2017-11-26 0141 UR5KO         599 16     RM1Q          599 16
QSO:  3522 CW 2017-11-26 0142 UR5KO         599 16     S57Z          599 15
QSO:  3523 CW 2017-11-26 0143 UR5KO         599 16     M6T           599 14
QSO:  3524 CW 2017-11-26 0144 UR5KO         599 16     YU5T          599 15
QSO:  3524 CW 2017-11-26 0147 UR5KO         599 16     SP8PDE        599 15
QSO:  3526 CW 2017-11-26 0148 UR5KO         599 16     DL1A          599 14
QSO:  3527 CW 2017-11-26 0149 UR5KO         599 16     SO4M          599 15
QSO:  3528 CW 2017-11-26 0149 UR5KO         599 16     OF5Z          599 15
QSO:  3529 CW 2017-11-26 0150 UR5KO         599 16     DF0HQ         599 14
QSO:  3530 CW 2017-11-26 0151 UR5KO         599 16     UC9A          599 17
QSO:  3531 CW 2017-11-26 0152 UR5KO         599 16     RV3ZN         599 16
QSO:  3531 CW 2017-11-26 0153 UR5KO         599 16     OK1P          599 15
QSO:  3533 CW 2017-11-26 0154 UR5KO         599 16     EU2EU         599 16
QSO:  3533 CW 2017-11-26 0155 UR5KO         599 16     UK9AA         599 17
QSO:  3533 CW 2017-11-26 0156 UR5KO         599 16     IR1Y          599 15
QSO:  3534 CW 2017-11-26 0157 UR5KO         599 16     RZ7T          599 16
QSO:  3535 CW 2017-11-26 0211 UR5KO         599 16     7X2ARA        599 33
QSO:  3536 CW 2017-11-26 0211 UR5KO         599 16     RT6A          599 16
QSO:  3539 CW 2017-11-26 0215 UR5KO         599 16     Z3B           599 15
QSO:  3540 CW 2017-11-26 0216 UR5KO         599 16     OH9W          599 15
QSO:  3546 CW 2017-11-26 0219 UR5KO         599 16     HG7T          599 15
QSO:  3546 CW 2017-11-26 0221 UR5KO         599 16     YT1X          599 15
QSO:  3548 CW 2017-11-26 0222 UR5KO         599 16     OP4K          599 14
QSO:  3549 CW 2017-11-26 0222 UR5KO         599 16     SP9KDA        599 15
QSO:  3549 CW 2017-11-26 0223 UR5KO         599 16     EA1DAV        599 14
QSO:  3550 CW 2017-11-26 0224 UR5KO         599 16     YU7KW         599 15
QSO:  3551 CW 2017-11-26 0224 UR5KO         599 16     HG5C          599 15
QSO:  3562 CW 2017-11-26 0227 UR5KO         599 16     S52CO         599 15
QSO:  3562 CW 2017-11-26 0227 UR5KO         599 16     OK1HCG        599 15
QSO:  3564 CW 2017-11-26 0228 UR5KO         599 16     PI4COM        599 14
QSO:  3564 CW 2017-11-26 0228 UR5KO         599 16     RW4WA         599 16
QSO:  3565 CW 2017-11-26 0232 UR5KO         599 16     NR3X          599 05
QSO:  3566 CW 2017-11-26 0234 UR5KO         599 16     9A8M          599 15
QSO:  3567 CW 2017-11-26 0235 UR5KO         599 16     S53Z          599 15
QSO:  3567 CW 2017-11-26 0235 UR5KO         599 16     RU9CC         599 17
QSO:  3568 CW 2017-11-26 0236 UR5KO         599 16     LY8O          599 15
QSO:  3569 CW 2017-11-26 0238 UR5KO         599 16     LY2W          599 15
QSO:  3572 CW 2017-11-26 0238 UR5KO         599 16     Z35W          599 15
QSO:  3501 CW 2017-11-26 0240 UR5KO         599 16     YU1YV         599 15
QSO:  3503 CW 2017-11-26 0240 UR5KO         599 16     DL6KWN        599 14
QSO:  7034 CW 2017-11-26 0248 UR5KO         599 16     IR1Y          599 15
QSO:  7033 CW 2017-11-26 0249 UR5KO         599 16     TM4Q          599 14
QSO:  7032 CW 2017-11-26 0250 UR5KO         599 16     YT5A          599 15
QSO:  7030 CW 2017-11-26 0251 UR5KO         599 16     IK4DCX        599 15
QSO:  7028 CW 2017-11-26 0252 UR5KO         599 16     I1NVU         599 15
QSO:  7020 CW 2017-11-26 0254 UR5KO         599 16     CN2AA         599 33
QSO:  7016 CW 2017-11-26 0256 UR5KO         599 16     PA3GVI        599 14
QSO:  7012 CW 2017-11-26 0257 UR5KO         599 16     IR2L          599 15
QSO:  7004 CW 2017-11-26 0259 UR5KO         599 16     TM3R          599 14
QSO:  7035 CW 2017-11-26 0315 UR5KO         599 16     G3V           599 14
QSO:  7029 CW 2017-11-26 0316 UR5KO         599 16     TM5N          599 14
QSO:  3581 CW 2017-11-26 0332 UR5KO         599 16     S51DI         599 15
QSO:  3573 CW 2017-11-26 0333 UR5KO         599 16     RC3U          599 16
QSO:  3570 CW 2017-11-26 0334 UR5KO         599 16     OK2QA         599 15
QSO:  3569 CW 2017-11-26 0335 UR5KO         599 16     HG0R          599 15
QSO:  3564 CW 2017-11-26 0336 UR5KO         599 16     OH3RB         599 15
QSO:  3563 CW 2017-11-26 0339 UR5KO         599 16     CR3OO         599 33
QSO:  3559 CW 2017-11-26 0341 UR5KO         599 16     EC5CR         599 14
QSO:  3559 CW 2017-11-26 0342 UR5KO         599 16     IR6T          599 15
QSO:  3558 CW 2017-11-26 0342 UR5KO         599 16     EA4KT         599 14
QSO:  3556 CW 2017-11-26 0344 UR5KO         599 16     OZ1IKY        599 14
QSO:  3552 CW 2017-11-26 0345 UR5KO         599 16     PA3AAV        599 14
QSO:  3551 CW 2017-11-26 0349 UR5KO         599 16     OK1FGD        599 15
QSO:  3548 CW 2017-11-26 0350 UR5KO         599 16     SE6E          599 14
QSO:  3545 CW 2017-11-26 0353 UR5KO         599 16     LZ7A          599 20
QSO:  3544 CW 2017-11-26 0353 UR5KO         599 16     YL2TD         599 15
QSO:  3578 CW 2017-11-26 0417 UR5KO         599 16     OM6TX         599 15
QSO:  3573 CW 2017-11-26 0425 UR5KO         599 16     TC630MECCA    599 20
QSO:  3571 CW 2017-11-26 0428 UR5KO         599 16     SP5CJQ        599 15
QSO:  3570 CW 2017-11-26 0428 UR5KO         599 16     LY4L          599 15
QSO:  3569 CW 2017-11-26 0429 UR5KO         599 16     OE2S          599 15
QSO:  3566 CW 2017-11-26 0431 UR5KO         599 16     YU0U          599 15
QSO:  3563 CW 2017-11-26 0432 UR5KO         599 16     RC6U          599 16
QSO:  3561 CW 2017-11-26 0433 UR5KO         599 16     HG6N          599 15
QSO:  3558 CW 2017-11-26 0436 UR5KO         599 16     ER4A          599 16
QSO:  3551 CW 2017-11-26 0438 UR5KO         599 16     RM7C          599 16
QSO:  3550 CW 2017-11-26 0446 UR5KO         599 16     RT1O          599 16
QSO:  3549 CW 2017-11-26 0447 UR5KO         599 16     IQ3RK         599 15
QSO:  3542 CW 2017-11-26 0448 UR5KO         599 16     UA3RF         599 16
QSO:  3537 CW 2017-11-26 0451 UR5KO         599 16     OK5W          599 15
QSO:  3534 CW 2017-11-26 0452 UR5KO         599 16     IR4M          599 15
QSO:  3534 CW 2017-11-26 0453 UR5KO         599 16     OM4Q          599 15
QSO:  3526 CW 2017-11-26 0458 UR5KO         599 16     TM6M          599 14
QSO:  3525 CW 2017-11-26 0458 UR5KO         599 16     UA7K          599 16
QSO:  3525 CW 2017-11-26 0459 UR5KO         599 16     YT5A          599 15
QSO:  3523 CW 2017-11-26 0500 UR5KO         599 16     IR2L          599 15
QSO:  3521 CW 2017-11-26 0501 UR5KO         599 16     M2G           599 14
QSO:  3521 CW 2017-11-26 0501 UR5KO         599 16     E70T          599 15
QSO:  3520 CW 2017-11-26 0502 UR5KO         599 16     OZ1AAR        599 14
QSO:  7013 CW 2017-11-26 0505 UR5KO         599 16     ON5JT         599 14
QSO:  7022 CW 2017-11-26 0506 UR5KO         599 16     UA3R          599 16
QSO:  7028 CW 2017-11-26 0507 UR5KO         599 16     IR4M          599 15
QSO:  7032 CW 2017-11-26 0508 UR5KO         599 16     TM4Q          599 14
QSO:  7051 CW 2017-11-26 0512 UR5KO         599 16     ED8X          599 33
QSO:  7061 CW 2017-11-26 0514 UR5KO         599 16     RL6M          599 16
QSO:  7061 CW 2017-11-26 0515 UR5KO         599 16     G3GTF         599 14
QSO:  7065 CW 2017-11-26 0520 UR5KO         599 16     FY5KE         599 09
QSO:  7055 CW 2017-11-26 0522 UR5KO         599 16     EC2DX         599 14
QSO:  7046 CW 2017-11-26 0523 UR5KO         599 16     6Y0W          599 08
QSO:  7044 CW 2017-11-26 0524 UR5KO         599 16     ZA1WW         599 15
QSO:  7037 CW 2017-11-26 0526 UR5KO         599 16     PJ4Y          599 09
QSO:  7033 CW 2017-11-26 0527 UR5KO         599 16     DL6NDW        599 14
QSO:  7026 CW 2017-11-26 0528 UR5KO         599 16     UA4CNJ        599 16
QSO:  7026 CW 2017-11-26 0529 UR5KO         599 16     IO2X          599 15
QSO:  7020 CW 2017-11-26 0531 UR5KO         599 16     F5OHM         599 14
QSO:  7001 CW 2017-11-26 0536 UR5KO         599 16     LZ5XQ         599 20
QSO:  7001 CW 2017-11-26 0536 UR5KO         599 16     F5IN          599 14
QSO:  7063 CW 2017-11-26 0538 UR5KO         599 16     IR6T          599 15
QSO:  7052 CW 2017-11-26 0540 UR5KO         599 16     IK2SND        599 15
QSO:  7050 CW 2017-11-26 0544 UR5KO         599 16     TO2SP         599 08
QSO: 14067 CW 2017-11-26 0747 UR5KO         599 16     A44A          599 21
QSO: 14066 CW 2017-11-26 0751 UR5KO         599 16     7X2ARA        599 33
QSO: 14065 CW 2017-11-26 0751 UR5KO         599 16     G3V           599 14
QSO: 14064 CW 2017-11-26 0752 UR5KO         599 16     IT9SSI        599 15
QSO: 14063 CW 2017-11-26 0754 UR5KO         599 16     A45XR         599 21
QSO: 14062 CW 2017-11-26 0755 UR5KO         599 16     M6T           599 14
QSO: 14058 CW 2017-11-26 0758 UR5KO         599 16     CN8KD         599 33
QSO: 14050 CW 2017-11-26 0804 UR5KO         599 16     ON5JT         599 14
QSO: 14049 CW 2017-11-26 0804 UR5KO         599 16     F4WBN         599 14
QSO: 14049 CW 2017-11-26 0805 UR5KO         599 16     UA4M          599 16
QSO: 14046 CW 2017-11-26 0807 UR5KO         599 16     LZ9W          599 20
QSO: 14046 CW 2017-11-26 0809 UR5KO         599 16     TK0C          599 15
QSO: 14035 CW 2017-11-26 0812 UR5KO         599 16     CT7AJL        599 14
QSO: 14035 CW 2017-11-26 0814 UR5KO         599 16     R8FF/8        599 17
QSO: 14034 CW 2017-11-26 0814 UR5KO         599 16     UA4PN         599 16
QSO: 14023 CW 2017-11-26 0825 UR5KO         599 16     EA2AZ         599 14
QSO: 14021 CW 2017-11-26 0825 UR5KO         599 16     PI4CC         599 14
QSO: 14019 CW 2017-11-26 0827 UR5KO         599 16     EA5GIE        599 14
QSO: 14015 CW 2017-11-26 0828 UR5KO         599 16     RN9T          599 16
QSO: 14010 CW 2017-11-26 0830 UR5KO         599 16     UI8J          599 17
QSO: 14070 CW 2017-11-26 0831 UR5KO         599 16     R8IA          599 18
QSO: 14069 CW 2017-11-26 0835 UR5KO         599 16     C4W           599 20
QSO: 14069 CW 2017-11-26 0905 UR5KO         599 16     G4R           599 14
QSO: 14060 CW 2017-11-26 0908 UR5KO         599 16     GJ2A          599 14
QSO: 14057 CW 2017-11-26 0910 UR5KO         599 16     IK0YUO        599 15
QSO: 14053 CW 2017-11-26 0911 UR5KO         599 16     IK2SND        599 15
QSO: 14053 CW 2017-11-26 0911 UR5KO         599 16     II9P          599 15
QSO: 14052 CW 2017-11-26 0912 UR5KO         599 16     OH1TX         599 15
QSO: 14051 CW 2017-11-26 0913 UR5KO         599 16     M0DXR         599 14
QSO: 14043 CW 2017-11-26 0918 UR5KO         599 16     LN8W          599 14
QSO: 14043 CW 2017-11-26 0925 UR5KO         599 16     RN4HAB        599 16
QSO: 14037 CW 2017-11-26 0926 UR5KO         599 16     IB9T          599 15
QSO: 14036 CW 2017-11-26 0928 UR5KO         599 16     RT4W          599 16
QSO: 14033 CW 2017-11-26 0930 UR5KO         599 16     IZ8GCB        599 15
QSO: 14029 CW 2017-11-26 0931 UR5KO         599 16     F5IN          599 14
QSO: 14027 CW 2017-11-26 0933 UR5KO         599 16     UW0K          599 16
QSO: 14021 CW 2017-11-26 0936 UR5KO         599 16     TM6M          599 14
QSO: 14020 CW 2017-11-26 0937 UR5KO         599 16     4X6FR         599 20
QSO: 14019 CW 2017-11-26 0937 UR5KO         599 16     PB2JJ         599 14
QSO: 14018 CW 2017-11-26 0941 UR5KO         599 16     SD6E          599 14
QSO: 14014 CW 2017-11-26 0951 UR5KO         599 16     RK0S          599 18
QSO: 14012 CW 2017-11-26 0953 UR5KO         599 16     OP4K          599 14
QSO: 21012 CW 2017-11-26 0955 UR5KO         599 16     CR5T          599 14
QSO: 21013 CW 2017-11-26 1028 UR5KO         599 16     CX2AQ         599 13
QSO: 21029 CW 2017-11-26 1031 UR5KO         599 16     DF0HQ         599 14
QSO: 21031 CW 2017-11-26 1036 UR5KO         599 16     9H6A          599 15
QSO: 21043 CW 2017-11-26 1041 UR5KO         599 16     EA5KV         599 14
QSO: 21046 CW 2017-11-26 1041 UR5KO         599 16     ED5W          599 14
QSO: 21056 CW 2017-11-26 1044 UR5KO         599 16     ED8X          599 33
QSO: 21059 CW 2017-11-26 1054 UR5KO         599 16     EA5KM         599 14
QSO: 21008 CW 2017-11-26 1055 UR5KO         599 16     EF8R          599 33
QSO: 21007 CW 2017-11-26 1101 UR5KO         599 16     EA3NN         599 14
QSO: 21045 CW 2017-11-26 1110 UR5KO         599 16     7X2ARA        599 33
QSO: 21057 CW 2017-11-26 1112 UR5KO         599 16     F4WBN         599 14
QSO: 21058 CW 2017-11-26 1113 UR5KO         599 16     TM5T          599 14
QSO: 14011 CW 2017-11-26 1116 UR5KO         599 16     4L2M          599 21
QSO: 14070 CW 2017-11-26 1117 UR5KO         599 16     M8A           599 14
QSO: 14068 CW 2017-11-26 1118 UR5KO         599 16     NP2X          599 08
QSO: 14067 CW 2017-11-26 1121 UR5KO         599 16     HG4I          599 15
QSO: 14066 CW 2017-11-26 1122 UR5KO         599 16     IZ8EFD        599 15
QSO: 14066 CW 2017-11-26 1123 UR5KO         599 16     SV1RHL        599 20
QSO: 14065 CW 2017-11-26 1124 UR5KO         599 16     DR8A          599 14
QSO: 14064 CW 2017-11-26 1125 UR5KO         599 16     PA1T          599 14
QSO: 14062 CW 2017-11-26 1126 UR5KO         599 16     DP6A          599 14
QSO: 14061 CW 2017-11-26 1127 UR5KO         599 16     UN6LN         599 17
QSO: 14057 CW 2017-11-26 1152 UR5KO         599 16     DK8R          599 14
QSO: 14056 CW 2017-11-26 1154 UR5KO         599 16     CN2AA         599 33
QSO: 14040 CW 2017-11-26 1203 UR5KO         599 16     F6GGA         599 14
QSO: 14039 CW 2017-11-26 1205 UR5KO         599 16     OM7M          599 15
QSO: 14038 CW 2017-11-26 1206 UR5KO         599 16     IK0YVV        599 15
QSO: 21006 CW 2017-11-26 1213 UR5KO         599 16     LU6UO         599 13
QSO: 21025 CW 2017-11-26 1217 UR5KO         599 16     EA7KB         599 14
QSO: 21027 CW 2017-11-26 1219 UR5KO         599 16     ZW5B          599 11
QSO: 21036 CW 2017-11-26 1221 UR5KO         599 16     9G5W          599 35
QSO: 21049 CW 2017-11-26 1225 UR5KO         599 16     S79K          599 39
QSO: 21056 CW 2017-11-26 1227 UR5KO         599 16     CT1BQH        599 14
QSO: 21061 CW 2017-11-26 1229 UR5KO         599 16     ZS2NF         599 38
QSO: 21063 CW 2017-11-26 1231 UR5KO         599 16     CR6K          599 14
QSO: 21033 CW 2017-11-26 1235 UR5KO         599 16     N1LN          599 05
QSO: 21040 CW 2017-11-26 1238 UR5KO         599 16     CW5W          599 13
QSO: 14083 CW 2017-11-26 1257 UR5KO         599 16     CN2R          599 33
QSO: 14081 CW 2017-11-26 1258 UR5KO         599 16     DD1A          599 14
QSO: 14073 CW 2017-11-26 1301 UR5KO         599 16     GW9J          599 14
QSO: 14060 CW 2017-11-26 1304 UR5KO         599 16     MM2T          599 14
QSO: 14057 CW 2017-11-26 1305 UR5KO         599 16     HG7T          599 15
QSO: 14057 CW 2017-11-26 1306 UR5KO         599 16     OP7B          599 14
QSO: 14056 CW 2017-11-26 1307 UR5KO         599 16     EI5KF         599 14
QSO: 14053 CW 2017-11-26 1310 UR5KO         599 16     IT9BXR        599 15
QSO: 14051 CW 2017-11-26 1311 UR5KO         599 16     HB0A          599 14
QSO: 14050 CW 2017-11-26 1313 UR5KO         599 16     M7W           599 14
QSO: 14049 CW 2017-11-26 1314 UR5KO         599 16     N2RJ          599 05
QSO: 21013 CW 2017-11-26 1321 UR5KO         599 16     K1JB          599 05
QSO: 21018 CW 2017-11-26 1324 UR5KO         599 16     PZ5V          599 09
QSO: 21024 CW 2017-11-26 1328 UR5KO         599 16     K2LE          599 05
QSO: 21033 CW 2017-11-26 1334 UR5KO         599 16     N3RS          599 05
QSO: 21033 CW 2017-11-26 1335 UR5KO         599 16     NR3X          599 05
QSO: 21043 CW 2017-11-26 1341 UR5KO         599 16     NC1I          599 05
QSO: 21000 CW 2017-11-26 1349 UR5KO         599 16     KC1XX         599 05
QSO: 14062 CW 2017-11-26 1359 UR5KO         599 16     5P3WW         599 14
QSO: 14048 CW 2017-11-26 1403 UR5KO         599 16     TM1T          599 14
QSO: 14040 CW 2017-11-26 1417 UR5KO         599 16     ES9C          599 15
QSO: 14036 CW 2017-11-26 1419 UR5KO         599 16     TM6X          599 14
QSO: 14035 CW 2017-11-26 1420 UR5KO         599 16     N3RS          599 05
QSO: 14031 CW 2017-11-26 1424 UR5KO         599 16     5X1NH         599 37
QSO: 14021 CW 2017-11-26 1426 UR5KO         599 16     LZ7A          599 20
QSO: 14020 CW 2017-11-26 1428 UR5KO         599 16     G6T           599 14
QSO: 14020 CW 2017-11-26 1431 UR5KO         599 16     CT9/OM3GI     599 33
QSO: 14017 CW 2017-11-26 1433 UR5KO         599 16     OR5T          599 14
QSO: 14008 CW 2017-11-26 1439 UR5KO         599 16     9G5W          599 35
QSO: 14080 CW 2017-11-26 1440 UR5KO         599 16     OY1CT         599 14
QSO: 14062 CW 2017-11-26 1448 UR5KO         599 16     IK3UNA        599 15
QSO:  3565 CW 2017-11-26 1456 UR5KO         599 16     I2IFT         599 15
QSO:  3560 CW 2017-11-26 1457 UR5KO         599 16     UA5F          599 16
QSO:  3557 CW 2017-11-26 1457 UR5KO         599 16     RX3AEX        599 16
QSO:  3545 CW 2017-11-26 1459 UR5KO         599 16     S52FT         599 15
QSO:  3544 CW 2017-11-26 1459 UR5KO         599 16     S51Z          599 15
QSO:  3544 CW 2017-11-26 1501 UR5KO         599 16     RU9AC         599 17
QSO:  3536 CW 2017-11-26 1504 UR5KO         599 16     HA5BA         599 15
QSO:  3532 CW 2017-11-26 1505 UR5KO         599 16     SP4JCQ        599 15
QSO:  3531 CW 2017-11-26 1506 UR5KO         599 16     OH3K          599 15
QSO:  3528 CW 2017-11-26 1508 UR5KO         599 16     JA3YBK        599 25
QSO:  3528 CW 2017-11-26 1509 UR5KO         599 16     OK1QM         599 15
QSO:  3526 CW 2017-11-26 1509 UR5KO         599 16     RT9L          599 17
QSO:  3525 CW 2017-11-26 1511 UR5KO         599 16     HG6O          599 15
QSO:  3524 CW 2017-11-26 1512 UR5KO         599 16     RW0A          599 18
QSO:  3522 CW 2017-11-26 1513 UR5KO         599 16     SP2KJH        599 15
QSO:  3519 CW 2017-11-26 1515 UR5KO         599 16     S57WJ         599 15
QSO:  3518 CW 2017-11-26 1515 UR5KO         599 16     SK3W          599 14
QSO:  3514 CW 2017-11-26 1517 UR5KO         599 16     YR8D          599 20
QSO:  3514 CW 2017-11-26 1517 UR5KO         599 16     SP5XO         599 15
QSO:  3513 CW 2017-11-26 1518 UR5KO         599 16     HA6FQ         599 15
QSO:  3512 CW 2017-11-26 1519 UR5KO         599 16     9A2GA         599 15
QSO:  3505 CW 2017-11-26 1521 UR5KO         599 16     SP3IPB        599 15
QSO:  3567 CW 2017-11-26 1536 UR5KO         599 16     S56M          599 15
QSO:  3551 CW 2017-11-26 1548 UR5KO         599 16     LZ9W          599 20
QSO:  3547 CW 2017-11-26 1549 UR5KO         599 16     OH0V          599 15
QSO:  3545 CW 2017-11-26 1550 UR5KO         599 16     RW3ZC         599 16
QSO:  3541 CW 2017-11-26 1551 UR5KO         599 16     IV3UHL        599 15
QSO:  3539 CW 2017-11-26 1553 UR5KO         599 16     ES1BH         599 15
QSO:  3534 CW 2017-11-26 1557 UR5KO         599 16     YO8DOH        599 20
QSO:  3559 CW 2017-11-26 1603 UR5KO         599 16     EW2ES         599 16
QSO:  3556 CW 2017-11-26 1604 UR5KO         599 16     EW1TO         599 16
QSO:  3555 CW 2017-11-26 1606 UR5KO         599 16     DL9ZP         599 14
QSO:  3553 CW 2017-11-26 1607 UR5KO         599 16     E75M          599 15
QSO:  3542 CW 2017-11-26 1610 UR5KO         599 16     OL3A          599 15
QSO:  3540 CW 2017-11-26 1611 UR5KO         599 16     R4MZ          599 16
QSO:  3536 CW 2017-11-26 1613 UR5KO         599 16     YO3LP         599 20
QSO:  3535 CW 2017-11-26 1614 UR5KO         599 16     HA6NW         599 15
QSO:  7071 CW 2017-11-26 1703 UR5KO         599 16     A44A          599 21
QSO:  7070 CW 2017-11-26 1704 UR5KO         599 16     EA6SX         599 14
QSO:  7066 CW 2017-11-26 1706 UR5KO         599 16     YU3EEA        599 15
QSO:  7063 CW 2017-11-26 1709 UR5KO         599 16     DR8A          599 14
QSO:  7050 CW 2017-11-26 1715 UR5KO         599 16     EA3DU         599 14
QSO:  7049 CW 2017-11-26 1716 UR5KO         599 16     EA7RM         599 14
QSO:  7046 CW 2017-11-26 1717 UR5KO         599 16     9A1CBM        599 15
QSO:  7033 CW 2017-11-26 1719 UR5KO         599 16     IZ5DKJ        599 15
QSO:  7031 CW 2017-11-26 1721 UR5KO         599 16     S58P          599 15
QSO:  7025 CW 2017-11-26 1722 UR5KO         599 16     9A3AG         599 15
QSO:  7019 CW 2017-11-26 1725 UR5KO         599 16     DL2ZBO        599 14
QSO:  7018 CW 2017-11-26 1726 UR5KO         599 16     S56X          599 15
QSO:  7013 CW 2017-11-26 1731 UR5KO         599 16     4Z5TK         599 20
QSO:  7013 CW 2017-11-26 1732 UR5KO         599 16     YU7U          599 15
QSO:  7010 CW 2017-11-26 1733 UR5KO         599 16     S52AW         599 15
QSO:  7007 CW 2017-11-26 1735 UR5KO         599 16     SX2T          599 20
QSO:  7081 CW 2017-11-26 1737 UR5KO         599 16     E79D          599 15
QSO:  7065 CW 2017-11-26 1740 UR5KO         599 16     YT2RX         599 15
QSO:  7052 CW 2017-11-26 1801 UR5KO         599 16     MW5B          599 14
QSO:  7024 CW 2017-11-26 1805 UR5KO         599 16     IK0XFD        599 15
QSO:  7011 CW 2017-11-26 1812 UR5KO         599 16     YO4DW         599 20
QSO:  7067 CW 2017-11-26 1816 UR5KO         599 16     IW7DMH        599 15
QSO:  7064 CW 2017-11-26 1817 UR5KO         599 16     OM7RU         599 15
QSO:  7064 CW 2017-11-26 1817 UR5KO         599 16     EA3FZT        599 14
QSO:  7062 CW 2017-11-26 1818 UR5KO         599 16     LZ1RW         599 20
QSO:  7059 CW 2017-11-26 1819 UR5KO         599 16     EE3X          599 14
QSO:  7049 CW 2017-11-26 1822 UR5KO         599 16     IR4X          599 15
QSO:  7044 CW 2017-11-26 1832 UR5KO         599 16     EF8U          599 33
QSO:  7041 CW 2017-11-26 1833 UR5KO         599 16     LX7I          599 14
QSO:  7041 CW 2017-11-26 1834 UR5KO         599 16     4U1GSC        599 15
QSO:  7022 CW 2017-11-26 1841 UR5KO         599 16     YO9HP         599 20
QSO:  7021 CW 2017-11-26 1842 UR5KO         599 16     EI5KF         599 14
QSO:  7018 CW 2017-11-26 1856 UR5KO         599 16     4X/UA9CTT     599 20
QSO:  7011 CW 2017-11-26 1857 UR5KO         599 16     LZ5R          599 20
QSO:  7009 CW 2017-11-26 1900 UR5KO         599 16     HG5C          599 15
QSO:  7001 CW 2017-11-26 1904 UR5KO         599 16     CN2R          599 33
QSO:  7070 CW 2017-11-26 1906 UR5KO         599 16     G6XX          599 14
QSO:  7067 CW 2017-11-26 1907 UR5KO         599 16     MM4D          599 14
QSO:  7062 CW 2017-11-26 1909 UR5KO         599 16     RC6V          599 16
QSO:  7045 CW 2017-11-26 1917 UR5KO         599 16     Z3B           599 15
QSO:  7034 CW 2017-11-26 1921 UR5KO         599 16     YT4T          599 15
QSO:  7032 CW 2017-11-26 1922 UR5KO         599 16     UN9L          599 17
QSO:  7029 CW 2017-11-26 1924 UR5KO         599 16     ON4ON         599 14
QSO:  7028 CW 2017-11-26 1925 UR5KO         599 16     EA4KD         599 14
QSO:  7024 CW 2017-11-26 1929 UR5KO         599 16     JE6RPM        599 25
QSO:  7023 CW 2017-11-26 1930 UR5KO         599 16     9A1P          599 15
QSO:  7022 CW 2017-11-26 1930 UR5KO         599 16     EF2A          599 14
QSO:  7015 CW 2017-11-26 1932 UR5KO         599 16     W3UA          599 05
QSO:  7015 CW 2017-11-26 1934 UR5KO         599 16     9H6A          599 15
QSO:  7014 CW 2017-11-26 1936 UR5KO         599 16     EI3KE         599 14
QSO:  7005 CW 2017-11-26 1938 UR5KO         599 16     NR3X          599 05
QSO:  7079 CW 2017-11-26 1940 UR5KO         599 16     M6W           599 14
QSO:  7070 CW 2017-11-26 1942 UR5KO         599 16     VY2TT         599 05
QSO:  7059 CW 2017-11-26 1945 UR5KO         599 16     ON4CT         599 14
QSO:  7057 CW 2017-11-26 1947 UR5KO         599 16     RM8L          599 17
QSO:  7055 CW 2017-11-26 1948 UR5KO         599 16     LN8W          599 14
QSO:  7054 CW 2017-11-26 1948 UR5KO         599 16     YU1RA         599 15
QSO:  7051 CW 2017-11-26 1950 UR5KO         599 16     W2FU          599 05
QSO:  7046 CW 2017-11-26 1953 UR5KO         599 16     LZ9W          599 20
QSO:  7042 CW 2017-11-26 1955 UR5KO         599 16     EA3PP         599 14
QSO:  7038 CW 2017-11-26 1956 UR5KO         599 16     3Z1K          599 15
QSO:  7020 CW 2017-11-26 2006 UR5KO         599 16     K2QMF         599 05
QSO:  7020 CW 2017-11-26 2006 UR5KO         599 16     LZ7A          599 20
QSO:  7019 CW 2017-11-26 2007 UR5KO         599 16     KC1XX         599 05
QSO:  7017 CW 2017-11-26 2009 UR5KO         599 16     G3VPW         599 14
QSO:  7012 CW 2017-11-26 2014 UR5KO         599 16     S59ABC        599 15
QSO:  7009 CW 2017-11-26 2016 UR5KO         599 16     UA7K          599 16
QSO:  7087 CW 2017-11-26 2020 UR5KO         599 16     Z370M         599 15
QSO:  7063 CW 2017-11-26 2032 UR5KO         599 16     KA1IS         599 05
QSO:  3587 CW 2017-11-26 2039 UR5KO         599 16     EW3LN         599 16
QSO:  3584 CW 2017-11-26 2040 UR5KO         599 16     SM7ZDI        599 14
QSO:  3573 CW 2017-11-26 2042 UR5KO         599 16     LY2T          599 15
QSO:  3568 CW 2017-11-26 2044 UR5KO         599 16     S54X          599 15
QSO:  3567 CW 2017-11-26 2045 UR5KO         599 16     YO9HP         599 20
QSO:  3559 CW 2017-11-26 2051 UR5KO         599 16     DK3WW         599 14
QSO:  3558 CW 2017-11-26 2052 UR5KO         599 16     PA3DJY        599 14
QSO:  3555 CW 2017-11-26 2054 UR5KO         599 16     RT1M          599 16
QSO:  3550 CW 2017-11-26 2055 UR5KO         599 16     RA3W          599 16
QSO:  3549 CW 2017-11-26 2056 UR5KO         599 16     OE3MWS        599 15
QSO:  3549 CW 2017-11-26 2057 UR5KO         599 16     5P3WW         599 14
QSO:  3548 CW 2017-11-26 2058 UR5KO         599 16     DH0JAE        599 14
QSO:  3545 CW 2017-11-26 2101 UR5KO         599 16     IK5ZWU        599 15
QSO:  3544 CW 2017-11-26 2102 UR5KO         599 16     OK7T          599 15
QSO:  3544 CW 2017-11-26 2103 UR5KO         599 16     R3LB          599 16
QSO:  3543 CW 2017-11-26 2104 UR5KO         599 16     OK1HEH        599 15
QSO:  3542 CW 2017-11-26 2105 UR5KO         599 16     IK4DCX        599 15
QSO:  3541 CW 2017-11-26 2106 UR5KO         599 16     EW8OM         599 16
QSO:  3540 CW 2017-11-26 2107 UR5KO         599 16     OL6A          599 15
QSO:  3540 CW 2017-11-26 2108 UR5KO         599 16     DL9GFB        599 14
QSO:  3539 CW 2017-11-26 2109 UR5KO         599 16     OK1LL         599 15
QSO:  3538 CW 2017-11-26 2109 UR5KO         599 16     OK2EA         599 15
QSO:  3535 CW 2017-11-26 2112 UR5KO         599 16     LY4A          599 15
QSO:  3533 CW 2017-11-26 2114 UR5KO         599 16     E74X          599 15
QSO:  3501 CW 2017-11-26 2114 UR5KO         599 16     DL7ON         599 14
QSO:  3501 CW 2017-11-26 2115 UR5KO         599 16     UN7LAN        599 17
QSO:  3501 CW 2017-11-26 2116 UR5KO         599 16     OH5BM         599 15
QSO:  3503 CW 2017-11-26 2117 UR5KO         599 16     R4RR          599 16
QSO:  3504 CW 2017-11-26 2119 UR5KO         599 16     OL3Z          599 15
QSO:  3507 CW 2017-11-26 2121 UR5KO         599 16     SN0N          599 15
QSO:  3582 CW 2017-11-26 2124 UR5KO         599 16     G6XX          599 14
QSO:  3580 CW 2017-11-26 2125 UR5KO         599 16     S51RE         599 15
QSO:  3573 CW 2017-11-26 2127 UR5KO         599 16     LZ1BJ         599 20
QSO:  3572 CW 2017-11-26 2128 UR5KO         599 16     OM3IAG        599 15
QSO:  3572 CW 2017-11-26 2129 UR5KO         599 16     LY2BMX        599 15
QSO:  3570 CW 2017-11-26 2131 UR5KO         599 16     IK3DVY        599 15
QSO:  3568 CW 2017-11-26 2136 UR5KO         599 16     EU8U          599 16
QSO:  3566 CW 2017-11-26 2137 UR5KO         599 16     OR2F          599 14
QSO:  3565 CW 2017-11-26 2140 UR5KO         599 16     DL2BA         599 14
QSO:  3563 CW 2017-11-26 2141 UR5KO         599 16     SP1MGM        599 15
QSO:  3560 CW 2017-11-26 2143 UR5KO         599 16     HA1BC         599 15
QSO:  3560 CW 2017-11-26 2143 UR5KO         599 16     3Z1K          599 15
QSO:  3560 CW 2017-11-26 2145 UR5KO         599 16     HB9TST        599 14
QSO:  3559 CW 2017-11-26 2146 UR5KO         599 16     DF3AX         599 14
QSO:  3557 CW 2017-11-26 2148 UR5KO         599 16     9A6M          599 15
QSO:  7082 CW 2017-11-26 2149 UR5KO         599 16     K4AB          599 04
QSO:  7092 CW 2017-11-26 2152 UR5KO         599 16     N2NT          599 05
QSO:  7090 CW 2017-11-26 2153 UR5KO         599 16     DH0GHU        599 14
QSO:  7085 CW 2017-11-26 2156 UR5KO         599 16     KU2C          599 05
QSO:  7082 CW 2017-11-26 2200 UR5KO         599 16     W4RM          599 05
QSO:  7080 CW 2017-11-26 2201 UR5KO         599 16     TM5T          599 14
QSO:  7079 CW 2017-11-26 2202 UR5KO         599 16     N1MM          599 05
QSO:  7078 CW 2017-11-26 2203 UR5KO         599 16     DL5JS         599 14
QSO:  7071 CW 2017-11-26 2205 UR5KO         599 16     EA5RS         599 14
QSO:  7071 CW 2017-11-26 2205 UR5KO         599 16     IK3UNA        599 15
QSO:  7070 CW 2017-11-26 2206 UR5KO         599 16     OR3A          599 14
QSO:  7068 CW 2017-11-26 2214 UR5KO         599 16     PZ5V          599 09
QSO:  7097 CW 2017-11-26 2216 UR5KO         599 16     K9CT          599 04
QSO:  7098 CW 2017-11-26 2216 UR5KO         599 16     F6HKA         599 14
QSO:  7099 CW 2017-11-26 2218 UR5KO         599 16     K0EJ          599 04
QSO:  7097 CW 2017-11-26 2231 UR5KO         599 16     CT3KN         599 33
QSO:  7059 CW 2017-11-26 2235 UR5KO         599 16     C4W           599 20
QSO:  7073 CW 2017-11-26 2250 UR5KO         599 16     HB9CA         599 14
QSO:  7069 CW 2017-11-26 2253 UR5KO         599 16     F4WBN         599 14
QSO:  7068 CW 2017-11-26 2255 UR5KO         599 16     V26K          599 08
QSO:  7089 CW 2017-11-26 2258 UR5KO         599 16     WX0B          599 04
QSO:  7071 CW 2017-11-26 2301 UR5KO         599 16     DK5AX         599 14
QSO:  7071 CW 2017-11-26 2302 UR5KO         599 16     R4RR          599 16
QSO:  7069 CW 2017-11-26 2304 UR5KO         599 16     K3TUF         599 05
QSO:  7069 CW 2017-11-26 2305 UR5KO         599 16     EA8ZS         599 33
QSO:  7089 CW 2017-11-26 2324 UR5KO         599 16     K1JB          599 05
QSO:  7082 CW 2017-11-26 2328 UR5KO         599 16     TI7W          599 07
QSO:  7074 CW 2017-11-26 2330 UR5KO         599 16     W1KM          599 05
QSO:  7071 CW 2017-11-26 2331 UR5KO         599 16     F8DGY         599 14
QSO:  7096 CW 2017-11-26 2339 UR5KO         599 16     W6NWS         599 05
QSO:  7084 CW 2017-11-26 2343 UR5KO         599 16     7X2ARA        599 33
QSO:  7080 CW 2017-11-26 2346 UR5KO         599 16     RX4HW         599 16
QSO:  7070 CW 2017-11-26 2352 UR5KO         599 16     XL3T          599 04
END-OF-LOG:
