START-OF-LOG: 3.0
CONTEST: ARRL-10
CALLSIGN: F5OHM
LOCATION: DX
CATEGORY-OPERATOR: SINGLE-OP
CATEGORY-ASSISTED: ASSISTED
CATEGORY-POWER: LOW
CATEGORY-BAND: 10M
CATEGORY-MODE: MIXED
CATEGORY-TRANSMITTER: ONE
CATEGORY-STATION: FIXED
OPERATORS: 
CREATED-BY: WIN-TEST 4.49.0
HQ-CATEGORY: Single Operator Unlimited, Mixed Mode, Low Power
HQ-GRID-LOCATOR: JN06RP
QSO: 28000 CW 2023-12-09 0521 F5OHM 599 1 YT3X 599 015 0
QSO: 28000 CW 2023-12-09 0522 F5OHM 599 2 HA8A 599 031 0
QSO: 28000 CW 2023-12-09 0549 F5OHM 599 3 IK2PFL 599 013 0
QSO: 28000 CW 2023-12-09 0550 F5OHM 599 4 E7DX 599 038 0
QSO: 28000 CW 2023-12-09 0644 F5OHM 599 5 5Z4VJ 599 143 0
QSO: 28000 CW 2023-12-09 0654 F5OHM 599 6 RW7F 599 148 0
QSO: 28000 CW 2023-12-09 0700 F5OHM 599 7 IV3ZXQ 599 015 0
QSO: 28000 CW 2023-12-09 0701 F5OHM 599 8 4Z5LA 599 073 0
QSO: 28000 CW 2023-12-09 0718 F5OHM 599 9 RA6MQ 599 049 0
QSO: 28000 CW 2023-12-09 0719 F5OHM 599 10 UA6LCJ 599 071 0
QSO: 28000 CW 2023-12-09 0722 F5OHM 599 11 4X1VF 599 118 0
QSO: 28000 CW 2023-12-09 0729 F5OHM 599 12 R7AM 599 083 0
QSO: 28000 CW 2023-12-09 0729 F5OHM 599 13 UC7A 599 111 0
QSO: 28000 CW 2023-12-09 0731 F5OHM 599 14 UA6LCN 599 147 0
QSO: 28000 CW 2023-12-09 0733 F5OHM 599 15 DL1BUG 599 005 0
QSO: 28000 CW 2023-12-09 0741 F5OHM 599 16 R7KX 599 045 0
QSO: 28000 CW 2023-12-09 0743 F5OHM 599 17 I8QLS 599 142 0
QSO: 28000 CW 2023-12-09 0753 F5OHM 599 18 RO2E 599 146 0
QSO: 28000 CW 2023-12-09 0755 F5OHM 599 19 F5NBX 599 010 0
QSO: 28000 CW 2023-12-09 0756 F5OHM 599 20 RA4ACX 599 035 0
QSO: 28000 CW 2023-12-09 0757 F5OHM 599 21 RX3RZ 599 027 0
QSO: 28000 CW 2023-12-09 0800 F5OHM 599 22 BD7MM 599 633 0
QSO: 28000 CW 2023-12-09 0801 F5OHM 599 23 RM9I 599 320 0
QSO: 28000 CW 2023-12-09 0802 F5OHM 599 24 R2RA 599 030 0
QSO: 28000 CW 2023-12-09 0803 F5OHM 599 25 BY7KP 599 053 0
QSO: 28000 CW 2023-12-09 0803 F5OHM 599 26 UB7K 599 056 0
QSO: 28000 PH 2023-12-09 0804 F5OHM 59 27 VR2XAN 59 518 0
QSO: 28000 PH 2023-12-09 0805 F5OHM 59 28 UI5R 59 096 0
QSO: 28000 PH 2023-12-09 0807 F5OHM 59 29 RA7A 59 179 0
QSO: 28000 PH 2023-12-09 0815 F5OHM 59 30 TA3DE 59 071 0
QSO: 28000 CW 2023-12-09 0819 F5OHM 599 31 RD0A 599 289 0
QSO: 28000 CW 2023-12-09 0820 F5OHM 599 32 UT7EZ 599 050 0
QSO: 28000 CW 2023-12-09 0821 F5OHM 599 33 UC0A 599 227 0
QSO: 28000 CW 2023-12-09 0821 F5OHM 599 34 R5QQ 599 013 0
QSO: 28000 CW 2023-12-09 0822 F5OHM 599 35 UA7G 599 100 0
QSO: 28000 CW 2023-12-09 0823 F5OHM 599 36 RC7KF 599 054 0
QSO: 28000 CW 2023-12-09 0823 F5OHM 599 37 US3EW 599 017 0
QSO: 28000 CW 2023-12-09 0824 F5OHM 599 38 SV1SXV 599 028 0
QSO: 28000 CW 2023-12-09 0825 F5OHM 599 39 LZ4TX 599 243 0
QSO: 28000 CW 2023-12-09 0827 F5OHM 599 40 F8AAN 599 014 0
QSO: 28000 CW 2023-12-09 0828 F5OHM 599 41 LZ7U 599 008 0
QSO: 28000 PH 2023-12-09 0830 F5OHM 59 42 VK2GGC 59 542 0
QSO: 28000 PH 2023-12-09 0834 F5OHM 59 43 UA4FER 59 055 0
QSO: 28000 PH 2023-12-09 0835 F5OHM 59 44 OH3RM 59 009 0
QSO: 28000 PH 2023-12-09 0836 F5OHM 59 45 SV8SXF 59 005 0
QSO: 28000 PH 2023-12-09 0836 F5OHM 59 46 UX3IT 59 011 0
QSO: 28000 PH 2023-12-09 0837 F5OHM 59 47 R7GU 59 041 0
QSO: 28000 PH 2023-12-09 0837 F5OHM 59 48 UX8IX 59 010 0
QSO: 28000 PH 2023-12-09 0838 F5OHM 59 49 US1EA 59 010 0
QSO: 28000 PH 2023-12-09 0838 F5OHM 59 50 TA1API 59 008 0
QSO: 28000 PH 2023-12-09 0839 F5OHM 59 51 RV9UCN 59 046 0
QSO: 28000 PH 2023-12-09 0839 F5OHM 59 52 RW3DU 59 034 0
QSO: 28000 PH 2023-12-09 0842 F5OHM 59 53 A60A 59 061 0
QSO: 28000 PH 2023-12-09 0842 F5OHM 59 54 7Z1VD 59 130 0
QSO: 28000 PH 2023-12-09 0844 F5OHM 59 55 RW7F 59 298 0
QSO: 28000 PH 2023-12-09 0845 F5OHM 59 56 R4GM 59 245 0
QSO: 28000 PH 2023-12-09 0847 F5OHM 59 57 M6T 59 036 0
QSO: 28000 CW 2023-12-09 0851 F5OHM 599 58 RY2A 599 022 0
QSO: 28000 CW 2023-12-09 0852 F5OHM 599 59 RA1M 599 026 0
QSO: 28000 CW 2023-12-09 0852 F5OHM 599 60 RW4W 599 254 0
QSO: 28000 CW 2023-12-09 0853 F5OHM 599 61 RW9MZ 599 050 0
QSO: 28000 CW 2023-12-09 0855 F5OHM 599 62 UA6YH 599 089 0
QSO: 28000 CW 2023-12-09 0856 F5OHM 599 63 UA6AA 599 224 0
QSO: 28000 CW 2023-12-09 0856 F5OHM 599 64 RO5X 599 082 0
QSO: 28000 CW 2023-12-09 0857 F5OHM 599 65 RT5P 599 041 0
QSO: 28000 CW 2023-12-09 0858 F5OHM 599 66 PA4VHF 599 092 0
QSO: 28000 CW 2023-12-09 0858 F5OHM 599 67 3V8SS 599 250 0
QSO: 28000 CW 2023-12-09 0902 F5OHM 599 68 RX3N 599 127 0
QSO: 28000 CW 2023-12-09 0902 F5OHM 599 69 UR7R 599 009 0
QSO: 28000 CW 2023-12-09 0903 F5OHM 599 70 UA9MA 599 400 0
QSO: 28000 CW 2023-12-09 0903 F5OHM 599 71 BA8DV 599 270 0
QSO: 28000 CW 2023-12-09 0905 F5OHM 599 72 RM5F 599 066 0
QSO: 28000 CW 2023-12-09 0906 F5OHM 599 73 R3ZZ 599 063 0
QSO: 28000 CW 2023-12-09 0906 F5OHM 599 74 RA9Y 599 536 0
QSO: 28000 PH 2023-12-09 0929 F5OHM 59 75 EU4E 59 097 0
QSO: 28000 PH 2023-12-09 0931 F5OHM 59 76 V55Y 59 173 0
QSO: 28000 PH 2023-12-09 0932 F5OHM 59 77 PE6A 59 043 0
QSO: 28000 PH 2023-12-09 0933 F5OHM 59 78 UA7K 59 125 0
QSO: 28000 CW 2023-12-09 0936 F5OHM 599 79 EA5O 599 093 0
QSO: 28000 CW 2023-12-09 0937 F5OHM 599 80 RU4SO 599 140 0
QSO: 28000 CW 2023-12-09 0938 F5OHM 599 81 RL5A 599 160 0
QSO: 28000 CW 2023-12-09 0941 F5OHM 599 82 M2G 599 084 0
QSO: 28000 CW 2023-12-09 0942 F5OHM 599 83 YO8DOH 599 245 0
QSO: 28000 CW 2023-12-09 0943 F5OHM 599 84 RA9MX 599 189 0
QSO: 28000 CW 2023-12-09 0943 F5OHM 599 85 UT5UGR 599 038 0
QSO: 28000 CW 2023-12-09 0944 F5OHM 599 86 F4IIQ 599 009 0
QSO: 28000 CW 2023-12-09 0944 F5OHM 599 87 UA6LCN 599 241 0
QSO: 28000 CW 2023-12-09 0945 F5OHM 599 88 UA3DUJ 599 016 0
QSO: 28000 CW 2023-12-09 0945 F5OHM 599 89 R6KX 599 045 0
QSO: 28000 CW 2023-12-09 0945 F5OHM 599 90 YO8BDW 599 009 0
QSO: 28000 CW 2023-12-09 0946 F5OHM 599 91 LA2HFA 599 003 0
QSO: 28000 CW 2023-12-09 0947 F5OHM 599 92 UN7FW 599 079 0
QSO: 28000 CW 2023-12-09 0950 F5OHM 599 93 US7UC 599 023 0
QSO: 28000 CW 2023-12-09 0950 F5OHM 599 94 UT5EL 599 126 0
QSO: 28000 CW 2023-12-09 0952 F5OHM 599 95 YP8T 599 166 0
QSO: 28000 CW 2023-12-09 0955 F5OHM 599 96 RV3X/P 599 015 0
QSO: 28000 CW 2023-12-09 0956 F5OHM 599 97 UR5EJ 599 059 0
QSO: 28000 CW 2023-12-09 0957 F5OHM 599 98 EW8DX 599 166 0
QSO: 28000 CW 2023-12-09 0957 F5OHM 599 99 UR7VA 599 063 0
QSO: 28000 CW 2023-12-09 0957 F5OHM 599 100 UA3DUJ 599 020 0
QSO: 28000 PH 2023-12-09 0959 F5OHM 59 101 ER1BF 59 036 0
QSO: 28000 PH 2023-12-09 1005 F5OHM 59 102 LZ2YO 59 101 0
QSO: 28000 PH 2023-12-09 1006 F5OHM 59 103 ED2X 59 131 0
QSO: 28000 PH 2023-12-09 1007 F5OHM 59 104 ED8X 59 452 0
QSO: 28000 PH 2023-12-09 1008 F5OHM 59 105 EW8OP 59 034 0
QSO: 28000 PH 2023-12-09 1010 F5OHM 59 106 CT3HF 59 046 0
QSO: 28000 PH 2023-12-09 1014 F5OHM 59 107 GM5X 59 166 0
QSO: 28000 PH 2023-12-09 1015 F5OHM 59 108 ER5DX 59 082 0
QSO: 28000 PH 2023-12-09 1017 F5OHM 59 109 R3RZ 59 257 0
QSO: 28000 PH 2023-12-09 1018 F5OHM 59 110 UC8Y 59 153 0
QSO: 28000 PH 2023-12-09 1018 F5OHM 59 111 UA1ANA 59 095 0
QSO: 28000 PH 2023-12-09 1019 F5OHM 59 112 IK8LTB 59 164 0
QSO: 28000 PH 2023-12-09 1021 F5OHM 59 113 R7AM 59 164 0
QSO: 28000 PH 2023-12-09 1022 F5OHM 59 114 LZ1ZLI 59 010 0
QSO: 28000 PH 2023-12-09 1024 F5OHM 59 115 RA3DGH 59 038 0
QSO: 28000 PH 2023-12-09 1024 F5OHM 59 116 UA6YN 59 068 0
QSO: 28000 PH 2023-12-09 1025 F5OHM 59 117 SJ2W 59 365 0
QSO: 28000 PH 2023-12-09 1202 F5OHM 59 118 UA3BL 59 176 0
QSO: 28000 PH 2023-12-09 1205 F5OHM 59 119 4Z5MV 59 063 0
QSO: 28000 PH 2023-12-09 1205 F5OHM 59 120 OD5OJ 59 411 0
QSO: 28000 PH 2023-12-09 1207 F5OHM 59 121 F4IIQ 59 045 0
QSO: 28000 PH 2023-12-09 1208 F5OHM 59 122 R3AAA 59 046 0
QSO: 28000 PH 2023-12-09 1209 F5OHM 59 123 RO2E 59 381 0
QSO: 28000 PH 2023-12-09 1211 F5OHM 59 124 RA3RLJ 59 133 0
QSO: 28000 PH 2023-12-09 1221 F5OHM 59 125 FY5KE 59 545 0
QSO: 28000 PH 2023-12-09 1222 F5OHM 59 126 UF5A 59 173 0
QSO: 28000 CW 2023-12-09 1232 F5OHM 599 127 K1HTV 599 VA 0
QSO: 28000 PH 2023-12-09 1235 F5OHM 59 128 K4XL 59 VA 0
QSO: 28000 PH 2023-12-09 1237 F5OHM 59 129 W2MKM 59 NJ 0
QSO: 28000 PH 2023-12-09 1237 F5OHM 59 130 UV1IX 59 089 0
QSO: 28000 CW 2023-12-09 1239 F5OHM 599 131 RA5A 599 213 0
QSO: 28000 CW 2023-12-09 1239 F5OHM 599 132 N3AM 599 MD 0
QSO: 28000 CW 2023-12-09 1240 F5OHM 599 133 AA5JF 599 GA 0
QSO: 28000 CW 2023-12-09 1241 F5OHM 599 134 K2QU 599 NJ 0
QSO: 28000 CW 2023-12-09 1242 F5OHM 599 135 WA4PGM 599 VA 0
QSO: 28000 CW 2023-12-09 1242 F5OHM 599 136 UW1M 599 066 0
QSO: 28000 CW 2023-12-09 1243 F5OHM 599 137 RX3AEX 599 027 0
QSO: 28000 CW 2023-12-09 1243 F5OHM 599 138 RU5X 599 077 0
QSO: 28000 CW 2023-12-09 1244 F5OHM 599 139 EA8AQM 599 008 0
QSO: 28000 CW 2023-12-09 1245 F5OHM 599 140 N3JT 599 VA 0
QSO: 28000 CW 2023-12-09 1245 F5OHM 599 141 N4ASF 599 VA 0
QSO: 28000 CW 2023-12-09 1246 F5OHM 599 142 K3TS 599 NJ 0
QSO: 28000 CW 2023-12-09 1248 F5OHM 599 143 UA4W 599 711 0
QSO: 28000 CW 2023-12-09 1248 F5OHM 599 144 K3CY 599 PA 0
QSO: 28000 CW 2023-12-09 1250 F5OHM 599 145 WA4JUK 599 VA 0
QSO: 28000 CW 2023-12-09 1250 F5OHM 599 146 RA3VE 599 010 0
QSO: 28000 CW 2023-12-09 1251 F5OHM 599 147 K4HQK 599 VA 0
QSO: 28000 CW 2023-12-09 1252 F5OHM 599 148 K1SM 599 MA 0
QSO: 28000 CW 2023-12-09 1252 F5OHM 599 149 UA3YDI 599 043 0
QSO: 28000 CW 2023-12-09 1253 F5OHM 599 150 W1GD 599 MA 0
QSO: 28000 CW 2023-12-09 1254 F5OHM 599 151 UY5LW 599 161 0
QSO: 28000 CW 2023-12-09 1310 F5OHM 599 152 UI4F 599 022 0
QSO: 28000 CW 2023-12-09 1311 F5OHM 599 153 P3F 599 203 0
QSO: 28000 CW 2023-12-09 1312 F5OHM 599 154 W8MJ 599 MI 0
QSO: 28000 CW 2023-12-09 1313 F5OHM 599 155 VE3MIS 599 ON 0
QSO: 28000 CW 2023-12-09 1314 F5OHM 599 156 WA3C 599 OH 0
QSO: 28000 CW 2023-12-09 1315 F5OHM 599 157 UT5EOX 599 085 0
QSO: 28000 CW 2023-12-09 1316 F5OHM 599 158 KP2M 599 362 0
QSO: 28000 CW 2023-12-09 1320 F5OHM 599 159 V3A 599 098 0
QSO: 28000 CW 2023-12-09 1321 F5OHM 599 160 9Z4Y 599 091 0
QSO: 28000 CW 2023-12-09 1322 F5OHM 599 161 TI2OY 599 093 0
QSO: 28000 CW 2023-12-09 1324 F5OHM 599 162 PJ2T 599 476 0
QSO: 28000 CW 2023-12-09 1325 F5OHM 599 163 N4HB 599 VA 0
QSO: 28000 CW 2023-12-09 1329 F5OHM 599 164 VA3FF 599 ON 0
QSO: 28000 CW 2023-12-09 1330 F5OHM 599 165 W1EQ 599 CT 0
QSO: 28000 CW 2023-12-09 1330 F5OHM 599 166 N1DC 599 MA 0
QSO: 28000 CW 2023-12-09 1330 F5OHM 599 167 UA4FER 599 289 0
QSO: 28000 CW 2023-12-09 1331 F5OHM 599 168 VE3VN 599 ON 0
QSO: 28000 CW 2023-12-09 1331 F5OHM 599 169 RU6MO 599 051 0
QSO: 28000 CW 2023-12-09 1337 F5OHM 599 170 FY5KE 599 749 0
QSO: 28000 CW 2023-12-09 1341 F5OHM 599 171 W1RCR 599 FL 0
QSO: 28000 CW 2023-12-09 1343 F5OHM 599 172 K1LZ 599 ME 0
QSO: 28000 CW 2023-12-09 1343 F5OHM 599 173 K5KG 599 FL 0
QSO: 28000 CW 2023-12-09 1344 F5OHM 599 174 K0ZP 599 VA 0
QSO: 28000 CW 2023-12-09 1345 F5OHM 599 175 N4EEB 599 FL 0
QSO: 28000 CW 2023-12-09 1346 F5OHM 599 176 SN7Q 599 565 0
QSO: 28000 CW 2023-12-09 1346 F5OHM 599 177 W1KM 599 MA 0
QSO: 28000 CW 2023-12-09 1346 F5OHM 599 178 N2PP 599 NY 0
QSO: 28000 CW 2023-12-09 1347 F5OHM 599 179 N4RV 599 VA 0
QSO: 28000 CW 2023-12-09 1349 F5OHM 599 180 W1VE 599 VT 0
QSO: 28000 CW 2023-12-09 1350 F5OHM 599 181 K5CM 599 OK 0
QSO: 28000 CW 2023-12-09 1352 F5OHM 599 182 4X1ST 599 133 0
QSO: 28000 CW 2023-12-09 1353 F5OHM 599 183 N9CIQ 599 WI 0
QSO: 28000 CW 2023-12-09 1354 F5OHM 599 184 K5PI 599 TX 0
QSO: 28000 CW 2023-12-09 1355 F5OHM 599 185 KO1H 599 ME 0
QSO: 28000 CW 2023-12-09 1355 F5OHM 599 186 NY3B 599 PA 0
QSO: 28000 CW 2023-12-09 1356 F5OHM 599 187 R2AA 599 007 0
QSO: 28000 CW 2023-12-09 1357 F5OHM 599 188 W1RAN 599 CT 0
QSO: 28000 CW 2023-12-09 1357 F5OHM 599 189 K3TC 599 MD 0
QSO: 28000 CW 2023-12-09 1421 F5OHM 599 190 N4SS 599 KY 0
QSO: 28000 CW 2023-12-09 1428 F5OHM 599 191 K4BAI 599 GA 0
QSO: 28000 CW 2023-12-09 1429 F5OHM 599 192 N3ND 599 NC 0
QSO: 28000 CW 2023-12-09 1430 F5OHM 599 193 KG9X 599 IL 0
QSO: 28000 CW 2023-12-09 1431 F5OHM 599 194 N0UR 599 MN 0
QSO: 28000 CW 2023-12-09 1431 F5OHM 599 195 VA2IW 599 QC 0
QSO: 28000 CW 2023-12-09 1431 F5OHM 599 196 W5LA 599 LA 0
QSO: 28000 CW 2023-12-09 1434 F5OHM 599 197 N1WR 599 VA 0
QSO: 28000 CW 2023-12-09 1435 F5OHM 599 198 WA4JUK 599 VA 0
QSO: 28000 CW 2023-12-09 1435 F5OHM 599 199 KN1M 599 NY 0
QSO: 28000 CW 2023-12-09 1436 F5OHM 599 200 K1TH 599 MA 0
QSO: 28000 CW 2023-12-09 1436 F5OHM 599 201 KA4RRU 599 VA 0
QSO: 28000 CW 2023-12-09 1437 F5OHM 599 202 W4YE 599 VA 0
QSO: 28000 CW 2023-12-09 1437 F5OHM 599 203 K4ORD 599 VA 0
QSO: 28000 CW 2023-12-09 1437 F5OHM 599 204 W4PA 599 TN 0
QSO: 28000 CW 2023-12-09 1438 F5OHM 599 205 K3QP 599 PA 0
QSO: 28000 CW 2023-12-09 1439 F5OHM 599 206 N0MA 599 IA 0
QSO: 28000 CW 2023-12-09 1440 F5OHM 599 207 W1IE 599 VA 0
QSO: 28000 CW 2023-12-09 1440 F5OHM 599 208 N7WY 599 MO 0
QSO: 28000 CW 2023-12-09 1440 F5OHM 599 209 AD4TJ 599 VA 0
QSO: 28000 CW 2023-12-09 1441 F5OHM 599 210 N9CO 599 IL 0
QSO: 28000 CW 2023-12-09 1441 F5OHM 599 211 N4ZR 599 MD 0
QSO: 28000 CW 2023-12-09 1442 F5OHM 599 212 W4EE 599 FL 0
QSO: 28000 CW 2023-12-09 1442 F5OHM 599 213 KE0TL 599 MN 0
QSO: 28000 CW 2023-12-09 1443 F5OHM 599 214 AD8J 599 NC 0
QSO: 28000 CW 2023-12-09 1444 F5OHM 599 215 KM0O 599 MN 0
QSO: 28000 CW 2023-12-09 1444 F5OHM 599 216 K3PA 599 KS 0
QSO: 28000 CW 2023-12-09 1445 F5OHM 599 217 WA1FCN 599 AL 0
QSO: 28000 CW 2023-12-09 1445 F5OHM 599 218 W2AW 599 NJ 0
QSO: 28000 CW 2023-12-09 1446 F5OHM 599 219 AE1T 599 NH 0
QSO: 28000 CW 2023-12-09 1446 F5OHM 599 220 N7DR 599 CO 0
QSO: 28000 CW 2023-12-09 1446 F5OHM 599 221 W3ZGD 599 PA 0
QSO: 28000 PH 2023-12-09 1449 F5OHM 59 222 N4EEB 59 FL 0
QSO: 28000 PH 2023-12-09 1450 F5OHM 59 223 K2DRH 59 IL 0
QSO: 28000 PH 2023-12-09 1450 F5OHM 59 224 K5TR 59 TX 0
QSO: 28000 PH 2023-12-09 1451 F5OHM 59 225 KC1QEM 59 MA 0
QSO: 28000 PH 2023-12-09 1452 F5OHM 59 226 W3ICM 59 MD 0
QSO: 28000 PH 2023-12-09 1453 F5OHM 59 227 K4CGY 59 VA 0
QSO: 28000 PH 2023-12-09 1455 F5OHM 59 228 WZ8DX 59 OH 0
QSO: 28000 PH 2023-12-09 1459 F5OHM 59 229 KG9N 59 IL 0
QSO: 28000 PH 2023-12-09 1459 F5OHM 59 230 ND1X 59 CT 0
QSO: 28000 PH 2023-12-09 1500 F5OHM 59 231 N1MM 59 CT 0
QSO: 28000 PH 2023-12-09 1501 F5OHM 59 232 N4QS 59 KY 0
QSO: 28000 PH 2023-12-09 1502 F5OHM 59 233 KQ2M 59 CT 0
QSO: 28000 PH 2023-12-09 1503 F5OHM 59 234 NW8U 59 WV 0
QSO: 28000 PH 2023-12-09 1505 F5OHM 59 235 K5ZD 59 MA 0
QSO: 28000 PH 2023-12-09 1505 F5OHM 59 236 K1JB 59 ME 0
QSO: 28000 PH 2023-12-09 1506 F5OHM 59 237 VE3DZ 59 ON 0
QSO: 28000 PH 2023-12-09 1506 F5OHM 59 238 NN4TT 59 FL 0
QSO: 28000 PH 2023-12-09 1508 F5OHM 59 239 TI1T 59 573 0
QSO: 28000 PH 2023-12-09 1509 F5OHM 59 240 K9MU 59 WI 0
QSO: 28000 PH 2023-12-09 1511 F5OHM 59 241 K8AO 59 MI 0
QSO: 28000 PH 2023-12-09 1511 F5OHM 59 242 K2PS 59 FL 0
QSO: 28000 PH 2023-12-09 1513 F5OHM 59 243 WA2BOT 59 MA 0
QSO: 28000 PH 2023-12-09 1513 F5OHM 59 244 W2RFC 59 NY 0
QSO: 28000 PH 2023-12-09 1514 F5OHM 59 245 NC1M 59 MA 0
QSO: 28000 PH 2023-12-09 1515 F5OHM 59 246 N8CWU 59 OH 0
QSO: 28000 PH 2023-12-09 1516 F5OHM 59 247 N1UR 59 VT 0
QSO: 28000 PH 2023-12-09 1516 F5OHM 59 248 W3LL 59 MD 0
QSO: 28000 CW 2023-12-09 1529 F5OHM 599 249 KM5G 599 AR 0
QSO: 28000 CW 2023-12-09 1530 F5OHM 599 250 9A5Y 599 1005 0
QSO: 28000 CW 2023-12-09 1531 F5OHM 599 251 WB3FAE 599 PA 0
QSO: 28000 CW 2023-12-09 1533 F5OHM 599 252 LU3MG 599 468 0
QSO: 28000 CW 2023-12-09 1534 F5OHM 599 253 N9NC 599 NH 0
QSO: 28000 CW 2023-12-09 1535 F5OHM 599 254 ZW8T 599 201 0
QSO: 28000 CW 2023-12-09 1536 F5OHM 599 255 W1QK 599 CT 0
QSO: 28000 CW 2023-12-09 1537 F5OHM 599 256 AD4ES 599 FL 0
QSO: 28000 CW 2023-12-09 1538 F5OHM 599 257 N5DX 599 NY 0
QSO: 28000 CW 2023-12-09 1539 F5OHM 599 258 K4RO 599 TN 0
QSO: 28000 CW 2023-12-09 1541 F5OHM 599 259 W2MKM 599 NJ 0
QSO: 28000 CW 2023-12-09 1542 F5OHM 599 260 K3MM 599 MD 0
QSO: 28000 CW 2023-12-09 1544 F5OHM 599 261 K0MD 599 MN 0
QSO: 28000 CW 2023-12-09 1544 F5OHM 599 262 N4OX 599 FL 0
QSO: 28000 CW 2023-12-09 1547 F5OHM 599 263 AI0Y 599 ND 0
QSO: 28000 CW 2023-12-09 1549 F5OHM 599 264 WA7NB 599 AZ 0
QSO: 28000 CW 2023-12-09 1552 F5OHM 599 265 W0BH 599 KS 0
QSO: 28000 CW 2023-12-09 1556 F5OHM 599 267 VE3EY 599 ON 0
QSO: 28000 CW 2023-12-09 1557 F5OHM 599 268 K3RA 599 MD 0
QSO: 28000 CW 2023-12-09 1557 F5OHM 599 269 N9TTK 599 IN 0
QSO: 28000 CW 2023-12-09 1558 F5OHM 599 270 K1KI 599 CT 0
QSO: 28000 CW 2023-12-09 1559 F5OHM 599 271 K1TR 599 NH 0
QSO: 28000 CW 2023-12-09 1600 F5OHM 599 272 AB3CX 599 NY 0
QSO: 28000 CW 2023-12-09 1602 F5OHM 599 273 NN7CW 599 FL 0
QSO: 28000 CW 2023-12-09 1603 F5OHM 599 274 N4EK 599 FL 0
QSO: 28000 CW 2023-12-09 1606 F5OHM 599 275 WA8Y 599 MI 0
QSO: 28000 CW 2023-12-09 1606 F5OHM 599 276 PY3TD 599 095 0
QSO: 28000 CW 2023-12-09 1607 F5OHM 599 277 L33M 599 103 0
QSO: 28000 CW 2023-12-09 1608 F5OHM 599 278 WP2Z 599 511 0
QSO: 28000 CW 2023-12-09 1609 F5OHM 599 279 W2LC 599 NY 0
QSO: 28000 CW 2023-12-09 1610 F5OHM 599 280 NA8V 599 MI 0
QSO: 28000 CW 2023-12-09 1611 F5OHM 599 281 K1TO 599 FL 0
QSO: 28000 CW 2023-12-09 1612 F5OHM 599 282 CX5A 599 297 0
QSO: 28000 CW 2023-12-09 1613 F5OHM 599 283 K2SSS 599 NY 0
QSO: 28000 CW 2023-12-09 1613 F5OHM 599 284 K9OM 599 FL 0
QSO: 28000 CW 2023-12-09 1615 F5OHM 599 285 LU5FF 599 022 0
QSO: 28000 CW 2023-12-09 1615 F5OHM 599 286 LW5HR 599 193 0
QSO: 28000 CW 2023-12-09 1616 F5OHM 599 287 PW2E 599 601 0
QSO: 28000 CW 2023-12-09 1617 F5OHM 599 288 WA1Z 599 NH 0
QSO: 28000 CW 2023-12-09 1619 F5OHM 599 289 K2XR 599 NJ 0
QSO: 28000 CW 2023-12-09 1620 F5OHM 599 290 N3UA 599 VA 0
QSO: 28000 CW 2023-12-09 1622 F5OHM 599 291 N4CW 599 NC 0
QSO: 28000 CW 2023-12-09 1705 F5OHM 599 292 CB1B 599 318 0
QSO: 28000 CW 2023-12-10 0533 F5OHM 599 293 HA5JI 599 676 0
QSO: 28000 CW 2023-12-10 0535 F5OHM 599 294 OK3C 599 688 0
QSO: 28000 CW 2023-12-10 0725 F5OHM 599 295 RW3RN 599 729 0
QSO: 28000 CW 2023-12-10 0729 F5OHM 599 296 R4GM 599 440 0
QSO: 28000 CW 2023-12-10 0743 F5OHM 599 297 R9CX 599 248 0
QSO: 28000 PH 2023-12-10 0803 F5OHM 59 298 RW4W 59 640 0
QSO: 28000 PH 2023-12-10 0804 F5OHM 59 299 A41CK 59 172 0
QSO: 28000 PH 2023-12-10 0810 F5OHM 59 300 VJ2J 59 563 0
QSO: 28000 CW 2023-12-10 0816 F5OHM 599 301 VR2T 599 1194 0
QSO: 28000 CW 2023-12-10 0817 F5OHM 599 302 9N7AA 599 196 0
QSO: 28000 PH 2023-12-10 0842 F5OHM 59 303 UA4ACP 59 141 0
QSO: 28000 CW 2023-12-10 0849 F5OHM 599 304 TO0GL 599 384 0
QSO: 28000 CW 2023-12-10 0850 F5OHM 599 305 RA4Y 599 192 0
QSO: 28000 CW 2023-12-10 0851 F5OHM 599 306 R6AF 599 201 0
QSO: 28000 CW 2023-12-10 0854 F5OHM 599 307 3W9A 599 061 0
QSO: 28000 CW 2023-12-10 0857 F5OHM 599 308 VL2A 599 1848 0
QSO: 28000 CW 2023-12-10 0858 F5OHM 599 309 VK2IG 599 318 0
QSO: 28000 CW 2023-12-10 0901 F5OHM 599 310 UA9CDC 599 481 0
QSO: 28000 CW 2023-12-10 0902 F5OHM 599 311 RW3AI 599 102 0
QSO: 28000 CW 2023-12-10 0902 F5OHM 599 312 R1QE 599 078 0
QSO: 28000 CW 2023-12-10 0903 F5OHM 599 313 RK4NB 599 077 0
QSO: 28000 CW 2023-12-10 0905 F5OHM 599 314 RJ3A 599 040 0
QSO: 28000 PH 2023-12-10 0908 F5OHM 59 315 UA3BL 59 222 0
QSO: 28000 PH 2023-12-10 0916 F5OHM 59 316 RZ3B 59 471 0
QSO: 28000 PH 2023-12-10 0919 F5OHM 59 317 RU3VV 59 299 0
QSO: 28000 PH 2023-12-10 0919 F5OHM 59 318 RW3RN 59 812 0
QSO: 28000 CW 2023-12-10 0922 F5OHM 599 319 F5PAL 599 031 0
QSO: 28000 CW 2023-12-10 1326 F5OHM 599 320 N3RN 599 PA 0
QSO: 28000 CW 2023-12-10 1326 F5OHM 599 321 R7FO 599 086 0
QSO: 28000 CW 2023-12-10 1329 F5OHM 599 322 AB2E 599 NJ 0
QSO: 28000 CW 2023-12-10 1331 F5OHM 599 323 AC4G 599 TN 0
QSO: 28000 CW 2023-12-10 1331 F5OHM 599 324 W3CB 599 MI 0
QSO: 28000 CW 2023-12-10 1332 F5OHM 599 325 K3WU 599 PA 0
QSO: 28000 CW 2023-12-10 1332 F5OHM 599 326 KC4TEO 599 AL 0
QSO: 28000 CW 2023-12-10 1333 F5OHM 599 327 KE4KY 599 KY 0
QSO: 28000 CW 2023-12-10 1333 F5OHM 599 328 RX6FJ 599 040 0
QSO: 28000 CW 2023-12-10 1334 F5OHM 599 329 W2CN 599 NJ 0
QSO: 28000 CW 2023-12-10 1334 F5OHM 599 330 K3ZU 599 MD 0
QSO: 28000 CW 2023-12-10 1336 F5OHM 599 331 K4EA 599 GA 0
QSO: 28000 CW 2023-12-10 1338 F5OHM 599 332 N8II 599 WV 0
QSO: 28000 CW 2023-12-10 1341 F5OHM 599 333 N3ER 599 MA 0
QSO: 28000 CW 2023-12-10 1342 F5OHM 599 334 NN4SS 599 SC 0
QSO: 28000 CW 2023-12-10 1345 F5OHM 599 335 K9CW 599 IL 0
QSO: 28000 CW 2023-12-10 1345 F5OHM 599 336 N2BJ 599 IL 0
QSO: 28000 CW 2023-12-10 1345 F5OHM 599 337 RV6AVU 599 278 0
QSO: 28000 CW 2023-12-10 1346 F5OHM 599 338 UA6AK 599 393 0
QSO: 28000 CW 2023-12-10 1349 F5OHM 599 339 ZF9CW 599 1821 0
QSO: 28000 CW 2023-12-10 1350 F5OHM 599 340 K3UL 599 PA 0
QSO: 28000 PH 2023-12-10 1354 F5OHM 59 341 W1TJL 59 CT 0
QSO: 28000 PH 2023-12-10 1354 F5OHM 59 342 K9RS 59 DE 0
QSO: 28000 PH 2023-12-10 1355 F5OHM 59 343 W1SJ 59 VT 0
QSO: 28000 PH 2023-12-10 1358 F5OHM 59 344 VO1KVT 59 NF 0
QSO: 28000 CW 2023-12-10 1401 F5OHM 599 345 K3WT 599 FL 0
QSO: 28000 CW 2023-12-10 1401 F5OHM 599 346 W3DA 599 DE 0
QSO: 28000 CW 2023-12-10 1402 F5OHM 599 347 4Z4KX 599 440 0
QSO: 28000 CW 2023-12-10 1404 F5OHM 599 348 K9WA 599 IL 0
QSO: 28000 CW 2023-12-10 1404 F5OHM 599 349 N6MA 599 TN 0
QSO: 28000 CW 2023-12-10 1405 F5OHM 599 350 K1MD 599 RI 0
QSO: 28000 CW 2023-12-10 1405 F5OHM 599 351 K0TT 599 MN 0
QSO: 28000 CW 2023-12-10 1406 F5OHM 599 352 ZS2M 599 168 0
QSO: 28000 CW 2023-12-10 1442 F5OHM 599 353 ND4X 599 KY 0
QSO: 28000 CW 2023-12-10 1442 F5OHM 599 354 AA0FO 599 KS 0
QSO: 28000 CW 2023-12-10 1443 F5OHM 599 355 KA0PQW 599 MN 0
QSO: 28000 CW 2023-12-10 1444 F5OHM 599 356 W2PA 599 NY 0
QSO: 28000 CW 2023-12-10 1445 F5OHM 599 357 KW9A 599 IL 0
QSO: 28000 CW 2023-12-10 1451 F5OHM 599 358 N1RM 599 VA 0
QSO: 28000 CW 2023-12-10 1452 F5OHM 599 359 K9MA 599 WI 0
QSO: 28000 CW 2023-12-10 1452 F5OHM 599 360 K1AV 599 RI 0
QSO: 28000 PH 2023-12-10 1501 F5OHM 59 361 N4SS 59 KY 0
QSO: 28000 PH 2023-12-10 1502 F5OHM 59 362 K4WI 59 AL 0
QSO: 28000 PH 2023-12-10 1502 F5OHM 59 363 KI0F 59 MN 0
QSO: 28000 PH 2023-12-10 1503 F5OHM 59 364 K3DNE 59 SC 0
QSO: 28000 PH 2023-12-10 1503 F5OHM 59 365 N4OX 59 FL 0
QSO: 28000 PH 2023-12-10 1504 F5OHM 59 366 WV4P 59 TN 0
QSO: 28000 PH 2023-12-10 1505 F5OHM 59 367 K1BX 59 NH 0
QSO: 28000 PH 2023-12-10 1509 F5OHM 59 368 W5GCX 59 TX 0
QSO: 28000 PH 2023-12-10 1511 F5OHM 59 369 XE2JS 59 CHH 0
QSO: 28000 PH 2023-12-10 1514 F5OHM 59 370 KA1ZD 59 CT 0
QSO: 28000 PH 2023-12-10 1516 F5OHM 59 371 VY2OM 59 PE 0
QSO: 28000 PH 2023-12-10 1520 F5OHM 59 372 VA2EBI 59 QC 0
QSO: 28000 PH 2023-12-10 1521 F5OHM 59 373 W8MJ 59 MI 0
QSO: 28000 PH 2023-12-10 1522 F5OHM 59 374 K0AP 59 KS 0
QSO: 28000 PH 2023-12-10 1525 F5OHM 59 375 KI9A 59 IL 0
QSO: 28000 PH 2023-12-10 1529 F5OHM 59 376 W9NY 59 IN 0
QSO: 28000 PH 2023-12-10 1529 F5OHM 59 377 N1PGA 59 MA 0
QSO: 28000 PH 2023-12-10 1531 F5OHM 59 378 ND0C 59 MN 0
QSO: 28000 PH 2023-12-10 1531 F5OHM 59 379 K0MD 59 MN 0
QSO: 28000 PH 2023-12-10 1535 F5OHM 59 380 KS2G 59 NY 0
END-OF-LOG: