START-OF-LOG: 3.0
CONTEST: ARRL-10
CALLSIGN: PU1SKO
LOCATION: DX
CATEGORY-OPERATOR: SINGLE-OP
CATEGORY-ASSISTED: ASSISTED
CATEGORY-POWER: LOW
CATEGORY-BAND: 10M
CATEGORY-MODE: MIXED
CATEGORY-TRANSMITTER: ONE
CATEGORY-STATION: FIXED
CATEGORY-OVERLAY: LIMITED
OPERATORS: PU1SKO
CLUB: RIO DX GROUP
CREATED-BY: N1MM LOGGER+ 1.0.10103.0
HQ-CATEGORY: Single Operator Unlimited, Mixed Mode, Low Power
HQ-GRID-LOCATOR: GG87LO
QSO: 28050 CW 2023-12-10 1055 PU1SKO 599 1 ZD7BG 599 459
QSO: 28060 CW 2023-12-10 1105 PU1SKO 599 2 UC7A 599 540
QSO: 28019 CW 2023-12-10 1109 PU1SKO 599 3 R9GM 599 250
QSO: 28015 CW 2023-12-10 1110 PU1SKO 599 4 RW7F 599 1117
QSO: 28044 CW 2023-12-10 1120 PU1SKO 599 5 R7HF 599 271
QSO: 28023 CW 2023-12-10 1122 PU1SKO 599 6 IQ9UI 599 525
QSO: 28007 CW 2023-12-10 1123 PU1SKO 599 7 R7NW 599 669
QSO: 28047 CW 2023-12-10 1128 PU1SKO 599 8 SZ1A 599 304
QSO: 28057 CW 2023-12-10 1131 PU1SKO 599 9 LZ5R 599 1238
QSO: 28032 CW 2023-12-10 1138 PU1SKO 599 10 R3ZZ 599 531
QSO: 28030 CW 2023-12-10 1140 PU1SKO 599 11 RN4AO 599 234
QSO: 28036 CW 2023-12-10 1141 PU1SKO 599 12 YT3X 599 962
QSO: 28010 CW 2023-12-10 1147 PU1SKO 599 13 R2RA 599 370
QSO: 28016 CW 2023-12-10 1152 PU1SKO 599 14 UC4L 599 860
QSO: 28018 CW 2023-12-10 1153 PU1SKO 599 15 US2YW 599 783
QSO: 28026 CW 2023-12-10 1155 PU1SKO 599 16 RX9WN 599 480
QSO: 28030 CW 2023-12-10 1157 PU1SKO 599 17 EA5KM 599 206
QSO: 28032 CW 2023-12-10 1159 PU1SKO 599 18 EA7DX 599 1332
QSO: 28040 CW 2023-12-10 1200 PU1SKO 599 19 9A5D 599 950
QSO: 28049 CW 2023-12-10 1201 PU1SKO 599 20 OK1TN 599 290
QSO: 28050 CW 2023-12-10 1205 PU1SKO 599 21 SP5AUY 599 14
QSO: 28043 CW 2023-12-10 1211 PU1SKO 599 22 YT7A 599 255
QSO: 28037 CW 2023-12-10 1212 PU1SKO 599 23 DH8BQA 599 700
QSO: 28025 CW 2023-12-10 1214 PU1SKO 599 24 HA8DU 599 537
QSO: 28007 CW 2023-12-10 1309 PU1SKO 599 25 SN7Q 599 997
QSO: 28019 CW 2023-12-10 1311 PU1SKO 599 26 RA7A 599 673
QSO: 28090 CW 2023-12-10 1316 PU1SKO 599 27 RL4A 599 631
QSO: 28350 PH 2023-12-10 1320 PU1SKO 59 28 TM5X 59 8016
QSO: 28354 PH 2023-12-10 1321 PU1SKO 59 29 DJ4MH 59 593
QSO: 28428 PH 2023-12-10 1328 PU1SKO 59 30 ED8X 59 2752
QSO: 28445 PH 2023-12-10 1330 PU1SKO 59 31 SG8X 59 476
QSO: 28485 PH 2023-12-10 1332 PU1SKO 59 32 9A1P 59 134
QSO: 28385 PH 2023-12-10 1352 PU1SKO 59 33 EE7P 59 976
QSO: 28406 PH 2023-12-10 1354 PU1SKO 59 34 IK3UNA 59 732
QSO: 28456 PH 2023-12-10 1356 PU1SKO 59 35 9A5Y 59 1503
QSO: 28513 PH 2023-12-10 1400 PU1SKO 59 36 TM7G 59 807
QSO: 28568 PH 2023-12-10 1410 PU1SKO 59 37 EA8DGO 59 359
QSO: 28000 CW 2023-12-10 1418 PU1SKO 599 38 E71A 599 768
QSO: 28015 CW 2023-12-10 1420 PU1SKO 599 39 HG5D 599 676
QSO: 28055 CW 2023-12-10 1428 PU1SKO 599 40 CE2ML 599 658
QSO: 28001 CW 2023-12-10 1431 PU1SKO 599 41 HA1AG 599 1091
QSO: 28463 PH 2023-12-10 1643 PU1SKO 59 42 PU8PSF 59 156
QSO: 28690 PH 2023-12-10 1916 PU1SKO 59 43 7Q6M 59 307
QSO: 28470 PH 2023-12-10 1921 PU1SKO 59 44 PY1AN 59 092
QSO: 28029 CW 2023-12-10 1933 PU1SKO 599 45 5Z4VJ 599 1318
END-OF-LOG: