START-OF-LOG: 2.0
CREATED-BY: TR Log POST Version 6.62
CALLSIGN: LY2OO
CONTEST: EUHFC
CATEGORY: SINGLE-OP ALL LOW MIXED
CLAIMED-SCORE: 61200
NAME: Arvydas MACAS
ADDRESS: Silales 24 - 1
ADDRESS: Kaunas  LT-3026
ADDRESS: LITHUANIA
OPERATORS: LY2OO
QSO: 28000 CW 2003-08-02 1002 LY2OO         599 61     LY2OX         599 66
QSO: 28000 CW 2003-08-02 1004 LY2OO         599 61     LY6A          599 77
QSO: 28000 CW 2003-08-02 1004 LY2OO         599 61     LY4AA         599 95
QSO: 28000 CW 2003-08-02 1007 LY2OO         599 61     LY2MM         599 70
QSO: 28000 CW 2003-08-02 1010 LY2OO         599 61     LY2DX         599 83
QSO: 28000 CW 2003-08-02 1012 LY2OO         599 61     LY3BN         599 84
QSO: 21000 CW 2003-08-02 1015 LY2OO         599 61     LY4AA         599 95
QSO: 21000 CW 2003-08-02 1017 LY2OO         599 61     LY6A          599 77
QSO: 21000 CW 2003-08-02 1020 LY2OO         599 61     LY2DX         599 83
QSO: 21000 CW 2003-08-02 1023 LY2OO         599 61     LY2MM         599 70
QSO: 21000 CW 2003-08-02 1024 LY2OO         599 61     RA4AR         599 76
QSO: 21000 CW 2003-08-02 1025 LY2OO         599 61     UV7M          599 55
QSO: 21000 CW 2003-08-02 1027 LY2OO         599 61     UT1IWA        599 03
QSO: 21000 CW 2003-08-02 1029 LY2OO         599 61     RA6AD         599 72
QSO: 21000 CW 2003-08-02 1032 LY2OO         599 61     LY2KM         599 82
QSO: 21000 CW 2003-08-02 1034 LY2OO         599 61     LY2OX         599 66
QSO: 21000 CW 2003-08-02 1036 LY2OO         599 61     YT6T          599 79
QSO: 21000 CW 2003-08-02 1039 LY2OO         599 61     UA6LGR        599 00
QSO: 21000 CW 2003-08-02 1044 LY2OO         599 61     LY2HK         599 78
QSO: 21000 CW 2003-08-02 1055 LY2OO         599 61     RW4NJ         599 84
QSO: 28000 CW 2003-08-02 1059 LY2OO         599 61     LY2KM         599 82
QSO: 14000 CW 2003-08-02 1124 LY2OO         599 61     S57J          599 82
QSO: 14000 CW 2003-08-02 1126 LY2OO         599 61     4N1JA         599 98
QSO: 14000 CW 2003-08-02 1127 LY2OO         599 61     LY1CM         599 73
QSO: 14000 CW 2003-08-02 1127 LY2OO         599 61     RA6AU         599 79
QSO: 14000 CW 2003-08-02 1128 LY2OO         599 61     HA3OV         599 84
QSO: 14000 CW 2003-08-02 1130 LY2OO         599 61     G0MTN         599 88
QSO: 14000 CW 2003-08-02 1132 LY2OO         599 61     RN4SS         599 83
QSO: 14000 CW 2003-08-02 1132 LY2OO         599 61     I0JFE         599 75
QSO: 14000 CW 2003-08-02 1133 LY2OO         599 61     UA3PM         599 72
QSO: 14000 CW 2003-08-02 1134 LY2OO         599 61     IV3SKB        599 98
QSO: 14000 CW 2003-08-02 1137 LY2OO         599 61     UT1FA         599 77
QSO: 14000 CW 2003-08-02 1138 LY2OO         599 61     G3VHB         599 66
QSO: 14000 CW 2003-08-02 1139 LY2OO         599 61     US0Q          599 70
QSO: 14000 CW 2003-08-02 1140 LY2OO         599 61     IK0YVV        599 96
QSO: 14000 CW 2003-08-02 1141 LY2OO         599 61     UT7I          599 79
QSO: 14000 CW 2003-08-02 1142 LY2OO         599 61     UX7QD         599 75
QSO: 14000 CW 2003-08-02 1142 LY2OO         599 61     LY2KM         599 82
QSO: 14000 CW 2003-08-02 1143 LY2OO         599 61     YU7LS         599 65
QSO: 14000 CW 2003-08-02 1145 LY2OO         599 61     LY2DX         599 83
QSO: 14000 PH 2003-08-02 1153 LY2OO         59  61     S53O          59  72
QSO: 14000 PH 2003-08-02 1154 LY2OO         59  61     LY1FW         59  94
QSO: 14000 PH 2003-08-02 1155 LY2OO         59  61     ON5UR         59  00
QSO: 14000 PH 2003-08-02 1156 LY2OO         59  61     YO9KVV        59  90
QSO: 14000 PH 2003-08-02 1159 LY2OO         59  61     EA5DFV        59  82
QSO: 14000 PH 2003-08-02 1200 LY2OO         59  61     DJ0JE         59  63
QSO: 14000 PH 2003-08-02 1203 LY2OO         59  61     M5RIC         59  00
QSO: 14000 PH 2003-08-02 1206 LY2OO         59  61     G0MTN         59  88
QSO: 14000 PH 2003-08-02 1208 LY2OO         59  61     G3VAO         59  66
QSO: 14000 PH 2003-08-02 1209 LY2OO         59  61     YU1OJ         59  88
QSO: 14000 PH 2003-08-02 1210 LY2OO         59  61     IK1TCF        59  93
QSO: 14000 PH 2003-08-02 1211 LY2OO         59  61     S58AL         59  73
QSO: 14000 PH 2003-08-02 1211 LY2OO         59  61     IK2FIL        59  86
QSO: 14000 PH 2003-08-02 1213 LY2OO         59  61     IK1VDN        59  93
QSO: 14000 PH 2003-08-02 1213 LY2OO         59  61     RK3DH         59  79
QSO: 14000 PH 2003-08-02 1214 LY2OO         59  61     UA3SAQ        59  72
QSO: 14000 PH 2003-08-02 1215 LY2OO         59  61     YT1AD         59  76
QSO: 14000 PH 2003-08-02 1215 LY2OO         59  61     S51CK         59  72
QSO: 14000 PH 2003-08-02 1219 LY2OO         59  61     IZ8EDL        59  00
QSO: 14000 PH 2003-08-02 1221 LY2OO         59  61     I1COB         59  65
QSO: 14000 PH 2003-08-02 1222 LY2OO         59  61     IZ5CMI        59  98
QSO: 14000 PH 2003-08-02 1223 LY2OO         59  61     IZ4DPV        59  01
QSO: 14000 PH 2003-08-02 1225 LY2OO         59  61     S57UN         59  90
QSO: 14000 PH 2003-08-02 1226 LY2OO         59  61     F5NOD         59  94
QSO: 14000 PH 2003-08-02 1228 LY2OO         59  61     IZ5FDD        59  02
QSO: 14000 PH 2003-08-02 1239 LY2OO         59  61     S50KBS        59  03
QSO: 14000 PH 2003-08-02 1240 LY2OO         59  61     YU1AAX        59  97
QSO: 14000 PH 2003-08-02 1242 LY2OO         59  61     EO6F          59  71
QSO: 14000 PH 2003-08-02 1247 LY2OO         59  61     Z3100R        59  91
QSO: 14000 PH 2003-08-02 1248 LY2OO         59  61     S50R          59  65
QSO: 14000 PH 2003-08-02 1249 LY2OO         59  61     RK4FD         59  79
QSO: 14000 PH 2003-08-02 1250 LY2OO         59  61     S53F          59  83
QSO: 14000 PH 2003-08-02 1251 LY2OO         59  61     9A2EU         59  74
QSO: 14000 PH 2003-08-02 1251 LY2OO         59  61     IZ4DJZ        59  94
QSO: 14000 PH 2003-08-02 1253 LY2OO         59  61     9A3LE         59  81
QSO: 14000 PH 2003-08-02 1255 LY2OO         59  61     LY6A          59  77
QSO: 14000 PH 2003-08-02 1256 LY2OO         59  61     9A7P          59  83
QSO: 14000 PH 2003-08-02 1258 LY2OO         59  61     IZ7EDQ        59  01
QSO: 14000 PH 2003-08-02 1300 LY2OO         59  61     PA0IJM        59  70
QSO: 14000 CW 2003-08-02 1303 LY2OO         599 61     S55A          599 63
QSO: 14000 CW 2003-08-02 1307 LY2OO         599 61     YU1ZZ         599 75
QSO: 14000 CW 2003-08-02 1308 LY2OO         599 61     S58A          599 68
QSO: 14000 CW 2003-08-02 1311 LY2OO         599 61     S50R          599 65
QSO: 14000 CW 2003-08-02 1313 LY2OO         599 61     YP3A          599 53
QSO: 14000 CW 2003-08-02 1313 LY2OO         599 61     UA3RC         599 69
QSO: 14000 CW 2003-08-02 1317 LY2OO         599 61     YT6T          599 79
QSO: 14000 CW 2003-08-02 1318 LY2OO         599 61     DL4SDW        599 91
QSO: 14000 CW 2003-08-02 1319 LY2OO         599 61     YP8S          599 03
QSO: 14000 CW 2003-08-02 1320 LY2OO         599 61     YU1NW         599 66
QSO: 14000 CW 2003-08-02 1321 LY2OO         599 61     YO3APJ        599 69
QSO: 14000 CW 2003-08-02 1322 LY2OO         599 61     I3MLU         599 70
QSO: 14000 CW 2003-08-02 1323 LY2OO         599 61     UA4CCG        599 73
QSO: 14000 CW 2003-08-02 1324 LY2OO         599 61     S53EO         599 63
QSO: 14000 CW 2003-08-02 1324 LY2OO         599 61     RX3AEX        599 88
QSO: 14000 CW 2003-08-02 1326 LY2OO         599 61     PA3BFH        599 80
QSO: 21000 CW 2003-08-02 1329 LY2OO         599 61     LZ9R          599 90
QSO: 21000 CW 2003-08-02 1334 LY2OO         599 61     LZ2UZ         599 92
QSO: 21000 CW 2003-08-02 1337 LY2OO         599 61     9H1ZA         599 62
QSO: 21000 PH 2003-08-02 1340 LY2OO         59  61     SV8CS         59  69
QSO: 28000 CW 2003-08-02 1343 LY2OO         599 61     UY5QQ         599 71
QSO: 28000 CW 2003-08-02 1344 LY2OO         599 61     LZ9R          599 90
QSO: 28000 CW 2003-08-02 1347 LY2OO         599 61     RA6AX         599 72
QSO: 14000 CW 2003-08-02 1352 LY2OO         599 61     9A2VR         599 73
QSO: 14000 CW 2003-08-02 1354 LY2OO         599 61     G3GLL         599 49
QSO: 14000 CW 2003-08-02 1356 LY2OO         599 61     SV1BJW        599 91
QSO: 14000 CW 2003-08-02 1403 LY2OO         599 61     PA3AAV        599 77
QSO: 14000 CW 2003-08-02 1403 LY2OO         599 61     UA4FER        599 75
QSO: 14000 CW 2003-08-02 1404 LY2OO         599 61     S52KA         599 97
QSO: 14000 CW 2003-08-02 1405 LY2OO         599 61     G3VHB         599 66
QSO: 14000 CW 2003-08-02 1406 LY2OO         599 61     HA4A          599 72
QSO: 14000 CW 2003-08-02 1409 LY2OO         599 61     RK6HG         599 63
QSO: 14000 CW 2003-08-02 1413 LY2OO         599 61     F5NBX         599 86
QSO: 14000 CW 2003-08-02 1416 LY2OO         599 61     G3LHJ         599 56
QSO: 14000 CW 2003-08-02 1418 LY2OO         599 61     RW4NJ         599 84
QSO: 14000 CW 2003-08-02 1419 LY2OO         599 61     HA8VK         599 78
QSO: 14000 CW 2003-08-02 1421 LY2OO         599 61     HG1R          599 79
QSO: 14000 CW 2003-08-02 1422 LY2OO         599 61     RU4WW         599 89
QSO: 14000 CW 2003-08-02 1424 LY2OO         599 61     LZ7H          599 00
QSO: 14000 CW 2003-08-02 1425 LY2OO         599 61     UA3TU         599 77
QSO: 14000 CW 2003-08-02 1426 LY2OO         599 61     HG8C          599 76
QSO: 14000 CW 2003-08-02 1429 LY2OO         599 61     RW4AA         599 83
QSO: 14000 CW 2003-08-02 1429 LY2OO         599 61     LY2HK         599 78
QSO: 14000 CW 2003-08-02 1431 LY2OO         599 61     YU4WU         599 90
QSO: 14000 PH 2003-08-02 1434 LY2OO         59  61     IK2AVH        59  82
QSO: 14000 PH 2003-08-02 1435 LY2OO         59  61     IZ7AUH        59  97
QSO: 14000 PH 2003-08-02 1436 LY2OO         59  61     LY2KJ         59  97
QSO: 14000 PH 2003-08-02 1437 LY2OO         59  61     LY3BH         59  72
QSO: 14000 PH 2003-08-02 1442 LY2OO         59  61     HG4F          59  78
QSO: 14000 PH 2003-08-02 1444 LY2OO         59  61     UA4LCH        59  80
QSO: 14000 PH 2003-08-02 1447 LY2OO         59  61     SV8CS         59  69
QSO: 14000 PH 2003-08-02 1448 LY2OO         59  61     YT7TY         59  80
QSO: 14000 PH 2003-08-02 1449 LY2OO         59  61     UR5FGW        59  95
QSO: 21000 PH 2003-08-02 1455 LY2OO         59  61     IZ7AUH        59  97
QSO: 21000 PH 2003-08-02 1457 LY2OO         59  61     HA4A          59  72
QSO: 21000 PH 2003-08-02 1458 LY2OO         59  61     YO3CZW        59  82
QSO: 21000 PH 2003-08-02 1501 LY2OO         59  61     LY1FW         59  94
QSO: 28000 PH 2003-08-02 1502 LY2OO         59  61     LY1FW         59  94
QSO: 28000 CW 2003-08-02 1504 LY2OO         599 61     YO3APJ        599 69
QSO: 28000 CW 2003-08-02 1505 LY2OO         599 61     9H1ZA         599 62
QSO: 28000 CW 2003-08-02 1505 LY2OO         599 61     9A3VM         599 69
QSO: 28000 CW 2003-08-02 1507 LY2OO         599 61     YP3A          599 53
QSO: 28000 CW 2003-08-02 1509 LY2OO         599 61     LY1BX         599 38
QSO: 28000 CW 2003-08-02 1513 LY2OO         599 61     LY3GJ         599 93
QSO: 28000 CW 2003-08-02 1515 LY2OO         599 61     YT6T          599 79
QSO: 21000 PH 2003-08-02 1520 LY2OO         59  61     IZ8EXP        59  01
QSO: 21000 PH 2003-08-02 1522 LY2OO         59  61     EO6F          59  71
QSO: 21000 PH 2003-08-02 1523 LY2OO         59  61     LY2OU         59  59
QSO: 21000 PH 2003-08-02 1525 LY2OO         59  61     IZ7EDQ        59  01
QSO: 21000 CW 2003-08-02 1529 LY2OO         599 61     YU1NW         599 66
QSO: 28000 PH 2003-08-02 1535 LY2OO         59  61     SV8CS         59  69
QSO: 28000 PH 2003-08-02 1536 LY2OO         59  61     LY3BH         59  72
QSO: 21000 CW 2003-08-02 1544 LY2OO         599 61     UR7QL         599 80
QSO: 21000 CW 2003-08-02 1547 LY2OO         599 61     LY3GJ         599 93
QSO: 14000 CW 2003-08-02 1554 LY2OO         599 61     IK2HKT        599 86
QSO: 14000 CW 2003-08-02 1556 LY2OO         599 61     9H1ZA         599 62
QSO: 14000 CW 2003-08-02 1558 LY2OO         599 61     HA3NU         599 72
QSO: 14000 CW 2003-08-02 1602 LY2OO         599 61     Z3100R        599 91
QSO: 14000 CW 2003-08-02 1605 LY2OO         599 61     MM0DFV/P      599 83
QSO:  7000 CW 2003-08-02 1610 LY2OO         599 61     UT1IWA        599 03
QSO:  7000 CW 2003-08-02 1611 LY2OO         599 61     LY4AA         599 95
QSO:  7000 CW 2003-08-02 1612 LY2OO         599 61     UT7I          599 79
QSO:  7000 CW 2003-08-02 1614 LY2OO         599 61     UW5U          599 75
QSO:  7000 CW 2003-08-02 1614 LY2OO         599 61     HG8C          599 76
QSO:  7000 CW 2003-08-02 1616 LY2OO         599 61     LY2OX         599 66
QSO:  7000 CW 2003-08-02 1618 LY2OO         599 61     HG9M          599 78
QSO:  7000 CW 2003-08-02 1618 LY2OO         599 61     HA3NU         599 72
QSO:  7000 CW 2003-08-02 1620 LY2OO         599 61     HA3PW         599 75
QSO:  7000 CW 2003-08-02 1621 LY2OO         599 61     RK3AD         599 76
QSO:  7000 CW 2003-08-02 1622 LY2OO         599 61     RK4FD         599 79
QSO:  7000 CW 2003-08-02 1623 LY2OO         599 61     HG1R          599 79
QSO:  7000 CW 2003-08-02 1627 LY2OO         599 61     RM3C          599 77
QSO:  7000 CW 2003-08-02 1628 LY2OO         599 61     HA3LI         599 71
QSO:  7000 CW 2003-08-02 1628 LY2OO         599 61     YO6BHN        599 74
QSO:  7000 CW 2003-08-02 1631 LY2OO         599 61     HG6N          599 72
QSO:  7000 CW 2003-08-02 1633 LY2OO         599 61     YU1NW         599 66
QSO:  7000 CW 2003-08-02 1634 LY2OO         599 61     UA3TU         599 77
QSO:  7000 CW 2003-08-02 1637 LY2OO         599 61     HA5IW/P       599 79
QSO:  7000 CW 2003-08-02 1638 LY2OO         599 61     YP8S          599 03
QSO:  7000 CW 2003-08-02 1640 LY2OO         599 61     OL4M          599 47
QSO: 14000 CW 2003-08-02 1732 LY2OO         599 61     UT1IWA        599 03
QSO: 14000 CW 2003-08-02 1733 LY2OO         599 61     EA7WA         599 81
QSO: 14000 CW 2003-08-02 1735 LY2OO         599 61     RV1AW         599 85
QSO: 14000 CW 2003-08-02 1735 LY2OO         599 61     LY2OX         599 66
QSO: 14000 CW 2003-08-02 1737 LY2OO         599 61     GI4AFS        599 69
QSO:  7000 CW 2003-08-02 1743 LY2OO         599 61     9A2VR         599 73
QSO:  7000 CW 2003-08-02 1744 LY2OO         599 61     OK2PP         599 64
QSO:  7000 CW 2003-08-02 1745 LY2OO         599 61     S58A          599 68
QSO:  7000 CW 2003-08-02 1747 LY2OO         599 61     F5NBX         599 86
QSO:  7000 CW 2003-08-02 1749 LY2OO         599 61     9A3VM         599 69
QSO:  7000 CW 2003-08-02 1751 LY2OO         599 61     OH2CI         599 71
QSO:  7000 CW 2003-08-02 1758 LY2OO         599 61     HA8MD         599 98
QSO:  7000 CW 2003-08-02 1801 LY2OO         599 61     IK2QEI        599 91
QSO:  7000 CW 2003-08-02 1806 LY2OO         599 61     I0JFE         599 75
QSO:  7000 CW 2003-08-02 1807 LY2OO         599 61     RV1AW         599 85
QSO:  7000 CW 2003-08-02 1808 LY2OO         599 61     RZ3AZ         599 93
QSO:  7000 CW 2003-08-02 1809 LY2OO         599 61     YO3APJ        599 69
QSO:  7000 CW 2003-08-02 1810 LY2OO         599 61     S53F          599 83
QSO:  7000 CW 2003-08-02 1812 LY2OO         599 61     YO8KOS        599 71
QSO:  7000 CW 2003-08-02 1813 LY2OO         599 61     UX0ZX         599 77
QSO:  7000 CW 2003-08-02 1814 LY2OO         599 61     G0CKP         599 85
QSO:  7000 CW 2003-08-02 1814 LY2OO         599 61     RA1ACJ        599 90
QSO:  7000 CW 2003-08-02 1816 LY2OO         599 61     HA8VK         599 78
QSO:  7000 CW 2003-08-02 1818 LY2OO         599 61     UY5QQ         599 71
QSO:  7000 CW 2003-08-02 1819 LY2OO         599 61     UV7M          599 55
QSO:  7000 CW 2003-08-02 1820 LY2OO         599 61     UT1FA         599 77
QSO:  7000 CW 2003-08-02 1821 LY2OO         599 61     UA2FF         599 76
QSO:  7000 CW 2003-08-02 1823 LY2OO         599 61     DJ1YFK        599 97
QSO:  7000 CW 2003-08-02 1824 LY2OO         599 61     UW2F          599 78
QSO:  7000 CW 2003-08-02 1828 LY2OO         599 61     OH6OS         599 84
QSO:  7000 CW 2003-08-02 1833 LY2OO         599 61     EW8DX         599 65
QSO:  7000 CW 2003-08-02 1834 LY2OO         599 61     9H1ZA         599 62
QSO:  7000 CW 2003-08-02 1835 LY2OO         599 61     YT6T          599 79
QSO:  7000 CW 2003-08-02 1836 LY2OO         599 61     I3MLU         599 70
QSO:  7000 CW 2003-08-02 1838 LY2OO         599 61     LZ2TU         599 80
QSO:  7000 CW 2003-08-02 1839 LY2OO         599 61     UT3UA         599 77
QSO:  7000 CW 2003-08-02 1840 LY2OO         599 61     RA4AR         599 76
QSO:  7000 CW 2003-08-02 1847 LY2OO         599 61     DK1WU         599 68
QSO:  7000 CW 2003-08-02 1848 LY2OO         599 61     YP3A          599 53
QSO:  7000 CW 2003-08-02 1850 LY2OO         599 61     RA6AU         599 79
QSO:  7000 CW 2003-08-02 1854 LY2OO         599 61     S52QM         599 81
QSO:  7000 CW 2003-08-02 1855 LY2OO         599 61     RK3AWL        599 92
QSO:  7000 CW 2003-08-02 1857 LY2OO         599 61     LY2KM         599 82
QSO:  3500 CW 2003-08-02 1928 LY2OO         599 61     LY2OX         599 66
QSO:  3500 CW 2003-08-02 1930 LY2OO         599 61     LY1BA         599 87
QSO:  3500 CW 2003-08-02 1931 LY2OO         599 61     LY9A          599 75
QSO:  3500 CW 2003-08-02 1931 LY2OO         599 61     HG8C          599 76
QSO:  3500 CW 2003-08-02 1932 LY2OO         599 61     S51RJ         599 72
QSO:  3500 CW 2003-08-02 1934 LY2OO         599 61     LY3BN         599 84
QSO:  3500 CW 2003-08-02 1935 LY2OO         599 61     UT5ECZ        599 89
QSO:  3500 CW 2003-08-02 1936 LY2OO         599 61     S52KA         599 97
QSO:  3500 CW 2003-08-02 1936 LY2OO         599 61     OH2GII        599 02
QSO:  3500 CW 2003-08-02 1937 LY2OO         599 61     LY2DX         599 83
QSO:  3500 CW 2003-08-02 1937 LY2OO         599 61     OM3BA         599 58
QSO:  3500 CW 2003-08-02 1938 LY2OO         599 61     OM4DN         599 75
QSO:  3500 CW 2003-08-02 1939 LY2OO         599 61     LZ2UZ         599 92
QSO:  3500 CW 2003-08-02 1939 LY2OO         599 61     LY4AA         599 95
QSO:  3500 CW 2003-08-02 1939 LY2OO         599 61     YL1ZS         599 87
QSO:  3500 CW 2003-08-02 1940 LY2OO         599 61     YL2ON         599 67
QSO:  3500 CW 2003-08-02 1941 LY2OO         599 61     RW3TA         599 78
QSO:  3500 CW 2003-08-02 1942 LY2OO         599 61     RM3C          599 77
QSO:  3500 CW 2003-08-02 1942 LY2OO         599 61     SM2T          599 71
QSO:  3500 CW 2003-08-02 1943 LY2OO         599 61     LY2GV         599 79
QSO:  3500 CW 2003-08-02 1943 LY2OO         599 61     LY2DT         599 67
QSO:  3500 CW 2003-08-02 1943 LY2OO         599 61     RA2FO         599 73
QSO:  3500 CW 2003-08-02 1945 LY2OO         599 61     G3SXW         599 63
QSO:  3500 CW 2003-08-02 1945 LY2OO         599 61     UR7QC         599 72
QSO:  3500 CW 2003-08-02 1946 LY2OO         599 61     OL1B          599 01
QSO:  3500 CW 2003-08-02 1946 LY2OO         599 61     UT1QL         599 82
QSO:  3500 CW 2003-08-02 1947 LY2OO         599 61     OM6MS         599 98
QSO:  3500 CW 2003-08-02 1948 LY2OO         599 61     LZ9R          599 90
QSO:  3500 CW 2003-08-02 1949 LY2OO         599 61     OK1FMG        599 97
QSO:  3500 CW 2003-08-02 1949 LY2OO         599 61     HG1R          599 79
QSO:  3500 CW 2003-08-02 1951 LY2OO         599 61     EW6CU         599 75
QSO:  3500 CW 2003-08-02 1952 LY2OO         599 61     SQ3A          599 65
QSO:  3500 CW 2003-08-02 1953 LY2OO         599 61     OK2BWC        599 62
QSO:  3500 CW 2003-08-02 1954 LY2OO         599 61     ES5RY         599 79
QSO:  3500 CW 2003-08-02 1954 LY2OO         599 61     YL2PA         599 66
QSO:  3500 CW 2003-08-02 1954 LY2OO         599 61     HA6NW         599 72
QSO:  3500 CW 2003-08-02 1956 LY2OO         599 61     YL0A          599 73
QSO:  3500 CW 2003-08-02 1957 LY2OO         599 61     YO9WF         599 87
QSO:  3500 CW 2003-08-02 1958 LY2OO         599 61     RA6AX         599 72
QSO:  3500 CW 2003-08-02 1958 LY2OO         599 61     DK3RO         599 03
QSO:  3500 CW 2003-08-02 1959 LY2OO         599 61     SM5IMO        599 77
QSO:  3500 CW 2003-08-02 2000 LY2OO         599 61     YO8DOI        599 71
QSO:  3500 CW 2003-08-02 2001 LY2OO         599 61     HA3OV         599 84
QSO:  3500 CW 2003-08-02 2002 LY2OO         599 61     I0JFE         599 75
QSO:  3500 CW 2003-08-02 2005 LY2OO         599 61     PA0JNH        599 63
QSO:  3500 CW 2003-08-02 2007 LY2OO         599 61     RV1AW         599 85
QSO:  3500 CW 2003-08-02 2009 LY2OO         599 61     RA2FID        599 03
QSO:  3500 CW 2003-08-02 2010 LY2OO         599 61     EN1U          599 72
QSO:  3500 CW 2003-08-02 2011 LY2OO         599 61     LY2FF         599 60
QSO:  3500 CW 2003-08-02 2013 LY2OO         599 61     LY2KM         599 82
QSO:  3500 CW 2003-08-02 2014 LY2OO         599 61     LY2PU         599 64
QSO:  3500 CW 2003-08-02 2014 LY2OO         599 61     LY3GJ         599 93
QSO:  3500 CW 2003-08-02 2015 LY2OO         599 61     LY1CT         599 77
QSO:  3500 CW 2003-08-02 2019 LY2OO         599 61     YZ1AA         599 65
QSO:  3500 CW 2003-08-02 2020 LY2OO         599 61     IK2HKT        599 86
QSO:  3500 CW 2003-08-02 2020 LY2OO         599 61     S50R          599 65
QSO:  3500 CW 2003-08-02 2021 LY2OO         599 61     LZ2TU         599 80
QSO:  3500 CW 2003-08-02 2022 LY2OO         599 61     OK1IBP        599 72
QSO:  3500 CW 2003-08-02 2023 LY2OO         599 61     UA2FF         599 76
QSO:  3500 CW 2003-08-02 2023 LY2OO         599 61     OH3WW         599 73
QSO:  3500 CW 2003-08-02 2025 LY2OO         599 61     OH2PM         599 59
QSO:  3500 CW 2003-08-02 2025 LY2OO         599 61     YU1ZZ         599 75
QSO:  3500 CW 2003-08-02 2027 LY2OO         599 61     LY7Z          599 88
QSO:  3500 CW 2003-08-02 2027 LY2OO         599 61     OK2ZC         599 93
QSO:  3500 CW 2003-08-02 2028 LY2OO         599 61     RZ3AZ         599 93
QSO:  3500 CW 2003-08-02 2029 LY2OO         599 61     HA6NL         599 72
QSO:  3500 CW 2003-08-02 2031 LY2OO         599 61     DL3TD         599 67
QSO:  3500 CW 2003-08-02 2031 LY2OO         599 61     SP5JTF        599 77
QSO:  3500 CW 2003-08-02 2032 LY2OO         599 61     RK3AD         599 76
QSO:  3500 CW 2003-08-02 2033 LY2OO         599 61     UA4CCG        599 73
QSO:  3500 CW 2003-08-02 2034 LY2OO         599 61     G3VHB         599 66
QSO:  3500 CW 2003-08-02 2034 LY2OO         599 61     UY5QQ         599 71
QSO:  3500 CW 2003-08-02 2035 LY2OO         599 61     YL5W          599 68
QSO:  3500 CW 2003-08-02 2036 LY2OO         599 61     YO6BHN        599 74
QSO:  3500 CW 2003-08-02 2036 LY2OO         599 61     LY2BW         599 73
QSO:  3500 CW 2003-08-02 2037 LY2OO         599 61     G0CKP         599 85
QSO:  3500 CW 2003-08-02 2037 LY2OO         599 61     HG1R          599 79
QSO:  3500 CW 2003-08-02 2038 LY2OO         599 61     OH3XR         599 81
QSO:  3500 CW 2003-08-02 2038 LY2OO         599 61     YP3A          599 53
QSO:  3500 CW 2003-08-02 2039 LY2OO         599 61     RK4FD         599 79
QSO:  3500 CW 2003-08-02 2040 LY2OO         599 61     S51Z          599 77
QSO:  3500 CW 2003-08-02 2041 LY2OO         599 61     LY2BBF        599 72
QSO:  3500 CW 2003-08-02 2041 LY2OO         599 61     HA3PW         599 75
QSO:  3500 CW 2003-08-02 2042 LY2OO         599 61     YO8KOS        599 71
QSO:  3500 CW 2003-08-02 2043 LY2OO         599 61     YU7LS         599 65
QSO:  3500 CW 2003-08-02 2045 LY2OO         599 61     UT1FA         599 77
QSO:  3500 CW 2003-08-02 2045 LY2OO         599 61     HG6N          599 72
QSO:  3500 CW 2003-08-02 2047 LY2OO         599 61     S53ATT        599 02
QSO:  3500 CW 2003-08-02 2047 LY2OO         599 61     HA8MD         599 98
QSO:  3500 CW 2003-08-02 2048 LY2OO         599 61     UY7C          599 99
QSO:  3500 CW 2003-08-02 2049 LY2OO         599 61     S53EO         599 63
QSO:  3500 CW 2003-08-02 2050 LY2OO         599 61     RA1TV         599 71
QSO:  3500 CW 2003-08-02 2051 LY2OO         599 61     9A3VM         599 69
QSO:  3500 CW 2003-08-02 2052 LY2OO         599 61     LY5G          599 77
QSO:  3500 CW 2003-08-02 2052 LY2OO         599 61     UA2FL         599 64
QSO:  3500 CW 2003-08-02 2054 LY2OO         599 61     SP8LZC        599 81
QSO:  3500 PH 2003-08-02 2057 LY2OO         59  61     OH1F          59  86
QSO:  3500 PH 2003-08-02 2057 LY2OO         59  61     LY1FW         59  94
QSO:  3500 PH 2003-08-02 2058 LY2OO         59  61     GM4YXI        59  81
QSO:  3500 PH 2003-08-02 2100 LY2OO         59  61     LY2PU         59  64
QSO:  3500 PH 2003-08-02 2101 LY2OO         59  61     YL1ZS         59  68
QSO:  3500 PH 2003-08-02 2103 LY2OO         59  61     HA3NU         59  72
QSO:  3500 PH 2003-08-02 2104 LY2OO         59  61     LY4BR         59  73
QSO:  3500 PH 2003-08-02 2105 LY2OO         59  61     UT5SA         59  67
QSO:  3500 PH 2003-08-02 2106 LY2OO         59  61     RN1NP         59  81
QSO:  3500 PH 2003-08-02 2106 LY2OO         59  61     YL7C          59  81
QSO:  3500 PH 2003-08-02 2109 LY2OO         59  61     OH6NIO        59  85
QSO:  3500 PH 2003-08-02 2110 LY2OO         59  61     LY1CO         59  59
QSO:  3500 PH 2003-08-02 2110 LY2OO         59  61     LY3BH         59  72
QSO:  3500 PH 2003-08-02 2112 LY2OO         59  61     S50A          59  63
QSO:  3500 PH 2003-08-02 2115 LY2OO         59  61     SQ8GHY        59  98
QSO:  3500 CW 2003-08-02 2118 LY2OO         599 61     YZ7AA         599 00
QSO:  3500 CW 2003-08-02 2119 LY2OO         599 61     LY3CW         599 83
QSO:  3500 CW 2003-08-02 2120 LY2OO         599 61     RV1AT         599 79
QSO:  3500 CW 2003-08-02 2121 LY2OO         599 61     LY5A          599 70
QSO:  3500 CW 2003-08-02 2123 LY2OO         599 61     UT8AS         599 73
QSO:  3500 CW 2003-08-02 2124 LY2OO         599 61     LY2PX         599 68
QSO:  3500 CW 2003-08-02 2126 LY2OO         599 61     SP6LV         599 57
QSO:  3500 CW 2003-08-02 2127 LY2OO         599 61     RW3XM         599 80
QSO:  3500 CW 2003-08-02 2128 LY2OO         599 61     RK3BA         599 90
QSO:  3500 CW 2003-08-02 2129 LY2OO         599 61     RA6AU         599 79
QSO:  3500 CW 2003-08-02 2130 LY2OO         599 61     OK1SI         599 84
QSO:  3500 CW 2003-08-02 2130 LY2OO         599 61     OL5Y          599 84
QSO:  3500 CW 2003-08-02 2131 LY2OO         599 61     HA8BE         599 73
QSO:  3500 CW 2003-08-02 2132 LY2OO         599 61     OK1TN         599 68
QSO:  3500 CW 2003-08-02 2133 LY2OO         599 61     UW7M          599 78
QSO:  3500 CW 2003-08-02 2134 LY2OO         599 61     I2UIY         599 81
QSO:  3500 CW 2003-08-02 2135 LY2OO         599 61     YP8S          599 03
QSO:  3500 CW 2003-08-02 2136 LY2OO         599 61     HA6NA         599 69
QSO:  3500 CW 2003-08-02 2137 LY2OO         599 61     S51Z          599 77
QSO:  3500 CW 2003-08-02 2137 LY2OO         599 61     YT6T          599 79
QSO:  3500 CW 2003-08-02 2138 LY2OO         599 61     YL2PN         599 63
QSO:  1800 CW 2003-08-02 2141 LY2OO         599 61     LY4AA         599 95
QSO:  1800 CW 2003-08-02 2146 LY2OO         599 61     LY2PX         599 68
QSO:  1800 CW 2003-08-02 2148 LY2OO         599 61     LY7Z          599 88
QSO:  1800 CW 2003-08-02 2149 LY2OO         599 61     OH2BH         599 96
QSO:  1800 CW 2003-08-02 2150 LY2OO         599 61     LY2BBF        599 72
QSO:  1800 CW 2003-08-02 2153 LY2OO         599 61     UY5ZZ         599 67
QSO:  1800 CW 2003-08-02 2157 LY2OO         599 61     UY5QQ         599 71
QSO:  1800 CW 2003-08-02 2159 LY2OO         599 61     RK3AD         599 76
QSO:  1800 CW 2003-08-02 2159 LY2OO         599 61     LY3KS         599 94
END-OF-LOG: 
