START-OF-LOG: 2.0
ARRL-SECTION: DX
CALLSIGN: EU5C
CATEGORY: SINGLE-OP ALL HIGH MIXED
CATEGORY-OVERLAY: 
CLAIMED-SCORE: 243344
CLUB: BELARUS CONTEST CLUB
CONTEST: EUHFC
OPERATORS: EW1HI 
NAME: Ignatovich Alexey
ADDRESS: ul. Slavinskogo 10A - 63
ADDRESS: 
E-MAIL: ew1hi@mail.ru
SOAPBOX: 
QSO: 28050 CW 2015-08-01 1200 EU5C          599 90     EW2A          599 78
QSO: 28053 CW 2015-08-01 1201 EU5C          599 90     EW5W          599 82
QSO: 28053 CW 2015-08-01 1202 EU5C          599 90     EW1W          599 89
QSO: 28053 CW 2015-08-01 1202 EU5C          599 90     EW1EA         599 80
QSO: 28045 CW 2015-08-01 1205 EU5C          599 90     LY2J          599 84
QSO: 21031 CW 2015-08-01 1206 EU5C          599 90     EU1DX         599 86
QSO: 21024 CW 2015-08-01 1208 EU5C          599 90     PA3CVI        599 83
QSO: 21016 CW 2015-08-01 1209 EU5C          599 90     IK2NCJ        599 90
QSO: 21014 CW 2015-08-01 1210 EU5C          599 90     EA1XT         599 04
QSO: 21014 CW 2015-08-01 1211 EU5C          599 90     HB9CA         599 77
QSO: 21026 CW 2015-08-01 1212 EU5C          599 90     LZ1ND         599 98
QSO: 21028 CW 2015-08-01 1214 EU5C          599 90     EW1TO         599 13
QSO: 21032 CW 2015-08-01 1216 EU5C          599 90     PA5KT         599 86
QSO: 21035 CW 2015-08-01 1216 EU5C          599 90     OQ5M          599 99
QSO: 21036 CW 2015-08-01 1216 EU5C          599 90     M7Q           599 82
QSO: 21039 CW 2015-08-01 1217 EU5C          599 90     F5IN          599 65
QSO: 21305 PH 2015-08-01 1218 EU5C          59  90     PI4DX         59  08
QSO: 14040 CW 2015-08-01 1224 EU5C          599 90     UA4W          599 05
QSO: 14040 CW 2015-08-01 1225 EU5C          599 90     G5LP          599 82
QSO: 14040 CW 2015-08-01 1226 EU5C          599 90     RU4A          599 79
QSO: 14040 CW 2015-08-01 1227 EU5C          599 90     DC9ZP         599 70
QSO: 14040 CW 2015-08-01 1227 EU5C          599 90     DL4BBJ        599 80
QSO: 14040 CW 2015-08-01 1228 EU5C          599 90     SM5MX         599 61
QSO: 14040 CW 2015-08-01 1228 EU5C          599 90     PA2W          599 85
QSO: 14040 CW 2015-08-01 1229 EU5C          599 90     PA3HCC        599 95
QSO: 14040 CW 2015-08-01 1230 EU5C          599 90     R6AJ          599 72
QSO: 14040 CW 2015-08-01 1230 EU5C          599 90     E75MM         599 92
QSO: 14040 CW 2015-08-01 1231 EU5C          599 90     RC6R          599 61
QSO: 14040 CW 2015-08-01 1231 EU5C          599 90     S52W          599 80
QSO: 14040 CW 2015-08-01 1231 EU5C          599 90     SP3A          599 75
QSO: 14040 CW 2015-08-01 1231 EU5C          599 90     DD2ML         599 99
QSO: 14040 CW 2015-08-01 1232 EU5C          599 90     YU2A          599 64
QSO: 14040 CW 2015-08-01 1234 EU5C          599 90     GB3RS         599 83
QSO: 14040 CW 2015-08-01 1234 EU5C          599 90     HA5NR         599 66
QSO: 14040 CW 2015-08-01 1235 EU5C          599 90     YT1HA         599 00
QSO: 14040 CW 2015-08-01 1235 EU5C          599 90     SP7OGP        599 85
QSO: 14040 CW 2015-08-01 1235 EU5C          599 90     I6FDJ         599 75
QSO: 14040 CW 2015-08-01 1236 EU5C          599 90     EW5W          599 82
QSO: 14040 CW 2015-08-01 1236 EU5C          599 90     HA8GY         599 70
QSO: 14040 CW 2015-08-01 1237 EU5C          599 90     EI9FVB        599 03
QSO: 14040 CW 2015-08-01 1237 EU5C          599 90     PA2PCH        599 05
QSO: 14040 CW 2015-08-01 1237 EU5C          599 90     G4XEX         599 83
QSO: 14040 CW 2015-08-01 1238 EU5C          599 90     DM8T          599 76
QSO: 14040 CW 2015-08-01 1238 EU5C          599 90     SM5CKV        599 60
QSO: 14040 CW 2015-08-01 1239 EU5C          599 90     UY5VA         599 68
QSO: 14040 CW 2015-08-01 1239 EU5C          599 90     DL0TN         599 82
QSO: 14040 CW 2015-08-01 1240 EU5C          599 90     DJ6QT         599 60
QSO: 14040 CW 2015-08-01 1240 EU5C          599 90     SE6N          599 07
QSO: 14040 CW 2015-08-01 1240 EU5C          599 90     G4RRM         599 87
QSO: 14040 CW 2015-08-01 1240 EU5C          599 90     LZ2ZG         599 85
QSO: 14040 CW 2015-08-01 1241 EU5C          599 90     G1N           599 58
QSO: 14040 CW 2015-08-01 1241 EU5C          599 90     R6LAQ         599 70
QSO: 14040 CW 2015-08-01 1242 EU5C          599 90     YO7LGI        599 76
QSO: 14040 CW 2015-08-01 1243 EU5C          599 90     SM5DGE        599 62
QSO: 14040 CW 2015-08-01 1243 EU5C          599 90     DL5ASK        599 77
QSO: 14040 CW 2015-08-01 1243 EU5C          599 90     DL6ER         599 09
QSO: 14040 CW 2015-08-01 1244 EU5C          599 90     LZ2CH         599 90
QSO: 14040 CW 2015-08-01 1245 EU5C          599 90     YR8D          599 06
QSO: 14040 CW 2015-08-01 1246 EU5C          599 90     CR7AJL        599 14
QSO: 14040 CW 2015-08-01 1246 EU5C          599 90     HG1G          599 72
QSO: 14040 CW 2015-08-01 1247 EU5C          599 90     RK4FM         599 83
QSO: 14040 CW 2015-08-01 1247 EU5C          599 90     IN3FHE        599 74
QSO: 14040 CW 2015-08-01 1247 EU5C          599 90     DL4CF         599 83
QSO: 14040 CW 2015-08-01 1248 EU5C          599 90     SN7O          599 75
QSO: 14040 CW 2015-08-01 1248 EU5C          599 90     RW6K          599 74
QSO: 14040 CW 2015-08-01 1249 EU5C          599 90     HA6NW         599 72
QSO: 14040 CW 2015-08-01 1250 EU5C          599 90     UA4HBM        599 70
QSO: 14040 CW 2015-08-01 1251 EU5C          599 90     EU1AI         599 77
QSO: 14040 CW 2015-08-01 1251 EU5C          599 90     RA6FYL        599 13
QSO: 14040 CW 2015-08-01 1253 EU5C          599 90     EA1GT/QRP     599 81
QSO: 14040 CW 2015-08-01 1254 EU5C          599 90     R6CW          599 80
QSO: 14040 CW 2015-08-01 1254 EU5C          599 90     G4SGI         599 83
QSO: 14040 CW 2015-08-01 1254 EU5C          599 90     F5PAL         599 89
QSO: 14040 CW 2015-08-01 1255 EU5C          599 90     LZ1ZU         599 84
QSO: 21300 PH 2015-08-01 1257 EU5C          59  90     CR6K          59  82
QSO: 14233 PH 2015-08-01 1301 EU5C          59  90     S51F          59  72
QSO: 14233 PH 2015-08-01 1302 EU5C          59  90     EW2MA         59  78
QSO: 14233 PH 2015-08-01 1302 EU5C          59  90     RM4HZ         59  69
QSO: 14233 PH 2015-08-01 1303 EU5C          59  90     IZ3XNJ        59  12
QSO: 14235 PH 2015-08-01 1304 EU5C          59  90     DL9OLI        59  91
QSO: 14235 PH 2015-08-01 1305 EU5C          59  90     DL8TN         59  65
QSO: 14235 PH 2015-08-01 1305 EU5C          59  90     S53M          59  77
QSO: 14235 PH 2015-08-01 1306 EU5C          59  90     LZ1DM         59  89
QSO: 14235 PH 2015-08-01 1306 EU5C          59  90     G6MC          59  00
QSO: 14235 PH 2015-08-01 1306 EU5C          59  90     M0AUG         59  91
QSO: 14235 PH 2015-08-01 1307 EU5C          59  90     DL6MDG        59  79
QSO: 14195 PH 2015-08-01 1309 EU5C          59  90     PB8DX         59  11
QSO: 14198 PH 2015-08-01 1310 EU5C          59  90     S52NR         59  80
QSO: 14202 PH 2015-08-01 1310 EU5C          59  90     S59N          59  97
QSO: 14205 PH 2015-08-01 1311 EU5C          59  90     F4FSY         59  11
QSO: 14213 PH 2015-08-01 1311 EU5C          59  90     R7AW          59  80
QSO: 14217 PH 2015-08-01 1312 EU5C          59  90     E7DX          59  88
QSO: 14222 PH 2015-08-01 1313 EU5C          59  90     PE2LZ         59  06
QSO: 14226 PH 2015-08-01 1313 EU5C          59  90     GM9N          59  11
QSO: 14236 PH 2015-08-01 1313 EU5C          59  90     LY4A          59  84
QSO: 14239 PH 2015-08-01 1315 EU5C          59  90     S54ZZ         59  83
QSO: 14248 PH 2015-08-01 1316 EU5C          59  90     PD7DX         59  09
QSO: 14252 PH 2015-08-01 1317 EU5C          59  90     RO4I          59  82
QSO: 14261 PH 2015-08-01 1317 EU5C          59  90     IV3KKW        59  98
QSO: 14264 PH 2015-08-01 1319 EU5C          59  90     DF3FS         59  00
QSO: 14264 PH 2015-08-01 1319 EU5C          59  90     F1FPL         59  79
QSO: 14264 PH 2015-08-01 1319 EU5C          59  90     OH6ECM        59  12
QSO: 14264 PH 2015-08-01 1320 EU5C          59  90     DL1MHJ        59  84
QSO: 14264 PH 2015-08-01 1320 EU5C          59  90     PA3RMM        59  97
QSO: 14264 PH 2015-08-01 1320 EU5C          59  90     PI4DX         59  08
QSO: 14264 PH 2015-08-01 1321 EU5C          59  90     DP4M          59  97
QSO: 14264 PH 2015-08-01 1321 EU5C          59  90     DK7IH         59  87
QSO: 14264 PH 2015-08-01 1321 EU5C          59  90     RW4WA         59  78
QSO: 14264 PH 2015-08-01 1322 EU5C          59  90     G0TRB         59  84
QSO: 14264 PH 2015-08-01 1322 EU5C          59  90     F5PWK         59  90
QSO: 14264 PH 2015-08-01 1323 EU5C          59  90     F4GWY         59  12
QSO: 14264 PH 2015-08-01 1323 EU5C          59  90     DL3CA         59  60
QSO: 14267 PH 2015-08-01 1325 EU5C          59  90     DJ8OG         59  99
QSO: 14267 PH 2015-08-01 1325 EU5C          59  90     S56WYB        59  99
QSO: 14267 PH 2015-08-01 1326 EU5C          59  90     G4KEE         59  80
QSO: 14267 PH 2015-08-01 1326 EU5C          59  90     IZ3WSV        59  11
QSO: 14267 PH 2015-08-01 1327 EU5C          59  90     OO9O          59  93
QSO: 14267 PH 2015-08-01 1328 EU5C          59  90     IZ5ICH        59  06
QSO: 14267 PH 2015-08-01 1328 EU5C          59  90     DD2ML         59  99
QSO: 14267 PH 2015-08-01 1329 EU5C          59  90     LZ1FCN        59  13
QSO: 14267 PH 2015-08-01 1330 EU5C          59  90     IK5BSC        59  82
QSO: 14267 PH 2015-08-01 1330 EU5C          59  90     DL5ASK        59  77
QSO: 14267 PH 2015-08-01 1330 EU5C          59  90     S57YK         59  79
QSO: 14267 PH 2015-08-01 1330 EU5C          59  90     CT2HTM        59  01
QSO: 14267 PH 2015-08-01 1331 EU5C          59  90     DG5YHK        59  99
QSO: 14267 PH 2015-08-01 1331 EU5C          59  90     IZ1UJM        59  10
QSO: 14267 PH 2015-08-01 1331 EU5C          59  90     IK1GEY        59  91
QSO: 14267 PH 2015-08-01 1332 EU5C          59  90     IZ2FOS        59  03
QSO: 14267 PH 2015-08-01 1332 EU5C          59  90     DD8IL         59  87
QSO: 14267 PH 2015-08-01 1333 EU5C          59  90     F4HMJ         59  27
QSO: 14267 PH 2015-08-01 1333 EU5C          59  90     S51A          59  08
QSO: 14267 PH 2015-08-01 1333 EU5C          59  90     PB2A          59  79
QSO: 14267 PH 2015-08-01 1334 EU5C          59  90     HB2K          59  94
QSO: 14267 PH 2015-08-01 1334 EU5C          59  90     G3OCA         59  60
QSO: 14267 PH 2015-08-01 1334 EU5C          59  90     S56WKC        59  02
QSO: 14267 PH 2015-08-01 1335 EU5C          59  90     EW1RR         59  69
QSO: 14267 PH 2015-08-01 1335 EU5C          59  90     SV1KWA        59  05
QSO: 14267 PH 2015-08-01 1335 EU5C          59  90     S59AZ         59  14
QSO: 14267 PH 2015-08-01 1336 EU5C          59  90     S56DE         59  13
QSO: 14222 PH 2015-08-01 1337 EU5C          59  90     SE4E          59  62
QSO: 14261 PH 2015-08-01 1337 EU5C          59  90     S50A          59  63
QSO: 14251 PH 2015-08-01 1338 EU5C          59  90     OG6N          59  85
QSO: 14176 PH 2015-08-01 1338 EU5C          59  90     RZ4W          59  15
QSO: 14183 PH 2015-08-01 1339 EU5C          59  90     DJ7WW         59  63
QSO: 14189 PH 2015-08-01 1339 EU5C          59  90     LZ3ZZ         59  91
QSO: 14197 PH 2015-08-01 1341 EU5C          59  90     OP4K          59  82
QSO: 14193 PH 2015-08-01 1341 EU5C          59  90     PD0MHZ        59  04
QSO: 14285 PH 2015-08-01 1344 EU5C          59  90     DJ6QT         59  60
QSO: 14279 PH 2015-08-01 1344 EU5C          59  90     HB9OAU        59  89
QSO: 14283 PH 2015-08-01 1345 EU5C          59  90     SV9FBG        59  00
QSO: 14291 PH 2015-08-01 1345 EU5C          59  90     S52WW         59  00
QSO: 14299 PH 2015-08-01 1345 EU5C          59  90     CR6K          59  82
QSO: 14240 PH 2015-08-01 1346 EU5C          59  90     IK0BZE        59  82
QSO: 14257 PH 2015-08-01 1346 EU5C          59  90     LZ1ND         59  82
QSO: 14266 PH 2015-08-01 1348 EU5C          59  90     IT9ACJ        59  08
QSO: 14267 PH 2015-08-01 1349 EU5C          59  90     IK2ZEC        59  95
QSO: 14268 PH 2015-08-01 1350 EU5C          59  90     M7O           59  06
QSO: 14268 PH 2015-08-01 1350 EU5C          59  90     RW4HO         59  86
QSO: 14268 PH 2015-08-01 1350 EU5C          59  90     DJ3AA         59  89
QSO: 14268 PH 2015-08-01 1351 EU5C          59  90     DF9JS         59  77
QSO: 14268 PH 2015-08-01 1351 EU5C          59  90     DK0AM         59  12
QSO: 14268 PH 2015-08-01 1352 EU5C          59  90     I2YYO         59  76
QSO: 14268 PH 2015-08-01 1352 EU5C          59  90     I4OQA         59  80
QSO: 14268 PH 2015-08-01 1352 EU5C          59  90     IZ2KXC        59  85
QSO: 14268 PH 2015-08-01 1353 EU5C          59  90     ON3KX         59  12
QSO: 14268 PH 2015-08-01 1353 EU5C          59  90     EU2EU         59  90
QSO: 14268 PH 2015-08-01 1354 EU5C          59  90     S57M          59  67
QSO: 14268 PH 2015-08-01 1354 EU5C          59  90     ON6GV         59  70
QSO: 14268 PH 2015-08-01 1354 EU5C          59  90     G4ZOY         59  83
QSO: 14268 PH 2015-08-01 1355 EU5C          59  90     PE2MEV        59  01
QSO: 14268 PH 2015-08-01 1355 EU5C          59  90     PA1TO         59  86
QSO: 14268 PH 2015-08-01 1356 EU5C          59  90     DH5KLI        59  07
QSO: 14263 PH 2015-08-01 1357 EU5C          59  90     DF8XC         59  77
QSO: 14246 PH 2015-08-01 1357 EU5C          59  90     EA3CI         59  94
QSO: 14057 CW 2015-08-01 1401 EU5C          599 90     YT2AAA        599 07
QSO: 14057 CW 2015-08-01 1402 EU5C          599 90     ON4DN         599 08
QSO: 14057 CW 2015-08-01 1402 EU5C          599 90     UA6YH         599 69
QSO: 14057 CW 2015-08-01 1403 EU5C          599 90     G4DDX         599 74
QSO: 14057 CW 2015-08-01 1403 EU5C          599 90     G4A           599 83
QSO: 14057 CW 2015-08-01 1403 EU5C          599 90     SM2T          599 71
QSO: 14057 CW 2015-08-01 1404 EU5C          599 90     UC7A          599 83
QSO: 14057 CW 2015-08-01 1404 EU5C          599 90     DL2NBY        599 79
QSO: 14057 CW 2015-08-01 1404 EU5C          599 90     DJ1PQ         599 57
QSO: 14057 CW 2015-08-01 1406 EU5C          599 90     DF9DH         599 78
QSO: 14057 CW 2015-08-01 1407 EU5C          599 90     HA1ZN         599 75
QSO: 14057 CW 2015-08-01 1408 EU5C          599 90     LZ1FJ         599 64
QSO: 14057 CW 2015-08-01 1409 EU5C          599 90     DJ9JU         599 64
QSO: 14057 CW 2015-08-01 1409 EU5C          599 90     R4WT          599 68
QSO: 14057 CW 2015-08-01 1410 EU5C          599 90     LY9Y          599 65
QSO: 14057 CW 2015-08-01 1410 EU5C          599 90     UA4PN         599 78
QSO: 14057 CW 2015-08-01 1410 EU5C          599 90     LZ4AE         599 95
QSO: 14057 CW 2015-08-01 1411 EU5C          599 90     IZ4JMA        599 06
QSO: 14057 CW 2015-08-01 1412 EU5C          599 90     DL1CW         599 79
QSO: 14057 CW 2015-08-01 1413 EU5C          599 90     PE2K          599 84
QSO: 14057 CW 2015-08-01 1413 EU5C          599 90     ON7LB         599 79
QSO: 14236 PH 2015-08-01 1415 EU5C          59  90     EW2A          59  78
QSO: 14245 PH 2015-08-01 1416 EU5C          59  90     S51CK         59  72
QSO: 14247 PH 2015-08-01 1416 EU5C          59  90     EC7ZK         59  99
QSO: 14172 PH 2015-08-01 1416 EU5C          59  90     IY3A          59  02
QSO: 14176 PH 2015-08-01 1417 EU5C          59  90     F6DRP         59  75
QSO: 14161 PH 2015-08-01 1418 EU5C          59  90     EU1A          59  95
QSO: 14275 PH 2015-08-01 1419 EU5C          59  90     RL4A          59  81
QSO: 14254 PH 2015-08-01 1420 EU5C          59  90     RW1A          59  84
QSO: 14252 PH 2015-08-01 1421 EU5C          59  90     EA3KT         59  55
QSO: 14252 PH 2015-08-01 1422 EU5C          59  90     M0KUL         59  04
QSO: 14252 PH 2015-08-01 1423 EU5C          59  90     DG4SFS        59  94
QSO: 14252 PH 2015-08-01 1424 EU5C          59  90     IK4VFB        59  93
QSO: 14252 PH 2015-08-01 1424 EU5C          59  90     IZ3NVR        59  08
QSO: 14252 PH 2015-08-01 1424 EU5C          59  90     DL5JS         59  77
QSO: 14252 PH 2015-08-01 1425 EU5C          59  90     PA2RG         59  00
QSO: 14252 PH 2015-08-01 1425 EU5C          59  90     M0LEY         59  93
QSO: 14252 PH 2015-08-01 1425 EU5C          59  90     M0ZJO         59  09
QSO: 14252 PH 2015-08-01 1426 EU5C          59  90     PB7Z          59  06
QSO: 14252 PH 2015-08-01 1426 EU5C          59  90     ON3AR         59  06
QSO: 14197 PH 2015-08-01 1427 EU5C          59  90     PF9W          59  10
QSO: 14205 PH 2015-08-01 1429 EU5C          59  90     S53EO         59  63
QSO: 14211 PH 2015-08-01 1430 EU5C          59  90     OT1A          59  95
QSO: 14279 PH 2015-08-01 1431 EU5C          59  90     IW2NRI        59  03
QSO: 14260 PH 2015-08-01 1432 EU5C          59  90     F4DXW         59  03
QSO: 14244 PH 2015-08-01 1432 EU5C          59  90     HB9DUR        59  86
QSO: 14239 PH 2015-08-01 1433 EU5C          59  90     I1POR         59  69
QSO: 14239 PH 2015-08-01 1433 EU5C          59  90     I1DXD         59  72
QSO: 14239 PH 2015-08-01 1434 EU5C          59  90     I3CRW         59  86
QSO: 21027 CW 2015-08-01 1438 EU5C          599 90     IV3NVN        599 89
QSO: 21010 CW 2015-08-01 1438 EU5C          599 90     OP4K          599 82
QSO: 21025 CW 2015-08-01 1439 EU5C          599 90     IK0YVV        599 96
QSO: 14049 CW 2015-08-01 1440 EU5C          599 90     PA4O          599 99
QSO: 14036 CW 2015-08-01 1441 EU5C          599 90     IK2NCJ        599 90
QSO: 14042 CW 2015-08-01 1442 EU5C          599 90     S55N          599 81
QSO: 14047 CW 2015-08-01 1443 EU5C          599 90     G3VQO         599 66
QSO: 14047 CW 2015-08-01 1444 EU5C          599 90     PA0GJV        599 74
QSO: 14047 CW 2015-08-01 1444 EU5C          599 90     EW1TO         599 13
QSO: 14047 CW 2015-08-01 1445 EU5C          599 90     G4UZN         599 83
QSO: 14047 CW 2015-08-01 1445 EU5C          599 90     S53AR         599 77
QSO: 14022 CW 2015-08-01 1448 EU5C          599 90     DJ5MW         599 87
QSO: 14023 CW 2015-08-01 1448 EU5C          599 90     PA3AAV        599 77
QSO: 14024 CW 2015-08-01 1449 EU5C          599 90     ES4RR         599 82
QSO: 14027 CW 2015-08-01 1449 EU5C          599 90     PA0VAJ        599 73
QSO: 14031 CW 2015-08-01 1450 EU5C          599 90     IT9RZU        599 01
QSO: 14032 CW 2015-08-01 1450 EU5C          599 90     DL1MUC        599 97
QSO: 14038 CW 2015-08-01 1452 EU5C          599 90     LZ3ZZ         599 91
QSO: 14035 CW 2015-08-01 1452 EU5C          599 90     S59AA         599 50
QSO: 14037 CW 2015-08-01 1453 EU5C          599 90     M7O           599 06
QSO: 14050 CW 2015-08-01 1454 EU5C          599 90     PA5WT         599 77
QSO: 14051 CW 2015-08-01 1454 EU5C          599 90     DL1ARJ        599 66
QSO: 14053 CW 2015-08-01 1455 EU5C          599 90     F5IN          599 65
QSO: 14057 CW 2015-08-01 1456 EU5C          599 90     HB9ARF        599 71
QSO: 14059 CW 2015-08-01 1457 EU5C          599 90     HB9FMU        599 91
QSO:  7154 PH 2015-08-01 1459 EU5C          59  90     8S0C          59  81
QSO:  7016 CW 2015-08-01 1501 EU5C          599 90     RD3AEF        599 77
QSO:  7016 CW 2015-08-01 1501 EU5C          599 90     UA1CUR        599 04
QSO:  7016 CW 2015-08-01 1502 EU5C          599 90     UR8IF         599 82
QSO:  7016 CW 2015-08-01 1502 EU5C          599 90     RX3VF         599 72
QSO:  7016 CW 2015-08-01 1502 EU5C          599 90     DR1R          599 80
QSO:  7016 CW 2015-08-01 1503 EU5C          599 90     OK7U          599 78
QSO:  7016 CW 2015-08-01 1503 EU5C          599 90     UT1AA         599 95
QSO:  7016 CW 2015-08-01 1503 EU5C          599 90     DL2VM         599 75
QSO:  7016 CW 2015-08-01 1504 EU5C          599 90     SE6N          599 07
QSO:  7016 CW 2015-08-01 1504 EU5C          599 90     SP2LNW        599 79
QSO:  7016 CW 2015-08-01 1504 EU5C          599 90     DL8OK         599 81
QSO:  7016 CW 2015-08-01 1505 EU5C          599 90     RM2T          599 78
QSO:  7016 CW 2015-08-01 1505 EU5C          599 90     UY5TE         599 68
QSO:  7016 CW 2015-08-01 1506 EU5C          599 90     UA7K          599 89
QSO:  7016 CW 2015-08-01 1507 EU5C          599 90     RA1DA         599 12
QSO:  7016 CW 2015-08-01 1507 EU5C          599 90     UX1CL         599 76
QSO:  7016 CW 2015-08-01 1507 EU5C          599 90     OM3TPN        599 90
QSO:  7016 CW 2015-08-01 1508 EU5C          599 90     I1WQR         599 79
QSO:  7016 CW 2015-08-01 1508 EU5C          599 90     UT7NI         599 75
QSO:  7016 CW 2015-08-01 1509 EU5C          599 90     EW1EO         599 81
QSO:  7016 CW 2015-08-01 1509 EU5C          599 90     RD3FP         599 90
QSO:  7016 CW 2015-08-01 1510 EU5C          599 90     DL2NBY        599 79
QSO:  7016 CW 2015-08-01 1511 EU5C          599 90     UA6LCN        599 71
QSO:  7016 CW 2015-08-01 1512 EU5C          599 90     S53AR         599 77
QSO:  7016 CW 2015-08-01 1512 EU5C          599 90     DD2ML         599 99
QSO:  7016 CW 2015-08-01 1513 EU5C          599 90     HA6NW         599 72
QSO:  7016 CW 2015-08-01 1513 EU5C          599 90     UA7G          599 69
QSO:  7016 CW 2015-08-01 1513 EU5C          599 90     YO7LGI        599 76
QSO:  7016 CW 2015-08-01 1514 EU5C          599 90     UT4LW         599 98
QSO:  7016 CW 2015-08-01 1515 EU5C          599 90     IC6W          599 84
QSO:  7016 CW 2015-08-01 1515 EU5C          599 90     UR7GO         599 71
QSO:  7016 CW 2015-08-01 1516 EU5C          599 90     SC3N          599 59
QSO:  7016 CW 2015-08-01 1518 EU5C          599 90     OM8VL         599 76
QSO:  7016 CW 2015-08-01 1518 EU5C          599 90     LZ1ND         599 82
QSO:  7016 CW 2015-08-01 1518 EU5C          599 90     UR5FS         599 96
QSO:  7016 CW 2015-08-01 1518 EU5C          599 90     R5AM          599 90
QSO:  7016 CW 2015-08-01 1519 EU5C          599 90     DL6UM         599 81
QSO:  7016 CW 2015-08-01 1519 EU5C          599 90     PA3AAV        599 77
QSO:  7016 CW 2015-08-01 1519 EU5C          599 90     EW5W          599 82
QSO:  7016 CW 2015-08-01 1520 EU5C          599 90     R3QA          599 82
QSO:  7016 CW 2015-08-01 1520 EU5C          599 90     RA3NC         599 73
QSO:  7016 CW 2015-08-01 1522 EU5C          599 90     RN4W          599 90
QSO:  7009 CW 2015-08-01 1524 EU5C          599 90     OM7JG         599 73
QSO:  7011 CW 2015-08-01 1525 EU5C          599 90     SC0N          599 81
QSO:  7012 CW 2015-08-01 1526 EU5C          599 90     US2IZ         599 73
QSO:  7014 CW 2015-08-01 1527 EU5C          599 90     OZ2TF         599 84
QSO:  7015 CW 2015-08-01 1527 EU5C          599 90     UW1M          599 72
QSO:  7016 CW 2015-08-01 1528 EU5C          599 90     RT3A/3        599 60
QSO:  7018 CW 2015-08-01 1529 EU5C          599 90     UA6CC         599 81
QSO:  7024 CW 2015-08-01 1530 EU5C          599 90     R3GD          599 63
QSO:  7031 CW 2015-08-01 1531 EU5C          599 90     UR4QRH        599 97
QSO:  7032 CW 2015-08-01 1532 EU5C          599 90     HA6PJ         599 86
QSO:  7077 PH 2015-08-01 1533 EU5C          59  90     HB2K          59  94
QSO:  7080 PH 2015-08-01 1534 EU5C          59  90     HG6C          59  84
QSO:  7103 PH 2015-08-01 1535 EU5C          59  90     HB9OAU        59  89
QSO:  7156 PH 2015-08-01 1535 EU5C          59  90     UR2Y          59  82
QSO:  7141 PH 2015-08-01 1537 EU5C          59  90     S53M          59  77
QSO:  7160 PH 2015-08-01 1538 EU5C          59  90     OL5Y          59  84
QSO:  7135 PH 2015-08-01 1539 EU5C          59  90     YU5R          59  88
QSO:  7128 PH 2015-08-01 1539 EU5C          59  90     SP2WKB        59  94
QSO:  7123 PH 2015-08-01 1540 EU5C          59  90     PE2LZ         59  06
QSO:  7119 PH 2015-08-01 1540 EU5C          59  90     LY4A          59  84
QSO:  7096 PH 2015-08-01 1541 EU5C          59  90     SP9QMP        59  94
QSO:  7090 PH 2015-08-01 1541 EU5C          59  90     PI4DX         59  08
QSO: 14016 CW 2015-08-01 1543 EU5C          599 90     HB9DHG        599 85
QSO: 14019 CW 2015-08-01 1544 EU5C          599 90     S57K          599 81
QSO: 14020 CW 2015-08-01 1545 EU5C          599 90     EA5KA         599 00
QSO: 14024 CW 2015-08-01 1545 EU5C          599 90     DQ7Y          599 10
QSO: 14028 CW 2015-08-01 1547 EU5C          599 90     E7DX          599 88
QSO: 14028 CW 2015-08-01 1548 EU5C          599 90     S53V          599 65
QSO: 14041 CW 2015-08-01 1550 EU5C          599 90     E70T          599 75
QSO: 14043 CW 2015-08-01 1551 EU5C          599 90     UX1AA         599 82
QSO: 14043 CW 2015-08-01 1551 EU5C          599 90     UA4WI         599 80
QSO: 14043 CW 2015-08-01 1552 EU5C          599 90     DL0WRTC       599 78
QSO: 14043 CW 2015-08-01 1553 EU5C          599 90     YU1AHW        599 95
QSO: 14043 CW 2015-08-01 1553 EU5C          599 90     F4HBV         599 13
QSO: 14043 CW 2015-08-01 1554 EU5C          599 90     9A5Y          599 85
QSO: 14043 CW 2015-08-01 1554 EU5C          599 90     RL5A          599 82
QSO: 14012 CW 2015-08-01 1556 EU5C          599 90     EA5FID        599 92
QSO: 14015 CW 2015-08-01 1557 EU5C          599 90     RG6G          599 89
QSO: 14017 CW 2015-08-01 1557 EU5C          599 90     OT1A          599 95
QSO: 14022 CW 2015-08-01 1558 EU5C          599 90     RA4LO         599 76
QSO: 14024 CW 2015-08-01 1558 EU5C          599 90     M7Q           599 82
QSO: 14025 CW 2015-08-01 1559 EU5C          599 90     RT3F          599 81
QSO: 14030 CW 2015-08-01 1559 EU5C          599 90     EI5KF         599 11
QSO: 14036 CW 2015-08-01 1600 EU5C          599 90     IK4UNH        599 92
QSO: 14036 CW 2015-08-01 1602 EU5C          599 90     IZ2GRG        599 94
QSO: 14036 CW 2015-08-01 1603 EU5C          599 90     EW8W          599 80
QSO: 14021 CW 2015-08-01 1605 EU5C          599 90     S53F          599 83
QSO: 14011 CW 2015-08-01 1606 EU5C          599 90     LZ5R          599 93
QSO: 14025 CW 2015-08-01 1607 EU5C          599 90     DL9SEV        599 89
QSO: 14038 CW 2015-08-01 1608 EU5C          599 90     EU1A          599 95
QSO: 14043 CW 2015-08-01 1609 EU5C          599 90     F6HKA         599 81
QSO: 14047 CW 2015-08-01 1609 EU5C          599 90     IK3SCB        599 91
QSO: 14053 CW 2015-08-01 1610 EU5C          599 90     EW2MA         599 78
QSO: 14055 CW 2015-08-01 1611 EU5C          599 90     9A4WY         599 88
QSO: 14191 PH 2015-08-01 1612 EU5C          59  90     IK1RGK        59  91
QSO: 14198 PH 2015-08-01 1613 EU5C          59  90     UA1AFZ        59  88
QSO: 14198 PH 2015-08-01 1613 EU5C          59  90     RY4F          59  07
QSO: 14198 PH 2015-08-01 1613 EU5C          59  90     RA1ANY        59  91
QSO: 14198 PH 2015-08-01 1614 EU5C          59  90     F5ASD/P       59  95
QSO: 14198 PH 2015-08-01 1615 EU5C          59  90     F6GEU         59  73
QSO: 14198 PH 2015-08-01 1615 EU5C          59  90     9A8FCC        59  80
QSO: 14198 PH 2015-08-01 1615 EU5C          59  90     PD0ARI        59  07
QSO: 14203 PH 2015-08-01 1618 EU5C          59  90     UA4WI         59  80
QSO: 14215 PH 2015-08-01 1618 EU5C          59  90     EW1EO         59  81
QSO: 14217 PH 2015-08-01 1619 EU5C          59  90     RG6G          59  89
QSO: 14220 PH 2015-08-01 1619 EU5C          59  90     UA3RE         59  76
QSO: 14253 PH 2015-08-01 1620 EU5C          59  90     RU5TT         59  66
QSO: 14260 PH 2015-08-01 1620 EU5C          59  90     EA7KB         59  92
QSO: 14250 PH 2015-08-01 1621 EU5C          59  90     F8DBF         59  99
QSO: 14263 PH 2015-08-01 1621 EU5C          59  90     EC2DX         59  93
QSO: 14223 PH 2015-08-01 1622 EU5C          59  90     IQ1RY         59  07
QSO: 14226 PH 2015-08-01 1623 EU5C          59  90     EA5IJG        59  14
QSO: 14237 PH 2015-08-01 1627 EU5C          59  90     IK3UNA/1      59  90
QSO:  7148 PH 2015-08-01 1629 EU5C          59  90     PB7Z          59  06
QSO:  7148 PH 2015-08-01 1629 EU5C          59  90     US0MS         59  75
QSO:  7148 PH 2015-08-01 1629 EU5C          59  90     RT2A          59  82
QSO:  7148 PH 2015-08-01 1630 EU5C          59  90     TA1API        59  05
QSO:  7148 PH 2015-08-01 1630 EU5C          59  90     R7MP          59  85
QSO:  7148 PH 2015-08-01 1631 EU5C          59  90     RN3FY         59  75
QSO:  7148 PH 2015-08-01 1631 EU5C          59  90     IZ5ICH        59  06
QSO:  7148 PH 2015-08-01 1632 EU5C          59  90     UW8RR         59  88
QSO:  7148 PH 2015-08-01 1632 EU5C          59  90     UT3RS         59  90
QSO:  7148 PH 2015-08-01 1632 EU5C          59  90     SE4E          59  62
QSO:  7148 PH 2015-08-01 1633 EU5C          59  90     SI3A          59  80
QSO:  7148 PH 2015-08-01 1633 EU5C          59  90     YO2MLS        59  11
QSO:  7148 PH 2015-08-01 1633 EU5C          59  90     DL9NO         59  81
QSO:  7148 PH 2015-08-01 1634 EU5C          59  90     SP/I2AE       59  71
QSO:  7148 PH 2015-08-01 1635 EU5C          59  90     EU2EU         59  90
QSO:  7148 PH 2015-08-01 1636 EU5C          59  90     HG3M          59  75
QSO:  7148 PH 2015-08-01 1636 EU5C          59  90     UY5TE         59  68
QSO:  7148 PH 2015-08-01 1636 EU5C          59  90     SM5CKV        59  60
QSO:  7148 PH 2015-08-01 1637 EU5C          59  90     RM4HZ         59  69
QSO:  7148 PH 2015-08-01 1637 EU5C          59  90     OM7AB         59  70
QSO:  7148 PH 2015-08-01 1638 EU5C          59  90     EW8BQ         59  84
QSO:  7148 PH 2015-08-01 1638 EU5C          59  90     LY3BB         59  70
QSO:  7148 PH 2015-08-01 1639 EU5C          59  90     IN3XUG        59  76
QSO:  7148 PH 2015-08-01 1639 EU5C          59  90     DJ1ND         59  73
QSO:  7148 PH 2015-08-01 1640 EU5C          59  90     OE5ANL        59  63
QSO:  7148 PH 2015-08-01 1640 EU5C          59  90     OK1VHV        59  65
QSO:  7148 PH 2015-08-01 1641 EU5C          59  90     RK3DYB        59  12
QSO:  7148 PH 2015-08-01 1642 EU5C          59  90     IN3UFW        59  04
QSO:  7148 PH 2015-08-01 1642 EU5C          59  90     YO8RZJ        59  07
QSO:  7148 PH 2015-08-01 1643 EU5C          59  90     R1AT          59  79
QSO:  7148 PH 2015-08-01 1643 EU5C          59  90     G3VAO         59  66
QSO:  7148 PH 2015-08-01 1644 EU5C          59  90     DL8DYL        59  88
QSO:  7148 PH 2015-08-01 1644 EU5C          59  90     US5QUB        59  90
QSO:  7148 PH 2015-08-01 1645 EU5C          59  90     YO5PQP/P      59  13
QSO:  7148 PH 2015-08-01 1645 EU5C          59  90     US2YW         59  88
QSO:  7148 PH 2015-08-01 1645 EU5C          59  90     DJ8OG         59  99
QSO:  7148 PH 2015-08-01 1645 EU5C          59  90     IN3FCK        59  83
QSO:  7148 PH 2015-08-01 1645 EU5C          59  90     OE3TWB        59  11
QSO:  7148 PH 2015-08-01 1646 EU5C          59  90     HG8C          59  76
QSO:  7148 PH 2015-08-01 1646 EU5C          59  90     MM0INS        59  12
QSO:  7148 PH 2015-08-01 1647 EU5C          59  90     US0HZ         59  73
QSO:  7148 PH 2015-08-01 1647 EU5C          59  90     OK1JOC        59  83
QSO:  7148 PH 2015-08-01 1648 EU5C          59  90     OE3CVS        59  12
QSO:  7148 PH 2015-08-01 1649 EU5C          59  90     ER2OW         59  84
QSO:  7148 PH 2015-08-01 1649 EU5C          59  90     DD2ML         59  99
QSO:  7148 PH 2015-08-01 1649 EU5C          59  90     IV3KKW        59  98
QSO:  7148 PH 2015-08-01 1650 EU5C          59  90     UR5VAA        59  74
QSO:  7148 PH 2015-08-01 1650 EU5C          59  90     OK6AB         59  06
QSO:  7148 PH 2015-08-01 1651 EU5C          59  90     YT7DB         59  09
QSO:  7148 PH 2015-08-01 1652 EU5C          59  90     R4WAB         59  13
QSO:  7148 PH 2015-08-01 1652 EU5C          59  90     LZ1DLZ        59  08
QSO:  7148 PH 2015-08-01 1653 EU5C          59  90     S56WYB        59  99
QSO:  7148 PH 2015-08-01 1655 EU5C          59  90     SB7W          59  13
QSO:  7148 PH 2015-08-01 1656 EU5C          59  90     ER3CT         59  82
QSO:  7148 PH 2015-08-01 1657 EU5C          59  90     GM9N          59  11
QSO:  7148 PH 2015-08-01 1657 EU5C          59  90     SM6Y          59  65
QSO:  7148 PH 2015-08-01 1657 EU5C          59  90     F4FSY         59  11
QSO:  7148 PH 2015-08-01 1657 EU5C          59  90     UX2QA         59  80
QSO:  7148 PH 2015-08-01 1658 EU5C          59  90     OK1MDK        59  65
QSO:  7148 PH 2015-08-01 1658 EU5C          59  90     DK9DX         59  74
QSO:  7148 PH 2015-08-01 1658 EU5C          59  90     YO8PN         59  10
QSO:  7148 PH 2015-08-01 1659 EU5C          59  90     DH5KLI        59  07
QSO:  7148 PH 2015-08-01 1700 EU5C          59  90     UW1GR         59  78
QSO:  7148 PH 2015-08-01 1700 EU5C          59  90     OE5XTM/P      59  01
QSO:  7148 PH 2015-08-01 1700 EU5C          59  90     YO2MTG        59  08
QSO:  7148 PH 2015-08-01 1701 EU5C          59  90     RA3RBL        59  88
QSO:  7148 PH 2015-08-01 1701 EU5C          59  90     IV3BCA        59  09
QSO:  7148 PH 2015-08-01 1702 EU5C          59  90     DF2RR         59  93
QSO:  7148 PH 2015-08-01 1702 EU5C          59  90     S51F          59  72
QSO:  7148 PH 2015-08-01 1702 EU5C          59  90     S52WW         59  00
QSO:  7148 PH 2015-08-01 1703 EU5C          59  90     G3VQO         59  66
QSO:  7148 PH 2015-08-01 1703 EU5C          59  90     DK2CH         59  67
QSO:  7148 PH 2015-08-01 1704 EU5C          59  90     RC7LK         59  83
QSO:  7148 PH 2015-08-01 1705 EU5C          59  90     SE5S          59  01
QSO:  7148 PH 2015-08-01 1706 EU5C          59  90     DD1JN         59  77
QSO:  7148 PH 2015-08-01 1706 EU5C          59  90     YU1KN         59  87
QSO:  7148 PH 2015-08-01 1707 EU5C          59  90     SQ9DXN        59  95
QSO:  7148 PH 2015-08-01 1707 EU5C          59  90     OK1XBF        59  93
QSO:  7148 PH 2015-08-01 1708 EU5C          59  90     IK2MMM        59  88
QSO:  7148 PH 2015-08-01 1708 EU5C          59  90     DP4M          59  97
QSO:  7148 PH 2015-08-01 1709 EU5C          59  90     SM5NQB        59  60
QSO:  7148 PH 2015-08-01 1709 EU5C          59  90     UR6EA         59  88
QSO:  7164 PH 2015-08-01 1711 EU5C          59  90     E70T          59  75
QSO:  7140 PH 2015-08-01 1712 EU5C          59  90     RA1ANY        59  91
QSO:  7125 PH 2015-08-01 1712 EU5C          59  90     S53EO         59  63
QSO:  7110 PH 2015-08-01 1712 EU5C          59  90     S51A          59  08
QSO:  7156 PH 2015-08-01 1712 EU5C          59  90     OH6MW         59  81
QSO:  7129 PH 2015-08-01 1713 EU5C          59  90     UA3VSF        59  76
QSO:  7119 PH 2015-08-01 1713 EU5C          59  90     S51CK         59  72
QSO:  7146 PH 2015-08-01 1714 EU5C          59  90     S54ZZ         59  83
QSO:  7171 PH 2015-08-01 1714 EU5C          59  90     DJ7WW         59  63
QSO:  7184 PH 2015-08-01 1715 EU5C          59  90     LY2BKT        59  82
QSO:  7187 PH 2015-08-01 1716 EU5C          59  90     EW8QQ         59  12
QSO:  7190 PH 2015-08-01 1716 EU5C          59  90     DL9OLI        59  91
QSO:  7193 PH 2015-08-01 1716 EU5C          59  90     DJ7MH         59  13
QSO:  7176 PH 2015-08-01 1718 EU5C          59  90     RN3F          59  81
QSO:  7177 PH 2015-08-01 1718 EU5C          59  90     UA1AFZ        59  88
QSO:  7050 CW 2015-08-01 1723 EU5C          599 90     PB7Z          599 06
QSO:  7050 CW 2015-08-01 1724 EU5C          599 90     S53V          599 65
QSO:  7050 CW 2015-08-01 1724 EU5C          599 90     LY3B          599 83
QSO:  7050 CW 2015-08-01 1724 EU5C          599 90     OK2BFN        599 63
QSO:  7050 CW 2015-08-01 1725 EU5C          599 90     EU1DX         599 86
QSO:  7050 CW 2015-08-01 1725 EU5C          599 90     SQ9DXN        599 95
QSO:  7050 CW 2015-08-01 1725 EU5C          599 90     DL4FI         599 66
QSO:  7050 CW 2015-08-01 1726 EU5C          599 90     PA9WOR        599 75
QSO:  7050 CW 2015-08-01 1726 EU5C          599 90     EW8W          599 80
QSO:  7050 CW 2015-08-01 1727 EU5C          599 90     UA6LCJ        599 62
QSO:  7050 CW 2015-08-01 1728 EU5C          599 90     DF2WF         599 67
QSO:  7050 CW 2015-08-01 1729 EU5C          599 90     Z32ZM         599 75
QSO:  7050 CW 2015-08-01 1730 EU5C          599 90     DG0KS         599 93
QSO:  7050 CW 2015-08-01 1730 EU5C          599 90     HA/OM7PY      599 73
QSO:  7050 CW 2015-08-01 1730 EU5C          599 90     HA6OA         599 73
QSO:  7050 CW 2015-08-01 1732 EU5C          599 90     DL3KWF        599 58
QSO:  7050 CW 2015-08-01 1733 EU5C          599 90     9A5Y          599 85
QSO:  7050 CW 2015-08-01 1733 EU5C          599 90     HA2MN         599 69
QSO:  7050 CW 2015-08-01 1734 EU5C          599 90     UT8IM         599 74
QSO:  7050 CW 2015-08-01 1735 EU5C          599 90     RW4WA         599 78
QSO:  7050 CW 2015-08-01 1735 EU5C          599 90     EU1AI         599 77
QSO:  7050 CW 2015-08-01 1736 EU5C          599 90     IZ4JMA        599 06
QSO:  7050 CW 2015-08-01 1736 EU5C          599 90     UX1UF         599 01
QSO:  7050 CW 2015-08-01 1737 EU5C          599 90     DL5KUD        599 93
QSO:  7050 CW 2015-08-01 1737 EU5C          599 90     RD3ARU        599 09
QSO:  7050 CW 2015-08-01 1738 EU5C          599 90     YO4AAC        599 85
QSO:  7050 CW 2015-08-01 1738 EU5C          599 90     LY2SA         599 68
QSO:  7050 CW 2015-08-01 1738 EU5C          599 90     R7KW          599 04
QSO:  7050 CW 2015-08-01 1739 EU5C          599 90     RG3B          599 82
QSO:  7050 CW 2015-08-01 1739 EU5C          599 90     RA3DNC        599 81
QSO:  7050 CW 2015-08-01 1739 EU5C          599 90     DL3ZAI        599 63
QSO:  7050 CW 2015-08-01 1740 EU5C          599 90     DL2MM         599 65
QSO:  7050 CW 2015-08-01 1741 EU5C          599 90     UA4W          599 05
QSO:  7013 CW 2015-08-01 1741 EU5C          599 90     S57K          599 81
QSO:  7013 CW 2015-08-01 1742 EU5C          599 90     ES7GM         599 98
QSO:  7000 CW 2015-08-01 1743 EU5C          599 90     SE5E          599 76
QSO:  7003 CW 2015-08-01 1744 EU5C          599 90     HA5OV         599 78
QSO:  7004 CW 2015-08-01 1744 EU5C          599 90     YQ6A          599 74
QSO:  7005 CW 2015-08-01 1745 EU5C          599 90     YT5W          599 68
QSO:  7006 CW 2015-08-01 1745 EU5C          599 90     UX4U          599 09
QSO:  7007 CW 2015-08-01 1746 EU5C          599 90     F8DBF         599 99
QSO:  7007 CW 2015-08-01 1746 EU5C          599 90     SP9H          599 65
QSO:  7008 CW 2015-08-01 1747 EU5C          599 90     OL1M          599 73
QSO:  7010 CW 2015-08-01 1747 EU5C          599 90     UA4S          599 91
QSO:  7011 CW 2015-08-01 1748 EU5C          599 90     YO9HP         599 76
QSO:  7012 CW 2015-08-01 1749 EU5C          599 90     OH2PM         599 59
QSO:  7023 CW 2015-08-01 1750 EU5C          599 90     DL5YM         599 71
QSO:  7025 CW 2015-08-01 1750 EU5C          599 90     RL5A          599 82
QSO:  7015 CW 2015-08-01 1751 EU5C          599 90     HA3NU         599 72
QSO:  7016 CW 2015-08-01 1752 EU5C          599 90     DL6KVA        599 83
QSO:  7025 CW 2015-08-01 1752 EU5C          599 90     YT0Z          599 75
QSO:  7026 CW 2015-08-01 1753 EU5C          599 90     S59ACP        599 80
QSO:  7027 CW 2015-08-01 1754 EU5C          599 90     9A3VM         599 69
QSO:  7029 CW 2015-08-01 1755 EU5C          599 90     RQ7M          599 88
QSO:  7021 CW 2015-08-01 1756 EU5C          599 90     DK5PD         599 70
QSO:  7027 CW 2015-08-01 1756 EU5C          599 90     UW2ZM         599 88
QSO:  7034 CW 2015-08-01 1757 EU5C          599 90     IN3FHE        599 74
QSO:  7034 CW 2015-08-01 1758 EU5C          599 90     OK2CQR        599 98
QSO:  7036 CW 2015-08-01 1758 EU5C          599 90     DJ5MW         599 87
QSO:  7037 CW 2015-08-01 1759 EU5C          599 90     IK2NCJ        599 90
QSO:  7038 CW 2015-08-01 1759 EU5C          599 90     RT3F          599 81
QSO:  7044 CW 2015-08-01 1801 EU5C          599 90     OK1JOC        599 83
QSO:  7044 CW 2015-08-01 1801 EU5C          599 90     HA3PT         599 73
QSO:  7044 CW 2015-08-01 1802 EU5C          599 90     EW6CU         599 75
QSO:  7044 CW 2015-08-01 1803 EU5C          599 90     LY2NK         599 59
QSO:  7044 CW 2015-08-01 1803 EU5C          599 90     PA5WT         599 77
QSO:  7044 CW 2015-08-01 1803 EU5C          599 90     HG6N          599 72
QSO:  7044 CW 2015-08-01 1803 EU5C          599 90     SP9R          599 66
QSO:  7044 CW 2015-08-01 1805 EU5C          599 90     UA5D          599 76
QSO:  7017 CW 2015-08-01 1806 EU5C          599 90     RG6G          599 89
QSO:  7018 CW 2015-08-01 1807 EU5C          599 90     RT4F          599 86
QSO:  7003 CW 2015-08-01 1808 EU5C          599 90     HA3MQ         599 79
QSO:  7001 CW 2015-08-01 1811 EU5C          599 90     IT9RZU        599 01
QSO:  7035 CW 2015-08-01 1812 EU5C          599 90     IQ2CJ         599 87
QSO:  7044 CW 2015-08-01 1813 EU5C          599 90     UA5F          599 71
QSO:  7048 CW 2015-08-01 1814 EU5C          599 90     UT0RM         599 99
QSO:  7048 CW 2015-08-01 1814 EU5C          599 90     S52W          599 80
QSO:  7135 PH 2015-08-01 1817 EU5C          59  90     RC5A          59  94
QSO:  7133 PH 2015-08-01 1817 EU5C          59  90     YP7P          59  91
QSO:  7129 PH 2015-08-01 1818 EU5C          59  90     UA3RE         59  76
QSO:  7150 PH 2015-08-01 1818 EU5C          59  90     YO5OBA        59  88
QSO:  7148 PH 2015-08-01 1819 EU5C          59  90     DC4A          59  81
QSO:  7148 PH 2015-08-01 1819 EU5C          59  90     OG3P          59  88
QSO:  7148 PH 2015-08-01 1820 EU5C          59  90     SQ2WHH        59  96
QSO:  7148 PH 2015-08-01 1820 EU5C          59  90     S57YX         59  80
QSO:  7148 PH 2015-08-01 1820 EU5C          59  90     DL2VK         59  76
QSO:  7148 PH 2015-08-01 1821 EU5C          59  90     S54G          59  69
QSO:  7148 PH 2015-08-01 1821 EU5C          59  90     YL3CW         59  66
QSO:  7148 PH 2015-08-01 1821 EU5C          59  90     ES8SX         59  69
QSO:  7148 PH 2015-08-01 1822 EU5C          59  90     UA6HLN        59  79
QSO:  7148 PH 2015-08-01 1822 EU5C          59  90     G3PRI         59  61
QSO:  7148 PH 2015-08-01 1823 EU5C          59  90     SP5ECC        59  69
QSO:  7148 PH 2015-08-01 1823 EU5C          59  90     G2ZJ          59  79
QSO:  7178 PH 2015-08-01 1824 EU5C          59  90     DL5JS         59  77
QSO:  7171 PH 2015-08-01 1825 EU5C          59  90     DJ5MW         59  87
QSO:  7142 PH 2015-08-01 1826 EU5C          59  90     RO4I          59  82
QSO:  7117 PH 2015-08-01 1826 EU5C          59  90     S50A          59  63
QSO:  7087 PH 2015-08-01 1828 EU5C          59  90     EU1UA         59  06
QSO:  7164 PH 2015-08-01 1828 EU5C          59  90     SV9FBG        59  00
QSO:  7190 PH 2015-08-01 1829 EU5C          59  90     EW1EO         59  81
QSO:  7182 PH 2015-08-01 1829 EU5C          59  90     EA3CI         59  94
QSO:  7107 PH 2015-08-01 1830 EU5C          59  90     IZ1XBB        59  12
QSO:  7104 PH 2015-08-01 1830 EU5C          59  90     IZ2FOS        59  03
QSO:  7158 PH 2015-08-01 1833 EU5C          59  90     9A8DX         59  77
QSO:  7158 PH 2015-08-01 1834 EU5C          59  90     PE1L          59  83
QSO:  7158 PH 2015-08-01 1834 EU5C          59  90     9A5RPZ        59  14
QSO:  7158 PH 2015-08-01 1835 EU5C          59  90     SV3QUP        59  12
QSO:  7154 PH 2015-08-01 1836 EU5C          59  90     EW2A          59  78
QSO:  7158 PH 2015-08-01 1836 EU5C          59  90     RT3W          59  96
QSO:  7158 PH 2015-08-01 1837 EU5C          59  90     LY2K          59  79
QSO:  7158 PH 2015-08-01 1837 EU5C          59  90     DD8SM         59  04
QSO:  7158 PH 2015-08-01 1838 EU5C          59  90     UR5ZLY        59  88
QSO:  7158 PH 2015-08-01 1838 EU5C          59  90     SP4JCP        59  75
QSO:  7158 PH 2015-08-01 1839 EU5C          59  90     DG7JB         59  83
QSO:  7158 PH 2015-08-01 1839 EU5C          59  90     DM5SB         59  15
QSO:  7158 PH 2015-08-01 1839 EU5C          59  90     EA7ATX        59  95
QSO:  7158 PH 2015-08-01 1840 EU5C          59  90     S51I          59  96
QSO:  7158 PH 2015-08-01 1840 EU5C          59  90     DL8TN         59  65
QSO:  7158 PH 2015-08-01 1840 EU5C          59  90     EW8OG         59  61
QSO:  7158 PH 2015-08-01 1841 EU5C          59  90     OZ1D          59  56
QSO:  7158 PH 2015-08-01 1842 EU5C          59  90     GW6PMC        59  82
QSO:  7158 PH 2015-08-01 1842 EU5C          59  90     IU4DTV        59  14
QSO:  7158 PH 2015-08-01 1842 EU5C          59  90     IQ2UL         59  88
QSO:  7158 PH 2015-08-01 1842 EU5C          59  90     YL2KO         59  81
QSO:  7158 PH 2015-08-01 1843 EU5C          59  90     S57M          59  67
QSO:  7158 PH 2015-08-01 1843 EU5C          59  90     M7Q           59  82
QSO:  7158 PH 2015-08-01 1843 EU5C          59  90     RL4A          59  81
QSO:  7158 PH 2015-08-01 1843 EU5C          59  90     LZ1FCN        59  13
QSO:  7158 PH 2015-08-01 1844 EU5C          59  90     E74SL         59  69
QSO:  7158 PH 2015-08-01 1844 EU5C          59  90     DG5YHK        59  99
QSO:  7158 PH 2015-08-01 1844 EU5C          59  90     UT1UW         59  61
QSO:  7158 PH 2015-08-01 1845 EU5C          59  90     DB8AH         59  99
QSO:  7158 PH 2015-08-01 1846 EU5C          59  90     RW4WA         59  78
QSO:  7158 PH 2015-08-01 1846 EU5C          59  90     EA7KB         59  92
QSO:  7158 PH 2015-08-01 1847 EU5C          59  90     G1PIR         59  85
QSO:  7158 PH 2015-08-01 1847 EU5C          59  90     DL1MHJ        59  84
QSO:  7158 PH 2015-08-01 1847 EU5C          59  90     EC7ZK         59  99
QSO:  7158 PH 2015-08-01 1848 EU5C          59  90     S56WKC        59  02
QSO:  7158 PH 2015-08-01 1849 EU5C          59  90     PF9W          59  10
QSO:  7158 PH 2015-08-01 1849 EU5C          59  90     PA1TO         59  86
QSO:  7158 PH 2015-08-01 1850 EU5C          59  90     DL6BS         59  08
QSO:  7158 PH 2015-08-01 1850 EU5C          59  90     IK1RGK        59  91
QSO:  7158 PH 2015-08-01 1851 EU5C          59  90     DH8KV         59  77
QSO:  7158 PH 2015-08-01 1851 EU5C          59  90     IZ1PIO        59  09
QSO:  7194 PH 2015-08-01 1853 EU5C          59  90     S59ACP        59  80
QSO:  7158 PH 2015-08-01 1854 EU5C          59  90     DD8IL         59  87
QSO:  7158 PH 2015-08-01 1854 EU5C          59  90     OK1AXG        59  75
QSO:  7158 PH 2015-08-01 1855 EU5C          59  90     LY7Z          59  88
QSO:  7158 PH 2015-08-01 1856 EU5C          59  90     LY3ZM         59  06
QSO:  7158 PH 2015-08-01 1857 EU5C          59  90     EA3AYQ        59  86
QSO:  7162 PH 2015-08-01 1858 EU5C          59  90     E7DX          59  88
QSO:  3530 CW 2015-08-01 1901 EU5C          599 90     YL3GAZ        599 95
QSO:  3523 CW 2015-08-01 1903 EU5C          599 90     EU1DX         599 86
QSO:  3529 CW 2015-08-01 1903 EU5C          599 90     RU3UW         599 01
QSO:  3513 CW 2015-08-01 1905 EU5C          599 90     HG8R          599 87
QSO:  3514 CW 2015-08-01 1906 EU5C          599 90     RM2D          599 80
QSO:  3515 CW 2015-08-01 1906 EU5C          599 90     LZ1QV         599 74
QSO:  3517 CW 2015-08-01 1907 EU5C          599 90     YT5A          599 86
QSO:  3514 CW 2015-08-01 1908 EU5C          599 90     LY1CT         599 77
QSO:  3521 CW 2015-08-01 1910 EU5C          599 90     UA2FL         599 64
QSO:  3522 CW 2015-08-01 1911 EU5C          599 90     SP4Z          599 80
QSO:  3524 CW 2015-08-01 1911 EU5C          599 90     EU6AF         599 82
QSO:  3526 CW 2015-08-01 1912 EU5C          599 90     S59N          599 97
QSO:  3534 CW 2015-08-01 1913 EU5C          599 90     LY2K          599 79
QSO:  3519 CW 2015-08-01 1913 EU5C          599 90     SP6GCU        599 73
QSO:  3520 CW 2015-08-01 1914 EU5C          599 90     UR8IF         599 82
QSO:  3521 CW 2015-08-01 1914 EU5C          599 90     UA4CNJ        599 82
QSO:  3540 CW 2015-08-01 1915 EU5C          599 90     OM7JG         599 73
QSO:  3538 CW 2015-08-01 1916 EU5C          599 90     HA6PJ         599 86
QSO:  3515 CW 2015-08-01 1916 EU5C          599 90     UT4LW         599 98
QSO:  3509 CW 2015-08-01 1918 EU5C          599 90     US2YW         599 88
QSO:  3516 CW 2015-08-01 1919 EU5C          599 90     UR4RWW        599 67
QSO:  3518 CW 2015-08-01 1919 EU5C          599 90     RL4A          599 81
QSO:  3522 CW 2015-08-01 1920 EU5C          599 90     SE6Y          599 62
QSO:  3524 CW 2015-08-01 1921 EU5C          599 90     R7KX          599 68
QSO:  3535 CW 2015-08-01 1922 EU5C          599 90     9A3SM         599 80
QSO:  3537 CW 2015-08-01 1922 EU5C          599 90     UW7M          599 78
QSO:  3528 CW 2015-08-01 1923 EU5C          599 90     DL4CF         599 83
QSO:  3523 CW 2015-08-01 1924 EU5C          599 90     HA8FK         599 87
QSO:  3512 CW 2015-08-01 1926 EU5C          599 90     OH10A         599 73
QSO:  3509 CW 2015-08-01 1926 EU5C          599 90     RT3K          599 09
QSO:  3527 CW 2015-08-01 1928 EU5C          599 90     RC5A          599 94
QSO:  3527 CW 2015-08-01 1929 EU5C          599 90     SM2T          599 71
QSO:  3527 CW 2015-08-01 1929 EU5C          599 90     UR7GO         599 71
QSO:  3527 CW 2015-08-01 1929 EU5C          599 90     RU4A          599 79
QSO:  3527 CW 2015-08-01 1930 EU5C          599 90     R7KW          599 04
QSO:  3527 CW 2015-08-01 1930 EU5C          599 90     EW7BR         599 86
QSO:  3527 CW 2015-08-01 1930 EU5C          599 90     DJ8OG         599 99
QSO:  3527 CW 2015-08-01 1931 EU5C          599 90     OK1DIG        599 75
QSO:  3527 CW 2015-08-01 1932 EU5C          599 90     EU2EU         599 90
QSO:  3527 CW 2015-08-01 1932 EU5C          599 90     9A5Y          599 85
QSO:  3527 CW 2015-08-01 1932 EU5C          599 90     SE5E          599 76
QSO:  3527 CW 2015-08-01 1932 EU5C          599 90     UA5F          599 71
QSO:  3527 CW 2015-08-01 1933 EU5C          599 90     OK5SA         599 62
QSO:  3527 CW 2015-08-01 1934 EU5C          599 90     SE5L          599 62
QSO:  3528 CW 2015-08-01 1936 EU5C          599 90     EU1A          599 95
QSO:  3521 CW 2015-08-01 1936 EU5C          599 90     HB9CA         599 77
QSO:  3527 CW 2015-08-01 1938 EU5C          599 90     YR5N          599 97
QSO:  3533 CW 2015-08-01 1939 EU5C          599 90     YT5W          599 68
QSO:  3535 CW 2015-08-01 1939 EU5C          599 90     UX4U          599 09
QSO:  3540 CW 2015-08-01 1940 EU5C          599 90     HA8GY         599 70
QSO:  3515 CW 2015-08-01 1941 EU5C          599 90     OH2PM         599 59
QSO:  3516 CW 2015-08-01 1942 EU5C          599 90     RQ7M          599 88
QSO:  3519 CW 2015-08-01 1943 EU5C          599 90     LY2SA         599 68
QSO:  3696 PH 2015-08-01 1944 EU5C          59  90     YL3CW         59  66
QSO:  3715 PH 2015-08-01 1945 EU5C          59  90     ER3CT         59  82
QSO:  3717 PH 2015-08-01 1945 EU5C          59  90     OM7AB         59  70
QSO:  3721 PH 2015-08-01 1946 EU5C          59  90     S53M          59  77
QSO:  3728 PH 2015-08-01 1946 EU5C          59  90     PE2LZ         59  06
QSO:  3735 PH 2015-08-01 1947 EU5C          59  90     SP4Z          59  80
QSO:  3745 PH 2015-08-01 1947 EU5C          59  90     LY1SR         59  06
QSO:  3751 PH 2015-08-01 1948 EU5C          59  90     EW8QQ         59  12
QSO:  3757 PH 2015-08-01 1948 EU5C          59  90     OE3DMA        59  00
QSO:  3762 PH 2015-08-01 1948 EU5C          59  90     LY5W          59  81
QSO:  3767 PH 2015-08-01 1949 EU5C          59  90     UR2Y          59  82
QSO:  3780 PH 2015-08-01 1950 EU5C          59  90     RN3F          59  81
QSO:  3790 PH 2015-08-01 1950 EU5C          59  90     DJ5MW         59  87
QSO:  3776 PH 2015-08-01 1951 EU5C          59  90     LY5E          59  81
QSO:  3771 PH 2015-08-01 1951 EU5C          59  90     LY3BB         59  70
QSO:  3741 PH 2015-08-01 1952 EU5C          59  90     PI4DX         59  08
QSO:  3735 PH 2015-08-01 1953 EU5C          59  90     DJ8OG         59  99
QSO:  3735 PH 2015-08-01 1953 EU5C          59  90     YO2LXW        59  75
QSO:  3735 PH 2015-08-01 1953 EU5C          59  90     I1DXD         59  72
QSO:  3735 PH 2015-08-01 1954 EU5C          59  90     LY2ND         59  66
QSO:  3735 PH 2015-08-01 1954 EU5C          59  90     DL6NAL        59  78
QSO:  3735 PH 2015-08-01 1954 EU5C          59  90     UR5TEX        59  88
QSO:  3735 PH 2015-08-01 1956 EU5C          59  90     DL8AAE        59  81
QSO:  3735 PH 2015-08-01 1957 EU5C          59  90     M4ASI         59  13
QSO:  3735 PH 2015-08-01 1957 EU5C          59  90     IT9EWR        59  14
QSO:  3735 PH 2015-08-01 1959 EU5C          59  90     HB2K          59  94
QSO:  3735 PH 2015-08-01 1959 EU5C          59  90     ON6KX         59  13
QSO:  3735 PH 2015-08-01 2000 EU5C          59  90     UR6EA         59  88
QSO:  3735 PH 2015-08-01 2000 EU5C          59  90     EA3CI         59  94
QSO:  3735 PH 2015-08-01 2000 EU5C          59  90     YO8RZJ        59  07
QSO:  3735 PH 2015-08-01 2001 EU5C          59  90     S51F          59  72
QSO:  3735 PH 2015-08-01 2001 EU5C          59  90     IZ2KXC        59  85
QSO:  3735 PH 2015-08-01 2002 EU5C          59  90     US0HZ         59  73
QSO:  3735 PH 2015-08-01 2002 EU5C          59  90     SB7W          59  13
QSO:  3735 PH 2015-08-01 2003 EU5C          59  90     US5QUB        59  90
QSO:  3735 PH 2015-08-01 2003 EU5C          59  90     LZ1DLZ        59  08
QSO:  3740 PH 2015-08-01 2004 EU5C          59  90     SQ5CQ         59  08
QSO:  3743 PH 2015-08-01 2005 EU5C          59  90     EW7EW         59  73
QSO:  3786 PH 2015-08-01 2006 EU5C          59  90     OH6MW         59  81
QSO:  3779 PH 2015-08-01 2006 EU5C          59  90     SP9QMP        59  94
QSO:  3764 PH 2015-08-01 2007 EU5C          59  90     OE5XTM/P      59  01
QSO:  3731 PH 2015-08-01 2008 EU5C          59  90     YU5R          59  88
QSO:  3710 PH 2015-08-01 2009 EU5C          59  90     YP7P          59  91
QSO:  3713 PH 2015-08-01 2010 EU5C          59  90     LY5I          59  84
QSO:  3713 PH 2015-08-01 2010 EU5C          59  90     EU4CK         59  71
QSO:  3713 PH 2015-08-01 2011 EU5C          59  90     RA1ANY        59  91
QSO:  3713 PH 2015-08-01 2011 EU5C          59  90     YO9PTH        59  14
QSO:  3713 PH 2015-08-01 2012 EU5C          59  90     SP5DRE        59  69
QSO:  3713 PH 2015-08-01 2012 EU5C          59  90     LY3ZM         59  06
QSO:  3713 PH 2015-08-01 2012 EU5C          59  90     SP4JCP        59  75
QSO:  3713 PH 2015-08-01 2013 EU5C          59  90     DL8DYL        59  88
QSO: 14234 PH 2015-08-01 2014 EU5C          59  90     PD5DJ         59  05
QSO: 14010 CW 2015-08-01 2017 EU5C          599 90     I3FIY         599 77
QSO: 14011 CW 2015-08-01 2017 EU5C          599 90     LY2NK         599 59
QSO: 14020 CW 2015-08-01 2018 EU5C          599 90     TK/S50P       599 01
QSO: 14029 CW 2015-08-01 2018 EU5C          599 90     GI0RQK        599 91
QSO: 14036 CW 2015-08-01 2019 EU5C          599 90     RX6AM         599 75
QSO:  7031 CW 2015-08-01 2022 EU5C          599 90     EW2A          599 78
QSO:  7045 CW 2015-08-01 2023 EU5C          599 90     RT3T          599 77
QSO:  7045 CW 2015-08-01 2023 EU5C          599 90     LY9A          599 75
QSO:  7045 CW 2015-08-01 2024 EU5C          599 90     EW6EN         599 90
QSO:  7045 CW 2015-08-01 2025 EU5C          599 90     RA1CE         599 76
QSO:  7045 CW 2015-08-01 2025 EU5C          599 90     OK1AYD        599 75
QSO:  7045 CW 2015-08-01 2025 EU5C          599 90     UR7VA         599 78
QSO:  7045 CW 2015-08-01 2026 EU5C          599 90     RW6K          599 74
QSO:  7045 CW 2015-08-01 2026 EU5C          599 90     EU1U          599 87
QSO:  7045 CW 2015-08-01 2027 EU5C          599 90     R3ZZ          599 70
QSO:  7045 CW 2015-08-01 2028 EU5C          599 90     YU1AHW        599 95
QSO:  7001 CW 2015-08-01 2030 EU5C          599 90     DL5JQ         599 79
QSO:  7002 CW 2015-08-01 2030 EU5C          599 90     LY5E          599 81
QSO:  7002 CW 2015-08-01 2030 EU5C          599 90     US2YW         599 88
QSO:  7003 CW 2015-08-01 2031 EU5C          599 90     EU1UA         599 06
QSO:  7004 CW 2015-08-01 2031 EU5C          599 90     LY3BN         599 84
QSO:  7005 CW 2015-08-01 2032 EU5C          599 90     LY2DMX        599 82
QSO:  7006 CW 2015-08-01 2032 EU5C          599 90     RW1A          599 84
QSO:  7007 CW 2015-08-01 2032 EU5C          599 90     R1AT          599 79
QSO:  7009 CW 2015-08-01 2033 EU5C          599 90     HA8VK         599 78
QSO:  7010 CW 2015-08-01 2034 EU5C          599 90     UT5EO         599 73
QSO:  7010 CW 2015-08-01 2034 EU5C          599 90     UR7MZ         599 77
QSO:  7010 CW 2015-08-01 2035 EU5C          599 90     LZ5R          599 83
QSO:  7012 CW 2015-08-01 2035 EU5C          599 90     LY2FN         599 78
QSO:  7013 CW 2015-08-01 2036 EU5C          599 90     R1DX          599 79
QSO:  7018 CW 2015-08-01 2037 EU5C          599 90     EW4KA         599 91
QSO:  7023 CW 2015-08-01 2041 EU5C          599 90     DK5DQ         599 86
QSO:  7030 CW 2015-08-01 2042 EU5C          599 90     DK6SP         599 11
QSO:  1815 CW 2015-08-01 2044 EU5C          599 90     HA8FK         599 87
QSO:  1818 CW 2015-08-01 2044 EU5C          599 90     UR7GO         599 71
QSO:  1822 CW 2015-08-01 2045 EU5C          599 90     LY5W          599 81
QSO:  1822 CW 2015-08-01 2045 EU5C          599 90     SN7O          599 75
QSO:  1824 CW 2015-08-01 2045 EU5C          599 90     YT5A          599 86
QSO:  1831 CW 2015-08-01 2046 EU5C          599 90     RC5A          599 94
QSO:  1832 CW 2015-08-01 2047 EU5C          599 90     SE6Y          599 62
QSO:  1833 CW 2015-08-01 2047 EU5C          599 90     OH6MW         599 81
QSO:  1836 CW 2015-08-01 2049 EU5C          599 90     DH0GHU        599 91
QSO:  1834 CW 2015-08-01 2049 EU5C          599 90     OM7JG         599 73
QSO:  1831 CW 2015-08-01 2050 EU5C          599 90     LY2RJ         599 84
QSO:  1829 CW 2015-08-01 2050 EU5C          599 90     DL5YM         599 71
QSO:  1828 CW 2015-08-01 2051 EU5C          599 90     SO2O          599 97
QSO:  1827 CW 2015-08-01 2052 EU5C          599 90     LY4T          599 77
QSO:  1827 CW 2015-08-01 2053 EU5C          599 90     EW8W          599 80
QSO:  1826 CW 2015-08-01 2054 EU5C          599 90     RL4A          599 81
QSO:  1825 CW 2015-08-01 2054 EU5C          599 90     HA3NU         599 72
QSO:  1825 CW 2015-08-01 2054 EU5C          599 90     HG7T          599 73
QSO:  1825 CW 2015-08-01 2055 EU5C          599 90     SP4Z          599 80
QSO:  1825 CW 2015-08-01 2055 EU5C          599 90     LY3B          599 83
QSO:  1825 CW 2015-08-01 2055 EU5C          599 90     SC3N          599 59
QSO:  1825 CW 2015-08-01 2056 EU5C          599 90     RT3F          599 81
QSO:  1825 CW 2015-08-01 2056 EU5C          599 90     YO2IS         599 59
QSO:  1825 CW 2015-08-01 2056 EU5C          599 90     SP4JCP        599 75
QSO:  1825 CW 2015-08-01 2058 EU5C          599 90     ES7GM         599 98
QSO:  1825 CW 2015-08-01 2058 EU5C          599 90     OL5Y          599 84
QSO:  1825 CW 2015-08-01 2059 EU5C          599 90     EU1A          599 95
QSO:  1825 CW 2015-08-01 2059 EU5C          599 90     DJ8OG         599 99
QSO:  1825 CW 2015-08-01 2100 EU5C          599 90     LY5R          599 75
QSO:  1825 CW 2015-08-01 2101 EU5C          599 90     YL5T          599 04
QSO:  1827 CW 2015-08-01 2102 EU5C          599 90     YL5X          599 88
QSO:  1832 CW 2015-08-01 2102 EU5C          599 90     US2YW         599 88
QSO:  1838 CW 2015-08-01 2103 EU5C          599 90     OH10A         599 73
QSO:  1839 CW 2015-08-01 2104 EU5C          599 90     UX4U          599 09
QSO:  1819 CW 2015-08-01 2104 EU5C          599 90     OM3GI         599 75
QSO:  1822 CW 2015-08-01 2106 EU5C          599 90     ES5RY         599 79
QSO:  1822 CW 2015-08-01 2107 EU5C          599 90     LY2K          599 79
QSO:  1822 CW 2015-08-01 2108 EU5C          599 90     HG6N          599 72
QSO:  1822 CW 2015-08-01 2108 EU5C          599 90     LZ8E          599 81
QSO:  1822 CW 2015-08-01 2109 EU5C          599 90     S53F          599 83
QSO:  1822 CW 2015-08-01 2109 EU5C          599 90     LY2J          599 84
QSO:  1822 CW 2015-08-01 2110 EU5C          599 90     R7KW          599 04
QSO:  1822 CW 2015-08-01 2110 EU5C          599 90     DL4ME         599 58
QSO:  1822 CW 2015-08-01 2111 EU5C          599 90     OK1IE         599 72
QSO:  1822 CW 2015-08-01 2111 EU5C          599 90     EU1DX         599 86
QSO:  1822 CW 2015-08-01 2112 EU5C          599 90     HA5OV         599 78
QSO:  1822 CW 2015-08-01 2113 EU5C          599 90     DL4CF         599 83
QSO:  1822 CW 2015-08-01 2113 EU5C          599 90     RU3TJ         599 88
QSO:  1822 CW 2015-08-01 2114 EU5C          599 90     OU2I          599 75
QSO:  1822 CW 2015-08-01 2115 EU5C          599 90     RW1A          599 84
QSO:  1830 CW 2015-08-01 2115 EU5C          599 90     UW2M          599 84
QSO:  1822 CW 2015-08-01 2116 EU5C          599 90     R5DV          599 13
QSO:  1821 CW 2015-08-01 2118 EU5C          599 90     SM5D          599 66
QSO:  1823 CW 2015-08-01 2119 EU5C          599 90     EW8EW         599 79
QSO:  1825 CW 2015-08-01 2119 EU5C          599 90     SP9A          599 90
QSO:  1828 CW 2015-08-01 2120 EU5C          599 90     OH2XX         599 79
QSO:  1829 CW 2015-08-01 2121 EU5C          599 90     HG8R          599 87
QSO:  1834 CW 2015-08-01 2121 EU5C          599 90     UX3HA         599 72
QSO:  7135 PH 2015-08-01 2123 EU5C          59  90     EA7ESM        59  82
QSO:  7135 PH 2015-08-01 2125 EU5C          59  90     DL3SWS        59  61
QSO:  7135 PH 2015-08-01 2125 EU5C          59  90     2E0IFC        59  13
QSO:  7135 PH 2015-08-01 2126 EU5C          59  90     HB9SHD        59  76
QSO:  7135 PH 2015-08-01 2127 EU5C          59  90     TA1ADC        59  15
QSO:  7135 PH 2015-08-01 2128 EU5C          59  90     F1ADG         59  94
QSO:  7143 PH 2015-08-01 2129 EU5C          59  90     DF8XC         59  77
QSO:  7147 PH 2015-08-01 2129 EU5C          59  90     M0MCV         59  03
QSO:  7150 PH 2015-08-01 2129 EU5C          59  90     UV5U          59  70
QSO:  7153 PH 2015-08-01 2130 EU5C          59  90     OE3K          59  77
QSO:  7170 PH 2015-08-01 2130 EU5C          59  90     LY4T          59  77
QSO:  7175 PH 2015-08-01 2131 EU5C          59  90     M0ICR         59  02
QSO:  7140 PH 2015-08-01 2132 EU5C          59  90     LZ1GE         59  61
QSO:  7140 PH 2015-08-01 2133 EU5C          59  90     DL7GW         59  88
QSO:  7140 PH 2015-08-01 2134 EU5C          59  90     PA9WOR        59  75
QSO:  7140 PH 2015-08-01 2134 EU5C          59  90     EA5IJG        59  14
QSO:  7140 PH 2015-08-01 2135 EU5C          59  90     LZ3RN         59  91
QSO:  7140 PH 2015-08-01 2136 EU5C          59  90     GI3SG         59  02
QSO:  7140 PH 2015-08-01 2137 EU5C          59  90     SM5DXR        59  65
QSO:  7140 PH 2015-08-01 2138 EU5C          59  90     DK8HE         59  73
QSO:  7140 PH 2015-08-01 2138 EU5C          59  90     2E0HPI        59  11
QSO:  7140 PH 2015-08-01 2139 EU5C          59  90     PA3EHT        59  84
QSO:  7140 PH 2015-08-01 2139 EU5C          59  90     SQ9OUM        59  06
QSO:  7140 PH 2015-08-01 2141 EU5C          59  90     LY2OM         59  58
QSO:  7140 PH 2015-08-01 2141 EU5C          59  90     DL6AL         59  02
QSO:  7140 PH 2015-08-01 2142 EU5C          59  90     LY2OU         59  58
QSO:  7140 PH 2015-08-01 2143 EU5C          59  90     US6IKF        59  02
QSO:  7134 PH 2015-08-01 2144 EU5C          59  90     RN4ACX        59  80
QSO:  7117 PH 2015-08-01 2145 EU5C          59  90     F1FPL         59  79
QSO:  7143 PH 2015-08-01 2148 EU5C          59  90     EU1A          59  95
QSO:  7152 PH 2015-08-01 2148 EU5C          59  90     YT0W          59  83
QSO:  7162 PH 2015-08-01 2150 EU5C          59  90     EA7YV         59  10
QSO:  7165 PH 2015-08-01 2150 EU5C          59  90     DL65DARC      59  85
QSO:  7184 PH 2015-08-01 2151 EU5C          59  90     DL1NKS        59  99
QSO:  7017 CW 2015-08-01 2153 EU5C          599 90     RZ3AMW        599 86
QSO:  7023 CW 2015-08-01 2153 EU5C          599 90     HB9RB         599 82
QSO:  7024 CW 2015-08-01 2154 EU5C          599 90     YT9A          599 81
QSO:  7026 CW 2015-08-01 2154 EU5C          599 90     UG3G          599 80
QSO:  7029 CW 2015-08-01 2155 EU5C          599 90     DL4FDM        599 82
QSO:  7029 CW 2015-08-01 2155 EU5C          599 90     OO9O          599 93
QSO:  7029 CW 2015-08-01 2155 EU5C          599 90     YR8D          599 06
QSO:  7029 CW 2015-08-01 2156 EU5C          599 90     M0HDF         599 97
QSO:  7029 CW 2015-08-01 2156 EU5C          599 90     EA2CW         599 79
QSO:  7029 CW 2015-08-01 2157 EU5C          599 90     S57OWA        599 04
QSO:  7029 CW 2015-08-01 2157 EU5C          599 90     I2IFT         599 77
QSO:  7029 CW 2015-08-01 2157 EU5C          599 90     OM4AA         599 99
QSO:  7029 CW 2015-08-01 2158 EU5C          599 90     UA3RF         599 78
QSO:  7029 CW 2015-08-01 2158 EU5C          599 90     S52AU         599 70
QSO:  7029 CW 2015-08-01 2158 EU5C          599 90     G4AFS         599 69
QSO:  7029 CW 2015-08-01 2158 EU5C          599 90     DL7USY        599 72
QSO:  7029 CW 2015-08-01 2159 EU5C          599 90     DL3MVC        599 08
QSO:  7029 CW 2015-08-01 2159 EU5C          599 90     R7AB          599 82
QSO:  7029 CW 2015-08-01 2200 EU5C          599 90     EA1VT         599 90
QSO:  7029 CW 2015-08-01 2201 EU5C          599 90     S58A          599 68
QSO:  7029 CW 2015-08-01 2201 EU5C          599 90     G0CKP         599 85
QSO:  7029 CW 2015-08-01 2201 EU5C          599 90     OK1DVA        599 81
QSO:  7029 CW 2015-08-01 2202 EU5C          599 90     SM7TVC        599 91
QSO:  7029 CW 2015-08-01 2203 EU5C          599 90     RL2D          599 84
QSO:  7029 CW 2015-08-01 2204 EU5C          599 90     E72U          599 86
QSO:  7029 CW 2015-08-01 2204 EU5C          599 90     RV6LCI        599 90
QSO:  7029 CW 2015-08-01 2205 EU5C          599 90     G5PPG         599 85
QSO:  7029 CW 2015-08-01 2205 EU5C          599 90     OK2EA         599 75
QSO:  7029 CW 2015-08-01 2206 EU5C          599 90     CR7AJL        599 14
QSO:  7029 CW 2015-08-01 2206 EU5C          599 90     PA9M          599 83
QSO:  7029 CW 2015-08-01 2207 EU5C          599 90     F4HBV         599 13
QSO:  7029 CW 2015-08-01 2207 EU5C          599 90     UF4M          599 84
QSO:  7029 CW 2015-08-01 2208 EU5C          599 90     G0IBN         599 82
QSO:  7029 CW 2015-08-01 2208 EU5C          599 90     EA3FZT        599 85
QSO:  7029 CW 2015-08-01 2208 EU5C          599 90     SP3BES        599 65
QSO:  7029 CW 2015-08-01 2209 EU5C          599 90     YU1DX         599 66
QSO:  7029 CW 2015-08-01 2209 EU5C          599 90     LZ1ZJ         599 86
QSO:  7029 CW 2015-08-01 2210 EU5C          599 90     PA3HCC        599 95
QSO:  7029 CW 2015-08-01 2211 EU5C          599 90     YT2AAA        599 07
QSO:  7029 CW 2015-08-01 2211 EU5C          599 90     SP2MKT        599 81
QSO:  7029 CW 2015-08-01 2212 EU5C          599 90     DL1ARJ        599 66
QSO:  7029 CW 2015-08-01 2212 EU5C          599 90     HA3OU         599 83
QSO:  7029 CW 2015-08-01 2213 EU5C          599 90     YO4SI         599 61
QSO:  7029 CW 2015-08-01 2213 EU5C          599 90     DJ8EW         599 62
QSO:  7029 CW 2015-08-01 2214 EU5C          599 90     LY2QT         599 86
QSO:  7029 CW 2015-08-01 2214 EU5C          599 90     OQ5M          599 99
QSO:  7029 CW 2015-08-01 2215 EU5C          599 90     G5LP          599 82
QSO:  7029 CW 2015-08-01 2215 EU5C          599 90     YO3GNF        599 87
QSO:  7029 CW 2015-08-01 2215 EU5C          599 90     OM7AT         599 74
QSO:  7029 CW 2015-08-01 2216 EU5C          599 90     RA1AP         599 12
QSO:  7029 CW 2015-08-01 2216 EU5C          599 90     HB9CTU        599 81
QSO:  7029 CW 2015-08-01 2216 EU5C          599 90     MM0BMA        599 98
QSO:  7029 CW 2015-08-01 2217 EU5C          599 90     SP2DKI        599 79
QSO:  7029 CW 2015-08-01 2217 EU5C          599 90     UA2F          599 82
QSO:  7029 CW 2015-08-01 2218 EU5C          599 90     DL8BH         599 14
QSO:  7029 CW 2015-08-01 2218 EU5C          599 90     UR4IZ         599 76
QSO:  7029 CW 2015-08-01 2219 EU5C          599 90     PE2K          599 84
QSO:  7029 CW 2015-08-01 2220 EU5C          599 90     DJ1MM         599 73
QSO:  7029 CW 2015-08-01 2220 EU5C          599 90     OK7CM         599 87
QSO:  7029 CW 2015-08-01 2221 EU5C          599 90     G4DDX         599 74
QSO:  7029 CW 2015-08-01 2222 EU5C          599 90     UT0UM         599 93
QSO:  7029 CW 2015-08-01 2223 EU5C          599 90     OK1OX         599 74
QSO:  7029 CW 2015-08-01 2223 EU5C          599 90     I5ECW         599 74
QSO:  7029 CW 2015-08-01 2224 EU5C          599 90     DF1XC         599 75
QSO:  7029 CW 2015-08-01 2225 EU5C          599 90     IK4OMU        599 87
QSO:  7029 CW 2015-08-01 2225 EU5C          599 90     LZ1OJ         599 88
QSO:  7029 CW 2015-08-01 2226 EU5C          599 90     DL4ME         599 58
QSO:  7029 CW 2015-08-01 2228 EU5C          599 90     YT6M          599 83
QSO:  1813 CW 2015-08-01 2231 EU5C          599 90     E7DX          599 88
QSO:  1829 CW 2015-08-01 2234 EU5C          599 90     LY2XW         599 02
QSO:  1822 CW 2015-08-01 2238 EU5C          599 90     UW1M          599 72
QSO:  1822 CW 2015-08-01 2239 EU5C          599 90     HB9AAZ        599 61
QSO:  1822 CW 2015-08-01 2239 EU5C          599 90     YT8A          599 70
QSO:  1822 CW 2015-08-01 2240 EU5C          599 90     EU2EU         599 90
QSO:  1822 CW 2015-08-01 2241 EU5C          599 90     UT5YY         599 67
QSO:  1820 CW 2015-08-01 2243 EU5C          599 90     UI2K          599 82
QSO:  1819 CW 2015-08-01 2244 EU5C          599 90     EW7BR         599 86
QSO:  1819 CW 2015-08-01 2244 EU5C          599 90     EW1EO         599 81
QSO:  1817 CW 2015-08-01 2245 EU5C          599 90     OM3PA         599 65
QSO:  1831 CW 2015-08-01 2247 EU5C          599 90     OH2PM         599 59
QSO:  1832 CW 2015-08-01 2248 EU5C          599 90     RL5A          599 82
QSO:  1834 CW 2015-08-01 2249 EU5C          599 90     DJ5MW         599 87
QSO:  1838 CW 2015-08-01 2249 EU5C          599 90     LY4A          599 84
QSO:  3747 PH 2015-08-01 2251 EU5C          59  90     S58N          59  78
QSO:  3744 PH 2015-08-01 2251 EU5C          59  90     IZ2FOS        59  03
QSO:  3734 PH 2015-08-01 2252 EU5C          59  90     UW2M          59  84
QSO:  3727 PH 2015-08-01 2252 EU5C          59  90     LY4L          59  90
QSO:  3724 PH 2015-08-01 2253 EU5C          59  90     HG6C          59  84
QSO:  3719 PH 2015-08-01 2254 EU5C          59  90     S57PKT        59  95
QSO:  3718 PH 2015-08-01 2254 EU5C          59  90     YL3AJA        59  13
QSO:  3715 PH 2015-08-01 2255 EU5C          59  90     S51CK         59  72
QSO:  3713 PH 2015-08-01 2255 EU5C          59  90     DJ6QT         59  60
QSO:  3709 PH 2015-08-01 2255 EU5C          59  90     EU6AF         59  82
QSO:  3707 PH 2015-08-01 2256 EU5C          59  90     RU4AA         59  79
QSO:  3704 PH 2015-08-01 2256 EU5C          59  90     LY7Z          59  88
QSO:  3700 PH 2015-08-01 2256 EU5C          59  90     S52DK         59  87
QSO:  3751 PH 2015-08-01 2257 EU5C          59  90     S57K          59  81
QSO:  3758 PH 2015-08-01 2257 EU5C          59  90     LY7A          59  98
QSO:  3765 PH 2015-08-01 2258 EU5C          59  90     YT0W          59  83
QSO:  3768 PH 2015-08-01 2258 EU5C          59  90     DJ7WW         59  63
QSO:  3771 PH 2015-08-01 2258 EU5C          59  90     RJ4P          59  89
QSO:  3776 PH 2015-08-01 2259 EU5C          59  90     LY4A          59  84
QSO:  3781 PH 2015-08-01 2259 EU5C          59  90     UT3RS         59  90
QSO:  3784 PH 2015-08-01 2300 EU5C          59  90     DO2MRC        59  14
QSO:  3741 PH 2015-08-01 2301 EU5C          59  90     IK8UND        59  93
QSO:  3736 PH 2015-08-01 2302 EU5C          59  90     OG3P          59  88
QSO:  3745 PH 2015-08-01 2302 EU5C          59  90     RW1A          59  84
QSO:  3748 PH 2015-08-01 2302 EU5C          59  90     SE4E          59  62
QSO:  3703 PH 2015-08-01 2302 EU5C          59  90     IV3KKW        59  98
QSO:  3730 PH 2015-08-01 2304 EU5C          59  90     RM4HZ         59  69
QSO:  3739 PH 2015-08-01 2304 EU5C          59  90     UV5U          59  70
QSO:  3733 PH 2015-08-01 2304 EU5C          59  90     DF8XC         59  77
QSO:  3764 PH 2015-08-01 2305 EU5C          59  90     LY5AA         59  12
QSO:  3782 PH 2015-08-01 2306 EU5C          59  90     UR3CMA        59  99
QSO:  3782 PH 2015-08-01 2307 EU5C          59  90     RC5A          59  94
QSO:  3782 PH 2015-08-01 2308 EU5C          59  90     R7MM          59  68
QSO:  3782 PH 2015-08-01 2308 EU5C          59  90     DJ90IARU      59  12
QSO:  3782 PH 2015-08-01 2309 EU5C          59  90     I5DOF         59  69
QSO:  3782 PH 2015-08-01 2309 EU5C          59  90     UT3SO         59  81
QSO:  3782 PH 2015-08-01 2309 EU5C          59  90     DP4M          59  97
QSO:  3782 PH 2015-08-01 2309 EU5C          59  90     S51A          59  08
QSO:  3782 PH 2015-08-01 2309 EU5C          59  90     EU6DX         59  63
QSO:  3782 PH 2015-08-01 2310 EU5C          59  90     E7DX          59  88
QSO:  3782 PH 2015-08-01 2310 EU5C          59  90     RW4WA         59  78
QSO:  3782 PH 2015-08-01 2310 EU5C          59  90     DO4MTB        59  11
QSO:  3782 PH 2015-08-01 2311 EU5C          59  90     LY2OU         59  58
QSO:  3782 PH 2015-08-01 2312 EU5C          59  90     G3VAO         59  66
QSO:  3782 PH 2015-08-01 2312 EU5C          59  90     S57M          59  67
QSO:  3782 PH 2015-08-01 2312 EU5C          59  90     LY1YZ         59  12
QSO:  3750 PH 2015-08-01 2314 EU5C          59  90     UW1M          59  72
QSO:  3712 PH 2015-08-01 2314 EU5C          59  90     S59ACP        59  80
QSO:  3706 PH 2015-08-01 2316 EU5C          59  90     UW1GR         59  78
QSO:  3521 CW 2015-08-01 2317 EU5C          599 90     S560T         599 15
QSO:  3523 CW 2015-08-01 2318 EU5C          599 90     LZ8E          599 81
QSO:  3501 CW 2015-08-01 2319 EU5C          599 90     DC4A          599 81
QSO:  3502 CW 2015-08-01 2321 EU5C          599 90     YR8D          599 06
QSO:  3502 CW 2015-08-01 2321 EU5C          599 90     LY3B          599 83
QSO:  3502 CW 2015-08-01 2321 EU5C          599 90     HG7T          599 73
QSO:  3502 CW 2015-08-01 2321 EU5C          599 90     YO4SI         599 61
QSO:  3502 CW 2015-08-01 2322 EU5C          599 90     EW2DZ         599 77
QSO:  3502 CW 2015-08-01 2323 EU5C          599 90     R3QA          599 82
QSO:  3502 CW 2015-08-01 2323 EU5C          599 90     HG6N          599 72
QSO:  3502 CW 2015-08-01 2323 EU5C          599 90     DL1CW         599 79
QSO:  3502 CW 2015-08-01 2323 EU5C          599 90     LY4L          599 90
QSO:  3502 CW 2015-08-01 2324 EU5C          599 90     OK2GU         599 61
QSO:  3502 CW 2015-08-01 2324 EU5C          599 90     S50A          599 63
QSO:  3502 CW 2015-08-01 2324 EU5C          599 90     OL3Z          599 83
QSO:  3502 CW 2015-08-01 2324 EU5C          599 90     UA4CIF        599 77
QSO:  3502 CW 2015-08-01 2325 EU5C          599 90     S52W          599 80
QSO:  3502 CW 2015-08-01 2325 EU5C          599 90     YT8A          599 70
QSO:  3502 CW 2015-08-01 2326 EU5C          599 90     OL6P          599 80
QSO:  3502 CW 2015-08-01 2326 EU5C          599 90     UA3QAM        599 70
QSO:  3502 CW 2015-08-01 2327 EU5C          599 90     RT4H          599 84
QSO:  3502 CW 2015-08-01 2327 EU5C          599 90     ES5RY         599 79
QSO:  3502 CW 2015-08-01 2328 EU5C          599 90     EA5KA         599 00
QSO:  3502 CW 2015-08-01 2328 EU5C          599 90     OK7U          599 78
QSO:  3502 CW 2015-08-01 2328 EU5C          599 90     LZ4AE         599 95
QSO:  3502 CW 2015-08-01 2328 EU5C          599 90     SP2LNW        599 79
QSO:  3502 CW 2015-08-01 2329 EU5C          599 90     DL6KVA        599 84
QSO:  3502 CW 2015-08-01 2329 EU5C          599 90     UA4S          599 91
QSO:  3502 CW 2015-08-01 2330 EU5C          599 90     LY2DX         599 83
QSO:  3502 CW 2015-08-01 2330 EU5C          599 90     DK5PD         599 70
QSO:  3502 CW 2015-08-01 2331 EU5C          599 90     RA1DA         599 12
QSO:  3502 CW 2015-08-01 2331 EU5C          599 90     LY2MM         599 70
QSO:  3502 CW 2015-08-01 2331 EU5C          599 90     LY9A          599 75
QSO:  3502 CW 2015-08-01 2332 EU5C          599 90     R1DX          599 79
QSO:  3502 CW 2015-08-01 2332 EU5C          599 90     DL8DYL        599 88
QSO:  3502 CW 2015-08-01 2333 EU5C          599 90     RD3AEF        599 77
QSO:  3502 CW 2015-08-01 2333 EU5C          599 90     UA4PN         599 78
QSO:  3502 CW 2015-08-01 2333 EU5C          599 90     EW1RR         599 69
QSO:  3502 CW 2015-08-01 2333 EU5C          599 90     UA3RF         599 78
QSO:  3502 CW 2015-08-01 2334 EU5C          599 90     LY2FN         599 78
QSO:  3502 CW 2015-08-01 2334 EU5C          599 90     R7AW          599 80
QSO:  3502 CW 2015-08-01 2335 EU5C          599 90     R7AB          599 82
QSO:  3502 CW 2015-08-01 2335 EU5C          599 90     EW8NB         599 14
QSO:  3502 CW 2015-08-01 2335 EU5C          599 90     LY2BUU        599 91
QSO:  3502 CW 2015-08-01 2335 EU5C          599 90     EW5W          599 82
QSO:  3502 CW 2015-08-01 2336 EU5C          599 90     OK1HCG        599 74
QSO:  3502 CW 2015-08-01 2336 EU5C          599 90     R7MM          599 68
QSO:  3502 CW 2015-08-01 2337 EU5C          599 90     DJ5MW         599 87
QSO:  3502 CW 2015-08-01 2337 EU5C          599 90     DR1R          599 80
QSO:  3502 CW 2015-08-01 2337 EU5C          599 90     LY5I          599 84
QSO:  3502 CW 2015-08-01 2338 EU5C          599 90     YO8SS         599 73
QSO:  3502 CW 2015-08-01 2339 EU5C          599 90     R1AT          599 79
QSO:  3502 CW 2015-08-01 2339 EU5C          599 90     SC0N          599 81
QSO:  3502 CW 2015-08-01 2340 EU5C          599 90     UV3RT         599 88
QSO:  3502 CW 2015-08-01 2341 EU5C          599 90     HA1ZN         599 75
QSO:  3502 CW 2015-08-01 2341 EU5C          599 90     UX1AA         599 82
QSO:  3502 CW 2015-08-01 2341 EU5C          599 90     UC7A          599 83
QSO:  3502 CW 2015-08-01 2342 EU5C          599 90     E7DX          599 88
QSO:  3502 CW 2015-08-01 2343 EU5C          599 90     UW1M          599 72
QSO:  3502 CW 2015-08-01 2343 EU5C          599 90     UA4W          599 05
QSO:  3502 CW 2015-08-01 2344 EU5C          599 90     DL1NKS        599 99
QSO:  3502 CW 2015-08-01 2344 EU5C          599 90     EW8W          599 80
QSO:  3502 CW 2015-08-01 2345 EU5C          599 90     EW4KA         599 91
QSO:  3502 CW 2015-08-01 2345 EU5C          599 90     OK1WWJ        599 99
QSO:  3502 CW 2015-08-01 2345 EU5C          599 90     UT2UB         599 73
QSO:  3502 CW 2015-08-01 2346 EU5C          599 90     UA2F          599 82
QSO:  3502 CW 2015-08-01 2346 EU5C          599 90     RK4FM         599 83
QSO:  3502 CW 2015-08-01 2347 EU5C          599 90     OM3GI         599 75
QSO:  3502 CW 2015-08-01 2347 EU5C          599 90     UR3CMA        599 99
QSO:  3502 CW 2015-08-01 2347 EU5C          599 90     YQ6A          599 74
QSO:  3502 CW 2015-08-01 2347 EU5C          599 90     S57K          599 81
QSO:  3502 CW 2015-08-01 2348 EU5C          599 90     IQ2CJ         599 87
QSO:  3502 CW 2015-08-01 2349 EU5C          599 90     EW6EN         599 90
QSO:  3502 CW 2015-08-01 2349 EU5C          599 90     EW2A          599 78
QSO:  3502 CW 2015-08-01 2349 EU5C          599 90     OK7CM         599 87
QSO:  3502 CW 2015-08-01 2350 EU5C          599 90     YL5T          599 04
QSO:  3502 CW 2015-08-01 2350 EU5C          599 90     4O3A          599 81
QSO:  3502 CW 2015-08-01 2351 EU5C          599 90     LY2NY         599 81
QSO:  3502 CW 2015-08-01 2352 EU5C          599 90     MW5R          599 88
QSO:  3502 CW 2015-08-01 2352 EU5C          599 90     SO2O          599 97
QSO:  3502 CW 2015-08-01 2352 EU5C          599 90     RW4CLF        599 99
QSO:  3502 CW 2015-08-01 2353 EU5C          599 90     EW8EW         599 79
QSO:  3502 CW 2015-08-01 2353 EU5C          599 90     LY2AJ         599 12
QSO:  3502 CW 2015-08-01 2353 EU5C          599 90     YU1AHW        599 95
QSO:  3502 CW 2015-08-01 2354 EU5C          599 90     HA6NW         599 72
QSO:  3502 CW 2015-08-01 2354 EU5C          599 90     OM3EE         599 56
QSO:  3502 CW 2015-08-01 2354 EU5C          599 90     OL5Y          599 84
QSO:  3502 CW 2015-08-01 2355 EU5C          599 90     LY2J          599 84
QSO:  3502 CW 2015-08-01 2355 EU5C          599 90     UW2M          599 84
QSO:  3502 CW 2015-08-01 2356 EU5C          599 90     UA6CC         599 81
QSO:  3502 CW 2015-08-01 2356 EU5C          599 90     SP9H          599 65
QSO:  3502 CW 2015-08-01 2356 EU5C          599 90     S54X          599 82
QSO:  3502 CW 2015-08-01 2357 EU5C          599 90     RA7R          599 93
QSO:  3502 CW 2015-08-01 2358 EU5C          599 90     EA2OT         599 03
QSO:  3502 CW 2015-08-01 2359 EU5C          599 90     YL2GD         599 73
QSO:  3502 CW 2015-08-01 2359 EU5C          599 90     RN4W          599 90
QSO:  3502 CW 2015-08-01 2359 EU5C          599 90     LY5W          599 81
QSO:  3502 CW 2015-08-01 2359 EU5C          599 90     S53MM         599 92
END-OF-LOG: