START-OF-LOG: 3.0
LOCATION: IL
CALLSIGN: K9ZM
CLUB: Society of Midwest Contesters
CONTEST: CQ-WW-SSB
CATEGORY-OPERATOR: SINGLE-OP
CATEGORY-ASSISTED: ASSISTED
CATEGORY-BAND: 10M
CATEGORY-MODE: SSB
CATEGORY-POWER: HIGH
CATEGORY-STATION: FIXED
CATEGORY-TRANSMITTER: ONE
CLAIMED-SCORE: 8532
OPERATORS: K9ZM
NAME: Greg Gobleman
CERTIFICATE: YES
CREATED-BY: N1MM Logger+ 1.0.5251.0
QSO: 28448 PH 2015-10-25 1504 K9ZM          59  4      S58N          59  15
QSO: 28445 PH 2015-10-25 1506 K9ZM          59  4      HZ1HZF        59  21
QSO: 28450 PH 2015-10-25 1507 K9ZM          59  4      P33W          59  20
QSO: 28409 PH 2015-10-25 1508 K9ZM          59  4      LZ9W          59  20
QSO: 28396 PH 2015-10-25 1509 K9ZM          59  4      4X7R          59  20
QSO: 28345 PH 2015-10-25 1511 K9ZM          59  4      TC0F          59  20
QSO: 28309 PH 2015-10-25 1513 K9ZM          59  4      EU1A          59  16
QSO: 28314 PH 2015-10-25 1514 K9ZM          59  4      EF2O          59  14
QSO: 28319 PH 2015-10-25 1516 K9ZM          59  4      EA7TG         59  14
QSO: 28332 PH 2015-10-25 1517 K9ZM          59  4      LZ5K          59  20
QSO: 28340 PH 2015-10-25 1518 K9ZM          59  4      YT2R          59  15
QSO: 28355 PH 2015-10-25 1519 K9ZM          59  4      CN2AA         59  33
QSO: 28359 PH 2015-10-25 1519 K9ZM          59  4      HG7T          59  15
QSO: 28361 PH 2015-10-25 1520 K9ZM          59  4      IK3SCB        59  15
QSO: 28383 PH 2015-10-25 1521 K9ZM          59  4      UW1M          59  16
QSO: 28385 PH 2015-10-25 1522 K9ZM          59  4      IR9W          59  15
QSO: 28391 PH 2015-10-25 1523 K9ZM          59  4      9A1P          59  15
QSO: 28400 PH 2015-10-25 1524 K9ZM          59  4      UW2M          59  16
QSO: 28412 PH 2015-10-25 1526 K9ZM          59  4      PI4DX         59  14
QSO: 28441 PH 2015-10-25 1529 K9ZM          59  4      E7DX          59  15
QSO: 28451 PH 2015-10-25 1530 K9ZM          59  4      YT5A          59  15
QSO: 28475 PH 2015-10-25 1531 K9ZM          59  4      ZV10M         59  11
QSO: 28477 PH 2015-10-25 1532 K9ZM          59  4      IR4M          59  15
QSO: 28494 PH 2015-10-25 1533 K9ZM          59  4      9A1A          59  15
QSO: 28498 PH 2015-10-25 1533 K9ZM          59  4      LZ1MS         59  20
QSO: 28509 PH 2015-10-25 1533 K9ZM          59  4      GW9X          59  14
QSO: 28538 PH 2015-10-25 1538 K9ZM          59  4      C37N          59  14
QSO: 28562 PH 2015-10-25 1539 K9ZM          59  4      EI9E          59  14
QSO: 28574 PH 2015-10-25 1540 K9ZM          59  4      D4Z           59  35
QSO: 28585 PH 2015-10-25 1541 K9ZM          59  4      G5W           59  14
QSO: 28619 PH 2015-10-25 1544 K9ZM          59  4      4O3A          59  15
QSO: 28636 PH 2015-10-25 1545 K9ZM          59  4      EA1BD         59  14
QSO: 28663 PH 2015-10-25 1547 K9ZM          59  4      ZS1TMJ        59  38
QSO: 28681 PH 2015-10-25 1548 K9ZM          59  4      LX1NO         59  14
QSO: 28700 PH 2015-10-25 1555 K9ZM          59  4      C91C          59  37
QSO: 28755 PH 2015-10-25 1558 K9ZM          59  4      TK/PB8DX      59  15
QSO: 28900 PH 2015-10-25 1600 K9ZM          59  4      EC7ABV        59  14
QSO: 28368 PH 2015-10-25 1603 K9ZM          59  4      CN3A          59  33
QSO: 28388 PH 2015-10-25 1605 K9ZM          59  4      EA6XQ         59  14
QSO: 28422 PH 2015-10-25 1606 K9ZM          59  4      EI7M          59  14
QSO: 28435 PH 2015-10-25 1607 K9ZM          59  4      SV9GPV        59  20
QSO: 28446 PH 2015-10-25 1608 K9ZM          59  4      ZD7W          59  36
QSO: 28455 PH 2015-10-25 1608 K9ZM          59  4      CR5T          59  14
QSO: 28628 PH 2015-10-25 1616 K9ZM          59  4      K9CT          59  04
QSO: 28655 PH 2015-10-25 1617 K9ZM          59  4      DR5N          59  14
QSO: 28662 PH 2015-10-25 1619 K9ZM          59  4      HB9TJR        59  14
QSO: 28667 PH 2015-10-25 1619 K9ZM          59  4      EF2A          59  14
QSO: 28669 PH 2015-10-25 1620 K9ZM          59  4      EF8U          59  33
QSO: 28674 PH 2015-10-25 1620 K9ZM          59  4      DJ0A          59  14
QSO: 28683 PH 2015-10-25 1621 K9ZM          59  4      DL2CC         59  14
QSO: 28752 PH 2015-10-25 1622 K9ZM          59  4      TO4K          59  08
QSO: 28411 PH 2015-10-25 2358 K9ZM          59  4      VK4NM         59  30
QSO: 28419 PH 2015-10-25 2358 K9ZM          59  4      ZL3TE         59  32
QSO: 28426 PH 2015-10-25 2359 K9ZM          59  4      VK2AU         59  30
END-OF-LOG:
