START-OF-LOG: 3.0
CALLSIGN: OM4ASI
CONTEST: CQ-WW-SSB
CATEGORY-OPERATOR: SINGLE-OP
CATEGORY-ASSISTED: NON-ASSISTED
CATEGORY-BAND: 80M
CATEGORY-POWER: LOW
CATEGORY-MODE: SSB
CATEGORY-TRANSMITTER: ONE
CATEGORY-OVERLAY: ROOKIE
CLAIMED-SCORE: 4142
NAME: Peter Cvicela
LOCATION: DX
OPERATORS: OM4ASI
CLUB:
CERTIFICATE: NO
CREATED-BY: N1MM Logger+ 1.0.5251.0
SOAPBOX: 10.09.2013
QSO:  3748 PH 2015-10-24 1613 OM4ASI        59  15     9A1A          59  15
QSO:  3745 PH 2015-10-24 1614 OM4ASI        59  15     DO1AYJ        59  14
QSO:  3739 PH 2015-10-24 1615 OM4ASI        59  15     YU0U          59  15
QSO:  3735 PH 2015-10-24 1615 OM4ASI        59  15     SO5MAX        59  15
QSO:  3729 PH 2015-10-24 1617 OM4ASI        59  15     DO8CW/P       59  14
QSO:  3726 PH 2015-10-24 1619 OM4ASI        59  15     ES1BH         59  15
QSO:  3719 PH 2015-10-24 1619 OM4ASI        59  15     OK1AY         59  15
QSO:  3709 PH 2015-10-24 1626 OM4ASI        59  15     OK2BND        59  15
QSO:  3709 PH 2015-10-24 1626 OM4ASI        59  15     LY4OO         59  15
QSO:  3709 PH 2015-10-24 1630 OM4ASI        59  15     HA7NK         59  15
QSO:  3709 PH 2015-10-24 1630 OM4ASI        59  15     SQ9BDB        59  15
QSO:  3709 PH 2015-10-24 1631 OM4ASI        59  15     DL5NAM        59  14
QSO:  3709 PH 2015-10-24 1631 OM4ASI        59  15     YT1WA         59  15
QSO:  3709 PH 2015-10-24 1631 OM4ASI        59  15     UR7EN         59  16
QSO:  3709 PH 2015-10-24 1633 OM4ASI        59  15     SQ8MFB        59  15
QSO:  3709 PH 2015-10-24 1634 OM4ASI        59  15     SP5CWQ        59  15
QSO:  3709 PH 2015-10-24 1634 OM4ASI        59  15     9A5N          59  15
QSO:  3709 PH 2015-10-24 1635 OM4ASI        59  15     OZ30EU        59  14
QSO:  3709 PH 2015-10-24 1635 OM4ASI        59  15     UI5F          59  16
QSO:  3709 PH 2015-10-24 1636 OM4ASI        59  15     ES4O          59  15
QSO:  3709 PH 2015-10-24 1639 OM4ASI        59  15     OL4W          59  15
QSO:  3709 PH 2015-10-24 1641 OM4ASI        59  15     YO3HOT        59  22
QSO:  3709 PH 2015-10-24 1641 OM4ASI        59  15     YO2CMI        59  20
QSO:  3709 PH 2015-10-24 1642 OM4ASI        59  15     OT5A          59  14
QSO:  3709 PH 2015-10-24 1642 OM4ASI        59  15     DK1QH         59  14
QSO:  3709 PH 2015-10-24 1643 OM4ASI        59  15     UX2KA         59  16
QSO:  3709 PH 2015-10-24 1644 OM4ASI        59  15     DO5RL         59  14
QSO:  3709 PH 2015-10-24 1645 OM4ASI        59  15     DJ5AN         59  14
QSO:  3709 PH 2015-10-24 1645 OM4ASI        59  15     PI4CC         59  14
QSO:  3709 PH 2015-10-24 1645 OM4ASI        59  15     OM7M          59  15
QSO:  3709 PH 2015-10-24 1646 OM4ASI        59  15     RL4F          59  16
QSO:  3709 PH 2015-10-24 1646 OM4ASI        59  15     SP9RCL        59  15
QSO:  3709 PH 2015-10-24 1647 OM4ASI        59  15     IV3SKB        59  15
QSO:  3709 PH 2015-10-24 1649 OM4ASI        59  15     DL2SWR        59  14
QSO:  3670 PH 2015-10-24 1656 OM4ASI        59  15     OM6TX         59  15
QSO:  3778 PH 2015-10-24 1658 OM4ASI        59  15     YT4A          59  15
QSO:  3766 PH 2015-10-24 1659 OM4ASI        59  15     HA8A          59  15
QSO:  3762 PH 2015-10-24 1659 OM4ASI        59  15     E74O          59  15
QSO:  3760 PH 2015-10-24 1700 OM4ASI        59  15     LY7A          59  15
QSO:  3750 PH 2015-10-24 1701 OM4ASI        59  15     OK5D          59  15
QSO:  3732 PH 2015-10-24 1702 OM4ASI        59  15     HA0ITU        59  15
QSO:  3710 PH 2015-10-24 1703 OM4ASI        59  15     DB2B          59  14
QSO:  3772 PH 2015-10-24 1706 OM4ASI        59  15     R8TT          59  16
QSO:  3754 PH 2015-10-24 1713 OM4ASI        59  15     HA7AVU        59  15
QSO:  3733 PH 2015-10-24 1715 OM4ASI        59  15     DL8DBW        59  14
QSO:  3769 PH 2015-10-24 1725 OM4ASI        59  15     M5B           59  14
QSO:  3752 PH 2015-10-24 1727 OM4ASI        59  15     OM7RU         59  15
QSO:  3741 PH 2015-10-24 1728 OM4ASI        59  15     C4A           59  20
QSO:  3735 PH 2015-10-24 1730 OM4ASI        59  15     E73ESP        59  15
QSO:  3732 PH 2015-10-24 1731 OM4ASI        59  15     PI4D          59  14
QSO:  3727 PH 2015-10-24 1732 OM4ASI        59  15     PI4M          59  14
QSO:  3746 PH 2015-10-24 1736 OM4ASI        59  15     SP5C          59  15
QSO:  3686 PH 2015-10-24 1739 OM4ASI        59  15     S58M          59  15
QSO:  3775 PH 2015-10-24 1742 OM4ASI        59  15     OK4A          59  15
QSO:  3754 PH 2015-10-24 1743 OM4ASI        59  15     OH1Z          59  15
QSO:  3732 PH 2015-10-24 1745 OM4ASI        59  15     II1W          59  15
QSO:  3759 PH 2015-10-24 1749 OM4ASI        59  15     CN2AA         59  33
QSO:  3770 PH 2015-10-24 1756 OM4ASI        59  15     UW7LL         59  16
QSO:  3764 PH 2015-10-24 1800 OM4ASI        59  15     RC9O          59  18
QSO:  3720 PH 2015-10-24 1803 OM4ASI        59  15     YO7CDB        59  20
QSO:  3702 PH 2015-10-24 1804 OM4ASI        59  15     LY2IJ         59  15
QSO:  3709 PH 2015-10-24 1805 OM4ASI        59  15     IV3BCA        59  15
QSO:  3709 PH 2015-10-24 1806 OM4ASI        59  15     LY2W          59  15
QSO:  3709 PH 2015-10-24 1808 OM4ASI        59  15     DL8OK         59  14
QSO:  3709 PH 2015-10-24 1808 OM4ASI        59  15     OM5AMX        59  15
QSO:  3709 PH 2015-10-24 1809 OM4ASI        59  15     OK2SAR        59  15
QSO:  3709 PH 2015-10-24 1809 OM4ASI        59  15     LZ9W          59  20
QSO:  3709 PH 2015-10-24 1809 OM4ASI        59  15     EW7DK         59  16
QSO:  3709 PH 2015-10-24 1811 OM4ASI        59  15     OL6A          59  15
QSO:  3709 PH 2015-10-24 1812 OM4ASI        59  15     OM8ADM        59  15
QSO:  3709 PH 2015-10-24 1814 OM4ASI        59  15     DL1DXA        59  14
QSO:  3709 PH 2015-10-24 1818 OM4ASI        59  15     YT5IVN        59  15
QSO:  3709 PH 2015-10-24 1819 OM4ASI        59  15     DL6O          59  14
QSO:  3709 PH 2015-10-24 1820 OM4ASI        59  15     UT8IM         59  16
QSO:  3745 PH 2015-10-24 1826 OM4ASI        59  15     SP7MC         59  15
QSO:  3718 PH 2015-10-24 1830 OM4ASI        59  15     OQ5M          59  14
QSO:  3711 PH 2015-10-24 1830 OM4ASI        59  15     OM4M          59  15
QSO:  3779 PH 2015-10-24 1918 OM4ASI        59  15     ES5TV         59  15
QSO:  3760 PH 2015-10-24 1922 OM4ASI        59  15     LY5R          59  15
QSO:  3759 PH 2015-10-24 1923 OM4ASI        59  15     EW8Y          59  16
QSO:  3754 PH 2015-10-24 1924 OM4ASI        59  15     RM5A          59  16
QSO:  3724 PH 2015-10-24 1928 OM4ASI        59  15     HB9EYP        59  14
QSO:  3711 PH 2015-10-24 1929 OM4ASI        59  15     UR7E          59  16
QSO:  3703 PH 2015-10-24 1931 OM4ASI        59  15     OK1PMA        59  15
QSO:  3744 PH 2015-10-24 1935 OM4ASI        59  15     HB2T          59  14
QSO:  3772 PH 2015-10-24 2003 OM4ASI        59  15     UR6EA         59  16
QSO:  3768 PH 2015-10-24 2003 OM4ASI        59  15     SN7D          59  15
QSO:  3743 PH 2015-10-24 2008 OM4ASI        59  15     SK3W          59  14
QSO:  3714 PH 2015-10-24 2012 OM4ASI        59  15     DL0CS         59  14
QSO:  3711 PH 2015-10-24 2013 OM4ASI        59  15     UT7E          59  16
QSO:  3701 PH 2015-10-24 2016 OM4ASI        59  15     PI4ZU         59  14
QSO:  3680 PH 2015-10-24 2017 OM4ASI        59  15     DC3RJ         59  14
QSO:  3678 PH 2015-10-24 2019 OM4ASI        59  15     EU1A          59  16
QSO:  3745 PH 2015-10-24 2027 OM4ASI        59  15     DL1A          59  14
QSO:  3733 PH 2015-10-24 2029 OM4ASI        59  15     YP8T          59  20
QSO:  3731 PH 2015-10-24 2029 OM4ASI        59  15     UI2K          59  15
QSO:  3728 PH 2015-10-24 2031 OM4ASI        59  15     LZ7A          59  20
QSO:  3721 PH 2015-10-24 2039 OM4ASI        59  15     9K2HN         59  21
QSO:  3739 PH 2015-10-24 2102 OM4ASI        59  15     RU9CZD        59  17
QSO:  3732 PH 2015-10-24 2104 OM4ASI        59  15     HG7T          59  15
QSO:  3713 PH 2015-10-24 2106 OM4ASI        59  15     DK0EE         59  14
QSO:  3709 PH 2015-10-24 2108 OM4ASI        59  15     IB2A          59  15
QSO:  3703 PH 2015-10-24 2109 OM4ASI        59  15     SN1D          59  15
END-OF-LOG:
