START-OF-LOG: 3.0
CONTEST: ARRL-160
LOCATION: MT
CALLSIGN: N9RV
CATEGORY-OPERATOR: SINGLE-OP
CATEGORY-ASSISTED: NON-ASSISTED
CATEGORY-POWER: HIGH
CATEGORY-BAND: 160M
CREATED-BY: DXLOG.NET V2.5.1
CATEGORY-TRANSMITTER: ONE
CATEGORY-MODE: CW
CLUB: Big Sky Contesters
OPERATORS: 
HQ-CATEGORY: Single Operator, High Power
HQ-GRID-LOCATOR: DN36eu
QSO: 1812 CW 2020-12-05 0037 N9RV 599 MT AC0W 599 MN 1
QSO: 1811 CW 2020-12-05 0040 N9RV 599 MT K2AV 599 NC 1
QSO: 1812 CW 2020-12-05 0050 N9RV 599 MT K0TI 599 MN 1
QSO: 1813 CW 2020-12-05 0051 N9RV 599 MT K8BZ 599 MI 1
QSO: 1813 CW 2020-12-05 0052 N9RV 599 MT W6AYC 599 SB 1
QSO: 1814 CW 2020-12-05 0052 N9RV 599 MT KW8N 599 OH 1
QSO: 1814 CW 2020-12-05 0053 N9RV 599 MT W0VTT 599 MN 1
QSO: 1814 CW 2020-12-05 0053 N9RV 599 MT K1TR 599 NH 1
QSO: 1822 CW 2020-12-05 0330 N9RV 599 MT W9KM 599 IL 1
QSO: 1822 CW 2020-12-05 0330 N9RV 599 MT NE9U 599 WI 1
QSO: 1822 CW 2020-12-05 0331 N9RV 599 MT W8FJ 599 EPA 1
QSO: 1822 CW 2020-12-05 0331 N9RV 599 MT AF0E 599 CO 1
QSO: 1822 CW 2020-12-05 0331 N9RV 599 MT KB9OWD 599 WI 1
QSO: 1822 CW 2020-12-05 0332 N9RV 599 MT N2NT 599 NNJ 1
QSO: 1822 CW 2020-12-05 0332 N9RV 599 MT NF3R 599 EPA 1
QSO: 1822 CW 2020-12-05 0333 N9RV 599 MT WA1Z 599 NH 1
QSO: 1822 CW 2020-12-05 0333 N9RV 599 MT KB3GS 599 EPA 1
QSO: 1822 CW 2020-12-05 0333 N9RV 599 MT KT3M 599 CO 1
QSO: 1822 CW 2020-12-05 0333 N9RV 599 MT K7GS 599 EWA 1
QSO: 1822 CW 2020-12-05 0333 N9RV 599 MT K9CT 599 IL 1
QSO: 1822 CW 2020-12-05 0334 N9RV 599 MT N7RO 599 WWA 1
QSO: 1822 CW 2020-12-05 0334 N9RV 599 MT K9IMM 599 WI 1
QSO: 1822 CW 2020-12-05 0335 N9RV 599 MT W0PI 599 MN 1
QSO: 1822 CW 2020-12-05 0336 N9RV 599 MT N0NI 599 IA 1
QSO: 1822 CW 2020-12-05 0336 N9RV 599 MT N9MR 599 IN 1
QSO: 1822 CW 2020-12-05 0336 N9RV 599 MT W9AV 599 WI 1
QSO: 1822 CW 2020-12-05 0336 N9RV 599 MT WB8JUI 599 OH 1
QSO: 1822 CW 2020-12-05 0337 N9RV 599 MT VA7UI 599 BC 1
QSO: 1822 CW 2020-12-05 0337 N9RV 599 MT K2AX 599 SNJ 1
QSO: 1822 CW 2020-12-05 0337 N9RV 599 MT W7SX 599 EWA 1
QSO: 1822 CW 2020-12-05 0338 N9RV 599 MT W7XZ 599 SV 1
QSO: 1822 CW 2020-12-05 0338 N9RV 599 MT KE2VB 599 AZ 1
QSO: 1822 CW 2020-12-05 0338 N9RV 599 MT K6SRZ 599 SF 1
QSO: 1822 CW 2020-12-05 0339 N9RV 599 MT W7USA 599 AZ 1
QSO: 1822 CW 2020-12-05 0339 N9RV 599 MT KF3B 599 EPA 1
QSO: 1822 CW 2020-12-05 0339 N9RV 599 MT VE7CV 599 BC 1
QSO: 1822 CW 2020-12-05 0339 N9RV 599 MT NY3A 599 EPA 1
QSO: 1822 CW 2020-12-05 0339 N9RV 599 MT AA6XV 599 SCV 1
QSO: 1822 CW 2020-12-05 0340 N9RV 599 MT K5NA 599 STX 1
QSO: 1822 CW 2020-12-05 0340 N9RV 599 MT W9OP 599 WI 1
QSO: 1822 CW 2020-12-05 0340 N9RV 599 MT W9TC 599 IN 1
QSO: 1822 CW 2020-12-05 0340 N9RV 599 MT N4GG 599 GA 1
QSO: 1822 CW 2020-12-05 0341 N9RV 599 MT K3MD 599 EPA 1
QSO: 1822 CW 2020-12-05 0341 N9RV 599 MT AF4T 599 TN 1
QSO: 1822 CW 2020-12-05 0341 N9RV 599 MT AC9K 599 IL 1
QSO: 1822 CW 2020-12-05 0342 N9RV 599 MT N6AA 599 LAX 1
QSO: 1822 CW 2020-12-05 0342 N9RV 599 MT VE3ADQ 599 ONN 1
QSO: 1822 CW 2020-12-05 0342 N9RV 599 MT W0ZQ 599 MN 1
QSO: 1822 CW 2020-12-05 0343 N9RV 599 MT K8MP 599 OH 1
QSO: 1822 CW 2020-12-05 0343 N9RV 599 MT WA6FGV 599 SB 1
QSO: 1822 CW 2020-12-05 0343 N9RV 599 MT W6DR 599 SCV 1
QSO: 1822 CW 2020-12-05 0343 N9RV 599 MT N7UVH 599 ID 1
QSO: 1822 CW 2020-12-05 0344 N9RV 599 MT K0FD 599 MO 1
QSO: 1822 CW 2020-12-05 0344 N9RV 599 MT KA9A 599 SB 1
QSO: 1822 CW 2020-12-05 0344 N9RV 599 MT KZ7O 599 UT 1
QSO: 1822 CW 2020-12-05 0344 N9RV 599 MT KA6BIM 599 OR 1
QSO: 1822 CW 2020-12-05 0345 N9RV 599 MT W1AJT 599 NC 1
QSO: 1822 CW 2020-12-05 0345 N9RV 599 MT VE3CV 599 ONS 1
QSO: 1822 CW 2020-12-05 0345 N9RV 599 MT VE6WQ 599 AB 1
QSO: 1822 CW 2020-12-05 0345 N9RV 599 MT W7OM 599 WWA 1
QSO: 1822 CW 2020-12-05 0345 N9RV 599 MT N4RV 599 VA 1
QSO: 1822 CW 2020-12-05 0346 N9RV 599 MT WA2VYA 599 STX 1
QSO: 1822 CW 2020-12-05 0346 N9RV 599 MT W8LVN 599 IL 1
QSO: 1822 CW 2020-12-05 0346 N9RV 599 MT KE6QR 599 EB 1
QSO: 1822 CW 2020-12-05 0346 N9RV 599 MT W5JMW 599 NTX 1
QSO: 1822 CW 2020-12-05 0347 N9RV 599 MT NR0P 599 KS 1
QSO: 1822 CW 2020-12-05 0347 N9RV 599 MT W0ETT 599 CO 1
QSO: 1822 CW 2020-12-05 0347 N9RV 599 MT VE3DZ 599 GTA 1
QSO: 1822 CW 2020-12-05 0347 N9RV 599 MT KB7AZ 599 AZ 1
QSO: 1822 CW 2020-12-05 0348 N9RV 599 MT KA5M 599 LA 1
QSO: 1822 CW 2020-12-05 0348 N9RV 599 MT VE5MX 599 SK 1
QSO: 1822 CW 2020-12-05 0348 N9RV 599 MT K9WX 599 IN 1
QSO: 1822 CW 2020-12-05 0349 N9RV 599 MT NB3I 599 EPA 1
QSO: 1822 CW 2020-12-05 0349 N9RV 599 MT W7QDM 599 ID 1
QSO: 1822 CW 2020-12-05 0349 N9RV 599 MT VE5KS 599 SK 1
QSO: 1822 CW 2020-12-05 0349 N9RV 599 MT NA5G 599 LA 1
QSO: 1822 CW 2020-12-05 0350 N9RV 599 MT K2RD 599 NV 1
QSO: 1822 CW 2020-12-05 0350 N9RV 599 MT N6IE 599 SF 1
QSO: 1822 CW 2020-12-05 0350 N9RV 599 MT N4WW 599 NFL 1
QSO: 1822 CW 2020-12-05 0350 N9RV 599 MT N0MK 599 MN 1
QSO: 1822 CW 2020-12-05 0351 N9RV 599 MT AA5JF 599 GA 1
QSO: 1822 CW 2020-12-05 0351 N9RV 599 MT K0JP 599 MN 1
QSO: 1822 CW 2020-12-05 0351 N9RV 599 MT N3DXX 599 DE 1
QSO: 1822 CW 2020-12-05 0351 N9RV 599 MT WE6Z 599 SV 1
QSO: 1822 CW 2020-12-05 0352 N9RV 599 MT N0NC 599 IA 1
QSO: 1822 CW 2020-12-05 0352 N9RV 599 MT KS9W 599 CO 1
QSO: 1822 CW 2020-12-05 0352 N9RV 599 MT N4IQ 599 SC 1
QSO: 1822 CW 2020-12-05 0352 N9RV 599 MT W3TB 599 TN 1
QSO: 1822 CW 2020-12-05 0353 N9RV 599 MT N7EPD 599 WWA 1
QSO: 1822 CW 2020-12-05 0353 N9RV 599 MT K7SCX 599 CO 1
QSO: 1822 CW 2020-12-05 0354 N9RV 599 MT VA2WA 599 QC 1
QSO: 1822 CW 2020-12-05 0354 N9RV 599 MT K9EL 599 IL 1
QSO: 1822 CW 2020-12-05 0354 N9RV 599 MT WJ2D 599 NC 1
QSO: 1822 CW 2020-12-05 0355 N9RV 599 MT N0XO 599 ID 1
QSO: 1822 CW 2020-12-05 0355 N9RV 599 MT K5M 599 WTX 1
QSO: 1822 CW 2020-12-05 0356 N9RV 599 MT W1XX 599 RI 1
QSO: 1822 CW 2020-12-05 0356 N9RV 599 MT VE6KC 599 AB 1
QSO: 1822 CW 2020-12-05 0356 N9RV 599 MT VE4VT 599 MB 1
QSO: 1822 CW 2020-12-05 0357 N9RV 599 MT W6EU 599 SV 1
QSO: 1822 CW 2020-12-05 0357 N9RV 599 MT W0TT 599 MO 1
QSO: 1822 CW 2020-12-05 0357 N9RV 599 MT N4JR 599 AL 1
QSO: 1822 CW 2020-12-05 0357 N9RV 599 MT W7WA 599 WWA 1
QSO: 1822 CW 2020-12-05 0358 N9RV 599 MT WB0N 599 MN 1
QSO: 1822 CW 2020-12-05 0358 N9RV 599 MT WA2HMM 599 NNJ 1
QSO: 1822 CW 2020-12-05 0358 N9RV 599 MT AD0LI 599 CO 1
QSO: 1822 CW 2020-12-05 0359 N9RV 599 MT K0TQ 599 IN 1
QSO: 1822 CW 2020-12-05 0359 N9RV 599 MT AG9S 599 IN 1
QSO: 1822 CW 2020-12-05 0359 N9RV 599 MT K7UOT 599 UT 1
QSO: 1822 CW 2020-12-05 0359 N9RV 599 MT K0BJ 599 KS 1
QSO: 1822 CW 2020-12-05 0400 N9RV 599 MT W8AV 599 OH 1
QSO: 1822 CW 2020-12-05 0400 N9RV 599 MT K0PC 599 MN 1
QSO: 1822 CW 2020-12-05 0400 N9RV 599 MT NO9E 599 GA 1
QSO: 1822 CW 2020-12-05 0401 N9RV 599 MT W8MJ 599 MI 1
QSO: 1822 CW 2020-12-05 0401 N9RV 599 MT N7IR 599 AZ 1
QSO: 1822 CW 2020-12-05 0401 N9RV 599 MT N5UE 599 MS 1
QSO: 1822 CW 2020-12-05 0402 N9RV 599 MT N6TQ 599 SF 1
QSO: 1822 CW 2020-12-05 0402 N9RV 599 MT K0COM 599 MN 1
QSO: 1822 CW 2020-12-05 0402 N9RV 599 MT W6FA 599 SV 1
QSO: 1822 CW 2020-12-05 0402 N9RV 599 MT K3CT 599 EPA 1
QSO: 1822 CW 2020-12-05 0403 N9RV 599 MT WA3ZTR 599 OH 1
QSO: 1822 CW 2020-12-05 0403 N9RV 599 MT NE3F 599 EPA 1
QSO: 1822 CW 2020-12-05 0404 N9RV 599 MT N8CWU 599 OH 1
QSO: 1822 CW 2020-12-05 0404 N9RV 599 MT W4MYA 599 VA 1
QSO: 1822 CW 2020-12-05 0404 N9RV 599 MT WR4T 599 OH 1
QSO: 1822 CW 2020-12-05 0404 N9RV 599 MT VE6TN 599 AB 1
QSO: 1822 CW 2020-12-05 0405 N9RV 599 MT AJ6V 599 SCV 1
QSO: 1822 CW 2020-12-05 0405 N9RV 599 MT AC4CA 599 STX 1
QSO: 1822 CW 2020-12-05 0405 N9RV 599 MT W7MEM 599 ID 1
QSO: 1822 CW 2020-12-05 0406 N9RV 599 MT K5LJ 599 STX 1
QSO: 1822 CW 2020-12-05 0406 N9RV 599 MT WA6URY 599 LAX 1
QSO: 1822 CW 2020-12-05 0406 N9RV 599 MT K8MFO 599 OH 1
QSO: 1822 CW 2020-12-05 0407 N9RV 599 MT K7GM 599 ME 1
QSO: 1822 CW 2020-12-05 0407 N9RV 599 MT KF6I 599 ORG 1
QSO: 1822 CW 2020-12-05 0407 N9RV 599 MT ND4Y 599 KY 1
QSO: 1822 CW 2020-12-05 0408 N9RV 599 MT W1AO 599 ME 1
QSO: 1822 CW 2020-12-05 0408 N9RV 599 MT N6AR 599 NFL 1
QSO: 1822 CW 2020-12-05 0409 N9RV 599 MT NY0V 599 MN 1
QSO: 1822 CW 2020-12-05 0409 N9RV 599 MT NC1CC 599 RI 1
QSO: 1822 CW 2020-12-05 0409 N9RV 599 MT K7NN 599 AZ 1
QSO: 1822 CW 2020-12-05 0410 N9RV 599 MT K3TC 599 MDC 1
QSO: 1822 CW 2020-12-05 0410 N9RV 599 MT K4WI 599 AL 1
QSO: 1822 CW 2020-12-05 0411 N9RV 599 MT K7LFY 599 EWA 1
QSO: 1822 CW 2020-12-05 0411 N9RV 599 MT KE3K 599 MI 1
QSO: 1822 CW 2020-12-05 0412 N9RV 599 MT WX4G 599 WCF 1
QSO: 1822 CW 2020-12-05 0412 N9RV 599 MT AK6A 599 OR 1
QSO: 1822 CW 2020-12-05 0412 N9RV 599 MT WB8BZK 599 IL 1
QSO: 1822 CW 2020-12-05 0413 N9RV 599 MT KF9D 599 IL 1
QSO: 1822 CW 2020-12-05 0413 N9RV 599 MT KI0F 599 MN 1
QSO: 1822 CW 2020-12-05 0413 N9RV 599 MT N9CK 599 WI 1
QSO: 1822 CW 2020-12-05 0413 N9RV 599 MT K8ALM 599 OH 1
QSO: 1822 CW 2020-12-05 0414 N9RV 599 MT KW0J 599 IA 1
QSO: 1822 CW 2020-12-05 0414 N9RV 599 MT K1GJQ 599 AZ 1
QSO: 1822 CW 2020-12-05 0414 N9RV 599 MT N7YK 599 NV 1
QSO: 1822 CW 2020-12-05 0415 N9RV 599 MT K7QBO 599 EWA 1
QSO: 1822 CW 2020-12-05 0416 N9RV 599 MT K3UL 599 EPA 1
QSO: 1822 CW 2020-12-05 0416 N9RV 599 MT K1KA 599 NH 1
QSO: 1822 CW 2020-12-05 0417 N9RV 599 MT K0VBU 599 KS 1
QSO: 1822 CW 2020-12-05 0417 N9RV 599 MT K5YZW 599 NTX 1
QSO: 1822 CW 2020-12-05 0417 N9RV 599 MT K3PP 599 EPA 1
QSO: 1822 CW 2020-12-05 0417 N9RV 599 MT WO4O 599 NFL 1
QSO: 1822 CW 2020-12-05 0418 N9RV 599 MT KD2KW 599 NTX 1
QSO: 1822 CW 2020-12-05 0418 N9RV 599 MT K9MA 599 WI 1
QSO: 1822 CW 2020-12-05 0418 N9RV 599 MT W7RF 599 CO 1
QSO: 1822 CW 2020-12-05 0418 N9RV 599 MT AB3CX 599 WNY 1
QSO: 1822 CW 2020-12-05 0418 N9RV 599 MT NR4M 599 VA 1
QSO: 1822 CW 2020-12-05 0419 N9RV 599 MT NE8P 599 NFL 1
QSO: 1822 CW 2020-12-05 0419 N9RV 599 MT AA3S 599 MDC 1
QSO: 1822 CW 2020-12-05 0419 N9RV 599 MT W7FI 599 WWA 1
QSO: 1822 CW 2020-12-05 0420 N9RV 599 MT N0AX 599 MO 1
QSO: 1822 CW 2020-12-05 0420 N9RV 599 MT WB9QAF 599 NE 1
QSO: 1822 CW 2020-12-05 0420 N9RV 599 MT KN2M 599 WNY 1
QSO: 1822 CW 2020-12-05 0421 N9RV 599 MT K6NV 599 SV 1
QSO: 1822 CW 2020-12-05 0421 N9RV 599 MT KA1IS 599 ME 1
QSO: 1822 CW 2020-12-05 0421 N9RV 599 MT K2RET 599 SNJ 1
QSO: 1822 CW 2020-12-05 0421 N9RV 599 MT K1ZZ 599 CT 1
QSO: 1822 CW 2020-12-05 0421 N9RV 599 MT K7UT 599 UT 1
QSO: 1822 CW 2020-12-05 0422 N9RV 599 MT W5FB 599 MS 1
QSO: 1822 CW 2020-12-05 0422 N9RV 599 MT KJ9C 599 IN 1
QSO: 1822 CW 2020-12-05 0422 N9RV 599 MT N6XI 599 SV 1
QSO: 1822 CW 2020-12-05 0422 N9RV 599 MT XE2X 599 --- 1
QSO: 1822 CW 2020-12-05 0423 N9RV 599 MT W3YR 599 MDC 1
QSO: 1822 CW 2020-12-05 0423 N9RV 599 MT W3LL 599 MDC 1
QSO: 1822 CW 2020-12-05 0423 N9RV 599 MT W1TC 599 WMA 1
QSO: 1822 CW 2020-12-05 0424 N9RV 599 MT WO9B 599 IL 1
QSO: 1822 CW 2020-12-05 0424 N9RV 599 MT K6RB 599 SCV 1
QSO: 1822 CW 2020-12-05 0424 N9RV 599 MT K4IU 599 MN 1
QSO: 1822 CW 2020-12-05 0424 N9RV 599 MT N7YY 599 OR 1
QSO: 1822 CW 2020-12-05 0425 N9RV 599 MT W9QL 599 IL 1
QSO: 1822 CW 2020-12-05 0426 N9RV 599 MT VA3DF 599 ONS 1
QSO: 1822 CW 2020-12-05 0426 N9RV 599 MT W0JX 599 OH 1
QSO: 1822 CW 2020-12-05 0426 N9RV 599 MT W2GD 599 SNJ 1
QSO: 1822 CW 2020-12-05 0426 N9RV 599 MT W0UO 599 NTX 1
QSO: 1822 CW 2020-12-05 0426 N9RV 599 MT K4TCG 599 TN 1
QSO: 1822 CW 2020-12-05 0427 N9RV 599 MT K6LG 599 ORG 1
QSO: 1822 CW 2020-12-05 0427 N9RV 599 MT ZF5T 599 --- 1
QSO: 1822 CW 2020-12-05 0427 N9RV 599 MT W9ILY 599 IL 1
QSO: 1822 CW 2020-12-05 0427 N9RV 599 MT W4WWQ 599 VA 1
QSO: 1822 CW 2020-12-05 0427 N9RV 599 MT W9VW 599 IN 1
QSO: 1822 CW 2020-12-05 0428 N9RV 599 MT NJ3K 599 WPA 1
QSO: 1822 CW 2020-12-05 0428 N9RV 599 MT K1BX 599 NH 1
QSO: 1822 CW 2020-12-05 0429 N9RV 599 MT N7US 599 IL 1
QSO: 1822 CW 2020-12-05 0429 N9RV 599 MT KB8TYJ 599 MI 1
QSO: 1822 CW 2020-12-05 0429 N9RV 599 MT K0TLG 599 MN 1
QSO: 1822 CW 2020-12-05 0429 N9RV 599 MT N7GP 599 AZ 1
QSO: 1822 CW 2020-12-05 0430 N9RV 599 MT N6LN 599 LAX 1
QSO: 1822 CW 2020-12-05 0430 N9RV 599 MT N6HC 599 ORG 1
QSO: 1822 CW 2020-12-05 0430 N9RV 599 MT W5TM 599 OK 1
QSO: 1822 CW 2020-12-05 0431 N9RV 599 MT N6MW 599 SB 1
QSO: 1822 CW 2020-12-05 0431 N9RV 599 MT VA7MM 599 BC 1
QSO: 1822 CW 2020-12-05 0431 N9RV 599 MT K6UM 599 OR 1
QSO: 1822 CW 2020-12-05 0432 N9RV 599 MT WB2ZAB 599 MDC 1
QSO: 1822 CW 2020-12-05 0432 N9RV 599 MT N3MN 599 VA 1
QSO: 1822 CW 2020-12-05 0432 N9RV 599 MT N3XZ 599 EPA 1
QSO: 1822 CW 2020-12-05 0432 N9RV 599 MT NE1B 599 NH 1
QSO: 1822 CW 2020-12-05 0433 N9RV 599 MT K4BAI 599 GA 1
QSO: 1822 CW 2020-12-05 0433 N9RV 599 MT NN7N 599 WWA 1
QSO: 1822 CW 2020-12-05 0433 N9RV 599 MT K9NO 599 IL 1
QSO: 1822 CW 2020-12-05 0434 N9RV 599 MT N0IRM 599 MO 1
QSO: 1822 CW 2020-12-05 0434 N9RV 599 MT K7RAT 599 OR 1
QSO: 1822 CW 2020-12-05 0434 N9RV 599 MT WY3A 599 EPA 1
QSO: 1822 CW 2020-12-05 0435 N9RV 599 MT N3AC 599 VA 1
QSO: 1822 CW 2020-12-05 0435 N9RV 599 MT N9JR 599 WI 1
QSO: 1822 CW 2020-12-05 0436 N9RV 599 MT N6WIN 599 AZ 1
QSO: 1822 CW 2020-12-05 0436 N9RV 599 MT N5CQ 599 STX 1
QSO: 1822 CW 2020-12-05 0436 N9RV 599 MT AA3B 599 EPA 1
QSO: 1822 CW 2020-12-05 0436 N9RV 599 MT K7ZS 599 OR 1
QSO: 1822 CW 2020-12-05 0437 N9RV 599 MT VE7AHA 599 BC 1
QSO: 1822 CW 2020-12-05 0437 N9RV 599 MT W2MKM 599 NNJ 1
QSO: 1822 CW 2020-12-05 0438 N9RV 599 MT N1QY 599 EMA 1
QSO: 1822 CW 2020-12-05 0438 N9RV 599 MT WY7N 599 UT 1
QSO: 1822 CW 2020-12-05 0438 N9RV 599 MT WU4G 599 VA 1
QSO: 1822 CW 2020-12-05 0439 N9RV 599 MT W2MN 599 STX 1
QSO: 1822 CW 2020-12-05 0439 N9RV 599 MT W6SGJ 599 WWA 1
QSO: 1822 CW 2020-12-05 0440 N9RV 599 MT WA2MCR 599 ENY 1
QSO: 1822 CW 2020-12-05 0440 N9RV 599 MT WA0MHJ 599 MN 1
QSO: 1822 CW 2020-12-05 0440 N9RV 599 MT W8KA/6 599 SB 1
QSO: 1822 CW 2020-12-05 0441 N9RV 599 MT W6OAT 599 WWA 1
QSO: 1822 CW 2020-12-05 0442 N9RV 599 MT N8LJ 599 MI 1
QSO: 1822 CW 2020-12-05 0442 N9RV 599 MT K5PAR 599 NTX 1
QSO: 1822 CW 2020-12-05 0442 N9RV 599 MT K3AJ 599 MDC 1
QSO: 1822 CW 2020-12-05 0442 N9RV 599 MT N0KK 599 MN 1
QSO: 1822 CW 2020-12-05 0442 N9RV 599 MT W7TMT 599 WWA 1
QSO: 1822 CW 2020-12-05 0443 N9RV 599 MT N2KW 599 WMA 1
QSO: 1822 CW 2020-12-05 0443 N9RV 599 MT KG8CW 599 MI 1
QSO: 1822 CW 2020-12-05 0443 N9RV 599 MT N9NA 599 AZ 1
QSO: 1822 CW 2020-12-05 0444 N9RV 599 MT K9UWA 599 IN 1
QSO: 1822 CW 2020-12-05 0444 N9RV 599 MT K0PK 599 MN 1
QSO: 1822 CW 2020-12-05 0444 N9RV 599 MT NN3W 599 VA 1
QSO: 1822 CW 2020-12-05 0444 N9RV 599 MT WA4PGM 599 VA 1
QSO: 1822 CW 2020-12-05 0445 N9RV 599 MT AF6SA 599 SV 1
QSO: 1822 CW 2020-12-05 0445 N9RV 599 MT KA7T 599 ID 1
QSO: 1822 CW 2020-12-05 0445 N9RV 599 MT K8LX 599 MI 1
QSO: 1822 CW 2020-12-05 0445 N9RV 599 MT W2ID 599 NNJ 1
QSO: 1822 CW 2020-12-05 0446 N9RV 599 MT WA8ZBT 599 NTX 1
QSO: 1822 CW 2020-12-05 0446 N9RV 599 MT K0SN 599 MT 1
QSO: 1822 CW 2020-12-05 0446 N9RV 599 MT N9DJ 599 IL 1
QSO: 1822 CW 2020-12-05 0446 N9RV 599 MT K9EXY 599 IN 1
QSO: 1822 CW 2020-12-05 0447 N9RV 599 MT VE7JKZ 599 BC 1
QSO: 1822 CW 2020-12-05 0447 N9RV 599 MT KS0MO 599 MO 1
QSO: 1822 CW 2020-12-05 0447 N9RV 599 MT K2TER 599 WNY 1
QSO: 1822 CW 2020-12-05 0448 N9RV 599 MT WA3EKL 599 MDC 1
QSO: 1822 CW 2020-12-05 0448 N9RV 599 MT W3IP 599 VA 1
QSO: 1822 CW 2020-12-05 0449 N9RV 599 MT W3ICM 599 MDC 1
QSO: 1822 CW 2020-12-05 0449 N9RV 599 MT KA8HOK 599 AL 1
QSO: 1822 CW 2020-12-05 0449 N9RV 599 MT W5MF 599 STX 1
QSO: 1822 CW 2020-12-05 0450 N9RV 599 MT VE3MV 599 GTA 1
QSO: 1822 CW 2020-12-05 0450 N9RV 599 MT N3RD 599 EPA 1
QSO: 1822 CW 2020-12-05 0450 N9RV 599 MT W4UT 599 TN 1
QSO: 1822 CW 2020-12-05 0451 N9RV 599 MT KU8E 599 GA 1
QSO: 1822 CW 2020-12-05 0451 N9RV 599 MT K1GG 599 VA 1
QSO: 1822 CW 2020-12-05 0451 N9RV 599 MT VE3VY 599 ONE 1
QSO: 1822 CW 2020-12-05 0451 N9RV 599 MT K3WW 599 EPA 1
QSO: 1822 CW 2020-12-05 0452 N9RV 599 MT W8EH 599 OH 1
QSO: 1822 CW 2020-12-05 0452 N9RV 599 MT K4FN 599 KY 1
QSO: 1822 CW 2020-12-05 0452 N9RV 599 MT K1A 599 ME 1
QSO: 1822 CW 2020-12-05 0452 N9RV 599 MT K3SV 599 WCF 1
QSO: 1822 CW 2020-12-05 0452 N9RV 599 MT N3QE 599 MDC 1
QSO: 1822 CW 2020-12-05 0453 N9RV 599 MT AC2RL 599 WNY 1
QSO: 1822 CW 2020-12-05 0453 N9RV 599 MT AF0Z 599 MN 1
QSO: 1822 CW 2020-12-05 0454 N9RV 599 MT N8OO 599 LA 1
QSO: 1822 CW 2020-12-05 0454 N9RV 599 MT KT5X 599 NM 1
QSO: 1822 CW 2020-12-05 0454 N9RV 599 MT K3WT 599 MN 1
QSO: 1822 CW 2020-12-05 0455 N9RV 599 MT K8ZT 599 OH 1
QSO: 1822 CW 2020-12-05 0455 N9RV 599 MT K6NO 599 SV 1
QSO: 1822 CW 2020-12-05 0455 N9RV 599 MT VE6BI 599 AB 1
QSO: 1822 CW 2020-12-05 0455 N9RV 599 MT K3TS 599 SNJ 1
QSO: 1822 CW 2020-12-05 0456 N9RV 599 MT W9PA 599 IN 1
QSO: 1822 CW 2020-12-05 0456 N9RV 599 MT K7SS 599 WWA 1
QSO: 1822 CW 2020-12-05 0456 N9RV 599 MT K1LT 599 OH 1
QSO: 1822 CW 2020-12-05 0456 N9RV 599 MT AA4CF 599 GA 1
QSO: 1822 CW 2020-12-05 0457 N9RV 599 MT K5KG 599 WCF 1
QSO: 1822 CW 2020-12-05 0457 N9RV 599 MT W0TG 599 NTX 1
QSO: 1822 CW 2020-12-05 0457 N9RV 599 MT VE3KI 599 ONE 1
QSO: 1822 CW 2020-12-05 0457 N9RV 599 MT N6ZFO 599 SF 1
QSO: 1822 CW 2020-12-05 0458 N9RV 599 MT VA2AM 599 QC 1
QSO: 1822 CW 2020-12-05 0458 N9RV 599 MT VA5DX 599 SK 1
QSO: 1822 CW 2020-12-05 0458 N9RV 599 MT K5CM 599 OK 1
QSO: 1822 CW 2020-12-05 0459 N9RV 599 MT N0AT 599 MN 1
QSO: 1822 CW 2020-12-05 0459 N9RV 599 MT W5KI 599 AR 1
QSO: 1822 CW 2020-12-05 0459 N9RV 599 MT K1JB 599 ME 1
QSO: 1822 CW 2020-12-05 0459 N9RV 599 MT K8LS 599 STX 1
QSO: 1822 CW 2020-12-05 0500 N9RV 599 MT K3ZO 599 MDC 1
QSO: 1822 CW 2020-12-05 0500 N9RV 599 MT K9MMS 599 IL 1
QSO: 1822 CW 2020-12-05 0500 N9RV 599 MT K1BZ 599 MDC 1
QSO: 1822 CW 2020-12-05 0501 N9RV 599 MT AK0M 599 IA 1
QSO: 1822 CW 2020-12-05 0501 N9RV 599 MT K0DI 599 NFL 1
QSO: 1822 CW 2020-12-05 0501 N9RV 599 MT WA8KAN 599 WV 1
QSO: 1822 CW 2020-12-05 0501 N9RV 599 MT N0UY 599 MN 1
QSO: 1822 CW 2020-12-05 0502 N9RV 599 MT W6SDY 599 SF 1
QSO: 1822 CW 2020-12-05 0502 N9RV 599 MT NC6K 599 SDG 1
QSO: 1822 CW 2020-12-05 0502 N9RV 599 MT AK0M 599 IA 1
QSO: 1822 CW 2020-12-05 0502 N9RV 599 MT W4N 599 VA 1
QSO: 1822 CW 2020-12-05 0503 N9RV 599 MT K1AR 599 NH 1
QSO: 1822 CW 2020-12-05 0503 N9RV 599 MT NN0G 599 CO 1
QSO: 1822 CW 2020-12-05 0503 N9RV 599 MT N4DU 599 GA 1
QSO: 1822 CW 2020-12-05 0503 N9RV 599 MT W2IRT 599 NNJ 1
QSO: 1822 CW 2020-12-05 0503 N9RV 599 MT KG9X 599 IL 1
QSO: 1822 CW 2020-12-05 0504 N9RV 599 MT KA9VVQ 599 WI 1
QSO: 1822 CW 2020-12-05 0504 N9RV 599 MT W9RN 599 WI 1
QSO: 1822 CW 2020-12-05 0504 N9RV 599 MT WB2JLR 599 WNY 1
QSO: 1822 CW 2020-12-05 0504 N9RV 599 MT WA8Y 599 MI 1
QSO: 1822 CW 2020-12-05 0505 N9RV 599 MT K9UIY 599 IL 1
QSO: 1822 CW 2020-12-05 0506 N9RV 599 MT N3ER 599 EMA 1
QSO: 1822 CW 2020-12-05 0506 N9RV 599 MT K4YJ 599 OH 1
QSO: 1822 CW 2020-12-05 0506 N9RV 599 MT K8BL 599 OH 1
QSO: 1822 CW 2020-12-05 0506 N9RV 599 MT K5HTE 599 NTX 1
QSO: 1822 CW 2020-12-05 0507 N9RV 599 MT N6XG 599 SCV 1
QSO: 1822 CW 2020-12-05 0507 N9RV 599 MT WF7T 599 TN 1
QSO: 1822 CW 2020-12-05 0507 N9RV 599 MT K2IW 599 ENY 1
QSO: 1822 CW 2020-12-05 0507 N9RV 599 MT W7MTL 599 OR 1
QSO: 1822 CW 2020-12-05 0508 N9RV 599 MT KM4HI 599 NFL 1
QSO: 1822 CW 2020-12-05 0508 N9RV 599 MT KD5MMM 599 STX 1
QSO: 1822 CW 2020-12-05 0509 N9RV 599 MT VA3UF 599 GTA 1
QSO: 1822 CW 2020-12-05 0510 N9RV 599 MT W7GF 599 OR 1
QSO: 1822 CW 2020-12-05 0510 N9RV 599 MT K5SBR 599 STX 1
QSO: 1822 CW 2020-12-05 0511 N9RV 599 MT NX6T 599 SDG 1
QSO: 1822 CW 2020-12-05 0511 N9RV 599 MT VA6RCN 599 AB 1
QSO: 1822 CW 2020-12-05 0511 N9RV 599 MT N3MK 599 VA 1
QSO: 1822 CW 2020-12-05 0511 N9RV 599 MT K6NR 599 ORG 1
QSO: 1822 CW 2020-12-05 0511 N9RV 599 MT NA8V 599 MI 1
QSO: 1822 CW 2020-12-05 0512 N9RV 599 MT N3AD 599 EPA 1
QSO: 1822 CW 2020-12-05 0512 N9RV 599 MT N5XE 599 OK 1
QSO: 1822 CW 2020-12-05 0512 N9RV 599 MT W0BV 599 CO 1
QSO: 1822 CW 2020-12-05 0512 N9RV 599 MT W5BM 599 OK 1
QSO: 1822 CW 2020-12-05 0513 N9RV 599 MT KM6FWT 599 SB 1
QSO: 1822 CW 2020-12-05 0513 N9RV 599 MT W9NXM 599 IL 1
QSO: 1822 CW 2020-12-05 0514 N9RV 599 MT NI7Z 599 OH 1
QSO: 1822 CW 2020-12-05 0514 N9RV 599 MT NJ8M 599 KS 1
QSO: 1822 CW 2020-12-05 0515 N9RV 599 MT W4YE 599 VA 1
QSO: 1822 CW 2020-12-05 0515 N9RV 599 MT VE3NZ 599 GTA 1
QSO: 1822 CW 2020-12-05 0516 N9RV 599 MT N8EA 599 MI 1
QSO: 1822 CW 2020-12-05 0516 N9RV 599 MT WO2T 599 NNJ 1
QSO: 1822 CW 2020-12-05 0516 N9RV 599 MT KS7T 599 MT 1
QSO: 1822 CW 2020-12-05 0516 N9RV 599 MT W6AER 599 SCV 1
QSO: 1822 CW 2020-12-05 0516 N9RV 599 MT KD0EE 599 IN 1
QSO: 1822 CW 2020-12-05 0517 N9RV 599 MT K0VR 599 MN 1
QSO: 1822 CW 2020-12-05 0517 N9RV 599 MT KO4OL 599 KY 1
QSO: 1822 CW 2020-12-05 0517 N9RV 599 MT VE6WZ 599 AB 1
QSO: 1822 CW 2020-12-05 0517 N9RV 599 MT N5AW 599 STX 1
QSO: 1822 CW 2020-12-05 0518 N9RV 599 MT NN4K 599 GA 1
QSO: 1822 CW 2020-12-05 0518 N9RV 599 MT AI6O 599 MO 1
QSO: 1822 CW 2020-12-05 0519 N9RV 599 MT K9JF 599 WWA 1
QSO: 1822 CW 2020-12-05 0519 N9RV 599 MT N7RK 599 AZ 1
QSO: 1822 CW 2020-12-05 0519 N9RV 599 MT N5RZ 599 STX 1
QSO: 1822 CW 2020-12-05 0519 N9RV 599 MT W2XL 599 ENY 1
QSO: 1822 CW 2020-12-05 0519 N9RV 599 MT N2GC 599 NLI 1
QSO: 1822 CW 2020-12-05 0520 N9RV 599 MT N1SP 599 VA 1
QSO: 1822 CW 2020-12-05 0520 N9RV 599 MT K6KM 599 EB 1
QSO: 1822 CW 2020-12-05 0521 N9RV 599 MT K3FH 599 WPA 1
QSO: 1822 CW 2020-12-05 0521 N9RV 599 MT VE3XB 599 GTA 1
QSO: 1822 CW 2020-12-05 0521 N9RV 599 MT N3RS 599 EPA 1
QSO: 1822 CW 2020-12-05 0522 N9RV 599 MT K4FJW 599 VA 1
QSO: 1822 CW 2020-12-05 0522 N9RV 599 MT N9NE 599 WI 1
QSO: 1822 CW 2020-12-05 0522 N9RV 599 MT K4HSB 599 KY 1
QSO: 1822 CW 2020-12-05 0523 N9RV 599 MT ND6P 599 LAX 1
QSO: 1822 CW 2020-12-05 0523 N9RV 599 MT NR0T 599 MN 1
QSO: 1822 CW 2020-12-05 0523 N9RV 599 MT NZ2Z 599 GA 1
QSO: 1822 CW 2020-12-05 0524 N9RV 599 MT K1DG 599 ME 1
QSO: 1822 CW 2020-12-05 0525 N9RV 599 MT VE7VV 599 BC 1
QSO: 1822 CW 2020-12-05 0525 N9RV 599 MT WA2BOT 599 NLI 1
QSO: 1822 CW 2020-12-05 0526 N9RV 599 MT N0KBD 599 MN 1
QSO: 1822 CW 2020-12-05 0526 N9RV 599 MT AA4DD 599 TN 1
QSO: 1822 CW 2020-12-05 0526 N9RV 599 MT W0EWD 599 IA 1
QSO: 1822 CW 2020-12-05 0527 N9RV 599 MT W0PV 599 WCF 1
QSO: 1822 CW 2020-12-05 0527 N9RV 599 MT K8FH 599 OH 1
QSO: 1822 CW 2020-12-05 0528 N9RV 599 MT W9XT 599 WI 1
QSO: 1822 CW 2020-12-05 0528 N9RV 599 MT NI0G 599 MO 1
QSO: 1822 CW 2020-12-05 0528 N9RV 599 MT N4BP 599 SFL 1
QSO: 1822 CW 2020-12-05 0529 N9RV 599 MT K2YR 599 ENY 1
QSO: 1822 CW 2020-12-05 0530 N9RV 599 MT KE5MMT 599 NTX 1
QSO: 1822 CW 2020-12-05 1344 N9RV 599 MT HL5IVL 599 --- 1
QSO: 1823 CW 2020-12-05 1344 N9RV 599 MT JI1RXQ 599 --- 1
QSO: 1823 CW 2020-12-05 1345 N9RV 599 MT WD0T 599 SD 1
QSO: 1823 CW 2020-12-05 1346 N9RV 599 MT JH0RNN 599 --- 1
QSO: 1823 CW 2020-12-05 1350 N9RV 599 MT JO7KMB 599 --- 1
QSO: 1823 CW 2020-12-05 1351 N9RV 599 MT N7TY 599 AZ 1
QSO: 1823 CW 2020-12-05 1351 N9RV 599 MT JA6FFK 599 --- 1
QSO: 1823 CW 2020-12-05 1351 N9RV 599 MT VE6RST 599 AB 1
QSO: 1823 CW 2020-12-05 1351 N9RV 599 MT JH2FXK 599 --- 1
QSO: 1823 CW 2020-12-05 1352 N9RV 599 MT JA5FNX 599 --- 1
QSO: 1823 CW 2020-12-05 1352 N9RV 599 MT N7NR 599 ORG 1
QSO: 1823 CW 2020-12-05 1352 N9RV 599 MT JA7GYP 599 --- 1
QSO: 1823 CW 2020-12-05 1353 N9RV 599 MT K7ARJ 599 ID 1
QSO: 1823 CW 2020-12-05 1353 N9RV 599 MT JK1OLT 599 --- 1
QSO: 1823 CW 2020-12-05 1354 N9RV 599 MT N7IV 599 ND 1
QSO: 1823 CW 2020-12-05 1355 N9RV 599 MT JN3TMW 599 --- 1
QSO: 1823 CW 2020-12-05 1355 N9RV 599 MT W0ZW 599 NM 1
QSO: 1823 CW 2020-12-05 1356 N9RV 599 MT K9DR 599 WY 1
QSO: 1823 CW 2020-12-05 1356 N9RV 599 MT JH6QFJ 599 --- 1
QSO: 1823 CW 2020-12-05 1356 N9RV 599 MT KB7KYK 599 WWA 1
QSO: 1823 CW 2020-12-05 1357 N9RV 599 MT JE1SPY 599 --- 1
QSO: 1823 CW 2020-12-05 1357 N9RV 599 MT WB7FJG 599 WWA 1
QSO: 1823 CW 2020-12-05 1357 N9RV 599 MT JA8NFV 599 --- 1
QSO: 1823 CW 2020-12-05 1358 N9RV 599 MT JA7KPI 599 --- 1
QSO: 1823 CW 2020-12-05 1359 N9RV 599 MT JA1PTJ 599 --- 1
QSO: 1823 CW 2020-12-05 1359 N9RV 599 MT W0AD 599 MN 1
QSO: 1823 CW 2020-12-05 1400 N9RV 599 MT JA7ACM 599 --- 1
QSO: 1823 CW 2020-12-05 1400 N9RV 599 MT KB0EO 599 MN 1
QSO: 1823 CW 2020-12-05 1400 N9RV 599 MT K0SX 599 CO 1
QSO: 1823 CW 2020-12-05 1401 N9RV 599 MT K0KX 599 SD 1
QSO: 1823 CW 2020-12-05 1402 N9RV 599 MT JA1DMX 599 --- 1
QSO: 1823 CW 2020-12-05 1402 N9RV 599 MT JI1DCW 599 --- 1
QSO: 1823 CW 2020-12-05 1403 N9RV 599 MT W6MZ 599 SDG 1
QSO: 1823 CW 2020-12-05 1404 N9RV 599 MT JN7TAN 599 --- 1
QSO: 1823 CW 2020-12-05 1404 N9RV 599 MT VR2XAN 599 --- 1
QSO: 1823 CW 2020-12-05 1404 N9RV 599 MT JA1SVP 599 --- 1
QSO: 1823 CW 2020-12-05 1406 N9RV 599 MT JA0DIN 599 --- 1
QSO: 1823 CW 2020-12-05 1406 N9RV 599 MT K4XU 599 OR 1
QSO: 1823 CW 2020-12-05 1406 N9RV 599 MT W9PL 599 WWA 1
QSO: 1823 CW 2020-12-05 1406 N9RV 599 MT VE7KW 599 BC 1
QSO: 1823 CW 2020-12-05 1407 N9RV 599 MT W7CXX 599 UT 1
QSO: 1823 CW 2020-12-05 1407 N9RV 599 MT W7YAQ 599 OR 1
QSO: 1823 CW 2020-12-05 1407 N9RV 599 MT VE6ZC 599 AB 1
QSO: 1823 CW 2020-12-05 1408 N9RV 599 MT JH7XRG 599 --- 1
QSO: 1823 CW 2020-12-05 1408 N9RV 599 MT WD5COV 599 NM 1
QSO: 1823 CW 2020-12-05 1408 N9RV 599 MT AC7A 599 AZ 1
QSO: 1823 CW 2020-12-05 1409 N9RV 599 MT K0RF 599 CO 1
QSO: 1823 CW 2020-12-05 1409 N9RV 599 MT JH6RON 599 --- 1
QSO: 1823 CW 2020-12-05 1409 N9RV 599 MT W7RH 599 AZ 1
QSO: 1823 CW 2020-12-05 1410 N9RV 599 MT JH1DGJ 599 --- 1
QSO: 1823 CW 2020-12-05 1410 N9RV 599 MT JF2MBF 599 --- 1
QSO: 1823 CW 2020-12-05 1411 N9RV 599 MT JA4DEN 599 --- 1
QSO: 1823 CW 2020-12-05 1411 N9RV 599 MT JE1CKA 599 --- 1
QSO: 1823 CW 2020-12-05 1412 N9RV 599 MT JI1AVY 599 --- 1
QSO: 1823 CW 2020-12-05 1412 N9RV 599 MT JE1SPY 599 --- 1
QSO: 1823 CW 2020-12-05 1412 N9RV 599 MT W0OS 599 MN 1
QSO: 1823 CW 2020-12-05 1413 N9RV 599 MT JH2KKW 599 --- 1
QSO: 1823 CW 2020-12-05 1413 N9RV 599 MT W7EE 599 MT 1
QSO: 1823 CW 2020-12-05 1414 N9RV 599 MT K6RC 599 SV 1
QSO: 1823 CW 2020-12-05 1414 N9RV 599 MT JK1HIX 599 --- 1
QSO: 1823 CW 2020-12-05 1415 N9RV 599 MT JN7FAH 599 --- 1
QSO: 1823 CW 2020-12-05 1416 N9RV 599 MT KK7A 599 ID 1
QSO: 1823 CW 2020-12-05 1416 N9RV 599 MT NE7D 599 OR 1
QSO: 1823 CW 2020-12-05 1417 N9RV 599 MT VE6BBP 599 AB 1
QSO: 1823 CW 2020-12-05 1418 N9RV 599 MT N6JV 599 SV 1
QSO: 1823 CW 2020-12-05 1419 N9RV 599 MT JA1ILA 599 --- 1
QSO: 1823 CW 2020-12-05 1419 N9RV 599 MT WQ6L 599 SCV 1
QSO: 1823 CW 2020-12-05 1420 N9RV 599 MT WO7T 599 AZ 1
QSO: 1823 CW 2020-12-05 1421 N9RV 599 MT WC7S 599 WY 1
QSO: 1823 CW 2020-12-05 1423 N9RV 599 MT JG1CFO 599 --- 1
QSO: 1823 CW 2020-12-05 1423 N9RV 599 MT K6EI 599 SCV 1
QSO: 1823 CW 2020-12-05 1424 N9RV 599 MT JN7HPJ 599 --- 1
QSO: 1823 CW 2020-12-05 1426 N9RV 599 MT N7UA 599 WWA 1
QSO: 1823 CW 2020-12-05 1427 N9RV 599 MT KF7ZN 599 UT 1
QSO: 1823 CW 2020-12-05 1428 N9RV 599 MT KZ7O 599 UT 1
QSO: 1823 CW 2020-12-05 1428 N9RV 599 MT JA4CUU 599 --- 1
QSO: 1823 CW 2020-12-05 1429 N9RV 599 MT AK0BC 599 CO 1
QSO: 1823 CW 2020-12-05 1430 N9RV 599 MT K7RL 599 WWA 1
QSO: 1823 CW 2020-12-05 1430 N9RV 599 MT N7WS 599 AZ 1
QSO: 1823 CW 2020-12-05 1430 N9RV 599 MT NN6B 599 SF 1
QSO: 1823 CW 2020-12-05 1432 N9RV 599 MT JI4WHS 599 --- 1
QSO: 1823 CW 2020-12-05 1433 N9RV 599 MT NF7R 599 NV 1
QSO: 1823 CW 2020-12-05 1435 N9RV 599 MT K0TT 599 MN 1
QSO: 1823 CW 2020-12-05 1435 N9RV 599 MT JA5DQH 599 --- 1
QSO: 1823 CW 2020-12-05 1437 N9RV 599 MT KE6GLA 599 SV 1
QSO: 1823 CW 2020-12-05 1443 N9RV 599 MT K6TJ 599 SCV 1
QSO: 1823 CW 2020-12-05 1445 N9RV 599 MT JE1RZR 599 --- 1
QSO: 1823 CW 2020-12-05 1446 N9RV 599 MT N6TVN 599 SF 1
QSO: 1823 CW 2020-12-05 1447 N9RV 599 MT JH5MXB 599 --- 1
QSO: 1823 CW 2020-12-05 1448 N9RV 599 MT JH0EQN 599 --- 1
QSO: 1823 CW 2020-12-05 1452 N9RV 599 MT JH0MUC 599 --- 1
QSO: 1823 CW 2020-12-05 1455 N9RV 599 MT AL7LO 599 AK 1
QSO: 1823 CW 2020-12-05 1455 N9RV 599 MT JA0EOK 599 --- 1
QSO: 1823 CW 2020-12-05 1457 N9RV 599 MT JP1GUW 599 --- 1
QSO: 1823 CW 2020-12-05 1457 N9RV 599 MT JH9CEN 599 --- 1
QSO: 1823 CW 2020-12-05 1457 N9RV 599 MT AB5ZA/7 599 MT 1
QSO: 1823 CW 2020-12-05 1458 N9RV 599 MT VA7GI 599 BC 1
QSO: 1823 CW 2020-12-05 1501 N9RV 599 MT JE2OTM 599 --- 1
QSO: 1823 CW 2020-12-05 1501 N9RV 599 MT JH7UJU 599 --- 1
QSO: 1823 CW 2020-12-05 1502 N9RV 599 MT JA8ECS 599 --- 1
QSO: 1823 CW 2020-12-05 1502 N9RV 599 MT NR5NN 599 EB 1
QSO: 1823 CW 2020-12-05 1504 N9RV 599 MT JR6EZE 599 --- 1
QSO: 1815 CW 2020-12-05 1510 N9RV 599 MT N3ZZ 599 SCV 1
QSO: 1817 CW 2020-12-05 1511 N9RV 599 MT WJ9B 599 ID 1
QSO: 1823 CW 2020-12-05 1514 N9RV 599 MT KL7CW 599 AK 1
QSO: 1823 CW 2020-12-05 1521 N9RV 599 MT NL7S 599 AK 1
QSO: 1823 CW 2020-12-05 1522 N9RV 599 MT WW7Q 599 WWA 1
QSO: 1823 CW 2020-12-05 1522 N9RV 599 MT W7UB 599 EWA 1
QSO: 1823 CW 2020-12-05 1523 N9RV 599 MT WR5J 599 WWA 1
QSO: 1823 CW 2020-12-05 1524 N9RV 599 MT KB7KYK 599 WWA 1
QSO: 1823 CW 2020-12-05 1525 N9RV 599 MT K7CF 599 ID 1
QSO: 1823 CW 2020-12-05 1526 N9RV 599 MT N7BV 599 WWA 1
QSO: 1824 CW 2020-12-05 2332 N9RV 599 MT W9RE 599 IN 1
QSO: 1823 CW 2020-12-05 2333 N9RV 599 MT WB9Z 599 IL 1
QSO: 1820 CW 2020-12-05 2335 N9RV 599 MT N6RK 599 SV 1
QSO: 1818 CW 2020-12-05 2336 N9RV 599 MT WA7NB 599 AZ 1
QSO: 1817 CW 2020-12-05 2337 N9RV 599 MT N1LN 599 NC 1
QSO: 1817 CW 2020-12-05 2339 N9RV 599 MT N1UR 599 VT 1
QSO: 1816 CW 2020-12-05 2339 N9RV 599 MT KG7CW 599 ID 1
QSO: 1816 CW 2020-12-05 2340 N9RV 599 MT K8NVR 599 OH 1
QSO: 1814 CW 2020-12-05 2341 N9RV 599 MT K9ZO 599 IL 1
QSO: 1810 CW 2020-12-05 2343 N9RV 599 MT VY2ZM 599 PE 1
QSO: 1801 CW 2020-12-05 2344 N9RV 599 MT N4BAA 599 IN 1
QSO: 1825 CW 2020-12-05 2345 N9RV 599 MT W3BGN 599 EPA 1
QSO: 1828 CW 2020-12-05 2348 N9RV 599 MT C6AGU 599 --- 1
QSO: 1828 CW 2020-12-05 2349 N9RV 599 MT W3UA 599 NH 1
QSO: 1832 CW 2020-12-05 2357 N9RV 599 MT NP2J 599 VI 1
QSO: 1833 CW 2020-12-05 2358 N9RV 599 MT K4XL 599 VA 1
QSO: 1833 CW 2020-12-05 2359 N9RV 599 MT K7NJ 599 UT 1
QSO: 1835 CW 2020-12-06 0001 N9RV 599 MT K0VXU 599 KS 1
QSO: 1835 CW 2020-12-06 0002 N9RV 599 MT N4XD 599 NC 1
QSO: 1836 CW 2020-12-06 0002 N9RV 599 MT W5ZN 599 AR 1
QSO: 1836 CW 2020-12-06 0003 N9RV 599 MT N9TK 599 IL 1
QSO: 1837 CW 2020-12-06 0005 N9RV 599 MT NP2X 599 VI 1
QSO: 1837 CW 2020-12-06 0006 N9RV 599 MT K9NR 599 IL 1
QSO: 1839 CW 2020-12-06 0008 N9RV 599 MT K5EK 599 NC 1
QSO: 1839 CW 2020-12-06 0008 N9RV 599 MT VE3EJ 599 GTA 1
QSO: 1839 CW 2020-12-06 0008 N9RV 599 MT K3PA 599 KS 1
QSO: 1840 CW 2020-12-06 0010 N9RV 599 MT NN7CW 599 NFL 1
QSO: 1840 CW 2020-12-06 0011 N9RV 599 MT K5BG 599 NTX 1
QSO: 1842 CW 2020-12-06 0013 N9RV 599 MT W8CAR 599 OH 1
QSO: 1843 CW 2020-12-06 0014 N9RV 599 MT NE0U 599 MN 1
QSO: 1844 CW 2020-12-06 0014 N9RV 599 MT N9EP 599 IL 1
QSO: 1844 CW 2020-12-06 0015 N9RV 599 MT AC0C 599 KS 1
QSO: 1846 CW 2020-12-06 0016 N9RV 599 MT W3FV 599 EPA 1
QSO: 1847 CW 2020-12-06 0018 N9RV 599 MT K6TTT 599 LAX 1
QSO: 1847 CW 2020-12-06 0019 N9RV 599 MT ZF2WF 599 --- 1
QSO: 1847 CW 2020-12-06 0019 N9RV 599 MT AB3CV 599 MDC 1
QSO: 1847 CW 2020-12-06 0020 N9RV 599 MT KB7HDX 599 EWA 1
QSO: 1847 CW 2020-12-06 0020 N9RV 599 MT KY0Q 599 IL 1
QSO: 1847 CW 2020-12-06 0022 N9RV 599 MT VA7DX 599 BC 1
QSO: 1847 CW 2020-12-06 0023 N9RV 599 MT KV5V 599 NTX 1
QSO: 1847 CW 2020-12-06 0023 N9RV 599 MT K9LA 599 IN 1
QSO: 1847 CW 2020-12-06 0023 N9RV 599 MT W0VX 599 NTX 1
QSO: 1847 CW 2020-12-06 0024 N9RV 599 MT K0PHP 599 MO 1
QSO: 1847 CW 2020-12-06 0024 N9RV 599 MT K5RX 599 NTX 1
QSO: 1847 CW 2020-12-06 0024 N9RV 599 MT VE3MGY 599 ONS 1
QSO: 1847 CW 2020-12-06 0025 N9RV 599 MT K0YR 599 MN 1
QSO: 1847 CW 2020-12-06 0026 N9RV 599 MT W2CCC 599 WNY 1
QSO: 1847 CW 2020-12-06 0026 N9RV 599 MT KT9L 599 IN 1
QSO: 1847 CW 2020-12-06 0026 N9RV 599 MT WS9W 599 WI 1
QSO: 1847 CW 2020-12-06 0027 N9RV 599 MT W1HIS 599 EMA 1
QSO: 1847 CW 2020-12-06 0027 N9RV 599 MT N5KB 599 IA 1
QSO: 1847 CW 2020-12-06 0027 N9RV 599 MT K4DY 599 NC 1
QSO: 1847 CW 2020-12-06 0028 N9RV 599 MT NA7TB 599 AZ 1
QSO: 1847 CW 2020-12-06 0028 N9RV 599 MT NK8Q 599 WPA 1
QSO: 1847 CW 2020-12-06 0029 N9RV 599 MT K0AD 599 MN 1
QSO: 1847 CW 2020-12-06 0031 N9RV 599 MT KR4F 599 AL 1
QSO: 1847 CW 2020-12-06 0031 N9RV 599 MT K7SV 599 VA 1
QSO: 1847 CW 2020-12-06 0031 N9RV 599 MT VE3VN 599 ONE 1
QSO: 1847 CW 2020-12-06 0031 N9RV 599 MT KT0K 599 NE 1
QSO: 1847 CW 2020-12-06 0032 N9RV 599 MT K3OO 599 EPA 1
QSO: 1847 CW 2020-12-06 0033 N9RV 599 MT K3EL 599 SNJ 1
QSO: 1847 CW 2020-12-06 0034 N9RV 599 MT W7LD 599 WWA 1
QSO: 1847 CW 2020-12-06 0035 N9RV 599 MT NT5V 599 NTX 1
QSO: 1847 CW 2020-12-06 0035 N9RV 599 MT WA2HZO 599 WNY 1
QSO: 1847 CW 2020-12-06 0035 N9RV 599 MT W0ZA 599 CO 1
QSO: 1847 CW 2020-12-06 0037 N9RV 599 MT N5UM 599 OK 1
QSO: 1847 CW 2020-12-06 0037 N9RV 599 MT K8TS 599 MI 1
QSO: 1847 CW 2020-12-06 0038 N9RV 599 MT K7HP 599 AZ 1
QSO: 1847 CW 2020-12-06 0038 N9RV 599 MT W9FY 599 IL 1
QSO: 1847 CW 2020-12-06 0039 N9RV 599 MT WA2JQK 599 ENY 1
QSO: 1847 CW 2020-12-06 0040 N9RV 599 MT KN0V 599 MN 1
QSO: 1847 CW 2020-12-06 0040 N9RV 599 MT VE3VHB 599 ONE 1
QSO: 1847 CW 2020-12-06 0041 N9RV 599 MT WB0CFF 599 MN 1
QSO: 1847 CW 2020-12-06 0041 N9RV 599 MT KE0UI 599 CO 1
QSO: 1847 CW 2020-12-06 0041 N9RV 599 MT KA4RRU 599 VA 1
QSO: 1847 CW 2020-12-06 0041 N9RV 599 MT N8AYY 599 MI 1
QSO: 1847 CW 2020-12-06 0042 N9RV 599 MT KU7Z 599 UT 1
QSO: 1847 CW 2020-12-06 0042 N9RV 599 MT N4TL 599 NC 1
QSO: 1847 CW 2020-12-06 0043 N9RV 599 MT N2RC 599 ENY 1
QSO: 1847 CW 2020-12-06 0043 N9RV 599 MT KZ2I 599 SNJ 1
QSO: 1847 CW 2020-12-06 0043 N9RV 599 MT W5MX 599 KY 1
QSO: 1847 CW 2020-12-06 0045 N9RV 599 MT KB9DAK 599 IL 1
QSO: 1847 CW 2020-12-06 0046 N9RV 599 MT W2TB 599 WNY 1
QSO: 1847 CW 2020-12-06 0048 N9RV 599 MT K0JJR 599 MN 1
QSO: 1847 CW 2020-12-06 0049 N9RV 599 MT VE5SF 599 SK 1
QSO: 1847 CW 2020-12-06 0049 N9RV 599 MT W3UA 599 NH 1
QSO: 1847 CW 2020-12-06 0050 N9RV 599 MT N3HE 599 OH 1
QSO: 1847 CW 2020-12-06 0051 N9RV 599 MT K7JOE 599 IN 1
QSO: 1847 CW 2020-12-06 0052 N9RV 599 MT K3WYC 599 AZ 1
QSO: 1847 CW 2020-12-06 0052 N9RV 599 MT KK9N 599 IL 1
QSO: 1847 CW 2020-12-06 0052 N9RV 599 MT VE5CPU 599 SK 1
QSO: 1847 CW 2020-12-06 0052 N9RV 599 MT N9LQ 599 IL 1
QSO: 1847 CW 2020-12-06 0053 N9RV 599 MT KG4W 599 VA 1
QSO: 1847 CW 2020-12-06 0053 N9RV 599 MT VE3VV 599 ONS 1
QSO: 1847 CW 2020-12-06 0053 N9RV 599 MT K8AC 599 NC 1
QSO: 1847 CW 2020-12-06 0054 N9RV 599 MT W1SJ 599 VT 1
QSO: 1847 CW 2020-12-06 0054 N9RV 599 MT W9CYA 599 KY 1
QSO: 1847 CW 2020-12-06 0055 N9RV 599 MT W8MET 599 OH 1
QSO: 1847 CW 2020-12-06 0055 N9RV 599 MT K2EP 599 ENY 1
QSO: 1847 CW 2020-12-06 0056 N9RV 599 MT KO4Z 599 TN 1
QSO: 1847 CW 2020-12-06 0056 N9RV 599 MT WC3N 599 MDC 1
QSO: 1847 CW 2020-12-06 0057 N9RV 599 MT K8ARY 599 SC 1
QSO: 1847 CW 2020-12-06 0057 N9RV 599 MT W0YJT 599 KS 1
QSO: 1847 CW 2020-12-06 0057 N9RV 599 MT KJ4AOM 599 KY 1
QSO: 1847 CW 2020-12-06 0058 N9RV 599 MT W0CO 599 CO 1
QSO: 1847 CW 2020-12-06 0059 N9RV 599 MT W1QK 599 CT 1
QSO: 1847 CW 2020-12-06 0100 N9RV 599 MT W7IUO 599 ID 1
QSO: 1847 CW 2020-12-06 0100 N9RV 599 MT K0MD 599 MN 1
QSO: 1847 CW 2020-12-06 0101 N9RV 599 MT K0KPH 599 NE 1
QSO: 1847 CW 2020-12-06 0103 N9RV 599 MT N3HEE 599 SC 1
QSO: 1847 CW 2020-12-06 0103 N9RV 599 MT K5TQ 599 NM 1
QSO: 1847 CW 2020-12-06 0103 N9RV 599 MT K9PY 599 IL 1
QSO: 1847 CW 2020-12-06 0104 N9RV 599 MT AE5E 599 MN 1
QSO: 1847 CW 2020-12-06 0104 N9RV 599 MT N3IQ 599 MDC 1
QSO: 1847 CW 2020-12-06 0105 N9RV 599 MT WB4PWZ 599 EPA 1
QSO: 1847 CW 2020-12-06 0105 N9RV 599 MT W8PEN 599 OH 1
QSO: 1847 CW 2020-12-06 0107 N9RV 599 MT W3GQ 599 NC 1
QSO: 1847 CW 2020-12-06 0107 N9RV 599 MT NF7R 599 NV 1
QSO: 1847 CW 2020-12-06 0107 N9RV 599 MT N8LR 599 MI 1
QSO: 1847 CW 2020-12-06 0107 N9RV 599 MT KA4RRU 599 VA 1
QSO: 1847 CW 2020-12-06 0108 N9RV 599 MT AB2E 599 SNJ 1
QSO: 1847 CW 2020-12-06 0109 N9RV 599 MT AC6YY 599 SCV 1
QSO: 1844 CW 2020-12-06 0204 N9RV 599 MT W4RN 599 VA 1
QSO: 1844 CW 2020-12-06 0204 N9RV 599 MT WW3S 599 WPA 1
QSO: 1844 CW 2020-12-06 0205 N9RV 599 MT K3SWZ 599 EPA 1
QSO: 1844 CW 2020-12-06 0205 N9RV 599 MT KK9N 599 IL 1
QSO: 1844 CW 2020-12-06 0206 N9RV 599 MT K1RV 599 EMA 1
QSO: 1844 CW 2020-12-06 0207 N9RV 599 MT VE3RZ 599 GTA 1
QSO: 1844 CW 2020-12-06 0208 N9RV 599 MT KI7MD 599 UT 1
QSO: 1844 CW 2020-12-06 0208 N9RV 599 MT K4HA 599 NC 1
QSO: 1844 CW 2020-12-06 0208 N9RV 599 MT N8DJX 599 OH 1
QSO: 1844 CW 2020-12-06 0208 N9RV 599 MT AB3CV 599 MDC 1
QSO: 1844 CW 2020-12-06 0209 N9RV 599 MT W9CYA 599 KY 1
QSO: 1844 CW 2020-12-06 0209 N9RV 599 MT AB3AH 599 EPA 1
QSO: 1844 CW 2020-12-06 0209 N9RV 599 MT WA4JUK 599 VA 1
QSO: 1844 CW 2020-12-06 0210 N9RV 599 MT AC9KW 599 IL 1
QSO: 1844 CW 2020-12-06 0210 N9RV 599 MT W5PET 599 KY 1
QSO: 1844 CW 2020-12-06 0210 N9RV 599 MT N8OH 599 OH 1
QSO: 1844 CW 2020-12-06 0211 N9RV 599 MT N4LSJ 599 OH 1
QSO: 1844 CW 2020-12-06 0211 N9RV 599 MT N8GAS 599 MI 1
QSO: 1844 CW 2020-12-06 0212 N9RV 599 MT K5ZH 599 NTX 1
QSO: 1844 CW 2020-12-06 0212 N9RV 599 MT W1JR 599 NH 1
QSO: 1844 CW 2020-12-06 0213 N9RV 599 MT K9RS 599 DE 1
QSO: 1844 CW 2020-12-06 0213 N9RV 599 MT N2BJ 599 IL 1
QSO: 1844 CW 2020-12-06 0213 N9RV 599 MT N2SR 599 SNJ 1
QSO: 1844 CW 2020-12-06 0214 N9RV 599 MT VA7ES 599 BC 1
QSO: 1844 CW 2020-12-06 0215 N9RV 599 MT K8GL 599 MI 1
QSO: 1844 CW 2020-12-06 0215 N9RV 599 MT K7ABV 599 MT 1
QSO: 1844 CW 2020-12-06 0215 N9RV 599 MT WA8MCD 599 MI 1
QSO: 1844 CW 2020-12-06 0217 N9RV 599 MT KR0P 599 NE 1
QSO: 1844 CW 2020-12-06 0217 N9RV 599 MT AI9T 599 IL 1
QSO: 1844 CW 2020-12-06 0217 N9RV 599 MT WA1FCN 599 AL 1
QSO: 1844 CW 2020-12-06 0217 N9RV 599 MT KC7ITP 599 EWA 1
QSO: 1844 CW 2020-12-06 0218 N9RV 599 MT KW9R 599 WI 1
QSO: 1844 CW 2020-12-06 0218 N9RV 599 MT W1AE 599 EMA 1
QSO: 1844 CW 2020-12-06 0219 N9RV 599 MT N0IS 599 MO 1
QSO: 1844 CW 2020-12-06 0219 N9RV 599 MT W7LD 599 WWA 1
QSO: 1844 CW 2020-12-06 0220 N9RV 599 MT W4GE 599 SC 1
QSO: 1844 CW 2020-12-06 0220 N9RV 599 MT W4HWD 599 NC 1
QSO: 1844 CW 2020-12-06 0220 N9RV 599 MT W6NKR 599 SV 1
QSO: 1844 CW 2020-12-06 0221 N9RV 599 MT VE6EX 599 AB 1
QSO: 1844 CW 2020-12-06 0222 N9RV 599 MT WB6HII 599 OR 1
QSO: 1844 CW 2020-12-06 0222 N9RV 599 MT N5VR 599 STX 1
QSO: 1844 CW 2020-12-06 0222 N9RV 599 MT W3OU 599 MDC 1
QSO: 1844 CW 2020-12-06 0222 N9RV 599 MT WA7WJR 599 WWA 1
QSO: 1844 CW 2020-12-06 0223 N9RV 599 MT W0ZF 599 MN 1
QSO: 1844 CW 2020-12-06 0223 N9RV 599 MT N8II 599 WV 1
QSO: 1844 CW 2020-12-06 0223 N9RV 599 MT WW0Z 599 IA 1
QSO: 1844 CW 2020-12-06 0225 N9RV 599 MT K1RX 599 NH 1
QSO: 1844 CW 2020-12-06 0226 N9RV 599 MT AC7JW 599 UT 1
QSO: 1844 CW 2020-12-06 0227 N9RV 599 MT N8JK 599 OH 1
QSO: 1844 CW 2020-12-06 0227 N9RV 599 MT K6LL 599 AZ 1
QSO: 1844 CW 2020-12-06 0227 N9RV 599 MT N4ZZ 599 TN 1
QSO: 1844 CW 2020-12-06 0228 N9RV 599 MT N5OT 599 OK 1
QSO: 1844 CW 2020-12-06 0228 N9RV 599 MT K0SRL 599 IA 1
QSO: 1824 CW 2020-12-06 0228 N9RV 599 MT W9RE 599 IN 1
QSO: 1844 CW 2020-12-06 0229 N9RV 599 MT WA1UJU 599 MI 1
QSO: 1844 CW 2020-12-06 0230 N9RV 599 MT KZ9V 599 WI 1
QSO: 1844 CW 2020-12-06 0231 N9RV 599 MT W7VJ 599 WWA 1
QSO: 1844 CW 2020-12-06 0231 N9RV 599 MT N2NC 599 NNJ 1
QSO: 1844 CW 2020-12-06 0231 N9RV 599 MT N2EM 599 WPA 1
QSO: 1844 CW 2020-12-06 0232 N9RV 599 MT N8HP 599 OH 1
QSO: 1844 CW 2020-12-06 0233 N9RV 599 MT W3FAY 599 MDC 1
QSO: 1844 CW 2020-12-06 0233 N9RV 599 MT W5NZ 599 AL 1
QSO: 1844 CW 2020-12-06 0233 N9RV 599 MT N9JF 599 IL 1
QSO: 1844 CW 2020-12-06 0235 N9RV 599 MT W0RX 599 MN 1
QSO: 1844 CW 2020-12-06 0236 N9RV 599 MT N7MU 599 WWA 1
QSO: 1844 CW 2020-12-06 0236 N9RV 599 MT N0UR 599 MN 1
QSO: 1826 CW 2020-12-06 0237 N9RV 599 MT N2IC 599 NM 1
QSO: 1844 CW 2020-12-06 0238 N9RV 599 MT KE1IH 599 ENY 1
QSO: 1844 CW 2020-12-06 0238 N9RV 599 MT NZ8J 599 OH 1
QSO: 1844 CW 2020-12-06 0240 N9RV 599 MT KM5G 599 AR 1
QSO: 1844 CW 2020-12-06 0240 N9RV 599 MT WN6K 599 SDG 1
QSO: 1844 CW 2020-12-06 0240 N9RV 599 MT K7YDL 599 AZ 1
QSO: 1844 CW 2020-12-06 0241 N9RV 599 MT K0ZR 599 VA 1
QSO: 1844 CW 2020-12-06 0242 N9RV 599 MT VE9CB 599 MAR 1
QSO: 1844 CW 2020-12-06 0242 N9RV 599 MT K7OVG 599 ID 1
QSO: 1844 CW 2020-12-06 0242 N9RV 599 MT KL7KY 599 AK 1
QSO: 1827 CW 2020-12-06 0244 N9RV 599 MT K9JM 599 SV 1
QSO: 1827 CW 2020-12-06 0244 N9RV 599 MT K2MTG 599 NNJ 1
QSO: 1827 CW 2020-12-06 0246 N9RV 599 MT W5RF 599 STX 1
QSO: 1827 CW 2020-12-06 0247 N9RV 599 MT N0UK 599 MN 1
QSO: 1827 CW 2020-12-06 0248 N9RV 599 MT N3UA 599 VA 1
QSO: 1827 CW 2020-12-06 0248 N9RV 599 MT KQ9J 599 WI 1
QSO: 1827 CW 2020-12-06 0249 N9RV 599 MT KG6AO 599 SCV 1
QSO: 1827 CW 2020-12-06 0250 N9RV 599 MT W7AMR 599 AZ 1
QSO: 1827 CW 2020-12-06 0250 N9RV 599 MT W7WHY 599 OR 1
QSO: 1827 CW 2020-12-06 0251 N9RV 599 MT WE9V 599 WI 1
QSO: 1827 CW 2020-12-06 0252 N9RV 599 MT N7MU 599 WWA 1
QSO: 1827 CW 2020-12-06 0252 N9RV 599 MT N3TE 599 MDC 1
QSO: 1827 CW 2020-12-06 0252 N9RV 599 MT AE0EE 599 MN 1
QSO: 1827 CW 2020-12-06 0253 N9RV 599 MT NQ6N 599 IL 1
QSO: 1827 CW 2020-12-06 0253 N9RV 599 MT K6ZB 599 STX 1
QSO: 1827 CW 2020-12-06 0254 N9RV 599 MT N3AM 599 MDC 1
QSO: 1827 CW 2020-12-06 0255 N9RV 599 MT WE9R 599 WI 1
QSO: 1827 CW 2020-12-06 0255 N9RV 599 MT K0JE 599 MN 1
QSO: 1827 CW 2020-12-06 0255 N9RV 599 MT KC4D 599 VA 1
QSO: 1827 CW 2020-12-06 0257 N9RV 599 MT W6MOB 599 SCV 1
QSO: 1827 CW 2020-12-06 0257 N9RV 599 MT KR9U 599 IN 1
QSO: 1827 CW 2020-12-06 0257 N9RV 599 MT W0UY 599 KS 1
QSO: 1827 CW 2020-12-06 0258 N9RV 599 MT KJ6Y 599 LAX 1
QSO: 1827 CW 2020-12-06 0259 N9RV 599 MT WS9M 599 WNY 1
QSO: 1827 CW 2020-12-06 0259 N9RV 599 MT KJ0I 599 CO 1
QSO: 1827 CW 2020-12-06 0300 N9RV 599 MT K3RA 599 MDC 1
QSO: 1827 CW 2020-12-06 0301 N9RV 599 MT K3WJV 599 EPA 1
QSO: 1827 CW 2020-12-06 0302 N9RV 599 MT N7BVY 599 WWA 1
QSO: 1827 CW 2020-12-06 0304 N9RV 599 MT KA9BHD 599 IL 1
QSO: 1827 CW 2020-12-06 0305 N9RV 599 MT K5ZD 599 WMA 1
QSO: 1827 CW 2020-12-06 0306 N9RV 599 MT K6GCN 599 SV 1
QSO: 1827 CW 2020-12-06 0307 N9RV 599 MT N4XL 599 SC 1
QSO: 1827 CW 2020-12-06 0307 N9RV 599 MT W3HKK 599 OH 1
QSO: 1827 CW 2020-12-06 0309 N9RV 599 MT W5ZG 599 STX 1
QSO: 1824 CW 2020-12-06 0312 N9RV 599 MT W4NF 599 VA 1
QSO: 1823 CW 2020-12-06 0315 N9RV 599 MT WW5M 599 TN 1
QSO: 1822 CW 2020-12-06 0316 N9RV 599 MT VE3VSM 599 ONS 1
QSO: 1822 CW 2020-12-06 0316 N9RV 599 MT CO2AN 599 --- 1
QSO: 1821 CW 2020-12-06 0317 N9RV 599 MT VE3YT 599 ONS 1
QSO: 1820 CW 2020-12-06 0317 N9RV 599 MT N2YB 599 WNY 1
QSO: 1819 CW 2020-12-06 0318 N9RV 599 MT K1ZK 599 VT 1
QSO: 1818 CW 2020-12-06 0319 N9RV 599 MT K5PI 599 STX 1
QSO: 1817 CW 2020-12-06 0321 N9RV 599 MT W0AIH 599 WI 1
QSO: 1815 CW 2020-12-06 0324 N9RV 599 MT NO3M 599 WPA 1
QSO: 1815 CW 2020-12-06 0325 N9RV 599 MT W7JET 599 AZ 1
QSO: 1815 CW 2020-12-06 0326 N9RV 599 MT NI1L 599 EMA 1
QSO: 1813 CW 2020-12-06 0327 N9RV 599 MT K5LG 599 AR 1
QSO: 1812 CW 2020-12-06 0327 N9RV 599 MT W1UE 599 EMA 1
QSO: 1811 CW 2020-12-06 0328 N9RV 599 MT W0SD 599 SD 1
QSO: 1811 CW 2020-12-06 0328 N9RV 599 MT AD4EB 599 TN 1
QSO: 1810 CW 2020-12-06 0328 N9RV 599 MT K2WK 599 VA 1
QSO: 1809 CW 2020-12-06 0329 N9RV 599 MT N6BT 599 AZ 1
QSO: 1807 CW 2020-12-06 0330 N9RV 599 MT AJ9C 599 IN 1
QSO: 1806 CW 2020-12-06 0330 N9RV 599 MT KB1EFS 599 EMA 1
QSO: 1801 CW 2020-12-06 0332 N9RV 599 MT K5TR 599 STX 1
QSO: 1800 CW 2020-12-06 0332 N9RV 599 MT NS3T 599 MDC 1
QSO: 1838 CW 2020-12-06 0337 N9RV 599 MT VA3AR 599 GTA 1
QSO: 1843 CW 2020-12-06 0338 N9RV 599 MT WI9WI 599 WI 1
QSO: 1849 CW 2020-12-06 0340 N9RV 599 MT VY1CO 599 NT 1
QSO: 1830 CW 2020-12-06 0342 N9RV 599 MT WA9AQN 599 IL 1
QSO: 1830 CW 2020-12-06 0343 N9RV 599 MT W1ARY 599 CT 1
QSO: 1830 CW 2020-12-06 0343 N9RV 599 MT K3UA 599 WPA 1
QSO: 1830 CW 2020-12-06 0344 N9RV 599 MT WA2JQK 599 ENY 1
QSO: 1830 CW 2020-12-06 0344 N9RV 599 MT WN7S 599 VA 1
QSO: 1830 CW 2020-12-06 0344 N9RV 599 MT KA9FOX 599 WI 1
QSO: 1830 CW 2020-12-06 0345 N9RV 599 MT K7XH 599 WWA 1
QSO: 1830 CW 2020-12-06 0345 N9RV 599 MT VE5VG 599 SK 1
QSO: 1830 CW 2020-12-06 0345 N9RV 599 MT AF7NX 599 OR 1
QSO: 1830 CW 2020-12-06 0345 N9RV 599 MT W9YK 599 IL 1
QSO: 1830 CW 2020-12-06 0346 N9RV 599 MT AA9L 599 WI 1
QSO: 1830 CW 2020-12-06 0346 N9RV 599 MT N9TF 599 IL 1
QSO: 1830 CW 2020-12-06 0347 N9RV 599 MT W9SN 599 TN 1
QSO: 1830 CW 2020-12-06 0347 N9RV 599 MT WB0TEV 599 NTX 1
QSO: 1830 CW 2020-12-06 0347 N9RV 599 MT KV3T 599 IL 1
QSO: 1830 CW 2020-12-06 0348 N9RV 599 MT N6TV 599 SCV 1
QSO: 1830 CW 2020-12-06 0348 N9RV 599 MT WA9LEY 599 IL 1
QSO: 1830 CW 2020-12-06 0348 N9RV 599 MT K9WA 599 IL 1
QSO: 1830 CW 2020-12-06 0348 N9RV 599 MT VE1ZU 599 MAR 1
QSO: 1830 CW 2020-12-06 0349 N9RV 599 MT N4RA 599 WV 1
QSO: 1830 CW 2020-12-06 0350 N9RV 599 MT K6KY 599 SB 1
QSO: 1830 CW 2020-12-06 0350 N9RV 599 MT KF7GGN 599 OR 1
QSO: 1830 CW 2020-12-06 0351 N9RV 599 MT WJ7S 599 UT 1
QSO: 1830 CW 2020-12-06 0351 N9RV 599 MT CT9ABO 599 --- 1
QSO: 1830 CW 2020-12-06 0352 N9RV 599 MT WG3J 599 MDC 1
QSO: 1830 CW 2020-12-06 0352 N9RV 599 MT W4KLY 599 GA 1
QSO: 1830 CW 2020-12-06 0353 N9RV 599 MT KB8NNU 599 MI 1
QSO: 1830 CW 2020-12-06 0356 N9RV 599 MT W2QL 599 ENY 1
QSO: 1830 CW 2020-12-06 0358 N9RV 599 MT KG6T 599 AZ 1
QSO: 1830 CW 2020-12-06 0358 N9RV 599 MT VE3MA 599 GTA 1
QSO: 1830 CW 2020-12-06 0359 N9RV 599 MT WA1GOS 599 EMA 1
QSO: 1830 CW 2020-12-06 0400 N9RV 599 MT W4SIG 599 ENY 1
QSO: 1830 CW 2020-12-06 0400 N9RV 599 MT K5KJ 599 NTX 1
QSO: 1830 CW 2020-12-06 0400 N9RV 599 MT W0ECC 599 MO 1
QSO: 1830 CW 2020-12-06 0401 N9RV 599 MT WA8KKN 599 OH 1
QSO: 1830 CW 2020-12-06 0402 N9RV 599 MT WB8TDG 599 OH 1
QSO: 1830 CW 2020-12-06 0402 N9RV 599 MT N5ESE 599 STX 1
QSO: 1830 CW 2020-12-06 0403 N9RV 599 MT W6GEE 599 SF 1
QSO: 1830 CW 2020-12-06 0404 N9RV 599 MT VA3WB 599 GTA 1
QSO: 1830 CW 2020-12-06 0405 N9RV 599 MT NT2DR 599 EPA 1
QSO: 1830 CW 2020-12-06 0406 N9RV 599 MT W8NU 599 OH 1
QSO: 1830 CW 2020-12-06 0407 N9RV 599 MT VE3JM 599 ONE 1
QSO: 1830 CW 2020-12-06 0407 N9RV 599 MT KE0TT 599 MN 1
QSO: 1830 CW 2020-12-06 0408 N9RV 599 MT K0RC 599 MN 1
QSO: 1830 CW 2020-12-06 0408 N9RV 599 MT W0PF 599 MO 1
QSO: 1830 CW 2020-12-06 0409 N9RV 599 MT V31MA 599 --- 1
QSO: 1830 CW 2020-12-06 0409 N9RV 599 MT W0KU 599 CO 1
QSO: 1830 CW 2020-12-06 0410 N9RV 599 MT K1KD 599 MN 1
QSO: 1830 CW 2020-12-06 0410 N9RV 599 MT AG9A 599 IL 1
QSO: 1830 CW 2020-12-06 0410 N9RV 599 MT KB8TL 599 MI 1
QSO: 1830 CW 2020-12-06 0410 N9RV 599 MT NT6V 599 EB 1
QSO: 1830 CW 2020-12-06 0411 N9RV 599 MT W1DYJ 599 ME 1
QSO: 1830 CW 2020-12-06 0411 N9RV 599 MT N2JJ 599 ENY 1
QSO: 1830 CW 2020-12-06 0412 N9RV 599 MT KP3MM 599 PR 1
QSO: 1830 CW 2020-12-06 0412 N9RV 599 MT WB8WKQ 599 MI 1
QSO: 1830 CW 2020-12-06 0413 N9RV 599 MT K5LY 599 NTX 1
QSO: 1830 CW 2020-12-06 0414 N9RV 599 MT KK9V 599 IN 1
QSO: 1830 CW 2020-12-06 0414 N9RV 599 MT K2CJ 599 NNJ 1
QSO: 1830 CW 2020-12-06 0416 N9RV 599 MT K1IR 599 EMA 1
QSO: 1830 CW 2020-12-06 0417 N9RV 599 MT NG0C 599 MN 1
QSO: 1830 CW 2020-12-06 0419 N9RV 599 MT WA3EOQ 599 MDC 1
QSO: 1830 CW 2020-12-06 0419 N9RV 599 MT WB6JJJ 599 OR 1
QSO: 1830 CW 2020-12-06 0420 N9RV 599 MT WM9Q 599 AZ 1
QSO: 1830 CW 2020-12-06 0421 N9RV 599 MT K3RL 599 EPA 1
QSO: 1830 CW 2020-12-06 0421 N9RV 599 MT K8ZR 599 OH 1
QSO: 1830 CW 2020-12-06 0422 N9RV 599 MT W5WTM 599 STX 1
QSO: 1830 CW 2020-12-06 0423 N9RV 599 MT KH6ZM 599 PAC 1
QSO: 1830 CW 2020-12-06 0425 N9RV 599 MT W5ZZ 599 STX 1
QSO: 1830 CW 2020-12-06 0426 N9RV 599 MT KD7UO 599 WWA 1
QSO: 1830 CW 2020-12-06 0426 N9RV 599 MT W0DLE 599 WY 1
QSO: 1830 CW 2020-12-06 0426 N9RV 599 MT NI0K 599 MN 1
QSO: 1830 CW 2020-12-06 0426 N9RV 599 MT N3BB 599 STX 1
QSO: 1830 CW 2020-12-06 0427 N9RV 599 MT KC8J 599 SDG 1
QSO: 1830 CW 2020-12-06 0427 N9RV 599 MT KM1P 599 WWA 1
QSO: 1830 CW 2020-12-06 0428 N9RV 599 MT W7HJL 599 EWA 1
QSO: 1830 CW 2020-12-06 0428 N9RV 599 MT W9CF 599 AZ 1
QSO: 1830 CW 2020-12-06 0428 N9RV 599 MT WA5RR 599 NTX 1
QSO: 1830 CW 2020-12-06 0429 N9RV 599 MT W8KNO 599 OH 1
QSO: 1830 CW 2020-12-06 0429 N9RV 599 MT N6MW 599 SB 1
QSO: 1830 CW 2020-12-06 0430 N9RV 599 MT W1QC 599 WI 1
QSO: 1830 CW 2020-12-06 0431 N9RV 599 MT K5GQ 599 STX 1
QSO: 1830 CW 2020-12-06 0432 N9RV 599 MT K8CX 599 OH 1
QSO: 1830 CW 2020-12-06 0432 N9RV 599 MT W7FN 599 WWA 1
QSO: 1830 CW 2020-12-06 0433 N9RV 599 MT K0HB 599 MN 1
QSO: 1830 CW 2020-12-06 0433 N9RV 599 MT W0GAS 599 CO 1
QSO: 1830 CW 2020-12-06 0433 N9RV 599 MT W5CUY 599 STX 1
QSO: 1830 CW 2020-12-06 0434 N9RV 599 MT NO2D 599 CO 1
QSO: 1830 CW 2020-12-06 0434 N9RV 599 MT N2OO 599 SNJ 1
QSO: 1830 CW 2020-12-06 0434 N9RV 599 MT AE6C 599 EB 1
QSO: 1830 CW 2020-12-06 0435 N9RV 599 MT N0JK 599 KS 1
QSO: 1830 CW 2020-12-06 0435 N9RV 599 MT N0GC 599 ND 1
QSO: 1830 CW 2020-12-06 0437 N9RV 599 MT W7GEM 599 AZ 1
QSO: 1830 CW 2020-12-06 0437 N9RV 599 MT WB7FDQ 599 AZ 1
QSO: 1830 CW 2020-12-06 0438 N9RV 599 MT N4HB 599 VA 1
QSO: 1830 CW 2020-12-06 0438 N9RV 599 MT AC9EZ 599 IN 1
QSO: 1830 CW 2020-12-06 0439 N9RV 599 MT K2XA 599 ENY 1
QSO: 1830 CW 2020-12-06 0439 N9RV 599 MT N5OHL 599 OK 1
QSO: 1830 CW 2020-12-06 0440 N9RV 599 MT KB1OIQ 599 EMA 1
QSO: 1830 CW 2020-12-06 0440 N9RV 599 MT K7QA 599 MT 1
QSO: 1830 CW 2020-12-06 0441 N9RV 599 MT KF5VM 599 STX 1
QSO: 1830 CW 2020-12-06 0441 N9RV 599 MT K2QO 599 WNY 1
QSO: 1830 CW 2020-12-06 0442 N9RV 599 MT AD0K 599 STX 1
QSO: 1830 CW 2020-12-06 0442 N9RV 599 MT NC0B 599 CO 1
QSO: 1830 CW 2020-12-06 0442 N9RV 599 MT NG2H 599 VA 1
QSO: 1830 CW 2020-12-06 0443 N9RV 599 MT N9DR 599 IN 1
QSO: 1830 CW 2020-12-06 0443 N9RV 599 MT K6GV 599 SDG 1
QSO: 1830 CW 2020-12-06 0444 N9RV 599 MT N9UA 599 WI 1
QSO: 1830 CW 2020-12-06 0444 N9RV 599 MT VE3KP 599 ONE 1
QSO: 1830 CW 2020-12-06 0444 N9RV 599 MT NR5M 599 STX 1
QSO: 1830 CW 2020-12-06 0445 N9RV 599 MT K5TMT 599 STX 1
QSO: 1830 CW 2020-12-06 0445 N9RV 599 MT N0AR 599 MN 1
QSO: 1830 CW 2020-12-06 0445 N9RV 599 MT N5PJ 599 OK 1
QSO: 1830 CW 2020-12-06 0446 N9RV 599 MT N2KA 599 NLI 1
QSO: 1830 CW 2020-12-06 0448 N9RV 599 MT N6ZI 599 SDG 1
QSO: 1830 CW 2020-12-06 0449 N9RV 599 MT WG5F 599 OK 1
QSO: 1830 CW 2020-12-06 0449 N9RV 599 MT K0JV 599 SD 1
QSO: 1830 CW 2020-12-06 0450 N9RV 599 MT KM2T 599 WCF 1
QSO: 1830 CW 2020-12-06 0450 N9RV 599 MT WB9TFF 599 WI 1
QSO: 1830 CW 2020-12-06 0451 N9RV 599 MT K1MD 599 RI 1
QSO: 1830 CW 2020-12-06 0452 N9RV 599 MT K7IA 599 NM 1
QSO: 1830 CW 2020-12-06 0452 N9RV 599 MT K8ND 599 OH 1
QSO: 1830 CW 2020-12-06 0452 N9RV 599 MT K2LS 599 NC 1
QSO: 1830 CW 2020-12-06 0453 N9RV 599 MT WD8DSB 599 IN 1
QSO: 1830 CW 2020-12-06 0453 N9RV 599 MT KX9RT 599 WI 1
QSO: 1830 CW 2020-12-06 0453 N9RV 599 MT K0AVN 599 KS 1
QSO: 1830 CW 2020-12-06 0454 N9RV 599 MT K0KT 599 IA 1
QSO: 1830 CW 2020-12-06 0455 N9RV 599 MT W7EEC 599 OR 1
QSO: 1830 CW 2020-12-06 0455 N9RV 599 MT KB9DKR 599 TN 1
QSO: 1830 CW 2020-12-06 0456 N9RV 599 MT N8TFD 599 OH 1
QSO: 1830 CW 2020-12-06 0456 N9RV 599 MT W1CTN 599 CT 1
QSO: 1830 CW 2020-12-06 0457 N9RV 599 MT KT0K 599 NE 1
QSO: 1830 CW 2020-12-06 0458 N9RV 599 MT N0KQ 599 CO 1
QSO: 1830 CW 2020-12-06 0458 N9RV 599 MT W8DHG 599 OH 1
QSO: 1830 CW 2020-12-06 0459 N9RV 599 MT K8ZAA 599 MI 1
QSO: 1830 CW 2020-12-06 0459 N9RV 599 MT KA2D 599 NLI 1
QSO: 1830 CW 2020-12-06 0500 N9RV 599 MT W0EJ 599 SD 1
QSO: 1830 CW 2020-12-06 0500 N9RV 599 MT K4SO 599 VA 1
QSO: 1830 CW 2020-12-06 0500 N9RV 599 MT N8BE 599 OH 1
QSO: 1830 CW 2020-12-06 0500 N9RV 599 MT N4QS 599 KY 1
QSO: 1830 CW 2020-12-06 0501 N9RV 599 MT KV4K 599 WWA 1
QSO: 1830 CW 2020-12-06 0501 N9RV 599 MT K8ROX 599 OH 1
QSO: 1830 CW 2020-12-06 0502 N9RV 599 MT W3EKT 599 MDC 1
QSO: 1830 CW 2020-12-06 0502 N9RV 599 MT VE3NE 599 GTA 1
QSO: 1830 CW 2020-12-06 0503 N9RV 599 MT K6MM 599 SCV 1
QSO: 1830 CW 2020-12-06 0504 N9RV 599 MT W2LC 599 WNY 1
QSO: 1830 CW 2020-12-06 0505 N9RV 599 MT AA4LR 599 GA 1
QSO: 1830 CW 2020-12-06 0505 N9RV 599 MT WB7GR 599 WY 1
QSO: 1830 CW 2020-12-06 0506 N9RV 599 MT WD5K 599 NTX 1
QSO: 1830 CW 2020-12-06 0507 N9RV 599 MT N6LL 599 LAX 1
QSO: 1830 CW 2020-12-06 0507 N9RV 599 MT VE7IO 599 BC 1
QSO: 1830 CW 2020-12-06 0508 N9RV 599 MT N2GM 599 NNJ 1
QSO: 1830 CW 2020-12-06 0508 N9RV 599 MT W4SO 599 SFL 1
QSO: 1830 CW 2020-12-06 0509 N9RV 599 MT N6IET 599 LAX 1
QSO: 1830 CW 2020-12-06 0510 N9RV 599 MT K6MI 599 SJV 1
QSO: 1830 CW 2020-12-06 0511 N9RV 599 MT N4PD 599 VA 1
QSO: 1830 CW 2020-12-06 0512 N9RV 599 MT KO4DN 599 NFL 1
QSO: 1830 CW 2020-12-06 0515 N9RV 599 MT KC7BEY 599 WWA 1
QSO: 1830 CW 2020-12-06 0515 N9RV 599 MT K9YC 599 SCV 1
QSO: 1830 CW 2020-12-06 0516 N9RV 599 MT AA7MM 599 ME 1
QSO: 1830 CW 2020-12-06 0517 N9RV 599 MT WB0SND 599 MO 1
QSO: 1830 CW 2020-12-06 0517 N9RV 599 MT NT6H 599 SF 1
QSO: 1830 CW 2020-12-06 0518 N9RV 599 MT WA7ITZ 599 UT 1
QSO: 1830 CW 2020-12-06 0519 N9RV 599 MT N9CIQ 599 WI 1
QSO: 1830 CW 2020-12-06 0520 N9RV 599 MT WY7FD 599 WY 1
QSO: 1825 CW 2020-12-06 1335 N9RV 599 MT W6RKC 599 SV 1
QSO: 1823 CW 2020-12-06 1404 N9RV 599 MT JH4UTP 599 --- 1
QSO: 1823 CW 2020-12-06 1407 N9RV 599 MT K5ZG 599 CO 1
QSO: 1823 CW 2020-12-06 1410 N9RV 599 MT K2GMY 599 EB 1
QSO: 1823 CW 2020-12-06 1411 N9RV 599 MT KF7HB 599 OR 1
QSO: 1823 CW 2020-12-06 1412 N9RV 599 MT W7GLF 599 WWA 1
QSO: 1823 CW 2020-12-06 1415 N9RV 599 MT ND7K 599 AZ 1
QSO: 1823 CW 2020-12-06 1417 N9RV 599 MT N7ML 599 MT 1
QSO: 1823 CW 2020-12-06 1420 N9RV 599 MT KE7AUB 599 OR 1
QSO: 1815 CW 2020-12-06 1423 N9RV 599 MT N0TT 599 MO 1
END-OF-LOG: