START-OF-LOG: 3.0
CALLSIGN: AA4KD
CLAIMED-SCORE: 5432
CLUB: Potomac Valley Radio Club
CONTEST: CQ-WW-CW
CREATED-BY: WriteLog V10.40J
NAME: Clair L. Allen
OPERATORS: AA4KD
SOAPBOX:
LOCATION: VA
CATEGORY-OPERATOR: SINGLE-OP
CATEGORY-TRANSMITTER: ONE
CATEGORY-ASSISTED: NON-ASSISTED
CATEGORY-BAND: ALL
CATEGORY-POWER: LOW
CATEGORY-MODE: CW
CATEGORY-STATION: FIXED
QSO: 14000 CW 2006-11-25 0450 AA4KD         599     05 LU7KAT        599     13
QSO:  7000 CW 2006-11-25 0502 AA4KD         599     05 CO8LY         599      8
QSO:  7000 CW 2006-11-25 0510 AA4KD         599     05 PJ2T          599      9
QSO:  7000 CW 2006-11-25 0513 AA4KD         599     05 C6ATA         599      8
QSO: 21000 CW 2006-11-25 2054 AA4KD         599     05 P40T          599      9
QSO: 21000 CW 2006-11-25 2059 AA4KD         599     05 P40A          599      9
QSO:  7000 CW 2006-11-26 0121 AA4KD         599     05 ZF1A          599      8
QSO:  7000 CW 2006-11-26 0133 AA4KD         599     05 VE3EJ         599      4
QSO:  7000 CW 2006-11-26 0140 AA4KD         599     05 VE3XB         599      4
QSO:  7000 CW 2006-11-26 0141 AA4KD         599     05 XE1MM         599      6
QSO:  7000 CW 2006-11-26 0147 AA4KD         599     05 PP1CZ         599     11
QSO:  7000 CW 2006-11-26 0149 AA4KD         599     05 HC8N          599     10
QSO:  7000 CW 2006-11-26 0204 AA4KD         599     05 EA8EW         599     33
QSO:  7000 CW 2006-11-26 0218 AA4KD         599     05 XE1HSW        599      6
QSO:  7000 CW 2006-11-26 0253 AA4KD         599     05 II0N          599     15
QSO:  3500 CW 2006-11-26 0448 AA4KD         599     05 VE3RM         599      4
QSO:  3500 CW 2006-11-26 0502 AA4KD         599     05 EA8EW         599     33
QSO:  3500 CW 2006-11-26 0513 AA4KD         599     05 VE3HG         599      4
QSO:  3500 CW 2006-11-26 0515 AA4KD         599     05 W1AJT/VE3     599      4
QSO:  3500 CW 2006-11-26 0516 AA4KD         599     05 M6T           599     14
QSO:  3500 CW 2006-11-26 0523 AA4KD         599     05 VP5W          599      8
QSO:  3500 CW 2006-11-26 0526 AA4KD         599     05 OE2G          599     15
QSO:  3500 CW 2006-11-26 0527 AA4KD         599     05 HC8N          599     10
QSO:  3500 CW 2006-11-26 0544 AA4KD         599     05 VE3NE/2       599      2
QSO:  3500 CW 2006-11-26 0547 AA4KD         599     05 G4BUO         599     14
QSO: 14000 CW 2006-11-26 1958 AA4KD         599     05 TZ5A          599     35
QSO: 14000 CW 2006-11-26 2000 AA4KD         599     05 XE1MM         599      6
QSO: 14000 CW 2006-11-26 2001 AA4KD         599     05 ZF1A          599      8
QSO: 14000 CW 2006-11-26 2004 AA4KD         599     05 VC7G          599      3
QSO: 14000 CW 2006-11-26 2124 AA4KD         599     05 VE6CNU        599      4
QSO: 14000 CW 2006-11-26 2125 AA4KD         599     05 OH1F          599     15
QSO: 14000 CW 2006-11-26 2127 AA4KD         599     05 C6AKX         599      8
QSO: 14000 CW 2006-11-26 2130 AA4KD         599     05 P40T          599      9
QSO: 14000 CW 2006-11-26 2134 AA4KD         599     05 HK0GU         599      7
QSO: 14000 CW 2006-11-26 2151 AA4KD         599     05 TF4M          599     40
QSO: 14000 CW 2006-11-26 2152 AA4KD         599     05 VE5UA         599      4
QSO: 14000 CW 2006-11-26 2155 AA4KD         599     05 ZY7C          599     11
QSO: 14000 CW 2006-11-26 2210 AA4KD         599     05 CO6WD         599      8
QSO: 14000 CW 2006-11-26 2327 AA4KD         599     05 ZY1A          599     11
END-OF-LOG:
