START-OF-LOG: 3.0
CALLSIGN: RU3PU
CATEGORY-OVERLAY: SINGLE-OP
CLAIMED-SCORE: 37570
CONTEST: CQ-WW-CW
NAME: Gleb Korneev
OPERATORS: RU3PU
SOAPBOX: Radio: Yaesu FT-897, 100 W
SOAPBOX: Antenna: Diamond CP-6
CATEGORY-OPERATOR: SINGLE-OP
CATEGORY-TRANSMITTER: ONE
CATEGORY-ASSISTED: NON-ASSISTED
CATEGORY-BAND: ALL
CATEGORY-POWER: LOW
CATEGORY-MODE: CW
CATEGORY-STATION: FIXED
QSO:  7003 CW 2006-11-25 0106 RU3PU         599 16     S58A          599 15     0
QSO:  7011 CW 2006-11-25 0115 RU3PU         599 16     YU3LA         599 15     0
QSO:  7015 CW 2006-11-25 0118 RU3PU         599 16     UU7J          599 16     0
QSO:  7024 CW 2006-11-25 0123 RU3PU         599 16     YO5KUC        599 20     0
QSO:  7036 CW 2006-11-25 0126 RU3PU         599 16     YR2V          599 20     0
QSO:  7036 CW 2006-11-25 0128 RU3PU         599 16     HA5KKC        599 15     0
QSO:  7040 CW 2006-11-25 0129 RU3PU         599 16     DR1A          599 14     0
QSO:  7042 CW 2006-11-25 0131 RU3PU         599 16     DL3YM         599 14     0
QSO:  7044 CW 2006-11-25 0132 RU3PU         599 16     DQ4V          599 14     0
QSO:  7009 CW 2006-11-25 0142 RU3PU         599 16     HG3DX         599 20     0
QSO:  7022 CW 2006-11-25 0145 RU3PU         599 16     HA5JN         599 20     0
QSO:  7035 CW 2006-11-25 0149 RU3PU         599 16     OK5R          599 15     0
QSO:  7034 CW 2006-11-25 0151 RU3PU         599 16     IR5M          599 15     0
QSO:  7040 CW 2006-11-25 0152 RU3PU         599 16     YT7A          599 15     0
QSO:  7041 CW 2006-11-25 0153 RU3PU         599 16     S53O          599 15     0
QSO:  7048 CW 2006-11-25 0156 RU3PU         599 16     IS0N          599 15     0
QSO:  7051 CW 2006-11-25 0159 RU3PU         599 16     OL3A          599 15     0
QSO:  7067 CW 2006-11-25 0205 RU3PU         599 16     S51Z          599 15     0
QSO:  7071 CW 2006-11-25 0207 RU3PU         599 16     4X0G          599 20     0
QSO:  7064 CW 2006-11-25 0209 RU3PU         599 16     HA6NL         599 15     0
QSO:  7052 CW 2006-11-25 0212 RU3PU         599 16     OP5T          599 14     0
QSO:  7050 CW 2006-11-25 0212 RU3PU         599 16     9A3R          599 15     0
QSO: 14023 CW 2006-11-25 0218 RU3PU         599 16     8Q7DV         599 22     0
QSO:  7038 CW 2006-11-25 0221 RU3PU         599 16     UP5G          599 17     0
QSO:  7033 CW 2006-11-25 0225 RU3PU         599 16     DF0CI         599 14     0
QSO:  7028 CW 2006-11-25 0226 RU3PU         599 16     OE4A          599 15     0
QSO:  7026 CW 2006-11-25 0227 RU3PU         599 16     DR4A          599 14     0
QSO:  7025 CW 2006-11-25 0228 RU3PU         599 16     S54A          599 15     0
QSO:  7010 CW 2006-11-25 0232 RU3PU         599 16     YU1LA         599 15     0
QSO:  7005 CW 2006-11-25 0234 RU3PU         599 16     HG5A          599 15     0
QSO:  7004 CW 2006-11-25 0235 RU3PU         599 16     IY4W          599 15     0
QSO:  7000 CW 2006-11-25 0237 RU3PU         599 16     DF0HQ         599 14     0
QSO:  7050 CW 2006-11-25 0241 RU3PU         599 16     YT7N          599 15     0
QSO:  7062 CW 2006-11-25 0244 RU3PU         599 16     SZ6P          599 20     0
QSO:  7065 CW 2006-11-25 0245 RU3PU         599 16     YU7KW         599 15     0
QSO:  7072 CW 2006-11-25 0246 RU3PU         599 16     J42T          599 20     0
QSO:  7058 CW 2006-11-25 0249 RU3PU         599 16     Z38N          599 15     0
QSO:  7024 CW 2006-11-25 0257 RU3PU         599 16     9K2HN         599 21     0
QSO:  7013 CW 2006-11-25 0303 RU3PU         599 16     9A7A          599 15     0
QSO:  7013 CW 2006-11-25 0311 RU3PU         599 16     LZ4TX         599 20     0
QSO:  7030 CW 2006-11-25 0324 RU3PU         599 16     TM2Y          599 14     0
QSO:  7076 CW 2006-11-25 0328 RU3PU         599 16     IK2SND        599 15     0
QSO:  7078 CW 2006-11-25 0329 RU3PU         599 16     HB9MM         599 14     0
QSO:  7052 CW 2006-11-25 0331 RU3PU         599 16     SV1ENG        599 20     0
QSO: 14007 CW 2006-11-25 0440 RU3PU         599 16     UP5G          599 17     0
QSO: 14014 CW 2006-11-25 0445 RU3PU         599 16     5Z1A          599 37     0
QSO: 14027 CW 2006-11-25 0450 RU3PU         599 16     A61M          599 21     0
QSO: 14038 CW 2006-11-25 0453 RU3PU         599 16     4L8A          599 21     0
QSO: 14052 CW 2006-11-25 0455 RU3PU         599 16     4J5A          599 21     0
QSO: 14060 CW 2006-11-25 0456 RU3PU         599 16     UN7QF         599 17     0
QSO: 14004 CW 2006-11-25 0457 RU3PU         599 16     RK0UT         599 18     0
QSO: 14011 CW 2006-11-25 0458 RU3PU         599 16     SP1NY/MM      599 34     0
QSO: 14012 CW 2006-11-25 0459 RU3PU         599 16     UP1G          599 17     0
QSO: 14019 CW 2006-11-25 0500 RU3PU         599 16     UA9MC         599 17     0
QSO: 14028 CW 2006-11-25 0503 RU3PU         599 16     4Z8DT         599 20     0
QSO: 14025 CW 2006-11-25 0509 RU3PU         599 16     5Z1A          599 37     0
QSO: 21010 CW 2006-11-25 0938 RU3PU         599 16     P3F           599 20     0
QSO: 21021 CW 2006-11-25 0941 RU3PU         599 16     C4M           599 20     0
QSO: 21022 CW 2006-11-25 0944 RU3PU         599 16     Z35G          599 15     0
QSO: 21023 CW 2006-11-25 0945 RU3PU         599 16     RA0AY         599 18     0
QSO: 21024 CW 2006-11-25 0945 RU3PU         599 16     TK5EP         599 15     0
QSO: 21026 CW 2006-11-25 0949 RU3PU         599 16     IR4X          599 15     0
QSO: 21032 CW 2006-11-25 0955 RU3PU         599 16     9A1A          599 15     0
QSO: 21036 CW 2006-11-25 0957 RU3PU         599 16     DD5M          599 14     0
QSO: 21042 CW 2006-11-25 0958 RU3PU         599 16     Z38N          599 15     0
QSO: 21030 CW 2006-11-25 1008 RU3PU         599 16     EA8EW         599 33     0
QSO: 21026 CW 2006-11-25 1015 RU3PU         599 16     9H6A          599 15     0
QSO: 21021 CW 2006-11-25 1016 RU3PU         599 16     LY5R          599 15     0
QSO: 21017 CW 2006-11-25 1019 RU3PU         599 16     8Q7DV         599 22     0
QSO: 21031 CW 2006-11-25 1029 RU3PU         599 16     TM2Y          599 14     0
QSO: 21020 CW 2006-11-25 1056 RU3PU         599 16     IR4M          599 15     0
QSO: 21018 CW 2006-11-25 1205 RU3PU         599 16     GM4FDM        599 14     0
QSO: 21019 CW 2006-11-25 1206 RU3PU         599 16     5A7A          599 34     0
QSO: 21022 CW 2006-11-25 1207 RU3PU         599 16     G0MTN         599 14     0
QSO: 21024 CW 2006-11-25 1209 RU3PU         599 16     GW3NJW        599 14     0
QSO:  7041 CW 2006-11-25 1214 RU3PU         599 16     9A4D          599 15     0
QSO:  7033 CW 2006-11-25 1642 RU3PU         599 16     OM7M          599 15     0
QSO:  7032 CW 2006-11-25 1643 RU3PU         599 16     S53M          599 15     0
QSO:  7020 CW 2006-11-25 1646 RU3PU         599 16     T96Q          599 15     0
QSO:  7015 CW 2006-11-25 1648 RU3PU         599 16     OE2S          599 15     0
QSO:  7007 CW 2006-11-25 1659 RU3PU         599 16     S52AW         599 15     0
QSO:  7009 CW 2006-11-25 1701 RU3PU         599 16     HA3OU         599 15     0
QSO:  3515 CW 2006-11-25 1710 RU3PU         599 16     SN7Q          599 15     0
QSO:  3511 CW 2006-11-25 1711 RU3PU         599 16     YL0A          599 15     0
QSO:  3518 CW 2006-11-25 1712 RU3PU         599 16     SN3A          599 15     0
QSO:  3521 CW 2006-11-25 1714 RU3PU         599 16     RG9A          599 17     0
QSO:  3534 CW 2006-11-25 1716 RU3PU         599 16     4N5Y          599 15     0
QSO:  3561 CW 2006-11-25 1717 RU3PU         599 16     UA1OMS        599 16     0
QSO:  3561 CW 2006-11-25 1718 RU3PU         599 16     OM0M          599 15     0
QSO:  3556 CW 2006-11-25 1719 RU3PU         599 16     RT9W          599 16     0
QSO:  3514 CW 2006-11-25 2001 RU3PU         599 16     UW2M          599 16     0
QSO:  3518 CW 2006-11-25 2003 RU3PU         599 16     UU7J          599 16     0
QSO:  3519 CW 2006-11-25 2004 RU3PU         599 16     LY2FN         599 15     0
QSO:  3520 CW 2006-11-25 2006 RU3PU         599 16     S57DX         599 15     0
QSO:  3520 CW 2006-11-25 2008 RU3PU         599 16     LY7M          599 15     0
QSO:  3521 CW 2006-11-25 2009 RU3PU         599 16     EW3EW         599 16     0
QSO:  7029 CW 2006-11-25 2018 RU3PU         599 16     JA4FHE        599 25     0
QSO:  7025 CW 2006-11-25 2019 RU3PU         599 16     HG1S          599 15     0
QSO:  7022 CW 2006-11-25 2021 RU3PU         599 16     LX7I          599 14     0
QSO:  7004 CW 2006-11-25 2028 RU3PU         599 16     G0IVZ         599 14     0
QSO:  7015 CW 2006-11-25 2043 RU3PU         599 16     P3F           599 20     0
QSO:  7022 CW 2006-11-25 2059 RU3PU         599 16     SM0CXU        599 14     0
QSO:  7024 CW 2006-11-25 2100 RU3PU         599 16     LZ9W          599 20     0
QSO:  7036 CW 2006-11-25 2124 RU3PU         599 16     JA3YBK        599 25     0
QSO:  7037 CW 2006-11-25 2126 RU3PU         599 16     IH9P          599 33     0
QSO:  7054 CW 2006-11-25 2134 RU3PU         599 16     4L2M          599 21     0
QSO:  7067 CW 2006-11-25 2138 RU3PU         599 16     UA9UZZ        599 18     0
QSO:  7066 CW 2006-11-25 2142 RU3PU         599 16     IR4M          599 15     0
QSO:  7051 CW 2006-11-25 2148 RU3PU         599 16     RT9W          599 16     0
QSO:  7048 CW 2006-11-25 2148 RU3PU         599 16     PA4A          599 14     0
QSO:  7039 CW 2006-11-25 2151 RU3PU         599 16     9A1P          599 15     0
QSO:  7034 CW 2006-11-25 2152 RU3PU         599 16     JF1PJK        599 25     0
QSO:  7032 CW 2006-11-25 2153 RU3PU         599 16     LZ1BP         599 20     0
QSO:  7026 CW 2006-11-25 2155 RU3PU         599 16     RK0AXX        599 18     0
QSO:  7026 CW 2006-11-25 2157 RU3PU         599 16     JE1CKA        599 25     0
QSO:  7011 CW 2006-11-25 2202 RU3PU         599 16     PI4D          599 14     0
QSO:  7004 CW 2006-11-25 2204 RU3PU         599 16     RA6LW         599 16     0
QSO:  7001 CW 2006-11-25 2206 RU3PU         599 16     LZ1QV         599 20     0
QSO:  3513 CW 2006-11-25 2207 RU3PU         599 16     LN9Z          599 14     0
QSO:  3506 CW 2006-11-25 2212 RU3PU         599 16     RU1A          599 16     0
QSO:  3518 CW 2006-11-25 2215 RU3PU         599 16     4N2K          599 15     0
QSO:  3520 CW 2006-11-25 2217 RU3PU         599 16     YR7M          599 20     0
QSO:  3523 CW 2006-11-25 2218 RU3PU         599 16     OH0V          599 15     0
QSO:  3524 CW 2006-11-25 2219 RU3PU         599 16     P3F           599 20     0
QSO:  3526 CW 2006-11-25 2220 RU3PU         599 16     EW8DX         599 16     0
QSO:  3532 CW 2006-11-25 2222 RU3PU         599 16     DF0SQ         599 14     0
QSO:  3532 CW 2006-11-25 2223 RU3PU         599 16     UR7EU         599 16     0
QSO:  7009 CW 2006-11-25 2231 RU3PU         599 16     4K9W          599 21     0
QSO:  7012 CW 2006-11-25 2235 RU3PU         599 16     YT1R          599 15     0
QSO:  7013 CW 2006-11-25 2236 RU3PU         599 16     LZ5A          599 20     0
QSO:  7036 CW 2006-11-25 2246 RU3PU         599 16     OK5W          599 15     0
QSO:  7047 CW 2006-11-25 2254 RU3PU         599 16     S53XX         599 15     0
QSO: 21020 CW 2006-11-26 0650 RU3PU         599 16     T88MR         599 27     0
QSO: 21024 CW 2006-11-26 0651 RU3PU         599 16     IH9P          599 33     0
QSO: 21014 CW 2006-11-26 0745 RU3PU         599 16     6K2ABX        599 25     0
QSO: 21007 CW 2006-11-26 0755 RU3PU         599 16     ZS1EL         599 38     0
QSO: 21012 CW 2006-11-26 0757 RU3PU         599 16     UP8G          599 17     0
QSO: 21023 CW 2006-11-26 0801 RU3PU         599 16     F6KNB         599 14     0
QSO: 21030 CW 2006-11-26 0803 RU3PU         599 16     4Z5LA         599 20     0
QSO: 21055 CW 2006-11-26 0808 RU3PU         599 16     EA6AFF        599 14     0
QSO: 21062 CW 2006-11-26 0816 RU3PU         599 16     6V7D          599 35     0
QSO: 21068 CW 2006-11-26 0854 RU3PU         599 16     S58P          599 15     0
QSO: 21060 CW 2006-11-26 0906 RU3PU         599 16     S52OT         599 15     0
QSO: 21010 CW 2006-11-26 0909 RU3PU         599 16     UP5G          599 17     0
QSO: 21013 CW 2006-11-26 0912 RU3PU         599 16     RU9AZM        599 18     0
QSO: 21030 CW 2006-11-26 0917 RU3PU         599 16     4Z5LA         599 20     0
QSO: 21043 CW 2006-11-26 0935 RU3PU         599 16     9A7A          599 15     0
QSO: 21044 CW 2006-11-26 0936 RU3PU         599 16     RZ9OZO        599 18     0
QSO: 21056 CW 2006-11-26 0938 RU3PU         599 16     EA2AZ         599 14     0
QSO: 21060 CW 2006-11-26 0940 RU3PU         599 16     UA9UZZ        599 18     0
QSO: 21069 CW 2006-11-26 1045 RU3PU         599 16     IR2M          599 15     0
QSO: 28012 CW 2006-11-26 1047 RU3PU         599 16     V51AS         599 38     0
QSO: 28019 CW 2006-11-26 1052 RU3PU         599 16     EA4KA         599 14     0
QSO: 28031 CW 2006-11-26 1055 RU3PU         599 16     EG4T          599 14     0
QSO: 28014 CW 2006-11-26 1100 RU3PU         599 16     EA5AFP        599 14     0
QSO: 28032 CW 2006-11-26 1118 RU3PU         599 16     EA4KR         599 14     0
QSO: 21018 CW 2006-11-26 1123 RU3PU         599 16     G5W           599 14     0
QSO: 21023 CW 2006-11-26 1125 RU3PU         599 16     TM4Q          599 14     0
QSO: 21046 CW 2006-11-26 1129 RU3PU         599 16     UA9CLB        599 17     0
QSO: 14012 CW 2006-11-26 1133 RU3PU         599 16     LZ1DQ         599 20     0
QSO: 14013 CW 2006-11-26 1134 RU3PU         599 16     C4M           599 20     0
QSO: 14017 CW 2006-11-26 1136 RU3PU         599 16     S57AL         599 15     0
QSO: 14020 CW 2006-11-26 1137 RU3PU         599 16     IZ3DBA        599 15     0
QSO: 14022 CW 2006-11-26 1139 RU3PU         599 16     RZ9OZO        599 18     0
QSO: 14024 CW 2006-11-26 1140 RU3PU         599 16     OM8A          599 15     0
QSO:  7011 CW 2006-11-26 1541 RU3PU         599 16     EW7LO         599 16     0
QSO:  7012 CW 2006-11-26 1543 RU3PU         599 16     HA7RY         599 15     0
QSO:  7016 CW 2006-11-26 1544 RU3PU         599 16     LZ8A          599 20     0
QSO:  7033 CW 2006-11-26 1549 RU3PU         599 16     F6ARC         599 14     0
QSO:  7041 CW 2006-11-26 1551 RU3PU         599 16     LY7A          599 15     0
QSO:  7056 CW 2006-11-26 1554 RU3PU         599 16     S58M          599 15     0
QSO:  7003 CW 2006-11-26 1606 RU3PU         599 16     UW2M          599 16     0
QSO:  7006 CW 2006-11-26 1609 RU3PU         599 16     SP8BRQ        599 15     0
QSO:  7008 CW 2006-11-26 1610 RU3PU         599 16     4Z8DT         599 20     0
QSO:  7010 CW 2006-11-26 1613 RU3PU         599 16     S56DX         599 15     0
QSO:  7010 CW 2006-11-26 1613 RU3PU         599 16     SV1RP         599 20     0
QSO:  7023 CW 2006-11-26 1620 RU3PU         599 16     S54M          599 15     0
QSO:  7025 CW 2006-11-26 1719 RU3PU         599 16     OL4M          599 15     0
QSO:  7028 CW 2006-11-26 1720 RU3PU         599 16     YR7M          599 20     0
QSO:  7036 CW 2006-11-26 1724 RU3PU         599 16     S50A          599 15     0
QSO:  7037 CW 2006-11-26 1725 RU3PU         599 16     OK2YZ         599 15     0
QSO:  7042 CW 2006-11-26 1727 RU3PU         599 16     PA3EVP        599 14     0
QSO:  7051 CW 2006-11-26 1736 RU3PU         599 16     IO4T          599 15     0
QSO:  7052 CW 2006-11-26 1738 RU3PU         599 16     Y09AGI        599 20     0
QSO:  7041 CW 2006-11-26 1742 RU3PU         599 16     CN2R          599 33     0
QSO:  7037 CW 2006-11-26 1745 RU3PU         599 16     S57DX         599 15     0
QSO:  7062 CW 2006-11-26 1848 RU3PU         599 16     LZ3FN         599 20     0
QSO:  7067 CW 2006-11-26 1849 RU3PU         599 16     YU1AAV        599 15     0
QSO:  7014 CW 2006-11-26 1855 RU3PU         599 16     HA1ZH         599 15     0
QSO:  7001 CW 2006-11-26 1902 RU3PU         599 16     DP9A          599 14     0
END-OF-LOG:
