START-OF-LOG: 3.0
CREATED-BY: TR Log POST Version 6.62
CALLSIGN: UA9OS
CONTEST: CQ-WW-CW
CLAIMED-SCORE: 140
NAME: Victor Pisanov
OPERATORS: Victor UA9OS
LOCATION: AR
CATEGORY-OPERATOR: SINGLE-OP
CATEGORY-TRANSMITTER: ONE
CATEGORY-ASSISTED: NON-ASSISTED
CATEGORY-BAND: 160M
CATEGORY-POWER: HIGH
CATEGORY-MODE: CW
CATEGORY-STATION: FIXED
QSO:  1800 CW 2006-11-26 2001 UA9OS         599 18     OM0M          599 15
QSO:  1800 CW 2006-11-26 2006 UA9OS         599 18     RO4M          599 16
QSO:  1800 CW 2006-11-26 2030 UA9OS         599 18     EX8A          599 17
QSO:  1800 CW 2006-11-26 2041 UA9OS         599 18     RU9UG         599 18
QSO:  1800 CW 2006-11-26 2147 UA9OS         599 18     UA9YAB        599 18
QSO:  1800 CW 2006-11-26 2151 UA9OS         599 18     UP6G          599 17
QSO:  1800 CW 2006-11-26 2154 UA9OS         599 18     UA4WKW        599 16
QSO:  1800 CW 2006-11-26 2210 UA9OS         599 18     UA0ACG        599 18
QSO:  1800 CW 2006-11-26 2217 UA9OS         599 18     LY2IJ         599 15
END-OF-LOG:
