START-OF-LOG: 3.0
CONTEST: ARRL-160
LOCATION: GTA
CALLSIGN: VA3TTB
CATEGORY-OPERATOR: SINGLE-OP
CATEGORY-ASSISTED: NON-ASSISTED
CATEGORY-POWER: LOW
CATEGORY-BAND: 160M
CATEGORY-MODE: CW
CATEGORY-TRANSMITTER: ONE
CATEGORY-STATION: FIXED
CREATED-BY: ADIF2CABR V.3.10 (C) SP7DQR
OPERATORS: 
HQ-CATEGORY: Single Operator, Low Power
HQ-GRID-LOCATOR: FN04gc
QSO: 1803 CW 2019-12-06 2215 VA3TTB 599 GTA K9PG 599 IL
QSO: 1804 CW 2019-12-06 2223 VA3TTB 599 GTA WB8JUI 599 OH
QSO: 1805 CW 2019-12-06 2332 VA3TTB 599 GTA N0AV 599 IA
QSO: 1805 CW 2019-12-06 2334 VA3TTB 599 GTA AC3BU 599 MDC
QSO: 1806 CW 2019-12-06 2338 VA3TTB 599 GTA K8MFO 599 OH
QSO: 1806 CW 2019-12-06 2340 VA3TTB 599 GTA K8FH 599 OH
QSO: 1807 CW 2019-12-06 2342 VA3TTB 599 GTA W1NN 599 OH
QSO: 1807 CW 2019-12-06 2344 VA3TTB 599 GTA K8BZ 599 MI
QSO: 1811 CW 2019-12-06 2348 VA3TTB 599 GTA K3WW 599 EPA
QSO: 1811 CW 2019-12-06 2349 VA3TTB 599 GTA NO3M 599 WPA
QSO: 1812 CW 2019-12-06 2354 VA3TTB 599 GTA K3UL 599 EPA
QSO: 1813 CW 2019-12-06 2356 VA3TTB 599 GTA W2GD 599 SNJ
QSO: 1816 CW 2019-12-06 2359 VA3TTB 599 GTA K1A 599 ME
QSO: 1817 CW 2019-12-07 0004 VA3TTB 599 GTA NR4M 599 VA
QSO: 1818 CW 2019-12-07 0007 VA3TTB 599 GTA W3BGN 599 EPA
QSO: 1818 CW 2019-12-07 0013 VA3TTB 599 GTA N2YB 599 WNY
QSO: 1819 CW 2019-12-07 0016 VA3TTB 599 GTA AA1K 599 DE
QSO: 1819 CW 2019-12-07 0017 VA3TTB 599 GTA W8MJ 599 MI
QSO: 1820 CW 2019-12-07 0024 VA3TTB 599 GTA W0SD 599 SD
QSO: 1821 CW 2019-12-07 0027 VA3TTB 599 GTA WS6X 599 VA
QSO: 1821 CW 2019-12-07 0029 VA3TTB 599 GTA KC4D 599 VA
QSO: 1821 CW 2019-12-07 0031 VA3TTB 599 GTA W0FLS 599 IA
QSO: 1823 CW 2019-12-07 0037 VA3TTB 599 GTA K1DG 599 ME
QSO: 1825 CW 2019-12-07 0043 VA3TTB 599 GTA K9NR 599 IL
QSO: 1826 CW 2019-12-07 0044 VA3TTB 599 GTA N2CU 599 WNY
QSO: 1827 CW 2019-12-07 0046 VA3TTB 599 GTA W9RE 599 IN
QSO: 1827 CW 2019-12-07 0050 VA3TTB 599 GTA VE3EJ 599 ONS
QSO: 1827 CW 2019-12-07 0052 VA3TTB 599 GTA N4RV 599 VA
QSO: 1828 CW 2019-12-07 0056 VA3TTB 599 GTA W1SJ 599 VT
QSO: 1829 CW 2019-12-07 0057 VA3TTB 599 GTA NA8V 599 MI
QSO: 1829 CW 2019-12-07 0100 VA3TTB 599 GTA WG3J 599 MDC
QSO: 1834 CW 2019-12-07 0108 VA3TTB 599 GTA VA2WA 599 QC
QSO: 1836 CW 2019-12-07 0111 VA3TTB 599 GTA W4CB 599 VA
QSO: 1837 CW 2019-12-07 0116 VA3TTB 599 GTA KN2M 599 WNY
QSO: 1838 CW 2019-12-07 0118 VA3TTB 599 GTA VE3DZ 599 ONS
QSO: 1844 CW 2019-12-07 0121 VA3TTB 599 GTA W5MX 599 KY
QSO: 1844 CW 2019-12-07 0123 VA3TTB 599 GTA N4XD 599 NC
QSO: 1845 CW 2019-12-07 0126 VA3TTB 599 GTA K3CT 599 EPA
QSO: 1845 CW 2019-12-07 0127 VA3TTB 599 GTA K2NV 599 WNY
QSO: 1848 CW 2019-12-07 0130 VA3TTB 599 GTA KR4F 599 AL
QSO: 1849 CW 2019-12-07 0135 VA3TTB 599 GTA VA2UR 599 QC
QSO: 1852 CW 2019-12-07 0138 VA3TTB 599 GTA VE3YT 599 ONS
QSO: 1856 CW 2019-12-07 0139 VA3TTB 599 GTA K4HA 599 NC
QSO: 1857 CW 2019-12-07 0142 VA3TTB 599 GTA K2ZR 599 WNY
QSO: 1858 CW 2019-12-07 0144 VA3TTB 599 GTA KG9N 599 IL
QSO: 1858 CW 2019-12-07 0146 VA3TTB 599 GTA K8AJS 599 OH
QSO: 1858 CW 2019-12-07 0148 VA3TTB 599 GTA VE3MGY 599 ONS
QSO: 1859 CW 2019-12-07 0151 VA3TTB 599 GTA NB3I 599 EPA
QSO: 1860 CW 2019-12-07 0152 VA3TTB 599 GTA K3MD 599 EPA
QSO: 1860 CW 2019-12-07 0155 VA3TTB 599 GTA N3QE 599 MDC
QSO: 1867 CW 2019-12-07 0205 VA3TTB 599 GTA K0AP 599 KS
QSO: 1801 CW 2019-12-07 0212 VA3TTB 599 GTA VE3RZ 599 GTA
QSO: 1802 CW 2019-12-07 0213 VA3TTB 599 GTA W1LQ 599 ME
QSO: 1808 CW 2019-12-07 0219 VA3TTB 599 GTA W1UE 599 EMA
QSO: 1809 CW 2019-12-07 0222 VA3TTB 599 GTA K1KI 599 CT
QSO: 1813 CW 2019-12-07 0243 VA3TTB 599 GTA K0EJ 599 TN
QSO: 1813 CW 2019-12-07 0245 VA3TTB 599 GTA K1RX 599 NH
QSO: 1815 CW 2019-12-07 0247 VA3TTB 599 GTA N2SR 599 SNJ
QSO: 1820 CW 2019-12-07 0254 VA3TTB 599 GTA AB3CX 599 WNY
QSO: 1821 CW 2019-12-07 0255 VA3TTB 599 GTA K0MD 599 MN
QSO: 1821 CW 2019-12-07 0258 VA3TTB 599 GTA W1VE 599 VT
QSO: 1823 CW 2019-12-07 0302 VA3TTB 599 GTA K1DG 599 ME
QSO: 1826 CW 2019-12-07 0309 VA3TTB 599 GTA W8WTS 599 OH
QSO: 1827 CW 2019-12-07 0310 VA3TTB 599 GTA K4XL 599 VA
QSO: 1831 CW 2019-12-07 0317 VA3TTB 599 GTA W1/WP3C 599 ME
QSO: 1832 CW 2019-12-07 0323 VA3TTB 599 GTA NN3Q 599 EPA
QSO: 1832 CW 2019-12-07 0325 VA3TTB 599 GTA KX9RT 599 WI
QSO: 1833 CW 2019-12-07 0327 VA3TTB 599 GTA WB2RPW 599 OH
QSO: 1833 CW 2019-12-07 0331 VA3TTB 599 GTA NE0U 599 MN
QSO: 1836 CW 2019-12-07 0338 VA3TTB 599 GTA W3NX 599 DE
QSO: 1838 CW 2019-12-07 0341 VA3TTB 599 GTA W8AV 599 OH
QSO: 1838 CW 2019-12-07 0342 VA3TTB 599 GTA W2XL 599 ENY
QSO: 1842 CW 2019-12-07 0344 VA3TTB 599 GTA WW2R 599 NFL
QSO: 1842 CW 2019-12-07 0347 VA3TTB 599 GTA WA1Z 599 NH
QSO: 1843 CW 2019-12-07 0348 VA3TTB 599 GTA K1BX 599 NH
QSO: 1843 CW 2019-12-07 0350 VA3TTB 599 GTA NE8P 599 NFL
QSO: 1845 CW 2019-12-07 0354 VA3TTB 599 GTA K3TEJ 599 EPA
QSO: 1846 CW 2019-12-07 0356 VA3TTB 599 GTA WA4PGM 599 VA
QSO: 1847 CW 2019-12-07 0357 VA3TTB 599 GTA W8PEN 599 OH
QSO: 1847 CW 2019-12-07 0402 VA3TTB 599 GTA K1EP 599 WMA
QSO: 1848 CW 2019-12-07 0404 VA3TTB 599 GTA K3TC 599 MDC
QSO: 1848 CW 2019-12-07 0406 VA3TTB 599 GTA N4HB 599 VA
QSO: 1849 CW 2019-12-07 0409 VA3TTB 599 GTA N1LN 599 NC
QSO: 1849 CW 2019-12-07 0410 VA3TTB 599 GTA N2NT 599 NNJ
QSO: 1850 CW 2019-12-07 0413 VA3TTB 599 GTA K4WI 599 AL
QSO: 1852 CW 2019-12-07 0417 VA3TTB 599 GTA K8MP 599 OH
QSO: 1853 CW 2019-12-07 0420 VA3TTB 599 GTA WB9Z 599 IL
QSO: 1857 CW 2019-12-07 0424 VA3TTB 599 GTA K1LT 599 OH
QSO: 1857 CW 2019-12-07 0428 VA3TTB 599 GTA K3IE 599 TN
QSO: 1858 CW 2019-12-07 0430 VA3TTB 599 GTA W1XX 599 RI
QSO: 1859 CW 2019-12-07 0433 VA3TTB 599 GTA K2AV 599 NC
QSO: 1860 CW 2019-12-07 0435 VA3TTB 599 GTA N8MR 599 MI
QSO: 1862 CW 2019-12-07 0437 VA3TTB 599 GTA K3OO 599 EPA
QSO: 1866 CW 2019-12-07 0441 VA3TTB 599 GTA K9DU 599 MN
QSO: 1870 CW 2019-12-07 0448 VA3TTB 599 GTA W8MET 599 OH
QSO: 1871 CW 2019-12-07 0450 VA3TTB 599 GTA KU8E 599 GA
QSO: 1873 CW 2019-12-07 0454 VA3TTB 599 GTA K3WI 599 DE
QSO: 1874 CW 2019-12-07 0455 VA3TTB 599 GTA WB4FDT 599 MDC
QSO: 1876 CW 2019-12-07 0456 VA3TTB 599 GTA W4PJW 599 VA
QSO: 1876 CW 2019-12-07 0458 VA3TTB 599 GTA W4MYA 599 VA
QSO: 1800 CW 2019-12-07 0500 VA3TTB 599 GTA AD4TJ 599 VA
QSO: 1800 CW 2019-12-07 0501 VA3TTB 599 GTA K3PA 599 KS
QSO: 1801 CW 2019-12-07 0502 VA3TTB 599 GTA N8LJ 599 MI
QSO: 1802 CW 2019-12-07 0505 VA3TTB 599 GTA KG5HVO 599 AL
QSO: 1803 CW 2019-12-07 0508 VA3TTB 599 GTA WK2G 599 EPA
QSO: 1804 CW 2019-12-07 0511 VA3TTB 599 GTA VE3KZ 599 GTA
QSO: 1805 CW 2019-12-07 0512 VA3TTB 599 GTA KC3WX 599 EPA
QSO: 1807 CW 2019-12-07 0515 VA3TTB 599 GTA N2BA 599 NNJ
QSO: 1808 CW 2019-12-07 0518 VA3TTB 599 GTA W4NF 599 VA
QSO: 1809 CW 2019-12-07 0519 VA3TTB 599 GTA AC0C 599 KS
QSO: 1810 CW 2019-12-07 0521 VA3TTB 599 GTA K0ZR 599 VA
QSO: 1822 CW 2019-12-07 0526 VA3TTB 599 GTA K1AR 599 NH
QSO: 1825 CW 2019-12-07 0528 VA3TTB 599 GTA N8OO 599 LA
QSO: 1835 CW 2019-12-07 0534 VA3TTB 599 GTA N3ND 599 NC
QSO: 1837 CW 2019-12-07 0536 VA3TTB 599 GTA W4PM 599 VA
QSO: 1838 CW 2019-12-07 0537 VA3TTB 599 GTA N1IX 599 NH
QSO: 1815 CW 2019-12-07 1502 VA3TTB 599 GTA K1RZ 599 MDC
QSO: 1828 CW 2019-12-07 1506 VA3TTB 599 GTA K2QO 599 WNY
QSO: 1828 CW 2019-12-07 1507 VA3TTB 599 GTA VE3NE 599 GTA
QSO: 1830 CW 2019-12-07 1508 VA3TTB 599 GTA KU2C 599 EPA
QSO: 1835 CW 2019-12-07 1510 VA3TTB 599 GTA NW3Y 599 DE
QSO: 1822 CW 2019-12-07 1514 VA3TTB 599 GTA W3YY 599 VA
QSO: 1827 CW 2019-12-07 1518 VA3TTB 599 GTA K0TT 599 MN
QSO: 1836 CW 2019-12-07 2011 VA3TTB 599 GTA VE3NZ 599 GTA
QSO: 1838 CW 2019-12-07 2013 VA3TTB 599 GTA N8EA 599 MI
QSO: 1802 CW 2019-12-07 2350 VA3TTB 599 GTA K8NVR 599 OH
QSO: 1808 CW 2019-12-07 2353 VA3TTB 599 GTA W0AIH 599 WI
QSO: 1814 CW 2019-12-07 2355 VA3TTB 599 GTA N0TT 599 MO
QSO: 1815 CW 2019-12-07 2358 VA3TTB 599 GTA N0NI 599 IA
QSO: 1815 CW 2019-12-08 0000 VA3TTB 599 GTA N0IS 599 MO
QSO: 1818 CW 2019-12-08 0003 VA3TTB 599 GTA N3RD 599 EPA
QSO: 1819 CW 2019-12-08 0006 VA3TTB 599 GTA AA2ZW 599 WNY
QSO: 1819 CW 2019-12-08 0008 VA3TTB 599 GTA VA2EW 599 QC
QSO: 1824 CW 2019-12-08 0012 VA3TTB 599 GTA K9ZO 599 IL
QSO: 1830 CW 2019-12-08 0017 VA3TTB 599 GTA K9MMS 599 IL
QSO: 1836 CW 2019-12-08 0023 VA3TTB 599 GTA ND9G 599 IL
QSO: 1836 CW 2019-12-08 0025 VA3TTB 599 GTA W1WEF 599 CT
QSO: 1844 CW 2019-12-08 0030 VA3TTB 599 GTA K9NW 599 IN
QSO: 1844 CW 2019-12-08 0031 VA3TTB 599 GTA WW3S 599 WPA
QSO: 1849 CW 2019-12-08 0033 VA3TTB 599 GTA NX2X 599 ENY
QSO: 1850 CW 2019-12-08 0035 VA3TTB 599 GTA AA3B 599 EPA
QSO: 1864 CW 2019-12-08 0040 VA3TTB 599 GTA VE3KP 599 ONE
QSO: 1866 CW 2019-12-08 0042 VA3TTB 599 GTA VE3PN 599 ONE
QSO: 1868 CW 2019-12-08 0045 VA3TTB 599 GTA N8BJQ 599 OH
QSO: 1871 CW 2019-12-08 0046 VA3TTB 599 GTA K8JQ 599 WV
QSO: 1802 CW 2019-12-08 0437 VA3TTB 599 GTA W3HKK 599 OH
QSO: 1802 CW 2019-12-08 0440 VA3TTB 599 GTA N9CO 599 IL
QSO: 1804 CW 2019-12-08 0442 VA3TTB 599 GTA WA8Y 599 MI
QSO: 1807 CW 2019-12-08 0449 VA3TTB 599 GTA W0OR 599 MN
QSO: 1808 CW 2019-12-08 0451 VA3TTB 599 GTA NN3AA 599 ME
QSO: 1808 CW 2019-12-08 0453 VA3TTB 599 GTA K0RF 599 CO
QSO: 1809 CW 2019-12-08 0455 VA3TTB 599 GTA W9KKN/2 599 NNY
QSO: 1810 CW 2019-12-08 0458 VA3TTB 599 GTA K5NA 599 STX
QSO: 1811 CW 2019-12-08 0500 VA3TTB 599 GTA K3PP 599 EPA
QSO: 1816 CW 2019-12-08 0505 VA3TTB 599 GTA WA2CP 599 NLI
QSO: 1822 CW 2019-12-08 0510 VA3TTB 599 GTA K1TR 599 NH
QSO: 1823 CW 2019-12-08 0512 VA3TTB 599 GTA K9CT 599 IL
QSO: 1823 CW 2019-12-08 0513 VA3TTB 599 GTA K3UA 599 WPA
QSO: 1825 CW 2019-12-08 0518 VA3TTB 599 GTA N2ZX 599 ENY
QSO: 1826 CW 2019-12-08 0519 VA3TTB 599 GTA NJ3K 599 WPA
QSO: 1828 CW 2019-12-08 0523 VA3TTB 599 GTA K2WK 599 VA
QSO: 1837 CW 2019-12-08 0529 VA3TTB 599 GTA K1KD 599 MN
QSO: 1839 CW 2019-12-08 0532 VA3TTB 599 GTA N4CF 599 VA
QSO: 1842 CW 2019-12-08 0534 VA3TTB 599 GTA W1AN 599 CT
QSO: 1844 CW 2019-12-08 0535 VA3TTB 599 GTA KB8KMH 599 WV
QSO: 1851 CW 2019-12-08 0541 VA3TTB 599 GTA K5RX 599 NTX
END-OF-LOG: