START-OF-LOG: 3.0
CONTEST: CQ-WW-SSB
CALLSIGN: HB9MH
LOCATION: DX
CATEGORY-OPERATOR: SINGLE-OP
CATEGORY-ASSISTED: ASSISTED
CATEGORY-BAND: 20M
CATEGORY-POWER: LOW
CATEGORY-MODE: SSB
CATEGORY-TRANSMITTER: ONE
CATEGORY-OVERLAY:
CLAIMED-SCORE: 64460
NAME: Marco Hardmeier
OPERATORS: HB9OCR
CLUB: I1
CERTIFICATE: NO
CREATED-BY: N1MM Logger+ 1.0.7300.0
SOAPBOX: HB9MH
QSO: 14340 PH 2018-10-27 1004 HB9MH         59  14     UZ7M          59  16
QSO: 14344 PH 2018-10-27 1004 HB9MH         59  14     UR2Y          59  16
QSO: 14346 PH 2018-10-27 1006 HB9MH         59  14     OH5BM         59  15
QSO: 14349 PH 2018-10-27 1007 HB9MH         59  14     ED7B          59  14
QSO: 14350 PH 2018-10-27 1007 HB9MH         59  14     IF9A          59  15
QSO: 14342 PH 2018-10-27 1008 HB9MH         59  14     R7KZ          59  16
QSO: 14337 PH 2018-10-27 1009 HB9MH         59  14     HB9H          59  14
QSO: 14332 PH 2018-10-27 1010 HB9MH         59  14     S50K          59  15
QSO: 14330 PH 2018-10-27 1010 HB9MH         59  14     IK2XDE        59  15
QSO: 14323 PH 2018-10-27 1011 HB9MH         59  14     ED8W          59  33
QSO: 14319 PH 2018-10-27 1012 HB9MH         59  14     ES9C          59  15
QSO: 14315 PH 2018-10-27 1013 HB9MH         59  14     CN3A          59  33
QSO: 14295 PH 2018-10-27 1015 HB9MH         59  14     EA9LZ         59  33
QSO: 14223 PH 2018-10-27 1015 HB9MH         59  14     ED7W          59  14
QSO: 14294 PH 2018-10-27 1015 HB9MH         59  14     LY2MM         59  15
QSO: 14290 PH 2018-10-27 1017 HB9MH         59  14     UC6K          59  16
QSO: 14289 PH 2018-10-27 1017 HB9MH         59  14     EW6W          59  16
QSO: 14286 PH 2018-10-27 1018 HB9MH         59  14     YL2SM         59  15
QSO: 14285 PH 2018-10-27 1018 HB9MH         59  14     RW1F          59  16
QSO: 14270 PH 2018-10-27 1019 HB9MH         59  14     IO9R          59  15
QSO: 14264 PH 2018-10-27 1019 HB9MH         59  14     LY2K          59  15
QSO: 14261 PH 2018-10-27 1020 HB9MH         59  14     OH8X          59  15
QSO: 14257 PH 2018-10-27 1020 HB9MH         59  14     EW8OP         59  16
QSO: 14221 PH 2018-10-27 1021 HB9MH         59  14     R5AJ          59  16
QSO: 14239 PH 2018-10-27 1021 HB9MH         59  14     YL3CW         59  15
QSO: 14231 PH 2018-10-27 1023 HB9MH         59  14     9H6A          59  15
QSO: 14240 PH 2018-10-27 1024 HB9MH         59  14     FY5KE         59  09
QSO: 14248 PH 2018-10-27 1025 HB9MH         59  14     EC4DX         59  14
QSO: 14251 PH 2018-10-27 1025 HB9MH         59  14     EA9KB         59  33
QSO: 14112 PH 2018-10-27 1025 HB9MH         59  14     JH4UYB        59  25
QSO: 14181 PH 2018-10-27 1026 HB9MH         59  14     LY2J          59  15
QSO: 14327 PH 2018-10-27 1027 HB9MH         59  14     OK2D          59  15
QSO: 14110 PH 2018-10-27 1030 HB9MH         59  14     4M1K          59  09
QSO: 14275 PH 2018-10-27 1031 HB9MH         59  14     PP2FRS        59  11
QSO: 14124 PH 2018-10-27 1032 HB9MH         59  14     PZ5K          59  09
QSO: 14303 PH 2018-10-27 1033 HB9MH         59  14     CR6P          59  14
QSO: 14248 PH 2018-10-27 1033 HB9MH         59  14     EA7HLU        59  14
QSO: 14155 PH 2018-10-27 1033 HB9MH         59  14     CT9ABO        59  33
QSO: 14339 PH 2018-10-27 1034 HB9MH         59  14     CN8MAA        59  33
QSO: 14208 PH 2018-10-27 1036 HB9MH         59  14     9Y4W          59  09
QSO: 14104 PH 2018-10-27 1037 HB9MH         59  14     MM3AWD        59  14
QSO: 14195 PH 2018-10-27 1037 HB9MH         59  14     OZ11A         59  14
QSO: 14169 PH 2018-10-27 1039 HB9MH         59  14     OX7A          59  40
QSO: 14311 PH 2018-10-27 1039 HB9MH         59  14     SN8B          59  15
QSO: 14212 PH 2018-10-27 1041 HB9MH         59  14     ER4DX         59  16
QSO: 14214 PH 2018-10-27 1043 HB9MH         59  14     LA8HGA        59  14
QSO: 14154 PH 2018-10-27 1045 HB9MH         59  14     BD7IS         59  24
QSO: 14195 PH 2018-10-27 1046 HB9MH         59  14     EU1WW         59  16
QSO: 14176 PH 2018-10-27 1047 HB9MH         59  14     LZ9W          59  20
QSO: 14210 PH 2018-10-27 1047 HB9MH         59  14     SV9FBG        59  20
QSO: 14328 PH 2018-10-27 1048 HB9MH         59  14     XT2SZZ        59  35
QSO: 14300 PH 2018-10-27 1049 HB9MH         59  14     IR7T          59  15
QSO: 14302 PH 2018-10-27 1050 HB9MH         59  14     EE5T          59  14
QSO: 14304 PH 2018-10-27 1052 HB9MH         59  14     M6T           59  14
QSO: 14256 PH 2018-10-27 1052 HB9MH         59  14     SJ0X          59  14
QSO: 14318 PH 2018-10-27 1052 HB9MH         59  14     SK0QO         59  14
QSO: 14193 PH 2018-10-27 1053 HB9MH         59  14     LC1U          59  14
QSO: 14197 PH 2018-10-27 1053 HB9MH         59  14     LC5K          59  14
QSO: 14283 PH 2018-10-27 1054 HB9MH         59  14     JA3YBK        59  25
QSO: 14216 PH 2018-10-27 1055 HB9MH         59  14     JE6RPM        59  25
QSO: 14341 PH 2018-10-27 1055 HB9MH         59  14     LY7Z          59  15
QSO: 14136 PH 2018-10-27 1055 HB9MH         59  14     LY2AJ         59  15
QSO: 14227 PH 2018-10-27 1058 HB9MH         59  14     9A9A          59  15
QSO: 14228 PH 2018-10-27 1059 HB9MH         59  14     A44A          59  21
QSO: 14113 PH 2018-10-27 1100 HB9MH         59  14     HA3LN         59  15
QSO: 14277 PH 2018-10-27 1101 HB9MH         59  14     OM2Y          59  15
QSO: 14249 PH 2018-10-27 1102 HB9MH         59  14     UA4M          59  16
QSO: 14160 PH 2018-10-27 1102 HB9MH         59  14     RT9L          59  17
QSO: 14313 PH 2018-10-27 1103 HB9MH         59  14     SO4R          59  15
QSO: 14229 PH 2018-10-27 1103 HB9MH         59  14     PA1T          59  14
QSO: 14174 PH 2018-10-27 1105 HB9MH         59  14     GD9W          59  14
QSO: 14347 PH 2018-10-27 1105 HB9MH         59  14     G2F           59  14
QSO: 14153 PH 2018-10-27 1106 HB9MH         59  14     W2RE          59  05
QSO: 14167 PH 2018-10-27 1107 HB9MH         59  14     K1LZ          59  05
QSO: 14170 PH 2018-10-27 1108 HB9MH         59  14     KC1XX         59  05
QSO: 14348 PH 2018-10-27 1108 HB9MH         59  14     N5DX          59  05
QSO: 14245 PH 2018-10-27 1109 HB9MH         59  14     TM6M          59  14
QSO: 14169 PH 2018-10-27 1109 HB9MH         59  14     KP2M          59  08
QSO: 14338 PH 2018-10-27 1111 HB9MH         59  14     ED1T          59  14
QSO: 14160 PH 2018-10-27 1211 HB9MH         59  14     W9RE          59  04
QSO: 14140 PH 2018-10-27 1211 HB9MH         59  14     VE3EJ         59  04
QSO: 14151 PH 2018-10-27 1212 HB9MH         59  14     K3LR          59  05
QSO: 14154 PH 2018-10-27 1213 HB9MH         59  14     W3LPL         59  05
QSO: 14172 PH 2018-10-27 1214 HB9MH         59  14     K5ZD          59  05
QSO: 14161 PH 2018-10-27 1215 HB9MH         59  14     AA1K          59  05
QSO: 14157 PH 2018-10-27 1216 HB9MH         59  14     N1UR          59  05
QSO: 14163 PH 2018-10-27 1216 HB9MH         59  14     W1NA          59  05
QSO: 14189 PH 2018-10-27 1218 HB9MH         59  14     K1RX          59  05
QSO: 14201 PH 2018-10-27 1220 HB9MH         59  14     N4WW          59  05
QSO: 14206 PH 2018-10-27 1221 HB9MH         59  14     EI9E          59  14
QSO: 14125 PH 2018-10-27 1222 HB9MH         59  14     RC1O          59  16
QSO: 14191 PH 2018-10-27 1222 HB9MH         59  14     N2SR          59  05
QSO: 14335 PH 2018-10-27 1223 HB9MH         59  14     KU2M          59  05
QSO: 14178 PH 2018-10-27 1224 HB9MH         59  14     K1RM          59  05
QSO: 14147 PH 2018-10-27 1228 HB9MH         59  14     V26B          59  08
QSO: 14219 PH 2018-10-27 1230 HB9MH         59  14     E44WE         59  20
QSO: 14248 PH 2018-10-27 1231 HB9MH         59  14     4X1DX         59  20
QSO: 14244 PH 2018-10-27 1232 HB9MH         59  14     A61HA         59  21
QSO: 14205 PH 2018-10-27 1233 HB9MH         59  14     RW3XZ         59  16
QSO: 14257 PH 2018-10-27 1234 HB9MH         59  14     YP3A          59  20
QSO: 14183 PH 2018-10-27 1234 HB9MH         59  14     UW5ZM         59  16
QSO: 14178 PH 2018-10-27 1235 HB9MH         59  14     RK3SWS        59  16
QSO: 14289 PH 2018-10-27 1237 HB9MH         59  14     OZ7X          59  14
QSO: 14197 PH 2018-10-27 1237 HB9MH         59  14     PD9Z          59  14
QSO: 14188 PH 2018-10-27 1238 HB9MH         59  14     K3ZJ          59  05
QSO: 14124 PH 2018-10-27 1239 HB9MH         59  14     CF3A          59  04
QSO: 14121 PH 2018-10-27 1239 HB9MH         59  14     VE9CB         59  05
QSO: 14137 PH 2018-10-27 1242 HB9MH         59  14     VE3JM         59  04
QSO: 14135 PH 2018-10-27 1243 HB9MH         59  14     VY2ZM         59  05
QSO: 14194 PH 2018-10-27 1243 HB9MH         59  14     N2RJ          59  05
QSO: 14317 PH 2018-10-27 1244 HB9MH         59  14     KQ2M          59  05
QSO: 14156 PH 2018-10-27 1244 HB9MH         59  14     WX3B          59  05
QSO: 14224 PH 2018-10-27 1247 HB9MH         59  14     K1KI          59  05
QSO: 14315 PH 2018-10-27 1251 HB9MH         59  14     ES6RW         59  15
QSO: 14314 PH 2018-10-27 1251 HB9MH         59  14     OG7A          59  15
QSO: 14284 PH 2018-10-27 1252 HB9MH         59  14     SF4D          59  14
QSO: 14272 PH 2018-10-27 1252 HB9MH         59  14     DR1A          59  14
QSO: 14242 PH 2018-10-27 1252 HB9MH         59  14     DK7TX         59  14
QSO: 14218 PH 2018-10-27 1253 HB9MH         59  14     DL0AO         59  14
QSO: 14265 PH 2018-10-27 1253 HB9MH         59  14     SO7M          59  15
QSO: 14286 PH 2018-10-27 1254 HB9MH         59  14     SN2B          59  15
QSO: 14102 PH 2018-10-27 1254 HB9MH         59  14     EM2G          59  16
QSO: 14269 PH 2018-10-27 1255 HB9MH         59  14     RT5Z          59  16
QSO: 14217 PH 2018-10-27 1256 HB9MH         59  14     VU2OT         59  22
QSO: 14122 PH 2018-10-27 1257 HB9MH         59  14     YT1A          59  15
QSO: 14277 PH 2018-10-27 1257 HB9MH         59  14     A73A          59  21
QSO: 14283 PH 2018-10-27 1258 HB9MH         59  14     SP1GA         59  15
QSO: 14209 PH 2018-10-27 1258 HB9MH         59  14     EK3GM         59  21
QSO: 14241 PH 2018-10-27 1302 HB9MH         59  14     PH0AS         59  14
QSO: 14168 PH 2018-10-27 1304 HB9MH         59  14     K9CT          59  04
QSO: 14273 PH 2018-10-27 1306 HB9MH         59  14     PA7AL         59  14
QSO: 14346 PH 2018-10-27 1307 HB9MH         59  14     K5GN          59  04
QSO: 14158 PH 2018-10-27 1307 HB9MH         59  14     VA2WA         59  05
QSO: 14202 PH 2018-10-27 1308 HB9MH         59  14     YL2SW         59  15
QSO: 14341 PH 2018-10-27 1309 HB9MH         59  14     AA3B          59  05
QSO: 14241 PH 2018-10-27 1309 HB9MH         59  14     PI4CC         59  14
QSO: 14339 PH 2018-10-27 1312 HB9MH         59  14     N1MM          59  05
QSO: 14274 PH 2018-10-27 1313 HB9MH         59  14     TM4L          59  14
QSO: 14250 PH 2018-10-27 1314 HB9MH         59  14     AA9A          59  04
QSO: 14180 PH 2018-10-27 1318 HB9MH         59  14     PJ4G          59  09
QSO: 14225 PH 2018-10-27 1336 HB9MH         59  14     VE3VEE        59  04
QSO: 14193 PH 2018-10-27 1337 HB9MH         59  14     A61ZX         59  21
QSO: 14182 PH 2018-10-27 1338 HB9MH         59  14     D4C           59  35
QSO: 14263 PH 2018-10-27 1339 HB9MH         59  14     CR5E          59  14
QSO: 14334 PH 2018-10-27 1340 HB9MH         59  14     YL2GD         59  15
QSO: 14138 PH 2018-10-27 1341 HB9MH         59  14     YP0C          59  20
QSO: 14131 PH 2018-10-27 1341 HB9MH         59  14     YO3RU         59  20
QSO: 14171 PH 2018-10-27 1342 HB9MH         59  14     E20WUE        59  26
QSO: 14186 PH 2018-10-27 1343 HB9MH         59  14     YB0NDT        59  28
QSO: 14119 PH 2018-10-27 1344 HB9MH         59  14     4L2M          59  21
QSO: 14164 PH 2018-10-27 1345 HB9MH         59  14     TC2MK         59  20
QSO: 14181 PH 2018-10-27 1346 HB9MH         59  14     7Z1SJ         59  21
QSO: 14195 PH 2018-10-27 1346 HB9MH         59  14     HZ1HZ         59  21
QSO: 14223 PH 2018-10-27 1347 HB9MH         59  14     TC7C          59  20
QSO: 14165 PH 2018-10-27 1348 HB9MH         59  14     LZ2JA         59  20
QSO: 14268 PH 2018-10-27 1626 HB9MH         59  14     NG3J          59  05
QSO: 14233 PH 2018-10-27 1629 HB9MH         59  14     FR4QT         59  39
QSO: 14317 PH 2018-10-27 1631 HB9MH         59  14     N3AD          59  05
QSO: 14246 PH 2018-10-27 1632 HB9MH         59  14     CR5A          59  14
QSO: 14133 PH 2018-10-27 1633 HB9MH         59  14     CQ8M          59  14
QSO: 14344 PH 2018-10-27 1634 HB9MH         59  14     8P5A          59  08
QSO: 14259 PH 2018-10-27 1635 HB9MH         59  14     NP2P          59  08
QSO: 14150 PH 2018-10-27 1635 HB9MH         59  14     EF8L          59  33
QSO: 14122 PH 2018-10-27 1635 HB9MH         59  14     ED9E          59  33
QSO: 14202 PH 2018-10-27 1636 HB9MH         59  14     7X2VFK        59  33
QSO: 14173 PH 2018-10-27 1638 HB9MH         59  14     EE5V          59  14
QSO: 14125 PH 2018-10-27 1645 HB9MH         59  14     EA5IJG        59  14
QSO: 14343 PH 2018-10-27 1647 HB9MH         59  14     EA1FDI        59  14
QSO: 14279 PH 2018-10-27 1648 HB9MH         59  14     IU2JMZ        59  15
QSO: 14155 PH 2018-10-27 1650 HB9MH         59  14     TF2R          59  40
QSO: 14288 PH 2018-10-28 1043 HB9MH         59  14     LZ1W          59  20
QSO: 14342 PH 2018-10-28 1043 HB9MH         59  14     LZ6O          59  20
QSO: 14304 PH 2018-10-28 1044 HB9MH         59  14     UN7ZAF        59  17
QSO: 14134 PH 2018-10-28 1045 HB9MH         59  14     UY2UQ         59  16
QSO: 14221 PH 2018-10-28 1046 HB9MH         59  14     RO2E          59  16
QSO: 14199 PH 2018-10-28 1046 HB9MH         59  14     YL2CI         59  15
QSO: 14137 PH 2018-10-28 1047 HB9MH         59  14     OM0R          59  15
QSO: 14303 PH 2018-10-28 1047 HB9MH         59  14     SO3O          59  15
QSO: 14239 PH 2018-10-28 1048 HB9MH         59  14     RL3A          59  16
QSO: 14207 PH 2018-10-28 1048 HB9MH         59  14     OP4K          59  14
QSO: 14154 PH 2018-10-28 1049 HB9MH         59  14     LZ4AW         59  20
QSO: 14329 PH 2018-10-28 1049 HB9MH         59  14     OG6N          59  15
QSO: 14208 PH 2018-10-28 1050 HB9MH         59  14     A61FK         59  21
QSO: 14200 PH 2018-10-28 1052 HB9MH         59  14     DK3T          59  14
QSO: 14276 PH 2018-10-28 1052 HB9MH         59  14     EK6SI         59  21
QSO: 14310 PH 2018-10-28 1053 HB9MH         59  14     UX1UX         59  16
QSO: 14123 PH 2018-10-28 1054 HB9MH         59  14     OH6RE         59  15
QSO: 14269 PH 2018-10-28 1054 HB9MH         59  14     OZ5E          59  14
QSO: 14105 PH 2018-10-28 1055 HB9MH         59  14     G4IIY         59  14
QSO: 14324 PH 2018-10-28 1055 HB9MH         59  14     DQ5M          59  14
QSO: 14230 PH 2018-10-28 1056 HB9MH         59  14     WW4LL         59  05
QSO: 14148 PH 2018-10-28 1057 HB9MH         59  14     RL5A          59  16
QSO: 14106 PH 2018-10-28 1057 HB9MH         59  14     R1BBL         59  16
QSO: 14109 PH 2018-10-28 1057 HB9MH         59  14     OH6K          59  15
QSO: 14319 PH 2018-10-28 1059 HB9MH         59  14     YO4BEX        59  20
QSO: 14198 PH 2018-10-28 1100 HB9MH         59  14     RW0A          59  18
QSO: 14172 PH 2018-10-28 1100 HB9MH         59  14     G5O           59  14
QSO: 14323 PH 2018-10-28 1101 HB9MH         59  14     UI5R          59  16
QSO: 14192 PH 2018-10-28 1102 HB9MH         59  14     SQ4O          59  15
QSO: 14213 PH 2018-10-28 1103 HB9MH         59  14     SZ1A          59  20
QSO: 14340 PH 2018-10-28 1103 HB9MH         59  14     S57DX         59  15
QSO: 14282 PH 2018-10-28 1104 HB9MH         59  14     LX7I          59  14
QSO: 14136 PH 2018-10-28 1106 HB9MH         59  14     P43T          59  09
QSO: 14178 PH 2018-10-28 1107 HB9MH         59  14     TF1AM         59  40
QSO: 14183 PH 2018-10-28 1108 HB9MH         59  14     A61EK         59  21
QSO: 14225 PH 2018-10-28 1108 HB9MH         59  14     3Z100I        59  15
QSO: 14349 PH 2018-10-28 1109 HB9MH         59  14     UT3EV         59  16
QSO: 14256 PH 2018-10-28 1110 HB9MH         59  14     YT1X          59  15
QSO: 14277 PH 2018-10-28 1111 HB9MH         59  14     SZ3P          59  20
QSO: 14291 PH 2018-10-28 1111 HB9MH         59  14     RW4WA         59  16
QSO: 14280 PH 2018-10-28 1112 HB9MH         59  14     KU2C          59  05
QSO: 14185 PH 2018-10-28 1113 HB9MH         59  14     EA5DFV        59  14
QSO: 14125 PH 2018-10-28 1115 HB9MH         59  14     RZ3Z          59  16
QSO: 14128 PH 2018-10-28 1115 HB9MH         59  14     OH4XX         59  15
QSO: 14321 PH 2018-10-28 1115 HB9MH         59  14     C4A           59  20
QSO: 14165 PH 2018-10-28 1116 HB9MH         59  14     SV1PMR        59  20
QSO: 14225 PH 2018-10-28 1121 HB9MH         59  14     SV2HJQ        59  20
QSO: 14179 PH 2018-10-28 1124 HB9MH         59  14     UA9MA         59  17
QSO: 14177 PH 2018-10-28 1125 HB9MH         59  14     IS0GRB        59  15
QSO: 14290 PH 2018-10-28 1126 HB9MH         59  14     YT70SRV       59  15
QSO: 14306 PH 2018-10-28 1127 HB9MH         59  14     B9K           59  23
QSO: 14167 PH 2018-10-28 1129 HB9MH         59  14     N2PP          59  05
QSO: 14115 PH 2018-10-28 1132 HB9MH         59  14     GS7V          59  14
QSO: 14300 PH 2018-10-28 1133 HB9MH         59  14     RW3QJ         59  16
QSO: 14116 PH 2018-10-28 1136 HB9MH         59  14     PJ4Q          59  09
QSO: 14247 PH 2018-10-28 1137 HB9MH         59  14     MM1E          59  14
QSO: 14348 PH 2018-10-28 1138 HB9MH         59  14     KP3Z          59  08
QSO: 14144 PH 2018-10-28 1140 HB9MH         59  14     ZF1A          59  08
QSO: 14136 PH 2018-10-28 1141 HB9MH         59  14     P40T          59  09
QSO: 14307 PH 2018-10-28 1141 HB9MH         59  14     LZ5R          59  20
QSO: 14164 PH 2018-10-28 1142 HB9MH         59  14     LZ7A          59  20
QSO: 14306 PH 2018-10-28 1144 HB9MH         59  14     YQ6A          59  20
QSO: 14176 PH 2018-10-28 1145 HB9MH         59  14     NW3Y          59  05
QSO: 14196 PH 2018-10-28 1146 HB9MH         59  14     K3PP          59  05
QSO: 14294 PH 2018-10-28 1147 HB9MH         59  14     K3WW          59  05
QSO: 14179 PH 2018-10-28 1148 HB9MH         59  14     AB3CX         59  05
QSO: 14202 PH 2018-10-28 1153 HB9MH         59  14     K1KP          59  05
QSO: 14206 PH 2018-10-28 1155 HB9MH         59  14     VP2MDG        59  08
QSO: 14301 PH 2018-10-28 1157 HB9MH         59  14     OH5Z          59  15
QSO: 14150 PH 2018-10-28 1158 HB9MH         59  14     EX9A          59  17
QSO: 14187 PH 2018-10-28 1200 HB9MH         59  14     EA5ON         59  14
QSO: 14262 PH 2018-10-28 1203 HB9MH         59  14     DF0HQ         59  14
QSO: 14263 PH 2018-10-28 1205 HB9MH         59  14     OT5A          59  14
QSO: 14265 PH 2018-10-28 1205 HB9MH         59  14     GM2T          59  14
QSO: 14270 PH 2018-10-28 1206 HB9MH         59  14     TA2RG         59  20
QSO: 14271 PH 2018-10-28 1207 HB9MH         59  14     OK5Z          59  15
QSO: 14288 PH 2018-10-28 1209 HB9MH         59  14     HG7T          59  15
QSO: 14297 PH 2018-10-28 1212 HB9MH         59  14     LY2N          59  15
QSO: 14297 PH 2018-10-28 1213 HB9MH         59  14     LY1SR         59  15
QSO: 14297 PH 2018-10-28 1214 HB9MH         59  14     SV1KYC        59  20
QSO: 14297 PH 2018-10-28 1215 HB9MH         59  14     EU1TL         59  16
QSO: 14302 PH 2018-10-28 1216 HB9MH         59  14     OH0V          59  15
QSO: 14304 PH 2018-10-28 1219 HB9MH         59  14     9A7A          59  15
QSO: 14212 PH 2018-10-28 1221 HB9MH         59  14     N2MM          59  05
QSO: 14322 PH 2018-10-28 1222 HB9MH         59  14     P33W          59  20
QSO: 14324 PH 2018-10-28 1222 HB9MH         59  14     IZ6OUX        59  15
QSO: 14252 PH 2018-10-28 1224 HB9MH         59  14     W4NF          59  05
QSO: 14258 PH 2018-10-28 1226 HB9MH         59  14     OG60F         59  15
QSO: 14264 PH 2018-10-28 1227 HB9MH         59  14     TM3R          59  14
QSO: 14272 PH 2018-10-28 1232 HB9MH         59  14     UA2FZ         59  15
QSO: 14211 PH 2018-10-28 1233 HB9MH         59  14     UP0L          59  17
QSO: 14251 PH 2018-10-28 1234 HB9MH         59  14     W4AAW         59  05
QSO: 14223 PH 2018-10-28 1236 HB9MH         59  14     RM3DA         59  16
QSO: 14294 PH 2018-10-28 1238 HB9MH         59  14     K2LE          59  05
QSO: 14202 PH 2018-10-28 1240 HB9MH         59  14     N4OX          59  05
QSO: 14147 PH 2018-10-28 1242 HB9MH         59  14     P40L          59  09
QSO: 14202 PH 2018-10-28 1242 HB9MH         59  14     K4PV          59  05
QSO: 14206 PH 2018-10-28 1244 HB9MH         59  14     N1PGA         59  05
QSO: 14269 PH 2018-10-28 1247 HB9MH         59  14     SN7H          59  15
QSO: 14204 PH 2018-10-28 1258 HB9MH         59  14     K4AB          59  04
QSO: 14225 PH 2018-10-28 1300 HB9MH         59  14     NA8V          59  04
QSO: 14347 PH 2018-10-28 1300 HB9MH         59  14     EF8R          59  33
QSO: 14232 PH 2018-10-28 1306 HB9MH         59  14     N3RS          59  05
QSO: 14118 PH 2018-10-28 1420 HB9MH         59  14     RA3Y          59  16
QSO: 14243 PH 2018-10-28 1422 HB9MH         59  14     9K2HN         59  21
QSO: 14195 PH 2018-10-28 1423 HB9MH         59  14     W0RIC         59  03
QSO: 14198 PH 2018-10-28 1424 HB9MH         59  14     W8CZN         59  04
QSO: 14145 PH 2018-10-28 1425 HB9MH         59  14     VE2BWL        59  05
QSO: 14156 PH 2018-10-28 1427 HB9MH         59  14     KV0Q          59  04
QSO: 14285 PH 2018-10-28 1427 HB9MH         59  14     N9RV          59  04
QSO: 14154 PH 2018-10-28 1428 HB9MH         59  14     KC3WX         59  05
QSO: 14220 PH 2018-10-28 1431 HB9MH         59  14     4X6TT         59  20
QSO: 14217 PH 2018-10-28 1431 HB9MH         59  14     LA1K          59  14
QSO: 14166 PH 2018-10-28 1432 HB9MH         59  14     HG3R          59  15
QSO: 14280 PH 2018-10-28 1432 HB9MH         59  14     EW2A          59  16
QSO: 14291 PH 2018-10-28 1433 HB9MH         59  14     E7DX          59  15
QSO: 14311 PH 2018-10-28 1433 HB9MH         59  14     CN2CO         59  33
QSO: 14175 PH 2018-10-28 1434 HB9MH         59  14     RW6AEW        59  16
QSO: 14168 PH 2018-10-28 1436 HB9MH         59  14     K3MD          59  05
QSO: 14188 PH 2018-10-28 1437 HB9MH         59  14     LN2D          59  14
QSO: 14241 PH 2018-10-28 1437 HB9MH         59  14     OG73X         59  15
QSO: 14191 PH 2018-10-28 1438 HB9MH         59  14     LY5Y          59  15
QSO: 14300 PH 2018-10-28 1440 HB9MH         59  14     EU1A          59  16
QSO: 14314 PH 2018-10-28 1443 HB9MH         59  14     RT6A          59  16
QSO: 14256 PH 2018-10-28 1448 HB9MH         59  14     LY2TS         59  15
QSO: 14306 PH 2018-10-28 1452 HB9MH         59  14     OR2M          59  14
QSO: 14230 PH 2018-10-28 1708 HB9MH         59  14     SO100ZHP      59  15
QSO: 14330 PH 2018-10-28 1710 HB9MH         59  14     HG6N          59  15
QSO: 14193 PH 2018-10-28 1710 HB9MH         59  14     HG5A          59  15
QSO: 14210 PH 2018-10-28 1711 HB9MH         59  14     9A5Y          59  15
QSO: 14219 PH 2018-10-28 1714 HB9MH         59  14     ZX5J          59  11
QSO: 14203 PH 2018-10-28 1717 HB9MH         59  14     PP5RT         59  11
QSO: 14128 PH 2018-10-28 1719 HB9MH         59  14     PS2T          59  11
QSO: 14255 PH 2018-10-28 1722 HB9MH         59  14     IR4X          59  15
QSO: 14298 PH 2018-10-28 1723 HB9MH         59  14     PY2RTB        59  11
QSO: 14225 PH 2018-10-28 1737 HB9MH         59  14     YO2LEA        59  20
QSO: 14260 PH 2018-10-28 1741 HB9MH         59  14     PP1WW         59  11
QSO: 14224 PH 2018-10-28 1746 HB9MH         59  14     HI3T          59  08
QSO: 14222 PH 2018-10-28 1749 HB9MH         59  14     ZW5B          59  11
QSO: 14314 PH 2018-10-28 1750 HB9MH         59  14     PY3PA         59  11
QSO: 14281 PH 2018-10-28 1755 HB9MH         59  14     K8AZ          59  04
QSO: 14159 PH 2018-10-28 1756 HB9MH         59  14     K1TTT         59  05
QSO: 14205 PH 2018-10-28 1759 HB9MH         59  14     W1NT          59  05
END-OF-LOG:
