START-OF-LOG: 3.0
CONTEST: CQ-WW-CW
CALLSIGN: KC4WQ
LOCATION: KY
CATEGORY-OPERATOR: SINGLE-OP
CATEGORY-ASSISTED: NON-ASSISTED
CATEGORY-BAND: 10M
CATEGORY-POWER: LOW
CATEGORY-MODE: CW
CATEGORY-TRANSMITTER: ONE
CATEGORY-OVERLAY:
GRID-LOCATOR:
CLAIMED-SCORE: 270
NAME: Buddy Sohl
OPERATORS: KC4WQ
CLUB: KENTUCKY CONTEST GROUP
CREATED-BY: N1MM Logger+ 1.0.8744.0
QSO:   28001  CW 2020-11-29 1750  KC4WQ            599  4   CT3KN            599  33  
QSO:   28006  CW 2020-11-29 1752  KC4WQ            599  4   N6WM             599  03  
QSO:   28009  CW 2020-11-29 1757  KC4WQ            599  4   HK1N             599  09  
QSO:   28031  CW 2020-11-29 1800  KC4WQ            599  4   CR3WW            599  33  
QSO:   28039  CW 2020-11-29 1811  KC4WQ            599  4   PY3OZ            599  11  
QSO:   28004  CW 2020-11-29 1923  KC4WQ            599  4   PX2A             599  11  
QSO:   28002  CW 2020-11-29 1926  KC4WQ            599  4   PY2YU            599  11  
QSO:   28002  CW 2020-11-29 1927  KC4WQ            599  4   KH7M             599  31  
QSO:   28028  CW 2020-11-29 1947  KC4WQ            599  4   PS2T             599  11  
QSO:   28051  CW 2020-11-29 1953  KC4WQ            599  4   PY2MC            599  11  
END-OF-LOG:
