START-OF-LOG: 3.0
CONTEST: CQ-WW-CW
CALLSIGN: M0SDV
LOCATION: DX
CATEGORY-OPERATOR: SINGLE-OP
CATEGORY-ASSISTED: ASSISTED
CATEGORY-BAND: ALL
CATEGORY-POWER: LOW
CATEGORY-MODE: CW
CATEGORY-TRANSMITTER: ONE
CATEGORY-OVERLAY: CLASSIC
GRID-LOCATOR:
CLAIMED-SCORE: 73950
NAME: JAMIE WILLIAMS
OPERATORS: M0SDV
CREATED-BY: Win-Test 4.23.0
QSO:    7010  CW 2020-11-28 0013  M0SDV            599  14  HG6N             599  15    0
QSO:    7006  CW 2020-11-28 0013  M0SDV            599  14  K2LE             599  05    0
QSO:    7015  CW 2020-11-28 0015  M0SDV            599  14  IR4K             599  15    0
QSO:    7008  CW 2020-11-28 0016  M0SDV            599  14  W8FJ             599  05    0
QSO:    7023  CW 2020-11-28 0020  M0SDV            599  14  K4PV             599  05    0
QSO:    7025  CW 2020-11-28 0020  M0SDV            599  14  HA8A             599  15    0
QSO:    7026  CW 2020-11-28 0022  M0SDV            599  14  YQ6A             599  20    0
QSO:    7029  CW 2020-11-28 0023  M0SDV            599  14  UN9L             599  17    0
QSO:    7030  CW 2020-11-28 0025  M0SDV            599  14  R4LC             599  16    0
QSO:    7031  CW 2020-11-28 0025  M0SDV            599  14  YU1UN            599  15    0
QSO:    3511  CW 2020-11-28 0028  M0SDV            599  14  OL3Z             599  15    0
QSO:    7063  CW 2020-11-28 0047  M0SDV            599  14  V31MA            599  07    0
QSO:    7060  CW 2020-11-28 0052  M0SDV            599  14  AD8J             599  05    0
QSO:    7060  CW 2020-11-28 0054  M0SDV            599  14  N4RA             599  05    0
QSO:    7060  CW 2020-11-28 0055  M0SDV            599  14  OM7RU            599  15    0
QSO:    7060  CW 2020-11-28 0055  M0SDV            599  14  IZ4COT           599  15    0
QSO:    7060  CW 2020-11-28 0056  M0SDV            599  14  N2GC             599  05    0
QSO:    7060  CW 2020-11-28 0056  M0SDV            599  14  9A7T             599  15    0
QSO:    7060  CW 2020-11-28 0057  M0SDV            599  14  9A3DML           599  15    0
QSO:    7060  CW 2020-11-28 0058  M0SDV            599  14  HG6O             599  15    0
QSO:    7060  CW 2020-11-28 0059  M0SDV            599  14  W1GD             599  05    0
QSO:    7060  CW 2020-11-28 0100  M0SDV            599  14  N4RV             599  05    0
QSO:    7060  CW 2020-11-28 0101  M0SDV            599  14  UT7E             599  16    0
QSO:    7060  CW 2020-11-28 0102  M0SDV            599  14  KF3B             599  05    0
QSO:    7060  CW 2020-11-28 0102  M0SDV            599  14  RT6A             599  16    0
QSO:    7060  CW 2020-11-28 0103  M0SDV            599  14  NN4SS            599  05    0
QSO:    7060  CW 2020-11-28 0103  M0SDV            599  14  K2CJ             599  05    0
QSO:    7060  CW 2020-11-28 0104  M0SDV            599  14  AA5JF            599  05    0
QSO:    7060  CW 2020-11-28 0104  M0SDV            599  14  K8AZ             599  04    0
QSO:    7060  CW 2020-11-28 0106  M0SDV            599  14  9A9J             599  15    0
QSO:    7060  CW 2020-11-28 0112  M0SDV            599  14  UR8GZ            599  16    0
QSO:    7060  CW 2020-11-28 0113  M0SDV            599  14  HA5UX            599  15    0
QSO:    7060  CW 2020-11-28 0113  M0SDV            599  14  UR6EA            599  16    0
QSO:    7060  CW 2020-11-28 0114  M0SDV            599  14  K4PI             599  05    0
QSO:    7060  CW 2020-11-28 0116  M0SDV            599  14  UR5KO            599  16    0
QSO:    7060  CW 2020-11-28 0117  M0SDV            599  14  EA4GOY           599  14    0
QSO:    7060  CW 2020-11-28 0117  M0SDV            599  14  E77T             599  15    0
QSO:    7060  CW 2020-11-28 0118  M0SDV            599  14  K3UA             599  05    0
QSO:    7060  CW 2020-11-28 0134  M0SDV            599  14  K3ZU             599  05    0
QSO:   14040  CW 2020-11-28 0137  M0SDV            599  14  D4Z              599  35    0
QSO:    3502  CW 2020-11-28 0143  M0SDV            599  14  K5ZD             599  05    0
QSO:    3504  CW 2020-11-28 0144  M0SDV            599  14  YR8D             599  20    0
QSO:    3509  CW 2020-11-28 0147  M0SDV            599  14  HB9DQL           599  14    0
QSO:    3539  CW 2020-11-28 0148  M0SDV            599  14  UZ2I             599  16    0
QSO:    7035  CW 2020-11-28 0215  M0SDV            599  14  N4AF             599  05    0
QSO:    7038  CW 2020-11-28 0215  M0SDV            599  14  N2SR             599  05    0
QSO:    7040  CW 2020-11-28 0216  M0SDV            599  14  R3KM             599  16    0
QSO:    7071  CW 2020-11-28 0219  M0SDV            599  14  K1TTT            599  05    0
QSO:    7071  CW 2020-11-28 0220  M0SDV            599  14  YO3GCL           599  20    0
QSO:    7071  CW 2020-11-28 0222  M0SDV            599  14  9A164T           599  15    0
QSO:    7071  CW 2020-11-28 0224  M0SDV            599  14  KC1XX            599  05    0
QSO:    7032  CW 2020-11-28 0226  M0SDV            599  14  LZ9W             599  20    0
QSO:    7031  CW 2020-11-28 0226  M0SDV            599  14  EA6FO            599  14    0
QSO:    7026  CW 2020-11-28 0227  M0SDV            599  14  4O3A             599  15    0
QSO:    3567  CW 2020-11-28 0233  M0SDV            599  14  SP3MEP           599  15    0
QSO:    3567  CW 2020-11-28 0233  M0SDV            599  14  RT4M             599  16    0
QSO:    3567  CW 2020-11-28 0234  M0SDV            599  14  UT4U             599  16    0
QSO:    3567  CW 2020-11-28 0234  M0SDV            599  14  UV1IW            599  16    0
QSO:    3567  CW 2020-11-28 0235  M0SDV            599  14  UX5N             599  16    0
QSO:   14016  CW 2020-11-28 0236  M0SDV            599  14  ZM1A             599  32    0
QSO:   14031  CW 2020-11-28 0241  M0SDV            599  14  ZW8T             599  11    0
QSO:   14052  CW 2020-11-28 0243  M0SDV            599  14  PJ4/DL6KR        599  09    0
QSO:   14005  CW 2020-11-28 0244  M0SDV            599  14  CR3W             599  33    0
QSO:    3524  CW 2020-11-28 0248  M0SDV            599  14  5T3WW            599  35    0
QSO:    3554  CW 2020-11-28 0250  M0SDV            599  14  M0SDV            599  07    0
QSO:   14001  CW 2020-11-28 1403  M0SDV            599  14  AA1K             599  05    0
QSO:   14003  CW 2020-11-28 1405  M0SDV            599  14  EW8W             599  16    0
QSO:   14004  CW 2020-11-28 1406  M0SDV            599  14  RA3SI            599  16    0
QSO:   21001  CW 2020-11-28 1407  M0SDV            599  14  KQ2M             599  05    0
QSO:   21021  CW 2020-11-28 1412  M0SDV            599  14  W1PDI            599  05    0
QSO:   21021  CW 2020-11-28 1415  M0SDV            599  14  K1AR             599  05    0
QSO:   21021  CW 2020-11-28 1417  M0SDV            599  14  N9WG             599  04    0
QSO:   21019  CW 2020-11-28 1423  M0SDV            599  14  K5GN             599  04    0
QSO:   21009  CW 2020-11-28 1548  M0SDV            599  14  K2NV             599  05    0
QSO:   21009  CW 2020-11-28 1549  M0SDV            599  14  AB3CV            599  05    0
QSO:   21009  CW 2020-11-28 1550  M0SDV            599  14  W2CDO            599  05    0
QSO:   21009  CW 2020-11-28 1552  M0SDV            599  14  W3KB             599  05    0
QSO:   21009  CW 2020-11-28 1553  M0SDV            599  14  K1RU             599  05    0
QSO:   21013  CW 2020-11-28 1554  M0SDV            599  14  K1RM             599  05    0
QSO:   21013  CW 2020-11-28 1554  M0SDV            599  14  W3UA             599  05    0
QSO:   21007  CW 2020-11-28 1559  M0SDV            599  14  G4BUO            599  14    0
QSO:   21082  CW 2020-11-28 1605  M0SDV            599  14  KS1J             599  05    0
QSO:   14055  CW 2020-11-28 1606  M0SDV            599  14  DK3DM            599  14    0
QSO:   14049  CW 2020-11-28 1607  M0SDV            599  14  K7SV             599  05    0
QSO:   14048  CW 2020-11-28 1607  M0SDV            599  14  S57K             599  15    0
QSO:   14043  CW 2020-11-28 1609  M0SDV            599  14  K8NVR            599  04    0
QSO:   14043  CW 2020-11-28 1609  M0SDV            599  14  W3MA             599  05    0
QSO:   14043  CW 2020-11-28 1609  M0SDV            599  14  NS3T             599  05    0
QSO:   14028  CW 2020-11-28 1644  M0SDV            599  14  N0EO             599  04    0
QSO:   14028  CW 2020-11-28 1742  M0SDV            599  14  K1RX             599  05    0
QSO:    7048  CW 2020-11-28 1746  M0SDV            599  14  UA4M             599  16    0
QSO:    7067  CW 2020-11-29 0045  M0SDV            599  14  SP9KJU           599  15    0
QSO:    7067  CW 2020-11-29 0046  M0SDV            599  14  SP7PZS           599  15    0
QSO:    7067  CW 2020-11-29 0046  M0SDV            599  14  UZ2M             599  16    0
QSO:    7067  CW 2020-11-29 0048  M0SDV            599  14  RX1A             599  16    0
QSO:    7067  CW 2020-11-29 0048  M0SDV            599  14  LZ5R             599  20    0
QSO:    7067  CW 2020-11-29 0049  M0SDV            599  14  YU1LA            599  15    0
QSO:    7065  CW 2020-11-29 0050  M0SDV            599  14  OE5OHO           599  15    0
QSO:    7063  CW 2020-11-29 0053  M0SDV            599  14  VP5M             599  08    0
QSO:    7062  CW 2020-11-29 0053  M0SDV            599  14  DL3GA            599  14    0
QSO:    7061  CW 2020-11-29 0055  M0SDV            599  14  W4NF             599  05    0
QSO:    7061  CW 2020-11-29 0056  M0SDV            599  14  SX9V             599  20    0
QSO:    7060  CW 2020-11-29 0056  M0SDV            599  14  K9OM             599  05    0
QSO:    7058  CW 2020-11-29 0058  M0SDV            599  14  EA5KM            599  14    0
QSO:    7057  CW 2020-11-29 0059  M0SDV            599  14  KP3DX            599  08    0
QSO:    7053  CW 2020-11-29 0101  M0SDV            599  14  EA5RS            599  14    0
QSO:    7051  CW 2020-11-29 0102  M0SDV            599  14  LY2A             599  15    0
QSO:    7051  CW 2020-11-29 0102  M0SDV            599  14  OK5Z             599  15    0
QSO:    7049  CW 2020-11-29 0103  M0SDV            599  14  DL5RMH           599  14    0
QSO:    7049  CW 2020-11-29 0104  M0SDV            599  14  HB9CA            599  14    0
QSO:    7046  CW 2020-11-29 0106  M0SDV            599  14  LZ1BP            599  20    0
QSO:    7046  CW 2020-11-29 0107  M0SDV            599  14  K5KG             599  05    0
QSO:    7045  CW 2020-11-29 0107  M0SDV            599  14  EA2W             599  14    0
QSO:    7044  CW 2020-11-29 0108  M0SDV            599  14  N2MF             599  05    0
QSO:    7043  CW 2020-11-29 0108  M0SDV            599  14  RL3A             599  16    0
QSO:    7039  CW 2020-11-29 0109  M0SDV            599  14  IR2R             599  15    0
QSO:    7039  CW 2020-11-29 0110  M0SDV            599  14  W9RE             599  04    0
QSO:    7038  CW 2020-11-29 0110  M0SDV            599  14  RT4F             599  16    0
QSO:    7038  CW 2020-11-29 0111  M0SDV            599  14  CR3W             599  33    0
QSO:    7037  CW 2020-11-29 0112  M0SDV            599  14  SP8R             599  15    0
QSO:    7036  CW 2020-11-29 0112  M0SDV            599  14  UR7LY            599  16    0
QSO:    7031  CW 2020-11-29 0115  M0SDV            599  14  S53F             599  15    0
QSO:    7031  CW 2020-11-29 0116  M0SDV            599  14  NA8V             599  04    0
QSO:    7030  CW 2020-11-29 0116  M0SDV            599  14  HA3OU            599  15    0
QSO:    7030  CW 2020-11-29 0117  M0SDV            599  14  S53MM            599  15    0
QSO:    7027  CW 2020-11-29 0118  M0SDV            599  14  E73AA            599  15    0
QSO:    7026  CW 2020-11-29 0119  M0SDV            599  14  UZ2I             599  16    0
QSO:    7024  CW 2020-11-29 0120  M0SDV            599  14  CR5O             599  14    0
QSO:    7024  CW 2020-11-29 0121  M0SDV            599  14  W3EF             599  05    0
QSO:    7022  CW 2020-11-29 0122  M0SDV            599  14  TM2Y             599  14    0
QSO:    7022  CW 2020-11-29 0123  M0SDV            599  14  KP2M             599  08    0
QSO:    7021  CW 2020-11-29 0123  M0SDV            599  14  YP8T             599  20    0
QSO:    7016  CW 2020-11-29 0126  M0SDV            599  14  EW5A             599  16    0
QSO:    3539  CW 2020-11-29 0129  M0SDV            599  14  CR3W             599  33    0
QSO:    3501  CW 2020-11-29 0130  M0SDV            599  14  GM5X             599  14    0
QSO:    3514  CW 2020-11-29 0130  M0SDV            599  14  G2NF             599  14    0
QSO:    3509  CW 2020-11-29 0131  M0SDV            599  14  S57K             599  15    0
QSO:    3528  CW 2020-11-29 0132  M0SDV            599  14  OP4K             599  14    0
QSO:    3528  CW 2020-11-29 0132  M0SDV            599  14  ES3VI            599  15    0
QSO:    3529  CW 2020-11-29 0133  M0SDV            599  14  LB4UH            599  14    0
QSO:    3529  CW 2020-11-29 0133  M0SDV            599  14  EW8R             599  16    0
QSO:    3532  CW 2020-11-29 0136  M0SDV            599  14  I2WIJ            599  15    0
QSO:    3533  CW 2020-11-29 0137  M0SDV            599  14  HG7T             599  15    0
QSO:    3534  CW 2020-11-29 0138  M0SDV            599  14  9A3JB            599  15    0
QSO:    3536  CW 2020-11-29 0138  M0SDV            599  14  DA2X             599  14    0
QSO:    3542  CW 2020-11-29 0139  M0SDV            599  14  EA2W             599  14    0
QSO:    3549  CW 2020-11-29 0140  M0SDV            599  14  IT9BLB           599  15    0
QSO:    3563  CW 2020-11-29 0140  M0SDV            599  14  PC3T             599  14    0
QSO:    3506  CW 2020-11-29 0141  M0SDV            599  14  RM9A             599  17    0
QSO:    3537  CW 2020-11-29 0143  M0SDV            599  14  DL5ANT           599  14    0
QSO:    3537  CW 2020-11-29 0143  M0SDV            599  14  DR7T             599  14    0
QSO:    3537  CW 2020-11-29 0144  M0SDV            599  14  DF1MM            599  14    0
QSO:    3537  CW 2020-11-29 0144  M0SDV            599  14  IV3AZV           599  15    0
QSO:    3537  CW 2020-11-29 0144  M0SDV            599  14  RN9C             599  17    0
QSO:    3537  CW 2020-11-29 0145  M0SDV            599  14  ES9C             599  15    0
QSO:    3537  CW 2020-11-29 0145  M0SDV            599  14  S57KM            599  15    0
QSO:    3537  CW 2020-11-29 0145  M0SDV            599  14  G0DWV            599  14    0
QSO:    3537  CW 2020-11-29 0146  M0SDV            599  14  RM4W             599  16    0
QSO:    3537  CW 2020-11-29 0147  M0SDV            599  14  RT4F             599  16    0
QSO:    3537  CW 2020-11-29 0147  M0SDV            599  14  K3WW             599  05    0
QSO:    3537  CW 2020-11-29 0148  M0SDV            599  14  LZ9W             599  20    0
QSO:    3537  CW 2020-11-29 0149  M0SDV            599  14  S52X             599  15    0
QSO:    3537  CW 2020-11-29 0149  M0SDV            599  14  DL0CS            599  14    0
QSO:    3537  CW 2020-11-29 0150  M0SDV            599  14  LZ9R             599  20    0
QSO:    3537  CW 2020-11-29 0151  M0SDV            599  14  DL3SYA           599  14    0
QSO:    3537  CW 2020-11-29 0151  M0SDV            599  14  YO5LD            599  20    0
QSO:    3537  CW 2020-11-29 0153  M0SDV            599  14  N3QE             599  05    0
QSO:    7021  CW 2020-11-29 0155  M0SDV            599  14  FM5BH            599  08    0
QSO:   14039  CW 2020-11-29 0159  M0SDV            599  14  OL8M             599  15    0
QSO:    7039  CW 2020-11-29 0208  M0SDV            599  14  YO9HP            599  20    0
QSO:    7039  CW 2020-11-29 0209  M0SDV            599  14  RL6M             599  16    0
QSO:    7056  CW 2020-11-29 0211  M0SDV            599  14  CR6K             599  14    0
QSO:    7050  CW 2020-11-29 0213  M0SDV            599  14  K5PI             599  04    0
QSO:    7049  CW 2020-11-29 0213  M0SDV            599  14  HG3N             599  15    0
QSO:    7042  CW 2020-11-29 0214  M0SDV            599  14  OK7O             599  15    0
QSO:    7001  CW 2020-11-29 0216  M0SDV            599  14  P40W             599  09    0
QSO:    3571  CW 2020-11-29 0220  M0SDV            599  14  OZ7A             599  14    0
QSO:    3568  CW 2020-11-29 0221  M0SDV            599  14  NA8V             599  04    0
QSO:    3562  CW 2020-11-29 0222  M0SDV            599  14  OH0R             599  15    0
QSO:    3556  CW 2020-11-29 0222  M0SDV            599  14  GW4J             599  14    0
QSO:    3555  CW 2020-11-29 0223  M0SDV            599  14  EA6FO            599  14    0
QSO:    3525  CW 2020-11-29 0225  M0SDV            599  14  YL3FT            599  15    0
QSO:    3536  CW 2020-11-29 0225  M0SDV            599  14  E7CW             599  15    0
QSO:    3539  CW 2020-11-29 0226  M0SDV            599  14  CR6K             599  14    0
QSO:    3521  CW 2020-11-29 0226  M0SDV            599  14  OM4Q             599  15    0
QSO:    3521  CW 2020-11-29 0228  M0SDV            599  14  TM5EE            599  14    0
QSO:    3542  CW 2020-11-29 0228  M0SDV            599  14  K4RO             599  04    0
QSO:    3544  CW 2020-11-29 0229  M0SDV            599  14  TI7W             599  07    0
QSO:    3541  CW 2020-11-29 0230  M0SDV            599  14  IZ5DIY           599  15    0
QSO:    3538  CW 2020-11-29 0231  M0SDV            599  14  R2AA             599  16    0
QSO:    3537  CW 2020-11-29 0231  M0SDV            599  14  W3KL             599  05    0
QSO:    3533  CW 2020-11-29 0232  M0SDV            599  14  DL6KVA           599  14    0
QSO:    3530  CW 2020-11-29 0233  M0SDV            599  14  SP3HRN           599  15    0
QSO:    3530  CW 2020-11-29 0234  M0SDV            599  14  OK1P             599  15    0
QSO:    3553  CW 2020-11-29 0237  M0SDV            599  14  LX8M             599  14    0
QSO:    3551  CW 2020-11-29 0238  M0SDV            599  14  HB9FAP           599  14    0
QSO:    3545  CW 2020-11-29 0239  M0SDV            599  14  Z33F             599  15    0
QSO:    3545  CW 2020-11-29 0240  M0SDV            599  14  LZ7G             599  20    0
QSO:    3545  CW 2020-11-29 0240  M0SDV            599  14  RL3A             599  16    0
QSO:    3541  CW 2020-11-29 0242  M0SDV            599  14  S54K             599  15    0
QSO:    3538  CW 2020-11-29 0243  M0SDV            599  14  W4PM             599  05    0
QSO:    3503  CW 2020-11-29 0247  M0SDV            599  14  YT5A             599  15    0
QSO:    3554  CW 2020-11-29 0249  M0SDV            599  14  K1TTT            599  05    0
QSO:    3554  CW 2020-11-29 0249  M0SDV            599  14  W3LPL            599  05    0
QSO:    3554  CW 2020-11-29 0250  M0SDV            599  14  OH5Z             599  15    0
QSO:    3554  CW 2020-11-29 0250  M0SDV            599  14  DM7CW            599  14    0
QSO:    3554  CW 2020-11-29 0250  M0SDV            599  14  EW5A             599  16    0
QSO:    3554  CW 2020-11-29 0250  M0SDV            599  14  YU5R             599  15    0
QSO:    3554  CW 2020-11-29 0251  M0SDV            599  14  DJ5MW            599  14    0
QSO:    3554  CW 2020-11-29 0252  M0SDV            599  14  K3PA             599  04    0
QSO:    3554  CW 2020-11-29 0253  M0SDV            599  14  UZ2M             599  16    0
QSO:    3554  CW 2020-11-29 0253  M0SDV            599  14  S56M             599  15    0
QSO:    3554  CW 2020-11-29 0254  M0SDV            599  14  LZ5R             599  20    0
QSO:    3554  CW 2020-11-29 0256  M0SDV            599  14  UA4S             599  16    0
QSO:    3554  CW 2020-11-29 0256  M0SDV            599  14  YL2TD            599  15    0
QSO:    3554  CW 2020-11-29 0257  M0SDV            599  14  HA5CDO           599  15    0
QSO:    3554  CW 2020-11-29 0258  M0SDV            599  14  K3PA             599  04    0
QSO:    3554  CW 2020-11-29 0258  M0SDV            599  14  EA5WU            599  14    0
QSO:    3554  CW 2020-11-29 0259  M0SDV            599  14  HB9NE            599  14    0
QSO:    3554  CW 2020-11-29 0259  M0SDV            599  14  IK3XJP           599  15    0
QSO:    3554  CW 2020-11-29 0300  M0SDV            599  14  DG7RO            599  14    0
QSO:    3554  CW 2020-11-29 0301  M0SDV            599  14  LA2XNA           599  14    0
QSO:    3554  CW 2020-11-29 0301  M0SDV            599  14  UG4I             599  16    0
QSO:    3554  CW 2020-11-29 0302  M0SDV            599  14  W3NO             599  05    0
QSO:    3554  CW 2020-11-29 0303  M0SDV            599  14  SN7O             599  15    0
QSO:    7016  CW 2020-11-29 0319  M0SDV            599  14  A60A             599  21    0
QSO:    7068  CW 2020-11-29 0320  M0SDV            599  14  TI7W             599  07    0
QSO:    3553  CW 2020-11-29 0322  M0SDV            599  14  VE9AA            599  05    0
QSO:    3512  CW 2020-11-29 0322  M0SDV            599  14  RW2F             599  15    0
QSO:    3537  CW 2020-11-29 0356  M0SDV            599  14  EI7M             599  14    0
QSO:    3572  CW 2020-11-29 0356  M0SDV            599  14  LY2MM            599  15    0
QSO:    3535  CW 2020-11-29 0358  M0SDV            599  14  SM2EKM           599  14    0
QSO:    3505  CW 2020-11-29 0358  M0SDV            599  14  KC1XX            599  05    0
QSO:    3516  CW 2020-11-29 0359  M0SDV            599  14  VE3JM            599  05    0
QSO:    7048  CW 2020-11-29 0402  M0SDV            599  14  S51YI            599  15    0
QSO:    7048  CW 2020-11-29 0402  M0SDV            599  14  LZ7G             599  20    0
QSO:    7048  CW 2020-11-29 0403  M0SDV            599  14  K1IR             599  05    0
QSO:    7048  CW 2020-11-29 0404  M0SDV            599  14  R5DT             599  16    0
QSO:    7048  CW 2020-11-29 0404  M0SDV            599  14  NS4X             599  04    0
QSO:    3562  CW 2020-11-29 0407  M0SDV            599  14  WP3C             599  08    0
QSO:    3571  CW 2020-11-29 0408  M0SDV            599  14  OK1TN            599  15    0
QSO:    3566  CW 2020-11-29 0409  M0SDV            599  14  OM0WR            599  15    0
QSO:    3558  CW 2020-11-29 0410  M0SDV            599  14  DL1NKS           599  14    0
QSO:    3557  CW 2020-11-29 0410  M0SDV            599  14  SP4G             599  15    0
QSO:    3556  CW 2020-11-29 0411  M0SDV            599  14  NN7CW            599  05    0
QSO:    3553  CW 2020-11-29 0411  M0SDV            599  14  OH2BAH           599  15    0
QSO:    3531  CW 2020-11-29 0411  M0SDV            599  14  9A5Y             599  15    0
QSO:    3529  CW 2020-11-29 0412  M0SDV            599  14  S53M             599  15    0
QSO:    3527  CW 2020-11-29 0412  M0SDV            599  14  OK7W             599  15    0
QSO:    3524  CW 2020-11-29 0413  M0SDV            599  14  E7DX             599  15    0
QSO:    3520  CW 2020-11-29 0413  M0SDV            599  14  RT6A             599  16    0
QSO:    3570  CW 2020-11-29 0414  M0SDV            599  14  NR3X             599  05    0
QSO:    3567  CW 2020-11-29 0414  M0SDV            599  14  HA8BT            599  15    0
QSO:    7031  CW 2020-11-29 0420  M0SDV            599  14  YT5A             599  15    0
QSO:    7027  CW 2020-11-29 0421  M0SDV            599  14  S57AL            599  15    0
QSO:    7023  CW 2020-11-29 0421  M0SDV            599  14  K4ZW             599  05    0
QSO:    7019  CW 2020-11-29 0422  M0SDV            599  14  HA3NU            599  15    0
QSO:    3552  CW 2020-11-29 0423  M0SDV            599  14  OE5TXF           599  15    0
QSO:    3561  CW 2020-11-29 0425  M0SDV            599  14  YL2GD            599  15    0
QSO:    3554  CW 2020-11-29 0425  M0SDV            599  14  LY7Z             599  15    0
QSO:    3549  CW 2020-11-29 0425  M0SDV            599  14  OK7O             599  15    0
QSO:    3539  CW 2020-11-29 0426  M0SDV            599  14  OM2VL            599  15    0
QSO:    3515  CW 2020-11-29 0426  M0SDV            599  14  SN7Q             599  15    0
QSO:    3514  CW 2020-11-29 0427  M0SDV            599  14  UW0K             599  16    0
QSO:    3552  CW 2020-11-29 0551  M0SDV            599  14  SP7D             599  14    0
QSO:    3552  CW 2020-11-29 0552  M0SDV            599  14  OH3GZ            599  15    0
QSO:    3552  CW 2020-11-29 0552  M0SDV            599  14  KI1G             599  05    0
QSO:    3552  CW 2020-11-29 0554  M0SDV            599  14  YL1ZF            599  15    0
QSO:    3552  CW 2020-11-29 0554  M0SDV            599  14  SQ4NR            599  15    0
QSO:    3552  CW 2020-11-29 0555  M0SDV            599  14  S52AW            599  15    0
QSO:    3552  CW 2020-11-29 0556  M0SDV            599  14  DL9GS            599  14    0
QSO:    3552  CW 2020-11-29 0557  M0SDV            599  14  E77EA            599  15    0
QSO:    3552  CW 2020-11-29 0557  M0SDV            599  14  DJ1SL            599  14    0
QSO:    3552  CW 2020-11-29 0558  M0SDV            599  14  YO9CB            599  20    0
QSO:    3552  CW 2020-11-29 0558  M0SDV            599  14  DK1LRS           599  14    0
QSO:    3552  CW 2020-11-29 0559  M0SDV            599  14  DJ2IA            599  14    0
QSO:    3552  CW 2020-11-29 0559  M0SDV            599  14  OM6TX            599  15    0
QSO:    3552  CW 2020-11-29 0600  M0SDV            599  14  SP5XOC           599  15    0
QSO:    3552  CW 2020-11-29 0601  M0SDV            599  14  OL0M             599  15    0
QSO:    3552  CW 2020-11-29 0601  M0SDV            599  14  DF6QV            599  14    0
QSO:    3552  CW 2020-11-29 0602  M0SDV            599  14  DM6WAN           599  14    0
QSO:    3552  CW 2020-11-29 0603  M0SDV            599  14  DL1KWK           599  14    0
QSO:    3552  CW 2020-11-29 0603  M0SDV            599  14  SM3OMO           599  14    0
QSO:    3552  CW 2020-11-29 0603  M0SDV            599  14  OK1AY            599  15    0
QSO:    3552  CW 2020-11-29 0604  M0SDV            599  14  SP4JCQ           599  15    0
QSO:    3552  CW 2020-11-29 0604  M0SDV            599  14  IK4RDP           599  15    0
QSO:    3552  CW 2020-11-29 0604  M0SDV            599  14  SD6F             599  14    0
QSO:    3552  CW 2020-11-29 0605  M0SDV            599  14  IZ4JMA           599  15    0
QSO:    3552  CW 2020-11-29 0605  M0SDV            599  14  KE2D             599  05    0
QSO:    3552  CW 2020-11-29 0607  M0SDV            599  14  HA1A             599  15    0
QSO:    3552  CW 2020-11-29 0607  M0SDV            599  14  SI9AM            599  14    0
QSO:    3552  CW 2020-11-29 0608  M0SDV            599  14  DF9VJ            599  14    0
QSO:    3552  CW 2020-11-29 0608  M0SDV            599  14  SM5AOG           599  14    0
QSO:    3552  CW 2020-11-29 0608  M0SDV            599  14  HB9EBC           599  14    0
QSO:    3552  CW 2020-11-29 0609  M0SDV            599  14  SP9WZJ           599  15    0
QSO:    3552  CW 2020-11-29 0609  M0SDV            599  14  SP7JLH           599  15    0
QSO:    3552  CW 2020-11-29 0609  M0SDV            599  14  W2FU             599  05    0
QSO:    3552  CW 2020-11-29 0610  M0SDV            599  14  DL4AC            599  14    0
QSO:    3552  CW 2020-11-29 0610  M0SDV            599  14  DM2M             599  14    0
QSO:    3552  CW 2020-11-29 0611  M0SDV            599  14  SM5EFX           599  14    0
QSO:    3552  CW 2020-11-29 0612  M0SDV            599  14  K9CT             599  04    0
QSO:   14087  CW 2020-11-29 0750  M0SDV            599  14  LY4BF            599  15    0
QSO:   21046  CW 2020-11-29 0802  M0SDV            599  14  T6A              599  21    0
QSO:   21073  CW 2020-11-29 0803  M0SDV            599  14  9G5FI            599  35    0
QSO:   21092  CW 2020-11-29 0803  M0SDV            599  14  3V8SS            599  33    0
QSO:   21030  CW 2020-11-29 0806  M0SDV            599  14  UT1AA            599  16    0
QSO:   21030  CW 2020-11-29 0808  M0SDV            599  14  UR8RF            599  16    0
QSO:   14067  CW 2020-11-29 0822  M0SDV            599  14  JA6GCE           599  25    0
QSO:   14086  CW 2020-11-29 0823  M0SDV            599  14  UK9AA            599  17    0
QSO:   14000  CW 2020-11-29 0823  M0SDV            599  14  UP0L             599  17    0
QSO:    7059  CW 2020-11-29 2212  M0SDV            599  14  US5D             599  16    0
QSO:    3564  CW 2020-11-29 2215  M0SDV            599  14  R8TT             599  16    0
QSO:    3564  CW 2020-11-29 2216  M0SDV            599  14  SP3GTS           599  15    0
QSO:    3564  CW 2020-11-29 2217  M0SDV            599  14  RA9P             599  18    0
QSO:    3564  CW 2020-11-29 2218  M0SDV            599  14  OZ2U             599  14    0
END-OF-LOG:
