START-OF-LOG: 3.0
CONTEST: CQ-WW-CW
CALLSIGN: N2GA
LOCATION: NLI
CATEGORY-OPERATOR: SINGLE-OP
CATEGORY-ASSISTED: ASSISTED
CATEGORY-BAND: ALL
CATEGORY-POWER: LOW
CATEGORY-MODE: CW
CATEGORY-TRANSMITTER: ONE
CATEGORY-OVERLAY:
GRID-LOCATOR: FN30gp
CLAIMED-SCORE: 1102815
NAME: George Tranos
OPERATORS: N2GA
CLUB: YANKEE CLIPPER CONTEST CLUB
CREATED-BY: N1MM Logger+ 1.0.8730.0
QSO:    7036  CW 2020-11-28 0002  N2GA             599  5   HA7A             599  15  
QSO:    7038  CW 2020-11-28 0003  N2GA             599  5   SN7Q             599  15  
QSO:    7040  CW 2020-11-28 0005  N2GA             599  5   EA5RS            599  14  
QSO:    7041  CW 2020-11-28 0005  N2GA             599  5   DK8ZB            599  14  
QSO:    7042  CW 2020-11-28 0007  N2GA             599  5   S53ZO            599  15  
QSO:    7044  CW 2020-11-28 0007  N2GA             599  5   DL3GA            599  14  
QSO:    7045  CW 2020-11-28 0008  N2GA             599  5   S57K             599  15  
QSO:    7046  CW 2020-11-28 0011  N2GA             599  5   CR3DX            599  33  
QSO:    7052  CW 2020-11-28 0013  N2GA             599  5   IO6A             599  15  
QSO:    7053  CW 2020-11-28 0014  N2GA             599  5   HB9TOC           599  14  
QSO:    7054  CW 2020-11-28 0015  N2GA             599  5   EA5KM            599  14  
QSO:    7055  CW 2020-11-28 0016  N2GA             599  5   VP9I             599  05  
QSO:    7056  CW 2020-11-28 0018  N2GA             599  5   YU7KW            599  15  
QSO:    7056  CW 2020-11-28 0019  N2GA             599  5   K4AB             599  04  
QSO:    7062  CW 2020-11-28 0019  N2GA             599  5   KP2M             599  08  
QSO:    7066  CW 2020-11-28 0023  N2GA             599  5   LZ7J             599  20  
QSO:    7070  CW 2020-11-28 0027  N2GA             599  5   UY1HY            599  16  
QSO:    7072  CW 2020-11-28 0030  N2GA             599  5   9G5FI            599  35  
QSO:    7073  CW 2020-11-28 0030  N2GA             599  5   CT3KN            599  33  
QSO:    7007  CW 2020-11-28 0041  N2GA             599  5   OM0R             599  15  
QSO:    7005  CW 2020-11-28 0046  N2GA             599  5   EA5M             599  14  
QSO:    7032  CW 2020-11-28 0048  N2GA             599  5   LZ9W             599  20  
QSO:    7034  CW 2020-11-28 0053  N2GA             599  5   E7DX             599  15  
QSO:    7036  CW 2020-11-28 0103  N2GA             599  5   P40W             599  09  
QSO:    3532  CW 2020-11-28 0109  N2GA             599  5   S53M             599  15  
QSO:    3559  CW 2020-11-28 0111  N2GA             599  5   SN7Q             599  15  
QSO:    3556  CW 2020-11-28 0111  N2GA             599  5   VE3AXC           599  04  
QSO:    3554  CW 2020-11-28 0114  N2GA             599  5   EI0W             599  14  
QSO:    3554  CW 2020-11-28 0114  N2GA             599  5   NA8V             599  04  
QSO:    3544  CW 2020-11-28 0122  N2GA             599  5   DR1A             599  14  
QSO:    3543  CW 2020-11-28 0123  N2GA             599  5   CR3W             599  33  
QSO:    3534  CW 2020-11-28 0130  N2GA             599  5   XE2X             599  06  
QSO:    3530  CW 2020-11-28 0135  N2GA             599  5   VE2IM            599  02  
QSO:    3528  CW 2020-11-28 0139  N2GA             599  5   9A6M             599  15  
QSO:    3526  CW 2020-11-28 0142  N2GA             599  5   DF9AEJ           599  14  
QSO:    3525  CW 2020-11-28 0143  N2GA             599  5   5T3WW            599  35  
QSO:    3517  CW 2020-11-28 0145  N2GA             599  5   OM6NM            599  15  
QSO:    3516  CW 2020-11-28 0146  N2GA             599  5   VA2EBI           599  05  
QSO:    3512  CW 2020-11-28 0149  N2GA             599  5   YO5LD            599  20  
QSO:    3509  CW 2020-11-28 0150  N2GA             599  5   OQ5M             599  14  
QSO:    3507  CW 2020-11-28 0152  N2GA             599  5   YT5A             599  15  
QSO:    3511  CW 2020-11-28 0155  N2GA             599  5   VE9CB            599  05  
QSO:    3518  CW 2020-11-28 0201  N2GA             599  5   HG7T             599  15  
QSO:    3521  CW 2020-11-28 0202  N2GA             599  5   VE9AA            599  05  
QSO:    3521  CW 2020-11-28 0203  N2GA             599  5   TM5EE            599  14  
QSO:    3524  CW 2020-11-28 0208  N2GA             599  5   M5B              599  14  
QSO:    3525  CW 2020-11-28 0222  N2GA             599  5   DL5ANT           599  14  
QSO:    3541  CW 2020-11-28 0229  N2GA             599  5   P40W             599  09  
QSO:    1832  CW 2020-11-28 0233  N2GA             599  5   VA3FF            599  04  
QSO:    1827  CW 2020-11-28 0233  N2GA             599  5   VE3KP            599  04  
QSO:    1820  CW 2020-11-28 0235  N2GA             599  5   VE3MGY           599  04  
QSO:    1827  CW 2020-11-28 0249  N2GA             599  5   C6AGU            599  08  
QSO:    1828  CW 2020-11-28 0253  N2GA             599  5   VO1HP            599  05  
QSO:    1833  CW 2020-11-28 0253  N2GA             599  5   NP2J             599  08  
QSO:    1838  CW 2020-11-28 0254  N2GA             599  5   VE2IM            599  02  
QSO:    1851  CW 2020-11-28 0255  N2GA             599  5   NP3X             599  08  
QSO:    1819  CW 2020-11-28 0257  N2GA             599  5   ZF1A             599  08  
QSO:    1822  CW 2020-11-28 0258  N2GA             599  5   VE3CX            599  04  
QSO:    7060  CW 2020-11-28 0304  N2GA             599  5   EA8RM            599  33  
QSO:    7059  CW 2020-11-28 0305  N2GA             599  5   YT0A             599  15  
QSO:    7058  CW 2020-11-28 0307  N2GA             599  5   EA7W             599  14  
QSO:    7055  CW 2020-11-28 0308  N2GA             599  5   OR2M             599  14  
QSO:    7054  CW 2020-11-28 0309  N2GA             599  5   GU4YOX           599  14  
QSO:    7084  CW 2020-11-28 0314  N2GA             599  5   C6AGU            599  08  
QSO:    7083  CW 2020-11-28 0320  N2GA             599  5   ZR2A/4           599  38  
QSO:    7043  CW 2020-11-28 0327  N2GA             599  5   CR6K             599  14  
QSO:    7035  CW 2020-11-28 0328  N2GA             599  5   UA7K             599  16  
QSO:    7034  CW 2020-11-28 0329  N2GA             599  5   TI7W             599  07  
QSO:    7093  CW 2020-11-28 0334  N2GA             599  5   FS5GL            599  08  
QSO:    7027  CW 2020-11-28 0339  N2GA             599  5   IS0SWW           599  15  
QSO:    7027  CW 2020-11-28 0341  N2GA             599  5   4O3A             599  15  
QSO:   21006  CW 2020-11-28 1256  N2GA             599  5   EF1A             599  14  
QSO:   21005  CW 2020-11-28 1257  N2GA             599  5   OM2VL            599  15  
QSO:   21004  CW 2020-11-28 1258  N2GA             599  5   HA0HV            599  15  
QSO:   21003  CW 2020-11-28 1300  N2GA             599  5   OP4K             599  14  
QSO:   21002  CW 2020-11-28 1300  N2GA             599  5   UW3U             599  16  
QSO:   21007  CW 2020-11-28 1301  N2GA             599  5   OE5OHO           599  15  
QSO:   21008  CW 2020-11-28 1302  N2GA             599  5   YT6W             599  15  
QSO:   21010  CW 2020-11-28 1303  N2GA             599  5   P3X              599  20  
QSO:   21011  CW 2020-11-28 1305  N2GA             599  5   9A5D             599  15  
QSO:   21011  CW 2020-11-28 1305  N2GA             599  5   DL3FCG           599  14  
QSO:   21013  CW 2020-11-28 1307  N2GA             599  5   R7AW             599  16  
QSO:   21014  CW 2020-11-28 1307  N2GA             599  5   SX1T             599  20  
QSO:   21015  CW 2020-11-28 1308  N2GA             599  5   S53ZO            599  15  
QSO:   21017  CW 2020-11-28 1309  N2GA             599  5   M0BEW            599  14  
QSO:   21018  CW 2020-11-28 1309  N2GA             599  5   SD1A             599  14  
QSO:   21019  CW 2020-11-28 1310  N2GA             599  5   LZ9W             599  20  
QSO:   21020  CW 2020-11-28 1310  N2GA             599  5   YL2VW            599  15  
QSO:   21021  CW 2020-11-28 1311  N2GA             599  5   DL1BUG           599  14  
QSO:   21021  CW 2020-11-28 1312  N2GA             599  5   PA75PKZ          599  14  
QSO:   21022  CW 2020-11-28 1312  N2GA             599  5   9A3TR            599  15  
QSO:   21023  CW 2020-11-28 1313  N2GA             599  5   OM0R             599  15  
QSO:   21027  CW 2020-11-28 1314  N2GA             599  5   YL2KO            599  15  
QSO:   21028  CW 2020-11-28 1315  N2GA             599  5   DL6WT            599  14  
QSO:   21027  CW 2020-11-28 1315  N2GA             599  5   HB9DQL           599  14  
QSO:   21030  CW 2020-11-28 1316  N2GA             599  5   RG6G             599  16  
QSO:   21031  CW 2020-11-28 1317  N2GA             599  5   S57C             599  15  
QSO:   21032  CW 2020-11-28 1317  N2GA             599  5   UZ5DX            599  16  
QSO:   21033  CW 2020-11-28 1318  N2GA             599  5   OK7O             599  15  
QSO:   21033  CW 2020-11-28 1318  N2GA             599  5   S59A             599  15  
QSO:   21034  CW 2020-11-28 1319  N2GA             599  5   4U1A             599  15  
QSO:   21035  CW 2020-11-28 1319  N2GA             599  5   TM6M             599  14  
QSO:   21035  CW 2020-11-28 1320  N2GA             599  5   DP7X             599  14  
QSO:   21035  CW 2020-11-28 1321  N2GA             599  5   EI7M             599  14  
QSO:   21037  CW 2020-11-28 1322  N2GA             599  5   IK0YVV           599  15  
QSO:   21038  CW 2020-11-28 1322  N2GA             599  5   SM4W             599  14  
QSO:   21040  CW 2020-11-28 1323  N2GA             599  5   E74A             599  15  
QSO:   21041  CW 2020-11-28 1324  N2GA             599  5   CR3W             599  33  
QSO:   21041  CW 2020-11-28 1325  N2GA             599  5   OH2BAH           599  15  
QSO:   21041  CW 2020-11-28 1325  N2GA             599  5   HB9CA            599  14  
QSO:   21044  CW 2020-11-28 1326  N2GA             599  5   ON6NL            599  14  
QSO:   21044  CW 2020-11-28 1326  N2GA             599  5   YT5A             599  15  
QSO:   21045  CW 2020-11-28 1327  N2GA             599  5   PC3M             599  14  
QSO:   21045  CW 2020-11-28 1328  N2GA             599  5   E7DX             599  15  
QSO:   21047  CW 2020-11-28 1328  N2GA             599  5   M7DX             599  14  
QSO:   21048  CW 2020-11-28 1328  N2GA             599  5   HG1S             599  15  
QSO:   21049  CW 2020-11-28 1329  N2GA             599  5   SP5AUY           599  15  
QSO:   21050  CW 2020-11-28 1330  N2GA             599  5   S50A             599  15  
QSO:   21052  CW 2020-11-28 1330  N2GA             599  5   OM7M             599  15  
QSO:   21052  CW 2020-11-28 1330  N2GA             599  5   IT9VDQ           599  15  
QSO:   21053  CW 2020-11-28 1331  N2GA             599  5   IR2Q             599  15  
QSO:   21054  CW 2020-11-28 1331  N2GA             599  5   GM0GAV           599  14  
QSO:   21057  CW 2020-11-28 1333  N2GA             599  5   F6HKA            599  14  
QSO:   21058  CW 2020-11-28 1333  N2GA             599  5   OH5Z             599  15  
QSO:   21059  CW 2020-11-28 1334  N2GA             599  5   HK6J             599  09  
QSO:   21061  CW 2020-11-28 1335  N2GA             599  5   S53MM            599  15  
QSO:   21063  CW 2020-11-28 1336  N2GA             599  5   MM2N             599  14  
QSO:   21064  CW 2020-11-28 1337  N2GA             599  5   YP3A             599  20  
QSO:   21068  CW 2020-11-28 1341  N2GA             599  5   CR6K             599  14  
QSO:   21069  CW 2020-11-28 1343  N2GA             599  5   F6EMA            599  14  
QSO:   21070  CW 2020-11-28 1343  N2GA             599  5   F5UTN            599  14  
QSO:   21070  CW 2020-11-28 1343  N2GA             599  5   IR7T             599  15  
QSO:   21071  CW 2020-11-28 1344  N2GA             599  5   LX4A             599  14  
QSO:   21072  CW 2020-11-28 1344  N2GA             599  5   R3ZZ             599  16  
QSO:   21073  CW 2020-11-28 1344  N2GA             599  5   S59AA            599  15  
QSO:   21078  CW 2020-11-28 1345  N2GA             599  5   F4KMA            599  14  
QSO:   21080  CW 2020-11-28 1346  N2GA             599  5   G3PJT            599  14  
QSO:   21081  CW 2020-11-28 1346  N2GA             599  5   YT0Z             599  15  
QSO:   21083  CW 2020-11-28 1348  N2GA             599  5   EA8RM            599  33  
QSO:   21083  CW 2020-11-28 1349  N2GA             599  5   YR8D             599  20  
QSO:   21084  CW 2020-11-28 1349  N2GA             599  5   DL2SAX           599  14  
QSO:   21085  CW 2020-11-28 1350  N2GA             599  5   R7AB             599  16  
QSO:   21086  CW 2020-11-28 1350  N2GA             599  5   DL6MHW           599  14  
QSO:   21085  CW 2020-11-28 1351  N2GA             599  5   E7CW             599  15  
QSO:   21085  CW 2020-11-28 1352  N2GA             599  5   3V8SS            599  33  
QSO:   21089  CW 2020-11-28 1355  N2GA             599  5   ZF5T             599  08  
QSO:   21090  CW 2020-11-28 1355  N2GA             599  5   S54O             599  15  
QSO:   21091  CW 2020-11-28 1356  N2GA             599  5   HA3NU            599  15  
QSO:   21092  CW 2020-11-28 1357  N2GA             599  5   HA3DX            599  15  
QSO:   21095  CW 2020-11-28 1357  N2GA             599  5   YO9HP            599  20  
QSO:   21098  CW 2020-11-28 1358  N2GA             599  5   E73Y             599  15  
QSO:   21100  CW 2020-11-28 1359  N2GA             599  5   UR7EN            599  16  
QSO:   21103  CW 2020-11-28 1359  N2GA             599  5   OG6N             599  15  
QSO:   21110  CW 2020-11-28 1402  N2GA             599  5   VP5M             599  08  
QSO:   21113  CW 2020-11-28 1404  N2GA             599  5   CX2AQ            599  13  
QSO:   21114  CW 2020-11-28 1405  N2GA             599  5   HC5DX            599  10  
QSO:   21117  CW 2020-11-28 1405  N2GA             599  5   J35X             599  08  
QSO:   21118  CW 2020-11-28 1406  N2GA             599  5   PY1ZV            599  11  
QSO:   21125  CW 2020-11-28 1407  N2GA             599  5   ZS2NF            599  38  
QSO:   21115  CW 2020-11-28 1408  N2GA             599  5   OE6MDI           599  15  
QSO:   21115  CW 2020-11-28 1409  N2GA             599  5   DJ5MW            599  14  
QSO:   21115  CW 2020-11-28 1409  N2GA             599  5   YU5R             599  15  
QSO:   21115  CW 2020-11-28 1410  N2GA             599  5   UT4U             599  16  
QSO:   21115  CW 2020-11-28 1410  N2GA             599  5   DQ1A             599  14  
QSO:   21115  CW 2020-11-28 1411  N2GA             599  5   GM9A             599  14  
QSO:   21115  CW 2020-11-28 1411  N2GA             599  5   DL2ARD           599  14  
QSO:   21115  CW 2020-11-28 1412  N2GA             599  5   F5LQ             599  14  
QSO:   21115  CW 2020-11-28 1412  N2GA             599  5   CT7AGZ           599  14  
QSO:   21115  CW 2020-11-28 1413  N2GA             599  5   DL1WA            599  14  
QSO:   21115  CW 2020-11-28 1413  N2GA             599  5   DL4FN            599  14  
QSO:   21115  CW 2020-11-28 1414  N2GA             599  5   LZ5DD            599  20  
QSO:   21115  CW 2020-11-28 1414  N2GA             599  5   G4KIV            599  14  
QSO:   21115  CW 2020-11-28 1414  N2GA             599  5   DL4LBK           599  14  
QSO:   21115  CW 2020-11-28 1415  N2GA             599  5   LZ5QZ            599  20  
QSO:   21115  CW 2020-11-28 1415  N2GA             599  5   DL1NEO           599  14  
QSO:   21115  CW 2020-11-28 1416  N2GA             599  5   DM5EM            599  14  
QSO:   21115  CW 2020-11-28 1416  N2GA             599  5   G4IUF            599  14  
QSO:   21115  CW 2020-11-28 1417  N2GA             599  5   DA2X             599  14  
QSO:   21115  CW 2020-11-28 1418  N2GA             599  5   LY6A             599  15  
QSO:   21115  CW 2020-11-28 1419  N2GA             599  5   IK6VXO           599  15  
QSO:   21115  CW 2020-11-28 1419  N2GA             599  5   LZ1WF            599  20  
QSO:   21115  CW 2020-11-28 1420  N2GA             599  5   GW0RYT           599  14  
QSO:   21115  CW 2020-11-28 1422  N2GA             599  5   YO4CAH           599  20  
QSO:   21115  CW 2020-11-28 1423  N2GA             599  5   SM7CIL           599  14  
QSO:   21115  CW 2020-11-28 1423  N2GA             599  5   SM6WET           599  14  
QSO:   21115  CW 2020-11-28 1424  N2GA             599  5   DL2NBU           599  14  
QSO:   21115  CW 2020-11-28 1425  N2GA             599  5   OE8TED           599  15  
QSO:   21115  CW 2020-11-28 1425  N2GA             599  5   DK3GI            599  14  
QSO:   21115  CW 2020-11-28 1425  N2GA             599  5   DH0GHU           599  14  
QSO:   21115  CW 2020-11-28 1426  N2GA             599  5   DC4A             599  14  
QSO:   21115  CW 2020-11-28 1428  N2GA             599  5   S53FO            599  15  
QSO:   21115  CW 2020-11-28 1429  N2GA             599  5   OK2PYA           599  15  
QSO:   21115  CW 2020-11-28 1430  N2GA             599  5   G6XX             599  14  
QSO:   21115  CW 2020-11-28 1431  N2GA             599  5   UR6EA            599  16  
QSO:   21115  CW 2020-11-28 1433  N2GA             599  5   SP4Z             599  15  
QSO:   21115  CW 2020-11-28 1435  N2GA             599  5   UW7W             599  16  
QSO:   21115  CW 2020-11-28 1435  N2GA             599  5   SP5ATO           599  15  
QSO:   21115  CW 2020-11-28 1436  N2GA             599  5   YT5N             599  15  
QSO:   21115  CW 2020-11-28 1436  N2GA             599  5   SP1NY            599  15  
QSO:   21115  CW 2020-11-28 1437  N2GA             599  5   OK1TA            599  15  
QSO:   21115  CW 2020-11-28 1438  N2GA             599  5   PA4WM            599  14  
QSO:   21115  CW 2020-11-28 1439  N2GA             599  5   DF1PY            599  14  
QSO:   21115  CW 2020-11-28 1439  N2GA             599  5   SM5COP           599  14  
QSO:   21115  CW 2020-11-28 1439  N2GA             599  5   DP7D             599  14  
QSO:   21115  CW 2020-11-28 1440  N2GA             599  5   HA8DT            599  15  
QSO:   21115  CW 2020-11-28 1440  N2GA             599  5   G3WZD            599  14  
QSO:   21115  CW 2020-11-28 1441  N2GA             599  5   OK1HEH           599  15  
QSO:   21115  CW 2020-11-28 1442  N2GA             599  5   DL5ZL            599  14  
QSO:   21115  CW 2020-11-28 1442  N2GA             599  5   DH7KU            599  14  
QSO:   21115  CW 2020-11-28 1442  N2GA             599  5   DQ0Z             599  14  
QSO:   21115  CW 2020-11-28 1442  N2GA             599  5   DJ1SL            599  14  
QSO:   21115  CW 2020-11-28 1444  N2GA             599  5   PA3ARM           599  14  
QSO:   21115  CW 2020-11-28 1444  N2GA             599  5   SP2DKI           599  15  
QSO:   21115  CW 2020-11-28 1445  N2GA             599  5   DJ3NJ            599  14  
QSO:   21115  CW 2020-11-28 1445  N2GA             599  5   F6BCW            599  14  
QSO:   21115  CW 2020-11-28 1446  N2GA             599  5   G0TSM            599  14  
QSO:   21115  CW 2020-11-28 1446  N2GA             599  5   S55AW            599  15  
QSO:   21115  CW 2020-11-28 1446  N2GA             599  5   DM2C             599  14  
QSO:   21115  CW 2020-11-28 1447  N2GA             599  5   IK2REA           599  15  
QSO:   21115  CW 2020-11-28 1448  N2GA             599  5   E74UK            599  15  
QSO:   21115  CW 2020-11-28 1449  N2GA             599  5   OK2MBP           599  15  
QSO:   21115  CW 2020-11-28 1449  N2GA             599  5   YO3LW            599  20  
QSO:   21115  CW 2020-11-28 1449  N2GA             599  5   DL6RAI           599  14  
QSO:   21115  CW 2020-11-28 1450  N2GA             599  5   ON7PS            599  14  
QSO:   21115  CW 2020-11-28 1451  N2GA             599  5   OK2BOB           599  15  
QSO:   21115  CW 2020-11-28 1451  N2GA             599  5   PA6AA            599  14  
QSO:   21115  CW 2020-11-28 1451  N2GA             599  5   LN2T             599  14  
QSO:   21115  CW 2020-11-28 1453  N2GA             599  5   F5LDY            599  14  
QSO:   21115  CW 2020-11-28 1454  N2GA             599  5   IV3UHL           599  15  
QSO:   21115  CW 2020-11-28 1455  N2GA             599  5   OK2FD            599  15  
QSO:   21115  CW 2020-11-28 1455  N2GA             599  5   F5FDC            599  14  
QSO:   21115  CW 2020-11-28 1456  N2GA             599  5   OK2RVM           599  15  
QSO:   21115  CW 2020-11-28 1456  N2GA             599  5   OK1FU            599  15  
QSO:   21115  CW 2020-11-28 1457  N2GA             599  5   IK0IXI           599  15  
QSO:   21115  CW 2020-11-28 1457  N2GA             599  5   HA0IM            599  15  
QSO:   21115  CW 2020-11-28 1458  N2GA             599  5   HG6N             599  15  
QSO:   21115  CW 2020-11-28 1458  N2GA             599  5   IU0HMB           599  15  
QSO:   21115  CW 2020-11-28 1459  N2GA             599  5   M8A              599  14  
QSO:   21115  CW 2020-11-28 1459  N2GA             599  5   OL2A             599  15  
QSO:   21115  CW 2020-11-28 1459  N2GA             599  5   9A5Y             599  15  
QSO:   21115  CW 2020-11-28 1500  N2GA             599  5   MI0M             599  14  
QSO:   21115  CW 2020-11-28 1500  N2GA             599  5   DL2ARD           599  14  
QSO:   21115  CW 2020-11-28 1501  N2GA             599  5   OM7LM            599  15  
QSO:   21115  CW 2020-11-28 1502  N2GA             599  5   DJ1AA            599  14  
QSO:   21115  CW 2020-11-28 1502  N2GA             599  5   DK0AE            599  14  
QSO:   21115  CW 2020-11-28 1502  N2GA             599  5   DL9GK            599  14  
QSO:   21115  CW 2020-11-28 1503  N2GA             599  5   DL6AG            599  14  
QSO:   21115  CW 2020-11-28 1503  N2GA             599  5   SP9LAS           599  15  
QSO:   21115  CW 2020-11-28 1504  N2GA             599  5   DL3YM            599  14  
QSO:   21115  CW 2020-11-28 1506  N2GA             599  5   SQ6ELV           599  15  
QSO:   21115  CW 2020-11-28 1506  N2GA             599  5   DF2RG            599  14  
QSO:   21115  CW 2020-11-28 1507  N2GA             599  5   DL4SDW           599  14  
QSO:   21115  CW 2020-11-28 1508  N2GA             599  5   DH8BQA           599  14  
QSO:   21115  CW 2020-11-28 1508  N2GA             599  5   IK2XSL           599  15  
QSO:   21115  CW 2020-11-28 1508  N2GA             599  5   M7Q              599  14  
QSO:   21115  CW 2020-11-28 1509  N2GA             599  5   DL1MAJ           599  14  
QSO:   21115  CW 2020-11-28 1509  N2GA             599  5   DL3NAA           599  14  
QSO:   21115  CW 2020-11-28 1510  N2GA             599  5   DL9NEI           599  14  
QSO:   21115  CW 2020-11-28 1511  N2GA             599  5   SP2GTJ           599  15  
QSO:   21115  CW 2020-11-28 1512  N2GA             599  5   9A5SM            599  15  
QSO:   21115  CW 2020-11-28 1512  N2GA             599  5   9A2W             599  15  
QSO:   21115  CW 2020-11-28 1513  N2GA             599  5   OM3IAG           599  15  
QSO:   21115  CW 2020-11-28 1513  N2GA             599  5   HA3HX            599  15  
QSO:   21115  CW 2020-11-28 1514  N2GA             599  5   DF2SD            599  14  
QSO:   21115  CW 2020-11-28 1516  N2GA             599  5   YU1FW            599  15  
QSO:   21115  CW 2020-11-28 1516  N2GA             599  5   IZ3CYT           599  15  
QSO:   21115  CW 2020-11-28 1517  N2GA             599  5   DK5OCE           599  14  
QSO:   21115  CW 2020-11-28 1518  N2GA             599  5   SQ8N             599  15  
QSO:   21115  CW 2020-11-28 1520  N2GA             599  5   S50XX            599  15  
QSO:   21115  CW 2020-11-28 1520  N2GA             599  5   HA3OU            599  15  
QSO:   21115  CW 2020-11-28 1521  N2GA             599  5   CO6YBC           599  08  
QSO:   21115  CW 2020-11-28 1522  N2GA             599  5   G4IIY            599  14  
QSO:   21115  CW 2020-11-28 1522  N2GA             599  5   G0UVX            599  14  
QSO:   21115  CW 2020-11-28 1523  N2GA             599  5   F6FTB            599  14  
QSO:   21115  CW 2020-11-28 1523  N2GA             599  5   DL4YAO           599  14  
QSO:   21115  CW 2020-11-28 1524  N2GA             599  5   IW2EVH           599  15  
QSO:   28019  CW 2020-11-28 1538  N2GA             599  5   ZF5T             599  08  
QSO:   28021  CW 2020-11-28 1539  N2GA             599  5   PP1CZ            599  11  
QSO:   28011  CW 2020-11-28 1544  N2GA             599  5   TI7W             599  07  
QSO:   28012  CW 2020-11-28 1548  N2GA             599  5   HK1N             599  09  
QSO:   28056  CW 2020-11-28 1549  N2GA             599  5   PJ4/DL6KR        599  09  
QSO:   28040  CW 2020-11-28 1550  N2GA             599  5   CR2AA            599  14  
QSO:   28009  CW 2020-11-28 1554  N2GA             599  5   V31MA            599  07  
QSO:   28001  CW 2020-11-28 1555  N2GA             599  5   P40W             599  09  
QSO:   28002  CW 2020-11-28 1556  N2GA             599  5   PY2YU            599  11  
QSO:   14004  CW 2020-11-28 1559  N2GA             599  5   G6T              599  14  
QSO:   14005  CW 2020-11-28 1600  N2GA             599  5   IZ1GAR           599  15  
QSO:   14006  CW 2020-11-28 1600  N2GA             599  5   PI4COM           599  14  
QSO:   14010  CW 2020-11-28 1601  N2GA             599  5   YT4W             599  15  
QSO:   14011  CW 2020-11-28 1603  N2GA             599  5   SP7IFM           599  15  
QSO:   14011  CW 2020-11-28 1604  N2GA             599  5   EA2BD            599  14  
QSO:   14012  CW 2020-11-28 1605  N2GA             599  5   EW5A             599  16  
QSO:   14014  CW 2020-11-28 1605  N2GA             599  5   ON5JT            599  14  
QSO:   14014  CW 2020-11-28 1606  N2GA             599  5   OL3Z             599  15  
QSO:   14017  CW 2020-11-28 1607  N2GA             599  5   OZ5E             599  14  
QSO:   14018  CW 2020-11-28 1608  N2GA             599  5   LN8W             599  14  
QSO:   14019  CW 2020-11-28 1609  N2GA             599  5   E7CW             599  15  
QSO:   14019  CW 2020-11-28 1609  N2GA             599  5   OL5Y             599  15  
QSO:   14019  CW 2020-11-28 1610  N2GA             599  5   EA3X             599  14  
QSO:   14021  CW 2020-11-28 1612  N2GA             599  5   LX7I             599  14  
QSO:   14023  CW 2020-11-28 1613  N2GA             599  5   DL1BUG           599  14  
QSO:   14023  CW 2020-11-28 1614  N2GA             599  5   C6AGU            599  08  
QSO:   14024  CW 2020-11-28 1614  N2GA             599  5   HG7T             599  15  
QSO:   14024  CW 2020-11-28 1615  N2GA             599  5   ON4CT            599  14  
QSO:   14025  CW 2020-11-28 1616  N2GA             599  5   N9GB             599  04  
QSO:   14025  CW 2020-11-28 1616  N2GA             599  5   YT1A             599  15  
QSO:   14027  CW 2020-11-28 1618  N2GA             599  5   YP8T             599  20  
QSO:   14027  CW 2020-11-28 1619  N2GA             599  5   OM4Q             599  15  
QSO:   14029  CW 2020-11-28 1621  N2GA             599  5   EA4OR            599  14  
QSO:   14031  CW 2020-11-28 1622  N2GA             599  5   HG0Y             599  15  
QSO:   14033  CW 2020-11-28 1622  N2GA             599  5   OM7M             599  15  
QSO:   14035  CW 2020-11-28 1623  N2GA             599  5   OK7O             599  15  
QSO:   14035  CW 2020-11-28 1624  N2GA             599  5   DD2ML            599  14  
QSO:   14037  CW 2020-11-28 1624  N2GA             599  5   PF6W             599  14  
QSO:   14037  CW 2020-11-28 1624  N2GA             599  5   IR4Y             599  15  
QSO:   14037  CW 2020-11-28 1627  N2GA             599  5   OH0Z             599  15  
QSO:   14038  CW 2020-11-28 1627  N2GA             599  5   DK0MM            599  14  
QSO:   14038  CW 2020-11-28 1628  N2GA             599  5   II3R             599  15  
QSO:   14039  CW 2020-11-28 1628  N2GA             599  5   HA3NU            599  15  
QSO:   14040  CW 2020-11-28 1629  N2GA             599  5   SQ2A             599  15  
QSO:   14043  CW 2020-11-28 1631  N2GA             599  5   IS0SWW           599  15  
QSO:   14043  CW 2020-11-28 1631  N2GA             599  5   IZ2DII           599  15  
QSO:   14044  CW 2020-11-28 1632  N2GA             599  5   CR3W             599  33  
QSO:   14045  CW 2020-11-28 1635  N2GA             599  5   EA6FO            599  14  
QSO:   14046  CW 2020-11-28 1636  N2GA             599  5   HB9IIY           599  14  
QSO:   14050  CW 2020-11-28 1636  N2GA             599  5   DK5KK            599  14  
QSO:   14051  CW 2020-11-28 1637  N2GA             599  5   TF3W             599  40  
QSO:   14052  CW 2020-11-28 1639  N2GA             599  5   OE2S             599  15  
QSO:   14054  CW 2020-11-28 1639  N2GA             599  5   S50A             599  15  
QSO:   14054  CW 2020-11-28 1640  N2GA             599  5   GM4Z             599  14  
QSO:   14056  CW 2020-11-28 1641  N2GA             599  5   DL1VDL           599  14  
QSO:   14056  CW 2020-11-28 1641  N2GA             599  5   IO3F             599  15  
QSO:   14057  CW 2020-11-28 1642  N2GA             599  5   IK5ZWU           599  15  
QSO:   14059  CW 2020-11-28 1642  N2GA             599  5   S57DX            599  15  
QSO:   14059  CW 2020-11-28 1642  N2GA             599  5   OZ7A             599  14  
QSO:   14060  CW 2020-11-28 1644  N2GA             599  5   OR3A             599  14  
QSO:   14060  CW 2020-11-28 1644  N2GA             599  5   IQ2BZ            599  15  
QSO:   14061  CW 2020-11-28 1645  N2GA             599  5   HA6P             599  15  
QSO:   14062  CW 2020-11-28 1645  N2GA             599  5   HA3DX            599  15  
QSO:   14063  CW 2020-11-28 1646  N2GA             599  5   IK0YUT           599  15  
QSO:   14065  CW 2020-11-28 1647  N2GA             599  5   MM2N             599  14  
QSO:   14066  CW 2020-11-28 1648  N2GA             599  5   IT9RGY           599  15  
QSO:   14068  CW 2020-11-28 1649  N2GA             599  5   HG3N             599  15  
QSO:   14069  CW 2020-11-28 1649  N2GA             599  5   IK2HKT           599  15  
QSO:   14077  CW 2020-11-28 1650  N2GA             599  5   CR6K             599  14  
QSO:   14084  CW 2020-11-28 1653  N2GA             599  5   KP2B             599  08  
QSO:   28008  CW 2020-11-28 1655  N2GA             599  5   CR3W             599  33  
QSO:   28011  CW 2020-11-28 1656  N2GA             599  5   FM5FJ            599  08  
QSO:   28017  CW 2020-11-28 1658  N2GA             599  5   PZ5RA            599  09  
QSO:   28046  CW 2020-11-28 1659  N2GA             599  5   PY1VOY           599  11  
QSO:   28018  CW 2020-11-28 1706  N2GA             599  5   8P1W             599  08  
QSO:   28016  CW 2020-11-28 1709  N2GA             599  5   LT7D             599  13  
QSO:   28035  CW 2020-11-28 1711  N2GA             599  5   ZS1C             599  38  
QSO:   21100  CW 2020-11-28 1727  N2GA             599  5   C6AGU            599  08  
QSO:   21085  CW 2020-11-28 1731  N2GA             599  5   LU5FC            599  13  
QSO:   21040  CW 2020-11-28 1731  N2GA             599  5   NP3X             599  08  
QSO:   21033  CW 2020-11-28 1739  N2GA             599  5   PP2CC            599  11  
QSO:   21028  CW 2020-11-28 1740  N2GA             599  5   TI7W             599  07  
QSO:   21056  CW 2020-11-28 1743  N2GA             599  5   CR2X             599  14  
QSO:   21008  CW 2020-11-28 1745  N2GA             599  5   9G5FI            599  35  
QSO:   21043  CW 2020-11-28 1746  N2GA             599  5   5H3EE            599  37  
QSO:   21048  CW 2020-11-28 1749  N2GA             599  5   CO6RD            599  08  
QSO:   21025  CW 2020-11-28 1754  N2GA             599  5   OA4SS            599  10  
QSO:   21060  CW 2020-11-28 1756  N2GA             599  5   PJ4A             599  09  
QSO:   21029  CW 2020-11-28 1757  N2GA             599  5   LO5D             599  13  
QSO:   28012  CW 2020-11-28 1801  N2GA             599  5   CX1AA            599  13  
QSO:   28042  CW 2020-11-28 1802  N2GA             599  5   PY1NX            599  11  
QSO:   14067  CW 2020-11-28 1806  N2GA             599  5   F6IRA            599  14  
QSO:   14050  CW 2020-11-28 1807  N2GA             599  5   EI7M             599  14  
QSO:   14029  CW 2020-11-28 1808  N2GA             599  5   9A3XV            599  15  
QSO:   14057  CW 2020-11-28 1808  N2GA             599  5   EC4C             599  14  
QSO:   14002  CW 2020-11-28 1810  N2GA             599  5   ZW8T             599  11  
QSO:   14032  CW 2020-11-28 1811  N2GA             599  5   TI7W             599  07  
QSO:   14033  CW 2020-11-28 1815  N2GA             599  5   WH7T             599  31  
QSO:   14003  CW 2020-11-28 1819  N2GA             599  5   AL7LO            599  01  
QSO:   14047  CW 2020-11-28 1821  N2GA             599  5   EA2W             599  14  
QSO:   14049  CW 2020-11-28 1822  N2GA             599  5   ED1R             599  14  
QSO:   14055  CW 2020-11-28 1823  N2GA             599  5   VE6WQ            599  04  
QSO:   14056  CW 2020-11-28 1823  N2GA             599  5   F6HKA            599  14  
QSO:   14056  CW 2020-11-28 1824  N2GA             599  5   KP3DX            599  08  
QSO:   14058  CW 2020-11-28 1824  N2GA             599  5   M0DXR            599  14  
QSO:   14082  CW 2020-11-28 1827  N2GA             599  5   LO7H             599  13  
QSO:   14087  CW 2020-11-28 1829  N2GA             599  5   PJ4/DL6KR        599  09  
QSO:   14025  CW 2020-11-28 1830  N2GA             599  5   ZF1A             599  08  
QSO:   14012  CW 2020-11-28 1834  N2GA             599  5   HI3Y             599  08  
QSO:   14045  CW 2020-11-28 1840  N2GA             599  5   EF8O             599  33  
QSO:   14028  CW 2020-11-28 1841  N2GA             599  5   VE2IM            599  02  
QSO:   14026  CW 2020-11-28 1845  N2GA             599  5   IR6T             599  15  
QSO:   14020  CW 2020-11-28 1848  N2GA             599  5   PX2A             599  11  
QSO:   14031  CW 2020-11-28 2019  N2GA             599  5   OH8X             599  15  
QSO:   14029  CW 2020-11-28 2021  N2GA             599  5   NP4AW            599  08  
QSO:   14015  CW 2020-11-28 2024  N2GA             599  5   ZM1M             599  32  
QSO:   14041  CW 2020-11-28 2029  N2GA             599  5   VK2GR            599  30  
QSO:   14046  CW 2020-11-28 2033  N2GA             599  5   D4Z              599  35  
QSO:   14028  CW 2020-11-28 2035  N2GA             599  5   FK8IK            599  32  
QSO:   14016  CW 2020-11-28 2036  N2GA             599  5   CO8NMN           599  08  
QSO:   14031  CW 2020-11-28 2041  N2GA             599  5   HC2GRC           599  10  
QSO:   14074  CW 2020-11-28 2043  N2GA             599  5   5T3WW            599  35  
QSO:   14020  CW 2020-11-28 2045  N2GA             599  5   HP3SS            599  07  
QSO:   14042  CW 2020-11-28 2107  N2GA             599  5   5Z4VJ            599  37  
QSO:    7054  CW 2020-11-28 2109  N2GA             599  5   VE3JM            599  04  
QSO:    7027  CW 2020-11-28 2111  N2GA             599  5   9A5X             599  15  
QSO:    7035  CW 2020-11-28 2113  N2GA             599  5   DR1D             599  14  
QSO:    7035  CW 2020-11-28 2113  N2GA             599  5   ED8M             599  33  
QSO:    7038  CW 2020-11-28 2115  N2GA             599  5   CR3W             599  33  
QSO:    7039  CW 2020-11-28 2116  N2GA             599  5   VA3SY            599  04  
QSO:    7040  CW 2020-11-28 2117  N2GA             599  5   IR2R             599  15  
QSO:    7040  CW 2020-11-28 2118  N2GA             599  5   OK1MV            599  15  
QSO:    7008  CW 2020-11-28 2122  N2GA             599  5   TM6M             599  14  
QSO:    7010  CW 2020-11-28 2123  N2GA             599  5   YR9F             599  20  
QSO:    7017  CW 2020-11-28 2125  N2GA             599  5   OP4K             599  14  
QSO:    7020  CW 2020-11-28 2130  N2GA             599  5   DR1A             599  14  
QSO:   21035  CW 2020-11-28 2136  N2GA             599  5   V31MA            599  07  
QSO:   21033  CW 2020-11-28 2137  N2GA             599  5   VE6BBP           599  04  
QSO:   21032  CW 2020-11-28 2138  N2GA             599  5   KH6LC            599  31  
QSO:   21029  CW 2020-11-28 2140  N2GA             599  5   ZL3X             599  32  
QSO:   21028  CW 2020-11-28 2143  N2GA             599  5   VK2IA            599  30  
QSO:   21013  CW 2020-11-28 2147  N2GA             599  5   FK8IK            599  32  
QSO:   21006  CW 2020-11-28 2149  N2GA             599  5   K0RF             599  04  
QSO:   21030  CW 2020-11-28 2151  N2GA             599  5   DU1ICX           599  27  
QSO:   21027  CW 2020-11-28 2208  N2GA             599  5   PJ4A             599  09  
QSO:   14049  CW 2020-11-28 2211  N2GA             599  5   JA6LCJ           599  25  
QSO:   14048  CW 2020-11-28 2212  N2GA             599  5   VE7NY            599  03  
QSO:   14001  CW 2020-11-28 2215  N2GA             599  5   PY2NY            599  11  
QSO:   21041  CW 2020-11-28 2217  N2GA             599  5   ZF1A             599  08  
QSO:   14013  CW 2020-11-28 2227  N2GA             599  5   FM5FJ            599  08  
QSO:   14033  CW 2020-11-28 2229  N2GA             599  5   CE3CT            599  12  
QSO:   14023  CW 2020-11-28 2245  N2GA             599  5   VK6LW            599  29  
QSO:   14011  CW 2020-11-28 2247  N2GA             599  5   CX9AU            599  13  
QSO:   14050  CW 2020-11-28 2251  N2GA             599  5   FY5KE            599  09  
QSO:    7088  CW 2020-11-28 2257  N2GA             599  5   HC5DX            599  10  
QSO:    7029  CW 2020-11-28 2258  N2GA             599  5   S51YI            599  15  
QSO:    7005  CW 2020-11-28 2303  N2GA             599  5   OM5WW            599  15  
QSO:    7001  CW 2020-11-28 2307  N2GA             599  5   LZ5R             599  20  
QSO:    7017  CW 2020-11-28 2310  N2GA             599  5   UW1M             599  16  
QSO:    7023  CW 2020-11-28 2315  N2GA             599  5   LY2XW            599  15  
QSO:    7025  CW 2020-11-28 2316  N2GA             599  5   TM2Y             599  14  
QSO:    7026  CW 2020-11-28 2317  N2GA             599  5   M7Q              599  14  
QSO:    7055  CW 2020-11-28 2317  N2GA             599  5   EA6FO            599  14  
QSO:    7027  CW 2020-11-28 2318  N2GA             599  5   DK7A             599  14  
QSO:    7028  CW 2020-11-29 0111  N2GA             599  5   ZF5T             599  08  
QSO:    7032  CW 2020-11-29 0113  N2GA             599  5   UI2M             599  15  
QSO:    7048  CW 2020-11-29 0114  N2GA             599  5   DP6A             599  14  
QSO:    7070  CW 2020-11-29 0122  N2GA             599  5   FY5KE            599  09  
QSO:    7063  CW 2020-11-29 0123  N2GA             599  5   VP5M             599  08  
QSO:    7008  CW 2020-11-29 0124  N2GA             599  5   V31MA            599  07  
QSO:    7057  CW 2020-11-29 0126  N2GA             599  5   PX2A             599  11  
QSO:    7072  CW 2020-11-29 0133  N2GA             599  5   5T3WW            599  35  
QSO:    7035  CW 2020-11-29 0143  N2GA             599  5   EI7M             599  14  
QSO:    7061  CW 2020-11-29 0145  N2GA             599  5   SX9V             599  20  
QSO:    7049  CW 2020-11-29 0145  N2GA             599  5   LU7YS            599  13  
QSO:    7070  CW 2020-11-29 0148  N2GA             599  5   XQ3WD            599  12  
QSO:    3549  CW 2020-11-29 0154  N2GA             599  5   DQ1A             599  14  
QSO:    3550  CW 2020-11-29 0156  N2GA             599  5   ES9C             599  15  
QSO:    3552  CW 2020-11-29 0157  N2GA             599  5   K3CT             599  05  
QSO:    3565  CW 2020-11-29 0204  N2GA             599  5   VP9I             599  05  
QSO:    3519  CW 2020-11-29 0205  N2GA             599  5   PA6X             599  14  
QSO:    3502  CW 2020-11-29 0210  N2GA             599  5   GM5X             599  14  
QSO:    3556  CW 2020-11-29 0210  N2GA             599  5   GW4J             599  14  
QSO:    3564  CW 2020-11-29 0215  N2GA             599  5   PJ4/DL6KR        599  09  
QSO:    3539  CW 2020-11-29 0219  N2GA             599  5   CR6K             599  14  
QSO:    3514  CW 2020-11-29 0220  N2GA             599  5   UW0K             599  16  
QSO:    3560  CW 2020-11-29 0221  N2GA             599  5   WP3C             599  08  
QSO:    3560  CW 2020-11-29 0222  N2GA             599  5   ZF1A             599  08  
QSO:    3560  CW 2020-11-29 0224  N2GA             599  5   UA7K             599  16  
QSO:    3549  CW 2020-11-29 0228  N2GA             599  5   OK5D             599  15  
QSO:    3544  CW 2020-11-29 0229  N2GA             599  5   TI7W             599  07  
QSO:    3547  CW 2020-11-29 0231  N2GA             599  5   DF9LJ            599  14  
QSO:    3526  CW 2020-11-29 0238  N2GA             599  5   YL3FT            599  15  
QSO:    3555  CW 2020-11-29 0239  N2GA             599  5   EA6FO            599  14  
QSO:    3507  CW 2020-11-29 0239  N2GA             599  5   P3X              599  20  
QSO:    3508  CW 2020-11-29 0240  N2GA             599  5   LN8W             599  14  
QSO:    3523  CW 2020-11-29 0244  N2GA             599  5   OZ5E             599  14  
QSO:    3544  CW 2020-11-29 0247  N2GA             599  5   LZ7M             599  20  
QSO:    3538  CW 2020-11-29 0255  N2GA             599  5   SP8R             599  15  
QSO:    3556  CW 2020-11-29 0257  N2GA             599  5   CO2JD            599  08  
QSO:    3549  CW 2020-11-29 0300  N2GA             599  5   IR2Q             599  15  
QSO:    1811  CW 2020-11-29 0307  N2GA             599  5   K7GM             599  05  
QSO:    1828  CW 2020-11-29 0309  N2GA             599  5   VE3NNT           599  04  
QSO:    1814  CW 2020-11-29 0313  N2GA             599  5   TI7W             599  07  
QSO:    1839  CW 2020-11-29 0315  N2GA             599  5   V31MA            599  07  
QSO:    1823  CW 2020-11-29 0322  N2GA             599  5   CR3W             599  33  
QSO:    1824  CW 2020-11-29 0323  N2GA             599  5   CO2AN            599  08  
QSO:    3548  CW 2020-11-29 0327  N2GA             599  5   OH0Z             599  15  
QSO:    3511  CW 2020-11-29 0328  N2GA             599  5   EW5A             599  16  
QSO:    3559  CW 2020-11-29 0329  N2GA             599  5   OH1F             599  15  
QSO:    3507  CW 2020-11-29 0330  N2GA             599  5   SM6CPY           599  14  
QSO:    3544  CW 2020-11-29 0330  N2GA             599  5   HB9ON            599  14  
QSO:    3513  CW 2020-11-29 0332  N2GA             599  5   RW2F             599  15  
QSO:    3555  CW 2020-11-29 0333  N2GA             599  5   LY7Z             599  15  
QSO:    3509  CW 2020-11-29 0336  N2GA             599  5   EC3A             599  14  
QSO:    3532  CW 2020-11-29 0341  N2GA             599  5   VP5M             599  08  
QSO:    3552  CW 2020-11-29 0342  N2GA             599  5   N7AT             599  03  
QSO:    7028  CW 2020-11-29 0346  N2GA             599  5   KH6ND/W7         599  03  
QSO:    7030  CW 2020-11-29 0348  N2GA             599  5   YV5EMG           599  09  
QSO:    7025  CW 2020-11-29 0350  N2GA             599  5   KH7M             599  31  
QSO:    7044  CW 2020-11-29 0351  N2GA             599  5   FM5BH            599  08  
QSO:    7058  CW 2020-11-29 0405  N2GA             599  5   NP4AW            599  08  
QSO:   14086  CW 2020-11-29 1216  N2GA             599  5   VP5M             599  08  
QSO:   21063  CW 2020-11-29 1218  N2GA             599  5   XQ1KZ            599  12  
QSO:   21043  CW 2020-11-29 1220  N2GA             599  5   ZD7BG            599  36  
QSO:   21055  CW 2020-11-29 1223  N2GA             599  5   DK2GZ            599  14  
QSO:   14003  CW 2020-11-29 1228  N2GA             599  5   K2QMF            599  05  
QSO:   14072  CW 2020-11-29 1230  N2GA             599  5   VP9I             599  05  
QSO:   14073  CW 2020-11-29 1231  N2GA             599  5   RL3A             599  16  
QSO:   14078  CW 2020-11-29 1231  N2GA             599  5   LY2J             599  15  
QSO:   14082  CW 2020-11-29 1232  N2GA             599  5   G4BUO            599  14  
QSO:   14088  CW 2020-11-29 1236  N2GA             599  5   C4W              599  20  
QSO:   14089  CW 2020-11-29 1236  N2GA             599  5   A71EM            599  21  
QSO:   14094  CW 2020-11-29 1237  N2GA             599  5   LZ5Y             599  20  
QSO:   14098  CW 2020-11-29 1239  N2GA             599  5   YO3ND            599  20  
QSO:   14098  CW 2020-11-29 1241  N2GA             599  5   UT5EPP           599  16  
QSO:   14102  CW 2020-11-29 1242  N2GA             599  5   NP3X             599  08  
QSO:   14105  CW 2020-11-29 1244  N2GA             599  5   LZ1QN            599  20  
QSO:   14106  CW 2020-11-29 1246  N2GA             599  5   TA3ST            599  20  
QSO:   14108  CW 2020-11-29 1247  N2GA             599  5   OG7A             599  15  
QSO:   14109  CW 2020-11-29 1247  N2GA             599  5   OK1YM            599  15  
QSO:   14110  CW 2020-11-29 1248  N2GA             599  5   OY1CT            599  14  
QSO:   14112  CW 2020-11-29 1249  N2GA             599  5   UT5NR            599  16  
QSO:   14114  CW 2020-11-29 1250  N2GA             599  5   SF1Z             599  14  
QSO:   14116  CW 2020-11-29 1251  N2GA             599  5   GU4CHY           599  14  
QSO:   14117  CW 2020-11-29 1252  N2GA             599  5   LZ2PP            599  20  
QSO:   14117  CW 2020-11-29 1252  N2GA             599  5   OZ1AAR           599  14  
QSO:   14118  CW 2020-11-29 1253  N2GA             599  5   EC7K             599  14  
QSO:   14118  CW 2020-11-29 1254  N2GA             599  5   LY6A             599  15  
QSO:   14118  CW 2020-11-29 1254  N2GA             599  5   EU2F             599  16  
QSO:   14119  CW 2020-11-29 1255  N2GA             599  5   LY4L             599  15  
QSO:   14120  CW 2020-11-29 1256  N2GA             599  5   TM2Y             599  14  
QSO:   14121  CW 2020-11-29 1257  N2GA             599  5   R4GM             599  16  
QSO:   14121  CW 2020-11-29 1258  N2GA             599  5   EU1DX            599  16  
QSO:   14125  CW 2020-11-29 1301  N2GA             599  5   R5AJ             599  16  
QSO:   14125  CW 2020-11-29 1301  N2GA             599  5   UZ3A             599  16  
QSO:   14125  CW 2020-11-29 1302  N2GA             599  5   DJ1AA            599  14  
QSO:   14125  CW 2020-11-29 1302  N2GA             599  5   YL1ZF            599  15  
QSO:   14125  CW 2020-11-29 1302  N2GA             599  5   DK0AE            599  14  
QSO:   14125  CW 2020-11-29 1303  N2GA             599  5   RD4A             599  16  
QSO:   14125  CW 2020-11-29 1303  N2GA             599  5   LY9Y             599  15  
QSO:   14125  CW 2020-11-29 1303  N2GA             599  5   DR7T             599  14  
QSO:   14125  CW 2020-11-29 1305  N2GA             599  5   UT4LW            599  16  
QSO:   14125  CW 2020-11-29 1305  N2GA             599  5   G3VDB            599  14  
QSO:   14125  CW 2020-11-29 1306  N2GA             599  5   UT4U             599  16  
QSO:   14125  CW 2020-11-29 1306  N2GA             599  5   LZ5R             599  20  
QSO:   14125  CW 2020-11-29 1306  N2GA             599  5   UC7A             599  16  
QSO:   14125  CW 2020-11-29 1307  N2GA             599  5   DL1NKS           599  14  
QSO:   14125  CW 2020-11-29 1308  N2GA             599  5   UR5QU            599  16  
QSO:   14125  CW 2020-11-29 1308  N2GA             599  5   LY5I             599  15  
QSO:   14125  CW 2020-11-29 1310  N2GA             599  5   OM7LW            599  15  
QSO:   14125  CW 2020-11-29 1310  N2GA             599  5   RA3AN            599  16  
QSO:   14125  CW 2020-11-29 1311  N2GA             599  5   DL8BV            599  14  
QSO:   14125  CW 2020-11-29 1311  N2GA             599  5   UA4M             599  16  
QSO:   14125  CW 2020-11-29 1312  N2GA             599  5   EW8OM            599  16  
QSO:   14125  CW 2020-11-29 1312  N2GA             599  5   M3A              599  14  
QSO:   14125  CW 2020-11-29 1314  N2GA             599  5   IK3TT            599  15  
QSO:   14125  CW 2020-11-29 1315  N2GA             599  5   GW5R             599  14  
QSO:   14125  CW 2020-11-29 1315  N2GA             599  5   SJ2W             599  14  
QSO:   14125  CW 2020-11-29 1315  N2GA             599  5   M0BLF            599  14  
QSO:   14125  CW 2020-11-29 1316  N2GA             599  5   DM5EM            599  14  
QSO:   14125  CW 2020-11-29 1316  N2GA             599  5   RA3YDA           599  16  
QSO:   14125  CW 2020-11-29 1316  N2GA             599  5   RM9A             599  17  
QSO:   14125  CW 2020-11-29 1317  N2GA             599  5   UT5C             599  16  
QSO:   14125  CW 2020-11-29 1318  N2GA             599  5   EU8N             599  16  
QSO:   14125  CW 2020-11-29 1318  N2GA             599  5   TM6X             599  14  
QSO:   14125  CW 2020-11-29 1319  N2GA             599  5   RT4D             599  16  
QSO:   14125  CW 2020-11-29 1319  N2GA             599  5   OE8TED           599  15  
QSO:   14125  CW 2020-11-29 1320  N2GA             599  5   PA0INA           599  14  
QSO:   14125  CW 2020-11-29 1321  N2GA             599  5   RN5AA            599  16  
QSO:   14125  CW 2020-11-29 1323  N2GA             599  5   R5IA             599  16  
QSO:   14125  CW 2020-11-29 1323  N2GA             599  5   OK4MM            599  15  
QSO:   14125  CW 2020-11-29 1324  N2GA             599  5   9A5Y             599  15  
QSO:   14125  CW 2020-11-29 1325  N2GA             599  5   SQ8N             599  15  
QSO:   14125  CW 2020-11-29 1325  N2GA             599  5   DJ3HW            599  14  
QSO:   14125  CW 2020-11-29 1326  N2GA             599  5   UA6LUQ           599  16  
QSO:   14125  CW 2020-11-29 1326  N2GA             599  5   R6CA             599  16  
QSO:   14125  CW 2020-11-29 1327  N2GA             599  5   HB9CA            599  14  
QSO:   14125  CW 2020-11-29 1327  N2GA             599  5   PC3T             599  14  
QSO:   14125  CW 2020-11-29 1328  N2GA             599  5   DP8M             599  14  
QSO:   14125  CW 2020-11-29 1328  N2GA             599  5   IO2O             599  15  
QSO:   14125  CW 2020-11-29 1328  N2GA             599  5   DJ2IA            599  14  
QSO:   14125  CW 2020-11-29 1329  N2GA             599  5   LY3AB            599  15  
QSO:   14125  CW 2020-11-29 1329  N2GA             599  5   SP2WDW           599  15  
QSO:   14125  CW 2020-11-29 1329  N2GA             599  5   RT4M             599  16  
QSO:   14125  CW 2020-11-29 1331  N2GA             599  5   GD4EIP           599  14  
QSO:   14125  CW 2020-11-29 1332  N2GA             599  5   LZ9W             599  20  
QSO:   14125  CW 2020-11-29 1332  N2GA             599  5   UA6GO            599  16  
QSO:   14125  CW 2020-11-29 1333  N2GA             599  5   DL1TD            599  14  
QSO:   14125  CW 2020-11-29 1334  N2GA             599  5   IK4WMH           599  15  
QSO:   14125  CW 2020-11-29 1334  N2GA             599  5   DF7EE            599  14  
QSO:   14125  CW 2020-11-29 1335  N2GA             599  5   RU4LM            599  16  
QSO:   14125  CW 2020-11-29 1335  N2GA             599  5   G3ZRJ            599  14  
QSO:   14125  CW 2020-11-29 1336  N2GA             599  5   RN2FQ            599  15  
QSO:   14125  CW 2020-11-29 1336  N2GA             599  5   DP7D             599  14  
QSO:   14125  CW 2020-11-29 1337  N2GA             599  5   SN7O             599  15  
QSO:   14125  CW 2020-11-29 1337  N2GA             599  5   F6FTB            599  14  
QSO:   14125  CW 2020-11-29 1337  N2GA             599  5   DL4WA            599  14  
QSO:   14125  CW 2020-11-29 1338  N2GA             599  5   SP7IIT           599  15  
QSO:   14125  CW 2020-11-29 1340  N2GA             599  5   UX1HW/M          599  16  
QSO:   14125  CW 2020-11-29 1340  N2GA             599  5   LY7R             599  15  
QSO:   14125  CW 2020-11-29 1341  N2GA             599  5   OE3KAB           599  15  
QSO:   14125  CW 2020-11-29 1341  N2GA             599  5   YU1EA            599  15  
QSO:   14125  CW 2020-11-29 1341  N2GA             599  5   OH5Z             599  15  
QSO:   14125  CW 2020-11-29 1342  N2GA             599  5   RZ4AG            599  16  
QSO:   14125  CW 2020-11-29 1345  N2GA             599  5   DL7AA            599  14  
QSO:   14125  CW 2020-11-29 1346  N2GA             599  5   S53BB            599  15  
QSO:   14125  CW 2020-11-29 1346  N2GA             599  5   EU4T             599  16  
QSO:   14125  CW 2020-11-29 1347  N2GA             599  5   SP9DUX           599  15  
QSO:   14125  CW 2020-11-29 1348  N2GA             599  5   IZ3NVR           599  15  
QSO:   14125  CW 2020-11-29 1350  N2GA             599  5   DL1EKO           599  14  
QSO:   14125  CW 2020-11-29 1351  N2GA             599  5   IK2CFD           599  15  
QSO:   14125  CW 2020-11-29 1352  N2GA             599  5   UA5C             599  16  
QSO:   14125  CW 2020-11-29 1352  N2GA             599  5   M3ECT            599  14  
QSO:   14125  CW 2020-11-29 1352  N2GA             599  5   LY2MM            599  15  
QSO:   14125  CW 2020-11-29 1353  N2GA             599  5   SN9N             599  15  
QSO:   14125  CW 2020-11-29 1353  N2GA             599  5   G0MTN            599  14  
QSO:   14125  CW 2020-11-29 1354  N2GA             599  5   IQ1LA            599  15  
QSO:   14125  CW 2020-11-29 1354  N2GA             599  5   SQ9S             599  15  
QSO:   14125  CW 2020-11-29 1354  N2GA             599  5   OM2DT            599  15  
QSO:   14125  CW 2020-11-29 1356  N2GA             599  5   UA3X             599  16  
QSO:   14125  CW 2020-11-29 1356  N2GA             599  5   SP2MKT           599  15  
QSO:   14125  CW 2020-11-29 1357  N2GA             599  5   OH6Z             599  15  
QSO:   14125  CW 2020-11-29 1358  N2GA             599  5   DG3T             599  14  
QSO:   14125  CW 2020-11-29 1358  N2GA             599  5   DF2SD            599  14  
QSO:   14125  CW 2020-11-29 1359  N2GA             599  5   PA6AA            599  14  
QSO:   14125  CW 2020-11-29 1359  N2GA             599  5   UA3AP            599  16  
QSO:   14125  CW 2020-11-29 1400  N2GA             599  5   F8DML            599  14  
QSO:   14125  CW 2020-11-29 1401  N2GA             599  5   F6HST            599  14  
QSO:   14125  CW 2020-11-29 1403  N2GA             599  5   F6HBI            599  14  
QSO:   14125  CW 2020-11-29 1404  N2GA             599  5   DK7HA            599  14  
QSO:   14125  CW 2020-11-29 1404  N2GA             599  5   RT6A             599  16  
QSO:   14125  CW 2020-11-29 1404  N2GA             599  5   UZ2M             599  16  
QSO:   14125  CW 2020-11-29 1405  N2GA             599  5   HG6L             599  15  
QSO:   14125  CW 2020-11-29 1406  N2GA             599  5   R2VA             599  16  
QSO:   14125  CW 2020-11-29 1406  N2GA             599  5   SP7PZS           599  15  
QSO:   14125  CW 2020-11-29 1407  N2GA             599  5   SQ6MS            599  15  
QSO:   14125  CW 2020-11-29 1408  N2GA             599  5   DL1RTS           599  14  
QSO:   14125  CW 2020-11-29 1408  N2GA             599  5   LZ5VV            599  20  
QSO:   14125  CW 2020-11-29 1409  N2GA             599  5   F5POJ            599  14  
QSO:   14125  CW 2020-11-29 1409  N2GA             599  5   EA2CAR           599  14  
QSO:   14125  CW 2020-11-29 1409  N2GA             599  5   CO8RH            599  08  
QSO:   14125  CW 2020-11-29 1409  N2GA             599  5   ON6NL            599  14  
QSO:   14125  CW 2020-11-29 1410  N2GA             599  5   US3IRX           599  16  
QSO:   14125  CW 2020-11-29 1411  N2GA             599  5   OM7AG            599  15  
QSO:   14125  CW 2020-11-29 1412  N2GA             599  5   IK2WSA           599  15  
QSO:   14125  CW 2020-11-29 1412  N2GA             599  5   R3XA             599  16  
QSO:   14125  CW 2020-11-29 1413  N2GA             599  5   OL1ADZ           599  15  
QSO:   14125  CW 2020-11-29 1413  N2GA             599  5   DL9ZP            599  14  
QSO:   14125  CW 2020-11-29 1414  N2GA             599  5   PA9M             599  14  
QSO:   14125  CW 2020-11-29 1415  N2GA             599  5   DL3JFN           599  14  
QSO:   14125  CW 2020-11-29 1415  N2GA             599  5   DH0JAE           599  14  
QSO:   14125  CW 2020-11-29 1416  N2GA             599  5   UT7IS            599  16  
QSO:   14125  CW 2020-11-29 1417  N2GA             599  5   DL9LM            599  14  
QSO:   14125  CW 2020-11-29 1417  N2GA             599  5   G4OWT            599  14  
QSO:   14125  CW 2020-11-29 1417  N2GA             599  5   S52D             599  15  
QSO:   14125  CW 2020-11-29 1417  N2GA             599  5   OM2XA            599  15  
QSO:   14125  CW 2020-11-29 1418  N2GA             599  5   DM2M             599  14  
QSO:   14125  CW 2020-11-29 1419  N2GA             599  5   G3P              599  14  
QSO:   14125  CW 2020-11-29 1420  N2GA             599  5   PD2JAM           599  14  
QSO:   14125  CW 2020-11-29 1421  N2GA             599  5   UY7LM            599  16  
QSO:   14125  CW 2020-11-29 1423  N2GA             599  5   HA8IB            599  15  
QSO:   14125  CW 2020-11-29 1425  N2GA             599  5   R1BET            599  16  
QSO:   14125  CW 2020-11-29 1426  N2GA             599  5   YO4CAH           599  20  
QSO:   14125  CW 2020-11-29 1427  N2GA             599  5   OK2DIK           599  15  
QSO:   14125  CW 2020-11-29 1428  N2GA             599  5   F5VV             599  14  
QSO:   14125  CW 2020-11-29 1429  N2GA             599  5   DF6QV            599  14  
QSO:   14125  CW 2020-11-29 1429  N2GA             599  5   DJ5MO            599  14  
QSO:   14125  CW 2020-11-29 1429  N2GA             599  5   IK1MEG           599  15  
QSO:   14125  CW 2020-11-29 1430  N2GA             599  5   HA0MK            599  15  
QSO:   14125  CW 2020-11-29 1430  N2GA             599  5   UT3EV            599  16  
QSO:   14125  CW 2020-11-29 1431  N2GA             599  5   DL5GAC           599  14  
QSO:   14125  CW 2020-11-29 1431  N2GA             599  5   DF2KK            599  14  
QSO:   14125  CW 2020-11-29 1431  N2GA             599  5   DK3GI            599  14  
QSO:   14125  CW 2020-11-29 1433  N2GA             599  5   UR3LM            599  16  
QSO:   14125  CW 2020-11-29 1435  N2GA             599  5   PA2REH           599  14  
QSO:   14125  CW 2020-11-29 1437  N2GA             599  5   RU3A             599  16  
QSO:   14125  CW 2020-11-29 1438  N2GA             599  5   RT2X             599  16  
QSO:   14125  CW 2020-11-29 1439  N2GA             599  5   OK2SGY           599  15  
QSO:   14125  CW 2020-11-29 1440  N2GA             599  5   RD4F             599  16  
QSO:   14125  CW 2020-11-29 1440  N2GA             599  5   S53FO            599  15  
QSO:   14125  CW 2020-11-29 1441  N2GA             599  5   OH2BA            599  15  
QSO:   14125  CW 2020-11-29 1441  N2GA             599  5   IN3FHE           599  15  
QSO:   14125  CW 2020-11-29 1442  N2GA             599  5   OM6AL            599  15  
QSO:   14125  CW 2020-11-29 1444  N2GA             599  5   DJ3NJ            599  14  
QSO:   14125  CW 2020-11-29 1445  N2GA             599  5   PA7LV            599  14  
QSO:   14125  CW 2020-11-29 1446  N2GA             599  5   DM7W             599  14  
QSO:   14125  CW 2020-11-29 1446  N2GA             599  5   OK1VK            599  15  
QSO:   14125  CW 2020-11-29 1447  N2GA             599  5   F5ILS            599  14  
QSO:   14125  CW 2020-11-29 1448  N2GA             599  5   DL0UM            599  14  
QSO:   14125  CW 2020-11-29 1448  N2GA             599  5   OZ6AGX           599  14  
QSO:   14125  CW 2020-11-29 1448  N2GA             599  5   HB9DAX           599  14  
QSO:   14125  CW 2020-11-29 1449  N2GA             599  5   OH3WW            599  15  
QSO:   14125  CW 2020-11-29 1450  N2GA             599  5   DD7NT            599  14  
QSO:   14125  CW 2020-11-29 1451  N2GA             599  5   RZ4Z             599  16  
QSO:   14125  CW 2020-11-29 1451  N2GA             599  5   PC1PM            599  14  
QSO:   14125  CW 2020-11-29 1452  N2GA             599  5   G3OND            599  14  
QSO:   14125  CW 2020-11-29 1453  N2GA             599  5   F4EFI            599  14  
QSO:   14125  CW 2020-11-29 1454  N2GA             599  5   SP6ZHP           599  15  
QSO:   14125  CW 2020-11-29 1454  N2GA             599  5   SP9H             599  15  
QSO:   14125  CW 2020-11-29 1454  N2GA             599  5   EA7W             599  14  
QSO:   14125  CW 2020-11-29 1455  N2GA             599  5   DL4FN            599  14  
QSO:   14125  CW 2020-11-29 1456  N2GA             599  5   DL1LH            599  14  
QSO:   14125  CW 2020-11-29 1457  N2GA             599  5   EF5DX            599  14  
QSO:   14125  CW 2020-11-29 1457  N2GA             599  5   OR2A             599  14  
QSO:   14125  CW 2020-11-29 1458  N2GA             599  5   G4IRN            599  14  
QSO:   14125  CW 2020-11-29 1458  N2GA             599  5   OK2VWB           599  15  
QSO:   14125  CW 2020-11-29 1459  N2GA             599  5   UR5AMJ           599  16  
QSO:   14125  CW 2020-11-29 1501  N2GA             599  5   PA0RBA           599  14  
QSO:   14125  CW 2020-11-29 1502  N2GA             599  5   LZ1AQ            599  20  
QSO:   14125  CW 2020-11-29 1502  N2GA             599  5   DM3F             599  14  
QSO:   14125  CW 2020-11-29 1503  N2GA             599  5   F/E72T           599  14  
QSO:   14125  CW 2020-11-29 1503  N2GA             599  5   EA5YU            599  14  
QSO:   14125  CW 2020-11-29 1503  N2GA             599  5   IT9LKX           599  15  
QSO:   14125  CW 2020-11-29 1504  N2GA             599  5   VE5MX            599  04  
QSO:   14125  CW 2020-11-29 1504  N2GA             599  5   OZ8PG            599  14  
QSO:   14125  CW 2020-11-29 1504  N2GA             599  5   DG5E             599  14  
QSO:   14125  CW 2020-11-29 1505  N2GA             599  5   LY5G             599  15  
QSO:   14125  CW 2020-11-29 1505  N2GA             599  5   EA5D             599  14  
QSO:   14125  CW 2020-11-29 1505  N2GA             599  5   G4U              599  14  
QSO:   14125  CW 2020-11-29 1506  N2GA             599  5   LZ1VKD           599  20  
QSO:   14125  CW 2020-11-29 1506  N2GA             599  5   PA7WW            599  14  
QSO:   14125  CW 2020-11-29 1506  N2GA             599  5   UT4XU            599  16  
QSO:   14125  CW 2020-11-29 1507  N2GA             599  5   UA3EDQ           599  16  
QSO:   14125  CW 2020-11-29 1507  N2GA             599  5   RA3S             599  16  
QSO:   14125  CW 2020-11-29 1508  N2GA             599  5   RA5G             599  16  
QSO:   14125  CW 2020-11-29 1509  N2GA             599  5   UY7C             599  16  
QSO:   14125  CW 2020-11-29 1510  N2GA             599  5   DJ9CN            599  14  
QSO:   14125  CW 2020-11-29 1511  N2GA             599  5   DF7EM            599  14  
QSO:   14125  CW 2020-11-29 1512  N2GA             599  5   UT6EE            599  16  
QSO:   14125  CW 2020-11-29 1513  N2GA             599  5   VE1RSM           599  05  
QSO:   14125  CW 2020-11-29 1513  N2GA             599  5   VA7DX            599  03  
QSO:   14125  CW 2020-11-29 1514  N2GA             599  5   HA0MK            599  15  
QSO:   14125  CW 2020-11-29 1515  N2GA             599  5   PA0RHA           599  14  
QSO:   14125  CW 2020-11-29 1515  N2GA             599  5   SP3A             599  15  
QSO:   14125  CW 2020-11-29 1516  N2GA             599  5   DM5B             599  14  
QSO:   14125  CW 2020-11-29 1516  N2GA             599  5   LZ6E             599  20  
QSO:   14125  CW 2020-11-29 1516  N2GA             599  5   UR6EA            599  16  
QSO:   14125  CW 2020-11-29 1517  N2GA             599  5   F5KKD            599  14  
QSO:   14125  CW 2020-11-29 1518  N2GA             599  5   DF2DR            599  14  
QSO:   14125  CW 2020-11-29 1519  N2GA             599  5   OK2ABU           599  15  
QSO:   14125  CW 2020-11-29 1520  N2GA             599  5   GW4HBK           599  14  
QSO:   14125  CW 2020-11-29 1521  N2GA             599  5   DM2C             599  14  
QSO:   14125  CW 2020-11-29 1521  N2GA             599  5   VA7RR            599  03  
QSO:   14125  CW 2020-11-29 1522  N2GA             599  5   S57KM            599  15  
QSO:   14125  CW 2020-11-29 1524  N2GA             599  5   IK2WXQ           599  15  
QSO:   14125  CW 2020-11-29 1524  N2GA             599  5   PA8AD            599  14  
QSO:   14125  CW 2020-11-29 1525  N2GA             599  5   SN1T             599  15  
QSO:   14125  CW 2020-11-29 1525  N2GA             599  5   PC4H             599  14  
QSO:   14125  CW 2020-11-29 1526  N2GA             599  5   OK1FU            599  15  
QSO:   14125  CW 2020-11-29 1526  N2GA             599  5   SK0QO            599  14  
QSO:   14125  CW 2020-11-29 1527  N2GA             599  5   YU1NR            599  15  
QSO:   14125  CW 2020-11-29 1527  N2GA             599  5   YL2CV            599  15  
QSO:   14125  CW 2020-11-29 1529  N2GA             599  5   EE2E             599  14  
QSO:   14125  CW 2020-11-29 1530  N2GA             599  5   HG5D             599  15  
QSO:   14125  CW 2020-11-29 1531  N2GA             599  5   S53WW            599  15  
QSO:   14125  CW 2020-11-29 1533  N2GA             599  5   IK1RQQ           599  15  
QSO:   14125  CW 2020-11-29 1533  N2GA             599  5   IK4MTF           599  15  
QSO:   14125  CW 2020-11-29 1533  N2GA             599  5   S53MM            599  15  
QSO:   14125  CW 2020-11-29 1534  N2GA             599  5   UY5QR            599  16  
QSO:   14125  CW 2020-11-29 1535  N2GA             599  5   G4ELZ            599  14  
QSO:   14125  CW 2020-11-29 1535  N2GA             599  5   VE7JH            599  03  
QSO:   14125  CW 2020-11-29 1536  N2GA             599  5   OK5OK            599  15  
QSO:   14125  CW 2020-11-29 1536  N2GA             599  5   HA8KW            599  15  
QSO:   14125  CW 2020-11-29 1537  N2GA             599  5   UT1DX            599  16  
QSO:   14125  CW 2020-11-29 1538  N2GA             599  5   S58WW            599  15  
QSO:   14125  CW 2020-11-29 1540  N2GA             599  5   OL2A             599  15  
QSO:   14125  CW 2020-11-29 1540  N2GA             599  5   DL5XJ            599  14  
QSO:   14125  CW 2020-11-29 1542  N2GA             599  5   OE1OPW           599  15  
QSO:   14125  CW 2020-11-29 1543  N2GA             599  5   OE6MDF           599  15  
QSO:   14125  CW 2020-11-29 1544  N2GA             599  5   DL6NAV           599  14  
QSO:   14125  CW 2020-11-29 1545  N2GA             599  5   ES9C             599  15  
QSO:   14125  CW 2020-11-29 1546  N2GA             599  5   DL3XM            599  14  
QSO:   14125  CW 2020-11-29 1546  N2GA             599  5   S59AA            599  15  
QSO:   14125  CW 2020-11-29 1548  N2GA             599  5   S50XX            599  15  
QSO:   14125  CW 2020-11-29 1548  N2GA             599  5   OZ8CT            599  14  
QSO:   14125  CW 2020-11-29 1548  N2GA             599  5   SO0N             599  15  
QSO:   14125  CW 2020-11-29 1549  N2GA             599  5   OL5A             599  15  
QSO:   14125  CW 2020-11-29 1549  N2GA             599  5   RA3DNC           599  16  
QSO:   14125  CW 2020-11-29 1550  N2GA             599  5   DL9DBZ           599  14  
QSO:   14125  CW 2020-11-29 1550  N2GA             599  5   YV5IUA           599  09  
QSO:   14125  CW 2020-11-29 1552  N2GA             599  5   OH3077F          599  15  
QSO:   14125  CW 2020-11-29 1552  N2GA             599  5   F6EYB            599  14  
QSO:   14125  CW 2020-11-29 1553  N2GA             599  5   DJ7UC            599  14  
QSO:   14125  CW 2020-11-29 1555  N2GA             599  5   S52MZ            599  15  
QSO:   14125  CW 2020-11-29 1557  N2GA             599  5   YO3FFF           599  20  
QSO:   14125  CW 2020-11-29 1557  N2GA             599  5   R3FA             599  16  
QSO:   14125  CW 2020-11-29 1558  N2GA             599  5   OK2PBG           599  15  
QSO:   14125  CW 2020-11-29 1558  N2GA             599  5   RM3F             599  16  
QSO:   14125  CW 2020-11-29 1559  N2GA             599  5   PA2A             599  14  
QSO:   14125  CW 2020-11-29 1559  N2GA             599  5   F6GCI            599  14  
QSO:   14125  CW 2020-11-29 1559  N2GA             599  5   SP9KDA           599  15  
QSO:   14125  CW 2020-11-29 1600  N2GA             599  5   DJ2TG            599  14  
QSO:   14125  CW 2020-11-29 1600  N2GA             599  5   DL1SAN           599  14  
QSO:   14125  CW 2020-11-29 1601  N2GA             599  5   LA5LJA           599  14  
QSO:   14125  CW 2020-11-29 1601  N2GA             599  5   I0KHY            599  15  
QSO:   14125  CW 2020-11-29 1602  N2GA             599  5   F6GCI            599  14  
QSO:   14125  CW 2020-11-29 1603  N2GA             599  5   LZ9R             599  20  
QSO:   14125  CW 2020-11-29 1603  N2GA             599  5   YL9T             599  15  
QSO:   14125  CW 2020-11-29 1605  N2GA             599  5   EA3BOW           599  14  
QSO:   14125  CW 2020-11-29 1605  N2GA             599  5   EU4U             599  16  
QSO:   14125  CW 2020-11-29 1606  N2GA             599  5   G0FGI            599  14  
QSO:   14125  CW 2020-11-29 1606  N2GA             599  5   OK2QA            599  15  
QSO:   14125  CW 2020-11-29 1607  N2GA             599  5   OG6N             599  15  
QSO:   14125  CW 2020-11-29 1610  N2GA             599  5   DJ8EW            599  14  
QSO:   14125  CW 2020-11-29 1610  N2GA             599  5   DF5UL            599  14  
QSO:   14125  CW 2020-11-29 1610  N2GA             599  5   YO4RST           599  20  
QSO:   14125  CW 2020-11-29 1610  N2GA             599  5   OK1KKI           599  15  
QSO:   14125  CW 2020-11-29 1612  N2GA             599  5   DL7CX            599  14  
QSO:   14125  CW 2020-11-29 1615  N2GA             599  5   DF9PG            599  14  
QSO:   14125  CW 2020-11-29 1617  N2GA             599  5   T46W             599  08  
QSO:   14125  CW 2020-11-29 1617  N2GA             599  5   S52GO            599  15  
QSO:   14125  CW 2020-11-29 1618  N2GA             599  5   SM3PZG           599  14  
QSO:   14125  CW 2020-11-29 1618  N2GA             599  5   G3XPO            599  14  
QSO:   14125  CW 2020-11-29 1620  N2GA             599  5   EA7X             599  14  
QSO:   14125  CW 2020-11-29 1621  N2GA             599  5   G4DYC            599  14  
QSO:   14125  CW 2020-11-29 1622  N2GA             599  5   YO2LEA           599  20  
QSO:   14125  CW 2020-11-29 1622  N2GA             599  5   DK3WM            599  14  
QSO:   14125  CW 2020-11-29 1624  N2GA             599  5   DL6RAI           599  14  
QSO:   14125  CW 2020-11-29 1625  N2GA             599  5   YO9HP            599  20  
QSO:   14125  CW 2020-11-29 1626  N2GA             599  5   DL6ON            599  14  
QSO:   14125  CW 2020-11-29 1627  N2GA             599  5   OK2BRJ           599  15  
QSO:   14125  CW 2020-11-29 1628  N2GA             599  5   IK2AHB           599  15  
QSO:   14125  CW 2020-11-29 1628  N2GA             599  5   LY4A             599  15  
QSO:   14125  CW 2020-11-29 1629  N2GA             599  5   DJ2QV            599  14  
QSO:   14125  CW 2020-11-29 1630  N2GA             599  5   F4CVQ            599  14  
QSO:   14125  CW 2020-11-29 1631  N2GA             599  5   OK2MBP           599  15  
QSO:   14125  CW 2020-11-29 1633  N2GA             599  5   9A2VQ            599  15  
QSO:   14125  CW 2020-11-29 1633  N2GA             599  5   MM2T             599  14  
QSO:   14125  CW 2020-11-29 1634  N2GA             599  5   G3OKA            599  14  
QSO:   14125  CW 2020-11-29 1635  N2GA             599  5   DL7JV            599  14  
QSO:   14125  CW 2020-11-29 1635  N2GA             599  5   DL9FBF           599  14  
QSO:   14125  CW 2020-11-29 1635  N2GA             599  5   M0B              599  14  
QSO:   14125  CW 2020-11-29 1635  N2GA             599  5   F6BBQ            599  14  
QSO:   14125  CW 2020-11-29 1636  N2GA             599  5   MI0BPB           599  14  
QSO:   14125  CW 2020-11-29 1637  N2GA             599  5   SQ5CZP           599  15  
QSO:   14125  CW 2020-11-29 1638  N2GA             599  5   DL1NEO           599  14  
QSO:   14125  CW 2020-11-29 1639  N2GA             599  5   S58RU            599  15  
QSO:   14125  CW 2020-11-29 1640  N2GA             599  5   YU5R             599  15  
QSO:   14125  CW 2020-11-29 1640  N2GA             599  5   SP8R             599  15  
QSO:   14125  CW 2020-11-29 1640  N2GA             599  5   G4BJM            599  14  
QSO:   14125  CW 2020-11-29 1641  N2GA             599  5   DF2RG            599  14  
QSO:   14125  CW 2020-11-29 1642  N2GA             599  5   9A3NC            599  15  
QSO:   14125  CW 2020-11-29 1643  N2GA             599  5   IV3DRP           599  15  
QSO:   14125  CW 2020-11-29 1644  N2GA             599  5   OH2BAH           599  15  
QSO:   14125  CW 2020-11-29 1644  N2GA             599  5   F8FHI            599  14  
QSO:   14125  CW 2020-11-29 1645  N2GA             599  5   CO6OV            599  08  
QSO:   14125  CW 2020-11-29 1648  N2GA             599  5   I4VEQ            599  15  
QSO:   14125  CW 2020-11-29 1649  N2GA             599  5   OL0W             599  15  
QSO:   14125  CW 2020-11-29 1651  N2GA             599  5   IU8DKG           599  15  
QSO:   14125  CW 2020-11-29 1652  N2GA             599  5   DH1AKY           599  14  
QSO:   14125  CW 2020-11-29 1654  N2GA             599  5   F6HBR            599  14  
QSO:   14125  CW 2020-11-29 1655  N2GA             599  5   HA7LW            599  15  
QSO:   14125  CW 2020-11-29 1656  N2GA             599  5   DH7KU            599  14  
QSO:   14125  CW 2020-11-29 1657  N2GA             599  5   DF9GR            599  14  
QSO:   14125  CW 2020-11-29 1657  N2GA             599  5   DK3WW            599  14  
QSO:   14125  CW 2020-11-29 1658  N2GA             599  5   IQ8XF            599  15  
QSO:   14125  CW 2020-11-29 1659  N2GA             599  5   DL3AO            599  14  
QSO:   14125  CW 2020-11-29 1700  N2GA             599  5   IK2XSL           599  15  
QSO:   14125  CW 2020-11-29 1701  N2GA             599  5   F5IDJ            599  14  
QSO:   14125  CW 2020-11-29 1702  N2GA             599  5   S57K             599  15  
QSO:   14125  CW 2020-11-29 1702  N2GA             599  5   IW2FUT           599  15  
QSO:   14125  CW 2020-11-29 1704  N2GA             599  5   IK2FIR           599  15  
QSO:   14125  CW 2020-11-29 1705  N2GA             599  5   G3VYI            599  14  
QSO:   14125  CW 2020-11-29 1706  N2GA             599  5   S58M             599  15  
QSO:   14125  CW 2020-11-29 1706  N2GA             599  5   IK3RIY           599  15  
QSO:   14125  CW 2020-11-29 1708  N2GA             599  5   SP6CIK           599  15  
QSO:   14125  CW 2020-11-29 1710  N2GA             599  5   IZ8EFD           599  15  
QSO:   14125  CW 2020-11-29 1710  N2GA             599  5   F5PCV            599  14  
QSO:   14125  CW 2020-11-29 1711  N2GA             599  5   DM3MM            599  14  
QSO:   14125  CW 2020-11-29 1713  N2GA             599  5   DL1RG            599  14  
QSO:   14125  CW 2020-11-29 1714  N2GA             599  5   S52WD            599  15  
QSO:   14125  CW 2020-11-29 1715  N2GA             599  5   VE7XT            599  03  
QSO:   14125  CW 2020-11-29 1716  N2GA             599  5   S56A             599  15  
QSO:   14125  CW 2020-11-29 1717  N2GA             599  5   S59X             599  15  
QSO:   14125  CW 2020-11-29 1717  N2GA             599  5   DH0GHU           599  14  
QSO:   14125  CW 2020-11-29 1719  N2GA             599  5   DL1WA            599  14  
QSO:   14125  CW 2020-11-29 1721  N2GA             599  5   EA5ICL           599  14  
QSO:   14125  CW 2020-11-29 1721  N2GA             599  5   OK2BFN           599  15  
QSO:   14125  CW 2020-11-29 1722  N2GA             599  5   HB9IJC           599  14  
QSO:   14125  CW 2020-11-29 1723  N2GA             599  5   K2LNS            599  05  
QSO:   14125  CW 2020-11-29 1724  N2GA             599  5   EA1DP            599  14  
QSO:   14125  CW 2020-11-29 1726  N2GA             599  5   SM5Q             599  14  
QSO:   14125  CW 2020-11-29 1728  N2GA             599  5   OS4M             599  14  
QSO:   14125  CW 2020-11-29 1728  N2GA             599  5   CT1ELZ           599  14  
QSO:   14125  CW 2020-11-29 1731  N2GA             599  5   DH1AKY           599  14  
QSO:   14034  CW 2020-11-29 1734  N2GA             599  5   EA9ACE           599  33  
QSO:   14111  CW 2020-11-29 1735  N2GA             599  5   3V8SS            599  33  
QSO:   14033  CW 2020-11-29 1737  N2GA             599  5   G2NF             599  14  
QSO:   28008  CW 2020-11-29 1740  N2GA             599  5   HK1X             599  09  
QSO:   28004  CW 2020-11-29 1741  N2GA             599  5   PX2A             599  11  
QSO:   28020  CW 2020-11-29 1743  N2GA             599  5   LW2DOD           599  13  
QSO:   28028  CW 2020-11-29 1745  N2GA             599  5   N7AT             599  03  
QSO:   28030  CW 2020-11-29 1746  N2GA             599  5   AZ1A/X           599  13  
QSO:   28034  CW 2020-11-29 1747  N2GA             599  5   KC1XX            599  05  
QSO:   28060  CW 2020-11-29 1751  N2GA             599  5   XE2AD            599  06  
QSO:   28025  CW 2020-11-29 1752  N2GA             599  5   OA4SS            599  10  
QSO:   28022  CW 2020-11-29 1753  N2GA             599  5   LU1DZ            599  13  
QSO:   21041  CW 2020-11-29 1755  N2GA             599  5   P40W             599  09  
QSO:   21043  CW 2020-11-29 1759  N2GA             599  5   5Z4VJ            599  37  
QSO:   21033  CW 2020-11-29 1804  N2GA             599  5   9Z4Y             599  09  
QSO:   21041  CW 2020-11-29 1805  N2GA             599  5   CN8KD            599  33  
QSO:   21015  CW 2020-11-29 1816  N2GA             599  5   XE1CT            599  06  
QSO:   14007  CW 2020-11-29 1823  N2GA             599  5   WJ9B             599  03  
QSO:   14071  CW 2020-11-29 1825  N2GA             599  5   OR2F             599  14  
QSO:   14079  CW 2020-11-29 1825  N2GA             599  5   EA5AER           599  14  
QSO:   14082  CW 2020-11-29 1826  N2GA             599  5   F5PRH            599  14  
QSO:   14084  CW 2020-11-29 1827  N2GA             599  5   WP3C             599  08  
QSO:   14086  CW 2020-11-29 1828  N2GA             599  5   IR2Q             599  15  
QSO:   14087  CW 2020-11-29 1828  N2GA             599  5   ED4T             599  14  
QSO:   14095  CW 2020-11-29 1829  N2GA             599  5   VE9AA            599  05  
QSO:   14105  CW 2020-11-29 1830  N2GA             599  5   F5VMN            599  14  
QSO:   14120  CW 2020-11-29 1832  N2GA             599  5   XE2AD            599  06  
QSO:   21013  CW 2020-11-29 1834  N2GA             599  5   LQ3D             599  13  
QSO:   21014  CW 2020-11-29 1835  N2GA             599  5   CT3KN            599  33  
QSO:   21040  CW 2020-11-29 1838  N2GA             599  5   HC2GRC           599  10  
QSO:   21043  CW 2020-11-29 1839  N2GA             599  5   KP3MM            599  08  
QSO:   21045  CW 2020-11-29 1840  N2GA             599  5   KP4EJ            599  08  
QSO:   21047  CW 2020-11-29 1841  N2GA             599  5   CX1AA            599  13  
QSO:   21047  CW 2020-11-29 1842  N2GA             599  5   PQ3B             599  11  
QSO:   21048  CW 2020-11-29 1843  N2GA             599  5   KP3DX            599  08  
QSO:   21050  CW 2020-11-29 1845  N2GA             599  5   VE5MX            599  04  
QSO:   21052  CW 2020-11-29 1846  N2GA             599  5   LU1ICX           599  13  
QSO:   21054  CW 2020-11-29 1847  N2GA             599  5   PY2FRQ           599  11  
QSO:   14054  CW 2020-11-29 1851  N2GA             599  5   EA5RS            599  14  
QSO:   14065  CW 2020-11-29 1853  N2GA             599  5   AL1G             599  01  
QSO:   14027  CW 2020-11-29 1934  N2GA             599  5   V31MA            599  07  
QSO:   21027  CW 2020-11-29 1938  N2GA             599  5   HP3SS            599  07  
QSO:   21006  CW 2020-11-29 1939  N2GA             599  5   VE3EJ            599  04  
QSO:   21045  CW 2020-11-29 1948  N2GA             599  5   FY5KE            599  09  
QSO:   21028  CW 2020-11-29 1949  N2GA             599  5   FM5FJ            599  08  
QSO:   21060  CW 2020-11-29 1954  N2GA             599  5   YV4ABR           599  09  
QSO:   21051  CW 2020-11-29 1958  N2GA             599  5   AL7LO            599  01  
QSO:    7017  CW 2020-11-29 2001  N2GA             599  5   OK1MV            599  15  
QSO:    7023  CW 2020-11-29 2003  N2GA             599  5   OM4Q             599  15  
QSO:    7023  CW 2020-11-29 2003  N2GA             599  5   HG8A             599  15  
QSO:    7024  CW 2020-11-29 2007  N2GA             599  5   F6IRA            599  14  
QSO:    7026  CW 2020-11-29 2008  N2GA             599  5   RT6A             599  16  
QSO:    7026  CW 2020-11-29 2009  N2GA             599  5   IK5ZWU           599  15  
QSO:    7070  CW 2020-11-29 2015  N2GA             599  5   DJ7TO            599  14  
QSO:    7025  CW 2020-11-29 2017  N2GA             599  5   VE3YAA           599  04  
QSO:    7022  CW 2020-11-29 2018  N2GA             599  5   OK8AU            599  15  
QSO:    7022  CW 2020-11-29 2018  N2GA             599  5   FM5BH            599  08  
QSO:   14078  CW 2020-11-29 2024  N2GA             599  5   FG8NY            599  08  
QSO:   14001  CW 2020-11-29 2026  N2GA             599  5   P40W             599  09  
QSO:    7011  CW 2020-11-29 2034  N2GA             599  5   LZ7G             599  20  
QSO:    7029  CW 2020-11-29 2035  N2GA             599  5   A60A             599  21  
QSO:   14000  CW 2020-11-29 2040  N2GA             599  5   V73NS            599  31  
QSO:   14069  CW 2020-11-29 2048  N2GA             599  5   HK6J             599  09  
QSO:   14057  CW 2020-11-29 2054  N2GA             599  5   ZS2NF            599  38  
QSO:   21004  CW 2020-11-29 2103  N2GA             599  5   NN7CW            599  05  
QSO:    7014  CW 2020-11-29 2105  N2GA             599  5   HG6Y             599  15  
QSO:    7013  CW 2020-11-29 2107  N2GA             599  5   OM7M             599  15  
QSO:    7037  CW 2020-11-29 2110  N2GA             599  5   CO8ZZ            599  08  
QSO:    7037  CW 2020-11-29 2112  N2GA             599  5   HG3N             599  15  
QSO:    7036  CW 2020-11-29 2112  N2GA             599  5   UZ2M             599  16  
QSO:    7000  CW 2020-11-29 2114  N2GA             599  5   DQ1A             599  14  
QSO:    7029  CW 2020-11-29 2115  N2GA             599  5   LN8W             599  14  
QSO:   21027  CW 2020-11-29 2123  N2GA             599  5   AZ1A/X           599  13  
QSO:    7023  CW 2020-11-29 2133  N2GA             599  5   HG8A             599  15  
QSO:    7065  CW 2020-11-29 2134  N2GA             599  5   VE3KP            599  04  
QSO:    7024  CW 2020-11-29 2135  N2GA             599  5   OL3Z             599  15  
QSO:    7022  CW 2020-11-29 2136  N2GA             599  5   YU7XX            599  15  
QSO:    7056  CW 2020-11-29 2142  N2GA             599  5   DP7D             599  14  
QSO:    7053  CW 2020-11-29 2143  N2GA             599  5   VE2IM            599  02  
QSO:    7039  CW 2020-11-29 2148  N2GA             599  5   EA5KA            599  14  
QSO:    7033  CW 2020-11-29 2150  N2GA             599  5   ED7O             599  14  
END-OF-LOG:
