START-OF-LOG: 3.0
CONTEST: CQ-WW-CW
CALLSIGN: N7UVH
LOCATION: ID
CATEGORY-OPERATOR: SINGLE-OP
CATEGORY-ASSISTED: ASSISTED
CATEGORY-BAND: ALL
CATEGORY-POWER: LOW
CATEGORY-MODE: CW
CATEGORY-TRANSMITTER: ONE
CATEGORY-OVERLAY:
GRID-LOCATOR: dn17
CLAIMED-SCORE: 250380
NAME: MURF
OPERATORS: N7UVH
CLUB: SPOKANE DX ASSOCIATION
CREATED-BY: N1MM Logger+ 1.0.8718.0
QSO:   14031  CW 2020-11-28 0008  N7UVH            599  3   NC6K             599  03  
QSO:   14030  CW 2020-11-28 0016  N7UVH            599  3   TI7W             599  07  
QSO:   14048  CW 2020-11-28 0024  N7UVH            599  3   NR5M             599  04  
QSO:    7035  CW 2020-11-28 0252  N7UVH            599  3   WG3J             599  05  
QSO:    7052  CW 2020-11-28 0307  N7UVH            599  3   LU7YS            599  13  
QSO:    3537  CW 2020-11-28 0311  N7UVH            599  3   N3QE             599  05  
QSO:    7059  CW 2020-11-28 0315  N7UVH            599  3   K9CT             599  04  
QSO:    7063  CW 2020-11-28 0316  N7UVH            599  3   NL7K             599  01  
QSO:    7065  CW 2020-11-28 0318  N7UVH            599  3   KP2M             599  08  
QSO:    7081  CW 2020-11-28 0324  N7UVH            599  3   ZF1A             599  08  
QSO:    7087  CW 2020-11-28 0328  N7UVH            599  3   PY5AMF           599  11  
QSO:    7028  CW 2020-11-28 0332  N7UVH            599  3   PR7AD            599  11  
QSO:    7048  CW 2020-11-28 0336  N7UVH            599  3   NO6T             599  03  
QSO:    7069  CW 2020-11-28 0338  N7UVH            599  3   CO8ZZ            599  08  
QSO:    7030  CW 2020-11-28 0344  N7UVH            599  3   FM5BH            599  08  
QSO:    7051  CW 2020-11-28 0357  N7UVH            599  3   PP1CZ            599  11  
QSO:    7056  CW 2020-11-28 0358  N7UVH            599  3   LU8MHL           599  13  
QSO:    7033  CW 2020-11-28 0431  N7UVH            599  3   KH7M             599  31  
QSO:    7039  CW 2020-11-28 0434  N7UVH            599  3   PX2A             599  11  
QSO:    7084  CW 2020-11-28 0445  N7UVH            599  3   C6AGU            599  08  
QSO:    3549  CW 2020-11-28 0449  N7UVH            599  3   VE5MX            599  04  
QSO:    3560  CW 2020-11-28 0452  N7UVH            599  3   K0EJ             599  04  
QSO:    1819  CW 2020-11-28 0455  N7UVH            599  3   W7VJ             599  03  
QSO:    1826  CW 2020-11-28 0500  N7UVH            599  3   C6AGU            599  08  
QSO:    1827  CW 2020-11-28 0504  N7UVH            599  3   VE3JM            599  04  
QSO:    1833  CW 2020-11-28 0514  N7UVH            599  3   NP2J             599  08  
QSO:    1820  CW 2020-11-28 0518  N7UVH            599  3   VE3CX            599  04  
QSO:    1816  CW 2020-11-28 0532  N7UVH            599  3   VE5MX            599  04  
QSO:    1829  CW 2020-11-28 0535  N7UVH            599  3   AB3CX            599  05  
QSO:    1832  CW 2020-11-28 0537  N7UVH            599  3   VE3VN            599  04  
QSO:    1829  CW 2020-11-28 0540  N7UVH            599  3   VA7DX            599  03  
QSO:    1839  CW 2020-11-28 0541  N7UVH            599  3   VE2IM            599  02  
QSO:    7048  CW 2020-11-28 0557  N7UVH            599  3   ZM1A             599  32  
QSO:   14057  CW 2020-11-28 0601  N7UVH            599  3   VK4DX            599  30  
QSO:   14061  CW 2020-11-28 0607  N7UVH            599  3   VK4MA            599  30  
QSO:   14027  CW 2020-11-28 0623  N7UVH            599  3   ZL2AGY           599  32  
QSO:    7028  CW 2020-11-28 0636  N7UVH            599  3   PR7AB            599  11  
QSO:    7040  CW 2020-11-28 0639  N7UVH            599  3   VP9I             599  05  
QSO:    7041  CW 2020-11-28 0642  N7UVH            599  3   VA3AR            599  04  
QSO:    7045  CW 2020-11-28 0644  N7UVH            599  3   TI7W             599  07  
QSO:    1814  CW 2020-11-28 0647  N7UVH            599  3   KL7KY            599  01  
QSO:    1832  CW 2020-11-28 0651  N7UVH            599  3   CJ3T             599  04  
QSO:    1821  CW 2020-11-28 0722  N7UVH            599  3   VE3ZI            599  04  
QSO:    3535  CW 2020-11-28 0725  N7UVH            599  3   KH7M             599  31  
QSO:    3545  CW 2020-11-28 0728  N7UVH            599  3   KH7X             599  31  
QSO:    3551  CW 2020-11-28 0732  N7UVH            599  3   VA7ST            599  03  
QSO:    3567  CW 2020-11-28 0734  N7UVH            599  3   NP4AW            599  08  
QSO:    3581  CW 2020-11-28 0737  N7UVH            599  3   PJ4/DL6KR        599  09  
QSO:    3532  CW 2020-11-28 0739  N7UVH            599  3   VA7DX            599  03  
QSO:    3533  CW 2020-11-28 0741  N7UVH            599  3   VE7VR            599  03  
QSO:    3536  CW 2020-11-28 0743  N7UVH            599  3   XE2T             599  06  
QSO:    3530  CW 2020-11-28 0743  N7UVH            599  3   TI7W             599  07  
QSO:    7045  CW 2020-11-28 1218  N7UVH            599  3   JA7ZFN           599  25  
QSO:    7046  CW 2020-11-28 1218  N7UVH            599  3   VK2IA            599  30  
QSO:    7047  CW 2020-11-28 1220  N7UVH            599  3   JH1FSF           599  25  
QSO:    7053  CW 2020-11-28 1221  N7UVH            599  3   JR4OZR           599  25  
QSO:    7058  CW 2020-11-28 1223  N7UVH            599  3   JF2QNM           599  25  
QSO:    7026  CW 2020-11-28 1238  N7UVH            599  3   JR2GRX           599  25  
QSO:    7028  CW 2020-11-28 1240  N7UVH            599  3   JF1NHD           599  25  
QSO:    7033  CW 2020-11-28 1244  N7UVH            599  3   8J17CALL/1       599  25  
QSO:    7035  CW 2020-11-28 1246  N7UVH            599  3   BY5EA            599  24  
QSO:    7045  CW 2020-11-28 1252  N7UVH            599  3   XE1M             599  06  
QSO:    7042  CW 2020-11-28 1257  N7UVH            599  3   B7C              599  24  
QSO:    3526  CW 2020-11-28 1304  N7UVH            599  3   JQ1AEHC          599  25  
QSO:    3526  CW 2020-11-28 1306  N7UVH            599  3   JJ0JML           599  25  
QSO:    3528  CW 2020-11-28 1307  N7UVH            599  3   VE7GL            599  03  
QSO:    7026  CW 2020-11-28 1312  N7UVH            599  3   JA6ZPR           599  25  
QSO:    7029  CW 2020-11-28 1317  N7UVH            599  3   VA3FF            599  04  
QSO:    7031  CW 2020-11-28 1319  N7UVH            599  3   JF2VAX           599  25  
QSO:    7032  CW 2020-11-28 1319  N7UVH            599  3   JH4UYB           599  25  
QSO:    7033  CW 2020-11-28 1323  N7UVH            599  3   JQ1UXN           599  25  
QSO:    7033  CW 2020-11-28 1323  N7UVH            599  3   JL1CNY           599  25  
QSO:    7034  CW 2020-11-28 1324  N7UVH            599  3   JH7QXJ           599  25  
QSO:    7037  CW 2020-11-28 1326  N7UVH            599  3   B4T              599  24  
QSO:    7041  CW 2020-11-28 1328  N7UVH            599  3   JA1BJI           599  25  
QSO:    7047  CW 2020-11-28 1335  N7UVH            599  3   JH1EAQ           599  25  
QSO:    7062  CW 2020-11-28 1337  N7UVH            599  3   ZM4T             599  32  
QSO:    7033  CW 2020-11-28 1343  N7UVH            599  3   KH7Q             599  31  
QSO:    7043  CW 2020-11-28 1349  N7UVH            599  3   9M6NA            599  28  
QSO:    7051  CW 2020-11-28 1352  N7UVH            599  3   JA2AXB           599  25  
QSO:    7025  CW 2020-11-28 1353  N7UVH            599  3   VE5MX            599  04  
QSO:    7027  CW 2020-11-28 1357  N7UVH            599  3   YB8UTI           599  28  
QSO:    7048  CW 2020-11-28 1401  N7UVH            599  3   JA5EXN/5         599  25  
QSO:    7042  CW 2020-11-28 1418  N7UVH            599  3   VK3MI            599  30  
QSO:    7041  CW 2020-11-28 1421  N7UVH            599  3   VK4JU            599  30  
QSO:    7028  CW 2020-11-28 1504  N7UVH            599  3   4D3X             599  27  
QSO:   14040  CW 2020-11-28 1520  N7UVH            599  3   SQ2A             599  15  
QSO:   14036  CW 2020-11-28 1522  N7UVH            599  3   VA3SB            599  04  
QSO:   14035  CW 2020-11-28 1523  N7UVH            599  3   DD2ML            599  14  
QSO:   14033  CW 2020-11-28 1524  N7UVH            599  3   YT3K             599  15  
QSO:   14033  CW 2020-11-28 1526  N7UVH            599  3   OM7M             599  15  
QSO:   14031  CW 2020-11-28 1527  N7UVH            599  3   SG0Y             599  14  
QSO:   14026  CW 2020-11-28 1530  N7UVH            599  3   IR6T             599  15  
QSO:   14063  CW 2020-11-28 1537  N7UVH            599  3   DL5YM            599  14  
QSO:   14061  CW 2020-11-28 1539  N7UVH            599  3   DP6A             599  14  
QSO:   14061  CW 2020-11-28 1539  N7UVH            599  3   PA8AD            599  14  
QSO:   14060  CW 2020-11-28 1541  N7UVH            599  3   OS4M             599  14  
QSO:   14059  CW 2020-11-28 1542  N7UVH            599  3   S57DX            599  15  
QSO:   14058  CW 2020-11-28 1543  N7UVH            599  3   OL1C             599  15  
QSO:   14057  CW 2020-11-28 1547  N7UVH            599  3   YU7KW            599  15  
QSO:   14056  CW 2020-11-28 1548  N7UVH            599  3   DK3DM            599  14  
QSO:   14054  CW 2020-11-28 1550  N7UVH            599  3   IU1LCU           599  15  
QSO:   14053  CW 2020-11-28 1551  N7UVH            599  3   SX1T             599  20  
QSO:   14050  CW 2020-11-28 1555  N7UVH            599  3   OL0L             599  15  
QSO:   14049  CW 2020-11-28 1557  N7UVH            599  3   LZ9V             599  20  
QSO:   14049  CW 2020-11-28 1558  N7UVH            599  3   S57K             599  15  
QSO:   21028  CW 2020-11-28 1615  N7UVH            599  3   K9PPY            599  04  
QSO:   14044  CW 2020-11-28 1626  N7UVH            599  3   CR3W             599  33  
QSO:   14043  CW 2020-11-28 1628  N7UVH            599  3   IZ2DII           599  15  
QSO:   14040  CW 2020-11-28 1631  N7UVH            599  3   F5IN             599  14  
QSO:   14037  CW 2020-11-28 1633  N7UVH            599  3   DQ1A             599  14  
QSO:   14036  CW 2020-11-28 1633  N7UVH            599  3   IR4Y             599  15  
QSO:   14036  CW 2020-11-28 1635  N7UVH            599  3   WH7T             599  31  
QSO:   14033  CW 2020-11-28 1637  N7UVH            599  3   YT3X             599  15  
QSO:   14031  CW 2020-11-28 1640  N7UVH            599  3   OH8X             599  15  
QSO:   14030  CW 2020-11-28 1641  N7UVH            599  3   W1KM             599  05  
QSO:   14029  CW 2020-11-28 1643  N7UVH            599  3   EA4OR            599  14  
QSO:   14027  CW 2020-11-28 1645  N7UVH            599  3   MI5I             599  14  
QSO:   14027  CW 2020-11-28 1645  N7UVH            599  3   HA5JI            599  15  
QSO:   14026  CW 2020-11-28 1647  N7UVH            599  3   KH7M             599  31  
QSO:   14060  CW 2020-11-28 1651  N7UVH            599  3   OR3A             599  14  
QSO:   14060  CW 2020-11-28 1651  N7UVH            599  3   IQ2BZ            599  15  
QSO:   14057  CW 2020-11-28 1653  N7UVH            599  3   IK5ZWU           599  15  
QSO:   14056  CW 2020-11-28 1654  N7UVH            599  3   IO3F             599  15  
QSO:   14055  CW 2020-11-28 1655  N7UVH            599  3   F6EMA            599  14  
QSO:   14054  CW 2020-11-28 1656  N7UVH            599  3   GM4Z             599  14  
QSO:   14051  CW 2020-11-28 1659  N7UVH            599  3   TF3W             599  40  
QSO:   14048  CW 2020-11-28 1700  N7UVH            599  3   TM2Y             599  14  
QSO:   14045  CW 2020-11-28 1704  N7UVH            599  3   EA6FO            599  14  
QSO:   21040  CW 2020-11-28 1710  N7UVH            599  3   ZF1A             599  08  
QSO:   21039  CW 2020-11-28 1711  N7UVH            599  3   VE3EJ            599  04  
QSO:   21030  CW 2020-11-28 1713  N7UVH            599  3   K6MMM            599  03  
QSO:   21030  CW 2020-11-28 1716  N7UVH            599  3   ZS2DL            599  38  
QSO:   28012  CW 2020-11-28 1739  N7UVH            599  3   LU6DOT           599  13  
QSO:   28016  CW 2020-11-28 1740  N7UVH            599  3   LT7D             599  13  
QSO:   28025  CW 2020-11-28 1746  N7UVH            599  3   LU2FE            599  13  
QSO:   28030  CW 2020-11-28 1748  N7UVH            599  3   LW2DOD           599  13  
QSO:   28034  CW 2020-11-28 1749  N7UVH            599  3   PY2MC            599  11  
QSO:   21048  CW 2020-11-28 1757  N7UVH            599  3   CO6RD            599  08  
QSO:   21056  CW 2020-11-28 1802  N7UVH            599  3   CR2X             599  14  
QSO:   21059  CW 2020-11-28 1803  N7UVH            599  3   VE6BBP           599  04  
QSO:   21072  CW 2020-11-28 1812  N7UVH            599  3   KP3DX            599  08  
QSO:   21063  CW 2020-11-28 1814  N7UVH            599  3   CR3W             599  33  
QSO:   21062  CW 2020-11-28 1816  N7UVH            599  3   YV4ABR           599  09  
QSO:   21060  CW 2020-11-28 1817  N7UVH            599  3   PJ4A             599  09  
QSO:   21058  CW 2020-11-28 1819  N7UVH            599  3   XQ1KZ            599  12  
QSO:   21063  CW 2020-11-28 1819  N7UVH            599  3   PQ3B             599  11  
QSO:   21042  CW 2020-11-28 1824  N7UVH            599  3   PY5AMF           599  11  
QSO:   21028  CW 2020-11-28 1827  N7UVH            599  3   TI7W             599  07  
QSO:   21027  CW 2020-11-28 1831  N7UVH            599  3   4A50CRH          599  06  
QSO:   21062  CW 2020-11-28 1834  N7UVH            599  3   NP3X             599  08  
QSO:   28024  CW 2020-11-28 1846  N7UVH            599  3   CX1AA            599  13  
QSO:   28016  CW 2020-11-28 1851  N7UVH            599  3   L33M             599  13  
QSO:   28003  CW 2020-11-28 1907  N7UVH            599  3   CX2AQ            599  13  
QSO:   28002  CW 2020-11-28 1908  N7UVH            599  3   PY2YU            599  11  
QSO:   28029  CW 2020-11-28 1911  N7UVH            599  3   LU2DX            599  13  
QSO:   28033  CW 2020-11-28 1911  N7UVH            599  3   PY3OZ            599  11  
QSO:   28048  CW 2020-11-28 1912  N7UVH            599  3   PT4A             599  11  
QSO:   28055  CW 2020-11-28 1914  N7UVH            599  3   PY1ZV            599  11  
QSO:   28061  CW 2020-11-28 1916  N7UVH            599  3   LW1D             599  13  
QSO:   28011  CW 2020-11-28 1923  N7UVH            599  3   PY3DX            599  11  
QSO:   28027  CW 2020-11-28 1927  N7UVH            599  3   KU2C             599  05  
QSO:   21083  CW 2020-11-28 1928  N7UVH            599  3   CO8LY            599  08  
QSO:   21085  CW 2020-11-28 1929  N7UVH            599  3   LU5FC            599  13  
QSO:   21044  CW 2020-11-28 1939  N7UVH            599  3   NP3YL            599  08  
QSO:   21031  CW 2020-11-28 1940  N7UVH            599  3   N4UU             599  05  
QSO:   21032  CW 2020-11-28 1942  N7UVH            599  3   KH6LC            599  31  
QSO:   21028  CW 2020-11-28 1944  N7UVH            599  3   VK2IA            599  30  
QSO:   21040  CW 2020-11-28 1945  N7UVH            599  3   KL7RA            599  01  
QSO:   21068  CW 2020-11-28 1948  N7UVH            599  3   KH6CJJ           599  31  
QSO:   21051  CW 2020-11-28 1952  N7UVH            599  3   PW5N             599  11  
QSO:   21035  CW 2020-11-28 1956  N7UVH            599  3   LU2FE            599  13  
QSO:   21034  CW 2020-11-28 1958  N7UVH            599  3   ZM1A             599  32  
QSO:   14038  CW 2020-11-28 1959  N7UVH            599  3   VE3EY            599  04  
QSO:   14046  CW 2020-11-28 2001  N7UVH            599  3   D4Z              599  35  
QSO:   14044  CW 2020-11-28 2002  N7UVH            599  3   VE3CX            599  04  
QSO:   14030  CW 2020-11-28 2005  N7UVH            599  3   ZF5T             599  08  
QSO:   14028  CW 2020-11-28 2006  N7UVH            599  3   VE2IM            599  02  
QSO:   14025  CW 2020-11-28 2007  N7UVH            599  3   VA2WA            599  05  
QSO:   14036  CW 2020-11-28 2009  N7UVH            599  3   IJ2W             599  15  
QSO:   14047  CW 2020-11-28 2017  N7UVH            599  3   OH8L             599  15  
QSO:   14056  CW 2020-11-28 2019  N7UVH            599  3   AL1G             599  01  
QSO:   14061  CW 2020-11-28 2020  N7UVH            599  3   VA7RR            599  03  
QSO:   14025  CW 2020-11-28 2022  N7UVH            599  3   ZF1A             599  08  
QSO:   14033  CW 2020-11-28 2028  N7UVH            599  3   VE3KP            599  04  
QSO:   14039  CW 2020-11-28 2029  N7UVH            599  3   VA3EC            599  04  
QSO:   14040  CW 2020-11-28 2030  N7UVH            599  3   WP3C             599  08  
QSO:   14048  CW 2020-11-28 2033  N7UVH            599  3   KP3DX            599  08  
QSO:   14052  CW 2020-11-28 2037  N7UVH            599  3   KP2B             599  08  
QSO:   28013  CW 2020-11-28 2058  N7UVH            599  3   LU8MHL           599  13  
QSO:   28020  CW 2020-11-28 2059  N7UVH            599  3   LR1E             599  13  
QSO:   28022  CW 2020-11-28 2100  N7UVH            599  3   PP5RT            599  11  
QSO:   28030  CW 2020-11-28 2103  N7UVH            599  3   LU7HN            599  13  
QSO:   28032  CW 2020-11-28 2105  N7UVH            599  3   CE3CT            599  12  
QSO:   28036  CW 2020-11-28 2106  N7UVH            599  3   K4WI             599  04  
QSO:   28038  CW 2020-11-28 2107  N7UVH            599  3   LU3WC            599  13  
QSO:   28031  CW 2020-11-28 2109  N7UVH            599  3   KH7Q             599  31  
QSO:   21022  CW 2020-11-28 2114  N7UVH            599  3   CX2BR            599  13  
QSO:   21026  CW 2020-11-28 2115  N7UVH            599  3   9Z4Y             599  09  
QSO:   21029  CW 2020-11-28 2123  N7UVH            599  3   LO5D             599  13  
QSO:   21035  CW 2020-11-28 2127  N7UVH            599  3   V31MA            599  07  
QSO:   21035  CW 2020-11-28 2128  N7UVH            599  3   C6AGU            599  08  
QSO:   21041  CW 2020-11-28 2130  N7UVH            599  3   PX2A             599  11  
QSO:   21043  CW 2020-11-28 2131  N7UVH            599  3   PT4A             599  11  
QSO:   21047  CW 2020-11-28 2133  N7UVH            599  3   L33M             599  13  
QSO:   21060  CW 2020-11-28 2135  N7UVH            599  3   FY5KE            599  09  
QSO:   21066  CW 2020-11-28 2137  N7UVH            599  3   KP3MM            599  08  
QSO:   14025  CW 2020-11-28 2142  N7UVH            599  3   KP4JFR           599  08  
QSO:   14031  CW 2020-11-28 2143  N7UVH            599  3   HC2GRC           599  10  
QSO:   14033  CW 2020-11-28 2145  N7UVH            599  3   VE3UTT           599  04  
QSO:   14043  CW 2020-11-28 2156  N7UVH            599  3   VE3DEX           599  04  
QSO:   14044  CW 2020-11-28 2210  N7UVH            599  3   JR3NZC           599  25  
QSO:   14064  CW 2020-11-28 2211  N7UVH            599  3   JH0NEC           599  25  
QSO:   14062  CW 2020-11-28 2212  N7UVH            599  3   JA6GCE           599  25  
QSO:   14062  CW 2020-11-28 2213  N7UVH            599  3   JH0EPI           599  25  
QSO:   14061  CW 2020-11-28 2213  N7UVH            599  3   JF2QNM           599  25  
QSO:   14058  CW 2020-11-28 2214  N7UVH            599  3   JH1EAQ           599  25  
QSO:   14056  CW 2020-11-28 2214  N7UVH            599  3   JA7ZFN           599  25  
QSO:   14055  CW 2020-11-28 2214  N7UVH            599  3   JH1GEX           599  25  
QSO:   14049  CW 2020-11-28 2216  N7UVH            599  3   JA1LCJ           599  25  
QSO:   14049  CW 2020-11-28 2216  N7UVH            599  3   KL7RA            599  01  
QSO:   14043  CW 2020-11-28 2228  N7UVH            599  3   JH7XGN           599  25  
QSO:   14047  CW 2020-11-28 2229  N7UVH            599  3   JF1NHD           599  25  
QSO:   14052  CW 2020-11-28 2229  N7UVH            599  3   JH8YOH           599  25  
QSO:   14059  CW 2020-11-28 2230  N7UVH            599  3   JE1LFX           599  25  
QSO:   14054  CW 2020-11-28 2231  N7UVH            599  3   JF2FIU           599  25  
QSO:   14059  CW 2020-11-28 2232  N7UVH            599  3   JA9CWJ           599  25  
QSO:   14067  CW 2020-11-28 2235  N7UVH            599  3   JJ0JML           599  25  
QSO:   14049  CW 2020-11-28 2236  N7UVH            599  3   JA6LCJ           599  25  
QSO:   14034  CW 2020-11-28 2237  N7UVH            599  3   JA1ZGO           599  25  
QSO:   14035  CW 2020-11-28 2238  N7UVH            599  3   9M6NA            599  28  
QSO:   14031  CW 2020-11-28 2239  N7UVH            599  3   VE3JM            599  04  
QSO:   14032  CW 2020-11-28 2240  N7UVH            599  3   JA2ODB           599  25  
QSO:   14040  CW 2020-11-28 2242  N7UVH            599  3   JR4OZR           599  25  
QSO:   14047  CW 2020-11-28 2242  N7UVH            599  3   JH4UTP           599  25  
QSO:   14051  CW 2020-11-28 2243  N7UVH            599  3   BA7NQ            599  24  
QSO:   14056  CW 2020-11-28 2245  N7UVH            599  3   RZ0L             599  19  
QSO:   14059  CW 2020-11-28 2246  N7UVH            599  3   JH1AQ            599  25  
QSO:   14037  CW 2020-11-28 2248  N7UVH            599  3   JA1BJI           599  25  
QSO:   21056  CW 2020-11-28 2250  N7UVH            599  3   JE1LFX           599  25  
QSO:   21055  CW 2020-11-28 2251  N7UVH            599  3   JF9JTS           599  25  
QSO:   21054  CW 2020-11-28 2252  N7UVH            599  3   JA7ZFN           599  25  
QSO:   21052  CW 2020-11-28 2252  N7UVH            599  3   AL1G             599  01  
QSO:   21047  CW 2020-11-28 2253  N7UVH            599  3   WH6R             599  31  
QSO:   21046  CW 2020-11-28 2254  N7UVH            599  3   JS3CTQ           599  25  
QSO:   21039  CW 2020-11-28 2255  N7UVH            599  3   JF1NHD           599  25  
QSO:   21032  CW 2020-11-28 2256  N7UVH            599  3   JA5DQH           599  25  
QSO:   21028  CW 2020-11-28 2301  N7UVH            599  3   RN0C             599  19  
QSO:   21021  CW 2020-11-28 2301  N7UVH            599  3   JM7OLW           599  25  
QSO:   14029  CW 2020-11-28 2303  N7UVH            599  3   RW0M             599  19  
QSO:   14025  CW 2020-11-28 2304  N7UVH            599  3   BI4VIB           599  24  
QSO:   14029  CW 2020-11-28 2308  N7UVH            599  3   BY4SZ            599  24  
QSO:   14042  CW 2020-11-28 2310  N7UVH            599  3   BY5HB            599  24  
QSO:   14045  CW 2020-11-28 2310  N7UVH            599  3   BY2RX            599  24  
QSO:   14051  CW 2020-11-28 2312  N7UVH            599  3   9M6MI            599  28  
QSO:   14041  CW 2020-11-28 2313  N7UVH            599  3   JA7ACM           599  25  
QSO:   14045  CW 2020-11-28 2314  N7UVH            599  3   BY1RX            599  24  
QSO:   14056  CW 2020-11-28 2315  N7UVH            599  3   JK1OLT           599  25  
QSO:   14068  CW 2020-11-28 2316  N7UVH            599  3   JR4GPA           599  25  
QSO:   14070  CW 2020-11-28 2316  N7UVH            599  3   JG4QFG           599  25  
QSO:   14063  CW 2020-11-28 2318  N7UVH            599  3   JK2RCP           599  25  
QSO:   14064  CW 2020-11-28 2319  N7UVH            599  3   JQ1BVI           599  25  
QSO:   14070  CW 2020-11-28 2319  N7UVH            599  3   JF1KML           599  25  
QSO:   14059  CW 2020-11-28 2321  N7UVH            599  3   BG2AUE           599  24  
QSO:   14048  CW 2020-11-28 2322  N7UVH            599  3   VE7NY            599  03  
QSO:   21034  CW 2020-11-28 2328  N7UVH            599  3   KH7Q             599  31  
QSO:   21038  CW 2020-11-28 2329  N7UVH            599  3   JA6ZPR           599  25  
QSO:   21041  CW 2020-11-28 2329  N7UVH            599  3   JH4UYB           599  25  
QSO:   21042  CW 2020-11-28 2330  N7UVH            599  3   JL3JRY           599  25  
QSO:   21047  CW 2020-11-28 2330  N7UVH            599  3   JE1CKA           599  25  
QSO:   21052  CW 2020-11-28 2332  N7UVH            599  3   RT0C             599  19  
QSO:   21043  CW 2020-11-28 2335  N7UVH            599  3   JR2PMT           599  25  
QSO:   21041  CW 2020-11-28 2336  N7UVH            599  3   BD7LPD           599  24  
QSO:   21038  CW 2020-11-28 2339  N7UVH            599  3   JN2AMD           599  25  
QSO:   21034  CW 2020-11-28 2339  N7UVH            599  3   JH4ADK           599  25  
QSO:   21033  CW 2020-11-28 2340  N7UVH            599  3   YC9FAR           599  28  
QSO:   21032  CW 2020-11-28 2341  N7UVH            599  3   ZM4T             599  32  
QSO:   21029  CW 2020-11-28 2342  N7UVH            599  3   VK4SN            599  30  
QSO:   21040  CW 2020-11-28 2344  N7UVH            599  3   JA2ODB           599  25  
QSO:   21040  CW 2020-11-28 2345  N7UVH            599  3   JS1OYN           599  25  
QSO:   21051  CW 2020-11-28 2346  N7UVH            599  3   VR2EH            599  24  
QSO:   21056  CW 2020-11-28 2347  N7UVH            599  3   JH1EAQ           599  25  
QSO:   21059  CW 2020-11-28 2348  N7UVH            599  3   VK4TS            599  30  
QSO:   14032  CW 2020-11-28 2354  N7UVH            599  3   ZW6T             599  11  
QSO:   14026  CW 2020-11-28 2357  N7UVH            599  3   JE1RZR           599  25  
QSO:   14033  CW 2020-11-28 2358  N7UVH            599  3   CE3CT            599  12  
QSO:   14038  CW 2020-11-28 2358  N7UVH            599  3   RA0LQ            599  19  
QSO:    7049  CW 2020-11-29 0019  N7UVH            599  3   VE2IM            599  02  
QSO:    7055  CW 2020-11-29 0021  N7UVH            599  3   DM5JBN           599  14  
QSO:    7057  CW 2020-11-29 0023  N7UVH            599  3   CR5O             599  14  
QSO:    7057  CW 2020-11-29 0023  N7UVH            599  3   KP3DX            599  08  
QSO:    7058  CW 2020-11-29 0024  N7UVH            599  3   NP3X             599  08  
QSO:    7064  CW 2020-11-29 0026  N7UVH            599  3   EA8RM            599  33  
QSO:    7068  CW 2020-11-29 0028  N7UVH            599  3   HG7T             599  15  
QSO:    7089  CW 2020-11-29 0031  N7UVH            599  3   VE3TM            599  04  
QSO:    7037  CW 2020-11-29 0040  N7UVH            599  3   ES9C             599  15  
QSO:    7038  CW 2020-11-29 0041  N7UVH            599  3   OH1F             599  15  
QSO:    7038  CW 2020-11-29 0042  N7UVH            599  3   SP8R             599  15  
QSO:    7042  CW 2020-11-29 0044  N7UVH            599  3   OK7O             599  15  
QSO:    7051  CW 2020-11-29 0049  N7UVH            599  3   OK5Z             599  15  
QSO:    7063  CW 2020-11-29 0052  N7UVH            599  3   VE3JM            599  04  
QSO:    3544  CW 2020-11-29 0103  N7UVH            599  3   VE3KI            599  04  
QSO:   14052  CW 2020-11-29 0113  N7UVH            599  3   RT0C             599  19  
QSO:   14053  CW 2020-11-29 0114  N7UVH            599  3   BY5EA            599  24  
QSO:   14055  CW 2020-11-29 0115  N7UVH            599  3   JR3KQJ           599  25  
QSO:   14058  CW 2020-11-29 0115  N7UVH            599  3   JA7MYQ           599  25  
QSO:   14062  CW 2020-11-29 0125  N7UVH            599  3   JG8NKJ           599  25  
QSO:   14027  CW 2020-11-29 0128  N7UVH            599  3   B4T              599  24  
QSO:   14029  CW 2020-11-29 0129  N7UVH            599  3   JO7KMB           599  25  
QSO:   14031  CW 2020-11-29 0132  N7UVH            599  3   JH7QXJ           599  25  
QSO:   14031  CW 2020-11-29 0133  N7UVH            599  3   JR1GSE           599  25  
QSO:   14033  CW 2020-11-29 0135  N7UVH            599  3   JA1PNA           599  25  
QSO:   14037  CW 2020-11-29 0136  N7UVH            599  3   JN2AMD           599  25  
QSO:   14043  CW 2020-11-29 0138  N7UVH            599  3   JR1IJV           599  25  
QSO:   14066  CW 2020-11-29 0143  N7UVH            599  3   JH4UTB           599  25  
QSO:   14066  CW 2020-11-29 0144  N7UVH            599  3   7K4XNN           599  25  
QSO:   14046  CW 2020-11-29 0152  N7UVH            599  3   JS1OYN           599  25  
QSO:    7025  CW 2020-11-29 0157  N7UVH            599  3   HA8A             599  15  
QSO:    7026  CW 2020-11-29 0158  N7UVH            599  3   UZ2I             599  16  
QSO:    7028  CW 2020-11-29 0201  N7UVH            599  3   9A5Y             599  15  
QSO:    7033  CW 2020-11-29 0206  N7UVH            599  3   RG6G             599  16  
QSO:    7043  CW 2020-11-29 0215  N7UVH            599  3   4O3A             599  15  
QSO:    7045  CW 2020-11-29 0220  N7UVH            599  3   LN8W             599  14  
QSO:    7048  CW 2020-11-29 0227  N7UVH            599  3   VE6SV            599  04  
QSO:    3526  CW 2020-11-29 0239  N7UVH            599  3   VE3NE            599  04  
QSO:    3529  CW 2020-11-29 0240  N7UVH            599  3   VE3XB            599  04  
QSO:    3532  CW 2020-11-29 0242  N7UVH            599  3   VE3YAA           599  04  
QSO:    3535  CW 2020-11-29 0243  N7UVH            599  3   XE2X             599  06  
QSO:    7049  CW 2020-11-29 1130  N7UVH            599  3   VK2BV            599  30  
QSO:    7059  CW 2020-11-29 1131  N7UVH            599  3   VP5M             599  08  
QSO:    7030  CW 2020-11-29 1132  N7UVH            599  3   JA6SHL           599  25  
QSO:    7034  CW 2020-11-29 1134  N7UVH            599  3   VE3UTT           599  04  
QSO:    7038  CW 2020-11-29 1136  N7UVH            599  3   VK3GK            599  30  
QSO:    7026  CW 2020-11-29 1137  N7UVH            599  3   VA7DX            599  03  
QSO:    7041  CW 2020-11-29 1140  N7UVH            599  3   VK3TZ            599  30  
QSO:    7044  CW 2020-11-29 1141  N7UVH            599  3   XE1IM            599  06  
QSO:    7047  CW 2020-11-29 1144  N7UVH            599  3   BG2AUE           599  24  
QSO:    3535  CW 2020-11-29 1146  N7UVH            599  3   KH7Q             599  31  
QSO:    3560  CW 2020-11-29 1150  N7UVH            599  3   VA7KO            599  03  
QSO:    3529  CW 2020-11-29 1153  N7UVH            599  3   VE6GC            599  04  
QSO:    3532  CW 2020-11-29 1157  N7UVH            599  3   VA3SZ            599  04  
QSO:    7051  CW 2020-11-29 1201  N7UVH            599  3   AH6KO            599  31  
QSO:    7028  CW 2020-11-29 1207  N7UVH            599  3   ZL2AGY           599  32  
QSO:    7046  CW 2020-11-29 1214  N7UVH            599  3   FK8IK            599  32  
QSO:    7035  CW 2020-11-29 1217  N7UVH            599  3   VE3NZ            599  04  
QSO:    7037  CW 2020-11-29 1228  N7UVH            599  3   JS1OYN           599  25  
QSO:    7044  CW 2020-11-29 1231  N7UVH            599  3   XE2IM            599  06  
QSO:    7048  CW 2020-11-29 1243  N7UVH            599  3   XE2S             599  06  
QSO:   14040  CW 2020-11-29 1635  N7UVH            599  3   P3X              599  20  
QSO:   14045  CW 2020-11-29 1635  N7UVH            599  3   G4BUO            599  14  
QSO:   14054  CW 2020-11-29 1636  N7UVH            599  3   GW5R             599  14  
QSO:   14062  CW 2020-11-29 1638  N7UVH            599  3   E7DX             599  15  
QSO:   14031  CW 2020-11-29 1641  N7UVH            599  3   9A5Y             599  15  
QSO:   14031  CW 2020-11-29 1642  N7UVH            599  3   LN8W             599  14  
QSO:   14030  CW 2020-11-29 1643  N7UVH            599  3   YJ3X             599  32  
QSO:   14040  CW 2020-11-29 1646  N7UVH            599  3   LY4A             599  15  
QSO:   14042  CW 2020-11-29 1647  N7UVH            599  3   PG5M             599  14  
QSO:   14046  CW 2020-11-29 1648  N7UVH            599  3   DL1RG            599  14  
QSO:   14051  CW 2020-11-29 1650  N7UVH            599  3   MM2N             599  14  
QSO:   14053  CW 2020-11-29 1651  N7UVH            599  3   TM4W             599  14  
QSO:   14056  CW 2020-11-29 1653  N7UVH            599  3   OH0Z             599  15  
QSO:   14058  CW 2020-11-29 1654  N7UVH            599  3   IR4E             599  15  
QSO:   14061  CW 2020-11-29 1657  N7UVH            599  3   9A4W             599  15  
QSO:   14064  CW 2020-11-29 1657  N7UVH            599  3   MU2K             599  14  
QSO:   21044  CW 2020-11-29 1705  N7UVH            599  3   HK3TU            599  09  
QSO:   21041  CW 2020-11-29 1729  N7UVH            599  3   P40W             599  09  
QSO:   21058  CW 2020-11-29 1734  N7UVH            599  3   ZY5T             599  11  
QSO:   14027  CW 2020-11-29 1742  N7UVH            599  3   VE3NNT           599  04  
QSO:   14029  CW 2020-11-29 1743  N7UVH            599  3   DJ5MW            599  14  
QSO:   14030  CW 2020-11-29 1744  N7UVH            599  3   ZM1A             599  32  
QSO:   14032  CW 2020-11-29 1746  N7UVH            599  3   DR1A             599  14  
QSO:   14046  CW 2020-11-29 1754  N7UVH            599  3   EF1A             599  14  
QSO:   14050  CW 2020-11-29 1756  N7UVH            599  3   S53MM            599  15  
QSO:   14063  CW 2020-11-29 1802  N7UVH            599  3   VE4GV            599  04  
QSO:   28005  CW 2020-11-29 1810  N7UVH            599  3   VA2CZ            599  05  
QSO:   28044  CW 2020-11-29 1830  N7UVH            599  3   PP1CZ            599  11  
QSO:   28024  CW 2020-11-29 1836  N7UVH            599  3   PY4DX            599  11  
QSO:   28021  CW 2020-11-29 1838  N7UVH            599  3   CE6SAX           599  12  
QSO:   28018  CW 2020-11-29 1840  N7UVH            599  3   CE2SV            599  12  
QSO:   28018  CW 2020-11-29 1841  N7UVH            599  3   LU8DZJ           599  13  
QSO:   28017  CW 2020-11-29 1842  N7UVH            599  3   NP3X             599  08  
QSO:   28015  CW 2020-11-29 1844  N7UVH            599  3   LU5U             599  13  
QSO:   28012  CW 2020-11-29 1846  N7UVH            599  3   LU1DZ            599  13  
QSO:   28009  CW 2020-11-29 1848  N7UVH            599  3   KP2DX            599  08  
QSO:   28007  CW 2020-11-29 1849  N7UVH            599  3   FY5KE            599  09  
QSO:   28004  CW 2020-11-29 1851  N7UVH            599  3   PX2A             599  11  
QSO:   28060  CW 2020-11-29 1855  N7UVH            599  3   LW3DC            599  13  
QSO:   28050  CW 2020-11-29 1858  N7UVH            599  3   PY5IN            599  11  
QSO:   28045  CW 2020-11-29 1859  N7UVH            599  3   LU4HK            599  13  
QSO:   28042  CW 2020-11-29 1900  N7UVH            599  3   PY2UDB           599  11  
QSO:   28034  CW 2020-11-29 1903  N7UVH            599  3   WP3C             599  08  
QSO:   28028  CW 2020-11-29 1907  N7UVH            599  3   PS2T             599  11  
QSO:   28027  CW 2020-11-29 1908  N7UVH            599  3   P40W             599  09  
QSO:   28025  CW 2020-11-29 1909  N7UVH            599  3   PY3KN            599  11  
QSO:   28019  CW 2020-11-29 1910  N7UVH            599  3   ZF1A             599  08  
QSO:   28015  CW 2020-11-29 1912  N7UVH            599  3   PY2RH            599  11  
QSO:   28002  CW 2020-11-29 1914  N7UVH            599  3   KH7M             599  31  
QSO:   28057  CW 2020-11-29 1921  N7UVH            599  3   PZ5RA            599  09  
QSO:   28032  CW 2020-11-29 1924  N7UVH            599  3   C6AGU            599  08  
QSO:   28026  CW 2020-11-29 1927  N7UVH            599  3   CE2ML            599  12  
QSO:   21066  CW 2020-11-29 1931  N7UVH            599  3   XR3W             599  12  
QSO:   21052  CW 2020-11-29 1936  N7UVH            599  3   VE3UZ            599  04  
QSO:   21051  CW 2020-11-29 1937  N7UVH            599  3   A5QR             599  22  
QSO:   21045  CW 2020-11-29 1940  N7UVH            599  3   KH6TUA           599  31  
END-OF-LOG:
