START-OF-LOG: 3.0
CREATED-BY: vhfmanager-downloader
CONTEST: ZRS Maraton 7. termin - Unofficial results - VHFManager
CALLSIGN: 9A1VZD
CATEGORY: 145 MHz - Checklog
CATEGORY-OPERATOR: SINGLE-OP
CATEGORY-ASSISTED: NON-ASSISTED
CATEGORY-TRANSMITTER: ONE
CATEGORY-STATION: FIXED
QSO: 144300 PH 2025-07-20 0702 9A1VZD        59  1 JN86BH   9A9Z          59  3 JN75XV  
QSO: 144300 PH 2025-07-20 0703 9A1VZD        59  2 JN86BH   9A1AAY        59  5 JN85PJ  
QSO: 144300 PH 2025-07-20 0705 9A1VZD        59  3 JN86BH   9A3DF         59  3 JN86HF  
QSO: 144300 PH 2025-07-20 0709 9A1VZD        59  4 JN86BH   E71EDK        59  12 JN94GG 
QSO: 144300 PH 2025-07-20 0710 9A1VZD        59  5 JN86BH   9A0V          59  15 JN95PE 
QSO: 144300 PH 2025-07-20 0713 9A1VZD        59  6 JN86BH   E77P          59  13 JN83PX 
QSO: 144300 PH 2025-07-20 0713 9A1VZD        59  7 JN86BH   9A1W          59  14 JN75ST 
QSO: 144300 PH 2025-07-20 0715 9A1VZD        59  8 JN86BH   E7W           59  27 JN84SU 
QSO: 144300 PH 2025-07-20 0716 9A1VZD        59  9 JN86BH   9A1DL         59  12 JN85WF 
QSO: 144300 PH 2025-07-20 0719 9A1VZD        59  10 JN86BH  E73O          59  21 JN95CA 
QSO: 144300 PH 2025-07-20 0721 9A1VZD        59  11 JN86BH  E75M          59  16 JN94DS 
QSO: 144300 PH 2025-07-20 0723 9A1VZD        59  12 JN86BH  9A1I          59  7 JN85FS  
QSO: 144300 PH 2025-07-20 0725 9A1VZD        59  13 JN86BH  S56P          59  7 JN76PO* 
QSO: 144300 PH 2025-07-20 0727 9A1VZD        59  14 JN86BH  9A5RY         59  15 JN95AD 
QSO: 144300 PH 2025-07-20 0727 9A1VZD        59  15 JN86BH  9A2MW         59  6 JN75VW  
QSO: 144300 PH 2025-07-20 0728 9A1VZD        59  16 JN86BH  9A4OP         59  10 JN75UR 
QSO: 144300 PH 2025-07-20 0736 9A1VZD        59  17 JN86BH  9A1K          59  13 JN85JL 
QSO: 144300 PH 2025-07-20 0742 9A1VZD        59  18 JN86BH  9A4TT         59  16 JN85OV 
QSO: 144300 PH 2025-07-20 0749 9A1VZD        59  19 JN86BH  9A1O          59  25 JN95IN 
QSO: 144300 PH 2025-07-20 0750 9A1VZD        59  20 JN86BH  E71EZC        59  19 JN84XF 
QSO: 144300 PH 2025-07-20 0751 9A1VZD        59  21 JN86BH  9A9D          59  8 JN85KV  
QSO: 144300 PH 2025-07-20 0752 9A1VZD        59  22 JN86BH  9A2WY         59  23 JN85QT 
QSO: 144300 PH 2025-07-20 0756 9A1VZD        59  23 JN86BH  9A5ACK        59  17 JN85RV 
QSO: 144300 PH 2025-07-20 0758 9A1VZD        59  24 JN86BH  9A9J          59  18 JN85XD 
QSO: 144300 PH 2025-07-20 0759 9A1VZD        59  25 JN86BH  9A5HZ         59  17 JN85FW 
QSO: 144300 PH 2025-07-20 0802 9A1VZD        59  26 JN86BH  OK1KMP        59  3 JO70UK  
QSO: 144300 PH 2025-07-20 0805 9A1VZD        59  27 JN86BH  OK2KAA        59  9 JN79QJ  
QSO: 144300 PH 2025-07-20 0808 9A1VZD        59  28 JN86BH  OM5AW         59  15 JN98AH 
QSO: 144300 PH 2025-07-20 0809 9A1VZD        59  29 JN86BH  OK1KQH        59  14 JN79GO 
QSO: 144300 PH 2025-07-20 0810 9A1VZD        59  30 JN86BH  SN9W          59  22 JO90PP 
QSO: 144300 PH 2025-07-20 0819 9A1VZD        59  31 JN86BH  OK2KZO        59  10 JN88AU 
QSO: 144300 PH 2025-07-20 0820 9A1VZD        59  32 JN86BH  OL1B          59  32 JO80IB 
QSO: 144300 PH 2025-07-20 0822 9A1VZD        59  33 JN86BH  OM6ABF        59  41 JN99IA 
QSO: 144300 PH 2025-07-20 0824 9A1VZD        59  34 JN86BH  OK1KTW        59  44 JN89IW 
QSO: 144300 PH 2025-07-20 0827 9A1VZD        59  35 JN86BH  OK1KKI        59  25 JN79NF 
QSO: 144300 PH 2025-07-20 0829 9A1VZD        59  36 JN86BH  OK1KZE        59  48 JN79FX 
QSO: 144300 PH 2025-07-20 0836 9A1VZD        59  37 JN86BH  OK1KDO        59  27 JN69KK 
QSO: 144300 PH 2025-07-20 0839 9A1VZD        59  38 JN86BH  OK1ULL        59  49 JN79US 
QSO: 144300 PH 2025-07-20 0841 9A1VZD        59  39 JN86BH  HG1DRD        59  29 JN86KU 
QSO: 144300 PH 2025-07-20 0845 9A1VZD        59  40 JN86BH  OK2OAS        59  38 JN89DO 
QSO: 144300 PH 2025-07-20 0850 9A1VZD        59  41 JN86BH  SP6YG         59  40 JO90CK 
QSO: 144300 PH 2025-07-20 0855 9A1VZD        59  42 JN86BH  OK2VZE        59  46 JN89JM 
QSO: 144300 PH 2025-07-20 0858 9A1VZD        59  43 JN86BH  OK2KJT        59  62 JN99AJ 
QSO: 144300 PH 2025-07-20 0900 9A1VZD        59  44 JN86BH  OK2KCN        59  24 JN89OI 
QSO: 144300 PH 2025-07-20 0907 9A1VZD        59  45 JN86BH  OK2KJI        59  50 JN79TI 
QSO: 144300 PH 2025-07-20 0909 9A1VZD        59  46 JN86BH  OK2BXI        59  32 JN89SJ 
QSO: 144300 PH 2025-07-20 0930 9A1VZD        59  47 JN86BH  OK1MWW        59  24 JN89DW 
QSO: 144300 PH 2025-07-20 0944 9A1VZD        59  48 JN86BH  SP6LUV        59  109 JO90CK
QSO: 144300 PH 2025-07-20 0945 9A1VZD        59  49 JN86BH  OE3DMA        59  33 JN78TP 
QSO: 144300 PH 2025-07-20 0947 9A1VZD        59  50 JN86BH  9A1AR         59  39 JN75FI 
QSO: 144300 PH 2025-07-20 1000 9A1VZD        59  51 JN86BH  OK1VDJ        59  22 JN79US 
QSO: 144300 PH 2025-07-20 1028 9A1VZD        59  52 JN86BH  SP9UO         59  8 JO90PP  
QSO: 144300 PH 2025-07-20 1034 9A1VZD        59  53 JN86BH  OK2SLC        59  49 JN89ED 
QSO: 144300 PH 2025-07-20 1043 9A1VZD        59  54 JN86BH  OK1IO         59  71 JO70OR 
QSO: 144300 PH 2025-07-20 1047 9A1VZD        59  55 JN86BH  OK1VRY        59  63 JN79FP 
QSO: 144300 PH 2025-07-20 1048 9A1VZD        59  56 JN86BH  OM0AAO        59  97 JN88RS 
QSO: 144300 PH 2025-07-20 1052 9A1VZD        59  57 JN86BH  OM3CQF        59  112 JN88RT
QSO: 144300 PH 2025-07-20 1102 9A1VZD        59  58 JN86BH  OE1RKU        59  20 JN88EG 
QSO: 144300 PH 2025-07-20 1106 9A1VZD        59  59 JN86BH  OK1FOX        59  42 JO70ED 
QSO: 144300 PH 2025-07-20 1108 9A1VZD        59  60 JN86BH  OK1FEN        59  2 JO70NA  
QSO: 144300 PH 2025-07-20 1111 9A1VZD        59  61 JN86BH  S52ZD         59  25 JN75TV*
QSO: 144300 PH 2025-07-20 1113 9A1VZD        59  62 JN86BH  OK1TEH        59  5 JO70FD  
QSO: 144300 PH 2025-07-20 1114 9A1VZD        59  63 JN86BH  9A5LOL        59  28 JN75SK 
QSO: 144300 PH 2025-07-20 1116 9A1VZD        59  64 JN86BH  OK2VLT        59  58 JN99CS 
QSO: 144300 PH 2025-07-20 1121 9A1VZD        59  65 JN86BH  OE3KAR        59  18 JN88EI 
QSO: 144300 PH 2025-07-20 1131 9A1VZD        59  66 JN86BH  OE6V          59  112 JN76XU
QSO: 144300 PH 2025-07-20 1134 9A1VZD        59  67 JN86BH  9A4RM         59  97 JN95LI 
QSO: 144300 PH 2025-07-20 1139 9A1VZD        59  68 JN86BH  9A6D          59  25 JN85AO 
QSO: 144300 PH 2025-07-20 1145 9A1VZD        59  69 JN86BH  9A0C          59  87 JN85AO 
QSO: 144300 PH 2025-07-20 1150 9A1VZD        59  70 JN86BH  S52OT         59  46 JN75CM*
END-OF-LOG:
