START-OF-LOG: 2.0
ARRL-SECTION: UT
CALLSIGN: K7UM
CATEGORY: MULTI-ONE ALL HIGH CW
CLAIMED-SCORE: 925515
CLUB: Utah DX Assn
CONTEST: CQ-WW-CW
CREATED-BY: WriteLog V10.55D
NAME: Utah DX Assn
OPERATORS: K7UT  NI7T  N5LZ
SOAPBOX: 
QSO: 14035 CW 2005-11-26 0003 K7UM          599      3 JE1CKA        599     25  1
QSO: 14051 CW 2005-11-26 0008 K7UM          599      3 XE2AC         599      6  1
QSO: 14038 CW 2005-11-26 0010 K7UM          599      3 PS2T          599     11  1
QSO: 14034 CW 2005-11-26 0012 K7UM          599      3 JR8OXT        599     25  1
QSO: 14041 CW 2005-11-26 0013 K7UM          599      3 JA2KOG        599     25  1
QSO: 14041 CW 2005-11-26 0015 K7UM          599      3 YB0DPO        599     28  1
QSO: 14041 CW 2005-11-26 0015 K7UM          599      3 JF2LVM        599     25  1
QSO: 14041 CW 2005-11-26 0016 K7UM          599      3 JK3GWT        599     25  1
QSO: 14041 CW 2005-11-26 0016 K7UM          599      3 JR2TMB        599     25  1
QSO: 14041 CW 2005-11-26 0017 K7UM          599      3 JA4ESR        599     25  1
QSO: 14041 CW 2005-11-26 0017 K7UM          599      3 JA3AVO        599     25  1
QSO: 14041 CW 2005-11-26 0018 K7UM          599      3 VE6EX         599      4  1
QSO: 14041 CW 2005-11-26 0018 K7UM          599      3 JA0BMS        599     25  1
QSO: 14041 CW 2005-11-26 0019 K7UM          599      3 JS3OSI        599     25  1
QSO: 14041 CW 2005-11-26 0020 K7UM          599      3 JN1DIF        599     25  1
QSO: 14041 CW 2005-11-26 0021 K7UM          599      3 JA2GWL        599     25  1
QSO: 14041 CW 2005-11-26 0021 K7UM          599      3 JA3DAY        599     25  1
QSO: 14041 CW 2005-11-26 0022 K7UM          599      3 JA2DO         599     25  1
QSO: 14041 CW 2005-11-26 0023 K7UM          599      3 BD4SI         599     24  1
QSO: 14041 CW 2005-11-26 0024 K7UM          599      3 JL1LNC        599     25  1
QSO: 14041 CW 2005-11-26 0025 K7UM          599      3 JI0NNM        599     25  1
QSO: 14041 CW 2005-11-26 0025 K7UM          599      3 RZ0CG         599     19  1
QSO: 14041 CW 2005-11-26 0026 K7UM          599      3 JA1SIM        599     25  1
QSO: 14040 CW 2005-11-26 0030 K7UM          599      3 K9FD/KH6      599     31  1
QSO: 14040 CW 2005-11-26 0031 K7UM          599      3 JA3BUMJA6FFK  599     25  1
QSO: 14040 CW 2005-11-26 0031 K7UM          599      3 JA6CYL/6      599     25  1
QSO: 14040 CW 2005-11-26 0032 K7UM          599      3 JH1DVG        599     25  1
QSO: 14040 CW 2005-11-26 0032 K7UM          599      3 JA1TMG        599     25  1
QSO: 14040 CW 2005-11-26 0033 K7UM          599      3 RX4HZ         599     16  1
QSO: 14040 CW 2005-11-26 0033 K7UM          599      3 JA1PNA        599     25  1
QSO: 14040 CW 2005-11-26 0036 K7UM          599      3 K7OX          599      3  1
QSO: 14040 CW 2005-11-26 0037 K7UM          599      3 KH6WW         599      3  1
QSO: 14040 CW 2005-11-26 0039 K7UM          599      3 JI0NXA        599     25  1
QSO: 14040 CW 2005-11-26 0040 K7UM          599      3 K6XV          599      3  1
QSO: 14040 CW 2005-11-26 0041 K7UM          599      3 JO3FUO        599     25  1
QSO: 14040 CW 2005-11-26 0041 K7UM          599      3 JR4DAH        599     25  1
QSO: 14041 CW 2005-11-26 0043 K7UM          599      3 V6AO          599     27  1
QSO: 14041 CW 2005-11-26 0045 K7UM          599      3 JA9RPU        599     25  1
QSO: 14055 CW 2005-11-26 0047 K7UM          599      3 JA5BJC        599     25  1
QSO: 14063 CW 2005-11-26 0048 K7UM          599      3 JL8AQH        599     25  1
QSO: 14043 CW 2005-11-26 0050 K7UM          599      3 JA2ZJW        599     25  1
QSO: 14033 CW 2005-11-26 0051 K7UM          599      3 PY2NY         599     11  1
QSO: 14051 CW 2005-11-26 0052 K7UM          599      3 JE4VVM        599     25  1
QSO: 14056 CW 2005-11-26 0052 K7UM          599      3 JI1GYC        599     25  1
QSO: 14058 CW 2005-11-26 0053 K7UM          599      3 JA7YAA        599     25  1
QSO: 14061 CW 2005-11-26 0054 K7UM          599      3 JI1RXQ        599     25  1
QSO: 14062 CW 2005-11-26 0058 K7UM          599      3 JH8SLS        599     25  1
QSO: 14028 CW 2005-11-26 0103 K7UM          599      3 DU3NXE        599     27  1
QSO: 14028 CW 2005-11-26 0104 K7UM          599      3 JA1SWB        599     25  1
QSO: 14028 CW 2005-11-26 0105 K7UM          599      3 JH1HVO        599     25  1
QSO: 14028 CW 2005-11-26 0105 K7UM          599      3 JA1RPK        599     25  1
QSO: 14028 CW 2005-11-26 0106 K7UM          599      3 JH4TKQ        599     25  1
QSO: 14028 CW 2005-11-26 0107 K7UM          599      3 JA1PS         599     25  1
QSO: 14028 CW 2005-11-26 0108 K7UM          599      3 7M4CDX        599     25  1
QSO: 14028 CW 2005-11-26 0109 K7UM          599      3 JA1AFF        599     25  1
QSO: 14028 CW 2005-11-26 0109 K7UM          599      3 JK4KSD        599     25  1
QSO: 14028 CW 2005-11-26 0111 K7UM          599      3 JE2HCJ        599     25  1
QSO: 14028 CW 2005-11-26 0112 K7UM          599      3 JA1BFN        599     25  1
QSO: 14028 CW 2005-11-26 0113 K7UM          599      3 JE1SGH        599     25  1
QSO: 14028 CW 2005-11-26 0113 K7UM          599      3 UA0FAI        599     19  1
QSO: 14028 CW 2005-11-26 0114 K7UM          599      3 JH4JPO        599     25  1
QSO: 14028 CW 2005-11-26 0116 K7UM          599      3 JA1BNW        599     25  1
QSO: 14028 CW 2005-11-26 0116 K7UM          599      3 VE6AVR        599      4  1
QSO: 14028 CW 2005-11-26 0118 K7UM          599      3 VE6WDE        599      4  1
QSO: 14019 CW 2005-11-26 0120 K7UM          599      3 KP2TM         599      8  1
QSO: 14049 CW 2005-11-26 0125 K7UM          599      3 B7P           599     24  1
QSO: 14067 CW 2005-11-26 0126 K7UM          599      3 JA9JFO        599     25  1
QSO: 14054 CW 2005-11-26 0139 K7UM          599      3 VE7UF         599      3  1
QSO: 14056 CW 2005-11-26 0140 K7UM          599      3 JH0EPI        599     25  1
QSO: 14057 CW 2005-11-26 0140 K7UM          599      3 JN3MMO        599     25  1
QSO: 14059 CW 2005-11-26 0141 K7UM          599      3 JA8RWU        599     25  1
QSO: 14065 CW 2005-11-26 0145 K7UM          599      3 JH4UYB        599     25  1
QSO: 14039 CW 2005-11-26 0151 K7UM          599      3 JA9IFF        599     25  1
QSO: 14040 CW 2005-11-26 0153 K7UM          599      3 VA7ST         599      3  1
QSO: 14040 CW 2005-11-26 0154 K7UM          599      3 VE6TN         599      4  1
QSO: 14040 CW 2005-11-26 0155 K7UM          599      3 VA7CAB        599      3  1
QSO: 14040 CW 2005-11-26 0156 K7UM          599      3 JA2KVB        599     25  1
QSO: 14040 CW 2005-11-26 0157 K7UM          599      3 AK7V          599      3  1
QSO: 14018 CW 2005-11-26 0200 K7UM          599      3 JA7MYQ        599     25  1
QSO: 14023 CW 2005-11-26 0202 K7UM          599      3 CX9AU         599     13  1
QSO: 14045 CW 2005-11-26 0206 K7UM          599      3 JM1LPN        599     25  1
QSO: 14053 CW 2005-11-26 0207 K7UM          599      3 BA4RF         599     24  1
QSO: 14062 CW 2005-11-26 0215 K7UM          599      3 JJ0JML        599     25  1
QSO: 14062 CW 2005-11-26 0216 K7UM          599      3 VE6JY         599      4  1
QSO: 14047 CW 2005-11-26 0220 K7UM          599      3 PZ5C          599      9  1
QSO: 14046 CW 2005-11-26 0222 K7UM          599      3 ZP5J          599     11  1
QSO: 14043 CW 2005-11-26 0224 K7UM          599      3 LU8XW         599     13  1
QSO: 14008 CW 2005-11-26 0229 K7UM          599      3 CW5T          599     13  1
QSO: 14018 CW 2005-11-26 0233 K7UM          599      3 XQ4ZW         599     12  1
QSO: 14022 CW 2005-11-26 0234 K7UM          599      3 PY5BLG        599     11  1
QSO: 14027 CW 2005-11-26 0235 K7UM          599      3 HC8N          599     10  1
QSO: 14026 CW 2005-11-26 0236 K7UM          599      3 P40A          599      9  1
QSO: 14030 CW 2005-11-26 0237 K7UM          599      3 KP4KE         599      8  1
QSO: 14046 CW 2005-11-26 0241 K7UM          599      3 ZX5J          599     11  1
QSO: 14052 CW 2005-11-26 0242 K7UM          599      3 HI3/SP9XCN    599      8  1
QSO: 14055 CW 2005-11-26 0244 K7UM          599      3 P43E          599      9  1
QSO: 14066 CW 2005-11-26 0244 K7UM          599      3 L73E          599     13  1
QSO: 14071 CW 2005-11-26 0245 K7UM          599      3 ZP0R          599     11  1
QSO: 14031 CW 2005-11-26 0249 K7UM          599      3 VE6BBP        599      4  1
QSO: 14031 CW 2005-11-26 0252 K7UM          599      3 HP1/OA4WW     599      7  1
QSO: 14034 CW 2005-11-26 0253 K7UM          599      3 YV5KGN        599      9  1
QSO: 14042 CW 2005-11-26 0259 K7UM          599      3 R1ANF         599     13  1
QSO: 14013 CW 2005-11-26 0308 K7UM          599      3 ZL6QH         599     32  1
QSO: 14015 CW 2005-11-26 0312 K7UM          599      3 TI5M          599      7  1
QSO: 14018 CW 2005-11-26 0314 K7UM          599      3 XE2BSS        599      6  1
QSO: 14022 CW 2005-11-26 0322 K7UM          599      3 LU9N          599     13  1
QSO: 14025 CW 2005-11-26 0323 K7UM          599      3 PJ2T          599      9  1
QSO: 14043 CW 2005-11-26 0325 K7UM          599      3 JH3UYB        599     25  1
QSO: 14048 CW 2005-11-26 0328 K7UM          599      3 NP2CBD        599      8  1
QSO: 14010 CW 2005-11-26 0432 K7UM          599      3 ZL2AL         599     32  1
QSO: 14029 CW 2005-11-26 0434 K7UM          599      3 KH6/VE7AHA    599     31  1
QSO:  7011 CW 2005-11-26 0457 K7UM          599      3 ZL6YS         599     32  1
QSO:  7016 CW 2005-11-26 0458 K7UM          599      3 VE7SV         599      3  1
QSO:  7018 CW 2005-11-26 0501 K7UM          599      3 LR2F          599     13  1
QSO:  7027 CW 2005-11-26 0507 K7UM          599      3 6Y7A          599      7  1
QSO:  7035 CW 2005-11-26 0510 K7UM          599      3 HC8N          599     10  1
QSO:  7046 CW 2005-11-26 0515 K7UM          599      3 WP2Z          599      8  1
QSO:  7054 CW 2005-11-26 0517 K7UM          599      3 PP7ZZ         599     11  1
QSO:  7055 CW 2005-11-26 0518 K7UM          599      3 ZD8Z          599     36  1
QSO:  7057 CW 2005-11-26 0520 K7UM          599      3 VP2E          599      8  1
QSO:  7058 CW 2005-11-26 0520 K7UM          599      3 P4OA          599      9  1
QSO:  7078 CW 2005-11-26 0538 K7UM          599      3 HI3/SP9XCN    599      8  1
QSO:  7065 CW 2005-11-26 0541 K7UM          599      3 PJ2T          599      9  1
QSO:  7002 CW 2005-11-26 0547 K7UM          599      3 JA5BJC        599     25  1
QSO:  7003 CW 2005-11-26 0548 K7UM          599      3 JF2QNM        599     25  1
QSO:  7025 CW 2005-11-26 0556 K7UM          599      3 VP5W          599      8  1
QSO:  7031 CW 2005-11-26 0559 K7UM          599      3 V31TM         599      7  1
QSO:  7022 CW 2005-11-26 0603 K7UM          599      3 WA2KBZ/1      599      5  1
QSO:  7022 CW 2005-11-26 0607 K7UM          599      3 ZL3BJ         599     32  1
QSO:  7022 CW 2005-11-26 0608 K7UM          599      3 KH6FI         599     31  1
QSO:  7022 CW 2005-11-26 0608 K7UM          599      3 W6IIQ         599      3  1
QSO:  7025 CW 2005-11-26 0612 K7UM          599      3 ZL6QH         599     32  1
QSO:  7033 CW 2005-11-26 0617 K7UM          599      3 ZL4BR         599     32  1
QSO:  7031 CW 2005-11-26 0619 K7UM          599      3 PS2T          599     11  1
QSO:  7032 CW 2005-11-26 0619 K7UM          599      3 VA3QP         599      4  1
QSO:  7041 CW 2005-11-26 0622 K7UM          599      3 9Y4AA         599      9  1
QSO:  7045 CW 2005-11-26 0625 K7UM          599      3 J79CW         599      8  1
QSO:  7053 CW 2005-11-26 0627 K7UM          599      3 KH7X          599     31  1
QSO:  7062 CW 2005-11-26 0630 K7UM          599      3 WP3C          599      8  1
QSO:  7003 CW 2005-11-26 0632 K7UM          599      3 C6AQQ         599      8  1
QSO:  7004 CW 2005-11-26 0633 K7UM          599      3 JH1AEP        599     25  1
QSO:  7020 CW 2005-11-26 0639 K7UM          599      3 ZY7C          599     11  1
QSO:  7055 CW 2005-11-26 0644 K7UM          599      3 CO2JD         599      8  1
QSO:  7011 CW 2005-11-26 0647 K7UM          599      3 KP2TM         599      8  1
QSO:  7013 CW 2005-11-26 0648 K7UM          599      3 VE7GL         599      3  1
QSO:  7028 CW 2005-11-26 0650 K7UM          599      3 JM7OLW        599     25  1
QSO:  7038 CW 2005-11-26 0652 K7UM          599      3 VA7ST         599      3  1
QSO:  7041 CW 2005-11-26 0654 K7UM          599      3 ZM1A          599     32  1
QSO:  3520 CW 2005-11-26 0705 K7UM          599      3 KH6/VE7AHA    599     31  1
QSO:  3528 CW 2005-11-26 0712 K7UM          599      3 KP3Z          599      8  1
QSO:  3539 CW 2005-11-26 0723 K7UM          599      3 VC3O          599      4  1
QSO:  3565 CW 2005-11-26 0726 K7UM          599      3 VE3EY         599      4  1
QSO:  3570 CW 2005-11-26 0729 K7UM          599      3 WP3C          599      8  1
QSO:  1824 CW 2005-11-26 0736 K7UM          599      3 VY2ZM         599      5  0
QSO:  3504 CW 2005-11-26 0740 K7UM          599      3 CN2R          599     33  1
QSO:  3510 CW 2005-11-26 0742 K7UM          599      3 VE3WO         599      4  1
QSO:  3511 CW 2005-11-26 0745 K7UM          599      3 ZL6QH         599     32  1
QSO:  3525 CW 2005-11-26 0750 K7UM          599      3 6Y7A          599      7  1
QSO:  3530 CW 2005-11-26 0751 K7UM          599      3 P40W          599      9  1
QSO:  3550 CW 2005-11-26 0804 K7UM          599      3 VA7ST         599      3  1
QSO:  3528 CW 2005-11-26 0807 K7UM          599      3 VE7IG         599      3  1
QSO:  1840 CW 2005-11-26 0806 K7UM          599      3 XE2TG         599      6  0
QSO:  1828 CW 2005-11-26 0812 K7UM          599      3 HC8N          599     10  0
QSO:  7003 CW 2005-11-26 0815 K7UM          599      3 PY7ZY         599     11  1
QSO:  7004 CW 2005-11-26 0816 K7UM          599      3 JA3YBK        599     25  1
QSO:  7028 CW 2005-11-26 0821 K7UM          599      3 JM1LPN        599     25  1
QSO:  7038 CW 2005-11-26 0825 K7UM          599      3 8P5A          599      8  1
QSO:  7054 CW 2005-11-26 0829 K7UM          599      3 TI5N          599      7  1
QSO:  7055 CW 2005-11-26 0830 K7UM          599      3 PX8C          599     11  1
QSO:  1827 CW 2005-11-26 0830 K7UM          599      3 VE6TN         599      4  0
QSO:  7006 CW 2005-11-26 0833 K7UM          599      3 EA8PP         599     33  1
QSO:  1829 CW 2005-11-26 0837 K7UM          599      3 WB9Z          599      4  0
QSO:  7016 CW 2005-11-26 0844 K7UM          599      3 JD1AMA        599     27  1
QSO:  7019 CW 2005-11-26 0845 K7UM          599      3 YW4D          599      9  1
QSO:  7019 CW 2005-11-26 0846 K7UM          599      3 7K4XNN        599     25  1
QSO:  7022 CW 2005-11-26 0848 K7UM          599      3 KH6/VE7AHA    599     31  1
QSO:  7025 CW 2005-11-26 0849 K7UM          599      3 JA7YAA        599     25  1
QSO:  7025 CW 2005-11-26 0850 K7UM          599      3 JF1SQC        599     25  1
QSO:  7031 CW 2005-11-26 0853 K7UM          599      3 ZL/KM9D       599     32  1
QSO:  7038 CW 2005-11-26 0857 K7UM          599      3 P40L          599      9  1
QSO:  7042 CW 2005-11-26 0858 K7UM          599      3 KP3Z          599      8  1
QSO:  3514 CW 2005-11-26 0859 K7UM          599      3 VE1JF         599      5  1
QSO:  3518 CW 2005-11-26 0901 K7UM          599      3 PJ4M          599      9  1
QSO:  3527 CW 2005-11-26 0904 K7UM          599      3 FP/K8DD       599      5  1
QSO:  3501 CW 2005-11-26 0906 K7UM          599      3 JA5BJC        599     25  1
QSO:  3511 CW 2005-11-26 0909 K7UM          599      3 5J1W          599      9  1
QSO:  1819 CW 2005-11-26 0911 K7UM          599      3 VE7SV         599      3  0
QSO:  3519 CW 2005-11-26 0912 K7UM          599      3 V31TM         599      7  1
QSO:  3536 CW 2005-11-26 0914 K7UM          599      3 4M5Y          599      9  1
QSO:  3552 CW 2005-11-26 0916 K7UM          599      3 WA1S          599      5  1
QSO:  3524 CW 2005-11-26 0919 K7UM          599      3 VE7GL         599      3  1
QSO:  3511 CW 2005-11-26 0927 K7UM          599      3 VP5W          599      8  1
QSO:  3535 CW 2005-11-26 0929 K7UM          599      3 VP2E          599      8  1
QSO:  3539 CW 2005-11-26 0930 K7UM          599      3 P40L          599      9  1
QSO:  1813 CW 2005-11-26 0935 K7UM          599      3 W7AT          599      3  1
QSO:  1823 CW 2005-11-26 0937 K7UM          599      3 KV4FZ         599      8  1
QSO:  7027 CW 2005-11-26 1009 K7UM          599      3 JH6QFJ        599     25  1
QSO:  7008 CW 2005-11-26 1014 K7UM          599      3 VK4AN         599     30  1
QSO:  7023 CW 2005-11-26 1016 K7UM          599      3 JA8RWU        599     25  1
QSO:  7026 CW 2005-11-26 1018 K7UM          599      3 JR3NZC        599     25  1
QSO:  3508 CW 2005-11-26 1326 K7UM          599      3 VE7SV         599      3  1
QSO:  3511 CW 2005-11-26 1332 K7UM          599      3 FO/N6JA       599     32  1
QSO:  3523 CW 2005-11-26 1335 K7UM          599      3 JH7XGN        599     25  1
QSO:  7030 CW 2005-11-26 1354 K7UM          599      3 KZ3Q          599      5  1
QSO:  7030 CW 2005-11-26 1355 K7UM          599      3 K0EU          599      4  1
QSO:  7030 CW 2005-11-26 1356 K7UM          599      3 JH3LXM        599     25  1
QSO:  7035 CW 2005-11-26 1403 K7UM          599      3 JH7XGN        599     25  1
QSO:  7036 CW 2005-11-26 1404 K7UM          599      3 JH1RGG        599     25  1
QSO:  7036 CW 2005-11-26 1405 K7UM          599      3 JH1RGG        599     25  1
QSO:  7036 CW 2005-11-26 1406 K7UM          599      3 JA3YPL        599     25  1
QSO:  7036 CW 2005-11-26 1406 K7UM          599      3 JA1NGD        599     25  1
QSO:  7036 CW 2005-11-26 1407 K7UM          599      3 JA9JFO        599     25  1
QSO:  7036 CW 2005-11-26 1408 K7UM          599      3 JA3XOG        599     25  1
QSO:  7036 CW 2005-11-26 1412 K7UM          599      3 JI3ACL        599     25  1
QSO:  7036 CW 2005-11-26 1414 K7UM          599      3 JM4AHN        599     25  1
QSO:  7036 CW 2005-11-26 1416 K7UM          599      3 JR4DAH        599     25  1
QSO:  7036 CW 2005-11-26 1417 K7UM          599      3 WZ7KQZ        599      3  1
QSO:  7036 CW 2005-11-26 1419 K7UM          599      3 JA1KWF        599     25  1
QSO:  7036 CW 2005-11-26 1420 K7UM          599      3 7K1NCP        599     25  1
QSO:  7007 CW 2005-11-26 1427 K7UM          599      3 AH2R          599     27  1
QSO:  7024 CW 2005-11-26 1433 K7UM          599      3 8N1C50A       599     25  1
QSO:  7033 CW 2005-11-26 1435 K7UM          599      3 JH0FUW        599     25  1
QSO:  7031 CW 2005-11-26 1436 K7UM          599      3 VE5ZX         599      4  1
QSO:  7003 CW 2005-11-26 1437 K7UM          599      3 UV5U          599     16  1
QSO:  7006 CW 2005-11-26 1440 K7UM          599      3 SM0P          599     14  1
QSO:  7017 CW 2005-11-26 1443 K7UM          599      3 UW8M          599     16  1
QSO:  7022 CW 2005-11-26 1445 K7UM          599      3 JA1JKG        599     25  1
QSO:  7020 CW 2005-11-26 1447 K7UM          599      3 JH4UYB        599     25  1
QSO:  7022 CW 2005-11-26 1448 K7UM          599      3 JQ3QYL        599     25  1
QSO:  7029 CW 2005-11-26 1449 K7UM          599      3 UA6LV         599     16  1
QSO:  7014 CW 2005-11-26 1451 K7UM          599      3 RU1A          599     16  1
QSO:  7031 CW 2005-11-26 1452 K7UM          599      3 YT0A          599     15  1
QSO:  7048 CW 2005-11-26 1453 K7UM          599      3 YT1NT         599     15  1
QSO:  7004 CW 2005-11-26 1457 K7UM          599      3 OM7M          599     15  1
QSO:  7008 CW 2005-11-26 1500 K7UM          599      3 SM4Z          599     14  1
QSO:  7009 CW 2005-11-26 1505 K7UM          599      3 S50U          599     15  1
QSO:  7045 CW 2005-11-26 1511 K7UM          599      3 S54A          599     15  1
QSO:  7006 CW 2005-11-26 1522 K7UM          599      3 JE1CKA        599     25  1
QSO: 14034 CW 2005-11-26 1542 K7UM          599      3 DK3RI         599     14  1
QSO: 14000 CW 2005-11-26 1639 K7UM          599      3 DF0CG         599     14  1
QSO:  1817 CW 2005-11-26 1308 K7UM          599      3 JA7NI         599     25  0
QSO: 14020 CW 2005-11-26 1646 K7UM          599      3 EA4DRV        599     14  1
QSO: 14032 CW 2005-11-26 1649 K7UM          599      3 EA4KA         599     14  1
QSO: 14065 CW 2005-11-26 1653 K7UM          599      3 V26K          599      8  1
QSO: 14092 CW 2005-11-26 1655 K7UM          599      3 G5W           599     14  1
QSO: 14090 CW 2005-11-26 1655 K7UM          599      3 II1H          599     15  1
QSO: 14099 CW 2005-11-26 1656 K7UM          599      3 CT8T          599     14  1
QSO: 14026 CW 2005-11-26 1708 K7UM          599      3 ZM1A          599     32  1
QSO: 14052 CW 2005-11-26 1712 K7UM          599      3 VY2TT         599      5  1
QSO: 14056 CW 2005-11-26 1713 K7UM          599      3 G3RAU         599     14  1
QSO: 14057 CW 2005-11-26 1714 K7UM          599      3 TF3CW         599     40  1
QSO: 14058 CW 2005-11-26 1717 K7UM          599      3 TZ5A          599     35  1
QSO: 14059 CW 2005-11-26 1718 K7UM          599      3 F6KHM         599     14  1
QSO: 14062 CW 2005-11-26 1719 K7UM          599      3 CN2WW         599     33  1
QSO: 14084 CW 2005-11-26 1726 K7UM          599      3 GD6IA         599     14  1
QSO: 14096 CW 2005-11-26 1727 K7UM          599      3 CT6A          599     14  1
QSO: 14099 CW 2005-11-26 1727 K7UM          599      3 AA1ON         599      5  1
QSO: 14009 CW 2005-11-26 1729 K7UM          599      3 VE3RM         599      4  1
QSO: 14013 CW 2005-11-26 1731 K7UM          599      3 ZL6QS         599     32  1
QSO: 14014 CW 2005-11-26 1732 K7UM          599      3 RW1ZA         599     16  1
QSO: 14014 CW 2005-11-26 1733 K7UM          599      3 VE6AO         599      4  1
QSO: 14023 CW 2005-11-26 1736 K7UM          599      3 KU4EC         599      5  1
QSO: 14026 CW 2005-11-26 1738 K7UM          599      3 SM2EKM        599     14  1
QSO: 14028 CW 2005-11-26 1739 K7UM          599      3 YL2KO         599     15  1
QSO: 14031 CW 2005-11-26 1740 K7UM          599      3 OH6AY         599     15  1
QSO: 14032 CW 2005-11-26 1741 K7UM          599      3 N3KAE         599      5  1
QSO: 14032 CW 2005-11-26 1742 K7UM          599      3 VE2DXQ        599      5  1
QSO: 14032 CW 2005-11-26 1745 K7UM          599      3 AA0BQ         599      4  1
QSO: 14032 CW 2005-11-26 1748 K7UM          599      3 EA3FM         599     13  1
QSO: 14032 CW 2005-11-26 1749 K7UM          599      3 VE3FDT        599      4  1
QSO: 14034 CW 2005-11-26 1751 K7UM          599      3 P40L          599      9  1
QSO: 14035 CW 2005-11-26 1756 K7UM          599      3 OH6KN         599     15  1
QSO: 14041 CW 2005-11-26 1758 K7UM          599      3 VP5W          599      8  1
QSO: 14042 CW 2005-11-26 1759 K7UM          599      3 MW5A          599     14  1
QSO: 14043 CW 2005-11-26 1759 K7UM          599      3 HG1R          599     15  1
QSO: 14055 CW 2005-11-26 1800 K7UM          599      3 IR4M          599     15  1
QSO: 14074 CW 2005-11-26 1806 K7UM          599      3 C6AQQ         599      8  1
QSO: 14085 CW 2005-11-26 1809 K7UM          599      3 YV5KG         599      9  1
QSO: 28039 CW 2005-11-26 1809 K7UM          599      3 HC8N          599     10  0
QSO: 14095 CW 2005-11-26 1810 K7UM          599      3 J79AG         599      8  1
QSO: 14023 CW 2005-11-26 1815 K7UM          599      3 VC3O          599      4  1
QSO: 21007 CW 2005-11-26 1827 K7UM          599      3 HC8N          599     10  0
QSO: 21031 CW 2005-11-26 1830 K7UM          599      3 CX5AO         599     13  0
QSO: 21034 CW 2005-11-26 1831 K7UM          599      3 ZF1A          599      8  0
QSO: 21009 CW 2005-11-26 1840 K7UM          599      3 KP2TM         599      8  1
QSO: 21010 CW 2005-11-26 1841 K7UM          599      3 LU2FLN        599     13  1
QSO: 21016 CW 2005-11-26 1842 K7UM          599      3 D44TD         599     35  1
QSO: 21019 CW 2005-11-26 1843 K7UM          599      3 TZ5A          599     35  1
QSO: 21021 CW 2005-11-26 1843 K7UM          599      3 ZM1A          599     32  1
QSO: 21024 CW 2005-11-26 1846 K7UM          599      3 PJ7/K7ZUM     599      8  1
QSO: 21029 CW 2005-11-26 1848 K7UM          599      3 TI5X          599      7  1
QSO: 21041 CW 2005-11-26 1849 K7UM          599      3 C6AUR         599      8  1
QSO: 21044 CW 2005-11-26 1849 K7UM          599      3 PS2T          599     11  1
QSO: 21047 CW 2005-11-26 1851 K7UM          599      3 VP2E          599      8  1
QSO: 21051 CW 2005-11-26 1852 K7UM          599      3 XE3WAO        599      6  1
QSO: 21053 CW 2005-11-26 1852 K7UM          599      3 PT5A          599     11  1
QSO: 21061 CW 2005-11-26 1853 K7UM          599      3 WP2Z          599      8  1
QSO: 21066 CW 2005-11-26 1854 K7UM          599      3 PY8MGB        599     11  1
QSO: 21070 CW 2005-11-26 1855 K7UM          599      3 PY2IQ         599     11  1
QSO: 21075 CW 2005-11-26 1856 K7UM          599      3 PY2NA         599     11  1
QSO: 21078 CW 2005-11-26 1857 K7UM          599      3 ZP0R          599     11  1
QSO: 21046 CW 2005-11-26 1857 K7UM          599      3 J88DR         599      8  1
QSO: 21040 CW 2005-11-26 1858 K7UM          599      3 PY5BLG        599     11  1
QSO: 21037 CW 2005-11-26 1859 K7UM          599      3 PJ2T          599      9  1
QSO: 21027 CW 2005-11-26 1900 K7UM          599      3 HI7/DL1JFI    599      8  1
QSO: 21026 CW 2005-11-26 1901 K7UM          599      3 5J1W          599      9  1
QSO: 21011 CW 2005-11-26 1905 K7UM          599      3 PY2HL         599     11  1
QSO: 21004 CW 2005-11-26 1906 K7UM          599      3 P40W          599      9  1
QSO: 21038 CW 2005-11-26 1910 K7UM          599      3 ZD8A          599     36  1
QSO: 21036 CW 2005-11-26 1911 K7UM          599      3 VP5W          599      8  1
QSO: 21021 CW 2005-11-26 1914 K7UM          599      3 P40L          599      9  1
QSO: 21013 CW 2005-11-26 1917 K7UM          599      3 LU4DX         599     13  1
QSO: 28026 CW 2005-11-26 1919 K7UM          599      3 LR2F          599     13  0
QSO: 21027 CW 2005-11-26 1929 K7UM          599      3 V31TM         599      7  1
QSO: 21041 CW 2005-11-26 1931 K7UM          599      3 WA4BPL        599      5  1
QSO: 21041 CW 2005-11-26 1932 K7UM          599      3 W8OP          599      5  1
QSO: 21041 CW 2005-11-26 1932 K7UM          599      3 W9NNK         599      5  1
QSO: 21041 CW 2005-11-26 1933 K7UM          599      3 KI4RWM        599      5  1
QSO: 21041 CW 2005-11-26 1934 K7UM          599      3 VE2AWR        599      5  1
QSO: 21041 CW 2005-11-26 1934 K7UM          599      3 LR1F          599     13  1
QSO: 21041 CW 2005-11-26 1936 K7UM          599      3 KZ2I          599      5  1
QSO: 21041 CW 2005-11-26 1938 K7UM          599      3 K6ETM         599      3  1
QSO: 21041 CW 2005-11-26 1938 K7UM          599      3 K1BD          599      5  1
QSO: 21029 CW 2005-11-26 2000 K7UM          599      3 V26K          599      8  1
QSO: 21033 CW 2005-11-26 2001 K7UM          599      3 LU6UO         599     13  1
QSO: 14027 CW 2005-11-26 2008 K7UM          599      3 CU2A          599     14  1
QSO: 14036 CW 2005-11-26 2009 K7UM          599      3 OH6KN         599     15  1
QSO: 14045 CW 2005-11-26 2012 K7UM          599      3 KL7DX         599      1  1
QSO: 14050 CW 2005-11-26 2015 K7UM          599      3 FP/K8DD       599      5  1
QSO: 14066 CW 2005-11-26 2022 K7UM          599      3 EA8ZS         599     33  1
QSO: 14094 CW 2005-11-26 2028 K7UM          599      3 J88DR         599      8  1
QSO: 14095 CW 2005-11-26 2029 K7UM          599      3 J79CW         599      8  1
QSO: 14074 CW 2005-11-26 2030 K7UM          599      3 VE7SV         599      3  1
QSO: 14063 CW 2005-11-26 2031 K7UM          599      3 TI5A          599      7  1
QSO: 14057 CW 2005-11-26 2032 K7UM          599      3 HI9L          599      8  1
QSO: 14053 CW 2005-11-26 2033 K7UM          599      3 VE7AV         599      3  1
QSO: 14052 CW 2005-11-26 2033 K7UM          599      3 VE9DX         599      5  1
QSO: 14017 CW 2005-11-26 2042 K7UM          599      3 CO8LY         599      8  1
QSO: 14026 CW 2005-11-26 2048 K7UM          599      3 5J1W          599      9  1
QSO: 14031 CW 2005-11-26 2053 K7UM          599      3 WP2Z          599      8  1
QSO: 14036 CW 2005-11-26 2053 K7UM          599      3 P40W          599      9  1
QSO: 14043 CW 2005-11-26 2055 K7UM          599      3 VC6R          599      4  1
QSO: 14061 CW 2005-11-26 2100 K7UM          599      3 XE1MM         599      6  1
QSO: 14006 CW 2005-11-26 2106 K7UM          599      3 VE5UA         599      4  1
QSO: 21015 CW 2005-11-26 2127 K7UM          599      3 LR2F          599     13  1
QSO: 21033 CW 2005-11-26 2130 K7UM          599      3 KH6/JE1EKT    599     31  1
QSO: 21088 CW 2005-11-26 2132 K7UM          599      3 HK3CQ         599      9  1
QSO: 21085 CW 2005-11-26 2133 K7UM          599      3 LU5FZ         599     13  1
QSO: 21071 CW 2005-11-26 2138 K7UM          599      3 S9SS          599     36  1
QSO: 21056 CW 2005-11-26 2139 K7UM          599      3 8P5A          599      8  1
QSO: 21049 CW 2005-11-26 2141 K7UM          599      3 HI3/SP9XCN    599      8  1
QSO: 21034 CW 2005-11-26 2141 K7UM          599      3 LU4AA         599     13  1
QSO: 21012 CW 2005-11-26 2143 K7UM          599      3 ZL6QH         599     32  1
QSO: 21064 CW 2005-11-26 2147 K7UM          599      3 AI4FR         599      5  1
QSO: 21028 CW 2005-11-26 2209 K7UM          599      3 JR3EOI        599     25  1
QSO: 21039 CW 2005-11-26 2210 K7UM          599      3 JA3YBK        599     25  1
QSO: 21043 CW 2005-11-26 2211 K7UM          599      3 JR1MQT        599     25  1
QSO: 21048 CW 2005-11-26 2211 K7UM          599      3 KH6/VE7AHA    599     31  1
QSO: 21025 CW 2005-11-26 2213 K7UM          599      3 HJ1W          599      9  1
QSO: 21010 CW 2005-11-26 2214 K7UM          599      3 LU2NLN        599     13  1
QSO: 21023 CW 2005-11-26 2215 K7UM          599      3 JA5DQH        599     25  1
QSO: 21049 CW 2005-11-26 2216 K7UM          599      3 JH4UYB        599     25  1
QSO: 21039 CW 2005-11-26 2237 K7UM          599      3 JA1WTI        599     25  1
QSO: 21039 CW 2005-11-26 2238 K7UM          599      3 JR4DAH        599     25  1
QSO: 21039 CW 2005-11-26 2239 K7UM          599      3 7N4CLI        599     25  1
QSO: 21039 CW 2005-11-26 2240 K7UM          599      3 JK1OPL        599     25  1
QSO: 21039 CW 2005-11-26 2240 K7UM          599      3 7K1CPT        599     25  1
QSO: 21039 CW 2005-11-26 2241 K7UM          599      3 JQ1QGM        599     25  1
QSO: 21039 CW 2005-11-26 2242 K7UM          599      3 JA3JOT        599     25  1
QSO: 21039 CW 2005-11-26 2242 K7UM          599      3 JA4KTE        599     25  1
QSO: 21039 CW 2005-11-26 2243 K7UM          599      3 JA3AVO        599     25  1
QSO: 21039 CW 2005-11-26 2243 K7UM          599      3 JA3BUM/2      599     25  1
QSO: 21039 CW 2005-11-26 2244 K7UM          599      3 JR1NKN        599     25  1
QSO: 21039 CW 2005-11-26 2244 K7UM          599      3 VE7UF         599      3  1
QSO: 21039 CW 2005-11-26 2244 K7UM          599      3 JA7BZU        599     25  1
QSO: 21039 CW 2005-11-26 2245 K7UM          599      3 JA1AKL        599     25  1
QSO: 21039 CW 2005-11-26 2245 K7UM          599      3 JA2QVP        599     25  1
QSO: 21039 CW 2005-11-26 2246 K7UM          599      3 JA7FEX        599     25  1
QSO: 21039 CW 2005-11-26 2246 K7UM          599      3 JA1PCY        599     25  1
QSO: 21039 CW 2005-11-26 2246 K7UM          599      3 JR5EPQ        599     25  1
QSO: 21039 CW 2005-11-26 2247 K7UM          599      3 JI1AQY        599     25  1
QSO: 21039 CW 2005-11-26 2247 K7UM          599      3 JI1AQY        599     25  1
QSO: 21039 CW 2005-11-26 2248 K7UM          599      3 JA1CPZ        599     25  1
QSO: 21039 CW 2005-11-26 2250 K7UM          599      3 KH6/N0CO      599     31  1
QSO: 21039 CW 2005-11-26 2250 K7UM          599      3 JA1ERB        599     25  1
QSO: 21039 CW 2005-11-26 2253 K7UM          599      3 JG5DHX/5      599     25  1
QSO: 21039 CW 2005-11-26 2253 K7UM          599      3 JH1EVD        599     25  1
QSO: 21039 CW 2005-11-26 2254 K7UM          599      3 JA8FET        599     25  1
QSO: 21039 CW 2005-11-26 2256 K7UM          599      3 JG1UKW        599     25  1
QSO: 21039 CW 2005-11-26 2300 K7UM          599      3 JA1NLX        599     25  1
QSO: 21039 CW 2005-11-26 2301 K7UM          599      3 RA0CDF        599     19  1
QSO: 21039 CW 2005-11-26 2302 K7UM          599      3 JA6BIF        599     25  1
QSO: 21039 CW 2005-11-26 2303 K7UM          599      3 JQ1NGT        599     25  1
QSO: 21039 CW 2005-11-26 2304 K7UM          599      3 JA3PYC        599     25  1
QSO: 21039 CW 2005-11-26 2304 K7UM          599      3 LU7DIR        599     13  1
QSO: 21039 CW 2005-11-26 2305 K7UM          599      3 JH0NEC        599     25  1
QSO: 21039 CW 2005-11-26 2306 K7UM          599      3 JH8SLS        599     25  1
QSO: 21039 CW 2005-11-26 2307 K7UM          599      3 JA7DLE        599     25  1
QSO: 21039 CW 2005-11-26 2307 K7UM          599      3 JP1QDH        599     25  1
QSO: 21039 CW 2005-11-26 2308 K7UM          599      3 JE7RIT        599     25  1
QSO: 21039 CW 2005-11-26 2310 K7UM          599      3 JI1ANI        599     25  1
QSO: 21039 CW 2005-11-26 2313 K7UM          599      3 JA4FGD/1      599     25  1
QSO: 21039 CW 2005-11-26 2314 K7UM          599      3 JM1LRQ        599     25  1
QSO: 21039 CW 2005-11-26 2315 K7UM          599      3 JA7OXR        599     25  1
QSO: 21039 CW 2005-11-26 2316 K7UM          599      3 JH3NFZ        599     25  1
QSO: 21039 CW 2005-11-26 2316 K7UM          599      3 JA1BZM        599     25  1
QSO: 21039 CW 2005-11-26 2317 K7UM          599      3 JF3BFS        599     25  1
QSO: 21039 CW 2005-11-26 2318 K7UM          599      3 JL3TEM        599     25  1
QSO: 21039 CW 2005-11-26 2319 K7UM          599      3 7K4XNN        599     25  1
QSO: 21039 CW 2005-11-26 2321 K7UM          599      3 VE7IN         599      3  1
QSO: 21039 CW 2005-11-26 2321 K7UM          599      3 JA2JTN        599     25  1
QSO: 21039 CW 2005-11-26 2323 K7UM          599      3 JA7GBS        599     25  1
QSO: 21039 CW 2005-11-26 2334 K7UM          599      3 JE1CKA        599     25  1
QSO: 14022 CW 2005-11-26 2339 K7UM          599      3 KL7WV         599      1  0
QSO: 14025 CW 2005-11-26 2341 K7UM          599      3 VE7GL         599      3  0
QSO: 21039 CW 2005-11-26 2343 K7UM          599      3 JK1MIG        599     25  1
QSO: 14030 CW 2005-11-26 2342 K7UM          599      3 LR2F          599     13  0
QSO: 14039 CW 2005-11-26 2343 K7UM          599      3 CX4SS         599     13  0
QSO: 14047 CW 2005-11-26 2344 K7UM          599      3 6Y3R          599      8  0
QSO: 14049 CW 2005-11-26 2345 K7UM          599      3 KP3Z          599      8  0
QSO: 14049 CW 2005-11-26 2346 K7UM          599      3 JR3NZC        599     25  0
QSO: 14053 CW 2005-11-26 2346 K7UM          599      3 CX7BY         599     13  0
QSO: 14062 CW 2005-11-26 2347 K7UM          599      3 LU2EE         599     13  0
QSO: 14080 CW 2005-11-26 2349 K7UM          599      3 LU4AA         599     13  0
QSO: 14014 CW 2005-11-26 2351 K7UM          599      3 TI3M          599      7  0
QSO: 14001 CW 2005-11-26 2352 K7UM          599      3 LU7YS         599     13  0
QSO: 14037 CW 2005-11-26 2358 K7UM          599      3 JH3AIU        599     25  0
QSO: 14023 CW 2005-11-27 0006 K7UM          599      3 DX1DBT        599     27  1
QSO: 14021 CW 2005-11-27 0007 K7UM          599      3 B1Z           599     24  1
QSO: 14014 CW 2005-11-27 0008 K7UM          599      3 YB0UNC        599     28  1
QSO: 14000 CW 2005-11-27 0008 K7UM          599      3 JA3YBK        599     25  1
QSO: 14032 CW 2005-11-27 0010 K7UM          599      3 JA5ERZ        599     25  1
QSO: 14032 CW 2005-11-27 0011 K7UM          599      3 JG0SXC        599     25  1
QSO: 14032 CW 2005-11-27 0011 K7UM          599      3 JJ2HCM        599     25  1
QSO: 14032 CW 2005-11-27 0012 K7UM          599      3 JA2XCR        599     25  1
QSO: 14032 CW 2005-11-27 0012 K7UM          599      3 JR6LDE        599     25  1
QSO: 14032 CW 2005-11-27 0014 K7UM          599      3 JA3YPL        599     25  1
QSO: 14032 CW 2005-11-27 0014 K7UM          599      3 JA1HMK        599     25  1
QSO: 14032 CW 2005-11-27 0015 K7UM          599      3 RA0QD         599     19  1
QSO: 14032 CW 2005-11-27 0015 K7UM          599      3 JA8NSF/1      599     25  1
QSO: 14032 CW 2005-11-27 0015 K7UM          599      3 KL8DX         599      1  1
QSO: 14032 CW 2005-11-27 0016 K7UM          599      3 JA1TVE        599     25  1
QSO: 14032 CW 2005-11-27 0016 K7UM          599      3 JR3XTO        599     25  1
QSO: 14032 CW 2005-11-27 0017 K7UM          599      3 JA2KKA        599     25  1
QSO: 14032 CW 2005-11-27 0017 K7UM          599      3 JH1KZB        599     25  1
QSO: 14032 CW 2005-11-27 0018 K7UM          599      3 JE1GWO        599     25  1
QSO: 14032 CW 2005-11-27 0020 K7UM          599      3 7K4GUR        599     25  1
QSO: 14032 CW 2005-11-27 0021 K7UM          599      3 VA7LC         599      3  1
QSO: 14032 CW 2005-11-27 0021 K7UM          599      3 JM1GHT        599     25  1
QSO:  7014 CW 2005-11-27 0020 K7UM          599      3 VE3EY         599      4  0
QSO: 14032 CW 2005-11-27 0022 K7UM          599      3 JA7COI        599     25  1
QSO: 14032 CW 2005-11-27 0023 K7UM          599      3 JR1RGX        599     25  1
QSO: 14032 CW 2005-11-27 0024 K7UM          599      3 UA0DC         599     19  1
QSO: 14032 CW 2005-11-27 0025 K7UM          599      3 DS1JUY        599     25  1
QSO:  7025 CW 2005-11-27 0024 K7UM          599      3 TZ5A          599     35  0
QSO: 14032 CW 2005-11-27 0025 K7UM          599      3 JA1CC         599     25  1
QSO: 14032 CW 2005-11-27 0026 K7UM          599      3 JO1ALS        599     25  1
QSO: 14032 CW 2005-11-27 0026 K7UM          599      3 JE4MHL        599     25  1
QSO: 14032 CW 2005-11-27 0027 K7UM          599      3 JA1PTO        599     25  1
QSO:  7087 CW 2005-11-27 0026 K7UM          599      3 OK5MM         599     15  0
QSO: 14032 CW 2005-11-27 0027 K7UM          599      3 JE8CLT        599     25  1
QSO: 14032 CW 2005-11-27 0028 K7UM          599      3 JH2CMH        599     25  1
QSO: 14032 CW 2005-11-27 0028 K7UM          599      3 JA1NLX        599     25  1
QSO: 14032 CW 2005-11-27 0029 K7UM          599      3 JA1DKT        599     25  1
QSO: 14032 CW 2005-11-27 0029 K7UM          599      3 JA3CG         599     25  1
QSO: 14032 CW 2005-11-27 0030 K7UM          599      3 JR7UOL        599     25  1
QSO: 14032 CW 2005-11-27 0030 K7UM          599      3 VE7ALN        599      3  1
QSO:  7071 CW 2005-11-27 0030 K7UM          599      3 EA6UNT        599     14  0
QSO: 14032 CW 2005-11-27 0032 K7UM          599      3 JA1WPX        599     25  1
QSO:  7034 CW 2005-11-27 0032 K7UM          599      3 LZ5A          599     20  0
QSO: 14032 CW 2005-11-27 0034 K7UM          599      3 JA1XPU        599     25  1
QSO:  7031 CW 2005-11-27 0034 K7UM          599      3 IY4W          599     15  0
QSO: 14032 CW 2005-11-27 0035 K7UM          599      3 JJ0KWN        599     25  1
QSO:  7013 CW 2005-11-27 0034 K7UM          599      3 HG7H          599     15  0
QSO: 14032 CW 2005-11-27 0035 K7UM          599      3 JJ0AEB        599     25  1
QSO: 14032 CW 2005-11-27 0036 K7UM          599      3 JF7RJM        599     25  1
QSO:  7013 CW 2005-11-27 0035 K7UM          599      3 DF3CB         599     14  0
QSO: 14032 CW 2005-11-27 0036 K7UM          599      3 JA2HXV        599     25  1
QSO: 14032 CW 2005-11-27 0037 K7UM          599      3 JA2IU         599     25  1
QSO: 14032 CW 2005-11-27 0037 K7UM          599      3 JF7GDF/7      599     25  1
QSO: 14032 CW 2005-11-27 0038 K7UM          599      3 JA2SXS        599     25  1
QSO:  7008 CW 2005-11-27 0037 K7UM          599      3 A61AR         599     21  0
QSO: 14032 CW 2005-11-27 0038 K7UM          599      3 7K2GMJ        599     25  1
QSO: 14032 CW 2005-11-27 0038 K7UM          599      3 JG1TVK        599     25  1
QSO: 14032 CW 2005-11-27 0039 K7UM          599      3 RK0UT         599     18  1
QSO: 14032 CW 2005-11-27 0040 K7UM          599      3 JA4BAA        599     25  1
QSO: 14032 CW 2005-11-27 0040 K7UM          599      3 JE2QIZ        599     25  1
QSO: 14032 CW 2005-11-27 0041 K7UM          599      3 7L1VET        599     25  1
QSO: 14032 CW 2005-11-27 0041 K7UM          599      3 JP1QDH        599     25  1
QSO:  7037 CW 2005-11-27 0040 K7UM          599      3 CU2A          599     14  0
QSO: 14032 CW 2005-11-27 0042 K7UM          599      3 JG2LGM        599     25  1
QSO: 14032 CW 2005-11-27 0042 K7UM          599      3 JA3IKG        599     25  1
QSO:  7052 CW 2005-11-27 0042 K7UM          599      3 EA5RS         599     14  0
QSO: 14032 CW 2005-11-27 0043 K7UM          599      3 JR2SQU        599     25  1
QSO: 14032 CW 2005-11-27 0043 K7UM          599      3 JA2KCY        599     25  1
QSO: 14032 CW 2005-11-27 0043 K7UM          599      3 JA1HFY        599     25  1
QSO: 14032 CW 2005-11-27 0045 K7UM          599      3 JE1CAC        599     25  1
QSO: 14032 CW 2005-11-27 0046 K7UM          599      3 JR1BAS        599     25  1
QSO: 14032 CW 2005-11-27 0048 K7UM          599      3 JG5DHX/5      599     25  1
QSO: 14032 CW 2005-11-27 0049 K7UM          599      3 JA2PFO        599     25  1
QSO: 14032 CW 2005-11-27 0049 K7UM          599      3 JA4JBZ        599     25  1
QSO: 14032 CW 2005-11-27 0050 K7UM          599      3 JA1CP         599     25  1
QSO:  7063 CW 2005-11-27 0049 K7UM          599      3 R1ANN         599     38  0
QSO: 14032 CW 2005-11-27 0051 K7UM          599      3 JA1RNU        599     25  1
QSO: 14032 CW 2005-11-27 0052 K7UM          599      3 JH3MSA        599     25  1
QSO: 14032 CW 2005-11-27 0054 K7UM          599      3 JH0NEC        599     25  1
QSO: 14032 CW 2005-11-27 0101 K7UM          599      3 JR1RKA        599     25  1
QSO: 14032 CW 2005-11-27 0102 K7UM          599      3 JL2LPX        599     25  1
QSO:  7020 CW 2005-11-27 0101 K7UM          599      3 PJ5NA         599      8  0
QSO:  7012 CW 2005-11-27 0103 K7UM          599      3 F6KHM         599     14  0
QSO: 14032 CW 2005-11-27 0105 K7UM          599      3 VE6CNU        599      4  1
QSO: 14032 CW 2005-11-27 0106 K7UM          599      3 VE6CNU        599      4  1
QSO: 14032 CW 2005-11-27 0106 K7UM          599      3 JH2NWP        599     25  1
QSO:  7028 CW 2005-11-27 0128 K7UM          599      3 K3ASK         599      5  1
QSO:  3500 CW 2005-11-27 0130 K7UM          599      3 ZB2X          599     14  0
QSO:  7027 CW 2005-11-27 0131 K7UM          599      3 IH9P          599     33  1
QSO:  7018 CW 2005-11-27 0135 K7UM          599      3 CO6LPB        599      8  1
QSO:  3536 CW 2005-11-27 0136 K7UM          599      3 CU3AA         599     14  0
QSO:  7031 CW 2005-11-27 0137 K7UM          599      3 VP9I          599      5  1
QSO:  7041 CW 2005-11-27 0141 K7UM          599      3 KP2/K3MD      599      8  1
QSO:  7054 CW 2005-11-27 0143 K7UM          599      3 ZF1A          599      8  1
QSO:  7070 CW 2005-11-27 0148 K7UM          599      3 ZD8A          599     36  1
QSO:  7075 CW 2005-11-27 0149 K7UM          599      3 FG5BG         599      8  1
QSO:  7051 CW 2005-11-27 0154 K7UM          599      3 J88DR         599      8  1
QSO:  7062 CW 2005-11-27 0158 K7UM          599      3 PY2WC         599     11  1
QSO:  3541 CW 2005-11-27 0158 K7UM          599      3 FP/K8DD       599      5  0
QSO:  7060 CW 2005-11-27 0201 K7UM          599      3 XE2AC         599      6  1
QSO:  7024 CW 2005-11-27 0208 K7UM          599      3 KL7WV         599      1  1
QSO:  7007 CW 2005-11-27 0216 K7UM          599      3 VE6AO         599      4  1
QSO:  7008 CW 2005-11-27 0220 K7UM          599      3 P40W          599      9  1
QSO:  7014 CW 2005-11-27 0222 K7UM          599      3 EA8ZS         599     33  1
QSO:  7040 CW 2005-11-27 0226 K7UM          599      3 HK0FD         599      7  1
QSO:  7053 CW 2005-11-27 0241 K7UM          599      3 P40A          599      9  1
QSO:  7018 CW 2005-11-27 0248 K7UM          599      3 CO6LPB        599      8  1
QSO:  7028 CW 2005-11-27 0258 K7UM          599      3 C6AUR         599      8  1
QSO:  7044 CW 2005-11-27 0408 K7UM          599      3 R1ANF         599     13  1
QSO:  7033 CW 2005-11-27 0411 K7UM          599      3 ZW5A          599     11  1
QSO:  7057 CW 2005-11-27 0412 K7UM          599      3 P43E          599      9  1
QSO:  7011 CW 2005-11-27 0415 K7UM          599      3 HI8RV         599      8  1
QSO:  7006 CW 2005-11-27 0418 K7UM          599      3 ZS6KR         599     38  1
QSO:  7011 CW 2005-11-27 0427 K7UM          599      3 ZS4TX         599     38  1
QSO:  7019 CW 2005-11-27 0430 K7UM          599      3 5J1W          599      9  1
QSO:  7023 CW 2005-11-27 0435 K7UM          599      3 6Y8A          599      8  1
QSO:  7017 CW 2005-11-27 0445 K7UM          599      3 V51AS         599     38  1
QSO:  7027 CW 2005-11-27 0451 K7UM          599      3 CT9A          599     33  1
QSO:  3519 CW 2005-11-27 0432 K7UM          599      3 ZF1A          599      8  0
QSO:  7058 CW 2005-11-27 0516 K7UM          599      3 CU2JT         599     14  1
QSO:  3515 CW 2005-11-27 0535 K7UM          599      3 C6AQQ         599      8  1
QSO:  3520 CW 2005-11-27 0535 K7UM          599      3 CT3EN         599     33  1
QSO:  3505 CW 2005-11-27 0541 K7UM          599      3 G5W           599     14  1
QSO:  3533 CW 2005-11-27 0545 K7UM          599      3 IS0N          599     15  1
QSO:  3540 CW 2005-11-27 0549 K7UM          599      3 HI3/SP9XCN    599      8  1
QSO:  7003 CW 2005-11-27 0554 K7UM          599      3 UA0DC         599     19  0
QSO:  3524 CW 2005-11-27 0600 K7UM          599      3 NL7Z          599      1  1
QSO:  3577 CW 2005-11-27 0601 K7UM          599      3 WP2Z          599      8  1
QSO:  3501 CW 2005-11-27 0606 K7UM          599      3 ZB2X          599     14  1
QSO:  7040 CW 2005-11-27 0605 K7UM          599      3 FM5JC         599      8  0
QSO:  3527 CW 2005-11-27 0612 K7UM          599      3 SN3A          599     15  1
QSO:  3525 CW 2005-11-27 0614 K7UM          599      3 VE2TZT        599      5  1
QSO:  3532 CW 2005-11-27 0618 K7UM          599      3 HC8N          599     10  1
QSO:  3552 CW 2005-11-27 0621 K7UM          599      3 EA8ZS         599     33  1
QSO:  3563 CW 2005-11-27 0622 K7UM          599      3 V26K          599      8  1
QSO:  3514 CW 2005-11-27 0630 K7UM          599      3 VO1AU         599      5  1
QSO:  7039 CW 2005-11-27 0651 K7UM          599      3 FO/N6JA       599     32  0
QSO:  3547 CW 2005-11-27 0653 K7UM          599      3 FG5BG         599      8  1
QSO:  1825 CW 2005-11-27 0702 K7UM          599      3 FP/K8DD       599      5  1
QSO:  1836 CW 2005-11-27 0704 K7UM          599      3 C6AQQ         599      8  1
QSO:  1839 CW 2005-11-27 0706 K7UM          599      3 PJ2T          599      9  1
QSO:  1845 CW 2005-11-27 0708 K7UM          599      3 VE3PN         599      4  1
QSO:  1820 CW 2005-11-27 0711 K7UM          599      3 VE3NE         599      4  1
QSO:  1824 CW 2005-11-27 0713 K7UM          599      3 VE3OSZ        599      4  1
QSO:  1825 CW 2005-11-27 0714 K7UM          599      3 K5ZGO         599      4  1
QSO:  1831 CW 2005-11-27 0715 K7UM          599      3 N8XP          599      4  1
QSO:  1833 CW 2005-11-27 0717 K7UM          599      3 AA1JN         599      5  1
QSO:  1840 CW 2005-11-27 0719 K7UM          599      3 V31TM         599      7  1
QSO:  1816 CW 2005-11-27 0721 K7UM          599      3 KP3Z          599      8  1
QSO:  7059 CW 2005-11-27 0723 K7UM          599      3 PZ5C          599      9  0
QSO:  1826 CW 2005-11-27 0726 K7UM          599      3 VE3JAQ        599      4  1
QSO:  1838 CW 2005-11-27 0733 K7UM          599      3 KL7WV         599      1  1
QSO:  1831 CW 2005-11-27 0737 K7UM          599      3 TE1W          599      7  1
QSO:  7037 CW 2005-11-27 0738 K7UM          599      3 6W1RW         599     35  0
QSO:  1834 CW 2005-11-27 0748 K7UM          599      3 9Y4AA         599      9  1
QSO:  7041 CW 2005-11-27 1242 K7UM          599      3 RW0LZ         599     19  1
QSO:  7041 CW 2005-11-27 1243 K7UM          599      3 JH0NEC        599     25  1
QSO:  7041 CW 2005-11-27 1244 K7UM          599      3 JR4CRR/1      599     25  1
QSO:  7041 CW 2005-11-27 1244 K7UM          599      3 JA1UYN        599     25  1
QSO:  7041 CW 2005-11-27 1246 K7UM          599      3 JA2AXB        599     25  1
QSO:  7041 CW 2005-11-27 1251 K7UM          599      3 JH1HTQ/2      599     25  1
QSO:  7041 CW 2005-11-27 1252 K7UM          599      3 JE5JHZ        599     25  1
QSO:  7041 CW 2005-11-27 1252 K7UM          599      3 JG1OWV        599     25  1
QSO:  7041 CW 2005-11-27 1253 K7UM          599      3 JF3GKE        599     25  1
QSO:  7041 CW 2005-11-27 1253 K7UM          599      3 JL1QOC        599     25  1
QSO:  7041 CW 2005-11-27 1256 K7UM          599      3 JK1LSE        599     25  1
QSO:  7041 CW 2005-11-27 1257 K7UM          599      3 JN1MSO/1      599     25  1
QSO:  7047 CW 2005-11-27 1300 K7UM          599      3 9M8YY         599     28  1
QSO:  7041 CW 2005-11-27 1301 K7UM          599      3 VR2PX         599     24  1
QSO:  7041 CW 2005-11-27 1302 K7UM          599      3 JF7RJM        599     25  1
QSO:  7041 CW 2005-11-27 1303 K7UM          599      3 JI1FDF        599     25  1
QSO:  7041 CW 2005-11-27 1304 K7UM          599      3 JH1WFK        599     25  1
QSO:  7041 CW 2005-11-27 1305 K7UM          599      3 7K3QPL        599     25  1
QSO:  7041 CW 2005-11-27 1306 K7UM          599      3 JA7AEM        599     25  1
QSO:  7041 CW 2005-11-27 1307 K7UM          599      3 JE0EHE        599     25  1
QSO:  7041 CW 2005-11-27 1311 K7UM          599      3 CO7EH         599      8  1
QSO:  7041 CW 2005-11-27 1311 K7UM          599      3 JI1RXQ        599     25  1
QSO:  7041 CW 2005-11-27 1312 K7UM          599      3 N2AK          599      5  1
QSO:  7041 CW 2005-11-27 1313 K7UM          599      3 JH1SWD        599     25  1
QSO:  7041 CW 2005-11-27 1314 K7UM          599      3 JR9NVB        599     25  1
QSO:  7041 CW 2005-11-27 1315 K7UM          599      3 JK1MIG        599     25  1
QSO:  7041 CW 2005-11-27 1317 K7UM          599      3 XE1MM         599      6  1
QSO:  7041 CW 2005-11-27 1318 K7UM          599      3 DS5JMG        599     25  1
QSO:  7041 CW 2005-11-27 1321 K7UM          599      3 JG0MWU        599     25  1
QSO:  7041 CW 2005-11-27 1326 K7UM          599      3 JH1RNI        599     25  1
QSO:  7041 CW 2005-11-27 1329 K7UM          599      3 VE3CR         599      4  1
QSO:  7041 CW 2005-11-27 1332 K7UM          599      3 W8KTP         599      5  1
QSO:  7041 CW 2005-11-27 1336 K7UM          599      3 JA2ZJW        599     25  1
QSO:  7041 CW 2005-11-27 1336 K7UM          599      3 N0IJ          599      4  1
QSO:  7041 CW 2005-11-27 1337 K7UM          599      3 VE3WG         599      4  1
QSO:  7041 CW 2005-11-27 1339 K7UM          599      3 VE3FH         599      4  1
QSO:  7041 CW 2005-11-27 1343 K7UM          599      3 K0COP         599      5  1
QSO:  7045 CW 2005-11-27 1349 K7UM          599      3 9M2CNC        599     28  1
QSO:  7011 CW 2005-11-27 1352 K7UM          599      3 JH7QXJ        599     25  1
QSO:  7011 CW 2005-11-27 1352 K7UM          599      3 JA2KVD        599     25  1
QSO:  7011 CW 2005-11-27 1353 K7UM          599      3 RX4HZ         599     16  1
QSO:  7011 CW 2005-11-27 1353 K7UM          599      3 VE7UF         599      3  1
QSO:  7011 CW 2005-11-27 1355 K7UM          599      3 HL2AEJ        599     25  1
QSO:  7011 CW 2005-11-27 1359 K7UM          599      3 JA1KLW        599     25  1
QSO:  7011 CW 2005-11-27 1401 K7UM          599      3 JA1BEU        599     25  1
QSO:  7011 CW 2005-11-27 1402 K7UM          599      3 JI3MJK        599     25  1
QSO:  7011 CW 2005-11-27 1404 K7UM          599      3 JA3EOG        599     25  1
QSO:  7046 CW 2005-11-27 1411 K7UM          599      3 JH1XUP        599     25  1
QSO:  7046 CW 2005-11-27 1413 K7UM          599      3 N5KY          599      4  1
QSO:  7046 CW 2005-11-27 1414 K7UM          599      3 VE3TA         599      4  1
QSO:  7046 CW 2005-11-27 1416 K7UM          599      3 VK4XY         599     30  1
QSO:  7051 CW 2005-11-27 1424 K7UM          599      3 BN0F          599     24  1
QSO:  3506 CW 2005-11-27 1423 K7UM          599      3 AH2R          599     27  0
QSO:  7004 CW 2005-11-27 1429 K7UM          599      3 VE3RER        599      4  1
QSO: 14077 CW 2005-11-27 1442 K7UM          599      3 LY7Z          599     15  1
QSO: 14004 CW 2005-11-27 1446 K7UM          599      3 HG6N          599     15  1
QSO: 14014 CW 2005-11-27 1446 K7UM          599      3 DJ9DZ         599     14  1
QSO: 14014 CW 2005-11-27 1447 K7UM          599      3 OL200BA       599     15  1
QSO: 14015 CW 2005-11-27 1448 K7UM          599      3 DL2F          599     14  1
QSO: 14016 CW 2005-11-27 1448 K7UM          599      3 UT7I          599     16  1
QSO: 14021 CW 2005-11-27 1449 K7UM          599      3 5B/AJ2O       599     20  1
QSO: 14022 CW 2005-11-27 1449 K7UM          599      3 DR4A          599     14  1
QSO: 14023 CW 2005-11-27 1449 K7UM          599      3 S57AL         599     15  1
QSO: 14024 CW 2005-11-27 1450 K7UM          599      3 DQ4W          599     14  1
QSO: 14027 CW 2005-11-27 1452 K7UM          599      3 9A7A          599     15  1
QSO: 14034 CW 2005-11-27 1452 K7UM          599      3 S59ABC        599     15  1
QSO: 14036 CW 2005-11-27 1453 K7UM          599      3 YZ5C          599     15  1
QSO: 14037 CW 2005-11-27 1454 K7UM          599      3 DJ5MW         599     14  1
QSO: 14040 CW 2005-11-27 1455 K7UM          599      3 DK3GI         599     14  1
QSO: 14041 CW 2005-11-27 1455 K7UM          599      3 LZ9W          599     20  1
QSO: 14044 CW 2005-11-27 1458 K7UM          599      3 RU1A          599     16  1
QSO: 14046 CW 2005-11-27 1459 K7UM          599      3 SM5INC        599     14  1
QSO: 14048 CW 2005-11-27 1500 K7UM          599      3 SN7F          599     15  1
QSO: 14055 CW 2005-11-27 1505 K7UM          599      3 LZ2SSB        599     20  1
QSO: 14058 CW 2005-11-27 1505 K7UM          599      3 DL0KF         599     14  1
QSO: 14059 CW 2005-11-27 1507 K7UM          599      3 YL7X          599     15  1
QSO: 14060 CW 2005-11-27 1507 K7UM          599      3 EA6IB         599     14  1
QSO: 14060 CW 2005-11-27 1508 K7UM          599      3 OT5L          599     14  1
QSO: 14061 CW 2005-11-27 1508 K7UM          599      3 DF3CB         599     14  1
QSO: 14066 CW 2005-11-27 1509 K7UM          599      3 OK1EW         599     15  1
QSO: 14067 CW 2005-11-27 1510 K7UM          599      3 M8C           599     14  1
QSO: 14067 CW 2005-11-27 1511 K7UM          599      3 DR5Z          599     14  1
QSO: 14070 CW 2005-11-27 1512 K7UM          599      3 DP5A          599     14  1
QSO: 21066 CW 2005-11-27 1512 K7UM          599      3 EA8ZS         599     33  0
QSO: 14073 CW 2005-11-27 1513 K7UM          599      3 LY7A          599     15  1
QSO: 14075 CW 2005-11-27 1514 K7UM          599      3 YZ9A          599     15  1
QSO: 14077 CW 2005-11-27 1515 K7UM          599      3 S58N          599     15  1
QSO: 14078 CW 2005-11-27 1515 K7UM          599      3 LY2TE         599     15  1
QSO: 14079 CW 2005-11-27 1516 K7UM          599      3 OZ8AE         599     14  1
QSO: 14079 CW 2005-11-27 1516 K7UM          599      3 SP9UMJ        599     15  1
QSO: 14076 CW 2005-11-27 1518 K7UM          599      3 SN2K          599     15  1
QSO: 14080 CW 2005-11-27 1518 K7UM          599      3 SM7YEA        599     14  1
QSO: 14081 CW 2005-11-27 1519 K7UM          599      3 G0WKW         599     14  1
QSO: 14085 CW 2005-11-27 1520 K7UM          599      3 G3TXF         599     14  1
QSO: 14090 CW 2005-11-27 1523 K7UM          599      3 HB9FMU        599     14  1
QSO: 14092 CW 2005-11-27 1526 K7UM          599      3 IR2A          599     15  1
QSO: 14094 CW 2005-11-27 1527 K7UM          599      3 PA3AAV        599     14  1
QSO: 14098 CW 2005-11-27 1527 K7UM          599      3 LY9A          599     15  1
QSO: 14104 CW 2005-11-27 1528 K7UM          599      3 G6M           599     14  1
QSO: 14110 CW 2005-11-27 1529 K7UM          599      3 OK1GI         599     15  1
QSO: 14119 CW 2005-11-27 1529 K7UM          599      3 SP3ASN        599     15  1
QSO: 14126 CW 2005-11-27 1531 K7UM          599      3 SZ1A          599     20  1
QSO: 14012 CW 2005-11-27 1537 K7UM          599      3 IR4X          599     15  1
QSO: 14013 CW 2005-11-27 1537 K7UM          599      3 HA9RT         599     15  1
QSO: 14014 CW 2005-11-27 1537 K7UM          599      3 HA3MQ         599     15  1
QSO: 14032 CW 2005-11-27 1539 K7UM          599      3 IH9P          599     33  1
QSO: 14047 CW 2005-11-27 1543 K7UM          599      3 ER4DX         599     16  1
QSO: 14046 CW 2005-11-27 1543 K7UM          599      3 SN8F          599     15  1
QSO: 14051 CW 2005-11-27 1545 K7UM          599      3 LN8W          599     14  1
QSO: 14052 CW 2005-11-27 1546 K7UM          599      3 OL1C          599     15  1
QSO: 14053 CW 2005-11-27 1546 K7UM          599      3 DL1YD         599     14  1
QSO: 14055 CW 2005-11-27 1547 K7UM          599      3 OO5ZO         599     14  1
QSO: 14056 CW 2005-11-27 1548 K7UM          599      3 OE3GSA        599     15  1
QSO: 21013 CW 2005-11-27 1547 K7UM          599      3 F6KNB         599     14  0
QSO: 14056 CW 2005-11-27 1548 K7UM          599      3 HG8C          599     15  1
QSO: 14058 CW 2005-11-27 1549 K7UM          599      3 9A3B          599     15  1
QSO: 14059 CW 2005-11-27 1549 K7UM          599      3 9A5K          599     15  1
QSO: 21075 CW 2005-11-27 1549 K7UM          599      3 CT6A          599     14  0
QSO: 14063 CW 2005-11-27 1550 K7UM          599      3 DL5CF         599     14  1
QSO: 14067 CW 2005-11-27 1553 K7UM          599      3 G8D           599     14  1
QSO: 14068 CW 2005-11-27 1554 K7UM          599      3 DK1MAX        599     14  1
QSO: 14069 CW 2005-11-27 1554 K7UM          599      3 S53EO         599     15  1
QSO: 14071 CW 2005-11-27 1555 K7UM          599      3 OM7M          599     15  1
QSO: 14075 CW 2005-11-27 1557 K7UM          599      3 OH1F          599     15  1
QSO: 14079 CW 2005-11-27 1558 K7UM          599      3 GM0F          599     14  1
QSO: 21051 CW 2005-11-27 1559 K7UM          599      3 9A1P          599     15  0
QSO: 14085 CW 2005-11-27 1601 K7UM          599      3 DL1LH         599     14  1
QSO: 14085 CW 2005-11-27 1601 K7UM          599      3 SP4Z          599     15  1
QSO: 14000 CW 2005-11-27 1603 K7UM          599      3 S53XX         599     15  1
QSO: 14001 CW 2005-11-27 1603 K7UM          599      3 DP9A          599     14  1
QSO: 14007 CW 2005-11-27 1605 K7UM          599      3 9H1ZA         599     15  1
QSO: 14010 CW 2005-11-27 1605 K7UM          599      3 SK6M          599     14  1
QSO: 14017 CW 2005-11-27 1607 K7UM          599      3 YT1W          599     15  1
QSO: 14018 CW 2005-11-27 1608 K7UM          599      3 TM3T          599     14  1
QSO: 14022 CW 2005-11-27 1609 K7UM          599      3 GW3JXN        599     14  1
QSO: 14022 CW 2005-11-27 1611 K7UM          599      3 YT5A          599     15  1
QSO: 14026 CW 2005-11-27 1611 K7UM          599      3 PI4D          599     14  1
QSO: 14028 CW 2005-11-27 1612 K7UM          599      3 DQ0Q          599     14  1
QSO: 14032 CW 2005-11-27 1613 K7UM          599      3 S50R          599     15  1
QSO: 14036 CW 2005-11-27 1614 K7UM          599      3 RW2F          599     15  1
QSO: 21069 CW 2005-11-27 1613 K7UM          599      3 EI7M          599     14  0
QSO: 14047 CW 2005-11-27 1615 K7UM          599      3 IM5IC         599     15  1
QSO: 14052 CW 2005-11-27 1616 K7UM          599      3 SP4YFJ        599     15  1
QSO: 14061 CW 2005-11-27 1618 K7UM          599      3 OM8A          599     15  1
QSO: 21022 CW 2005-11-27 1617 K7UM          599      3 G5W           599     14  0
QSO: 14062 CW 2005-11-27 1619 K7UM          599      3 OH6NIO        599     15  1
QSO: 14064 CW 2005-11-27 1619 K7UM          599      3 DJ0IF         599     14  1
QSO: 14066 CW 2005-11-27 1620 K7UM          599      3 S53M          599     15  1
QSO: 14071 CW 2005-11-27 1621 K7UM          599      3 HB9EP         599     14  1
QSO: 21015 CW 2005-11-27 1620 K7UM          599      3 ZS1EL         599     38  0
QSO: 14073 CW 2005-11-27 1621 K7UM          599      3 OE50CWL       599     15  1
QSO: 14077 CW 2005-11-27 1621 K7UM          599      3 OH4A          599     15  1
QSO: 21026 CW 2005-11-27 1621 K7UM          599      3 CU2A          599     14  0
QSO: 14088 CW 2005-11-27 1623 K7UM          599      3 OK5W          599     15  1
QSO: 21030 CW 2005-11-27 1622 K7UM          599      3 MW5A          599     14  0
QSO: 14093 CW 2005-11-27 1624 K7UM          599      3 SQ6Z          599     15  1
QSO: 14098 CW 2005-11-27 1625 K7UM          599      3 F2GL          599     14  1
QSO: 14100 CW 2005-11-27 1626 K7UM          599      3 IK2SND        599     15  1
QSO: 21047 CW 2005-11-27 1625 K7UM          599      3 3DA0NW        599     38  0
QSO: 14102 CW 2005-11-27 1626 K7UM          599      3 S50W          599     15  1
QSO: 14103 CW 2005-11-27 1628 K7UM          599      3 HB9CZF        599     14  1
QSO: 14103 CW 2005-11-27 1628 K7UM          599      3 HA80IARU      599     15  1
QSO: 14109 CW 2005-11-27 1629 K7UM          599      3 OK1KW         599     15  1
QSO: 14008 CW 2005-11-27 1630 K7UM          599      3 DK5QN         599     14  1
QSO: 14009 CW 2005-11-27 1631 K7UM          599      3 EA2LU         599     14  1
QSO: 14021 CW 2005-11-27 1635 K7UM          599      3 YV5LIX        599      9  1
QSO: 14035 CW 2005-11-27 1638 K7UM          599      3 OL7R          599     15  1
QSO: 14036 CW 2005-11-27 1640 K7UM          599      3 S52ZW         599     15  1
QSO: 14042 CW 2005-11-27 1641 K7UM          599      3 UW9I          599     16  1
QSO: 14050 CW 2005-11-27 1642 K7UM          599      3 EA8/DJ10J     599     33  1
QSO: 14052 CW 2005-11-27 1643 K7UM          599      3 OH6AC         599     15  1
QSO: 14070 CW 2005-11-27 1646 K7UM          599      3 G4BJM         599     14  1
QSO: 14013 CW 2005-11-27 1648 K7UM          599      3 TM4Q          599     14  1
QSO: 14016 CW 2005-11-27 1648 K7UM          599      3 EA5FV         599     14  1
QSO: 14018 CW 2005-11-27 1649 K7UM          599      3 TM2T          599     14  1
QSO: 14024 CW 2005-11-27 1650 K7UM          599      3 GW3NJW        599     14  1
QSO: 14029 CW 2005-11-27 1653 K7UM          599      3 OH0E          599     15  1
QSO: 14035 CW 2005-11-27 1654 K7UM          599      3 3V5A          599     33  1
QSO: 14034 CW 2005-11-27 1655 K7UM          599      3 G6PZ          599     14  1
QSO: 14042 CW 2005-11-27 1655 K7UM          599      3 TM6X          599     14  1
QSO: 14048 CW 2005-11-27 1656 K7UM          599      3 PA4A          599     14  1
QSO: 14053 CW 2005-11-27 1657 K7UM          599      3 LX7I          599     14  1
QSO: 14067 CW 2005-11-27 1659 K7UM          599      3 OH7M          599     15  1
QSO: 14087 CW 2005-11-27 1700 K7UM          599      3 TF2CW         599     40  1
QSO: 14098 CW 2005-11-27 1701 K7UM          599      3 EA7TG         599     14  1
QSO: 14108 CW 2005-11-27 1701 K7UM          599      3 EA2AYD        599     14  1
QSO: 14122 CW 2005-11-27 1701 K7UM          599      3 C6AUR         599      8  1
QSO: 14117 CW 2005-11-27 1703 K7UM          599      3 I2SVA         599     15  1
QSO: 14098 CW 2005-11-27 1703 K7UM          599      3 OH2RA         599     15  1
QSO: 14071 CW 2005-11-27 1705 K7UM          599      3 TM2Y          599     14  1
QSO: 21033 CW 2005-11-27 1704 K7UM          599      3 6W1RW         599     35  0
QSO: 14069 CW 2005-11-27 1706 K7UM          599      3 OJ0B          599     15  1
QSO: 14050 CW 2005-11-27 1711 K7UM          599      3 D09IF         599     14  1
QSO: 14008 CW 2005-11-27 1713 K7UM          599      3 EA6ID         599     14  1
QSO: 14010 CW 2005-11-27 1713 K7UM          599      3 IZ5EKV        599     15  1
QSO: 14012 CW 2005-11-27 1714 K7UM          599      3 ER4X          599     16  1
QSO: 14024 CW 2005-11-27 1716 K7UM          599      3 DP4T          599     14  1
QSO: 21063 CW 2005-11-27 1716 K7UM          599      3 OC4O          599     10  0
QSO: 14043 CW 2005-11-27 1718 K7UM          599      3 RZ6AZZ        599     16  1
QSO: 28021 CW 2005-11-27 1731 K7UM          599      3 CX7TT         599     13  0
QSO: 14025 CW 2005-11-27 1732 K7UM          599      3 GJ2A          599     14  1
QSO: 14010 CW 2005-11-27 1733 K7UM          599      3 TM5VT         599     14  1
QSO: 28012 CW 2005-11-27 1732 K7UM          599      3 PJ2T          599      9  0
QSO: 14032 CW 2005-11-27 1735 K7UM          599      3 UX4UA         599     16  1
QSO: 14032 CW 2005-11-27 1737 K7UM          599      3 OL5Q          599     15  1
QSO: 14033 CW 2005-11-27 1739 K7UM          599      3 ES5TV         599     15  1
QSO: 14044 CW 2005-11-27 1740 K7UM          599      3 9A1P          599     15  1
QSO: 14044 CW 2005-11-27 1741 K7UM          599      3 SM5Q          599     14  1
QSO: 14045 CW 2005-11-27 1742 K7UM          599      3 ZF1A          599      8  1
QSO: 14047 CW 2005-11-27 1743 K7UM          599      3 GM0B          599     14  1
QSO: 14047 CW 2005-11-27 1743 K7UM          599      3 RA3CW         599     16  1
QSO: 14047 CW 2005-11-27 1744 K7UM          599      3 DL3YM         599     14  1
QSO: 14049 CW 2005-11-27 1745 K7UM          599      3 P43JB         599      9  1
QSO: 14064 CW 2005-11-27 1746 K7UM          599      3 4U60UN        599      5  1
QSO: 14076 CW 2005-11-27 1749 K7UM          599      3 S50A          599     15  1
QSO: 14078 CW 2005-11-27 1750 K7UM          599      3 CT3EN         599     33  1
QSO: 14090 CW 2005-11-27 1751 K7UM          599      3 VE3XB         599      4  1
QSO: 14114 CW 2005-11-27 1752 K7UM          599      3 OL2A          599     15  1
QSO: 14120 CW 2005-11-27 1753 K7UM          599      3 DL2ZAE        599     14  1
QSO: 14118 CW 2005-11-27 1754 K7UM          599      3 OK1FDR        599     15  1
QSO: 14110 CW 2005-11-27 1754 K7UM          599      3 OH6XX         599     15  1
QSO: 14051 CW 2005-11-27 1804 K7UM          599      3 EI7M          599     14  1
QSO: 14014 CW 2005-11-27 1821 K7UM          599      3 V31TM         599      7  1
QSO: 14013 CW 2005-11-27 1823 K7UM          599      3 3B8/OM3PC     599     39  1
QSO: 14073 CW 2005-11-27 1827 K7UM          599      3 VE3TW         599      4  1
QSO: 14078 CW 2005-11-27 1836 K7UM          599      3 VE3EJ         599      4  1
QSO: 14063 CW 2005-11-27 1840 K7UM          599      3 VE3EY         599      4  1
QSO: 21066 CW 2005-11-27 1859 K7UM          599      3 XE1MM         599      6  0
QSO: 14110 CW 2005-11-27 1903 K7UM          599      3 FY/F5IRO      599      9  1
QSO: 14102 CW 2005-11-27 1903 K7UM          599      3 FG5BG         599      8  1
QSO: 14068 CW 2005-11-27 1906 K7UM          599      3 5Z1A          599     37  1
QSO: 21019 CW 2005-11-27 1907 K7UM          599      3 N8EA          599      4  0
QSO: 21040 CW 2005-11-27 1916 K7UM          599      3 WK3W          599      5  0
QSO: 21037 CW 2005-11-27 1919 K7UM          599      3 VE3EJ         599      4  0
QSO: 14059 CW 2005-11-27 1920 K7UM          599      3 JW1CCA        599     40  1
QSO: 21074 CW 2005-11-27 1923 K7UM          599      3 FM5JC         599      8  0
QSO: 21005 CW 2005-11-27 1924 K7UM          599      3 KP3/K3KD      599      8  0
QSO: 14077 CW 2005-11-27 1926 K7UM          599      3 ZS1EL         599     38  1
QSO: 21025 CW 2005-11-27 1926 K7UM          599      3 V51AS         599     38  0
QSO: 14069 CW 2005-11-27 1927 K7UM          599      3 RW0BG         599     18  1
QSO: 14030 CW 2005-11-27 1932 K7UM          599      3 6Y7A          599      7  1
QSO: 14015 CW 2005-11-27 1934 K7UM          599      3 PJ2B          599      9  1
QSO: 21019 CW 2005-11-27 1936 K7UM          599      3 6Y3R          599      8  0
QSO: 21051 CW 2005-11-27 1937 K7UM          599      3 FG5BG         599      8  0
QSO: 14090 CW 2005-11-27 1952 K7UM          599      3 3DA0NW        599     38  1
QSO: 14086 CW 2005-11-27 1952 K7UM          599      3 VA3DX         599      4  1
QSO: 14078 CW 2005-11-27 1953 K7UM          599      3 VE3DZ         599      4  1
QSO: 21074 CW 2005-11-27 1952 K7UM          599      3 KL7DX         599      1  0
QSO: 21017 CW 2005-11-27 1954 K7UM          599      3 9Y4AA         599      9  0
QSO: 21053 CW 2005-11-27 1955 K7UM          599      3 PZ5C          599      9  0
QSO: 21057 CW 2005-11-27 1957 K7UM          599      3 J79CW         599      8  0
QSO: 21005 CW 2005-11-27 2006 K7UM          599      3 KP2/K3MD      599      8  0
QSO: 21009 CW 2005-11-27 2011 K7UM          599      3 R1ANF         599     13  0
QSO: 21050 CW 2005-11-27 2013 K7UM          599      3 AY8A          599     13  0
QSO: 21031 CW 2005-11-27 2031 K7UM          599      3 VP9I          599      5  0
QSO: 14015 CW 2005-11-27 2050 K7UM          599      3 N3ZZ          599      4  1
QSO: 14015 CW 2005-11-27 2052 K7UM          599      3 K3QIA         599      5  1
QSO: 14015 CW 2005-11-27 2057 K7UM          599      3 K9KNZ         599      4  1
QSO: 14070 CW 2005-11-27 2107 K7UM          599      3 VE5UF         599      4  1
QSO: 14073 CW 2005-11-27 2109 K7UM          599      3 VE3KP         599      4  1
QSO: 14075 CW 2005-11-27 2110 K7UM          599      3 PJ4M          599      9  1
QSO: 14019 CW 2005-11-27 2118 K7UM          599      3 JF1SQC        599     25  1
QSO: 14023 CW 2005-11-27 2142 K7UM          599      3 PJ5NA         599      8  1
QSO: 14026 CW 2005-11-27 2143 K7UM          599      3 9Y4AA         599      9  1
QSO: 14019 CW 2005-11-27 2144 K7UM          599      3 VE2HQ         599      5  1
QSO: 14042 CW 2005-11-27 2145 K7UM          599      3 ZY7C          599     11  1
QSO: 14057 CW 2005-11-27 2147 K7UM          599      3 JF2SKV        599     25  1
QSO: 14047 CW 2005-11-27 2152 K7UM          599      3 JA5APU        599     25  1
QSO: 14078 CW 2005-11-27 2155 K7UM          599      3 YV7QP         599      9  1
QSO: 14080 CW 2005-11-27 2156 K7UM          599      3 WP3C          599      8  1
QSO: 14079 CW 2005-11-27 2156 K7UM          599      3 VE5UF         599      4  1
QSO: 14065 CW 2005-11-27 2159 K7UM          599      3 YV1/W5ALT     599      9  1
QSO: 14064 CW 2005-11-27 2200 K7UM          599      3 8P5A          599      8  1
QSO: 14057 CW 2005-11-27 2203 K7UM          599      3 KG6DX         599     27  1
QSO: 14045 CW 2005-11-27 2204 K7UM          599      3 JA1JKG        599     25  1
QSO: 14039 CW 2005-11-27 2207 K7UM          599      3 T88AA         599     27  1
QSO: 21070 CW 2005-11-27 2209 K7UM          599      3 KL7WV         599      1  1
QSO: 21055 CW 2005-11-27 2211 K7UM          599      3 JA3YBK        599     25  1
QSO: 21060 CW 2005-11-27 2212 K7UM          599      3 JS1IFK        599     25  1
QSO: 14058 CW 2005-11-27 2213 K7UM          599      3 6W1RW         599     35  0
QSO: 21060 CW 2005-11-27 2219 K7UM          599      3 JS1IFK        599     25  1
QSO: 21020 CW 2005-11-27 2226 K7UM          599      3 JF1SQC        599     25  1
QSO: 21052 CW 2005-11-27 2227 K7UM          599      3 JA5BJC        599     25  1
QSO: 21065 CW 2005-11-27 2232 K7UM          599      3 JH9KVF        599     25  1
QSO: 21073 CW 2005-11-27 2234 K7UM          599      3 PY4CEL        599     11  1
QSO: 14068 CW 2005-11-27 2237 K7UM          599      3 VE4VV         599      4  1
QSO: 14053 CW 2005-11-27 2246 K7UM          599      3 YW4D          599      9  1
QSO: 14074 CW 2005-11-27 2247 K7UM          599      3 JF3CCN        599     25  1
QSO: 14089 CW 2005-11-27 2248 K7UM          599      3 JF1SEK        599     25  1
QSO: 14078 CW 2005-11-27 2248 K7UM          599      3 JS1OYN        599     25  1
QSO: 14077 CW 2005-11-27 2249 K7UM          599      3 FM5FJ         599      8  1
QSO: 14083 CW 2005-11-27 2251 K7UM          599      3 JA1CJP        599     25  1
QSO: 14058 CW 2005-11-27 2253 K7UM          599      3 JA1VND        599     25  1
QSO: 14052 CW 2005-11-27 2254 K7UM          599      3 P4OA          599      9  1
QSO: 14074 CW 2005-11-27 2256 K7UM          599      3 PY2WC         599     11  1
QSO: 14036 CW 2005-11-27 2259 K7UM          599      3 JA1MRM        599     25  1
QSO: 14034 CW 2005-11-27 2301 K7UM          599      3 HL2FDW        599     25  1
QSO: 14071 CW 2005-11-27 2304 K7UM          599      3 JK1OPL        599     25  1
QSO: 14069 CW 2005-11-27 2314 K7UM          599      3 HP1AC         599      7  1
QSO: 14064 CW 2005-11-27 2321 K7UM          599      3 VE7FO         599      3  1
QSO: 14067 CW 2005-11-27 2322 K7UM          599      3 JR5XPG        599     25  1
QSO: 14035 CW 2005-11-27 2325 K7UM          599      3 VP2E          599      8  1
QSO: 21023 CW 2005-11-27 2327 K7UM          599      3 DU3NXE        599     27  0
QSO: 14047 CW 2005-11-27 2332 K7UM          599      3 9G5GJ         599     35  1
QSO: 14051 CW 2005-11-27 2333 K7UM          599      3 ZD8A          599     36  1
QSO: 14058 CW 2005-11-27 2334 K7UM          599      3 JH6QFJ        599     25  1
QSO: 14072 CW 2005-11-27 2337 K7UM          599      3 JR2MCN        599     25  1
QSO: 14072 CW 2005-11-27 2339 K7UM          599      3 JA1EMQ        599     25  1
QSO: 14067 CW 2005-11-27 2342 K7UM          599      3 OC4O          599     10  1
QSO: 14010 CW 2005-11-27 2348 K7UM          599      3 AH2R          599     27  1
QSO: 14030 CW 2005-11-27 2351 K7UM          599      3 JH1RNI        599     25  1
QSO: 14047 CW 2005-11-27 2352 K7UM          599      3 JA1HP         599     25  1
END-OF-LOG:
