START-OF-LOG: 3.0
CREATED-BY: Paper log by EA4KD
LOCATION: MA
CONTEST: CQ-WW-SSB
CALLSIGN: WB1EAZ
CATEGORY-OPERATOR: SINGLE-OP
CATEGORY-TRANSMITTER: ONE
CATEGORY-ASSISTED: NON-ASSISTED
CATEGORY-POWER: HIGH
CATEGORY-STATION: FIXED
CATEGORY-BAND: 80M
CATEGORY-MODE: SSB
CLAIMED-SCORE: 8466
OPERATORS:
CLUB:
NAME: Ronald Richards
SOAPBOX: Worked country #99 on 80m
QSO:  3500 PH 2013-10-26 0147 WB1EAZ        59  05     VP2MXA        59  08     0
QSO:  3500 PH 2013-10-26 0156 WB1EAZ        59  05     KP4KE         59  08     0
QSO:  3500 PH 2013-10-26 0202 WB1EAZ        59  05     KP2M          59  08     0
QSO:  3500 PH 2013-10-26 0220 WB1EAZ        59  05     TM6M          59  14     0
QSO:  3500 PH 2013-10-26 0243 WB1EAZ        59  05     VA3MW         59  05     0
QSO:  3500 PH 2013-10-26 0245 WB1EAZ        59  05     SP3GEM        59  15     0
QSO:  3500 PH 2013-10-26 0251 WB1EAZ        59  05     VY2TT         59  05     0
QSO:  3500 PH 2013-10-26 0303 WB1EAZ        59  05     PI5CG         59  14     0
QSO:  3500 PH 2013-10-26 0311 WB1EAZ        59  05     C6ARW         59  08     0
QSO:  3500 PH 2013-10-26 0314 WB1EAZ        59  05     RU1A          59  16     0
QSO:  3500 PH 2013-10-26 0320 WB1EAZ        59  05     DR1A          59  14     0
QSO:  3500 PH 2013-10-26 0400 WB1EAZ        59  05     VE2IM         59  02     0
QSO:  3500 PH 2013-10-26 0410 WB1EAZ        59  05     DJ4PT         59  14     0
QSO:  3500 PH 2013-10-26 0411 WB1EAZ        59  05     VA2TG         59  05     0
QSO:  3500 PH 2013-10-26 0412 WB1EAZ        59  05     G6PZ          59  14     0
QSO:  3500 PH 2013-10-26 0418 WB1EAZ        59  05     HK1NA         59  09     0
QSO:  3500 PH 2013-10-26 0428 WB1EAZ        59  05     PJ6A          59  08     0
QSO:  3500 PH 2013-10-26 0430 WB1EAZ        59  05     CJ3T          59  04     0
QSO:  3500 PH 2013-10-26 0432 WB1EAZ        59  05     ED1R          59  14     0
QSO:  3500 PH 2013-10-26 0438 WB1EAZ        59  05     EF8S          59  33     0
QSO:  3500 PH 2013-10-26 0444 WB1EAZ        59  05     PJ2T          59  09     0
QSO:  3500 PH 2013-10-26 0454 WB1EAZ        59  05     VP5T          59  08     0
QSO:  3500 PH 2013-10-26 0509 WB1EAZ        59  05     SN2B          59  15     0
QSO:  3500 PH 2013-10-26 0512 WB1EAZ        59  05     GM2V          59  14     0
QSO:  3500 PH 2013-10-26 0514 WB1EAZ        59  05     TO5A          59  08     0
QSO:  3500 PH 2013-10-26 0523 WB1EAZ        59  05     SO4R          59  15     0
QSO:  3500 PH 2013-10-26 0526 WB1EAZ        59  05     G5W           59  14     0
QSO:  3500 PH 2013-10-26 0530 WB1EAZ        59  05     6Y3M          59  08     0
QSO:  3500 PH 2013-10-26 0542 WB1EAZ        59  05     CN3A          59  33     0
QSO:  3500 PH 2013-10-26 0544 WB1EAZ        59  05     CN2R          59  33     0
QSO:  3500 PH 2013-10-26 0547 WB1EAZ        59  05     ON4IA         59  14     0
QSO:  3500 PH 2013-10-27 0106 WB1EAZ        59  05     NP4A          59  08     0
QSO:  3500 PH 2013-10-27 0115 WB1EAZ        59  05     OK5D          59  15     0
QSO:  3500 PH 2013-10-27 0119 WB1EAZ        59  05     LN8W          59  14     0
QSO:  3500 PH 2013-10-27 0123 WB1EAZ        59  05     HG7T          59  15     0
QSO:  3500 PH 2013-10-27 0129 WB1EAZ        59  05     E7DX          59  15     0
QSO:  3500 PH 2013-10-27 0131 WB1EAZ        59  05     VE2DXY        59  02     0
QSO:  3500 PH 2013-10-27 0132 WB1EAZ        59  05     DF0HQ         59  14     0
QSO:  3500 PH 2013-10-27 0142 WB1EAZ        59  05     SK3W          59  14     0
QSO:  3500 PH 2013-10-27 0208 WB1EAZ        59  05     OZ7X          59  14     0
QSO:  3500 PH 2013-10-27 0210 WB1EAZ        59  05     CR2AA         59  14     0
QSO:  3500 PH 2013-10-27 0228 WB1EAZ        59  05     DJ7WW         59  14     0
QSO:  3500 PH 2013-10-27 0236 WB1EAZ        59  05     YU7U          59  15     0
QSO:  3500 PH 2013-10-27 0242 WB1EAZ        59  05     OL4A          59  15     0
QSO:  3500 PH 2013-10-27 0248 WB1EAZ        59  05     9A1P          59  15     0
QSO:  3500 PH 2013-10-27 0253 WB1EAZ        59  05     IK2QPR        59  15     0
QSO:  3500 PH 2013-10-27 0324 WB1EAZ        59  05     VE3JM         59  04     0
QSO:  3500 PH 2013-10-27 0330 WB1EAZ        59  05     HB9MM         59  14     0
QSO:  3500 PH 2013-10-27 0337 WB1EAZ        59  05     LZ9W          59  20     0
QSO:  3500 PH 2013-10-27 0344 WB1EAZ        59  05     DP7D          59  14     0
QSO:  3500 PH 2013-10-27 0349 WB1EAZ        59  05     VE3OI         59  04     0
QSO:  3500 PH 2013-10-27 0402 WB1EAZ        59  05     OT5A          59  14     0
QSO:  3500 PH 2013-10-27 0408 WB1EAZ        59  05     UT7U          59  16     0
QSO:  3500 PH 2013-10-27 0425 WB1EAZ        59  05     OM8A          59  15     0
QSO:  3500 PH 2013-10-27 0437 WB1EAZ        59  05     F6DZU         59  14     0
QSO:  3500 PH 2013-10-27 0524 WB1EAZ        59  05     V26B          59  08     0
QSO:  3500 PH 2013-10-27 0539 WB1EAZ        59  05     ES9C          59  15     0
QSO:  3500 PH 2013-10-27 0543 WB1EAZ        59  05     EF8U          59  33     0
QSO:  3500 PH 2013-10-27 0543 WB1EAZ        59  05     8P5A          59  08     0
QSO:  3500 PH 2013-10-27 0544 WB1EAZ        59  05     ED1R          59  14     0
QSO:  3500 PH 2013-10-27 0545 WB1EAZ        59  05     OH8X          59  15     0
QSO:  3500 PH 2013-10-27 0602 WB1EAZ        59  05     PA8F          59  14     0
QSO:  3500 PH 2013-10-27 0608 WB1EAZ        59  05     HI8GPR        59  08     0
END-OF-LOG:
