START-OF-LOG: 3.0
CREATED-BY: vhfmanager-downloader
CONTEST: ZRS Maraton 7. termin - Unofficial results - VHFManager
CALLSIGN: 9A1K
CATEGORY: 145 MHz - VHF/UHF
CATEGORY-OPERATOR: SINGLE-OP
CATEGORY-ASSISTED: NON-ASSISTED
CATEGORY-TRANSMITTER: ONE
CATEGORY-STATION: FIXED
QSO: 144300 PH 2021-07-18 0701 9A1K          59  1 JN85JL   9A0BB         59  3 JN85EI  
QSO: 144300 PH 2021-07-18 0706 9A1K          59  2 JN85JL   OE6V          59  7 JN76XU  
QSO: 144300 PH 2021-07-18 0709 9A1K          59  3 JN85JL   E74G          59  13 JN94FQ 
QSO: 144300 PH 2021-07-18 0712 9A1K          59  4 JN85JL   S51S          59  8 JN75ES* 
QSO: 144300 PH 2021-07-18 0715 9A1K          59  5 JN85JL   9A3SM         59  17 JN85FW 
QSO: 144300 PH 2021-07-18 0717 9A1K          59  6 JN85JL   9A0V          59  25 JN95PE 
QSO: 144300 PH 2021-07-18 0722 9A1K          59  7 JN85JL   9A1CEQ        59  12 JN85ER 
QSO: 144300 PH 2021-07-18 0725 9A1K          59  8 JN85JL   9A1N          59  29 JN85LI 
QSO: 144300 PH 2021-07-18 0728 9A1K          59  9 JN85JL   9A1W          59  11 JN75ST 
QSO: 144300 PH 2021-07-18 0730 9A1K          59  10 JN85JL  9A1DL         59  20 JN85WF 
QSO: 144300 PH 2021-07-18 0732 9A1K          59  11 JN85JL  9A10FF        59  16 JN75WT 
QSO: 144300 PH 2021-07-18 0739 9A1K          59  12 JN85JL  9A2AE         59  42 JN86HF 
QSO: 144300 PH 2021-07-18 0742 9A1K          59  13 JN85JL  S57O          59  34 JN86DT*
QSO: 144300 PH 2021-07-18 0744 9A1K          59  14 JN85JL  9A1E          59  34 JN85QT 
QSO: 144300 PH 2021-07-18 0750 9A1K          59  15 JN85JL  S59A          59  17 JN76XQ*
QSO: 144300 PH 2021-07-18 0756 9A1K          59  16 JN85JL  9A5ACK        59  17 JN85RV 
QSO: 144300 PH 2021-07-18 0800 9A1K          59  17 JN85JL  9A50Y         59  19 JN85PO 
QSO: 144300 PH 2021-07-18 0832 9A1K          59  18 JN85JL  9A1AAY        59  25 JN85OF 
QSO: 144300 PH 2021-07-18 0835 9A1K          59  19 JN85JL  OK2IPW        59  10 JN99CS 
QSO: 144300 PH 2021-07-18 0835 9A1K          59  20 JN85JL  E74E          59  22 JN94CG 
QSO: 144300 PH 2021-07-18 0839 9A1K          59  21 JN85JL  S56P          59  68 JN76PO*
QSO: 144300 PH 2021-07-18 0843 9A1K          59  22 JN85JL  9A4GM         59  4 JN85OO  
QSO: 144300 PH 2021-07-18 0846 9A1K          59  23 JN85JL  9A2MW         59  11 JN75VW 
QSO: 144300 PH 2021-07-18 0849 9A1K          59  24 JN85JL  S59DME        59  18 JN75PP*
QSO: 144300 PH 2021-07-18 0854 9A1K          59  25 JN85JL  9A3ZM         59  16 JN85UI 
QSO: 144300 PH 2021-07-18 0855 9A1K          59  26 JN85JL  9A5HZ         59  27 JN85FW 
QSO: 144300 PH 2021-07-18 0858 9A1K          59  27 JN85JL  S57RT         59  19 JN66WB*
QSO: 144300 PH 2021-07-18 0900 9A1K          59  28 JN85JL  9A3RU         59  41 JN85LI 
QSO: 144300 PH 2021-07-18 0900 9A1K          59  29 JN85JL  9A4FB         59  33 JN85KV 
QSO: 144300 PH 2021-07-18 0901 9A1K          59  30 JN85JL  S57UZX        59  13 JN75LT*
QSO: 144300 PH 2021-07-18 0902 9A1K          59  31 JN85JL  S53TA         59  21 JN76QG*
QSO: 144300 PH 2021-07-18 0903 9A1K          59  32 JN85JL  E71ASM        59  58 JN84GK 
QSO: 144300 PH 2021-07-18 0905 9A1K          59  33 JN85JL  S53SO         59  22 JN76IG*
QSO: 144300 PH 2021-07-18 0905 9A1K          59  34 JN85JL  9A2B          59  28 JN75SL 
QSO: 144300 PH 2021-07-18 0910 9A1K          59  35 JN85JL  OK2KUB        59  42 JN89BO 
QSO: 144300 PH 2021-07-18 0912 9A1K          59  36 JN85JL  9A3TN         59  21 JN85UH 
QSO: 144300 PH 2021-07-18 0914 9A1K          59  37 JN85JL  9A4P          59  60 JN85UH 
QSO: 144300 PH 2021-07-18 0915 9A1K          59  38 JN85JL  I4GHG         59  27 JN63DT 
QSO: 144300 PH 2021-07-18 0918 9A1K          59  39 JN85JL  OK2ZR         59  7 JN89KG  
QSO: 144300 PH 2021-07-18 0919 9A1K          59  40 JN85JL  9A2ZK         59  5 JN85KG  
QSO: 144300 PH 2021-07-18 0926 9A1K          59  41 JN85JL  9A2KD         59  6 JN85EL  
QSO: 144300 PH 2021-07-18 0928 9A1K          59  42 JN85JL  OM3KHT        59  45 JN98LR 
QSO: 144300 PH 2021-07-18 0932 9A1K          59  43 JN85JL  OM5CC         59  20 JN98JD 
QSO: 144300 PH 2021-07-18 0959 9A1K          59  44 JN85JL  HG1DRD        59  114 JN86KU
QSO: 144300 PH 2021-07-18 1002 9A1K          59  45 JN85JL  OK2IGG        59  159 JN79QJ
QSO: 144300 PH 2021-07-18 1006 9A1K          59  46 JN85JL  OK1KQH        59  125 JN79GO
QSO: 144300 PH 2021-07-18 1016 9A1K          59  47 JN85JL  9A8D          59  170 JN95LM
QSO: 144300 PH 2021-07-18 1025 9A1K          59  48 JN85JL  9A1I          59  46 JN85FS 
QSO: 144300 PH 2021-07-18 1040 9A1K          59  49 JN85JL  9A2DM         59  68 JN86KD 
QSO: 144300 PH 2021-07-18 1043 9A1K          59  50 JN85JL  9A4OP         59  35 JN75UR 
QSO: 144300 PH 2021-07-18 1116 9A1K          59  51 JN85JL  OK1TEH        59  3 JO70FD  
QSO: 144300 PH 2021-07-18 1118 9A1K          59  52 JN85JL  9A3AQ         59  21 JN75WS 
QSO: 144300 PH 2021-07-18 1125 9A1K          59  53 JN85JL  OK1RDO        59  102 JN69KL
QSO: 144300 PH 2021-07-18 1125 9A1K          59  54 JN85JL  OE4WHG        59  41 JN87DC 
QSO: 144300 PH 2021-07-18 1129 9A1K          59  55 JN85JL  DB7MM/P       59  56 JN59US 
QSO: 144300 PH 2021-07-18 1132 9A1K          59  56 JN85JL  OK2OZL        59  88 JN89UE 
QSO: 144300 PH 2021-07-18 1135 9A1K          59  57 JN85JL  9A7DI         59  65 JN85VQ 
QSO: 144300 PH 2021-07-18 1150 9A1K          59  58 JN85JL  OK2DTF/P      59  102 JN89QH
QSO: 144300 PH 2021-07-18 1150 9A1K          59  59 JN85JL  E71EBS        59  109 JN94GR
QSO: 144300 PH 2021-07-18 1151 9A1K          59  60 JN85JL  OK2BTN        59  147 JN89UF
QSO: 144300 PH 2021-07-18 1154 9A1K          59  61 JN85JL  OE3TFA        59  137 JN78UQ
QSO: 144300 PH 2021-07-18 1156 9A1K          59  62 JN85JL  OK1NYD        59  10 JN69KL 
QSO: 144300 PH 2021-07-18 1157 9A1K          59  63 JN85JL  SP6YG         59  3 JO90CK  
END-OF-LOG:
