START-OF-LOG: 3.0
CALLSIGN: BD9GBE
CLUB: None
CONTEST: CQ-WW-SSB
CLAIMED-SCORE: 16125
OPERATORS: BD9GBE
NAME: Xi Li
CREATED-BY: N1MM Logger V11.10.3
LOCATION: DX
CATEGORY-OPERATOR: SINGLE-OP
CATEGORY-TRANSMITTER: ONE
CATEGORY-ASSISTED: NON-ASSISTED
CATEGORY-BAND: ALL
CATEGORY-POWER: LOW
CATEGORY-MODE: SSB
CATEGORY-STATION: FIXED
QSO: 14000 PH 2011-10-29 0023 BD9GBE        59  23     BV100         59  24
QSO: 14000 PH 2011-10-29 0338 BD9GBE        59  23     UI9I          59  24
QSO: 14000 PH 2011-10-29 0355 BD9GBE        59  23     UA9CDV        59  17
QSO: 14000 PH 2011-10-29 0409 BD9GBE        59  23     UP0L          59  17
QSO: 14000 PH 2011-10-29 0411 BD9GBE        59  23     RW4PL         59  16
QSO: 21000 PH 2011-10-29 0430 BD9GBE        59  23     A52AB         59  22
QSO: 21000 PH 2011-10-29 0442 BD9GBE        59  23     JA2YKA        59  25
QSO: 21000 PH 2011-10-29 0449 BD9GBE        59  23     EY8MM         59  17
QSO: 21000 PH 2011-10-29 0453 BD9GBE        59  23     UN4PG         59  17
QSO: 21000 PH 2011-10-29 0458 BD9GBE        59  23     RN3F          59  16
QSO: 21000 PH 2011-10-29 0507 BD9GBE        59  23     RT4RO         59  16
QSO: 21000 PH 2011-10-29 0512 BD9GBE        59  23     OK1FPS        59  15
QSO: 21000 PH 2011-10-29 0529 BD9GBE        59  23     YT0Z          59  15
QSO: 21000 PH 2011-10-29 0535 BD9GBE        59  23     JA6LCJ        59  25
QSO: 21000 PH 2011-10-29 0542 BD9GBE        59  23     UT0AZA        59  16
QSO: 21000 PH 2011-10-29 0546 BD9GBE        59  23     RK0W          59  18
QSO: 21000 PH 2011-10-29 0558 BD9GBE        59  23     YT9A          59  15
QSO: 21000 PH 2011-10-29 0603 BD9GBE        59  23     YT7Z          59  15
QSO: 21000 PH 2011-10-29 0610 BD9GBE        59  23     LZ9W          59  20
QSO: 21000 PH 2011-10-29 0616 BD9GBE        59  23     RG9A          59  17
QSO: 21000 PH 2011-10-29 0620 BD9GBE        59  23     YT7AW         59  15
QSO: 28000 PH 2011-10-29 0632 BD9GBE        59  23     JA6ZPR        59  25
QSO: 21000 PH 2011-10-29 0637 BD9GBE        59  23     YL2SM         59  15
QSO: 21000 PH 2011-10-29 0642 BD9GBE        59  23     RT3M          59  16
QSO: 21000 PH 2011-10-29 0657 BD9GBE        59  23     RL3A          59  16
QSO: 21000 PH 2011-10-29 0700 BD9GBE        59  23     DL2ARD        59  14
QSO: 21000 PH 2011-10-29 0705 BD9GBE        59  23     OE2K          59  15
QSO: 21000 PH 2011-10-29 0742 BD9GBE        59  23     DG3FK         59  14
QSO: 21000 PH 2011-10-29 0749 BD9GBE        59  23     G4ERW         59  14
QSO: 21000 PH 2011-10-29 0805 BD9GBE        59  23     OK1CDJ        59  15
QSO: 21000 PH 2011-10-29 0820 BD9GBE        59  23     OJ0X          59  15
QSO: 21000 PH 2011-10-29 0831 BD9GBE        59  23     UA0SR         59  18
QSO: 14000 PH 2011-10-29 0839 BD9GBE        59  23     UP2L          59  17
QSO: 14000 PH 2011-10-29 0848 BD9GBE        59  23     AH2R          59  27
QSO: 14000 PH 2011-10-29 0953 BD9GBE        59  23     LU4FM         59  15
QSO: 14000 PH 2011-10-29 1000 BD9GBE        59  23     SN7Q          59  15
QSO: 14000 PH 2011-10-29 1003 BD9GBE        59  23     RU1A          59  16
QSO: 14000 PH 2011-10-29 1018 BD9GBE        59  23     DR1A          59  14
QSO: 14000 PH 2011-10-29 1105 BD9GBE        59  23     9A1P          59  15
QSO: 21000 PH 2011-10-29 1112 BD9GBE        59  23     IR5T          59  15
QSO: 14000 PH 2011-10-29 1152 BD9GBE        59  23     JA1YPA        59  25
QSO: 14000 PH 2011-10-29 1304 BD9GBE        59  23     US1I          59  16
QSO: 14000 PH 2011-10-29 1427 BD9GBE        59  23     VR2EH         59  24
QSO:  7000 PH 2011-10-29 1438 BD9GBE        59  23     RY3D          59  16
QSO:  7000 PH 2011-10-29 2230 BD9GBE        59  23     UT9MZ         59  16
QSO:  7000 PH 2011-10-29 2235 BD9GBE        59  23     S57DX         59  15
QSO:  7000 PH 2011-10-29 2241 BD9GBE        59  23     IR2C          59  15
QSO: 14000 PH 2011-10-29 2250 BD9GBE        59  23     EF8R          59  33
QSO: 14000 PH 2011-10-29 2321 BD9GBE        59  23     PW7T          59  11
QSO: 14000 PH 2011-10-29 2334 BD9GBE        59  23     N4WW          59  05
QSO: 14000 PH 2011-10-30 0003 BD9GBE        59  23     KK1KW         59  14
QSO: 28000 PH 2011-10-30 0200 BD9GBE        59  23     VR2ELN        59  24
QSO: 14000 PH 2011-10-30 0217 BD9GBE        59  23     RK0UT         59  18
QSO: 21000 PH 2011-10-30 0243 BD9GBE        59  23     W7IV          59  03
QSO: 21000 PH 2011-10-30 0314 BD9GBE        59  23     UC0A          59  18
QSO: 21000 PH 2011-10-30 0319 BD9GBE        59  23     JA5FDJ        59  25
QSO: 21000 PH 2011-10-30 0334 BD9GBE        59  23     RF9M          59  17
QSO: 21000 PH 2011-10-30 0338 BD9GBE        59  23     R3GZ          59  16
QSO: 21000 PH 2011-10-30 0343 BD9GBE        59  23     JQ1BVI        59  25
QSO: 21000 PH 2011-10-30 0351 BD9GBE        59  23     UA9OMT        59  18
QSO: 21000 PH 2011-10-30 0356 BD9GBE        59  23     RG3K          59  16
QSO: 21000 PH 2011-10-30 0400 BD9GBE        59  23     UB0A          59  18
QSO: 21000 PH 2011-10-30 0407 BD9GBE        59  23     R0AA          59  18
QSO: 21000 PH 2011-10-30 0412 BD9GBE        59  23     JA3YBK        59  25
QSO: 21000 PH 2011-10-30 0416 BD9GBE        59  23     UA1OMS        59  16
QSO: 21000 PH 2011-10-30 0435 BD9GBE        59  23     ES5RY         59  15
QSO: 21000 PH 2011-10-30 0448 BD9GBE        59  23     R4IO          59  16
QSO: 21000 PH 2011-10-30 0453 BD9GBE        59  23     US3IZ         59  16
QSO: 21000 PH 2011-10-30 0459 BD9GBE        59  23     UA5A          59  16
QSO: 28000 PH 2011-10-30 0505 BD9GBE        59  23     UA3TCJ        59  16
QSO: 28000 PH 2011-10-30 0510 BD9GBE        59  23     R7LV          59  16
QSO: 28000 PH 2011-10-30 0519 BD9GBE        59  23     OG5B          59  15
QSO: 28000 PH 2011-10-30 0528 BD9GBE        59  23     UA4PN         59  16
QSO: 28000 PH 2011-10-30 0554 BD9GBE        59  23     RU1A          59  16
QSO: 28000 PH 2011-10-30 0557 BD9GBE        59  23     E77A          59  15
QSO: 28000 PH 2011-10-30 0558 BD9GBE        59  23     YT0W          59  15
QSO: 21000 PH 2011-10-30 0628 BD9GBE        59  23     OL8M          59  17
QSO: 21000 PH 2011-10-30 0633 BD9GBE        59  23     XV9DX         59  26
QSO: 21000 PH 2011-10-30 0649 BD9GBE        59  23     UA9CDV        59  17
QSO: 21000 PH 2011-10-30 0652 BD9GBE        59  23     UP0L          59  17
QSO: 21000 PH 2011-10-30 1101 BD9GBE        59  23     UY7MM         59  16
QSO: 21000 PH 2011-10-30 1115 BD9GBE        59  23     DR1A          59  14
QSO: 21000 PH 2011-10-30 1126 BD9GBE        59  23     IR4X          59  15
QSO: 14000 PH 2011-10-30 1139 BD9GBE        59  23     RL3A          59  16
QSO: 14000 PH 2011-10-30 1146 BD9GBE        59  23     SP9LJD        59  15
QSO: 14000 PH 2011-10-30 1204 BD9GBE        59  23     LY2W          59  15
QSO: 14000 PH 2011-10-30 1216 BD9GBE        59  23     OG7X          59  15
QSO: 14000 PH 2011-10-30 1229 BD9GBE        59  23     SJ2W          59  14
QSO: 14000 PH 2011-10-30 1232 BD9GBE        59  23     UT5IZO        59  16
QSO: 14000 PH 2011-10-30 1243 BD9GBE        59  23     DF2EQ         59  14
QSO: 14000 PH 2011-10-30 1306 BD9GBE        59  23     RT5Z          59  16
END-OF-LOG:
