START-OF-LOG: 3.0
CREATED-BY: Win-Test 4.5.1
CONTEST: CQ-WW-SSB
LOCATION: DX
CALLSIGN: Z33A
CATEGORY-OPERATOR: SINGLE-OP
CATEGORY-TRANSMITTER: ONE
CATEGORY-ASSISTED: NON-ASSISTED
CATEGORY-BAND: ALL
CATEGORY-POWER: LOW
CATEGORY-MODE: SSB
CATEGORY-STATION: FIXED
CLAIMED-SCORE: 95238
OPERATORS:
NAME: George  Andonov
SOAPBOX:
QSO: 14000 PH 2011-10-29 0557 Z33A          59  15     SO4M          59  15     0
QSO: 14000 PH 2011-10-29 0557 Z33A          59  15     P33W          59  20     0
QSO: 14000 PH 2011-10-29 0559 Z33A          59  15     I1RB          59  15     0
QSO: 14000 PH 2011-10-29 0600 Z33A          59  15     RN4CU         59  16     0
QSO: 14000 PH 2011-10-29 0600 Z33A          59  15     SQ4G          59  15     0
QSO: 14000 PH 2011-10-29 0600 Z33A          59  15     OH2LP         59  15     0
QSO: 14000 PH 2011-10-29 0601 Z33A          59  15     HB9EYP        59  14     0
QSO: 14000 PH 2011-10-29 0601 Z33A          59  15     M4U           59  14     0
QSO: 14000 PH 2011-10-29 0601 Z33A          59  15     4Z5PG         59  20     0
QSO: 14000 PH 2011-10-29 0602 Z33A          59  15     RK4HYT        59  16     0
QSO: 14000 PH 2011-10-29 0602 Z33A          59  15     TM2B          59  14     0
QSO: 14000 PH 2011-10-29 0602 Z33A          59  15     UT4QV         59  16     0
QSO: 14000 PH 2011-10-29 0603 Z33A          59  15     RM5A          59  16     0
QSO: 14000 PH 2011-10-29 0603 Z33A          59  15     OK1IC         59  15     0
QSO: 14000 PH 2011-10-29 0604 Z33A          59  15     DF0HQ         59  14     0
QSO: 14000 PH 2011-10-29 0605 Z33A          59  15     UN7BEW        59  17     0
QSO: 14000 PH 2011-10-29 0605 Z33A          59  15     SQ0OKV        59  15     0
QSO: 14000 PH 2011-10-29 0606 Z33A          59  15     F6EWX         59  14     0
QSO: 14000 PH 2011-10-29 0607 Z33A          59  15     K1TO          59  05     0
QSO: 14000 PH 2011-10-29 0607 Z33A          59  15     DD8SM         59  14     0
QSO: 14000 PH 2011-10-29 0623 Z33A          59  15     LA6K          59  14     0
QSO: 14000 PH 2011-10-29 0624 Z33A          59  15     EO0UD         59  16     0
QSO: 14000 PH 2011-10-29 0625 Z33A          59  15     OK1AOU        59  15     0
QSO: 14000 PH 2011-10-29 0626 Z33A          59  15     US1I          59  16     0
QSO: 14000 PH 2011-10-29 0627 Z33A          59  15     EA3CCN        59  14     0
QSO: 14000 PH 2011-10-29 0627 Z33A          59  15     IW0GTA        59  15     0
QSO: 14000 PH 2011-10-29 0628 Z33A          59  15     OM7PY         59  15     0
QSO: 14000 PH 2011-10-29 0628 Z33A          59  15     OK1MKI        59  15     0
QSO: 14000 PH 2011-10-29 0630 Z33A          59  15     OE8GMK        59  15     0
QSO: 14000 PH 2011-10-29 0630 Z33A          59  15     IV3UHL        59  15     0
QSO: 14000 PH 2011-10-29 0631 Z33A          59  15     DL9ZP         59  14     0
QSO: 14000 PH 2011-10-29 0631 Z33A          59  15     DL9LM         59  14     0
QSO: 14000 PH 2011-10-29 0632 Z33A          59  15     R7HF          59  16     0
QSO: 14000 PH 2011-10-29 0632 Z33A          59  15     OE3SGU        59  15     0
QSO: 14000 PH 2011-10-29 0633 Z33A          59  15     OE6JTG        59  15     0
QSO: 14000 PH 2011-10-29 0634 Z33A          59  15     IK0USO        59  15     0
QSO: 14000 PH 2011-10-29 0638 Z33A          59  15     SQ9HQ         59  15     0
QSO: 14000 PH 2011-10-29 0639 Z33A          59  15     OK2HF         59  15     0
QSO: 14000 PH 2011-10-29 0640 Z33A          59  15     UA6GE         59  16     0
QSO: 14000 PH 2011-10-29 0641 Z33A          59  15     OK4DZ         59  15     0
QSO: 14000 PH 2011-10-29 0642 Z33A          59  15     RT5Z          59  16     0
QSO: 14000 PH 2011-10-29 0642 Z33A          59  15     9A1P          59  15     0
QSO: 14000 PH 2011-10-29 0643 Z33A          59  15     II9P          59  15     0
QSO: 14000 PH 2011-10-29 0644 Z33A          59  15     IZ4GWE        59  15     0
QSO: 14000 PH 2011-10-29 0645 Z33A          59  15     EE9Z          59  33     0
QSO: 14000 PH 2011-10-29 0645 Z33A          59  15     SO2S          59  15     0
QSO: 14000 PH 2011-10-29 0646 Z33A          59  15     OG73X         59  15     0
QSO: 14000 PH 2011-10-29 0648 Z33A          59  15     SQ2WHH        59  15     0
QSO: 14000 PH 2011-10-29 0649 Z33A          59  15     CR3A          59  33     0
QSO: 14000 PH 2011-10-29 0650 Z33A          59  15     S53M          59  15     0
QSO: 14000 PH 2011-10-29 1129 Z33A          59  15     M7A           59  14     0
QSO: 14000 PH 2011-10-29 1130 Z33A          59  15     SN0WFF        59  15     0
QSO: 14000 PH 2011-10-29 1132 Z33A          59  15     W3LPL         59  05     0
QSO: 14000 PH 2011-10-29 1133 Z33A          59  15     OZ5GX         59  14     0
QSO: 14000 PH 2011-10-29 1135 Z33A          59  15     YL2CI         59  15     0
QSO: 14000 PH 2011-10-29 1136 Z33A          59  15     S57SU         59  15     0
QSO: 14000 PH 2011-10-29 1137 Z33A          59  15     9A1A          59  15     0
QSO: 14000 PH 2011-10-29 1138 Z33A          59  15     ES5RW         59  15     0
QSO: 14000 PH 2011-10-29 1139 Z33A          59  15     YQ8Q          59  20     0
QSO: 14000 PH 2011-10-29 1142 Z33A          59  15     HG1S          59  15     0
QSO: 14000 PH 2011-10-29 1146 Z33A          59  15     YR8D          59  20     0
QSO: 14000 PH 2011-10-29 1148 Z33A          59  15     LY1R          59  15     0
QSO: 14000 PH 2011-10-29 1231 Z33A          59  15     RN1NHF        59  16     0
QSO: 14000 PH 2011-10-29 1231 Z33A          59  15     S52OA         59  15     0
QSO: 14000 PH 2011-10-29 1232 Z33A          59  15     DL6UAM        59  14     0
QSO: 14000 PH 2011-10-29 1234 Z33A          59  15     OM5NJ         59  15     0
QSO: 14000 PH 2011-10-29 1234 Z33A          59  15     OK1TRA        59  05     0
QSO: 14000 PH 2011-10-29 1240 Z33A          59  15     OL9Z          59  15     0
QSO: 14000 PH 2011-10-29 1241 Z33A          59  15     TM1O          59  14     0
QSO: 14000 PH 2011-10-29 1242 Z33A          59  15     HB0/HB9AON    59  14     0
QSO: 14000 PH 2011-10-29 1244 Z33A          59  15     OG2A          59  15     0
QSO: 14000 PH 2011-10-29 1245 Z33A          59  15     S57DX         59  15     0
QSO: 14000 PH 2011-10-29 1246 Z33A          59  15     SG5T          59  14     0
QSO: 14000 PH 2011-10-29 1247 Z33A          59  15     DQ4W          59  14     0
QSO: 14000 PH 2011-10-29 1248 Z33A          59  15     A73A          59  21     0
QSO: 14000 PH 2011-10-29 1702 Z33A          59  15     R2SA          59  16     0
QSO: 14000 PH 2011-10-29 1703 Z33A          59  15     RN3BO         59  16     0
QSO: 14000 PH 2011-10-29 1704 Z33A          59  15     RA1AJF        59  16     0
QSO: 14000 PH 2011-10-29 1704 Z33A          59  15     RU3DX         59  16     0
QSO: 14000 PH 2011-10-29 1704 Z33A          59  15     R3QF          59  16     0
QSO: 14000 PH 2011-10-29 1706 Z33A          59  15     F8ARK         59  14     0
QSO: 14000 PH 2011-10-29 1706 Z33A          59  15     LY4T          59  15     0
QSO: 14000 PH 2011-10-29 1706 Z33A          59  15     UZ2M          59  16     0
QSO: 14000 PH 2011-10-29 1707 Z33A          59  15     8S0C          59  14     0
QSO: 14000 PH 2011-10-29 1707 Z33A          59  15     RU1A          59  16     0
QSO: 14000 PH 2011-10-29 1707 Z33A          59  15     G3PIA         59  14     0
QSO: 14000 PH 2011-10-29 1709 Z33A          59  15     RU4F          59  16     0
QSO: 14000 PH 2011-10-29 1709 Z33A          59  15     G4DFI         59  14     0
QSO: 14000 PH 2011-10-29 1709 Z33A          59  15     RG3K          59  16     0
QSO: 14000 PH 2011-10-29 1710 Z33A          59  15     SK6HD         59  14     0
QSO: 14000 PH 2011-10-29 1711 Z33A          59  15     UT3EV         59  16     0
QSO: 14000 PH 2011-10-29 1711 Z33A          59  15     LA9BM         59  14     0
QSO: 14000 PH 2011-10-29 1711 Z33A          59  15     UA3UNP        59  16     0
QSO: 14000 PH 2011-10-29 1712 Z33A          59  15     LY4BP         59  15     0
QSO: 14000 PH 2011-10-29 1713 Z33A          59  15     R4RT          59  16     0
QSO: 14000 PH 2011-10-29 1713 Z33A          59  15     ES5G          59  15     0
QSO: 14000 PH 2011-10-29 1714 Z33A          59  15     SM6FJY        59  14     0
QSO: 14000 PH 2011-10-29 1714 Z33A          59  15     LY1CT         59  15     0
QSO: 14000 PH 2011-10-29 1714 Z33A          59  15     KH7CW         59  31     0
QSO: 14000 PH 2011-10-29 1716 Z33A          59  15     RA1AL         59  16     0
QSO: 14000 PH 2011-10-29 1716 Z33A          59  15     SM4DQ         59  14     0
QSO: 14000 PH 2011-10-29 1716 Z33A          59  15     EU2DX         59  16     0
QSO: 14000 PH 2011-10-29 1717 Z33A          59  15     PW7T          59  11     0
QSO: 14000 PH 2011-10-29 1719 Z33A          59  15     RN3DDR        59  16     0
QSO: 14000 PH 2011-10-29 1720 Z33A          59  15     UA6HZ         59  16     0
QSO: 14000 PH 2011-10-29 1720 Z33A          59  15     SJ7M          59  14     0
QSO: 14000 PH 2011-10-29 1720 Z33A          59  15     RA2FF         59  15     0
QSO: 14000 PH 2011-10-29 1721 Z33A          59  15     SE6Y          59  14     0
QSO: 14000 PH 2011-10-29 1723 Z33A          59  15     RK3VWA        59  16     0
QSO: 14000 PH 2011-10-29 1724 Z33A          59  15     VE7GL         59  03     0
QSO: 14000 PH 2011-10-29 1725 Z33A          59  15     RA3ATE        59  16     0
QSO: 14000 PH 2011-10-30 0816 Z33A          59  15     UT6EE         59  16     0
QSO: 14000 PH 2011-10-30 0816 Z33A          59  15     I0LYO         59  15     0
QSO: 14000 PH 2011-10-30 0817 Z33A          59  15     RD3QA         59  16     0
QSO: 14000 PH 2011-10-30 0818 Z33A          59  15     OM2DT         59  15     0
QSO: 14000 PH 2011-10-30 0819 Z33A          59  15     OK2BJK        59  15     0
QSO: 14000 PH 2011-10-30 0820 Z33A          59  15     SP9XCN        59  15     0
QSO: 14000 PH 2011-10-30 0820 Z33A          59  15     UN6LN         59  17     0
QSO: 14000 PH 2011-10-30 0820 Z33A          59  15     SN6G          59  15     0
QSO: 14000 PH 2011-10-30 0823 Z33A          59  15     UR7HCX        59  16     0
QSO: 14000 PH 2011-10-30 0823 Z33A          59  15     SQ8JMZ        59  15     0
QSO: 14000 PH 2011-10-30 0824 Z33A          59  15     EA3NA         59  14     0
QSO: 14000 PH 2011-10-30 0825 Z33A          59  15     IZ0FUW        59  15     0
QSO: 14000 PH 2011-10-30 0825 Z33A          59  15     UV5EEO        59  16     0
QSO: 14000 PH 2011-10-30 0825 Z33A          59  15     SP5DRE        59  15     0
QSO: 14000 PH 2011-10-30 0826 Z33A          59  15     9A7DCK        59  15     0
QSO: 14000 PH 2011-10-30 0828 Z33A          59  15     I2BJS         59  15     0
QSO: 14000 PH 2011-10-30 0829 Z33A          59  15     HG1X          59  15     0
QSO: 14000 PH 2011-10-30 0829 Z33A          59  15     UR4PWC        59  16     0
QSO: 14000 PH 2011-10-30 0830 Z33A          59  15     PF9A          59  14     0
QSO: 14000 PH 2011-10-30 0830 Z33A          59  15     IV3BTY        59  15     0
QSO: 14000 PH 2011-10-30 0834 Z33A          59  15     S52ZW         59  15     0
QSO: 14000 PH 2011-10-30 0835 Z33A          59  15     S57PZ         59  15     0
QSO: 14000 PH 2011-10-30 0835 Z33A          59  15     DF2TT         59  14     0
QSO: 14000 PH 2011-10-30 0836 Z33A          59  15     DL0ERP        59  14     0
QSO: 14000 PH 2011-10-30 0836 Z33A          59  15     IZ5NSH        59  15     0
QSO: 14000 PH 2011-10-30 0836 Z33A          59  15     OM5UM         59  15     0
QSO: 14000 PH 2011-10-30 0836 Z33A          59  15     EW8DD         59  16     0
QSO: 14000 PH 2011-10-30 0837 Z33A          59  15     YO5QAW        59  20     0
QSO: 14000 PH 2011-10-30 0838 Z33A          59  15     EW8ADX        59  16     0
QSO: 14000 PH 2011-10-30 0838 Z33A          59  15     IZ4TOA        59  15     0
QSO: 14000 PH 2011-10-30 0839 Z33A          59  15     I3QKO         59  15     0
QSO: 14000 PH 2011-10-30 0839 Z33A          59  15     IZ0UME        59  15     0
QSO: 14000 PH 2011-10-30 0839 Z33A          59  15     DP9I          59  14     0
QSO: 14000 PH 2011-10-30 0840 Z33A          59  15     DL9GS         59  14     0
QSO: 14000 PH 2011-10-30 0840 Z33A          59  15     UT0LK         59  16     0
QSO: 14000 PH 2011-10-30 0841 Z33A          59  15     DB1SMW        59  14     0
QSO: 14000 PH 2011-10-30 0842 Z33A          59  15     F5AAR         59  14     0
QSO: 14000 PH 2011-10-30 0842 Z33A          59  15     SP3HBF        59  15     0
QSO: 14000 PH 2011-10-30 0845 Z33A          59  15     UN7MMM        59  17     0
QSO: 21000 PH 2011-10-30 0928 Z33A          59  15     EA6XQ         59  14     0
QSO: 21000 PH 2011-10-30 0931 Z33A          59  15     MM6KCM        59  14     0
QSO: 21000 PH 2011-10-30 0931 Z33A          59  15     SJ6A          59  14     0
QSO: 21000 PH 2011-10-30 0932 Z33A          59  15     GM4JR         59  14     0
QSO: 21000 PH 2011-10-30 0933 Z33A          59  15     DJ7YP         59  14     0
QSO: 21000 PH 2011-10-30 0934 Z33A          59  15     DB1CP         59  14     0
QSO: 21000 PH 2011-10-30 0934 Z33A          59  15     EW4DX         59  16     0
QSO: 21000 PH 2011-10-30 0934 Z33A          59  15     UT5AT         59  16     0
QSO: 21000 PH 2011-10-30 0934 Z33A          59  15     RU3KC         59  16     0
QSO: 21000 PH 2011-10-30 0935 Z33A          59  15     UT3EV         59  16     0
QSO: 21000 PH 2011-10-30 0935 Z33A          59  15     LY2K          59  15     0
QSO: 21000 PH 2011-10-30 0935 Z33A          59  15     R2DW          59  16     0
QSO: 21000 PH 2011-10-30 0936 Z33A          59  15     JA7BME        59  25     0
QSO: 21000 PH 2011-10-30 0937 Z33A          59  15     EE2W          59  14     0
QSO: 21000 PH 2011-10-30 0938 Z33A          59  15     F5PAL         59  14     0
QSO: 21000 PH 2011-10-30 0941 Z33A          59  15     TM2B          59  14     0
QSO: 21000 PH 2011-10-30 0946 Z33A          59  15     OZ7AM         59  14     0
QSO: 21000 PH 2011-10-30 0947 Z33A          59  15     VO1MP         59  05     0
QSO: 21000 PH 2011-10-30 0948 Z33A          59  15     G5N           59  14     0
QSO: 21000 PH 2011-10-30 0949 Z33A          59  15     OR7W          59  14     0
QSO: 21000 PH 2011-10-30 0950 Z33A          59  15     PR5B          59  11     0
QSO: 21000 PH 2011-10-30 0951 Z33A          59  15     PW7T          59  11     0
QSO: 21000 PH 2011-10-30 0952 Z33A          59  15     OH0X          59  15     0
QSO: 21000 PH 2011-10-30 0953 Z33A          59  15     EU1AZ         59  16     0
QSO: 21000 PH 2011-10-30 0954 Z33A          59  15     ZD8O          59  36     0
QSO: 21000 PH 2011-10-30 0957 Z33A          59  15     ES5RY         59  15     0
QSO: 21000 PH 2011-10-30 0959 Z33A          59  15     A61EE         59  21     0
QSO: 21000 PH 2011-10-30 1000 Z33A          59  15     LY2SA         59  15     0
QSO: 21000 PH 2011-10-30 1004 Z33A          59  15     PA3AAV        59  14     0
QSO: 21000 PH 2011-10-30 1004 Z33A          59  15     UR5LCZ        59  16     0
QSO: 21000 PH 2011-10-30 1004 Z33A          59  15     DL0N          59  14     0
QSO: 21000 PH 2011-10-30 1005 Z33A          59  15     F6DRP         59  14     0
QSO: 21000 PH 2011-10-30 1005 Z33A          59  15     LY8O          59  15     0
QSO: 21000 PH 2011-10-30 1006 Z33A          59  15     DL4LBK        59  14     0
QSO: 21000 PH 2011-10-30 1006 Z33A          59  15     RV3ZQ         59  16     0
QSO: 21000 PH 2011-10-30 1006 Z33A          59  15     TM7F          59  14     0
QSO: 21000 PH 2011-10-30 1007 Z33A          59  15     UA3IVF        59  16     0
QSO: 21000 PH 2011-10-30 1007 Z33A          59  15     LY1DJ         59  15     0
QSO: 21000 PH 2011-10-30 1007 Z33A          59  15     DL3MG         59  14     0
QSO: 21000 PH 2011-10-30 1008 Z33A          59  15     LY1XA         59  15     0
QSO: 21000 PH 2011-10-30 1008 Z33A          59  15     UX7MR         59  16     0
QSO: 21000 PH 2011-10-30 1009 Z33A          59  15     R8XX          59  17     0
QSO: 21000 PH 2011-10-30 1009 Z33A          59  15     G0BHK         59  14     0
QSO: 21000 PH 2011-10-30 1011 Z33A          59  15     DK3LJ         59  14     0
QSO: 21000 PH 2011-10-30 1012 Z33A          59  15     UV5EEO        59  16     0
QSO: 21000 PH 2011-10-30 1013 Z33A          59  15     SP1MGM        59  15     0
QSO: 21000 PH 2011-10-30 1014 Z33A          59  15     F1IWH         59  14     0
QSO: 21000 PH 2011-10-30 1014 Z33A          59  15     M0MCV         59  14     0
QSO: 21000 PH 2011-10-30 1016 Z33A          59  15     OH4BNP        59  15     0
QSO: 21000 PH 2011-10-30 1016 Z33A          59  15     ON4GL         59  14     0
QSO: 21000 PH 2011-10-30 1017 Z33A          59  15     ES8SX         59  15     0
QSO: 21000 PH 2011-10-30 1018 Z33A          59  15     OH3VR         59  15     0
QSO: 21000 PH 2011-10-30 1019 Z33A          59  15     PA0RBO        59  14     0
QSO: 21000 PH 2011-10-30 1019 Z33A          59  15     RN2FQ         59  15     0
QSO: 21000 PH 2011-10-30 1019 Z33A          59  15     PA0GJV        59  14     0
QSO: 21000 PH 2011-10-30 1020 Z33A          59  15     DF9FT         59  14     0
QSO: 21000 PH 2011-10-30 1021 Z33A          59  15     UT3I          59  16     0
QSO: 21000 PH 2011-10-30 1021 Z33A          59  15     SP4CUF        59  15     0
QSO: 21000 PH 2011-10-30 1022 Z33A          59  15     UD9CBM        59  17     0
QSO: 21000 PH 2011-10-30 1022 Z33A          59  15     F6KFV         59  14     0
QSO: 21000 PH 2011-10-30 1022 Z33A          59  15     EA3ODC        59  14     0
QSO: 21000 PH 2011-10-30 1024 Z33A          59  15     DG8UK         59  14     0
QSO: 21000 PH 2011-10-30 1025 Z33A          59  15     OZ5TL         59  14     0
QSO: 21000 PH 2011-10-30 1026 Z33A          59  15     DJ4PT         59  14     0
QSO: 21000 PH 2011-10-30 1026 Z33A          59  15     F8OOI         59  14     0
QSO: 21000 PH 2011-10-30 1026 Z33A          59  15     SQ1PTO        59  15     0
QSO: 21000 PH 2011-10-30 1028 Z33A          59  15     DL1RG         59  14     0
QSO: 21000 PH 2011-10-30 1028 Z33A          59  15     DL1IAO        59  14     0
QSO: 21000 PH 2011-10-30 1029 Z33A          59  15     ON4LBI        59  14     0
QSO: 21000 PH 2011-10-30 1029 Z33A          59  15     F1ICR         59  14     0
QSO: 21000 PH 2011-10-30 1029 Z33A          59  15     R0AA          59  18     0
QSO: 21000 PH 2011-10-30 1030 Z33A          59  15     DR2W          59  14     0
QSO: 21000 PH 2011-10-30 1030 Z33A          59  15     R3ZK          59  16     0
QSO: 21000 PH 2011-10-30 1030 Z33A          59  15     OZ7DK         59  14     0
QSO: 21000 PH 2011-10-30 1031 Z33A          59  15     DL5RDP        59  14     0
QSO: 21000 PH 2011-10-30 1033 Z33A          59  15     OK5W          59  15     0
QSO: 21000 PH 2011-10-30 1034 Z33A          59  15     R1AP          59  16     0
QSO: 21000 PH 2011-10-30 1034 Z33A          59  15     DF2SD         59  14     0
QSO: 21000 PH 2011-10-30 1035 Z33A          59  15     SN1T          59  15     0
QSO: 21000 PH 2011-10-30 1036 Z33A          59  15     LY2AE         59  15     0
QSO: 21000 PH 2011-10-30 1036 Z33A          59  15     SP4FMD        59  15     0
QSO: 21000 PH 2011-10-30 1037 Z33A          59  15     RV9YZ         59  17     0
QSO: 21000 PH 2011-10-30 1038 Z33A          59  15     ON3URT        59  14     0
QSO: 21000 PH 2011-10-30 1038 Z33A          59  15     G0AZH         59  14     0
QSO: 21000 PH 2011-10-30 1039 Z33A          59  15     DL6UNF        59  14     0
QSO: 21000 PH 2011-10-30 1040 Z33A          59  15     RU4SO         59  16     0
QSO: 21000 PH 2011-10-30 1040 Z33A          59  15     ED4A          59  14     0
QSO: 21000 PH 2011-10-30 1040 Z33A          59  15     M0RYB         59  14     0
QSO: 21000 PH 2011-10-30 1040 Z33A          59  15     F1OET         59  14     0
QSO: 21000 PH 2011-10-30 1041 Z33A          59  15     DF0KY         59  14     0
QSO: 21000 PH 2011-10-30 1041 Z33A          59  15     CN2R          59  33     0
QSO: 21000 PH 2011-10-30 1041 Z33A          59  15     TM1O          59  14     0
QSO: 21000 PH 2011-10-30 1042 Z33A          59  15     DO4JS         59  14     0
QSO: 21000 PH 2011-10-30 1042 Z33A          59  15     EA1JO         59  14     0
QSO: 21000 PH 2011-10-30 1042 Z33A          59  15     RM7M          59  16     0
QSO: 21000 PH 2011-10-30 1043 Z33A          59  15     RF9M          59  17     0
QSO: 21000 PH 2011-10-30 1043 Z33A          59  15     UX5UO         59  16     0
QSO: 21000 PH 2011-10-30 1043 Z33A          59  15     DM4G          59  14     0
QSO: 21000 PH 2011-10-30 1044 Z33A          59  15     DO1HGS        59  14     0
QSO: 21000 PH 2011-10-30 1045 Z33A          59  15     DL4DXF        59  14     0
QSO: 21000 PH 2011-10-30 1045 Z33A          59  15     EE5I          59  14     0
QSO: 21000 PH 2011-10-30 1045 Z33A          59  15     LA1PHA        59  14     0
QSO: 21000 PH 2011-10-30 1046 Z33A          59  15     PA2GRU        59  14     0
QSO: 21000 PH 2011-10-30 1046 Z33A          59  15     DL7UGO        59  14     0
QSO: 21000 PH 2011-10-30 1046 Z33A          59  15     R7MP          59  16     0
QSO: 21000 PH 2011-10-30 1046 Z33A          59  15     F5PEU         59  14     0
QSO: 21000 PH 2011-10-30 1047 Z33A          59  15     DK3WN         59  14     0
QSO: 21000 PH 2011-10-30 1047 Z33A          59  15     F4FSV         59  14     0
QSO: 21000 PH 2011-10-30 1048 Z33A          59  15     PA0MAW        59  14     0
QSO: 21000 PH 2011-10-30 1048 Z33A          59  15     DK2RO         59  14     0
QSO: 21000 PH 2011-10-30 1049 Z33A          59  15     SQ2WHH        59  15     0
QSO: 21000 PH 2011-10-30 1049 Z33A          59  15     LN8W          59  14     0
QSO: 21000 PH 2011-10-30 1050 Z33A          59  15     UX1MH         59  16     0
QSO: 21000 PH 2011-10-30 1050 Z33A          59  15     MM1X          59  14     0
QSO: 21000 PH 2011-10-30 1050 Z33A          59  15     DO5TMM        59  14     0
QSO: 21000 PH 2011-10-30 1051 Z33A          59  15     ES1CN         59  15     0
QSO: 21000 PH 2011-10-30 1051 Z33A          59  15     PA5VK         59  14     0
QSO: 21000 PH 2011-10-30 1051 Z33A          59  15     RL3T          59  16     0
QSO: 21000 PH 2011-10-30 1052 Z33A          59  15     HB9RVS        59  14     0
QSO: 21000 PH 2011-10-30 1053 Z33A          59  15     RN3ZC         59  16     0
QSO: 21000 PH 2011-10-30 1054 Z33A          59  15     DL6DCD        59  14     0
QSO: 21000 PH 2011-10-30 1056 Z33A          59  15     ES4RX         59  15     0
QSO: 21000 PH 2011-10-30 1056 Z33A          59  15     SJ2W          59  14     0
QSO: 21000 PH 2011-10-30 1057 Z33A          59  15     ES2IPA        59  15     0
QSO: 21000 PH 2011-10-30 1057 Z33A          59  15     HB9CFU        59  14     0
QSO: 21000 PH 2011-10-30 1057 Z33A          59  15     SP3J          59  15     0
QSO: 21000 PH 2011-10-30 1057 Z33A          59  15     DK3FB         59  14     0
QSO: 21000 PH 2011-10-30 1057 Z33A          59  15     DQ4W          59  14     0
QSO: 21000 PH 2011-10-30 1058 Z33A          59  15     ON3POL        59  14     0
QSO: 21000 PH 2011-10-30 1058 Z33A          59  15     DL9GWD        59  14     0
QSO: 21000 PH 2011-10-30 1058 Z33A          59  15     EF2O          59  14     0
QSO: 21000 PH 2011-10-30 1058 Z33A          59  15     EA5HEU        59  14     0
QSO: 21000 PH 2011-10-30 1058 Z33A          59  15     DL8QS         59  14     0
QSO: 21000 PH 2011-10-30 1059 Z33A          59  15     SP3IC         59  15     0
QSO: 21000 PH 2011-10-30 1059 Z33A          59  15     PT2CM         59  11     0
QSO: 21000 PH 2011-10-30 1059 Z33A          59  15     RM9RZ         59  17     0
QSO: 21000 PH 2011-10-30 1059 Z33A          59  15     LA9DFA        59  14     0
QSO: 21000 PH 2011-10-30 1100 Z33A          59  15     PC3M          59  14     0
QSO: 21000 PH 2011-10-30 1100 Z33A          59  15     LN3Z          59  14     0
QSO: 21000 PH 2011-10-30 1100 Z33A          59  15     UC0A          59  18     0
QSO: 21000 PH 2011-10-30 1101 Z33A          59  15     YV5AM         59  09     0
QSO: 21000 PH 2011-10-30 1102 Z33A          59  15     E7DX          59  15     0
QSO: 21000 PH 2011-10-30 1102 Z33A          59  15     RG3K          59  16     0
QSO: 21000 PH 2011-10-30 1102 Z33A          59  15     EA1ACP        59  14     0
QSO: 21000 PH 2011-10-30 1102 Z33A          59  15     R3ZV          59  16     0
QSO: 21000 PH 2011-10-30 1102 Z33A          59  15     UT5LO         59  16     0
QSO: 21000 PH 2011-10-30 1103 Z33A          59  15     9A7A          59  15     0
QSO: 21000 PH 2011-10-30 1103 Z33A          59  15     F6BZQ         59  14     0
QSO: 21000 PH 2011-10-30 1103 Z33A          59  15     EI6JK         59  14     0
QSO: 21000 PH 2011-10-30 1104 Z33A          59  15     EW7DK         59  16     0
QSO: 21000 PH 2011-10-30 1104 Z33A          59  15     I1EIS         59  15     0
QSO: 21000 PH 2011-10-30 1104 Z33A          59  15     GI0RPK        59  14     0
QSO: 21000 PH 2011-10-30 1104 Z33A          59  15     DJ8OG         59  14     0
QSO: 21000 PH 2011-10-30 1105 Z33A          59  15     IK1PMR        59  15     0
QSO: 21000 PH 2011-10-30 1105 Z33A          59  15     SP3FTA        59  15     0
QSO: 21000 PH 2011-10-30 1105 Z33A          59  15     F8KCF         59  14     0
QSO: 21000 PH 2011-10-30 1105 Z33A          59  15     F4DFR         59  14     0
QSO: 21000 PH 2011-10-30 1106 Z33A          59  15     OH1LEG        59  15     0
QSO: 21000 PH 2011-10-30 1106 Z33A          59  15     DO2SYD        59  14     0
QSO: 21000 PH 2011-10-30 1107 Z33A          59  15     OD5PG         59  20     0
QSO: 21000 PH 2011-10-30 1107 Z33A          59  15     RZ4FWW        59  16     0
QSO: 21000 PH 2011-10-30 1108 Z33A          59  15     SN7H          59  15     0
QSO: 21000 PH 2011-10-30 1108 Z33A          59  15     DL2DOC        59  14     0
QSO: 21000 PH 2011-10-30 1108 Z33A          59  15     DL5KUD        59  14     0
QSO: 21000 PH 2011-10-30 1108 Z33A          59  15     TM1E          59  14     0
QSO: 21000 PH 2011-10-30 1108 Z33A          59  15     OZ5E          59  14     0
QSO: 21000 PH 2011-10-30 1109 Z33A          59  15     UA6HHE        59  16     0
QSO: 21000 PH 2011-10-30 1109 Z33A          59  15     SP3JBI        59  15     0
QSO: 21000 PH 2011-10-30 1109 Z33A          59  15     OH6RE         59  15     0
QSO: 21000 PH 2011-10-30 1109 Z33A          59  15     SM5D          59  14     0
QSO: 21000 PH 2011-10-30 1110 Z33A          59  15     RU1A          59  16     0
QSO: 21000 PH 2011-10-30 1110 Z33A          59  15     JT5DX         59  23     0
QSO: 21000 PH 2011-10-30 1110 Z33A          59  15     SN6F          59  15     0
QSO: 21000 PH 2011-10-30 1111 Z33A          59  15     8S0C          59  14     0
QSO: 21000 PH 2011-10-30 1112 Z33A          59  15     DL5AN         59  14     0
QSO: 21000 PH 2011-10-30 1112 Z33A          59  15     LY3CY         59  15     0
QSO: 21000 PH 2011-10-30 1113 Z33A          59  15     RA3ATE        59  16     0
QSO: 21000 PH 2011-10-30 1114 Z33A          59  15     DO1DJJ        59  14     0
QSO: 21000 PH 2011-10-30 1114 Z33A          59  15     OL8M          59  15     0
QSO: 21000 PH 2011-10-30 1114 Z33A          59  15     F1EPQ         59  14     0
QSO: 21000 PH 2011-10-30 1115 Z33A          59  15     EI3ENB        59  14     0
QSO: 21000 PH 2011-10-30 1115 Z33A          59  15     EI7JZ         59  14     0
QSO: 21000 PH 2011-10-30 1115 Z33A          59  15     EA2QU         59  14     0
QSO: 21000 PH 2011-10-30 1115 Z33A          59  15     EA3KT         59  14     0
QSO: 21000 PH 2011-10-30 1116 Z33A          59  15     OH1HB         59  15     0
QSO: 21000 PH 2011-10-30 1117 Z33A          59  15     CT4QB         59  14     0
QSO: 21000 PH 2011-10-30 1117 Z33A          59  15     DG7JB         59  14     0
QSO: 21000 PH 2011-10-30 1117 Z33A          59  15     ED1R          59  14     0
QSO: 21000 PH 2011-10-30 1117 Z33A          59  15     DG9SEH        59  14     0
QSO: 21000 PH 2011-10-30 1118 Z33A          59  15     DG3MR         59  14     0
QSO: 21000 PH 2011-10-30 1118 Z33A          59  15     UA9YE         59  18     0
QSO: 21000 PH 2011-10-30 1123 Z33A          59  15     GW0IRP        59  14     0
QSO: 21000 PH 2011-10-30 1124 Z33A          59  15     DO4HBK        59  14     0
QSO: 21000 PH 2011-10-30 1126 Z33A          59  15     EA3BOX        59  14     0
QSO: 21000 PH 2011-10-30 1127 Z33A          59  15     LX1NO         59  14     0
QSO: 21000 PH 2011-10-30 1128 Z33A          59  15     RA9AAA        59  17     0
QSO: 21000 PH 2011-10-30 1130 Z33A          59  15     F6GPT         59  14     0
QSO: 21000 PH 2011-10-30 1131 Z33A          59  15     F5VHY         59  14     0
QSO: 21000 PH 2011-10-30 1132 Z33A          59  15     ON4SV         59  14     0
QSO: 21000 PH 2011-10-30 1132 Z33A          59  15     PA3ELQ        59  14     0
QSO: 14000 PH 2011-10-30 1135 Z33A          59  15     DJ4PT         59  14     0
QSO: 14000 PH 2011-10-30 1135 Z33A          59  15     SQ9DXT        59  15     0
QSO: 21000 PH 2011-10-30 1145 Z33A          59  15     G5W           59  14     0
QSO: 21000 PH 2011-10-30 1147 Z33A          59  15     DO8ABS        59  14     0
QSO: 21000 PH 2011-10-30 1148 Z33A          59  15     EU2DX         59  16     0
QSO: 21000 PH 2011-10-30 1150 Z33A          59  15     DJ7WW         59  14     0
QSO: 21000 PH 2011-10-30 1155 Z33A          59  15     WA3A          59  05     0
QSO: 21000 PH 2011-10-30 1200 Z33A          59  15     N1UR          59  05     0
QSO: 21000 PH 2011-10-30 1206 Z33A          59  15     DJ6TK         59  14     0
QSO: 21000 PH 2011-10-30 1207 Z33A          59  15     PA30LOU       59  14     0
QSO: 21000 PH 2011-10-30 1208 Z33A          59  15     RV4CT         59  16     0
QSO: 21000 PH 2011-10-30 1208 Z33A          59  15     RA9CMO        59  17     0
QSO: 21000 PH 2011-10-30 1209 Z33A          59  15     RA9MX         59  17     0
QSO: 21000 PH 2011-10-30 1209 Z33A          59  15     OZ6AGX        59  14     0
QSO: 21000 PH 2011-10-30 1210 Z33A          59  15     GM7TUD        59  14     0
QSO: 21000 PH 2011-10-30 1210 Z33A          59  15     M0VWK         59  14     0
QSO: 21000 PH 2011-10-30 1211 Z33A          59  15     OH1UM         59  15     0
QSO: 21000 PH 2011-10-30 1212 Z33A          59  15     F4EQH         59  14     0
QSO: 21000 PH 2011-10-30 1212 Z33A          59  15     F4GDI         59  14     0
QSO: 21000 PH 2011-10-30 1212 Z33A          59  15     PC2F          59  14     0
QSO: 21000 PH 2011-10-30 1213 Z33A          59  15     OH2KW         59  15     0
QSO: 21000 PH 2011-10-30 1213 Z33A          59  15     EA5HOL        59  14     0
QSO: 21000 PH 2011-10-30 1213 Z33A          59  15     VE3RTU        59  04     0
QSO: 21000 PH 2011-10-30 1213 Z33A          59  15     XV9DX         59  26     0
QSO: 21000 PH 2011-10-30 1214 Z33A          59  15     EA5URT        59  14     0
QSO: 21000 PH 2011-10-30 1214 Z33A          59  15     RT6A          59  16     0
QSO: 21000 PH 2011-10-30 1215 Z33A          59  15     VA3FP         59  04     0
QSO: 21000 PH 2011-10-30 1215 Z33A          59  15     UA1AFT        59  16     0
QSO: 21000 PH 2011-10-30 1215 Z33A          59  15     EW6DI         59  16     0
QSO: 21000 PH 2011-10-30 1216 Z33A          59  15     CN8WW         59  33     0
QSO: 21000 PH 2011-10-30 1216 Z33A          59  15     RK3VWA        59  16     0
QSO: 21000 PH 2011-10-30 1217 Z33A          59  15     T46A          59  08     0
QSO: 21000 PH 2011-10-30 1217 Z33A          59  15     DA0CA         59  14     0
QSO: 21000 PH 2011-10-30 1218 Z33A          59  15     EA7JA         59  14     0
QSO: 21000 PH 2011-10-30 1218 Z33A          59  15     UR6MX         59  16     0
QSO: 21000 PH 2011-10-30 1219 Z33A          59  15     EE7K          59  14     0
QSO: 21000 PH 2011-10-30 1220 Z33A          59  15     RN4CU         59  16     0
QSO: 21000 PH 2011-10-30 1221 Z33A          59  15     UR5MM         59  16     0
QSO: 21000 PH 2011-10-30 1221 Z33A          59  15     EA4BZ         59  14     0
QSO: 21000 PH 2011-10-30 1221 Z33A          59  15     UA9AGX        59  17     0
QSO: 21000 PH 2011-10-30 1222 Z33A          59  15     ZX2B          59  11     0
QSO: 21000 PH 2011-10-30 1222 Z33A          59  15     EC2DX         59  14     0
QSO: 21000 PH 2011-10-30 1222 Z33A          59  15     RX3ZX         59  16     0
QSO: 21000 PH 2011-10-30 1223 Z33A          59  15     OH2FTA        59  15     0
QSO: 21000 PH 2011-10-30 1223 Z33A          59  15     GM0FGI        59  14     0
QSO: 21000 PH 2011-10-30 1223 Z33A          59  15     UB3DAO        59  16     0
QSO: 21000 PH 2011-10-30 1223 Z33A          59  15     M7A           59  14     0
QSO: 21000 PH 2011-10-30 1224 Z33A          59  15     RN4HFJ        59  16     0
QSO: 21000 PH 2011-10-30 1224 Z33A          59  15     EE7R          59  14     0
QSO: 21000 PH 2011-10-30 1224 Z33A          59  15     EU4CQ         59  16     0
QSO: 21000 PH 2011-10-30 1225 Z33A          59  15     VE3EJ         59  04     0
QSO: 21000 PH 2011-10-30 1225 Z33A          59  15     PI4ZI         59  14     0
QSO: 21000 PH 2011-10-30 1402 Z33A          59  15     EV6M          59  16     0
QSO: 21000 PH 2011-10-30 1403 Z33A          59  15     DL1KRT        59  14     0
QSO: 21000 PH 2011-10-30 1404 Z33A          59  15     VE3RRH        59  04     0
QSO: 21000 PH 2011-10-30 1405 Z33A          59  15     ON5UJ         59  14     0
QSO: 21000 PH 2011-10-30 1405 Z33A          59  15     HB9TRT        59  14     0
QSO: 21000 PH 2011-10-30 1405 Z33A          59  15     SP4LVK        59  15     0
QSO: 21000 PH 2011-10-30 1406 Z33A          59  15     RW3SZ         59  16     0
QSO: 21000 PH 2011-10-30 1408 Z33A          59  15     CT2KFA        59  14     0
QSO: 21000 PH 2011-10-30 1409 Z33A          59  15     ON4LWX        59  14     0
QSO: 21000 PH 2011-10-30 1410 Z33A          59  15     F6HQP         59  14     0
QSO: 21000 PH 2011-10-30 1410 Z33A          59  15     RK3CQ         59  16     0
QSO: 21000 PH 2011-10-30 1412 Z33A          59  15     ON6AT         59  14     0
QSO: 21000 PH 2011-10-30 1413 Z33A          59  15     DK7GH         59  14     0
QSO: 21000 PH 2011-10-30 1413 Z33A          59  15     SP9KDA        59  15     0
QSO: 21000 PH 2011-10-30 1414 Z33A          59  15     DL4WA         59  14     0
QSO: 21000 PH 2011-10-30 1414 Z33A          59  15     DO7DC         59  14     0
QSO: 21000 PH 2011-10-30 1415 Z33A          59  15     DP6T          59  14     0
QSO: 21000 PH 2011-10-30 1415 Z33A          59  15     ES6PA         59  15     0
QSO: 21000 PH 2011-10-30 1415 Z33A          59  15     UA6HZ         59  16     0
QSO: 21000 PH 2011-10-30 1417 Z33A          59  15     UT5UUV        59  16     0
QSO: 21000 PH 2011-10-30 1418 Z33A          59  15     DH1PAL        59  14     0
QSO: 21000 PH 2011-10-30 1418 Z33A          59  15     DF3TE         59  14     0
QSO: 21000 PH 2011-10-30 1420 Z33A          59  15     SP5MXZ        59  15     0
QSO: 21000 PH 2011-10-30 1420 Z33A          59  15     EI4II         59  14     0
QSO: 21000 PH 2011-10-30 1420 Z33A          59  15     G4FKA         59  14     0
QSO: 21000 PH 2011-10-30 1421 Z33A          59  15     SQ6IYV        59  15     0
QSO: 21000 PH 2011-10-30 1421 Z33A          59  15     DM2AWM        59  14     0
QSO: 21000 PH 2011-10-30 1422 Z33A          59  15     DJ6VM         59  14     0
QSO: 21000 PH 2011-10-30 1422 Z33A          59  15     SO2S          59  15     0
QSO: 21000 PH 2011-10-30 1422 Z33A          59  15     UA3ICU        59  16     0
QSO: 21000 PH 2011-10-30 1422 Z33A          59  15     DL1APW        59  14     0
QSO: 21000 PH 2011-10-30 1423 Z33A          59  15     SP2TQW        59  15     0
QSO: 21000 PH 2011-10-30 1423 Z33A          59  15     GW3GUX        59  14     0
QSO: 21000 PH 2011-10-30 1425 Z33A          59  15     RU3WR         59  16     0
QSO: 21000 PH 2011-10-30 1426 Z33A          59  15     SP4BRH        59  15     0
QSO: 21000 PH 2011-10-30 1427 Z33A          59  15     G0SLR         59  14     0
QSO: 21000 PH 2011-10-30 1428 Z33A          59  15     CN8YE         59  33     0
QSO: 21000 PH 2011-10-30 1428 Z33A          59  15     RZ4AG         59  16     0
QSO: 21000 PH 2011-10-30 1429 Z33A          59  15     RA6LIS        59  16     0
QSO: 21000 PH 2011-10-30 1430 Z33A          59  15     ON7KC         59  14     0
QSO: 21000 PH 2011-10-30 1430 Z33A          59  15     UA6GF         59  16     0
QSO: 21000 PH 2011-10-30 1430 Z33A          59  15     IK1GEH        59  15     0
QSO: 21000 PH 2011-10-30 1431 Z33A          59  15     PA0JNH        59  14     0
QSO: 21000 PH 2011-10-30 1432 Z33A          59  15     OL2U          59  15     0
QSO: 21000 PH 2011-10-30 1432 Z33A          59  15     US6IKF        59  16     0
QSO: 21000 PH 2011-10-30 1432 Z33A          59  15     DO1AYJ        59  14     0
QSO: 21000 PH 2011-10-30 1433 Z33A          59  15     G4KPN         59  14     0
QSO: 21000 PH 2011-10-30 1436 Z33A          59  15     VE3MMQ        59  04     0
QSO: 21000 PH 2011-10-30 1437 Z33A          59  15     SE6Y          59  14     0
QSO: 21000 PH 2011-10-30 1439 Z33A          59  15     W2PV          59  05     0
QSO: 14000 PH 2011-10-30 1445 Z33A          59  15     SP3JHY        59  15     0
QSO: 14000 PH 2011-10-30 1447 Z33A          59  15     UX7FD         59  16     0
QSO: 14000 PH 2011-10-30 1447 Z33A          59  15     DK7CH         59  14     0
QSO: 14000 PH 2011-10-30 1448 Z33A          59  15     RX1CQ         59  16     0
QSO: 14000 PH 2011-10-30 1449 Z33A          59  15     I4YYC         59  15     0
QSO: 14000 PH 2011-10-30 1449 Z33A          59  15     DK1HV         59  14     0
QSO: 14000 PH 2011-10-30 1449 Z33A          59  15     UA9JFR        59  17     0
QSO: 14000 PH 2011-10-30 1450 Z33A          59  15     RW6BD         59  16     0
QSO: 14000 PH 2011-10-30 1451 Z33A          59  15     RZ4HC         59  16     0
QSO: 14000 PH 2011-10-30 1451 Z33A          59  15     RX3ZX         59  16     0
QSO: 14000 PH 2011-10-30 1451 Z33A          59  15     US7IS         59  16     0
QSO: 14000 PH 2011-10-30 1452 Z33A          59  15     SQ8JX         59  15     0
QSO: 14000 PH 2011-10-30 1453 Z33A          59  15     PD1TV         59  14     0
QSO: 14000 PH 2011-10-30 1454 Z33A          59  15     R3OM          59  16     0
QSO: 14000 PH 2011-10-30 1454 Z33A          59  15     SQ8LSB        59  15     0
QSO: 14000 PH 2011-10-30 1457 Z33A          59  15     DL1WA         59  14     0
QSO: 14000 PH 2011-10-30 1457 Z33A          59  15     IR2P          59  15     0
QSO: 14000 PH 2011-10-30 1458 Z33A          59  15     DM3MM         59  14     0
QSO: 14000 PH 2011-10-30 1459 Z33A          59  15     SP2MPO        59  15     0
QSO: 14000 PH 2011-10-30 1500 Z33A          59  15     UT3I          59  16     0
QSO: 14000 PH 2011-10-30 1500 Z33A          59  15     JA7BME        59  25     0
QSO: 14000 PH 2011-10-30 1500 Z33A          59  15     R9FR          59  17     0
QSO: 14000 PH 2011-10-30 1501 Z33A          59  15     IK1JJM        59  15     0
QSO: 14000 PH 2011-10-30 1501 Z33A          59  15     M0DMA         59  14     0
QSO: 14000 PH 2011-10-30 1501 Z33A          59  15     RA3FD         59  16     0
QSO: 14000 PH 2011-10-30 1502 Z33A          59  15     DL1LTK        59  14     0
QSO: 14000 PH 2011-10-30 1502 Z33A          59  15     OM1DK         59  15     0
QSO: 14000 PH 2011-10-30 1503 Z33A          59  15     OE5DML        59  15     0
QSO: 14000 PH 2011-10-30 1503 Z33A          59  15     IZ8FOV        59  15     0
QSO: 14000 PH 2011-10-30 1506 Z33A          59  15     IT9LED        59  15     0
QSO: 14000 PH 2011-10-30 1506 Z33A          59  15     EA2CTH        59  14     0
QSO: 14000 PH 2011-10-30 1507 Z33A          59  15     DL8ULO        59  14     0
QSO: 14000 PH 2011-10-30 1508 Z33A          59  15     OK1UGI        59  15     0
QSO: 14000 PH 2011-10-30 1510 Z33A          59  15     ER1CS         59  16     0
QSO: 14000 PH 2011-10-30 1511 Z33A          59  15     SP9PEX        59  15     0
QSO: 14000 PH 2011-10-30 1511 Z33A          59  15     OK2GU         59  15     0
QSO: 14000 PH 2011-10-30 1511 Z33A          59  15     OK1IPU        59  15     0
QSO: 14000 PH 2011-10-30 1512 Z33A          59  15     SM6FGN        59  14     0
QSO: 14000 PH 2011-10-30 1512 Z33A          59  15     UX8ML         59  16     0
QSO: 14000 PH 2011-10-30 1513 Z33A          59  15     IT9IVE        59  15     0
QSO: 14000 PH 2011-10-30 1514 Z33A          59  15     UR5MDY        59  16     0
QSO: 14000 PH 2011-10-30 1515 Z33A          59  15     JA3YBK        59  25     0
QSO: 14000 PH 2011-10-30 1516 Z33A          59  15     IW0EYT        59  15     0
QSO: 14000 PH 2011-10-30 1517 Z33A          59  15     F8DYD         59  14     0
QSO: 14000 PH 2011-10-30 1517 Z33A          59  15     SN6F          59  15     0
QSO: 14000 PH 2011-10-30 1518 Z33A          59  15     IZ4MNZ        59  15     0
QSO: 14000 PH 2011-10-30 1519 Z33A          59  15     W7WA          59  03     0
QSO: 14000 PH 2011-10-30 1521 Z33A          59  15     AH0BT         59  27     0
QSO:  7000 PH 2011-10-30 1523 Z33A          59  15     9A2VR         59  15     0
QSO:  7000 PH 2011-10-30 1525 Z33A          59  15     YT8A          59  15     0
QSO:  7000 PH 2011-10-30 1526 Z33A          59  15     4L0A          59  21     0
QSO:  7000 PH 2011-10-30 1527 Z33A          59  15     YT7A          59  15     0
QSO:  7000 PH 2011-10-30 1528 Z33A          59  15     YT7AA         59  15     0
QSO:  7000 PH 2011-10-30 1536 Z33A          59  15     RY3D          59  16     0
QSO:  7000 PH 2011-10-30 1538 Z33A          59  15     UU3J          59  16     0
QSO:  7000 PH 2011-10-30 1538 Z33A          59  15     IZ3IBL/2      59  15     0
QSO:  7000 PH 2011-10-30 1539 Z33A          59  15     UA4AAC        59  16     0
QSO:  7000 PH 2011-10-30 1540 Z33A          59  15     RM7M          59  16     0
QSO:  7000 PH 2011-10-30 1541 Z33A          59  15     LZ1FJ         59  20     0
QSO:  7000 PH 2011-10-30 1541 Z33A          59  15     9A6M          59  15     0
QSO:  7000 PH 2011-10-30 1543 Z33A          59  15     OH8A          59  15     0
QSO:  7000 PH 2011-10-30 1545 Z33A          59  15     JA1YPA        59  25     0
QSO:  7000 PH 2011-10-30 1546 Z33A          59  15     UT0EO         59  16     0
QSO:  7000 PH 2011-10-30 1546 Z33A          59  15     YO4AAC        59  20     0
QSO:  7000 PH 2011-10-30 1547 Z33A          59  15     YO4KAK        59  20     0
QSO:  7000 PH 2011-10-30 1548 Z33A          59  15     IR7R          59  15     0
QSO:  7000 PH 2011-10-30 1551 Z33A          59  15     UW2F          59  16     0
QSO:  7000 PH 2011-10-30 1553 Z33A          59  15     OH0V          59  15     0
QSO:  7000 PH 2011-10-30 1554 Z33A          59  15     US0HZ         59  16     0
QSO:  7000 PH 2011-10-30 1555 Z33A          59  15     DR1A          59  14     0
QSO:  7000 PH 2011-10-30 1556 Z33A          59  15     9A1P          59  15     0
QSO:  7000 PH 2011-10-30 1556 Z33A          59  15     LZ9W          59  20     0
QSO:  7000 PH 2011-10-30 1558 Z33A          59  15     HB0/HB9AON    59  14     0
QSO:  7000 PH 2011-10-30 1559 Z33A          59  15     PI4DX         59  14     0
QSO:  7000 PH 2011-10-30 1601 Z33A          59  15     7Z8SJ         59  21     0
QSO:  7000 PH 2011-10-30 1602 Z33A          59  15     OZ5GX         59  14     0
QSO:  7000 PH 2011-10-30 1604 Z33A          59  15     J48OV         59  20     0
QSO:  7000 PH 2011-10-30 1605 Z33A          59  15     TM9R          59  14     0
QSO:  7000 PH 2011-10-30 1607 Z33A          59  15     LZ3FN         59  20     0
QSO:  7000 PH 2011-10-30 1608 Z33A          59  15     9A7P          59  15     0
QSO:  7000 PH 2011-10-30 1609 Z33A          59  15     DL5RU         59  14     0
QSO:  7000 PH 2011-10-30 1609 Z33A          59  15     9A1A          59  15     0
QSO:  7000 PH 2011-10-30 1610 Z33A          59  15     UY0IX         59  16     0
QSO:  7000 PH 2011-10-30 1612 Z33A          59  15     OK/LZ3SF      59  15     0
QSO:  7000 PH 2011-10-30 1613 Z33A          59  15     OK1BB         59  15     0
QSO:  7000 PH 2011-10-30 1614 Z33A          59  15     4O3RR         59  15     0
QSO:  7000 PH 2011-10-30 1614 Z33A          59  15     YU0W          59  15     0
QSO:  7000 PH 2011-10-30 1615 Z33A          59  15     YQ5Q          59  20     0
QSO:  7000 PH 2011-10-30 1617 Z33A          59  15     IQ8MD         59  15     0
QSO:  7000 PH 2011-10-30 1619 Z33A          59  15     OT5A          59  14     0
QSO:  7000 PH 2011-10-30 1622 Z33A          59  15     I2/IZ3IBL     59  15     0
QSO:  7000 PH 2011-10-30 1623 Z33A          59  15     9A1AKL        59  15     0
QSO:  7000 PH 2011-10-30 1624 Z33A          59  15     UA3VFS        59  16     0
QSO:  7000 PH 2011-10-30 1624 Z33A          59  15     SP2SWR        59  15     0
QSO:  7000 PH 2011-10-30 1626 Z33A          59  15     UI4I          59  16     0
QSO:  7000 PH 2011-10-30 1627 Z33A          59  15     DF0HQ         59  14     0
QSO:  7000 PH 2011-10-30 1630 Z33A          59  15     YT7AT         59  15     0
QSO:  7000 PH 2011-10-30 1631 Z33A          59  15     YO7LBX        59  20     0
END-OF-LOG:
