START-OF-LOG: 3.0
CATEGORY: Single-OP low
CONTEST: WAE RTTY
SPECIFIC: K01
CALLSIGN: DG1FN
CLAIMED-SCORE: 45248
CREATED-BY: UcxLog 8.30, modified by DXHF upload.
OPERATORS: DG1FN
GRID-LOCATOR: JO30NN
QSO:  3500 RY 2023-11-11 0005 DG1FN         599 001    EW8DX         599 003
QSO:  3500 RY 2023-11-11 0007 DG1FN         599 002    9A1CCY        599 006
QSO:  3500 RY 2023-11-11 0009 DG1FN         599 003    DL6TK         599 009
QSO:  3500 RY 2023-11-11 0018 DG1FN         599 004    DP6A          599 012
QSO:  3500 RY 2023-11-11 0020 DG1FN         599 005    HB0DX         599 025
QSO:  3500 RY 2023-11-11 0025 DG1FN         599 006    PA4G          599 021
QSO:  3500 RY 2023-11-11 0029 DG1FN         599 007    DF1MM         599 024
QSO:  3500 RY 2023-11-11 0035 DG1FN         599 008    DL8ULF        599 020
QSO:  3500 RY 2023-11-11 0037 DG1FN         599 009    DR1E          599 035
QSO:  3500 RY 2023-11-11 0044 DG1FN         599 010    EA2XR         599 013
QSO:  3500 RY 2023-11-11 0048 DG1FN         599 011    DK9IP         599 029
QSO:  7000 RY 2023-11-11 0053 DG1FN         599 012    EA4AOC        599 048
QSO:  7000 RY 2023-11-11 0055 DG1FN         599 013    YQ6A          599 068
QSO:  7000 RY 2023-11-11 0058 DG1FN         599 014    EA4Z          599 058
QSO:  7000 RY 2023-11-11 0104 DG1FN         599 015    YU5R          599 039
QSO:  7000 RY 2023-11-11 0105 DG1FN         599 016    LZ5K          599 071
QSO:  7000 RY 2023-11-11 0114 DG1FN         599 017    P33W          599 088
QSO:  7000 RY 2023-11-11 0117 DG1FN         599 018    LZ8A          599 051
QSO:  7000 RY 2023-11-11 0908 DG1FN         599 019    PD0MHZ        599 062
QSO:  7000 RY 2023-11-11 0911 DG1FN         599 020    S51CK         599 070
QSO:  7000 RY 2023-11-11 0912 DG1FN         599 021    DJ2AX         599 099
QSO:  7000 RY 2023-11-11 0914 DG1FN         599 022    DM5WH         599 091
QSO:  7000 RY 2023-11-11 0916 DG1FN         599 023    PD1RO         599 013
QSO:  7000 RY 2023-11-11 0918 DG1FN         599 024    DL1T          599 162
QSO:  7000 RY 2023-11-11 0920 DG1FN         599 025    DK2FG         599 017
QSO:  7000 RY 2023-11-11 0921 DG1FN         599 026    DL5YM         599 023
QSO:  7000 RY 2023-11-11 0923 DG1FN         599 027    DK1TI         599 154
QSO:  7000 RY 2023-11-11 0925 DG1FN         599 028    DR6K          599 039
QSO:  7000 RY 2023-11-11 0928 DG1FN         599 029    DL7ACN        599 098
QSO:  7000 RY 2023-11-11 0929 DG1FN         599 030    DK1WU         599 021
QSO:  7000 RY 2023-11-11 0935 DG1FN         599 031    DL2RZ         599 018
QSO:  7000 RY 2023-11-11 0936 DG1FN         599 032    DL3ABL        599 111
QSO:  7000 RY 2023-11-11 0941 DG1FN         599 033    DJ3NG         599 034
QSO: 14000 RY 2023-11-11 0948 DG1FN         599 034    OE2LCM        599 135
QSO: 14000 RY 2023-11-11 0953 DG1FN         599 035    SP3PDO        599
QSO: 14000 RY 2023-11-11 0954 DG1FN         599 036    IW1CBG        599 161
QSO: 14000 RY 2023-11-11 0959 DG1FN         599 037    IK7MIY        599 047
QSO: 14000 RY 2023-11-11 1007 DG1FN         599 038    YL2CI         599 315
QSO: 14000 RY 2023-11-11 1011 DG1FN         599 039    OM3CFR        599 113
QSO: 14000 RY 2023-11-11 1014 DG1FN         599 040    YQ6A          599 579
QSO: 14000 RY 2023-11-11 1017 DG1FN         599 041    SI3A          599 067
QSO: 14000 RY 2023-11-11 1017 DG1FN         599 042    EW8Z          599 167
QSO: 14000 RY 2023-11-11 1022 DG1FN         599 043    2E0INN        599 193
QSO: 14000 RY 2023-11-11 1026 DG1FN         599 044    LA1TV         599 221
QSO: 14000 RY 2023-11-11 1027 DG1FN         599 045    EA3RCB        599 173
QSO: 14000 RY 2023-11-11 1031 DG1FN         599 046    IZ4UFB        599 056
QSO: 14000 RY 2023-11-11 1033 DG1FN         599 047    UT5EPP        599 035
QSO: 14000 RY 2023-11-11 1035 DG1FN         599 048    EA4AOC        599 391
QSO: 14000 RY 2023-11-11 1036 DG1FN         599 049    IU4CHE        599 045
QSO: 14000 RY 2023-11-11 1037 DG1FN         599 050    S51I          599 193
QSO: 14000 RY 2023-11-11 1039 DG1FN         599 051    YT2U          599 121
QSO: 14000 RY 2023-11-11 1040 DG1FN         599 052    9A1CCY        599 435
QSO: 14000 RY 2023-11-11 1043 DG1FN         599 053    EW8DX         599 224
QSO: 14000 RY 2023-11-11 1046 DG1FN         599 054    9A4R          599 047
QSO: 14000 RY 2023-11-11 1049 DG1FN         599 055    IK8NBE        599 012
QSO: 14000 RY 2023-11-11 1050 DG1FN         599 056    N4CW          599 226
QSO: 14000 RY 2023-11-11 1053 DG1FN         599 057    9A6TT         599 113
QSO: 14000 RY 2023-11-11 1057 DG1FN         599 058    DJ3NG         599 062
QSO: 21000 RY 2023-11-11 1101 DG1FN         599 059    IK7MIY        599 095
QSO: 21000 RY 2023-11-11 1112 DG1FN         599 060    CT7AJL        599 060
QSO: 21000 RY 2023-11-11 1113 DG1FN         599 061    EW6DM         599 366
QSO: 21000 RY 2023-11-11 1113 DG1FN         599 062    YU8NU         599 047
QSO: 21000 RY 2023-11-11 1114 DG1FN         599 063    EV1R          599 375
QSO: 21000 RY 2023-11-11 1116 DG1FN         599 064    YQ6A          599 666
QSO: 21000 RY 2023-11-11 1118 DG1FN         599 065    Z36N          599
QSO: 21000 RY 2023-11-11 1123 DG1FN         599 066    SV2AEL        599 300
QSO: 21000 RY 2023-11-11 1127 DG1FN         599 067    OH2HAN        599 360
QSO: 21000 RY 2023-11-11 1129 DG1FN         599 068    EA4Z          599 194
QSO: 21000 RY 2023-11-11 1130 DG1FN         599 069    RQ9O          599 198
QSO: 21000 RY 2023-11-11 1133 DG1FN         599 070    LZ6DX         599 058
QSO: 21000 RY 2023-11-11 1140 DG1FN         599 071    UZ2I          599 022
QSO: 21000 RY 2023-11-11 1142 DG1FN         599 072    IT9SSI        599 085
QSO: 21000 RY 2023-11-11 1149 DG1FN         599 073    LZ1JZ         599 074
QSO: 21000 RY 2023-11-11 1203 DG1FN         599 074    K1MK          599 296
QSO: 21000 RY 2023-11-11 1207 DG1FN         599 075    IK8IOO        599 152
QSO: 21000 RY 2023-11-11 1212 DG1FN         599 076    SD3T          599 016
QSO: 21000 RY 2023-11-11 1220 DG1FN         599 077    K3MM          599 483
QSO: 28000 RY 2023-11-11 1229 DG1FN         599 078    UT8EU         599 142
QSO: 28000 RY 2023-11-11 1233 DG1FN         599 079    CT7AJL        599 497
QSO: 28000 RY 2023-11-11 1241 DG1FN         599 080    PV2K          599 403
QSO: 14000 RY 2023-11-11 1259 DG1FN         599 081    SO0N          599 128
QSO: 14000 RY 2023-11-11 1320 DG1FN         599 082    RC9X          599 075
QSO: 14000 RY 2023-11-11 1322 DG1FN         599 083    YT0W          599 258
QSO: 14000 RY 2023-11-11 1327 DG1FN         599 084    EA4Z          599 268
QSO: 14000 RY 2023-11-11 1330 DG1FN         599 085    9A1CCM        599 247
QSO: 14000 RY 2023-11-11 1332 DG1FN         599 086    SP9MKP        599 115
QSO: 14000 RY 2023-11-11 1334 DG1FN         599 087    S51DD         599 130
QSO: 21000 RY 2023-11-11 1422 DG1FN         599 088    W3LL          599 364
QSO: 21000 RY 2023-11-11 1457 DG1FN         599 089    LZ8A          599 430
QSO: 21000 RY 2023-11-11 1503 DG1FN         599 090    AD4EB         599 225
QSO: 21000 RY 2023-11-11 1504 DG1FN         599 091    YO4DG         599 111
QSO: 21000 RY 2023-11-11 1506 DG1FN         599 092    UT8EU         599 197
QSO: 21000 RY 2023-11-11 1511 DG1FN         599 093    OG66X         599 711
QSO: 21000 RY 2023-11-11 1513 DG1FN         599 094    VE3GYL        599 141
QSO: 21000 RY 2023-11-11 1520 DG1FN         599 095    UR5MW         599 931
QSO: 21000 RY 2023-11-11 1532 DG1FN         599 096    K2RET         599 190
QSO: 21000 RY 2023-11-11 1540 DG1FN         599 097    ED4Q          599 588
QSO: 21000 RY 2023-11-11 1541 DG1FN         599 098    EA5OG         599 103
QSO: 21000 RY 2023-11-11 1546 DG1FN         599 099    SN7Q          599 850
QSO:  3500 RY 2023-11-11 1904 DG1FN         599 100    DO9PL         599 154
QSO:  3500 RY 2023-11-11 1907 DG1FN         599 101    DD5DD         599 164
QSO:  3500 RY 2023-11-11 1909 DG1FN         599 102    DJ1OJ         599 240
QSO:  3500 RY 2023-11-11 1919 DG1FN         599 103    SP3MEO        599 052
QSO:  3500 RY 2023-11-11 1921 DG1FN         599 104    OZ11A         599 655
QSO:  3500 RY 2023-11-11 1922 DG1FN         599 105    DK1FW         599 158
QSO:  7000 RY 2023-11-11 1928 DG1FN         599 106    RA3Y          599 166
QSO:  7000 RY 2023-11-11 1932 DG1FN         599 107    DM5F          599 310
QSO:  7000 RY 2023-11-11 1935 DG1FN         599 108    OK1PMA        599 096
QSO:  7000 RY 2023-11-11 1938 DG1FN         599 109    S53M          599 069
QSO:  7000 RY 2023-11-11 1943 DG1FN         599 110    ED4Q          599 776
QSO:  7000 RY 2023-11-11 1944 DG1FN         599 111    SN6S          599 300
QSO:  7000 RY 2023-11-11 1949 DG1FN         599 112    SP3KRE        599 118
QSO:  7000 RY 2023-11-11 1952 DG1FN         599 113    EA4GOY        599 674
QSO:  7000 RY 2023-11-11 1956 DG1FN         599 114    IZ4OSH        599 214
QSO:  3500 RY 2023-11-11 2020 DG1FN         599 115    YL2CI         599 733
QSO:  3500 RY 2023-11-11 2025 DG1FN         599 116    OK1KSL        599 784
QSO:  3500 RY 2023-11-11 2028 DG1FN         599 117    DD2ML         599 020
QSO:  3500 RY 2023-11-11 2036 DG1FN         599 118    S53ME         599 134
QSO:  3500 RY 2023-11-11 2037 DG1FN         599 119    DL6NDW        599 495
QSO:  7000 RY 2023-11-12 0947 DG1FN         599 120    DD1JN         599 367
QSO:  7000 RY 2023-11-12 0952 DG1FN         599 121    SP2R          599 707
QSO:  7000 RY 2023-11-12 0955 DG1FN         599 122    DL9GMC        599 088
QSO:  7000 RY 2023-11-12 0958 DG1FN         599 123    DM5UE         599 208
QSO:  7000 RY 2023-11-12 1000 DG1FN         599 124    DL6RBH        599 071
QSO:  7000 RY 2023-11-12 1004 DG1FN         599 125    DR3K          599 502
QSO:  7000 RY 2023-11-12 1005 DG1FN         599 126    DL4NWM        599 358
QSO:  7000 RY 2023-11-12 1008 DG1FN         599 127    DM5TI         599 392
QSO:  7000 RY 2023-11-12 1009 DG1FN         599 128    DF4XX         599 177
QSO:  7000 RY 2023-11-12 1010 DG1FN         599 129    HF3A          599 167
QSO:  7000 RY 2023-11-12 1012 DG1FN         599 130    2E0OBO        599 074
QSO:  7000 RY 2023-11-12 1014 DG1FN         599 131    DR1E          599 960
QSO:  7000 RY 2023-11-12 1016 DG1FN         599 132    TM3Z          599 1151
QSO:  7000 RY 2023-11-12 1017 DG1FN         599 133    F4KLT         599 101
QSO:  7000 RY 2023-11-12 1020 DG1FN         599 134    PD2TW         599 304
QSO: 14000 RY 2023-11-12 1028 DG1FN         599 135    OZ0JD         599 441
QSO: 14000 RY 2023-11-12 1029 DG1FN         599 136    G1N           599 663
QSO: 14000 RY 2023-11-12 1032 DG1FN         599 137    M4T           599 790
QSO: 14000 RY 2023-11-12 1034 DG1FN         599 138    EI6LA         599 469
QSO: 14000 RY 2023-11-12 1036 DG1FN         599 139    SP2MKI        599 328
QSO: 14000 RY 2023-11-12 1039 DG1FN         599 140    PA7LV         599 340
QSO: 14000 RY 2023-11-12 1051 DG1FN         599 141    EA2DR         599 278
QSO: 14000 RY 2023-11-12 1053 DG1FN         599 142    YU5R          599 1410
QSO: 14000 RY 2023-11-12 1055 DG1FN         599 143    SP8BRT        599 250
QSO: 14000 RY 2023-11-12 1104 DG1FN         599 144    SQ6ILH        599 033
QSO: 14000 RY 2023-11-12 1108 DG1FN         599 145    SP2R          599 761
QSO: 14000 RY 2023-11-12 1120 DG1FN         599 146    PA2IP         599 232
QSO: 14000 RY 2023-11-12 1124 DG1FN         599 147    DK1FW         599 353
QSO: 14000 RY 2023-11-12 1125 DG1FN         599 148    UY5ZZ         599 421
QSO: 14000 RY 2023-11-12 1128 DG1FN         599 149    DR1E          599 992
QSO: 14000 RY 2023-11-12 1136 DG1FN         599 150    IU3QEU        599 225
QSO: 14000 RY 2023-11-12 1137 DG1FN         599 151    G0OOD         599 220
QSO: 14000 RY 2023-11-12 1139 DG1FN         599 152    HB0DX         599 1226
QSO: 14000 RY 2023-11-12 1144 DG1FN         599 153    PA3GNU        599 708
QSO: 14000 RY 2023-11-12 1146 DG1FN         599 154    DL2OE         599 583
QSO: 14000 RY 2023-11-12 1149 DG1FN         599 155    E77EA         599 471
QSO: 14000 RY 2023-11-12 1150 DG1FN         599 156    K3MM          599 1270
QSO: 14000 RY 2023-11-12 1152 DG1FN         599 157    SN7Q          599 1512
QSO: 14000 RY 2023-11-12 1156 DG1FN         599 158    EI3GC         599 131
QSO: 21000 RY 2023-11-12 1211 DG1FN         599 159    W3FIZ         599 454
QSO: 21000 RY 2023-11-12 1218 DG1FN         599 160    YL2LW         599 058
QSO: 21000 RY 2023-11-12 1219 DG1FN         599 161    EA5GX         599
QSO: 21000 RY 2023-11-12 1220 DG1FN         599 162    Z35T          599 866
QSO: 21000 RY 2023-11-12 1222 DG1FN         599 163    YO4NF         599 1106
QSO: 21000 RY 2023-11-12 1224 DG1FN         599 164    TA7OYG        599 695
QSO: 21000 RY 2023-11-12 1227 DG1FN         599 165    EI6IKB        599 560
QSO: 21000 RY 2023-11-12 1238 DG1FN         599 166    UC8U          599 950
QSO: 21000 RY 2023-11-12 1241 DG1FN         599 167    TF3AO         599 233
QSO: 21000 RY 2023-11-12 1242 DG1FN         599 168    EC6DX         599 032
QSO: 21000 RY 2023-11-12 1256 DG1FN         599 169    N3QE          599 601
QSO: 21000 RY 2023-11-12 1257 DG1FN         599 170    K2NV          599 316
QSO: 21000 RY 2023-11-12 1259 DG1FN         599 171    VE3MZD        599 034
QSO: 28000 RY 2023-11-12 1326 DG1FN         599 172    UA6AA         599 159
QSO: 28000 RY 2023-11-12 1334 DG1FN         599 173    P33W          599 1844
QSO: 28000 RY 2023-11-12 1344 DG1FN         599 174    KI6DY         599 386
QSO: 28000 RY 2023-11-12 1346 DG1FN         599 175    UR5MW         599 2290
QSO: 28000 RY 2023-11-12 1353 DG1FN         599 176    OG66X         599 1612
QSO: 28000 RY 2023-11-12 1405 DG1FN         599 177    UX9Q          599 090
QSO: 28000 RY 2023-11-12 1406 DG1FN         599 178    OG100AA       599 811
QSO: 28000 RY 2023-11-12 1409 DG1FN         599 179    UA4CC         599 147
QSO: 28000 RY 2023-11-12 1413 DG1FN         599 180    SN7P          599 1694
QSO: 28000 RY 2023-11-12 1424 DG1FN         599 181    K3MM          599 1402
QSO: 28000 RY 2023-11-12 1431 DG1FN         599 182    K2NV          599 394
QSO: 28000 RY 2023-11-12 1435 DG1FN         599 183    W4RN          599 444
QSO: 28000 RY 2023-11-12 1441 DG1FN         599 184    NX8G          599 284
QSO: 28000 RY 2023-11-12 1449 DG1FN         599 185    W1ARY         599 036
QSO: 28000 RY 2023-11-12 1452 DG1FN         599 186    AE1P          599 736
QSO: 28000 RY 2023-11-12 1453 DG1FN         599 187    K0AP          599 175
QSO: 28000 RY 2023-11-12 1457 DG1FN         599 188    PY2KJ         599 480
QSO:  7000 RY 2023-11-12 1536 DG1FN         599 189    DJ8VH         599 024
QSO:  7000 RY 2023-11-12 1536 DG1FN         599 190    DK1RF         599 240
QSO:  7000 RY 2023-11-12 1543 DG1FN         599 191    PA0GRU        599 064
QSO:  7000 RY 2023-11-12 1546 DG1FN         599 192    SB7A          599 317
QSO:  7000 RY 2023-11-12 1548 DG1FN         599 193    HG1G          599 1021
QSO:  7000 RY 2023-11-12 1549 DG1FN         599 194    DK2BK         599 206
QSO:  7000 RY 2023-11-12 1552 DG1FN         599 195    DJ4WT         599 449
QSO:  7000 RY 2023-11-12 1552 DG1FN         599 196    DK6AC         599 397
QSO:  7000 RY 2023-11-12 1554 DG1FN         599 197    DL7CX         599 021
QSO:  7000 RY 2023-11-12 1556 DG1FN         599 198    DK0IU         599 619
QSO:  7000 RY 2023-11-12 1557 DG1FN         599 199    DL8PA         599 346
QSO: 14000 RY 2023-11-12 1601 DG1FN         599 200    Z35T          599 1004
QSO: 14000 RY 2023-11-12 1609 DG1FN         599 201    LZ8A          599 774
QSO: 14000 RY 2023-11-12 1610 DG1FN         599 202    UR5MW         599 2434
END-OF-LOG:
