START-OF-LOG: 3.0
CREATED-BY: vhfmanager-downloader
CONTEST: ZRS junijsko UKV tekmovanje - Official results - VHFManager
CALLSIGN: DL3LAR
CATEGORY: 2,3 GHz - checklog
CATEGORY-OPERATOR: SINGLE-OP
CATEGORY-ASSISTED: NON-ASSISTED
CATEGORY-TRANSMITTER: ONE
CATEGORY-STATION: FIXED
QSO: 3000000 PH 2024-06-01 1435 DL3LAR        59  1 JO52GE   DF0MU         59  1 JO32PC  
QSO: 3000000 PH 2024-06-01 1505 DL3LAR        59  2 JO52GE   DL4M          59  6 JO31QX  
QSO: 3000000 PH 2024-06-01 1517 DL3LAR        59  3 JO52GE   DH4EAK        59  1 JO42LH  
QSO: 3000000 PH 2024-06-01 1530 DL3LAR        59  4 JO52GE   DL0NF         59  1 JN59PL  
QSO: 3000000 PH 2024-06-01 1534 DL3LAR        59  5 JO52GE   DK0NA         59  17 JO50TI 
QSO: 3000000 PH 2024-06-01 1543 DL3LAR        59  6 JO52GE   DL6ZXG        59  1 JO51KU  
QSO: 3000000 PH 2024-06-01 1558 DL3LAR        59  7 JO52GE   DC7BQ         59  3 JO42JF  
QSO: 3000000 PH 2024-06-01 1608 DL3LAR        59  8 JO52GE   DK0PU         59  7 JO31JN  
QSO: 3000000 PH 2024-06-01 1620 DL3LAR        59  9 JO52GE   DG5BRE        59  6 JO62VM  
QSO: 3000000 PH 2024-06-01 1635 DL3LAR        599 10 JO52GE  OM3KII        599 19 JN88UU 
QSO: 3000000 PH 2024-06-01 1639 DL3LAR        59  11 JO52GE  DM5D          59  15 JO61OC 
QSO: 3000000 PH 2024-06-01 1655 DL3LAR        599 12 JO52GE  G3XDY         599 2 JO02OB  
QSO: 3000000 PH 2024-06-01 1704 DL3LAR        59  13 JO52GE  DL1HSF        59  6 JO61FR  
QSO: 3000000 PH 2024-06-01 1731 DL3LAR        599 14 JO52GE  DG2SER        599 4 JN58OH  
QSO: 3000000 PH 2024-06-01 1832 DL3LAR        599 15 JO52GE  DK5EZ         599 10 JO31NH 
QSO: 3000000 PH 2024-06-01 1842 DL3LAR        599 16 JO52GE  ON4CJQ/P      599 6 JO20KW  
QSO: 3000000 PH 2024-06-01 1931 DL3LAR        59  17 JO52GE  DJ6OL         59  1 JO52AP  
QSO: 3000000 PH 2024-06-01 1937 DL3LAR        59  18 JO52GE  DL6ABC        55  5 JO62OM  
QSO: 3000000 PH 2024-06-01 2042 DL3LAR        59  19 JO52GE  DD5DX         59  6 JO61CA  
QSO: 3000000 PH 2024-06-02 0639 DL3LAR        59  20 JO52GE  DL6CGN        59  1 JO51KW  
QSO: 3000000 PH 2024-06-02 0731 DL3LAR        59  21 JO52GE  DJ3AK         59  3 JO52GJ  
QSO: 3000000 PH 2024-06-02 0803 DL3LAR        59  22 JO52GE  DK9TF         59  17 JO31NF 
QSO: 3000000 PH 2024-06-02 0826 DL3LAR        599 23 JO52GE  DL1SUZ        599 14 JO53UN 
QSO: 3000000 PH 2024-06-02 0848 DL3LAR        59  24 JO52GE  DG0PF         59  4 JO50LQ  
QSO: 3000000 PH 2024-06-02 0942 DL3LAR        599 25 JO52GE  DL6SH         599 8 JN48SW  
QSO: 3000000 PH 2024-06-02 0945 DL3LAR        59  26 JO52GE  DC8RI         59  14 JN68JQ 
QSO: 3000000 PH 2024-06-02 1055 DL3LAR        599 27 JO52GE  OM6A          599 34 JN99JC 
QSO: 3000000 PH 2024-06-02 1117 DL3LAR        59  28 JO52GE  DN5PW         59  1 JO50LQ  
QSO: 3000000 PH 2024-06-02 1127 DL3LAR        59  29 JO52GE  DD8DW         59  5 JO31WO  
QSO: 3000000 PH 2024-06-02 1207 DL3LAR        599 30 JO52GE  OK2C          599 24 JN99AJ 
END-OF-LOG:
