START-OF-LOG: 3.0
CREATED-BY: Win-Test 4.14.0
CONTEST: CQ-WPX-SSB
LOCATION: DX
CALLSIGN: DA2A
CATEGORY-OPERATOR: SINGLE-OP
CATEGORY-TRANSMITTER: ONE
CATEGORY-ASSISTED: NON-ASSISTED
CATEGORY-BAND: 15M
CATEGORY-POWER: HIGH
CATEGORY-MODE: SSB
CATEGORY-STATION: FIXED
CLAIMED-SCORE: 45584
OPERATORS:
CLUB: Rhein Ruhr DX Association
NAME: Nicolas Exner
SOAPBOX:
QSO: 21172 PH 2015-03-29 0846 DA2A          59  0001   UA6GF         59  262
QSO: 21172 PH 2015-03-29 0850 DA2A          59  0002   CN2AA         59  3091
QSO: 21172 PH 2015-03-29 0851 DA2A          59  0003   UA4SJO        59  368
QSO: 21172 PH 2015-03-29 0856 DA2A          59  0004   TA0ATA        59  081
QSO: 21172 PH 2015-03-29 0900 DA2A          59  0005   DJ6DO         59  168
QSO: 21172 PH 2015-03-29 0901 DA2A          59  0006   4K6FO         59  995
QSO: 21172 PH 2015-03-29 0901 DA2A          59  0007   EE7Y          59  1341
QSO: 21172 PH 2015-03-29 0903 DA2A          59  0008   SV1KYC        59  235
QSO: 21172 PH 2015-03-29 0904 DA2A          59  0009   UA4ASE/6      59  034
QSO: 21172 PH 2015-03-29 0905 DA2A          59  0010   4X7R          59  1681
QSO: 21172 PH 2015-03-29 0907 DA2A          59  0011   TC2MK         59  1397
QSO: 21172 PH 2015-03-29 0913 DA2A          59  0012   UW5ZM         59  1490
QSO: 21172 PH 2015-03-29 0915 DA2A          59  0013   RC9A          59  582
QSO: 21172 PH 2015-03-29 0916 DA2A          59  0014   UT0LK         59  231
QSO: 21172 PH 2015-03-29 0917 DA2A          59  0015   RD0W          59  861
QSO: 21172 PH 2015-03-29 0922 DA2A          59  0016   UA9XMC        59  377
QSO: 21172 PH 2015-03-29 0923 DA2A          59  0017   LZ2XF         59  439
QSO: 21172 PH 2015-03-29 0925 DA2A          59  0018   UR6EA         59  1253
QSO: 21172 PH 2015-03-29 0925 DA2A          59  0019   EC5EA         59  199
QSO: 21172 PH 2015-03-29 0928 DA2A          59  0020   RA9XSL        59  169
QSO: 21172 PH 2015-03-29 0929 DA2A          59  0021   UW5Y          59  1548
QSO: 21172 PH 2015-03-29 0930 DA2A          59  0022   RC4HT         59  181
QSO: 21172 PH 2015-03-29 0931 DA2A          59  0023   RA9UGU        59  405
QSO: 21172 PH 2015-03-29 0932 DA2A          59  0024   IT9EWR        59  961
QSO: 21172 PH 2015-03-29 0933 DA2A          59  0025   DH6DAO        59  272
QSO: 21172 PH 2015-03-29 0935 DA2A          59  0026   JH1FNU        59  589
QSO: 21172 PH 2015-03-29 0936 DA2A          59  0027   UN6LN         59  654
QSO: 21172 PH 2015-03-29 0936 DA2A          59  0028   RD4HD         59  370
QSO: 21172 PH 2015-03-29 0937 DA2A          59  0029   IB9T          59  3638
QSO: 21172 PH 2015-03-29 0937 DA2A          59  0030   LZ2HA         59  761
QSO: 21172 PH 2015-03-29 0937 DA2A          59  0031   II9P          59  2011
QSO: 21172 PH 2015-03-29 0938 DA2A          59  0032   PJ2T          59  2183
QSO: 21172 PH 2015-03-29 0938 DA2A          59  0033   P33W          59  6442
QSO: 21172 PH 2015-03-29 0938 DA2A          59  0034   DP7D          59  612
QSO: 21172 PH 2015-03-29 0939 DA2A          59  0035   RU4HU         59  166
QSO: 21172 PH 2015-03-29 0940 DA2A          59  0036   RC9O          59  2805
QSO: 21172 PH 2015-03-29 0940 DA2A          59  0037   UR5AS         59  2142
QSO: 21286 PH 2015-03-29 1311 DA2A          59  0038   UT3QD         59  411
QSO: 21286 PH 2015-03-29 1311 DA2A          59  0039   NR2C          59  797
QSO: 21286 PH 2015-03-29 1312 DA2A          59  0040   EA5DFV        59  2093
QSO: 21286 PH 2015-03-29 1313 DA2A          59  0041   UA4NC         59  279
QSO: 21286 PH 2015-03-29 1313 DA2A          59  0042   UZ5Q          59  100
QSO: 21286 PH 2015-03-29 1314 DA2A          59  0043   VE9AA         59  1744
QSO: 21286 PH 2015-03-29 1315 DA2A          59  0044   EA1IQM        59  213
QSO: 21286 PH 2015-03-29 1316 DA2A          59  0045   US5QUB        59  364
QSO: 21286 PH 2015-03-29 1316 DA2A          59  0046   ED1B          59  2103
QSO: 21286 PH 2015-03-29 1316 DA2A          59  0047   UA3RJ         59  018
QSO: 21286 PH 2015-03-29 1320 DA2A          59  0048   WW2Y          59  3026
QSO: 21286 PH 2015-03-29 1321 DA2A          59  0049   UN7GBM        59  487
QSO: 21286 PH 2015-03-29 1322 DA2A          59  0050   VU2DED        59  266
QSO: 21286 PH 2015-03-29 1323 DA2A          59  0051   YO4GM         59  322
QSO: 21286 PH 2015-03-29 1324 DA2A          59  0052   UY5TE         59  365
QSO: 21286 PH 2015-03-29 1327 DA2A          59  0053   HS5AC         59  621
QSO: 21286 PH 2015-03-29 1327 DA2A          59  0054   YT5L          59  251
QSO: 21286 PH 2015-03-29 1328 DA2A          59  0055   YO7BEM        59  057
QSO: 21286 PH 2015-03-29 1330 DA2A          59  0056   YB2DX         59  1505
QSO: 21286 PH 2015-03-29 1331 DA2A          59  0057   YB0NSI        59  147
QSO: 21286 PH 2015-03-29 1332 DA2A          59  0058   LZ1OJ         59  094
QSO: 21286 PH 2015-03-29 1332 DA2A          59  0059   UX1VX         59  169
QSO: 21286 PH 2015-03-29 1334 DA2A          59  0060   YO4RDW        59  819
QSO: 21286 PH 2015-03-29 1336 DA2A          59  0061   UT3IA         59  067
QSO: 21286 PH 2015-03-29 1337 DA2A          59  0062   R3BM          59  2029
QSO: 21286 PH 2015-03-29 1337 DA2A          59  0063   LZ1KPP        59  454
QSO: 21286 PH 2015-03-29 1337 DA2A          59  0064   RT2T          59  370
QSO: 21286 PH 2015-03-29 1338 DA2A          59  0065   VK4OH         59  351
QSO: 21286 PH 2015-03-29 1339 DA2A          59  0066   RM3DA         59  956
QSO: 21286 PH 2015-03-29 1339 DA2A          59  0067   K6ND          59  2846
QSO: 21286 PH 2015-03-29 1340 DA2A          59  0068   US5ZCW        59  338
QSO: 21286 PH 2015-03-29 1340 DA2A          59  0069   IZ8EPX        59  2482
QSO: 21286 PH 2015-03-29 1340 DA2A          59  0070   RT5Z          59  1625
QSO: 21286 PH 2015-03-29 1340 DA2A          59  0071   LZ9W          59  1503
QSO: 21286 PH 2015-03-29 1341 DA2A          59  0072   BD7LMD        59  774
QSO: 21286 PH 2015-03-29 1341 DA2A          59  0073   IR8W          59  103
QSO: 21286 PH 2015-03-29 1342 DA2A          59  0074   D4C           59  3394
QSO: 21286 PH 2015-03-29 1342 DA2A          59  0075   UN4PG         59  787
QSO: 21286 PH 2015-03-29 1343 DA2A          59  0076   IT9JRU        59  016
QSO: 21286 PH 2015-03-29 1344 DA2A          59  0077   UA4ATB        59  973
QSO: 21286 PH 2015-03-29 1344 DA2A          59  0078   RA3NC         59  587
QSO: 21286 PH 2015-03-29 1347 DA2A          59  0079   WU3A          59  2177
QSO: 21286 PH 2015-03-29 1348 DA2A          59  0080   R7AB          59  2051
QSO: 21286 PH 2015-03-29 1348 DA2A          59  0081   K5LLA         59  1167
QSO: 21286 PH 2015-03-29 1348 DA2A          59  0082   VE9MY         59  477
QSO: 21286 PH 2015-03-29 1349 DA2A          59  0083   DA3X          59  1979
QSO: 21286 PH 2015-03-29 1349 DA2A          59  0084   UA2F          59  3285
QSO: 21286 PH 2015-03-29 1350 DA2A          59  0085   KE5RS         59  085
QSO: 21286 PH 2015-03-29 1350 DA2A          59  0086   EA3NY         59  1710
QSO: 21286 PH 2015-03-29 1351 DA2A          59  0087   W8HPJ         59  213
QSO: 21286 PH 2015-03-29 1352 DA2A          59  0088   N2JF          59  113
QSO: 21286 PH 2015-03-29 1353 DA2A          59  0089   WA2VYA        59  015
QSO: 21286 PH 2015-03-29 1353 DA2A          59  0090   DR5N          59  1025
QSO: 21286 PH 2015-03-29 1354 DA2A          59  0091   OX3XR         59  076
QSO: 21286 PH 2015-03-29 1354 DA2A          59  0092   VE9ML         59  258
QSO: 21286 PH 2015-03-29 1355 DA2A          59  0093   FM5AN         59  082
QSO: 21286 PH 2015-03-29 1355 DA2A          59  0094   YV8AD         59  370
QSO: 21286 PH 2015-03-29 1356 DA2A          59  0095   KS1J          59  982
QSO: 21286 PH 2015-03-29 1356 DA2A          59  0096   EA4AK         59  130
QSO: 21286 PH 2015-03-29 1358 DA2A          59  0097   EF8U          59  707
QSO: 21286 PH 2015-03-29 1359 DA2A          59  0098   K4RUM         59  114
QSO: 21286 PH 2015-03-29 1359 DA2A          59  0099   DL1T          59  973
QSO: 21286 PH 2015-03-29 1400 DA2A          59  0100   NE1C          59  976
QSO: 21286 PH 2015-03-29 1401 DA2A          59  0101   UR6IJ         59  561
QSO: 21286 PH 2015-03-29 1402 DA2A          59  0102   RX3VF         59  262
QSO: 21286 PH 2015-03-29 1402 DA2A          59  0103   N5XJ          59  022
QSO: 21286 PH 2015-03-29 1403 DA2A          59  0104   AD4Z          59  1467
QSO: 21286 PH 2015-03-29 1403 DA2A          59  0105   DQ8N          59  1745
QSO: 21286 PH 2015-03-29 1403 DA2A          59  0106   UW5Q          59  1945
QSO: 21286 PH 2015-03-29 1404 DA2A          59  0107   OM7M          59  3867
QSO: 21286 PH 2015-03-29 1404 DA2A          59  0108   NA8V          59  1144
QSO: 21286 PH 2015-03-29 1405 DA2A          59  0109   RT4F          59  3520
QSO: 21286 PH 2015-03-29 1405 DA2A          59  0110   EA3AYK        59  118
QSO: 21286 PH 2015-03-29 1407 DA2A          59  0111   R4WDX         59  1239
QSO: 21286 PH 2015-03-29 1407 DA2A          59  0112   N2GZ          59  676
QSO: 21286 PH 2015-03-29 1409 DA2A          59  0113   OM2VL         59  2245
QSO: 21286 PH 2015-03-29 1410 DA2A          59  0114   HI0UD         59  2280
QSO: 21286 PH 2015-03-29 1412 DA2A          59  0115   EC4AA         59  115
QSO: 21286 PH 2015-03-29 1415 DA2A          59  0116   EA7ESM        59  240
QSO: 21286 PH 2015-03-29 1416 DA2A          59  0117   YO4US         59  443
QSO: 21286 PH 2015-03-29 1419 DA2A          59  0118   EF7T          59  2270
QSO: 21286 PH 2015-03-29 1420 DA2A          59  0119   KD4D          59  978
QSO: 21286 PH 2015-03-29 1422 DA2A          59  0120   N5AW          59  450
QSO: 21286 PH 2015-03-29 1422 DA2A          59  0121   LZ1QN         59  127
QSO: 21286 PH 2015-03-29 1423 DA2A          59  0122   SV4FFL        59  160
QSO: 21286 PH 2015-03-29 1424 DA2A          59  0123   DM0Y          59  1477
QSO: 21286 PH 2015-03-29 1425 DA2A          59  0124   ED4A          59  919
QSO: 21286 PH 2015-03-29 1426 DA2A          59  0125   LZ9V          59  579
QSO: 21286 PH 2015-03-29 1427 DA2A          59  0126   UX8IX         59  136
QSO: 21286 PH 2015-03-29 1430 DA2A          59  0127   RA4DR         59  124
QSO: 21286 PH 2015-03-29 1431 DA2A          59  0128   N5ZKK         59  120
QSO: 21286 PH 2015-03-29 1432 DA2A          59  0129   DM9K          59  1199
QSO: 21286 PH 2015-03-29 1433 DA2A          59  0130   ES5Q          59  1633
QSO: 21286 PH 2015-03-29 1433 DA2A          59  0131   CT1EAV        59  769
QSO: 21286 PH 2015-03-29 1435 DA2A          59  0132   R7MM          59  1263
QSO: 21286 PH 2015-03-29 1436 DA2A          59  0133   RW4CBU        59  093
QSO: 21286 PH 2015-03-29 1437 DA2A          59  0134   PQ5B          59  3961
QSO: 21286 PH 2015-03-29 1439 DA2A          59  0135   SV7BVM        59  145
QSO: 21286 PH 2015-03-29 1439 DA2A          59  0136   LZ1KFM        59  397
QSO: 21286 PH 2015-03-29 1440 DA2A          59  0137   OT5A          59  1098
QSO: 21286 PH 2015-03-29 1441 DA2A          59  0138   SV8CRI        59  257
QSO: 21286 PH 2015-03-29 1441 DA2A          59  0139   RW4WA         59  1506
QSO: 21286 PH 2015-03-29 1441 DA2A          59  0140   EA5WP         59  670
QSO: 21286 PH 2015-03-29 1441 DA2A          59  0141   CT7ABP        59  056
QSO: 21286 PH 2015-03-29 1443 DA2A          59  0142   W1DX          59  316
QSO: 21286 PH 2015-03-29 1443 DA2A          59  0143   EA1CIU        59  444
QSO: 21286 PH 2015-03-29 1443 DA2A          59  0144   EC1DBO        59  1806
QSO: 21286 PH 2015-03-29 1444 DA2A          59  0145   UW1M          59  3238
QSO: 21286 PH 2015-03-29 1445 DA2A          59  0146   OZ1ACB        59  521
QSO: 21286 PH 2015-03-29 1446 DA2A          59  0147   N1MD          59  402
QSO: 21286 PH 2015-03-29 1446 DA2A          59  0148   DR2W          59  1969
QSO: 21286 PH 2015-03-29 1447 DA2A          59  0149   W5PUF         59  412
QSO: 21286 PH 2015-03-29 1447 DA2A          59  0150   WJ2D          59  702
QSO: 21286 PH 2015-03-29 1448 DA2A          59  0151   HG3X          59  2106
QSO: 21286 PH 2015-03-29 1449 DA2A          59  0152   9K2HN         59  1952
QSO: 21286 PH 2015-03-29 1449 DA2A          59  0153   RK8T          59  1844
QSO: 21286 PH 2015-03-29 1450 DA2A          59  0154   HF1T          59  1865
QSO: 21286 PH 2015-03-29 1450 DA2A          59  0155   NK3Y          59  811
QSO: 21286 PH 2015-03-29 1451 DA2A          59  0156   UZ4I          59  1518
QSO: 21286 PH 2015-03-29 1451 DA2A          59  0157   DJ9MH         59  286
QSO: 21286 PH 2015-03-29 1452 DA2A          59  0158   5Q1A          59  512
QSO: 21286 PH 2015-03-29 1452 DA2A          59  0159   CO6LC         59  1233
QSO: 21286 PH 2015-03-29 1452 DA2A          59  0160   5E5E          59  3365
QSO: 21286 PH 2015-03-29 1453 DA2A          59  0161   OL7M          59  2132
QSO: 21286 PH 2015-03-29 1453 DA2A          59  0162   RW4W          59  1584
QSO: 21286 PH 2015-03-29 1454 DA2A          59  0163   SQ2A          59  1925
QSO: 21286 PH 2015-03-29 1454 DA2A          59  0164   RM4I          59  2306
QSO: 21286 PH 2015-03-29 1455 DA2A          59  0165   NN3U          59  783
QSO: 21286 PH 2015-03-29 1456 DA2A          59  0166   SZ3P          59  2372
QSO: 21286 PH 2015-03-29 1456 DA2A          59  0167   PI4DX         59  1702
QSO: 21286 PH 2015-03-29 1456 DA2A          59  0168   S51A          59  974
QSO: 21286 PH 2015-03-29 1457 DA2A          59  0169   9A8M          59  3609
QSO: 21286 PH 2015-03-29 1458 DA2A          59  0170   UA6HLN        59  190
QSO: 21286 PH 2015-03-29 1459 DA2A          59  0171   UN7MMM        59  128
QSO: 21286 PH 2015-03-29 1459 DA2A          59  0172   SK3W          59  1059
QSO: 21286 PH 2015-03-29 1459 DA2A          59  0173   9A7A          59  4283
QSO: 21286 PH 2015-03-29 1500 DA2A          59  0174   DL1EST        59  095
QSO: 21286 PH 2015-03-29 1501 DA2A          59  0175   DF2F          59  1331
QSO: 21286 PH 2015-03-29 1503 DA2A          59  0176   DD1MAT        59  1175
QSO: 21286 PH 2015-03-29 1504 DA2A          59  0177   F4GGQ         59  786
QSO: 21287 PH 2015-03-29 1508 DA2A          59  0178   IQ3BM         59  844
QSO: 21287 PH 2015-03-29 1510 DA2A          59  0179   W1MD          59  451
QSO: 21287 PH 2015-03-29 1511 DA2A          59  0180   FM5FJ         59  322
QSO: 21287 PH 2015-03-29 1512 DA2A          59  0181   DO3RWR        59  038
QSO: 21287 PH 2015-03-29 1515 DA2A          59  0182   DJ5AN         59  1529
END-OF-LOG:
