START-OF-LOG: 3.0
ARRL-SECTION:
CALLSIGN: US4LPY
CATEGORY-BAND: ALL
CATEGORY-POWER: LOW
CATEGORY-OVERLAY: TB-WIRES
CLAIMED-SCORE: 1463808
CLUB:
CREATED-BY: MixW 3.0.1
NAME: Valery Turjanskij
OPERATORS: US4LPY
CATEGORY-OPERATOR: SINGLE-OP
CATEGORY-TRANSMITTER: ONE
CATEGORY-ASSISTED: NON-ASSISTED
CATEGORY-STATION: FIXED
CONTEST: CQ-WPX-RTTY
QSO:  7060 RY 2012-02-11 0001 US4LPY        599 001    W4PK          599 001    0
QSO:  7059 RY 2012-02-11 0003 US4LPY        599 002    SZ1A          599 003    0
QSO:  7062 RY 2012-02-11 0009 US4LPY        599 003    WE4M          599 013    0
QSO:  7049 RY 2012-02-11 0014 US4LPY        599 004    OM7AG         599 004    0
QSO:  7050 RY 2012-02-11 0016 US4LPY        599 005    K4GMH         599 024    0
QSO:  7050 RY 2012-02-11 0018 US4LPY        599 006    RT3P          599 016    0
QSO:  7053 RY 2012-02-11 0023 US4LPY        599 007    EA4GB         599 009    0
QSO:  7053 RY 2012-02-11 0024 US4LPY        599 008    IV3AZV        599 008    0
QSO:  7053 RY 2012-02-11 0025 US4LPY        599 009    S56A          599 012    0
QSO:  7053 RY 2012-02-11 0026 US4LPY        599 010    S51NM         599 013    0
QSO:  7053 RY 2012-02-11 0027 US4LPY        599 011    GW4SKA        599 019    0
QSO:  7053 RY 2012-02-11 0029 US4LPY        599 012    5C5W          599 041    0
QSO:  7054 RY 2012-02-11 0030 US4LPY        599 013    F6IIT         599 019    0
QSO:  7055 RY 2012-02-11 0032 US4LPY        599 014    S52OP         599 033    0
QSO:  7057 RY 2012-02-11 0033 US4LPY        599 015    HF3A          599 027    0
QSO:  7059 RY 2012-02-11 0035 US4LPY        599 016    OM5ZW         599 025    0
QSO:  7061 RY 2012-02-11 0036 US4LPY        599 017    K1LZ          599 028    0
QSO:  7061 RY 2012-02-11 0037 US4LPY        599 018    DD9WG         599 007    0
QSO:  7062 RY 2012-02-11 0038 US4LPY        599 019    SP3VSE        599 027    0
QSO:  7062 RY 2012-02-11 0039 US4LPY        599 020    EA5FDM        599 008    0
QSO:  7063 RY 2012-02-11 0041 US4LPY        599 021    KU1T          599 028    0
QSO:  7064 RY 2012-02-11 0042 US4LPY        599 022    S55W          599 016    0
QSO:  7066 RY 2012-02-11 0044 US4LPY        599 023    K3WW          599 012    0
QSO:  7067 RY 2012-02-11 0045 US4LPY        599 024    Z36W          599 030    0
QSO:  7067 RY 2012-02-11 0046 US4LPY        599 025    UN7TDB        599 006    0
QSO:  7068 RY 2012-02-11 0048 US4LPY        599 026    DL1DVE        599 023    0
QSO:  7068 RY 2012-02-11 0048 US4LPY        599 027    GM1BSG        599 020    0
QSO:  7068 RY 2012-02-11 0049 US4LPY        599 028    IZ5PNL        599 010    0
QSO:  7068 RY 2012-02-11 0050 US4LPY        599 029    DK7GH         599 013    0
QSO:  7068 RY 2012-02-11 0052 US4LPY        599 030    DF5EM         599 008    0
QSO:  7068 RY 2012-02-11 0053 US4LPY        599 031    IS0LFZ        599 020    0
QSO:  7068 RY 2012-02-11 0053 US4LPY        599 032    DL8LR         599 008    0
QSO:  7068 RY 2012-02-11 0055 US4LPY        599 033    DB2KT         599 021    0
QSO:  7068 RY 2012-02-11 0056 US4LPY        599 034    PD2JAM        599 025    0
QSO:  7068 RY 2012-02-11 0056 US4LPY        599 035    DL6NWA        599 014    0
QSO:  7032 RY 2012-02-11 0101 US4LPY        599 036    EA1EA         599 033    0
QSO:  7034 RY 2012-02-11 0103 US4LPY        599 037    P49X          599 089    0
QSO:  7041 RY 2012-02-11 0106 US4LPY        599 038    OM2VL         599 064    0
QSO:  7042 RY 2012-02-11 0107 US4LPY        599 039    S50A          599 082    0
QSO:  7043 RY 2012-02-11 0107 US4LPY        599 040    DF7ZS         599 057    0
QSO:  7043 RY 2012-02-11 0111 US4LPY        599 041    OO4B          599 009    0
QSO:  7045 RY 2012-02-11 0114 US4LPY        599 042    IT9HBT        599 025    0
QSO:  3568 RY 2012-02-11 0123 US4LPY        599 043    RW0A          599 042    0
QSO:  3568 RY 2012-02-11 0124 US4LPY        599 044    UR4U          599 053    0
QSO:  3568 RY 2012-02-11 0125 US4LPY        599 045    UZ2HZ         599 078    0
QSO:  3568 RY 2012-02-11 0126 US4LPY        599 046    RQ3M          599 054    0
QSO:  3568 RY 2012-02-11 0126 US4LPY        599 047    OZ4VW         599 026    0
QSO:  3568 RY 2012-02-11 0128 US4LPY        599 048    DJ6QT         599 080    0
QSO:  3568 RY 2012-02-11 0129 US4LPY        599 049    S53F          599 073    0
QSO:  3568 RY 2012-02-11 0131 US4LPY        599 050    UX1UX         599 054    0
QSO:  3568 RY 2012-02-11 0131 US4LPY        599 051    US6CQ         599 068    0
QSO:  3568 RY 2012-02-11 0133 US4LPY        599 052    EW8DZ         599 039    0
QSO:  3568 RY 2012-02-11 0134 US4LPY        599 053    OM3KWZ        599 051    0
QSO:  3568 RY 2012-02-11 0135 US4LPY        599 054    SP6TRX        599 023    0
QSO:  3568 RY 2012-02-11 0136 US4LPY        599 055    ON4VMA        599 041    0
QSO:  3569 RY 2012-02-11 0137 US4LPY        599 056    HG1G          599 072    0
QSO:  3568 RY 2012-02-11 0138 US4LPY        599 057    HA0MS         599 062    0
QSO:  3569 RY 2012-02-11 0139 US4LPY        599 058    DH0GHU        599 057    0
QSO:  3569 RY 2012-02-11 0140 US4LPY        599 059    RK4S          599 012    0
QSO:  3570 RY 2012-02-11 0142 US4LPY        599 060    RD3A          599 129    0
QSO:  3572 RY 2012-02-11 0144 US4LPY        599 061    SP5ECC        599 049    0
QSO:  3573 RY 2012-02-11 0145 US4LPY        599 062    MM0GPZ        599 069    0
QSO:  3573 RY 2012-02-11 0146 US4LPY        599 063    YT0Z          599 084    0
QSO:  3574 RY 2012-02-11 0147 US4LPY        599 064    DL0CS         599 094    0
QSO:  3576 RY 2012-02-11 0148 US4LPY        599 065    IK3PQG        599 054    0
QSO:  3576 RY 2012-02-11 0149 US4LPY        599 066    RX1CQ         599 058    0
QSO:  3578 RY 2012-02-11 0150 US4LPY        599 067    DL5AXX        599 151    0
QSO:  3580 RY 2012-02-11 0152 US4LPY        599 068    OH7UE         599 108    0
QSO:  3581 RY 2012-02-11 0153 US4LPY        599 069    DH6BH         599 070    0
QSO:  3581 RY 2012-02-11 0154 US4LPY        599 070    EW8OG         599 046    0
QSO:  3582 RY 2012-02-11 0155 US4LPY        599 071    HA8BE         599 090    0
QSO:  3583 RY 2012-02-11 0155 US4LPY        599 072    EU6AF         599 080    0
QSO:  3584 RY 2012-02-11 0156 US4LPY        599 073    EO3Q          599 101    0
QSO:  3583 RY 2012-02-11 0156 US4LPY        599 074    R9DX          599 153    0
QSO:  3584 RY 2012-02-11 0158 US4LPY        599 075    LY6A          599 110    0
QSO:  3585 RY 2012-02-11 0158 US4LPY        599 076    RT3P          599 101    0
QSO:  3587 RY 2012-02-11 0202 US4LPY        599 077    UT2IW         599 035    0
QSO:  3588 RY 2012-02-11 0203 US4LPY        599 078    UW8I          599 169    0
QSO:  3590 RY 2012-02-11 0204 US4LPY        599 079    OM3KFF        599 106    0
QSO:  3590 RY 2012-02-11 0205 US4LPY        599 080    UT8IT         599 047    0
QSO:  3596 RY 2012-02-11 0206 US4LPY        599 081    R6DX          599 062    0
QSO:  3596 RY 2012-02-11 0207 US4LPY        599 082    UA3PT         599 051    0
QSO:  3597 RY 2012-02-11 0208 US4LPY        599 083    HA3LI         599 094    0
QSO:  3597 RY 2012-02-11 0209 US4LPY        599 084    ZC4LI         599 049    0
QSO:  3598 RY 2012-02-11 0209 US4LPY        599 085    UW7F          599 091    0
QSO:  3599 RY 2012-02-11 0210 US4LPY        599 086    IZ0KBR        599 129    0
QSO:  3599 RY 2012-02-11 0210 US4LPY        599 087    UZ2M          599 176    0
QSO:  3602 RY 2012-02-11 0212 US4LPY        599 088    UT5KO         599 099    0
QSO:  3601 RY 2012-02-11 0213 US4LPY        599 089    DD2ML         599 107    0
QSO:  3603 RY 2012-02-11 0215 US4LPY        599 090    DL1ARJ        599 056    0
QSO:  3603 RY 2012-02-11 0216 US4LPY        599 091    OH2HAN        599 091    0
QSO:  3603 RY 2012-02-11 0217 US4LPY        599 092    LY9Y          599 075    0
QSO:  3603 RY 2012-02-11 0218 US4LPY        599 093    UY7MM         599 097    0
QSO:  3603 RY 2012-02-11 0218 US4LPY        599 094    R7MM          599 094    0
QSO:  3603 RY 2012-02-11 0219 US4LPY        599 095    SN2B          599 094    0
QSO:  3603 RY 2012-02-11 0220 US4LPY        599 096    OG8T          599 032    0
QSO:  3603 RY 2012-02-11 0222 US4LPY        599 097    OK2RNB        599 021    0
QSO:  7077 RY 2012-02-11 0224 US4LPY        599 098    OK1DEZ        599 027    0
QSO:  7077 RY 2012-02-11 0225 US4LPY        599 099    ED2V          599 083    0
QSO:  7077 RY 2012-02-11 0226 US4LPY        599 100    DK1AUP        599 025    0
QSO:  7031 RY 2012-02-11 0234 US4LPY        599 101    DL9YAJ        599 086    0
QSO:  7037 RY 2012-02-11 0237 US4LPY        599 102    IV3RAV        599 152    0
QSO:  7038 RY 2012-02-11 0238 US4LPY        599 103    K6ND          599 104    0
QSO:  7038 RY 2012-02-11 0240 US4LPY        599 104    S51CK         599 099    0
QSO:  7041 RY 2012-02-11 0243 US4LPY        599 105    ED2Y          599 066    0
QSO:  7051 RY 2012-02-11 0246 US4LPY        599 106    9A1A          599 216    0
QSO:  7056 RY 2012-02-11 0247 US4LPY        599 107    OK1HRA        599 003    0
QSO:  7057 RY 2012-02-11 0248 US4LPY        599 108    F/TU5KG       599 149    0
QSO:  7074 RY 2012-02-11 0253 US4LPY        599 109    HA8BT         599 054    0
QSO:  7074 RY 2012-02-11 0254 US4LPY        599 110    EA5HRT        599 050    0
QSO:  7074 RY 2012-02-11 0256 US4LPY        599 111    DJ4MH         599 104    0
QSO:  7074 RY 2012-02-11 0257 US4LPY        599 112    DF3IS         599 022    0
QSO:  3601 RY 2012-02-11 0302 US4LPY        599 113    SP1DND        599 060    0
QSO:  3601 RY 2012-02-11 0303 US4LPY        599 114    DF5WW         599 053    0
QSO:  3601 RY 2012-02-11 0304 US4LPY        599 115    OM7AG         599 092    0
QSO:  3601 RY 2012-02-11 0306 US4LPY        599 116    F4ERS         599 140    0
QSO:  3601 RY 2012-02-11 0307 US4LPY        599 117    OK2BXW        599 144    0
QSO:  3601 RY 2012-02-11 0308 US4LPY        599 118    RD4HD         599 064    0
QSO:  3601 RY 2012-02-11 0311 US4LPY        599 119    SQ2HNA        599 093    0
QSO:  3601 RY 2012-02-11 0312 US4LPY        599 120    S59D          599 058    0
QSO:  3601 RY 2012-02-11 0313 US4LPY        599 121    OK1KAK        599 008    0
QSO:  3568 RY 2012-02-11 0315 US4LPY        599 122    RV3ZN         599 032    0
QSO:  3568 RY 2012-02-11 0316 US4LPY        599 123    DR7B          599 150    0
QSO:  3569 RY 2012-02-11 0317 US4LPY        599 124    UW5U          599 146    0
QSO:  3571 RY 2012-02-11 0318 US4LPY        599 125    OK2SFP        599 152    0
QSO:  3571 RY 2012-02-11 0319 US4LPY        599 126    PA3HCF        599 093    0
QSO:  3573 RY 2012-02-11 0321 US4LPY        599 127    DF7ZS         599 183    0
QSO:  3575 RY 2012-02-11 0322 US4LPY        599 128    SO4M          599 177    0
QSO:  3576 RY 2012-02-11 0326 US4LPY        599 129    LA9DFA        599 007    0
QSO:  3576 RY 2012-02-11 0327 US4LPY        599 130    OK1VRF        599 032    0
QSO:  3576 RY 2012-02-11 0327 US4LPY        599 131    HA1WD         599 088    0
QSO:  3576 RY 2012-02-11 0328 US4LPY        599 132    UU4JO         599 089    0
QSO:  3576 RY 2012-02-11 0329 US4LPY        599 133    YR4D          599 003    0
QSO:  3576 RY 2012-02-11 0330 US4LPY        599 134    OM2DT         599 020    0
QSO:  3579 RY 2012-02-11 0332 US4LPY        599 135    SO8T          599 150    0
QSO:  3584 RY 2012-02-11 0334 US4LPY        599 136    DJ9MH         599 030    0
QSO:  3584 RY 2012-02-11 0335 US4LPY        599 137    YL4U          599 196    0
QSO:  3601 RY 2012-02-11 0337 US4LPY        599 138    HA8V          599 053    0
QSO:  7074 RY 2012-02-11 0340 US4LPY        599 139    PD5T          599 034    0
QSO:  7074 RY 2012-02-11 0341 US4LPY        599 140    IW4EGX        599 091    0
QSO:  7046 RY 2012-02-11 0344 US4LPY        599 141    EA2RCF        599 071    0
QSO:  7047 RY 2012-02-11 0345 US4LPY        599 142    5D5A          599 362    0
QSO:  7053 RY 2012-02-11 0348 US4LPY        599 143    TM3T          599 114    0
QSO:  7053 RY 2012-02-11 0351 US4LPY        599 144    IK2AUK        599 010    0
QSO:  7053 RY 2012-02-11 0353 US4LPY        599 145    OM3R          599 025    0
QSO:  7053 RY 2012-02-11 0354 US4LPY        599 146    UN5C          599 073    0
QSO: 14082 RY 2012-02-11 0357 US4LPY        599 147    6V7S          599 302    0
QSO: 14079 RY 2012-02-11 0401 US4LPY        599 148    LS1D          599 261    0
QSO: 14084 RY 2012-02-11 0408 US4LPY        599 149    LV5V          599 164    0
QSO: 14085 RY 2012-02-11 0410 US4LPY        599 150    LU2VH         599 020    0
QSO: 14085 RY 2012-02-11 0411 US4LPY        599 151    LU4VEW        599 033    0
QSO: 14085 RY 2012-02-11 0412 US4LPY        599 152    US0LW         599 028    0
QSO: 14085 RY 2012-02-11 0413 US4LPY        599 153    LU1XT         599 030    0
QSO: 14085 RY 2012-02-11 0413 US4LPY        599 154    EX8AI         599 031    0
QSO: 14087 RY 2012-02-11 0415 US4LPY        599 155    UN1L          599 119    0
QSO: 14095 RY 2012-02-11 0417 US4LPY        599 156    3G3O          599 048    0
QSO: 14078 RY 2012-02-11 0426 US4LPY        599 157    R9UG          599 040    0
QSO: 14077 RY 2012-02-11 0427 US4LPY        599 158    UC0A          599 071    0
QSO: 14076 RY 2012-02-11 0428 US4LPY        599 159    RV9CP         599 027    0
QSO: 14077 RY 2012-02-11 0429 US4LPY        599 160    RW0A          599 145    0
QSO: 14080 RY 2012-02-11 0430 US4LPY        599 161    UN7CN         599 034    0
QSO: 14090 RY 2012-02-11 0433 US4LPY        599 162    UA9AFS        599 004    0
QSO: 14090 RY 2012-02-11 0435 US4LPY        599 163    RA0WHE        599 018    0
QSO: 14090 RY 2012-02-11 0437 US4LPY        599 164    RU9AZ         599 030    0
QSO: 14090 RY 2012-02-11 0440 US4LPY        599 165    ZV2K          599 080    0
QSO: 14088 RY 2012-02-11 0451 US4LPY        599 166    ST2AR         599 062    0
QSO: 14089 RY 2012-02-11 0454 US4LPY        599 167    RW0AQ         599 163    0
QSO: 14084 RY 2012-02-11 0455 US4LPY        599 168    RT9J          599 192    0
QSO: 14086 RY 2012-02-11 0456 US4LPY        599 169    A65BP         599 248    0
QSO: 14090 RY 2012-02-11 0458 US4LPY        599 170    RX0SA         599 066    0
QSO: 21087 RY 2012-02-11 0511 US4LPY        599 171    UA9OG         599 088    0
QSO: 21094 RY 2012-02-11 0511 US4LPY        599 172    JA6GCE        599 053    0
QSO: 21075 RY 2012-02-11 0514 US4LPY        599 173    UN8P          599 007    0
QSO: 21079 RY 2012-02-11 0517 US4LPY        599 174    ZC4LI         599 183    0
QSO: 21099 RY 2012-02-11 0522 US4LPY        599 175    RW0UU         599 141    0
QSO: 21099 RY 2012-02-11 0523 US4LPY        599 176    JA6DIJ        599 090    0
QSO: 21099 RY 2012-02-11 0526 US4LPY        599 177    JR7IWL        599 048    0
QSO: 21099 RY 2012-02-11 0527 US4LPY        599 178    7N2UQC        599 144    0
QSO: 21099 RY 2012-02-11 0530 US4LPY        599 179    JA8TR         599 121    0
QSO: 21099 RY 2012-02-11 0531 US4LPY        599 180    JH8SIT        599 087    0
QSO: 21099 RY 2012-02-11 0531 US4LPY        599 181    JH4UTP        599 234    0
QSO: 21099 RY 2012-02-11 0534 US4LPY        599 182    JQ1DTT        599 021    0
QSO: 21099 RY 2012-02-11 0536 US4LPY        599 183    JA5FMT        599 054    0
QSO: 21099 RY 2012-02-11 0537 US4LPY        599 184    JA1BJI        599 165    0
QSO: 21099 RY 2012-02-11 0538 US4LPY        599 185    JG1IEF        599 109    0
QSO: 21098 RY 2012-02-11 0539 US4LPY        599 186    BD4QH         599 214    0
QSO: 21099 RY 2012-02-11 0541 US4LPY        599 187    JA1DDZ        599 068    0
QSO: 21099 RY 2012-02-11 0542 US4LPY        599 188    UA0CNX        599 154    0
QSO: 21079 RY 2012-02-11 0547 US4LPY        599 189    JR3RIY        599 085    0
QSO: 21086 RY 2012-02-11 0551 US4LPY        599 190    RW0A          599 175    0
QSO: 21099 RY 2012-02-11 0553 US4LPY        599 191    RA9CUU        599 032    0
QSO: 21099 RY 2012-02-11 0556 US4LPY        599 192    IW8PQ         599 003    0
QSO: 21099 RY 2012-02-11 0559 US4LPY        599 193    BD3CB         599 132    0
QSO: 21100 RY 2012-02-11 0600 US4LPY        599 194    RG8K          599 003    0
QSO: 21099 RY 2012-02-11 0602 US4LPY        599 195    JK3GWT        599 014    0
QSO: 21099 RY 2012-02-11 0604 US4LPY        599 196    JA3MIO/1      599 013    0
QSO: 21099 RY 2012-02-11 0607 US4LPY        599 197    JA1GHR        599 014    0
QSO: 21099 RY 2012-02-11 0608 US4LPY        599 198    JP1QDH        599 118    0
QSO: 21101 RY 2012-02-11 0610 US4LPY        599 199    JF1OPL        599 162    0
QSO: 21102 RY 2012-02-11 0611 US4LPY        599 200    JA1OVD        599 210    0
QSO: 21103 RY 2012-02-11 0612 US4LPY        599 201    JA2FSM        599 159    0
QSO: 21103 RY 2012-02-11 0614 US4LPY        599 202    JH3BYX        599 036    0
QSO: 21103 RY 2012-02-11 0616 US4LPY        599 203    BD2BN         599 041    0
QSO: 21103 RY 2012-02-11 0617 US4LPY        599 204    UA9AL         599 095    0
QSO: 21103 RY 2012-02-11 0617 US4LPY        599 205    UA0SR         599 111    0
QSO: 21103 RY 2012-02-11 0618 US4LPY        599 206    JR4PMX/1      599 019    0
QSO: 21103 RY 2012-02-11 0620 US4LPY        599 207    JA1XIA        599 031    0
QSO: 21103 RY 2012-02-11 0620 US4LPY        599 208    IK7RVY        599 057    0
QSO: 21103 RY 2012-02-11 0621 US4LPY        599 209    JA3IKG        599 090    0
QSO: 21103 RY 2012-02-11 0622 US4LPY        599 210    JA3MIB        599 087    0
QSO: 21103 RY 2012-02-11 0624 US4LPY        599 211    JA1IZ         599 085    0
QSO: 21103 RY 2012-02-11 0626 US4LPY        599 212    IZ0UME        599 006    0
QSO: 21103 RY 2012-02-11 0627 US4LPY        599 213    IV3TMV        599 020    0
QSO: 21103 RY 2012-02-11 0628 US4LPY        599 214    JM2LEI        599 008    0
QSO: 21103 RY 2012-02-11 0628 US4LPY        599 215    JI1CPN        599 029    0
QSO: 21103 RY 2012-02-11 0629 US4LPY        599 216    JA2CUS        599 044    0
QSO: 21103 RY 2012-02-11 0630 US4LPY        599 217    IW3IAU        599 117    0
QSO: 21103 RY 2012-02-11 0631 US4LPY        599 218    7K4VP         599 033    0
QSO: 21106 RY 2012-02-11 0636 US4LPY        599 219    UA0AKY        599 104    0
QSO: 21104 RY 2012-02-11 0639 US4LPY        599 220    7K4QOK        599 152    0
QSO: 21104 RY 2012-02-11 0640 US4LPY        599 221    BD3RQ         599 106    0
QSO: 21104 RY 2012-02-11 0642 US4LPY        599 222    JR2IYX        599 017    0
QSO: 21104 RY 2012-02-11 0644 US4LPY        599 223    UA9AFS        599 084    0
QSO: 21104 RY 2012-02-11 0645 US4LPY        599 224    JR4VEV        599 141    0
QSO: 21104 RY 2012-02-11 0646 US4LPY        599 225    JA1MZM        599 119    0
QSO: 28078 RY 2012-02-11 0702 US4LPY        599 226    UN7TDB        599 099    0
QSO: 28078 RY 2012-02-11 0703 US4LPY        599 227    R9UG          599 065    0
QSO: 28083 RY 2012-02-11 0720 US4LPY        599 228    BA7IO         599 344    0
QSO: 28090 RY 2012-02-11 0723 US4LPY        599 229    RX0AE         599 051    0
QSO: 14071 RY 2012-02-11 0745 US4LPY        599 230    OS4U          599 030    0
QSO: 14071 RY 2012-02-11 0746 US4LPY        599 231    UA9OV         599 001    0
QSO: 14071 RY 2012-02-11 0747 US4LPY        599 232    RK4S          599 222    0
QSO: 14071 RY 2012-02-11 0748 US4LPY        599 233    JA1BJI        599 244    0
QSO: 14071 RY 2012-02-11 0749 US4LPY        599 234    IK2VFR        599 001    0
QSO: 14071 RY 2012-02-11 0750 US4LPY        599 235    PA0LOU        599 008    0
QSO: 14071 RY 2012-02-11 0750 US4LPY        599 236    7S5S          599 074    0
QSO: 14071 RY 2012-02-11 0751 US4LPY        599 237    SP3RBG        599 361    0
QSO: 14071 RY 2012-02-11 0751 US4LPY        599 238    BD6PA         599 111    0
QSO: 14071 RY 2012-02-11 0753 US4LPY        599 239    G6CSY         599 035    0
QSO: 14071 RY 2012-02-11 0756 US4LPY        599 240    IQ2CU         599 013    0
QSO: 14071 RY 2012-02-11 0757 US4LPY        599 241    EA1IR         599 002    0
QSO: 14071 RY 2012-02-11 0758 US4LPY        599 242    SP3DSC        599 040    0
QSO: 14071 RY 2012-02-11 0759 US4LPY        599 243    YU1WS         599 038    0
QSO: 14071 RY 2012-02-11 0801 US4LPY        599 244    PD0WR         599 008    0
QSO: 14071 RY 2012-02-11 0802 US4LPY        599 245    DF6WE         599 033    0
QSO: 14071 RY 2012-02-11 0802 US4LPY        599 246    OM7AG         599 148    0
QSO: 14071 RY 2012-02-11 0803 US4LPY        599 247    IN3EJN        599 039    0
QSO: 14071 RY 2012-02-11 0803 US4LPY        599 248    PA3HCF        599 168    0
QSO: 14071 RY 2012-02-11 0804 US4LPY        599 249    VK3FM         599 059    0
QSO: 14071 RY 2012-02-11 0805 US4LPY        599 250    PD0GK         599 037    0
QSO: 14071 RY 2012-02-11 0806 US4LPY        599 251    DJ5IW         599 057    0
QSO: 14071 RY 2012-02-11 0808 US4LPY        599 252    DH5WB         599 002    0
QSO: 14071 RY 2012-02-11 0809 US4LPY        599 253    OK2PQS        599 043    0
QSO: 14071 RY 2012-02-11 0810 US4LPY        599 254    ON4CAS        599 076    0
QSO: 14071 RY 2012-02-11 0810 US4LPY        599 255    IK6UBY        599 006    0
QSO: 14071 RY 2012-02-11 0811 US4LPY        599 256    PE1FTV        599 001    0
QSO: 14071 RY 2012-02-11 0812 US4LPY        599 257    DJ6TK         599 116    0
QSO: 14071 RY 2012-02-11 0813 US4LPY        599 258    GM3C          599 034    0
QSO: 14071 RY 2012-02-11 0815 US4LPY        599 259    OE3PRU        599 052    0
QSO: 14071 RY 2012-02-11 0815 US4LPY        599 260    YL2IP         599 035    0
QSO: 14071 RY 2012-02-11 0816 US4LPY        599 261    RA1ALC        599 198    0
QSO: 14071 RY 2012-02-11 0816 US4LPY        599 262    SV9BMG        599 219    0
QSO: 14071 RY 2012-02-11 0817 US4LPY        599 263    HG8C          599 103    0
QSO: 14071 RY 2012-02-11 0818 US4LPY        599 264    G3YQA         599 016    0
QSO: 14071 RY 2012-02-11 0819 US4LPY        599 265    IK0UTM        599 035    0
QSO: 14071 RY 2012-02-11 0820 US4LPY        599 266    OZ4VW         599 033    0
QSO: 14071 RY 2012-02-11 0821 US4LPY        599 267    LY2CV         599 025    0
QSO: 14071 RY 2012-02-11 0822 US4LPY        599 268    SP9JQA        599 108    0
QSO: 14071 RY 2012-02-11 0824 US4LPY        599 269    LY6A          599 462    0
QSO: 14071 RY 2012-02-11 0825 US4LPY        599 270    OM3R          599 116    0
QSO: 14071 RY 2012-02-11 0826 US4LPY        599 271    YL2QV         599 086    0
QSO: 14071 RY 2012-02-11 0827 US4LPY        599 272    SQ8LEC        599 045    0
QSO: 14071 RY 2012-02-11 0827 US4LPY        599 273    DL0ER         599 209    0
QSO: 14071 RY 2012-02-11 0828 US4LPY        599 274    PA3CFM        599 064    0
QSO: 14071 RY 2012-02-11 0829 US4LPY        599 275    DL6NDW        599 050    0
QSO: 14071 RY 2012-02-11 0830 US4LPY        599 276    RU4PH         599 115    0
QSO: 14071 RY 2012-02-11 0830 US4LPY        599 277    SP4CJA        599 031    0
QSO: 14071 RY 2012-02-11 0831 US4LPY        599 278    DL9MS         599 003    0
QSO: 14071 RY 2012-02-11 0833 US4LPY        599 279    OK2SWX        599 001    0
QSO: 14071 RY 2012-02-11 0836 US4LPY        599 280    IK7RVY        599 111    0
QSO: 14071 RY 2012-02-11 0837 US4LPY        599 281    SQ8JMC        599 001    0
QSO: 14072 RY 2012-02-11 0839 US4LPY        599 282    HA0RZK        599 006    0
QSO: 14072 RY 2012-02-11 0839 US4LPY        599 283    LY2BUU        599 126    0
QSO: 14072 RY 2012-02-11 0841 US4LPY        599 284    OM7LM         599 118    0
QSO: 14072 RY 2012-02-11 0842 US4LPY        599 285    IQ7AF         599 004    0
QSO: 14072 RY 2012-02-11 0844 US4LPY        599 286    IZ2JNN        599 052    0
QSO: 14072 RY 2012-02-11 0844 US4LPY        599 287    RO1B          599 048    0
QSO: 14072 RY 2012-02-11 0846 US4LPY        599 288    F5PBM         599 028    0
QSO: 14072 RY 2012-02-11 0846 US4LPY        599 289    HA0GK         599 045    0
QSO: 14072 RY 2012-02-11 0847 US4LPY        599 290    UY7MM         599 323    0
QSO: 14072 RY 2012-02-11 0848 US4LPY        599 291    IK0EFR        599 046    0
QSO: 14072 RY 2012-02-11 0849 US4LPY        599 292    DL5UR         599 001    0
QSO: 14072 RY 2012-02-11 0850 US4LPY        599 293    DL1ARJ        599 079    0
QSO: 14072 RY 2012-02-11 0852 US4LPY        599 294    OK1HEH        599 159    0
QSO: 14072 RY 2012-02-11 0856 US4LPY        599 295    DJ4MH         599 190    0
QSO: 14072 RY 2012-02-11 0857 US4LPY        599 297    DF8JK         599 001    0
QSO: 14072 RY 2012-02-11 0904 US4LPY        599 298    IN3JJI        599 047    0
QSO: 14072 RY 2012-02-11 0906 US4LPY        599 299    PE1CPJ        599 074    0
QSO: 14072 RY 2012-02-11 0906 US4LPY        599 300    LX1C          599 106    0
QSO: 14072 RY 2012-02-11 0907 US4LPY        599 301    DK4RL         599 064    0
QSO: 14072 RY 2012-02-11 0908 US4LPY        599 302    DL2AL         599 003    0
QSO: 14072 RY 2012-02-11 0908 US4LPY        599 303    YT7AW         599 050    0
QSO: 14072 RY 2012-02-11 0909 US4LPY        599 304    EA1EPM        599 031    0
QSO: 14072 RY 2012-02-11 0914 US4LPY        599 305    RA9FRD        599 158    0
QSO: 14072 RY 2012-02-11 0915 US4LPY        599 306    RA2FB         599 080    0
QSO: 14072 RY 2012-02-11 0916 US4LPY        599 307    DL5GAC        599 002    0
QSO: 14072 RY 2012-02-11 0916 US4LPY        599 308    RA2FB         599 081    0
QSO: 14072 RY 2012-02-11 0917 US4LPY        599 309    DL1DTL        599 014    0
QSO: 14072 RY 2012-02-11 0919 US4LPY        599 310    PD0MWG        599 017    0
QSO: 14072 RY 2012-02-11 0920 US4LPY        599 311    F1PGZ         599 002    0
QSO: 14072 RY 2012-02-11 0921 US4LPY        599 312    EA3FHP        599 031    0
QSO: 14072 RY 2012-02-11 0921 US4LPY        599 313    YO9HP         599 249    0
QSO: 14072 RY 2012-02-11 0922 US4LPY        599 314    HA8XF         599 067    0
QSO: 14072 RY 2012-02-11 0922 US4LPY        599 315    OE3RTB        599 212    0
QSO: 14072 RY 2012-02-11 0923 US4LPY        599 316    OM4O          599 028    0
QSO: 14072 RY 2012-02-11 0925 US4LPY        599 317    PA3EEG        599 031    0
QSO: 14072 RY 2012-02-11 0925 US4LPY        599 318    DK1AUP        599 046    0
QSO: 14072 RY 2012-02-11 0926 US4LPY        599 319    DL5ST         599 004    0
QSO: 14072 RY 2012-02-11 0927 US4LPY        599 320    PD2JAM        599 072    0
QSO: 14072 RY 2012-02-11 0928 US4LPY        599 321    JA3GYC        599 041    0
QSO: 14072 RY 2012-02-11 0929 US4LPY        599 322    PD1BOX        599 039    0
QSO: 14072 RY 2012-02-11 0930 US4LPY        599 323    ON4KGL        599 041    0
QSO: 14072 RY 2012-02-11 0931 US4LPY        599 324    RU5TT         599 197    0
QSO: 14072 RY 2012-02-11 0932 US4LPY        599 325    SP6FJ         599 027    0
QSO: 28090 RY 2012-02-11 0953 US4LPY        599 326    F1RHS         599 315    0
QSO: 28091 RY 2012-02-11 0954 US4LPY        599 327    M3I           599 024    0
QSO: 28097 RY 2012-02-11 0959 US4LPY        599 328    F4FDA         599 059    0
QSO: 14078 RY 2012-02-11 1010 US4LPY        599 329    S55W          599 043    0
QSO: 14078 RY 2012-02-11 1011 US4LPY        599 330    DJ6JH         599 101    0
QSO: 14078 RY 2012-02-11 1011 US4LPY        599 331    OK1USU        599 101    0
QSO: 14078 RY 2012-02-11 1012 US4LPY        599 332    YO5OHY        599 043    0
QSO: 14078 RY 2012-02-11 1012 US4LPY        599 333    IQ4RN         599 173    0
QSO: 14078 RY 2012-02-11 1013 US4LPY        599 334    SV1HKD        599 082    0
QSO: 14078 RY 2012-02-11 1013 US4LPY        599 335    I2BZN         599 017    0
QSO: 14078 RY 2012-02-11 1014 US4LPY        599 336    PA3ANN        599 156    0
QSO: 14078 RY 2012-02-11 1014 US4LPY        599 337    EE7A          599 086    0
QSO: 14077 RY 2012-02-11 1015 US4LPY        599 338    YO3DAC        599 003    0
QSO: 14077 RY 2012-02-11 1016 US4LPY        599 339    DG0EF         599 014    0
QSO: 14077 RY 2012-02-11 1017 US4LPY        599 340    SP1NZ         599 122    0
QSO: 14077 RY 2012-02-11 1018 US4LPY        599 341    SM6GKT        599 050    0
QSO: 14077 RY 2012-02-11 1019 US4LPY        599 342    OM3TLE        599 044    0
QSO: 14077 RY 2012-02-11 1019 US4LPY        599 343    G7TWC         599 017    0
QSO: 14078 RY 2012-02-11 1020 US4LPY        599 344    DL6SFR        599 122    0
QSO: 14078 RY 2012-02-11 1022 US4LPY        599 345    LA3BO         599 073    0
QSO: 14078 RY 2012-02-11 1025 US4LPY        599 346    DL1AKL        599 066    0
QSO: 14078 RY 2012-02-11 1025 US4LPY        599 347    HG7T          599 289    0
QSO: 14078 RY 2012-02-11 1026 US4LPY        599 348    S57YK         599 029    0
QSO: 14078 RY 2012-02-11 1027 US4LPY        599 349    OZ1DUG        599 030    0
QSO: 14078 RY 2012-02-11 1028 US4LPY        599 350    TM57M         599 160    0
QSO: 14078 RY 2012-02-11 1029 US4LPY        599 351    OE2LRO        599 016    0
QSO: 14078 RY 2012-02-11 1030 US4LPY        599 352    HB9CIC        599 022    0
QSO: 14078 RY 2012-02-11 1033 US4LPY        599 353    OM3KWZ        599 306    0
QSO: 14078 RY 2012-02-11 1033 US4LPY        599 354    DF2TT         599 189    0
QSO: 14078 RY 2012-02-11 1034 US4LPY        599 355    OZ6AGX        599 033    0
QSO: 14078 RY 2012-02-11 1035 US4LPY        599 356    TM3T          599 336    0
QSO: 14078 RY 2012-02-11 1035 US4LPY        599 357    OH8F          599 232    0
QSO: 14078 RY 2012-02-11 1036 US4LPY        599 358    OE1MBB        599 001    0
QSO: 14078 RY 2012-02-11 1037 US4LPY        599 359    YL3FP         599 202    0
QSO: 14078 RY 2012-02-11 1037 US4LPY        599 360    G3VPO         599 070    0
QSO: 14078 RY 2012-02-11 1038 US4LPY        599 361    HA3HK         599 022    0
QSO: 14078 RY 2012-02-11 1040 US4LPY        599 362    I4KMN         599 022    0
QSO: 14078 RY 2012-02-11 1040 US4LPY        599 363    ED5K          599 004    0
QSO: 14078 RY 2012-02-11 1041 US4LPY        599 364    IK3ORD        599 221    0
QSO: 14078 RY 2012-02-11 1041 US4LPY        599 365    YU1RP         599 051    0
QSO: 14078 RY 2012-02-11 1042 US4LPY        599 366    DJ8EW         599 151    0
QSO: 14078 RY 2012-02-11 1042 US4LPY        599 367    YT3H          599 180    0
QSO: 14078 RY 2012-02-11 1043 US4LPY        599 368    SP3ASN        599 104    0
QSO: 14078 RY 2012-02-11 1044 US4LPY        599 369    RN0CF/9       599 063    0
QSO: 14078 RY 2012-02-11 1044 US4LPY        599 370    9A7B          599 043    0
QSO: 14078 RY 2012-02-11 1045 US4LPY        599 371    PA3EBP        599 030    0
QSO: 14078 RY 2012-02-11 1047 US4LPY        599 372    GM1BSG        599 210    0
QSO: 14078 RY 2012-02-11 1048 US4LPY        599 373    RW4WZ         599 027    0
QSO: 14078 RY 2012-02-11 1049 US4LPY        599 374    F4GDI         599 200    0
QSO: 14078 RY 2012-02-11 1050 US4LPY        599 375    IZ8IYL        599 057    0
QSO: 14078 RY 2012-02-11 1050 US4LPY        599 376    OK2PCL        599 092    0
QSO: 14078 RY 2012-02-11 1051 US4LPY        599 377    YT5W          599 184    0
QSO: 14078 RY 2012-02-11 1051 US4LPY        599 378    OM4TC         599 006    0
QSO: 14078 RY 2012-02-11 1052 US4LPY        599 379    HG1S          599 175    0
QSO: 14078 RY 2012-02-11 1053 US4LPY        599 380    DL6NWA        599 105    0
QSO: 14078 RY 2012-02-11 1055 US4LPY        599 381    E73PY         599 040    0
QSO: 14078 RY 2012-02-11 1056 US4LPY        599 382    PD0RON        599 288    0
QSO: 14078 RY 2012-02-11 1057 US4LPY        599 383    YO2GL         599 085    0
QSO: 14078 RY 2012-02-11 1100 US4LPY        599 384    HA0MS         599 269    0
QSO: 14078 RY 2012-02-11 1102 US4LPY        599 385    EA1OS         599 134    0
QSO: 14078 RY 2012-02-11 1103 US4LPY        599 386    UV5EOE        599 007    0
QSO: 14078 RY 2012-02-11 1104 US4LPY        599 387    PA3GCU        599 030    0
QSO: 14078 RY 2012-02-11 1105 US4LPY        599 388    IW2MXY        599 172    0
QSO: 14078 RY 2012-02-11 1105 US4LPY        599 389    SO6I          599 170    0
QSO: 21074 RY 2012-02-11 1110 US4LPY        599 390    EI3GRB        599 069    0
QSO: 21076 RY 2012-02-11 1115 US4LPY        599 391    VK3TDX        599 360    0
QSO: 21083 RY 2012-02-11 1119 US4LPY        599 392    EA3EZD        599 101    0
QSO: 21084 RY 2012-02-11 1120 US4LPY        599 393    SV0XCC/9      599 030    0
QSO: 21084 RY 2012-02-11 1122 US4LPY        599 394    EA9LZ/7       599 066    0
QSO: 21085 RY 2012-02-11 1124 US4LPY        599 395    UZ2M          599 1124   0
QSO: 21087 RY 2012-02-11 1126 US4LPY        599 396    DL8LR         599 029    0
QSO: 21087 RY 2012-02-11 1127 US4LPY        599 397    F5GSD         599 022    0
QSO: 21087 RY 2012-02-11 1128 US4LPY        599 398    EE2K          599 260    0
QSO: 21087 RY 2012-02-11 1129 US4LPY        599 399    PE1FTV        599 060    0
QSO: 21087 RY 2012-02-11 1130 US4LPY        599 400    MM0GPZ        599 186    0
QSO: 21087 RY 2012-02-11 1130 US4LPY        599 401    PA3ACA        599 036    0
QSO: 21087 RY 2012-02-11 1131 US4LPY        599 402    HB9CAM        599 005    0
QSO: 21087 RY 2012-02-11 1133 US4LPY        599 403    MM0AMW        599 140    0
QSO: 21088 RY 2012-02-11 1135 US4LPY        599 404    PX7C          599 176    0
QSO: 21091 RY 2012-02-11 1135 US4LPY        599 405    GM3W          599 108    0
QSO: 21090 RY 2012-02-11 1137 US4LPY        599 406    LA5HPA        599 272    0
QSO: 21091 RY 2012-02-11 1138 US4LPY        599 407    EA2RCF        599 429    0
QSO: 21092 RY 2012-02-11 1139 US4LPY        599 408    EA1AKS        599 481    0
QSO: 21094 RY 2012-02-11 1141 US4LPY        599 409    F4ERS         599 134    0
QSO: 21094 RY 2012-02-11 1142 US4LPY        599 410    EE7T          599 208    0
QSO: 21099 RY 2012-02-11 1145 US4LPY        599 411    P40YL         599 129    0
QSO: 21100 RY 2012-02-11 1146 US4LPY        599 412    M7W           599 105    0
QSO: 21102 RY 2012-02-11 1147 US4LPY        599 413    OP9T          599 058    0
QSO: 21104 RY 2012-02-11 1148 US4LPY        599 414    UW8I          599 808    0
QSO: 21106 RY 2012-02-11 1149 US4LPY        599 415    EF3A          599 138    0
QSO: 21117 RY 2012-02-11 1152 US4LPY        599 416    EA7ZY         599 196    0
QSO: 14078 RY 2012-02-11 1204 US4LPY        599 417    PA4B          599 010    0
QSO: 14078 RY 2012-02-11 1205 US4LPY        599 418    DF1LX         599 058    0
QSO: 14078 RY 2012-02-11 1205 US4LPY        599 419    IZ5HQB        599 092    0
QSO: 14078 RY 2012-02-11 1206 US4LPY        599 420    DG0EF         599 026    0
QSO: 14078 RY 2012-02-11 1207 US4LPY        599 421    OM6W          599 354    0
QSO: 14078 RY 2012-02-11 1209 US4LPY        599 422    DL5ARM        599 148    0
QSO: 14078 RY 2012-02-11 1209 US4LPY        599 423    RK4R          599 108    0
QSO: 14078 RY 2012-02-11 1210 US4LPY        599 424    SM0BSO        599 175    0
QSO: 14078 RY 2012-02-11 1211 US4LPY        599 425    SV3ICL        599 425    0
QSO: 14078 RY 2012-02-11 1212 US4LPY        599 426    DL5BAW        599 026    0
QSO: 14078 RY 2012-02-11 1213 US4LPY        599 427    EA5FHC        599 061    0
QSO: 14078 RY 2012-02-11 1214 US4LPY        599 428    DF6QP         599 012    0
QSO: 14078 RY 2012-02-11 1214 US4LPY        599 429    S57PR         599 027    0
QSO: 14078 RY 2012-02-11 1215 US4LPY        599 430    DJ5HB         599 119    0
QSO: 14078 RY 2012-02-11 1217 US4LPY        599 431    DL7UXG        599 077    0
QSO: 14078 RY 2012-02-11 1218 US4LPY        599 432    SA7AOI        599 002    0
QSO: 14078 RY 2012-02-11 1219 US4LPY        599 433    DL1AMH        599 020    0
QSO: 14078 RY 2012-02-11 1219 US4LPY        599 434    W1TO          599 089    0
QSO: 14078 RY 2012-02-11 1220 US4LPY        599 435    EI80IRTS      599 037    0
QSO: 14078 RY 2012-02-11 1221 US4LPY        599 436    Z31MM         599 129    0
QSO: 14078 RY 2012-02-11 1221 US4LPY        599 437    W2YC          599 290    0
QSO: 14078 RY 2012-02-11 1222 US4LPY        599 438    SQ9IWS        599 035    0
QSO: 14078 RY 2012-02-11 1223 US4LPY        599 439    YB1HK         599 047    0
QSO: 14078 RY 2012-02-11 1223 US4LPY        599 440    W4TTY         599 133    0
QSO: 14078 RY 2012-02-11 1224 US4LPY        599 441    DL9NEI        599 043    0
QSO: 14078 RY 2012-02-11 1226 US4LPY        599 442    DL1FCU        599 091    0
QSO: 14078 RY 2012-02-11 1227 US4LPY        599 443    VE3RZ         599 177    0
QSO: 14078 RY 2012-02-11 1227 US4LPY        599 444    HA8TI         599 053    0
QSO: 14078 RY 2012-02-11 1228 US4LPY        599 445    LA5LJA        599 183    0
QSO: 14078 RY 2012-02-11 1228 US4LPY        599 446    W3MF          599 303    0
QSO: 14078 RY 2012-02-11 1229 US4LPY        599 447    G3CIO         599 021    0
QSO: 14112 RY 2012-02-11 1235 US4LPY        599 449    K4MGE         599 137    0
QSO: 14112 RY 2012-02-11 1237 US4LPY        599 450    HF1Z          599 106    0
QSO: 14112 RY 2012-02-11 1242 US4LPY        599 451    DL9FB         599 069    0
QSO: 14112 RY 2012-02-11 1242 US4LPY        599 452    OK2EA         599 107    0
QSO: 14112 RY 2012-02-11 1243 US4LPY        599 453    OH2LU         599 234    0
QSO: 14112 RY 2012-02-11 1243 US4LPY        599 454    K2EN          599 135    0
QSO: 14112 RY 2012-02-11 1245 US4LPY        599 459    JA1IZZ        599 158    0
QSO: 14112 RY 2012-02-11 1246 US4LPY        599 460    EA7/OH6XY     599 151    0
QSO: 14112 RY 2012-02-11 1248 US4LPY        599 461    SP6JZP        599 153    0
QSO: 14112 RY 2012-02-11 1248 US4LPY        599 462    IQ4FA         599 034    0
QSO: 14112 RY 2012-02-11 1250 US4LPY        599 463    SQ1WO         599 087    0
QSO: 14120 RY 2012-02-11 1256 US4LPY        599 464    OQ6A          599 285    0
QSO: 14120 RY 2012-02-11 1257 US4LPY        599 465    SN9A          599 080    0
QSO: 14120 RY 2012-02-11 1258 US4LPY        599 466    DK1KC         599 189    0
QSO: 14120 RY 2012-02-11 1259 US4LPY        599 467    KD3TB         599 045    0
QSO: 14120 RY 2012-02-11 1300 US4LPY        599 468    HA6NL         599 278    0
QSO: 14120 RY 2012-02-11 1301 US4LPY        599 469    N4MM          599 041    0
QSO: 14120 RY 2012-02-11 1302 US4LPY        599 470    DL8MAS        599 078    0
QSO: 14120 RY 2012-02-11 1303 US4LPY        599 471    WE4M          599 567    0
QSO: 14120 RY 2012-02-11 1303 US4LPY        599 472    OK1SI         599 173    0
QSO: 14120 RY 2012-02-11 1304 US4LPY        599 473    I1ABT         599 002    0
QSO: 14120 RY 2012-02-11 1304 US4LPY        599 474    IZ2JPN/QRP    599 106    0
QSO: 14120 RY 2012-02-11 1305 US4LPY        599 475    DJ2YE         599 054    0
QSO: 14120 RY 2012-02-11 1306 US4LPY        599 476    EA7CWA        599 102    0
QSO: 14120 RY 2012-02-11 1307 US4LPY        599 477    IQ1TO         599 031    0
QSO: 14120 RY 2012-02-11 1309 US4LPY        599 478    R9CD          599 027    0
QSO: 14120 RY 2012-02-11 1310 US4LPY        599 479    MM0DWF        599 079    0
QSO: 14120 RY 2012-02-11 1314 US4LPY        599 480    N3YEA         599 030    0
QSO: 14120 RY 2012-02-11 1315 US4LPY        599 481    SM2BJS        599 112    0
QSO: 14127 RY 2012-02-11 1320 US4LPY        599 482    TC1DX         599 033    0
QSO: 14126 RY 2012-02-11 1321 US4LPY        599 483    AB0RX         599 515    0
QSO: 14120 RY 2012-02-11 1323 US4LPY        599 484    VA3DX         599 292    0
QSO: 14121 RY 2012-02-11 1324 US4LPY        599 485    TM22P         599 224    0
QSO: 14119 RY 2012-02-11 1325 US4LPY        599 486    LA9DFA        599 256    0
QSO: 14118 RY 2012-02-11 1325 US4LPY        599 487    OH2XX         599 011    0
QSO: 14118 RY 2012-02-11 1328 US4LPY        599 488    OZ7DK         599 124    0
QSO: 14118 RY 2012-02-11 1328 US4LPY        599 489    YU1KT         599 180    0
QSO: 14118 RY 2012-02-11 1329 US4LPY        599 490    NX2X          599 010    0
QSO: 14118 RY 2012-02-11 1330 US4LPY        599 491    R4WT          599 051    0
QSO: 14118 RY 2012-02-11 1331 US4LPY        599 492    DG0CG         599 164    0
QSO: 14115 RY 2012-02-11 1334 US4LPY        599 493    MI0M          599 087    0
QSO: 14114 RY 2012-02-11 1335 US4LPY        599 494    IZ1GLO        599 110    0
QSO: 14115 RY 2012-02-11 1336 US4LPY        599 495    UP4L          599 637    0
QSO: 14110 RY 2012-02-11 1338 US4LPY        599 496    IN3BIY        599 057    0
QSO: 14109 RY 2012-02-11 1340 US4LPY        599 497    LB8IB         599 673    0
QSO: 14108 RY 2012-02-11 1340 US4LPY        599 498    RG9A          599 1209   0
QSO: 14107 RY 2012-02-11 1342 US4LPY        599 499    TM9FL         599 197    0
QSO: 14097 RY 2012-02-11 1347 US4LPY        599 500    RA9CUU        599 157    0
QSO: 14097 RY 2012-02-11 1349 US4LPY        599 501    DL1AQP        599 041    0
QSO: 14097 RY 2012-02-11 1351 US4LPY        599 502    I2CZQ         599 072    0
QSO: 14097 RY 2012-02-11 1351 US4LPY        599 503    IZ4RWU        599 023    0
QSO: 14097 RY 2012-02-11 1353 US4LPY        599 504    BD7IS         599 129    0
QSO: 14097 RY 2012-02-11 1355 US4LPY        599 505    JK3IJQ        599 015    0
QSO: 14097 RY 2012-02-11 1356 US4LPY        599 506    JE1SGH        599 199    0
QSO: 14097 RY 2012-02-11 1358 US4LPY        599 507    OM3TLE        599 085    0
QSO: 14097 RY 2012-02-11 1358 US4LPY        599 508    OK2JNB        599 245    0
QSO: 14097 RY 2012-02-11 1401 US4LPY        599 509    S51JQ         599 101    0
QSO: 14097 RY 2012-02-11 1402 US4LPY        599 510    DL1NEO        599 136    0
QSO: 14097 RY 2012-02-11 1403 US4LPY        599 511    DL4MCF        599 541    0
QSO: 14097 RY 2012-02-11 1403 US4LPY        599 512    EA3GLB        599 370    0
QSO: 14097 RY 2012-02-11 1404 US4LPY        599 513    DJ2MX         599 009    0
QSO: 14097 RY 2012-02-11 1405 US4LPY        599 514    G4XEX         599 025    0
QSO: 21074 RY 2012-02-11 1412 US4LPY        599 515    EB3JT         599 026    0
QSO: 21074 RY 2012-02-11 1413 US4LPY        599 516    NJ3I          599 126    0
QSO: 21120 RY 2012-02-11 1420 US4LPY        599 517    ON2VHF        599 031    0
QSO: 21120 RY 2012-02-11 1422 US4LPY        599 518    TM3T          599 467    0
QSO: 21133 RY 2012-02-11 1424 US4LPY        599 519    AJ4RW         599 127    0
QSO: 21072 RY 2012-02-11 1426 US4LPY        599 520    N2BJ          599 490    0
QSO: 21070 RY 2012-02-11 1427 US4LPY        599 521    VE3DZ         599 163    0
QSO: 21081 RY 2012-02-11 1429 US4LPY        599 522    F6AVP         599 003    0
QSO: 21081 RY 2012-02-11 1430 US4LPY        599 523    M0DMJ         599 034    0
QSO: 21081 RY 2012-02-11 1431 US4LPY        599 524    F6BBO         599 047    0
QSO: 21081 RY 2012-02-11 1431 US4LPY        599 525    KO3T          599 005    0
QSO: 21081 RY 2012-02-11 1432 US4LPY        599 526    G4NDM         599 196    0
QSO: 21081 RY 2012-02-11 1433 US4LPY        599 527    K0FYI         599 013    0
QSO: 21081 RY 2012-02-11 1435 US4LPY        599 528    M0IKW         599 049    0
QSO: 21081 RY 2012-02-11 1436 US4LPY        599 529    W0KWT         599 070    0
QSO: 21081 RY 2012-02-11 1438 US4LPY        599 530    W4JSI         599 071    0
QSO: 21081 RY 2012-02-11 1440 US4LPY        599 531    PB0ACU        599 044    0
QSO: 21081 RY 2012-02-11 1443 US4LPY        599 532    IT9ZEO        599 001    0
QSO: 21081 RY 2012-02-11 1444 US4LPY        599 533    WB9TFH        599 117    0
QSO: 21081 RY 2012-02-11 1446 US4LPY        599 534    K0FX          599 032    0
QSO: 21081 RY 2012-02-11 1447 US4LPY        599 535    GM4CFS        599 006    0
QSO: 21081 RY 2012-02-11 1449 US4LPY        599 536    EA3BD         599 107    0
QSO: 21081 RY 2012-02-11 1450 US4LPY        599 537    DC9ZP         599 295    0
QSO: 21081 RY 2012-02-11 1452 US4LPY        599 538    KZ7X          599 703    0
QSO: 21081 RY 2012-02-11 1452 US4LPY        599 539    N9CK          599 175    0
QSO: 21081 RY 2012-02-11 1454 US4LPY        599 540    ON4QX         599 030    0
QSO: 21081 RY 2012-02-11 1454 US4LPY        599 541    OQ6A          599 362    0
QSO: 21081 RY 2012-02-11 1456 US4LPY        599 542    NO2T          599 276    0
QSO: 21081 RY 2012-02-11 1456 US4LPY        599 543    ON7BM         599 052    0
QSO: 21081 RY 2012-02-11 1457 US4LPY        599 544    DO9PL         599 171    0
QSO: 21081 RY 2012-02-11 1500 US4LPY        599 545    WB4YDL        599 448    0
QSO: 21081 RY 2012-02-11 1501 US4LPY        599 546    G3XTT         599 083    0
QSO: 21081 RY 2012-02-11 1501 US4LPY        599 547    KI2P          599 031    0
QSO: 21081 RY 2012-02-11 1502 US4LPY        599 548    K7IA          599 358    0
QSO: 21081 RY 2012-02-11 1504 US4LPY        599 549    F2AR          599 237    0
QSO: 21081 RY 2012-02-11 1504 US4LPY        599 550    W3DQF/5       599 173    0
QSO: 21081 RY 2012-02-11 1505 US4LPY        599 551    GU0SUP        599 147    0
QSO: 21081 RY 2012-02-11 1506 US4LPY        599 552    EA3FF         599 005    0
QSO: 21081 RY 2012-02-11 1512 US4LPY        599 553    G8JXV         599 003    0
QSO: 21142 RY 2012-02-11 1514 US4LPY        599 554    W5AP          599 255    0
QSO: 21138 RY 2012-02-11 1516 US4LPY        599 555    GM0LIR        599 034    0
QSO: 14118 RY 2012-02-11 1520 US4LPY        599 556    DM4JK         599 040    0
QSO: 14118 RY 2012-02-11 1521 US4LPY        599 557    DL5KUR        599 071    0
QSO: 14118 RY 2012-02-11 1522 US4LPY        599 558    OZ6TL         599 159    0
QSO: 14118 RY 2012-02-11 1523 US4LPY        599 559    LA1QDA        599 076    0
QSO: 14118 RY 2012-02-11 1525 US4LPY        599 560    IW5ALG        599 070    0
QSO: 14118 RY 2012-02-11 1526 US4LPY        599 561    KT4U          599 045    0
QSO: 14118 RY 2012-02-11 1527 US4LPY        599 562    K9XD          599 075    0
QSO: 14118 RY 2012-02-11 1528 US4LPY        599 563    IK1SOW        599 140    0
QSO: 14118 RY 2012-02-11 1529 US4LPY        599 564    PA3FOE        599 005    0
QSO: 14118 RY 2012-02-11 1535 US4LPY        599 565    AK4GD         599 148    0
QSO: 14118 RY 2012-02-11 1537 US4LPY        599 566    VE3TL         599 069    0
QSO: 14118 RY 2012-02-11 1539 US4LPY        599 567    DL2ARG        599 052    0
QSO: 14118 RY 2012-02-11 1539 US4LPY        599 568    S57AL         599 085    0
QSO: 14118 RY 2012-02-11 1540 US4LPY        599 569    KK7PR         599 249    0
QSO: 14118 RY 2012-02-11 1541 US4LPY        599 570    9A2BW         599 097    0
QSO: 14118 RY 2012-02-11 1541 US4LPY        599 571    WW8JWN        599 326    0
QSO: 14118 RY 2012-02-11 1542 US4LPY        599 572    VE2AXO        599 275    0
QSO: 14118 RY 2012-02-11 1542 US4LPY        599 573    K6SRZ         599 080    0
QSO: 14118 RY 2012-02-11 1543 US4LPY        599 574    DL2YCA        599 087    0
QSO: 14118 RY 2012-02-11 1544 US4LPY        599 575    PD0RKA        599 041    0
QSO: 14118 RY 2012-02-11 1544 US4LPY        599 576    VA2UP         599 525    0
QSO: 14118 RY 2012-02-11 1546 US4LPY        599 577    K7VIT         599 189    0
QSO: 14118 RY 2012-02-11 1548 US4LPY        599 578    NA0CW         599 781    0
QSO: 14118 RY 2012-02-11 1549 US4LPY        599 579    G4NDM         599 210    0
QSO: 14118 RY 2012-02-11 1550 US4LPY        599 580    WX6V          599 345    0
QSO: 14118 RY 2012-02-11 1550 US4LPY        599 581    VA7KO         599 361    0
QSO: 14118 RY 2012-02-11 1551 US4LPY        599 582    AA3B          599 952    0
QSO: 14118 RY 2012-02-11 1551 US4LPY        599 583    NQ6C          599 070    0
QSO: 14118 RY 2012-02-11 1552 US4LPY        599 584    W6GJB         599 241    0
QSO: 14118 RY 2012-02-11 1552 US4LPY        599 585    KS7AA         599 751    0
QSO: 14118 RY 2012-02-11 1553 US4LPY        599 586    PA3AJH        599 060    0
QSO: 14118 RY 2012-02-11 1553 US4LPY        599 587    WQ6K          489 489    0
QSO: 14118 RY 2012-02-11 1554 US4LPY        599 588    IK3NLK        599 124    0
QSO: 14118 RY 2012-02-11 1555 US4LPY        599 589    KQ6ES         599 628    0
QSO: 14118 RY 2012-02-11 1555 US4LPY        599 590    ES2DJ         599 365    0
QSO: 14118 RY 2012-02-11 1557 US4LPY        599 591    VE7CC         599 722    0
QSO: 14118 RY 2012-02-11 1558 US4LPY        599 592    MM0GPZ        599 323    0
QSO: 14118 RY 2012-02-11 1558 US4LPY        599 593    DF1MM         599 074    0
QSO: 14118 RY 2012-02-11 1600 US4LPY        599 594    KA3PVA        599 034    0
QSO: 14118 RY 2012-02-11 1603 US4LPY        599 595    DK7GH         599 068    0
QSO: 14118 RY 2012-02-11 1604 US4LPY        599 596    I0ZUT         599 080    0
QSO: 14118 RY 2012-02-11 1605 US4LPY        599 597    DF4WC         599 045    0
QSO: 14118 RY 2012-02-11 1607 US4LPY        599 598    AE1T          599 149    0
QSO: 14118 RY 2012-02-11 1608 US4LPY        599 599    IK2YSJ        599 201    0
QSO: 14118 RY 2012-02-11 1609 US4LPY        599 600    DL5JS         599 205    0
QSO: 14118 RY 2012-02-11 1613 US4LPY        599 601    IK2SAI        599 164    0
QSO:  7058 RY 2012-02-11 1617 US4LPY        599 602    DL8MAS        599 154    0
QSO:  7058 RY 2012-02-11 1618 US4LPY        599 603    I2XLF         599 228    0
QSO: 14071 RY 2012-02-11 1624 US4LPY        599 604    OK2SFP        599 672    0
QSO: 14072 RY 2012-02-11 1624 US4LPY        599 605    EO3Q          599 614    0
QSO: 14074 RY 2012-02-11 1626 US4LPY        599 606    EA7IBK        599 106    0
QSO: 14074 RY 2012-02-11 1627 US4LPY        599 607    II9P          599 043    0
QSO: 14082 RY 2012-02-11 1629 US4LPY        599 608    NR4M          599 423    0
QSO: 14087 RY 2012-02-11 1633 US4LPY        599 609    DF7ZS         599 658    0
QSO: 14099 RY 2012-02-11 1634 US4LPY        599 610    G0HDV         599 279    0
QSO:  3589 RY 2012-02-11 1643 US4LPY        599 611    RT9S          599 632    0
QSO:  3589 RY 2012-02-11 1644 US4LPY        599 612    LA1TV         599 174    0
QSO:  3589 RY 2012-02-11 1645 US4LPY        599 613    UA4UT         599 088    0
QSO:  3589 RY 2012-02-11 1647 US4LPY        599 614    RN3ZIC        599 279    0
QSO:  3589 RY 2012-02-11 1647 US4LPY        599 615    RC4HAA        599 303    0
QSO:  3589 RY 2012-02-11 1649 US4LPY        599 616    UT4XD         599 120    0
QSO:  3589 RY 2012-02-11 1649 US4LPY        599 617    RA6HSM        599 200    0
QSO:  3589 RY 2012-02-11 1650 US4LPY        599 618    UT2HM         599 104    0
QSO:  3589 RY 2012-02-11 1651 US4LPY        599 619    RA1ALC        459 459    0
QSO:  3589 RY 2012-02-11 1652 US4LPY        599 620    RQ9UV         599 073    0
QSO:  3589 RY 2012-02-11 1653 US4LPY        599 621    RC9UM         599 073    0
QSO:  3589 RY 2012-02-11 1654 US4LPY        599 622    UA4HBM        599 266    0
QSO:  3589 RY 2012-02-11 1658 US4LPY        599 623    UR5ETN        599 342    0
QSO:  3589 RY 2012-02-11 1659 US4LPY        599 624    UT8EL         599 463    0
QSO:  7053 RY 2012-02-12 0331 US4LPY        599 625    CS2P          599 1317   0
QSO:  7030 RY 2012-02-12 0332 US4LPY        599 626    P40YL         599 1275   0
QSO:  7045 RY 2012-02-12 0336 US4LPY        599 627    UA9TF         599 366    0
QSO:  7046 RY 2012-02-12 0337 US4LPY        599 628    NG1G          599 552    0
QSO:  7047 RY 2012-02-12 0339 US4LPY        599 629    IK3PQG        599 444    0
QSO:  7049 RY 2012-02-12 0342 US4LPY        599 630    M1AQV         599 076    0
QSO:  7069 RY 2012-02-12 0346 US4LPY        599 631    EO4M          599 1197   0
QSO:  7069 RY 2012-02-12 0347 US4LPY        599 632    NR4M          599 845    0
QSO:  7034 RY 2012-02-12 0351 US4LPY        599 633    LS1D          599 1179   0
QSO:  7040 RY 2012-02-12 0356 US4LPY        599 634    UA9AL         599 523    0
QSO:  7051 RY 2012-02-12 0358 US4LPY        599 635    PD0MHZ        599 154    0
QSO:  7052 RY 2012-02-12 0400 US4LPY        599 636    W4DXX         599 930    0
QSO: 14080 RY 2012-02-12 0404 US4LPY        599 637    UA0AGI        599 1019   0
QSO: 14086 RY 2012-02-12 0405 US4LPY        599 638    UA0SR         599 441    0
QSO: 14093 RY 2012-02-12 0406 US4LPY        599 639    RA0ACM        599 202    0
QSO: 14082 RY 2012-02-12 0408 US4LPY        599 640    UA9UKL        599 030    0
QSO: 14080 RY 2012-02-12 0418 US4LPY        599 641    UN7TAE        599 056    0
QSO: 14087 RY 2012-02-12 0422 US4LPY        599 642    RX0AE         599 196    0
QSO: 14091 RY 2012-02-12 0424 US4LPY        599 643    RK9AN         599 308    0
QSO: 14099 RY 2012-02-12 0425 US4LPY        599 644    UA0YAY        599 670    0
QSO: 14078 RY 2012-02-12 0426 US4LPY        599 645    RT0Q          599 258    0
QSO: 14089 RY 2012-02-12 0430 US4LPY        599 646    JA7IC         599 373    0
QSO: 14090 RY 2012-02-12 0436 US4LPY        599 647    RA9UN         599 366    0
QSO: 14091 RY 2012-02-12 0437 US4LPY        599 648    R9UW          599 030    0
QSO: 14082 RY 2012-02-12 0441 US4LPY        599 649    EY8MM         599 026    0
QSO: 14083 RY 2012-02-12 0441 US4LPY        599 650    RZ9UF         599 135    0
QSO: 14084 RY 2012-02-12 0443 US4LPY        599 651    RA9SKL        599 433    0
QSO: 14085 RY 2012-02-12 0443 US4LPY        599 652    UA0LMO        599 226    0
QSO: 21084 RY 2012-02-12 0452 US4LPY        599 653    UN4PG         599 581    0
QSO: 21085 RY 2012-02-12 0453 US4LPY        599 654    JA6ZPR        599 449    0
QSO: 21111 RY 2012-02-12 0501 US4LPY        599 655    JO1COV        599 362    0
QSO: 21107 RY 2012-02-12 0503 US4LPY        599 656    JI4USN        599 058    0
QSO: 21106 RY 2012-02-12 0507 US4LPY        599 657    JJ1IDW        599 007    0
QSO: 21079 RY 2012-02-12 0520 US4LPY        599 658    UP7P          599 1282   0
QSO: 21080 RY 2012-02-12 0521 US4LPY        599 659    RX0AE         599 244    0
QSO: 21080 RY 2012-02-12 0522 US4LPY        599 660    BD1QXU        599 449    0
QSO: 21091 RY 2012-02-12 0526 US4LPY        599 661    BA7IO         599 808    0
QSO: 21092 RY 2012-02-12 0527 US4LPY        599 662    RD0CD         599 099    0
QSO: 21092 RY 2012-02-12 0528 US4LPY        599 663    RW0AJ         599 039    0
QSO: 21093 RY 2012-02-12 0529 US4LPY        599 664    RW0SR         599 461    0
QSO: 21096 RY 2012-02-12 0531 US4LPY        599 665    BD7LMD        599 330    0
QSO: 21097 RY 2012-02-12 0532 US4LPY        599 666    UA0AGI        599 1040   0
QSO: 21099 RY 2012-02-12 0533 US4LPY        599 667    BH4SHG        599 241    0
QSO: 21103 RY 2012-02-12 0547 US4LPY        599 668    DV1JM         599 321    0
QSO: 21095 RY 2012-02-12 0555 US4LPY        599 669    UN9LU         599 078    0
QSO: 21105 RY 2012-02-12 0556 US4LPY        599 670    BD6JPV        599 085    0
QSO: 14102 RY 2012-02-12 0603 US4LPY        599 671    JA1OVD        599 593    0
QSO: 14102 RY 2012-02-12 0606 US4LPY        599 672    JA7GYP        599 072    0
QSO: 14102 RY 2012-02-12 0609 US4LPY        599 673    DL8ZVG        599 113    0
QSO: 14102 RY 2012-02-12 0609 US4LPY        599 674    DK3PM         599 045    0
QSO: 14102 RY 2012-02-12 0610 US4LPY        599 675    RK9FBE        599 118    0
QSO: 14102 RY 2012-02-12 0611 US4LPY        599 676    SM3DXC        599 052    0
QSO: 14102 RY 2012-02-12 0614 US4LPY        599 677    RA9AAA        599 124    0
QSO: 14102 RY 2012-02-12 0615 US4LPY        599 678    SF0D          599 096    0
QSO: 14102 RY 2012-02-12 0615 US4LPY        599 679    OV1A          599 533    0
QSO: 14102 RY 2012-02-12 0619 US4LPY        599 680    JA2XYM        599 214    0
QSO: 14102 RY 2012-02-12 0620 US4LPY        599 681    DL7URH        599 092    0
QSO: 14102 RY 2012-02-12 0621 US4LPY        599 682    F6BBO         599 108    0
QSO: 14102 RY 2012-02-12 0622 US4LPY        599 683    RM9T          599 151    0
QSO: 14102 RY 2012-02-12 0623 US4LPY        599 684    R8XF          599 482    0
QSO: 14102 RY 2012-02-12 0623 US4LPY        599 685    PA4J          599 135    0
QSO: 14102 RY 2012-02-12 0626 US4LPY        599 686    OH8KVA        599 224    0
QSO: 14102 RY 2012-02-12 0626 US4LPY        599 687    JA7ZP         599 089    0
QSO: 14102 RY 2012-02-12 0627 US4LPY        599 688    OH2JLN        599 090    0
QSO: 14102 RY 2012-02-12 0627 US4LPY        599 689    IW3IFJ        599 551    0
QSO: 14102 RY 2012-02-12 0629 US4LPY        599 690    JA2QVP        599 195    0
QSO: 14102 RY 2012-02-12 0630 US4LPY        599 691    TA1BM         599 406    0
QSO: 14102 RY 2012-02-12 0630 US4LPY        599 692    I4BMJ         599 127    0
QSO: 14102 RY 2012-02-12 0632 US4LPY        599 693    DF5BX         599 339    0
QSO: 28077 RY 2012-02-12 0636 US4LPY        599 694    UA0AGI        599 1118   0
QSO: 28078 RY 2012-02-12 0636 US4LPY        599 695    EX2B          599 184    0
QSO: 28079 RY 2012-02-12 0637 US4LPY        599 696    UC0A          599 860    0
QSO: 28078 RY 2012-02-12 0638 US4LPY        599 697    JA6ZPR        599 091    0
QSO: 28078 RY 2012-02-12 0638 US4LPY        599 698    UA9UR         599 087    0
QSO: 28082 RY 2012-02-12 0639 US4LPY        599 699    RK9UE         599 289    0
QSO: 28085 RY 2012-02-12 0640 US4LPY        599 700    UI9I          599 048    0
QSO: 28091 RY 2012-02-12 0643 US4LPY        599 701    RG8K          599 247    0
QSO: 28093 RY 2012-02-12 0644 US4LPY        599 702    RW0AQ         599 668    0
QSO: 28097 RY 2012-02-12 0645 US4LPY        599 703    BD1QXU        599 501    0
QSO: 28090 RY 2012-02-12 0645 US4LPY        599 704    RA0JBL        599 230    0
QSO: 28090 RY 2012-02-12 0647 US4LPY        599 705    7Z1SJ         599 630    0
QSO: 28074 RY 2012-02-12 0651 US4LPY        599 706    JH7XGN        599 156    0
QSO: 28084 RY 2012-02-12 0653 US4LPY        599 707    ZL1BYZ        599 750    0
QSO: 28085 RY 2012-02-12 0656 US4LPY        599 708    RT9J          599 972    0
QSO: 28088 RY 2012-02-12 0657 US4LPY        599 709    JA6GCE        599 744    0
QSO: 21123 RY 2012-02-12 0701 US4LPY        599 710    RA0AY         599 210    0
QSO: 21123 RY 2012-02-12 0702 US4LPY        599 711    IK7XNF        599 107    0
QSO: 21123 RY 2012-02-12 0703 US4LPY        599 712    JM1AHX        599 073    0
QSO: 21115 RY 2012-02-12 0707 US4LPY        599 713    UN6G          599 396    0
QSO: 21072 RY 2012-02-12 0708 US4LPY        599 714    UF8T          599 254    0
QSO: 21071 RY 2012-02-12 0708 US4LPY        599 715    LS1D          599 983    0
QSO: 21075 RY 2012-02-12 0711 US4LPY        599 716    JA7IC         599 517    0
QSO: 21077 RY 2012-02-12 0711 US4LPY        599 717    UC0A          599 890    0
QSO: 21099 RY 2012-02-12 0715 US4LPY        599 718    RU0LL         599 169    0
QSO: 21100 RY 2012-02-12 0718 US4LPY        599 719    RW0AQ         599 684    0
QSO: 21101 RY 2012-02-12 0719 US4LPY        599 720    R9DX          599 1823   0
QSO: 21100 RY 2012-02-12 0719 US4LPY        599 721    RG9A          599 1929   0
QSO: 21105 RY 2012-02-12 0721 US4LPY        599 722    G6NHU         599 391    0
QSO: 21105 RY 2012-02-12 0722 US4LPY        599 723    S55W          599 348    0
QSO: 21106 RY 2012-02-12 0723 US4LPY        599 724    IK8UND        599 567    0
QSO: 21110 RY 2012-02-12 0725 US4LPY        599 725    F5BBD         599 639    0
QSO: 28083 RY 2012-02-12 0729 US4LPY        599 726    RW0A          599 219    0
QSO: 28086 RY 2012-02-12 0731 US4LPY        599 727    UA0YAY        599 785    0
QSO: 28086 RY 2012-02-12 0732 US4LPY        599 728    VR2XLN        599 235    0
QSO: 28094 RY 2012-02-12 0735 US4LPY        599 729    UP7P          599 1401   0
QSO: 28100 RY 2012-02-12 0743 US4LPY        599 730    JH4UTP        599 859    0
QSO: 21122 RY 2012-02-12 0748 US4LPY        599 731    JS1OYN        599 328    0
QSO: 21121 RY 2012-02-12 0749 US4LPY        599 732    JA2TBS        599 071    0
QSO: 21116 RY 2012-02-12 0750 US4LPY        599 733    LN5O          599 193    0
QSO: 21120 RY 2012-02-12 0753 US4LPY        599 734    IK5FKF        599 316    0
QSO: 21120 RY 2012-02-12 0757 US4LPY        599 735    G4SGI         599 343    0
QSO: 21120 RY 2012-02-12 0758 US4LPY        599 736    G4TJJ         599 014    0
QSO: 21120 RY 2012-02-12 0800 US4LPY        599 737    IC8POF        599 502    0
QSO: 21120 RY 2012-02-12 0801 US4LPY        599 738    BD5DML        599 078    0
QSO: 21120 RY 2012-02-12 0802 US4LPY        599 739    JR7DXN        599 122    0
QSO: 21120 RY 2012-02-12 0803 US4LPY        599 740    ON3NT         599 010    0
QSO: 21120 RY 2012-02-12 0804 US4LPY        599 741    JH0NEC        599 257    0
QSO: 21121 RY 2012-02-12 0805 US4LPY        599 742    ON3NT         599 011    0
QSO: 21120 RY 2012-02-12 0806 US4LPY        599 743    I1WQR         599 148    0
QSO: 21120 RY 2012-02-12 0808 US4LPY        599 744    JL1BYZ        599 214    0
QSO: 21120 RY 2012-02-12 0809 US4LPY        599 745    OH9YM         599 047    0
QSO: 21120 RY 2012-02-12 0811 US4LPY        599 746    JE2TLZ        599 056    0
QSO: 21120 RY 2012-02-12 0811 US4LPY        599 747    JM1RSV        599 068    0
QSO: 21120 RY 2012-02-12 0813 US4LPY        599 748    IZ2QKG        599 062    0
QSO: 21120 RY 2012-02-12 0814 US4LPY        599 749    JM1SZY        599 141    0
QSO: 21120 RY 2012-02-12 0816 US4LPY        599 750    JN4UUS        599 191    0
QSO: 21120 RY 2012-02-12 0817 US4LPY        599 751    JA6CM         599 125    0
QSO: 21120 RY 2012-02-12 0818 US4LPY        599 752    JA1NLC        599 026    0
QSO: 21120 RY 2012-02-12 0820 US4LPY        599 753    IZ1PKV        599 134    0
QSO: 21120 RY 2012-02-12 0823 US4LPY        599 754    JJ1KZZ        599 099    0
QSO: 21120 RY 2012-02-12 0824 US4LPY        599 755    RX0SC         599 161    0
QSO: 21120 RY 2012-02-12 0825 US4LPY        599 756    F8BUO         599 150    0
QSO: 21120 RY 2012-02-12 0825 US4LPY        599 757    TM9K          599 492    0
QSO: 21120 RY 2012-02-12 0825 US4LPY        599 758    JE1SGH        599 312    0
QSO: 21120 RY 2012-02-12 0829 US4LPY        599 759    JI1ALP        599 099    0
QSO: 21120 RY 2012-02-12 0829 US4LPY        599 760    HB9CAL        599 055    0
QSO: 21120 RY 2012-02-12 0831 US4LPY        599 761    GM0FNE        599 028    0
QSO: 21120 RY 2012-02-12 0835 US4LPY        599 762    OP4A          599 301    0
QSO: 21120 RY 2012-02-12 0836 US4LPY        599 763    DL3OH         599 141    0
QSO: 21120 RY 2012-02-12 0836 US4LPY        599 764    ON4ANL        599 576    0
QSO: 21120 RY 2012-02-12 0839 US4LPY        599 765    IK2RPE        599 086    0
QSO: 21120 RY 2012-02-12 0843 US4LPY        599 766    I4UUL         599 137    0
QSO: 21120 RY 2012-02-12 0843 US4LPY        599 767    DG3FAW        599 052    0
QSO: 21120 RY 2012-02-12 0844 US4LPY        599 768    GM8SBH        599 658    0
QSO: 21120 RY 2012-02-12 0845 US4LPY        599 769    HB9DHG        599 335    0
QSO: 21120 RY 2012-02-12 0846 US4LPY        599 770    F4GDI         599 412    0
QSO: 21120 RY 2012-02-12 0847 US4LPY        599 771    EA1WW         599 506    0
QSO: 21120 RY 2012-02-12 0848 US4LPY        599 772    IK5GQK        599 314    0
QSO: 21120 RY 2012-02-12 0848 US4LPY        599 773    CT1EEK        599 432    0
QSO: 21120 RY 2012-02-12 0850 US4LPY        599 774    IK1MEG        599 179    0
QSO: 21120 RY 2012-02-12 0852 US4LPY        599 775    DJ3AA         599 067    0
QSO: 21120 RY 2012-02-12 0854 US4LPY        599 776    DL5ARM        599 385    0
QSO: 21120 RY 2012-02-12 0855 US4LPY        599 777    RK9AK         599 304    0
QSO: 21120 RY 2012-02-12 0857 US4LPY        599 778    DJ5CL         599 216    0
QSO: 21120 RY 2012-02-12 0858 US4LPY        599 779    IV3AOL        599 072    0
QSO: 21120 RY 2012-02-12 0859 US4LPY        599 780    DG0CG         599 320    0
QSO: 21120 RY 2012-02-12 0900 US4LPY        599 781    JA1PVX        599 307    0
QSO: 21120 RY 2012-02-12 0901 US4LPY        599 782    S51A          599 1681   0
QSO: 21120 RY 2012-02-12 0902 US4LPY        599 783    DO6SR         599 128    0
QSO: 21120 RY 2012-02-12 0903 US4LPY        599 784    IW3IFJ        599 630    0
QSO: 21120 RY 2012-02-12 0906 US4LPY        599 786    F6GCI         599 302    0
QSO: 21120 RY 2012-02-12 0906 US4LPY        599 787    DO6NIK        599 170    0
QSO: 21120 RY 2012-02-12 0907 US4LPY        599 788    IZ8JFL/1      599 456    0
QSO: 21120 RY 2012-02-12 0913 US4LPY        599 789    IK2GPQ        599 079    0
QSO: 21120 RY 2012-02-12 0914 US4LPY        599 790    GW3JXN        599 130    0
QSO: 21120 RY 2012-02-12 0914 US4LPY        599 791    IK0UTM        599 169    0
QSO: 21120 RY 2012-02-12 0915 US4LPY        599 792    IK2BDR        599 080    0
QSO: 21120 RY 2012-02-12 0915 US4LPY        599 793    I2ZZN         599 138    0
QSO: 21120 RY 2012-02-12 0916 US4LPY        599 794    I0UZF         599 035    0
QSO: 21120 RY 2012-02-12 0916 US4LPY        599 795    RT3P          599 1088   0
QSO: 21120 RY 2012-02-12 0917 US4LPY        599 796    IK2WYI        599 113    0
QSO: 21120 RY 2012-02-12 0918 US4LPY        599 797    F4GOU/P       599 029    0
QSO: 21120 RY 2012-02-12 0918 US4LPY        599 798    LA9DK         599 180    0
QSO: 21120 RY 2012-02-12 0920 US4LPY        599 799    F1IWH         599 319    0
QSO: 21120 RY 2012-02-12 0921 US4LPY        599 800    DK5PQ         599 036    0
QSO: 21120 RY 2012-02-12 0922 US4LPY        599 801    HB9CNY        599 148    0
QSO: 21120 RY 2012-02-12 0923 US4LPY        599 802    RA0WHE        599 144    0
QSO: 28081 RY 2012-02-12 0926 US4LPY        599 803    EA7HHV        599 045    0
QSO: 28080 RY 2012-02-12 0927 US4LPY        599 804    6V7S          599 1385   0
QSO: 28081 RY 2012-02-12 0931 US4LPY        599 805    EA3NP         599 131    0
QSO: 21073 RY 2012-02-12 0934 US4LPY        599 806    SP3RBG        599 1062   0
QSO: 21071 RY 2012-02-12 0934 US4LPY        599 807    Z37M          599 675    0
QSO: 21071 RY 2012-02-12 0935 US4LPY        599 808    5D5A          599 2769   0
QSO: 21074 RY 2012-02-12 0936 US4LPY        599 809    OH6R          599 428    0
QSO: 21115 RY 2012-02-12 0939 US4LPY        599 810    DL1DVE        599 294    0
QSO: 21126 RY 2012-02-12 0941 US4LPY        599 811    IZ2GRG        599 275    0
QSO: 21126 RY 2012-02-12 0941 US4LPY        599 812    OZ7DK         599 222    0
QSO: 21126 RY 2012-02-12 0943 US4LPY        599 813    I1NVU         599 108    0
QSO: 21126 RY 2012-02-12 0944 US4LPY        599 814    S57DX         599 153    0
QSO: 21126 RY 2012-02-12 0944 US4LPY        599 815    IV3BCA        599 347    0
QSO: 21126 RY 2012-02-12 0945 US4LPY        599 816    SP6FJ         599 126    0
QSO: 21126 RY 2012-02-12 0946 US4LPY        599 817    IK4ICS        599 062    0
QSO: 21126 RY 2012-02-12 0947 US4LPY        599 818    LA5LJA        599 523    0
QSO: 21126 RY 2012-02-12 0947 US4LPY        599 819    IQ4FA         599 201    0
QSO: 21126 RY 2012-02-12 0948 US4LPY        599 820    DJ1ER         599 293    0
QSO: 21126 RY 2012-02-12 0950 US4LPY        599 821    SM5CZQ        599 292    0
QSO: 21126 RY 2012-02-12 0951 US4LPY        599 822    SM5D          599 279    0
QSO: 21126 RY 2012-02-12 0951 US4LPY        599 823    DL5AYI        599 067    0
QSO: 21126 RY 2012-02-12 0952 US4LPY        599 824    EA3AZI        599 035    0
QSO: 21126 RY 2012-02-12 0957 US4LPY        599 825    LX1C          599 348    0
QSO: 21085 RY 2012-02-12 1001 US4LPY        599 826    SM4DQE        599 457    0
QSO: 21085 RY 2012-02-12 1002 US4LPY        599 827    I0GIA         599 250    0
QSO: 21085 RY 2012-02-12 1003 US4LPY        599 828    DL8AWK        599 057    0
QSO: 21085 RY 2012-02-12 1004 US4LPY        599 829    DL4JYT        599 068    0
QSO: 21085 RY 2012-02-12 1004 US4LPY        599 830    IN3VZE        599 050    0
QSO: 21085 RY 2012-02-12 1005 US4LPY        599 831    SP1NZ         599 390    0
QSO: 21085 RY 2012-02-12 1006 US4LPY        599 832    DL8NBJ        599 111    0
QSO: 21085 RY 2012-02-12 1006 US4LPY        599 833    IN3BIY        599 247    0
QSO: 21085 RY 2012-02-12 1007 US4LPY        599 834    IK1DFH        599 174    0
QSO: 21084 RY 2012-02-12 1009 US4LPY        599 835    DF3IS         599 112    0
QSO: 21084 RY 2012-02-12 1010 US4LPY        599 836    OK1USU        599 212    0
QSO: 21084 RY 2012-02-12 1010 US4LPY        599 837    DK3GI         599 265    0
QSO: 21084 RY 2012-02-12 1012 US4LPY        599 838    OK2QX         599 161    0
QSO: 21084 RY 2012-02-12 1014 US4LPY        599 839    OK8DCC        599 112    0
QSO: 21084 RY 2012-02-12 1015 US4LPY        599 840    DO1CDE        599 102    0
QSO: 21084 RY 2012-02-12 1015 US4LPY        599 841    UN3Z          599 164    0
QSO: 21084 RY 2012-02-12 1017 US4LPY        599 842    OK1MDK        599 253    0
QSO: 21084 RY 2012-02-12 1018 US4LPY        599 843    UI9I          599 247    0
QSO: 21084 RY 2012-02-12 1018 US4LPY        599 844    DL3ARK        599 125    0
QSO: 21084 RY 2012-02-12 1019 US4LPY        599 845    F1IRU         599 058    0
QSO: 21084 RY 2012-02-12 1020 US4LPY        599 846    DL0CPM        599 009    0
QSO: 21084 RY 2012-02-12 1021 US4LPY        599 847    IV3KSE        599 089    0
QSO: 21084 RY 2012-02-12 1022 US4LPY        599 848    IK1SOW        599 343    0
QSO: 21084 RY 2012-02-12 1022 US4LPY        599 849    7S5S          599 372    0
QSO: 21084 RY 2012-02-12 1024 US4LPY        599 850    MM0EAX        599 639    0
QSO: 21084 RY 2012-02-12 1025 US4LPY        599 851    G3SNU         599 350    0
QSO: 21084 RY 2012-02-12 1027 US4LPY        599 852    GW4HDF        599 040    0
QSO: 21084 RY 2012-02-12 1028 US4LPY        599 853    OZ1DUG        599 260    0
QSO: 21084 RY 2012-02-12 1028 US4LPY        599 854    EB1DMQ        599 854    0
QSO: 21084 RY 2012-02-12 1029 US4LPY        599 855    IW2MXY        599 508    0
QSO: 21084 RY 2012-02-12 1030 US4LPY        599 856    OK2KV         599 279    0
QSO: 21084 RY 2012-02-12 1031 US4LPY        599 857    F5MXQ         599 026    0
QSO: 21084 RY 2012-02-12 1032 US4LPY        599 858    EA1GT/QRP     599 232    0
QSO: 21084 RY 2012-02-12 1032 US4LPY        599 859    OK6DJ         599 044    0
QSO: 21084 RY 2012-02-12 1034 US4LPY        599 860    IW4I          599 968    0
QSO: 21084 RY 2012-02-12 1034 US4LPY        599 861    IK6UBY        599 116    0
QSO: 21084 RY 2012-02-12 1035 US4LPY        599 862    DM5JBN        599 173    0
QSO: 21084 RY 2012-02-12 1036 US4LPY        599 864    PA63PSK       599 292    0
QSO: 21084 RY 2012-02-12 1036 US4LPY        599 865    OK2RVM        599 569    0
QSO: 21092 RY 2012-02-12 1041 US4LPY        599 866    OL2X          599 324    0
QSO: 21092 RY 2012-02-12 1043 US4LPY        599 867    OK1SI         599 412    0
QSO: 21092 RY 2012-02-12 1044 US4LPY        599 868    S51NM         599 269    0
QSO: 21092 RY 2012-02-12 1045 US4LPY        599 869    DL2AL         599 342    0
QSO: 21092 RY 2012-02-12 1047 US4LPY        599 870    DL7UGO        599 140    0
QSO: 21092 RY 2012-02-12 1050 US4LPY        599 871    S51JQ         599 268    0
QSO: 21092 RY 2012-02-12 1053 US4LPY        599 872    IK5RUN        599 278    0
QSO: 21072 RY 2012-02-12 1055 US4LPY        599 873    ED1R          599 2396   0
QSO: 21072 RY 2012-02-12 1056 US4LPY        599 874    HG1S          599 573    0
QSO: 21073 RY 2012-02-12 1056 US4LPY        599 875    EA8CNB        599 040    0
QSO: 21073 RY 2012-02-12 1057 US4LPY        599 876    IQ3UD         599 525    0
QSO: 21077 RY 2012-02-12 1100 US4LPY        599 877    US0MM         599 436    0
QSO: 21081 RY 2012-02-12 1102 US4LPY        599 878    9A1A          599 891    0
QSO: 21082 RY 2012-02-12 1103 US4LPY        599 879    DL0CS         599 465    0
QSO: 21084 RY 2012-02-12 1104 US4LPY        599 880    5C2P          599 480    0
QSO: 21085 RY 2012-02-12 1105 US4LPY        599 881    ED5D          599 207    0
QSO: 21087 RY 2012-02-12 1106 US4LPY        599 882    PA3AJH        599 288    0
QSO: 21088 RY 2012-02-12 1107 US4LPY        599 883    EA5HT         599 621    0
QSO: 21091 RY 2012-02-12 1110 US4LPY        599 884    OP0P          599 211    0
QSO: 21091 RY 2012-02-12 1111 US4LPY        599 885    PA2GP         599 143    0
QSO: 21091 RY 2012-02-12 1111 US4LPY        599 886    IN3BFW        599 382    0
QSO: 21091 RY 2012-02-12 1112 US4LPY        599 887    DK2AT         599 238    0
QSO: 21091 RY 2012-02-12 1112 US4LPY        599 888    F6DZD         599 174    0
QSO: 21091 RY 2012-02-12 1113 US4LPY        599 889    DL8ZAW        599 184    0
QSO: 21091 RY 2012-02-12 1113 US4LPY        599 890    IZ3ETU        599 229    0
QSO: 21091 RY 2012-02-12 1114 US4LPY        599 891    IV3JCC        599 274    0
QSO: 21094 RY 2012-02-12 1116 US4LPY        599 892    DL5JS         599 620    0
QSO: 21094 RY 2012-02-12 1116 US4LPY        599 893    DK9CG         599 089    0
QSO: 21094 RY 2012-02-12 1118 US4LPY        599 894    OH9GIT        599 154    0
QSO: 21094 RY 2012-02-12 1119 US4LPY        599 895    DF6RI         599 210    0
QSO: 21094 RY 2012-02-12 1119 US4LPY        599 896    DK1KC         599 570    0
QSO: 21094 RY 2012-02-12 1120 US4LPY        599 897    I2ZWR         599 071    0
QSO: 21094 RY 2012-02-12 1121 US4LPY        599 898    DF4WC         599 078    0
QSO: 21094 RY 2012-02-12 1122 US4LPY        599 899    F6DGH         599 229    0
QSO: 21094 RY 2012-02-12 1123 US4LPY        599 900    DF1LON        599 060    0
QSO: 21094 RY 2012-02-12 1123 US4LPY        599 901    DF2MC         599 091    0
QSO: 21094 RY 2012-02-12 1124 US4LPY        599 902    SV5DKL/QRP    599 086    0
QSO: 21094 RY 2012-02-12 1125 US4LPY        599 903    IK2EBP        599 019    0
QSO: 21094 RY 2012-02-12 1126 US4LPY        599 904    I2TFJ         599 046    0
QSO: 21094 RY 2012-02-12 1127 US4LPY        599 905    IQ2LS         599 413    0
QSO: 21094 RY 2012-02-12 1127 US4LPY        599 906    DL1YFF        599 090    0
QSO: 21094 RY 2012-02-12 1128 US4LPY        599 907    DJ8EW         599 684    0
QSO: 21094 RY 2012-02-12 1129 US4LPY        599 908    EE7A          599 275    0
QSO: 21094 RY 2012-02-12 1131 US4LPY        599 909    DL2UH         599 020    0
QSO: 21094 RY 2012-02-12 1132 US4LPY        599 910    DO3KMF        599 174    0
QSO: 21094 RY 2012-02-12 1133 US4LPY        599 911    G0SYP         599 262    0
QSO: 21094 RY 2012-02-12 1133 US4LPY        599 912    I2DJX         599 102    0
QSO: 21094 RY 2012-02-12 1134 US4LPY        599 913    8S6E          599 757    0
QSO: 21094 RY 2012-02-12 1135 US4LPY        599 914    DJ6QT         599 1532   0
QSO: 21094 RY 2012-02-12 1136 US4LPY        599 915    LV5V          599 1215   0
QSO: 21094 RY 2012-02-12 1136 US4LPY        599 916    PA3EWG        599 168    0
QSO: 21094 RY 2012-02-12 1138 US4LPY        599 917    G8GHD         599 070    0
QSO: 21094 RY 2012-02-12 1139 US4LPY        599 918    IZ5HQB        599 234    0
QSO: 21094 RY 2012-02-12 1140 US4LPY        599 919    DK4VY         599 039    0
QSO: 21110 RY 2012-02-12 1144 US4LPY        599 920    9A5Y          599 958    0
QSO: 21110 RY 2012-02-12 1146 US4LPY        599 921    IK5AMB        599 394    0
QSO: 21111 RY 2012-02-12 1149 US4LPY        599 922    SV1JG         599 610    0
QSO: 21114 RY 2012-02-12 1150 US4LPY        599 923    IK2SAI        599 400    0
QSO: 21116 RY 2012-02-12 1151 US4LPY        599 924    UX0FF         599 475    0
QSO: 21117 RY 2012-02-12 1151 US4LPY        599 925    PY2NY         599 562    0
QSO: 21118 RY 2012-02-12 1152 US4LPY        599 926    EA5DKU        599 184    0
QSO: 21119 RY 2012-02-12 1153 US4LPY        599 927    LT1F          599 1046   0
QSO: 21121 RY 2012-02-12 1155 US4LPY        599 928    UP4L          599 1176   0
QSO: 21127 RY 2012-02-12 1157 US4LPY        599 929    KF2O          599 269    0
QSO: 21074 RY 2012-02-12 1158 US4LPY        599 930    DM3HZN        599 402    0
QSO: 21074 RY 2012-02-12 1200 US4LPY        599 931    DL0ZZ         599 012    0
QSO: 21112 RY 2012-02-12 1205 US4LPY        599 932    DJ2GMS        599 083    0
QSO: 21112 RY 2012-02-12 1208 US4LPY        599 933    PE2S          599 036    0
QSO: 21112 RY 2012-02-12 1208 US4LPY        599 934    DF2RG         599 373    0
QSO: 21112 RY 2012-02-12 1210 US4LPY        599 935    DF1MM         599 230    0
QSO: 21112 RY 2012-02-12 1211 US4LPY        599 936    G4CUS         599 035    0
QSO: 21112 RY 2012-02-12 1211 US4LPY        599 937    DL1FCU        599 257    0
QSO: 21112 RY 2012-02-12 1212 US4LPY        599 938    DF5WW         599 259    0
QSO: 21112 RY 2012-02-12 1212 US4LPY        599 939    ON3DI         599 086    0
QSO: 21112 RY 2012-02-12 1213 US4LPY        599 940    IZ4AFW        599 367    0
QSO: 21112 RY 2012-02-12 1214 US4LPY        599 941    GM1BSG        599 775    0
QSO: 14124 RY 2012-02-12 1217 US4LPY        599 942    9A4R          599 220    0
QSO: 14121 RY 2012-02-12 1223 US4LPY        599 943    PD5T          599 276    0
QSO: 14121 RY 2012-02-12 1224 US4LPY        599 944    PD0JMH        599 077    0
QSO: 14121 RY 2012-02-12 1225 US4LPY        599 945    AK1W          599 969    0
QSO: 14121 RY 2012-02-12 1225 US4LPY        599 946    EA5DKU        599 210    0
QSO: 14121 RY 2012-02-12 1228 US4LPY        599 947    OM7OM         599 605    0
QSO: 14121 RY 2012-02-12 1229 US4LPY        599 948    PA3ARM        599 027    0
QSO: 14121 RY 2012-02-12 1230 US4LPY        599 949    RV3A          599 487    0
QSO: 14121 RY 2012-02-12 1234 US4LPY        599 950    N4CW          599 600    0
QSO: 14121 RY 2012-02-12 1234 US4LPY        599 951    IZ2GRG        599 352    0
QSO: 14121 RY 2012-02-12 1235 US4LPY        599 952    VE3RNC        599 153    0
QSO: 14121 RY 2012-02-12 1236 US4LPY        599 953    M0AFZ         599 078    0
QSO: 14121 RY 2012-02-12 1237 US4LPY        599 954    RU1AB         599 177    0
QSO: 14121 RY 2012-02-12 1237 US4LPY        599 955    TA7I          599 659    0
QSO: 14121 RY 2012-02-12 1239 US4LPY        599 956    9A2X          599 200    0
QSO: 14121 RY 2012-02-12 1239 US4LPY        599 957    YL4U          599 1857   0
QSO: 14121 RY 2012-02-12 1240 US4LPY        599 958    JA1DDZ        599 246    0
QSO: 14121 RY 2012-02-12 1240 US4LPY        599 959    JE2UFF        599 322    0
QSO: 14121 RY 2012-02-12 1241 US4LPY        599 960    F5BBD         599 344    0
QSO: 14121 RY 2012-02-12 1245 US4LPY        599 961    IW9FDD        599 470    0
QSO: 14121 RY 2012-02-12 1245 US4LPY        599 962    SP5XSL        599 324    0
QSO: 14121 RY 2012-02-12 1246 US4LPY        599 963    DK1LRS        599 208    0
QSO: 14121 RY 2012-02-12 1247 US4LPY        599 964    LA9AU         599 110    0
QSO: 14121 RY 2012-02-12 1248 US4LPY        599 965    DL6EZ         599 423    0
QSO: 14121 RY 2012-02-12 1249 US4LPY        599 966    IK4ZHH        599 134    0
QSO: 14121 RY 2012-02-12 1251 US4LPY        599 967    JH0NOS        599 220    0
QSO: 14121 RY 2012-02-12 1254 US4LPY        599 968    DF2RG         599 397    0
QSO: 14121 RY 2012-02-12 1259 US4LPY        599 969    DJ0CC         599 037    0
QSO: 14121 RY 2012-02-12 1300 US4LPY        599 970    OG30OJ        599 853    0
QSO: 14121 RY 2012-02-12 1301 US4LPY        599 971    DL6ZBN        599 153    0
QSO: 21133 RY 2012-02-12 1306 US4LPY        599 972    HB9CAM        599 036    0
QSO: 21133 RY 2012-02-12 1308 US4LPY        599 973    K4WW          599 275    0
QSO: 21133 RY 2012-02-12 1310 US4LPY        599 974    DL1OLI        599 086    0
QSO: 21133 RY 2012-02-12 1313 US4LPY        599 975    UA3GIE        599 355    0
QSO: 21133 RY 2012-02-12 1314 US4LPY        599 976    G3TXA/QRP     599 019    0
QSO: 21133 RY 2012-02-12 1315 US4LPY        599 977    M1BKL         599 140    0
QSO: 21133 RY 2012-02-12 1317 US4LPY        599 978    SQ3GXH        599 825    0
QSO: 21119 RY 2012-02-12 1319 US4LPY        599 979    ED2V          599 1351   0
QSO: 21119 RY 2012-02-12 1320 US4LPY        599 980    IZ2EAS        599 458    0
QSO: 21119 RY 2012-02-12 1323 US4LPY        599 981    IK2FIL        599 086    0
QSO: 21119 RY 2012-02-12 1323 US4LPY        599 982    DL4EAX        599 130    0
QSO: 21119 RY 2012-02-12 1324 US4LPY        599 983    F1EBN         599 101    0
QSO: 21119 RY 2012-02-12 1327 US4LPY        599 984    K3TN          599 300    0
QSO: 21119 RY 2012-02-12 1328 US4LPY        599 985    IK0FUX        599 047    0
QSO: 21119 RY 2012-02-12 1328 US4LPY        599 986    N3QE          599 158    0
QSO: 21119 RY 2012-02-12 1330 US4LPY        599 987    CO2WL         599 361    0
QSO: 21119 RY 2012-02-12 1330 US4LPY        599 988    PA3DBS        599 397    0
QSO: 21119 RY 2012-02-12 1331 US4LPY        599 989    K4MGE         599 538    0
QSO: 21119 RY 2012-02-12 1333 US4LPY        599 990    IZ3KUY        599 327    0
QSO: 21119 RY 2012-02-12 1334 US4LPY        599 991    IK1/DH2SAQ    599 137    0
QSO: 21119 RY 2012-02-12 1337 US4LPY        599 992    IW1CQ         599 079    0
QSO: 21106 RY 2012-02-12 1339 US4LPY        599 993    KR4LO         599 528    0
QSO: 21071 RY 2012-02-12 1341 US4LPY        599 994    DL8OH         599 118    0
QSO: 21072 RY 2012-02-12 1342 US4LPY        599 995    II4K          599 240    0
QSO: 21074 RY 2012-02-12 1343 US4LPY        599 996    VE3SSV        599 122    0
QSO: 21074 RY 2012-02-12 1345 US4LPY        599 997    F4FDR         599 283    0
QSO: 21074 RY 2012-02-12 1346 US4LPY        599 998    DO4NE         599 055    0
QSO: 21074 RY 2012-02-12 1347 US4LPY        599 999    W4JS          599 021    0
QSO: 21074 RY 2012-02-12 1348 US4LPY        599 1000   G4IXF         599 282    0
QSO: 21074 RY 2012-02-12 1349 US4LPY        599 1001   DL0ER         599 884    0
QSO: 21074 RY 2012-02-12 1350 US4LPY        599 1002   N8DUY         599 243    0
QSO: 21074 RY 2012-02-12 1351 US4LPY        599 1003   I7CSB         599 212    0
QSO: 21074 RY 2012-02-12 1352 US4LPY        599 1004   NS0M          599 088    0
QSO: 21074 RY 2012-02-12 1353 US4LPY        599 1005   KJ4WLN        599 253    0
QSO: 21074 RY 2012-02-12 1354 US4LPY        599 1006   SV9BMG        599 521    0
QSO: 21071 RY 2012-02-12 1356 US4LPY        599 1007   EE8E          599 2676   0
QSO: 21086 RY 2012-02-12 1358 US4LPY        599 1008   I2EAY         599 024    0
QSO: 21086 RY 2012-02-12 1359 US4LPY        599 1009   F8CRS         599 349    0
QSO: 21086 RY 2012-02-12 1400 US4LPY        599 1010   W6SAI         599 444    0
QSO: 21086 RY 2012-02-12 1401 US4LPY        599 1011   ON6FC         599 066    0
QSO: 21086 RY 2012-02-12 1402 US4LPY        599 1012   YV5AAX        599 627    0
QSO: 21086 RY 2012-02-12 1403 US4LPY        599 1013   AD5LU         599 240    0
QSO: 21086 RY 2012-02-12 1405 US4LPY        599 1014   LA6LHA        599 010    0
QSO: 21086 RY 2012-02-12 1406 US4LPY        599 1015   LA1QDA        599 292    0
QSO: 21088 RY 2012-02-12 1408 US4LPY        599 1016   EO3Q          599 1402   0
QSO: 21090 RY 2012-02-12 1410 US4LPY        599 1017   KU1T          599 1264   0
QSO: 21091 RY 2012-02-12 1411 US4LPY        599 1018   KN6DV         599 1006   0
QSO: 21103 RY 2012-02-12 1416 US4LPY        599 1019   AA3B          599 2116   0
QSO: 21104 RY 2012-02-12 1417 US4LPY        599 1020   KF5HHD        599 722    0
QSO: 21106 RY 2012-02-12 1417 US4LPY        599 1021   AB5EB         599 110    0
QSO: 21107 RY 2012-02-12 1418 US4LPY        599 1022   G3KNU         599 219    0
QSO: 21108 RY 2012-02-12 1419 US4LPY        599 1023   F5AMH         599 281    0
QSO: 21110 RY 2012-02-12 1420 US4LPY        599 1024   TM22P         599 875    0
QSO: 21111 RY 2012-02-12 1421 US4LPY        599 1025   K7RE/4        599 465    0
QSO: 21116 RY 2012-02-12 1423 US4LPY        599 1026   OK1HRA        599 158    0
QSO: 21130 RY 2012-02-12 1427 US4LPY        599 1027   ON2AD         599 152    0
QSO: 21130 RY 2012-02-12 1428 US4LPY        599 1028   WB4ZWK        599 051    0
QSO: 14097 RY 2012-02-12 1437 US4LPY        599 1029   AK3V          599 087    0
QSO: 14097 RY 2012-02-12 1438 US4LPY        599 1030   S51NM         599 366    0
QSO: 14097 RY 2012-02-12 1439 US4LPY        599 1031   IK1/DH2SAQ    599 151    0
QSO: 14097 RY 2012-02-12 1439 US4LPY        599 1032   ES2BH         599 033    0
QSO: 14097 RY 2012-02-12 1440 US4LPY        599 1033   DG2RSF        599 021    0
QSO: 14097 RY 2012-02-12 1442 US4LPY        599 1034   SM2IUF        599 222    0
QSO: 14097 RY 2012-02-12 1443 US4LPY        599 1035   IN3VZE        599 081    0
QSO: 14097 RY 2012-02-12 1443 US4LPY        599 1036   YU1LM/QRP     599 156    0
QSO: 14097 RY 2012-02-12 1445 US4LPY        599 1037   K0ALT         599 804    0
QSO: 14097 RY 2012-02-12 1446 US4LPY        599 1038   DL2GK         599 049    0
QSO: 14097 RY 2012-02-12 1448 US4LPY        599 1039   DL1THB        599 096    0
QSO: 14097 RY 2012-02-12 1448 US4LPY        599 1040   K9QC          599 785    0
QSO: 14097 RY 2012-02-12 1449 US4LPY        599 1041   K1SM          599 115    0
QSO: 14097 RY 2012-02-12 1450 US4LPY        599 1042   LA9TY         599 298    0
QSO: 14097 RY 2012-02-12 1450 US4LPY        599 1043   K0FX          599 555    0
QSO: 14097 RY 2012-02-12 1451 US4LPY        599 1044   SP6NVK        599 303    0
QSO: 14097 RY 2012-02-12 1451 US4LPY        599 1045   DK2AT         599 269    0
QSO: 14097 RY 2012-02-12 1452 US4LPY        599 1046   W7PP          599 519    0
QSO: 14097 RY 2012-02-12 1453 US4LPY        599 1047   I2TFJ         599 196    0
QSO: 14097 RY 2012-02-12 1453 US4LPY        599 1048   OK1DKO        599 578    0
QSO: 14097 RY 2012-02-12 1455 US4LPY        599 1049   SP2MKZ        599 263    0
QSO: 14097 RY 2012-02-12 1456 US4LPY        599 1050   DR7B          599 1367   0
QSO: 14097 RY 2012-02-12 1457 US4LPY        599 1051   OK7CM         599 055    0
QSO: 14097 RY 2012-02-12 1458 US4LPY        599 1052   SP1DPA        599 184    0
QSO: 14097 RY 2012-02-12 1501 US4LPY        599 1053   LA9DK         599 271    0
QSO: 14097 RY 2012-02-12 1501 US4LPY        599 1054   8S50BQ        599 571    0
QSO: 14097 RY 2012-02-12 1502 US4LPY        599 1055   S56A          599 794    0
QSO: 14097 RY 2012-02-12 1503 US4LPY        599 1056   F1IWH         599 399    0
QSO: 14097 RY 2012-02-12 1504 US4LPY        599 1057   5C2P          599 634    0
QSO: 14097 RY 2012-02-12 1504 US4LPY        599 1058   UB8DX         599 428    0
QSO: 14097 RY 2012-02-12 1506 US4LPY        599 1059   KG6YHH        599 088    0
QSO: 14097 RY 2012-02-12 1507 US4LPY        599 1060   IZ5DKO        599 129    0
QSO: 14097 RY 2012-02-12 1508 US4LPY        599 1061   SP3DOF        599 386    0
QSO: 14097 RY 2012-02-12 1509 US4LPY        599 1062   G0BWG/QRP     599 031    0
QSO: 14097 RY 2012-02-12 1510 US4LPY        599 1063   PD9GD         599 072    0
QSO: 14097 RY 2012-02-12 1511 US4LPY        599 1064   NC6CC         599 392    0
QSO: 14100 RY 2012-02-12 1514 US4LPY        599 1065   G0VXE         599 184    0
QSO: 14102 RY 2012-02-12 1515 US4LPY        599 1066   EA2RCF        599 1521   0
QSO: 14103 RY 2012-02-12 1516 US4LPY        599 1067   I2XLF         599 450    0
QSO: 14103 RY 2012-02-12 1517 US4LPY        599 1068   RA2FF         599 431    0
QSO: 14115 RY 2012-02-12 1524 US4LPY        599 1069   DL3OH         599 198    0
QSO: 14075 RY 2012-02-12 1528 US4LPY        599 1070   LA5QIA        599 353    0
QSO: 14076 RY 2012-02-12 1528 US4LPY        599 1071   SZ1A          599 1600   0
QSO: 21109 RY 2012-02-12 1534 US4LPY        599 1072   GW4SKA        599 1356   0
QSO: 21113 RY 2012-02-12 1535 US4LPY        599 1073   VA2UP         599 1569   0
QSO: 21115 RY 2012-02-12 1536 US4LPY        599 1074   VA2AM         599 1125   0
QSO: 21116 RY 2012-02-12 1539 US4LPY        599 1075   WA2ETU        599 1132   0
QSO: 21117 RY 2012-02-12 1540 US4LPY        599 1076   WX4G          599 834    0
QSO: 21120 RY 2012-02-12 1540 US4LPY        599 1077   KY5R          599 729    0
QSO: 21119 RY 2012-02-12 1541 US4LPY        599 1078   F/TU5KG       599 1667   0
QSO: 21125 RY 2012-02-12 1542 US4LPY        599 1079   FM/F6AUS      599 816    0
QSO: 21128 RY 2012-02-12 1543 US4LPY        599 1080   VA3DX         599 1177   0
QSO: 21129 RY 2012-02-12 1545 US4LPY        599 1081   K3WW          599 889    0
QSO: 21131 RY 2012-02-12 1546 US4LPY        599 1082   W2YC          599 1213   0
QSO: 21106 RY 2012-02-12 1553 US4LPY        599 1083   IT9HBT        599 1334   0
QSO: 14116 RY 2012-02-12 1600 US4LPY        599 1084   EA5HAB        599 926    0
QSO: 14115 RY 2012-02-12 1601 US4LPY        599 1085   II3CV         599 003    0
QSO: 14114 RY 2012-02-12 1601 US4LPY        599 1086   GM8SBH        599 919    0
QSO: 14118 RY 2012-02-12 1606 US4LPY        599 1087   EB1DMQ        599 098    0
QSO: 14118 RY 2012-02-12 1608 US4LPY        599 1088   PA3HGF        599 089    0
QSO:  7035 RY 2012-02-12 1612 US4LPY        599 1089   RA9FRD        599 600    0
QSO:  7035 RY 2012-02-12 1613 US4LPY        599 1090   OK2UHP        599 359    0
QSO:  7035 RY 2012-02-12 1613 US4LPY        599 1091   DJ4WM         599 245    0
QSO:  7035 RY 2012-02-12 1615 US4LPY        599 1092   DL3OH         599 219    0
QSO:  7035 RY 2012-02-12 1615 US4LPY        599 1093   HF1Z          599 252    0
QSO:  7035 RY 2012-02-12 1620 US4LPY        599 1094   OH6R          599 879    0
QSO:  7035 RY 2012-02-12 1622 US4LPY        599 1095   DK2AB         599 004    0
QSO:  7035 RY 2012-02-12 1624 US4LPY        599 1096   RN4HFJ        599 948    0
QSO:  7035 RY 2012-02-12 1628 US4LPY        599 1097   SN7O          599 289    0
QSO:  7035 RY 2012-02-12 1628 US4LPY        599 1098   MM0EAX        599 727    0
QSO:  7035 RY 2012-02-12 1629 US4LPY        599 1099   SN7F          599 229    0
QSO:  7035 RY 2012-02-12 1630 US4LPY        599 1100   OK2PF         599 355    0
QSO:  7035 RY 2012-02-12 1631 US4LPY        599 1101   OE5PEN        599 221    0
END-OF-LOG:
