START-OF-LOG: 3.0
CALLSIGN: EA5ERA
CONTEST: CQ-WPX-SSB
CATEGORY-OPERATOR: SINGLE-OP
CATEGORY-ASSISTED: ASSISTED
CATEGORY-BAND: ALL
CATEGORY-POWER: LOW
CATEGORY-MODE: SSB
CATEGORY-TRANSMITTER: ONE
CATEGORY-OVERLAY:
CLAIMED-SCORE: 9250
NAME: salvador
LOCATION: DX
OPERATORS: EA5ERA
CLUB:
CERTIFICATE: YES
CREATED-BY: N1MM Logger+ 1.0.6108.0
QSO: 14282 PH 2017-03-25 1603 EA5ERA        59  0001   OE3IDE        59  0025
QSO: 14230 PH 2017-03-25 1606 EA5ERA        59  0002   OE1RFU        59  0015
QSO: 14230 PH 2017-03-25 1607 EA5ERA        59  0003   YT2AAA        59  0257
QSO: 14230 PH 2017-03-25 1607 EA5ERA        59  0004   9A4WW         59  0013
QSO: 14230 PH 2017-03-25 1608 EA5ERA        59  0005   EE5D          59  0173
QSO: 14230 PH 2017-03-25 1608 EA5ERA        59  0006   CQ8M          59  0181
QSO: 14230 PH 2017-03-25 1609 EA5ERA        59  0007   W4CD          59  0020
QSO: 14230 PH 2017-03-25 1610 EA5ERA        59  0008   LY2BUU        59  0187
QSO: 14230 PH 2017-03-25 1610 EA5ERA        59  0009   YU7ZZ         59  0117
QSO: 14230 PH 2017-03-25 1611 EA5ERA        59  0010   9A1AD         59  0163
QSO: 14253 PH 2017-03-25 1612 EA5ERA        59  0011   Z35W          59  0468
QSO: 14253 PH 2017-03-25 1613 EA5ERA        59  0012   SV3RPQ        59  0230
QSO: 14253 PH 2017-03-25 1616 EA5ERA        59  0013   YO9FLL        59  0088
QSO: 14253 PH 2017-03-25 1617 EA5ERA        59  0014   HA5BA         59  0071
QSO: 14253 PH 2017-03-25 1618 EA5ERA        59  0015   9A0W          59  0275
QSO: 14253 PH 2017-03-25 1618 EA5ERA        59  0016   IT8ARF        59  0038
QSO: 14253 PH 2017-03-25 1620 EA5ERA        59  0017   OE1SO/P       59  0331
QSO: 14253 PH 2017-03-25 1623 EA5ERA        59  0018   IR8W          59  0081
QSO: 14253 PH 2017-03-25 1623 EA5ERA        59  0019   OK7MT         59  0024
QSO: 14253 PH 2017-03-25 1626 EA5ERA        59  0020   IK7JVE        59  0082
QSO: 14253 PH 2017-03-25 1626 EA5ERA        59  0021   YU2A          59  0104
QSO: 14253 PH 2017-03-25 1629 EA5ERA        59  0022   UT7NY         59  0073
QSO: 14265 PH 2017-03-25 1632 EA5ERA        59  0023   EA8AQV        59  0072
QSO: 14265 PH 2017-03-25 1633 EA5ERA        59  0024   OK1CLD        59  0083
QSO: 14265 PH 2017-03-25 1634 EA5ERA        59  0025   MM0MUN        59  0075
QSO: 14280 PH 2017-03-25 1641 EA5ERA        59  0026   OE1HHB        59  0262
QSO: 14280 PH 2017-03-25 1643 EA5ERA        59  0027   IT9NAN        59  0093
QSO: 14280 PH 2017-03-25 1644 EA5ERA        59  0028   OE3A          59  0177
QSO: 14280 PH 2017-03-25 1645 EA5ERA        59  0029   HA3OU         59  0012
QSO: 14310 PH 2017-03-25 1649 EA5ERA        59  0030   HG7T          59  0550
QSO: 14318 PH 2017-03-25 1649 EA5ERA        59  0031   LY27A         59  0843
QSO: 14333 PH 2017-03-25 1655 EA5ERA        59  0032   4X6TT         59  1366
QSO: 14335 PH 2017-03-25 1656 EA5ERA        59  0033   EB8AH         59  2817
QSO: 14346 PH 2017-03-25 1656 EA5ERA        59  0034   HA3DX         59  0772
QSO: 21285 PH 2017-03-25 1659 EA5ERA        59  0035   SV9CVY        59  0179
QSO: 21291 PH 2017-03-25 1701 EA5ERA        59  0036   D41CV         59  1201
QSO: 21354 PH 2017-03-25 1702 EA5ERA        59  0037   PV2P          59  1001
QSO: 21321 PH 2017-03-25 1704 EA5ERA        59  0038   PP5JYP        59  0060
QSO: 21297 PH 2017-03-25 1706 EA5ERA        59  0039   CT3T          59  0010
QSO: 21258 PH 2017-03-25 1708 EA5ERA        59  0040   P33W          59  0570
QSO: 21235 PH 2017-03-25 1712 EA5ERA        59  0041   PP5JN         59  0493
QSO: 14306 PH 2017-03-25 1715 EA5ERA        59  0042   TC2MK         59  0941
QSO: 14241 PH 2017-03-26 0654 EA5ERA        59  0043   OG73X         59  1102
QSO: 14146 PH 2017-03-26 0704 EA5ERA        59  0044   OM6DN         59  0374
QSO: 14146 PH 2017-03-26 0705 EA5ERA        59  0045   HG2A          59  48098
QSO: 14146 PH 2017-03-26 0707 EA5ERA        59  0046   SV2HJW        59  0067
QSO: 14146 PH 2017-03-26 0707 EA5ERA        59  0047   OM8JP         59  0100
QSO: 14337 PH 2017-03-26 0821 EA5ERA        59  0048   OM1DK         59  0461
QSO: 14258 PH 2017-03-26 0824 EA5ERA        59  0049   ED8W          59  1408
QSO: 14244 PH 2017-03-26 0830 EA5ERA        59  0050   SV1PMH        59  0412
QSO: 14244 PH 2017-03-26 0831 EA5ERA        59  0051   LZ1DM         59  0316
QSO: 14244 PH 2017-03-26 0842 EA5ERA        59  0052   RT5ZT         59  1967
QSO: 14244 PH 2017-03-26 0847 EA5ERA        59  0053   EF8I          59  0449
QSO: 14289 PH 2017-03-26 0848 EA5ERA        59  0054   SZ1A          59  0271
QSO: 14216 PH 2017-03-26 0852 EA5ERA        59  0055   9A1A          59  1260
QSO: 14202 PH 2017-03-26 0853 EA5ERA        59  0056   LZ9W          59  1520
QSO: 14214 PH 2017-03-26 0854 EA5ERA        59  0057   LY5O          59  0340
QSO: 14223 PH 2017-03-26 0855 EA5ERA        59  0058   YT1A          59  1349
QSO: 14250 PH 2017-03-26 0858 EA5ERA        59  0059   PR7AA         59  2011
QSO: 14319 PH 2017-03-26 1017 EA5ERA        59  0060   SP2WGB        59  0117
QSO: 21269 PH 2017-03-26 1021 EA5ERA        59  0061   UT8IM         59  0405
QSO: 21269 PH 2017-03-26 1021 EA5ERA        59  0062   RL6M          59  1061
QSO: 21269 PH 2017-03-26 1024 EA5ERA        59  0063   UX3IT         59  0474
QSO: 21269 PH 2017-03-26 1026 EA5ERA        59  0064   UR6IJ         59  0108
QSO: 21269 PH 2017-03-26 1028 EA5ERA        59  0065   UV7V          59  0837
QSO: 21269 PH 2017-03-26 1029 EA5ERA        59  0066   RV7M          59  0268
QSO: 21269 PH 2017-03-26 1032 EA5ERA        59  0067   UX1VX         59  0302
QSO: 21269 PH 2017-03-26 1035 EA5ERA        59  0068   RL4F          59  0006
QSO: 21269 PH 2017-03-26 1036 EA5ERA        59  0069   TA3IW         59  0089
QSO: 21269 PH 2017-03-26 1037 EA5ERA        59  0070   UT7QL         59  0846
QSO: 21269 PH 2017-03-26 1037 EA5ERA        59  0071   O8SAO         59  0044
QSO: 21269 PH 2017-03-26 1038 EA5ERA        59  0072   US0HZ         59  1033
QSO: 21269 PH 2017-03-26 1038 EA5ERA        59  0073   TA7JE         59  0017
QSO: 21269 PH 2017-03-26 1041 EA5ERA        59  0074   R2ZC          59  0037
QSO: 21269 PH 2017-03-26 1044 EA5ERA        59  0075   UA3RKK        59  0294
QSO: 21269 PH 2017-03-26 1046 EA5ERA        59  0076   CN3A          59  0911
QSO: 21269 PH 2017-03-26 1049 EA5ERA        59  0077   II9P          59  0435
QSO: 21279 PH 2017-03-26 1058 EA5ERA        59  0078   A73A          59  0949
QSO: 21292 PH 2017-03-26 1121 EA5ERA        59  0079   4X7R          59  2540
QSO: 14326 PH 2017-03-26 1330 EA5ERA        59  0080   NR3X          59  2198
QSO: 21333 PH 2017-03-26 1337 EA5ERA        59  0081   4X0A          59  0558
END-OF-LOG:
