START-OF-LOG: 3.0
CREATED-BY: TR4W v.4.51.0
CALLSIGN: ZS9Z
CONTEST: CQ-WPX-SSB
CLAIMED-SCORE: 1025870
CATEGORY-ASSISTED: NON-ASSISTED
CATEGORY-BAND: 15M
CATEGORY-MODE: SSB
CATEGORY-OPERATOR: SINGLE-OP
CATEGORY-POWER: HIGH
CATEGORY-STATION: FIXED
OPERATORS: zs1oin
CLUB: SARL
LOCATION: Table View
NAME: Oleg Neruchev
CATEGORY-TRANSMITTER: ONE
QSO: 14190 PH 2017-03-25 0516 ZS9Z          59  0001 II9P          59  0079
QSO: 14242 PH 2017-03-25 0525 ZS9Z          59  0002 OM7M          59  0584
QSO: 14164 PH 2017-03-25 0534 ZS9Z          59  0003 RW3XZ         59  0078
QSO: 14257 PH 2017-03-25 0546 ZS9Z          59  0004 ES9C          59  0485
QSO: 14280 PH 2017-03-25 0548 ZS9Z          59  0005 OF100FI       59  0159
QSO: 14295 PH 2017-03-25 0553 ZS9Z          59  0006 YL2CI         59  0043
QSO: 14302 PH 2017-03-25 0558 ZS9Z          59  0007 UR7EN         59  0025
QSO: 14302 PH 2017-03-25 0600 ZS9Z          59  0008 S52OT         59  0062
QSO: 14302 PH 2017-03-25 0600 ZS9Z          59  0009 YO9HP         59  0060
QSO: 14302 PH 2017-03-25 0600 ZS9Z          59  0010 OE2S          59  0253
QSO: 14302 PH 2017-03-25 0602 ZS9Z          59  0011 IK7EOT        59  0025
QSO: 14302 PH 2017-03-25 0602 ZS9Z          59  0012 J42T          59  0036
QSO: 14302 PH 2017-03-25 0603 ZS9Z          59  0013 LZ9W          59  0118
QSO: 14302 PH 2017-03-25 0604 ZS9Z          59  0014 UT7E          59  0062
QSO: 14302 PH 2017-03-25 0605 ZS9Z          59  0015 OL4A          59  0055
QSO: 14302 PH 2017-03-25 0609 ZS9Z          59  0016 RU5A          59  0158
QSO: 14302 PH 2017-03-25 0610 ZS9Z          59  0017 SB7W          59  0178
QSO: 14302 PH 2017-03-25 0612 ZS9Z          59  0018 LY1FW         59  0079
QSO: 14302 PH 2017-03-25 0612 ZS9Z          59  0019 DQ5M          59  0222
QSO: 14302 PH 2017-03-25 0612 ZS9Z          59  0020 RT5Z          59  0449
QSO: 14302 PH 2017-03-25 0614 ZS9Z          59  0021 DP6T          59  0021
QSO: 14302 PH 2017-03-25 0614 ZS9Z          59  0022 S58M          59  0334
QSO: 14302 PH 2017-03-25 0614 ZS9Z          59  0023 9A2JK         59  0004
QSO: 14302 PH 2017-03-25 0615 ZS9Z          59  0024 OT6M          59  0350
QSO: 14302 PH 2017-03-25 0616 ZS9Z          59  0025 LY2OU         59  0046
QSO: 14302 PH 2017-03-25 0616 ZS9Z          59  0026 SV2JAO        59  0019
QSO: 14302 PH 2017-03-25 0617 ZS9Z          59  0027 R3AP          59  0168
QSO: 14302 PH 2017-03-25 0617 ZS9Z          59  0028 DL5NAM        59  0013
QSO: 14302 PH 2017-03-25 0618 ZS9Z          59  0029 D31P          59  0133
QSO: 14302 PH 2017-03-25 0621 ZS9Z          59  0030 ES2MC         59  0058
QSO: 14302 PH 2017-03-25 0625 ZS9Z          59  0031 ON4GI         59  0011
QSO: 14302 PH 2017-03-25 0627 ZS9Z          59  0032 A44A          59  0413
QSO: 14302 PH 2017-03-25 0631 ZS9Z          59  0033 ZS8Z          59  0003
QSO: 14302 PH 2017-03-25 0633 ZS9Z          59  0034 F1RAF         59  0004
QSO: 14160 PH 2017-03-25 0645 ZS9Z          59  0035 5R8SV         59  0007
QSO: 14160 PH 2017-03-25 0650 ZS9Z          59  0036 EW5Z          59  0577
QSO: 14160 PH 2017-03-25 0652 ZS9Z          59  0037 SM7SEL        59  0003
QSO: 14160 PH 2017-03-25 0653 ZS9Z          59  0038 DF2BO         59  0018
QSO: 14160 PH 2017-03-25 0654 ZS9Z          59  0039 IY4FGM        59  0359
QSO: 14160 PH 2017-03-25 0657 ZS9Z          59  0040 LY2XW         59  0033
QSO: 14160 PH 2017-03-25 0658 ZS9Z          59  0041 IO5O          59  0745
QSO: 14160 PH 2017-03-25 0659 ZS9Z          59  0042 HA3HP         59  0057
QSO: 21230 PH 2017-03-25 0705 ZS9Z          59  0043 A61FK         59  0093
QSO: 21212 PH 2017-03-25 0707 ZS9Z          59  0044 9A1A          59  0009
QSO: 21212 PH 2017-03-25 0708 ZS9Z          59  0045 IZ8EYP        59  0019
QSO: 21212 PH 2017-03-25 0709 ZS9Z          59  0046 J42T          59  0003
QSO: 21212 PH 2017-03-25 0711 ZS9Z          59  0047 SV1KYC        59  0028
QSO: 21212 PH 2017-03-25 0712 ZS9Z          59  0048 LZ9W          59  0012
QSO: 21212 PH 2017-03-25 0714 ZS9Z          59  0049 I3FGX         59  0005
QSO: 21212 PH 2017-03-25 0715 ZS9Z          59  0050 SP5AUY        59  0007
QSO: 21212 PH 2017-03-25 0715 ZS9Z          59  0051 Z37M          59  0347
QSO: 21212 PH 2017-03-25 0716 ZS9Z          59  0052 YO8WW         59  0002
QSO: 21202 PH 2017-03-25 0723 ZS9Z          59  0053 P33W          59  0021
QSO: 21202 PH 2017-03-25 0725 ZS9Z          59  0054 IZ7EUB        59  0003
QSO: 21202 PH 2017-03-25 0726 ZS9Z          59  0055 TM7F          59  0002
QSO: 21202 PH 2017-03-25 0728 ZS9Z          59  0056 UW4W          59  0144
QSO: 21202 PH 2017-03-25 0730 ZS9Z          59  0057 SV1OCN        59  0023
QSO: 21202 PH 2017-03-25 0731 ZS9Z          59  0058 OM8DD         59  0010
QSO: 21202 PH 2017-03-25 0731 ZS9Z          59  0059 CN3A          59  0006
QSO: 21202 PH 2017-03-25 0731 ZS9Z          59  0060 IR4M          59  0754
QSO: 21202 PH 2017-03-25 0733 ZS9Z          59  0061 UA6LCN        59  0045
QSO: 21202 PH 2017-03-25 0734 ZS9Z          59  0062 UT1DX         59  0008
QSO: 21202 PH 2017-03-25 0734 ZS9Z          59  0063 4Z5SL         59  0056
QSO: 21202 PH 2017-03-25 0735 ZS9Z          59  0064 LY2NY         59  0007
QSO: 21202 PH 2017-03-25 0736 ZS9Z          59  0065 UT5EL         59  0005
QSO: 21202 PH 2017-03-25 0737 ZS9Z          59  0066 DM0Y          59  0007
QSO: 21202 PH 2017-03-25 0738 ZS9Z          59  0067 IK7XNF        59  0005
QSO: 21202 PH 2017-03-25 0740 ZS9Z          59  0068 IZ5TJD/7      59  0002
QSO: 21202 PH 2017-03-25 0740 ZS9Z          59  0069 RA6GW         59  0063
QSO: 21202 PH 2017-03-25 0741 ZS9Z          59  0070 HG7T          59  0010
QSO: 21202 PH 2017-03-25 0741 ZS9Z          59  0071 YR8V          59  0011
QSO: 21202 PH 2017-03-25 0741 ZS9Z          59  0072 LY1R          59  0005
QSO: 21202 PH 2017-03-25 0743 ZS9Z          59  0073 SV8/SV1CEI    59  0023
QSO: 21202 PH 2017-03-25 0743 ZS9Z          59  0074 IR8P          59  0672
QSO: 21202 PH 2017-03-25 0743 ZS9Z          59  0075 RU1A          59  0776
QSO: 21202 PH 2017-03-25 0744 ZS9Z          59  0076 R2RT          59  0142
QSO: 21202 PH 2017-03-25 0745 ZS9Z          59  0077 YR8D          59  0317
QSO: 21202 PH 2017-03-25 0746 ZS9Z          59  0078 UW1M          59  0695
QSO: 21202 PH 2017-03-25 0746 ZS9Z          59  0079 R9RA          59  0056
QSO: 21202 PH 2017-03-25 0747 ZS9Z          59  0080 IT9GBF        59  0002
QSO: 21202 PH 2017-03-25 0748 ZS9Z          59  0081 4X7R          59  0656
QSO: 21202 PH 2017-03-25 0750 ZS9Z          59  0082 IS0HXK        59  0002
QSO: 21225 PH 2017-03-25 0802 ZS9Z          59  0083 HA3DX         59  0487
QSO: 21225 PH 2017-03-25 0803 ZS9Z          59  0084 LZ9V          59  0011
QSO: 21233 PH 2017-03-25 0851 ZS9Z          59  0085 DL1EK         59  0002
QSO: 21233 PH 2017-03-25 0854 ZS9Z          59  0086 DL9GWD        59  0044
QSO: 21233 PH 2017-03-25 0855 ZS9Z          59  0087 OH6GDX        59  0074
QSO: 21233 PH 2017-03-25 0856 ZS9Z          59  0088 DP7D          59  0008
QSO: 21233 PH 2017-03-25 0856 ZS9Z          59  0089 LZ5R          59  0034
QSO: 21233 PH 2017-03-25 0859 ZS9Z          59  0090 RT5A          59  0078
QSO: 21233 PH 2017-03-25 0900 ZS9Z          59  0091 RA4DR         59  0016
QSO: 21233 PH 2017-03-25 0900 ZS9Z          59  0092 II9P          59  0053
QSO: 21233 PH 2017-03-25 0900 ZS9Z          59  0093 SN5X          59  0027
QSO: 21233 PH 2017-03-25 0901 ZS9Z          59  0094 DF9OO         59  0086
QSO: 21233 PH 2017-03-25 0901 ZS9Z          59  0095 TA3MHA        59  0021
QSO: 21233 PH 2017-03-25 0901 ZS9Z          59  0096 EA7EU         59  0380
QSO: 21233 PH 2017-03-25 0902 ZS9Z          59  0097 SM4EMO        59  0059
QSO: 21233 PH 2017-03-25 0902 ZS9Z          59  0098 C4A           59  0039
QSO: 21233 PH 2017-03-25 0902 ZS9Z          59  0099 OT5A          59  0015
QSO: 21233 PH 2017-03-25 0904 ZS9Z          59  0100 RU3SD         59  0065
QSO: 21233 PH 2017-03-25 0905 ZS9Z          59  0101 EA5FCW        59  0003
QSO: 21233 PH 2017-03-25 0906 ZS9Z          59  0102 EA9ACD        59  0009
QSO: 21233 PH 2017-03-25 0906 ZS9Z          59  0103 DM2MA         59  0133
QSO: 21233 PH 2017-03-25 0907 ZS9Z          59  0104 OG6N          59  0222
QSO: 21233 PH 2017-03-25 0907 ZS9Z          59  0105 UA4S          59  0083
QSO: 21233 PH 2017-03-25 0907 ZS9Z          59  0106 DQ0U          59  0376
QSO: 21233 PH 2017-03-25 0908 ZS9Z          59  0107 UR7R          59  0055
QSO: 21233 PH 2017-03-25 0912 ZS9Z          59  0108 R7MM          59  0283
QSO: 21233 PH 2017-03-25 0913 ZS9Z          59  0109 CT4NH         59  0002
QSO: 21233 PH 2017-03-25 0914 ZS9Z          59  0110 OE1150WG      59  0207
QSO: 21233 PH 2017-03-25 0915 ZS9Z          59  0111 EA5EV         59  0046
QSO: 21233 PH 2017-03-25 0915 ZS9Z          59  0112 CR6T          59  0011
QSO: 21233 PH 2017-03-25 0916 ZS9Z          59  0113 DO4OD         59  0021
QSO: 21233 PH 2017-03-25 0917 ZS9Z          59  0114 ON7IDX        59  0003
QSO: 21233 PH 2017-03-25 0917 ZS9Z          59  0115 9A6XX         59  0471
QSO: 21233 PH 2017-03-25 0917 ZS9Z          59  0116 SP3HLM        59  0001
QSO: 21233 PH 2017-03-25 0918 ZS9Z          59  0117 RT4D          59  0388
QSO: 21233 PH 2017-03-25 0919 ZS9Z          59  0118 DG5MLA        59  0069
QSO: 21233 PH 2017-03-25 0920 ZS9Z          59  0119 UT7CR         59  0390
QSO: 21233 PH 2017-03-25 0920 ZS9Z          59  0120 UT7E          59  0145
QSO: 21233 PH 2017-03-25 0920 ZS9Z          59  0121 SP6JZL        59  0337
QSO: 21233 PH 2017-03-25 0921 ZS9Z          59  0122 DR2P          59  0219
QSO: 21233 PH 2017-03-25 0923 ZS9Z          59  0123 OF4BNP        59  0049
QSO: 21233 PH 2017-03-25 0927 ZS9Z          59  0124 SQ4WHH        59  0275
QSO: 21233 PH 2017-03-25 0927 ZS9Z          59  0125 RO3G          59  0369
QSO: 21233 PH 2017-03-25 0928 ZS9Z          59  0126 UX3MF         59  0013
QSO: 21233 PH 2017-03-25 0929 ZS9Z          59  0127 R5AJ          59  0025
QSO: 21233 PH 2017-03-25 0929 ZS9Z          59  0128 I2BUH         59  0033
QSO: 21233 PH 2017-03-25 0930 ZS9Z          59  0129 OE2S          59  0456
QSO: 21233 PH 2017-03-25 0932 ZS9Z          59  0130 US0QG         59  0067
QSO: 21233 PH 2017-03-25 0933 ZS9Z          59  0131 DQ5M          59  0513
QSO: 21233 PH 2017-03-25 0933 ZS9Z          59  0132 LY9Y          59  0523
QSO: 21233 PH 2017-03-25 0934 ZS9Z          59  0133 LY27A         59  0006
QSO: 21233 PH 2017-03-25 0935 ZS9Z          59  0134 OH2FNR        59  0101
QSO: 21233 PH 2017-03-25 0935 ZS9Z          59  0135 PI4DX         59  0767
QSO: 21233 PH 2017-03-25 0936 ZS9Z          59  0136 YL2SM         59  0354
QSO: 21233 PH 2017-03-25 0937 ZS9Z          59  0137 CN2AA         59  1495
QSO: 21233 PH 2017-03-25 0940 ZS9Z          59  0138 OK1XC         59  0035
QSO: 21233 PH 2017-03-25 0940 ZS9Z          59  0139 EF3T          59  0011
QSO: 21200 PH 2017-03-25 0947 ZS9Z          59  0140 DP6A          59  0001
QSO: 21200 PH 2017-03-25 0948 ZS9Z          59  0141 DF4ZS         59  0002
QSO: 21200 PH 2017-03-25 0949 ZS9Z          59  0142 I4YSS         59  0011
QSO: 21200 PH 2017-03-25 0949 ZS9Z          59  0143 EA2OK         59  0076
QSO: 21200 PH 2017-03-25 0950 ZS9Z          59  0144 HG8C          59  0071
QSO: 21200 PH 2017-03-25 0950 ZS9Z          59  0145 F5LQ          59  0003
QSO: 21200 PH 2017-03-25 0952 ZS9Z          59  0146 DL2DQL        59  0076
QSO: 21200 PH 2017-03-25 0952 ZS9Z          59  0147 SN7D          59  0281
QSO: 21200 PH 2017-03-25 0953 ZS9Z          59  0148 R9UA          59  0111
QSO: 21200 PH 2017-03-25 0955 ZS9Z          59  0149 ES9C          59  0910
QSO: 21200 PH 2017-03-25 0956 ZS9Z          59  0150 DJ9HX         59  0040
QSO: 21200 PH 2017-03-25 0956 ZS9Z          59  0151 EE5R          59  0033
QSO: 21200 PH 2017-03-25 0957 ZS9Z          59  0152 DK8MZ         59  0011
QSO: 21200 PH 2017-03-25 0958 ZS9Z          59  0153 9A5ST         59  0164
QSO: 21200 PH 2017-03-25 0958 ZS9Z          59  0154 DO1CS         59  0064
QSO: 21200 PH 2017-03-25 0959 ZS9Z          59  0155 DQ8N          59  0832
QSO: 21200 PH 2017-03-25 1000 ZS9Z          59  0156 S56ECR        59  0005
QSO: 21200 PH 2017-03-25 1001 ZS9Z          59  0157 II2S          59  0546
QSO: 21200 PH 2017-03-25 1001 ZS9Z          59  0158 EE7R          59  0005
QSO: 21200 PH 2017-03-25 1002 ZS9Z          59  0159 G4ELJ         59  0002
QSO: 21200 PH 2017-03-25 1003 ZS9Z          59  0160 IK7NXU        59  0108
QSO: 21200 PH 2017-03-25 1004 ZS9Z          59  0161 EB8AH         59  1702
QSO: 21200 PH 2017-03-25 1007 ZS9Z          59  0162 E7DX          59  1120
QSO: 21200 PH 2017-03-25 1007 ZS9Z          59  0163 UA4CC         59  0018
QSO: 21200 PH 2017-03-25 1008 ZS9Z          59  0164 LX1ER         59  0206
QSO: 21200 PH 2017-03-25 1012 ZS9Z          59  0165 2E0UDX        59  0004
QSO: 21200 PH 2017-03-25 1012 ZS9Z          59  0166 DK7DO         59  0003
QSO: 21200 PH 2017-03-25 1013 ZS9Z          59  0167 CT1BOL        59  0012
QSO: 21200 PH 2017-03-25 1014 ZS9Z          59  0168 IZ5CMI        59  0017
QSO: 21200 PH 2017-03-25 1015 ZS9Z          59  0169 RV3LO         59  0044
QSO: 21200 PH 2017-03-25 1015 ZS9Z          59  0170 SP7MC         59  0336
QSO: 21200 PH 2017-03-25 1017 ZS9Z          59  0171 DL6NDW        59  0161
QSO: 21200 PH 2017-03-25 1019 ZS9Z          59  0172 CT3EE         59  0885
QSO: 21200 PH 2017-03-25 1020 ZS9Z          59  0173 EA6XQ         59  0020
QSO: 21200 PH 2017-03-25 1021 ZS9Z          59  0174 IT9OPR        59  0025
QSO: 21200 PH 2017-03-25 1022 ZS9Z          59  0175 DF2LH         59  0006
QSO: 21200 PH 2017-03-25 1023 ZS9Z          59  0176 PA0ZH         59  0001
QSO: 21200 PH 2017-03-25 1023 ZS9Z          59  0177 UW6E          59  0523
QSO: 21200 PH 2017-03-25 1025 ZS9Z          59  0178 LA1DSA        59  0004
QSO: 21200 PH 2017-03-25 1027 ZS9Z          59  0179 DK8AX         59  0071
QSO: 21200 PH 2017-03-25 1027 ZS9Z          59  0180 DF8BP         59  0002
QSO: 21200 PH 2017-03-25 1029 ZS9Z          59  0181 RA7A          59  0432
QSO: 21200 PH 2017-03-25 1030 ZS9Z          59  0182 YO6XK         59  0041
QSO: 21200 PH 2017-03-25 1031 ZS9Z          59  0183 DL0ESA        59  0187
QSO: 21200 PH 2017-03-25 1031 ZS9Z          59  0184 DB2MJ         59  0105
QSO: 21200 PH 2017-03-25 1032 ZS9Z          59  0185 LZ3FN         59  0152
QSO: 21200 PH 2017-03-25 1033 ZS9Z          59  0186 LZ73TRC       59  0025
QSO: 21200 PH 2017-03-25 1034 ZS9Z          59  0187 DL1MHJ        59  0023
QSO: 21200 PH 2017-03-25 1034 ZS9Z          59  0188 UR5IRM        59  0017
QSO: 21200 PH 2017-03-25 1035 ZS9Z          59  0189 EV1R          59  0548
QSO: 21200 PH 2017-03-25 1035 ZS9Z          59  0190 DL0SG         59  0010
QSO: 21200 PH 2017-03-25 1035 ZS9Z          59  0191 OK5ZZ         59  0026
QSO: 21200 PH 2017-03-25 1037 ZS9Z          59  0192 J43TR         59  0882
QSO: 21200 PH 2017-03-25 1039 ZS9Z          59  0193 GS8VL         59  0084
QSO: 21200 PH 2017-03-25 1040 ZS9Z          59  0194 R2AL          59  0010
QSO: 21200 PH 2017-03-25 1040 ZS9Z          59  0195 RX3AMI        59  0007
QSO: 21200 PH 2017-03-25 1042 ZS9Z          59  0196 RO9A          59  0107
QSO: 21200 PH 2017-03-25 1043 ZS9Z          59  0197 TC2G          59  0296
QSO: 21200 PH 2017-03-25 1043 ZS9Z          59  0198 OF6MW         59  0342
QSO: 21200 PH 2017-03-25 1044 ZS9Z          59  0199 RW6AEW        59  0217
QSO: 21200 PH 2017-03-25 1045 ZS9Z          59  0200 YO2CMI        59  0027
QSO: 21200 PH 2017-03-25 1046 ZS9Z          59  0201 I5REA         59  0010
QSO: 21200 PH 2017-03-25 1047 ZS9Z          59  0202 ES5MG         59  0049
QSO: 21200 PH 2017-03-25 1049 ZS9Z          59  0203 RA3LCW        59  0216
QSO: 21200 PH 2017-03-25 1049 ZS9Z          59  0204 DG9SEH        59  0077
QSO: 21200 PH 2017-03-25 1051 ZS9Z          59  0205 UR6IJ         59  0039
QSO: 21200 PH 2017-03-25 1052 ZS9Z          59  0206 IO9A          59  0758
QSO: 21200 PH 2017-03-25 1055 ZS9Z          59  0207 OK6T          59  0435
QSO: 21270 PH 2017-03-25 1102 ZS9Z          59  0208 OM0MS         59  0111
QSO: 21200 PH 2017-03-25 1111 ZS9Z          59  0209 5R8SV         59  0142
QSO: 21224 PH 2017-03-25 1132 ZS9Z          59  0210 OD5ZZ         59  0195
QSO: 21200 PH 2017-03-25 1139 ZS9Z          59  0211 HS0ZIV        59  0003
QSO: 21200 PH 2017-03-25 1141 ZS9Z          59  0212 HS5ZLD        59  0047
QSO: 21200 PH 2017-03-25 1141 ZS9Z          59  0213 UA3KW         59  0100
QSO: 21200 PH 2017-03-25 1142 ZS9Z          59  0214 SV1BFW        59  0002
QSO: 21200 PH 2017-03-25 1143 ZS9Z          59  0215 RZ3VA         59  0028
QSO: 21200 PH 2017-03-25 1144 ZS9Z          59  0216 RZ3DW         59  0071
QSO: 21200 PH 2017-03-25 1144 ZS9Z          59  0217 DM5EE         59  0003
QSO: 21200 PH 2017-03-25 1145 ZS9Z          59  0218 Z60A          59  0068
QSO: 21200 PH 2017-03-25 1146 ZS9Z          59  0219 RM2U          59  0363
QSO: 21200 PH 2017-03-25 1147 ZS9Z          59  0220 LY2ZO         59  0014
QSO: 21200 PH 2017-03-25 1148 ZS9Z          59  0221 UR1MI         59  0029
QSO: 21200 PH 2017-03-25 1149 ZS9Z          59  0222 RU5A          59  0335
QSO: 21200 PH 2017-03-25 1149 ZS9Z          59  0223 YP7P          59  0773
QSO: 21200 PH 2017-03-25 1149 ZS9Z          59  0224 YU3EEA        59  0031
QSO: 21200 PH 2017-03-25 1150 ZS9Z          59  0225 SY1AQG        59  0018
QSO: 21200 PH 2017-03-25 1152 ZS9Z          59  0226 A71MM         59  0292
QSO: 21200 PH 2017-03-25 1154 ZS9Z          59  0227 KR4Z          59  0117
QSO: 21200 PH 2017-03-25 1200 ZS9Z          59  0228 RM3V          59  0021
QSO: 21200 PH 2017-03-25 1201 ZS9Z          59  0229 RA1QD         59  0195
QSO: 21200 PH 2017-03-25 1202 ZS9Z          59  0230 N3RD          59  0118
QSO: 21200 PH 2017-03-25 1203 ZS9Z          59  0231 R3RF          59  0056
QSO: 21200 PH 2017-03-25 1203 ZS9Z          59  0232 WX3B          59  0013
QSO: 21200 PH 2017-03-25 1205 ZS9Z          59  0233 ES7A          59  0017
QSO: 21200 PH 2017-03-25 1206 ZS9Z          59  0234 HB9CA         59  0269
QSO: 21200 PH 2017-03-25 1207 ZS9Z          59  0235 PY2TOP        59  0016
QSO: 21200 PH 2017-03-25 1208 ZS9Z          59  0236 NN5J          59  0691
QSO: 21200 PH 2017-03-25 1212 ZS9Z          59  0237 SP5XOV        59  0004
QSO: 21200 PH 2017-03-25 1213 ZS9Z          59  0238 EC5NJ         59  0328
QSO: 21200 PH 2017-03-25 1214 ZS9Z          59  0239 RZ3DOT        59  0006
QSO: 21200 PH 2017-03-25 1215 ZS9Z          59  0240 YU1ZT         59  0299
QSO: 21200 PH 2017-03-25 1215 ZS9Z          59  0241 RC2A          59  0238
QSO: 21200 PH 2017-03-25 1215 ZS9Z          59  0242 DR1X          59  0355
QSO: 21200 PH 2017-03-25 1216 ZS9Z          59  0243 IZ3SQW        59  0111
QSO: 21200 PH 2017-03-25 1220 ZS9Z          59  0244 G5O           59  0025
QSO: 21200 PH 2017-03-25 1220 ZS9Z          59  0245 RT5Z          59  1035
QSO: 21200 PH 2017-03-25 1220 ZS9Z          59  0246 G3TBK         59  0028
QSO: 21200 PH 2017-03-25 1221 ZS9Z          59  0247 EW2W          59  0016
QSO: 21200 PH 2017-03-25 1221 ZS9Z          59  0248 IK2YCW        59  0067
QSO: 21200 PH 2017-03-25 1223 ZS9Z          59  0249 UV5U          59  0337
QSO: 21200 PH 2017-03-25 1223 ZS9Z          59  0250 DH1TST        59  0054
QSO: 21200 PH 2017-03-25 1224 ZS9Z          59  0251 R2DGD         59  0110
QSO: 21200 PH 2017-03-25 1225 ZS9Z          59  0252 RZ3TZZ        59  0036
QSO: 21200 PH 2017-03-25 1226 ZS9Z          59  0253 DG1CKP        59  0001
QSO: 21200 PH 2017-03-25 1227 ZS9Z          59  0254 YO3GNF        59  0129
QSO: 21200 PH 2017-03-25 1229 ZS9Z          59  0255 DL3ABL        59  0061
QSO: 21200 PH 2017-03-25 1230 ZS9Z          59  0256 IR6T          59  0040
QSO: 21200 PH 2017-03-25 1231 ZS9Z          59  0257 OG7M          59  0015
QSO: 21200 PH 2017-03-25 1236 ZS9Z          59  0258 G8APB         59  0121
QSO: 21200 PH 2017-03-25 1239 ZS9Z          59  0259 YO7LPZ        59  0027
QSO: 21200 PH 2017-03-25 1239 ZS9Z          59  0260 DF2WF         59  0071
QSO: 21200 PH 2017-03-25 1241 ZS9Z          59  0261 DJ6YL         59  0015
QSO: 21200 PH 2017-03-25 1242 ZS9Z          59  0262 UT5EOX        59  0115
QSO: 21200 PH 2017-03-25 1244 ZS9Z          59  0263 OR1Z          59  0080
QSO: 21200 PH 2017-03-25 1244 ZS9Z          59  0264 DB8AH         59  0057
QSO: 21200 PH 2017-03-25 1249 ZS9Z          59  0265 G7RAU         59  0001
QSO: 21200 PH 2017-03-25 1249 ZS9Z          59  0266 SP4S          59  0006
QSO: 21200 PH 2017-03-25 1251 ZS9Z          59  0267 DL1ATZ        59  0285
QSO: 21200 PH 2017-03-25 1253 ZS9Z          59  0268 DL2SWR        59  0031
QSO: 21200 PH 2017-03-25 1255 ZS9Z          59  0269 OG3G          59  0007
QSO: 21200 PH 2017-03-25 1257 ZS9Z          59  0270 HZ1BW         59  0289
QSO: 21200 PH 2017-03-25 1257 ZS9Z          59  0271 RN3Z          59  0175
QSO: 21200 PH 2017-03-25 1258 ZS9Z          59  0272 F5KMY         59  0042
QSO: 21200 PH 2017-03-25 1259 ZS9Z          59  0273 LN4O          59  0010
QSO: 21200 PH 2017-03-25 1300 ZS9Z          59  0274 D2XX          59  0135
QSO: 21200 PH 2017-03-25 1301 ZS9Z          59  0275 I4XNN         59  0050
QSO: 21200 PH 2017-03-25 1301 ZS9Z          59  0276 IT9EWR        59  0173
QSO: 21200 PH 2017-03-25 1301 ZS9Z          59  0277 OF9W          59  0010
QSO: 21200 PH 2017-03-25 1303 ZS9Z          59  0278 CT7AMF        59  0026
QSO: 21200 PH 2017-03-25 1303 ZS9Z          59  0279 EA5ON         59  0002
QSO: 21200 PH 2017-03-25 1304 ZS9Z          59  0280 OO4O          59  0177
QSO: 21210 PH 2017-03-25 1309 ZS9Z          59  0281 OH6K          59  0407
QSO: 21210 PH 2017-03-25 1311 ZS9Z          59  0282 KA1R          59  0009
QSO: 21210 PH 2017-03-25 1312 ZS9Z          59  0283 S55T          59  0742
QSO: 21210 PH 2017-03-25 1314 ZS9Z          59  0284 RM3DA         59  0709
QSO: 21210 PH 2017-03-25 1315 ZS9Z          59  0285 EW5Z          59  0868
QSO: 21210 PH 2017-03-25 1315 ZS9Z          59  0286 EA1AT         59  0024
QSO: 21210 PH 2017-03-25 1316 ZS9Z          59  0287 RA3R          59  0023
QSO: 21210 PH 2017-03-25 1316 ZS9Z          59  0288 UX7IW         59  0026
QSO: 21210 PH 2017-03-25 1317 ZS9Z          59  0289 RA3RBL        59  0169
QSO: 21210 PH 2017-03-25 1317 ZS9Z          59  0290 RJ3AA         59  0035
QSO: 21210 PH 2017-03-25 1318 ZS9Z          59  0291 SV1ELI        59  0067
QSO: 21210 PH 2017-03-25 1318 ZS9Z          59  0292 9A2N          59  0051
QSO: 21210 PH 2017-03-25 1319 ZS9Z          59  0293 I2SVA         59  0052
QSO: 21210 PH 2017-03-25 1320 ZS9Z          59  0294 F4FTA         59  0235
QSO: 21210 PH 2017-03-25 1320 ZS9Z          59  0295 EI7M          59  1474
QSO: 21210 PH 2017-03-25 1321 ZS9Z          59  0296 9A4OP/QRP     59  0078
QSO: 21210 PH 2017-03-25 1322 ZS9Z          59  0297 OE1SZW        59  0017
QSO: 21210 PH 2017-03-25 1323 ZS9Z          59  0298 RG4A          59  0021
QSO: 21210 PH 2017-03-25 1323 ZS9Z          59  0299 OE3PKU        59  0026
QSO: 21210 PH 2017-03-25 1324 ZS9Z          59  0300 DL4MP         59  0001
QSO: 21210 PH 2017-03-25 1324 ZS9Z          59  0301 OM3EY         59  0022
QSO: 21210 PH 2017-03-25 1325 ZS9Z          59  0302 IU5FFM        59  0036
QSO: 21210 PH 2017-03-25 1326 ZS9Z          59  0303 RL3BZ         59  0012
QSO: 21210 PH 2017-03-25 1326 ZS9Z          59  0304 RK7M          59  0003
QSO: 21210 PH 2017-03-25 1326 ZS9Z          59  0305 IO9R          59  0077
QSO: 21210 PH 2017-03-25 1327 ZS9Z          59  0306 SM5YRA        59  0064
QSO: 21210 PH 2017-03-25 1331 ZS9Z          59  0307 ED8B          59  0160
QSO: 21210 PH 2017-03-25 1332 ZS9Z          59  0308 IS0BHY        59  0031
QSO: 21210 PH 2017-03-25 1333 ZS9Z          59  0309 LZ1YQ         59  0037
QSO: 21210 PH 2017-03-25 1335 ZS9Z          59  0310 RK7KB         59  0055
QSO: 21210 PH 2017-03-25 1336 ZS9Z          59  0311 IZ0BVU        59  0257
QSO: 21210 PH 2017-03-25 1336 ZS9Z          59  0312 IN3QGY        59  0002
QSO: 21210 PH 2017-03-25 1337 ZS9Z          59  0313 HA5PP         59  0110
QSO: 21210 PH 2017-03-25 1338 ZS9Z          59  0314 ON6NL         59  0329
QSO: 21210 PH 2017-03-25 1338 ZS9Z          59  0315 TM3Z          59  0635
QSO: 21210 PH 2017-03-25 1338 ZS9Z          59  0316 RX7K          59  0047
QSO: 21210 PH 2017-03-25 1339 ZS9Z          59  0317 CT1DSV        59  0002
QSO: 21210 PH 2017-03-25 1339 ZS9Z          59  0318 IZ8SFM        59  0030
QSO: 21210 PH 2017-03-25 1340 ZS9Z          59  0319 RD4F          59  0148
QSO: 21210 PH 2017-03-25 1340 ZS9Z          59  0320 ON4WIY        59  0004
QSO: 21210 PH 2017-03-25 1340 ZS9Z          59  0321 R4FAN         59  0228
QSO: 21210 PH 2017-03-25 1341 ZS9Z          59  0322 DK2LO         59  0004
QSO: 21210 PH 2017-03-25 1342 ZS9Z          59  0323 4Z5PJ         59  0024
QSO: 21210 PH 2017-03-25 1342 ZS9Z          59  0324 OP4K          59  0635
QSO: 21210 PH 2017-03-25 1343 ZS9Z          59  0325 SP9N          59  0403
QSO: 21210 PH 2017-03-25 1344 ZS9Z          59  0326 DC7DX         59  0008
QSO: 21210 PH 2017-03-25 1344 ZS9Z          59  0327 DJ4MM         59  0006
QSO: 21210 PH 2017-03-25 1345 ZS9Z          59  0328 IV3OKO        59  0003
QSO: 21210 PH 2017-03-25 1345 ZS9Z          59  0329 OE3WMA        59  0009
QSO: 21210 PH 2017-03-25 1346 ZS9Z          59  0330 OK2MG         59  0002
QSO: 21210 PH 2017-03-25 1347 ZS9Z          59  0331 EE5D          59  0097
QSO: 21210 PH 2017-03-25 1348 ZS9Z          59  0332 CQ8M          59  0514
QSO: 21210 PH 2017-03-25 1349 ZS9Z          59  0333 HG1S          59  1342
QSO: 21210 PH 2017-03-25 1349 ZS9Z          59  0334 IU4FLO        59  0032
QSO: 21210 PH 2017-03-25 1350 ZS9Z          59  0335 TY2CD         59  0009
QSO: 21210 PH 2017-03-25 1350 ZS9Z          59  0336 DF0BV         59  0115
QSO: 21210 PH 2017-03-25 1351 ZS9Z          59  0337 DO6JJ         59  0006
QSO: 21210 PH 2017-03-25 1351 ZS9Z          59  0338 DP6T          59  0028
QSO: 21210 PH 2017-03-25 1353 ZS9Z          59  0339 GJ2A          59  0006
QSO: 21210 PH 2017-03-25 1353 ZS9Z          59  0340 SK5DB         59  0089
QSO: 21210 PH 2017-03-25 1354 ZS9Z          59  0341 G2BKZ         59  0002
QSO: 21210 PH 2017-03-25 1354 ZS9Z          59  0342 PS5A          59  0082
QSO: 21210 PH 2017-03-25 1356 ZS9Z          59  0343 OE3KLU        59  0015
QSO: 21210 PH 2017-03-25 1357 ZS9Z          59  0344 HF0H          59  0021
QSO: 21210 PH 2017-03-25 1358 ZS9Z          59  0345 PA3GDY        59  0001
QSO: 21210 PH 2017-03-25 1358 ZS9Z          59  0346 SV1RMB        59  0171
QSO: 21210 PH 2017-03-25 1359 ZS9Z          59  0347 DF7EF         59  0009
QSO: 21210 PH 2017-03-25 1400 ZS9Z          59  0348 DL6NAL        59  0110
QSO: 21210 PH 2017-03-25 1400 ZS9Z          59  0349 DL0LA         59  0110
QSO: 21210 PH 2017-03-25 1401 ZS9Z          59  0350 S54I          59  0414
QSO: 21210 PH 2017-03-25 1402 ZS9Z          59  0351 TK5MH         59  0010
QSO: 21210 PH 2017-03-25 1403 ZS9Z          59  0352 SV3CQY        59  0006
QSO: 21210 PH 2017-03-25 1404 ZS9Z          59  0353 DL7CX         59  0050
QSO: 21210 PH 2017-03-25 1404 ZS9Z          59  0354 PA0A          59  0003
QSO: 21210 PH 2017-03-25 1405 ZS9Z          59  0355 SP3YOR        59  0065
QSO: 21210 PH 2017-03-25 1405 ZS9Z          59  0356 SD4C          59  0001
QSO: 21210 PH 2017-03-25 1406 ZS9Z          59  0357 YU7W          59  0057
QSO: 21210 PH 2017-03-25 1406 ZS9Z          59  0358 LZ2WNW        59  0133
QSO: 21210 PH 2017-03-25 1407 ZS9Z          59  0359 M0DCD         59  0013
QSO: 21210 PH 2017-03-25 1407 ZS9Z          59  0360 SV1CAL        59  0004
QSO: 21210 PH 2017-03-25 1408 ZS9Z          59  0361 OK7N          59  0032
QSO: 21210 PH 2017-03-25 1408 ZS9Z          59  0362 RL3DI         59  0034
QSO: 21210 PH 2017-03-25 1410 ZS9Z          59  0363 UR5IFB        59  0403
QSO: 21210 PH 2017-03-25 1411 ZS9Z          59  0364 HA3NU         59  0001
QSO: 21210 PH 2017-03-25 1411 ZS9Z          59  0365 PI4D          59  0057
QSO: 21210 PH 2017-03-25 1413 ZS9Z          59  0366 VU2IVV        59  0071
QSO: 21210 PH 2017-03-25 1413 ZS9Z          59  0367 DL5RDI        59  0003
QSO: 21210 PH 2017-03-25 1414 ZS9Z          59  0368 VU2LOC        59  0059
QSO: 21210 PH 2017-03-25 1415 ZS9Z          59  0369 SP8MRD        59  0081
QSO: 21210 PH 2017-03-25 1416 ZS9Z          59  0370 7Z1SJ         59  0788
QSO: 21210 PH 2017-03-25 1417 ZS9Z          59  0371 EA2AAE        59  0016
QSO: 21210 PH 2017-03-25 1418 ZS9Z          59  0372 F5VKT         59  0428
QSO: 21210 PH 2017-03-25 1418 ZS9Z          59  0373 OM1DK         59  0079
QSO: 21210 PH 2017-03-25 1422 ZS9Z          59  0374 IK2JHD        59  0015
QSO: 21210 PH 2017-03-25 1422 ZS9Z          59  0375 US8ICM        59  0002
QSO: 21216 PH 2017-03-25 1430 ZS9Z          59  0376 F6DZU         59  0393
QSO: 21216 PH 2017-03-25 1431 ZS9Z          59  0377 DO9SR         59  0012
QSO: 21216 PH 2017-03-25 1432 ZS9Z          59  0378 OE3A          59  0011
QSO: 21216 PH 2017-03-25 1433 ZS9Z          59  0379 F8VNU         59  0065
QSO: 21216 PH 2017-03-25 1433 ZS9Z          59  0380 E71EEE        59  0023
QSO: 21216 PH 2017-03-25 1434 ZS9Z          59  0381 OE3PFS        59  0020
QSO: 21216 PH 2017-03-25 1434 ZS9Z          59  0382 OE8TTR        59  0015
QSO: 21216 PH 2017-03-25 1436 ZS9Z          59  0383 IV3ZCS        59  0021
QSO: 21216 PH 2017-03-25 1437 ZS9Z          59  0384 I1POR         59  0107
QSO: 21216 PH 2017-03-25 1437 ZS9Z          59  0385 VU2KWJ        59  0191
QSO: 21216 PH 2017-03-25 1439 ZS9Z          59  0386 M0WCO         59  0395
QSO: 21216 PH 2017-03-25 1440 ZS9Z          59  0387 IS0UAF        59  0028
QSO: 21200 PH 2017-03-25 1442 ZS9Z          59  0388 ON4DN         59  0120
QSO: 21200 PH 2017-03-25 1445 ZS9Z          59  0389 PA2LO         59  0170
QSO: 21200 PH 2017-03-25 1445 ZS9Z          59  0390 OK1OA         59  0019
QSO: 21200 PH 2017-03-25 1446 ZS9Z          59  0391 DB1HEF        59  0013
QSO: 21200 PH 2017-03-25 1449 ZS9Z          59  0392 9A1AD         59  0138
QSO: 21200 PH 2017-03-25 1450 ZS9Z          59  0393 IZ2OOS        59  0096
QSO: 21200 PH 2017-03-25 1452 ZS9Z          59  0394 F8KGS         59  0235
QSO: 21200 PH 2017-03-25 1453 ZS9Z          59  0395 YO9BCM        59  0051
QSO: 21200 PH 2017-03-25 1455 ZS9Z          59  0396 PP7DX         59  0074
QSO: 21200 PH 2017-03-25 1456 ZS9Z          59  0397 IU4FIT        59  0081
QSO: 21200 PH 2017-03-25 1456 ZS9Z          59  0398 N4RV          59  0439
QSO: 21200 PH 2017-03-25 1457 ZS9Z          59  0399 C44C          59  0116
QSO: 21200 PH 2017-03-25 1457 ZS9Z          59  0400 KX1BK         59  0061
QSO: 21200 PH 2017-03-25 1457 ZS9Z          59  0401 VE3EJ         59  1283
QSO: 21200 PH 2017-03-25 1458 ZS9Z          59  0402 W3EP          59  0235
QSO: 21200 PH 2017-03-25 1458 ZS9Z          59  0403 WP4PGY        59  0315
QSO: 21200 PH 2017-03-25 1459 ZS9Z          59  0404 VU2ABS        59  0061
QSO: 21200 PH 2017-03-25 1459 ZS9Z          59  0405 IZ3NYG        59  0245
QSO: 21200 PH 2017-03-25 1459 ZS9Z          59  0406 W3FG          59  0026
QSO: 21200 PH 2017-03-25 1501 ZS9Z          59  0407 VC3T          59  0725
QSO: 21200 PH 2017-03-25 1501 ZS9Z          59  0408 N5KUC         59  0065
QSO: 21200 PH 2017-03-25 1502 ZS9Z          59  0409 EA5DM         59  0009
QSO: 21200 PH 2017-03-25 1503 ZS9Z          59  0410 WW2DX         59  1297
QSO: 21200 PH 2017-03-25 1503 ZS9Z          59  0411 ZV2K          59  0330
QSO: 21200 PH 2017-03-25 1503 ZS9Z          59  0412 IZ5RKC        59  0017
QSO: 21200 PH 2017-03-25 1504 ZS9Z          59  0413 NV9L          59  1151
QSO: 21200 PH 2017-03-25 1506 ZS9Z          59  0414 K9CT          59  0055
QSO: 21200 PH 2017-03-25 1507 ZS9Z          59  0415 SP9QMP        59  0030
QSO: 21200 PH 2017-03-25 1508 ZS9Z          59  0416 OE3DAS/M      59  0006
QSO: 21200 PH 2017-03-25 1509 ZS9Z          59  0417 DG5MMQ        59  0009
QSO: 21200 PH 2017-03-25 1510 ZS9Z          59  0418 CT7ABP        59  0028
QSO: 21200 PH 2017-03-25 1511 ZS9Z          59  0419 ED4A          59  0151
QSO: 21200 PH 2017-03-25 1511 ZS9Z          59  0420 IO2X          59  0754
QSO: 21200 PH 2017-03-25 1512 ZS9Z          59  0421 A73A          59  0690
QSO: 21200 PH 2017-03-25 1514 ZS9Z          59  0422 EA4EUI        59  0059
QSO: 21200 PH 2017-03-25 1515 ZS9Z          59  0423 IK0OJD        59  0004
QSO: 21200 PH 2017-03-25 1515 ZS9Z          59  0424 EA7ZY         59  0048
QSO: 21200 PH 2017-03-25 1517 ZS9Z          59  0425 IK5IFH        59  0010
QSO: 21200 PH 2017-03-25 1518 ZS9Z          59  0426 IK6ZDC        59  0004
QSO: 21200 PH 2017-03-25 1519 ZS9Z          59  0427 K2LNS         59  8282
QSO: 21200 PH 2017-03-25 1521 ZS9Z          59  0428 DL2RMC        59  0319
QSO: 21200 PH 2017-03-25 1522 ZS9Z          59  0429 EF8I          59  0241
QSO: 21200 PH 2017-03-25 1523 ZS9Z          59  0430 LY5R          59  0039
QSO: 21200 PH 2017-03-25 1525 ZS9Z          59  0431 HA8TP         59  0004
QSO: 21200 PH 2017-03-25 1525 ZS9Z          59  0432 C4W           59  1078
QSO: 21200 PH 2017-03-25 1525 ZS9Z          59  0433 4Z4DX         59  0234
QSO: 21200 PH 2017-03-25 1532 ZS9Z          59  0434 IK7MXB        59  0003
QSO: 21200 PH 2017-03-25 1534 ZS9Z          59  0435 SV1KWA        59  0056
QSO: 21200 PH 2017-03-25 1536 ZS9Z          59  0436 IT9AXQ        59  0022
QSO: 21200 PH 2017-03-25 1539 ZS9Z          59  0437 K8BL          59  0092
QSO: 21200 PH 2017-03-25 1539 ZS9Z          59  0438 DL1RTO        59  0375
QSO: 21200 PH 2017-03-25 1540 ZS9Z          59  0439 F4HAU         59  0123
QSO: 21200 PH 2017-03-25 1541 ZS9Z          59  0440 AC1U          59  1346
QSO: 21200 PH 2017-03-25 1543 ZS9Z          59  0441 TM2M          59  0239
QSO: 21200 PH 2017-03-25 1545 ZS9Z          59  0442 EA8AQV        59  0057
QSO: 21200 PH 2017-03-25 1548 ZS9Z          59  0443 CT1BXT        59  0358
QSO: 21200 PH 2017-03-25 1549 ZS9Z          59  0444 CR6P          59  0102
QSO: 21199 PH 2017-03-25 1553 ZS9Z          59  0445 NW0K          59  0178
QSO: 21199 PH 2017-03-25 1555 ZS9Z          59  0446 N0UU          59  0090
QSO: 21199 PH 2017-03-25 1558 ZS9Z          59  0447 IU5CJP        59  0012
QSO: 21199 PH 2017-03-25 1558 ZS9Z          59  0448 OT6M          59  0755
QSO: 21199 PH 2017-03-25 1602 ZS9Z          59  0449 IU7AFF        59  0023
QSO: 21199 PH 2017-03-25 1603 ZS9Z          59  0450 GW4AYJ        59  0010
QSO: 21199 PH 2017-03-25 1603 ZS9Z          59  0451 IZ0GYR        59  0034
QSO: 21199 PH 2017-03-25 1604 ZS9Z          59  0452 EC5AA         59  0017
QSO: 21199 PH 2017-03-25 1606 ZS9Z          59  0453 TK4RB         59  0164
QSO: 21199 PH 2017-03-25 1608 ZS9Z          59  0454 SV2FLM        59  0017
QSO: 21199 PH 2017-03-25 1609 ZS9Z          59  0455 SV2DFK        59  0109
QSO: 21199 PH 2017-03-25 1609 ZS9Z          59  0456 DL6LW         59  0012
QSO: 21199 PH 2017-03-25 1610 ZS9Z          59  0457 DO1JWZ        59  0006
QSO: 21199 PH 2017-03-25 1612 ZS9Z          59  0458 M8C           59  0549
QSO: 21199 PH 2017-03-25 1613 ZS9Z          59  0459 9A3KG         59  0021
QSO: 21199 PH 2017-03-25 1615 ZS9Z          59  0460 DF2AJ         59  0442
QSO: 21200 PH 2017-03-25 1617 ZS9Z          59  0461 OK1TA         59  0032
QSO: 21200 PH 2017-03-25 1619 ZS9Z          59  0462 SV8DCY        59  0005
QSO: 21200 PH 2017-03-25 1620 ZS9Z          59  0463 TA2IB         59  0034
QSO: 21200 PH 2017-03-25 1620 ZS9Z          59  0464 EA7LM         59  0112
QSO: 21200 PH 2017-03-25 1622 ZS9Z          59  0465 PE4BAS        59  0071
QSO: 21200 PH 2017-03-25 1622 ZS9Z          59  0466 DJ2BC         59  0027
QSO: 21200 PH 2017-03-25 1626 ZS9Z          59  0467 DJ8MP         59  0014
QSO: 21200 PH 2017-03-25 1631 ZS9Z          59  0468 IT9GQB        59  0151
QSO: 21200 PH 2017-03-25 1632 ZS9Z          59  0469 DM9EE         59  0030
QSO: 21200 PH 2017-03-25 1633 ZS9Z          59  0470 DK2AT         59  0149
QSO: 21200 PH 2017-03-25 1634 ZS9Z          59  0471 PA4VHF        59  0116
QSO: 21200 PH 2017-03-25 1637 ZS9Z          59  0472 DL5KCI        59  0003
QSO: 21200 PH 2017-03-25 1639 ZS9Z          59  0473 DK1KC         59  0131
QSO: 21200 PH 2017-03-25 1639 ZS9Z          59  0474 DL0TY         59  0241
QSO: 21200 PH 2017-03-25 1641 ZS9Z          59  0475 DB1VQ         59  0083
QSO: 21200 PH 2017-03-25 1642 ZS9Z          59  0476 IR2L          59  0006
QSO: 21200 PH 2017-03-25 1643 ZS9Z          59  0477 ON4CT         59  0046
QSO: 21200 PH 2017-03-25 1643 ZS9Z          59  0478 IZ3QFG        59  0002
QSO: 21200 PH 2017-03-25 1644 ZS9Z          59  0479 IK2ZIF        59  0021
QSO: 21200 PH 2017-03-25 1645 ZS9Z          59  0480 IZ3NVR        59  0084
QSO: 21200 PH 2017-03-25 1645 ZS9Z          59  0481 OE1H          59  0146
QSO: 21200 PH 2017-03-25 1646 ZS9Z          59  0482 WR8AA         59  0029
QSO: 21200 PH 2017-03-25 1647 ZS9Z          59  0483 ZW8T          59  0836
QSO: 21200 PH 2017-03-25 1649 ZS9Z          59  0484 DO1HGS        59  0002
QSO: 21200 PH 2017-03-25 1650 ZS9Z          59  0485 YO8SAO        59  0024
QSO: 21200 PH 2017-03-25 1651 ZS9Z          59  0486 HB0A          59  0187
QSO: 21200 PH 2017-03-25 1652 ZS9Z          59  0487 HA6PJ         59  0146
QSO: 21200 PH 2017-03-25 1653 ZS9Z          59  0488 DK7CH         59  0103
QSO: 21200 PH 2017-03-25 1654 ZS9Z          59  0489 IZ1MLS        59  0052
QSO: 21200 PH 2017-03-25 1656 ZS9Z          59  0490 OE1HHB        59  0270
QSO: 21200 PH 2017-03-25 1657 ZS9Z          59  0491 IZ2EAS        59  0001
QSO: 21200 PH 2017-03-25 1659 ZS9Z          59  0492 IU8DSP        59  0020
QSO: 21200 PH 2017-03-25 1701 ZS9Z          59  0493 ON2KMJ        59  0033
QSO: 21200 PH 2017-03-25 1704 ZS9Z          59  0494 OP7F          59  0009
QSO: 21200 PH 2017-03-25 1706 ZS9Z          59  0495 WD5K          59  0125
QSO: 21200 PH 2017-03-25 1707 ZS9Z          59  0496 IU2GDX        59  0020
QSO: 21200 PH 2017-03-25 1708 ZS9Z          59  0497 OL5Y          59  0044
QSO: 21200 PH 2017-03-25 1711 ZS9Z          59  0498 IU2ACI        59  0011
QSO: 21200 PH 2017-03-25 1712 ZS9Z          59  0499 DK4PB         59  0014
QSO: 21200 PH 2017-03-25 1712 ZS9Z          59  0500 IK2TDM        59  0043
QSO: 21200 PH 2017-03-25 1713 ZS9Z          59  0501 IZ0FUW        59  0121
QSO: 21200 PH 2017-03-25 1714 ZS9Z          59  0502 IZ2NBD        59  0222
QSO: 21200 PH 2017-03-25 1716 ZS9Z          59  0503 IW2VOD        59  0365
QSO: 21200 PH 2017-03-25 1716 ZS9Z          59  0504 9A5ATL        59  0008
QSO: 21200 PH 2017-03-25 1719 ZS9Z          59  0505 CT1JOH        59  0022
QSO: 21200 PH 2017-03-25 1720 ZS9Z          59  0506 HB9ZCF        59  0017
QSO: 21200 PH 2017-03-25 1721 ZS9Z          59  0507 KA5PNX        59  0015
QSO: 21202 PH 2017-03-26 0733 ZS9Z          59  0508 DG0OBU        59  0004
QSO: 21203 PH 2017-03-26 0744 ZS9Z          59  0509 RM9RZ         59  0137
QSO: 21255 PH 2017-03-26 0756 ZS9Z          59  0510 9K2HN         59  3281
QSO: 21203 PH 2017-03-26 0801 ZS9Z          59  0511 5H3MB         59  0195
QSO: 21205 PH 2017-03-26 0817 ZS9Z          59  0512 ES1BH         59  0221
QSO: 21205 PH 2017-03-26 0824 ZS9Z          59  0513 LZ8V          59  0093
QSO: 21205 PH 2017-03-26 0825 ZS9Z          59  0514 TC3T          59  0023
QSO: 21205 PH 2017-03-26 0828 ZS9Z          59  0515 EW6W          59  1579
QSO: 21205 PH 2017-03-26 0828 ZS9Z          59  0516 TK4LS         59  0113
QSO: 21205 PH 2017-03-26 0831 ZS9Z          59  0517 RK9DR         59  0637
QSO: 21205 PH 2017-03-26 0831 ZS9Z          59  0518 OF5Z          59  0011
QSO: 21205 PH 2017-03-26 0833 ZS9Z          59  0519 RT6DX         59  0044
QSO: 21205 PH 2017-03-26 0835 ZS9Z          59  0520 EA7VJ         59  0031
QSO: 21205 PH 2017-03-26 0838 ZS9Z          59  0521 ED2C          59  0691
QSO: 21205 PH 2017-03-26 0840 ZS9Z          59  0522 OH6ECM        59  0464
QSO: 21205 PH 2017-03-26 0853 ZS9Z          59  0523 R3AP          59  0995
QSO: 21205 PH 2017-03-26 0854 ZS9Z          59  0524 EA3CEC        59  0027
QSO: 21205 PH 2017-03-26 0856 ZS9Z          59  0525 LY7Z          59  1335
QSO: 21205 PH 2017-03-26 0857 ZS9Z          59  0526 ES5TI         59  0287
QSO: 21205 PH 2017-03-26 0858 ZS9Z          59  0527 OK2FD         59  0474
QSO: 21205 PH 2017-03-26 0901 ZS9Z          59  0528 UD4FD         59  0068
QSO: 21205 PH 2017-03-26 0901 ZS9Z          59  0529 IU5HKK        59  0005
QSO: 21205 PH 2017-03-26 0905 ZS9Z          59  0530 ON/DL2CC      59  0002
QSO: 21205 PH 2017-03-26 0905 ZS9Z          59  0531 IW2HAJ        59  1721
QSO: 21205 PH 2017-03-26 0955 ZS9Z          59  0532 UZ3A          59  1678
QSO: 21205 PH 2017-03-26 0959 ZS9Z          59  0533 RA9V          59  0008
QSO: 21205 PH 2017-03-26 1009 ZS9Z          59  0534 UV7V          59  0830
QSO: 21205 PH 2017-03-26 1011 ZS9Z          59  0535 OV3X          59  0314
QSO: 21205 PH 2017-03-26 1016 ZS9Z          59  0536 LB8IB         59  1248
QSO: 21205 PH 2017-03-26 1017 ZS9Z          59  0537 DL1NKS        59  1084
QSO: 21205 PH 2017-03-26 1018 ZS9Z          59  0538 CR6K          59  2051
QSO: 21205 PH 2017-03-26 1022 ZS9Z          59  0539 EE1G          59  0655
QSO: 21205 PH 2017-03-26 1024 ZS9Z          59  0540 IZ7NMD        59  0668
QSO: 21205 PH 2017-03-26 1030 ZS9Z          59  0541 OR3A          59  0573
QSO: 21205 PH 2017-03-26 1031 ZS9Z          59  0542 OZ1IKY        59  0001
QSO: 21205 PH 2017-03-26 1032 ZS9Z          59  0543 RL6M          59  1065
QSO: 21205 PH 2017-03-26 1032 ZS9Z          59  0544 DQ1P          59  0599
QSO: 21205 PH 2017-03-26 1033 ZS9Z          59  0545 PA3GVI        59  0661
QSO: 21205 PH 2017-03-26 1035 ZS9Z          59  0546 DJ3BC         59  0039
QSO: 21205 PH 2017-03-26 1037 ZS9Z          59  0547 SN1D          59  1635
QSO: 21205 PH 2017-03-26 1043 ZS9Z          59  0548 RL4F          59  0012
QSO: 21205 PH 2017-03-26 1048 ZS9Z          59  0549 SM6CMU        59  0019
QSO: 21205 PH 2017-03-26 1050 ZS9Z          59  0550 UF2F          59  0630
QSO: 21205 PH 2017-03-26 1143 ZS9Z          59  0551 UA6MM         59  0149
QSO: 21205 PH 2017-03-26 1144 ZS9Z          59  0552 OE11SO/P      59  0580
QSO: 21205 PH 2017-03-26 1145 ZS9Z          59  0553 F4FFH         59  0264
QSO: 21205 PH 2017-03-26 1148 ZS9Z          59  0554 UY7MM         59  1402
QSO: 21205 PH 2017-03-26 1149 ZS9Z          59  0555 OM4KK         59  0451
QSO: 21205 PH 2017-03-26 1151 ZS9Z          59  0556 IZ8YAA        59  0096
QSO: 21205 PH 2017-03-26 1151 ZS9Z          59  0557 SP3NYC        59  0389
QSO: 21205 PH 2017-03-26 1152 ZS9Z          59  0558 DA0C          59  0014
QSO: 21205 PH 2017-03-26 1152 ZS9Z          59  0559 RT9S          59  0570
QSO: 21205 PH 2017-03-26 1153 ZS9Z          59  0560 GB3RS         59  0021
QSO: 21205 PH 2017-03-26 1154 ZS9Z          59  0561 EI6GGB        59  0026
QSO: 21205 PH 2017-03-26 1155 ZS9Z          59  0562 SV1BDO/3      59  0025
QSO: 21205 PH 2017-03-26 1156 ZS9Z          59  0563 OZ7YY         59  0029
QSO: 21205 PH 2017-03-26 1157 ZS9Z          59  0564 DL5YM         59  0055
QSO: 21205 PH 2017-03-26 1157 ZS9Z          59  0565 G0BSU         59  0021
QSO: 21205 PH 2017-03-26 1159 ZS9Z          59  0566 MX0YHA        59  0011
QSO: 21205 PH 2017-03-26 1200 ZS9Z          59  0567 OH5XB         59  0072
QSO: 21205 PH 2017-03-26 1202 ZS9Z          59  0568 DJ9ZB         59  0047
QSO: 21205 PH 2017-03-26 1202 ZS9Z          59  0569 PI4AMF        59  0546
QSO: 21205 PH 2017-03-26 1202 ZS9Z          59  0570 NE1C          59  0231
QSO: 21205 PH 2017-03-26 1203 ZS9Z          59  0571 GI4VHO        59  0194
QSO: 21205 PH 2017-03-26 1207 ZS9Z          59  0572 UW1GR         59  0476
QSO: 21205 PH 2017-03-26 1210 ZS9Z          59  0573 DG8OBN        59  0070
QSO: 21205 PH 2017-03-26 1210 ZS9Z          59  0574 DJ5AN         59  0354
QSO: 21205 PH 2017-03-26 1210 ZS9Z          59  0575 NR3X          59  2090
QSO: 21205 PH 2017-03-26 1211 ZS9Z          59  0576 DO8YX         59  0103
QSO: 21205 PH 2017-03-26 1212 ZS9Z          59  0577 RM7M          59  0015
QSO: 21205 PH 2017-03-26 1212 ZS9Z          59  0578 OZ7D          59  0617
QSO: 21205 PH 2017-03-26 1214 ZS9Z          59  0579 SQ9C          59  0165
QSO: 21205 PH 2017-03-26 1214 ZS9Z          59  0580 IK8ENH        59  0002
QSO: 21205 PH 2017-03-26 1215 ZS9Z          59  0581 EU2EU         59  0004
QSO: 21205 PH 2017-03-26 1216 ZS9Z          59  0582 DL5RDO        59  0019
QSO: 21205 PH 2017-03-26 1216 ZS9Z          59  0583 EF2O          59  0367
QSO: 21205 PH 2017-03-26 1217 ZS9Z          59  0584 IK2WXQ        59  0025
QSO: 21205 PH 2017-03-26 1218 ZS9Z          59  0585 SO4R          59  0066
QSO: 21205 PH 2017-03-26 1219 ZS9Z          59  0586 M4U           59  0539
QSO: 21205 PH 2017-03-26 1223 ZS9Z          59  0587 UZ5Q          59  0009
QSO: 21205 PH 2017-03-26 1226 ZS9Z          59  0588 ON4CFB        59  0001
QSO: 21205 PH 2017-03-26 1227 ZS9Z          59  0589 DL4VAI        59  0243
QSO: 21205 PH 2017-03-26 1228 ZS9Z          59  0590 9A2AA         59  0058
QSO: 21205 PH 2017-03-26 1229 ZS9Z          59  0591 SP3SC         59  0226
QSO: 21205 PH 2017-03-26 1231 ZS9Z          59  0592 DL1BUG        59  0184
QSO: 21205 PH 2017-03-26 1231 ZS9Z          59  0593 OH2KW         59  0082
QSO: 21205 PH 2017-03-26 1239 ZS9Z          59  0594 OH1XFE        59  0246
QSO: 21205 PH 2017-03-26 1239 ZS9Z          59  0595 F8DBF         59  0017
QSO: 21205 PH 2017-03-26 1245 ZS9Z          59  0596 VE9CB         59  2431
QSO: 21205 PH 2017-03-26 1246 ZS9Z          59  0597 LY4T          59  0159
QSO: 21205 PH 2017-03-26 1249 ZS9Z          59  0598 RU3C          59  0570
QSO: 21205 PH 2017-03-26 1251 ZS9Z          59  0599 G4FVZ         59  0064
QSO: 21205 PH 2017-03-26 1251 ZS9Z          59  0600 OH1LTU        59  0007
QSO: 21205 PH 2017-03-26 1255 ZS9Z          59  0601 S56A          59  0741
QSO: 21205 PH 2017-03-26 1258 ZS9Z          59  0602 RW4HZ         59  0003
QSO: 21205 PH 2017-03-26 1300 ZS9Z          59  0603 9A6V          59  0338
QSO: 21205 PH 2017-03-26 1301 ZS9Z          59  0604 F5UAY         59  0027
QSO: 21205 PH 2017-03-26 1302 ZS9Z          59  0605 SP4Z          59  0024
QSO: 21205 PH 2017-03-26 1303 ZS9Z          59  0606 ED3T          59  0574
QSO: 21205 PH 2017-03-26 1305 ZS9Z          59  0607 M0PLX         59  0333
QSO: 21205 PH 2017-03-26 1305 ZS9Z          59  0608 M0HDX         59  0004
QSO: 21205 PH 2017-03-26 1307 ZS9Z          59  0609 KB1W          59  0346
QSO: 21205 PH 2017-03-26 1308 ZS9Z          59  0610 WY1G          59  0051
QSO: 21205 PH 2017-03-26 1309 ZS9Z          59  0611 KR1DX         59  1869
QSO: 21205 PH 2017-03-26 1309 ZS9Z          59  0612 F1MLN         59  0169
QSO: 21205 PH 2017-03-26 1310 ZS9Z          59  0613 SV2BXA        59  0143
QSO: 21205 PH 2017-03-26 1313 ZS9Z          59  0614 K5ZO          59  0207
QSO: 21205 PH 2017-03-26 1315 ZS9Z          59  0615 PV2V          59  1850
QSO: 21205 PH 2017-03-26 1324 ZS9Z          59  0616 M0GHQ         59  0306
QSO: 21205 PH 2017-03-26 1327 ZS9Z          59  0617 SM6NET        59  0515
QSO: 21205 PH 2017-03-26 1328 ZS9Z          59  0618 9A5G          59  0420
QSO: 21205 PH 2017-03-26 1330 ZS9Z          59  0619 RW3RN         59  0012
QSO: 21205 PH 2017-03-26 1331 ZS9Z          59  0620 EE5T          59  0273
QSO: 21205 PH 2017-03-26 1335 ZS9Z          59  0621 GX3YNN        59  0240
QSO: 21205 PH 2017-03-26 1336 ZS9Z          59  0622 SN7H          59  0875
QSO: 21205 PH 2017-03-26 1339 ZS9Z          59  0623 K1TGX         59  0992
QSO: 21205 PH 2017-03-26 1356 ZS9Z          59  0624 DK2AY         59  0138
QSO: 21205 PH 2017-03-26 1358 ZS9Z          59  0625 IO5O          59  3629
QSO: 21205 PH 2017-03-26 1358 ZS9Z          59  0626 F5HX          59  0014
QSO: 21205 PH 2017-03-26 1359 ZS9Z          59  0627 0N1TO         59  0456
QSO: 21205 PH 2017-03-26 1401 ZS9Z          59  0628 VB3E          59  3095
QSO: 21205 PH 2017-03-26 1407 ZS9Z          59  0629 F6FET         59  0072
QSO: 21205 PH 2017-03-26 1409 ZS9Z          59  0630 E78DX         59  0147
QSO: 21205 PH 2017-03-26 1410 ZS9Z          59  0631 F4ADZ         59  0075
QSO: 21205 PH 2017-03-26 1411 ZS9Z          59  0632 IB9P          59  0820
QSO: 21205 PH 2017-03-26 1412 ZS9Z          59  0633 DO4FR         59  0012
QSO: 21205 PH 2017-03-26 1413 ZS9Z          59  0634 IT9GRX        59  0035
QSO: 21205 PH 2017-03-26 1414 ZS9Z          59  0635 DJ7OM         59  0031
QSO: 21205 PH 2017-03-26 1416 ZS9Z          59  0636 9H5DX         59  0076
QSO: 21205 PH 2017-03-26 1417 ZS9Z          59  0637 IZ0OTV        59  0159
QSO: 21205 PH 2017-03-26 1418 ZS9Z          59  0638 DO1SJF        59  0021
QSO: 21205 PH 2017-03-26 1419 ZS9Z          59  0639 DL6RBH        59  0109
QSO: 21205 PH 2017-03-26 1420 ZS9Z          59  0640 CT2HTM        59  0106
QSO: 21205 PH 2017-03-26 1422 ZS9Z          59  0641 ON4UZ         59  0004
QSO: 21205 PH 2017-03-26 1424 ZS9Z          59  0642 IT9AVD        59  0011
QSO: 21205 PH 2017-03-26 1427 ZS9Z          59  0643 F1BBI         59  0012
QSO: 21205 PH 2017-03-26 1428 ZS9Z          59  0644 F5MYH         59  0515
QSO: 21205 PH 2017-03-26 1429 ZS9Z          59  0645 M0BPQ         59  0774
QSO: 21205 PH 2017-03-26 1431 ZS9Z          59  0646 9A2NA         59  1075
QSO: 21205 PH 2017-03-26 1432 ZS9Z          59  0647 9A0W          59  0489
QSO: 21205 PH 2017-03-26 1432 ZS9Z          59  0648 OM7RU         59  1010
QSO: 21205 PH 2017-03-26 1433 ZS9Z          59  0649 IU8HEP        59  1125
QSO: 21205 PH 2017-03-26 1434 ZS9Z          59  0650 IZ7ZKV        59  0337
QSO: 21205 PH 2017-03-26 1436 ZS9Z          59  0651 DL8ZAJ        59  0051
QSO: 21205 PH 2017-03-26 1436 ZS9Z          59  0652 DF2RG         59  0152
QSO: 21205 PH 2017-03-26 1438 ZS9Z          59  0653 OE4DXP        59  0144
QSO: 21205 PH 2017-03-26 1438 ZS9Z          59  0654 RL4A          59  1034
QSO: 21205 PH 2017-03-26 1439 ZS9Z          59  0655 S54O          59  0261
QSO: 21205 PH 2017-03-26 1439 ZS9Z          59  0656 DL6YCU        59  0003
QSO: 21205 PH 2017-03-26 1440 ZS9Z          59  0657 OK1DPU        59  0306
QSO: 21205 PH 2017-03-26 1441 ZS9Z          59  0658 OQ4Q          59  0043
QSO: 21205 PH 2017-03-26 1443 ZS9Z          59  0659 DJ3JB         59  0013
QSO: 21205 PH 2017-03-26 1444 ZS9Z          59  0660 S51JQ         59  0166
QSO: 21205 PH 2017-03-26 1446 ZS9Z          59  0661 EA8CNR        59  0099
QSO: 21205 PH 2017-03-26 1446 ZS9Z          59  0662 IK6IHU        59  0004
QSO: 21205 PH 2017-03-26 1448 ZS9Z          59  0663 TA4RC         59  0319
QSO: 21205 PH 2017-03-26 1449 ZS9Z          59  0664 IZ2LSP        59  0253
QSO: 21205 PH 2017-03-26 1450 ZS9Z          59  0665 DJ3HW         59  0508
QSO: 21205 PH 2017-03-26 1451 ZS9Z          59  0666 IZ1LAY        59  0015
QSO: 21205 PH 2017-03-26 1453 ZS9Z          59  0667 HB9CVQ        59  0368
QSO: 21205 PH 2017-03-26 1508 ZS9Z          59  0668 EC6PG         59  0091
QSO: 21205 PH 2017-03-26 1508 ZS9Z          59  0669 S58Y          59  1729
QSO: 21205 PH 2017-03-26 1510 ZS9Z          59  0670 OE1TKW        59  0044
QSO: 21205 PH 2017-03-26 1519 ZS9Z          59  0671 SP8H          59  0042
QSO: 21205 PH 2017-03-26 1520 ZS9Z          59  0672 VU2XO         59  0024
QSO: 21205 PH 2017-03-26 1524 ZS9Z          59  0673 CN2JJ         59  0016
QSO: 21205 PH 2017-03-26 1526 ZS9Z          59  0674 ZZ2T          59  1656
QSO: 21205 PH 2017-03-26 1526 ZS9Z          59  0675 L33M          59  0748
QSO: 21205 PH 2017-03-26 1529 ZS9Z          59  0676 ZS1VV         59  0102
QSO: 21205 PH 2017-03-26 1533 ZS9Z          59  0677 PY2BN         59  0022
QSO: 21205 PH 2017-03-26 1535 ZS9Z          59  0678 LU7DUE        59  0091
QSO: 21205 PH 2017-03-26 1539 ZS9Z          59  0679 EA3DJL        59  0052
QSO: 21205 PH 2017-03-26 1549 ZS9Z          59  0680 IZ2DJP        59  0146
QSO: 21205 PH 2017-03-26 1550 ZS9Z          59  0681 IZ5FFI        59  0104
QSO: 21205 PH 2017-03-26 1552 ZS9Z          59  0682 PP1CZ         59  0208
QSO: 21205 PH 2017-03-26 1556 ZS9Z          59  0683 EA4FAH        59  0005
QSO: 21205 PH 2017-03-26 1604 ZS9Z          59  0684 N8BI          59  0879
QSO: 21205 PH 2017-03-26 1607 ZS9Z          59  0685 EA8/HB9IQY    59  0184
QSO: 21205 PH 2017-03-26 1611 ZS9Z          59  0686 CI2LI         59  0269
QSO: 21205 PH 2017-03-26 1612 ZS9Z          59  0687 VA5AA         59  0095
QSO: 21205 PH 2017-03-26 1615 ZS9Z          59  0688 NC0B          59  0112
QSO: 21205 PH 2017-03-26 1617 ZS9Z          59  0689 ZS2JV         59  0022
QSO: 21205 PH 2017-03-26 1620 ZS9Z          59  0690 EC8BO         59  0013
QSO: 21205 PH 2017-03-26 1622 ZS9Z          59  0691 OZ30EU        59  0854
QSO: 21205 PH 2017-03-26 1623 ZS9Z          59  0692 EA1DLU        59  0035
QSO: 21365 PH 2017-03-26 1637 ZS9Z          59  0693 ZS6TVB        59  0234
QSO: 21240 PH 2017-03-26 1639 ZS9Z          59  0694 IB9B          59  0060
QSO: 21205 PH 2017-03-26 1646 ZS9Z          59  0695 D44BS         59  0023
QSO: 21205 PH 2017-03-26 1647 ZS9Z          59  0696 DL1CC         59  0201
QSO: 21205 PH 2017-03-26 1653 ZS9Z          59  0697 OK2AP         59  0025
QSO: 21205 PH 2017-03-26 1655 ZS9Z          59  0698 PH0TR         57  0316
QSO: 21205 PH 2017-03-26 1658 ZS9Z          59  0699 KT6V          59  2053
QSO: 21205 PH 2017-03-26 1659 ZS9Z          59  0700 KT4Q          59  0664
QSO: 21205 PH 2017-03-26 1701 ZS9Z          59  0701 IT9CDU        59  0084
QSO: 21205 PH 2017-03-26 1702 ZS9Z          59  0702 W2AW          59  0065
QSO: 21205 PH 2017-03-26 1703 ZS9Z          59  0703 PA3PCV        59  0007
QSO: 21205 PH 2017-03-26 1704 ZS9Z          59  0704 W9OO          59  0025
QSO: 21205 PH 2017-03-26 1704 ZS9Z          59  0705 G3VYI         59  0021
QSO: 21205 PH 2017-03-26 1705 ZS9Z          59  0706 N8OC          59  0215
QSO: 21205 PH 2017-03-26 1707 ZS9Z          59  0707 ZX5J          59  3570
QSO: 21205 PH 2017-03-26 1708 ZS9Z          59  0708 N4CU          59  0125
QSO: 21205 PH 2017-03-26 1711 ZS9Z          59  0709 F5MLJ         59  0112
QSO: 21205 PH 2017-03-26 1712 ZS9Z          59  0710 LU1ALF        59  0030
QSO: 21205 PH 2017-03-26 1714 ZS9Z          59  0711 OM7M          59  2735
QSO: 21205 PH 2017-03-26 1715 ZS9Z          59  0712 W8MET         59  0359
QSO: 21205 PH 2017-03-26 1716 ZS9Z          59  0713 W9XY          59  0035
QSO: 21205 PH 2017-03-26 1716 ZS9Z          59  0714 AF4HX         59  0491
QSO: 21205 PH 2017-03-26 1716 ZS9Z          59  0715 SP5ENM        59  0022
QSO: 21205 PH 2017-03-26 1717 ZS9Z          59  0716 W4HOG         59  0396
QSO: 21205 PH 2017-03-26 1721 ZS9Z          59  0717 DG1VL         59  0077
QSO: 21205 PH 2017-03-26 1723 ZS9Z          59  0718 K4BAI         59  1537
QSO: 21205 PH 2017-03-26 1724 ZS9Z          59  0719 W9GT          59  0298
QSO: 21205 PH 2017-03-26 1727 ZS9Z          59  0720 HB9DFQ        59  0015
QSO: 21205 PH 2017-03-26 1729 ZS9Z          59  0721 K9RR          59  0036
QSO: 21205 PH 2017-03-26 1731 ZS9Z          59  0722 NW0X          59  0017
QSO: 21205 PH 2017-03-26 1732 ZS9Z          59  0723 IK0UTM        59  0097
QSO: 21205 PH 2017-03-26 1733 ZS9Z          59  0724 KE9L          59  0123
QSO: 21205 PH 2017-03-26 1733 ZS9Z          59  0725 W5GN          59  0415
QSO: 21205 PH 2017-03-26 1734 ZS9Z          59  0726 NF6A          59  0257
QSO: 21205 PH 2017-03-26 1735 ZS9Z          59  0727 AD8J          59  0336
QSO: 21205 PH 2017-03-26 1738 ZS9Z          59  0728 N1SOH         59  0728
QSO: 21205 PH 2017-03-26 1741 ZS9Z          59  0729 K3ND          59  0338
QSO: 21205 PH 2017-03-26 1745 ZS9Z          59  0730 W9ILY         59  0033
QSO: 21205 PH 2017-03-26 1747 ZS9Z          59  0731 KN5TX         59  1421
QSO: 21205 PH 2017-03-26 1748 ZS9Z          59  0732 N4NO          59  0574
QSO: 21205 PH 2017-03-26 1749 ZS9Z          59  0733 WU2G          59  0136
QSO: 21205 PH 2017-03-26 1753 ZS9Z          59  0734 KR8T          59  0001
QSO: 21217 PH 2017-03-26 1805 ZS9Z          59  0735 PY6TS         59  0185
QSO: 21280 PH 2017-03-26 1823 ZS9Z          59  0736 NP2P          59  2150
END-OF-LOG:
