START-OF-LOG: 3.0
CONTEST: CQ-WPX-CW
CALLSIGN: DL4GBA
LOCATION: DX
CATEGORY-OPERATOR: SINGLE-OP
CATEGORY-ASSISTED: NON-ASSISTED
CATEGORY-BAND: 15M
CATEGORY-POWER: LOW
CATEGORY-MODE: CW
CATEGORY-TRANSMITTER: ONE
CATEGORY-STATION: FIXED
CATEGORY-OVERLAY:
GRID-LOCATOR: JN47TT
CLAIMED-SCORE: 792
NAME: Wilfried Loehnert
OPERATORS: DL4GBA
CLUB: BAVARIAN CONTEST CLUB
CREATED-BY: N1MM Logger+ 1.0.9364.0
QSO:   21060 CW 2022-05-28 1845 DL4GBA           599 0001  TM4W             599  0941     
QSO:   21040 CW 2022-05-29 0732 DL4GBA           599 0002  UN4L             599  1055     
QSO:   21001 CW 2022-05-29 0810 DL4GBA           599 0003  ED7W             599  2945     
QSO:   21028 CW 2022-05-29 0932 DL4GBA           599 0004  P49Y             599  1806     
QSO:   21027 CW 2022-05-29 1612 DL4GBA           599 0005  J42L             599  2268     
QSO:   21015 CW 2022-05-29 1635 DL4GBA           599 0006  TO3F             599  3575     
QSO:   21036 CW 2022-05-29 1648 DL4GBA           599 0007  WO4O             599  1983     
QSO:   21066 CW 2022-05-29 1653 DL4GBA           599 0008  K3UA             599  1561     
QSO:   21071 CW 2022-05-29 1708 DL4GBA           599 0009  P42K             599  1640     
QSO:   21003 CW 2022-05-29 1714 DL4GBA           599 0010  H2HA             599  3671     
QSO:   21022 CW 2022-05-29 1721 DL4GBA           599 0011  E2A              599  2255     
QSO:   21026 CW 2022-05-29 1728 DL4GBA           599 0012  C4W              599  3325     
QSO:   21032 CW 2022-05-29 1731 DL4GBA           599 0013  4L8A             599  0393     
QSO:   21065 CW 2022-05-29 1740 DL4GBA           599 0014  YT9W             599  0735     
QSO:   21016 CW 2022-05-29 1746 DL4GBA           599 0015  YT5A             599  1452     
QSO:   21012 CW 2022-05-29 1837 DL4GBA           599 0016  K2SSS            599  1237     
QSO:   21016 CW 2022-05-29 1859 DL4GBA           599 0017  XQ1KZ            599  1255     
QSO:   21037 CW 2022-05-29 1927 DL4GBA           599 0018  WU3A             599  2661     
END-OF-LOG:
