START-OF-LOG: 3.0
CONTEST: ARRL-10
CALLSIGN: KC4WQ
LOCATION: KY
CATEGORY-OPERATOR: SINGLE-OP
CATEGORY-ASSISTED: ASSISTED
CATEGORY-POWER: LOW
CATEGORY-BAND: ALL
CATEGORY-MODE: CW
CATEGORY-TRANSMITTER: ONE
CATEGORY-STATION: FIXED
OPERATORS: KC4WQ
CLUB: Kentucky Contest Group
CREATED-BY: N1MM LOGGER+ 1.0.10553.0
HQ-CATEGORY: Single Operator Unlimited, CW Only, Low Power
HQ-GRID-LOCATOR: EM78EB
QSO: 28026 CW 2024-12-14 0308 KC4WQ 599 KY N2PP 599 NY
QSO: 28036 CW 2024-12-14 1521 KC4WQ 599 KY WC6H 599 CA
QSO: 28036 CW 2024-12-14 1521 KC4WQ 599 KY F5NBX 599 195
QSO: 28036 CW 2024-12-14 1522 KC4WQ 599 KY IO3F 599 259
QSO: 28035 CW 2024-12-14 1524 KC4WQ 599 KY HB9NE 599 528
QSO: 28035 CW 2024-12-14 1525 KC4WQ 599 KY CR3DX 599 1147
QSO: 28034 CW 2024-12-14 1526 KC4WQ 599 KY N7IP 599 OR
QSO: 28034 CW 2024-12-14 1526 KC4WQ 599 KY M5B 599 612
QSO: 28031 CW 2024-12-14 1529 KC4WQ 599 KY ED1R 599 595
QSO: 28030 CW 2024-12-14 1530 KC4WQ 599 KY OQ5M 599 578
QSO: 28030 CW 2024-12-14 1531 KC4WQ 599 KY MI5I 599 566
QSO: 28030 CW 2024-12-14 1532 KC4WQ 599 KY S59A 599 34
QSO: 28029 CW 2024-12-14 1534 KC4WQ 599 KY EA5EL 599 559
QSO: 28028 CW 2024-12-14 1535 KC4WQ 599 KY WJ9B 599 ID
QSO: 28028 CW 2024-12-14 1536 KC4WQ 599 KY OT4A 599 22
QSO: 28027 CW 2024-12-14 1537 KC4WQ 599 KY OM2X 599 561
QSO: 28027 CW 2024-12-14 1538 KC4WQ 599 KY AB7R 599 ID
QSO: 28026 CW 2024-12-14 1539 KC4WQ 599 KY IZ5NFD 599 52
QSO: 28026 CW 2024-12-14 1539 KC4WQ 599 KY EA4KA 599 168
QSO: 28026 CW 2024-12-14 1541 KC4WQ 599 KY GM4Z 599 141
QSO: 28025 CW 2024-12-14 1542 KC4WQ 599 KY TM8O 599 557
QSO: 28025 CW 2024-12-14 1543 KC4WQ 599 KY TI7W 599 203
QSO: 28024 CW 2024-12-14 1544 KC4WQ 599 KY EA1X 599 532
QSO: 28023 CW 2024-12-14 1544 KC4WQ 599 KY S58M 599 133
QSO: 28023 CW 2024-12-14 1545 KC4WQ 599 KY OM3CW 599 317
QSO: 28021 CW 2024-12-14 1549 KC4WQ 599 KY F5IN 599 517
QSO: 28021 CW 2024-12-14 1550 KC4WQ 599 KY F8AAN 599 53
QSO: 28016 CW 2024-12-14 1554 KC4WQ 599 KY IP3T 599 435
QSO: 28017 CW 2024-12-14 1555 KC4WQ 599 KY PA0O 599 431
QSO: 28015 CW 2024-12-14 1556 KC4WQ 599 KY DL2DX 599 390
QSO: 28015 CW 2024-12-14 1557 KC4WQ 599 KY ON5JT 599 327
QSO: 28014 CW 2024-12-14 1559 KC4WQ 599 KY 9A5X 599 490
QSO: 28013 CW 2024-12-14 1600 KC4WQ 599 KY OP4K 599 29
QSO: 28013 CW 2024-12-14 1600 KC4WQ 599 KY MM0T 599 768
QSO: 28013 CW 2024-12-14 1601 KC4WQ 599 KY M2G 599 654
QSO: 28012 CW 2024-12-14 1601 KC4WQ 599 KY SP1NY 599 544
QSO: 28011 CW 2024-12-14 1603 KC4WQ 599 KY M0TNX 599 8
QSO: 28010 CW 2024-12-14 1604 KC4WQ 599 KY VE9KK 599 NB
QSO: 28009 CW 2024-12-14 1604 KC4WQ 599 KY N6XI 599 CA
QSO: 28049 CW 2024-12-14 1609 KC4WQ 599 KY G0GHK 599 22
QSO: 28049 CW 2024-12-14 1609 KC4WQ 599 KY OZ3SM 599 292
QSO: 28048 CW 2024-12-14 1614 KC4WQ 599 KY IK3VUT 599 186
QSO: 28047 CW 2024-12-14 1615 KC4WQ 599 KY EI7M 599 916
QSO: 28047 CW 2024-12-14 1616 KC4WQ 599 KY W6PH 599 CA
QSO: 28045 CW 2024-12-14 1617 KC4WQ 599 KY ED5F 599 544
QSO: 28045 CW 2024-12-14 1618 KC4WQ 599 KY M4T 599 523
QSO: 28043 CW 2024-12-14 1621 KC4WQ 599 KY VE5ZX 599 SK
QSO: 28042 CW 2024-12-14 1622 KC4WQ 599 KY F6AGM 599 186
QSO: 28041 CW 2024-12-14 1623 KC4WQ 599 KY K7RI 599 WA
QSO: 28041 CW 2024-12-14 1624 KC4WQ 599 KY NR7T 599 UT
QSO: 28041 CW 2024-12-14 2011 KC4WQ 599 KY W7HJL 599 WA
QSO: 28041 CW 2024-12-14 2011 KC4WQ 599 KY K5UZ 599 AR
QSO: 28042 CW 2024-12-14 2012 KC4WQ 599 KY K1GU 599 TN
QSO: 28043 CW 2024-12-14 2012 KC4WQ 599 KY W6SX 599 CA
QSO: 28043 CW 2024-12-14 2013 KC4WQ 599 KY KE4KY 599 KY
QSO: 28044 CW 2024-12-14 2013 KC4WQ 599 KY WP3Z 599 1096
QSO: 28044 CW 2024-12-14 2014 KC4WQ 599 KY KC7V 599 AZ
QSO: 28045 CW 2024-12-14 2014 KC4WQ 599 KY N6SS 599 AZ
QSO: 28045 CW 2024-12-14 2015 KC4WQ 599 KY N5LZ 599 UT
QSO: 28045 CW 2024-12-14 2015 KC4WQ 599 KY VE5MX 599 SK
QSO: 28046 CW 2024-12-14 2016 KC4WQ 599 KY VA7EU 599 BC
QSO: 28047 CW 2024-12-14 2017 KC4WQ 599 KY N6RK 599 CA
QSO: 28047 CW 2024-12-14 2017 KC4WQ 599 KY AA6PW 599 CA
QSO: 28047 CW 2024-12-14 2019 KC4WQ 599 KY KH7M 599 HI
QSO: 28048 CW 2024-12-14 2019 KC4WQ 599 KY K6KM 599 CA
QSO: 28048 CW 2024-12-14 2020 KC4WQ 599 KY W7CXX 599 UT
QSO: 28051 CW 2024-12-14 2023 KC4WQ 599 KY PJ2T 599 1538
QSO: 28053 CW 2024-12-14 2025 KC4WQ 599 KY VE6WQ 599 AB
QSO: 28053 CW 2024-12-14 2025 KC4WQ 599 KY N2IC 599 NM
QSO: 28053 CW 2024-12-14 2025 KC4WQ 599 KY KH7X/W7 599 AZ
QSO: 28054 CW 2024-12-14 2026 KC4WQ 599 KY KM7W 599 MT
QSO: 28055 CW 2024-12-14 2027 KC4WQ 599 KY WI9WI 599 WI
QSO: 28057 CW 2024-12-14 2028 KC4WQ 599 KY KQ7I 599 OR
QSO: 28057 CW 2024-12-14 2030 KC4WQ 599 KY AL1G 599 AK
QSO: 28059 CW 2024-12-14 2032 KC4WQ 599 KY K1LZ 599 ME
QSO: 28059 CW 2024-12-14 2034 KC4WQ 599 KY WN7S 599 VA
QSO: 28059 CW 2024-12-14 2035 KC4WQ 599 KY N7CW 599 AZ
QSO: 28059 CW 2024-12-14 2035 KC4WQ 599 KY PY3NT 599 337
QSO: 28059 CW 2024-12-14 2036 KC4WQ 599 KY NN7A 599 CO
QSO: 28059 CW 2024-12-14 2037 KC4WQ 599 KY WA1FCN 599 AL
QSO: 28059 CW 2024-12-14 2038 KC4WQ 599 KY KI5GTR 599 AR
QSO: 28059 CW 2024-12-14 2039 KC4WQ 599 KY VE9AA 599 NB
QSO: 28059 CW 2024-12-14 2040 KC4WQ 599 KY N2MM 599 NJ
QSO: 28059 CW 2024-12-14 2041 KC4WQ 599 KY KK6IK 599 CA
QSO: 28059 CW 2024-12-14 2045 KC4WQ 599 KY K7FR 599 WA
QSO: 28060 CW 2024-12-14 2049 KC4WQ 599 KY KN7T 599 WA
QSO: 28062 CW 2024-12-14 2051 KC4WQ 599 KY W6RW 599 AZ
QSO: 28062 CW 2024-12-14 2051 KC4WQ 599 KY K6EI 599 CA
QSO: 28064 CW 2024-12-14 2053 KC4WQ 599 KY KP2B 599 559
QSO: 28064 CW 2024-12-14 2053 KC4WQ 599 KY K1LT 599 OH
QSO: 28001 CW 2024-12-14 2057 KC4WQ 599 KY KP4AA 599 1908
QSO: 28001 CW 2024-12-14 2058 KC4WQ 599 KY PP5KR 599 406
QSO: 28001 CW 2024-12-14 2059 KC4WQ 599 KY K2LE 599 VT
QSO: 28002 CW 2024-12-14 2100 KC4WQ 599 KY KT8X 599 MI
QSO: 28003 CW 2024-12-14 2101 KC4WQ 599 KY HC2GRC 599 215
QSO: 28003 CW 2024-12-14 2102 KC4WQ 599 KY NP3A 599 1228
QSO: 28004 CW 2024-12-14 2102 KC4WQ 599 KY VE7ZO 599 BC
QSO: 28004 CW 2024-12-14 2103 KC4WQ 599 KY N2YB 599 NY
QSO: 28005 CW 2024-12-14 2104 KC4WQ 599 KY KK9V 599 IN
QSO: 28007 CW 2024-12-14 2107 KC4WQ 599 KY N7US 599 IL
QSO: 28033 CW 2024-12-15 1846 KC4WQ 599 KY KC6D 599 CA
QSO: 28033 CW 2024-12-15 1846 KC4WQ 599 KY WX6V 599 CA
QSO: 28033 CW 2024-12-15 1847 KC4WQ 599 KY N5KO 599 CA
QSO: 28033 CW 2024-12-15 1848 KC4WQ 599 KY VE6WP 599 AB
QSO: 28035 CW 2024-12-15 1849 KC4WQ 599 KY AI0Y 599 ND
QSO: 28039 CW 2024-12-15 1937 KC4WQ 599 KY WW5M 599 TN
QSO: 28042 CW 2024-12-15 1939 KC4WQ 599 KY HK1MW 599 842
QSO: 28042 CW 2024-12-15 1940 KC4WQ 599 KY W7EE 599 MT
QSO: 28043 CW 2024-12-15 1941 KC4WQ 599 KY N3RD 599 PA
QSO: 28044 CW 2024-12-15 1941 KC4WQ 599 KY AA4NC 599 NC
QSO: 28046 CW 2024-12-15 1944 KC4WQ 599 KY VO1HP 599 NF
QSO: 28048 CW 2024-12-15 1945 KC4WQ 599 KY VA7DX 599 BC
QSO: 28048 CW 2024-12-15 1946 KC4WQ 599 KY KN6VQ 599 CA
QSO: 28049 CW 2024-12-15 1947 KC4WQ 599 KY W0EWD 599 IA
QSO: 28050 CW 2024-12-15 1948 KC4WQ 599 KY VE6UM 599 AB
QSO: 28054 CW 2024-12-15 1950 KC4WQ 599 KY D4Z 599 3124
QSO: 28012 CW 2024-12-15 1953 KC4WQ 599 KY N4SS 599 KY
QSO: 28066 CW 2024-12-15 1957 KC4WQ 599 KY NX6T 599 CA
QSO: 28068 CW 2024-12-15 1959 KC4WQ 599 KY KH6CJJ 599 HI
QSO: 28068 CW 2024-12-15 2000 KC4WQ 599 KY KP2M 599 940
QSO: 28069 CW 2024-12-15 2001 KC4WQ 599 KY W5PET 599 KY
QSO: 28069 CW 2024-12-15 2002 KC4WQ 599 KY VE6JF 599 AB
QSO: 28069 CW 2024-12-15 2003 KC4WQ 599 KY K9CT 599 IL
QSO: 28070 CW 2024-12-15 2006 KC4WQ 599 KY VP9I 599 1524
QSO: 28069 CW 2024-12-15 2007 KC4WQ 599 KY WP4F 599 82
END-OF-LOG: