START-OF-LOG: 3.0
CREATED-BY: zrs-kvp-downloader
CONTEST: ZRS-KVP
CALLSIGN: S54W
LOCATION: S5
CATEGORY: MALA MOČ - CW
CATEGORY-OPERATOR: SINGLE-OP
CATEGORY-BAND: 80M
CATEGORY-MODE: CW
CATEGORY-POWER: LOW
CATEGORY-ASSISTED: NON-ASSISTED
CATEGORY-TRANSMITTER: ONE
CATEGORY-STATION: FIXED
CATEGORY-OVERLAY: 
OPERATORS: S54W
CLAIMED-SCORE: 
CLUB: 
NAME: 
QSO:  3500 CW 2013-04-21 0700 S54W          599 79     S50R          599 65    
QSO:  3500 CW 2013-04-21 0700 S54W          599 79     S58Q          599 69    
QSO:  3500 CW 2013-04-21 0701 S54W          599 79     S50C          599 57    
QSO:  3500 CW 2013-04-21 0702 S54W          599 79     S53F          599 83    
QSO:  3500 CW 2013-04-21 0702 S54W          599 79     S59ZZ         599 81    
QSO:  3500 CW 2013-04-21 0703 S54W          599 79     S52AW         599 71    
QSO:  3500 CW 2013-04-21 0704 S54W          599 79     S57S          599 80    
QSO:  3500 CW 2013-04-21 0705 S54W          599 79     S57KM         599 90    
QSO:  3500 CW 2013-04-21 0706 S54W          599 79     S52AU         599 70    
QSO:  3500 CW 2013-04-21 0707 S54W          599 79     S58FA         599 78    
QSO:  3500 CW 2013-04-21 0707 S54W          599 79     S59N          599 97    
QSO:  3500 CW 2013-04-21 0707 S54W          599 79     S54A          599 67    
QSO:  3500 CW 2013-04-21 0709 S54W          599 79     S50W          599 54    
QSO:  3500 CW 2013-04-21 0710 S54W          599 79     S52FT         599 84    
QSO:  3500 CW 2013-04-21 0710 S54W          599 79     S51NM         599 60    
QSO:  3500 CW 2013-04-21 0712 S54W          599 79     S57C          599 76    
QSO:  3500 CW 2013-04-21 0752 S54W          599 79     S57NL         599 94    
QSO:  3500 CW 2013-04-21 0753 S54W          599 79     S53OQ         599 78    
QSO:  3500 CW 2013-04-21 0756 S54W          599 79     S52WD         599 80    
QSO:  3500 CW 2013-04-21 0756 S54W          599 79     S54X          599 82    
QSO:  3500 CW 2013-04-21 0758 S54W          599 79     S57DX         599 73    
QSO:  3500 CW 2013-04-21 0803 S54W          599 79     S50XX         599 93    
QSO:  3500 CW 2013-04-21 0803 S54W          599 79     S57TW         599 79    
QSO:  3500 CW 2013-04-21 0804 S54W          599 79     S57KW         599 85    
QSO:  3500 CW 2013-04-21 0804 S54W          599 79     S51J          599 69    
QSO:  3500 CW 2013-04-21 0806 S54W          599 79     S58DX         599 70    
QSO:  3500 CW 2013-04-21 0806 S54W          599 79     S51VC         599 69    
QSO:  3500 CW 2013-04-21 0808 S54W          599 79     S52F          599 71    
QSO:  3500 CW 2013-04-21 0813 S54W          599 79     S55OO         599 92    
QSO:  3500 CW 2013-04-21 0814 S54W          599 79     S56A          599 62    
QSO:  3500 CW 2013-04-21 0815 S54W          599 79     S57Z          599 84    
QSO:  3500 CW 2013-04-21 0816 S54W          599 79     S52IT         599 63    
QSO:  3500 CW 2013-04-21 0816 S54W          599 79     S57Q          599 74    
QSO:  3500 CW 2013-04-21 0817 S54W          599 79     S59D          599 64    
QSO:  3500 CW 2013-04-21 0818 S54W          599 79     S54O          599 75    
QSO:  3500 CW 2013-04-21 0819 S54W          599 79     S52LO         599 77    
QSO:  3500 CW 2013-04-21 0820 S54W          599 79     S55Z          599 79    
QSO:  3500 CW 2013-04-21 0824 S54W          599 79     S51YI         599 77    
QSO:  3500 CW 2013-04-21 0824 S54W          599 79     S58WW         599 75    
QSO:  3500 CW 2013-04-21 0824 S54W          599 79     S57KV         599 53    
QSO:  3500 CW 2013-04-21 0827 S54W          599 79     S59DCD        599 74    
QSO:  3500 CW 2013-04-21 0827 S54W          599 79     S50K          599 78    
QSO:  3500 CW 2013-04-21 0828 S54W          599 79     S57LM         599 74    
QSO:  3500 CW 2013-04-21 0828 S54W          599 79     S51Z          599 77    
QSO:  3500 CW 2013-04-21 0830 S54W          599 79     S51AE         599 51    
QSO:  3500 CW 2013-04-21 0831 S54W          599 79     S51MF         599 64    
QSO:  3500 CW 2013-04-21 0833 S54W          599 79     S59MA         599 81    
QSO:  3500 CW 2013-04-21 0834 S54W          599 79     S51NZ         599 82    
QSO:  3500 CW 2013-04-21 0839 S54W          599 79     S53CC         599 91    
QSO:  3500 CW 2013-04-21 0840 S54W          599 79     S52AA         599 97    
QSO:  3500 CW 2013-04-21 0845 S54W          599 79     S53AR         599 77    
QSO:  3500 CW 2013-04-21 0850 S54W          599 79     S51CAB        599 57    
QSO:  3500 CW 2013-04-21 0851 S54W          599 79     S52P          599 77    
QSO:  3500 CW 2013-04-21 0855 S54W          599 79     S58D          599 78    
QSO:  3500 CW 2013-04-21 0859 S54W          599 79     S51SX         599 56    
END-OF-LOG:
