START-OF-LOG: 3.0
CONTEST: ARRL-10
LOCATION: DX
CALLSIGN: PS8MT
CATEGORY-OPERATOR: SINGLE-OP
CATEGORY-ASSISTED: NON-ASSISTED
CATEGORY-POWER: LOW
CATEGORY-BAND: 10M
CATEGORY-MODE: MIXED
CATEGORY-STATION: FIXED
CATEGORY-TRANSMITTER: ONE
CREATED-BY: N1MM LOGGER+ 1.0.8035.0
CLUB: CDR GROUP
OPERATORS: PS8MT
HQ-CATEGORY: Single Operator, Mixed Mode, Low Power
HQ-GRID-LOCATOR: GI84ow
QSO: 28026 CW 2019-12-14 1743 PS8MT 599 1 PY3OZ 599 5
QSO: 28024 CW 2019-12-14 1747 PS8MT 599 2 CX2BR 599 41
QSO: 28028 CW 2019-12-14 1756 PS8MT 599 3 PY3DX 599 22
QSO: 28455 PH 2019-12-14 1819 PS8MT 59 4 CV7S 59 130
END-OF-LOG: