START-OF-LOG: 3.0
CONTEST: ARRL-10
LOCATION: ID
CALLSIGN: W7TX
CATEGORY-OPERATOR: SINGLE-OP
CATEGORY-ASSISTED: NON-ASSISTED
CATEGORY-POWER: HIGH
CATEGORY-BAND: 10M
CATEGORY-MODE: MIXED
CATEGORY-STATION: FIXED
CATEGORY-TRANSMITTER: ONE
CREATED-BY: N1MM LOGGER+ 1.0.8035.0
OPERATORS: W7TX
HQ-CATEGORY: Single Operator, Mixed Mode, High Power
HQ-GRID-LOCATOR: DN32su
QSO: 28027 CW 2019-12-14 0128 W7TX 599 ID N6ZFO 599 CA
QSO: 28029 CW 2019-12-14 0129 W7TX 599 ID N7YK 599 NV
QSO: 28037 CW 2019-12-14 0131 W7TX 599 ID NX6T 599 CA
QSO: 28042 CW 2019-12-14 0132 W7TX 599 ID KF6I 599 CA
QSO: 28044 CW 2019-12-14 0133 W7TX 599 ID NA6MG 599 CA
QSO: 28036 CW 2019-12-14 0135 W7TX 599 ID AB7E 599 AZ
QSO: 28037 CW 2019-12-14 0136 W7TX 599 ID WD6T 599 CA
QSO: 28012 CW 2019-12-14 0137 W7TX 599 ID WN6K 599 CA
QSO: 28022 CW 2019-12-14 0138 W7TX 599 ID K3EST 599 CA
QSO: 28026 CW 2019-12-14 0140 W7TX 599 ID N6KN 599 CA
QSO: 28030 CW 2019-12-14 0141 W7TX 599 ID N6SS 599 AZ
QSO: 28036 CW 2019-12-14 0142 W7TX 599 ID W7RN 599 NV
QSO: 28041 CW 2019-12-14 0143 W7TX 599 ID KM6Z 599 CA
QSO: 28034 CW 2019-12-14 0146 W7TX 599 ID W6YX 599 CA
QSO: 28032 CW 2019-12-14 0147 W7TX 599 ID N3RC 599 CA
QSO: 28396 PH 2019-12-14 0151 W7TX 59 ID K7JQ 59 AZ
QSO: 28397 PH 2019-12-14 0152 W7TX 59 ID W6BS 59 CA
QSO: 28429 PH 2019-12-14 0153 W7TX 59 ID KE6TUH 59 CA
QSO: 28440 PH 2019-12-14 0154 W7TX 59 ID N6ZFO 59 CA
QSO: 28450 PH 2019-12-14 0155 W7TX 59 ID AI6LY 59 CA
QSO: 28414 PH 2019-12-14 0158 W7TX 59 ID K7STU 59 NV
QSO: 28310 PH 2019-12-14 0159 W7TX 59 ID W6RPM 59 CA
QSO: 28394 PH 2019-12-14 0200 W7TX 59 ID AC6DU 59 CA
QSO: 28405 PH 2019-12-14 0201 W7TX 59 ID N6ZI 59 CA
QSO: 28434 PH 2019-12-14 0203 W7TX 59 ID NT6X 59 CA
QSO: 28445 PH 2019-12-14 0206 W7TX 59 ID N6KN 59 CA
QSO: 28489 PH 2019-12-14 0207 W7TX 59 ID W6QU 59 CA
QSO: 28495 PH 2019-12-14 0208 W7TX 59 ID N6US 59 CA
QSO: 28485 PH 2019-12-14 0209 W7TX 59 ID N6GEO 59 CA
QSO: 28426 PH 2019-12-14 0211 W7TX 59 ID KD7RF 59 AZ
QSO: 28413 PH 2019-12-14 0212 W7TX 59 ID K6ICS 59 CA
QSO: 28023 CW 2019-12-14 0214 W7TX 599 ID NT6X 599 CA
QSO: 28013 CW 2019-12-14 0216 W7TX 599 ID N6TQ 599 CA
QSO: 28030 CW 2019-12-14 0217 W7TX 599 ID N6US 599 CA
QSO: 28047 CW 2019-12-14 0220 W7TX 599 ID N6RM 599 CA
QSO: 28041 CW 2019-12-14 0224 W7TX 599 ID N7LR 599 AZ
QSO: 28032 CW 2019-12-14 0225 W7TX 599 ID W1RH 599 CA
QSO: 28014 CW 2019-12-14 0227 W7TX 599 ID NU7Y 599 AZ
QSO: 28013 CW 2019-12-14 0228 W7TX 599 ID NE6I 599 CA
QSO: 28406 PH 2019-12-14 0230 W7TX 59 ID K6AM 59 CA
QSO: 28410 PH 2019-12-14 0230 W7TX 59 ID WN6K 59 CA
QSO: 28433 PH 2019-12-14 0232 W7TX 59 ID N7RMK 59 NV
QSO: 28417 PH 2019-12-14 0238 W7TX 59 ID NF7E 59 AZ
QSO: 28030 CW 2019-12-14 0245 W7TX 599 ID NC6K 599 CA
QSO: 28025 CW 2019-12-14 0249 W7TX 599 ID K6AM 599 CA
QSO: 28037 CW 2019-12-14 0256 W7TX 599 ID K6RB 599 CA
QSO: 28407 PH 2019-12-14 0257 W7TX 59 ID N3RC 59 CA
QSO: 28417 PH 2019-12-14 0258 W7TX 59 ID W6DR 59 CA
QSO: 28403 PH 2019-12-14 0300 W7TX 59 ID NX6T 59 CA
QSO: 28450 PH 2019-12-14 0305 W7TX 59 ID KK6TBN 59 CA
QSO: 28025 CW 2019-12-14 1706 W7TX 599 ID KA6BIM 599 OR
QSO: 28030 CW 2019-12-14 1753 W7TX 599 ID N7EPD 599 WA
END-OF-LOG: