START-OF-LOG: 3.0
CONTEST: ARRL-DX-SSB
LOCATION: DX
CALLSIGN: JA2IXS
CATEGORY-OPERATOR: SINGLE-OP
CATEGORY-ASSISTED: NON-ASSISTED
CATEGORY-POWER: LOW
CATEGORY-BAND: ALL
OPERATORS: 
CLUB: 
CREATED-BY: CTESTWIN BY JI1AQY
HQ-CATEGORY: Single Operator, Low Power
HQ-GRID-LOCATOR: PM94ex
QSO: 7000 PH 2018-03-03 1125 JA2IXS 59 100 NR5M 59 TX 0
QSO: 7000 PH 2018-03-03 1128 JA2IXS 59 100 W7WA 59 WA 0
QSO: 7000 PH 2018-03-03 1130 JA2IXS 59 100 K5TR 59 TX 0
QSO: 14000 PH 2018-03-03 2246 JA2IXS 59 100 K2PO 59 OR 0
QSO: 14000 PH 2018-03-03 2254 JA2IXS 59 100 N0KV 59 CO 0
QSO: 14000 PH 2018-03-03 2341 JA2IXS 59 100 K3EST 59 CA 0
END-OF-LOG: