START-OF-LOG: 3.0
CONTEST: ARRL-DX-SSB
LOCATION: GA
CALLSIGN: KT4LS
CATEGORY-OPERATOR: SINGLE-OP
CATEGORY-ASSISTED: ASSISTED
CATEGORY-POWER: LOW
CATEGORY-BAND: ALL
CREATED-BY: N3FJP'S ARRL INTERNATIONAL DX CONTEST LOG 4.6
CATEGORY-STATION: FIXED
CATEGORY-TRANSMITTER: ONE
CATEGORY-MODE: SSB
CATEGORY-TIME: 6-HOURS
OPERATORS: KT4LS
HQ-CATEGORY: Single Operator Unlimited, Low Power
HQ-GRID-LOCATOR: EM73vx
QSO: 14272 PH 2018-03-03 0042 KT4LS 59 GA KH6J 59 HI 0
QSO: 3759 PH 2018-03-03 0059 KT4LS 59 GA W2FU 59 USA 0
QSO: 7205 PH 2018-03-03 0216 KT4LS 59 GA ZF9CW 59 CAYMAN IS.0
QSO: 3719 PH 2018-03-03 0227 KT4LS 59 GA V26K 59 ANTIGUA & BARBUDA0
QSO: 7224 PH 2018-03-03 0237 KT4LS 59 GA P40L 59 ARUBA 0
QSO: 14255 PH 2018-03-04 0307 KT4LS 59 GA PT7ZT 59 BRAZIL 0
QSO: 7223 PH 2018-03-04 0312 KT4LS 59 GA 8P5A 59 BARBADOS0
QSO: 7250 PH 2018-03-04 0324 KT4LS 59 GA HH2AA 59 HAITI 0
QSO: 7156 PH 2018-03-04 0325 KT4LS 59 GA IZ2KXC 59 ITALY 0
QSO: 7136 PH 2018-03-04 0335 KT4LS 59 GA US1I 59 UKRAINE0
QSO: 7168 PH 2018-03-04 0336 KT4LS 59 GA SP3GEM 59 POLAND 0
QSO: 7229 PH 2018-03-04 0337 KT4LS 59 GA KH6J 59 HI 0
QSO: 3683 PH 2018-03-04 0346 KT4LS 59 GA W5KU 59 USA 0
QSO: 21292 PH 2018-03-04 1614 KT4LS 59 GA FY5KE 59 FRENCH GUIANA0
QSO: 21285 PH 2018-03-04 1615 KT4LS 59 GA YV2CAR 59 VENEZUELA0
QSO: 21275 PH 2018-03-04 1617 KT4LS 59 GA PX2A 59 BRAZIL 0
QSO: 21269 PH 2018-03-04 1617 KT4LS 59 GA HK3C 59 COLOMBIA0
QSO: 21265 PH 2018-03-04 1618 KT4LS 59 GA 9Y4D 59 TRINIDAD & TOBAGO0
QSO: 21304 PH 2018-03-04 1622 KT4LS 59 GA YY2EDF 59 VENEZUELA0
QSO: 21344 PH 2018-03-04 1624 KT4LS 59 GA 8P5A 59 BARBADOS0
QSO: 21359 PH 2018-03-04 1626 KT4LS 59 GA ZZ2T 59 BRAZIL 0
QSO: 14279 PH 2018-03-04 1928 KT4LS 59 GA TG9IIN 59 GUATEMALA0
QSO: 28457 PH 2018-03-04 1943 KT4LS 59 GA 4M6R 59 VENEZUELA0
QSO: 28469 PH 2018-03-04 1945 KT4LS 59 GA 8P5A 59 BARBADOS0
QSO: 28475 PH 2018-03-04 1947 KT4LS 59 GA P40L 59 ARUBA 0
QSO: 28405 PH 2018-03-04 1953 KT4LS 59 GA FM5AN 59 MARTINIQUE0
QSO: 28417 PH 2018-03-04 1954 KT4LS 59 GA LW7DX 59 ARGENTINA0
QSO: 28490 PH 2018-03-04 2001 KT4LS 59 GA FM5DN 59 MARTINIQUE0
QSO: 28497 PH 2018-03-04 2002 KT4LS 59 GA PJ4G 59 BONAIRE0
END-OF-LOG: