START-OF-LOG: 3.0
CREATED-BY: vhfmanager-downloader
CONTEST: ZRS majsko UKV tekmovanje - Official results - VHFManager
CALLSIGN: PD4R
CATEGORY: 435 MHz - checklog
CATEGORY-OPERATOR: SINGLE-OP
CATEGORY-ASSISTED: NON-ASSISTED
CATEGORY-TRANSMITTER: ONE
CATEGORY-STATION: FIXED
QSO: 435000 PH 2021-05-01 1426 PD4R          59  1 JO32CD   OR6T          59  26 JO20KV 
QSO: 435000 PH 2021-05-01 1451 PD4R          59  2 JO32CD   M1W           59  41 IO93AD 
QSO: 435000 PH 2021-05-01 1510 PD4R          55  3 JO32CD   G4ODA         54  42 IO92WS 
QSO: 435000 PH 2021-05-01 1518 PD4R          59  4 JO32CD   G3XDY         55  23 JO02OB 
QSO: 435000 PH 2021-05-01 1758 PD4R          59  5 JO32CD   OL3Z          59  144 JN79FX
QSO: 435000 PH 2021-05-01 1817 PD4R          59  6 JO32CD   DL5DAW        53  94 JO31QH 
QSO: 435000 PH 2021-05-01 1926 PD4R          59  7 JO32CD   M1CRO/P       56  106 JO01PU
QSO: 435000 PH 2021-05-01 1949 PD4R          59  8 JO32CD   PI4GN         59  56 JO33II 
QSO: 435000 PH 2021-05-01 1957 PD4R          59  9 JO32CD   OK2A          59  185 JO60JJ
QSO: 435000 PH 2021-05-02 0600 PD4R          59  10 JO32CD  DK4VW         59  54 JO40IT 
QSO: 435000 PH 2021-05-02 0610 PD4R          59  11 JO32CD  PI4Z          59  47 JO11WM 
QSO: 435000 PH 2021-05-02 0613 PD4R          59  12 JO32CD  PA4VHF        57  56 JO32JE 
QSO: 435000 PH 2021-05-02 0616 PD4R          59  13 JO32CD  DL8DAU        59  54 JO40ME 
QSO: 435000 PH 2021-05-02 0644 PD4R          59  14 JO32CD  DB1YF         59  13 JO31RS 
QSO: 435000 PH 2021-05-02 0749 PD4R          59  15 JO32CD  DF0MU         59  122 JO32PC
QSO: 435000 PH 2021-05-02 0751 PD4R          59  16 JO32CD  DL0SHZ        59  95 JO51DI 
QSO: 435000 PH 2021-05-02 0801 PD4R          59  17 JO32CD  PE1ITR        59  20 JO21QK 
QSO: 435000 PH 2021-05-02 1030 PD4R          59  18 JO32CD  DD8DW         59  49 JO31WO 
QSO: 435000 PH 2021-05-02 1109 PD4R          59  19 JO32CD  PH0TV         59  1 JO32CG  
QSO: 435000 PH 2021-05-02 1118 PD4R          59  20 JO32CD  DL3LAR        59  40 JO52GF 
END-OF-LOG:
