START-OF-LOG: 3.0
CONTEST: CQ-WPX-CW
CREATED-BY: AATest v.1.103
CALLSIGN: RX1AG
CATEGORY-OPERATOR: SINGLE-OP
CATEGORY-BAND: 20M
CATEGORY-MODE: CW
CATEGORY-POWER: LOW
CATEGORY-ASSISTED: NON-ASSISTED
CATEGORY-TRANSMITTER: ONE
LOCATION: DX
CLAIMED-SCORE: 95760
OPERATORS: RX1AG
NAME: VALENTIN IVANOV
SOAPBOX: 73's
QSO: 14000 CW 2013-05-25 1210 RX1AG         599 001    OF3I          599 938
QSO: 14000 CW 2013-05-25 1214 RX1AG         599 002    RW1A          599 981
QSO: 14000 CW 2013-05-25 1242 RX1AG         599 003    YT1T          599 405
QSO: 14000 CW 2013-05-25 1243 RX1AG         599 004    EO7U          599 795
QSO: 14000 CW 2013-05-25 1245 RX1AG         599 005    LA5UF         599 170
QSO: 14000 CW 2013-05-25 1246 RX1AG         599 006    SV1BJW/6      599 425
QSO: 14000 CW 2013-05-25 1247 RX1AG         599 007    9A7A          599 1332
QSO: 14000 CW 2013-05-25 1248 RX1AG         599 008    YT3A          599 919
QSO: 14000 CW 2013-05-25 1252 RX1AG         599 009    OG73X         599 776
QSO: 14000 CW 2013-05-25 1253 RX1AG         599 010    HF9Q          599 551
QSO: 14000 CW 2013-05-25 1255 RX1AG         599 011    OK1DG         599 581
QSO: 14000 CW 2013-05-25 1257 RX1AG         599 012    YT5W          599 952
QSO: 14000 CW 2013-05-25 1300 RX1AG         599 013    DL3KWF        599 289
QSO: 14000 CW 2013-05-25 1302 RX1AG         599 014    YT7M          599 253
QSO: 14000 CW 2013-05-25 1304 RX1AG         599 015    UT4ZG         599 507
QSO: 14000 CW 2013-05-25 1306 RX1AG         599 016    DP9A          599 540
QSO: 14000 CW 2013-05-25 1308 RX1AG         599 017    RL3A          599 1583
QSO: 14000 CW 2013-05-25 1310 RX1AG         599 018    EU5T          599 854
QSO: 14000 CW 2013-05-25 1313 RX1AG         599 019    DJ5MO         599 266
QSO: 14000 CW 2013-05-25 1315 RX1AG         599 020    LZ2HA         599 328
QSO: 14000 CW 2013-05-25 1316 RX1AG         599 021    IK8UND        599 354
QSO: 14000 CW 2013-05-25 1317 RX1AG         599 022    Z39A          599 298
QSO: 14000 CW 2013-05-25 1318 RX1AG         599 023    OK7Y          599 525
QSO: 14000 CW 2013-05-25 1324 RX1AG         599 024    LZ5XQ         599 642
QSO: 14000 CW 2013-05-25 1325 RX1AG         599 025    LZ8E          599 1217
QSO: 14000 CW 2013-05-25 1550 RX1AG         599 026    OM7RU         599 590
QSO: 14000 CW 2013-05-25 1551 RX1AG         599 027    RA1AGL        599 569
QSO: 14000 CW 2013-05-25 1555 RX1AG         599 028    RD9CX         599 418
QSO: 14000 CW 2013-05-25 1557 RX1AG         599 029    LY2J          599 638
QSO: 14000 CW 2013-05-25 1559 RX1AG         599 030    LY7A          599 850
QSO: 14000 CW 2013-05-25 1602 RX1AG         599 031    RT7T          599 1217
QSO: 14000 CW 2013-05-25 1605 RX1AG         599 032    HA8JV         599 779
QSO: 14000 CW 2013-05-25 1606 RX1AG         599 033    SV1ENG        599 738
QSO: 14000 CW 2013-05-25 1606 RX1AG         599 034    OM3RRC        599 735
QSO: 14000 CW 2013-05-25 1608 RX1AG         599 035    UA9MA         599 849
QSO: 14000 CW 2013-05-25 1609 RX1AG         599 036    JF3PLF        599 141
QSO: 14000 CW 2013-05-25 1610 RX1AG         599 037    S59ABC        599 658
QSO: 14000 CW 2013-05-25 1612 RX1AG         599 038    RZ1OA         599 427
QSO: 14000 CW 2013-05-25 1613 RX1AG         599 039    9A1A          599 985
QSO: 14000 CW 2013-05-25 1615 RX1AG         599 040    HA8AAA        599 457
QSO: 14000 CW 2013-05-25 1617 RX1AG         599 041    IO1T          599 1359
QSO: 14000 CW 2013-05-25 1617 RX1AG         599 042    DR5N          599 1252
QSO: 14000 CW 2013-05-25 1619 RX1AG         599 043    YL3FT         599 555
QSO: 14000 CW 2013-05-25 1620 RX1AG         599 044    7J1YAJ        599 365
QSO: 14000 CW 2013-05-25 1621 RX1AG         599 045    S57AL         599 929
QSO: 14000 CW 2013-05-25 1623 RX1AG         599 046    YL2SM         599 681
QSO: 14000 CW 2013-05-25 1634 RX1AG         599 047    9A28EU        599 858
QSO: 14000 CW 2013-05-25 1636 RX1AG         599 048    UP2L          599 1539
QSO: 14000 CW 2013-05-25 1627 RX1AG         599 049    YQ6A          599 684
QSO: 14000 CW 2013-05-25 1630 RX1AG         599 050    LZ5R          599 915
QSO: 14000 CW 2013-05-25 1631 RX1AG         599 051    ES0DJ         599 349
QSO: 14000 CW 2013-05-25 1632 RX1AG         599 052    DL6KVA        599 218
QSO: 14000 CW 2013-05-25 1633 RX1AG         599 053    LZ1BJ         599 371
QSO: 14000 CW 2013-05-25 1634 RX1AG         599 054    OH6LI         599 680
QSO: 14000 CW 2013-05-25 1635 RX1AG         599 055    OM7M          599 1500
QSO: 14000 CW 2013-05-25 1703 RX1AG         599 056    OH1TX         599 877
QSO: 14000 CW 2013-05-25 1706 RX1AG         599 057    IB9T          599 1418
QSO: 14000 CW 2013-05-25 1708 RX1AG         599 058    F8DGY         599 077
QSO: 14000 CW 2013-05-25 1709 RX1AG         599 059    YP9W          599 1094
QSO: 14000 CW 2013-05-25 1710 RX1AG         599 060    OH10A         599 524
QSO: 14000 CW 2013-05-25 1711 RX1AG         599 061    DL0CS         599 602
QSO: 14000 CW 2013-05-25 1713 RX1AG         599 062    SO4M          599 745
QSO: 14000 CW 2013-05-25 1716 RX1AG         599 063    OK2BXE        599 383
QSO: 14000 CW 2013-05-25 1718 RX1AG         599 064    DJ7JC         599 768
QSO: 14000 CW 2013-05-25 1720 RX1AG         599 065    DR4A          599 777
QSO: 14000 CW 2013-05-25 1800 RX1AG         599 066    RW9QA         599 547
QSO: 14000 CW 2013-05-25 1801 RX1AG         599 067    8S6E          599 1045
QSO: 14000 CW 2013-05-25 1804 RX1AG         599 068    TM6ENO        599 879
QSO: 14000 CW 2013-05-25 1806 RX1AG         599 069    S59AA         599 853
QSO: 14000 CW 2013-05-25 1808 RX1AG         599 070    SP5ELA        599 534
QSO: 14000 CW 2013-05-25 1809 RX1AG         599 071    S58A          599 570
QSO: 14000 CW 2013-05-25 1810 RX1AG         599 072    OL7C          599 1217
QSO: 14000 CW 2013-05-25 1812 RX1AG         599 073    RV9UP         599 618
QSO: 14000 CW 2013-05-25 1813 RX1AG         599 074    JA1PNA        599 356
QSO: 14000 CW 2013-05-25 1814 RX1AG         599 075    R0FA          599 736
QSO: 14000 CW 2013-05-25 1817 RX1AG         599 076    4Z5ML         599 205
QSO: 14000 CW 2013-05-25 1819 RX1AG         599 077    OL3R          599 774
QSO: 14000 CW 2013-05-25 1821 RX1AG         599 078    SP4Z          599 791
QSO: 14000 CW 2013-05-25 1825 RX1AG         599 079    LY2XW         599 416
QSO: 14000 CW 2013-05-25 1827 RX1AG         599 080    OG0Z          599 1062
QSO: 14000 CW 2013-05-25 1831 RX1AG         599 081    YT2ISM        599 349
QSO: 14000 CW 2013-05-25 1832 RX1AG         599 082    YT5A          599 871
QSO: 14000 CW 2013-05-25 1833 RX1AG         599 083    SP9LJD        599 723
QSO: 14000 CW 2013-05-25 1834 RX1AG         599 084    OM4O          599 349
QSO: 14000 CW 2013-05-25 1836 RX1AG         599 085    HA3DX         599 767
QSO: 14000 CW 2013-05-25 1837 RX1AG         599 086    DL5YM         599 650
QSO: 14000 CW 2013-05-25 1838 RX1AG         599 087    DK75FOC       599 374
QSO: 14000 CW 2013-05-25 1839 RX1AG         599 088    OV3X          599 414
QSO: 14000 CW 2013-05-25 1841 RX1AG         599 089    DD2ML         599 959
QSO: 14000 CW 2013-05-25 1844 RX1AG         599 090    JA9CWJ        599 448
QSO: 14000 CW 2013-05-25 1847 RX1AG         599 091    E7DX          599 1685
QSO: 14000 CW 2013-05-25 1849 RX1AG         599 092    IB3C          599 160
QSO: 14000 CW 2013-05-25 1900 RX1AG         599 093    SN7Q          599 1341
QSO: 14000 CW 2013-05-25 1903 RX1AG         599 094    HA9RT         599 250
QSO: 14000 CW 2013-05-25 1905 RX1AG         599 095    UN7CN         599 296
QSO: 14000 CW 2013-05-25 1912 RX1AG         599 096    E71R          599 1473
QSO: 14000 CW 2013-05-25 1910 RX1AG         599 097    DM8T          599 931
QSO: 14000 CW 2013-05-25 1913 RX1AG         599 098    PR5B          599 984
QSO: 14000 CW 2013-05-25 1914 RX1AG         599 099    DQ4W          599 1005
QSO: 14000 CW 2013-05-25 1916 RX1AG         599 100    JF1SEK        599 147
QSO: 14000 CW 2013-05-25 1918 RX1AG         599 101    OV0V          599 683
QSO: 14000 CW 2013-05-25 1921 RX1AG         599 102    4U1ITU        599 570
QSO: 14000 CW 2013-05-25 1922 RX1AG         599 103    S58MU         599 1094
QSO: 14000 CW 2013-05-25 1927 RX1AG         599 104    OK2D          599 732
QSO: 14000 CW 2013-05-25 1930 RX1AG         599 105    EF5Y          599 2102
QSO: 14000 CW 2013-05-25 1933 RX1AG         599 106    DR1A          599 1415
QSO: 14000 CW 2013-05-25 1935 RX1AG         599 107    S53M          599 334
QSO: 14000 CW 2013-05-25 1936 RX1AG         599 108    P33W          599 3216
QSO: 14000 CW 2013-05-25 1942 RX1AG         599 109    LX7I          599 1630
QSO: 14000 CW 2013-05-25 1944 RX1AG         599 110    E79D          599 191
QSO: 14000 CW 2013-05-25 1947 RX1AG         599 111    RW0A          599 1493
QSO: 14000 CW 2013-05-25 1948 RX1AG         599 112    ES9C          599 1593
QSO: 14000 CW 2013-05-25 1950 RX1AG         599 113    JG3KIV        599 571
QSO: 14000 CW 2013-05-25 1953 RX1AG         599 114    OG73X         599 1039
QSO: 14000 CW 2013-05-25 1955 RX1AG         599 115    S53F          599 1413
QSO: 14000 CW 2013-05-25 1957 RX1AG         599 116    RT0C          599 673
QSO: 14000 CW 2013-05-26 0413 RX1AG         599 117    RW9JZ         599 838
QSO: 14000 CW 2013-05-26 0415 RX1AG         599 118    F5IN          599 541
QSO: 14000 CW 2013-05-26 0417 RX1AG         599 119    UA5B          599 1968
QSO: 14000 CW 2013-05-26 0420 RX1AG         599 120    RD0WA         599 672
QSO: 14000 CW 2013-05-26 0421 RX1AG         599 121    LZ9W          599 1584
QSO: 14000 CW 2013-05-26 0422 RX1AG         599 122    UA9AGX        599 651
QSO: 14000 CW 2013-05-26 0428 RX1AG         599 123    CR3L          599 1823
QSO: 14000 CW 2013-05-26 0430 RX1AG         599 124    RK9UE         599 478
QSO: 14000 CW 2013-05-26 0430 RX1AG         599 125    UN5C          599 485
QSO: 14000 CW 2013-05-26 0436 RX1AG         599 126    S52ZW         599 841
QSO: 14000 CW 2013-05-26 0510 RX1AG         599 127    RF9C          599 1815
QSO: 14000 CW 2013-05-26 0511 RX1AG         599 128    LY9Y          599 1122
QSO: 14000 CW 2013-05-26 0511 RX1AG         599 129    UV5U          599 462
QSO: 14000 CW 2013-05-26 0614 RX1AG         599 130    SP2QG         599 885
QSO: 14000 CW 2013-05-26 0616 RX1AG         599 131    R4IO          599 722
QSO: 14000 CW 2013-05-26 0617 RX1AG         599 132    HA6OA         599 534
QSO: 14000 CW 2013-05-26 0618 RX1AG         599 133    MJ5Z          599 1619
QSO: 14000 CW 2013-05-26 0620 RX1AG         599 134    F5VKT         599 974
QSO: 14000 CW 2013-05-26 0624 RX1AG         599 135    RM3UA         599 431
QSO: 14000 CW 2013-05-26 0624 RX1AG         599 136    OK7T          599 834
QSO: 14000 CW 2013-05-26 0628 RX1AG         599 137    YL9T          599 1062
QSO: 14000 CW 2013-05-26 0627 RX1AG         599 138    LZ9R          599 1237
QSO: 14000 CW 2013-05-26 0631 RX1AG         599 139    E73ESP        599 048
QSO: 14000 CW 2013-05-26 0632 RX1AG         599 140    OH2K          599 698
QSO: 14000 CW 2013-05-26 0633 RX1AG         599 141    UA4W          599 1870
QSO: 14000 CW 2013-05-26 0635 RX1AG         599 142    DJ0SP         599 612
QSO: 14000 CW 2013-05-26 0636 RX1AG         599 143    YR9F          599 821
QSO: 14000 CW 2013-05-26 0638 RX1AG         599 144    F5KEQ         599 772
QSO: 14000 CW 2013-05-26 0639 RX1AG         599 145    YL2BJ         599 857
QSO: 14000 CW 2013-05-26 0641 RX1AG         599 146    CR2X          599 3969
QSO: 14000 CW 2013-05-26 0642 RX1AG         599 147    UN9L          599 604
QSO: 14000 CW 2013-05-26 0644 RX1AG         599 148    IK0YUT        599 012
QSO: 14000 CW 2013-05-26 0645 RX1AG         599 149    DD1A          599 1011
QSO: 14000 CW 2013-05-26 0647 RX1AG         599 150    IR2R          599 176
QSO: 14000 CW 2013-05-26 0649 RX1AG         599 151    TP2CE         599 745
QSO: 14000 CW 2013-05-26 0650 RX1AG         599 152    OP4K          599 1451
QSO: 14000 CW 2013-05-26 0927 RX1AG         599 153    OM8DD         599 843
QSO: 14000 CW 2013-05-26 0928 RX1AG         599 154    RA3AN         599 1096
QSO: 14000 CW 2013-05-26 0929 RX1AG         599 155    RQ5D          599 545
QSO: 14000 CW 2013-05-26 0931 RX1AG         599 156    SO8T          599 306
QSO: 14000 CW 2013-05-26 0933 RX1AG         599 157    UW2ZM         599 739
QSO: 14000 CW 2013-05-26 0935 RX1AG         599 158    RW3XM         599 298
QSO: 14000 CW 2013-05-26 0936 RX1AG         599 159    IR2C          599 2009
QSO: 14000 CW 2013-05-26 0937 RX1AG         599 160    HA8VK         599 778
QSO: 14000 CW 2013-05-26 0938 RX1AG         599 161    UU9JK         599 439
QSO: 14000 CW 2013-05-26 0940 RX1AG         599 162    YO9HP         599 582
QSO: 14000 CW 2013-05-26 0945 RX1AG         599 163    DM6V          599 1223
QSO: 14000 CW 2013-05-26 0953 RX1AG         599 164    UA3ABJ        599 827
QSO: 14000 CW 2013-05-26 0955 RX1AG         599 165    DL1DTL        599 349
QSO: 14000 CW 2013-05-26 1014 RX1AG         599 166    UN2E          599 900
QSO: 14000 CW 2013-05-26 1018 RX1AG         599 167    UT8UL         599 505
QSO: 14000 CW 2013-05-26 1020 RX1AG         599 168    TM6X          599 1336
QSO: 14000 CW 2013-05-26 1021 RX1AG         599 169    S52OP         599 1849
QSO: 14000 CW 2013-05-26 1023 RX1AG         599 170    YO5PBF        599 899
QSO: 14000 CW 2013-05-26 1059 RX1AG         599 171    IK2SND        599 069
QSO: 14000 CW 2013-05-26 1101 RX1AG         599 172    LZ2PS         599 611
QSO: 14000 CW 2013-05-26 1103 RX1AG         599 173    EW8QQ         599 467
QSO: 14000 CW 2013-05-26 1105 RX1AG         599 174    IV3UHL        599 343
QSO: 14000 CW 2013-05-26 1108 RX1AG         599 175    UR5KED        599 397
QSO: 14000 CW 2013-05-26 1112 RX1AG         599 176    EW6GF         599 401
QSO: 14000 CW 2013-05-26 1114 RX1AG         599 177    LZ1FH         599 485
QSO: 14000 CW 2013-05-26 1118 RX1AG         599 178    SQ5M          599 591
QSO: 14000 CW 2013-05-26 1119 RX1AG         599 179    EW2MA         599 590
QSO: 14000 CW 2013-05-26 1120 RX1AG         599 180    US0HZ         599 974
QSO: 14000 CW 2013-05-26 1123 RX1AG         599 181    YO8SS         599 028
QSO: 14000 CW 2013-05-26 1125 RX1AG         599 182    DL5AN         599 074
QSO: 14000 CW 2013-05-26 1126 RX1AG         599 183    RG5A          599 1225
QSO: 14000 CW 2013-05-26 1129 RX1AG         599 184    RT3I          599 318
QSO: 14000 CW 2013-05-26 1131 RX1AG         599 185    UX7FD         599 625
QSO: 14000 CW 2013-05-26 1134 RX1AG         599 186    LZ0M          599 157
QSO: 14000 CW 2013-05-26 1137 RX1AG         599 187    I0ZUT         599 163
QSO: 14000 CW 2013-05-26 1141 RX1AG         599 188    RW3WX         599 345
QSO: 14000 CW 2013-05-26 1142 RX1AG         599 189    EM2G          599 2108
QSO: 14000 CW 2013-05-26 1143 RX1AG         599 190    OM8LM         599 555
QSO: 14000 CW 2013-05-26 1144 RX1AG         599 191    R7TW          599 152
QSO: 14000 CW 2013-05-26 1147 RX1AG         599 192    PA0CT         599 571
QSO: 14000 CW 2013-05-26 1151 RX1AG         599 193    EV6M          599 240
QSO: 14000 CW 2013-05-26 1152 RX1AG         599 194    RA9UN         599 665
QSO: 14000 CW 2013-05-26 1154 RX1AG         599 195    S54A          599 679
QSO: 14000 CW 2013-05-26 1155 RX1AG         599 196    IZ5EKV        599 152
QSO: 14000 CW 2013-05-26 1156 RX1AG         599 197    RZ9CJ         599 157
QSO: 14000 CW 2013-05-26 1158 RX1AG         599 198    RM5A          599 1590
QSO: 14000 CW 2013-05-26 1200 RX1AG         599 199    9A4U          599 257
QSO: 14000 CW 2013-05-26 1203 RX1AG         599 200    RU3UW         599 290
QSO: 14000 CW 2013-05-26 1204 RX1AG         599 201    4Z5IW         599 761
QSO: 14000 CW 2013-05-26 1205 RX1AG         599 202    RU27WB        599 045
QSO: 14000 CW 2013-05-26 1208 RX1AG         599 203    YL2KO         599 1771
QSO: 14000 CW 2013-05-26 1332 RX1AG         599 204    ON4IA         599 706
QSO: 14000 CW 2013-05-26 1336 RX1AG         599 205    R4WDX         599 1148
QSO: 14000 CW 2013-05-26 1338 RX1AG         599 206    DJ5MW         599 1236
QSO: 14000 CW 2013-05-26 1342 RX1AG         599 207    OQ5M          599 1539
QSO: 14000 CW 2013-05-26 1343 RX1AG         599 208    LZ6C          599 2282
QSO: 14000 CW 2013-05-26 1349 RX1AG         599 209    Z320G         599 467
QSO: 14000 CW 2013-05-26 1350 RX1AG         599 210    EW6EW         599 374
QSO: 14000 CW 2013-05-26 1352 RX1AG         599 211    LY7Z          599 1173
QSO: 14000 CW 2013-05-26 1354 RX1AG         599 212    PA0LOU        599 404
QSO: 14000 CW 2013-05-26 1355 RX1AG         599 213    PI4DX         599 1188
QSO: 14000 CW 2013-05-26 1356 RX1AG         599 214    LZ1QZ         599 251
QSO: 14000 CW 2013-05-26 1402 RX1AG         599 215    HG8C          599 778
QSO: 14000 CW 2013-05-26 1409 RX1AG         599 216    OL7M          599 884
QSO: 14000 CW 2013-05-26 1414 RX1AG         599 217    F6KOP         599 2110
QSO: 14000 CW 2013-05-26 1415 RX1AG         599 218    LY2MM         599 1332
QSO: 14000 CW 2013-05-26 1417 RX1AG         599 219    EW5W          599 1235
QSO: 14000 CW 2013-05-26 1427 RX1AG         599 220    4O3A          599 2329
QSO: 14000 CW 2013-05-26 1431 RX1AG         599 221    OM5AW         599 965
QSO: 14000 CW 2013-05-26 1434 RX1AG         599 222    JH4UYB        599 2093
QSO: 14000 CW 2013-05-26 1454 RX1AG         599 223    OM3KWZ        599 1421
QSO: 14000 CW 2013-05-26 1455 RX1AG         599 224    EV6Z          599 556
QSO: 14000 CW 2013-05-26 1456 RX1AG         599 225    OL6P          599 1402
QSO: 14000 CW 2013-05-26 1458 RX1AG         599 226    CS2C          599 2035
QSO: 14000 CW 2013-05-26 1510 RX1AG         599 227    HA8KW         599 053
QSO: 14000 CW 2013-05-26 1511 RX1AG         599 228    M3I           599 864
QSO: 14000 CW 2013-05-26 1516 RX1AG         599 229    JH1GBZ        599 1948
QSO: 14000 CW 2013-05-26 1519 RX1AG         599 230    YO5OLD        599 017
QSO: 14000 CW 2013-05-26 1520 RX1AG         599 231    YT7T          599 433
QSO: 14000 CW 2013-05-26 1541 RX1AG         599 232    OM3IAG        599 825
QSO: 14000 CW 2013-05-26 1543 RX1AG         599 233    YU7FN         599 222
QSO: 14000 CW 2013-05-26 1546 RX1AG         599 234    RM2U          599 1600
QSO: 14000 CW 2013-05-26 1549 RX1AG         599 235    UI8U          599 893
QSO: 14000 CW 2013-05-26 1551 RX1AG         599 236    BG4FRZ        599 1170
QSO: 14000 CW 2013-05-26 1555 RX1AG         599 237    RO9A          599 1461
QSO: 14000 CW 2013-05-26 1557 RX1AG         599 238    PA2PKZ        599 049
QSO: 14000 CW 2013-05-26 1558 RX1AG         599 239    RK0UT         599 958
QSO: 14000 CW 2013-05-26 1605 RX1AG         599 240    OH2KM         599 139
QSO: 14000 CW 2013-05-26 1609 RX1AG         599 241    BH4RQU        599 1372
QSO: 14000 CW 2013-05-26 1610 RX1AG         599 242    EW8DX         599 1678
QSO: 14000 CW 2013-05-26 1611 RX1AG         599 243    DL5GAC        599 395
QSO: 14000 CW 2013-05-26 1613 RX1AG         599 244    EW8OF         599 559
QSO: 14000 CW 2013-05-26 1614 RX1AG         599 245    SV4FFL        599 459
QSO: 14000 CW 2013-05-26 1619 RX1AG         599 246    UA1TV         599 294
QSO: 14000 CW 2013-05-26 1620 RX1AG         599 247    RT27WW        599 2488
QSO: 14000 CW 2013-05-26 1623 RX1AG         599 248    EW7BR         599 1108
QSO: 14000 CW 2013-05-26 1624 RX1AG         599 249    DK5XG         599 319
QSO: 14000 CW 2013-05-26 1626 RX1AG         599 250    R1DX          599 946
QSO: 14000 CW 2013-05-26 1629 RX1AG         599 251    RU9AZ         599 991
QSO: 14000 CW 2013-05-26 1633 RX1AG         599 252    SJ2W          599 2732
QSO: 14000 CW 2013-05-26 1635 RX1AG         599 253    IT9UCS        599 264
QSO: 14000 CW 2013-05-26 1636 RX1AG         599 254    SK3W          599 1380
QSO: 14000 CW 2013-05-26 1640 RX1AG         599 255    LY2TS         599 697
QSO: 14000 CW 2013-05-26 1646 RX1AG         599 256    DK7AN         599 165
QSO: 14000 CW 2013-05-26 1652 RX1AG         599 257    EA2NN         599 339
QSO: 14000 CW 2013-05-26 1655 RX1AG         599 258    JH0INP        599 1519
QSO: 14000 CW 2013-05-26 1657 RX1AG         599 259    OH0X          599 2277
QSO: 14000 CW 2013-05-26 1659 RX1AG         599 260    LN5O          599 2122
QSO: 14000 CW 2013-05-26 1700 RX1AG         599 261    HA0HV         599 016
QSO: 14000 CW 2013-05-26 1724 RX1AG         599 262    UA9XF         599 866
QSO: 14000 CW 2013-05-26 1727 RX1AG         599 263    EA5AER        599 1784
QSO: 14000 CW 2013-05-26 1729 RX1AG         599 264    RW3AI         599 491
QSO: 14000 CW 2013-05-26 1730 RX1AG         599 265    IZ8DVD        599 050
QSO: 14000 CW 2013-05-26 1731 RX1AG         599 266    DF4XX         599 509
QSO: 14000 CW 2013-05-26 1733 RX1AG         599 267    JE1LFX        599 1307
QSO: 14000 CW 2013-05-26 1734 RX1AG         599 268    HG7T          599 1676
QSO: 14000 CW 2013-05-26 1736 RX1AG         599 269    B1C           599 1576
QSO: 14000 CW 2013-05-26 1742 RX1AG         599 270    ER6A          599 405
QSO: 14000 CW 2013-05-26 1744 RX1AG         599 271    RX9FB         599 677
QSO: 14000 CW 2013-05-26 1745 RX1AG         599 272    RW4WA         599 1481
QSO: 14000 CW 2013-05-26 1750 RX1AG         599 273    IZ5NFD        599 334
QSO: 14000 CW 2013-05-26 1755 RX1AG         599 274    JE1ZWT        599 1074
QSO: 14000 CW 2013-05-26 1800 RX1AG         599 275    LZ1VB         599 1088
QSO: 14000 CW 2013-05-26 1807 RX1AG         599 276    S58M          599 825
QSO: 14000 CW 2013-05-26 1810 RX1AG         599 277    EU1DX         599 013
QSO: 14000 CW 2013-05-26 1813 RX1AG         599 278    BA1AI         599 998
QSO: 14000 CW 2013-05-26 1817 RX1AG         599 279    RO1B          599 133
QSO: 14000 CW 2013-05-26 1821 RX1AG         599 280    TM3T          599 1109
QSO: 14000 CW 2013-05-26 1824 RX1AG         599 281    5W1SA         599 1448
QSO: 14000 CW 2013-05-26 1836 RX1AG         599 282    PI4H          599 946
QSO: 14000 CW 2013-05-26 1845 RX1AG         599 283    DL1LOD        599 1054
QSO: 14000 CW 2013-05-26 1846 RX1AG         599 284    G5W           599 2638
QSO: 14000 CW 2013-05-26 1851 RX1AG         599 285    4L8A          599 2167
QSO: 14000 CW 2013-05-26 1855 RX1AG         599 286    YU5R          599 1653
QSO: 14000 CW 2013-05-26 1901 RX1AG         599 287    9A4WY         599 1078
QSO: 14000 CW 2013-05-26 1903 RX1AG         599 288    HG4I          599 757
QSO: 14000 CW 2013-05-26 1905 RX1AG         599 289    RA1ABR        599 774
QSO: 14000 CW 2013-05-26 1911 RX1AG         599 290    EE8X          599 2555
QSO: 14000 CW 2013-05-26 1919 RX1AG         599 291    ED1R          599 2214
QSO: 14000 CW 2013-05-26 1925 RX1AG         599 292    HA8FK         599 030
QSO: 14000 CW 2013-05-26 1929 RX1AG         599 293    4Z5TK         599 1731
QSO: 14000 CW 2013-05-26 1931 RX1AG         599 294    HF55O         599 818
QSO: 14000 CW 2013-05-26 1934 RX1AG         599 295    HA6NL         599 1402
QSO: 14000 CW 2013-05-26 1935 RX1AG         599 296    OK1DRX        599 042
QSO: 14000 CW 2013-05-26 1937 RX1AG         599 297    HG6N          599 3533
QSO: 14000 CW 2013-05-26 1938 RX1AG         599 298    DJ1MM         599 1581
QSO: 14000 CW 2013-05-26 1942 RX1AG         599 299    HA1           599 830
QSO: 14000 CW 2013-05-26 1943 RX1AG         599 300    SE0X          599 1843
QSO: 14000 CW 2013-05-26 1947 RX1AG         599 301    LZ1ZM         599 069
END-OF-LOG:
