START-OF-LOG: 3.0
LOCATION: DX
CALLSIGN: UA6GF
CLUB: Russian CW Club
CONTEST: CQ-WPX-CW
CATEGORY-OPERATOR: SINGLE-OP
CATEGORY-ASSISTED: ASSISTED
CATEGORY-BAND: ALL
CATEGORY-MODE: CW
CATEGORY-POWER: LOW
CATEGORY-STATION: FIXED
CATEGORY-TRANSMITTER: ONE
CLAIMED-SCORE: 108570
OPERATORS: UA6GF
NAME: George Ivanov
CREATED-BY: N1MM Logger V14.8.0
QSO: 28043 CW 2015-05-30 0630 UA6GF         599 0001   9J2BO         599 0036
QSO: 28026 CW 2015-05-30 0631 UA6GF         599 0002   XW1IC         599 0367
QSO: 21000 CW 2015-05-30 0632 UA6GF         599 0003   YT4T          599 0103
QSO: 21063 CW 2015-05-30 0640 UA6GF         599 0004   UN9GD         599 0460
QSO: 21062 CW 2015-05-30 0642 UA6GF         599 0005   TM40RADS      599 0037
QSO: 21049 CW 2015-05-30 0643 UA6GF         599 0006   YT9X          599 0769
QSO: 21044 CW 2015-05-30 0644 UA6GF         599 0007   G5O           599 0043
QSO: 21040 CW 2015-05-30 0644 UA6GF         599 0008   TM7D          599 0064
QSO: 21027 CW 2015-05-30 0646 UA6GF         599 0009   4O90A         599 0692
QSO: 21025 CW 2015-05-30 0646 UA6GF         599 0010   HB2T          599 0090
QSO: 21024 CW 2015-05-30 0647 UA6GF         599 0011   TM2Y          599 0643
QSO: 21023 CW 2015-05-30 0648 UA6GF         599 0012   YU7EE         599 0217
QSO: 21017 CW 2015-05-30 0652 UA6GF         599 0013   TR5N          599 0330
QSO: 21011 CW 2015-05-30 0652 UA6GF         599 0014   HG7T          599 0250
QSO: 21010 CW 2015-05-30 0652 UA6GF         599 0015   OM5ZW         599 0751
QSO: 21008 CW 2015-05-30 0653 UA6GF         599 0016   YT6A          599 0335
QSO: 21007 CW 2015-05-30 0654 UA6GF         599 0017   BG8NUD        599 0254
QSO: 21009 CW 2015-05-30 0655 UA6GF         599 0018   OE3K          599 0868
QSO: 21018 CW 2015-05-30 0657 UA6GF         599 0019   SN5X          599 0176
QSO: 21021 CW 2015-05-30 0700 UA6GF         599 0020   JA1ZGO        599 0253
QSO: 21022 CW 2015-05-30 0700 UA6GF         599 0021   S50R          599 0606
QSO: 21050 CW 2015-05-31 1552 UA6GF         599 0022   IO1T          599 2531
QSO: 21111 CW 2015-05-31 1554 UA6GF         599 0023   F6HKA         599 0536
QSO: 21106 CW 2015-05-31 1555 UA6GF         599 0024   JS1KKY        599 0509
QSO: 21097 CW 2015-05-31 1557 UA6GF         599 0025   3V8SS         599 3533
QSO: 21085 CW 2015-05-31 1559 UA6GF         599 0026   JH1EAQ        599 0926
QSO: 21083 CW 2015-05-31 1600 UA6GF         599 0027   PX2A          599 1866
QSO: 21080 CW 2015-05-31 1601 UA6GF         599 0028   RK3ER         599 0952
QSO: 21075 CW 2015-05-31 1602 UA6GF         599 0029   EA8/RA1A      599 3434
QSO: 21068 CW 2015-05-31 1604 UA6GF         599 0030   E29BUQ        599 0893
QSO: 21064 CW 2015-05-31 1604 UA6GF         599 0031   EA6URA        599 1888
QSO: 21064 CW 2015-05-31 1604 UA6GF         599 0032   EA6URA        599 1888
QSO: 21063 CW 2015-05-31 1606 UA6GF         599 0033   LX4A          599 0310
QSO: 21062 CW 2015-05-31 1607 UA6GF         599 0034   JT5DX         599 3064
QSO: 21061 CW 2015-05-31 1609 UA6GF         599 0035   NC0DX         599 0744
QSO: 21059 CW 2015-05-31 1613 UA6GF         599 0036   BY5YAA        599 1278
QSO: 21058 CW 2015-05-31 1614 UA6GF         599 0037   7J1YAJ        599 1752
QSO: 21058 CW 2015-05-31 1617 UA6GF         599 0038   A42A          599 2495
QSO: 21052 CW 2015-05-31 1639 UA6GF         599 0039   G5W           599 1447
QSO: 21051 CW 2015-05-31 1640 UA6GF         599 0040   UW3U          599 2657
QSO: 21051 CW 2015-05-31 1640 UA6GF         599 0041   SP9LJD        599 1983
QSO: 21049 CW 2015-05-31 1644 UA6GF         599 0042   RW1A          599 3401
QSO: 21048 CW 2015-05-31 1646 UA6GF         599 0043   N3QE          599 1537
QSO: 21045 CW 2015-05-31 1648 UA6GF         599 0044   A65BP         599 3108
QSO: 21044 CW 2015-05-31 1649 UA6GF         599 0045   EW2A          599 2381
QSO: 21040 CW 2015-05-31 1651 UA6GF         599 0046   HK1R          599 2386
QSO: 21039 CW 2015-05-31 1652 UA6GF         599 0047   SN7Q          599 2911
QSO: 21037 CW 2015-05-31 1653 UA6GF         599 0048   HB90IARU      599 2310
QSO: 21037 CW 2015-05-31 1654 UA6GF         599 0049   S53MM         599 2505
QSO: 21036 CW 2015-05-31 1655 UA6GF         599 0050   JA7NUF        599 1149
QSO: 21035 CW 2015-05-31 1657 UA6GF         599 0051   BA4BL         599 2003
QSO: 21035 CW 2015-05-31 1658 UA6GF         599 0052   LY2W          599 1445
QSO: 21018 CW 2015-05-31 1701 UA6GF         599 0053   CR3A          599 3838
QSO: 21016 CW 2015-05-31 1703 UA6GF         599 0054   CU4DX         599 3509
QSO: 21014 CW 2015-05-31 1703 UA6GF         599 0055   9A5X          599 2108
QSO: 21010 CW 2015-05-31 1707 UA6GF         599 0056   ED3W          599 3334
QSO: 21005 CW 2015-05-31 1708 UA6GF         599 0057   G2F           599 2664
QSO: 21004 CW 2015-05-31 1709 UA6GF         599 0058   N1LN          599 1410
QSO: 21003 CW 2015-05-31 1710 UA6GF         599 0059   N8OO          599 2368
QSO: 21003 CW 2015-05-31 1711 UA6GF         599 0060   VY2TT         599 3333
QSO: 21002 CW 2015-05-31 1712 UA6GF         599 0061   NN5J          599 1749
QSO: 21000 CW 2015-05-31 1714 UA6GF         599 0062   EA9EU         599 0729
QSO: 21006 CW 2015-05-31 1715 UA6GF         599 0063   TK5MH         599 0101
QSO: 21007 CW 2015-05-31 1716 UA6GF         599 0064   NR4M          599 1546
QSO: 21009 CW 2015-05-31 1717 UA6GF         599 0065   TM0R          599 1723
QSO: 21010 CW 2015-05-31 1718 UA6GF         599 0066   EA4TX         599 0422
QSO: 21012 CW 2015-05-31 1719 UA6GF         599 0067   A71EM         599 1427
QSO: 21014 CW 2015-05-31 1720 UA6GF         599 0068   BY5CD         599 2119
QSO: 21018 CW 2015-05-31 1721 UA6GF         599 0069   EF8U          599 3484
QSO: 21086 CW 2015-05-31 1725 UA6GF         599 0070   9V50XX        599 0696
QSO: 21035 CW 2015-05-31 1726 UA6GF         599 0071   HG3M          599 1319
QSO: 21022 CW 2015-05-31 1729 UA6GF         599 0072   KP2M          599 4433
QSO: 21108 CW 2015-05-31 1731 UA6GF         599 0073   PY1NX         599 1783
QSO: 21067 CW 2015-05-31 1732 UA6GF         599 0074   OM20OTC       599 0746
QSO: 21089 CW 2015-05-31 1733 UA6GF         599 0075   JY9FC         599 2396
QSO: 21095 CW 2015-05-31 1735 UA6GF         599 0076   9M2TO         599 0992
QSO: 21102 CW 2015-05-31 1737 UA6GF         599 0077   CE3DNP        599 0477
QSO: 21093 CW 2015-05-31 1739 UA6GF         599 0078   UT3EK         599 0524
QSO: 21074 CW 2015-05-31 1741 UA6GF         599 0079   NY4A          599 3163
QSO: 21064 CW 2015-05-31 1744 UA6GF         599 0080   VP2MDG        599 3873
QSO: 21057 CW 2015-05-31 1747 UA6GF         599 0081   IO2X          599 2686
QSO: 21046 CW 2015-05-31 1748 UA6GF         599 0082   OM8FF         599 0341
QSO: 21030 CW 2015-05-31 1752 UA6GF         599 0083   PW2D          599 2991
QSO: 21019 CW 2015-05-31 1754 UA6GF         599 0084   IK0YVV        599 1207
QSO: 21024 CW 2015-05-31 1756 UA6GF         599 0085   IR1Y          599 1951
QSO: 21030 CW 2015-05-31 1757 UA6GF         599 0086   4X7R          599 2182
QSO: 21029 CW 2015-05-31 1759 UA6GF         599 0087   TM1A          599 2762
QSO: 21039 CW 2015-05-31 1800 UA6GF         599 0088   4U5F          599 2719
QSO: 21042 CW 2015-05-31 1801 UA6GF         599 0089   LZ4T          599 1800
QSO: 21044 CW 2015-05-31 1802 UA6GF         599 0090   YU4HDX        599 0149
QSO: 21044 CW 2015-05-31 1803 UA6GF         599 0091   LN7TTT        599 0996
QSO: 21044 CW 2015-05-31 1804 UA6GF         599 0092   YO8SS         599 0764
QSO: 21044 CW 2015-05-31 1804 UA6GF         599 0093   YO4TL         599 0272
QSO: 21044 CW 2015-05-31 1805 UA6GF         599 0094   S51NM         599 0255
QSO: 21044 CW 2015-05-31 1807 UA6GF         599 0095   MM8Z          599 0016
QSO: 21044 CW 2015-05-31 1808 UA6GF         599 0096   LZ1FJ         599 0277
QSO: 21044 CW 2015-05-31 1810 UA6GF         599 0097   DF5RF         599 0951
QSO: 21044 CW 2015-05-31 1811 UA6GF         599 0098   UT5T          599 0458
QSO: 21044 CW 2015-05-31 1811 UA6GF         599 0099   LZ9W          599 1897
QSO: 21044 CW 2015-05-31 1811 UA6GF         599 0100   YU1AHW        599 0592
QSO: 21044 CW 2015-05-31 1819 UA6GF         599 0101   M7Q           599 1708
QSO: 21044 CW 2015-05-31 1820 UA6GF         599 0102   IV3ARJ        599 0386
QSO: 21044 CW 2015-05-31 1821 UA6GF         599 0103   DJ5MW         599 3026
QSO: 21044 CW 2015-05-31 1822 UA6GF         599 0104   DL5NO         599 0330
QSO: 21044 CW 2015-05-31 1823 UA6GF         599 0105   LZ1DQ         599 0459
QSO: 21044 CW 2015-05-31 1824 UA6GF         599 0106   S57AW         599 2190
QSO: 21044 CW 2015-05-31 1825 UA6GF         599 0107   S50C          599 3424
QSO: 21044 CW 2015-05-31 1826 UA6GF         599 0108   SM6CNN        599 0782
QSO: 21044 CW 2015-05-31 1828 UA6GF         599 0109   DC2SZ         599 0053
QSO: 21044 CW 2015-05-31 1829 UA6GF         599 0110   HB9ARF        599 1129
QSO: 21044 CW 2015-05-31 1831 UA6GF         599 0111   YO3LW         599 0456
QSO: 21044 CW 2015-05-31 1832 UA6GF         599 0112   OU4N          599 0445
QSO: 21019 CW 2015-05-31 1834 UA6GF         599 0113   IZ2GRG        599 0486
QSO: 21020 CW 2015-05-31 1835 UA6GF         599 0114   YT8A          599 2296
QSO: 21026 CW 2015-05-31 1841 UA6GF         599 0115   DK1NO         599 0483
QSO: 21044 CW 2015-05-31 1845 UA6GF         599 0116   WH7M          599 2250
QSO: 21044 CW 2015-05-31 1847 UA6GF         599 0117   YU1EW         599 2159
QSO: 21044 CW 2015-05-31 1848 UA6GF         599 0118   HA2VR         599 0119
QSO: 21044 CW 2015-05-31 1849 UA6GF         599 0119   LZ8E          599 2854
QSO: 21048 CW 2015-05-31 1851 UA6GF         599 0120   OK6DJ         599 0073
QSO: 21036 CW 2015-05-31 1854 UA6GF         599 0121   LA3S          599 1688
QSO: 21041 CW 2015-05-31 1855 UA6GF         599 0122   KP3Z          599 2671
QSO: 21090 CW 2015-05-31 1858 UA6GF         599 0123   PI4DX         599 1774
QSO: 21106 CW 2015-05-31 1859 UA6GF         599 0124   MJ5Z          599 2370
QSO: 21032 CW 2015-05-31 1901 UA6GF         599 0125   9A1A          599 2307
QSO: 21031 CW 2015-05-31 1902 UA6GF         599 0126   OL1C          599 2445
QSO: 21029 CW 2015-05-31 1904 UA6GF         599 0127   SV1ENG        599 11787
QSO: 21019 CW 2015-05-31 1906 UA6GF         599 0128   S55M          599 1709
QSO: 21012 CW 2015-05-31 1909 UA6GF         599 0129   IB9T          599 3736
QSO: 21020 CW 2015-05-31 1915 UA6GF         599 0130   MD4K          599 3761
QSO: 21065 CW 2015-05-31 1916 UA6GF         599 0131   G9W           599 2837
QSO: 21070 CW 2015-05-31 1916 UA6GF         599 0132   EF2A          599 2324
QSO: 21064 CW 2015-05-31 1918 UA6GF         599 0133   EF5Y          599 2613
QSO: 21014 CW 2015-05-31 1922 UA6GF         599 0134   K9CT          599 1496
QSO: 21030 CW 2015-05-31 1928 UA6GF         599 0135   D4C           599 4175
QSO: 21052 CW 2015-05-31 1929 UA6GF         599 0136   CT9/R9DX      599 3771
QSO: 21007 CW 2015-05-31 1932 UA6GF         599 0137   PY2YU         599 2355
QSO: 21063 CW 2015-05-31 1937 UA6GF         599 0138   PJ2T          599 2180
QSO: 21044 CW 2015-05-31 1940 UA6GF         599 0139   AK5X          599 1393
QSO: 21044 CW 2015-05-31 1942 UA6GF         599 0140   CX2AQ         599 0278
QSO: 21042 CW 2015-05-31 1943 UA6GF         599 0141   KM3T          599 3138
QSO: 21037 CW 2015-05-31 1947 UA6GF         599 0142   EB8AH         599 1178
QSO: 21044 CW 2015-05-31 1948 UA6GF         599 0143   RT5Z          599 1934
QSO: 21054 CW 2015-05-31 1952 UA6GF         599 0144   F5VKT         599 1707
QSO: 21056 CW 2015-05-31 1956 UA6GF         599 0145   EF8C          599 0372
QSO: 21057 CW 2015-05-31 1959 UA6GF         599 0146   PR9M          599 1168
QSO: 21064 CW 2015-05-31 2003 UA6GF         599 0147   II9P          599 4142
QSO: 21055 CW 2015-05-31 2007 UA6GF         599 0148   J35X          599 0348
QSO: 21036 CW 2015-05-31 2008 UA6GF         599 0149   OL3Z          599 3326
QSO: 21029 CW 2015-05-31 2008 UA6GF         599 0150   CE3CT         599 1654
QSO: 21020 CW 2015-05-31 2012 UA6GF         599 0151   B7Q           599 1351
QSO: 21012 CW 2015-05-31 2013 UA6GF         599 0152   DM9K          599 1605
QSO: 21010 CW 2015-05-31 2014 UA6GF         599 0153   OL5T          599 1359
QSO: 21020 CW 2015-05-31 2015 UA6GF         599 0154   IF9/IT9PPG    599 1169
QSO: 21026 CW 2015-05-31 2016 UA6GF         599 0155   E7DX          599 3546
QSO: 21060 CW 2015-05-31 2020 UA6GF         599 0156   DL2SWW        599 1058
QSO: 21064 CW 2015-05-31 2021 UA6GF         599 0157   NP2L          599 0686
QSO: 21066 CW 2015-05-31 2022 UA6GF         599 0158   TO5Y          599 3333
QSO: 21041 CW 2015-05-31 2037 UA6GF         599 0159   CO8LY         599 0597
QSO: 21053 CW 2015-05-31 2038 UA6GF         599 0160   DM6V          599 1800
QSO: 21014 CW 2015-05-31 2041 UA6GF         599 0161   L33M          599 0605
QSO: 21035 CW 2015-05-31 2047 UA6GF         599 0162   OL4A          599 2176
QSO: 21046 CW 2015-05-31 2048 UA6GF         599 0163   DD0CC         599 1499
QSO: 21053 CW 2015-05-31 2049 UA6GF         599 0164   OR2F          599 0572
QSO: 21035 CW 2015-05-31 2054 UA6GF         599 0165   CT3EE         599 2654
QSO: 21010 CW 2015-05-31 2055 UA6GF         599 0166   OK1DG         599 0944
QSO: 21024 CW 2015-05-31 2058 UA6GF         599 0167   OH3Z          599 0251
QSO: 21024 CW 2015-05-31 2059 UA6GF         599 0168   N8II          599 1251
QSO: 21024 CW 2015-05-31 2100 UA6GF         599 0169   SP9CXN        599 0251
QSO: 21024 CW 2015-05-31 2100 UA6GF         599 0170   OK1TD         599 0520
QSO: 21024 CW 2015-05-31 2103 UA6GF         599 0171   DL2RUG        599 0063
QSO: 21024 CW 2015-05-31 2105 UA6GF         599 0172   OH9W          599 1266
QSO: 21020 CW 2015-05-31 2108 UA6GF         599 0173   K4LTA         599 1039
QSO: 14002 CW 2015-05-31 2110 UA6GF         599 0174   YL5X          599 0956
QSO: 14004 CW 2015-05-31 2111 UA6GF         599 0175   CR2X          599 2909
QSO: 14004 CW 2015-05-31 2112 UA6GF         599 0176   VA2EW         599 3007
QSO: 14007 CW 2015-05-31 2113 UA6GF         599 0177   LX7I          599 4081
QSO: 14013 CW 2015-05-31 2115 UA6GF         599 0178   LY4A          599 2165
QSO: 14016 CW 2015-05-31 2118 UA6GF         599 0179   HG4I          599 0517
QSO: 14017 CW 2015-05-31 2119 UA6GF         599 0180   JH0INP        599 1640
QSO: 14021 CW 2015-05-31 2137 UA6GF         599 0181   SO4M          599 2349
QSO: 14027 CW 2015-05-31 2139 UA6GF         599 0182   VC2W          599 2711
QSO: 14029 CW 2015-05-31 2139 UA6GF         599 0183   YR1C          599 4399
QSO: 14031 CW 2015-05-31 2140 UA6GF         599 0184   LZ2TU         599 0582
QSO: 14034 CW 2015-05-31 2140 UA6GF         599 0185   YU5C          599 0879
QSO: 14038 CW 2015-05-31 2141 UA6GF         599 0186   OZ5E          599 2880
QSO: 14042 CW 2015-05-31 2145 UA6GF         599 0187   YL0Y          599 0734
QSO: 14050 CW 2015-05-31 2145 UA6GF         599 0188   SJ2W          599 3140
QSO: 14055 CW 2015-05-31 2146 UA6GF         599 0189   KM3T          599 3281
QSO: 14063 CW 2015-05-31 2149 UA6GF         599 0190   NS1S          599 1976
QSO: 14065 CW 2015-05-31 2150 UA6GF         599 0191   HK4R          599 2374
QSO: 14066 CW 2015-05-31 2151 UA6GF         599 0192   YT1A          599 1977
QSO: 14068 CW 2015-05-31 2152 UA6GF         599 0193   KP3Z          599 2892
QSO: 14070 CW 2015-05-31 2153 UA6GF         599 0194   FY5FY         599 2122
QSO: 14070 CW 2015-05-31 2153 UA6GF         599 0195   DC4A          599 2059
QSO: 14055 CW 2015-05-31 2155 UA6GF         599 0196   WP4X          599 2357
QSO: 14004 CW 2015-05-31 2158 UA6GF         599 0197   J38MM         599 0993
QSO: 14069 CW 2015-05-31 2159 UA6GF         599 0198   MD2C          599 1965
QSO: 14067 CW 2015-05-31 2201 UA6GF         599 0199   5C5T          599 0654
QSO: 14076 CW 2015-05-31 2202 UA6GF         599 0200   BY8DX         599 1988
QSO: 14079 CW 2015-05-31 2203 UA6GF         599 0201   VP2MDG        599 4285
QSO: 14092 CW 2015-05-31 2207 UA6GF         599 0202   WL7E          599 1110
QSO: 14015 CW 2015-05-31 2207 UA6GF         599 0203   9A73A         599 3111
QSO: 14064 CW 2015-05-31 2211 UA6GF         599 0204   OM20OTC       599 0823
QSO: 14060 CW 2015-05-31 2212 UA6GF         599 0205   LY7A          599 2055
QSO: 14059 CW 2015-05-31 2213 UA6GF         599 0206   DD5M          599 1588
QSO: 14049 CW 2015-05-31 2215 UA6GF         599 0207   OL6P          599 2213
QSO: 14042 CW 2015-05-31 2217 UA6GF         599 0208   KD2GYF        599 2203
QSO: 14027 CW 2015-05-31 2219 UA6GF         599 0209   TM5Y          599 3600
QSO: 14024 CW 2015-05-31 2221 UA6GF         599 0210   WN2O          599 1741
QSO: 14022 CW 2015-05-31 2223 UA6GF         599 0211   YT2T          599 1356
QSO: 14022 CW 2015-05-31 2223 UA6GF         599 0212   SZ6P          599 1606
QSO: 14019 CW 2015-05-31 2224 UA6GF         599 0213   PA0O          599 0327
QSO: 14018 CW 2015-05-31 2226 UA6GF         599 0214   HA8JV         599 1990
QSO: 14020 CW 2015-05-31 2227 UA6GF         599 0215   ZF1A          599 4695
QSO: 14024 CW 2015-05-31 2229 UA6GF         599 0216   OM3RRC        599 2220
QSO: 14025 CW 2015-05-31 2230 UA6GF         599 0217   IO4T          599 0254
QSO: 14026 CW 2015-05-31 2231 UA6GF         599 0218   G3TXF         599 1280
QSO: 14034 CW 2015-05-31 2234 UA6GF         599 0219   KP2M          599 4894
QSO: 14045 CW 2015-05-31 2239 UA6GF         599 0220   CS2C          599 2962
QSO: 14007 CW 2015-05-31 2242 UA6GF         599 0221   EI7M          599 3495
QSO: 14058 CW 2015-05-31 2242 UA6GF         599 0222   EA7RM         599 0360
QSO: 14061 CW 2015-05-31 2245 UA6GF         599 0223   CT9/R9DX      599 4110
QSO: 14052 CW 2015-05-31 2246 UA6GF         599 0224   IK4DCX        599 0184
QSO: 14047 CW 2015-05-31 2248 UA6GF         599 0225   S58A          599 1179
QSO: 14020 CW 2015-05-31 2249 UA6GF         599 0226   ZA/OU2I       599 1229
QSO: 14013 CW 2015-05-31 2250 UA6GF         599 0227   K3ZO          599 2299
QSO: 14046 CW 2015-05-31 2254 UA6GF         599 0228   W1TO          599 0356
QSO: 14005 CW 2015-05-31 2259 UA6GF         599 0229   NR4M          599 2043
QSO: 14001 CW 2015-05-31 2300 UA6GF         599 0230   WC1M          599 3174
QSO: 14042 CW 2015-05-31 2302 UA6GF         599 0231   A42A          599 2839
QSO: 14043 CW 2015-05-31 2303 UA6GF         599 0232   YL2CV         599 1275
QSO: 14043 CW 2015-05-31 2303 UA6GF         599 0233   UA0OK         599 0686
QSO: 14043 CW 2015-05-31 2304 UA6GF         599 0234   KS1J          599 1729
QSO: 14043 CW 2015-05-31 2306 UA6GF         599 0235   DJ9RR         599 1382
QSO: 14043 CW 2015-05-31 2306 UA6GF         599 0236   SK3W          599 2302
QSO: 14043 CW 2015-05-31 2307 UA6GF         599 0237   SE6N          599 0402
QSO: 14043 CW 2015-05-31 2307 UA6GF         599 0238   S50A          599 2476
QSO: 14043 CW 2015-05-31 2307 UA6GF         599 0239   I3FGX         599 0178
QSO: 14043 CW 2015-05-31 2311 UA6GF         599 0240   KT3M          599 1680
QSO: 14043 CW 2015-05-31 2312 UA6GF         599 0241   OK1KZ         599 0306
QSO: 14043 CW 2015-05-31 2314 UA6GF         599 0242   HS0ZCW        599 0073
QSO: 14043 CW 2015-05-31 2316 UA6GF         599 0243   9A3TY         599 0737
QSO: 14046 CW 2015-05-31 2320 UA6GF         599 0244   W2YC          599 1274
QSO: 14053 CW 2015-05-31 2320 UA6GF         599 0245   DL7ON         599 2521
QSO: 14054 CW 2015-05-31 2322 UA6GF         599 0246   N6AR          599 1427
QSO: 14058 CW 2015-05-31 2323 UA6GF         599 0247   K3CT          599 0094
QSO: 14059 CW 2015-05-31 2324 UA6GF         599 0248   3V8SS         599 4110
QSO: 14060 CW 2015-05-31 2325 UA6GF         599 0249   DL4ZA         599 0855
QSO: 14062 CW 2015-05-31 2327 UA6GF         599 0250   PJ2T          599 2452
QSO: 14066 CW 2015-05-31 2329 UA6GF         599 0251   LN8W          599 3276
QSO: 14002 CW 2015-05-31 2339 UA6GF         599 0252   KC3R          599 3567
QSO: 14001 CW 2015-05-31 2339 UA6GF         599 0253   GW7O          599 1196
QSO: 14027 CW 2015-05-31 2347 UA6GF         599 0254   9M2M          599 0697
QSO: 14043 CW 2015-05-31 2349 UA6GF         599 0255   DD0CC         599 1844
QSO: 14043 CW 2015-05-31 2350 UA6GF         599 0256   DJ1YF         599 0403
QSO: 14043 CW 2015-05-31 2353 UA6GF         599 0257   AK1N          599 0057
QSO: 14044 CW 2015-05-31 2355 UA6GF         599 0258   N1LN          599 1996
QSO: 14045 CW 2015-05-31 2356 UA6GF         599 0259   N4WW          599 2146
QSO: 14052 CW 2015-05-31 2359 UA6GF         599 0260   IO1T          599 3126
QSO: 14053 CW 2015-05-31 2359 UA6GF         599 0261   TO5Y          599 3509
END-OF-LOG:
