START-OF-LOG: 3.0
LOCATION: DX
CALLSIGN: OK1DZD
CLUB:
CONTEST: CQ-WW-CW
CATEGORY-OPERATOR: SINGLE-OP
CATEGORY-ASSISTED: NON-ASSISTED
CATEGORY-BAND: 20M
CATEGORY-MODE: CW
CATEGORY-POWER: QRP
CATEGORY-STATION: FIXED
CATEGORY-TIME: 24-HOURS
CATEGORY-TRANSMITTER: ONE
CATEGORY-OVERLAY: CLASSIC
CLAIMED-SCORE: 1988
OPERATORS: OK1DZD
NAME: Zdenek Vojacek
CERTIFICATE: NO
CREATED-BY: N1MM Logger+ 1.0.5354.0
QSO: 14000 CW 2015-11-28 1016 OK1DZD        599 15     UZ0U          599 16
QSO: 14000 CW 2015-11-28 1018 OK1DZD        599 15     IK0YUU        599 15
QSO: 14000 CW 2015-11-28 1021 OK1DZD        599 15     4X2M          599 20
QSO: 14000 CW 2015-11-28 1128 OK1DZD        599 15     OG6N          599 15
QSO: 14000 CW 2015-11-28 1236 OK1DZD        599 15     EI9C          599 14
QSO: 14000 CW 2015-11-28 1316 OK1DZD        599 15     W2FU          599 05
QSO: 14000 CW 2015-11-28 1320 OK1DZD        599 15     ZA1WW         599 15
QSO: 14000 CW 2015-11-28 1324 OK1DZD        599 15     SZ1A          599 20
QSO: 14000 CW 2015-11-28 1348 OK1DZD        599 15     MZ5B          599 14
QSO: 14000 CW 2015-11-28 1350 OK1DZD        599 15     RZ1AWT        599 16
QSO: 14000 CW 2015-11-28 1359 OK1DZD        599 15     W9SN          599 04
QSO: 14000 CW 2015-11-28 1531 OK1DZD        599 15     K1GO          599 05
QSO: 14000 CW 2015-11-28 1544 OK1DZD        599 15     GU4CHY        599 14
QSO: 14000 CW 2015-11-28 1636 OK1DZD        599 15     OL2N          599 15
QSO: 14000 CW 2015-11-28 1845 OK1DZD        599 15     W1WEF         599 05
QSO: 14000 CW 2015-11-28 1849 OK1DZD        599 15     N2NT          599 05
QSO: 14000 CW 2015-11-28 1907 OK1DZD        599 15     W1KM          599 05
QSO: 14000 CW 2015-11-29 0655 OK1DZD        599 15     EW6GF         599 16
QSO: 14000 CW 2015-11-29 0706 OK1DZD        599 15     UZ0U          599 16
QSO: 14000 CW 2015-11-29 0708 OK1DZD        599 15     RA3WDK        599 16
QSO: 14000 CW 2015-11-29 0718 OK1DZD        599 15     EF2A          599 14
QSO: 14000 CW 2015-11-29 0722 OK1DZD        599 15     OH2BAH        599 15
QSO: 14000 CW 2015-11-29 0723 OK1DZD        599 15     EA2EA         599 14
QSO: 14000 CW 2015-11-29 0725 OK1DZD        599 15     YL9T          599 15
QSO: 14000 CW 2015-11-29 0728 OK1DZD        599 15     RN3F          599 16
QSO: 14000 CW 2015-11-29 0739 OK1DZD        599 15     TM6M          599 14
QSO: 14000 CW 2015-11-29 0749 OK1DZD        599 15     P33W          599 20
QSO: 14000 CW 2015-11-29 0757 OK1DZD        599 15     VE6JY         599 04
QSO: 14000 CW 2015-11-29 1002 OK1DZD        599 15     RN3W          599 16
QSO: 14000 CW 2015-11-29 1006 OK1DZD        599 15     LZ5Z          599 20
QSO: 14000 CW 2015-11-29 1008 OK1DZD        599 15     F5OHM         599 14
QSO: 14000 CW 2015-11-29 1012 OK1DZD        599 15     SV1BJW        599 20
QSO: 14000 CW 2015-11-29 1014 OK1DZD        599 15     OZ1AA         599 14
QSO: 14000 CW 2015-11-29 1023 OK1DZD        599 15     F2DX          599 14
QSO: 14000 CW 2015-11-29 1233 OK1DZD        599 15     G2F           599 14
QSO: 14000 CW 2015-11-29 1240 OK1DZD        599 15     RT5Z          599 16
QSO: 14000 CW 2015-11-29 1243 OK1DZD        599 15     YR1C          599 20
QSO: 14000 CW 2015-11-29 1245 OK1DZD        599 15     G5W           599 14
QSO: 14000 CW 2015-11-29 1248 OK1DZD        599 15     ED1R          599 14
QSO: 14000 CW 2015-11-29 1258 OK1DZD        599 15     M6T           599 14
QSO: 14000 CW 2015-11-29 1411 OK1DZD        599 15     K5ZD          599 05
QSO: 14000 CW 2015-11-29 1514 OK1DZD        599 15     RK3VWA        599 16
QSO: 14000 CW 2015-11-29 1517 OK1DZD        599 15     K4TCG         599 04
QSO: 14000 CW 2015-11-29 1535 OK1DZD        599 15     RK4FF         599 16
QSO: 14000 CW 2015-11-29 1538 OK1DZD        599 15     K0DQ          599 05
QSO: 14000 CW 2015-11-29 1539 OK1DZD        599 15     W1KM          599 05
QSO: 14000 CW 2015-11-29 1547 OK1DZD        599 15     RL4A          599 16
QSO: 14000 CW 2015-11-29 1716 OK1DZD        599 15     W2YC          599 05
END-OF-LOG:
