START-OF-LOG: 3.0
CONTEST: ARRL-DX-SSB
CALLSIGN: IZ5ILK
LOCATION: DX
CATEGORY-OPERATOR: SINGLE-OP
CATEGORY-ASSISTED: ASSISTED
CATEGORY-POWER: HIGH
CATEGORY-BAND: 10M
CATEGORY-MODE: SSB
CATEGORY-TRANSMITTER: ONE
CATEGORY-STATION: FIXED
OPERATORS: IZ5ILK
CLUB: Italian Contest Club
CREATED-BY: N1MM LOGGER+ 1.0.10194.0
HQ-CATEGORY: Single Operator Unlimited, High Power, 10 Meters
HQ-GRID-LOCATOR: JN63BN
QSO: 28670 PH 2024-03-02 1353 IZ5ILK 59 500 AA3B 59 PA
QSO: 28825 PH 2024-03-02 1355 IZ5ILK 59 500 N5TJ 59 TX
QSO: 28834 PH 2024-03-02 1400 IZ5ILK 59 500 K3OO 59 PA
QSO: 28791 PH 2024-03-02 1401 IZ5ILK 59 500 K1VR 59 MA
QSO: 28828 PH 2024-03-02 1402 IZ5ILK 59 500 WY3A 59 PA
QSO: 28840 PH 2024-03-02 1403 IZ5ILK 59 500 WF7T 59 TN
QSO: 28788 PH 2024-03-02 1403 IZ5ILK 59 500 K3IE 59 TN
QSO: 28781 PH 2024-03-02 1404 IZ5ILK 59 500 K1HTV 59 VA
QSO: 28767 PH 2024-03-02 1405 IZ5ILK 59 500 N3AD 59 PA
QSO: 28766 PH 2024-03-02 1406 IZ5ILK 59 500 K1XM 59 MA
QSO: 28711 PH 2024-03-02 1409 IZ5ILK 59 500 NN3W 59 VA
QSO: 28710 PH 2024-03-02 1409 IZ5ILK 59 500 VE9AA 59 NB
QSO: 28760 PH 2024-03-02 1409 IZ5ILK 59 500 W1PY 59 MA
QSO: 28800 PH 2024-03-02 1410 IZ5ILK 59 500 N1UR 59 VT
QSO: 28829 PH 2024-03-02 1410 IZ5ILK 59 500 WA1Z 59 NH
QSO: 28811 PH 2024-03-02 1411 IZ5ILK 59 500 K1JB 59 ME
QSO: 28757 PH 2024-03-02 1412 IZ5ILK 59 500 W4NF 59 VA
QSO: 28755 PH 2024-03-02 1413 IZ5ILK 59 500 AD4EB 59 TN
QSO: 28740 PH 2024-03-02 1414 IZ5ILK 59 500 KZ2I 59 NJ
QSO: 28729 PH 2024-03-02 1414 IZ5ILK 59 500 K5GN 59 TX
QSO: 28724 PH 2024-03-02 1415 IZ5ILK 59 500 W9RE 59 IN
QSO: 28884 PH 2024-03-02 1418 IZ5ILK 59 500 AA1K 59 DE
QSO: 28868 PH 2024-03-02 1419 IZ5ILK 59 500 VY2TT 59 PE
QSO: 28863 PH 2024-03-02 1434 IZ5ILK 59 500 KG9N 59 IL
QSO: 28891 PH 2024-03-02 1434 IZ5ILK 59 500 K5TR 59 TX
QSO: 28874 PH 2024-03-02 1436 IZ5ILK 59 500 WB8AKW 59 OH
QSO: 28825 PH 2024-03-02 1438 IZ5ILK 59 500 N2ZN 59 NY
QSO: 28798 PH 2024-03-02 1439 IZ5ILK 59 500 K2NV 59 NY
QSO: 28780 PH 2024-03-02 1440 IZ5ILK 59 500 NY6DX 59 NJ
QSO: 28906 PH 2024-03-02 1442 IZ5ILK 59 500 KD9MS 59 IL
QSO: 28898 PH 2024-03-02 1443 IZ5ILK 59 500 W3MF 59 PA
QSO: 28802 PH 2024-03-02 1447 IZ5ILK 59 500 KA1ZD 59 CT
QSO: 28796 PH 2024-03-02 1447 IZ5ILK 59 500 KB4DX 59 SC
QSO: 28793 PH 2024-03-02 1449 IZ5ILK 59 500 K0PJ 59 WI
QSO: 28788 PH 2024-03-02 1449 IZ5ILK 59 500 KQ3F 59 PA
QSO: 28782 PH 2024-03-02 1450 IZ5ILK 59 500 K3MD 59 PA
QSO: 28737 PH 2024-03-02 1454 IZ5ILK 59 500 AA4V 59 SC
QSO: 28727 PH 2024-03-02 1455 IZ5ILK 59 500 K2WK 59 VA
QSO: 28756 PH 2024-03-02 1457 IZ5ILK 59 500 ND7K 59 AZ
QSO: 28791 PH 2024-03-02 1459 IZ5ILK 59 500 K3UL 59 PA
QSO: 28832 PH 2024-03-02 1459 IZ5ILK 59 500 N4OX 59 FL
QSO: 28879 PH 2024-03-02 1503 IZ5ILK 59 500 KI9A 59 IL
QSO: 28766 PH 2024-03-02 1504 IZ5ILK 59 500 N2RC 59 NY
QSO: 28707 PH 2024-03-02 1504 IZ5ILK 59 500 KQ2M 59 CT
QSO: 28705 PH 2024-03-02 1504 IZ5ILK 59 500 K3ZA 59 PA
QSO: 28703 PH 2024-03-02 1505 IZ5ILK 59 500 WF4DX 59 FL
QSO: 28700 PH 2024-03-02 1506 IZ5ILK 59 500 N2ZX 59 NY
QSO: 28691 PH 2024-03-02 1507 IZ5ILK 59 500 KY7M 59 AZ
QSO: 28685 PH 2024-03-02 1508 IZ5ILK 59 500 N8II 59 WV
QSO: 28678 PH 2024-03-02 1508 IZ5ILK 59 500 W8MJ 59 MI
QSO: 28676 PH 2024-03-02 1509 IZ5ILK 59 500 K4RO 59 TN
QSO: 7109 PH 2024-03-02 2302 IZ5ILK 59 500 VY2TT 59 PE
QSO: 14159 PH 2024-03-02 2304 IZ5ILK 59 500 AA1K 59 DE
QSO: 14304 PH 2024-03-02 2306 IZ5ILK 59 500 W1GD 59 MA
QSO: 14197 PH 2024-03-02 2309 IZ5ILK 59 500 K2AX 59 NJ
QSO: 14148 PH 2024-03-02 2309 IZ5ILK 59 500 VO1GRC 59 NF
QSO: 14302 PH 2024-03-02 2309 IZ5ILK 59 500 K1KI 59 CT
QSO: 14185 PH 2024-03-03 0941 IZ5ILK 59 500 K5GN 59 TX
QSO: 14198 PH 2024-03-03 0942 IZ5ILK 59 500 W4RM 59 NC
QSO: 14164 PH 2024-03-03 0942 IZ5ILK 59 500 W3LPL 59 MD
QSO: 14272 PH 2024-03-03 0944 IZ5ILK 59 500 N4SS 59 KY
QSO: 14195 PH 2024-03-03 0945 IZ5ILK 59 500 NN3W 59 VA
QSO: 14227 PH 2024-03-03 0947 IZ5ILK 59 500 AD4EB 59 TN
QSO: 14137 PH 2024-03-03 1000 IZ5ILK 59 500 VY2TT 59 PE
QSO: 14151 PH 2024-03-03 1001 IZ5ILK 59 500 K3LR 59 PA
QSO: 14154 PH 2024-03-03 1001 IZ5ILK 59 500 K5RX 59 TX
QSO: 14169 PH 2024-03-03 1002 IZ5ILK 59 500 KB4DX 59 SC
QSO: 14172 PH 2024-03-03 1002 IZ5ILK 59 500 N5DX 59 NY
QSO: 14175 PH 2024-03-03 1002 IZ5ILK 59 500 K5TR 59 TX
QSO: 14189 PH 2024-03-03 1003 IZ5ILK 59 500 KQ3F 59 PA
QSO: 14193 PH 2024-03-03 1003 IZ5ILK 59 500 W1RCR 59 FL
QSO: 14190 PH 2024-03-03 1004 IZ5ILK 59 500 WX3B 59 MD
QSO: 14205 PH 2024-03-03 1004 IZ5ILK 59 500 K3ND 59 PA
QSO: 14251 PH 2024-03-03 1006 IZ5ILK 59 500 W1DED 59 ME
QSO: 14223 PH 2024-03-03 1006 IZ5ILK 59 500 K9RS 59 DE
QSO: 14256 PH 2024-03-03 1007 IZ5ILK 59 500 NE3F 59 PA
QSO: 14143 PH 2024-03-03 1007 IZ5ILK 59 500 VE9AA 59 NB
QSO: 14347 PH 2024-03-03 1009 IZ5ILK 59 500 WA1Z 59 NH
QSO: 14345 PH 2024-03-03 1010 IZ5ILK 59 500 NY6DX 59 NJ
QSO: 14326 PH 2024-03-03 1011 IZ5ILK 59 500 W2CG 59 NJ
QSO: 14180 PH 2024-03-03 1015 IZ5ILK 59 500 K4AB 59 AL
QSO: 14174 PH 2024-03-03 1016 IZ5ILK 59 500 KT5R 59 TX
QSO: 14157 PH 2024-03-03 1017 IZ5ILK 59 500 K1LZ 59 ME
QSO: 14170 PH 2024-03-03 1019 IZ5ILK 59 500 K1TTT 59 MA
QSO: 21197 PH 2024-03-03 1023 IZ5ILK 59 500 VY2TT 59 PE
QSO: 21260 PH 2024-03-03 1023 IZ5ILK 59 500 K1TTT 59 MA
QSO: 14220 PH 2024-03-03 1028 IZ5ILK 59 500 W2PV 59 VT
QSO: 14266 PH 2024-03-03 1028 IZ5ILK 59 500 WW4LL 59 GA
QSO: 14136 PH 2024-03-03 1049 IZ5ILK 59 500 XL3T 59 ON
QSO: 14281 PH 2024-03-03 1051 IZ5ILK 59 500 N1UR 59 VT
QSO: 14198 PH 2024-03-03 1053 IZ5ILK 59 500 N3AD 59 PA
QSO: 21201 PH 2024-03-03 1055 IZ5ILK 59 500 K3LR 59 PA
QSO: 21241 PH 2024-03-03 1055 IZ5ILK 59 500 W2CG 59 NJ
QSO: 21266 PH 2024-03-03 1057 IZ5ILK 59 500 KB4DX 59 SC
QSO: 21204 PH 2024-03-03 1058 IZ5ILK 59 500 K1LZ 59 ME
QSO: 21212 PH 2024-03-03 1058 IZ5ILK 59 500 N5DX 59 NY
QSO: 21230 PH 2024-03-03 1059 IZ5ILK 59 500 W3LPL 59 MD
QSO: 21248 PH 2024-03-03 1059 IZ5ILK 59 500 NE3F 59 PA
QSO: 21297 PH 2024-03-03 1100 IZ5ILK 59 500 WK1O 59 MA
QSO: 21330 PH 2024-03-03 1100 IZ5ILK 59 500 W2PV 59 VT
QSO: 21223 PH 2024-03-03 1101 IZ5ILK 59 500 NN3W 59 VA
QSO: 21343 PH 2024-03-03 1101 IZ5ILK 59 500 KA1ZD 59 CT
QSO: 21404 PH 2024-03-03 1101 IZ5ILK 59 500 K2AX 59 NJ
QSO: 21345 PH 2024-03-03 1106 IZ5ILK 59 500 WG3J 59 MD
QSO: 21262 PH 2024-03-03 1107 IZ5ILK 59 500 AA1ON 59 MA
QSO: 21256 PH 2024-03-03 1107 IZ5ILK 59 500 W4RM 59 NC
QSO: 21246 PH 2024-03-03 1107 IZ5ILK 59 500 W1GD 59 MA
QSO: 21216 PH 2024-03-03 1108 IZ5ILK 59 500 WY3A 59 PA
QSO: 21186 PH 2024-03-03 1108 IZ5ILK 59 500 VA2WA 59 QC
QSO: 21192 PH 2024-03-03 1109 IZ5ILK 59 500 VE9AA 59 NB
QSO: 21329 PH 2024-03-03 1109 IZ5ILK 59 500 KQ3F 59 PA
QSO: 21370 PH 2024-03-03 1110 IZ5ILK 59 500 K5ZD 59 MA
QSO: 21435 PH 2024-03-03 1117 IZ5ILK 59 500 W1DED 59 ME
QSO: 21429 PH 2024-03-03 1118 IZ5ILK 59 500 N1UR 59 VT
QSO: 21444 PH 2024-03-03 1118 IZ5ILK 59 500 W5DX 59 CT
QSO: 21304 PH 2024-03-03 1119 IZ5ILK 59 500 K1RX 59 NH
QSO: 21235 PH 2024-03-03 1119 IZ5ILK 59 500 K9RS 59 DE
QSO: 21184 PH 2024-03-03 1121 IZ5ILK 59 500 VO1KVT 59 NF
QSO: 21216 PH 2024-03-03 1124 IZ5ILK 59 500 K9CT 59 PA
QSO: 21348 PH 2024-03-03 1127 IZ5ILK 59 500 N3AD 59 PA
QSO: 21344 PH 2024-03-03 1128 IZ5ILK 59 500 N3RD 59 PA
QSO: 21373 PH 2024-03-03 1129 IZ5ILK 59 500 AB3CX 59 NY
QSO: 21373 PH 2024-03-03 1130 IZ5ILK 59 500 AA1K 59 DE
QSO: 21433 PH 2024-03-03 1147 IZ5ILK 59 500 K1KP 59 MA
QSO: 21413 PH 2024-03-03 1148 IZ5ILK 59 500 K4AB 59 AL
QSO: 21447 PH 2024-03-03 1149 IZ5ILK 59 500 K1XM 59 MA
QSO: 21446 PH 2024-03-03 1149 IZ5ILK 59 500 WA1Z 59 NH
QSO: 21442 PH 2024-03-03 1149 IZ5ILK 59 500 NF3R 59 PA
QSO: 28378 PH 2024-03-03 1151 IZ5ILK 59 500 K1TTT 59 MA
QSO: 28813 PH 2024-03-03 1243 IZ5ILK 59 500 K4AB 59 AL
QSO: 28805 PH 2024-03-03 1245 IZ5ILK 59 500 NR3X 59 NC
QSO: 28484 PH 2024-03-03 1247 IZ5ILK 59 500 XL3T 59 ON
QSO: 28398 PH 2024-03-03 1249 IZ5ILK 59 500 WG3J 59 MD
QSO: 28396 PH 2024-03-03 1250 IZ5ILK 59 500 N1IXF 59 CT
QSO: 28440 PH 2024-03-03 1251 IZ5ILK 59 500 NE3F 59 PA
QSO: 28351 PH 2024-03-03 1252 IZ5ILK 59 500 W3LPL 59 MD
QSO: 28357 PH 2024-03-03 1255 IZ5ILK 59 500 K3FF 59 PA
QSO: 28390 PH 2024-03-03 1255 IZ5ILK 59 500 K1KI 59 CT
QSO: 28443 PH 2024-03-03 1256 IZ5ILK 59 500 N2AA 59 NJ
QSO: 28446 PH 2024-03-03 1257 IZ5ILK 59 500 N3RD 59 PA
QSO: 28513 PH 2024-03-03 1258 IZ5ILK 59 500 K3LR 59 PA
QSO: 28540 PH 2024-03-03 1258 IZ5ILK 59 500 WR2G 59 NJ
QSO: 28551 PH 2024-03-03 1259 IZ5ILK 59 500 K3ND 59 PA
QSO: 28558 PH 2024-03-03 1259 IZ5ILK 59 500 N6AR 59 FL
QSO: 28570 PH 2024-03-03 1300 IZ5ILK 59 500 WK2G 59 PA
QSO: 28577 PH 2024-03-03 1300 IZ5ILK 59 500 N5DX 59 NY
QSO: 28585 PH 2024-03-03 1302 IZ5ILK 59 500 N1PGA 59 MA
QSO: 28632 PH 2024-03-03 1303 IZ5ILK 59 500 K2AX 59 NJ
QSO: 28636 PH 2024-03-03 1303 IZ5ILK 59 500 AA1ON 59 MA
QSO: 28640 PH 2024-03-03 1303 IZ5ILK 59 500 WX3B 59 MD
QSO: 28642 PH 2024-03-03 1304 IZ5ILK 59 500 N1BA 59 NH
QSO: 28651 PH 2024-03-03 1304 IZ5ILK 59 500 K5ZD 59 MA
QSO: 28658 PH 2024-03-03 1305 IZ5ILK 59 500 K9CT 59 PA
QSO: 28670 PH 2024-03-03 1306 IZ5ILK 59 500 KF2O 59 NY
QSO: 28700 PH 2024-03-03 1307 IZ5ILK 59 500 W1GD 59 MA
QSO: 28746 PH 2024-03-03 1310 IZ5ILK 59 500 W2XL 59 NY
QSO: 28730 PH 2024-03-03 1311 IZ5ILK 59 500 K1BX 59 NH
QSO: 28802 PH 2024-03-03 1313 IZ5ILK 59 500 W1DED 59 ME
QSO: 28303 PH 2024-03-03 1316 IZ5ILK 59 500 AG3I 59 PA
QSO: 28306 PH 2024-03-03 1318 IZ5ILK 59 500 WC1M 59 NH
QSO: 28441 PH 2024-03-03 1321 IZ5ILK 59 500 N1EK 59 MD
QSO: 28476 PH 2024-03-03 1322 IZ5ILK 59 500 WK1O 59 MA
QSO: 28444 PH 2024-03-03 1323 IZ5ILK 59 500 K1MT 59 MA
QSO: 28477 PH 2024-03-03 1325 IZ5ILK 59 500 K4WI 59 AL
QSO: 28531 PH 2024-03-03 1326 IZ5ILK 59 500 K9RS 59 DE
QSO: 28533 PH 2024-03-03 1326 IZ5ILK 59 500 K1LZ 59 ME
QSO: 28561 PH 2024-03-03 1329 IZ5ILK 59 500 N2PA 59 NY
QSO: 28604 PH 2024-03-03 1331 IZ5ILK 59 500 N2NT 59 NJ
QSO: 28618 PH 2024-03-03 1332 IZ5ILK 59 500 W8FJ 59 PA
QSO: 28628 PH 2024-03-03 1335 IZ5ILK 59 500 K8AZ 59 OH
QSO: 28695 PH 2024-03-03 1336 IZ5ILK 59 500 AB3CX 59 NY
QSO: 28721 PH 2024-03-03 1338 IZ5ILK 59 500 NA8V 59 MI
QSO: 28741 PH 2024-03-03 1339 IZ5ILK 59 500 W4LT 59 FL
QSO: 28744 PH 2024-03-03 1343 IZ5ILK 59 500 KB1W 59 MA
QSO: 28717 PH 2024-03-03 1344 IZ5ILK 59 500 N4ZZ 59 TN
QSO: 28697 PH 2024-03-03 1344 IZ5ILK 59 500 W1KM 59 MA
QSO: 28669 PH 2024-03-03 1345 IZ5ILK 59 500 W4TTY 59 VA
QSO: 28692 PH 2024-03-03 1346 IZ5ILK 59 500 K1TO 59 FL
QSO: 28704 PH 2024-03-03 1347 IZ5ILK 59 500 N2LBR 59 NY
QSO: 28741 PH 2024-03-03 1348 IZ5ILK 59 500 W4RM 59 NC
QSO: 28747 PH 2024-03-03 1350 IZ5ILK 59 500 K1RX 59 NH
QSO: 28765 PH 2024-03-03 1351 IZ5ILK 59 500 N5YT 59 FL
QSO: 28777 PH 2024-03-03 1352 IZ5ILK 59 500 WA3A 59 PA
QSO: 28784 PH 2024-03-03 1354 IZ5ILK 59 500 NC1CC 59 RI
QSO: 28795 PH 2024-03-03 1354 IZ5ILK 59 500 N3IQ 59 MD
QSO: 28899 PH 2024-03-03 1357 IZ5ILK 59 500 W2CG 59 NJ
QSO: 28907 PH 2024-03-03 1357 IZ5ILK 59 500 K0EJ 59 TN
QSO: 28893 PH 2024-03-03 1358 IZ5ILK 59 500 N3FJP 59 MD
QSO: 28912 PH 2024-03-03 1358 IZ5ILK 59 500 KS1J 59 RI
QSO: 28281 PH 2024-03-03 1400 IZ5ILK 59 500 VA3AR 59 ON
QSO: 28295 PH 2024-03-03 1401 IZ5ILK 59 500 VE3DZ 59 ON
QSO: 28355 PH 2024-03-03 1404 IZ5ILK 59 500 N2MF 59 NY
QSO: 28396 PH 2024-03-03 1405 IZ5ILK 59 500 W1NT 59 NH
QSO: 28653 PH 2024-03-03 1410 IZ5ILK 59 500 N2IC 59 NM
QSO: 28660 PH 2024-03-03 1411 IZ5ILK 59 500 W2PV 59 VT
QSO: 28733 PH 2024-03-03 1419 IZ5ILK 59 500 W3FIZ 59 PA
QSO: 28897 PH 2024-03-03 1423 IZ5ILK 59 500 NO9E 59 GA
QSO: 28903 PH 2024-03-03 1425 IZ5ILK 59 500 W1WEF 59 CT
QSO: 28922 PH 2024-03-03 1425 IZ5ILK 59 500 AB2E 59 NJ
QSO: 28946 PH 2024-03-03 1425 IZ5ILK 59 500 VA3SWG 59 ON
QSO: 28954 PH 2024-03-03 1426 IZ5ILK 59 500 VC3M 59 ON
QSO: 28845 PH 2024-03-03 1427 IZ5ILK 59 500 N5XJ 59 TX
QSO: 28815 PH 2024-03-03 1428 IZ5ILK 59 500 N3NR 59 PA
QSO: 28804 PH 2024-03-03 1429 IZ5ILK 59 500 VC3I 59 ON
QSO: 28793 PH 2024-03-03 1430 IZ5ILK 59 500 ND4Y 59 KY
QSO: 28796 PH 2024-03-03 1432 IZ5ILK 59 500 K9NW 59 IN
QSO: 28731 PH 2024-03-03 1436 IZ5ILK 59 500 N8CWU 59 OH
QSO: 28722 PH 2024-03-03 1436 IZ5ILK 59 500 N1MM 59 CT
QSO: 28716 PH 2024-03-03 1437 IZ5ILK 59 500 VE3UZ 59 ON
QSO: 28702 PH 2024-03-03 1438 IZ5ILK 59 500 W5LO 59 TX
QSO: 28636 PH 2024-03-03 1438 IZ5ILK 59 500 K8GL 59 MI
QSO: 28556 PH 2024-03-03 1440 IZ5ILK 59 500 VO1GRC 59 NF
QSO: 28563 PH 2024-03-03 1441 IZ5ILK 59 500 VA3CW 59 ON
QSO: 28515 PH 2024-03-03 1442 IZ5ILK 59 500 K3PA 59 KS
QSO: 28478 PH 2024-03-03 1443 IZ5ILK 59 500 N4SS 59 KY
QSO: 28400 PH 2024-03-03 1443 IZ5ILK 59 500 K8LX 59 MI
QSO: 28397 PH 2024-03-03 1444 IZ5ILK 59 500 WS7X 59 FL
QSO: 28355 PH 2024-03-03 1445 IZ5ILK 59 500 K0TJT 59 MN
QSO: 28297 PH 2024-03-03 1446 IZ5ILK 59 500 VA3WB 59 ON
QSO: 28306 PH 2024-03-03 1447 IZ5ILK 59 500 KD2RD 59 NY
QSO: 28569 PH 2024-03-03 1448 IZ5ILK 59 500 KW8N 59 OH
QSO: 28700 PH 2024-03-03 1450 IZ5ILK 59 500 NN3RP 59 DC
QSO: 28719 PH 2024-03-03 1451 IZ5ILK 59 500 WA0MHJ 59 MN
QSO: 28729 PH 2024-03-03 1452 IZ5ILK 59 500 KN2M 59 NY
QSO: 28801 PH 2024-03-03 1453 IZ5ILK 59 500 VE1ANF 59 NS
QSO: 28812 PH 2024-03-03 1454 IZ5ILK 59 500 N7WY 59 MO
QSO: 28893 PH 2024-03-03 1456 IZ5ILK 59 500 N1WRK 59 MA
QSO: 28948 PH 2024-03-03 1458 IZ5ILK 59 500 W9XT 59 WI
QSO: 28989 PH 2024-03-03 1458 IZ5ILK 59 500 W9MR 59 IL
QSO: 28980 PH 2024-03-03 1458 IZ5ILK 59 500 K0AP 59 KS
QSO: 28933 PH 2024-03-03 1459 IZ5ILK 59 500 AC9S 59 IL
QSO: 28765 PH 2024-03-03 1459 IZ5ILK 59 500 NF4DX 59 FL
QSO: 28750 PH 2024-03-03 1500 IZ5ILK 59 500 W1JQ 59 CT
QSO: 28703 PH 2024-03-03 1500 IZ5ILK 59 500 KV0Q 59 CO
QSO: 28878 PH 2024-03-03 1503 IZ5ILK 59 500 N4QS 59 KY
QSO: 28880 PH 2024-03-03 1504 IZ5ILK 59 500 KX2T 59 FL
QSO: 28479 PH 2024-03-03 1504 IZ5ILK 59 500 NS0R 59 KS
QSO: 28709 PH 2024-03-03 1507 IZ5ILK 59 500 N7DD 59 AZ
QSO: 28659 PH 2024-03-03 1508 IZ5ILK 59 500 AJ9C 59 IN
QSO: 28575 PH 2024-03-03 1511 IZ5ILK 59 500 W3UL 59 PA
QSO: 28835 PH 2024-03-03 1514 IZ5ILK 59 500 N3FCP 59 PA
QSO: 28972 PH 2024-03-03 1515 IZ5ILK 59 500 NF3R 59 PA
QSO: 28355 PH 2024-03-03 1517 IZ5ILK 59 500 W1RCR 59 FL
QSO: 28603 PH 2024-03-03 1518 IZ5ILK 59 500 NN3AD 59 PA
QSO: 28737 PH 2024-03-03 1519 IZ5ILK 59 500 WT9U 59 IN
QSO: 28777 PH 2024-03-03 1519 IZ5ILK 59 500 W3FOX 59 MD
QSO: 28904 PH 2024-03-03 1522 IZ5ILK 59 500 WW4LL 59 GA
QSO: 14168 PH 2024-03-03 2029 IZ5ILK 59 500 K1RX 59 NH
QSO: 14191 PH 2024-03-03 2032 IZ5ILK 59 500 WX4G 59 FL
QSO: 14176 PH 2024-03-03 2033 IZ5ILK 59 500 VC3M 59 ON
QSO: 14202 PH 2024-03-03 2037 IZ5ILK 59 500 N2AA 59 NJ
QSO: 14200 PH 2024-03-03 2037 IZ5ILK 59 500 W1AVK 59 CT
QSO: 14115 PH 2024-03-03 2039 IZ5ILK 59 500 VA3AR 59 ON
QSO: 14132 PH 2024-03-03 2040 IZ5ILK 59 500 VY2OM 59 PE
QSO: 14156 PH 2024-03-03 2041 IZ5ILK 59 500 K1VR 59 MA
QSO: 14181 PH 2024-03-03 2045 IZ5ILK 59 500 WR2G 59 NJ
QSO: 7139 PH 2024-03-03 2055 IZ5ILK 59 500 K1KI 59 CT
END-OF-LOG: