START-OF-LOG: 3.0
CREATED-BY: vhfmanager-downloader
CONTEST: ZRS novembrsko UKV tekmovanje - Official results - VHFManager
CALLSIGN: DL3MR
CATEGORY: 145 MHz - checklog
CATEGORY-OPERATOR: SINGLE-OP
CATEGORY-ASSISTED: NON-ASSISTED
CATEGORY-TRANSMITTER: ONE
CATEGORY-STATION: FIXED
QSO: 144100 CW 2025-11-01 1609 DL3MR         599 1 JO61VA   OK1FPQ        599 91 JO60UQ 
QSO: 144100 CW 2025-11-01 1628 DL3MR         599 2 JO61VA   DM5D          599 113 JO61OC
QSO: 144100 CW 2025-11-01 1913 DL3MR         599 3 JO61VA   OL0W          599 257 JN79BU
QSO: 144100 CW 2025-11-01 1922 DL3MR         599 4 JO61VA   OK1DOY        599 115 JO60UQ
QSO: 144100 CW 2025-11-01 1925 DL3MR         599 5 JO61VA   OL3Z          599 264 JN79FX
QSO: 144100 CW 2025-11-01 1935 DL3MR         599 6 JO61VA   OK1KKD        599 115 JO70BT
QSO: 144100 CW 2025-11-02 0849 DL3MR         599 7 JO61VA   DL0STO        599 190 JO70IT
QSO: 144100 CW 2025-11-02 0902 DL3MR         599 8 JO61VA   OL4N          599 418 JO60VR
QSO: 144100 CW 2025-11-02 1000 DL3MR         599 9 JO61VA   OK1CZ         599 112 JO70EC
QSO: 144100 CW 2025-11-02 1013 DL3MR         599 10 JO61VA  OK1NI         599 180 JO70OQ
QSO: 144100 CW 2025-11-02 1031 DL3MR         599 11 JO61VA  DM5GG         599 120 JO61UE
QSO: 144100 CW 2025-11-02 1116 DL3MR         599 12 JO61VA  DM7A          599 401 JO60OM
QSO: 144100 CW 2025-11-02 1200 DL3MR         599 13 JO61VA  OL7M          599 587 JO80FG
QSO: 144100 CW 2025-11-02 1232 DL3MR         599 14 JO61VA  OK3A          599 262 JO70PO
QSO: 144100 CW 2025-11-02 1309 DL3MR         599 15 JO61VA  DL0IKT        599 15 JO61UA 
QSO: 144100 CW 2025-11-02 1355 DL3MR         599 16 JO61VA  DF2CK         599 38 JO61XF 
END-OF-LOG:
