START-OF-LOG: 3.0
CREATED-BY: vhfmanager-downloader
CONTEST: ZRS novembrsko UKV tekmovanje - Official results - VHFManager
CALLSIGN: SQ9CAQ
CATEGORY: 145 MHz - checklog
CATEGORY-OPERATOR: SINGLE-OP
CATEGORY-ASSISTED: NON-ASSISTED
CATEGORY-TRANSMITTER: ONE
CATEGORY-STATION: FIXED
QSO: 144100 CW 2025-11-01 1814 SQ9CAQ        599 1 KO00IB   9A1N          599 80 JN85LI 
QSO: 144100 CW 2025-11-01 1819 SQ9CAQ        599 2 KO00IB   OM3KII        599 253 JN88UU
QSO: 144100 CW 2025-11-01 1911 SQ9CAQ        599 3 KO00IB   OM6A          599 221 JN99JC
QSO: 144100 CW 2025-11-01 2001 SQ9CAQ        599 4 KO00IB   HA8JP         599 95 KN07OC 
QSO: 144100 CW 2025-11-01 2005 SQ9CAQ        599 5 KO00IB   HA8RM         599 68 JN96UW 
QSO: 144100 CW 2025-11-01 2150 SQ9CAQ        599 6 KO00IB   HA6W          599 185 KN08FB
QSO: 144100 CW 2025-11-01 2211 SQ9CAQ        599 7 KO00IB   9A0V          599 221 JN95PE
QSO: 144100 CW 2025-11-01 2220 SQ9CAQ        599 8 KO00IB   HG6N          599 225 JN98VD
QSO: 144100 CW 2025-11-01 2248 SQ9CAQ        599 8 KO00IB   9A8D          599 176 JN95LM
QSO: 144100 CW 2025-11-01 2305 SQ9CAQ        599 10 KO00IB  HA8V          599 165 KN06HT
QSO: 144100 CW 2025-11-01 2323 SQ9CAQ        599 11 KO00IB  HA5OO         599 134 JN97OM
QSO: 144100 CW 2025-11-01 2338 SQ9CAQ        599 12 KO00IB  OK2W          599 212 JN99AJ
QSO: 144100 CW 2025-11-02 0942 SQ9CAQ        599 13 KO00IB  OL9W          599 445 JN99CL
QSO: 144100 CW 2025-11-02 0949 SQ9CAQ        599 14 KO00IB  OK1KCR        599 512 JN79VS
QSO: 144100 CW 2025-11-02 0957 SQ9CAQ        599 15 KO00IB  OK2R          599 272 JN89JM
QSO: 144100 CW 2025-11-02 1028 SQ9CAQ        599 16 KO00IB  S59P          599 409 JN86AO
QSO: 144100 CW 2025-11-02 1048 SQ9CAQ        599 17 KO00IB  9A1W          599 283 JN75ST
QSO: 144100 CW 2025-11-02 1100 SQ9CAQ        599 18 KO00IB  OK2ZI         599 286 JN89BD
QSO: 144100 CW 2025-11-02 1105 SQ9CAQ        599 19 KO00IB  OM5CM         599 303 JN87WV
QSO: 144100 CW 2025-11-02 1125 SQ9CAQ        599 20 KO00IB  OL7M          599 578 JO80FG
QSO: 144100 CW 2025-11-02 1136 SQ9CAQ        599 21 KO00IB  OK1KKI        599 371 JN79NF
QSO: 144100 CW 2025-11-02 1158 SQ9CAQ        599 22 KO00IB  OK2PMS        599 75 JN89WW 
QSO: 144100 CW 2025-11-02 1237 SQ9CAQ        599 23 KO00IB  OK7O          599 506 JN69OU
QSO: 144100 CW 2025-11-02 1344 SQ9CAQ        599 24 KO00IB  HG7F          599 283 JN97KR
QSO: 144100 CW 2025-11-02 1353 SQ9CAQ        599 25 KO00IB  OK3A          599 278 JO70PO
END-OF-LOG:
