START-OF-LOG: 3.0
CREATED-BY: vhfmanager-downloader
CONTEST: ZRS marčevsko UKV tekmovanje - Official results - VHFManager
CALLSIGN: DO1ISE
CATEGORY: 145 MHz - checklog
CATEGORY-OPERATOR: SINGLE-OP
CATEGORY-ASSISTED: NON-ASSISTED
CATEGORY-TRANSMITTER: ONE
CATEGORY-STATION: FIXED
QSO: 144300 PH 2023-03-04 1419 DO1ISE        59  1 JO61VE   DM5D          59  38 JO61OC 
QSO: 144300 PH 2023-03-04 1423 DO1ISE        59  2 JO61VE   DD0VE         59  5 JO60SX  
QSO: 144300 PH 2023-03-04 1424 DO1ISE        59  3 JO61VE   DL9DX         59  5 JO60XW  
QSO: 144300 PH 2023-03-04 1425 DO1ISE        59  4 JO61VE   DL2BQC        59  3 JO52TC  
QSO: 144300 PH 2023-03-04 1426 DO1ISE        59  5 JO61VE   DL2FFW        59  10 JO50LQ 
QSO: 144300 PH 2023-03-04 1426 DO1ISE        59  6 JO61VE   DL6JZ         59  8 JO61UA  
QSO: 144300 PH 2023-03-04 1427 DO1ISE        59  7 JO61VE   DM1KM         59  4 JO71BG  
QSO: 144300 PH 2023-03-04 1428 DO1ISE        59  8 JO61VE   DM2NL         59  5 JO61UB  
QSO: 144300 PH 2023-03-04 1428 DO1ISE        59  9 JO61VE   DL1QC         59  14 JO52WE 
QSO: 144300 PH 2023-03-04 1429 DO1ISE        59  10 JO61VE  DB2ZJ         59  4 JO50AW  
QSO: 144300 PH 2023-03-04 1430 DO1ISE        59  11 JO61VE  DD5RS         59  4 JO60XX  
QSO: 144300 PH 2023-03-04 1430 DO1ISE        59  12 JO61VE  DO1GPP        59  9 JO71FU  
QSO: 144300 PH 2023-03-04 1431 DO1ISE        59  13 JO61VE  DG6ME         59  8 JO51KV  
QSO: 144300 PH 2023-03-04 1431 DO1ISE        59  14 JO61VE  ON4KHG        59  6 JO10XO  
QSO: 144300 PH 2023-03-04 1432 DO1ISE        59  15 JO61VE  DD5VL         59  8 JO61UA  
QSO: 144300 PH 2023-03-04 1434 DO1ISE        59  16 JO61VE  DM5B          59  26 JO60WT 
QSO: 144300 PH 2023-03-04 1436 DO1ISE        59  17 JO61VE  DH2UHE        59  12 JO52TD 
QSO: 144300 PH 2023-03-04 1437 DO1ISE        59  18 JO61VE  DL6MIG        59  8 JO52VC  
QSO: 144300 PH 2023-03-04 1438 DO1ISE        59  19 JO61VE  DO6JH         59  2 JO51TX  
QSO: 144300 PH 2023-03-04 1439 DO1ISE        59  20 JO61VE  DK5AJ         59  6 JO51GO  
QSO: 144300 PH 2023-03-04 1441 DO1ISE        59  21 JO61VE  DD6OM         59  8 JO62OQ  
QSO: 144300 PH 2023-03-04 1445 DO1ISE        59  22 JO61VE  DA2T          59  42 JO41QW 
QSO: 144300 PH 2023-03-04 1447 DO1ISE        59  23 JO61VE  DR5W          59  44 JO61NX 
QSO: 144300 PH 2023-03-04 1450 DO1ISE        59  24 JO61VE  PA0WMX        59  55 JO21XI 
QSO: 144300 PH 2023-03-04 1459 DO1ISE        59  25 JO61VE  DF3OL         59  13 JO52EJ 
QSO: 144300 PH 2023-03-04 1500 DO1ISE        59  26 JO61VE  DL6CWM        59  15 JO52TG 
QSO: 144300 PH 2023-03-04 1501 DO1ISE        59  27 JO61VE  DH1GSD        59  16 JO52TD 
QSO: 144300 PH 2023-03-04 1503 DO1ISE        59  28 JO61VE  DL6ZEJ        59  7 JO51MV  
QSO: 144300 PH 2023-03-04 1504 DO1ISE        59  29 JO61VE  DL3ABL        59  10 JO52TG 
QSO: 144300 PH 2023-03-04 1505 DO1ISE        59  30 JO61VE  DK2CB         59  17 JO71IX 
QSO: 144300 PH 2023-03-04 1505 DO1ISE        59  31 JO61VE  DG0VOG        59  1 JO61UC  
QSO: 144300 PH 2023-03-04 1506 DO1ISE        59  32 JO61VE  DL5BBF        59  24 JO42LT 
QSO: 144300 PH 2023-03-04 1506 DO1ISE        59  33 JO61VE  DK6AC         59  18 JO52IJ 
QSO: 144300 PH 2023-03-04 1507 DO1ISE        59  34 JO61VE  DL1EBN        59  11 JO32LM 
QSO: 144300 PH 2023-03-04 1508 DO1ISE        59  35 JO61VE  DB9OH         59  13 JO52JI 
QSO: 144300 PH 2023-03-04 1509 DO1ISE        59  36 JO61VE  DL2DRM        59  4 JO60VW  
QSO: 144300 PH 2023-03-04 1511 DO1ISE        59  37 JO61VE  DL2DJL        59  3 JO51VB  
QSO: 144300 PH 2023-03-04 1511 DO1ISE        59  38 JO61VE  DD7UW         59  11 JO71BF 
QSO: 144300 PH 2023-03-04 1512 DO1ISE        59  39 JO61VE  DF0XG         59  7 JO51KW  
QSO: 144300 PH 2023-03-04 1513 DO1ISE        59  40 JO61VE  DO2PSW        59  5 JO52TG  
QSO: 144300 PH 2023-03-04 1513 DO1ISE        59  41 JO61VE  DJ9WJ/P       59  19 JO52CP 
END-OF-LOG:
