START-OF-LOG: 3.0
CONTEST: CQ-WPX-SSB
CALLSIGN: DJ6UP
CATEGORY-ASSISTED: NON-ASSISTED
CLAIMED-SCORE: 10780
CREATED-BY: RCKLog V3.8
OPERATORS: DJ6UP
NAME: Peter Schäfer
LOCATION: DX
CATEGORY-OPERATOR: SINGLE-OP
CATEGORY-TRANSMITTER: ONE
CATEGORY-BAND: ALL
CATEGORY-POWER: LOW
CATEGORY-STATION: FIXED
QSO: 14216 PH 2009-03-28 0753 DJ6UP         59  001    UP2L          59  712
QSO: 14150 PH 2009-03-28 0756 DJ6UP         59  002    UP4L          59  443
QSO: 14170 PH 2009-03-28 0759 DJ6UP         59  003    RZ6HG         59  637
QSO: 14273 PH 2009-03-28 0801 DJ6UP         59  004    UA9CLB        59  679
QSO: 14325 PH 2009-03-28 0805 DJ6UP         59  005    RA0QC         59  540
QSO: 14306 PH 2009-03-28 0806 DJ6UP         59  006    RX3DN         59  050
QSO: 14292 PH 2009-03-28 0807 DJ6UP         59  007    CN2BC         59  111
QSO: 14212 PH 2009-03-28 0812 DJ6UP         59  008    5D5A          59  134
QSO: 14199 PH 2009-03-28 0815 DJ6UP         59  009    UP0L          59  790
QSO: 14193 PH 2009-03-28 0819 DJ6UP         59  010    RL3A          59  384
QSO: 14201 PH 2009-03-29 0820 DJ6UP         59  011    IM0/IK0MFB    59  927
QSO: 14115 PH 2009-03-29 0840 DJ6UP         59  012    RV4HC         59  1278
QSO: 14116 PH 2009-03-29 0841 DJ6UP         59  013    RV3MA         59  619
QSO: 14129 PH 2009-03-29 0843 DJ6UP         59  014    UW5U          59  701
QSO: 14142 PH 2009-03-29 0844 DJ6UP         59  015    UA9CDC        59  274
QSO: 14148 PH 2009-03-29 0846 DJ6UP         59  016    RM3Q          59  1491
QSO: 14151 PH 2009-03-29 0847 DJ6UP         59  017    YL2BJ         59  676
QSO: 14170 PH 2009-03-29 0850 DJ6UP         59  018    YT7DQ         59  966
QSO: 14178 PH 2009-03-29 0852 DJ6UP         59  019    RZ1ZZ         59  846
QSO: 14181 PH 2009-03-29 0854 DJ6UP         59  020    RX6AM         59  1052
QSO: 14188 PH 2009-03-29 0855 DJ6UP         59  021    YT2T          59  1568
QSO: 14162 PH 2009-03-29 1012 DJ6UP         59  022    EA5GS         59  0948
QSO: 14157 PH 2009-03-29 1014 DJ6UP         59  023    UT7MW         59  185
QSO: 14131 PH 2009-03-29 1016 DJ6UP         59  024    LZ5K          59  1206
QSO: 14117 PH 2009-03-29 1019 DJ6UP         59  025    CN2R          59  3351
QSO: 14136 PH 2009-03-29 1023 DJ6UP         59  026    LY6A          59  1747
QSO: 14148 PH 2009-03-29 1025 DJ6UP         59  027    LY2OU         59  526
QSO: 14248 PH 2009-03-29 1217 DJ6UP         59  028    ES5RW         59  1325
QSO: 14285 PH 2009-03-29 1220 DJ6UP         59  029    RZ3AXX        59  2508
QSO: 14124 PH 2009-03-29 1221 DJ6UP         59  030    RM3M          59  554
QSO: 14130 PH 2009-03-29 1223 DJ6UP         59  031    UN7PL         59  517
QSO: 14148 PH 2009-03-29 1225 DJ6UP         59  032    RA3RIU        59  588
QSO: 14162 PH 2009-03-29 1228 DJ6UP         59  033    CT1JLZ        59  2443
QSO: 14195 PH 2009-03-29 1231 DJ6UP         59  034    YO4QZ         59  640
QSO: 14197 PH 2009-03-29 1232 DJ6UP         59  035    RC9O          59  2557
QSO: 14225 PH 2009-03-29 1235 DJ6UP         59  036    EA3PT         59  1048
QSO:  7082 PH 2009-03-29 1242 DJ6UP         59  037    HE8MH         59  1182
QSO:  7073 PH 2009-03-29 1243 DJ6UP         59  038    S51CK         59  819
QSO:  7053 PH 2009-03-29 1244 DJ6UP         59  039    F5BZB         59  1253
QSO:  7048 PH 2009-03-29 1246 DJ6UP         59  040    LZ9W          59  1653
QSO:  7042 PH 2009-03-29 1247 DJ6UP         59  041    SP3LPG        59  785
QSO:  7058 PH 2009-03-29 1248 DJ6UP         59  042    OZ7AM         59  793
QSO:  7112 PH 2009-03-29 1251 DJ6UP         59  043    I4AUM         59  927
QSO:  7131 PH 2009-03-29 1253 DJ6UP         59  044    S51F          59  808
QSO:  7138 PH 2009-03-29 1255 DJ6UP         59  045    LY7A          59  1038
QSO:  7147 PH 2009-03-29 1256 DJ6UP         59  046    SP3FYX        59  163
QSO: 14294 PH 2009-03-29 1318 DJ6UP         59  047    TF6CW         59  651
QSO: 14306 PH 2009-03-29 1321 DJ6UP         59  048    K3EST         59  2259
QSO:  7156 PH 2009-03-29 1331 DJ6UP         59  049    OK1UG         59  342
QSO:  7142 PH 2009-03-29 1333 DJ6UP         59  050    IK3SSW        59  197
QSO:  7093 PH 2009-03-29 1336 DJ6UP         59  051    HG5XA         59  1508
QSO:  7085 PH 2009-03-29 1339 DJ6UP         59  052    SO6X          59  1459
QSO:  7073 PH 2009-03-29 1340 DJ6UP         59  053    HG3A          59  1593
QSO: 21231 PH 2009-03-29 1400 DJ6UP         59  054    OT5A          59  313
QSO: 14188 PH 2009-03-29 1413 DJ6UP         59  055    EO5M          59  3244
QSO: 14264 PH 2009-03-29 1417 DJ6UP         59  056    SX5P          59  1543
QSO: 14136 PH 2009-03-29 1421 DJ6UP         59  057    5B4AII        59  3689
QSO: 14140 PH 2009-03-29 1425 DJ6UP         59  058    RK3SWS        59  524
QSO: 14228 PH 2009-03-29 1431 DJ6UP         59  059    VE3RM         59  1303
QSO: 14268 PH 2009-03-29 1434 DJ6UP         59  060    K3ZO          59  1810
QSO: 14315 PH 2009-03-29 1436 DJ6UP         59  061    UZ2I          59  1400
QSO: 14291 PH 2009-03-29 1446 DJ6UP         59  062    TF3CW         59  778
QSO: 14282 PH 2009-03-29 1449 DJ6UP         59  063    RK3DZB        59  1294
QSO: 14266 PH 2009-03-29 1451 DJ6UP         59  064    WY3P          59  1294
QSO: 14239 PH 2009-03-29 1455 DJ6UP         59  065    NP3D/NY2      59  180
QSO: 14207 PH 2009-03-29 1456 DJ6UP         59  066    K4ZW          59  2210
QSO: 14318 PH 2009-03-29 1501 DJ6UP         59  067    4L0A          59  2953
QSO: 14124 PH 2009-03-29 1504 DJ6UP         59  068    VE3UTT        59  1385
QSO: 14158 PH 2009-03-29 1506 DJ6UP         59  069    WE3C          59  1682
QSO: 14322 PH 2009-03-29 1513 DJ6UP         59  070    CT3P          59  838
QSO: 14116 PH 2009-03-29 1717 DJ6UP         59  071    CS9L          59  3258
QSO: 14141 PH 2009-03-29 1721 DJ6UP         59  072    VE3EJ         59  3104
QSO: 14196 PH 2009-03-29 1724 DJ6UP         59  073    WR3Z          59  1223
QSO:  7068 PH 2009-03-29 1737 DJ6UP         59  074    9A5E          59  1755
QSO:  7100 PH 2009-03-29 1741 DJ6UP         59  075    E79D          59  612
QSO:  7120 PH 2009-03-29 1744 DJ6UP         59  076    IV3UHL        59  198
QSO:  7042 PH 2009-03-29 1746 DJ6UP         59  077    EO5M          59  3568
QSO:  7088 PH 2009-03-29 1751 DJ6UP         59  078    SO6V          59  918
QSO:  7105 PH 2009-03-29 1753 DJ6UP         59  079    SP9JZT        59  330
QSO:  7108 PH 2009-03-29 1755 DJ6UP         59  080    MD0CCE        59  1082
QSO:  7151 PH 2009-03-29 1759 DJ6UP         59  081    IO6A          59  593
END-OF-LOG:
