START-OF-LOG: 3.0
CREATED-BY: LM Version 4.3 (c) 1992, 2008 by DL8WAA
CONTEST: CQ-WPX-SSB
CALLSIGN: DL2SWN
CATEGORY-OPERATOR: SINGLE-OP
CATEGORY-TRANSMITTER: ONE
CATEGORY-ASSISTED: ASSISTED
CATEGORY-POWER: HIGH
CATEGORY-STATION: FIXED
CATEGORY-BAND: ALL
CATEGORY-MODE: SSB
CLAIMED-SCORE: 3234
OPERATORS: DL2SWN
CLUB:
NAME: Klaus Wiese
SOAPBOX: Nice contest, but only made a few contacts this time. Thanks to all!
LOCATION: DX
QSO: 21000 PH 2009-03-29 1123 DL2SWN        59  001    CU5CQ         59  294    0
QSO: 21000 PH 2009-03-29 1126 DL2SWN        59  002    EA8/OH6CS     59  1447   0
QSO: 21000 PH 2009-03-29 1132 DL2SWN        59  003    CN2BC         59  1494   0
QSO: 21000 PH 2009-03-29 1140 DL2SWN        59  004    EF8R          59  1302   0
QSO: 21000 PH 2009-03-29 1144 DL2SWN        59  005    CN2R          59  3597   0
QSO: 21000 PH 2009-03-29 1147 DL2SWN        59  006    EA8/DL3KVR    59  464    0
QSO: 21000 PH 2009-03-29 1149 DL2SWN        59  007    CN4P          59  903    0
QSO: 21000 PH 2009-03-29 1152 DL2SWN        59  008    CN8YE         59  247    0
QSO: 21000 PH 2009-03-29 1159 DL2SWN        59  009    D4C           59  2003   0
QSO: 21000 PH 2009-03-29 1202 DL2SWN        59  010    CT9M          59  1222   0
QSO: 21000 PH 2009-03-29 1226 DL2SWN        59  011    ZS4U          59  1461   0
QSO: 21000 PH 2009-03-29 1245 DL2SWN        59  012    AY5F          59  1476   0
QSO: 21000 PH 2009-03-29 1252 DL2SWN        59  013    LP1H          59  1039   0
QSO: 21000 PH 2009-03-29 1255 DL2SWN        59  014    LU1FDU        59  1443   0
QSO:  7000 PH 2009-03-29 1427 DL2SWN        59  015    OH0JFP        59  1444   0
QSO:  7000 PH 2009-03-29 1429 DL2SWN        59  016    MW9W          59  1011   0
QSO: 14000 PH 2009-03-29 1445 DL2SWN        59  017    W0BH          59  1188   0
QSO: 14000 PH 2009-03-29 1448 DL2SWN        59  018    W9EXY         59  790    0
QSO: 14000 PH 2009-03-29 1450 DL2SWN        59  019    NF4A          59  1289   0
QSO: 14000 PH 2009-03-29 1454 DL2SWN        59  020    C91TX         59  453    0
QSO: 14000 PH 2009-03-29 1456 DL2SWN        59  021    WB9Z          59  1937   0
QSO: 14000 PH 2009-03-29 1459 DL2SWN        59  022    YE1ZAT        59  682    0
QSO: 14000 PH 2009-03-29 1501 DL2SWN        59  023    VU2NKS        59  412    0
QSO: 14000 PH 2009-03-29 1516 DL2SWN        59  024    W7WA          59  1984   0
QSO: 14000 PH 2009-03-29 1519 DL2SWN        59  025    E21EIC        59  781    0
QSO: 14000 PH 2009-03-29 1523 DL2SWN        59  026    KL7FH         59  1317   0
QSO: 14000 PH 2009-03-29 1527 DL2SWN        59  027    ZF1A          59  2164   0
QSO: 14000 PH 2009-03-29 1533 DL2SWN        59  028    LS2D          59  909    0
QSO: 14000 PH 2009-03-29 1536 DL2SWN        59  029    ZY7C          59  1711   0
QSO: 14000 PH 2009-03-29 1544 DL2SWN        59  030    XE1GRR        59  115    0
QSO: 14000 PH 2009-03-29 1548 DL2SWN        59  031    KE9I          59  206    0
QSO: 14000 PH 2009-03-29 1551 DL2SWN        59  032    KB6A          59  449    0
QSO: 14000 PH 2009-03-29 1554 DL2SWN        59  033    LY8O          59  2532   0
QSO: 14000 PH 2009-03-29 1600 DL2SWN        59  034    HS0AC         59  583    0
QSO:  7000 PH 2009-03-29 1603 DL2SWN        59  035    4O3A          59  944    0
END-OF-LOG:
