START-OF-LOG: 3.0
CONTEST: IARU-HF
CALLSIGN: DL3FF
LOCATION: DX
CATEGORY-OPERATOR: SINGLE-OP
CATEGORY-ASSISTED: NON-ASSISTED
CATEGORY-POWER: LOW
CATEGORY-BAND: ALL
CATEGORY-MODE: MIXED
CATEGORY-TRANSMITTER: ONE
CATEGORY-STATION: FIXED
CATEGORY-OVERLAY: CLASSIC
OPERATORS: 
CREATED-BY: UCXLOG 8.19
HQ-CATEGORY: Single Operator, Mixed Mode, Low Power
HQ-GRID-LOCATOR: JO42VM
QSO: 1800 CW 2022-07-10 0820 DL3FF 599 28 DA0HQ 599 DARC
QSO: 3500 CW 2022-07-10 0824 DL3FF 599 28 DA0HQ 599 DARC
QSO: 7000 CW 2022-07-10 0828 DL3FF 599 28 DA0HQ 599 DARC
QSO: 14000 CW 2022-07-10 0836 DL3FF 599 28 DA0HQ 599 DARC
QSO: 21000 CW 2022-07-10 0839 DL3FF 599 28 DA0HQ 599 DARC
QSO: 28000 PH 2022-07-10 1111 DL3FF 59 28 DA0HQ 59 DARC
QSO: 7000 PH 2022-07-10 1114 DL3FF 59 28 DA0HQ 59 DARC
QSO: 3500 PH 2022-07-10 1115 DL3FF 59 28 DA0HQ 59 DARC
QSO: 21000 PH 2022-07-10 1125 DL3FF 59 28 DA0HQ 59 DARC
QSO: 14000 PH 2022-07-10 1139 DL3FF 59 28 DA0HQ 59 DARC
END-OF-LOG: