START-OF-LOG: 3.0
CREATED-BY: vhfmanager-downloader
CONTEST: ZRS Maraton 10. termin - Official results - VHFManager
CALLSIGN: S59K
CATEGORY: 50 MHz - 50 MHz, multi operators
CATEGORY-OPERATOR: SINGLE-OP
CATEGORY-ASSISTED: NON-ASSISTED
CATEGORY-TRANSMITTER: ONE
CATEGORY-STATION: FIXED
QSO: 50000 PH 2020-12-20 0902 S59K          59  1 JN76IA   S51KK         59  3 JN76HB* 
QSO: 50000 PH 2020-12-20 0903 S59K          59  2 JN76IA   S57LM         59  3 JN76HD* 
QSO: 50000 PH 2020-12-20 0905 S59K          59  3 JN76IA   S51TX         59  3 JN76HF* 
QSO: 50000 PH 2020-12-20 1034 S59K          59  4 JN76IA   S50L          59  7 JN75ES* 
QSO: 50000 PH 2020-12-20 1035 S59K          59  5 JN76IA   S51SLO        59  4 JN76GB* 
QSO: 50000 PH 2020-12-20 1035 S59K          59  6 JN76IA   9A1I          59  5 JN85FS  
QSO: 50000 PH 2020-12-20 1047 S59K          59  7 JN76IA   S51DI         59  9 JN76VL* 
QSO: 50000 PH 2020-12-20 1138 S59K          59  8 JN76IA   S53XX         59  1 JN76CF* 
QSO: 50000 PH 2020-12-20 1215 S59K          59  9 JN76IA   S50SAFE       59  1 JN75TV  
QSO: 50000 PH 2020-12-20 1239 S59K          59  10 JN76IA  S52AU         59  7 JN76GC* 
END-OF-LOG:
