START-OF-LOG: 3.0
CONTEST: ARRL-DX-CW
LOCATION: VA
CALLSIGN: N4RV
CATEGORY-OPERATOR: MULTI-OP
CATEGORY-ASSISTED: ASSISTED
CATEGORY-POWER: HIGH
CATEGORY-BAND: ALL
CATEGORY-MODE: CW
CATEGORY-STATION: FIXED
CATEGORY-TRANSMITTER: ONE
CREATED-BY: N1MM LOGGER+ 1.0.8131.0
CLUB: Potomac Valley Radio Club
OPERATORS: N4RV K3RV
HQ-CATEGORY: Multioperator, Single Transmitter, High Power
HQ-GRID-LOCATOR: FM18hu
QSO: 7043 CW 2020-02-15 0001 N4RV 599 VA OM3BH 599 KW 0
QSO: 7042 CW 2020-02-15 0001 N4RV 599 VA EA7A 599 KW 0
QSO: 7041 CW 2020-02-15 0002 N4RV 599 VA KP2/ND3F 599 100 0
QSO: 7044 CW 2020-02-15 0003 N4RV 599 VA 5B/RN3QO 599 100 0
QSO: 7045 CW 2020-02-15 0004 N4RV 599 VA V47T 599 K 0
QSO: 7009 CW 2020-02-15 0008 N4RV 599 VA HG6N 599 K 0
QSO: 7065 CW 2020-02-15 0009 N4RV 599 VA HH2AA 599 100 0
QSO: 7047 CW 2020-02-15 0009 N4RV 599 VA HI0LT 599 100 0
QSO: 7047 CW 2020-02-15 0013 N4RV 599 VA DL3DTH 599 500 0
QSO: 7042 CW 2020-02-15 0016 N4RV 599 VA ED8W 599 K 0
QSO: 7041 CW 2020-02-15 0018 N4RV 599 VA HA8TP 599 KW 0
QSO: 7034 CW 2020-02-15 0021 N4RV 599 VA MU2K 599 100 0
QSO: 7030 CW 2020-02-15 0022 N4RV 599 VA J42L 599 500 0
QSO: 7027 CW 2020-02-15 0023 N4RV 599 VA HC5DX 599 K 0
QSO: 7062 CW 2020-02-15 0024 N4RV 599 VA PJ5/KG9N 599 100 0
QSO: 7061 CW 2020-02-15 0025 N4RV 599 VA 8P5A 599 K 0
QSO: 7052 CW 2020-02-15 0025 N4RV 599 VA OE9TXF 599 200 0
QSO: 7053 CW 2020-02-15 0026 N4RV 599 VA YU1A 599 500 0
QSO: 7053 CW 2020-02-15 0027 N4RV 599 VA NP2P 599 K 0
QSO: 7057 CW 2020-02-15 0027 N4RV 599 VA V26M 599 K 0
QSO: 7058 CW 2020-02-15 0027 N4RV 599 VA NP2X 599 K 0
QSO: 7038 CW 2020-02-15 0028 N4RV 599 VA VP2MSS 599 K 0
QSO: 7039 CW 2020-02-15 0029 N4RV 599 VA HA7A 599 K 0
QSO: 7039 CW 2020-02-15 0030 N4RV 599 VA EI7M 599 K 0
QSO: 7042 CW 2020-02-15 0031 N4RV 599 VA PJ2T 599 K 0
QSO: 3530 CW 2020-02-15 0036 N4RV 599 VA OK5D 599 KW 0
QSO: 3531 CW 2020-02-15 0036 N4RV 599 VA SO7M 599 KW 0
QSO: 3533 CW 2020-02-15 0037 N4RV 599 VA SN2M 599 KW 0
QSO: 3537 CW 2020-02-15 0039 N4RV 599 VA V47T 599 K 0
QSO: 3535 CW 2020-02-15 0039 N4RV 599 VA OK3RM 599 KW 0
QSO: 3534 CW 2020-02-15 0039 N4RV 599 VA CR3W 599 500 0
QSO: 3533 CW 2020-02-15 0040 N4RV 599 VA KP3DX 599 500 0
QSO: 3529 CW 2020-02-15 0041 N4RV 599 VA EI7M 599 K 0
QSO: 3528 CW 2020-02-15 0042 N4RV 599 VA R7NW 599 KW 0
QSO: 3527 CW 2020-02-15 0042 N4RV 599 VA KP4KE 599 KW 0
QSO: 3526 CW 2020-02-15 0042 N4RV 599 VA TM6M 599 KW 0
QSO: 3526 CW 2020-02-15 0043 N4RV 599 VA OK2D 599 KW 0
QSO: 3525 CW 2020-02-15 0043 N4RV 599 VA HA5JI 599 KW 0
QSO: 3524 CW 2020-02-15 0043 N4RV 599 VA CR3DX 599 KW 0
QSO: 3502 CW 2020-02-15 0044 N4RV 599 VA RW2F 599 KW 0
QSO: 3505 CW 2020-02-15 0045 N4RV 599 VA 4O4T 599 KW 0
QSO: 3505 CW 2020-02-15 0045 N4RV 599 VA M5A 599 400 0
QSO: 3552 CW 2020-02-15 0047 N4RV 599 VA YT7AW 599 KW 0
QSO: 3551 CW 2020-02-15 0047 N4RV 599 VA PJ4A 599 K 0
QSO: 3550 CW 2020-02-15 0049 N4RV 599 VA EA6FO 599 KW 0
QSO: 3548 CW 2020-02-15 0050 N4RV 599 VA CO2RQ 599 100 0
QSO: 3545 CW 2020-02-15 0050 N4RV 599 VA UZ2I 599 KW 0
QSO: 3544 CW 2020-02-15 0051 N4RV 599 VA HB9FAP 599 KW 0
QSO: 3542 CW 2020-02-15 0052 N4RV 599 VA PJ2T 599 K 0
QSO: 3542 CW 2020-02-15 0052 N4RV 599 VA XE2X 599 K 0
QSO: 3541 CW 2020-02-15 0053 N4RV 599 VA DL5YM 599 500 0
QSO: 3539 CW 2020-02-15 0054 N4RV 599 VA V3T 599 99 0
QSO: 3538 CW 2020-02-15 0055 N4RV 599 VA HA1TJ 599 KW 0
QSO: 3537 CW 2020-02-15 0056 N4RV 599 VA EU4E 599 500 0
QSO: 3529 CW 2020-02-15 0058 N4RV 599 VA E7DX 599 K 0
QSO: 3528 CW 2020-02-15 0059 N4RV 599 VA YL2SM 599 KW 0
QSO: 3522 CW 2020-02-15 0101 N4RV 599 VA PY2PT 599 K 0
QSO: 3522 CW 2020-02-15 0102 N4RV 599 VA CR5E 599 KW 0
QSO: 3521 CW 2020-02-15 0103 N4RV 599 VA CS7AMH 599 100 0
QSO: 3515 CW 2020-02-15 0106 N4RV 599 VA V4/K3VX 599 100 0
QSO: 3523 CW 2020-02-15 0107 N4RV 599 VA R3ZZ 599 KW 0
QSO: 3516 CW 2020-02-15 0109 N4RV 599 VA LN8W 599 KW 0
QSO: 3504 CW 2020-02-15 0110 N4RV 599 VA YR2V 599 K 0
QSO: 1830 CW 2020-02-15 0113 N4RV 599 VA S50C 599 KW 0
QSO: 1810 CW 2020-02-15 0116 N4RV 599 VA E7DX 599 K 0
QSO: 1817 CW 2020-02-15 0117 N4RV 599 VA 9A1A 599 KW 0
QSO: 1829 CW 2020-02-15 0118 N4RV 599 VA LY7Z 599 KW 0
QSO: 1835 CW 2020-02-15 0120 N4RV 599 VA OL1A 599 KW 0
QSO: 1837 CW 2020-02-15 0120 N4RV 599 VA VP9I 599 100 0
QSO: 1838 CW 2020-02-15 0121 N4RV 599 VA S56X 599 KW 0
QSO: 7068 CW 2020-02-15 0124 N4RV 599 VA UW7LL 599 150 0
QSO: 7056 CW 2020-02-15 0125 N4RV 599 VA TI7W 599 K 0
QSO: 7054 CW 2020-02-15 0127 N4RV 599 VA S53A 599 KW 0
QSO: 7055 CW 2020-02-15 0127 N4RV 599 VA PJ4A 599 K 0
QSO: 7058 CW 2020-02-15 0128 N4RV 599 VA EU1A 599 KW 0
QSO: 7003 CW 2020-02-15 0132 N4RV 599 VA Z35T 599 KW 0
QSO: 7006 CW 2020-02-15 0133 N4RV 599 VA EA8ZS 599 K 0
QSO: 7011 CW 2020-02-15 0134 N4RV 599 VA 9A4M 599 KW 0
QSO: 7041 CW 2020-02-15 0136 N4RV 599 VA VP5K 599 500 0
QSO: 7046 CW 2020-02-15 0140 N4RV 599 VA V4/K3VX 599 100 0
QSO: 7053 CW 2020-02-15 0143 N4RV 599 VA UW5M 599 KW 0
QSO: 7058 CW 2020-02-15 0143 N4RV 599 VA LY5W 599 KW 0
QSO: 7070 CW 2020-02-15 0145 N4RV 599 VA 4X6FR 599 KW 0
QSO: 7059 CW 2020-02-15 0145 N4RV 599 VA HG5D 599 KW 0
QSO: 7001 CW 2020-02-15 0150 N4RV 599 VA P44W 599 KW 0
QSO: 7045 CW 2020-02-15 0151 N4RV 599 VA KP3DX 599 500 0
QSO: 7046 CW 2020-02-15 0152 N4RV 599 VA ZF1A 599 KW 0
QSO: 7040 CW 2020-02-15 0152 N4RV 599 VA V3T 599 99 0
QSO: 7010 CW 2020-02-15 0153 N4RV 599 VA FM5FJ 599 500 0
QSO: 7031 CW 2020-02-15 0154 N4RV 599 VA SN7Q 599 KW 0
QSO: 7015 CW 2020-02-15 0155 N4RV 599 VA HB9TSW 599 KW 0
QSO: 7032 CW 2020-02-15 0155 N4RV 599 VA IR2Q 599 500 0
QSO: 7037 CW 2020-02-15 0155 N4RV 599 VA TM5EE 599 KW 0
QSO: 7035 CW 2020-02-15 0156 N4RV 599 VA E7DX 599 K 0
QSO: 7008 CW 2020-02-15 0158 N4RV 599 VA OL6D 599 KW 0
QSO: 7081 CW 2020-02-15 0200 N4RV 599 VA RW7K 599 KW 0
QSO: 7050 CW 2020-02-15 0200 N4RV 599 VA LN8W 599 KW 0
QSO: 7037 CW 2020-02-15 0200 N4RV 599 VA EA6FO 599 KW 0
QSO: 7023 CW 2020-02-15 0200 N4RV 599 VA CR3DX 599 KW 0
QSO: 7079 CW 2020-02-15 0201 N4RV 599 VA E44CC 599 K 0
QSO: 7008 CW 2020-02-15 0201 N4RV 599 VA OP4K 599 KW 0
QSO: 7003 CW 2020-02-15 0202 N4RV 599 VA YU1A 599 500 0
QSO: 7032 CW 2020-02-15 0203 N4RV 599 VA EA4OR 599 KW 0
QSO: 7032 CW 2020-02-15 0204 N4RV 599 VA ZW9T 599 100 0
QSO: 7066 CW 2020-02-15 0204 N4RV 599 VA FY5KE 599 100 0
QSO: 7010 CW 2020-02-15 0206 N4RV 599 VA HK3TU 599 KW 0
QSO: 7030 CW 2020-02-15 0206 N4RV 599 VA ZP5AA 599 KW 0
QSO: 7082 CW 2020-02-15 0207 N4RV 599 VA CO6RD 599 100 0
QSO: 7067 CW 2020-02-15 0208 N4RV 599 VA YO9HP 599 KW 0
QSO: 7025 CW 2020-02-15 0209 N4RV 599 VA CR5E 599 KW 0
QSO: 7025 CW 2020-02-15 0209 N4RV 599 VA HA8A 599 KW 0
QSO: 7068 CW 2020-02-15 0211 N4RV 599 VA 5H4WZ 599 500 0
QSO: 7060 CW 2020-02-15 0212 N4RV 599 VA LZ9W 599 5 0
QSO: 7004 CW 2020-02-15 0213 N4RV 599 VA RA9P 599 KW 0
QSO: 7010 CW 2020-02-15 0214 N4RV 599 VA HQ9X 599 99 0
QSO: 7010 CW 2020-02-15 0214 N4RV 599 VA RA5G 599 KW 0
QSO: 7057 CW 2020-02-15 0215 N4RV 599 VA ZR2A/4 599 KW 0
QSO: 7070 CW 2020-02-15 0216 N4RV 599 VA LW3DC 599 100 0
QSO: 7068 CW 2020-02-15 0216 N4RV 599 VA CE2LR 599 KW 0
QSO: 7020 CW 2020-02-15 0217 N4RV 599 VA CX2BR 599 KW 0
QSO: 7026 CW 2020-02-15 0218 N4RV 599 VA IR4K 599 500 0
QSO: 7019 CW 2020-02-15 0219 N4RV 599 VA G8N 599 400 0
QSO: 7047 CW 2020-02-15 0221 N4RV 599 VA UX0LL 599 KW 0
QSO: 7029 CW 2020-02-15 0222 N4RV 599 VA EC5K 599 KW 0
QSO: 7027 CW 2020-02-15 0222 N4RV 599 VA 9A1A 599 KW 0
QSO: 7035 CW 2020-02-15 0223 N4RV 599 VA EA8KW 599 100 0
QSO: 7014 CW 2020-02-15 0224 N4RV 599 VA EA4AOC 599 100 0
QSO: 7028 CW 2020-02-15 0225 N4RV 599 VA SN3A 599 K 0
QSO: 7002 CW 2020-02-15 0225 N4RV 599 VA OM3GI 599 100 0
QSO: 7059 CW 2020-02-15 0226 N4RV 599 VA S53MM 599 KW 0
QSO: 7039 CW 2020-02-15 0226 N4RV 599 VA OM3CW 599 KW 0
QSO: 7014 CW 2020-02-15 0227 N4RV 599 VA S57Q 599 K 0
QSO: 7064 CW 2020-02-15 0227 N4RV 599 VA LY8A 599 KW 0
QSO: 7019 CW 2020-02-15 0229 N4RV 599 VA DR4A 599 KW 0
QSO: 7015 CW 2020-02-15 0230 N4RV 599 VA CR3W 599 500 0
QSO: 7032 CW 2020-02-15 0230 N4RV 599 VA F6IRA 599 KW 0
QSO: 7000 CW 2020-02-15 0231 N4RV 599 VA UT4U 599 KW 0
QSO: 7052 CW 2020-02-15 0231 N4RV 599 VA 9A8M 599 KW 0
QSO: 7001 CW 2020-02-15 0232 N4RV 599 VA EA5M 599 KW 0
QSO: 7001 CW 2020-02-15 0233 N4RV 599 VA KP2M 599 K 0
QSO: 7023 CW 2020-02-15 0234 N4RV 599 VA S59N 599 100 0
QSO: 7025 CW 2020-02-15 0234 N4RV 599 VA I6FCR 599 500 0
QSO: 7011 CW 2020-02-15 0235 N4RV 599 VA YT5A 599 KW 0
QSO: 7015 CW 2020-02-15 0235 N4RV 599 VA M5D 599 400 0
QSO: 7021 CW 2020-02-15 0236 N4RV 599 VA S57AL 599 KW 0
QSO: 7053 CW 2020-02-15 0236 N4RV 599 VA RL3A 599 K 0
QSO: 7020 CW 2020-02-15 0237 N4RV 599 VA DK9IP 599 150 0
QSO: 7036 CW 2020-02-15 0238 N4RV 599 VA SP8R 599 KW 0
QSO: 7042 CW 2020-02-15 0239 N4RV 599 VA DD1A 599 KW 0
QSO: 7012 CW 2020-02-15 0239 N4RV 599 VA CO8ZZ 599 KW 0
QSO: 7006 CW 2020-02-15 0240 N4RV 599 VA YT5K 599 KW 0
QSO: 7038 CW 2020-02-15 0241 N4RV 599 VA S57K 599 KW 0
QSO: 7033 CW 2020-02-15 0241 N4RV 599 VA R2AA 599 KW 0
QSO: 7060 CW 2020-02-15 0242 N4RV 599 VA RG2A 599 KW 0
QSO: 1832 CW 2020-02-15 0246 N4RV 599 VA EA6FO 599 KW 0
QSO: 1808 CW 2020-02-15 0246 N4RV 599 VA PJ2T 599 K 0
QSO: 1824 CW 2020-02-15 0247 N4RV 599 VA NP2J 599 KW 0
QSO: 1830 CW 2020-02-15 0248 N4RV 599 VA V26M 599 K 0
QSO: 1814 CW 2020-02-15 0249 N4RV 599 VA P40L 599 KW 0
QSO: 1821 CW 2020-02-15 0250 N4RV 599 VA KP3DX 599 500 0
QSO: 1816 CW 2020-02-15 0251 N4RV 599 VA CO2AN 599 100 0
QSO: 1831 CW 2020-02-15 0251 N4RV 599 VA G5W 599 400 0
QSO: 1809 CW 2020-02-15 0252 N4RV 599 VA FS/RW0CN 599 K 0
QSO: 1826 CW 2020-02-15 0254 N4RV 599 VA CR3W 599 500 0
QSO: 1831 CW 2020-02-15 0256 N4RV 599 VA LN8W 599 KW 0
QSO: 1838 CW 2020-02-15 0256 N4RV 599 VA RU1A 599 KW 0
QSO: 1839 CW 2020-02-15 0258 N4RV 599 VA EI7M 599 K 0
QSO: 1823 CW 2020-02-15 0259 N4RV 599 VA UW1M 599 KW 0
QSO: 1834 CW 2020-02-15 0259 N4RV 599 VA DJ0MDR 599 750 0
QSO: 1846 CW 2020-02-15 0300 N4RV 599 VA IR2Q 599 500 0
QSO: 1818 CW 2020-02-15 0306 N4RV 599 VA OM7M 599 K 0
QSO: 1838 CW 2020-02-15 0306 N4RV 599 VA PJ4A 599 K 0
QSO: 1819 CW 2020-02-15 0308 N4RV 599 VA F6FYA 599 KW 0
QSO: 1829 CW 2020-02-15 0309 N4RV 599 VA PA0O 599 400 0
QSO: 1824 CW 2020-02-15 0311 N4RV 599 VA OH1XX 599 KW 0
QSO: 1822 CW 2020-02-15 0311 N4RV 599 VA OP4K 599 KW 0
QSO: 1821 CW 2020-02-15 0312 N4RV 599 VA EA8RM 599 K 0
QSO: 1832 CW 2020-02-15 0312 N4RV 599 VA SK3GW 599 K 0
QSO: 1837 CW 2020-02-15 0316 N4RV 599 VA YO3APJ 599 400 0
QSO: 1825 CW 2020-02-15 0317 N4RV 599 VA EI0W 599 KW 0
QSO: 1824 CW 2020-02-15 0318 N4RV 599 VA OM3BH 599 KW 0
QSO: 1830 CW 2020-02-15 0319 N4RV 599 VA ZF1A 599 KW 0
QSO: 1833 CW 2020-02-15 0321 N4RV 599 VA UW2M 599 K 0
QSO: 1835 CW 2020-02-15 0322 N4RV 599 VA CR5E 599 KW 0
QSO: 1828 CW 2020-02-15 0324 N4RV 599 VA EA7X 599 K 0
QSO: 1814 CW 2020-02-15 0325 N4RV 599 VA HA8LNN 599 KW 0
QSO: 1809 CW 2020-02-15 0326 N4RV 599 VA HH2AA 599 100 0
QSO: 1813 CW 2020-02-15 0328 N4RV 599 VA OU2V 599 KW 0
QSO: 1833 CW 2020-02-15 0329 N4RV 599 VA DR5X 599 KW 0
QSO: 1828 CW 2020-02-15 0330 N4RV 599 VA EA8X 599 KW 0
QSO: 1836 CW 2020-02-15 0331 N4RV 599 VA HG6N 599 K 0
QSO: 1845 CW 2020-02-15 0331 N4RV 599 VA OR2F 599 100 0
QSO: 1844 CW 2020-02-15 0333 N4RV 599 VA S53O 599 KW 0
QSO: 1839 CW 2020-02-15 0334 N4RV 599 VA RL3A 599 K 0
QSO: 1837 CW 2020-02-15 0336 N4RV 599 VA OM2XW 599 KW 0
QSO: 1821 CW 2020-02-15 0336 N4RV 599 VA SM4HCM 599 KW 0
QSO: 1825 CW 2020-02-15 0337 N4RV 599 VA LZ2WO 599 KW 0
QSO: 1828 CW 2020-02-15 0337 N4RV 599 VA YL2SM 599 KW 0
QSO: 1817 CW 2020-02-15 0339 N4RV 599 VA OK6O 599 K 0
QSO: 1823 CW 2020-02-15 0340 N4RV 599 VA CR3DX 599 KW 0
QSO: 1834 CW 2020-02-15 0348 N4RV 599 VA HI3Y 599 99 0
QSO: 1828 CW 2020-02-15 0349 N4RV 599 VA V3O 599 500 0
QSO: 1822 CW 2020-02-15 0350 N4RV 599 VA 9A5Y 599 KW 0
QSO: 1839 CW 2020-02-15 0351 N4RV 599 VA SP8R 599 KW 0
QSO: 1818 CW 2020-02-15 0351 N4RV 599 VA P33W 599 KW 0
QSO: 1826 CW 2020-02-15 0356 N4RV 599 VA OH0R 599 K 0
QSO: 1832 CW 2020-02-15 0357 N4RV 599 VA TI7W 599 K 0
QSO: 1823 CW 2020-02-15 0358 N4RV 599 VA M6T 599 400 0
QSO: 1816 CW 2020-02-15 0358 N4RV 599 VA OK5Z 599 K 0
QSO: 1820 CW 2020-02-15 0402 N4RV 599 VA NP2X 599 K 0
QSO: 1819 CW 2020-02-15 0403 N4RV 599 VA KP4/W2HUV 599 500 0
QSO: 1851 CW 2020-02-15 0407 N4RV 599 VA OZ8SW 599 500 0
QSO: 1816 CW 2020-02-15 0407 N4RV 599 VA ZF5T 599 100 0
QSO: 1825 CW 2020-02-15 0409 N4RV 599 VA HA8A 599 KW 0
QSO: 1830 CW 2020-02-15 0414 N4RV 599 VA CR3EE 599 99 0
QSO: 1809 CW 2020-02-15 0415 N4RV 599 VA VP2MSS 599 K 0
QSO: 1821 CW 2020-02-15 0416 N4RV 599 VA 8P5A 599 K 0
QSO: 1830 CW 2020-02-15 0418 N4RV 599 VA V47T 599 K 0
QSO: 1828 CW 2020-02-15 0419 N4RV 599 VA UW5ZO 599 K 0
QSO: 1811 CW 2020-02-15 0419 N4RV 599 VA P44W 599 KW 0
QSO: 1836 CW 2020-02-15 0420 N4RV 599 VA S53A 599 KW 0
QSO: 1832 CW 2020-02-15 0421 N4RV 599 VA KP2/ND3F 599 100 0
QSO: 1844 CW 2020-02-15 0421 N4RV 599 VA UA2FZ 599 KW 0
QSO: 1827 CW 2020-02-15 0421 N4RV 599 VA KP2M 599 K 0
QSO: 1839 CW 2020-02-15 0426 N4RV 599 VA GM5X 599 400 0
QSO: 1833 CW 2020-02-15 0427 N4RV 599 VA ED8W 599 K 0
QSO: 1812 CW 2020-02-15 0428 N4RV 599 VA RK4FD 599 K 0
QSO: 1828 CW 2020-02-15 0429 N4RV 599 VA SN7Q 599 KW 0
QSO: 1850 CW 2020-02-15 0430 N4RV 599 VA SP3GTS 599 KW 0
QSO: 1843 CW 2020-02-15 0432 N4RV 599 VA DK2OY 599 500 0
QSO: 1824 CW 2020-02-15 0432 N4RV 599 VA SM3NXS 599 KW 0
QSO: 1821 CW 2020-02-15 0435 N4RV 599 VA LZ5R 599 K 0
QSO: 1817 CW 2020-02-15 0438 N4RV 599 VA DR4A 599 KW 0
QSO: 1820 CW 2020-02-15 0439 N4RV 599 VA 9A4M 599 KW 0
QSO: 1838 CW 2020-02-15 0444 N4RV 599 VA 3V8SF 599 100 0
QSO: 1831 CW 2020-02-15 0447 N4RV 599 VA HK6J 599 500 0
QSO: 1802 CW 2020-02-15 0448 N4RV 599 VA HQ9X 599 99 0
QSO: 1810 CW 2020-02-15 0449 N4RV 599 VA XE2B 599 100 0
QSO: 1851 CW 2020-02-15 0451 N4RV 599 VA 5B/RN3QO 599 100 0
QSO: 1816 CW 2020-02-15 0452 N4RV 599 VA J42L 599 500 0
QSO: 1811 CW 2020-02-15 0454 N4RV 599 VA DL6BBT 599 700 0
QSO: 1820 CW 2020-02-15 0455 N4RV 599 VA RC3FL 599 KW 0
QSO: 1826 CW 2020-02-15 0456 N4RV 599 VA YL7X 599 KW 0
QSO: 1836 CW 2020-02-15 0458 N4RV 599 VA OM7RU 599 KW 0
QSO: 1832 CW 2020-02-15 0458 N4RV 599 VA IK2EGL 599 KW 0
QSO: 1845 CW 2020-02-15 0459 N4RV 599 VA S57K 599 KW 0
QSO: 1839 CW 2020-02-15 0459 N4RV 599 VA EA7TG 599 KW 0
QSO: 1832 CW 2020-02-15 0501 N4RV 599 VA LY4A 599 K 0
QSO: 1829 CW 2020-02-15 0504 N4RV 599 VA FY5KE 599 100 0
QSO: 1818 CW 2020-02-15 0505 N4RV 599 VA SM2CEW 599 KW 0
QSO: 1849 CW 2020-02-15 0508 N4RV 599 VA GM4Z 599 400 0
QSO: 1820 CW 2020-02-15 0511 N4RV 599 VA GW5R 599 400 0
QSO: 1835 CW 2020-02-15 0515 N4RV 599 VA EA6NB 599 K 0
QSO: 1839 CW 2020-02-15 0517 N4RV 599 VA UT5UT 599 200 0
QSO: 1848 CW 2020-02-15 0518 N4RV 599 VA DL7ON 599 KW 0
QSO: 1827 CW 2020-02-15 0519 N4RV 599 VA SP9JZU 599 500 0
QSO: 1835 CW 2020-02-15 0520 N4RV 599 VA OL0W 599 KW 0
QSO: 1845 CW 2020-02-15 0521 N4RV 599 VA OH2PQ 599 KW 0
QSO: 1822 CW 2020-02-15 0522 N4RV 599 VA SM6M 599 K 0
QSO: 1814 CW 2020-02-15 0523 N4RV 599 VA ON7PQ 599 KW 0
QSO: 1845 CW 2020-02-15 0524 N4RV 599 VA S53MM 599 KW 0
QSO: 1818 CW 2020-02-15 0529 N4RV 599 VA PI4DX 599 400 0
QSO: 1814 CW 2020-02-15 0534 N4RV 599 VA S53M 599 K 0
QSO: 1834 CW 2020-02-15 0538 N4RV 599 VA EW6W 599 100 0
QSO: 1854 CW 2020-02-15 0540 N4RV 599 VA LA9XGA 599 100 0
QSO: 1835 CW 2020-02-15 0540 N4RV 599 VA SP2LNW 599 500 0
QSO: 3540 CW 2020-02-15 0542 N4RV 599 VA HG5N 599 KW 0
QSO: 3547 CW 2020-02-15 0544 N4RV 599 VA S53MM 599 KW 0
QSO: 3508 CW 2020-02-15 0545 N4RV 599 VA OH2BH 599 KW 0
QSO: 3519 CW 2020-02-15 0545 N4RV 599 VA OM0M 599 K 0
QSO: 3531 CW 2020-02-15 0546 N4RV 599 VA ED8W 599 K 0
QSO: 3541 CW 2020-02-15 0546 N4RV 599 VA ON5WL 599 300 0
QSO: 3541 CW 2020-02-15 0547 N4RV 599 VA EA7X 599 K 0
QSO: 3562 CW 2020-02-15 0548 N4RV 599 VA HA8WZ 599 100 0
QSO: 3565 CW 2020-02-15 0549 N4RV 599 VA II9P 599 500 0
QSO: 3570 CW 2020-02-15 0549 N4RV 599 VA LY5A 599 KW 0
QSO: 3544 CW 2020-02-15 0550 N4RV 599 VA ZF1A 599 KW 0
QSO: 3534 CW 2020-02-15 0550 N4RV 599 VA KH7M 599 KW 0
QSO: 7031 CW 2020-02-15 0557 N4RV 599 VA OL3A 599 KW 0
QSO: 3538 CW 2020-02-15 0600 N4RV 599 VA GM5X 599 400 0
QSO: 3532 CW 2020-02-15 0601 N4RV 599 VA 9A1A 599 KW 0
QSO: 3556 CW 2020-02-15 0602 N4RV 599 VA ES2MC 599 KW 0
QSO: 3537 CW 2020-02-15 0602 N4RV 599 VA OE2BZL 599 400 0
QSO: 3560 CW 2020-02-15 0603 N4RV 599 VA 8P5A 599 K 0
QSO: 3548 CW 2020-02-15 0603 N4RV 599 VA VP9I 599 100 0
QSO: 3535 CW 2020-02-15 0604 N4RV 599 VA VP5K 599 500 0
QSO: 3568 CW 2020-02-15 0605 N4RV 599 VA HI0LT 599 100 0
QSO: 3564 CW 2020-02-15 0605 N4RV 599 VA DL1IAO 599 100 0
QSO: 3529 CW 2020-02-15 0607 N4RV 599 VA KH6/N6DA 599 KW 0
QSO: 3559 CW 2020-02-15 0607 N4RV 599 VA NP2P 599 K 0
QSO: 3523 CW 2020-02-15 0609 N4RV 599 VA HA8JV 599 KW 0
QSO: 3519 CW 2020-02-15 0610 N4RV 599 VA YL3CW 599 KW 0
QSO: 3531 CW 2020-02-15 0613 N4RV 599 VA SQ5M 599 KW 0
QSO: 3539 CW 2020-02-15 0615 N4RV 599 VA DL7ON 599 KW 0
QSO: 3542 CW 2020-02-15 0616 N4RV 599 VA J35X 599 100 0
QSO: 3530 CW 2020-02-15 0617 N4RV 599 VA EC3A 599 KW 0
QSO: 3527 CW 2020-02-15 0617 N4RV 599 VA OK2BMU 599 500 0
QSO: 3566 CW 2020-02-15 0618 N4RV 599 VA YU1EL 599 KW 0
QSO: 3528 CW 2020-02-15 0620 N4RV 599 VA PS2T 599 KW 0
QSO: 3520 CW 2020-02-15 0622 N4RV 599 VA F5NBX 599 500 0
QSO: 3505 CW 2020-02-15 0623 N4RV 599 VA HQ9X 599 99 0
QSO: 3549 CW 2020-02-15 0624 N4RV 599 VA DL1QQ 599 KW 0
QSO: 3557 CW 2020-02-15 0626 N4RV 599 VA S57K 599 KW 0
QSO: 3562 CW 2020-02-15 0627 N4RV 599 VA PA3EVY 599 400 0
QSO: 3564 CW 2020-02-15 0629 N4RV 599 VA VP2MSS 599 K 0
QSO: 3555 CW 2020-02-15 0629 N4RV 599 VA 9A6M 599 KW 0
QSO: 3547 CW 2020-02-15 0632 N4RV 599 VA 6F3A 599 100 0
QSO: 3546 CW 2020-02-15 0632 N4RV 599 VA HG7T 599 KW 0
QSO: 3543 CW 2020-02-15 0633 N4RV 599 VA EB5A 599 KW 0
QSO: 3542 CW 2020-02-15 0634 N4RV 599 VA ES3AX 599 200 0
QSO: 3526 CW 2020-02-15 0638 N4RV 599 VA ZM1A 599 KW 0
QSO: 3523 CW 2020-02-15 0639 N4RV 599 VA FY5KE 599 100 0
QSO: 3512 CW 2020-02-15 0641 N4RV 599 VA OA4SS 599 KW 0
QSO: 3535 CW 2020-02-15 0642 N4RV 599 VA IK5ZWU 599 300 0
QSO: 3554 CW 2020-02-15 0643 N4RV 599 VA DK2OY 599 500 0
QSO: 3539 CW 2020-02-15 0644 N4RV 599 VA G4AMT 599 400 0
QSO: 3522 CW 2020-02-15 0645 N4RV 599 VA M6T 599 400 0
QSO: 3527 CW 2020-02-15 0646 N4RV 599 VA CO2JD 599 100 0
QSO: 3525 CW 2020-02-15 0646 N4RV 599 VA MM0T 599 400 0
QSO: 3536 CW 2020-02-15 0647 N4RV 599 VA IR2Q 599 500 0
QSO: 3540 CW 2020-02-15 0648 N4RV 599 VA HH2AA 599 100 0
QSO: 3511 CW 2020-02-15 0649 N4RV 599 VA P40L 599 KW 0
QSO: 3503 CW 2020-02-15 0651 N4RV 599 VA EA5M 599 KW 0
QSO: 1829 CW 2020-02-15 0654 N4RV 599 VA EA2W 599 KW 0
QSO: 1834 CW 2020-02-15 0655 N4RV 599 VA 4A7S 599 KW 0
QSO: 7031 CW 2020-02-15 0659 N4RV 599 VA OH0R 599 K 0
QSO: 7002 CW 2020-02-15 0700 N4RV 599 VA YL2SM 599 KW 0
QSO: 7010 CW 2020-02-15 0703 N4RV 599 VA LZ5R 599 KW 0
QSO: 7011 CW 2020-02-15 0703 N4RV 599 VA ZF5T 599 100 0
QSO: 7018 CW 2020-02-15 0704 N4RV 599 VA LY4A 599 K 0
QSO: 7022 CW 2020-02-15 0705 N4RV 599 VA R5AJ 599 K 0
QSO: 7024 CW 2020-02-15 0706 N4RV 599 VA RV3A 599 KW 0
QSO: 7026 CW 2020-02-15 0707 N4RV 599 VA ZL2AGY 599 500 0
QSO: 7032 CW 2020-02-15 0711 N4RV 599 VA CN8WW 599 100 0
QSO: 7051 CW 2020-02-15 0712 N4RV 599 VA KH6/N6DA 599 KW 0
QSO: 7036 CW 2020-02-15 0713 N4RV 599 VA HB9ARF 599 100 0
QSO: 7035 CW 2020-02-15 0714 N4RV 599 VA ZL3X 599 KW 0
QSO: 7019 CW 2020-02-15 0714 N4RV 599 VA S53M 599 K 0
QSO: 7030 CW 2020-02-15 0715 N4RV 599 VA AH2R 599 KW 0
QSO: 7031 CW 2020-02-15 0717 N4RV 599 VA DL3DXX 599 KW 0
QSO: 7044 CW 2020-02-15 0718 N4RV 599 VA VP9I 599 100 0
QSO: 7044 CW 2020-02-15 0719 N4RV 599 VA EA8RM 599 K 0
QSO: 7019 CW 2020-02-15 0719 N4RV 599 VA F5IN 599 KW 0
QSO: 7027 CW 2020-02-15 0721 N4RV 599 VA OH3Z 599 KW 0
QSO: 7036 CW 2020-02-15 0722 N4RV 599 VA 9Z4Y 599 100 0
QSO: 7043 CW 2020-02-15 0724 N4RV 599 VA ZM2B 599 KW 0
QSO: 7014 CW 2020-02-15 0725 N4RV 599 VA M6T 599 400 0
QSO: 7047 CW 2020-02-15 0726 N4RV 599 VA KH6/W0ZT 599 100 0
QSO: 7028 CW 2020-02-15 0728 N4RV 599 VA JR2GRX 599 KW 0
QSO: 7032 CW 2020-02-15 0729 N4RV 599 VA 7J1AAI 599 KW 0
QSO: 7022 CW 2020-02-15 0730 N4RV 599 VA EB5A 599 KW 0
QSO: 7022 CW 2020-02-15 0731 N4RV 599 VA RT0C 599 KW 0
QSO: 7049 CW 2020-02-15 0732 N4RV 599 VA JH4UYB 599 KW 0
QSO: 7008 CW 2020-02-15 0733 N4RV 599 VA JA3YBK 599 KW 0
QSO: 7044 CW 2020-02-15 0734 N4RV 599 VA JH8YOH 599 KW 0
QSO: 1807 CW 2020-02-15 0736 N4RV 599 VA KH6/N6DA 599 KW 0
QSO: 1828 CW 2020-02-15 0737 N4RV 599 VA G3YRO 599 400 0
QSO: 1818 CW 2020-02-15 0738 N4RV 599 VA HI0LT 599 100 0
QSO: 3535 CW 2020-02-15 0740 N4RV 599 VA V26M 599 K 0
QSO: 3519 CW 2020-02-15 0741 N4RV 599 VA CE2LR 599 KW 0
QSO: 3516 CW 2020-02-15 0744 N4RV 599 VA PY5AMF 599 K 0
QSO: 3539 CW 2020-02-15 0744 N4RV 599 VA KP2M 599 K 0
QSO: 3531 CW 2020-02-15 0747 N4RV 599 VA P44W 599 KW 0
QSO: 3530 CW 2020-02-15 0755 N4RV 599 VA F6HKA 599 500 0
QSO: 7014 CW 2020-02-15 0803 N4RV 599 VA CR3EE 599 99 0
QSO: 7023 CW 2020-02-15 0807 N4RV 599 VA SC3A 599 KW 0
QSO: 7043 CW 2020-02-15 0808 N4RV 599 VA ES2MC 599 KW 0
QSO: 7009 CW 2020-02-15 0809 N4RV 599 VA IB3N 599 500 0
QSO: 7022 CW 2020-02-15 0811 N4RV 599 VA HG7T 599 KW 0
QSO: 7035 CW 2020-02-15 0814 N4RV 599 VA PA3AAV 599 400 0
QSO: 7029 CW 2020-02-15 0816 N4RV 599 VA G4IIY 599 400 0
QSO: 3522 CW 2020-02-15 0820 N4RV 599 VA JA3YBK 599 KW 0
QSO: 3542 CW 2020-02-15 0822 N4RV 599 VA HC2AO 599 100 0
QSO: 3514 CW 2020-02-15 0824 N4RV 599 VA ZL3X 599 KW 0
QSO: 3519 CW 2020-02-15 0825 N4RV 599 VA CO8NMN 599 100 0
QSO: 3511 CW 2020-02-15 0829 N4RV 599 VA JH4UYB 599 KW 0
QSO: 7033 CW 2020-02-15 0831 N4RV 599 VA F6BEE 599 KW 0
QSO: 7011 CW 2020-02-15 0834 N4RV 599 VA CR5O 599 100 0
QSO: 7027 CW 2020-02-15 0835 N4RV 599 VA SM0NCS 599 KW 0
QSO: 7011 CW 2020-02-15 0838 N4RV 599 VA SP3HLM 599 500 0
QSO: 7016 CW 2020-02-15 0839 N4RV 599 VA F6HKA 599 500 0
QSO: 7033 CW 2020-02-15 0840 N4RV 599 VA GM5X 599 400 0
QSO: 7041 CW 2020-02-15 0841 N4RV 599 VA V3O 599 500 0
QSO: 7030 CW 2020-02-15 0846 N4RV 599 VA ZL1IF 599 KW 0
QSO: 7037 CW 2020-02-15 0849 N4RV 599 VA JA7ZFN 599 K 0
QSO: 7020 CW 2020-02-15 0850 N4RV 599 VA P40L 599 KW 0
QSO: 7028 CW 2020-02-15 0851 N4RV 599 VA ZM1A 599 KW 0
QSO: 7018 CW 2020-02-15 0854 N4RV 599 VA JH1GBZ 599 KW 0
QSO: 14002 CW 2020-02-15 0914 N4RV 599 VA LN8W 599 KW 0
QSO: 14087 CW 2020-02-15 1239 N4RV 599 VA SP3A 599 K 0
QSO: 14086 CW 2020-02-15 1240 N4RV 599 VA UW7LL 599 150 0
QSO: 14083 CW 2020-02-15 1240 N4RV 599 VA 5B/RN3QO 599 100 0
QSO: 14080 CW 2020-02-15 1241 N4RV 599 VA LZ3FN 599 K 0
QSO: 14080 CW 2020-02-15 1241 N4RV 599 VA SE5E 599 K 0
QSO: 14080 CW 2020-02-15 1241 N4RV 599 VA OL3A 599 KW 0
QSO: 14080 CW 2020-02-15 1242 N4RV 599 VA DR4A 599 K 0
QSO: 14080 CW 2020-02-15 1243 N4RV 599 VA RT5T 599 100 0
QSO: 14080 CW 2020-02-15 1243 N4RV 599 VA LZ5EE 599 100 0
QSO: 14080 CW 2020-02-15 1243 N4RV 599 VA LY4A 599 K 0
QSO: 14080 CW 2020-02-15 1243 N4RV 599 VA UT7KZZ 599 KW 0
QSO: 14080 CW 2020-02-15 1244 N4RV 599 VA RA3Y 599 100 0
QSO: 14080 CW 2020-02-15 1244 N4RV 599 VA PA3EZC 599 150 0
QSO: 14080 CW 2020-02-15 1244 N4RV 599 VA SP9H 599 100 0
QSO: 14080 CW 2020-02-15 1244 N4RV 599 VA DL6KVA 599 K 0
QSO: 14080 CW 2020-02-15 1245 N4RV 599 VA HA6NL 599 100 0
QSO: 14080 CW 2020-02-15 1245 N4RV 599 VA UR7GO 599 200 0
QSO: 14080 CW 2020-02-15 1246 N4RV 599 VA EW8OM 599 300 0
QSO: 14080 CW 2020-02-15 1247 N4RV 599 VA OL0W 599 KW 0
QSO: 14080 CW 2020-02-15 1247 N4RV 599 VA DR7T 599 100 0
QSO: 14080 CW 2020-02-15 1248 N4RV 599 VA UW6M 599 150 0
QSO: 14080 CW 2020-02-15 1248 N4RV 599 VA HA8A 599 KW 0
QSO: 14080 CW 2020-02-15 1249 N4RV 599 VA OH8L 599 KW 0
QSO: 14080 CW 2020-02-15 1249 N4RV 599 VA UT5C 599 KW 0
QSO: 14080 CW 2020-02-15 1249 N4RV 599 VA HA3MG 599 100 0
QSO: 14080 CW 2020-02-15 1250 N4RV 599 VA LZ1BP 599 100 0
QSO: 14080 CW 2020-02-15 1250 N4RV 599 VA 9A5Y 599 KW 0
QSO: 14080 CW 2020-02-15 1251 N4RV 599 VA LZ5R 599 KW 0
QSO: 14080 CW 2020-02-15 1251 N4RV 599 VA PA3BFH 599 100 0
QSO: 14080 CW 2020-02-15 1252 N4RV 599 VA G3TA 599 100 0
QSO: 14080 CW 2020-02-15 1252 N4RV 599 VA RT2C 599 KW 0
QSO: 14080 CW 2020-02-15 1252 N4RV 599 VA OH6NC 599 KW 0
QSO: 14080 CW 2020-02-15 1253 N4RV 599 VA UP7L 599 KW 0
QSO: 14080 CW 2020-02-15 1253 N4RV 599 VA DL1QQ 599 KW 0
QSO: 14080 CW 2020-02-15 1253 N4RV 599 VA YV5AAX 599 100 0
QSO: 14080 CW 2020-02-15 1254 N4RV 599 VA OK1AXB 599 500 0
QSO: 14080 CW 2020-02-15 1254 N4RV 599 VA UW1M 599 KW 0
QSO: 14080 CW 2020-02-15 1254 N4RV 599 VA UR5UZ 599 100 0
QSO: 14080 CW 2020-02-15 1254 N4RV 599 VA OK2FD 599 5 0
QSO: 14080 CW 2020-02-15 1255 N4RV 599 VA SV2BXA 599 400 0
QSO: 14080 CW 2020-02-15 1255 N4RV 599 VA SQ5M 599 KW 0
QSO: 14080 CW 2020-02-15 1255 N4RV 599 VA RL3A 599 K 0
QSO: 14080 CW 2020-02-15 1255 N4RV 599 VA HG6N 599 K 0
QSO: 14080 CW 2020-02-15 1256 N4RV 599 VA DK0MM 599 KW 0
QSO: 14080 CW 2020-02-15 1256 N4RV 599 VA YT6W 599 100 0
QSO: 14080 CW 2020-02-15 1257 N4RV 599 VA UZ3A 599 100 0
QSO: 14080 CW 2020-02-15 1257 N4RV 599 VA PA3AAV 599 400 0
QSO: 14080 CW 2020-02-15 1257 N4RV 599 VA UY5ZZ 599 KW 0
QSO: 14080 CW 2020-02-15 1258 N4RV 599 VA UZ1WW 599 100 0
QSO: 14080 CW 2020-02-15 1258 N4RV 599 VA RU1A 599 KW 0
QSO: 14080 CW 2020-02-15 1259 N4RV 599 VA LY2J 599 100 0
QSO: 14080 CW 2020-02-15 1259 N4RV 599 VA EA5CP 599 100 0
QSO: 14080 CW 2020-02-15 1300 N4RV 599 VA DJ4MH 599 100 0
QSO: 14080 CW 2020-02-15 1301 N4RV 599 VA IZ3NYG 599 150 0
QSO: 14080 CW 2020-02-15 1301 N4RV 599 VA HB9CIC 599 100 0
QSO: 14080 CW 2020-02-15 1302 N4RV 599 VA SP2MKI 599 100 0
QSO: 14080 CW 2020-02-15 1302 N4RV 599 VA PC3T 599 100 0
QSO: 14080 CW 2020-02-15 1302 N4RV 599 VA IR4Y 599 150 0
QSO: 14080 CW 2020-02-15 1302 N4RV 599 VA OR2F 599 100 0
QSO: 14080 CW 2020-02-15 1303 N4RV 599 VA UT4U 599 KW 0
QSO: 14080 CW 2020-02-15 1303 N4RV 599 VA IZ8VYU 599 500 0
QSO: 14080 CW 2020-02-15 1303 N4RV 599 VA LY4G 599 KW 0
QSO: 14080 CW 2020-02-15 1304 N4RV 599 VA EA7W 599 100 0
QSO: 14080 CW 2020-02-15 1304 N4RV 599 VA DL7UXG 599 100 0
QSO: 14080 CW 2020-02-15 1304 N4RV 599 VA EA4FL 599 700 0
QSO: 14080 CW 2020-02-15 1305 N4RV 599 VA ES7A 599 100 0
QSO: 14080 CW 2020-02-15 1305 N4RV 599 VA PA4WM 599 300 0
QSO: 14080 CW 2020-02-15 1305 N4RV 599 VA PA2W 599 100 0
QSO: 14080 CW 2020-02-15 1305 N4RV 599 VA LZ2RS 599 5 0
QSO: 14080 CW 2020-02-15 1306 N4RV 599 VA 9A7T 599 100 0
QSO: 14080 CW 2020-02-15 1306 N4RV 599 VA CR5O 599 100 0
QSO: 14080 CW 2020-02-15 1306 N4RV 599 VA YO7ARZ 599 100 0
QSO: 14080 CW 2020-02-15 1307 N4RV 599 VA DJ2IA 599 100 0
QSO: 14080 CW 2020-02-15 1307 N4RV 599 VA DA0DOM 599 500 0
QSO: 14080 CW 2020-02-15 1308 N4RV 599 VA OK7PN 599 KW 0
QSO: 14080 CW 2020-02-15 1308 N4RV 599 VA PC5D 599 10 0
QSO: 14080 CW 2020-02-15 1309 N4RV 599 VA SI9AM 599 KW 0
QSO: 14080 CW 2020-02-15 1309 N4RV 599 VA G4KFT 599 400 0
QSO: 14080 CW 2020-02-15 1310 N4RV 599 VA LU5FF 599 KW 0
QSO: 14080 CW 2020-02-15 1310 N4RV 599 VA RT5T 599 100 0
QSO: 14080 CW 2020-02-15 1311 N4RV 599 VA DL3KVR 599 100 0
QSO: 14080 CW 2020-02-15 1311 N4RV 599 VA DL3DXX 599 KW 0
QSO: 14080 CW 2020-02-15 1312 N4RV 599 VA DL4WA 599 500 0
QSO: 14080 CW 2020-02-15 1315 N4RV 599 VA DL1DTD 599 5 0
QSO: 14080 CW 2020-02-15 1315 N4RV 599 VA SP2HFH 599 100 0
QSO: 14080 CW 2020-02-15 1315 N4RV 599 VA DL2OM 599 750 0
QSO: 14080 CW 2020-02-15 1316 N4RV 599 VA SP1C 599 KW 0
QSO: 14080 CW 2020-02-15 1316 N4RV 599 VA HG6C 599 5 0
QSO: 14080 CW 2020-02-15 1316 N4RV 599 VA DH8BQA 599 500 0
QSO: 14080 CW 2020-02-15 1317 N4RV 599 VA EW1I 599 KW 0
QSO: 14080 CW 2020-02-15 1317 N4RV 599 VA R7RDE 599 100 0
QSO: 14080 CW 2020-02-15 1317 N4RV 599 VA OM7M 599 K 0
QSO: 14080 CW 2020-02-15 1318 N4RV 599 VA ON4DN 599 100 0
QSO: 14080 CW 2020-02-15 1318 N4RV 599 VA RN4W 599 KW 0
QSO: 14080 CW 2020-02-15 1320 N4RV 599 VA M0B 599 400 0
QSO: 14080 CW 2020-02-15 1321 N4RV 599 VA G4PVM 599 100 0
QSO: 14080 CW 2020-02-15 1321 N4RV 599 VA R1CAA 599 100 0
QSO: 14080 CW 2020-02-15 1321 N4RV 599 VA OO9O 599 100 0
QSO: 14080 CW 2020-02-15 1322 N4RV 599 VA F8CRS 599 100 0
QSO: 14080 CW 2020-02-15 1323 N4RV 599 VA HA8TKS 599 100 0
QSO: 14080 CW 2020-02-15 1324 N4RV 599 VA EA1VT 599 500 0
QSO: 14080 CW 2020-02-15 1324 N4RV 599 VA DL4CF 599 750 0
QSO: 14080 CW 2020-02-15 1324 N4RV 599 VA EW8DX 599 500 0
QSO: 14080 CW 2020-02-15 1325 N4RV 599 VA UA6LCN 599 KW 0
QSO: 14080 CW 2020-02-15 1325 N4RV 599 VA GM3NHQ 599 100 0
QSO: 14080 CW 2020-02-15 1325 N4RV 599 VA ON3ND 599 25 0
QSO: 14080 CW 2020-02-15 1326 N4RV 599 VA SP4AAZ 599 100 0
QSO: 14080 CW 2020-02-15 1326 N4RV 599 VA YL2KO 599 KW 0
QSO: 14080 CW 2020-02-15 1327 N4RV 599 VA SD6F 599 100 0
QSO: 14080 CW 2020-02-15 1327 N4RV 599 VA SM0LPO 599 005 0
QSO: 14080 CW 2020-02-15 1327 N4RV 599 VA SM6CMU 599 500 0
QSO: 14080 CW 2020-02-15 1327 N4RV 599 VA ZF1A 599 KW 0
QSO: 14080 CW 2020-02-15 1328 N4RV 599 VA RT9S 599 KW 0
QSO: 14080 CW 2020-02-15 1328 N4RV 599 VA RT4M 599 KW 0
QSO: 14080 CW 2020-02-15 1329 N4RV 599 VA RA6C 599 100 0
QSO: 14080 CW 2020-02-15 1329 N4RV 599 VA OH6OS 599 KW 0
QSO: 14080 CW 2020-02-15 1330 N4RV 599 VA OE9KFV 599 400 0
QSO: 14080 CW 2020-02-15 1330 N4RV 599 VA DL5NO 599 100 0
QSO: 14080 CW 2020-02-15 1330 N4RV 599 VA DL5BAW 599 100 0
QSO: 14080 CW 2020-02-15 1331 N4RV 599 VA EW1P 599 100 0
QSO: 14080 CW 2020-02-15 1332 N4RV 599 VA PE1HWO 599 400 0
QSO: 14080 CW 2020-02-15 1332 N4RV 599 VA IZ3SQW 599 500 0
QSO: 14080 CW 2020-02-15 1333 N4RV 599 VA ES5EP 599 100 0
QSO: 14080 CW 2020-02-15 1333 N4RV 599 VA OK2BFN 599 100 0
QSO: 14080 CW 2020-02-15 1333 N4RV 599 VA YO4DW 599 KW 0
QSO: 14080 CW 2020-02-15 1334 N4RV 599 VA SP1AEN 599 100 0
QSO: 14080 CW 2020-02-15 1335 N4RV 599 VA OK2LW 599 100 0
QSO: 14080 CW 2020-02-15 1335 N4RV 599 VA HB9AZZ 599 KW 0
QSO: 14080 CW 2020-02-15 1336 N4RV 599 VA UT3UZ 599 100 0
QSO: 14080 CW 2020-02-15 1336 N4RV 599 VA IZ3NVR 599 5 0
QSO: 14080 CW 2020-02-15 1337 N4RV 599 VA OH2BN 599 KW 0
QSO: 14080 CW 2020-02-15 1337 N4RV 599 VA HB9AMO 599 KW 0
QSO: 14080 CW 2020-02-15 1338 N4RV 599 VA SK0QO 599 KW 0
QSO: 14080 CW 2020-02-15 1338 N4RV 599 VA YO4NF 599 100 0
QSO: 14080 CW 2020-02-15 1339 N4RV 599 VA UR7EC 599 100 0
QSO: 14080 CW 2020-02-15 1339 N4RV 599 VA S57WJ 599 700 0
QSO: 14080 CW 2020-02-15 1340 N4RV 599 VA US5ABI 599 100 0
QSO: 14080 CW 2020-02-15 1340 N4RV 599 VA UA4FER 599 100 0
QSO: 14080 CW 2020-02-15 1340 N4RV 599 VA M7O 599 400 0
QSO: 14080 CW 2020-02-15 1340 N4RV 599 VA 2E0OBO 599 50 0
QSO: 14080 CW 2020-02-15 1341 N4RV 599 VA OZ5KU 599 100 0
QSO: 14080 CW 2020-02-15 1342 N4RV 599 VA IO4R 599 100 0
QSO: 14080 CW 2020-02-15 1342 N4RV 599 VA OM7AZ 599 100 0
QSO: 14080 CW 2020-02-15 1342 N4RV 599 VA M1X 599 100 0
QSO: 14080 CW 2020-02-15 1343 N4RV 599 VA DL9LM 599 200 0
QSO: 14080 CW 2020-02-15 1343 N4RV 599 VA R7NK 599 500 0
QSO: 14080 CW 2020-02-15 1344 N4RV 599 VA PA5WT 599 400 0
QSO: 14080 CW 2020-02-15 1344 N4RV 599 VA OK5Z 599 K 0
QSO: 14080 CW 2020-02-15 1345 N4RV 599 VA UA3QGT 599 KW 0
QSO: 14049 CW 2020-02-15 1346 N4RV 599 VA OH0R 599 K 0
QSO: 14049 CW 2020-02-15 1347 N4RV 599 VA EA6FO 599 KW 0
QSO: 14041 CW 2020-02-15 1348 N4RV 599 VA E7DX 599 K 0
QSO: 14005 CW 2020-02-15 1348 N4RV 599 VA 4O4T 599 KW 0
QSO: 14116 CW 2020-02-15 1349 N4RV 599 VA 4X6FR 599 KW 0
QSO: 14059 CW 2020-02-15 1350 N4RV 599 VA EA8RM 599 K 0
QSO: 14069 CW 2020-02-15 1351 N4RV 599 VA FY5KE 599 100 0
QSO: 14070 CW 2020-02-15 1351 N4RV 599 VA V26M 599 K 0
QSO: 14020 CW 2020-02-15 1353 N4RV 599 VA VP2MSS 599 K 0
QSO: 14099 CW 2020-02-15 1354 N4RV 599 VA HI0LT 599 100 0
QSO: 21035 CW 2020-02-15 1355 N4RV 599 VA 8P5A 599 K 0
QSO: 14031 CW 2020-02-15 1400 N4RV 599 VA V3T 599 99 0
QSO: 14062 CW 2020-02-15 1401 N4RV 599 VA PJ4A 599 K 0
QSO: 14029 CW 2020-02-15 1403 N4RV 599 VA PJ2T 599 K 0
QSO: 14020 CW 2020-02-15 1403 N4RV 599 VA HK1N 599 100 0
QSO: 14022 CW 2020-02-15 1404 N4RV 599 VA IT9MUO 599 500 0
QSO: 14022 CW 2020-02-15 1405 N4RV 599 VA S51YI 599 KW 0
QSO: 14098 CW 2020-02-15 1406 N4RV 599 VA LX1NO 599 KW 0
QSO: 14105 CW 2020-02-15 1407 N4RV 599 VA KP2M 599 K 0
QSO: 14050 CW 2020-02-15 1412 N4RV 599 VA F6BNH 599 500 0
QSO: 14050 CW 2020-02-15 1413 N4RV 599 VA V47T 599 K 0
QSO: 14049 CW 2020-02-15 1414 N4RV 599 VA LY2A 599 700 0
QSO: 14052 CW 2020-02-15 1416 N4RV 599 VA OK1DG 599 KW 0
QSO: 14053 CW 2020-02-15 1416 N4RV 599 VA F5OHM 599 KW 0
QSO: 14053 CW 2020-02-15 1417 N4RV 599 VA 9A1AA 599 600 0
QSO: 14053 CW 2020-02-15 1417 N4RV 599 VA PA7LV 599 150 0
QSO: 14054 CW 2020-02-15 1418 N4RV 599 VA P40L 599 KW 0
QSO: 14055 CW 2020-02-15 1418 N4RV 599 VA E7CW 599 150 0
QSO: 14013 CW 2020-02-15 1419 N4RV 599 VA VP5K 599 500 0
QSO: 14012 CW 2020-02-15 1420 N4RV 599 VA F5OGL 599 K 0
QSO: 14122 CW 2020-02-15 1420 N4RV 599 VA DD7CW 599 100 0
QSO: 14118 CW 2020-02-15 1421 N4RV 599 VA LY5A 599 KW 0
QSO: 14045 CW 2020-02-15 1423 N4RV 599 VA ZP5AA 599 KW 0
QSO: 14047 CW 2020-02-15 1423 N4RV 599 VA ZZ2DC 599 K 0
QSO: 14103 CW 2020-02-15 1425 N4RV 599 VA DL1NKS 599 KW 0
QSO: 14102 CW 2020-02-15 1425 N4RV 599 VA F5NKX 599 100 0
QSO: 21014 CW 2020-02-15 1432 N4RV 599 VA EA7X 599 K 0
QSO: 21029 CW 2020-02-15 1433 N4RV 599 VA CR5E 599 KW 0
QSO: 21023 CW 2020-02-15 1434 N4RV 599 VA YU1ZZ 599 KW 0
QSO: 21021 CW 2020-02-15 1434 N4RV 599 VA EB5A 599 KW 0
QSO: 21025 CW 2020-02-15 1436 N4RV 599 VA OR2F 599 100 0
QSO: 21033 CW 2020-02-15 1437 N4RV 599 VA YT9A 599 KW 0
QSO: 21029 CW 2020-02-15 1439 N4RV 599 VA 9A4M 599 KW 0
QSO: 21022 CW 2020-02-15 1441 N4RV 599 VA FY5KE 599 100 0
QSO: 21042 CW 2020-02-15 1444 N4RV 599 VA EI7M 599 K 0
QSO: 21023 CW 2020-02-15 1445 N4RV 599 VA PP5KR 599 K 0
QSO: 14013 CW 2020-02-15 1446 N4RV 599 VA S50K 599 K 0
QSO: 14015 CW 2020-02-15 1447 N4RV 599 VA HA8M 599 K 0
QSO: 14016 CW 2020-02-15 1448 N4RV 599 VA HG0Y 599 KW 0
QSO: 14017 CW 2020-02-15 1448 N4RV 599 VA F5IN 599 KW 0
QSO: 14018 CW 2020-02-15 1449 N4RV 599 VA GM3YOR 599 400 0
QSO: 14018 CW 2020-02-15 1449 N4RV 599 VA EA7X 599 K 0
QSO: 14021 CW 2020-02-15 1451 N4RV 599 VA UA6CC 599 KW 0
QSO: 14020 CW 2020-02-15 1451 N4RV 599 VA MW6M 599 100 0
QSO: 14012 CW 2020-02-15 1452 N4RV 599 VA SV9DJO 599 500 0
QSO: 14030 CW 2020-02-15 1456 N4RV 599 VA EI7M 599 K 0
QSO: 14030 CW 2020-02-15 1456 N4RV 599 VA F6HKA 599 500 0
QSO: 14031 CW 2020-02-15 1457 N4RV 599 VA SM0HRP 599 KW 0
QSO: 14031 CW 2020-02-15 1458 N4RV 599 VA M6T 599 400 0
QSO: 14032 CW 2020-02-15 1458 N4RV 599 VA RU1AC 599 KW 0
QSO: 14035 CW 2020-02-15 1500 N4RV 599 VA YL2SM 599 KW 0
QSO: 14084 CW 2020-02-15 1501 N4RV 599 VA ON6NL 599 KW 0
QSO: 14083 CW 2020-02-15 1502 N4RV 599 VA SO4M 599 100 0
QSO: 14069 CW 2020-02-15 1505 N4RV 599 VA SN7Q 599 KW 0
QSO: 14068 CW 2020-02-15 1506 N4RV 599 VA OR3A 599 KW 0
QSO: 14064 CW 2020-02-15 1508 N4RV 599 VA 4A7S 599 KW 0
QSO: 14062 CW 2020-02-15 1509 N4RV 599 VA OH9W 599 KW 0
QSO: 14063 CW 2020-02-15 1510 N4RV 599 VA OE9TXF 599 200 0
QSO: 14006 CW 2020-02-15 1512 N4RV 599 VA MI5I 599 150 0
QSO: 14051 CW 2020-02-15 1513 N4RV 599 VA TI7W 599 K 0
QSO: 21011 CW 2020-02-15 1518 N4RV 599 VA LU6UO 599 500 0
QSO: 21014 CW 2020-02-15 1519 N4RV 599 VA LW8DQ 599 KW 0
QSO: 21017 CW 2020-02-15 1519 N4RV 599 VA PX2A 599 K 0
QSO: 21032 CW 2020-02-15 1520 N4RV 599 VA PS8HF 599 100 0
QSO: 21039 CW 2020-02-15 1523 N4RV 599 VA CE2ML 599 K 0
QSO: 21011 CW 2020-02-15 1524 N4RV 599 VA CR3DX 599 KW 0
QSO: 21022 CW 2020-02-15 1525 N4RV 599 VA FY5KE 599 100 0
QSO: 21043 CW 2020-02-15 1526 N4RV 599 VA ZR2A/4 599 KW 0
QSO: 21028 CW 2020-02-15 1528 N4RV 599 VA ED8W 599 K 0
QSO: 21045 CW 2020-02-15 1528 N4RV 599 VA EA8RM 599 K 0
QSO: 21041 CW 2020-02-15 1529 N4RV 599 VA F5MUX 599 KW 0
QSO: 21035 CW 2020-02-15 1530 N4RV 599 VA F5OHM 599 KW 0
QSO: 21035 CW 2020-02-15 1532 N4RV 599 VA DR4A 599 K 0
QSO: 21035 CW 2020-02-15 1534 N4RV 599 VA TM5DX 599 100 0
QSO: 21035 CW 2020-02-15 1535 N4RV 599 VA CR3W 599 500 0
QSO: 21036 CW 2020-02-15 1538 N4RV 599 VA EA6FO 599 KW 0
QSO: 21038 CW 2020-02-15 1540 N4RV 599 VA IR2Q 599 500 0
QSO: 21016 CW 2020-02-15 1548 N4RV 599 VA LU3JVO 599 KW 0
QSO: 14099 CW 2020-02-15 1555 N4RV 599 VA ES2MC 599 KW 0
QSO: 14070 CW 2020-02-15 1556 N4RV 599 VA HH2AA 599 100 0
QSO: 14038 CW 2020-02-15 1558 N4RV 599 VA CN8WW 599 100 0
QSO: 21033 CW 2020-02-15 1559 N4RV 599 VA ZP5AA 599 KW 0
QSO: 21030 CW 2020-02-15 1600 N4RV 599 VA CX2BR 599 K 0
QSO: 14087 CW 2020-02-15 1605 N4RV 599 VA PJ5/KG9N 599 100 0
QSO: 14079 CW 2020-02-15 1605 N4RV 599 VA VP9I 599 100 0
QSO: 14109 CW 2020-02-15 1607 N4RV 599 VA J8/WJ2O 599 KW 0
QSO: 21032 CW 2020-02-15 1611 N4RV 599 VA J42L 599 500 0
QSO: 21043 CW 2020-02-15 1613 N4RV 599 VA ZR2A 599 KW 0
QSO: 21027 CW 2020-02-15 1620 N4RV 599 VA DK1AX 599 600 0
QSO: 21027 CW 2020-02-15 1622 N4RV 599 VA EC4TA 599 100 0
QSO: 21027 CW 2020-02-15 1623 N4RV 599 VA EA5FQ 599 100 0
QSO: 21035 CW 2020-02-15 1627 N4RV 599 VA TF3DC 599 KW 0
QSO: 21042 CW 2020-02-15 1631 N4RV 599 VA OX3LX 599 100 0
QSO: 21042 CW 2020-02-15 1633 N4RV 599 VA EC4C 599 KW 0
QSO: 21010 CW 2020-02-15 1639 N4RV 599 VA IT9MUO 599 500 0
QSO: 21019 CW 2020-02-15 1641 N4RV 599 VA EA1CBX 599 100 0
QSO: 21043 CW 2020-02-15 1641 N4RV 599 VA DR2A/4 599 KW 0
QSO: 21028 CW 2020-02-15 1649 N4RV 599 VA EA8CN 599 100 0
QSO: 21033 CW 2020-02-15 1649 N4RV 599 VA EA8KW 599 100 0
QSO: 21032 CW 2020-02-15 1656 N4RV 599 VA PY5AMF 599 K 0
QSO: 21012 CW 2020-02-15 1657 N4RV 599 VA CE2LR 599 KW 0
QSO: 21035 CW 2020-02-15 1657 N4RV 599 VA ZP5AA 599 KW 0
QSO: 14027 CW 2020-02-15 1701 N4RV 599 VA 9A1A 599 KW 0
QSO: 14032 CW 2020-02-15 1702 N4RV 599 VA 9A4M 599 KW 0
QSO: 14049 CW 2020-02-15 1702 N4RV 599 VA ON5JT 599 100 0
QSO: 14116 CW 2020-02-15 1703 N4RV 599 VA DK3GI 599 KW 0
QSO: 14039 CW 2020-02-15 1704 N4RV 599 VA HA3DX 599 KW 0
QSO: 14106 CW 2020-02-15 1704 N4RV 599 VA OH3JF 599 KW 0
QSO: 14040 CW 2020-02-15 1705 N4RV 599 VA HG8R 599 KW 0
QSO: 14059 CW 2020-02-15 1706 N4RV 599 VA OM4EX 599 KW 0
QSO: 14005 CW 2020-02-15 1706 N4RV 599 VA II3R 599 500 0
QSO: 14037 CW 2020-02-15 1707 N4RV 599 VA M5B 599 400 0
QSO: 14045 CW 2020-02-15 1707 N4RV 599 VA IR2Q 599 500 0
QSO: 14086 CW 2020-02-15 1707 N4RV 599 VA DL2CC 599 KW 0
QSO: 14039 CW 2020-02-15 1708 N4RV 599 VA P40SW 599 KW 0
QSO: 14047 CW 2020-02-15 1709 N4RV 599 VA S57DX 599 KW 0
QSO: 14048 CW 2020-02-15 1709 N4RV 599 VA HG5A 599 KW 0
QSO: 14048 CW 2020-02-15 1710 N4RV 599 VA DD1A 599 KW 0
QSO: 14052 CW 2020-02-15 1711 N4RV 599 VA IO6A 599 500 0
QSO: 14038 CW 2020-02-15 1712 N4RV 599 VA G4BJM 599 400 0
QSO: 14010 CW 2020-02-15 1714 N4RV 599 VA DK3YD 599 100 0
QSO: 14097 CW 2020-02-15 1715 N4RV 599 VA FS/RW0CN 599 K 0
QSO: 14042 CW 2020-02-15 1716 N4RV 599 VA 9Z4Y 599 100 0
QSO: 14040 CW 2020-02-15 1716 N4RV 599 VA KP3DX 599 500 0
QSO: 14110 CW 2020-02-15 1718 N4RV 599 VA OY1CT 599 700 0
QSO: 14033 CW 2020-02-15 1720 N4RV 599 VA OH/M0CFW 599 KW 0
QSO: 14033 CW 2020-02-15 1720 N4RV 599 VA YT3X 599 KW 0
QSO: 14028 CW 2020-02-15 1721 N4RV 599 VA CR3W 599 500 0
QSO: 14046 CW 2020-02-15 1722 N4RV 599 VA HB0A 599 KW 0
QSO: 14066 CW 2020-02-15 1723 N4RV 599 VA MU2K 599 100 0
QSO: 14090 CW 2020-02-15 1725 N4RV 599 VA OM3BH 599 KW 0
QSO: 14088 CW 2020-02-15 1726 N4RV 599 VA I2SVA 599 300 0
QSO: 14086 CW 2020-02-15 1727 N4RV 599 VA V47UM 599 100 0
QSO: 14083 CW 2020-02-15 1728 N4RV 599 VA TO4A 599 K 0
QSO: 14084 CW 2020-02-15 1728 N4RV 599 VA DL5IAH 599 200 0
QSO: 14077 CW 2020-02-15 1729 N4RV 599 VA HB9FBM 599 KW 0
QSO: 14072 CW 2020-02-15 1730 N4RV 599 VA OG7A 599 KW 0
QSO: 14071 CW 2020-02-15 1730 N4RV 599 VA OK1GK 599 KW 0
QSO: 14069 CW 2020-02-15 1732 N4RV 599 VA CE2LR 599 KW 0
QSO: 14070 CW 2020-02-15 1733 N4RV 599 VA ZF5T 599 100 0
QSO: 21031 CW 2020-02-15 1733 N4RV 599 VA PJ2T 599 K 0
QSO: 14002 CW 2020-02-15 1734 N4RV 599 VA HQ9X 599 99 0
QSO: 14054 CW 2020-02-15 1736 N4RV 599 VA 8P5A 599 K 0
QSO: 21018 CW 2020-02-15 1738 N4RV 599 VA TO4A 599 KW 0
QSO: 14025 CW 2020-02-15 1739 N4RV 599 VA S50R 599 KW 0
QSO: 14025 CW 2020-02-15 1739 N4RV 599 VA OP4K 599 KW 0
QSO: 14063 CW 2020-02-15 1740 N4RV 599 VA GM5X 599 400 0
QSO: 14042 CW 2020-02-15 1740 N4RV 599 VA S53M 599 K 0
QSO: 14021 CW 2020-02-15 1741 N4RV 599 VA M2L 599 400 0
QSO: 14021 CW 2020-02-15 1741 N4RV 599 VA HA9A 599 KW 0
QSO: 14023 CW 2020-02-15 1745 N4RV 599 VA KH6RS 599 KW 0
QSO: 14060 CW 2020-02-15 1746 N4RV 599 VA F5MUX 599 KW 0
QSO: 14103 CW 2020-02-15 1746 N4RV 599 VA OM7RU 599 KW 0
QSO: 14044 CW 2020-02-15 1748 N4RV 599 VA DF5RF 599 100 0
QSO: 14102 CW 2020-02-15 1748 N4RV 599 VA EC4TA 599 100 0
QSO: 14098 CW 2020-02-15 1749 N4RV 599 VA HG7T 599 KW 0
QSO: 14089 CW 2020-02-15 1750 N4RV 599 VA PA3ARM 599 100 0
QSO: 14084 CW 2020-02-15 1752 N4RV 599 VA EB5F 599 300 0
QSO: 14068 CW 2020-02-15 1754 N4RV 599 VA F6ARC 599 KW 0
QSO: 14064 CW 2020-02-15 1755 N4RV 599 VA EA4KD 599 KW 0
QSO: 14056 CW 2020-02-15 1756 N4RV 599 VA S53MM 599 KW 0
QSO: 14056 CW 2020-02-15 1756 N4RV 599 VA DL7ON 599 KW 0
QSO: 14055 CW 2020-02-15 1757 N4RV 599 VA S57K 599 KW 0
QSO: 14054 CW 2020-02-15 1757 N4RV 599 VA DL1IAO 599 100 0
QSO: 14053 CW 2020-02-15 1758 N4RV 599 VA EC4C 599 KW 0
QSO: 14052 CW 2020-02-15 1759 N4RV 599 VA DM3PKK 599 100 0
QSO: 14045 CW 2020-02-15 1800 N4RV 599 VA KH7M 599 KW 0
QSO: 14039 CW 2020-02-15 1801 N4RV 599 VA SC3A 599 KW 0
QSO: 14037 CW 2020-02-15 1802 N4RV 599 VA EA3X 599 500 0
QSO: 14035 CW 2020-02-15 1803 N4RV 599 VA EA5M 599 KW 0
QSO: 14033 CW 2020-02-15 1804 N4RV 599 VA DK1NO 599 KW 0
QSO: 14030 CW 2020-02-15 1805 N4RV 599 VA DL1REM 599 KW 0
QSO: 14040 CW 2020-02-15 1817 N4RV 599 VA EC5Y 599 100 0
QSO: 21056 CW 2020-02-15 1818 N4RV 599 VA PJ4A 599 K 0
QSO: 21033 CW 2020-02-15 1820 N4RV 599 VA LU8DZJ 599 300 0
QSO: 21007 CW 2020-02-15 1820 N4RV 599 VA LU2EE 599 100 0
QSO: 21018 CW 2020-02-15 1821 N4RV 599 VA P40L 599 KW 0
QSO: 21022 CW 2020-02-15 1826 N4RV 599 VA PY4ME 599 KW 0
QSO: 21015 CW 2020-02-15 1828 N4RV 599 VA YV6BXN 599 100 0
QSO: 21006 CW 2020-02-15 1835 N4RV 599 VA PY2XC 599 KW 0
QSO: 21053 CW 2020-02-15 1835 N4RV 599 VA PY1NX 599 KW 0
QSO: 21038 CW 2020-02-15 1840 N4RV 599 VA HK1MW 599 KW 0
QSO: 21021 CW 2020-02-15 1841 N4RV 599 VA V47T 599 K 0
QSO: 21034 CW 2020-02-15 1842 N4RV 599 VA V26M 599 K 0
QSO: 21027 CW 2020-02-15 1851 N4RV 599 VA TI7W 599 K 0
QSO: 21037 CW 2020-02-15 1852 N4RV 599 VA KP2M 599 K 0
QSO: 21036 CW 2020-02-15 1856 N4RV 599 VA VP2MSS 599 K 0
QSO: 21027 CW 2020-02-15 1857 N4RV 599 VA P4/K3DMG 599 100 0
QSO: 14010 CW 2020-02-15 1902 N4RV 599 VA HC5DX 599 K 0
QSO: 14023 CW 2020-02-15 1903 N4RV 599 VA CO6RD 599 100 0
QSO: 14021 CW 2020-02-15 1904 N4RV 599 VA CX9AU 599 500 0
QSO: 14089 CW 2020-02-15 1904 N4RV 599 VA ZR2A/4 599 KW 0
QSO: 14038 CW 2020-02-15 1907 N4RV 599 VA DL4DZ 599 100 0
QSO: 14079 CW 2020-02-15 1909 N4RV 599 VA UA2FZ 599 KW 0
QSO: 14015 CW 2020-02-15 1910 N4RV 599 VA ZM1M 599 KW 0
QSO: 14055 CW 2020-02-15 1913 N4RV 599 VA AL1G 599 KW 0
QSO: 21008 CW 2020-02-15 1917 N4RV 599 VA OA4/EA7TN 599 99 0
QSO: 21042 CW 2020-02-15 1917 N4RV 599 VA V31DJ 599 400 0
QSO: 21026 CW 2020-02-15 1919 N4RV 599 VA V47UM 599 100 0
QSO: 21040 CW 2020-02-15 1919 N4RV 599 VA KP3DX 599 500 0
QSO: 21005 CW 2020-02-15 1920 N4RV 599 VA HQ9X 599 99 0
QSO: 21025 CW 2020-02-15 1923 N4RV 599 VA ZF1A 599 KW 0
QSO: 21031 CW 2020-02-15 1953 N4RV 599 VA HC2AO 599 100 0
QSO: 21042 CW 2020-02-15 1954 N4RV 599 VA PJ5/KG9N 599 100 0
QSO: 28019 CW 2020-02-15 2000 N4RV 599 VA PY2UDB 599 KW 0
QSO: 21026 CW 2020-02-15 2002 N4RV 599 VA HC5DX 599 K 0
QSO: 21027 CW 2020-02-15 2004 N4RV 599 VA TI2OY 599 100 0
QSO: 21003 CW 2020-02-15 2005 N4RV 599 VA CX2AQ 599 100 0
QSO: 21030 CW 2020-02-15 2005 N4RV 599 VA NP2X 599 K 0
QSO: 21032 CW 2020-02-15 2006 N4RV 599 VA P40SW 599 KW 0
QSO: 21036 CW 2020-02-15 2007 N4RV 599 VA PP5DAN 599 100 0
QSO: 21018 CW 2020-02-15 2007 N4RV 599 VA LU1DZ 599 500 0
QSO: 21028 CW 2020-02-15 2008 N4RV 599 VA PT5E 599 100 0
QSO: 21057 CW 2020-02-15 2011 N4RV 599 VA NP2P 599 K 0
QSO: 21043 CW 2020-02-15 2013 N4RV 599 VA KH6TU 599 KW 0
QSO: 21010 CW 2020-02-15 2015 N4RV 599 VA XE2B 599 100 0
QSO: 21041 CW 2020-02-15 2016 N4RV 599 VA ZM2B 599 KW 0
QSO: 21021 CW 2020-02-15 2017 N4RV 599 VA KH6CJJ 599 150 0
QSO: 21026 CW 2020-02-15 2018 N4RV 599 VA ZM1A 599 KW 0
QSO: 21038 CW 2020-02-15 2018 N4RV 599 VA KH7M 599 KW 0
QSO: 21028 CW 2020-02-15 2019 N4RV 599 VA KH6RS 599 KW 0
QSO: 14038 CW 2020-02-15 2027 N4RV 599 VA OX3XR 599 500 0
QSO: 14070 CW 2020-02-15 2032 N4RV 599 VA 5I5TT 599 100 0
QSO: 7027 CW 2020-02-15 2036 N4RV 599 VA VK2BJ 599 500 0
QSO: 7010 CW 2020-02-15 2037 N4RV 599 VA YU7U 599 KW 0
QSO: 7025 CW 2020-02-15 2039 N4RV 599 VA M2A 599 400 0
QSO: 7024 CW 2020-02-15 2039 N4RV 599 VA HB9DQL 599 500 0
QSO: 7038 CW 2020-02-15 2039 N4RV 599 VA OK5Z 599 K 0
QSO: 7000 CW 2020-02-15 2040 N4RV 599 VA 9A5Y 599 KW 0
QSO: 7021 CW 2020-02-15 2040 N4RV 599 VA UT5C 599 KW 0
QSO: 7035 CW 2020-02-15 2041 N4RV 599 VA S52AW 599 KW 0
QSO: 7018 CW 2020-02-15 2042 N4RV 599 VA YO8RXP 599 KW 0
QSO: 7031 CW 2020-02-15 2042 N4RV 599 VA UZ3A 599 100 0
QSO: 7063 CW 2020-02-15 2042 N4RV 599 VA G8X 599 100 0
QSO: 7068 CW 2020-02-15 2043 N4RV 599 VA EA8BQM 599 100 0
QSO: 7054 CW 2020-02-15 2044 N4RV 599 VA YO4RDW 599 100 0
QSO: 7026 CW 2020-02-15 2044 N4RV 599 VA Z35F 599 300 0
QSO: 7019 CW 2020-02-15 2044 N4RV 599 VA OM7RU 599 KW 0
QSO: 7038 CW 2020-02-15 2045 N4RV 599 VA OK1OA 599 600 0
QSO: 7009 CW 2020-02-15 2045 N4RV 599 VA UW5ZM 599 KW 0
QSO: 7015 CW 2020-02-15 2049 N4RV 599 VA HG5A 599 KW 0
QSO: 7011 CW 2020-02-15 2049 N4RV 599 VA IK5ZWU 599 300 0
QSO: 7055 CW 2020-02-15 2050 N4RV 599 VA DK2OY 599 500 0
QSO: 7067 CW 2020-02-15 2050 N4RV 599 VA YT2AAA 599 KW 0
QSO: 7060 CW 2020-02-15 2052 N4RV 599 VA OK2RZ 599 KW 0
QSO: 7036 CW 2020-02-15 2052 N4RV 599 VA DJ9AO 599 700 0
QSO: 7010 CW 2020-02-15 2053 N4RV 599 VA EW6W 599 100 0
QSO: 7038 CW 2020-02-15 2053 N4RV 599 VA OM3CPF 599 200 0
QSO: 7012 CW 2020-02-15 2054 N4RV 599 VA 9A1TT 599 KW 0
QSO: 7062 CW 2020-02-15 2054 N4RV 599 VA LY2J 599 100 0
QSO: 7014 CW 2020-02-15 2055 N4RV 599 VA OK2PVF 599 KW 0
QSO: 7038 CW 2020-02-15 2055 N4RV 599 VA EA7X 599 K 0
QSO: 7060 CW 2020-02-15 2056 N4RV 599 VA I2SVA 599 300 0
QSO: 7039 CW 2020-02-15 2057 N4RV 599 VA IO4R 599 100 0
QSO: 7026 CW 2020-02-15 2058 N4RV 599 VA SM5EPO 599 KW 0
QSO: 7028 CW 2020-02-15 2059 N4RV 599 VA YT4T 599 KW 0
QSO: 7025 CW 2020-02-15 2100 N4RV 599 VA EA2BD 599 KW 0
QSO: 7054 CW 2020-02-15 2100 N4RV 599 VA YT7A 599 KW 0
QSO: 7004 CW 2020-02-15 2101 N4RV 599 VA DL2CC 599 KW 0
QSO: 7000 CW 2020-02-15 2101 N4RV 599 VA YT5W 599 100 0
QSO: 7066 CW 2020-02-15 2102 N4RV 599 VA DL1QQ 599 KW 0
QSO: 7061 CW 2020-02-15 2103 N4RV 599 VA I2IFT 599 500 0
QSO: 7070 CW 2020-02-15 2104 N4RV 599 VA UZ5P 599 100 0
QSO: 7037 CW 2020-02-15 2105 N4RV 599 VA SP2GWH 599 500 0
QSO: 7059 CW 2020-02-15 2106 N4RV 599 VA G4BUO 599 400 0
QSO: 7062 CW 2020-02-15 2107 N4RV 599 VA OR2F 599 100 0
QSO: 7031 CW 2020-02-15 2108 N4RV 599 VA SH3MM 599 KW 0
QSO: 7047 CW 2020-02-15 2109 N4RV 599 VA YT4W 599 KW 0
QSO: 14038 CW 2020-02-15 2113 N4RV 599 VA VK2PN 599 300 0
QSO: 14045 CW 2020-02-15 2118 N4RV 599 VA AH2R 599 KW 0
QSO: 7078 CW 2020-02-15 2137 N4RV 599 VA OK1DG 599 KW 0
QSO: 7025 CW 2020-02-15 2137 N4RV 599 VA DL6KVA 599 K 0
QSO: 7010 CW 2020-02-15 2138 N4RV 599 VA UW1M 599 KW 0
QSO: 7029 CW 2020-02-15 2140 N4RV 599 VA YO4DW 599 KW 0
QSO: 7069 CW 2020-02-15 2141 N4RV 599 VA DL0MFL 599 500 0
QSO: 7056 CW 2020-02-15 2142 N4RV 599 VA PA5WT 599 400 0
QSO: 7070 CW 2020-02-15 2143 N4RV 599 VA DL1REM 599 KW 0
QSO: 7025 CW 2020-02-15 2144 N4RV 599 VA HA9RT 599 KW 0
QSO: 7021 CW 2020-02-15 2144 N4RV 599 VA I2WIJ 599 500 0
QSO: 7043 CW 2020-02-15 2145 N4RV 599 VA OM7M 599 K 0
QSO: 7020 CW 2020-02-15 2145 N4RV 599 VA UV1IX 599 200 0
QSO: 7001 CW 2020-02-15 2146 N4RV 599 VA EF1A 599 K 0
QSO: 7068 CW 2020-02-15 2147 N4RV 599 VA OK7PN 599 KW 0
QSO: 7071 CW 2020-02-15 2148 N4RV 599 VA MI4I 599 100 0
QSO: 7086 CW 2020-02-15 2149 N4RV 599 VA YT6W 599 100 0
QSO: 7039 CW 2020-02-15 2150 N4RV 599 VA OK1AXB 599 500 0
QSO: 7065 CW 2020-02-15 2150 N4RV 599 VA HG6Y 599 KW 0
QSO: 7029 CW 2020-02-15 2152 N4RV 599 VA ED8M 599 KW 0
QSO: 7053 CW 2020-02-15 2153 N4RV 599 VA EA4GOY 599 100 0
QSO: 7031 CW 2020-02-15 2153 N4RV 599 VA OZ1AAR 599 100 0
QSO: 7043 CW 2020-02-15 2214 N4RV 599 VA MD2C 599 400 0
QSO: 7011 CW 2020-02-15 2216 N4RV 599 VA OL5Y 599 100 0
QSO: 14032 CW 2020-02-15 2218 N4RV 599 VA JA2AXB 599 KW 0
QSO: 14016 CW 2020-02-15 2219 N4RV 599 VA JA2ODB 599 150 0
QSO: 14034 CW 2020-02-15 2219 N4RV 599 VA JA1ZGO 599 KW 0
QSO: 14061 CW 2020-02-15 2220 N4RV 599 VA 7K4XNN 599 500 0
QSO: 14063 CW 2020-02-15 2221 N4RV 599 VA JA9CWJ 599 500 0
QSO: 14063 CW 2020-02-15 2221 N4RV 599 VA JF1KML 599 200 0
QSO: 14085 CW 2020-02-15 2222 N4RV 599 VA JE4JPQ 599 100 0
QSO: 14026 CW 2020-02-15 2222 N4RV 599 VA RT0C 599 KW 0
QSO: 14056 CW 2020-02-15 2224 N4RV 599 VA JA5FDJ 599 150 0
QSO: 14057 CW 2020-02-15 2224 N4RV 599 VA 7K4AEA 599 100 0
QSO: 14031 CW 2020-02-15 2225 N4RV 599 VA JN2AMD 599 100 0
QSO: 14058 CW 2020-02-15 2226 N4RV 599 VA JF9JTS 599 KW 0
QSO: 14039 CW 2020-02-15 2227 N4RV 599 VA JH1GBZ 599 KW 0
QSO: 14011 CW 2020-02-15 2228 N4RV 599 VA JH3AIU 599 KW 0
QSO: 14050 CW 2020-02-15 2229 N4RV 599 VA UA0ZAM 599 600 0
QSO: 14051 CW 2020-02-15 2230 N4RV 599 VA JH8YOH 599 KW 0
QSO: 14008 CW 2020-02-15 2230 N4RV 599 VA JA6LCJ 599 KW 0
QSO: 14040 CW 2020-02-15 2231 N4RV 599 VA JA7ZFN 599 K 0
QSO: 14072 CW 2020-02-15 2233 N4RV 599 VA JF1SEK 599 KW 0
QSO: 14054 CW 2020-02-15 2233 N4RV 599 VA JR3NZC 599 KW 0
QSO: 14055 CW 2020-02-15 2234 N4RV 599 VA JH4UYB 599 KW 0
QSO: 14033 CW 2020-02-15 2234 N4RV 599 VA JA7NVF 599 KW 0
QSO: 14034 CW 2020-02-15 2235 N4RV 599 VA JA1BJI 599 100 0
QSO: 14061 CW 2020-02-15 2235 N4RV 599 VA JH1GEX 599 KW 0
QSO: 14041 CW 2020-02-15 2236 N4RV 599 VA JA3YBK 599 KW 0
QSO: 14061 CW 2020-02-15 2237 N4RV 599 VA JL3JRY 599 KW 0
QSO: 14011 CW 2020-02-15 2238 N4RV 599 VA JE1LFX 599 KW 0
QSO: 14062 CW 2020-02-15 2240 N4RV 599 VA JI0VWL 599 KW 0
QSO: 14006 CW 2020-02-15 2241 N4RV 599 VA JA2XYO 599 KW 0
QSO: 14007 CW 2020-02-15 2242 N4RV 599 VA JO7KMB 599 200 0
QSO: 14047 CW 2020-02-15 2242 N4RV 599 VA JR2GRX 599 KW 0
QSO: 14052 CW 2020-02-15 2243 N4RV 599 VA JA0FVU 599 500 0
QSO: 14064 CW 2020-02-15 2244 N4RV 599 VA JH1EAQ 599 150 0
QSO: 14070 CW 2020-02-15 2245 N4RV 599 VA JH7UJU 599 005 0
QSO: 14012 CW 2020-02-15 2246 N4RV 599 VA JK8PBO 599 100 0
QSO: 14023 CW 2020-02-15 2246 N4RV 599 VA JI1RXQ 599 100 0
QSO: 14049 CW 2020-02-15 2250 N4RV 599 VA JE1NVD 599 200 0
QSO: 14031 CW 2020-02-15 2251 N4RV 599 VA JN1THL 599 KW 0
QSO: 14067 CW 2020-02-15 2251 N4RV 599 VA JH4UTP 599 100 0
QSO: 14043 CW 2020-02-15 2252 N4RV 599 VA JK1LSE 599 100 0
QSO: 14065 CW 2020-02-15 2255 N4RV 599 VA JA1MZM 599 100 0
QSO: 14085 CW 2020-02-15 2257 N4RV 599 VA RW0CB 599 500 0
QSO: 14018 CW 2020-02-15 2308 N4RV 599 VA BA7IO 599 300 0
QSO: 14048 CW 2020-02-15 2309 N4RV 599 VA RN0D 599 K 0
QSO: 14024 CW 2020-02-15 2310 N4RV 599 VA LU3MAM 599 100 0
QSO: 7072 CW 2020-02-15 2312 N4RV 599 VA UA2FZ 599 KW 0
QSO: 7029 CW 2020-02-15 2313 N4RV 599 VA HB0A 599 KW 0
QSO: 7036 CW 2020-02-15 2314 N4RV 599 VA JT1CO 599 KW 0
QSO: 7052 CW 2020-02-15 2316 N4RV 599 VA A61EK 599 K 0
QSO: 7040 CW 2020-02-15 2317 N4RV 599 VA PA5KT 599 400 0
QSO: 7086 CW 2020-02-15 2318 N4RV 599 VA G4ERW 599 100 0
QSO: 7028 CW 2020-02-15 2318 N4RV 599 VA OR3A 599 KW 0
QSO: 7094 CW 2020-02-15 2319 N4RV 599 VA ZR2A/4 599 KW 0
QSO: 7066 CW 2020-02-15 2319 N4RV 599 VA PC3T 599 100 0
QSO: 7083 CW 2020-02-15 2320 N4RV 599 VA F5MUX 599 KW 0
QSO: 7085 CW 2020-02-15 2320 N4RV 599 VA RU1A 599 KW 0
QSO: 7084 CW 2020-02-15 2321 N4RV 599 VA ED4T 599 300 0
QSO: 7021 CW 2020-02-15 2322 N4RV 599 VA DL5DBY 599 100 0
QSO: 7036 CW 2020-02-15 2323 N4RV 599 VA HB9CPS 599 100 0
QSO: 7060 CW 2020-02-15 2323 N4RV 599 VA 3Z1K 599 KW 0
QSO: 7014 CW 2020-02-15 2325 N4RV 599 VA S55N 599 95 0
QSO: 7070 CW 2020-02-15 2325 N4RV 599 VA SO4M 599 100 0
QSO: 7070 CW 2020-02-15 2327 N4RV 599 VA OK1YM 599 100 0
QSO: 7009 CW 2020-02-15 2327 N4RV 599 VA Z35Y 599 500 0
QSO: 7058 CW 2020-02-15 2328 N4RV 599 VA DK5DQ 599 100 0
QSO: 7025 CW 2020-02-15 2329 N4RV 599 VA DL5AXX 599 500 0
QSO: 7020 CW 2020-02-15 2329 N4RV 599 VA DL1EAL 599 100 0
QSO: 7032 CW 2020-02-15 2330 N4RV 599 VA DJ5AN 599 KW 0
QSO: 7029 CW 2020-02-15 2331 N4RV 599 VA HA7RY 599 KW 0
QSO: 7086 CW 2020-02-15 2331 N4RV 599 VA 9A1AA 599 600 0
QSO: 7023 CW 2020-02-15 2341 N4RV 599 VA OM5DX 599 100 0
QSO: 7065 CW 2020-02-15 2342 N4RV 599 VA IK0YVV 599 500 0
QSO: 7048 CW 2020-02-15 2347 N4RV 599 VA E71A 599 300 0
QSO: 7062 CW 2020-02-15 2347 N4RV 599 VA IR2R 599 500 0
QSO: 7002 CW 2020-02-15 2348 N4RV 599 VA UP7L 599 KW 0
QSO: 7030 CW 2020-02-15 2349 N4RV 599 VA LZ1RW 599 KW 0
QSO: 7062 CW 2020-02-15 2350 N4RV 599 VA SN7O 599 100 0
QSO: 7024 CW 2020-02-15 2350 N4RV 599 VA 9A3YT 599 500 0
QSO: 7088 CW 2020-02-15 2351 N4RV 599 VA R6CC 599 KW 0
QSO: 7047 CW 2020-02-15 2353 N4RV 599 VA TF3SG 599 K 0
QSO: 7094 CW 2020-02-15 2357 N4RV 599 VA EA9EU 599 200 0
QSO: 7068 CW 2020-02-16 0002 N4RV 599 VA 4A7S 599 KW 0
QSO: 7072 CW 2020-02-16 0005 N4RV 599 VA FS/RW0CN 599 K 0
QSO: 7022 CW 2020-02-16 0007 N4RV 599 VA EC5K 599 K 0
QSO: 7007 CW 2020-02-16 0009 N4RV 599 VA EA1DAV 599 KW 0
QSO: 7038 CW 2020-02-16 0010 N4RV 599 VA HG6O 599 800 0
QSO: 7013 CW 2020-02-16 0011 N4RV 599 VA KP4/W2HUV 599 500 0
QSO: 7081 CW 2020-02-16 0012 N4RV 599 VA M3D 599 400 0
QSO: 7054 CW 2020-02-16 0012 N4RV 599 VA DL5YM 599 KW 0
QSO: 7094 CW 2020-02-16 0013 N4RV 599 VA EE5X 599 100 0
QSO: 7080 CW 2020-02-16 0013 N4RV 599 VA EC4TA 599 100 0
QSO: 7070 CW 2020-02-16 0014 N4RV 599 VA DL7YAD 599 100 0
QSO: 7029 CW 2020-02-16 0020 N4RV 599 VA OK1FPQ 599 KW 0
QSO: 7026 CW 2020-02-16 0020 N4RV 599 VA DK5GB 599 700 0
QSO: 7046 CW 2020-02-16 0032 N4RV 599 VA OX3XR 599 500 0
QSO: 3538 CW 2020-02-16 0033 N4RV 599 VA LZ5R 599 KW 0
QSO: 3547 CW 2020-02-16 0034 N4RV 599 VA SM5INC 599 200 0
QSO: 3548 CW 2020-02-16 0036 N4RV 599 VA RX6LG 599 KW 0
QSO: 3525 CW 2020-02-16 0036 N4RV 599 VA LY4A 599 K 0
QSO: 3531 CW 2020-02-16 0038 N4RV 599 VA DR7T 599 100 0
QSO: 3536 CW 2020-02-16 0038 N4RV 599 VA YL7X 599 KW 0
QSO: 3538 CW 2020-02-16 0040 N4RV 599 VA OZ0B 599 500 0
QSO: 3558 CW 2020-02-16 0041 N4RV 599 VA RW7K 599 KW 0
QSO: 3564 CW 2020-02-16 0042 N4RV 599 VA J42L 599 500 0
QSO: 3535 CW 2020-02-16 0042 N4RV 599 VA HA4XH 599 KW 0
QSO: 3522 CW 2020-02-16 0043 N4RV 599 VA RU1A 599 KW 0
QSO: 3557 CW 2020-02-16 0044 N4RV 599 VA 9A7T 599 100 0
QSO: 3546 CW 2020-02-16 0044 N4RV 599 VA OM3BH 599 KW 0
QSO: 3549 CW 2020-02-16 0045 N4RV 599 VA TM6X 599 500 0
QSO: 3525 CW 2020-02-16 0045 N4RV 599 VA OP4K 599 KW 0
QSO: 3517 CW 2020-02-16 0046 N4RV 599 VA OM5DX 599 100 0
QSO: 3524 CW 2020-02-16 0046 N4RV 599 VA DD1A 599 KW 0
QSO: 3549 CW 2020-02-16 0047 N4RV 599 VA OM7JG 599 750 0
QSO: 3542 CW 2020-02-16 0048 N4RV 599 VA OK5Z 599 K 0
QSO: 3502 CW 2020-02-16 0049 N4RV 599 VA YT6W 599 100 0
QSO: 3522 CW 2020-02-16 0050 N4RV 599 VA OH0R 599 K 0
QSO: 3571 CW 2020-02-16 0050 N4RV 599 VA 5B/RN3QO 599 100 0
QSO: 3518 CW 2020-02-16 0051 N4RV 599 VA 9A1AA 599 600 0
QSO: 3519 CW 2020-02-16 0052 N4RV 599 VA Z31RQ 599 KW 0
QSO: 3560 CW 2020-02-16 0053 N4RV 599 VA 4Z5MU 599 200 0
QSO: 3553 CW 2020-02-16 0054 N4RV 599 VA TI7W 599 K 0
QSO: 3518 CW 2020-02-16 0055 N4RV 599 VA PJ5/KG9N 599 100 0
QSO: 3567 CW 2020-02-16 0056 N4RV 599 VA EV1R 599 KW 0
QSO: 3519 CW 2020-02-16 0057 N4RV 599 VA ZP5AA 599 KW 0
QSO: 3522 CW 2020-02-16 0101 N4RV 599 VA ZR2A/4 599 KW 0
QSO: 3524 CW 2020-02-16 0103 N4RV 599 VA HA3NU 599 KW 0
QSO: 3529 CW 2020-02-16 0104 N4RV 599 VA SP8PCF 599 KW 0
QSO: 3566 CW 2020-02-16 0105 N4RV 599 VA P4/K3DMG 599 100 0
QSO: 3547 CW 2020-02-16 0106 N4RV 599 VA 9A1TT 599 KW 0
QSO: 3541 CW 2020-02-16 0106 N4RV 599 VA DL5AXX 599 500 0
QSO: 3534 CW 2020-02-16 0107 N4RV 599 VA 9A4M 599 KW 0
QSO: 3560 CW 2020-02-16 0108 N4RV 599 VA PA0O 599 400 0
QSO: 3544 CW 2020-02-16 0110 N4RV 599 VA OK1HFP 599 300 0
QSO: 3513 CW 2020-02-16 0110 N4RV 599 VA OK1DG 599 KW 0
QSO: 3554 CW 2020-02-16 0111 N4RV 599 VA HB9LG 599 KW 0
QSO: 3521 CW 2020-02-16 0113 N4RV 599 VA LA3MHA 599 100 0
QSO: 3561 CW 2020-02-16 0113 N4RV 599 VA RW3RN 599 KW 0
QSO: 3553 CW 2020-02-16 0114 N4RV 599 VA G8X 599 100 0
QSO: 3515 CW 2020-02-16 0114 N4RV 599 VA OK6Y 599 100 0
QSO: 3504 CW 2020-02-16 0115 N4RV 599 VA LY5W 599 KW 0
QSO: 3562 CW 2020-02-16 0116 N4RV 599 VA DL3DW 599 500 0
QSO: 3565 CW 2020-02-16 0116 N4RV 599 VA F5MUX 599 KW 0
QSO: 3548 CW 2020-02-16 0117 N4RV 599 VA MM2N 599 400 0
QSO: 3535 CW 2020-02-16 0117 N4RV 599 VA P33W 599 KW 0
QSO: 3554 CW 2020-02-16 0120 N4RV 599 VA A61EK 599 K 0
QSO: 3567 CW 2020-02-16 0120 N4RV 599 VA UT5ECZ 599 200 0
QSO: 3552 CW 2020-02-16 0121 N4RV 599 VA SP5EWX 599 100 0
QSO: 3546 CW 2020-02-16 0121 N4RV 599 VA UD4F 599 KW 0
QSO: 3516 CW 2020-02-16 0122 N4RV 599 VA TO4A 599 KW 0
QSO: 3560 CW 2020-02-16 0126 N4RV 599 VA CM2XN 599 KW 0
QSO: 3514 CW 2020-02-16 0131 N4RV 599 VA DR4A 599 KW 0
QSO: 3536 CW 2020-02-16 0131 N4RV 599 VA RL3A 599 K 0
QSO: 3538 CW 2020-02-16 0132 N4RV 599 VA ES7A 599 100 0
QSO: 3553 CW 2020-02-16 0132 N4RV 599 VA SN7O 599 100 0
QSO: 3541 CW 2020-02-16 0133 N4RV 599 VA S53A 599 KW 0
QSO: 3559 CW 2020-02-16 0133 N4RV 599 VA EC4TA 599 100 0
QSO: 3527 CW 2020-02-16 0134 N4RV 599 VA DF5RF 599 100 0
QSO: 3555 CW 2020-02-16 0134 N4RV 599 VA YT4T 599 KW 0
QSO: 3540 CW 2020-02-16 0135 N4RV 599 VA IB3N 599 500 0
QSO: 3555 CW 2020-02-16 0135 N4RV 599 VA DL6HCC 599 500 0
QSO: 3545 CW 2020-02-16 0136 N4RV 599 VA DK5GB 599 700 0
QSO: 3548 CW 2020-02-16 0137 N4RV 599 VA OH2PQ 599 KW 0
QSO: 3564 CW 2020-02-16 0138 N4RV 599 VA TF3SG 599 K 0
QSO: 3530 CW 2020-02-16 0138 N4RV 599 VA S57AL 599 KW 0
QSO: 3517 CW 2020-02-16 0139 N4RV 599 VA UY7C 599 100 0
QSO: 3536 CW 2020-02-16 0139 N4RV 599 VA HG6N 599 K 0
QSO: 3552 CW 2020-02-16 0140 N4RV 599 VA HG6O 599 800 0
QSO: 3510 CW 2020-02-16 0141 N4RV 599 VA S53M 599 K 0
QSO: 3565 CW 2020-02-16 0142 N4RV 599 VA EE5X 599 100 0
QSO: 3566 CW 2020-02-16 0153 N4RV 599 VA OM3IAG 599 400 0
QSO: 3560 CW 2020-02-16 0155 N4RV 599 VA SO3AK 599 100 0
QSO: 3534 CW 2020-02-16 0157 N4RV 599 VA OK3X 599 KW 0
QSO: 3546 CW 2020-02-16 0157 N4RV 599 VA OR2F 599 100 0
QSO: 3520 CW 2020-02-16 0201 N4RV 599 VA R5WW 599 KW 0
QSO: 3545 CW 2020-02-16 0202 N4RV 599 VA RA5G 599 KW 0
QSO: 3540 CW 2020-02-16 0202 N4RV 599 VA OM7M 599 K 0
QSO: 3547 CW 2020-02-16 0204 N4RV 599 VA EA8RM 599 K 0
QSO: 3507 CW 2020-02-16 0205 N4RV 599 VA SQ9I 599 100 0
QSO: 7028 CW 2020-02-16 0208 N4RV 599 VA OA4SS 599 KW 0
QSO: 7043 CW 2020-02-16 0210 N4RV 599 VA EA5YU 599 KW 0
QSO: 7073 CW 2020-02-16 0210 N4RV 599 VA LZ6Y 599 KW 0
QSO: 7048 CW 2020-02-16 0211 N4RV 599 VA SP4BEU 599 K 0
QSO: 7001 CW 2020-02-16 0212 N4RV 599 VA EC1R 599 KW 0
QSO: 7033 CW 2020-02-16 0214 N4RV 599 VA DL5AN 599 KW 0
QSO: 7052 CW 2020-02-16 0215 N4RV 599 VA SQ5STS 599 100 0
QSO: 7012 CW 2020-02-16 0215 N4RV 599 VA F5NKX 599 100 0
QSO: 7072 CW 2020-02-16 0216 N4RV 599 VA Z33F 599 100 0
QSO: 7032 CW 2020-02-16 0216 N4RV 599 VA IT9ESW 599 300 0
QSO: 7067 CW 2020-02-16 0217 N4RV 599 VA UA5C 599 KW 0
QSO: 7003 CW 2020-02-16 0218 N4RV 599 VA LA4XAP 599 100 0
QSO: 7015 CW 2020-02-16 0219 N4RV 599 VA TI2OY 599 100 0
QSO: 7008 CW 2020-02-16 0220 N4RV 599 VA DL1IAO 599 100 0
QSO: 7055 CW 2020-02-16 0220 N4RV 599 VA EA5XA 599 100 0
QSO: 7044 CW 2020-02-16 0221 N4RV 599 VA CX5UA 599 500 0
QSO: 7038 CW 2020-02-16 0222 N4RV 599 VA PY4DX 599 KW 0
QSO: 7030 CW 2020-02-16 0222 N4RV 599 VA S54MM 599 KW 0
QSO: 7039 CW 2020-02-16 0224 N4RV 599 VA HB9AMO 599 KW 0
QSO: 7081 CW 2020-02-16 0225 N4RV 599 VA S52NR 599 KW 0
QSO: 7047 CW 2020-02-16 0226 N4RV 599 VA YO2LEA 599 400 0
QSO: 7039 CW 2020-02-16 0227 N4RV 599 VA DM4L 599 500 0
QSO: 7021 CW 2020-02-16 0227 N4RV 599 VA DK3YD 599 100 0
QSO: 7070 CW 2020-02-16 0228 N4RV 599 VA F5SGI 599 100 0
QSO: 7041 CW 2020-02-16 0237 N4RV 599 VA ZW8T 599 100 0
QSO: 7055 CW 2020-02-16 0238 N4RV 599 VA PS2T 599 KW 0
QSO: 7005 CW 2020-02-16 0240 N4RV 599 VA YV6BXN 599 100 0
QSO: 7031 CW 2020-02-16 0241 N4RV 599 VA OM7JG 599 750 0
QSO: 7061 CW 2020-02-16 0242 N4RV 599 VA LW3DC 599 100 0
QSO: 7037 CW 2020-02-16 0243 N4RV 599 VA 5B4ALJ 599 KW 0
QSO: 7052 CW 2020-02-16 0245 N4RV 599 VA P33W 599 KW 0
QSO: 7055 CW 2020-02-16 0245 N4RV 599 VA XE2B 599 100 0
QSO: 7018 CW 2020-02-16 0246 N4RV 599 VA TA2SE 599 100 0
QSO: 7051 CW 2020-02-16 0247 N4RV 599 VA PY5AMF 599 K 0
QSO: 3564 CW 2020-02-16 0249 N4RV 599 VA HG5D 599 KW 0
QSO: 3510 CW 2020-02-16 0251 N4RV 599 VA MU2K 599 100 0
QSO: 3545 CW 2020-02-16 0252 N4RV 599 VA CX9AU 599 500 0
QSO: 3572 CW 2020-02-16 0257 N4RV 599 VA HK6J 599 500 0
QSO: 1824 CW 2020-02-16 0259 N4RV 599 VA VP5K 599 500 0
QSO: 1832 CW 2020-02-16 0301 N4RV 599 VA DL5AXX 599 500 0
QSO: 1815 CW 2020-02-16 0302 N4RV 599 VA OR3A 599 KW 0
QSO: 1852 CW 2020-02-16 0303 N4RV 599 VA UV5U 599 KW 0
QSO: 1849 CW 2020-02-16 0304 N4RV 599 VA SM4CAN 599 K 0
QSO: 1847 CW 2020-02-16 0306 N4RV 599 VA ES5QA 599 100 0
QSO: 1851 CW 2020-02-16 0307 N4RV 599 VA YT6T 599 K 0
QSO: 1836 CW 2020-02-16 0307 N4RV 599 VA SN7O 599 100 0
QSO: 1812 CW 2020-02-16 0308 N4RV 599 VA F5IN 599 KW 0
QSO: 1831 CW 2020-02-16 0311 N4RV 599 VA TO4A 599 KW 0
QSO: 1821 CW 2020-02-16 0311 N4RV 599 VA NP2P 599 K 0
QSO: 1849 CW 2020-02-16 0312 N4RV 599 VA DL4CF 599 750 0
QSO: 1820 CW 2020-02-16 0313 N4RV 599 VA 9A7V 599 KW 0
QSO: 1846 CW 2020-02-16 0314 N4RV 599 VA RN3CT 599 KW 0
QSO: 1833 CW 2020-02-16 0315 N4RV 599 VA UY1HY 599 KW 0
QSO: 1844 CW 2020-02-16 0315 N4RV 599 VA LY5W 599 KW 0
QSO: 1854 CW 2020-02-16 0318 N4RV 599 VA UA4HTT 599 K 0
QSO: 1839 CW 2020-02-16 0319 N4RV 599 VA SC3A 599 KW 0
QSO: 1820 CW 2020-02-16 0320 N4RV 599 VA LY2NK 599 KW 0
QSO: 1836 CW 2020-02-16 0321 N4RV 599 VA DL3DXX 599 KW 0
QSO: 1828 CW 2020-02-16 0321 N4RV 599 VA DJ9DZ 599 500 0
QSO: 1827 CW 2020-02-16 0324 N4RV 599 VA FJ/W2RE 599 500 0
QSO: 1837 CW 2020-02-16 0325 N4RV 599 VA RW7K 599 KW 0
QSO: 1840 CW 2020-02-16 0325 N4RV 599 VA DL5YM 599 KW 0
QSO: 1833 CW 2020-02-16 0327 N4RV 599 VA LA3MHA 599 100 0
QSO: 1831 CW 2020-02-16 0329 N4RV 599 VA EA8BQM 599 100 0
QSO: 1813 CW 2020-02-16 0334 N4RV 599 VA S57AL 599 KW 0
QSO: 3505 CW 2020-02-16 0341 N4RV 599 VA 5H4WZ 599 500 0
QSO: 3557 CW 2020-02-16 0343 N4RV 599 VA HG5A 599 KW 0
QSO: 3512 CW 2020-02-16 0345 N4RV 599 VA 9Z4Y 599 100 0
QSO: 3524 CW 2020-02-16 0346 N4RV 599 VA UA5C 599 KW 0
QSO: 3556 CW 2020-02-16 0347 N4RV 599 VA UT5UIA 599 100 0
QSO: 3546 CW 2020-02-16 0347 N4RV 599 VA PA5KT 599 400 0
QSO: 3576 CW 2020-02-16 0348 N4RV 599 VA LZ6Y 599 KW 0
QSO: 3552 CW 2020-02-16 0348 N4RV 599 VA OG7A 599 KW 0
QSO: 3569 CW 2020-02-16 0349 N4RV 599 VA OM7AG 599 100 0
QSO: 3501 CW 2020-02-16 0350 N4RV 599 VA HB9AMO 599 KW 0
QSO: 3566 CW 2020-02-16 0350 N4RV 599 VA HA6NL 599 100 0
QSO: 3550 CW 2020-02-16 0351 N4RV 599 VA DL3DTH 599 500 0
QSO: 3501 CW 2020-02-16 0352 N4RV 599 VA DL3DXX 599 KW 0
QSO: 3517 CW 2020-02-16 0352 N4RV 599 VA HC5DX 599 K 0
QSO: 3557 CW 2020-02-16 0353 N4RV 599 VA UV5U 599 KW 0
QSO: 3553 CW 2020-02-16 0353 N4RV 599 VA SM0GNU 599 100 0
QSO: 3514 CW 2020-02-16 0354 N4RV 599 VA F5IN 599 KW 0
QSO: 3566 CW 2020-02-16 0355 N4RV 599 VA YU6DX 599 100 0
QSO: 3530 CW 2020-02-16 0356 N4RV 599 VA UZ3A 599 100 0
QSO: 3526 CW 2020-02-16 0356 N4RV 599 VA LA7GIA 599 KW 0
QSO: 3529 CW 2020-02-16 0357 N4RV 599 VA UW1M 599 KW 0
QSO: 3554 CW 2020-02-16 0358 N4RV 599 VA EU1A 599 KW 0
QSO: 3540 CW 2020-02-16 0358 N4RV 599 VA 4U1A 599 100 0
QSO: 3541 CW 2020-02-16 0359 N4RV 599 VA OL5Y 599 100 0
QSO: 3545 CW 2020-02-16 0400 N4RV 599 VA OH3JF 599 KW 0
QSO: 3545 CW 2020-02-16 0403 N4RV 599 VA OR3A 599 KW 0
QSO: 3537 CW 2020-02-16 0403 N4RV 599 VA 9A5Y 599 KW 0
QSO: 3566 CW 2020-02-16 0405 N4RV 599 VA US1VM 599 200 0
QSO: 3560 CW 2020-02-16 0405 N4RV 599 VA EA8BQM 599 100 0
QSO: 3555 CW 2020-02-16 0406 N4RV 599 VA YO9HP 599 KW 0
QSO: 3551 CW 2020-02-16 0407 N4RV 599 VA HB9ARF 599 100 0
QSO: 3517 CW 2020-02-16 0409 N4RV 599 VA IT9MUO 599 500 0
QSO: 3561 CW 2020-02-16 0410 N4RV 599 VA SC3A 599 KW 0
QSO: 3565 CW 2020-02-16 0412 N4RV 599 VA DL7URH 599 700 0
QSO: 1829 CW 2020-02-16 0415 N4RV 599 VA LA7GIA 599 KW 0
QSO: 1821 CW 2020-02-16 0417 N4RV 599 VA OK1CF 599 200 0
QSO: 1828 CW 2020-02-16 0417 N4RV 599 VA GM3YEH 599 400 0
QSO: 1848 CW 2020-02-16 0418 N4RV 599 VA E7CW 599 150 0
QSO: 1833 CW 2020-02-16 0419 N4RV 599 VA HG5D 599 KW 0
QSO: 1848 CW 2020-02-16 0420 N4RV 599 VA OM7JG 599 750 0
QSO: 1817 CW 2020-02-16 0421 N4RV 599 VA OK1HFP 599 300 0
QSO: 1837 CW 2020-02-16 0422 N4RV 599 VA MU2K 599 100 0
QSO: 1829 CW 2020-02-16 0424 N4RV 599 VA DD1A 599 KW 0
QSO: 1857 CW 2020-02-16 0427 N4RV 599 VA S54X 599 KW 0
QSO: 1850 CW 2020-02-16 0428 N4RV 599 VA DL1QQ 599 KW 0
QSO: 1819 CW 2020-02-16 0430 N4RV 599 VA OK3X 599 KW 0
QSO: 1846 CW 2020-02-16 0431 N4RV 599 VA US8UA 599 100 0
QSO: 1838 CW 2020-02-16 0433 N4RV 599 VA ON6NL 599 KW 0
QSO: 1822 CW 2020-02-16 0434 N4RV 599 VA SP6AEG 599 500 0
QSO: 1818 CW 2020-02-16 0435 N4RV 599 VA SK0QO 599 KW 0
QSO: 1826 CW 2020-02-16 0437 N4RV 599 VA DK9IP 599 150 0
QSO: 1831 CW 2020-02-16 0445 N4RV 599 VA IK2AOO 599 KW 0
QSO: 7014 CW 2020-02-16 0448 N4RV 599 VA YT9A 599 KW 0
QSO: 7021 CW 2020-02-16 0449 N4RV 599 VA IT9MUO 599 500 0
QSO: 7063 CW 2020-02-16 0450 N4RV 599 VA LZ5QZ 599 400 0
QSO: 7027 CW 2020-02-16 0450 N4RV 599 VA F5OHM 599 KW 0
QSO: 7020 CW 2020-02-16 0451 N4RV 599 VA S57DX 599 KW 0
QSO: 7014 CW 2020-02-16 0451 N4RV 599 VA Z33B 599 500 0
QSO: 7008 CW 2020-02-16 0452 N4RV 599 VA RU6K 599 K 0
QSO: 7017 CW 2020-02-16 0452 N4RV 599 VA UV5U 599 KW 0
QSO: 7004 CW 2020-02-16 0454 N4RV 599 VA HG4I 599 500 0
QSO: 7039 CW 2020-02-16 0454 N4RV 599 VA UA4HTT 599 K 0
QSO: 7015 CW 2020-02-16 0454 N4RV 599 VA DA0DOM 599 500 0
QSO: 7029 CW 2020-02-16 0455 N4RV 599 VA OK3X 599 KW 0
QSO: 7026 CW 2020-02-16 0455 N4RV 599 VA RM2U 599 KW 0
QSO: 7038 CW 2020-02-16 0456 N4RV 599 VA SV1ENG 599 300 0
QSO: 7024 CW 2020-02-16 0456 N4RV 599 VA UA4W 599 KW 0
QSO: 7062 CW 2020-02-16 0457 N4RV 599 VA PY2KJ 599 K 0
QSO: 7022 CW 2020-02-16 0458 N4RV 599 VA LZ1BP 599 100 0
QSO: 7023 CW 2020-02-16 0459 N4RV 599 VA HA5PP 599 KW 0
QSO: 7028 CW 2020-02-16 0459 N4RV 599 VA CX9AU 599 500 0
QSO: 7063 CW 2020-02-16 0506 N4RV 599 VA RY9C 599 KW 0
QSO: 7063 CW 2020-02-16 0507 N4RV 599 VA SP5XO 599 KW 0
QSO: 7063 CW 2020-02-16 0507 N4RV 599 VA UR7GO 599 200 0
QSO: 7063 CW 2020-02-16 0507 N4RV 599 VA 4X1ST 599 100 0
QSO: 7063 CW 2020-02-16 0508 N4RV 599 VA SI9AM 599 KW 0
QSO: 7063 CW 2020-02-16 0508 N4RV 599 VA SP9H 599 100 0
QSO: 7063 CW 2020-02-16 0511 N4RV 599 VA IU2IBU 599 500 0
QSO: 7063 CW 2020-02-16 0511 N4RV 599 VA LZ5N 599 500 0
QSO: 7063 CW 2020-02-16 0512 N4RV 599 VA R7KX 599 100 0
QSO: 7063 CW 2020-02-16 0513 N4RV 599 VA UA6HFI 599 100 0
QSO: 7063 CW 2020-02-16 0515 N4RV 599 VA DF2DR 599 100 0
QSO: 7063 CW 2020-02-16 0515 N4RV 599 VA RT4M 599 KW 0
QSO: 7063 CW 2020-02-16 0516 N4RV 599 VA DL1SO 599 100 0
QSO: 7063 CW 2020-02-16 0518 N4RV 599 VA RM8A 599 K 0
QSO: 7063 CW 2020-02-16 0519 N4RV 599 VA IK3ORD 599 500 0
QSO: 7063 CW 2020-02-16 0519 N4RV 599 VA R3OQ 599 KW 0
QSO: 7063 CW 2020-02-16 0519 N4RV 599 VA RV7C 599 KW 0
QSO: 7063 CW 2020-02-16 0520 N4RV 599 VA S53D 599 100 0
QSO: 7063 CW 2020-02-16 0520 N4RV 599 VA HB9DVZ 599 KW 0
QSO: 7063 CW 2020-02-16 0522 N4RV 599 VA LZ2RS 599 5 0
QSO: 7063 CW 2020-02-16 0522 N4RV 599 VA RC9F 599 KW 0
QSO: 7063 CW 2020-02-16 0524 N4RV 599 VA LZ3FN 599 K 0
QSO: 7063 CW 2020-02-16 0524 N4RV 599 VA HA2EOU 599 100 0
QSO: 7063 CW 2020-02-16 0526 N4RV 599 VA HA2NA 599 KW 0
QSO: 7063 CW 2020-02-16 0527 N4RV 599 VA DL8HK 599 100 0
QSO: 7063 CW 2020-02-16 0528 N4RV 599 VA OK2CQR 599 100 0
QSO: 7063 CW 2020-02-16 0528 N4RV 599 VA UA6LCN 599 KW 0
QSO: 7063 CW 2020-02-16 0531 N4RV 599 VA DJ4MH 599 100 0
QSO: 7063 CW 2020-02-16 0531 N4RV 599 VA EA4IL 599 100 0
QSO: 7063 CW 2020-02-16 0532 N4RV 599 VA DL3KUD 599 100 0
QSO: 7063 CW 2020-02-16 0532 N4RV 599 VA G4PVM 599 100 0
QSO: 7063 CW 2020-02-16 0532 N4RV 599 VA RA3Y 599 100 0
QSO: 7063 CW 2020-02-16 0533 N4RV 599 VA YO2MJZ 599 100 0
QSO: 7063 CW 2020-02-16 0533 N4RV 599 VA HA3NU 599 KW 0
QSO: 7063 CW 2020-02-16 0534 N4RV 599 VA DK1AX 599 600 0
QSO: 7063 CW 2020-02-16 0534 N4RV 599 VA DL2LDE 599 150 0
QSO: 7063 CW 2020-02-16 0535 N4RV 599 VA YO5AVN 599 100 0
QSO: 7063 CW 2020-02-16 0535 N4RV 599 VA YL7X 599 KW 0
QSO: 7063 CW 2020-02-16 0537 N4RV 599 VA UT5ECZ 599 200 0
QSO: 7063 CW 2020-02-16 0538 N4RV 599 VA LZ1VQ 599 100 0
QSO: 7063 CW 2020-02-16 0538 N4RV 599 VA RL4A 599 KW 0
QSO: 7063 CW 2020-02-16 0539 N4RV 599 VA ZS1C 599 KW 0
QSO: 7063 CW 2020-02-16 0540 N4RV 599 VA DL6JZ 599 100 0
QSO: 7063 CW 2020-02-16 0540 N4RV 599 VA ON6NL 599 KW 0
QSO: 7063 CW 2020-02-16 0541 N4RV 599 VA HA6NW 599 100 0
QSO: 7063 CW 2020-02-16 0542 N4RV 599 VA UT5UIA 599 100 0
QSO: 7063 CW 2020-02-16 0542 N4RV 599 VA YO7ARZ 599 100 0
QSO: 7063 CW 2020-02-16 0543 N4RV 599 VA TA4SO 599 100 0
QSO: 7063 CW 2020-02-16 0543 N4RV 599 VA EA5D 599 100 0
QSO: 7063 CW 2020-02-16 0544 N4RV 599 VA LZ1QV 599 100 0
QSO: 7063 CW 2020-02-16 0544 N4RV 599 VA IZ3NVR 599 5 0
QSO: 7063 CW 2020-02-16 0545 N4RV 599 VA EN5V 599 100 0
QSO: 7063 CW 2020-02-16 0545 N4RV 599 VA DK7HA 599 5 0
QSO: 7063 CW 2020-02-16 0546 N4RV 599 VA OK2MBP 599 100 0
QSO: 7063 CW 2020-02-16 0547 N4RV 599 VA Z36Y 599 100 0
QSO: 7063 CW 2020-02-16 0547 N4RV 599 VA DF4TD/M 599 100 0
QSO: 7063 CW 2020-02-16 0548 N4RV 599 VA OE1SZW 599 100 0
QSO: 7063 CW 2020-02-16 0549 N4RV 599 VA RL5A 599 KW 0
QSO: 7063 CW 2020-02-16 0549 N4RV 599 VA HA7KRE 599 100 0
QSO: 7063 CW 2020-02-16 0549 N4RV 599 VA EA5/RV2A 599 100 0
QSO: 7063 CW 2020-02-16 0550 N4RV 599 VA UA3X 599 100 0
QSO: 7063 CW 2020-02-16 0551 N4RV 599 VA DF6LQ 599 100 0
QSO: 7063 CW 2020-02-16 0552 N4RV 599 VA PD1BHZ 599 100 0
QSO: 7063 CW 2020-02-16 0554 N4RV 599 VA DJ7UC 599 100 0
QSO: 7063 CW 2020-02-16 0554 N4RV 599 VA EV1R 599 KW 0
QSO: 7063 CW 2020-02-16 0555 N4RV 599 VA IU4FIT 599 500 0
QSO: 7063 CW 2020-02-16 0555 N4RV 599 VA RA6C 599 100 0
QSO: 7063 CW 2020-02-16 0555 N4RV 599 VA EU6O 599 100 0
QSO: 7063 CW 2020-02-16 0556 N4RV 599 VA I2MOV 599 100 0
QSO: 7063 CW 2020-02-16 0557 N4RV 599 VA PD7RF 599 100 0
QSO: 7063 CW 2020-02-16 0558 N4RV 599 VA DL5JAG 599 100 0
QSO: 7063 CW 2020-02-16 0559 N4RV 599 VA LY2AX 599 KW 0
QSO: 7063 CW 2020-02-16 0559 N4RV 599 VA HI3LT 599 99 0
QSO: 3543 CW 2020-02-16 0606 N4RV 599 VA FS/RW0CN 599 K 0
QSO: 3545 CW 2020-02-16 0608 N4RV 599 VA HA8FK 599 KW 0
QSO: 3505 CW 2020-02-16 0608 N4RV 599 VA S57DX 599 KW 0
QSO: 3555 CW 2020-02-16 0610 N4RV 599 VA F5NKX 599 100 0
QSO: 3545 CW 2020-02-16 0610 N4RV 599 VA GM4Z 599 400 0
QSO: 3560 CW 2020-02-16 0611 N4RV 599 VA LY4L 599 100 0
QSO: 3542 CW 2020-02-16 0611 N4RV 599 VA OE2S 599 KW 0
QSO: 3559 CW 2020-02-16 0611 N4RV 599 VA F6EPO 599 100 0
QSO: 3554 CW 2020-02-16 0612 N4RV 599 VA OK1OA 599 600 0
QSO: 3514 CW 2020-02-16 0612 N4RV 599 VA ON6NL 599 KW 0
QSO: 3526 CW 2020-02-16 0613 N4RV 599 VA IK5ZWU 599 300 0
QSO: 3525 CW 2020-02-16 0613 N4RV 599 VA LY9A 599 100 0
QSO: 3521 CW 2020-02-16 0614 N4RV 599 VA SP2GMA 599 100 0
QSO: 3516 CW 2020-02-16 0615 N4RV 599 VA OH9W 599 KW 0
QSO: 3548 CW 2020-02-16 0616 N4RV 599 VA HA4XH 599 KW 0
QSO: 3549 CW 2020-02-16 0617 N4RV 599 VA OK1CRM 599 KW 0
QSO: 3527 CW 2020-02-16 0618 N4RV 599 VA IO5P 599 500 0
QSO: 3552 CW 2020-02-16 0621 N4RV 599 VA EA6NP 599 400 0
QSO: 3565 CW 2020-02-16 0622 N4RV 599 VA DJ9AO 599 700 0
QSO: 3532 CW 2020-02-16 0623 N4RV 599 VA OG1N 599 KW 0
QSO: 3525 CW 2020-02-16 0623 N4RV 599 VA YT9A 599 KW 0
QSO: 3521 CW 2020-02-16 0624 N4RV 599 VA LZ1ZJ 599 KW 0
QSO: 3527 CW 2020-02-16 0625 N4RV 599 VA HB9DQL 599 500 0
QSO: 3542 CW 2020-02-16 0626 N4RV 599 VA M0HOM 599 300 0
QSO: 3543 CW 2020-02-16 0627 N4RV 599 VA OE9TXF 599 200 0
QSO: 3571 CW 2020-02-16 0628 N4RV 599 VA PC3T 599 100 0
QSO: 3513 CW 2020-02-16 0634 N4RV 599 VA HB9AUK 599 400 0
QSO: 3528 CW 2020-02-16 0635 N4RV 599 VA IZ2MGN 599 100 0
QSO: 3543 CW 2020-02-16 0638 N4RV 599 VA OK1PI 599 KW 0
QSO: 3527 CW 2020-02-16 0639 N4RV 599 VA PA3FQA 599 KW 0
QSO: 3549 CW 2020-02-16 0641 N4RV 599 VA OL0W 599 KW 0
QSO: 1827 CW 2020-02-16 0643 N4RV 599 VA GM4AFF 599 400 0
QSO: 1816 CW 2020-02-16 0643 N4RV 599 VA F5NTV 599 KW 0
QSO: 1815 CW 2020-02-16 0644 N4RV 599 VA CT1JGA 599 500 0
QSO: 1820 CW 2020-02-16 0646 N4RV 599 VA DJ3TF 599 500 0
QSO: 1829 CW 2020-02-16 0647 N4RV 599 VA EB5A 599 KW 0
QSO: 1836 CW 2020-02-16 0650 N4RV 599 VA DJ5AN 599 KW 0
QSO: 1823 CW 2020-02-16 0652 N4RV 599 VA ON4TTT 599 100 0
QSO: 21032 CW 2020-02-16 1413 N4RV 599 VA OK7PN 599 KW 0
QSO: 21027 CW 2020-02-16 1413 N4RV 599 VA SN7Q 599 KW 0
QSO: 21038 CW 2020-02-16 1414 N4RV 599 VA HG6N 599 K 0
QSO: 21017 CW 2020-02-16 1415 N4RV 599 VA S53A 599 KW 0
QSO: 21026 CW 2020-02-16 1416 N4RV 599 VA OM3BH 599 KW 0
QSO: 21013 CW 2020-02-16 1418 N4RV 599 VA M2G 599 400 0
QSO: 21036 CW 2020-02-16 1419 N4RV 599 VA HG7T 599 KW 0
QSO: 21011 CW 2020-02-16 1422 N4RV 599 VA HG1S 599 KW 0
QSO: 21012 CW 2020-02-16 1428 N4RV 599 VA HG5A 599 KW 0
QSO: 21009 CW 2020-02-16 1428 N4RV 599 VA 9A1A 599 KW 0
QSO: 21035 CW 2020-02-16 1431 N4RV 599 VA DL9EE 599 100 0
QSO: 21029 CW 2020-02-16 1432 N4RV 599 VA GM5X 599 400 0
QSO: 21030 CW 2020-02-16 1433 N4RV 599 VA LZ1ZJ 599 KW 0
QSO: 21030 CW 2020-02-16 1434 N4RV 599 VA LZ6E 599 KW 0
QSO: 21033 CW 2020-02-16 1435 N4RV 599 VA S53MM 599 KW 0
QSO: 21039 CW 2020-02-16 1437 N4RV 599 VA S57K 599 KW 0
QSO: 21035 CW 2020-02-16 1438 N4RV 599 VA 9A5Y 599 KW 0
QSO: 21035 CW 2020-02-16 1439 N4RV 599 VA HB9AZZ 599 KW 0
QSO: 21035 CW 2020-02-16 1440 N4RV 599 VA OK7PN 599 KW 0
QSO: 21035 CW 2020-02-16 1442 N4RV 599 VA F6AUS 599 KW 0
QSO: 21035 CW 2020-02-16 1442 N4RV 599 VA M0B 599 400 0
QSO: 21035 CW 2020-02-16 1444 N4RV 599 VA GM0OPS 599 100 0
QSO: 21035 CW 2020-02-16 1444 N4RV 599 VA DK9IP 599 150 0
QSO: 21035 CW 2020-02-16 1445 N4RV 599 VA PA0O 599 400 0
QSO: 21035 CW 2020-02-16 1446 N4RV 599 VA S52AU 599 KW 0
QSO: 21035 CW 2020-02-16 1446 N4RV 599 VA DL3AO 599 500 0
QSO: 21035 CW 2020-02-16 1447 N4RV 599 VA G4PVM 599 100 0
QSO: 21025 CW 2020-02-16 1449 N4RV 599 VA GW3YDX 599 400 0
QSO: 21039 CW 2020-02-16 1450 N4RV 599 VA LZ5R 599 KW 0
QSO: 21012 CW 2020-02-16 1450 N4RV 599 VA E7DX 599 K 0
QSO: 21029 CW 2020-02-16 1451 N4RV 599 VA MU2K 599 100 0
QSO: 21046 CW 2020-02-16 1452 N4RV 599 VA HA3NU 599 KW 0
QSO: 21045 CW 2020-02-16 1453 N4RV 599 VA IB3N 599 500 0
QSO: 21040 CW 2020-02-16 1454 N4RV 599 VA G8X 599 100 0
QSO: 21036 CW 2020-02-16 1455 N4RV 599 VA E74O 599 100 0
QSO: 21019 CW 2020-02-16 1457 N4RV 599 VA 4X6FR 599 KW 0
QSO: 21006 CW 2020-02-16 1458 N4RV 599 VA F5VV 599 100 0
QSO: 21006 CW 2020-02-16 1458 N4RV 599 VA S57AW 599 KW 0
QSO: 21006 CW 2020-02-16 1459 N4RV 599 VA M2A 599 400 0
QSO: 21006 CW 2020-02-16 1459 N4RV 599 VA S57NAW 599 100 0
QSO: 21006 CW 2020-02-16 1459 N4RV 599 VA HG8C 599 100 0
QSO: 21006 CW 2020-02-16 1500 N4RV 599 VA G0TSM 599 400 0
QSO: 21006 CW 2020-02-16 1501 N4RV 599 VA S53M 599 KW 0
QSO: 21026 CW 2020-02-16 1510 N4RV 599 VA E7CW 599 150 0
QSO: 21021 CW 2020-02-16 1511 N4RV 599 VA F5SQM 599 KW 0
QSO: 21021 CW 2020-02-16 1513 N4RV 599 VA HV0A 599 500 0
QSO: 21012 CW 2020-02-16 1516 N4RV 599 VA OR3A 599 KW 0
QSO: 21023 CW 2020-02-16 1517 N4RV 599 VA IK5ZWU 599 300 0
QSO: 21021 CW 2020-02-16 1521 N4RV 599 VA EF1A 599 K 0
QSO: 21021 CW 2020-02-16 1522 N4RV 599 VA HA5PP 599 KW 0
QSO: 21021 CW 2020-02-16 1523 N4RV 599 VA G3KMG 599 400 0
QSO: 21021 CW 2020-02-16 1524 N4RV 599 VA M6T 599 400 0
QSO: 21021 CW 2020-02-16 1525 N4RV 599 VA IK0FUX 599 KW 0
QSO: 21037 CW 2020-02-16 1528 N4RV 599 VA IR4Y 599 150 0
QSO: 14089 CW 2020-02-16 1531 N4RV 599 VA TA4PR 599 100 0
QSO: 14120 CW 2020-02-16 1532 N4RV 599 VA FG8NY 599 100 0
QSO: 14024 CW 2020-02-16 1533 N4RV 599 VA Z35Y 599 500 0
QSO: 14031 CW 2020-02-16 1535 N4RV 599 VA OA4SS 599 KW 0
QSO: 14074 CW 2020-02-16 1536 N4RV 599 VA FJ/W2RE 599 500 0
QSO: 14078 CW 2020-02-16 1539 N4RV 599 VA DL6ZB 599 100 0
QSO: 14078 CW 2020-02-16 1539 N4RV 599 VA IK2XDE 599 500 0
QSO: 14078 CW 2020-02-16 1540 N4RV 599 VA P44W 599 KW 0
QSO: 14078 CW 2020-02-16 1540 N4RV 599 VA YL2VW 599 KW 0
QSO: 14078 CW 2020-02-16 1541 N4RV 599 VA F8KLY 599 100 0
QSO: 14078 CW 2020-02-16 1541 N4RV 599 VA OK1JDJ 599 100 0
QSO: 14078 CW 2020-02-16 1542 N4RV 599 VA LY2PX 599 200 0
QSO: 14078 CW 2020-02-16 1542 N4RV 599 VA OG6N 599 KW 0
QSO: 14078 CW 2020-02-16 1543 N4RV 599 VA DL9EE 599 100 0
QSO: 14078 CW 2020-02-16 1543 N4RV 599 VA UY1HY 599 KW 0
QSO: 14078 CW 2020-02-16 1544 N4RV 599 VA LY4BF 599 100 0
QSO: 14078 CW 2020-02-16 1544 N4RV 599 VA DK5TX 599 100 0
QSO: 14078 CW 2020-02-16 1544 N4RV 599 VA SP4W 599 500 0
QSO: 14078 CW 2020-02-16 1545 N4RV 599 VA UV5U 599 KW 0
QSO: 14078 CW 2020-02-16 1545 N4RV 599 VA RD4F 599 KW 0
QSO: 14078 CW 2020-02-16 1545 N4RV 599 VA IK8UND 599 500 0
QSO: 14078 CW 2020-02-16 1546 N4RV 599 VA OM3CPF 599 200 0
QSO: 14078 CW 2020-02-16 1547 N4RV 599 VA EB5A 599 KW 0
QSO: 14078 CW 2020-02-16 1548 N4RV 599 VA OK6Y 599 100 0
QSO: 14078 CW 2020-02-16 1549 N4RV 599 VA SM7PEV 599 KW 0
QSO: 14078 CW 2020-02-16 1550 N4RV 599 VA DJ9DZ 599 500 0
QSO: 14078 CW 2020-02-16 1550 N4RV 599 VA EW2A 599 KW 0
QSO: 14078 CW 2020-02-16 1550 N4RV 599 VA OH6RE 599 KW 0
QSO: 14078 CW 2020-02-16 1551 N4RV 599 VA OK2HBY 599 100 0
QSO: 14078 CW 2020-02-16 1551 N4RV 599 VA OZ8AE 599 300 0
QSO: 14078 CW 2020-02-16 1551 N4RV 599 VA R5AJ 599 K 0
QSO: 14078 CW 2020-02-16 1552 N4RV 599 VA UY7C 599 100 0
QSO: 14078 CW 2020-02-16 1552 N4RV 599 VA G2W 599 100 0
QSO: 14078 CW 2020-02-16 1552 N4RV 599 VA YT4W 599 KW 0
QSO: 14078 CW 2020-02-16 1553 N4RV 599 VA G7C 599 100 0
QSO: 14078 CW 2020-02-16 1553 N4RV 599 VA IK1RGK 599 100 0
QSO: 14078 CW 2020-02-16 1553 N4RV 599 VA DJ9MH 599 80 0
QSO: 14078 CW 2020-02-16 1554 N4RV 599 VA RN2FQ 599 100 0
QSO: 14078 CW 2020-02-16 1555 N4RV 599 VA DG0KS 599 200 0
QSO: 14078 CW 2020-02-16 1555 N4RV 599 VA RA5G 599 KW 0
QSO: 14078 CW 2020-02-16 1555 N4RV 599 VA HA6NW 599 100 0
QSO: 14078 CW 2020-02-16 1556 N4RV 599 VA SP8ARY 599 100 0
QSO: 14078 CW 2020-02-16 1556 N4RV 599 VA SO90PZK 599 KW 0
QSO: 14078 CW 2020-02-16 1557 N4RV 599 VA EU1DX 599 500 0
QSO: 14078 CW 2020-02-16 1557 N4RV 599 VA DK9ZQ 599 100 0
QSO: 14078 CW 2020-02-16 1557 N4RV 599 VA UY2RA 599 KW 0
QSO: 14078 CW 2020-02-16 1557 N4RV 599 VA DL5XJ 599 KW 0
QSO: 14078 CW 2020-02-16 1558 N4RV 599 VA DL3LJ 599 100 0
QSO: 14078 CW 2020-02-16 1558 N4RV 599 VA OM5WW 599 100 0
QSO: 14078 CW 2020-02-16 1558 N4RV 599 VA LA9OI 599 700 0
QSO: 14078 CW 2020-02-16 1559 N4RV 599 VA PA1T 599 KW 0
QSO: 14078 CW 2020-02-16 1600 N4RV 599 VA IZ2FLX 599 100 0
QSO: 14078 CW 2020-02-16 1600 N4RV 599 VA EU1AI 599 100 0
QSO: 14078 CW 2020-02-16 1600 N4RV 599 VA IR6T 599 500 0
QSO: 14078 CW 2020-02-16 1601 N4RV 599 VA YO7NE 599 100 0
QSO: 14078 CW 2020-02-16 1601 N4RV 599 VA EW6W 599 100 0
QSO: 14078 CW 2020-02-16 1602 N4RV 599 VA G4FVK 599 100 0
QSO: 14078 CW 2020-02-16 1602 N4RV 599 VA DL1NEO 599 100 0
QSO: 14078 CW 2020-02-16 1602 N4RV 599 VA G7VTU 599 100 0
QSO: 21042 CW 2020-02-16 1604 N4RV 599 VA HH2AA 599 100 0
QSO: 21038 CW 2020-02-16 1605 N4RV 599 VA CO6RD 599 100 0
QSO: 21022 CW 2020-02-16 1607 N4RV 599 VA VP9I 599 100 0
QSO: 21010 CW 2020-02-16 1608 N4RV 599 VA VP5K 599 500 0
QSO: 21025 CW 2020-02-16 1610 N4RV 599 VA 6F3A 599 100 0
QSO: 21036 CW 2020-02-16 1610 N4RV 599 VA HI0LT 599 100 0
QSO: 28029 CW 2020-02-16 1612 N4RV 599 VA KP3DX 599 500 0
QSO: 28030 CW 2020-02-16 1613 N4RV 599 VA HH2AA 599 100 0
QSO: 28042 CW 2020-02-16 1616 N4RV 599 VA 8P5A 599 K 0
QSO: 28033 CW 2020-02-16 1622 N4RV 599 VA VP2MSS 599 K 0
QSO: 28035 CW 2020-02-16 1624 N4RV 599 VA V26M 599 K 0
QSO: 21021 CW 2020-02-16 1630 N4RV 599 VA V3O 599 500 0
QSO: 21018 CW 2020-02-16 1630 N4RV 599 VA DL5AXX 599 500 0
QSO: 28039 CW 2020-02-16 1644 N4RV 599 VA VP5K 599 500 0
QSO: 14011 CW 2020-02-16 1647 N4RV 599 VA GD4EIP 599 200 0
QSO: 14014 CW 2020-02-16 1649 N4RV 599 VA GM5CX 599 400 0
QSO: 14067 CW 2020-02-16 1650 N4RV 599 VA EA4TX 599 KW 0
QSO: 14064 CW 2020-02-16 1651 N4RV 599 VA OH8WW 599 KW 0
QSO: 14063 CW 2020-02-16 1652 N4RV 599 VA HA3NU 599 KW 0
QSO: 14104 CW 2020-02-16 1655 N4RV 599 VA DK6WL 599 KW 0
QSO: 28025 CW 2020-02-16 1657 N4RV 599 VA XF3A 599 100 0
QSO: 28035 CW 2020-02-16 1659 N4RV 599 VA V3T 599 99 0
QSO: 28026 CW 2020-02-16 1659 N4RV 599 VA PJ4A 599 K 0
QSO: 28030 CW 2020-02-16 1702 N4RV 599 VA CE2LR 599 KW 0
QSO: 28012 CW 2020-02-16 1703 N4RV 599 VA ZF1A 599 KW 0
QSO: 28034 CW 2020-02-16 1707 N4RV 599 VA TI7W 599 K 0
QSO: 21056 CW 2020-02-16 1712 N4RV 599 VA PY1VOY 599 KW 0
QSO: 21025 CW 2020-02-16 1715 N4RV 599 VA 9Z4Y 599 100 0
QSO: 28036 CW 2020-02-16 1718 N4RV 599 VA HI0LT 599 100 0
QSO: 28028 CW 2020-02-16 1718 N4RV 599 VA ZF5T 599 100 0
QSO: 28020 CW 2020-02-16 1723 N4RV 599 VA PJ2T 599 K 0
QSO: 21028 CW 2020-02-16 1725 N4RV 599 VA PS2T 599 KW 0
QSO: 21039 CW 2020-02-16 1726 N4RV 599 VA OA4SS 599 KW 0
QSO: 21046 CW 2020-02-16 1727 N4RV 599 VA PY5ZHP 599 KW 0
QSO: 14107 CW 2020-02-16 1729 N4RV 599 VA IK1JJM 599 100 0
QSO: 14105 CW 2020-02-16 1730 N4RV 599 VA IK2SND 599 500 0
QSO: 14105 CW 2020-02-16 1730 N4RV 599 VA EA7TG 599 KW 0
QSO: 14102 CW 2020-02-16 1731 N4RV 599 VA EA1WX 599 KW 0
QSO: 14102 CW 2020-02-16 1731 N4RV 599 VA DL0MFL 599 500 0
QSO: 14102 CW 2020-02-16 1732 N4RV 599 VA HB9AUK 599 400 0
QSO: 14102 CW 2020-02-16 1732 N4RV 599 VA YT2AAA 599 KW 0
QSO: 14102 CW 2020-02-16 1733 N4RV 599 VA PB5DX 599 400 0
QSO: 14102 CW 2020-02-16 1733 N4RV 599 VA G3RLE 599 100 0
QSO: 14102 CW 2020-02-16 1733 N4RV 599 VA G0MTN 599 200 0
QSO: 14102 CW 2020-02-16 1734 N4RV 599 VA DL3DW 599 500 0
QSO: 14102 CW 2020-02-16 1734 N4RV 599 VA DL2FQ 599 100 0
QSO: 14102 CW 2020-02-16 1735 N4RV 599 VA DF7JC 599 100 0
QSO: 14102 CW 2020-02-16 1735 N4RV 599 VA DK7HA 599 5 0
QSO: 14102 CW 2020-02-16 1735 N4RV 599 VA DK2OY 599 500 0
QSO: 14102 CW 2020-02-16 1736 N4RV 599 VA DL8CA 599 400 0
QSO: 14102 CW 2020-02-16 1736 N4RV 599 VA PB7Z 599 400 0
QSO: 14102 CW 2020-02-16 1736 N4RV 599 VA EA1CS 599 100 0
QSO: 14102 CW 2020-02-16 1737 N4RV 599 VA RW7K 599 KW 0
QSO: 14102 CW 2020-02-16 1738 N4RV 599 VA YL7X 599 KW 0
QSO: 14008 CW 2020-02-16 1748 N4RV 599 VA CR3EE 599 99 0
QSO: 14026 CW 2020-02-16 1748 N4RV 599 VA CR3DX 599 KW 0
QSO: 14083 CW 2020-02-16 1748 N4RV 599 VA OG1D 599 KW 0
QSO: 14067 CW 2020-02-16 1749 N4RV 599 VA DL5KUT 599 500 0
QSO: 14100 CW 2020-02-16 1749 N4RV 599 VA F6AUS 599 KW 0
QSO: 14021 CW 2020-02-16 1750 N4RV 599 VA IR4E 599 500 0
QSO: 14052 CW 2020-02-16 1750 N4RV 599 VA M2A 599 400 0
QSO: 14029 CW 2020-02-16 1751 N4RV 599 VA ON7TK 599 KW 0
QSO: 14062 CW 2020-02-16 1751 N4RV 599 VA DL2SAX 599 KW 0
QSO: 14053 CW 2020-02-16 1751 N4RV 599 VA OH3Z 599 KW 0
QSO: 14040 CW 2020-02-16 1752 N4RV 599 VA ED8W 599 W 0
QSO: 14011 CW 2020-02-16 1752 N4RV 599 VA EA4OR 599 KW 0
QSO: 14041 CW 2020-02-16 1753 N4RV 599 VA CR5E 599 KW 0
QSO: 14021 CW 2020-02-16 1755 N4RV 599 VA M0BPQ 599 400 0
QSO: 14024 CW 2020-02-16 1755 N4RV 599 VA DK9IP 599 150 0
QSO: 14042 CW 2020-02-16 1756 N4RV 599 VA PA3DBS 599 100 0
QSO: 14019 CW 2020-02-16 1757 N4RV 599 VA F5NZY 599 500 0
QSO: 14044 CW 2020-02-16 1757 N4RV 599 VA EA6NP 599 400 0
QSO: 14029 CW 2020-02-16 1758 N4RV 599 VA LA3MHA 599 100 0
QSO: 14024 CW 2020-02-16 1759 N4RV 599 VA EA4GOY 599 100 0
QSO: 14058 CW 2020-02-16 1800 N4RV 599 VA EA5BY 599 KW 0
QSO: 28024 CW 2020-02-16 1803 N4RV 599 VA CX2BR 599 K 0
QSO: 28032 CW 2020-02-16 1805 N4RV 599 VA P44W 599 KW 0
QSO: 28004 CW 2020-02-16 1806 N4RV 599 VA LW3DC 599 100 0
QSO: 28016 CW 2020-02-16 1808 N4RV 599 VA PY3DX 599 KW 0
QSO: 28017 CW 2020-02-16 1808 N4RV 599 VA LU8DZJ 599 300 0
QSO: 28018 CW 2020-02-16 1809 N4RV 599 VA HH2AA 599 100 0
QSO: 21016 CW 2020-02-16 1814 N4RV 599 VA KP4/W2HUV 599 500 0
QSO: 21020 CW 2020-02-16 1814 N4RV 599 VA PP1CZ 599 100 0
QSO: 21027 CW 2020-02-16 1815 N4RV 599 VA PT9AL 599 KW 0
QSO: 21013 CW 2020-02-16 1817 N4RV 599 VA LN8W 599 KW 0
QSO: 21036 CW 2020-02-16 1820 N4RV 599 VA V3T 599 99 0
QSO: 21032 CW 2020-02-16 1826 N4RV 599 VA FJ/W2RE 599 500 0
QSO: 21037 CW 2020-02-16 1828 N4RV 599 VA FG8NY 599 100 0
QSO: 28034 CW 2020-02-16 1835 N4RV 599 VA PY5AMF 599 K 0
QSO: 28031 CW 2020-02-16 1838 N4RV 599 VA PY1NX 599 KW 0
QSO: 28014 CW 2020-02-16 1841 N4RV 599 VA P40L 599 KW 0
QSO: 21046 CW 2020-02-16 1843 N4RV 599 VA LW3DC 599 100 0
QSO: 21021 CW 2020-02-16 1843 N4RV 599 VA CO8LY 599 5 0
QSO: 21012 CW 2020-02-16 1844 N4RV 599 VA KP2/ND3F 599 100 0
QSO: 21047 CW 2020-02-16 1845 N4RV 599 VA PR4C 599 100 0
QSO: 21019 CW 2020-02-16 1846 N4RV 599 VA LU4XAP 599 100 0
QSO: 21007 CW 2020-02-16 1851 N4RV 599 VA CR3EE 599 99 0
QSO: 14028 CW 2020-02-16 1859 N4RV 599 VA TF3Y 599 500 0
QSO: 14001 CW 2020-02-16 1859 N4RV 599 VA DL4NAC 599 KW 0
QSO: 14030 CW 2020-02-16 1900 N4RV 599 VA 9A5X 599 KW 0
QSO: 14007 CW 2020-02-16 1901 N4RV 599 VA YL3FT 599 KW 0
QSO: 14128 CW 2020-02-16 1901 N4RV 599 VA EA8BQM 599 100 0
QSO: 14023 CW 2020-02-16 1904 N4RV 599 VA EA8DHV 599 500 0
QSO: 14042 CW 2020-02-16 1904 N4RV 599 VA PA5KT 599 400 0
QSO: 14058 CW 2020-02-16 1905 N4RV 599 VA EA8CN 599 100 0
QSO: 14056 CW 2020-02-16 1906 N4RV 599 VA DK8ZZ 599 500 0
QSO: 14047 CW 2020-02-16 1906 N4RV 599 VA G4BUO 599 400 0
QSO: 14049 CW 2020-02-16 1907 N4RV 599 VA SM2CEW 599 KW 0
QSO: 14018 CW 2020-02-16 1909 N4RV 599 VA PA0O 599 400 0
QSO: 14068 CW 2020-02-16 1910 N4RV 599 VA EU1A 599 KW 0
QSO: 14039 CW 2020-02-16 1912 N4RV 599 VA OH2PQ 599 KW 0
QSO: 14001 CW 2020-02-16 1914 N4RV 599 VA 5H4WZ 599 500 0
QSO: 14030 CW 2020-02-16 1915 N4RV 599 VA CT7AGZ 599 100 0
QSO: 14035 CW 2020-02-16 1915 N4RV 599 VA LY5W 599 KW 0
QSO: 14038 CW 2020-02-16 1919 N4RV 599 VA XE2B 599 100 0
QSO: 14022 CW 2020-02-16 1920 N4RV 599 VA S53A 599 KW 0
QSO: 14019 CW 2020-02-16 1921 N4RV 599 VA HA9RT 599 KW 0
QSO: 14039 CW 2020-02-16 1921 N4RV 599 VA ED8M 599 KW 0
QSO: 14005 CW 2020-02-16 1923 N4RV 599 VA R3FA 599 1K 0
QSO: 14044 CW 2020-02-16 1924 N4RV 599 VA SM2EKM 599 KW 0
QSO: 14013 CW 2020-02-16 1924 N4RV 599 VA DL5JQ 599 400 0
QSO: 7023 CW 2020-02-16 1932 N4RV 599 VA 9A7T 599 100 0
QSO: 7008 CW 2020-02-16 1933 N4RV 599 VA OT4A 599 KW 0
QSO: 7016 CW 2020-02-16 1934 N4RV 599 VA DK1NO 599 KW 0
QSO: 7022 CW 2020-02-16 1937 N4RV 599 VA LA6VM 599 KW 0
QSO: 7032 CW 2020-02-16 1938 N4RV 599 VA OZ3SM 599 600 0
QSO: 7003 CW 2020-02-16 1939 N4RV 599 VA EA5BY 599 KW 0
QSO: 7001 CW 2020-02-16 1941 N4RV 599 VA OG7A 599 KW 0
QSO: 7035 CW 2020-02-16 1943 N4RV 599 VA S57WJ 599 700 0
QSO: 7006 CW 2020-02-16 1946 N4RV 599 VA DH1NBE 599 700 0
QSO: 7010 CW 2020-02-16 1946 N4RV 599 VA HB9FKK 599 700 0
QSO: 14063 CW 2020-02-16 1950 N4RV 599 VA DL1WA 599 KW 0
QSO: 14014 CW 2020-02-16 1951 N4RV 599 VA OT7M 599 KW 0
QSO: 14015 CW 2020-02-16 1952 N4RV 599 VA S57AL 599 KW 0
QSO: 14005 CW 2020-02-16 1955 N4RV 599 VA II2S 599 500 0
QSO: 14045 CW 2020-02-16 1955 N4RV 599 VA SM3EVR 599 KW 0
QSO: 14020 CW 2020-02-16 1957 N4RV 599 VA KH6TU 599 KW 0
QSO: 14038 CW 2020-02-16 1957 N4RV 599 VA KH6/N6DA 599 KW 0
QSO: 14042 CW 2020-02-16 2000 N4RV 599 VA KP2/ND3F 599 100 0
QSO: 14026 CW 2020-02-16 2000 N4RV 599 VA PS2T 599 KW 0
QSO: 14036 CW 2020-02-16 2001 N4RV 599 VA CX2BR 599 K 0
QSO: 14010 CW 2020-02-16 2003 N4RV 599 VA TI2OY 599 100 0
QSO: 14065 CW 2020-02-16 2004 N4RV 599 VA LW1D 599 100 0
QSO: 14072 CW 2020-02-16 2004 N4RV 599 VA PY1NX 599 KW 0
QSO: 14014 CW 2020-02-16 2005 N4RV 599 VA PY5AMF 599 K 0
QSO: 14063 CW 2020-02-16 2007 N4RV 599 VA PT2AW 599 KW 0
QSO: 14016 CW 2020-02-16 2008 N4RV 599 VA YV6BXN 599 100 0
QSO: 14061 CW 2020-02-16 2009 N4RV 599 VA KH6CJJ 599 150 0
QSO: 14029 CW 2020-02-16 2011 N4RV 599 VA ZM1A 599 KW 0
QSO: 14044 CW 2020-02-16 2011 N4RV 599 VA KH6/W0ZT 599 100 0
QSO: 14031 CW 2020-02-16 2013 N4RV 599 VA ZL1T 599 KW 0
QSO: 14055 CW 2020-02-16 2013 N4RV 599 VA ZL3X 599 KW 0
QSO: 14022 CW 2020-02-16 2014 N4RV 599 VA I2WIJ 599 500 0
QSO: 14043 CW 2020-02-16 2015 N4RV 599 VA DJ2QV 599 KW 0
QSO: 14063 CW 2020-02-16 2017 N4RV 599 VA G3SVK 599 100 0
QSO: 14032 CW 2020-02-16 2018 N4RV 599 VA IK4DCX 599 100 0
QSO: 14053 CW 2020-02-16 2018 N4RV 599 VA 9A2AJ 599 KW 0
QSO: 14054 CW 2020-02-16 2020 N4RV 599 VA 9A1TT 599 KW 0
QSO: 14028 CW 2020-02-16 2021 N4RV 599 VA TM5DX 599 100 0
QSO: 14030 CW 2020-02-16 2022 N4RV 599 VA EF1A 599 K 0
QSO: 14006 CW 2020-02-16 2022 N4RV 599 VA OH2XX 599 KW 0
QSO: 14025 CW 2020-02-16 2023 N4RV 599 VA S53K 599 KW 0
QSO: 14011 CW 2020-02-16 2026 N4RV 599 VA VE3VM/HR9 599 100 0
QSO: 14040 CW 2020-02-16 2027 N4RV 599 VA ZX2V 599 100 0
QSO: 14047 CW 2020-02-16 2028 N4RV 599 VA PY2NY 599 K 0
QSO: 14017 CW 2020-02-16 2030 N4RV 599 VA PY7RP 599 100 0
QSO: 14059 CW 2020-02-16 2030 N4RV 599 VA NP2P 599 K 0
QSO: 14048 CW 2020-02-16 2031 N4RV 599 VA CB3R 599 100 0
QSO: 14003 CW 2020-02-16 2031 N4RV 599 VA PP1CZ 599 100 0
QSO: 14037 CW 2020-02-16 2033 N4RV 599 VA V4/K3VX 599 100 0
QSO: 21042 CW 2020-02-16 2038 N4RV 599 VA VK4CT 599 400 0
QSO: 21031 CW 2020-02-16 2039 N4RV 599 VA KH6/N6DA 599 KW 0
QSO: 21025 CW 2020-02-16 2044 N4RV 599 VA PY2EX 599 KW 0
QSO: 21053 CW 2020-02-16 2044 N4RV 599 VA NP4DX 599 100 0
QSO: 21021 CW 2020-02-16 2045 N4RV 599 VA CX9AU 599 500 0
QSO: 21001 CW 2020-02-16 2045 N4RV 599 VA P44W 599 KW 0
QSO: 21043 CW 2020-02-16 2046 N4RV 599 VA XR2K 599 99 0
QSO: 21065 CW 2020-02-16 2047 N4RV 599 VA HK6J 599 500 0
QSO: 21031 CW 2020-02-16 2049 N4RV 599 VA 4A7S 599 KW 0
QSO: 21012 CW 2020-02-16 2050 N4RV 599 VA 3G3W 599 100 0
QSO: 21045 CW 2020-02-16 2051 N4RV 599 VA LU3VED 599 100 0
QSO: 21015 CW 2020-02-16 2052 N4RV 599 VA LU6FLZ 599 100 0
QSO: 7053 CW 2020-02-16 2054 N4RV 599 VA IK1RQQ 599 100 0
QSO: 7069 CW 2020-02-16 2055 N4RV 599 VA G0MTN 599 200 0
QSO: 7022 CW 2020-02-16 2056 N4RV 599 VA EE2E 599 100 0
QSO: 7045 CW 2020-02-16 2056 N4RV 599 VA DD5XX 599 100 0
QSO: 7016 CW 2020-02-16 2057 N4RV 599 VA UW2M 599 K 0
QSO: 7021 CW 2020-02-16 2058 N4RV 599 VA SP8ARY 599 100 0
QSO: 7045 CW 2020-02-16 2059 N4RV 599 VA G2W 599 100 0
QSO: 7014 CW 2020-02-16 2101 N4RV 599 VA G4BJM 599 400 0
QSO: 7014 CW 2020-02-16 2101 N4RV 599 VA YL3FT 599 KW 0
QSO: 7071 CW 2020-02-16 2102 N4RV 599 VA G4CXT 599 400 0
QSO: 7055 CW 2020-02-16 2104 N4RV 599 VA SQ8AL 599 300 0
QSO: 7021 CW 2020-02-16 2105 N4RV 599 VA DD5KG 599 100 0
QSO: 7063 CW 2020-02-16 2107 N4RV 599 VA PA2W 599 100 0
QSO: 7063 CW 2020-02-16 2126 N4RV 599 VA OH/M0CFW 599 KW 0
QSO: 7046 CW 2020-02-16 2128 N4RV 599 VA C4W 599 KW 0
QSO: 7003 CW 2020-02-16 2128 N4RV 599 VA DL9USA 599 KW 0
QSO: 7009 CW 2020-02-16 2129 N4RV 599 VA SP9JZU 599 500 0
QSO: 7066 CW 2020-02-16 2131 N4RV 599 VA E73AA 599 100 0
QSO: 7052 CW 2020-02-16 2131 N4RV 599 VA IK1JJM 599 100 0
QSO: 7031 CW 2020-02-16 2134 N4RV 599 VA SQ9UM 599 500 0
QSO: 7024 CW 2020-02-16 2135 N4RV 599 VA M4J 599 400 0
QSO: 7024 CW 2020-02-16 2136 N4RV 599 VA MI5I 599 150 0
QSO: 7021 CW 2020-02-16 2136 N4RV 599 VA IO5P 599 500 0
QSO: 7010 CW 2020-02-16 2138 N4RV 599 VA EC4C 599 KW 0
QSO: 7057 CW 2020-02-16 2139 N4RV 599 VA DL1BUG 599 KW 0
QSO: 7062 CW 2020-02-16 2140 N4RV 599 VA OM7PY 599 100 0
QSO: 7066 CW 2020-02-16 2141 N4RV 599 VA SV1BJW 599 100 0
QSO: 7000 CW 2020-02-16 2142 N4RV 599 VA UR6EA 599 100 0
QSO: 7006 CW 2020-02-16 2143 N4RV 599 VA DK2FG 599 500 0
QSO: 7086 CW 2020-02-16 2144 N4RV 599 VA EA5/PA3FOC 599 100 0
QSO: 7088 CW 2020-02-16 2152 N4RV 599 VA FG8NY 599 100 0
QSO: 7047 CW 2020-02-16 2153 N4RV 599 VA I1JTQ 599 500 0
QSO: 7007 CW 2020-02-16 2156 N4RV 599 VA OK1PI 599 KW 0
QSO: 7031 CW 2020-02-16 2157 N4RV 599 VA PA0JLS 599 200 0
QSO: 14023 CW 2020-02-16 2202 N4RV 599 VA PY2EX 599 KW 0
QSO: 14065 CW 2020-02-16 2202 N4RV 599 VA V3O 599 500 0
QSO: 14055 CW 2020-02-16 2203 N4RV 599 VA NP4DX 599 100 0
QSO: 14043 CW 2020-02-16 2203 N4RV 599 VA NP2X 599 K 0
QSO: 14015 CW 2020-02-16 2204 N4RV 599 VA CX2AQ 599 100 0
QSO: 14027 CW 2020-02-16 2206 N4RV 599 VA PT9AL 599 KW 0
QSO: 14001 CW 2020-02-16 2208 N4RV 599 VA PY2XJ 599 KW 0
QSO: 14000 CW 2020-02-16 2209 N4RV 599 VA PY2FRQ 599 500 0
QSO: 14040 CW 2020-02-16 2210 N4RV 599 VA PP5NY 599 K 0
QSO: 14070 CW 2020-02-16 2212 N4RV 599 VA HK6J 599 500 0
QSO: 14050 CW 2020-02-16 2219 N4RV 599 VA KH0/KC0W 599 300 0
QSO: 14055 CW 2020-02-16 2225 N4RV 599 VA DU3LA 599 100 0
QSO: 14070 CW 2020-02-16 2226 N4RV 599 VA JH7XGN 599 100 0
QSO: 14054 CW 2020-02-16 2227 N4RV 599 VA JJ1CZR 599 100 0
QSO: 14027 CW 2020-02-16 2227 N4RV 599 VA AH6KO 599 100 0
QSO: 14026 CW 2020-02-16 2228 N4RV 599 VA JA6BZI 599 KW 0
QSO: 14043 CW 2020-02-16 2229 N4RV 599 VA JA1PNA 599 200 0
QSO: 14042 CW 2020-02-16 2229 N4RV 599 VA JA7ACM 599 KW 0
QSO: 14084 CW 2020-02-16 2231 N4RV 599 VA JH1VIG 599 100 0
QSO: 14060 CW 2020-02-16 2232 N4RV 599 VA JA6GCE 599 5 0
QSO: 14012 CW 2020-02-16 2234 N4RV 599 VA JH1OLB 599 KW 0
QSO: 14048 CW 2020-02-16 2237 N4RV 599 VA JA7NPV 599 KW 0
QSO: 14066 CW 2020-02-16 2238 N4RV 599 VA JR2AWS 599 500 0
QSO: 14055 CW 2020-02-16 2241 N4RV 599 VA JR2PMT 599 KW 0
QSO: 14028 CW 2020-02-16 2241 N4RV 599 VA R0CW 599 500 0
QSO: 14012 CW 2020-02-16 2243 N4RV 599 VA RU0LL 599 KW 0
QSO: 14048 CW 2020-02-16 2244 N4RV 599 VA RX9AU 599 500 0
QSO: 14068 CW 2020-02-16 2246 N4RV 599 VA JR2SCJ 599 KW 0
QSO: 14059 CW 2020-02-16 2255 N4RV 599 VA V85RH 599 400 0
QSO: 14002 CW 2020-02-16 2255 N4RV 599 VA KL0R 599 KW 0
QSO: 14078 CW 2020-02-16 2256 N4RV 599 VA JH8GEU 599 200 0
QSO: 14028 CW 2020-02-16 2305 N4RV 599 VA VR2XAT 599 400 0
QSO: 7063 CW 2020-02-16 2309 N4RV 599 VA OK1FMX 599 KW 0
QSO: 7073 CW 2020-02-16 2310 N4RV 599 VA UX1HW 599 500 0
QSO: 7031 CW 2020-02-16 2310 N4RV 599 VA LA3MHA 599 100 0
QSO: 7038 CW 2020-02-16 2311 N4RV 599 VA V31DJ 599 400 0
QSO: 7031 CW 2020-02-16 2312 N4RV 599 VA S57L 599 KW 0
QSO: 7068 CW 2020-02-16 2312 N4RV 599 VA OK1CF 599 200 0
QSO: 7003 CW 2020-02-16 2313 N4RV 599 VA IK4ZGO 599 500 0
QSO: 7054 CW 2020-02-16 2314 N4RV 599 VA SP9DLY 599 100 0
QSO: 7007 CW 2020-02-16 2314 N4RV 599 VA G3SVK 599 100 0
QSO: 7085 CW 2020-02-16 2315 N4RV 599 VA EA8CN 599 100 0
QSO: 7015 CW 2020-02-16 2315 N4RV 599 VA UW5Q 599 100 0
QSO: 7061 CW 2020-02-16 2316 N4RV 599 VA ES7A 599 100 0
QSO: 7006 CW 2020-02-16 2318 N4RV 599 VA F4HQZ 599 KW 0
QSO: 7048 CW 2020-02-16 2318 N4RV 599 VA RA7A 599 KW 0
QSO: 7032 CW 2020-02-16 2319 N4RV 599 VA UR7EC 599 100 0
QSO: 7012 CW 2020-02-16 2319 N4RV 599 VA HA3OU 599 500 0
QSO: 7065 CW 2020-02-16 2320 N4RV 599 VA HA7MF 599 100 0
QSO: 7022 CW 2020-02-16 2321 N4RV 599 VA DL7ON 599 KW 0
QSO: 7036 CW 2020-02-16 2321 N4RV 599 VA OL0W 599 KW 0
QSO: 7024 CW 2020-02-16 2322 N4RV 599 VA CT1DRB 599 100 0
QSO: 7017 CW 2020-02-16 2323 N4RV 599 VA OT5Q 599 400 0
QSO: 7094 CW 2020-02-16 2325 N4RV 599 VA NP4DX 599 100 0
QSO: 7092 CW 2020-02-16 2326 N4RV 599 VA OK2FD 599 5 0
QSO: 7012 CW 2020-02-16 2327 N4RV 599 VA DM3PKK 599 100 0
QSO: 7064 CW 2020-02-16 2328 N4RV 599 VA OH2PQ 599 KW 0
QSO: 7036 CW 2020-02-16 2329 N4RV 599 VA IW3FVZ 599 500 0
QSO: 7025 CW 2020-02-16 2330 N4RV 599 VA YU1YV 599 100 0
QSO: 7002 CW 2020-02-16 2331 N4RV 599 VA SP90PZK 599 200 0
QSO: 7095 CW 2020-02-16 2332 N4RV 599 VA IC8FBU 599 100 0
QSO: 7057 CW 2020-02-16 2332 N4RV 599 VA UT6CW 599 100 0
QSO: 7063 CW 2020-02-16 2333 N4RV 599 VA HA2NP 599 KW 0
QSO: 7094 CW 2020-02-16 2333 N4RV 599 VA 9A2UN 599 100 0
QSO: 7060 CW 2020-02-16 2334 N4RV 599 VA OK1CZ 599 100 0
QSO: 3562 CW 2020-02-16 2340 N4RV 599 VA FJ/W2RE 599 500 0
QSO: 3553 CW 2020-02-16 2341 N4RV 599 VA 3Z1K 599 KW 0
QSO: 3545 CW 2020-02-16 2341 N4RV 599 VA I2WIJ 599 500 0
QSO: 3532 CW 2020-02-16 2342 N4RV 599 VA G4BUO 599 400 0
QSO: 3537 CW 2020-02-16 2343 N4RV 599 VA KP2/ND3F 599 100 0
QSO: 3544 CW 2020-02-16 2343 N4RV 599 VA SN7Q 599 KW 0
QSO: 3542 CW 2020-02-16 2344 N4RV 599 VA DK3YD 599 100 0
QSO: 3541 CW 2020-02-16 2344 N4RV 599 VA LZ9W 599 5 0
QSO: 3540 CW 2020-02-16 2345 N4RV 599 VA DL1BUG 599 KW 0
QSO: 3531 CW 2020-02-16 2346 N4RV 599 VA OM7RU 599 KW 0
QSO: 3556 CW 2020-02-16 2346 N4RV 599 VA OK1AGE 599 100 0
QSO: 3516 CW 2020-02-16 2348 N4RV 599 VA I4VEQ 599 500 0
QSO: 3550 CW 2020-02-16 2350 N4RV 599 VA PA0JLS 599 200 0
QSO: 3540 CW 2020-02-16 2351 N4RV 599 VA S57L 599 KW 0
QSO: 3522 CW 2020-02-16 2352 N4RV 599 VA G4BJM 599 400 0
QSO: 3537 CW 2020-02-16 2352 N4RV 599 VA DM9EE 599 700 0
QSO: 3556 CW 2020-02-16 2353 N4RV 599 VA OH/M0CFW 599 KW 0
QSO: 3554 CW 2020-02-16 2355 N4RV 599 VA 4Z4KX 599 100 0
END-OF-LOG: