START-OF-LOG: 3.0
CONTEST: ARRL-DX-CW
LOCATION: OR
CALLSIGN: W7MTL
CATEGORY-OPERATOR: SINGLE-OP
CATEGORY-ASSISTED: NON-ASSISTED
CATEGORY-POWER: LOW
CATEGORY-BAND: ALL
CATEGORY-MODE: CW
CATEGORY-STATION: FIXED
CATEGORY-TRANSMITTER: ONE
CREATED-BY: N1MM LOGGER+ 1.0.8152.0
OPERATORS: W7MTL
HQ-CATEGORY: Single Operator, Low Power
HQ-GRID-LOCATOR: CN85qj
QSO: 14000 CW 2020-02-15 0009 W7MTL 599 OR KH6TU 599 K
QSO: 14000 CW 2020-02-15 0017 W7MTL 599 OR KH6/N6DA 599 KW
QSO: 14000 CW 2020-02-15 0020 W7MTL 599 OR LU1FAM 599 K
QSO: 14000 CW 2020-02-15 0026 W7MTL 599 OR JA3YBK 599 KW
QSO: 14000 CW 2020-02-15 0028 W7MTL 599 OR JH8YOH 599 K
QSO: 14000 CW 2020-02-15 0042 W7MTL 599 OR XE2B 599 100
QSO: 14000 CW 2020-02-15 0045 W7MTL 599 OR AH2R 599 KW
QSO: 14000 CW 2020-02-15 0047 W7MTL 599 OR JF9JTS 599 KW
QSO: 14000 CW 2020-02-15 0048 W7MTL 599 OR UA0ZAM 599 600
QSO: 14000 CW 2020-02-15 0050 W7MTL 599 OR JL3JRY 599 KW
QSO: 14000 CW 2020-02-15 0051 W7MTL 599 OR JE8KGH 599 100
QSO: 14000 CW 2020-02-15 0055 W7MTL 599 OR LW3DC 599 100
QSO: 14000 CW 2020-02-15 0058 W7MTL 599 OR PS2T 599 K
QSO: 14000 CW 2020-02-15 0100 W7MTL 599 OR JR2PMT 599 KW
QSO: 14000 CW 2020-02-15 0102 W7MTL 599 OR JI1RXQ 599 100
QSO: 14000 CW 2020-02-15 0109 W7MTL 599 OR JA2AXB 599 KW
QSO: 14000 CW 2020-02-15 0139 W7MTL 599 OR JA7ZFN 599 KW
QSO: 14000 CW 2020-02-15 0140 W7MTL 599 OR RC0CB 599 KW
QSO: 14000 CW 2020-02-15 0143 W7MTL 599 OR JA5FDJ 599 150
QSO: 14000 CW 2020-02-15 0144 W7MTL 599 OR JH3AIU 599 KW
QSO: 14000 CW 2020-02-15 0148 W7MTL 599 OR KH6RS 599 KW
QSO: 14000 CW 2020-02-15 0151 W7MTL 599 OR ZM1A 599 KW
QSO: 14000 CW 2020-02-15 0154 W7MTL 599 OR KL0R 599 KW
QSO: 14000 CW 2020-02-15 0156 W7MTL 599 OR JN2AMD 599 100
QSO: 14000 CW 2020-02-15 0200 W7MTL 599 OR JR2GRX 599 KW
QSO: 14000 CW 2020-02-15 0201 W7MTL 599 OR RT0C 599 KW
QSO: 14000 CW 2020-02-15 0204 W7MTL 599 OR JH4UYB 599 K
QSO: 14000 CW 2020-02-15 0206 W7MTL 599 OR JA6LCJ 599 K
QSO: 14000 CW 2020-02-15 0216 W7MTL 599 OR AH6KO 599 100
QSO: 14000 CW 2020-02-15 0217 W7MTL 599 OR KH6CJJ 599 150
QSO: 14000 CW 2020-02-15 0232 W7MTL 599 OR ZL3X 599 KW
QSO: 7000 CW 2020-02-15 0237 W7MTL 599 OR KH6/N6DA 599 KW
QSO: 7000 CW 2020-02-15 0241 W7MTL 599 OR 8P5A 599 K
QSO: 7000 CW 2020-02-15 0243 W7MTL 599 OR PJ4A 599 K
QSO: 7000 CW 2020-02-15 0245 W7MTL 599 OR V47T 599 K
QSO: 7000 CW 2020-02-15 0248 W7MTL 599 OR ZF1A 599 K
QSO: 7000 CW 2020-02-15 0253 W7MTL 599 OR PJ2T 599 K
QSO: 7000 CW 2020-02-15 0340 W7MTL 599 OR VP5K 599 500
QSO: 7000 CW 2020-02-15 0343 W7MTL 599 OR KH7M 599 KW
QSO: 7000 CW 2020-02-15 0346 W7MTL 599 OR ZP5AA 599 K
QSO: 7000 CW 2020-02-15 0632 W7MTL 599 OR 7J1AAI 599 K
QSO: 7000 CW 2020-02-15 0633 W7MTL 599 OR JA7ZFN 599 KW
QSO: 7000 CW 2020-02-15 0758 W7MTL 599 OR VP2MSS 599 K
QSO: 7000 CW 2020-02-15 0800 W7MTL 599 OR JH8YOH 599 K
QSO: 7000 CW 2020-02-15 0807 W7MTL 599 OR V26M 599 K
QSO: 7000 CW 2020-02-15 0810 W7MTL 599 OR JF2QNM 599 KW
QSO: 7000 CW 2020-02-15 0812 W7MTL 599 OR RT0C 599 KW
QSO: 7000 CW 2020-02-15 0814 W7MTL 599 OR JH1GBZ 599 K
QSO: 7000 CW 2020-02-15 0817 W7MTL 599 OR JA2ODB 599 150
QSO: 7000 CW 2020-02-15 0840 W7MTL 599 OR HI3LT 599 99
QSO: 3500 CW 2020-02-15 0857 W7MTL 599 OR KP4KE 599 KW
QSO: 3500 CW 2020-02-15 0859 W7MTL 599 OR 8P5A 599 K
QSO: 3500 CW 2020-02-15 0900 W7MTL 599 OR KP2M 599 K
QSO: 3500 CW 2020-02-15 0901 W7MTL 599 OR KH6/N6DA 599 KW
QSO: 3500 CW 2020-02-15 0911 W7MTL 599 OR VP2MSS 599 K
QSO: 3500 CW 2020-02-15 0937 W7MTL 599 OR 4A7S 599 KW
QSO: 3500 CW 2020-02-15 0942 W7MTL 599 OR V26M 599 K
QSO: 3500 CW 2020-02-15 0945 W7MTL 599 OR JH1OGC 599 K
QSO: 3500 CW 2020-02-15 0946 W7MTL 599 OR TO4A 599 K
QSO: 3500 CW 2020-02-15 0954 W7MTL 599 OR ZF1A 599 K
QSO: 1800 CW 2020-02-15 1000 W7MTL 599 OR KH7M 599 KW
QSO: 7000 CW 2020-02-15 1017 W7MTL 599 OR JH4UYB 599 K
QSO: 7000 CW 2020-02-15 1018 W7MTL 599 OR JH1EAQ 599 150
QSO: 7000 CW 2020-02-15 1020 W7MTL 599 OR NP2P 599 K
QSO: 7000 CW 2020-02-15 1026 W7MTL 599 OR JA6SHL 599 500
QSO: 7000 CW 2020-02-15 1030 W7MTL 599 OR JN2AMD 599 100
QSO: 7000 CW 2020-02-15 1032 W7MTL 599 OR JR2SCJ 599 KW
QSO: 7000 CW 2020-02-15 1035 W7MTL 599 OR ZL3X 599 KW
QSO: 3500 CW 2020-02-15 1047 W7MTL 599 OR V47T 599 K
QSO: 3500 CW 2020-02-15 1050 W7MTL 599 OR PJ4A 599 K
QSO: 3500 CW 2020-02-15 1051 W7MTL 599 OR JH4UYB 599 K
QSO: 3500 CW 2020-02-15 1100 W7MTL 599 OR KH7M 599 KW
QSO: 7000 CW 2020-02-15 1145 W7MTL 599 OR HC5DX 599 K
QSO: 7000 CW 2020-02-15 1153 W7MTL 599 OR BY4DX 599 KW
QSO: 7000 CW 2020-02-15 1159 W7MTL 599 OR TO4A 599 K
QSO: 7000 CW 2020-02-15 1202 W7MTL 599 OR JR2GRX 599 KW
QSO: 7000 CW 2020-02-15 1209 W7MTL 599 OR JA3YBK 599 KW
QSO: 7000 CW 2020-02-15 1210 W7MTL 599 OR JH7XGN 599 100
QSO: 7000 CW 2020-02-15 1216 W7MTL 599 OR TI7W 599 K
QSO: 7000 CW 2020-02-15 1225 W7MTL 599 OR JH3FUK 599 100
QSO: 7000 CW 2020-02-15 1226 W7MTL 599 OR JA1PNA 599 200
QSO: 7000 CW 2020-02-15 1239 W7MTL 599 OR KP2M 599 K
QSO: 7000 CW 2020-02-15 1244 W7MTL 599 OR KP3DX 599 500
QSO: 7000 CW 2020-02-15 1256 W7MTL 599 OR JI1RXQ 599 100
QSO: 21000 CW 2020-02-15 1957 W7MTL 599 OR 8P5A 599 K
QSO: 21000 CW 2020-02-15 2002 W7MTL 599 OR KH7M 599 KW
QSO: 21000 CW 2020-02-15 2013 W7MTL 599 OR KH6/N6DA 599 KW
QSO: 21000 CW 2020-02-15 2017 W7MTL 599 OR PX2A 599 K
QSO: 21000 CW 2020-02-15 2033 W7MTL 599 OR KH6TU 599 K
QSO: 14000 CW 2020-02-15 2145 W7MTL 599 OR PJ2T 599 K
QSO: 14000 CW 2020-02-15 2148 W7MTL 599 OR JA2ODB 599 150
QSO: 14000 CW 2020-02-15 2154 W7MTL 599 OR P40L 599 K
QSO: 14000 CW 2020-02-15 2155 W7MTL 599 OR JM7OLW 599 KW
QSO: 14000 CW 2020-02-15 2201 W7MTL 599 OR JA2XYO 599 KW
QSO: 14000 CW 2020-02-15 2203 W7MTL 599 OR JH1EAQ 599 150
QSO: 14000 CW 2020-02-15 2207 W7MTL 599 OR 8J7M 599 KW
QSO: 14000 CW 2020-02-15 2212 W7MTL 599 OR JA0FVU 599 500
QSO: 14000 CW 2020-02-15 2215 W7MTL 599 OR V47T 599 K
QSO: 14000 CW 2020-02-15 2221 W7MTL 599 OR JN1THL 599 KW
QSO: 14000 CW 2020-02-15 2229 W7MTL 599 OR ZF1A 599 K
QSO: 14000 CW 2020-02-15 2258 W7MTL 599 OR JK8PBO 599 100
QSO: 14000 CW 2020-02-15 2300 W7MTL 599 OR JE1LFX 599 K
QSO: 14000 CW 2020-02-15 2311 W7MTL 599 OR PY5IN 599 KW
QSO: 14000 CW 2020-02-15 2313 W7MTL 599 OR R0CBW 599 500
QSO: 14000 CW 2020-02-15 2315 W7MTL 599 OR JR2SCJ 599 KW
QSO: 14000 CW 2020-02-15 2317 W7MTL 599 OR 4A7S 599 KW
QSO: 14000 CW 2020-02-15 2319 W7MTL 599 OR 7K4XNN 599 500
QSO: 14000 CW 2020-02-15 2321 W7MTL 599 OR JH0EPI 599 100
QSO: 14000 CW 2020-02-15 2340 W7MTL 599 OR KP2M 599 K
QSO: 14000 CW 2020-02-15 2343 W7MTL 599 OR KH7M 599 KW
QSO: 14000 CW 2020-02-15 2345 W7MTL 599 OR JA1ZGO 599 KW
QSO: 14000 CW 2020-02-15 2347 W7MTL 599 OR NP2X 599 K
QSO: 14000 CW 2020-02-15 2355 W7MTL 599 OR PY2EX 599 KW
QSO: 14000 CW 2020-02-16 0000 W7MTL 599 OR ZZ2DC 599 K
QSO: 14000 CW 2020-02-16 0002 W7MTL 599 OR JH0KHR 599 KW
QSO: 14000 CW 2020-02-16 0009 W7MTL 599 OR AL1G 599 K
QSO: 14000 CW 2020-02-16 0037 W7MTL 599 OR JR4GPA 599 100
QSO: 14000 CW 2020-02-16 0042 W7MTL 599 OR BG2AUE 599 KW
QSO: 14000 CW 2020-02-16 0045 W7MTL 599 OR PT2AW 599 KW
QSO: 14000 CW 2020-02-16 0048 W7MTL 599 OR JO7KMB 599 200
QSO: 14000 CW 2020-02-16 0049 W7MTL 599 OR JA1BJI 599 100
QSO: 14000 CW 2020-02-16 0050 W7MTL 599 OR JH7XGN 599 100
QSO: 14000 CW 2020-02-16 0052 W7MTL 599 OR KH6/W0ZT 599 100
QSO: 14000 CW 2020-02-16 0055 W7MTL 599 OR PP5NY 599 KW
QSO: 14000 CW 2020-02-16 0057 W7MTL 599 OR JR1GSE 599 K
QSO: 14000 CW 2020-02-16 0059 W7MTL 599 OR JH1GBZ 599 K
QSO: 14000 CW 2020-02-16 0100 W7MTL 599 OR JA2PNA 599 200
QSO: 14000 CW 2020-02-16 0102 W7MTL 599 OR RN0D 599 KW
QSO: 14000 CW 2020-02-16 0109 W7MTL 599 OR RU0LL 599 KW
QSO: 14000 CW 2020-02-16 0116 W7MTL 599 OR JA7NVF 599 KW
QSO: 14000 CW 2020-02-16 0117 W7MTL 599 OR JA7ACM 599 KW
QSO: 14000 CW 2020-02-16 0118 W7MTL 599 OR JK1LSE 599 100
QSO: 7000 CW 2020-02-16 0221 W7MTL 599 OR KH6RS 599 KW
QSO: 7000 CW 2020-02-16 0227 W7MTL 599 OR ZW8T 599 100
QSO: 7000 CW 2020-02-16 0231 W7MTL 599 OR CR3W 599 500
QSO: 7000 CW 2020-02-16 0317 W7MTL 599 OR V3T 599 99
QSO: 7000 CW 2020-02-16 0325 W7MTL 599 OR KP2/ND3F 599 100
QSO: 7000 CW 2020-02-16 0326 W7MTL 599 OR 4A7S 599 KW
QSO: 7000 CW 2020-02-16 0332 W7MTL 599 OR KH6TU 599 K
QSO: 3500 CW 2020-02-16 0554 W7MTL 599 OR XE2X 599 K
QSO: 7000 CW 2020-02-16 1005 W7MTL 599 OR CO8ZZ 599 KW
QSO: 7000 CW 2020-02-16 1010 W7MTL 599 OR VR2XAN 599 400
QSO: 7000 CW 2020-02-16 1017 W7MTL 599 OR AH2R 599 KW
QSO: 7000 CW 2020-02-16 1020 W7MTL 599 OR P40L 599 K
QSO: 7000 CW 2020-02-16 1025 W7MTL 599 OR JA1ZGO 599 KW
QSO: 7000 CW 2020-02-16 1031 W7MTL 599 OR JA1TBA 599 KW
QSO: 7000 CW 2020-02-16 1036 W7MTL 599 OR JL3JRY 599 KW
QSO: 7000 CW 2020-02-16 1039 W7MTL 599 OR JA1BJI 599 100
QSO: 7000 CW 2020-02-16 1040 W7MTL 599 OR ZM1A 599 KW
QSO: 3500 CW 2020-02-16 1048 W7MTL 599 OR JH1GBZ 599 K
QSO: 3500 CW 2020-02-16 1050 W7MTL 599 OR JA3YBK 599 KW
QSO: 3500 CW 2020-02-16 1052 W7MTL 599 OR P40L 599 K
QSO: 7000 CW 2020-02-16 1116 W7MTL 599 OR V85RH 599 400
QSO: 7000 CW 2020-02-16 1125 W7MTL 599 OR JE1NVD 599 200
QSO: 3500 CW 2020-02-16 1155 W7MTL 599 OR JH8YOH 599 K
QSO: 3500 CW 2020-02-16 1201 W7MTL 599 OR KH6CJJ 599 150
QSO: 7000 CW 2020-02-16 1208 W7MTL 599 OR JA7NPV 599 KW
QSO: 7000 CW 2020-02-16 1214 W7MTL 599 OR JA5FDJ 599 150
QSO: 14000 CW 2020-02-16 1749 W7MTL 599 OR F6HKA 599 500
QSO: 14000 CW 2020-02-16 1809 W7MTL 599 OR OH8L 599 KW
QSO: 14000 CW 2020-02-16 1813 W7MTL 599 OR OH8WW 599 KW
QSO: 14000 CW 2020-02-16 1820 W7MTL 599 OR M6T 599 400
QSO: 14000 CW 2020-02-16 1822 W7MTL 599 OR EA7X 599 KW
QSO: 14000 CW 2020-02-16 1827 W7MTL 599 OR OH6NC 599 KW
QSO: 14000 CW 2020-02-16 1830 W7MTL 599 OR CR3W 599 500
QSO: 14000 CW 2020-02-16 1833 W7MTL 599 OR EI7M 599 KW
QSO: 14000 CW 2020-02-16 1835 W7MTL 599 OR CR3DX 599 KW
QSO: 14000 CW 2020-02-16 1852 W7MTL 599 OR SM2EKM 599 KW
QSO: 14000 CW 2020-02-16 1901 W7MTL 599 OR OH6CT 599 KW
QSO: 14000 CW 2020-02-16 1924 W7MTL 599 OR SM2CEW 599 KW
QSO: 14000 CW 2020-02-16 1929 W7MTL 599 OR NL7S 599 KW
QSO: 21000 CW 2020-02-16 2014 W7MTL 599 OR P40L 599 K
QSO: 21000 CW 2020-02-16 2023 W7MTL 599 OR KP2M 599 K
QSO: 21000 CW 2020-02-16 2026 W7MTL 599 OR PJ2T 599 K
QSO: 21000 CW 2020-02-16 2028 W7MTL 599 OR ZF1A 599 K
QSO: 14000 CW 2020-02-16 2032 W7MTL 599 OR ZR2A/4 599 KW
QSO: 14000 CW 2020-02-16 2049 W7MTL 599 OR VP9I 599 100
QSO: 14000 CW 2020-02-16 2111 W7MTL 599 OR HH2AA 599 100
QSO: 14000 CW 2020-02-16 2114 W7MTL 599 OR HC5DX 599 K
QSO: 14000 CW 2020-02-16 2123 W7MTL 599 OR V3T 599 99
QSO: 14000 CW 2020-02-16 2125 W7MTL 599 OR KP3DX 599 500
QSO: 14000 CW 2020-02-16 2131 W7MTL 599 OR PJ4A 599 K
QSO: 14000 CW 2020-02-16 2143 W7MTL 599 OR P40SW 599 K
QSO: 21000 CW 2020-02-16 2149 W7MTL 599 OR KH6RS 599 KW
QSO: 21000 CW 2020-02-16 2150 W7MTL 599 OR XE2B 599 100
QSO: 21000 CW 2020-02-16 2155 W7MTL 599 OR KH6CJJ 599 150
QSO: 14000 CW 2020-02-16 2258 W7MTL 599 OR LQ3D 599 300
QSO: 14000 CW 2020-02-16 2300 W7MTL 599 OR 7K4AEA 599 100
QSO: 14000 CW 2020-02-16 2306 W7MTL 599 OR JR3NZC 599 KW
QSO: 14000 CW 2020-02-16 2312 W7MTL 599 OR JA8CWJ 599 500
QSO: 14000 CW 2020-02-16 2328 W7MTL 599 OR JR1NHD 599 KW
QSO: 14000 CW 2020-02-16 2333 W7MTL 599 OR JE1NVD 599 200
QSO: 14000 CW 2020-02-16 2335 W7MTL 599 OR UA0KBG 599 100
QSO: 14000 CW 2020-02-16 2352 W7MTL 599 OR JA20DB 599 150
QSO: 14000 CW 2020-02-16 2354 W7MTL 599 OR JH1OLB 599 KW
QSO: 14000 CW 2020-02-16 2359 W7MTL 599 OR JF1SEK 599 KW
END-OF-LOG: