START-OF-LOG: 3.0
CREATED-BY: vhfmanager-downloader
CONTEST: ZRS novembrsko UKV tekmovanje - Official results - VHFManager
CALLSIGN: 9A2U
CATEGORY: 145 MHz - single op
CATEGORY-OPERATOR: SINGLE-OP
CATEGORY-ASSISTED: NON-ASSISTED
CATEGORY-TRANSMITTER: ONE
CATEGORY-STATION: FIXED
QSO: 144100 CW 2024-11-02 1419 9A2U          599 1 JN75RP   S50G          599 17 JN76JC 
QSO: 144100 CW 2024-11-02 1430 9A2U          599 2 JN75RP   S52ZD         599 8 JN75TV  
QSO: 144100 CW 2024-11-02 1436 9A2U          599 3 JN75RP   HA2R          599 32 JN87UE 
QSO: 144100 CW 2024-11-02 1439 9A2U          599 4 JN75RP   9A6A          599 17 JN83GE 
QSO: 144100 CW 2024-11-02 1440 9A2U          599 5 JN75RP   IK4GNG        599 15 JN64FB 
QSO: 144100 CW 2024-11-02 1446 9A2U          599 6 JN75RP   OM5AW         599 44 JN98AH 
QSO: 144100 CW 2024-11-02 1456 9A2U          599 7 JN75RP   IO2V          599 45 JN54WE 
QSO: 144100 CW 2024-11-02 1459 9A2U          599 8 JN75RP   IQ5NN         599 51 JN63GN 
QSO: 144100 CW 2024-11-02 1500 9A2U          599 9 JN75RP   HG1A          599 33 JN86MM 
QSO: 144100 CW 2024-11-02 1502 9A2U          599 10 JN75RP  9A3RU         599 15 JN85LI 
QSO: 144100 CW 2024-11-02 1505 9A2U          599 11 JN75RP  S57M          599 30 JN76PO 
QSO: 144100 CW 2024-11-02 1531 9A2U          599 12 JN75RP  9A2YF         599 27 JN85OO 
QSO: 144100 CW 2024-11-02 1539 9A2U          599 13 JN75RP  OE6V          599 52 JN76VT 
QSO: 144100 CW 2024-11-02 1548 9A2U          599 14 JN75RP  S53MM         599 51 JN76GD 
QSO: 144100 CW 2024-11-02 1557 9A2U          599 15 JN75RP  OL7M          599 135 JO80FG
QSO: 144100 CW 2024-11-02 1558 9A2U          599 16 JN75RP  9A1AAY        599 43 JN85PJ 
QSO: 144100 CW 2024-11-02 1601 9A2U          599 17 JN75RP  OK6M          599 78 JN99CR 
QSO: 144100 CW 2024-11-02 1602 9A2U          599 18 JN75RP  S51ZO         599 49 JN86DR 
QSO: 144100 CW 2024-11-02 1604 9A2U          599 19 JN75RP  OM3YFT        599 39 JN99IF 
QSO: 144100 CW 2024-11-02 1738 9A2U          599 20 JN75RP  S59P          599 163 JN86AO
QSO: 144100 CW 2024-11-02 1739 9A2U          599 21 JN75RP  OM2Y          599 208 JN88RS
QSO: 144100 CW 2024-11-02 1740 9A2U          599 22 JN75RP  9A3SM         599 89 JN85FM 
QSO: 144100 CW 2024-11-02 1742 9A2U          599 23 JN75RP  OK2O          599 180 JN89IW
QSO: 144100 CW 2024-11-02 1749 9A2U          599 24 JN75RP  YR5C          599 79 KN16JS 
QSO: 144100 CW 2024-11-02 1754 9A2U          599 25 JN75RP  HA1VQ         599 55 JN87GJ 
QSO: 144100 CW 2024-11-02 1757 9A2U          599 26 JN75RP  OM6A          599 170 JN99JC
QSO: 144100 CW 2024-11-02 1801 9A2U          599 27 JN75RP  9A1N          599 114 JN85LI
QSO: 144100 CW 2024-11-02 1803 9A2U          599 28 JN75RP  E74EBL        599 6 JN84SU  
QSO: 144100 CW 2024-11-02 1804 9A2U          599 29 JN75RP  9A8D          599 65 JN95LM 
QSO: 144100 CW 2024-11-02 1817 9A2U          599 30 JN75RP  OK2KKW        599 135 JO70FD
QSO: 144100 CW 2024-11-02 1819 9A2U          599 31 JN75RP  OK3A          599 103 JO70PO
QSO: 144100 CW 2024-11-02 1821 9A2U          599 32 JN75RP  OL9W          599 167 JN99CL
QSO: 144100 CW 2024-11-02 1822 9A2U          599 33 JN75RP  OM3RBS        599 109 JN98KJ
QSO: 144100 CW 2024-11-02 1825 9A2U          599 34 JN75RP  S51S          599 96 JN75ES 
QSO: 144100 CW 2024-11-02 1826 9A2U          599 35 JN75RP  HA6W          599 151 KN08FB
QSO: 144100 CW 2024-11-02 1830 9A2U          599 36 JN75RP  OE1W          599 262 JN77TX
QSO: 144100 CW 2024-11-02 1832 9A2U          599 37 JN75RP  OM3RLA        599 62 JN98LB 
QSO: 144100 CW 2024-11-02 1834 9A2U          599 38 JN75RP  OL3Z          599 229 JN79FX
QSO: 144100 CW 2024-11-02 1835 9A2U          599 39 JN75RP  HG1Z          599 105 JN86KU
QSO: 144100 CW 2024-11-02 1836 9A2U          599 40 JN75RP  OK2KAA        599 213 JN79QJ
QSO: 144100 CW 2024-11-02 1840 9A2U          599 41 JN75RP  YO5LD         599 140 KN05IS
QSO: 144100 CW 2024-11-02 1846 9A2U          599 42 JN75RP  OM8A          599 232 JN87WV
QSO: 144100 CW 2024-11-02 1850 9A2U          599 43 JN75RP  S53V          599 21 JN76DA 
QSO: 144100 CW 2024-11-02 1852 9A2U          599 44 JN75RP  9A0BB         599 168 JN85EI
QSO: 144100 CW 2024-11-02 1853 9A2U          599 45 JN75RP  OM3KII        599 256 JN88UU
QSO: 144100 CW 2024-11-02 1856 9A2U          599 46 JN75RP  DR7C          599 262 JO50WB
QSO: 144100 CW 2024-11-02 1902 9A2U          599 47 JN75RP  OK1KCR        599 240 JN79VS
QSO: 144100 CW 2024-11-02 1904 9A2U          599 48 JN75RP  IQ8BI         599 87 JN63NJ 
QSO: 144100 CW 2024-11-02 1911 9A2U          599 49 JN75RP  9A8A          599 3 JN86DH  
QSO: 144100 CW 2024-11-02 1913 9A2U          599 50 JN75RP  OK1DOL        599 132 JN69OU
QSO: 144100 CW 2024-11-02 1914 9A2U          599 51 JN75RP  OL7C          599 276 JO60JJ
QSO: 144100 CW 2024-11-02 1922 9A2U          599 52 JN75RP  HA5OO         599 100 JN97OM
QSO: 144100 CW 2024-11-02 1932 9A2U          599 53 JN75RP  I5MZY/4       599 52 JN64DJ 
QSO: 144100 CW 2024-11-02 1939 9A2U          599 54 JN75RP  DQ2C          599 254 JN48WM
QSO: 144100 CW 2024-11-02 1954 9A2U          599 55 JN75RP  OE5D          599 105 JN68PC
QSO: 144100 CW 2024-11-02 1957 9A2U          599 56 JN75RP  YU7ACO        599 101 KN05RD
QSO: 144100 CW 2024-11-02 2025 9A2U          599 57 JN75RP  E70ARA        599 4 JN83PX  
QSO: 144100 CW 2024-11-02 2040 9A2U          599 58 JN75RP  OM4CW         599 217 JN99CH
QSO: 144100 CW 2024-11-02 2042 9A2U          599 59 JN75RP  OK1KIY        599 57 JO70SA 
QSO: 144100 CW 2024-11-02 2043 9A2U          599 60 JN75RP  HA2NP         599 75 JN97SG 
QSO: 144100 CW 2024-11-02 2048 9A2U          599 61 JN75RP  IK4DCX        599 39 JN64GB 
QSO: 144100 CW 2024-11-02 2052 9A2U          599 62 JN75RP  OL4N          599 281 JO60VR
QSO: 144100 CW 2024-11-02 2057 9A2U          599 63 JN75RP  HA8V          599 106 KN06HT
QSO: 144100 CW 2024-11-02 2111 9A2U          599 64 JN75RP  S59DR         599 48 JN76DF 
QSO: 144100 CW 2024-11-02 2123 9A2U          599 65 JN75RP  LZ2FP         599 59 KN13RD 
QSO: 144100 CW 2024-11-02 2134 9A2U          599 66 JN75RP  OM3KHU        599 34 KN09WC 
QSO: 144100 CW 2024-11-02 2139 9A2U          599 67 JN75RP  OM5KM         599 53 JN98BG 
QSO: 144100 CW 2024-11-02 2144 9A2U          599 68 JN75RP  HG6N          599 202 JN98VD
QSO: 144100 CW 2024-11-02 2148 9A2U          599 69 JN75RP  SP9KDA        599 159 JO90PP
QSO: 144100 CW 2024-11-02 2151 9A2U          599 70 JN75RP  OM3FW         599 235 JN98AS
QSO: 144100 CW 2024-11-02 2153 9A2U          599 71 JN75RP  DL5NEN        599 324 JN59OP
QSO: 144100 CW 2024-11-02 2202 9A2U          599 72 JN75RP  S51SL         599 17 JN76ID 
QSO: 144100 CW 2024-11-02 2203 9A2U          599 73 JN75RP  E73O          599 101 JN95CA
QSO: 144100 CW 2024-11-02 2204 9A2U          599 74 JN75RP  S57UZX        599 16 JN75LT 
QSO: 144100 CW 2024-11-02 2209 9A2U          599 75 JN75RP  9A1W          599 168 JN75ST
QSO: 144100 CW 2024-11-02 2216 9A2U          599 76 JN75RP  IK4ZHH        599 75 JN63AX 
QSO: 144100 CW 2024-11-02 2225 9A2U          599 77 JN75RP  YT7C          599 131 KN04EG
QSO: 144100 CW 2024-11-02 2300 9A2U          599 78 JN75RP  OM3KDX        599 130 KN18DQ
QSO: 144100 CW 2024-11-02 2309 9A2U          599 79 JN75RP  IQ4KD         599 168 JN65DM
QSO: 144100 CW 2024-11-02 2310 9A2U          599 80 JN75RP  S53RM         599 43 JN76HD 
QSO: 144100 CW 2024-11-02 2325 9A2U          599 81 JN75RP  S59DR         599 65 JN76DF 
QSO: 144100 CW 2024-11-02 2327 9A2U          599 82 JN75RP  S50TA         599 65 JN76HD 
QSO: 144100 CW 2024-11-02 2340 9A2U          599 83 JN75RP  OK1NI         599 198 JO70OQ
QSO: 144100 CW 2024-11-02 2345 9A2U          599 84 JN75RP  YU1LA         599 82 KN04FR 
QSO: 144100 CW 2024-11-03 0001 9A2U          599 85 JN75RP  S51WC         599 51 JN75OT 
QSO: 144100 CW 2024-11-03 0008 9A2U          599 86 JN75RP  S57KM         599 39 JN76HD 
QSO: 144100 CW 2024-11-03 0014 9A2U          599 87 JN75RP  9A0V          599 201 JN95PE
QSO: 144100 CW 2024-11-03 0025 9A2U          599 88 JN75RP  I3FGX         599 69 JN55VI 
QSO: 144100 CW 2024-11-03 0034 9A2U          599 89 JN75RP  OL7M          599 521 JO80FG
QSO: 144100 CW 2024-11-03 0041 9A2U          599 90 JN75RP  OK6M          599 264 JN99CR
QSO: 144100 CW 2024-11-03 0044 9A2U          599 91 JN75RP  HG7F          599 252 JN97KR
QSO: 144100 CW 2024-11-03 0048 9A2U          599 92 JN75RP  OM6TX         599 113 JN99JK
QSO: 144100 CW 2024-11-03 0112 9A2U          599 93 JN75RP  HA5UA         599 119 JN97UM
QSO: 144100 CW 2024-11-03 0113 9A2U          599 94 JN75RP  S57NAW        599 50 JN76PA 
QSO: 144100 CW 2024-11-03 0224 9A2U          599 95 JN75RP  HA8AR         599 83 KN06MQ 
QSO: 144100 CW 2024-11-03 0321 9A2U          599 96 JN75RP  IK7JNM        599 30 JN80XO 
QSO: 144100 CW 2024-11-03 0332 9A2U          599 97 JN75RP  HG6Z          599 221 JN97WV
QSO: 144100 CW 2024-11-03 0928 9A2U          599 98 JN75RP  YO2BBT        599 30 KN05UK 
QSO: 144100 CW 2024-11-03 0935 9A2U          599 99 JN75RP  IQ3AZ         599 161 JN65QQ
QSO: 144100 CW 2024-11-03 0938 9A2U          599 100 JN75RP E77Z          599 38 JN93DQ 
QSO: 144100 CW 2024-11-03 0939 9A2U          599 101 JN75RP 9A2EY         599 70 JN75XV 
QSO: 144100 CW 2024-11-03 0945 9A2U          599 102 JN75RP OM6ABA        599 102 JN99KA
QSO: 144100 CW 2024-11-03 0948 9A2U          599 103 JN75RP YO2IW         599 44 KN05NU 
QSO: 144100 CW 2024-11-03 0949 9A2U          599 104 JN75RP E77OA         599 28 JN84RD 
QSO: 144100 CW 2024-11-03 0951 9A2U          599 105 JN75RP IQ3LX         599 12 JN54TF 
QSO: 144100 CW 2024-11-03 1000 9A2U          599 106 JN75RP E77P          599 85 JN83PX 
QSO: 144100 CW 2024-11-03 1011 9A2U          599 107 JN75RP IK4HLQ        599 99 JN54KK 
QSO: 144100 CW 2024-11-03 1016 9A2U          599 108 JN75RP OM3RM         599 90 JN88QA 
QSO: 144100 CW 2024-11-03 1020 9A2U          599 109 JN75RP HA1FV         599 116 JN87JJ
QSO: 144100 CW 2024-11-03 1025 9A2U          599 110 JN75RP IK5AMB        599 59 JN53SR 
QSO: 144100 CW 2024-11-03 1028 9A2U          599 111 JN75RP YO2NAA        599 93 KN05NS 
QSO: 144100 CW 2024-11-03 1030 9A2U          599 112 JN75RP S57LM         599 107 JN76HD
QSO: 144100 CW 2024-11-03 1032 9A2U          599 113 JN75RP 9A3QB         599 31 JN95HN 
QSO: 144100 CW 2024-11-03 1037 9A2U          599 114 JN75RP IQ1CM         599 63 JN45AL 
QSO: 144100 CW 2024-11-03 1102 9A2U          599 115 JN75RP 9A4RM         599 11 JN95LI 
QSO: 144100 CW 2024-11-03 1103 9A2U          599 116 JN75RP YO2GL         599 73 KN05OS 
QSO: 144100 CW 2024-11-03 1105 9A2U          599 117 JN75RP YU7ZX         599 66 KN05FJ 
QSO: 144100 CW 2024-11-03 1111 9A2U          599 118 JN75RP 9A5AFN        599 2 JN85AT  
QSO: 144100 CW 2024-11-03 1117 9A2U          599 119 JN75RP YU1MS         599 48 KN04ET 
QSO: 144100 CW 2024-11-03 1133 9A2U          599 120 JN75RP OM4C          599 187 JN99OJ
QSO: 144100 CW 2024-11-03 1139 9A2U          599 121 JN75RP OK2R          599 390 JN89JM
QSO: 144100 CW 2024-11-03 1146 9A2U          599 122 JN75RP OK2IW         599 129 JN79GO
QSO: 144100 CW 2024-11-03 1157 9A2U          599 123 JN75RP HA1YA         599 36 JN87GF 
QSO: 144100 CW 2024-11-03 1222 9A2U          599 124 JN75RP S53XX         599 19 JN76CF 
QSO: 144100 CW 2024-11-03 1228 9A2U          599 125 JN75RP S51RW         599 35 JN76GB 
QSO: 144100 CW 2024-11-03 1232 9A2U          599 126 JN75RP E77Y          599 74 JN83PX 
QSO: 144100 CW 2024-11-03 1243 9A2U          599 127 JN75RP DG2SER        599 107 JN58OH
QSO: 144100 CW 2024-11-03 1246 9A2U          599 128 JN75RP 9A3TU         599 44 JN95EH 
QSO: 144100 CW 2024-11-03 1248 9A2U          599 129 JN75RP 9A2PT         599 47 JN75JD 
QSO: 144100 CW 2024-11-03 1251 9A2U          599 130 JN75RP S58Y          599 71 JN76SH 
QSO: 144100 CW 2024-11-03 1310 9A2U          599 131 JN75RP HA8JP         599 98 KN07OC 
QSO: 144100 CW 2024-11-03 1320 9A2U          599 132 JN75RP S59K          599 64 JN76IA 
QSO: 144100 CW 2024-11-03 1322 9A2U          599 133 JN75RP YO5BQQ        599 49 KN17KT 
QSO: 144100 CW 2024-11-03 1332 9A2U          599 134 JN75RP OE5ANL        599 133 JN78DH
END-OF-LOG:
