START-OF-LOG: 2.0
CATEGORY: Single-OP low
CONTEST: WAE CW
ARRL-SECTION: DX
CALLSIGN: R9LY
CLUB:
CLAIMED-SCORE: 44800
OPERATORS: R9LY
CREATED-BY: N1MM Logger+ 1.0.5327.0, modified by DXHF upload.
QSO: 14025 CW 2017-08-13 0523 R9LY          599 0001   LY2XW         599 0089
QSO: 14025 CW 2017-08-13 0523 R9LY          599 0002   HG7T          599 0995
QSO: 14025 CW 2017-08-13 0523 R9LY          599 0003   OE3KAB        599 0191
QSO: 14025 CW 2017-08-13 0524 R9LY          599 0004   DL1REM        599 0334
QSO: 14025 CW 2017-08-13 0524 R9LY          599 0005   DL8WX         599 0353
QSO: 14025 CW 2017-08-13 0524 R9LY          599 0006   RK3ER         599 0458
QSO: 14025 CW 2017-08-13 0524 R9LY          599 0007   DR5X          599 6565
QSO: 14025 CW 2017-08-13 0525 R9LY          599 0008   RA1TU         599 0064
QSO: 14025 CW 2017-08-13 0525 R9LY          599 0009   UT6EE         599 0096
QSO: 14025 CW 2017-08-13 0526 R9LY          599 0010   DK8ZB         599 0636
QSO: 14025 CW 2017-08-13 0526 R9LY          599 0011   OK1AY         599 0134
QSO: 14025 CW 2017-08-13 0526 R9LY          599 0012   RV3TG         599 0023
QSO: 14025 CW 2017-08-13 0527 R9LY          599 0013   YP5A          599 0218
QSO: 14025 CW 2017-08-13 0527 R9LY          599 0014   IR2C          599 0720
QSO: 14025 CW 2017-08-13 0527 R9LY          599 0015   YO9HP         599 0469
QSO: 14025 CW 2017-08-13 0528 R9LY          599 0016   DL7UGN        599 0250
QTC: 14025 CW 2017-08-13 0528 DL7UGN        1/10       R9LY          0523 LY2XW         0089
QTC: 14025 CW 2017-08-13 0528 DL7UGN        1/10       R9LY          0523 HG7T          0995
QTC: 14025 CW 2017-08-13 0528 DL7UGN        1/10       R9LY          0523 OE3KAB        0191
QTC: 14025 CW 2017-08-13 0529 DL7UGN        1/10       R9LY          0524 DL1REM        0334
QTC: 14025 CW 2017-08-13 0529 DL7UGN        1/10       R9LY          0524 DL8WX         0353
QTC: 14025 CW 2017-08-13 0529 DL7UGN        1/10       R9LY          0524 RK3ER         0458
QTC: 14025 CW 2017-08-13 0529 DL7UGN        1/10       R9LY          0524 DR5X          6565
QTC: 14025 CW 2017-08-13 0529 DL7UGN        1/10       R9LY          0525 RA1TU         0064
QTC: 14025 CW 2017-08-13 0529 DL7UGN        1/10       R9LY          0525 UT6EE         0096
QTC: 14025 CW 2017-08-13 0530 DL7UGN        1/10       R9LY          0526 DK8ZB         0636
QSO: 14025 CW 2017-08-13 0530 R9LY          599 0017   LZ3DP         599 0074
QSO: 14025 CW 2017-08-13 0531 R9LY          599 0018   LZ1ZM         599 0130
QSO: 14025 CW 2017-08-13 0531 R9LY          599 0019   RU1A          599 0943
QTC: 14025 CW 2017-08-13 0531 RU1A          2/8        R9LY          0526 OK1AY         0134
QTC: 14025 CW 2017-08-13 0532 RU1A          2/8        R9LY          0526 RV3TG         0023
QTC: 14025 CW 2017-08-13 0532 RU1A          2/8        R9LY          0527 YP5A          0218
QTC: 14025 CW 2017-08-13 0532 RU1A          2/8        R9LY          0527 IR2C          0720
QTC: 14025 CW 2017-08-13 0532 RU1A          2/8        R9LY          0527 YO9HP         0469
QTC: 14025 CW 2017-08-13 0532 RU1A          2/8        R9LY          0528 DL7UGN        0250
QTC: 14025 CW 2017-08-13 0533 RU1A          2/8        R9LY          0530 LZ3DP         0074
QTC: 14025 CW 2017-08-13 0533 RU1A          2/8        R9LY          0531 LZ1ZM         0130
QSO: 14025 CW 2017-08-13 0533 R9LY          599 0020   EU1WW         599 0349
QSO: 14025 CW 2017-08-13 0533 R9LY          599 0021   DM6V          599 0950
QSO: 14025 CW 2017-08-13 0533 R9LY          599 0022   SE4E          599 0146
QSO: 14025 CW 2017-08-13 0534 R9LY          599 0023   OK2BJK        599 0043
QSO: 14025 CW 2017-08-13 0534 R9LY          599 0024   UA6HFI        599 0097
QSO: 14025 CW 2017-08-13 0534 R9LY          599 0025   RZ1A          599 0053
QSO: 14025 CW 2017-08-13 0535 R9LY          599 0026   EW6M          599 0133
QSO: 14025 CW 2017-08-13 0535 R9LY          599 0027   R7MM          599 0303
QTC: 14025 CW 2017-08-13 0535 R7MM          3/8        R9LY          0531 RU1A          0943
QTC: 14025 CW 2017-08-13 0535 R7MM          3/8        R9LY          0533 EU1WW         0349
QTC: 14025 CW 2017-08-13 0536 R7MM          3/8        R9LY          0533 DM6V          0950
QTC: 14025 CW 2017-08-13 0536 R7MM          3/8        R9LY          0533 SE4E          0146
QTC: 14025 CW 2017-08-13 0536 R7MM          3/8        R9LY          0534 OK2BJK        0043
QTC: 14025 CW 2017-08-13 0536 R7MM          3/8        R9LY          0534 UA6HFI        0097
QTC: 14025 CW 2017-08-13 0536 R7MM          3/8        R9LY          0534 RZ1A          0053
QTC: 14025 CW 2017-08-13 0536 R7MM          3/8        R9LY          0535 EW6M          0133
QSO: 14025 CW 2017-08-13 0537 R9LY          599 0028   RM2D          599 0331
QSO: 14025 CW 2017-08-13 0537 R9LY          599 0029   9A1AA         599 0338
QSO: 14025 CW 2017-08-13 0537 R9LY          599 0030   UT4U          599 0489
QSO: 14025 CW 2017-08-13 0538 R9LY          599 0031   DL0GL         599 0782
QSO: 14025 CW 2017-08-13 0538 R9LY          599 0032   UX1CL         599 0154
QSO: 14025 CW 2017-08-13 0539 R9LY          599 0033   US0U          599 0107
QSO: 14025 CW 2017-08-13 0539 R9LY          599 0034   PA4M          599 0230
QSO: 14025 CW 2017-08-13 0539 R9LY          599 0035   DL8RB         599 0086
QSO: 14025 CW 2017-08-13 0540 R9LY          599 0036   RW4HFH        599 0036
QSO: 14025 CW 2017-08-13 0540 R9LY          599 0037   SP5CNA        599 0207
QSO: 14025 CW 2017-08-13 0540 R9LY          599 0038   YO8TTT        599 0403
QTC: 14025 CW 2017-08-13 0541 YO8TTT        4/10       R9LY          0535 R7MM          0303
QTC: 14025 CW 2017-08-13 0541 YO8TTT        4/10       R9LY          0537 RM2D          0331
QTC: 14025 CW 2017-08-13 0541 YO8TTT        4/10       R9LY          0537 9A1AA         0338
QTC: 14025 CW 2017-08-13 0541 YO8TTT        4/10       R9LY          0537 UT4U          0489
QTC: 14025 CW 2017-08-13 0541 YO8TTT        4/10       R9LY          0538 DL0GL         0782
QTC: 14025 CW 2017-08-13 0541 YO8TTT        4/10       R9LY          0538 UX1CL         0154
QTC: 14025 CW 2017-08-13 0542 YO8TTT        4/10       R9LY          0539 US0U          0107
QTC: 14025 CW 2017-08-13 0542 YO8TTT        4/10       R9LY          0539 PA4M          0230
QTC: 14025 CW 2017-08-13 0542 YO8TTT        4/10       R9LY          0539 DL8RB         0086
QTC: 14025 CW 2017-08-13 0542 YO8TTT        4/10       R9LY          0540 RW4HFH        0036
QSO: 14025 CW 2017-08-13 0550 R9LY          599 0039   IB9T          599 0605
QSO: 14025 CW 2017-08-13 0550 R9LY          599 0040   DM3C          599 0397
QSO: 14025 CW 2017-08-13 0551 R9LY          599 0041   IZ3NYG        599 0204
QSO: 14025 CW 2017-08-13 0551 R9LY          599 0042   SP3FSM        599 0034
QSO: 14025 CW 2017-08-13 0552 R9LY          599 0043   LZ8Z          599 0038
QSO: 14025 CW 2017-08-13 0553 R9LY          599 0044   DM6DX         599 0205
QSO: 14025 CW 2017-08-13 0553 R9LY          599 0045   OH6RE         599 0002
QSO: 14025 CW 2017-08-13 0553 R9LY          599 0046   SD6M          599 0115
QSO: 14025 CW 2017-08-13 0554 R9LY          599 0047   SP2MKI        599 0112
QSO: 14025 CW 2017-08-13 0554 R9LY          599 0048   UT5IA         599 0033
QSO: 14025 CW 2017-08-13 0555 R9LY          599 0049   ON4KLG        599 0058
QSO: 14025 CW 2017-08-13 0555 R9LY          599 0050   DF1MM         599 0258
QSO: 14025 CW 2017-08-13 0556 R9LY          599 0051   EW6F          599 0084
QSO: 14025 CW 2017-08-13 0556 R9LY          599 0052   OG55W         599 0005
QSO: 14025 CW 2017-08-13 0556 R9LY          599 0053   PA5SKY        599 0081
QSO: 14025 CW 2017-08-13 0557 R9LY          599 0054   RA/YL2TD      599 0022
QSO: 14025 CW 2017-08-13 0557 R9LY          599 0055   DL3RHN        599 0121
QSO: 14025 CW 2017-08-13 0557 R9LY          599 0056   UA1CUR        599 0092
QSO: 14025 CW 2017-08-13 0558 R9LY          599 0057   OL1B          599 0106
QSO: 14025 CW 2017-08-13 0558 R9LY          599 0058   UX3HX         599 0020
QSO: 14025 CW 2017-08-13 0559 R9LY          599 0059   DK1KC         599 0241
QSO: 14025 CW 2017-08-13 0600 R9LY          599 0060   UW5Q          599 0162
QTC: 14025 CW 2017-08-13 0600 UW5Q          5/10       R9LY          0540 SP5CNA        0207
QTC: 14025 CW 2017-08-13 0600 UW5Q          5/10       R9LY          0540 YO8TTT        0403
QTC: 14025 CW 2017-08-13 0600 UW5Q          5/10       R9LY          0550 IB9T          0605
QTC: 14025 CW 2017-08-13 0600 UW5Q          5/10       R9LY          0550 DM3C          0397
QTC: 14025 CW 2017-08-13 0601 UW5Q          5/10       R9LY          0551 IZ3NYG        0204
QTC: 14025 CW 2017-08-13 0601 UW5Q          5/10       R9LY          0551 SP3FSM        0034
QTC: 14025 CW 2017-08-13 0601 UW5Q          5/10       R9LY          0552 LZ8Z          0038
QTC: 14025 CW 2017-08-13 0601 UW5Q          5/10       R9LY          0553 DM6DX         0205
QTC: 14025 CW 2017-08-13 0601 UW5Q          5/10       R9LY          0553 OH6RE         0002
QTC: 14025 CW 2017-08-13 0601 UW5Q          5/10       R9LY          0553 SD6M          0115
QSO: 14025 CW 2017-08-13 0602 R9LY          599 0061   DL6MHW        599 0264
QTC: 14025 CW 2017-08-13 0602 DL6MHW        6/10       R9LY          0554 SP2MKI        0112
QTC: 14025 CW 2017-08-13 0602 DL6MHW        6/10       R9LY          0554 UT5IA         0033
QTC: 14025 CW 2017-08-13 0602 DL6MHW        6/10       R9LY          0555 ON4KLG        0058
QTC: 14025 CW 2017-08-13 0602 DL6MHW        6/10       R9LY          0555 DF1MM         0258
QTC: 14025 CW 2017-08-13 0602 DL6MHW        6/10       R9LY          0556 EW6F          0084
QTC: 14025 CW 2017-08-13 0603 DL6MHW        6/10       R9LY          0556 OG55W         0005
QTC: 14025 CW 2017-08-13 0603 DL6MHW        6/10       R9LY          0556 PA5SKY        0081
QTC: 14025 CW 2017-08-13 0603 DL6MHW        6/10       R9LY          0557 RA/YL2TD      0022
QTC: 14025 CW 2017-08-13 0603 DL6MHW        6/10       R9LY          0557 DL3RHN        0121
QTC: 14025 CW 2017-08-13 0603 DL6MHW        6/10       R9LY          0557 UA1CUR        0092
QSO: 14025 CW 2017-08-13 0603 R9LY          599 0062   US7IY         599 0162
QSO: 14025 CW 2017-08-13 0604 R9LY          599 0063   DL1NKS        599 0250
QSO: 14025 CW 2017-08-13 0604 R9LY          599 0064   UT3EK         599 0101
QSO: 14025 CW 2017-08-13 0605 R9LY          599 0065   UR5MW         599 0290
QSO: 14025 CW 2017-08-13 0605 R9LY          599 0066   TM5N          599 0206
QSO: 14025 CW 2017-08-13 0606 R9LY          599 0067   YO4NF         599 0122
QSO: 14025 CW 2017-08-13 0606 R9LY          599 0068   DK0TU         599 0361
QSO: 14025 CW 2017-08-13 0606 R9LY          599 0069   DL5YL         599 0106
QSO: 14025 CW 2017-08-13 0607 R9LY          599 0070   SP5FKW        599 0013
QSO: 14025 CW 2017-08-13 0607 R9LY          599 0071   OH0R          599 0667
QTC: 14025 CW 2017-08-13 0607 OH0R          7/10       R9LY          0558 OL1B          0106
QTC: 14025 CW 2017-08-13 0608 OH0R          7/10       R9LY          0558 UX3HX         0020
QTC: 14025 CW 2017-08-13 0608 OH0R          7/10       R9LY          0559 DK1KC         0241
QTC: 14025 CW 2017-08-13 0608 OH0R          7/10       R9LY          0600 UW5Q          0162
QTC: 14025 CW 2017-08-13 0608 OH0R          7/10       R9LY          0602 DL6MHW        0264
QTC: 14025 CW 2017-08-13 0608 OH0R          7/10       R9LY          0603 US7IY         0162
QTC: 14025 CW 2017-08-13 0609 OH0R          7/10       R9LY          0604 DL1NKS        0250
QTC: 14025 CW 2017-08-13 0609 OH0R          7/10       R9LY          0604 UT3EK         0101
QTC: 14025 CW 2017-08-13 0609 OH0R          7/10       R9LY          0605 UR5MW         0290
QTC: 14025 CW 2017-08-13 0609 OH0R          7/10       R9LY          0605 TM5N          0206
QSO: 14025 CW 2017-08-13 0610 R9LY          599 0072   DL8DWW        599 0296
QSO: 14025 CW 2017-08-13 0610 R9LY          599 0073   SD1A          599 0072
QSO: 14025 CW 2017-08-13 0611 R9LY          599 0074   DF3OL         599 0079
QSO: 14025 CW 2017-08-13 0612 R9LY          599 0075   G4BUE         599 0107
QSO: 14025 CW 2017-08-13 0612 R9LY          599 0076   EW7M          599 0192
QSO: 14025 CW 2017-08-13 0613 R9LY          599 0077   DL1RNN        599 0102
QTC: 14025 CW 2017-08-13 0613 DL1RNN        8/10       R9LY          0606 YO4NF         0122
QTC: 14025 CW 2017-08-13 0613 DL1RNN        8/10       R9LY          0606 DK0TU         0361
QTC: 14025 CW 2017-08-13 0613 DL1RNN        8/10       R9LY          0606 DL5YL         0106
QTC: 14025 CW 2017-08-13 0614 DL1RNN        8/10       R9LY          0607 SP5FKW        0013
QTC: 14025 CW 2017-08-13 0614 DL1RNN        8/10       R9LY          0607 OH0R          0667
QTC: 14025 CW 2017-08-13 0614 DL1RNN        8/10       R9LY          0610 DL8DWW        0296
QTC: 14025 CW 2017-08-13 0614 DL1RNN        8/10       R9LY          0610 SD1A          0072
QTC: 14025 CW 2017-08-13 0614 DL1RNN        8/10       R9LY          0611 DF3OL         0079
QTC: 14025 CW 2017-08-13 0614 DL1RNN        8/10       R9LY          0612 G4BUE         0107
QTC: 14025 CW 2017-08-13 0615 DL1RNN        8/10       R9LY          0612 EW7M          0192
QSO: 14025 CW 2017-08-13 0615 R9LY          599 0078   SP5EAF        599 0019
QSO: 14025 CW 2017-08-13 0615 R9LY          599 0079   DK9MH         599 0028
QSO: 14025 CW 2017-08-13 0616 R9LY          599 0080   YO2CJX        599 0200
QSO: 14025 CW 2017-08-13 0628 R9LY          599 0081   UR5EPG        599 0018
QSO: 14025 CW 2017-08-13 0629 R9LY          599 0082   RX3MM         599 0023
QSO: 14025 CW 2017-08-13 0629 R9LY          599 0083   OP7B          599 0217
QSO: 14025 CW 2017-08-13 0630 R9LY          599 0084   DL5KUD        599 0175
QSO: 14025 CW 2017-08-13 0630 R9LY          599 0085   R3LC          599 0074
QSO: 14025 CW 2017-08-13 0631 R9LY          599 0086   DL2MIH        599 0044
QSO: 14025 CW 2017-08-13 0631 R9LY          599 0087   R3AQ          599 0052
QSO: 14025 CW 2017-08-13 0631 R9LY          599 0088   UV7V          599 0244
QSO: 14025 CW 2017-08-13 0632 R9LY          599 0089   EW8G          599 0028
QSO: 14025 CW 2017-08-13 0632 R9LY          599 0090   OJ0BH         599 0326
QSO: 14025 CW 2017-08-13 0633 R9LY          599 0091   OM8ON         599 0160
QSO: 14025 CW 2017-08-13 0633 R9LY          599 0092   DK1AX         599 0167
QSO: 14025 CW 2017-08-13 0633 R9LY          599 0093   RW3RQ         599 0006
QSO: 14025 CW 2017-08-13 0634 R9LY          599 0094   OK2QA         599 0177
QSO: 14025 CW 2017-08-13 0634 R9LY          599 0095   UC5D          599 0145
QSO: 14025 CW 2017-08-13 0635 R9LY          599 0096   UA9QCP/3      599 0020
QSO: 14025 CW 2017-08-13 0635 R9LY          599 0097   S56A          599 0291
QSO: 14025 CW 2017-08-13 0636 R9LY          599 0098   HA3OU         599 0200
QTC: 14025 CW 2017-08-13 0636 HA3OU         9/10       R9LY          0613 DL1RNN        0102
QTC: 14025 CW 2017-08-13 0636 HA3OU         9/10       R9LY          0615 SP5EAF        0019
QTC: 14025 CW 2017-08-13 0636 HA3OU         9/10       R9LY          0615 DK9MH         0028
QTC: 14025 CW 2017-08-13 0637 HA3OU         9/10       R9LY          0616 YO2CJX        0200
QTC: 14025 CW 2017-08-13 0637 HA3OU         9/10       R9LY          0628 UR5EPG        0018
QTC: 14025 CW 2017-08-13 0637 HA3OU         9/10       R9LY          0629 RX3MM         0023
QTC: 14025 CW 2017-08-13 0637 HA3OU         9/10       R9LY          0629 OP7B          0217
QTC: 14025 CW 2017-08-13 0637 HA3OU         9/10       R9LY          0630 DL5KUD        0175
QTC: 14025 CW 2017-08-13 0637 HA3OU         9/10       R9LY          0630 R3LC          0074
QTC: 14025 CW 2017-08-13 0637 HA3OU         9/10       R9LY          0631 DL2MIH        0044
QSO: 14025 CW 2017-08-13 0638 R9LY          599 0099   UX5VK         599 0038
QSO: 14025 CW 2017-08-13 0639 R9LY          599 0100   OZ5E          599 0680
QSO: 14025 CW 2017-08-13 0652 R9LY          599 0101   DL2ZA         599 0017
QSO: 14025 CW 2017-08-13 0653 R9LY          599 0102   EW2A          599 0346
QSO: 14025 CW 2017-08-13 0653 R9LY          599 0103   EW6M          599 0140
QTC: 14025 CW 2017-08-13 0654 EW6M          10/10      R9LY          0631 R3AQ          0052
QTC: 14025 CW 2017-08-13 0654 EW6M          10/10      R9LY          0631 UV7V          0244
QTC: 14025 CW 2017-08-13 0654 EW6M          10/10      R9LY          0632 EW8G          0028
QTC: 14025 CW 2017-08-13 0654 EW6M          10/10      R9LY          0632 OJ0BH         0326
QTC: 14025 CW 2017-08-13 0654 EW6M          10/10      R9LY          0633 OM8ON         0160
QTC: 14025 CW 2017-08-13 0654 EW6M          10/10      R9LY          0633 DK1AX         0167
QTC: 14025 CW 2017-08-13 0654 EW6M          10/10      R9LY          0633 RW3RQ         0006
QTC: 14025 CW 2017-08-13 0655 EW6M          10/10      R9LY          0634 OK2QA         0177
QTC: 14025 CW 2017-08-13 0655 EW6M          10/10      R9LY          0634 UC5D          0145
QTC: 14025 CW 2017-08-13 0655 EW6M          10/10      R9LY          0635 UA9QCP/3      0020
QSO: 14025 CW 2017-08-13 0655 R9LY          599 0104   EW8DX         599 0395
QTC: 14025 CW 2017-08-13 0656 YO9HP         11/7       R9LY          0635 S56A          0291
QTC: 14025 CW 2017-08-13 0656 YO9HP         11/7       R9LY          0636 HA3OU         0200
QTC: 14025 CW 2017-08-13 0656 YO9HP         11/7       R9LY          0638 UX5VK         0038
QTC: 14025 CW 2017-08-13 0656 YO9HP         11/7       R9LY          0639 OZ5E          0680
QTC: 14025 CW 2017-08-13 0656 YO9HP         11/7       R9LY          0652 DL2ZA         0017
QTC: 14025 CW 2017-08-13 0657 YO9HP         11/7       R9LY          0653 EW2A          0346
QTC: 14025 CW 2017-08-13 0657 YO9HP         11/7       R9LY          0655 EW8DX         0395
QSO: 14025 CW 2017-08-13 0657 R9LY          599 0105   UR7GO         599 0644
QSO: 14025 CW 2017-08-13 0658 R9LY          599 0106   UT5NR         599 0095
QSO: 14025 CW 2017-08-13 0658 R9LY          599 0107   DL7CX         599 0044
QSO: 14025 CW 2017-08-13 0658 R9LY          599 0108   GM3YOR        599 0093
QSO: 14025 CW 2017-08-13 0659 R9LY          599 0109   UX7IW         599 0193
QSO: 14025 CW 2017-08-13 0701 R9LY          599 0110   OK2IG         599 0001
QSO: 14016 CW 2017-08-13 1208 R9LY          599 0111   DL8UD         599 0205
QSO: 14016 CW 2017-08-13 1209 R9LY          599 0112   SP2EWQ        599 0121
QSO: 14016 CW 2017-08-13 1209 R9LY          599 0113   DJ7IK         599 0543
QTC: 14016 CW 2017-08-13 1209 DJ7IK         12/8       R9LY          0657 UR7GO         0644
QTC: 14016 CW 2017-08-13 1210 DJ7IK         12/8       R9LY          0658 UT5NR         0095
QTC: 14016 CW 2017-08-13 1210 DJ7IK         12/8       R9LY          0658 DL7CX         0044
QTC: 14016 CW 2017-08-13 1210 DJ7IK         12/8       R9LY          0658 GM3YOR        0093
QTC: 14016 CW 2017-08-13 1210 DJ7IK         12/8       R9LY          0659 UX7IW         0193
QTC: 14016 CW 2017-08-13 1210 DJ7IK         12/8       R9LY          0701 OK2IG         0001
QTC: 14016 CW 2017-08-13 1211 DJ7IK         12/8       R9LY          1208 DL8UD         0205
QTC: 14016 CW 2017-08-13 1211 DJ7IK         12/8       R9LY          1209 SP2EWQ        0121
QSO: 14016 CW 2017-08-13 1211 R9LY          599 0114   DL7ON         599 0696
QSO: 14016 CW 2017-08-13 1211 R9LY          599 0115   UA3KW         599 0236
QSO: 14016 CW 2017-08-13 1212 R9LY          599 0116   RW3AI         599 0030
QSO: 14016 CW 2017-08-13 1212 R9LY          599 0117   DL7ANR        599 0403
QSO: 14016 CW 2017-08-13 1212 R9LY          599 0118   LA2HFA        599 0057
QSO: 14016 CW 2017-08-13 1213 R9LY          599 0119   DL0UM         599 0502
QSO: 14016 CW 2017-08-13 1213 R9LY          599 0120   EW6EN         599 0080
QSO: 14016 CW 2017-08-13 1213 R9LY          599 0121   R7KX          599 0178
QSO: 14016 CW 2017-08-13 1214 R9LY          599 0122   PD0ME         599 0084
QSO: 14016 CW 2017-08-13 1214 R9LY          599 0123   UT5UQV        599 0040
QSO: 14016 CW 2017-08-13 1214 R9LY          599 0124   OK1KTI        599 0072
QSO: 14016 CW 2017-08-13 1215 R9LY          599 0125   DJ7MH         599 0043
QSO: 14016 CW 2017-08-13 1215 R9LY          599 0126   DJ7AT         599 0200
QSO: 14016 CW 2017-08-13 1215 R9LY          599 0127   YO4AAC        599 0076
QTC: 14016 CW 2017-08-13 1216 RU1A          13/2       R9LY          1209 DJ7IK         0543
QTC: 14016 CW 2017-08-13 1216 RU1A          13/2       R9LY          1211 DL7ON         0696
QSO: 14016 CW 2017-08-13 1217 R9LY          599 0128   DL4ME         599 0169
QTC: 14016 CW 2017-08-13 1217 DL4ME         14/10      R9LY          1211 UA3KW         0236
QTC: 14016 CW 2017-08-13 1217 DL4ME         14/10      R9LY          1212 RW3AI         0030
QTC: 14016 CW 2017-08-13 1217 DL4ME         14/10      R9LY          1212 DL7ANR        0403
QTC: 14016 CW 2017-08-13 1217 DL4ME         14/10      R9LY          1212 LA2HFA        0057
QTC: 14016 CW 2017-08-13 1218 DL4ME         14/10      R9LY          1213 DL0UM         0502
QTC: 14016 CW 2017-08-13 1218 DL4ME         14/10      R9LY          1213 EW6EN         0080
QTC: 14016 CW 2017-08-13 1218 DL4ME         14/10      R9LY          1213 R7KX          0178
QTC: 14016 CW 2017-08-13 1218 DL4ME         14/10      R9LY          1214 PD0ME         0084
QTC: 14016 CW 2017-08-13 1218 DL4ME         14/10      R9LY          1214 UT5UQV        0040
QTC: 14016 CW 2017-08-13 1218 DL4ME         14/10      R9LY          1214 OK1KTI        0072
QSO: 14016 CW 2017-08-13 1219 R9LY          599 0129   DL8DYL        599 0665
QTC: 14016 CW 2017-08-13 1219 DL8DYL        15/4       R9LY          1215 DJ7MH         0043
QTC: 14016 CW 2017-08-13 1219 DL8DYL        15/4       R9LY          1215 DJ7AT         0200
QTC: 14016 CW 2017-08-13 1219 DL8DYL        15/4       R9LY          1215 YO4AAC        0076
QTC: 14016 CW 2017-08-13 1219 DL8DYL        15/4       R9LY          1217 DL4ME         0169
QSO: 14016 CW 2017-08-13 1220 R9LY          599 0130   UT5C          599 0413
QSO: 14016 CW 2017-08-13 1220 R9LY          599 0131   UW2M          599 0897
QSO: 14016 CW 2017-08-13 1221 R9LY          599 0132   OK2ABU        599 0062
QSO: 14016 CW 2017-08-13 1221 R9LY          599 0133   OK1OA         599 0116
QSO: 14016 CW 2017-08-13 1222 R9LY          599 0134   SQ9S          599 0002
QSO: 14016 CW 2017-08-13 1222 R9LY          599 0135   DJ5MW         599 0949
QSO: 14016 CW 2017-08-13 1222 R9LY          599 0136   OM2VL         599 0853
QSO: 14016 CW 2017-08-13 1223 R9LY          599 0137   DL1FMG        599 0013
QSO: 14016 CW 2017-08-13 1224 R9LY          599 0138   OZ/DJ1XT      599 0186
QSO: 14016 CW 2017-08-13 1225 R9LY          599 0139   DD5MA         599 0053
QSO: 14016 CW 2017-08-13 1225 R9LY          599 0140   DL9ABM        599 0224
QTC: 14016 CW 2017-08-13 1225 DL9ABM        16/10      R9LY          1219 DL8DYL        0665
QTC: 14016 CW 2017-08-13 1225 DL9ABM        16/10      R9LY          1220 UT5C          0413
QTC: 14016 CW 2017-08-13 1226 DL9ABM        16/10      R9LY          1220 UW2M          0897
QTC: 14016 CW 2017-08-13 1226 DL9ABM        16/10      R9LY          1221 OK2ABU        0062
QTC: 14016 CW 2017-08-13 1226 DL9ABM        16/10      R9LY          1221 OK1OA         0116
QTC: 14016 CW 2017-08-13 1226 DL9ABM        16/10      R9LY          1222 SQ9S          0002
QTC: 14016 CW 2017-08-13 1226 DL9ABM        16/10      R9LY          1222 DJ5MW         0949
QTC: 14016 CW 2017-08-13 1226 DL9ABM        16/10      R9LY          1222 OM2VL         0853
QTC: 14016 CW 2017-08-13 1227 DL9ABM        16/10      R9LY          1223 DL1FMG        0013
QTC: 14016 CW 2017-08-13 1227 DL9ABM        16/10      R9LY          1224 OZ/DJ1XT      0186
QSO: 14016 CW 2017-08-13 1227 R9LY          599 0141   HB9DHG        599 0665
QSO: 14016 CW 2017-08-13 1227 R9LY          599 0142   EU3A          599 0179
QSO: 14016 CW 2017-08-13 1228 R9LY          599 0143   OG6N          599 0205
QSO: 14016 CW 2017-08-13 1228 R9LY          599 0144   SP2LNW        599 0382
QSO: 14016 CW 2017-08-13 1228 R9LY          599 0145   LX1NO         599 0228
QSO: 14016 CW 2017-08-13 1229 R9LY          599 0146   DL7AT         599 0187
QSO: 14016 CW 2017-08-13 1229 R9LY          599 0147   9A7DX         599 0478
QTC: 14016 CW 2017-08-13 1229 9A7DX         17/8       R9LY          1225 DD5MA         0053
QTC: 14016 CW 2017-08-13 1229 9A7DX         17/8       R9LY          1225 DL9ABM        0224
QTC: 14016 CW 2017-08-13 1229 9A7DX         17/8       R9LY          1227 HB9DHG        0665
QTC: 14016 CW 2017-08-13 1230 9A7DX         17/8       R9LY          1227 EU3A          0179
QTC: 14016 CW 2017-08-13 1230 9A7DX         17/8       R9LY          1228 OG6N          0205
QTC: 14016 CW 2017-08-13 1230 9A7DX         17/8       R9LY          1228 SP2LNW        0382
QTC: 14016 CW 2017-08-13 1230 9A7DX         17/8       R9LY          1228 LX1NO         0228
QTC: 14016 CW 2017-08-13 1230 9A7DX         17/8       R9LY          1229 DL7AT         0187
QSO: 14016 CW 2017-08-13 1231 R9LY          599 0148   DL1MAJ        599 0224
QSO: 14016 CW 2017-08-13 1231 R9LY          599 0149   DL5YM         599 0393
QSO: 14016 CW 2017-08-13 1231 R9LY          599 0150   DJ4MH         599 0196
QSO: 14016 CW 2017-08-13 1232 R9LY          599 0151   YQ6A          599 0198
QSO: 14016 CW 2017-08-13 1232 R9LY          599 0152   SP3DOF        599 0092
QSO: 14016 CW 2017-08-13 1233 R9LY          599 0153   DM6V          599 1021
QTC: 14016 CW 2017-08-13 1233 DM6V          18/6       R9LY          1229 9A7DX         0478
QTC: 14016 CW 2017-08-13 1233 DM6V          18/6       R9LY          1231 DL1MAJ        0224
QTC: 14016 CW 2017-08-13 1233 DM6V          18/6       R9LY          1231 DL5YM         0393
QTC: 14016 CW 2017-08-13 1233 DM6V          18/6       R9LY          1231 DJ4MH         0196
QTC: 14016 CW 2017-08-13 1233 DM6V          18/6       R9LY          1232 YQ6A          0198
QTC: 14016 CW 2017-08-13 1234 DM6V          18/6       R9LY          1232 SP3DOF        0092
QSO: 14016 CW 2017-08-13 1234 R9LY          599 0154   LY2TS         599 0083
QSO: 14016 CW 2017-08-13 1234 R9LY          599 0155   DJ1YFK        599 0864
QSO: 14016 CW 2017-08-13 1235 R9LY          599 0156   US4I          599 0113
QSO: 14016 CW 2017-08-13 1235 R9LY          599 0157   EA5YI         599 0028
QSO: 14016 CW 2017-08-13 1235 R9LY          599 0158   DK7TY         599 0193
QSO: 14016 CW 2017-08-13 1236 R9LY          599 0159   DK0JA         599 0106
QSO: 14016 CW 2017-08-13 1237 R9LY          599 0160   OE1H          599 0181
QSO: 14016 CW 2017-08-13 1238 R9LY          599 0161   SP4AWE        599 0137
QSO: 14016 CW 2017-08-13 1241 R9LY          599 0162   ED2A          599 0596
QSO: 14016 CW 2017-08-13 1241 R9LY          599 0163   PA4VHF        599 0308
QTC: 14016 CW 2017-08-13 1241 PA4VHF        19/9       R9LY          1234 LY2TS         0083
QTC: 14016 CW 2017-08-13 1241 PA4VHF        19/9       R9LY          1234 DJ1YFK        0864
QTC: 14016 CW 2017-08-13 1242 PA4VHF        19/9       R9LY          1235 US4I          0113
QTC: 14016 CW 2017-08-13 1242 PA4VHF        19/9       R9LY          1235 EA5YI         0028
QTC: 14016 CW 2017-08-13 1242 PA4VHF        19/9       R9LY          1235 DK7TY         0193
QTC: 14016 CW 2017-08-13 1242 PA4VHF        19/9       R9LY          1236 DK0JA         0106
QTC: 14016 CW 2017-08-13 1243 PA4VHF        19/9       R9LY          1237 OE1H          0181
QTC: 14016 CW 2017-08-13 1243 PA4VHF        19/9       R9LY          1238 SP4AWE        0137
QTC: 14016 CW 2017-08-13 1243 PA4VHF        19/9       R9LY          1241 ED2A          0596
QSO: 14016 CW 2017-08-13 1243 R9LY          599 0164   R6GE          599 0104
QSO: 14016 CW 2017-08-13 1244 R9LY          599 0165   UR6EA         599 0075
QSO: 14016 CW 2017-08-13 1245 R9LY          599 0166   EW1P          599 0210
QSO: 14016 CW 2017-08-13 1246 R9LY          599 0167   S59ABC        599 0722
QSO: 14016 CW 2017-08-13 1246 R9LY          599 0168   PA5FN         599 0108
QSO: 14016 CW 2017-08-13 1247 R9LY          599 0169   DL9GFB        599 0010
QSO: 14016 CW 2017-08-13 1247 R9LY          599 0170   UT7HM         599 0077
QSO: 14016 CW 2017-08-13 1248 R9LY          599 0171   I2WIJ         599 0150
QSO: 14016 CW 2017-08-13 1248 R9LY          599 0172   DL7AWO        599 0047
QSO: 14016 CW 2017-08-13 1249 R9LY          599 0173   LY5W          599 0505
QTC: 14016 CW 2017-08-13 1249 LY5W          20/10      R9LY          1241 PA4VHF        0308
QTC: 14016 CW 2017-08-13 1249 LY5W          20/10      R9LY          1243 R6GE          0104
QTC: 14016 CW 2017-08-13 1249 LY5W          20/10      R9LY          1244 UR6EA         0075
QTC: 14016 CW 2017-08-13 1250 LY5W          20/10      R9LY          1245 EW1P          0210
QTC: 14016 CW 2017-08-13 1250 LY5W          20/10      R9LY          1246 S59ABC        0722
QTC: 14016 CW 2017-08-13 1250 LY5W          20/10      R9LY          1246 PA5FN         0108
QTC: 14016 CW 2017-08-13 1250 LY5W          20/10      R9LY          1247 DL9GFB        0010
QTC: 14016 CW 2017-08-13 1250 LY5W          20/10      R9LY          1247 UT7HM         0077
QTC: 14016 CW 2017-08-13 1250 LY5W          20/10      R9LY          1248 I2WIJ         0150
QTC: 14016 CW 2017-08-13 1250 LY5W          20/10      R9LY          1248 DL7AWO        0047
QSO: 14016 CW 2017-08-13 1251 R9LY          599 0174   SN7Q          599 0894
QSO: 14016 CW 2017-08-13 1251 R9LY          599 0175   DJ2AX         599 0087
QSO: 14016 CW 2017-08-13 1251 R9LY          599 0176   DM5A          599 0106
QSO: 14016 CW 2017-08-13 1252 R9LY          599 0177   DL2DX         599 0270
QSO: 14016 CW 2017-08-13 1252 R9LY          599 0178   DJ3CQ         599 0136
QSO: 14016 CW 2017-08-13 1252 R9LY          599 0179   OH6BA         599 0064
QSO: 14016 CW 2017-08-13 1253 R9LY          599 0180   DL4UCS        599 0114
QSO: 14016 CW 2017-08-13 1302 R9LY          599 0181   G8APB         599 0110
QSO: 14016 CW 2017-08-13 1302 R9LY          599 0182   OP4K          599 0482
QSO: 14016 CW 2017-08-13 1302 R9LY          599 0183   UT0NT         599 0120
QSO: 14016 CW 2017-08-13 1303 R9LY          599 0184   DL5JQ         599 0232
QSO: 14016 CW 2017-08-13 1303 R9LY          599 0185   UA1AFT        599 0248
QSO: 14016 CW 2017-08-13 1304 R9LY          599 0186   DM3ZM         599 0183
QSO: 14016 CW 2017-08-13 1305 R9LY          599 0187   DM5JBN        599 0075
QSO: 14016 CW 2017-08-13 1305 R9LY          599 0188   IR2C          599 0798
QTC: 14016 CW 2017-08-13 1305 IR2C          21/10      R9LY          1249 LY5W          0505
QTC: 14016 CW 2017-08-13 1305 IR2C          21/10      R9LY          1251 SN7Q          0894
QTC: 14016 CW 2017-08-13 1306 IR2C          21/10      R9LY          1251 DJ2AX         0087
QTC: 14016 CW 2017-08-13 1306 IR2C          21/10      R9LY          1251 DM5A          0106
QTC: 14016 CW 2017-08-13 1306 IR2C          21/10      R9LY          1252 DL2DX         0270
QTC: 14016 CW 2017-08-13 1307 IR2C          21/10      R9LY          1252 DJ3CQ         0136
QTC: 14016 CW 2017-08-13 1307 IR2C          21/10      R9LY          1252 OH6BA         0064
QTC: 14016 CW 2017-08-13 1307 IR2C          21/10      R9LY          1253 DL4UCS        0114
QTC: 14016 CW 2017-08-13 1307 IR2C          21/10      R9LY          1302 G8APB         0110
QTC: 14016 CW 2017-08-13 1307 IR2C          21/10      R9LY          1302 OP4K          0482
QSO: 14016 CW 2017-08-13 1308 R9LY          599 0189   SM9A          599 0041
QSO: 14016 CW 2017-08-13 1309 R9LY          599 0190   DJ6OZ         599 0268
QSO: 14016 CW 2017-08-13 1309 R9LY          599 0191   OM3R          599 0185
QSO: 14016 CW 2017-08-13 1309 R9LY          599 0192   HG4I          599 0035
QSO: 14016 CW 2017-08-13 1310 R9LY          599 0193   SP5Y          599 0235
QSO: 14016 CW 2017-08-13 1310 R9LY          599 0194   LY1FK         599 0060
QSO: 14016 CW 2017-08-13 1311 R9LY          599 0195   MW4R          599 0184
QSO: 14016 CW 2017-08-13 1311 R9LY          599 0196   DL9SEV        599 0043
QSO: 14016 CW 2017-08-13 1311 R9LY          599 0197   HA8TP         599 0129
QSO: 14016 CW 2017-08-13 1312 R9LY          599 0198   DL5MAE        599 0264
QTC: 14016 CW 2017-08-13 1312 DL5MAE        22/10      R9LY          1302 UT0NT         0120
QTC: 14016 CW 2017-08-13 1312 DL5MAE        22/10      R9LY          1303 DL5JQ         0232
QTC: 14016 CW 2017-08-13 1312 DL5MAE        22/10      R9LY          1303 UA1AFT        0248
QTC: 14016 CW 2017-08-13 1313 DL5MAE        22/10      R9LY          1304 DM3ZM         0183
QTC: 14016 CW 2017-08-13 1313 DL5MAE        22/10      R9LY          1305 DM5JBN        0075
QTC: 14016 CW 2017-08-13 1313 DL5MAE        22/10      R9LY          1308 SM9A          0041
QTC: 14016 CW 2017-08-13 1313 DL5MAE        22/10      R9LY          1309 DJ6OZ         0268
QTC: 14016 CW 2017-08-13 1313 DL5MAE        22/10      R9LY          1309 OM3R          0185
QTC: 14016 CW 2017-08-13 1314 DL5MAE        22/10      R9LY          1309 HG4I          0035
QTC: 14016 CW 2017-08-13 1314 DL5MAE        22/10      R9LY          1310 SP5Y          0235
QSO: 14016 CW 2017-08-13 1314 R9LY          599 0199   DL1EAL        599 0093
QSO: 14016 CW 2017-08-13 1315 R9LY          599 0200   SP9PKZ        599 0129
QSO: 14016 CW 2017-08-13 1315 R9LY          599 0201   R7KU          599 0023
QSO: 14016 CW 2017-08-13 1315 R9LY          599 0202   UX1VX         599 0077
QSO: 14016 CW 2017-08-13 1316 R9LY          599 0203   OM6AL         599 0116
QSO: 14016 CW 2017-08-13 1316 R9LY          599 0204   DL1RTL        599 0187
QSO: 14016 CW 2017-08-13 1316 R9LY          599 0205   YO4SI         599 0128
QSO: 14016 CW 2017-08-13 1317 R9LY          599 0206   OK2BFN        599 0127
QTC: 14016 CW 2017-08-13 1318 OK2BFN        23/10      R9LY          1310 LY1FK         0060
QTC: 14016 CW 2017-08-13 1318 OK2BFN        23/10      R9LY          1311 MW4R          0184
QTC: 14016 CW 2017-08-13 1318 OK2BFN        23/10      R9LY          1311 DL9SEV        0043
QTC: 14016 CW 2017-08-13 1318 OK2BFN        23/10      R9LY          1311 HA8TP         0129
QTC: 14016 CW 2017-08-13 1318 OK2BFN        23/10      R9LY          1312 DL5MAE        0264
QTC: 14016 CW 2017-08-13 1318 OK2BFN        23/10      R9LY          1314 DL1EAL        0093
QTC: 14016 CW 2017-08-13 1319 OK2BFN        23/10      R9LY          1315 SP9PKZ        0129
QTC: 14016 CW 2017-08-13 1319 OK2BFN        23/10      R9LY          1315 R7KU          0023
QTC: 14016 CW 2017-08-13 1319 OK2BFN        23/10      R9LY          1315 UX1VX         0077
QTC: 14016 CW 2017-08-13 1319 OK2BFN        23/10      R9LY          1316 OM6AL         0116
QSO: 14016 CW 2017-08-13 1319 R9LY          599 0207   DL1BUG        599 0488
QSO: 14016 CW 2017-08-13 1320 R9LY          599 0208   LA2US         599 0052
QSO: 14016 CW 2017-08-13 1320 R9LY          599 0209   DJ9DZ         599 0125
QSO: 14016 CW 2017-08-13 1320 R9LY          599 0210   SM6EWB        599 0052
QSO: 14016 CW 2017-08-13 1321 R9LY          599 0211   F5FJ          599 0009
QSO: 14016 CW 2017-08-13 1321 R9LY          599 0212   RX7K          599 0035
QTC: 14016 CW 2017-08-13 1322 RX7K          24/8       R9LY          1316 DL1RTL        0187
QTC: 14016 CW 2017-08-13 1322 RX7K          24/8       R9LY          1316 YO4SI         0128
QTC: 14016 CW 2017-08-13 1322 RX7K          24/8       R9LY          1317 OK2BFN        0127
QTC: 14016 CW 2017-08-13 1322 RX7K          24/8       R9LY          1319 DL1BUG        0488
QTC: 14016 CW 2017-08-13 1322 RX7K          24/8       R9LY          1320 LA2US         0052
QTC: 14016 CW 2017-08-13 1323 RX7K          24/8       R9LY          1320 DJ9DZ         0125
QTC: 14016 CW 2017-08-13 1323 RX7K          24/8       R9LY          1320 SM6EWB        0052
QTC: 14016 CW 2017-08-13 1323 RX7K          24/8       R9LY          1321 F5FJ          0009
QSO: 14017 CW 2017-08-13 1325 R9LY          599 0213   UY7C          599 0230
QSO: 14017 CW 2017-08-13 1325 R9LY          599 0214   I2IFT         599 0473
QSO: 14017 CW 2017-08-13 1326 R9LY          599 0215   S57AY         599 0007
QSO: 14019 CW 2017-08-13 1328 R9LY          599 0216   OK2SGW        599 0172
QSO: 14019 CW 2017-08-13 1329 R9LY          599 0217   OK3MO         599 0018
QSO: 14019 CW 2017-08-13 1329 R9LY          599 0218   DF5EG         599 0072
QSO: 14019 CW 2017-08-13 1330 R9LY          599 0219   EU1FQ         599 0139
QSO: 14019 CW 2017-08-13 1330 R9LY          599 0220   OZ7BQ         599 0141
QSO: 14019 CW 2017-08-13 1330 R9LY          599 0221   UY5TE         599 0049
QSO: 14019 CW 2017-08-13 1331 R9LY          599 0222   DL1HAA        599 0155
QTC: 14019 CW 2017-08-13 1332 SP9PKZ        25/10      R9LY          1321 RX7K          0035
QTC: 14019 CW 2017-08-13 1332 SP9PKZ        25/10      R9LY          1325 UY7C          0230
QTC: 14019 CW 2017-08-13 1332 SP9PKZ        25/10      R9LY          1325 I2IFT         0473
QTC: 14019 CW 2017-08-13 1333 SP9PKZ        25/10      R9LY          1326 S57AY         0007
QTC: 14019 CW 2017-08-13 1333 SP9PKZ        25/10      R9LY          1328 OK2SGW        0172
QTC: 14019 CW 2017-08-13 1333 SP9PKZ        25/10      R9LY          1329 OK3MO         0018
QTC: 14019 CW 2017-08-13 1333 SP9PKZ        25/10      R9LY          1329 DF5EG         0072
QTC: 14019 CW 2017-08-13 1334 SP9PKZ        25/10      R9LY          1330 EU1FQ         0139
QTC: 14019 CW 2017-08-13 1334 SP9PKZ        25/10      R9LY          1330 OZ7BQ         0141
QTC: 14019 CW 2017-08-13 1334 SP9PKZ        25/10      R9LY          1330 UY5TE         0049
QSO: 14019 CW 2017-08-13 1335 R9LY          599 0223   OK1MKU        599 0132
QSO: 14019 CW 2017-08-13 1335 R9LY          599 0224   IZ3ETU        599 0019
QSO: 14019 CW 2017-08-13 1336 R9LY          599 0225   DF5QC         599 0004
QSO: 14019 CW 2017-08-13 1337 R9LY          599 0226   DJ8EW         599 0258
QSO: 14019 CW 2017-08-13 1338 R9LY          599 0227   E77EA         599 0166
QSO: 14019 CW 2017-08-13 1340 R9LY          599 0228   EU6DX         599 0126
QSO: 14019 CW 2017-08-13 1340 R9LY          599 0229   S58WW         599 0038
QSO: 14019 CW 2017-08-13 1342 R9LY          599 0230   PA1LIO        599 0053
QSO: 14019 CW 2017-08-13 1344 R9LY          599 0231   LY2PX         599 0038
QSO: 14019 CW 2017-08-13 1345 R9LY          599 0232   DL8QS         599 0243
QSO: 14019 CW 2017-08-13 1346 R9LY          599 0233   IZ3SQW        599 0339
QSO: 14019 CW 2017-08-13 1347 R9LY          599 0234   SP2DKI        599 0053
QSO: 14019 CW 2017-08-13 1347 R9LY          599 0235   DK9OY         599 0303
QTC: 14019 CW 2017-08-13 1349 SE4E          26/10      R9LY          1331 DL1HAA        0155
QTC: 14019 CW 2017-08-13 1349 SE4E          26/10      R9LY          1335 OK1MKU        0132
QTC: 14019 CW 2017-08-13 1349 SE4E          26/10      R9LY          1335 IZ3ETU        0019
QTC: 14019 CW 2017-08-13 1350 SE4E          26/10      R9LY          1336 DF5QC         0004
QTC: 14019 CW 2017-08-13 1350 SE4E          26/10      R9LY          1337 DJ8EW         0258
QTC: 14019 CW 2017-08-13 1350 SE4E          26/10      R9LY          1338 E77EA         0166
QTC: 14019 CW 2017-08-13 1350 SE4E          26/10      R9LY          1340 EU6DX         0126
QTC: 14019 CW 2017-08-13 1350 SE4E          26/10      R9LY          1340 S58WW         0038
QTC: 14019 CW 2017-08-13 1350 SE4E          26/10      R9LY          1342 PA1LIO        0053
QTC: 14019 CW 2017-08-13 1351 SE4E          26/10      R9LY          1344 LY2PX         0038
QSO: 14019 CW 2017-08-13 1353 R9LY          599 0236   DL1GBQ        599 0188
QSO: 14019 CW 2017-08-13 1353 R9LY          599 0237   DK5DQ         599 0354
QSO: 14019 CW 2017-08-13 1353 R9LY          599 0238   DK0MM         599 0342
QSO: 14019 CW 2017-08-13 1354 R9LY          599 0239   PA3GRM        599 0069
QSO: 14019 CW 2017-08-13 1355 R9LY          599 0240   DL5GAC        599 0034
QSO: 14019 CW 2017-08-13 1356 R9LY          599 0241   DL4DZ         599 0138
QTC: 14019 CW 2017-08-13 1356 DL4DZ         27/9       R9LY          1345 DL8QS         0243
QTC: 14019 CW 2017-08-13 1356 DL4DZ         27/9       R9LY          1346 IZ3SQW        0339
QTC: 14019 CW 2017-08-13 1356 DL4DZ         27/9       R9LY          1347 SP2DKI        0053
QTC: 14019 CW 2017-08-13 1357 DL4DZ         27/9       R9LY          1347 DK9OY         0303
QTC: 14019 CW 2017-08-13 1357 DL4DZ         27/9       R9LY          1353 DL1GBQ        0188
QTC: 14019 CW 2017-08-13 1357 DL4DZ         27/9       R9LY          1353 DK5DQ         0354
QTC: 14019 CW 2017-08-13 1357 DL4DZ         27/9       R9LY          1353 DK0MM         0342
QTC: 14019 CW 2017-08-13 1357 DL4DZ         27/9       R9LY          1354 PA3GRM        0069
QTC: 14019 CW 2017-08-13 1357 DL4DZ         27/9       R9LY          1355 DL5GAC        0034
QSO: 14019 CW 2017-08-13 1358 R9LY          599 0242   G3XTT         599 0283
QSO: 14019 CW 2017-08-13 1358 R9LY          599 0243   DL8ZAJ        599 0010
QSO: 14019 CW 2017-08-13 1358 R9LY          599 0244   DL7YS         599 0205
QSO: 14019 CW 2017-08-13 1359 R9LY          599 0245   HB9BUN        599 0348
QSO: 14019 CW 2017-08-13 1400 R9LY          599 0246   DL3DRN        599 0017
QSO: 14019 CW 2017-08-13 1401 R9LY          599 0247   OM7OM         599 0070
QSO: 14019 CW 2017-08-13 1402 R9LY          599 0248   DL3KWF        599 0034
QSO: 14019 CW 2017-08-13 1402 R9LY          599 0249   DL8UIL        599 0151
QSO: 14019 CW 2017-08-13 1403 R9LY          599 0250   SQ9FQY        599 0021
QSO: 14019 CW 2017-08-13 1403 R9LY          599 0251   DL6UD         599 0229
QSO: 14019 CW 2017-08-13 1405 R9LY          599 0252   OK1TFH        599 0041
QSO: 14019 CW 2017-08-13 1405 R9LY          599 0253   DK7HA         599 0184
QTC: 14019 CW 2017-08-13 1405 DK7HA         28/10      R9LY          1356 DL4DZ         0138
QTC: 14019 CW 2017-08-13 1406 DK7HA         28/10      R9LY          1358 G3XTT         0283
QTC: 14019 CW 2017-08-13 1406 DK7HA         28/10      R9LY          1358 DL8ZAJ        0010
QTC: 14019 CW 2017-08-13 1406 DK7HA         28/10      R9LY          1358 DL7YS         0205
QTC: 14019 CW 2017-08-13 1406 DK7HA         28/10      R9LY          1359 HB9BUN        0348
QTC: 14019 CW 2017-08-13 1406 DK7HA         28/10      R9LY          1400 DL3DRN        0017
QTC: 14019 CW 2017-08-13 1406 DK7HA         28/10      R9LY          1401 OM7OM         0070
QTC: 14019 CW 2017-08-13 1407 DK7HA         28/10      R9LY          1402 DL3KWF        0034
QTC: 14019 CW 2017-08-13 1407 DK7HA         28/10      R9LY          1402 DL8UIL        0151
QTC: 14019 CW 2017-08-13 1407 DK7HA         28/10      R9LY          1403 SQ9FQY        0021
QSO: 14012 CW 2017-08-13 1412 R9LY          599 0254   YO4KAK        599 0061
QSO: 14011 CW 2017-08-13 1452 R9LY          599 0255   YU7KW         599 0117
QSO: 14011 CW 2017-08-13 1453 R9LY          599 0256   SP8GQU        599 0028
QSO: 14011 CW 2017-08-13 1454 R9LY          599 0257   DL5CL         599 0052
QSO: 14011 CW 2017-08-13 1454 R9LY          599 0258   SP2FAP        599 0079
QSO: 14011 CW 2017-08-13 1457 R9LY          599 0259   DL7GW         599 0018
QSO: 14011 CW 2017-08-13 1457 R9LY          599 0260   TK/DL2SAX     599 0059
QSO: 14011 CW 2017-08-13 1458 R9LY          599 0261   IK2AIT        599 0133
QSO: 14011 CW 2017-08-13 1459 R9LY          599 0262   DA3T          599 0115
QSO: 14011 CW 2017-08-13 1459 R9LY          599 0263   DL6UKL        599 0040
QSO: 14011 CW 2017-08-13 1500 R9LY          599 0264   2E0FFT        599 0023
QSO: 14011 CW 2017-08-13 1501 R9LY          599 0265   YT7AR         599 0016
QSO: 14011 CW 2017-08-13 1501 R9LY          599 0266   DH6RS         599 0121
QSO: 14011 CW 2017-08-13 1502 R9LY          599 0267   LZ1GE         599 0122
QTC: 14011 CW 2017-08-13 1502 I2WIJ         29/10      R9LY          1403 DL6UD         0229
QTC: 14011 CW 2017-08-13 1502 I2WIJ         29/10      R9LY          1405 OK1TFH        0041
QTC: 14011 CW 2017-08-13 1503 I2WIJ         29/10      R9LY          1405 DK7HA         0184
QTC: 14011 CW 2017-08-13 1503 I2WIJ         29/10      R9LY          1412 YO4KAK        0061
QTC: 14011 CW 2017-08-13 1503 I2WIJ         29/10      R9LY          1452 YU7KW         0117
QTC: 14011 CW 2017-08-13 1503 I2WIJ         29/10      R9LY          1453 SP8GQU        0028
QTC: 14011 CW 2017-08-13 1503 I2WIJ         29/10      R9LY          1454 DL5CL         0052
QTC: 14011 CW 2017-08-13 1504 I2WIJ         29/10      R9LY          1454 SP2FAP        0079
QTC: 14011 CW 2017-08-13 1504 I2WIJ         29/10      R9LY          1457 DL7GW         0018
QTC: 14011 CW 2017-08-13 1504 I2WIJ         29/10      R9LY          1457 TK/DL2SAX     0059
QSO: 14011 CW 2017-08-13 1505 R9LY          599 0268   OZ4CG         599 0023
QSO: 14011 CW 2017-08-13 1505 R9LY          599 0269   DJ1YF         599 0080
QSO: 14011 CW 2017-08-13 1506 R9LY          599 0270   DL1HBT        599 0141
QTC: 14011 CW 2017-08-13 1506 HG7T          30/10      R9LY          1458 IK2AIT        0133
QTC: 14011 CW 2017-08-13 1506 HG7T          30/10      R9LY          1459 DA3T          0115
QTC: 14011 CW 2017-08-13 1506 HG7T          30/10      R9LY          1459 DL6UKL        0040
QTC: 14011 CW 2017-08-13 1506 HG7T          30/10      R9LY          1500 2E0FFT        0023
QTC: 14011 CW 2017-08-13 1507 HG7T          30/10      R9LY          1501 YT7AR         0016
QTC: 14011 CW 2017-08-13 1507 HG7T          30/10      R9LY          1501 DH6RS         0121
QTC: 14011 CW 2017-08-13 1507 HG7T          30/10      R9LY          1502 LZ1GE         0122
QTC: 14011 CW 2017-08-13 1507 HG7T          30/10      R9LY          1505 OZ4CG         0023
QTC: 14011 CW 2017-08-13 1507 HG7T          30/10      R9LY          1505 DJ1YF         0080
QTC: 14011 CW 2017-08-13 1507 HG7T          30/10      R9LY          1506 DL1HBT        0141
QSO: 14011 CW 2017-08-13 1508 R9LY          599 0271   M0TTT         599 0045
QSO: 14011 CW 2017-08-13 1508 R9LY          599 0272   DL6RAI        599 0267
QSO: 14011 CW 2017-08-13 1509 R9LY          599 0273   HA2OS         599 0096
QSO: 14011 CW 2017-08-13 1510 R9LY          599 0274   IB2A          599 0019
QSO: 14011 CW 2017-08-13 1510 R9LY          599 0275   DF5TR         599 0059
QSO: 14011 CW 2017-08-13 1511 R9LY          599 0276   DL7NX         599 0060
QSO: 14011 CW 2017-08-13 1511 R9LY          599 0277   SI5Y          599 0005
QSO: 14011 CW 2017-08-13 1512 R9LY          599 0278   DJ5MY         599 0301
QSO: 14011 CW 2017-08-13 1512 R9LY          599 0279   SP3CW         599 0149
QTC: 14011 CW 2017-08-13 1512 SP3CW         31/8       R9LY          1508 M0TTT         0045
QTC: 14011 CW 2017-08-13 1512 SP3CW         31/8       R9LY          1508 DL6RAI        0267
QTC: 14011 CW 2017-08-13 1513 SP3CW         31/8       R9LY          1509 HA2OS         0096
QTC: 14011 CW 2017-08-13 1513 SP3CW         31/8       R9LY          1510 IB2A          0019
QTC: 14011 CW 2017-08-13 1513 SP3CW         31/8       R9LY          1510 DF5TR         0059
QTC: 14011 CW 2017-08-13 1513 SP3CW         31/8       R9LY          1511 DL7NX         0060
QTC: 14011 CW 2017-08-13 1513 SP3CW         31/8       R9LY          1511 SI5Y          0005
QTC: 14011 CW 2017-08-13 1513 SP3CW         31/8       R9LY          1512 DJ5MY         0301
QSO: 14011 CW 2017-08-13 1514 R9LY          599 0280   S51Z          599 0239
QSO: 14011 CW 2017-08-13 1514 R9LY          599 0281   DF8TM         599 0162
QSO: 14011 CW 2017-08-13 1515 R9LY          599 0282   9A2AJ         599 0602
QSO: 14011 CW 2017-08-13 1515 R9LY          599 0283   OE1XA         599 0018
QSO: 14011 CW 2017-08-13 1516 R9LY          599 0284   DK5KF         599 0017
QSO: 14011 CW 2017-08-13 1517 R9LY          599 0285   LZ1ND         599 0115
QSO: 14011 CW 2017-08-13 1517 R9LY          599 0286   9A3IH         599 0149
QSO: 14011 CW 2017-08-13 1518 R9LY          599 0287   OQ5M          599 0270
QTC: 14011 CW 2017-08-13 1518 OQ5M          32/8       R9LY          1512 SP3CW         0149
QTC: 14011 CW 2017-08-13 1518 OQ5M          32/8       R9LY          1514 S51Z          0239
QTC: 14011 CW 2017-08-13 1518 OQ5M          32/8       R9LY          1514 DF8TM         0162
QTC: 14011 CW 2017-08-13 1519 OQ5M          32/8       R9LY          1515 9A2AJ         0602
QTC: 14011 CW 2017-08-13 1519 OQ5M          32/8       R9LY          1515 OE1XA         0018
QTC: 14011 CW 2017-08-13 1519 OQ5M          32/8       R9LY          1516 DK5KF         0017
QTC: 14011 CW 2017-08-13 1519 OQ5M          32/8       R9LY          1517 LZ1ND         0115
QTC: 14011 CW 2017-08-13 1519 OQ5M          32/8       R9LY          1517 9A3IH         0149
QSO: 14011 CW 2017-08-13 1521 R9LY          599 0288   YO2CEQ        599 0039
QSO: 14011 CW 2017-08-13 1522 R9LY          599 0289   SP1AEN        599 0136
QSO: 14011 CW 2017-08-13 1522 R9LY          599 0290   OR5T          599 0060
QSO: 14011 CW 2017-08-13 1522 R9LY          599 0291   YO7CVL        599 0067
QSO: 14011 CW 2017-08-13 1523 R9LY          599 0292   G3VIP         599 0044
QSO: 14011 CW 2017-08-13 1523 R9LY          599 0293   OK8KM         599 0042
QSO: 14011 CW 2017-08-13 1524 R9LY          599 0294   HA5NR         599 0134
QSO: 14011 CW 2017-08-13 1524 R9LY          599 0295   DL8TG         599 0064
QTC: 14011 CW 2017-08-13 1526 UR7GO         33/9       R9LY          1518 OQ5M          0270
QTC: 14011 CW 2017-08-13 1526 UR7GO         33/9       R9LY          1521 YO2CEQ        0039
QTC: 14011 CW 2017-08-13 1526 UR7GO         33/9       R9LY          1522 SP1AEN        0136
QTC: 14011 CW 2017-08-13 1527 UR7GO         33/9       R9LY          1522 OR5T          0060
QTC: 14011 CW 2017-08-13 1527 UR7GO         33/9       R9LY          1522 YO7CVL        0067
QTC: 14011 CW 2017-08-13 1527 UR7GO         33/9       R9LY          1523 G3VIP         0044
QTC: 14011 CW 2017-08-13 1527 UR7GO         33/9       R9LY          1523 OK8KM         0042
QTC: 14011 CW 2017-08-13 1527 UR7GO         33/9       R9LY          1524 HA5NR         0134
QTC: 14011 CW 2017-08-13 1527 UR7GO         33/9       R9LY          1524 DL8TG         0064
QSO: 14011 CW 2017-08-13 1528 R9LY          599 0296   DM4EE         599 0047
QSO: 14011 CW 2017-08-13 1528 R9LY          599 0297   LZ/S55M       599 0149
QSO: 14011 CW 2017-08-13 1529 R9LY          599 0298   YT8A          599 0495
QSO: 14011 CW 2017-08-13 1529 R9LY          599 0299   S53R          599 0551
QSO: 14011 CW 2017-08-13 1530 R9LY          599 0300   DL2MDU        599 0377
QSO: 14011 CW 2017-08-13 1530 R9LY          599 0301   DJ9SO         599 0027
QSO: 14011 CW 2017-08-13 1531 R9LY          599 0302   SP9FMP        599 0023
QSO: 14011 CW 2017-08-13 1532 R9LY          599 0303   HA1AS         599 0079
QSO: 14011 CW 2017-08-13 1534 R9LY          599 0304   OK2SFP        599 0013
QSO: 14011 CW 2017-08-13 1534 R9LY          599 0305   LY4T          599 0200
QSO: 14011 CW 2017-08-13 1535 R9LY          599 0306   PA7LV         599 0162
QSO: 14011 CW 2017-08-13 1535 R9LY          599 0307   DJ1AA         599 0095
QSO: 14011 CW 2017-08-13 1536 R9LY          599 0308   DL5ANS        599 0063
QSO: 14011 CW 2017-08-13 1536 R9LY          599 0309   EA7URI        599 0089
QSO: 14011 CW 2017-08-13 1536 R9LY          599 0310   LA7SI         599 0062
QSO: 14011 CW 2017-08-13 1537 R9LY          599 0311   DK5QN         599 0176
QSO: 14011 CW 2017-08-13 1538 R9LY          599 0312   DL2KUZ        599 0001
QSO: 14011 CW 2017-08-13 1539 R9LY          599 0313   SP3BES        599 0012
QTC: 14016 CW 2017-08-13 1602 9A7DX         34/2       R9LY          1528 DM4EE         0047
QTC: 14016 CW 2017-08-13 1602 9A7DX         34/2       R9LY          1528 LZ/S55M       0149
QSO: 14016 CW 2017-08-13 1602 R9LY          599 0314   G3VGZ         599 0180
QSO: 14016 CW 2017-08-13 1603 R9LY          599 0315   DG0AM         599 0152
QSO: 14016 CW 2017-08-13 1604 R9LY          599 0316   DL4HG         599 0191
QTC: 14016 CW 2017-08-13 1606 R7KX          35/10      R9LY          1529 YT8A          0495
QTC: 14016 CW 2017-08-13 1606 R7KX          35/10      R9LY          1529 S53R          0551
QTC: 14016 CW 2017-08-13 1606 R7KX          35/10      R9LY          1530 DL2MDU        0377
QTC: 14016 CW 2017-08-13 1606 R7KX          35/10      R9LY          1530 DJ9SO         0027
QTC: 14016 CW 2017-08-13 1606 R7KX          35/10      R9LY          1531 SP9FMP        0023
QTC: 14016 CW 2017-08-13 1606 R7KX          35/10      R9LY          1532 HA1AS         0079
QTC: 14016 CW 2017-08-13 1607 R7KX          35/10      R9LY          1534 OK2SFP        0013
QTC: 14016 CW 2017-08-13 1607 R7KX          35/10      R9LY          1534 LY4T          0200
QTC: 14016 CW 2017-08-13 1607 R7KX          35/10      R9LY          1535 PA7LV         0162
QTC: 14016 CW 2017-08-13 1607 R7KX          35/10      R9LY          1535 DJ1AA         0095
QSO: 14016 CW 2017-08-13 1608 R9LY          599 0317   RN4W          599 0158
QSO: 14016 CW 2017-08-13 1608 R9LY          599 0318   DL9MFY        599 0159
QSO: 14016 CW 2017-08-13 1609 R9LY          599 0319   LZ5R          599 0216
QTC: 14016 CW 2017-08-13 1610 DM6V          36/4       R9LY          1536 DL5ANS        0063
QTC: 14016 CW 2017-08-13 1610 DM6V          36/4       R9LY          1536 EA7URI        0089
QTC: 14016 CW 2017-08-13 1610 DM6V          36/4       R9LY          1536 LA7SI         0062
QTC: 14016 CW 2017-08-13 1610 DM6V          36/4       R9LY          1537 DK5QN         0176
QSO: 14016 CW 2017-08-13 1611 R9LY          599 0320   YO7ARZ        599 0103
QSO: 14016 CW 2017-08-13 1612 R9LY          599 0321   DH1TST        599 0048
QTC: 14016 CW 2017-08-13 1612 DL7ON         37/10      R9LY          1538 DL2KUZ        0001
QTC: 14016 CW 2017-08-13 1612 DL7ON         37/10      R9LY          1539 SP3BES        0012
QTC: 14016 CW 2017-08-13 1613 DL7ON         37/10      R9LY          1602 G3VGZ         0180
QTC: 14016 CW 2017-08-13 1613 DL7ON         37/10      R9LY          1603 DG0AM         0152
QTC: 14016 CW 2017-08-13 1613 DL7ON         37/10      R9LY          1604 DL4HG         0191
QTC: 14016 CW 2017-08-13 1613 DL7ON         37/10      R9LY          1608 RN4W          0158
QTC: 14016 CW 2017-08-13 1613 DL7ON         37/10      R9LY          1608 DL9MFY        0159
QTC: 14016 CW 2017-08-13 1614 DL7ON         37/10      R9LY          1609 LZ5R          0216
QTC: 14016 CW 2017-08-13 1614 DL7ON         37/10      R9LY          1611 YO7ARZ        0103
QTC: 14016 CW 2017-08-13 1614 DL7ON         37/10      R9LY          1612 DH1TST        0048
QSO: 14013 CW 2017-08-13 1638 R9LY          599 0322   YL5X          599 0335
QSO: 14013 CW 2017-08-13 1638 R9LY          599 0323   EA5FID        599 0305
QSO: 14013 CW 2017-08-13 1639 R9LY          599 0324   SP2HMY        599 0019
QSO: 14013 CW 2017-08-13 1641 R9LY          599 0325   DL5QS         599 0050
END-OF-LOG:
