START-OF-LOG: 3.0
CREATED-BY: Win-Test 4.5.1
CONTEST: CQ-WPX-CW
LOCATION: DX
CALLSIGN: E77G
CATEGORY-OPERATOR: SINGLE-OP
CATEGORY-TRANSMITTER: ONE
CATEGORY-ASSISTED: NON-ASSISTED
CATEGORY-BAND: 10M
CATEGORY-POWER: LOW
CATEGORY-MODE: CW
CATEGORY-STATION: FIXED
CLAIMED-SCORE: 121158
OPERATORS:
NAME: Elvir
SOAPBOX:
QSO: 28000 CW 2016-05-28 0910 E77G          599 0001   RY7Y          599 253
QSO: 28000 CW 2016-05-28 0912 E77G          599 0002   4Z4DX         599 197
QSO: 28000 CW 2016-05-28 0917 E77G          599 0003   RA1AL         599 310
QSO: 28000 CW 2016-05-28 0920 E77G          599 0004   RM5A          599 1193
QSO: 28000 CW 2016-05-28 0922 E77G          599 0005   UW1M          599 864
QSO: 28000 CW 2016-05-28 0925 E77G          599 0006   UX4E          599 044
QSO: 28000 CW 2016-05-28 0928 E77G          599 0007   SM6IQD        599 202
QSO: 28000 CW 2016-05-28 0932 E77G          599 0008   UR7QM         599 184
QSO: 28000 CW 2016-05-28 0953 E77G          599 0009   UX2MF         599 121
QSO: 28000 CW 2016-05-28 0953 E77G          599 0010   UI3A          599 468
QSO: 28000 CW 2016-05-28 0956 E77G          599 0011   RA1CE         599 050
QSO: 28000 CW 2016-05-28 0957 E77G          599 0012   UR7R          599 301
QSO: 28000 CW 2016-05-28 0958 E77G          599 0013   UR5E          599 304
QSO: 28000 CW 2016-05-28 0958 E77G          599 0014   UN9GD         599 291
QSO: 28000 CW 2016-05-28 0959 E77G          599 0015   UT5CW         599 264
QSO: 28000 CW 2016-05-28 1000 E77G          599 0016   UA6EED        599 037
QSO: 28000 CW 2016-05-28 1000 E77G          599 0017   RQ9A          599 285
QSO: 28000 CW 2016-05-28 1001 E77G          599 0018   OH3GD         599 113
QSO: 28000 CW 2016-05-28 1001 E77G          599 0019   RA3NC         599 462
QSO: 28000 CW 2016-05-28 1002 E77G          599 0020   UC6A          599 319
QSO: 28000 CW 2016-05-28 1005 E77G          599 0021   R7TO          599 056
QSO: 28000 CW 2016-05-28 1006 E77G          599 0022   SM6NET        599 215
QSO: 28000 CW 2016-05-28 1009 E77G          599 0023   DL8QS         599 130
QSO: 28000 CW 2016-05-28 1012 E77G          599 0024   OH2LZC        599 003
QSO: 28000 CW 2016-05-28 1014 E77G          599 0025   RT3N          599 659
QSO: 28000 CW 2016-05-28 1015 E77G          599 0026   DL4LAM        599 074
QSO: 28000 CW 2016-05-28 1015 E77G          599 0027   UA3AKI        599 292
QSO: 28000 CW 2016-05-28 1016 E77G          599 0028   DJ9RR         599 329
QSO: 28000 CW 2016-05-28 1017 E77G          599 0029   RW3DKK        599 026
QSO: 28000 CW 2016-05-28 1018 E77G          599 0030   RD7K          599 053
QSO: 28000 CW 2016-05-28 1020 E77G          599 0031   RW3YA         599 115
QSO: 28000 CW 2016-05-28 1023 E77G          599 0032   RZ3AV         599 009
QSO: 28000 CW 2016-05-28 1023 E77G          599 0033   YL2KF         599 209
QSO: 28000 CW 2016-05-28 1024 E77G          599 0034   UA9R          599 011
QSO: 28000 CW 2016-05-28 1025 E77G          599 0035   UX5UW         599 003
QSO: 28000 CW 2016-05-28 1025 E77G          599 0036   OZ5E          599 449
QSO: 28000 CW 2016-05-28 1026 E77G          599 0037   RZ1AWT        599 097
QSO: 28000 CW 2016-05-28 1027 E77G          599 0038   R2PA          599 005
QSO: 28000 CW 2016-05-28 1028 E77G          599 0039   LY3CY         599 137
QSO: 28000 CW 2016-05-28 1028 E77G          599 0040   RU6AV         599 364
QSO: 28000 CW 2016-05-28 1029 E77G          599 0041   US7IB         599 263
QSO: 28000 CW 2016-05-28 1030 E77G          599 0042   UA9MA         599 481
QSO: 28000 CW 2016-05-28 1031 E77G          599 0043   SM5BS         599 057
QSO: 28000 CW 2016-05-28 1033 E77G          599 0044   UT3UFI        599 027
QSO: 28000 CW 2016-05-28 1033 E77G          599 0045   DF5BM         599 033
QSO: 28000 CW 2016-05-28 1034 E77G          599 0046   UT8UL         599 341
QSO: 28000 CW 2016-05-28 1035 E77G          599 0047   SP2AYC        599 234
QSO: 28000 CW 2016-05-28 1035 E77G          599 0048   RA9V          599 433
QSO: 28000 CW 2016-05-28 1036 E77G          599 0049   RV3LO         599 048
QSO: 28000 CW 2016-05-28 1036 E77G          599 0050   RK8I          599 011
QSO: 28000 CW 2016-05-28 1036 E77G          599 0051   UT4LW         599 782
QSO: 28000 CW 2016-05-28 1038 E77G          599 0052   OH6XG         599 029
QSO: 28000 CW 2016-05-28 1040 E77G          599 0053   OH2LU         599 083
QSO: 28000 CW 2016-05-28 1041 E77G          599 0054   RN4AO         599 132
QSO: 28000 CW 2016-05-28 1043 E77G          599 0055   UW9I          599 710
QSO: 28000 CW 2016-05-28 1044 E77G          599 0056   YU1LG/QRP     599 029
QSO: 28000 CW 2016-05-28 1045 E77G          599 0057   UA6LCJ        599 323
QSO: 28000 CW 2016-05-28 1046 E77G          599 0058   UT3UCP        599 008
QSO: 28000 CW 2016-05-28 1046 E77G          599 0059   US6CQ         599 150
QSO: 28000 CW 2016-05-28 1046 E77G          599 0060   OH0TA         599 848
QSO: 28000 CW 2016-05-28 1047 E77G          599 0061   UT5MB         599 075
QSO: 28000 CW 2016-05-28 1049 E77G          599 0062   R3FP          599 027
QSO: 28000 CW 2016-05-28 1050 E77G          599 0063   UR6IM         599 074
QSO: 28000 CW 2016-05-28 1051 E77G          599 0064   DP6A          599 074
QSO: 28000 CW 2016-05-28 1051 E77G          599 0065   UW7CN         599 111
QSO: 28000 CW 2016-05-28 1052 E77G          599 0066   UT8IT         599 252
QSO: 28000 CW 2016-05-28 1053 E77G          599 0067   UR5IFM        599 069
QSO: 28000 CW 2016-05-28 1054 E77G          599 0068   UT5UN         599 230
QSO: 28000 CW 2016-05-28 1055 E77G          599 0069   PA4O          599 178
QSO: 28000 CW 2016-05-28 1058 E77G          599 0070   RU3XY         599 024
QSO: 28000 CW 2016-05-28 1105 E77G          599 0071   UA2FP         599 264
QSO: 28000 CW 2016-05-28 1105 E77G          599 0072   R3OM          599 228
QSO: 28000 CW 2016-05-28 1106 E77G          599 0073   OH8MJ         599 156
QSO: 28000 CW 2016-05-28 1108 E77G          599 0074   SM5CSS        599 197
QSO: 28000 CW 2016-05-28 1108 E77G          599 0075   UA1CUR        599 232
QSO: 28000 CW 2016-05-28 1109 E77G          599 0076   OG3R          599 029
QSO: 28000 CW 2016-05-28 1110 E77G          599 0077   OH5KT         599 006
QSO: 28000 CW 2016-05-28 1111 E77G          599 0078   RL4A          599 980
QSO: 28000 CW 2016-05-28 1113 E77G          599 0079   EW7M          599 005
QSO: 28000 CW 2016-05-28 1115 E77G          599 0080   US7IA         599 307
QSO: 28000 CW 2016-05-28 1117 E77G          599 0081   SP5GH         599 076
QSO: 28000 CW 2016-05-28 1117 E77G          599 0082   SI5Y          599 111
QSO: 28000 CW 2016-05-28 1118 E77G          599 0083   UR6LAF        599 162
QSO: 28000 CW 2016-05-28 1126 E77G          599 0084   SP4GFG        599 040
QSO: 28000 CW 2016-05-28 1129 E77G          599 0085   UA6AK         599 220
QSO: 28000 CW 2016-05-28 1129 E77G          599 0086   RN3TT         599 034
QSO: 28000 CW 2016-05-28 1130 E77G          599 0087   EU6A          599 012
QSO: 28000 CW 2016-05-28 1131 E77G          599 0088   OH1TS         599 103
QSO: 28000 CW 2016-05-28 1132 E77G          599 0089   E79D          599 133
QSO: 28000 CW 2016-05-28 1135 E77G          599 0090   RU6CO         599 067
QSO: 28000 CW 2016-05-28 1136 E77G          599 0091   UY5QR         599 260
QSO: 28000 CW 2016-05-28 1138 E77G          599 0092   EU6DX         599 235
QSO: 28000 CW 2016-05-28 1148 E77G          599 0093   UV7V          599 489
QSO: 28000 CW 2016-05-28 1151 E77G          599 0094   RK9CYA        599 205
QSO: 28000 CW 2016-05-28 1151 E77G          599 0095   EW7A          599 234
QSO: 28000 CW 2016-05-28 1152 E77G          599 0096   OH1MLZ        599 001
QSO: 28000 CW 2016-05-28 1157 E77G          599 0097   LY2BNL        599 033
QSO: 28000 CW 2016-05-28 1158 E77G          599 0098   UR7IKJ        599 225
QSO: 28000 CW 2016-05-28 1159 E77G          599 0099   UA5A          599 025
QSO: 28000 CW 2016-05-28 1159 E77G          599 0100   TA1L          599 051
QSO: 28000 CW 2016-05-28 1200 E77G          599 0101   R1BW          599 338
QSO: 28000 CW 2016-05-28 1201 E77G          599 0102   UT7E          599 824
QSO: 28000 CW 2016-05-28 1201 E77G          599 0103   EW8AX         599 192
QSO: 28000 CW 2016-05-28 1201 E77G          599 0104   OH9W          599 845
QSO: 28000 CW 2016-05-28 1202 E77G          599 0105   R3DCX         599 182
QSO: 28000 CW 2016-05-28 1202 E77G          599 0106   EW2O          599 263
QSO: 28000 CW 2016-05-28 1203 E77G          599 0107   RD9D          599 037
QSO: 28000 CW 2016-05-28 1204 E77G          599 0108   R7RF/6        599 333
QSO: 28000 CW 2016-05-28 1204 E77G          599 0109   UT4UFZ        599 036
QSO: 28000 CW 2016-05-28 1205 E77G          599 0110   UA6J          599 245
QSO: 28000 CW 2016-05-28 1210 E77G          599 0111   UA0SBQ/P      599 032
QSO: 28000 CW 2016-05-28 1211 E77G          599 0112   A45WG         599 268
QSO: 28000 CW 2016-05-28 1212 E77G          599 0113   UB8QAA        599 151
QSO: 28000 CW 2016-05-28 1213 E77G          599 0114   US3EW         599 192
QSO: 28000 CW 2016-05-28 1215 E77G          599 0115   EV1R          599 888
QSO: 28000 CW 2016-05-28 1215 E77G          599 0116   R9CM          599 036
QSO: 28000 CW 2016-05-28 1217 E77G          599 0117   SC0N          599 639
QSO: 28000 CW 2016-05-28 1217 E77G          599 0118   SA5BJM        599 625
QSO: 28000 CW 2016-05-28 1218 E77G          599 0119   UA6EX         599 029
QSO: 28000 CW 2016-05-28 1218 E77G          599 0120   RT9A          599 933
QSO: 28000 CW 2016-05-28 1221 E77G          599 0121   RM7C          599 096
QSO: 28000 CW 2016-05-28 1222 E77G          599 0122   RU9AC         599 384
QSO: 28000 CW 2016-05-28 1223 E77G          599 0123   RW5CW         599 348
QSO: 28000 CW 2016-05-28 1228 E77G          599 0124   YT9W          599 259
QSO: 28000 CW 2016-05-28 1228 E77G          599 0125   UA9AB         599 125
QSO: 28000 CW 2016-05-28 1229 E77G          599 0126   EV6Z          599 592
QSO: 28000 CW 2016-05-28 1231 E77G          599 0127   SC3N          599 164
QSO: 28000 CW 2016-05-28 1231 E77G          599 0128   US0HZ         599 781
QSO: 28000 CW 2016-05-28 1232 E77G          599 0129   RQ3A          599 126
QSO: 28000 CW 2016-05-28 1232 E77G          599 0130   RM1T          599 928
QSO: 28000 CW 2016-05-28 1235 E77G          599 0131   LZ4TX         599 494
QSO: 28000 CW 2016-05-28 1238 E77G          599 0132   RA3BQ/3       599 025
QSO: 28000 CW 2016-05-28 1239 E77G          599 0133   RN3AKK        599 013
QSO: 28000 CW 2016-05-28 1239 E77G          599 0134   RU6B          599 580
QSO: 28000 CW 2016-05-28 1247 E77G          599 0135   UR3CMA        599 113
QSO: 28000 CW 2016-05-28 1248 E77G          599 0136   YU9A          599 018
QSO: 28000 CW 2016-05-28 1249 E77G          599 0137   R3LC          599 080
QSO: 28000 CW 2016-05-28 1249 E77G          599 0138   YU1FW         599 026
QSO: 28000 CW 2016-05-28 1250 E77G          599 0139   R2DFD         599 242
QSO: 28000 CW 2016-05-28 1251 E77G          599 0140   R8WO          599 090
QSO: 28000 CW 2016-05-28 1251 E77G          599 0141   UA3DCE        599 063
QSO: 28000 CW 2016-05-28 1252 E77G          599 0142   RA1QE         599 271
QSO: 28000 CW 2016-05-28 1259 E77G          599 0143   YO3GFH        599 098
QSO: 28000 CW 2016-05-28 1302 E77G          599 0144   4K6FO         599 013
QSO: 28000 CW 2016-05-28 1616 E77G          599 0145   UW7M          599 740
QSO: 28000 CW 2016-05-28 1618 E77G          599 0146   DL6KVA        599 805
QSO: 28000 CW 2016-05-28 1622 E77G          599 0147   UT5ECZ        599 288
QSO: 28000 CW 2016-05-28 1622 E77G          599 0148   UT4EK         599 622
QSO: 28000 CW 2016-05-28 1623 E77G          599 0149   OH5Z          599 372
QSO: 28000 CW 2016-05-28 1625 E77G          599 0150   YL2CV         599 596
QSO: 28000 CW 2016-05-28 1626 E77G          599 0151   PA5GU         599 129
QSO: 28000 CW 2016-05-28 1627 E77G          599 0152   P33W          599 433
QSO: 28000 CW 2016-05-28 1627 E77G          599 0153   UA6CC         599 809
QSO: 28000 CW 2016-05-28 1627 E77G          599 0154   RG9A          599 1098
QSO: 28000 CW 2016-05-28 1628 E77G          599 0155   RM6AA         599 058
QSO: 28000 CW 2016-05-28 1628 E77G          599 0156   RA6XV         599 073
QSO: 28000 CW 2016-05-28 1631 E77G          599 0157   YL1S          599 472
QSO: 28000 CW 2016-05-28 1632 E77G          599 0158   LA7SI         599 139
QSO: 28000 CW 2016-05-28 1633 E77G          599 0159   RA3WDK        599 078
QSO: 28000 CW 2016-05-28 1634 E77G          599 0160   RT3T          599 963
QSO: 28000 CW 2016-05-28 1634 E77G          599 0161   DG0KS         599 116
QSO: 28000 CW 2016-05-28 1636 E77G          599 0162   UT6EE         599 105
QSO: 28000 CW 2016-05-28 1636 E77G          599 0163   RW3WR         599 621
QSO: 28000 CW 2016-05-28 1637 E77G          599 0164   PA1FNW        599 104
QSO: 28000 CW 2016-05-28 1641 E77G          599 0165   PA2CHM        599 119
QSO: 28000 CW 2016-05-28 1641 E77G          599 0166   G3PSM         599 062
QSO: 28000 CW 2016-05-28 1643 E77G          599 0167   DL3KVR        599 100
QSO: 28000 CW 2016-05-28 1646 E77G          599 0168   G4LPD         599 148
QSO: 28000 CW 2016-05-28 1646 E77G          599 0169   UT2II         599 760
QSO: 28000 CW 2016-05-28 1647 E77G          599 0170   PC5Q          599 359
QSO: 28000 CW 2016-05-28 1648 E77G          599 0171   RA9Y          599 1044
QSO: 28000 CW 2016-05-28 1649 E77G          599 0172   SM5IMO        599 378
QSO: 28000 CW 2016-05-28 1650 E77G          599 0173   G3R           599 440
QSO: 28000 CW 2016-05-28 1650 E77G          599 0174   OH6GDX        599 239
QSO: 28000 CW 2016-05-28 1651 E77G          599 0175   YL3FW         599 095
QSO: 28000 CW 2016-05-28 1652 E77G          599 0176   ES7GM         599 1444
QSO: 28000 CW 2016-05-28 1654 E77G          599 0177   RM2U          599 1015
QSO: 28000 CW 2016-05-28 1655 E77G          599 0178   ON4AMC        599 003
QSO: 28000 CW 2016-05-28 1658 E77G          599 0179   UC7A          599 1163
QSO: 28000 CW 2016-05-28 1658 E77G          599 0180   UR5EPV        599 285
QSO: 28000 CW 2016-05-28 1659 E77G          599 0181   UX2X          599 827
QSO: 28000 CW 2016-05-28 1701 E77G          599 0182   DL0EUF        599 390
QSO: 28000 CW 2016-05-28 1703 E77G          599 0183   DR5N          599 1190
QSO: 28000 CW 2016-05-29 0813 E77G          599 0184   OH5UFO        599 037
QSO: 28000 CW 2016-05-29 0814 E77G          599 0185   SC5C          599 709
QSO: 28000 CW 2016-05-29 0814 E77G          599 0186   UA3SKV        599 117
QSO: 28000 CW 2016-05-29 0816 E77G          599 0187   RV3DBK        599 219
QSO: 28000 CW 2016-05-29 0818 E77G          599 0188   SF3A          599 608
QSO: 28000 CW 2016-05-29 0819 E77G          599 0189   UI8J          599 1030
QSO: 28000 CW 2016-05-29 0820 E77G          599 0190   OH3EX         599 333
QSO: 28000 CW 2016-05-29 0822 E77G          599 0191   7Z1HL         599 819
QSO: 28000 CW 2016-05-29 0823 E77G          599 0192   OH2BFG        599 013
QSO: 28000 CW 2016-05-29 0828 E77G          599 0193   F5OZC         599 302
QSO: 28000 CW 2016-05-29 0829 E77G          599 0194   DK2SZ         599 026
QSO: 28000 CW 2016-05-29 0831 E77G          599 0195   R6CW          599 148
QSO: 28000 CW 2016-05-29 0832 E77G          599 0196   RM6C          599 380
QSO: 28000 CW 2016-05-29 0834 E77G          599 0197   LY4L          599 1859
QSO: 28000 CW 2016-05-29 0836 E77G          599 0198   YL2SM         599 1888
QSO: 28000 CW 2016-05-29 0836 E77G          599 0199   EA1AF         599 032
QSO: 28000 CW 2016-05-29 0837 E77G          599 0200   F/W1NN        599 1117
QSO: 28000 CW 2016-05-29 0839 E77G          599 0201   BA7QT         599 1250
QSO: 28000 CW 2016-05-29 0839 E77G          599 0202   RG4A          599 588
QSO: 28000 CW 2016-05-29 0840 E77G          599 0203   UT2UB         599 1179
QSO: 28000 CW 2016-05-29 0840 E77G          599 0204   UA3FF         599 060
QSO: 28000 CW 2016-05-29 0840 E77G          599 0205   RU3XB         599 068
QSO: 28000 CW 2016-05-29 0841 E77G          599 0206   SP4GDC        599 233
QSO: 28000 CW 2016-05-29 0842 E77G          599 0207   UY5TE         599 423
QSO: 28000 CW 2016-05-29 0844 E77G          599 0208   A93JA         599 1493
QSO: 28000 CW 2016-05-29 0844 E77G          599 0209   RU5TT         599 426
QSO: 28000 CW 2016-05-29 0845 E77G          599 0210   R3VL          599 572
QSO: 28000 CW 2016-05-29 0845 E77G          599 0211   RX4CD         599 467
QSO: 28000 CW 2016-05-29 0846 E77G          599 0212   EW6EN         599 465
QSO: 28000 CW 2016-05-29 0846 E77G          599 0213   OL4A          599 706
QSO: 28000 CW 2016-05-29 0848 E77G          599 0214   R7MM          599 1132
QSO: 28000 CW 2016-05-29 0848 E77G          599 0215   F1IWH         599 145
QSO: 28000 CW 2016-05-29 0850 E77G          599 0216   SP5Y          599 061
QSO: 28000 CW 2016-05-29 0852 E77G          599 0217   EW1NM         599 502
QSO: 28000 CW 2016-05-29 0853 E77G          599 0218   LY2NY         599 951
QSO: 28000 CW 2016-05-29 0853 E77G          599 0219   RZ4AZ         599 193
QSO: 28000 CW 2016-05-29 0854 E77G          599 0220   LY4A          599 381
QSO: 28000 CW 2016-05-29 0855 E77G          599 0221   UT1IM         599 377
QSO: 28000 CW 2016-05-29 0856 E77G          599 0222   UW3U          599 1037
QSO: 28000 CW 2016-05-29 0857 E77G          599 0223   SM6BGG        599 389
QSO: 28000 CW 2016-05-29 0857 E77G          599 0224   OZ/DJ5LA      599 480
QSO: 28000 CW 2016-05-29 0858 E77G          599 0225   DJ1YF         599 438
QSO: 28000 CW 2016-05-29 0858 E77G          599 0226   UV1IW         599 260
QSO: 28000 CW 2016-05-29 0858 E77G          599 0227   SM7E          599 117
QSO: 28000 CW 2016-05-29 0900 E77G          599 0228   R6AF          599 1340
QSO: 28000 CW 2016-05-29 0901 E77G          599 0229   RU1A          599 3857
QSO: 28000 CW 2016-05-29 0902 E77G          599 0230   UA6YH         599 718
QSO: 28000 CW 2016-05-29 0903 E77G          599 0231   RA3AN         599 1153
QSO: 28000 CW 2016-05-29 0903 E77G          599 0232   DK1WI         599 188
QSO: 28000 CW 2016-05-29 0904 E77G          599 0233   DH2URF        599 276
QSO: 28000 CW 2016-05-29 0904 E77G          599 0234   UN2E          599 442
QSO: 28000 CW 2016-05-29 0905 E77G          599 0235   RZ3QM         599 519
QSO: 28000 CW 2016-05-29 0905 E77G          599 0236   RZ4AG         599 1312
QSO: 28000 CW 2016-05-29 0906 E77G          599 0237   DD0CC         599 508
QSO: 28000 CW 2016-05-29 0906 E77G          599 0238   YL5T          599 702
QSO: 28000 CW 2016-05-29 0908 E77G          599 0239   DF3AX         599 1017
QSO: 28000 CW 2016-05-29 0909 E77G          599 0240   DF3HD         599 015
QSO: 28000 CW 2016-05-29 0910 E77G          599 0241   RM3V          599 282
QSO: 28000 CW 2016-05-29 0913 E77G          599 0242   SN2M          599 731
QSO: 28000 CW 2016-05-29 0915 E77G          599 0243   YT4T          599 1320
QSO: 28000 CW 2016-05-29 0916 E77G          599 0244   DF7AT         599 122
QSO: 28000 CW 2016-05-29 0919 E77G          599 0245   EU3A          599 732
QSO: 28000 CW 2016-05-29 0920 E77G          599 0246   SE5L          599 366
QSO: 28000 CW 2016-05-29 0921 E77G          599 0247   EW1IP         599 1104
QSO: 28000 CW 2016-05-29 0922 E77G          599 0248   4Z5LY         599 1021
QSO: 28000 CW 2016-05-29 0924 E77G          599 0249   UT8UU         599 263
QSO: 28000 CW 2016-05-29 0925 E77G          599 0250   SP5GDY        599 373
QSO: 28000 CW 2016-05-29 0927 E77G          599 0251   UX8IX         599 529
QSO: 28000 CW 2016-05-29 0927 E77G          599 0252   EW3LN         599 575
QSO: 28000 CW 2016-05-29 0931 E77G          599 0253   G3NWG         599 110
QSO: 28000 CW 2016-05-29 0932 E77G          599 0254   EW8OM         599 1141
QSO: 28000 CW 2016-05-29 0933 E77G          599 0255   SP6GCU        599 401
QSO: 28000 CW 2016-05-29 0933 E77G          599 0256   G4OWT         599 059
QSO: 28000 CW 2016-05-29 0936 E77G          599 0257   SP9FMP        599 019
QSO: 28000 CW 2016-05-29 0937 E77G          599 0258   F5NKX         599 954
QSO: 28000 CW 2016-05-29 0938 E77G          599 0259   PA3CVI        599 358
QSO: 28000 CW 2016-05-29 0939 E77G          599 0260   SP4Z          599 145
QSO: 28000 CW 2016-05-29 0939 E77G          599 0261   UY5ZI         599 373
QSO: 28000 CW 2016-05-29 0941 E77G          599 0262   UT7LW         599 075
QSO: 28000 CW 2016-05-29 0941 E77G          599 0263   UY5VA         599 1300
QSO: 28000 CW 2016-05-29 0942 E77G          599 0264   G3UAS         599 050
QSO: 28000 CW 2016-05-29 0944 E77G          599 0265   GW3KDB        599 073
QSO: 28000 CW 2016-05-29 0945 E77G          599 0266   YL3CW         599 897
QSO: 28000 CW 2016-05-29 0945 E77G          599 0267   ON5EX         599 151
QSO: 28000 CW 2016-05-29 0946 E77G          599 0268   R2KMO         599 029
QSO: 28000 CW 2016-05-29 0947 E77G          599 0269   UR5EPG        599 196
QSO: 28000 CW 2016-05-29 0948 E77G          599 0270   SM0Q          599 398
QSO: 28000 CW 2016-05-29 0949 E77G          599 0271   UA6GF         599 565
QSO: 28000 CW 2016-05-29 0950 E77G          599 0272   RO5O          599 556
QSO: 28000 CW 2016-05-29 0951 E77G          599 0273   E74O          599 018
QSO: 28000 CW 2016-05-29 0952 E77G          599 0274   9A1A          599 919
QSO: 28000 CW 2016-05-29 0952 E77G          599 0275   UT8IM         599 777
QSO: 28000 CW 2016-05-29 0953 E77G          599 0276   OZ1LQO        599 250
QSO: 28000 CW 2016-05-29 0954 E77G          599 0277   G3NDC         599 064
QSO: 28000 CW 2016-05-29 0957 E77G          599 0278   ON6SX         599 051
QSO: 28000 CW 2016-05-29 1000 E77G          599 0279   SD1A          599 061
QSO: 28000 CW 2016-05-29 1000 E77G          599 0280   UP2L          599 2697
QSO: 28000 CW 2016-05-29 1001 E77G          599 0281   SE4E          599 1180
QSO: 28000 CW 2016-05-29 1002 E77G          599 0282   US2IZ         599 566
QSO: 28000 CW 2016-05-29 1003 E77G          599 0283   UY5AA         599 032
QSO: 28000 CW 2016-05-29 1003 E77G          599 0284   SP5TT         599 042
QSO: 28000 CW 2016-05-29 1005 E77G          599 0285   4K9W          599 266
QSO: 28000 CW 2016-05-29 1008 E77G          599 0286   UX3IW         599 576
QSO: 28000 CW 2016-05-29 1009 E77G          599 0287   RA6GW         599 176
QSO: 28000 CW 2016-05-29 1009 E77G          599 0288   US8IM         599 434
QSO: 28000 CW 2016-05-29 1010 E77G          599 0289   UX3HA         599 1077
QSO: 28000 CW 2016-05-29 1010 E77G          599 0290   UT0MF         599 133
QSO: 28000 CW 2016-05-29 1010 E77G          599 0291   TM1A          599 2005
QSO: 28000 CW 2016-05-29 1012 E77G          599 0292   R9IR          599 038
QSO: 28000 CW 2016-05-29 1012 E77G          599 0293   SN4EE         599 684
QSO: 28000 CW 2016-05-29 1014 E77G          599 0294   R5FU          599 079
QSO: 28000 CW 2016-05-29 1016 E77G          599 0295   R9AB          599 274
QSO: 28000 CW 2016-05-29 1018 E77G          599 0296   UW2Q          599 658
QSO: 28000 CW 2016-05-29 1019 E77G          599 0297   II3W          599 1101
QSO: 28000 CW 2016-05-29 1020 E77G          599 0298   SP1D          599 260
QSO: 28000 CW 2016-05-29 1021 E77G          599 0299   UT5UQV        599 311
QSO: 28000 CW 2016-05-29 1022 E77G          599 0300   DL5KUD        599 871
QSO: 28000 CW 2016-05-29 1023 E77G          599 0301   UT3IA         599 013
QSO: 28000 CW 2016-05-29 1024 E77G          599 0302   G8APB         599 130
QSO: 28000 CW 2016-05-29 1026 E77G          599 0303   SN200SGGW     599 150
QSO: 28000 CW 2016-05-29 1028 E77G          599 0304   R7FO          599 055
QSO: 28000 CW 2016-05-29 1028 E77G          599 0305   G3LIK         599 337
QSO: 28000 CW 2016-05-29 1029 E77G          599 0306   G3WPF         599 032
QSO: 28000 CW 2016-05-29 1029 E77G          599 0307   PA2KW         599 012
QSO: 28000 CW 2016-05-29 1030 E77G          599 0308   UT7VR         599 090
QSO: 28000 CW 2016-05-29 1031 E77G          599 0309   DK50WEPO      599 055
QSO: 28000 CW 2016-05-29 1031 E77G          599 0310   RO5K          599 077
QSO: 28000 CW 2016-05-29 1032 E77G          599 0311   US7UU         599 446
QSO: 28000 CW 2016-05-29 1033 E77G          599 0312   UA7G          599 491
QSO: 28000 CW 2016-05-29 1035 E77G          599 0313   RA2FB         599 203
QSO: 28000 CW 2016-05-29 1036 E77G          599 0314   S53EO         599 1341
QSO: 28000 CW 2016-05-29 1037 E77G          599 0315   DL1BUG        599 226
QSO: 28000 CW 2016-05-29 1038 E77G          599 0316   OK1FAV        599 004
QSO: 28000 CW 2016-05-29 1040 E77G          599 0317   PA0WLB        599 194
QSO: 28000 CW 2016-05-29 1042 E77G          599 0318   RO9A          599 884
QSO: 28000 CW 2016-05-29 1111 E77G          599 0319   DL1ROT        599 591
QSO: 28000 CW 2016-05-29 1113 E77G          599 0320   G4SIE         599 033
QSO: 28000 CW 2016-05-29 1115 E77G          599 0321   EI5HRB        599 060
QSO: 28000 CW 2016-05-29 1116 E77G          599 0322   HA6PJ         599 811
QSO: 28000 CW 2016-05-29 1116 E77G          599 0323   G3WGV         599 112
QSO: 28000 CW 2016-05-29 1117 E77G          599 0324   DJ6OZ         599 686
QSO: 28000 CW 2016-05-29 1121 E77G          599 0325   DL2RNF        599 583
QSO: 28000 CW 2016-05-29 1121 E77G          599 0326   G4DDL         599 457
QSO: 28000 CW 2016-05-29 1122 E77G          599 0327   DL7AQT        599 013
QSO: 28000 CW 2016-05-29 1122 E77G          599 0328   R7KMA         599 044
QSO: 28000 CW 2016-05-29 1123 E77G          599 0329   DH7TS         599 141
QSO: 28000 CW 2016-05-29 1124 E77G          599 0330   GM3WIJ        599 217
QSO: 28000 CW 2016-05-29 1125 E77G          599 0331   SN966CP       599 134
QSO: 28000 CW 2016-05-29 1126 E77G          599 0332   G4FPA         599 274
QSO: 28000 CW 2016-05-29 1129 E77G          599 0333   G4SGI         599 192
QSO: 28000 CW 2016-05-29 1130 E77G          599 0334   RN2FQ         599 136
QSO: 28000 CW 2016-05-29 1131 E77G          599 0335   LY2W          599 665
QSO: 28000 CW 2016-05-29 1133 E77G          599 0336   SP6IHE        599 050
QSO: 28000 CW 2016-05-29 1133 E77G          599 0337   TA2AD         599 143
QSO: 28000 CW 2016-05-29 1135 E77G          599 0338   OM0CS         599 134
QSO: 28000 CW 2016-05-29 1136 E77G          599 0339   LB1GB         599 545
QSO: 28000 CW 2016-05-29 1137 E77G          599 0340   SP6MLX        599 459
QSO: 28000 CW 2016-05-29 1138 E77G          599 0341   OM7AG         599 593
QSO: 28000 CW 2016-05-29 1138 E77G          599 0342   YO8RFS        599 038
QSO: 28000 CW 2016-05-29 1139 E77G          599 0343   ON3ND         599 1034
QSO: 28000 CW 2016-05-29 1139 E77G          599 0344   EA5DM         599 061
QSO: 28000 CW 2016-05-29 1140 E77G          599 0345   SP6NIC        599 061
QSO: 28000 CW 2016-05-29 1140 E77G          599 0346   RN6K          599 220
QSO: 28000 CW 2016-05-29 1142 E77G          599 0347   DF1MM         599 000
QSO: 28000 CW 2016-05-29 1143 E77G          599 0348   EI4HH         599 007
QSO: 28000 CW 2016-05-29 1146 E77G          599 0349   GM4X          599 095
QSO: 28000 CW 2016-05-29 1147 E77G          599 0350   PD0ME         599 308
QSO: 28000 CW 2016-05-29 1148 E77G          599 0351   OK7RJ         599 082
QSO: 28000 CW 2016-05-29 1149 E77G          599 0352   UT5EPP        599 624
QSO: 28000 CW 2016-05-29 1151 E77G          599 0353   G4IIY         599 427
QSO: 28000 CW 2016-05-29 1152 E77G          599 0354   OM3TDG        599 088
QSO: 28000 CW 2016-05-29 1152 E77G          599 0355   G3ILO/P       599 028
QSO: 28000 CW 2016-05-29 1153 E77G          599 0356   DL3ARM        599 028
QSO: 28000 CW 2016-05-29 1153 E77G          599 0357   DL2LFH        599 038
QSO: 28000 CW 2016-05-29 1154 E77G          599 0358   OZ2BKK        599 408
QSO: 28000 CW 2016-05-29 1154 E77G          599 0359   R7KM          599 352
QSO: 28000 CW 2016-05-29 1156 E77G          599 0360   PA0MIR        599 543
QSO: 28000 CW 2016-05-29 1157 E77G          599 0361   G3VQO         599 277
QSO: 28000 CW 2016-05-29 1158 E77G          599 0362   SN7O          599 1113
QSO: 28000 CW 2016-05-29 1158 E77G          599 0363   DL5AOJ        599 371
QSO: 28000 CW 2016-05-29 1159 E77G          599 0364   DL5HCL        599 019
QSO: 28000 CW 2016-05-29 1203 E77G          599 0365   LA7VK         599 055
QSO: 28000 CW 2016-05-29 1203 E77G          599 0366   UT3UFH        599 336
QSO: 28000 CW 2016-05-29 1204 E77G          599 0367   R3LB          599 025
QSO: 28000 CW 2016-05-29 1207 E77G          599 0368   HB20AA        599 1298
QSO: 28000 CW 2016-05-29 1208 E77G          599 0369   UA7K          599 2917
QSO: 28000 CW 2016-05-29 1210 E77G          599 0370   SP1/UX1HW     599 293
QSO: 28000 CW 2016-05-29 1211 E77G          599 0371   SP9EMI        599 247
QSO: 28000 CW 2016-05-29 1211 E77G          599 0372   RN3N          599 165
QSO: 28000 CW 2016-05-29 1212 E77G          599 0373   HA6OA         599 1348
QSO: 28000 CW 2016-05-29 1213 E77G          599 0374   EW4R          599 431
QSO: 28000 CW 2016-05-29 1214 E77G          599 0375   OK1BLU        599 340
QSO: 28000 CW 2016-05-29 1215 E77G          599 0376   DF8AN         599 008
QSO: 28000 CW 2016-05-29 1217 E77G          599 0377   DH0GHU        599 813
QSO: 28000 CW 2016-05-29 1217 E77G          599 0378   DM2M          599 1044
QSO: 28000 CW 2016-05-29 1218 E77G          599 0379   LY6A          599 1958
QSO: 28000 CW 2016-05-29 1218 E77G          599 0380   DL5YM         599 1542
QSO: 28000 CW 2016-05-29 1219 E77G          599 0381   UT7QB         599 130
QSO: 28000 CW 2016-05-29 1220 E77G          599 0382   YU1W          599 022
QSO: 28000 CW 2016-05-29 1221 E77G          599 0383   OE5OHO        599 310
QSO: 28000 CW 2016-05-29 1221 E77G          599 0384   YR8E          599 824
QSO: 28000 CW 2016-05-29 1222 E77G          599 0385   EU8A          599 103
QSO: 28000 CW 2016-05-29 1223 E77G          599 0386   ER5DX         599 156
QSO: 28000 CW 2016-05-29 1224 E77G          599 0387   UT3SO         599 979
QSO: 28000 CW 2016-05-29 1225 E77G          599 0388   UA9CDC        599 888
QSO: 28000 CW 2016-05-29 1226 E77G          599 0389   UW5U          599 1197
QSO: 28000 CW 2016-05-29 1227 E77G          599 0390   DL4ME         599 745
QSO: 28000 CW 2016-05-29 1228 E77G          599 0391   SQ3RX         599 493
QSO: 28000 CW 2016-05-29 1229 E77G          599 0392   JA4DND        599 032
QSO: 28000 CW 2016-05-29 1230 E77G          599 0393   DL1RTL        599 965
QSO: 28000 CW 2016-05-29 1230 E77G          599 0394   DF1LX         599 1238
QSO: 28000 CW 2016-05-29 1231 E77G          599 0395   HA6NL         599 1205
QSO: 28000 CW 2016-05-29 1232 E77G          599 0396   UU1CC/A       599 756
QSO: 28000 CW 2016-05-29 1232 E77G          599 0397   US4IDY        599 057
QSO: 28000 CW 2016-05-29 1233 E77G          599 0398   RM5Z          599 188
QSO: 28000 CW 2016-05-29 1234 E77G          599 0399   YL2BR         599 044
QSO: 28000 CW 2016-05-29 1235 E77G          599 0400   R5AJ          599 243
QSO: 28000 CW 2016-05-29 1235 E77G          599 0401   RX3AEX        599 001
QSO: 28000 CW 2016-05-29 1236 E77G          599 0402   OU3A          599 339
QSO: 28000 CW 2016-05-29 1236 E77G          599 0403   SP0P          599 173
QSO: 28000 CW 2016-05-29 1237 E77G          599 0404   PB7Z          599 441
QSO: 28000 CW 2016-05-29 1237 E77G          599 0405   RT9S          599 2101
END-OF-LOG:
