START-OF-LOG: 3.0
CONTEST: ARRL-DX-SSB
LOCATION: DX
CALLSIGN: CE3CLF
CATEGORY-OPERATOR: SINGLE-OP
CATEGORY-ASSISTED: NON-ASSISTED
CATEGORY-POWER: HIGH
CATEGORY-BAND: ALL
CATEGORY-MODE: SSB
CATEGORY-STATION: FIXED
CATEGORY-TRANSMITTER: ONE
CREATED-BY: N1MM LOGGER+ 1.0.9466.0
CLUB: Radio Club de Chile ca3aa
OPERATORS: CE3CLF
HQ-CATEGORY: Single Operator, High Power
HQ-GRID-LOCATOR: FF45av
QSO: 14255 PH 2022-03-05 0225 CE3CLF 59 500 K4CGY 59 VA
QSO: 14255 PH 2022-03-05 0226 CE3CLF 59 500 KA8Q 59 VA
QSO: 14255 PH 2022-03-05 0227 CE3CLF 59 500 K1MWH 59 TN
QSO: 14255 PH 2022-03-05 0228 CE3CLF 59 500 K5ZD 59 MA
QSO: 14255 PH 2022-03-05 0229 CE3CLF 59 500 WQ6L 59 CA
QSO: 14255 PH 2022-03-05 0230 CE3CLF 59 500 W1AM 59 GA
QSO: 14255 PH 2022-03-05 0231 CE3CLF 59 500 KB7RUQ 59 UT
QSO: 14255 PH 2022-03-05 0232 CE3CLF 59 500 W3LH 59 DE
QSO: 14255 PH 2022-03-05 0233 CE3CLF 59 500 WB6L 59 CA
QSO: 14255 PH 2022-03-05 0233 CE3CLF 59 500 KB5KYX 59 TX
QSO: 14255 PH 2022-03-05 0234 CE3CLF 59 500 W6TK 59 CA
QSO: 14255 PH 2022-03-05 0235 CE3CLF 59 500 W6US 59 NV
QSO: 14255 PH 2022-03-05 0236 CE3CLF 59 500 WB2BMC 59 NV
QSO: 14255 PH 2022-03-05 0238 CE3CLF 59 500 W2NQ 59 O
QSO: 14255 PH 2022-03-05 0239 CE3CLF 59 500 KB6A 59 CA
QSO: 14255 PH 2022-03-05 0240 CE3CLF 59 500 N6XQX 59 CA
QSO: 14255 PH 2022-03-05 0241 CE3CLF 59 500 W7XZ 59 CA
QSO: 14255 PH 2022-03-05 0242 CE3CLF 59 500 W0ETT 59 CO
QSO: 14255 PH 2022-03-05 0243 CE3CLF 59 500 K7QA 59 MT
QSO: 14255 PH 2022-03-05 0245 CE3CLF 59 500 AD6A 59 O
QSO: 14255 PH 2022-03-05 0246 CE3CLF 59 500 W1AVK 59 CT
QSO: 14255 PH 2022-03-05 0246 CE3CLF 59 500 KE8FT 59 CA
QSO: 14255 PH 2022-03-05 0247 CE3CLF 59 500 W2A 59 NY
QSO: 14255 PH 2022-03-05 0248 CE3CLF 59 500 K3FF 59 PA
QSO: 14162 PH 2022-03-05 0257 CE3CLF 59 500 VE7VR 59 BC
QSO: 14162 PH 2022-03-05 0259 CE3CLF 59 500 KF0GV 59 MN
QSO: 14162 PH 2022-03-05 0300 CE3CLF 59 500 K6RO 59 CA
QSO: 14162 PH 2022-03-05 0301 CE3CLF 59 500 K2XA 59 NY
QSO: 14162 PH 2022-03-05 0301 CE3CLF 59 500 WA7DUH 59 WA
QSO: 14162 PH 2022-03-05 0302 CE3CLF 59 500 K4DG 59 TX
QSO: 14162 PH 2022-03-05 0302 CE3CLF 59 500 WA7G 59 CA
QSO: 14162 PH 2022-03-05 0303 CE3CLF 59 500 KU1CW 59 OR
QSO: 14162 PH 2022-03-05 0303 CE3CLF 59 500 W0ECC 59 MO
QSO: 14162 PH 2022-03-05 0304 CE3CLF 59 500 K3EST 59 CA
QSO: 14162 PH 2022-03-05 0305 CE3CLF 59 500 AG3I 59 PA
QSO: 14162 PH 2022-03-05 0305 CE3CLF 59 500 WZ8T 59 WA
QSO: 14162 PH 2022-03-05 0306 CE3CLF 59 500 K7SCX 59 CO
QSO: 14162 PH 2022-03-05 0306 CE3CLF 59 500 KA6BIM 59 O
QSO: 14162 PH 2022-03-05 0306 CE3CLF 59 500 N5AW 59 TX
QSO: 14162 PH 2022-03-05 0307 CE3CLF 59 500 NR0T 59 MN
QSO: 14162 PH 2022-03-05 0308 CE3CLF 59 500 NT5V 59 TX
QSO: 14162 PH 2022-03-05 0308 CE3CLF 59 500 KE5MMT 59 TX
QSO: 14162 PH 2022-03-05 0309 CE3CLF 59 500 W2RD 59 AZ
QSO: 14162 PH 2022-03-05 0310 CE3CLF 59 500 K1KI 59 CT
QSO: 14162 PH 2022-03-05 0310 CE3CLF 59 500 N5KWD 59 TX
QSO: 14162 PH 2022-03-05 0311 CE3CLF 59 500 K9RS 59 DE
QSO: 14162 PH 2022-03-05 0312 CE3CLF 59 500 N9NA 59 AZ
QSO: 14162 PH 2022-03-05 0312 CE3CLF 59 500 WC6H 59 CA
QSO: 14162 PH 2022-03-05 0313 CE3CLF 59 500 W3LPL 59 MD
QSO: 14162 PH 2022-03-05 0313 CE3CLF 59 500 W6YI 59 CA
QSO: 14162 PH 2022-03-05 0313 CE3CLF 59 500 K6NO 59 CA
QSO: 14162 PH 2022-03-05 0314 CE3CLF 59 500 N4SS 59 KY
QSO: 14162 PH 2022-03-05 0314 CE3CLF 59 500 NN6P 59 CA
QSO: 14162 PH 2022-03-05 0315 CE3CLF 59 500 K8LX 59 MI
QSO: 14162 PH 2022-03-05 0316 CE3CLF 59 500 W0GJ 59 IA
QSO: 14162 PH 2022-03-05 0317 CE3CLF 59 500 NF4A 59 FL
QSO: 14162 PH 2022-03-05 0317 CE3CLF 59 500 KW8N 59 OH
QSO: 14162 PH 2022-03-05 0318 CE3CLF 59 500 N2SR 59 NJ
QSO: 14162 PH 2022-03-05 0319 CE3CLF 59 500 KK1L 59 VT
QSO: 14162 PH 2022-03-05 0319 CE3CLF 59 500 N3RD 59 PA
QSO: 14162 PH 2022-03-05 0320 CE3CLF 59 500 VE3EJ 59 ON
QSO: 14162 PH 2022-03-05 0321 CE3CLF 59 500 N4JDB 59 AL
QSO: 14162 PH 2022-03-05 0321 CE3CLF 59 500 W1PR 59 CA
QSO: 14162 PH 2022-03-05 0322 CE3CLF 59 500 W2CG 59 NJ
QSO: 14162 PH 2022-03-05 0322 CE3CLF 59 500 WW3S 59 PA
QSO: 14162 PH 2022-03-05 0323 CE3CLF 59 500 N7YK 59 NV
QSO: 14162 PH 2022-03-05 0324 CE3CLF 59 500 NE3F 59 PA
QSO: 14162 PH 2022-03-05 0325 CE3CLF 59 500 WJ5ES 59 MS
QSO: 14162 PH 2022-03-05 0326 CE3CLF 59 500 N2BJ 59 IL
QSO: 14162 PH 2022-03-05 0326 CE3CLF 59 500 KI5MM 59 TX
QSO: 14162 PH 2022-03-05 0327 CE3CLF 59 500 KT7E 59 OR
QSO: 14162 PH 2022-03-05 0327 CE3CLF 59 500 N3DPB 59 MD
QSO: 14162 PH 2022-03-05 0328 CE3CLF 59 500 N4RV 59 VA
QSO: 14162 PH 2022-03-05 0329 CE3CLF 59 500 N2RC 59 NY
QSO: 14162 PH 2022-03-05 0329 CE3CLF 59 500 ND7K 59 AZ
QSO: 14162 PH 2022-03-05 0330 CE3CLF 59 500 VE6TK 59 AB
QSO: 14162 PH 2022-03-05 0331 CE3CLF 59 500 K3ND 59 PA
QSO: 14162 PH 2022-03-05 0332 CE3CLF 59 500 K5NA 59 TX
QSO: 14162 PH 2022-03-05 0333 CE3CLF 59 500 K7LFY 59 WA
QSO: 14162 PH 2022-03-05 0334 CE3CLF 59 500 W1SRD 59 CA
QSO: 14162 PH 2022-03-05 0335 CE3CLF 59 500 N3RS 59 PA
QSO: 14162 PH 2022-03-05 0335 CE3CLF 59 500 VE6BBP 59 AB
QSO: 14162 PH 2022-03-05 0336 CE3CLF 59 500 K6JL 59 CA
QSO: 14162 PH 2022-03-05 0336 CE3CLF 59 500 N5RZ 59 TX
QSO: 14162 PH 2022-03-05 0337 CE3CLF 59 500 AG6OZ 59 CA
QSO: 14162 PH 2022-03-05 0338 CE3CLF 59 500 K4AB 59 AL
QSO: 14162 PH 2022-03-05 0338 CE3CLF 59 500 AB3CX 59 NY
QSO: 14162 PH 2022-03-05 0339 CE3CLF 59 500 NS4X 59 TN
QSO: 14162 PH 2022-03-05 0340 CE3CLF 59 500 W7XQ 59 OR
QSO: 14162 PH 2022-03-05 0340 CE3CLF 59 500 N7NR 59 AZ
QSO: 14162 PH 2022-03-05 0341 CE3CLF 59 500 NK4T 59 AL
QSO: 14162 PH 2022-03-05 0342 CE3CLF 59 500 AE0A 59 SD
QSO: 14162 PH 2022-03-05 0342 CE3CLF 59 500 NN2NN 59 NY
QSO: 14162 PH 2022-03-05 0343 CE3CLF 59 500 W8GNM 59 OH
QSO: 14162 PH 2022-03-05 0344 CE3CLF 59 500 K2XR 59 PA
QSO: 14162 PH 2022-03-05 0344 CE3CLF 59 500 K6JHA 59 CA
QSO: 14162 PH 2022-03-05 0345 CE3CLF 59 500 N7EPD 59 WA
QSO: 14162 PH 2022-03-05 0346 CE3CLF 59 500 N6TQ 59 CA
QSO: 14162 PH 2022-03-05 0347 CE3CLF 59 500 KD2KW 59 TX
QSO: 14162 PH 2022-03-05 0347 CE3CLF 59 500 W5KU 59 TX
QSO: 14162 PH 2022-03-05 0348 CE3CLF 59 500 N7WS 59 AZ
QSO: 14162 PH 2022-03-05 0348 CE3CLF 59 500 W5UJ 59 AZ
QSO: 14162 PH 2022-03-05 0349 CE3CLF 59 500 KB7HDX 59 WA
QSO: 14162 PH 2022-03-05 0349 CE3CLF 59 500 N0UY 59 MN
QSO: 14162 PH 2022-03-05 0350 CE3CLF 59 500 WG0U 59 IA
QSO: 14162 PH 2022-03-05 0351 CE3CLF 59 500 W3MF 59 PA
QSO: 14171 PH 2022-03-05 0353 CE3CLF 59 500 W7WA 59 WA
QSO: 14162 PH 2022-03-05 0359 CE3CLF 59 500 W7TVC 59 OR
QSO: 14162 PH 2022-03-05 0400 CE3CLF 59 500 K3UL 59 PA
QSO: 14162 PH 2022-03-05 0401 CE3CLF 59 500 KC0QG 59 KS
QSO: 14162 PH 2022-03-05 0405 CE3CLF 59 500 NK7I 59 ID
QSO: 14162 PH 2022-03-05 0405 CE3CLF 59 500 K7GS 59 WA
QSO: 14162 PH 2022-03-05 0406 CE3CLF 59 500 KB7AZ 59 AZ
QSO: 14162 PH 2022-03-05 0407 CE3CLF 59 500 K7VIT 59 OR
QSO: 14162 PH 2022-03-05 0408 CE3CLF 59 500 W0EWD 59 IA
QSO: 14162 PH 2022-03-05 0410 CE3CLF 59 500 NQ7R 59 AZ
QSO: 14162 PH 2022-03-05 0410 CE3CLF 59 500 K7SS 59 WA
QSO: 14162 PH 2022-03-05 0410 CE3CLF 59 500 WA5JMZ 59 TX
QSO: 14162 PH 2022-03-05 0411 CE3CLF 59 500 K4TMG 59 FL
QSO: 14162 PH 2022-03-05 0412 CE3CLF 59 500 KC0QG 59 KS
QSO: 14162 PH 2022-03-05 0415 CE3CLF 59 500 W7KK 59 MT
QSO: 14162 PH 2022-03-05 0418 CE3CLF 59 500 KD4E 59 GA
QSO: 28478 PH 2022-03-05 1513 CE3CLF 59 500 K0TT 59 MN
QSO: 28464 PH 2022-03-05 1858 CE3CLF 59 500 WQ5L 59 MS
QSO: 21203 PH 2022-03-05 1906 CE3CLF 59 500 W3LPL 59 MD
QSO: 28488 PH 2022-03-05 1917 CE3CLF 59 500 W5PR 59 TX
QSO: 14151 PH 2022-03-06 0102 CE3CLF 59 500 K3LR 59 PA
QSO: 14228 PH 2022-03-06 0104 CE3CLF 59 500 KC4I 59 GA
QSO: 14228 PH 2022-03-06 0105 CE3CLF 59 500 W8JRK 59 MI
QSO: 14228 PH 2022-03-06 0105 CE3CLF 59 500 KF4DX 59 FL
QSO: 14228 PH 2022-03-06 0107 CE3CLF 58 500 KF7TFO 59 MT
QSO: 14228 PH 2022-03-06 0107 CE3CLF 59 500 W9RE 59 IN
QSO: 14228 PH 2022-03-06 0108 CE3CLF 59 500 W2NPR 59 NC
QSO: 14228 PH 2022-03-06 0108 CE3CLF 59 500 N6JV 59 CA
QSO: 14228 PH 2022-03-06 0109 CE3CLF 59 500 K3BHX 59 PA
QSO: 14228 PH 2022-03-06 0109 CE3CLF 59 500 N7ML 59 MT
QSO: 14228 PH 2022-03-06 0110 CE3CLF 59 500 W6XZ 59 CA
QSO: 14228 PH 2022-03-06 0110 CE3CLF 59 500 AD6WL 59 CA
QSO: 14228 PH 2022-03-06 0111 CE3CLF 59 500 N6RV 59 CA
QSO: 14228 PH 2022-03-06 0111 CE3CLF 59 500 K0YR 59 MN
QSO: 14228 PH 2022-03-06 0112 CE3CLF 59 500 VA3CQG 59 ON
QSO: 14228 PH 2022-03-06 0113 CE3CLF 59 500 W4KW 59 TN
QSO: 14228 PH 2022-03-06 0113 CE3CLF 59 500 NW3Y 59 DE
QSO: 14228 PH 2022-03-06 0113 CE3CLF 59 500 K1TTT 59 MA
QSO: 14228 PH 2022-03-06 0114 CE3CLF 59 500 WB0TEV 59 TX
QSO: 14228 PH 2022-03-06 0115 CE3CLF 59 500 K3WU 59 PA
QSO: 14228 PH 2022-03-06 0115 CE3CLF 59 500 WA4JUK 59 VA
QSO: 14228 PH 2022-03-06 0116 CE3CLF 59 500 K3RL 59 PA
QSO: 14228 PH 2022-03-06 0116 CE3CLF 59 500 W8MJ 59 MI
QSO: 14228 PH 2022-03-06 0117 CE3CLF 59 500 N1DD 59 MA
QSO: 14228 PH 2022-03-06 0117 CE3CLF 59 500 KX2T 59 FL
QSO: 14228 PH 2022-03-06 0117 CE3CLF 59 500 KF2O 59 NY
QSO: 14228 PH 2022-03-06 0118 CE3CLF 59 500 N6BOW 59 CA
QSO: 14228 PH 2022-03-06 0118 CE3CLF 59 500 N3OC 59 MD
QSO: 14228 PH 2022-03-06 0119 CE3CLF 59 500 N0KV 59 CO
QSO: 14228 PH 2022-03-06 0119 CE3CLF 59 500 K9KE 59 IL
QSO: 14228 PH 2022-03-06 0120 CE3CLF 59 500 WC2L 59 NY
QSO: 14228 PH 2022-03-06 0120 CE3CLF 59 500 K4RO 59 TN
QSO: 14228 PH 2022-03-06 0121 CE3CLF 59 500 W3MA 59 PA
QSO: 14228 PH 2022-03-06 0121 CE3CLF 59 500 WA6KOK 59 CA
QSO: 14228 PH 2022-03-06 0122 CE3CLF 59 500 N5GF 59 FL
QSO: 14228 PH 2022-03-06 0122 CE3CLF 59 500 W2MKM 59 NJ
QSO: 14228 PH 2022-03-06 0123 CE3CLF 59 500 W8XAL 59 CO
QSO: 14228 PH 2022-03-06 0123 CE3CLF 59 500 W8FJ 59 PA
QSO: 14228 PH 2022-03-06 0124 CE3CLF 59 500 N9DJ 59 IL
QSO: 14228 PH 2022-03-06 0124 CE3CLF 59 500 K6RC 59 CA
QSO: 14228 PH 2022-03-06 0125 CE3CLF 59 500 K3CCR 59 MD
QSO: 14228 PH 2022-03-06 0125 CE3CLF 59 500 W4NZ 59 TN
QSO: 14228 PH 2022-03-06 0126 CE3CLF 59 500 W1AW 59 CT
QSO: 14228 PH 2022-03-06 0126 CE3CLF 59 500 AA0AI 59 IA
QSO: 14228 PH 2022-03-06 0127 CE3CLF 59 500 K4WMS 59 VA
QSO: 14228 PH 2022-03-06 0127 CE3CLF 59 500 W3LL 59 MD
QSO: 14228 PH 2022-03-06 0128 CE3CLF 59 500 NC1CC 59 RI
QSO: 14228 PH 2022-03-06 0128 CE3CLF 59 500 W4VIC 59 VA
QSO: 14228 PH 2022-03-06 0129 CE3CLF 59 500 K1RH 59 MD
QSO: 14228 PH 2022-03-06 0130 CE3CLF 59 500 KM7OH 59 NV
QSO: 14228 PH 2022-03-06 0130 CE3CLF 59 500 N6AA 59 CA
QSO: 14228 PH 2022-03-06 0131 CE3CLF 59 500 K5MO 59 NC
QSO: 14228 PH 2022-03-06 0131 CE3CLF 59 500 W8VS 59 MI
QSO: 14228 PH 2022-03-06 0132 CE3CLF 59 500 W2OAB 59 NJ
QSO: 14228 PH 2022-03-06 0132 CE3CLF 59 500 WW7E 59 OR
QSO: 14228 PH 2022-03-06 0133 CE3CLF 59 500 KI6QDH 59 WY
QSO: 14228 PH 2022-03-06 0133 CE3CLF 59 500 W4SDX 59 TN
QSO: 14228 PH 2022-03-06 0134 CE3CLF 59 500 WA5SWV 59 NM
QSO: 14228 PH 2022-03-06 0134 CE3CLF 59 500 AA1K 59 DE
QSO: 14228 PH 2022-03-06 0135 CE3CLF 59 500 K3WW 59 PA
QSO: 14228 PH 2022-03-06 0135 CE3CLF 59 500 W3FIZ 59 PA
QSO: 14228 PH 2022-03-06 0136 CE3CLF 59 500 K3TS 59 NJ
QSO: 14228 PH 2022-03-06 0137 CE3CLF 57 500 W7FRZ 59 WA
QSO: 14228 PH 2022-03-06 0137 CE3CLF 59 500 K3ZO 59 MD
QSO: 14228 PH 2022-03-06 0137 CE3CLF 59 500 K3ZU 59 MD
QSO: 14228 PH 2022-03-06 0138 CE3CLF 59 500 K2AX 59 NJ
QSO: 14228 PH 2022-03-06 0138 CE3CLF 59 500 N6DW 59 VA
QSO: 14228 PH 2022-03-06 0138 CE3CLF 59 500 WD0T 59 SD
QSO: 14228 PH 2022-03-06 0139 CE3CLF 59 500 N4DN 59 VA
QSO: 14228 PH 2022-03-06 0140 CE3CLF 59 500 N6ICW 59 CA
QSO: 14228 PH 2022-03-06 0140 CE3CLF 59 500 K2CJ 59 NJ
QSO: 14228 PH 2022-03-06 0140 CE3CLF 59 500 W1UK 59 CT
QSO: 14228 PH 2022-03-06 0141 CE3CLF 59 500 VE6TN 59 AB
QSO: 14228 PH 2022-03-06 0141 CE3CLF 59 500 VA7XU 59 BC
QSO: 14228 PH 2022-03-06 0142 CE3CLF 59 500 N3FAA 59 CA
QSO: 14228 PH 2022-03-06 0142 CE3CLF 59 500 W1GD 59 MA
QSO: 14228 PH 2022-03-06 0143 CE3CLF 59 500 K4SBZ 59 FL
QSO: 14228 PH 2022-03-06 0143 CE3CLF 59 500 WR2G 59 NJ
QSO: 14228 PH 2022-03-06 0144 CE3CLF 59 500 KT6VV 59 NV
QSO: 14228 PH 2022-03-06 0144 CE3CLF 59 500 K3SW 59 PA
QSO: 14228 PH 2022-03-06 0145 CE3CLF 59 500 VE4VT 59 MB
QSO: 14228 PH 2022-03-06 0145 CE3CLF 59 500 VA2CZ 59 QC
QSO: 14228 PH 2022-03-06 0146 CE3CLF 59 500 CJ3A 59 ON
QSO: 14228 PH 2022-03-06 0146 CE3CLF 59 500 VE6CA 59 AB
QSO: 14228 PH 2022-03-06 0147 CE3CLF 59 500 VE7NY 59 BC
QSO: 14228 PH 2022-03-06 0147 CE3CLF 59 500 KE0UI 59 CO
QSO: 14228 PH 2022-03-06 0148 CE3CLF 59 500 KD9MS 59 IL
QSO: 14228 PH 2022-03-06 0148 CE3CLF 59 500 W6KAP 59 CA
QSO: 14228 PH 2022-03-06 0148 CE3CLF 59 500 N9GB 59 KS
QSO: 14228 PH 2022-03-06 0149 CE3CLF 59 500 K9NW 59 IN
QSO: 14228 PH 2022-03-06 0149 CE3CLF 59 500 KM7DX 59 UT
QSO: 14228 PH 2022-03-06 0149 CE3CLF 59 500 KA2K 59 NJ
QSO: 14228 PH 2022-03-06 0150 CE3CLF 59 500 NO6M 59 CA
QSO: 14228 PH 2022-03-06 0150 CE3CLF 59 500 K6DW 59 CA
QSO: 14228 PH 2022-03-06 0151 CE3CLF 59 500 WW4LL 59 ME
QSO: 14228 PH 2022-03-06 0151 CE3CLF 59 500 NU7J 59 WA
QSO: 14228 PH 2022-03-06 0151 CE3CLF 59 500 K6FEU 59 UT
QSO: 14228 PH 2022-03-06 0152 CE3CLF 59 500 W7FD 59 NV
QSO: 14228 PH 2022-03-06 0153 CE3CLF 59 500 W6LFB 59 TX
QSO: 14228 PH 2022-03-06 0153 CE3CLF 59 500 K2UU 59 NY
QSO: 14228 PH 2022-03-06 0154 CE3CLF 59 500 N1KEZ 59 OR
QSO: 14228 PH 2022-03-06 0154 CE3CLF 59 500 K7RI 59 WA
QSO: 14228 PH 2022-03-06 0155 CE3CLF 59 500 K0BBB 59 MN
QSO: 14228 PH 2022-03-06 0155 CE3CLF 59 500 KG7QXE 59 NV
QSO: 14228 PH 2022-03-06 0156 CE3CLF 59 500 K6CQE 59 CA
QSO: 14228 PH 2022-03-06 0157 CE3CLF 59 500 KH7X/W7 59 AZ
QSO: 14228 PH 2022-03-06 0158 CE3CLF 59 500 KM6KFW 59 CA
QSO: 14228 PH 2022-03-06 0158 CE3CLF 59 500 KA0BOJ 59 NE
QSO: 14228 PH 2022-03-06 0159 CE3CLF 59 500 VA3DF 59 ON
QSO: 14228 PH 2022-03-06 0159 CE3CLF 59 500 N6OKU 59 CA
QSO: 14228 PH 2022-03-06 0200 CE3CLF 59 500 AI6LY 59 CA
QSO: 14228 PH 2022-03-06 0201 CE3CLF 59 500 WA7AN 59 AZ
QSO: 14228 PH 2022-03-06 0201 CE3CLF 59 500 KW6S 59 CA
QSO: 14228 PH 2022-03-06 0202 CE3CLF 59 500 K8ROK 59 OH
QSO: 14228 PH 2022-03-06 0203 CE3CLF 59 500 VA7PVE 59 WA
QSO: 14228 PH 2022-03-06 0204 CE3CLF 59 500 KO4KJY 59 TN
QSO: 14228 PH 2022-03-06 0205 CE3CLF 59 500 K3DOS 59 MD
QSO: 14228 PH 2022-03-06 0205 CE3CLF 59 500 K9OM 59 FL
QSO: 14228 PH 2022-03-06 0206 CE3CLF 59 500 W1QQ 59 CT
QSO: 14228 PH 2022-03-06 0206 CE3CLF 59 500 ND8D 59 OH
QSO: 14228 PH 2022-03-06 0206 CE3CLF 59 500 KA8G 59 OH
QSO: 14228 PH 2022-03-06 0207 CE3CLF 59 500 VA7ZXK 59 BC
QSO: 14228 PH 2022-03-06 0208 CE3CLF 59 500 K0JJR 59 MN
QSO: 14228 PH 2022-03-06 0208 CE3CLF 59 500 NW6P 59 CA
QSO: 14228 PH 2022-03-06 0209 CE3CLF 59 500 K6CY 59 CA
QSO: 14228 PH 2022-03-06 0210 CE3CLF 59 500 N0NKL 59 MN
QSO: 14228 PH 2022-03-06 0212 CE3CLF 59 500 VA7BEC 59 BC
QSO: 14228 PH 2022-03-06 0212 CE3CLF 59 500 WY3A 59 PA
QSO: 14228 PH 2022-03-06 0213 CE3CLF 59 500 K4KR 59 GA
QSO: 14228 PH 2022-03-06 0214 CE3CLF 59 500 NG1M 59 RI
QSO: 14228 PH 2022-03-06 0215 CE3CLF 59 500 AI6MC 59 CA
QSO: 14228 PH 2022-03-06 0216 CE3CLF 59 500 NS3T 59 MD
QSO: 14228 PH 2022-03-06 0216 CE3CLF 59 500 N9CK 59 WI
QSO: 14228 PH 2022-03-06 0217 CE3CLF 59 500 W0MB 59 MO
QSO: 14228 PH 2022-03-06 0217 CE3CLF 59 500 K2QPN 59 NJ
QSO: 14228 PH 2022-03-06 0218 CE3CLF 59 500 KF9R 59 IN
QSO: 14230 PH 2022-03-06 0247 CE3CLF 59 500 N8BE 59 OH
QSO: 14230 PH 2022-03-06 0248 CE3CLF 59 500 K9GHP 59 IL
QSO: 7131 PH 2022-03-06 0258 CE3CLF 59 500 K3LR 59 PA
QSO: 14228 PH 2022-03-06 0311 CE3CLF 59 500 NI0K 59 MN
QSO: 14228 PH 2022-03-06 0312 CE3CLF 59 500 N6KI 59 CA
QSO: 14228 PH 2022-03-06 0313 CE3CLF 59 500 N3JT 59 VA
QSO: 14228 PH 2022-03-06 0315 CE3CLF 59 500 N7STC 59 AZ
QSO: 14228 PH 2022-03-06 0318 CE3CLF 59 500 WB8YQJ 59 CA
QSO: 14228 PH 2022-03-06 0319 CE3CLF 59 500 AJ6CE 59 CA
QSO: 14228 PH 2022-03-06 0320 CE3CLF 59 500 WX0Z 59 MN
QSO: 14228 PH 2022-03-06 0321 CE3CLF 59 500 KF5LKG 59 TX
QSO: 14228 PH 2022-03-06 0322 CE3CLF 59 500 K5VR 59 AR
QSO: 14228 PH 2022-03-06 0322 CE3CLF 59 500 WV4P 59 TN
QSO: 14228 PH 2022-03-06 0323 CE3CLF 59 500 KM4YW 59 GA
QSO: 14228 PH 2022-03-06 0324 CE3CLF 59 500 KI4P 59 GA
QSO: 21249 PH 2022-03-06 1945 CE3CLF 59 500 KG9X 59 IL
QSO: 28464 PH 2022-03-06 1959 CE3CLF 59 500 K6NA 59 CA
QSO: 28464 PH 2022-03-06 2000 CE3CLF 59 500 KE5GL 59 TX
QSO: 28512 PH 2022-03-06 2004 CE3CLF 59 500 WC6H 59 CA
QSO: 28512 PH 2022-03-06 2005 CE3CLF 59 500 N9NC 59 NH
QSO: 28512 PH 2022-03-06 2005 CE3CLF 59 500 W3ICM 59 MD
QSO: 28512 PH 2022-03-06 2006 CE3CLF 59 500 NS4X 59 TN
QSO: 28512 PH 2022-03-06 2006 CE3CLF 59 500 K3LR 59 PA
QSO: 28512 PH 2022-03-06 2007 CE3CLF 59 500 W6YI 59 CA
QSO: 28512 PH 2022-03-06 2007 CE3CLF 59 500 KA1ZD 59 CT
QSO: 28512 PH 2022-03-06 2007 CE3CLF 59 500 N4SS 59 KY
QSO: 28512 PH 2022-03-06 2008 CE3CLF 59 500 K2XA 59 NY
QSO: 28512 PH 2022-03-06 2008 CE3CLF 59 500 K3ZA 59 PA
QSO: 28512 PH 2022-03-06 2008 CE3CLF 59 500 W4DC 59 AZ
QSO: 28512 PH 2022-03-06 2009 CE3CLF 59 500 WE6EZ 59 TX
QSO: 28512 PH 2022-03-06 2009 CE3CLF 59 500 W1AW 59 CT
QSO: 28512 PH 2022-03-06 2010 CE3CLF 59 500 K1TTT 59 MA
QSO: 28512 PH 2022-03-06 2011 CE3CLF 59 500 KF6HI 59 AZ
QSO: 28512 PH 2022-03-06 2011 CE3CLF 59 500 W3LPL 59 MD
QSO: 28512 PH 2022-03-06 2012 CE3CLF 59 500 W0GJ 59 IA
QSO: 28512 PH 2022-03-06 2012 CE3CLF 59 500 ND7K 59 AZ
QSO: 28512 PH 2022-03-06 2013 CE3CLF 59 500 N3DPP 59 MD
QSO: 28512 PH 2022-03-06 2013 CE3CLF 59 500 K2AX 59 NJ
QSO: 28512 PH 2022-03-06 2014 CE3CLF 59 500 VE4VT 59 MB
QSO: 28512 PH 2022-03-06 2014 CE3CLF 59 500 W3MA 59 PA
QSO: 28512 PH 2022-03-06 2016 CE3CLF 59 500 W3GM 59 PA
QSO: 28512 PH 2022-03-06 2016 CE3CLF 59 500 W0MOT 59 AZ
QSO: 28512 PH 2022-03-06 2016 CE3CLF 59 500 N2BJ 59 IL
QSO: 28512 PH 2022-03-06 2017 CE3CLF 59 500 W2RD 59 AZ
QSO: 28512 PH 2022-03-06 2017 CE3CLF 59 500 WC3N 59 MD
QSO: 28512 PH 2022-03-06 2018 CE3CLF 59 500 N6RND 59 CA
QSO: 28512 PH 2022-03-06 2019 CE3CLF 59 500 WB4JFS 59 NC
QSO: 28512 PH 2022-03-06 2019 CE3CLF 59 500 N6RV 59 CA
QSO: 28512 PH 2022-03-06 2020 CE3CLF 59 500 K2CJ 59 NJ
QSO: 28512 PH 2022-03-06 2020 CE3CLF 59 500 W2OIB 59 NJ
QSO: 28512 PH 2022-03-06 2021 CE3CLF 59 500 K8LX 59 MI
QSO: 28512 PH 2022-03-06 2021 CE3CLF 59 500 NE3F 59 PA
QSO: 28512 PH 2022-03-06 2021 CE3CLF 59 500 W6WB 59 CA
QSO: 28512 PH 2022-03-06 2022 CE3CLF 59 500 W4IT 59 FL
QSO: 28512 PH 2022-03-06 2022 CE3CLF 59 500 NA4DA 59 FL
QSO: 28512 PH 2022-03-06 2023 CE3CLF 59 500 N3RS 59 PA
QSO: 28512 PH 2022-03-06 2023 CE3CLF 59 500 K8YC 59 NC
QSO: 28512 PH 2022-03-06 2024 CE3CLF 59 500 VA2CZ 59 QC
QSO: 28512 PH 2022-03-06 2024 CE3CLF 59 500 K2NV 59 NY
QSO: 28512 PH 2022-03-06 2025 CE3CLF 59 500 K4RO 59 TN
QSO: 28512 PH 2022-03-06 2025 CE3CLF 59 500 K5EK 59 NC
QSO: 28512 PH 2022-03-06 2025 CE3CLF 59 500 W3FIZ 59 PA
QSO: 28512 PH 2022-03-06 2026 CE3CLF 59 500 N3OC 59 MD
QSO: 28512 PH 2022-03-06 2026 CE3CLF 59 500 N6RO 59 CA
QSO: 28512 PH 2022-03-06 2027 CE3CLF 59 500 WA6KHK 59 CA
QSO: 28512 PH 2022-03-06 2027 CE3CLF 59 500 WV4P 59 TN
QSO: 28512 PH 2022-03-06 2028 CE3CLF 59 500 KH7X/W7 59 AZ
QSO: 28512 PH 2022-03-06 2028 CE3CLF 59 500 K3WU 59 PA
QSO: 28512 PH 2022-03-06 2029 CE3CLF 59 500 KC6UKO 59 CA
QSO: 28512 PH 2022-03-06 2029 CE3CLF 59 500 W3MF 59 PA
QSO: 28512 PH 2022-03-06 2031 CE3CLF 59 500 N3FJP 59 MD
QSO: 28512 PH 2022-03-06 2032 CE3CLF 59 500 K5KG 59 FL
QSO: 28512 PH 2022-03-06 2032 CE3CLF 59 500 K3ND 59 PA
QSO: 28512 PH 2022-03-06 2033 CE3CLF 59 500 KE5MMT 59 TX
QSO: 28512 PH 2022-03-06 2033 CE3CLF 59 500 W4HG 59 NC
QSO: 28512 PH 2022-03-06 2033 CE3CLF 59 500 K9RS 59 DE
QSO: 28512 PH 2022-03-06 2034 CE3CLF 59 500 W0RIC 59 AZ
QSO: 28512 PH 2022-03-06 2034 CE3CLF 59 500 WZ5M 59 LA
QSO: 28512 PH 2022-03-06 2035 CE3CLF 59 500 K4PV 59 FL
QSO: 28512 PH 2022-03-06 2036 CE3CLF 59 500 KU1CW 59 OR
QSO: 28512 PH 2022-03-06 2037 CE3CLF 59 500 K5UA 59 LA
QSO: 28512 PH 2022-03-06 2037 CE3CLF 59 500 N6RVI 59 CA
QSO: 28512 PH 2022-03-06 2038 CE3CLF 59 500 W1QK 59 CT
QSO: 28512 PH 2022-03-06 2038 CE3CLF 59 500 W5OTO 59 LA
QSO: 28512 PH 2022-03-06 2039 CE3CLF 59 500 KB2WCW 59 NY
QSO: 28512 PH 2022-03-06 2039 CE3CLF 59 500 WB0TEV 59 TX
QSO: 28512 PH 2022-03-06 2040 CE3CLF 59 500 KU8E 59 GA
QSO: 28512 PH 2022-03-06 2041 CE3CLF 59 500 N4RV 59 VA
QSO: 28512 PH 2022-03-06 2041 CE3CLF 59 500 N5YT 59 MS
QSO: 28512 PH 2022-03-06 2041 CE3CLF 59 500 NT5V 59 TX
QSO: 28512 PH 2022-03-06 2042 CE3CLF 59 500 N9GB 59 KS
QSO: 28512 PH 2022-03-06 2042 CE3CLF 59 500 AA1K 59 DE
QSO: 28512 PH 2022-03-06 2043 CE3CLF 59 500 KQ2M 59 CT
QSO: 28512 PH 2022-03-06 2043 CE3CLF 59 500 K4AB 59 AL
QSO: 28512 PH 2022-03-06 2044 CE3CLF 59 500 NY3C 59 DE
QSO: 28512 PH 2022-03-06 2044 CE3CLF 59 500 K0EJ 59 TN
QSO: 28512 PH 2022-03-06 2045 CE3CLF 59 500 AD3C 59 PA
QSO: 28512 PH 2022-03-06 2045 CE3CLF 59 500 KN5A 59 TX
QSO: 28512 PH 2022-03-06 2046 CE3CLF 59 500 N3RD 59 PA
QSO: 28512 PH 2022-03-06 2047 CE3CLF 59 500 KD3ANX 59 NJ
QSO: 28512 PH 2022-03-06 2048 CE3CLF 59 500 N6GP 59 CA
QSO: 28512 PH 2022-03-06 2048 CE3CLF 59 500 K8AZ 59 OH
QSO: 28512 PH 2022-03-06 2049 CE3CLF 59 500 W1TC 59 MA
QSO: 28512 PH 2022-03-06 2050 CE3CLF 59 500 K2XR 59 PA
QSO: 28512 PH 2022-03-06 2050 CE3CLF 59 500 K3ZO 59 MD
QSO: 28512 PH 2022-03-06 2050 CE3CLF 59 500 W5LO 59 TX
QSO: 28512 PH 2022-03-06 2051 CE3CLF 59 500 N1PGA 59 MA
QSO: 28512 PH 2022-03-06 2052 CE3CLF 59 500 K3SW 59 PA
QSO: 28512 PH 2022-03-06 2053 CE3CLF 59 500 N6QQ 59 CA
QSO: 28512 PH 2022-03-06 2053 CE3CLF 59 500 NX6T 59 CA
QSO: 28512 PH 2022-03-06 2054 CE3CLF 59 500 WV5Y 59 TX
QSO: 28512 PH 2022-03-06 2054 CE3CLF 59 500 KI5KEE 59 TX
QSO: 28512 PH 2022-03-06 2055 CE3CLF 59 500 WA0MHJ 59 MN
QSO: 28512 PH 2022-03-06 2055 CE3CLF 59 500 K5PI 59 TX
QSO: 28512 PH 2022-03-06 2056 CE3CLF 59 500 KR4F 59 AL
QSO: 28512 PH 2022-03-06 2056 CE3CLF 59 500 K1RH 59 MD
QSO: 28512 PH 2022-03-06 2058 CE3CLF 59 500 KB3WFV 59 MD
QSO: 28512 PH 2022-03-06 2059 CE3CLF 59 500 W5SQK 59 AR
QSO: 28512 PH 2022-03-06 2059 CE3CLF 59 500 K6TQ 59 CA
QSO: 28512 PH 2022-03-06 2100 CE3CLF 59 500 N1IQC 59 NH
QSO: 28512 PH 2022-03-06 2100 CE3CLF 59 500 W0BM 59 MN
QSO: 28512 PH 2022-03-06 2101 CE3CLF 59 500 KA5CJJ 59 TX
QSO: 28512 PH 2022-03-06 2101 CE3CLF 59 500 W6TK 59 CA
QSO: 28512 PH 2022-03-06 2102 CE3CLF 59 500 K8OM 59 IA
QSO: 28512 PH 2022-03-06 2103 CE3CLF 59 500 W4DD 59 GA
QSO: 28512 PH 2022-03-06 2103 CE3CLF 59 500 N2SR 59 NJ
QSO: 28512 PH 2022-03-06 2103 CE3CLF 59 500 K4CGY 59 VA
QSO: 28512 PH 2022-03-06 2104 CE3CLF 59 500 WA7AN 59 AZ
QSO: 28512 PH 2022-03-06 2105 CE3CLF 59 500 W8FJ 59 PA
QSO: 28512 PH 2022-03-06 2105 CE3CLF 59 500 WT1A 59 ME
QSO: 28512 PH 2022-03-06 2105 CE3CLF 59 500 WW7E 59 OR
QSO: 28512 PH 2022-03-06 2106 CE3CLF 59 500 K4WMS 59 VA
QSO: 28512 PH 2022-03-06 2107 CE3CLF 59 500 K9KE 59 IL
QSO: 28512 PH 2022-03-06 2107 CE3CLF 59 500 KT7E 59 OR
QSO: 28512 PH 2022-03-06 2108 CE3CLF 59 500 VE3DZ 59 ON
QSO: 28512 PH 2022-03-06 2109 CE3CLF 59 500 K4DG 59 TX
QSO: 28512 PH 2022-03-06 2109 CE3CLF 59 500 AB3CX 59 NY
QSO: 28512 PH 2022-03-06 2110 CE3CLF 59 500 KC4TX 59 AL
QSO: 28512 PH 2022-03-06 2110 CE3CLF 59 500 K3IE 59 TN
QSO: 28512 PH 2022-03-06 2111 CE3CLF 59 500 NC1CC 59 RI
QSO: 28512 PH 2022-03-06 2112 CE3CLF 59 500 K3NM 59 PA
QSO: 28512 PH 2022-03-06 2112 CE3CLF 59 500 N5RZ 59 TX
QSO: 28512 PH 2022-03-06 2112 CE3CLF 59 500 K5ZD 59 MA
QSO: 28512 PH 2022-03-06 2113 CE3CLF 59 500 K5VIP 59 VA
QSO: 28512 PH 2022-03-06 2114 CE3CLF 59 500 WQ5R 59 OK
QSO: 28512 PH 2022-03-06 2115 CE3CLF 59 500 AA3C 59 TX
QSO: 28512 PH 2022-03-06 2115 CE3CLF 59 500 WE9V 59 WI
QSO: 28512 PH 2022-03-06 2116 CE3CLF 59 500 VE3EJ 59 ON
QSO: 28512 PH 2022-03-06 2116 CE3CLF 59 500 W1GD 59 MA
QSO: 28512 PH 2022-03-06 2117 CE3CLF 59 500 WS7X 59 FL
QSO: 28512 PH 2022-03-06 2117 CE3CLF 59 500 N6OKU 59 CA
QSO: 28512 PH 2022-03-06 2118 CE3CLF 59 500 VE7NY 59 BC
QSO: 28512 PH 2022-03-06 2119 CE3CLF 59 500 W9KXQ 59 IL
QSO: 28512 PH 2022-03-06 2119 CE3CLF 59 500 W9IIX 59 IL
QSO: 28512 PH 2022-03-06 2119 CE3CLF 59 500 KA6BIM 59 OR
QSO: 28512 PH 2022-03-06 2120 CE3CLF 59 500 N6AB 59 WA
QSO: 28512 PH 2022-03-06 2120 CE3CLF 59 500 WN9O 59 IN
QSO: 28512 PH 2022-03-06 2121 CE3CLF 59 500 AI0M 59 MN
QSO: 28512 PH 2022-03-06 2121 CE3CLF 59 500 NR4N 59 GA
QSO: 28512 PH 2022-03-06 2122 CE3CLF 59 500 K4BBH 59 GA
QSO: 28512 PH 2022-03-06 2123 CE3CLF 59 500 N3RC 59 CA
QSO: 28512 PH 2022-03-06 2123 CE3CLF 59 500 KX2T 59 FL
QSO: 28512 PH 2022-03-06 2124 CE3CLF 59 500 N0KV 59 CO
QSO: 28512 PH 2022-03-06 2124 CE3CLF 59 500 KY0R 59 CO
QSO: 28512 PH 2022-03-06 2125 CE3CLF 59 500 K7STO 59 WA
QSO: 28512 PH 2022-03-06 2125 CE3CLF 59 500 W7XQ 59 OR
QSO: 28512 PH 2022-03-06 2125 CE3CLF 59 500 KD6BQ 59 NV
QSO: 28512 PH 2022-03-06 2126 CE3CLF 59 500 AC9S 59 IL
QSO: 28512 PH 2022-03-06 2126 CE3CLF 59 500 N5XJ 59 TX
QSO: 28512 PH 2022-03-06 2127 CE3CLF 59 500 K4VTE 59 GA
QSO: 28512 PH 2022-03-06 2127 CE3CLF 59 500 N7ZUF 59 WA
QSO: 28512 PH 2022-03-06 2128 CE3CLF 59 500 K3TC 59 MD
QSO: 28512 PH 2022-03-06 2129 CE3CLF 59 500 WA4AH 59 FL
QSO: 28512 PH 2022-03-06 2129 CE3CLF 59 500 K6XX 59 CA
QSO: 28512 PH 2022-03-06 2129 CE3CLF 59 500 K0MD 59 MN
QSO: 28512 PH 2022-03-06 2130 CE3CLF 59 500 KK5LO 59 TX
QSO: 28512 PH 2022-03-06 2131 CE3CLF 59 500 W2KV 59 NJ
QSO: 28512 PH 2022-03-06 2131 CE3CLF 59 500 N2MEE 59 NJ
QSO: 28512 PH 2022-03-06 2132 CE3CLF 59 500 AA4V 59 SC
QSO: 28512 PH 2022-03-06 2133 CE3CLF 59 500 N7VZU 59 WA
QSO: 28512 PH 2022-03-06 2134 CE3CLF 59 500 KD9MS 59 IL
QSO: 28512 PH 2022-03-06 2135 CE3CLF 59 500 NV7JB 59 NV
QSO: 28512 PH 2022-03-06 2135 CE3CLF 59 500 W7TVC 59 OR
QSO: 28512 PH 2022-03-06 2136 CE3CLF 59 500 W7ZR 59 NV
QSO: 28512 PH 2022-03-06 2136 CE3CLF 59 500 W3GQ 59 NC
QSO: 28512 PH 2022-03-06 2137 CE3CLF 59 500 AB5SJ 59 NM
QSO: 28512 PH 2022-03-06 2138 CE3CLF 59 500 WW3S 59 PA
QSO: 28512 PH 2022-03-06 2138 CE3CLF 59 500 W3LL 59 MD
QSO: 28512 PH 2022-03-06 2139 CE3CLF 59 500 K3WW 59 PA
QSO: 28512 PH 2022-03-06 2140 CE3CLF 59 500 W6JBR 59 CA
QSO: 28512 PH 2022-03-06 2142 CE3CLF 59 500 KY4E 59 SC
QSO: 28512 PH 2022-03-06 2142 CE3CLF 59 500 K9YC 59 CA
QSO: 28512 PH 2022-03-06 2144 CE3CLF 59 500 K1DW 59 CT
QSO: 28512 PH 2022-03-06 2145 CE3CLF 59 500 VE6WQ 59 AB
QSO: 28512 PH 2022-03-06 2147 CE3CLF 59 500 AB9B 59 IL
QSO: 28510 PH 2022-03-06 2151 CE3CLF 59 500 N7JP 59 WA
QSO: 28510 PH 2022-03-06 2152 CE3CLF 59 500 KA8Q 59 VA
QSO: 28510 PH 2022-03-06 2154 CE3CLF 59 500 KO4QMM 59 FL
QSO: 28510 PH 2022-03-06 2155 CE3CLF 59 500 K3NT 59 TX
QSO: 28510 PH 2022-03-06 2156 CE3CLF 59 500 K6PGH 59 CA
QSO: 28510 PH 2022-03-06 2157 CE3CLF 59 500 N3GB 59 FL
QSO: 28508 PH 2022-03-06 2207 CE3CLF 59 500 WB6DJI 59 CA
QSO: 28508 PH 2022-03-06 2208 CE3CLF 59 500 WB6JJJ 59 OR
QSO: 28508 PH 2022-03-06 2210 CE3CLF 59 500 WB2KXC 59 CA
QSO: 28508 PH 2022-03-06 2211 CE3CLF 59 500 N3UA 59 VA
QSO: 28508 PH 2022-03-06 2211 CE3CLF 59 500 N9ZM 59 WI
QSO: 28508 PH 2022-03-06 2212 CE3CLF 59 500 N0UY 59 MN
QSO: 28508 PH 2022-03-06 2212 CE3CLF 59 500 KW6S 59 CA
QSO: 28508 PH 2022-03-06 2213 CE3CLF 59 500 W7USA 59 AZ
QSO: 28508 PH 2022-03-06 2213 CE3CLF 59 500 N5KO 59 CA
QSO: 28508 PH 2022-03-06 2214 CE3CLF 59 500 K7OED 59 AZ
QSO: 14170 PH 2022-03-06 2234 CE3CLF 59 500 K4ZW 59 VA
QSO: 14170 PH 2022-03-06 2235 CE3CLF 59 500 WA0DKC 59 IA
QSO: 28510 PH 2022-03-06 2320 CE3CLF 59 500 N5NHJ 59 TX
QSO: 28435 PH 2022-03-06 2324 CE3CLF 59 500 W5GN 59 TX
QSO: 28435 PH 2022-03-06 2325 CE3CLF 59 500 WA0DKC 59 IA
QSO: 28435 PH 2022-03-06 2327 CE3CLF 59 500 WB9TFH 59 WI
QSO: 28435 PH 2022-03-06 2328 CE3CLF 59 500 N7HYV 59 NV
QSO: 28435 PH 2022-03-06 2329 CE3CLF 59 500 WB9XFF 59 WI
QSO: 28435 PH 2022-03-06 2330 CE3CLF 59 500 K6PF 59 AZ
QSO: 28435 PH 2022-03-06 2330 CE3CLF 59 500 KF7KTC 59 NV
QSO: 28435 PH 2022-03-06 2331 CE3CLF 59 500 KN6IUW 59 CA
QSO: 28435 PH 2022-03-06 2332 CE3CLF 59 500 WB0N 59 MN
QSO: 28435 PH 2022-03-06 2333 CE3CLF 59 500 K2DRH 59 IL
QSO: 28435 PH 2022-03-06 2333 CE3CLF 59 500 K0GYQ 59 MO
QSO: 28435 PH 2022-03-06 2335 CE3CLF 59 500 K6ICS 59 CA
QSO: 28435 PH 2022-03-06 2335 CE3CLF 59 500 WX0Z 59 MN
QSO: 28435 PH 2022-03-06 2336 CE3CLF 59 500 KD9EFO 59 IL
QSO: 28435 PH 2022-03-06 2336 CE3CLF 59 500 AA6IO 59 CA
QSO: 28435 PH 2022-03-06 2337 CE3CLF 59 500 W7VJ 59 WA
QSO: 28435 PH 2022-03-06 2337 CE3CLF 59 500 K6OW 59 CA
QSO: 28435 PH 2022-03-06 2338 CE3CLF 59 500 K6EKT 59 AZ
QSO: 28435 PH 2022-03-06 2339 CE3CLF 59 500 KB0ARZ 59 NE
QSO: 28435 PH 2022-03-06 2339 CE3CLF 59 500 K6ANP 59 CA
QSO: 28435 PH 2022-03-06 2340 CE3CLF 59 500 W6JK 59 CA
QSO: 28435 PH 2022-03-06 2340 CE3CLF 59 500 KF0IDT 59 CO
QSO: 28435 PH 2022-03-06 2343 CE3CLF 59 500 W5CWM 59 TX
QSO: 28435 PH 2022-03-06 2344 CE3CLF 59 500 N7MZW 59 WY
QSO: 28435 PH 2022-03-06 2345 CE3CLF 59 500 W6QU 59 CA
QSO: 28435 PH 2022-03-06 2345 CE3CLF 59 500 KN6GPR 59 CA
QSO: 28435 PH 2022-03-06 2346 CE3CLF 59 500 W1PR 59 CA
QSO: 28435 PH 2022-03-06 2346 CE3CLF 59 500 N7YK 59 NV
QSO: 28435 PH 2022-03-06 2347 CE3CLF 59 500 K7OBB 59 AZ
QSO: 28435 PH 2022-03-06 2348 CE3CLF 59 500 N6DD 59 CA
QSO: 28435 PH 2022-03-06 2349 CE3CLF 59 500 K6RJ 59 CA
QSO: 28435 PH 2022-03-06 2350 CE3CLF 59 500 K7EFZ 59 ID
QSO: 28435 PH 2022-03-06 2351 CE3CLF 59 500 WA6SZE 59 CA
QSO: 28435 PH 2022-03-06 2352 CE3CLF 59 500 K7YYG 59 AZ
QSO: 28435 PH 2022-03-06 2352 CE3CLF 59 500 KI5MM 59 TX
QSO: 28435 PH 2022-03-06 2352 CE3CLF 59 500 W6DT 59 CA
QSO: 28435 PH 2022-03-06 2353 CE3CLF 59 500 KD6WQK 59 CA
QSO: 28435 PH 2022-03-06 2353 CE3CLF 59 500 WB7FDQ 59 AZ
QSO: 28435 PH 2022-03-06 2355 CE3CLF 59 500 W6UV 59 CA
QSO: 28439 PH 2022-03-06 2358 CE3CLF 59 500 VE7FW 59 BC
QSO: 28439 PH 2022-03-06 2359 CE3CLF 59 500 KK6BXJ 59 CA
END-OF-LOG: