START-OF-LOG: 3.0
CONTEST: ARRL-DX-SSB
LOCATION: NC
CALLSIGN: N4NCH
CATEGORY-OPERATOR: SINGLE-OP
CATEGORY-ASSISTED: NON-ASSISTED
CATEGORY-POWER: LOW
CREATED-BY: N3FJP'S ARRL INTERNATIONAL DX CONTEST LOG 5.1.2
CATEGORY-STATION: FIXED
CATEGORY-TRANSMITTER: ONE
CATEGORY-BAND: ALL
CATEGORY-MODE: SSB
CLUB: HAMPSTEAD HAMS
OPERATORS: N4NCH
HQ-CATEGORY: Single Operator, Low Power
HQ-GRID-LOCATOR: FM14fk
QSO: 7198 PH 2022-03-05 0003 N4NCH 59 NC I2VRN 59 500 0
QSO: 7178 PH 2022-03-05 0008 N4NCH 59 NC LZ5R 59 K 0
QSO: 14232 PH 2022-03-05 0020 N4NCH 59 NC ZF5T 59 100 0
QSO: 14250 PH 2022-03-05 0028 N4NCH 59 NC V26K 59 K 0
QSO: 14263 PH 2022-03-05 0031 N4NCH 59 NC ZF1A 59 K 0
QSO: 21284 PH 2022-03-05 0041 N4NCH 59 NC PT5J 59 K 0
QSO: 21333 PH 2022-03-05 0103 N4NCH 59 NC AL2F 59 K 0
QSO: 21390 PH 2022-03-05 0106 N4NCH 59 NC AL7LO 59 K 0
QSO: 1837 PH 2022-03-05 0113 N4NCH 59 NC NP2J 59 K 0
QSO: 1858 PH 2022-03-05 0117 N4NCH 59 NC C6ANM 59 100 0
QSO: 14248 PH 2022-03-05 0347 N4NCH 59 NC J68HZ 59 K 0
QSO: 14280 PH 2022-03-05 0352 N4NCH 59 NC PJ2T 59 K 0
QSO: 14277 PH 2022-03-05 0357 N4NCH 59 NC PZ2YT 59 K 0
QSO: 14288 PH 2022-03-05 0401 N4NCH 59 NC KH7Q 59 K 0
QSO: 14304 PH 2022-03-05 0404 N4NCH 59 NC D4K 59 K 0
QSO: 14343 PH 2022-03-05 0409 N4NCH 59 NC PY5FA 59 K 0
QSO: 7182 PH 2022-03-05 0430 N4NCH 59 NC CR6T 59 K 0
QSO: 7254 PH 2022-03-05 0507 N4NCH 59 NC NP4DX 59 100 0
QSO: 7270 PH 2022-03-05 0514 N4NCH 59 NC VP5M 59 100 0
QSO: 7181 PH 2022-03-05 0556 N4NCH 59 NC ED7W 59 K 0
QSO: 7194 PH 2022-03-05 0601 N4NCH 59 NC CQ8M 59 K 0
QSO: 7196 PH 2022-03-05 0604 N4NCH 59 NC TI2CC 59 K 0
QSO: 21278 PH 2022-03-05 1400 N4NCH 59 NC WP4RF 59 500 0
QSO: 21282 PH 2022-03-05 1401 N4NCH 59 NC FS4WBS 59 K 0
QSO: 21295 PH 2022-03-05 1404 N4NCH 59 NC PJ2T 59 K 0
QSO: 21300 PH 2022-03-05 1407 N4NCH 59 NC F1UVN 59 K 0
QSO: 21310 PH 2022-03-05 1409 N4NCH 59 NC IB0L 59 K 0
QSO: 21317 PH 2022-03-05 1417 N4NCH 59 NC TM0R 59 K 0
QSO: 21322 PH 2022-03-05 1419 N4NCH 59 NC KP4PUA 59 100 0
QSO: 21334 PH 2022-03-05 1421 N4NCH 59 NC NP4DX 59 100 0
QSO: 21336 PH 2022-03-05 1423 N4NCH 59 NC EI3JZ 59 K 0
QSO: 21344 PH 2022-03-05 1427 N4NCH 59 NC ZW5B 59 K 0
QSO: 21352 PH 2022-03-05 1432 N4NCH 59 NC V26K 59 K 0
QSO: 21364 PH 2022-03-05 1433 N4NCH 59 NC P40F 59 K 0
QSO: 21391 PH 2022-03-05 1434 N4NCH 59 NC J68HZ 59 K 0
QSO: 21404 PH 2022-03-05 1435 N4NCH 59 NC TI7W 59 K 0
QSO: 21424 PH 2022-03-05 1437 N4NCH 59 NC V31XX 59 K 0
QSO: 21445 PH 2022-03-05 1439 N4NCH 59 NC KP2B 59 100 0
QSO: 28482 PH 2022-03-05 1450 N4NCH 59 NC PT5J 59 K 0
QSO: 28407 PH 2022-03-05 1456 N4NCH 59 NC PY2PT 59 K 0
QSO: 14243 PH 2022-03-05 1510 N4NCH 59 NC SP5C 59 500 0
QSO: 14250 PH 2022-03-05 1516 N4NCH 59 NC KP4AA 59 K 0
QSO: 14292 PH 2022-03-05 1521 N4NCH 59 NC NP4DX 59 100 0
QSO: 14341 PH 2022-03-05 1528 N4NCH 59 NC KP4PK 59 100 0
QSO: 28350 PH 2022-03-05 1616 N4NCH 59 NC ZW2N 59 K 0
QSO: 28360 PH 2022-03-05 1619 N4NCH 59 NC J68HZ 59 K 0
QSO: 28364 PH 2022-03-05 1625 N4NCH 59 NC FG4KH 59 K 0
QSO: 28388 PH 2022-03-05 1632 N4NCH 59 NC LU8DPM 59 K 0
QSO: 28410 PH 2022-03-05 1638 N4NCH 59 NC PJ4G 59 K 0
QSO: 28445 PH 2022-03-05 1645 N4NCH 59 NC ZW5B 59 K 0
QSO: 28454 PH 2022-03-05 1646 N4NCH 59 NC TI2JS 59 100 0
QSO: 28469 PH 2022-03-05 1650 N4NCH 59 NC TI7W 59 K 0
QSO: 28479 PH 2022-03-05 1652 N4NCH 59 NC NP3V 59 100 0
QSO: 28494 PH 2022-03-05 1654 N4NCH 59 NC ED8W 59 K 0
QSO: 28527 PH 2022-03-05 1659 N4NCH 59 NC P40F 59 K 0
QSO: 28530 PH 2022-03-05 1700 N4NCH 59 NC XE2JS 59 100 0
QSO: 28547 PH 2022-03-05 1705 N4NCH 59 NC TO3Z 59 500 0
QSO: 28550 PH 2022-03-05 1706 N4NCH 59 NC PY2EX 59 K 0
QSO: 28565 PH 2022-03-05 1708 N4NCH 59 NC TI5CDA 59 K 0
QSO: 28567 PH 2022-03-05 1709 N4NCH 59 NC NP4DX 59 100 0
QSO: 28367 PH 2022-03-05 1715 N4NCH 59 NC V26K 59 K 0
QSO: 28396 PH 2022-03-05 1717 N4NCH 59 NC LO5D 59 K 0
QSO: 21275 PH 2022-03-06 0001 N4NCH 59 NC CX5A 59 K 0
QSO: 21288 PH 2022-03-06 0002 N4NCH 59 NC FY5KE 59 100 0
QSO: 21308 PH 2022-03-06 0007 N4NCH 59 NC PT2EM 59 K 0
QSO: 21333 PH 2022-03-06 0012 N4NCH 59 NC PV2K 59 K 0
QSO: 21384 PH 2022-03-06 0018 N4NCH 59 NC PJ4G 59 K 0
QSO: 7189 PH 2022-03-06 0026 N4NCH 59 NC IO5O 59 K 0
QSO: 7196 PH 2022-03-06 0029 N4NCH 59 NC E7DX 59 500 0
QSO: 7199 PH 2022-03-06 0030 N4NCH 59 NC EB5A 59 K 0
QSO: 7214 PH 2022-03-06 0032 N4NCH 59 NC VP9I 59 100 0
QSO: 14225 PH 2022-03-06 0037 N4NCH 59 NC PY2NY 59 100 0
QSO: 14266 PH 2022-03-06 0053 N4NCH 59 NC CT3EN 59 K 0
QSO: 14269 PH 2022-03-06 0054 N4NCH 59 NC CT9ABN 59 K 0
QSO: 14248 PH 2022-03-06 0150 N4NCH 59 NC PJ4G 59 K 0
QSO: 14255 PH 2022-03-06 0152 N4NCH 59 NC TI7W 59 K 0
QSO: 14274 PH 2022-03-06 0203 N4NCH 59 NC ZP5WBM 59 K 0
QSO: 14326 PH 2022-03-06 0219 N4NCH 59 NC LT6M 59 K 0
QSO: 14337 PH 2022-03-06 0221 N4NCH 59 NC KP4K 59 100 0
QSO: 14344 PH 2022-03-06 0221 N4NCH 59 NC PY1NX 59 K 0
QSO: 14232 PH 2022-03-06 0233 N4NCH 59 NC CE1TT 59 K 0
QSO: 14312 PH 2022-03-06 0237 N4NCH 59 NC ZW5B 59 K 0
QSO: 14226 PH 2022-03-06 0349 N4NCH 59 NC YV4EK 59 100 0
QSO: 7228 PH 2022-03-06 0405 N4NCH 59 NC FY5KE 59 100 0
QSO: 14232 PH 2022-03-06 1309 N4NCH 59 NC DM0A 59 K 0
QSO: 14234 PH 2022-03-06 1310 N4NCH 59 NC VP5MM 59 100 0
QSO: 14242 PH 2022-03-06 1312 N4NCH 59 NC TM6M 59 K 0
QSO: 14294 PH 2022-03-06 1322 N4NCH 59 NC EI9E 59 K 0
QSO: 14315 PH 2022-03-06 1327 N4NCH 59 NC LX7I 59 K 0
QSO: 14319 PH 2022-03-06 1330 N4NCH 59 NC ED7W 59 K 0
QSO: 14334 PH 2022-03-06 1336 N4NCH 59 NC S57DX 59 K 0
QSO: 14343 PH 2022-03-06 1337 N4NCH 59 NC E7DX 59 K 0
QSO: 28420 PH 2022-03-06 1339 N4NCH 59 NC HC2PY 59 K 0
QSO: 21280 PH 2022-03-06 1342 N4NCH 59 NC 9A9A 59 K 0
QSO: 21301 PH 2022-03-06 1347 N4NCH 59 NC TM6M 59 K 0
QSO: 21312 PH 2022-03-06 1351 N4NCH 59 NC LZ2YO 59 K 0
QSO: 21331 PH 2022-03-06 1354 N4NCH 59 NC 9A7V 59 K 0
QSO: 21340 PH 2022-03-06 1355 N4NCH 59 NC 9A9Z 59 K 0
QSO: 21351 PH 2022-03-06 1359 N4NCH 59 NC F4GGQ 59 K 0
QSO: 21352 PH 2022-03-06 1400 N4NCH 59 NC DL4VK 59 K 0
QSO: 21384 PH 2022-03-06 1404 N4NCH 59 NC SN5X 59 K 0
QSO: 21393 PH 2022-03-06 1407 N4NCH 59 NC YL7X 59 K 0
QSO: 21402 PH 2022-03-06 1410 N4NCH 59 NC PA9M 59 K 0
QSO: 21430 PH 2022-03-06 1413 N4NCH 59 NC HG1S 59 K 0
QSO: 21319 PH 2022-03-06 1421 N4NCH 59 NC D4L 59 K 0
QSO: 21326 PH 2022-03-06 1425 N4NCH 59 NC ZP5DBC 59 K 0
QSO: 21337 PH 2022-03-06 1431 N4NCH 59 NC ED7W 59 K 0
QSO: 21346 PH 2022-03-06 1435 N4NCH 59 NC OK5Z 59 K 0
QSO: 21373 PH 2022-03-06 1441 N4NCH 59 NC RG6G 59 K 0
QSO: 21390 PH 2022-03-06 1443 N4NCH 59 NC S53M 59 K 0
QSO: 21408 PH 2022-03-06 1447 N4NCH 59 NC TO3Z 59 500 0
QSO: 28365 PH 2022-03-06 1530 N4NCH 59 NC PU2PKL 59 100 0
QSO: 28404 PH 2022-03-06 1536 N4NCH 59 NC PJ2T 59 K 0
QSO: 28417 PH 2022-03-06 1537 N4NCH 59 NC PT4A 59 K 0
QSO: 28465 PH 2022-03-06 1547 N4NCH 59 NC D4Z 59 K 0
QSO: 28500 PH 2022-03-06 1553 N4NCH 59 NC CE7VP 59 100 0
QSO: 28520 PH 2022-03-06 1554 N4NCH 59 NC TI2WMP 59 100 0
QSO: 28367 PH 2022-03-06 1601 N4NCH 59 NC PX5M 59 100 0
QSO: 28495 PH 2022-03-06 1618 N4NCH 59 NC CX5A 59 K 0
QSO: 28501 PH 2022-03-06 1621 N4NCH 59 NC CE2ML 59 K 0
QSO: 28518 PH 2022-03-06 1626 N4NCH 59 NC CB8E 59 K 0
QSO: 28574 PH 2022-03-06 1658 N4NCH 59 NC PJ7AA 59 100 0
QSO: 28379 PH 2022-03-06 1700 N4NCH 59 NC HI3T 59 100 0
QSO: 28432 PH 2022-03-06 1705 N4NCH 59 NC ZA7S 59 K 0
QSO: 28442 PH 2022-03-06 1707 N4NCH 59 NC OA4O 59 K 0
QSO: 28472 PH 2022-03-06 1710 N4NCH 59 NC FY5KE 59 100 0
QSO: 28497 PH 2022-03-06 1718 N4NCH 59 NC CT9ABN 59 K 0
QSO: 14235 PH 2022-03-06 1729 N4NCH 59 NC II2S 59 500 0
QSO: 14240 PH 2022-03-06 1730 N4NCH 59 NC IR6T 59 500 0
QSO: 14254 PH 2022-03-06 1732 N4NCH 59 NC GM5G 59 100 0
QSO: 14325 PH 2022-03-06 1742 N4NCH 59 NC OE2S 59 K 0
QSO: 14331 PH 2022-03-06 1744 N4NCH 59 NC LZ5R 59 K 0
QSO: 21325 PH 2022-03-06 1755 N4NCH 59 NC CM2JLV 59 100 0
QSO: 21414 PH 2022-03-06 1809 N4NCH 59 NC HH2AA 59 100 0
QSO: 28308 PH 2022-03-06 2057 N4NCH 59 NC PY2XJ 59 100 0
QSO: 28366 PH 2022-03-06 2114 N4NCH 59 NC PY2ZEA 59 100 0
QSO: 28462 PH 2022-03-06 2140 N4NCH 59 NC TI2YO 59 QRP 0
QSO: 7186 PH 2022-03-06 2156 N4NCH 59 NC SN7D 59 K 0
QSO: 7204 PH 2022-03-06 2202 N4NCH 59 NC PJ2T 59 K 0
QSO: 7259 PH 2022-03-06 2349 N4NCH 59 NC PY5QW 59 K 0
QSO: 7191 PH 2022-03-06 2357 N4NCH 59 NC S51CK 59 K 0
QSO: 7186 PH 2022-03-06 2359 N4NCH 59 NC F8KGM 59 K 0
END-OF-LOG: