START-OF-LOG: 3.0
CONTEST: ARRL-DX-SSB
LOCATION: EPA
CALLSIGN: W2MC
CATEGORY-OPERATOR: SINGLE-OP
CATEGORY-ASSISTED: NON-ASSISTED
CATEGORY-POWER: LOW
CREATED-BY: N3FJP'S ARRL INTERNATIONAL DX CONTEST LOG 5.1.2
CATEGORY-STATION: FIXED
CATEGORY-TRANSMITTER: ONE
CATEGORY-BAND: ALL
CATEGORY-MODE: SSB
CATEGORY-TIME: 12-HOURS
CLUB: Frankford Radio Club
OPERATORS: W2MC
HQ-CATEGORY: Single Operator, Low Power
HQ-GRID-LOCATOR: FN21lh
QSO: 7000 PH 2022-03-05 0025 W2MC 59 PA IO5O 59 500 0
QSO: 7000 PH 2022-03-05 0027 W2MC 59 PA YT8WW 59 K 0
QSO: 7000 PH 2022-03-05 0028 W2MC 59 PA HI3LT 59 K 0
QSO: 7000 PH 2022-03-05 0037 W2MC 59 PA IB8A 59 500 0
QSO: 7000 PH 2022-03-05 0039 W2MC 59 PA S51YI 59 K 0
QSO: 7000 PH 2022-03-05 0040 W2MC 59 PA SN7D 59 K 0
QSO: 7000 PH 2022-03-05 0041 W2MC 59 PA E7DX 59 K 0
QSO: 7000 PH 2022-03-05 0043 W2MC 59 PA ED8W 59 K 0
QSO: 7000 PH 2022-03-05 0044 W2MC 59 PA TM0R 59 K 0
QSO: 7000 PH 2022-03-05 0045 W2MC 59 PA ED7W 59 K 0
QSO: 7000 PH 2022-03-05 0047 W2MC 59 PA CR6T 59 K 0
QSO: 7000 PH 2022-03-05 0049 W2MC 59 PA GM0V 59 400 0
QSO: 7000 PH 2022-03-05 0053 W2MC 59 PA I2VRN 59 500 0
QSO: 7000 PH 2022-03-05 0056 W2MC 59 PA PJ2T 59 K 0
QSO: 7000 PH 2022-03-05 0100 W2MC 59 PA HB9NE 59 K 0
QSO: 7000 PH 2022-03-05 0102 W2MC 59 PA TM6M 59 K 0
QSO: 7000 PH 2022-03-05 0103 W2MC 59 PA EB5A 59 K 0
QSO: 7000 PH 2022-03-05 0105 W2MC 59 PA I05O 59 500 0
QSO: 7000 PH 2022-03-05 0105 W2MC 59 PA SP8R 59 K 0
QSO: 7000 PH 2022-03-05 0107 W2MC 59 PA HI8JSG 59 100 0
QSO: 7000 PH 2022-03-05 0125 W2MC 59 PA IK6LBT 59 500 0
QSO: 7000 PH 2022-03-05 0126 W2MC 59 PA SN7Q 59 K 0
QSO: 7000 PH 2022-03-05 0129 W2MC 59 PA SN3A 59 K 0
QSO: 7000 PH 2022-03-05 0132 W2MC 59 PA LZ5R 59 K 0
QSO: 21000 PH 2022-03-05 1318 W2MC 59 PA TO3Z 59 K 0
QSO: 21000 PH 2022-03-05 1322 W2MC 59 PA HI3T 59 100 0
QSO: 21000 PH 2022-03-05 1325 W2MC 59 PA HC2PY 59 K 0
QSO: 21000 PH 2022-03-05 1326 W2MC 59 PA PX2A 59 K 0
QSO: 21000 PH 2022-03-05 1330 W2MC 59 PA WP4RF 59 500 0
QSO: 21000 PH 2022-03-05 1331 W2MC 59 PA PJ4G 59 K 0
QSO: 21000 PH 2022-03-05 1332 W2MC 59 PA FS4WBS 59 K 0
QSO: 21000 PH 2022-03-05 1333 W2MC 59 PA V31XX 59 K 0
QSO: 21000 PH 2022-03-05 1334 W2MC 59 PA ED8W 59 K 0
QSO: 21000 PH 2022-03-05 1404 W2MC 59 PA PJ2T 59 K 0
QSO: 21000 PH 2022-03-05 1404 W2MC 59 PA IO5O 59 500 0
QSO: 21000 PH 2022-03-05 1405 W2MC 59 PA VP5M 59 100 0
QSO: 21000 PH 2022-03-05 1406 W2MC 59 PA ZF1A 59 K 0
QSO: 21000 PH 2022-03-05 1407 W2MC 59 PA HI3LT 59 K 0
QSO: 21000 PH 2022-03-05 1414 W2MC 59 PA TM6M 59 K 0
QSO: 21000 PH 2022-03-05 1416 W2MC 59 PA TM0R 59 K 0
QSO: 21000 PH 2022-03-05 1418 W2MC 59 PA V26K 59 K 0
QSO: 21000 PH 2022-03-05 1423 W2MC 59 PA SN2B 59 K 0
QSO: 28000 PH 2022-03-05 1946 W2MC 59 PA V31XX 59 K 0
QSO: 28000 PH 2022-03-05 1947 W2MC 59 PA LO5D 59 K 0
QSO: 14000 PH 2022-03-05 1952 W2MC 59 PA G0MTN 59 400 0
QSO: 14000 PH 2022-03-05 1954 W2MC 59 PA TM6M 59 K 0
QSO: 14000 PH 2022-03-05 1958 W2MC 59 PA E7DX 59 K 0
QSO: 14000 PH 2022-03-05 1959 W2MC 59 PA ED7W 59 K 0
QSO: 14000 PH 2022-03-05 2000 W2MC 59 PA LX7I 59 K 0
QSO: 14000 PH 2022-03-05 2001 W2MC 59 PA I04X 59 500 0
QSO: 14000 PH 2022-03-05 2002 W2MC 59 PA ED8W 59 K 0
QSO: 14000 PH 2022-03-05 2003 W2MC 59 PA II9P 59 500 0
QSO: 14000 PH 2022-03-05 2005 W2MC 59 PA EA1G 59 500 0
QSO: 14000 PH 2022-03-05 2006 W2MC 59 PA VP9I 59 100 0
QSO: 14000 PH 2022-03-05 2148 W2MC 59 PA D4K 59 K 0
QSO: 14000 PH 2022-03-05 2149 W2MC 59 PA C6ANM 59 100 0
QSO: 14000 PH 2022-03-05 2150 W2MC 59 PA NP4DX 59 100 0
QSO: 14000 PH 2022-03-05 2153 W2MC 59 PA PJ2T 59 K 0
QSO: 21000 PH 2022-03-05 2235 W2MC 59 PA PY2QT 59 100 0
QSO: 21000 PH 2022-03-05 2236 W2MC 59 PA PY5IN 59 100 0
QSO: 21000 PH 2022-03-05 2237 W2MC 59 PA NP4DX 59 100 0
QSO: 21000 PH 2022-03-05 2239 W2MC 59 PA KP2B 59 100 0
QSO: 21000 PH 2022-03-05 2241 W2MC 59 PA LU6ETB 59 K 0
QSO: 21000 PH 2022-03-05 2242 W2MC 59 PA KP4PUA 59 100 0
QSO: 21000 PH 2022-03-05 2243 W2MC 59 PA ZF5T 59 100 0
QSO: 21000 PH 2022-03-05 2244 W2MC 59 PA TI7W 59 K 0
QSO: 21000 PH 2022-03-05 2246 W2MC 59 PA PP5RB 59 100 0
QSO: 21000 PH 2022-03-05 2246 W2MC 59 PA PY2CX 59 100 0
QSO: 21000 PH 2022-03-05 2248 W2MC 59 PA HC1MD/2 59 100 0
QSO: 21000 PH 2022-03-05 2253 W2MC 59 PA CV7S 59 K 0
QSO: 21000 PH 2022-03-05 2308 W2MC 59 PA PT5J 59 K 0
QSO: 21000 PH 2022-03-05 2315 W2MC 59 PA OA4SS 59 K 0
QSO: 21000 PH 2022-03-05 2318 W2MC 59 PA PT4A 59 K 0
QSO: 21000 PH 2022-03-05 2320 W2MC 59 PA 4A7S 59 K 0
QSO: 14000 PH 2022-03-05 2326 W2MC 59 PA VP5M 59 100 0
QSO: 14000 PH 2022-03-05 2329 W2MC 59 PA ZF1A 59 K 0
QSO: 14000 PH 2022-03-05 2334 W2MC 59 PA HI3LT 59 K 0
QSO: 7000 PH 2022-03-06 0018 W2MC 59 PA OM5DX 59 500 0
QSO: 7000 PH 2022-03-06 0024 W2MC 59 PA IB0L 59 500 0
QSO: 7000 PH 2022-03-06 0024 W2MC 59 PA II9P 59 500 0
QSO: 7000 PH 2022-03-06 0026 W2MC 59 PA F8KGM 59 K 0
QSO: 7000 PH 2022-03-06 0027 W2MC 59 PA TI2CC 59 K 0
QSO: 7000 PH 2022-03-06 0029 W2MC 59 PA WP4WW 59 K 0
QSO: 14000 PH 2022-03-06 0036 W2MC 59 PA PJ4G 59 K 0
QSO: 14000 PH 2022-03-06 0039 W2MC 59 PA ZF5T 59 100 0
QSO: 14000 PH 2022-03-06 0045 W2MC 59 PA PZ2YT 59 K 0
QSO: 14000 PH 2022-03-06 0049 W2MC 59 PA PT7BI 59 K 0
QSO: 14000 PH 2022-03-06 0051 W2MC 59 PA ZW5B 59 K 0
QSO: 14000 PH 2022-03-06 0052 W2MC 59 PA PY1NX/6 59 K 0
QSO: 14000 PH 2022-03-06 0053 W2MC 59 PA PT5J 59 K 0
QSO: 14000 PH 2022-03-06 0104 W2MC 59 PA PY7ZC 59 K 0
QSO: 7000 PH 2022-03-06 0140 W2MC 59 PA CT7AHV 59 K 0
QSO: 7000 PH 2022-03-06 0141 W2MC 59 PA HA7RY 59 K 0
QSO: 7000 PH 2022-03-06 0149 W2MC 59 PA HK3LRB 59 100 0
QSO: 7000 PH 2022-03-06 0151 W2MC 59 PA IZ2DII 59 500 0
QSO: 7000 PH 2022-03-06 0154 W2MC 59 PA PJ4G 59 K 0
QSO: 7000 PH 2022-03-06 0156 W2MC 59 PA TI7W 59 K 0
QSO: 7000 PH 2022-03-06 0310 W2MC 59 PA ED5R 59 K 0
QSO: 7000 PH 2022-03-06 0314 W2MC 59 PA ZF1A 59 K 0
QSO: 7000 PH 2022-03-06 0322 W2MC 59 PA PT7WM 59 K 0
QSO: 7000 PH 2022-03-06 0328 W2MC 59 PA 9A5X 59 K 0
QSO: 7000 PH 2022-03-06 0335 W2MC 59 PA PY1NX/6 59 K 0
QSO: 7000 PH 2022-03-06 0342 W2MC 59 PA 6W1TG 59 400 0
QSO: 28000 PH 2022-03-06 1234 W2MC 59 PA PJ2T 59 100 0
QSO: 21000 PH 2022-03-06 1255 W2MC 59 PA 9A5Y 59 K 0
QSO: 21000 PH 2022-03-06 1256 W2MC 59 PA IR4X 59 500 0
QSO: 21000 PH 2022-03-06 1256 W2MC 59 PA YT9A 59 K 0
QSO: 21000 PH 2022-03-06 1257 W2MC 59 PA EB5A 59 K 0
QSO: 28000 PH 2022-03-06 1710 W2MC 59 PA J68HZ 59 K 0
QSO: 28000 PH 2022-03-06 1715 W2MC 59 PA ZF1A 59 K 0
QSO: 28000 PH 2022-03-06 1716 W2MC 59 PA 4A7S 59 K 0
QSO: 28000 PH 2022-03-06 1719 W2MC 59 PA VP5M 59 100 0
QSO: 28000 PH 2022-03-06 1720 W2MC 59 PA ZF5T 59 100 0
QSO: 28000 PH 2022-03-06 1722 W2MC 59 PA PT5J 59 K 0
QSO: 28000 PH 2022-03-06 1722 W2MC 59 PA XE2JS 59 100 0
QSO: 21000 PH 2022-03-06 1728 W2MC 59 PA GW0RYT 59 400 0
QSO: 21000 PH 2022-03-06 1729 W2MC 59 PA G1A 59 400 0
QSO: 21000 PH 2022-03-06 1729 W2MC 59 PA HD1A 59 K 0
QSO: 21000 PH 2022-03-06 1730 W2MC 59 PA F5OHM 59 K 0
QSO: 21000 PH 2022-03-06 1731 W2MC 59 PA OT8T 59 K 0
QSO: 21000 PH 2022-03-06 1817 W2MC 59 PA D4L 59 K 0
QSO: 21000 PH 2022-03-06 1818 W2MC 59 PA TM2Y 59 K 0
QSO: 21000 PH 2022-03-06 1820 W2MC 59 PA TM4T 59 K 0
QSO: 21000 PH 2022-03-06 1821 W2MC 59 PA II9P 59 500 0
QSO: 28000 PH 2022-03-06 1823 W2MC 59 PA P40F 59 K 0
QSO: 28000 PH 2022-03-06 1825 W2MC 59 PA KH6CJJ 59 100 0
QSO: 28000 PH 2022-03-06 1840 W2MC 59 PA HI3LT 59 K 0
QSO: 28000 PH 2022-03-06 1842 W2MC 59 PA PJ4G 59 K 0
QSO: 28000 PH 2022-03-06 1843 W2MC 59 PA HI3T 59 100 0
QSO: 28000 PH 2022-03-06 1850 W2MC 59 PA KP4WQ 59 100 0
QSO: 28000 PH 2022-03-06 1853 W2MC 59 PA WP4SD 59 100 0
QSO: 28000 PH 2022-03-06 1906 W2MC 59 PA PV2K 59 K 0
QSO: 28000 PH 2022-03-06 1907 W2MC 59 PA LT6M 59 K 0
QSO: 21000 PH 2022-03-06 2234 W2MC 59 PA C6ANM 59 100 0
QSO: 21000 PH 2022-03-06 2236 W2MC 59 PA PY2DR 59 100 0
QSO: 21000 PH 2022-03-06 2237 W2MC 59 PA NP2X 59 K 0
QSO: 21000 PH 2022-03-06 2247 W2MC 59 PA FY5KE 59 100 0
QSO: 21000 PH 2022-03-06 2249 W2MC 59 PA CO6LE 59 100 0
QSO: 21000 PH 2022-03-06 2306 W2MC 59 PA CX5A 59 K 0
QSO: 14000 PH 2022-03-06 2310 W2MC 59 PA PT4A 59 K 0
QSO: 14000 PH 2022-03-06 2311 W2MC 59 PA 9Z4Y 59 100 0
QSO: 14000 PH 2022-03-06 2314 W2MC 59 PA PJ7AA 59 100 0
QSO: 14000 PH 2022-03-06 2317 W2MC 59 PA HD1A 59 K 0
QSO: 14000 PH 2022-03-06 2319 W2MC 59 PA KP4AA 59 K 0
END-OF-LOG: