START-OF-LOG: 3.0
CONTEST: ARRL-SS-CW
LOCATION: BC
CALLSIGN: VA7QCE
CATEGORY-OPERATOR: SINGLE-OP
CATEGORY-ASSISTED: NON-ASSISTED
CATEGORY-POWER: LOW
CATEGORY-BAND: ALL
CATEGORY-MODE: CW
CATEGORY-STATION: FIXED
CATEGORY-TRANSMITTER: ONE
CREATED-BY: N1MM LOGGER+ 1.0.7667.0
CLUB: Orca DX and Contest Club
OPERATORS: VA7QCE
HQ-CATEGORY: Single Operator, Low Power
HQ-GRID-LOCATOR: CN89jd
QSO: 14000 CW 2019-11-02 2140 VA7QCE 0001 A 13 BC K3CCR 0027 M 12 MDC
QSO: 14000 CW 2019-11-02 2153 VA7QCE 0002 A 13 BC N3ND 0056 B 63 NC
QSO: 14000 CW 2019-11-02 2201 VA7QCE 0003 A 13 BC W4NF 0080 U 75 VA
QSO: 14000 CW 2019-11-02 2223 VA7QCE 0004 A 13 BC KT0A 0126 U 68 SD
QSO: 14000 CW 2019-11-02 2232 VA7QCE 0005 A 13 BC K0EU 0168 U 70 CO
QSO: 14000 CW 2019-11-02 2242 VA7QCE 0006 A 13 BC K5CI 0050 U 72 NTX
QSO: 14000 CW 2019-11-02 2254 VA7QCE 0007 A 13 BC WI9WI 0122 B 58 WI
QSO: 14000 CW 2019-11-02 2312 VA7QCE 0008 A 13 BC KH6TU 0211 U 62 PAC
QSO: 14000 CW 2019-11-02 2325 VA7QCE 0009 A 13 BC KL7RA 0156 B 78 AK
QSO: 14000 CW 2019-11-02 2335 VA7QCE 0010 A 13 BC N0SNN 0123 A 75 SB
QSO: 14000 CW 2019-11-02 2340 VA7QCE 0011 A 13 BC K6LL 0299 U 59 AZ
QSO: 14000 CW 2019-11-02 2354 VA7QCE 0012 A 13 BC N2IC 0359 A 67 NM
QSO: 14000 CW 2019-11-02 2359 VA7QCE 0013 A 13 BC W7CXX 0165 U 69 UT
QSO: 14000 CW 2019-11-03 0007 VA7QCE 0014 A 13 BC KI6RRN 0167 A 98 SDG
QSO: 14000 CW 2019-11-03 0015 VA7QCE 0015 A 13 BC KY7M 0306 M 62 AZ
QSO: 14000 CW 2019-11-03 0025 VA7QCE 0016 A 13 BC KM6Z 0132 A 71 LAX
QSO: 14000 CW 2019-11-03 0037 VA7QCE 0017 A 13 BC WN6K 0127 A 75 SDG
QSO: 07000 CW 2019-11-03 0544 VA7QCE 0018 A 13 BC NX4N 0755 U 71 WCF
QSO: 07000 CW 2019-11-03 0605 VA7QCE 0019 A 13 BC N6RK 0424 B 65 SV
QSO: 07000 CW 2019-11-03 0610 VA7QCE 0020 A 13 BC K0VXU 0430 B 59 KS
QSO: 07000 CW 2019-11-03 0619 VA7QCE 0021 A 13 BC NR5M 0793 B 57 STX
QSO: 07000 CW 2019-11-03 0638 VA7QCE 0022 A 13 BC NC6K 0476 U 77 SDG
QSO: 07000 CW 2019-11-03 0646 VA7QCE 0023 A 13 BC K0EJ 0720 B 67 TN
QSO: 07000 CW 2019-11-03 0654 VA7QCE 0024 A 13 BC W5YD 0793 B 20 MS
QSO: 07000 CW 2019-11-03 0733 VA7QCE 0025 A 13 BC WA6KHK 0292 U 60 ORG
QSO: 07000 CW 2019-11-03 0743 VA7QCE 0026 A 13 BC K6ZH 0216 U 63 SDG
QSO: 07000 CW 2019-11-03 0749 VA7QCE 0027 A 13 BC K5RX 0433 B 67 NTX
QSO: 14000 CW 2019-11-03 1607 VA7QCE 0028 A 13 BC N4KS 0661 B 67 NFL
QSO: 14000 CW 2019-11-03 1614 VA7QCE 0029 A 13 BC WO4O 0738 B 69 NFL
QSO: 14000 CW 2019-11-03 1619 VA7QCE 0030 A 13 BC NR7T 0494 B 75 UT
QSO: 14000 CW 2019-11-03 1629 VA7QCE 0031 A 13 BC AI6V 0046 A 14 LAX
QSO: 14000 CW 2019-11-03 1640 VA7QCE 0032 A 13 BC WB4FDT 0678 U 67 MDC
QSO: 14000 CW 2019-11-03 1649 VA7QCE 0033 A 13 BC N8XE 0234 U 97 OH
QSO: 14000 CW 2019-11-03 1718 VA7QCE 0034 A 13 BC W6SX 0312 U 56 SJV
QSO: 14000 CW 2019-11-03 1722 VA7QCE 0035 A 13 BC N4PN 0497 A 53 GA
QSO: 14000 CW 2019-11-03 1734 VA7QCE 0036 A 13 BC N0TA 0349 U 05 CO
QSO: 14000 CW 2019-11-03 1742 VA7QCE 0037 A 13 BC K1LT 0597 U 69 OH
QSO: 14000 CW 2019-11-03 1750 VA7QCE 0038 A 13 BC WT2P 0752 U 94 IL
QSO: 14000 CW 2019-11-03 1807 VA7QCE 0039 A 13 BC K1MM 0862 M 67 NFL
QSO: 14000 CW 2019-11-03 1821 VA7QCE 0040 A 13 BC WS6X 0397 U 59 VA
QSO: 14000 CW 2019-11-03 1830 VA7QCE 0041 A 13 BC W4AQL 0651 S 12 GA
QSO: 14000 CW 2019-11-03 1842 VA7QCE 0042 A 13 BC W8FJ 0381 U 57 EPA
QSO: 14000 CW 2019-11-03 1850 VA7QCE 0043 A 13 BC W0UO 0680 A 57 NTX
QSO: 14000 CW 2019-11-03 1913 VA7QCE 0044 A 13 BC K3WW 0812 U 59 EPA
QSO: 14000 CW 2019-11-03 1916 VA7QCE 0045 A 13 BC K1XM 0610 A 71 EMA
QSO: 14000 CW 2019-11-03 1920 VA7QCE 0046 A 13 BC VE3NNT 0803 U 68 ONE
QSO: 14000 CW 2019-11-03 1947 VA7QCE 0047 A 13 BC K2NNY 0791 M 95 NNY
QSO: 14000 CW 2019-11-03 1952 VA7QCE 0048 A 13 BC K9DR 0427 A 59 WY
QSO: 14000 CW 2019-11-03 1959 VA7QCE 0049 A 13 BC K8BZ 0334 U 71 MI
QSO: 14000 CW 2019-11-03 2008 VA7QCE 0050 A 13 BC VE3CX 0819 U 74 ONN
QSO: 14000 CW 2019-11-03 2018 VA7QCE 0051 A 13 BC NE9U 0725 U 72 WI
QSO: 14000 CW 2019-11-03 2022 VA7QCE 0052 A 13 BC N7IV 0798 A 63 ND
QSO: 14000 CW 2019-11-03 2031 VA7QCE 0053 A 13 BC W3PNM 0266 A 76 WPA
QSO: 14000 CW 2019-11-03 2036 VA7QCE 0054 A 13 BC VE3GFN 0374 U 56 GTA
QSO: 14000 CW 2019-11-03 2040 VA7QCE 0055 A 13 BC N5RZ 0973 B 69 STX
QSO: 14000 CW 2019-11-03 2046 VA7QCE 0056 A 13 BC K5ZD 1064 B 73 WMA
QSO: 14000 CW 2019-11-03 2058 VA7QCE 0057 A 13 BC K0MPH 0474 U 57 MN
QSO: 14000 CW 2019-11-03 2103 VA7QCE 0058 A 13 BC AJ9C 0361 A 74 IN
QSO: 14000 CW 2019-11-03 2109 VA7QCE 0059 A 13 BC K3WU 0529 A 71 EPA
QSO: 14000 CW 2019-11-03 2116 VA7QCE 0060 A 13 BC N4CW 0498 B 56 NC
QSO: 14000 CW 2019-11-03 2121 VA7QCE 0061 A 13 BC WW4XX 0681 A 73 GA
QSO: 14000 CW 2019-11-03 2136 VA7QCE 0062 A 13 BC K4OV 0369 U 78 NC
QSO: 14000 CW 2019-11-03 2143 VA7QCE 0063 A 13 BC NX6T 0989 M 00 SDG
QSO: 14000 CW 2019-11-03 2152 VA7QCE 0064 A 13 BC KE3X 0366 U 74 MDC
QSO: 14000 CW 2019-11-03 2154 VA7QCE 0065 A 13 BC N4OX 0875 B 76 NFL
QSO: 14000 CW 2019-11-03 2207 VA7QCE 0066 A 13 BC K4RUM 0117 B 76 NLI
QSO: 14000 CW 2019-11-03 2216 VA7QCE 0067 A 13 BC N2JNR 0091 A 88 LAX
QSO: 14000 CW 2019-11-03 2231 VA7QCE 0068 A 13 BC VA7EU 0072 A 77 BC
QSO: 14000 CW 2019-11-03 2253 VA7QCE 0069 A 13 BC W3YR 0187 U 71 MDC
QSO: 07000 CW 2019-11-03 2303 VA7QCE 0070 A 13 BC W7ZRC 0561 U 54 ID
END-OF-LOG: