START-OF-LOG: 3.0
CONTEST: CQ-WW-RTTY
CALLSIGN: K0AD
CATEGORY-OPERATOR: SINGLE-OP
CATEGORY-ASSISTED: NON-ASSISTED
CATEGORY-BAND: ALL
CATEGORY-POWER: HIGH
CATEGORY-MODE: RTTY
CATEGORY-TRANSMITTER: ONE
CATEGORY-OVERLAY:
CLAIMED-SCORE: 200889
NAME: Alan Dewey
LOCATION: MN
OPERATORS: K0AD
CLUB: Minnesota Wireless Assn
CREATED-BY: N1MM Logger+ 1.0.7954.0
QSO: 14090 RY 2019-09-28 0002 K0AD          599 04 MN  K7RI          599 03 WA
QSO: 14091 RY 2019-09-28 0005 K0AD          599 04 MN  ZX2V          599 11 DX
QSO: 14091 RY 2019-09-28 0006 K0AD          599 04 MN  W3FIZ         599 05 PA
QSO: 14091 RY 2019-09-28 0007 K0AD          599 04 MN  K4FX          599 05 NC
QSO: 14091 RY 2019-09-28 0008 K0AD          599 04 MN  W2LE          599 05 NJ
QSO: 14091 RY 2019-09-28 0011 K0AD          599 04 MN  CE3DNP        599 12 DX
QSO: 14091 RY 2019-09-28 0012 K0AD          599 04 MN  N5DD          599 04 TX
QSO: 14091 RY 2019-09-28 0012 K0AD          599 04 MN  AK7O          599 03 UT
QSO: 14091 RY 2019-09-28 0015 K0AD          599 04 MN  K6TQ          599 03 CA
QSO: 14091 RY 2019-09-28 0016 K0AD          599 04 MN  KF7U          599 03 AZ
QSO: 14091 RY 2019-09-28 0016 K0AD          599 04 MN  N5RLM         599 04 LA
QSO: 14091 RY 2019-09-28 0017 K0AD          599 04 MN  N5VU          599 04 LA
QSO: 14091 RY 2019-09-28 0019 K0AD          599 04 MN  PT2AW         599 11 DX
QSO: 14091 RY 2019-09-28 0020 K0AD          599 04 MN  KK4HEG        599 05 NC
QSO: 14091 RY 2019-09-28 0020 K0AD          599 04 MN  KG5HVO        599 04 AL
QSO:  7086 RY 2019-09-28 0022 K0AD          599 04 MN  N2HMM         599 05 NJ
QSO: 14091 RY 2019-09-28 0023 K0AD          599 04 MN  XE2FGC        599 06 DX
QSO: 14091 RY 2019-09-28 0026 K0AD          599 04 MN  K8KI          599 04 AL
QSO: 14091 RY 2019-09-28 0026 K0AD          599 04 MN  W1BQ          599 05 FL
QSO:  7089 RY 2019-09-28 0028 K0AD          599 04 MN  AC0C          599 04 KS
QSO: 14091 RY 2019-09-28 0031 K0AD          599 04 MN  PY2CP         599 11 DX
QSO: 14086 RY 2019-09-28 0036 K0AD          599 04 MN  AA2MF         599 05 FL
QSO: 14086 RY 2019-09-28 0037 K0AD          599 04 MN  AJ4VE         599 05 GA
QSO: 14086 RY 2019-09-28 0037 K0AD          599 04 MN  L73H          599 13 DX
QSO: 14086 RY 2019-09-28 0038 K0AD          599 04 MN  K5IB          599 04 TX
QSO: 14086 RY 2019-09-28 0038 K0AD          599 04 MN  W6RC          599 03 CA
QSO:  7092 RY 2019-09-28 0042 K0AD          599 04 MN  K2RET         599 05 NJ
QSO: 14086 RY 2019-09-28 0043 K0AD          599 04 MN  NA5M          599 04 MS
QSO: 14086 RY 2019-09-28 0043 K0AD          599 04 MN  N5MEG         599 04 LA
QSO: 14086 RY 2019-09-28 0044 K0AD          599 04 MN  W4EE          599 05 FL
QSO: 14086 RY 2019-09-28 0045 K0AD          599 04 MN  KD9MS         599 04 IL
QSO:  7090 RY 2019-09-28 0055 K0AD          599 04 MN  CO8RCP/QRP    599 08 DX
QSO:  7090 RY 2019-09-28 0057 K0AD          599 04 MN  W3UL          599 05 MD
QSO:  7090 RY 2019-09-28 0058 K0AD          599 04 MN  AA4LS         599 05 NC
QSO:  7090 RY 2019-09-28 0059 K0AD          599 04 MN  VE2EBK        599 05 QC
QSO:  7090 RY 2019-09-28 0100 K0AD          599 04 MN  N3CKI         599 05 NC
QSO: 14087 RY 2019-09-28 0101 K0AD          599 04 MN  KC4HW         599 04 AL
QSO: 14084 RY 2019-09-28 0104 K0AD          599 04 MN  KE1F          599 05 FL
QSO:  7090 RY 2019-09-28 0104 K0AD          599 04 MN  CO3VR         599 08 DX
QSO:  7090 RY 2019-09-28 0105 K0AD          599 04 MN  K3DMG         599 04 OH
QSO:  7090 RY 2019-09-28 0105 K0AD          599 04 MN  W9PA          599 04 IN
QSO: 14080 RY 2019-09-28 0106 K0AD          599 04 MN  WA1FCN        599 04 AL
QSO:  7090 RY 2019-09-28 0107 K0AD          599 04 MN  WB2COY        599 05 NY
QSO:  7090 RY 2019-09-28 0107 K0AD          599 04 MN  W8TOM         599 04 MI
QSO: 14082 RY 2019-09-28 0108 K0AD          599 04 MN  N5KWN         599 04 TX
QSO:  7090 RY 2019-09-28 0108 K0AD          599 04 MN  W3SA          599 05 NC
QSO:  7090 RY 2019-09-28 0109 K0AD          599 04 MN  KK5JD         599 04 TX
QSO:  7090 RY 2019-09-28 0110 K0AD          599 04 MN  K3URT         599 05 PA
QSO:  7090 RY 2019-09-28 0111 K0AD          599 04 MN  WN4AFP        599 05 SC
QSO:  7090 RY 2019-09-28 0112 K0AD          599 04 MN  KH6KG/W5      599 04 AR
QSO:  7090 RY 2019-09-28 0113 K0AD          599 04 MN  WX8C/0        599 04 MO
QSO:  7090 RY 2019-09-28 0114 K0AD          599 04 MN  W4BCG         599 04 TN
QSO:  7090 RY 2019-09-28 0115 K0AD          599 04 MN  VE3FH         599 04 ON
QSO:  7090 RY 2019-09-28 0116 K0AD          599 04 MN  K9LZJ         599 04 IN
QSO:  7090 RY 2019-09-28 0116 K0AD          599 04 MN  NN4RB         599 05 VA
QSO:  7090 RY 2019-09-28 0118 K0AD          599 04 MN  NE1D          599 05 MA
QSO:  7090 RY 2019-09-28 0119 K0AD          599 04 MN  KA4BVG        599 04 TN
QSO:  7090 RY 2019-09-28 0119 K0AD          599 04 MN  WB5K          599 04 TX
QSO:  7090 RY 2019-09-28 0120 K0AD          599 04 MN  W2VTV         599 05 NJ
QSO:  7090 RY 2019-09-28 0120 K0AD          599 04 MN  AA8OY         599 04 OH
QSO: 14093 RY 2019-09-28 0121 K0AD          599 04 MN  YW1K          599 09 DX
QSO:  7090 RY 2019-09-28 0122 K0AD          599 04 MN  NR4O          599 05 NC
QSO:  7090 RY 2019-09-28 0123 K0AD          599 04 MN  K9JWI         599 04 IN
QSO:  7090 RY 2019-09-28 0123 K0AD          599 04 MN  NZ4N          599 05 NC
QSO:  7090 RY 2019-09-28 0124 K0AD          599 04 MN  VA3DF         599 04 ON
QSO:  7090 RY 2019-09-28 0124 K0AD          599 04 MN  N1IXF         599 05 CT
QSO:  7090 RY 2019-09-28 0125 K0AD          599 04 MN  K8GT          599 04 MI
QSO:  7090 RY 2019-09-28 0125 K0AD          599 04 MN  N4IQ          599 05 SC
QSO:  7090 RY 2019-09-28 0126 K0AD          599 04 MN  NA5NN         599 04 MS
QSO:  7090 RY 2019-09-28 0126 K0AD          599 04 MN  K3LR          599 05 PA
QSO:  7090 RY 2019-09-28 0127 K0AD          599 04 MN  W7ZR          599 03 AZ
QSO:  7090 RY 2019-09-28 0128 K0AD          599 04 MN  K2GLS         599 05 NJ
QSO:  7090 RY 2019-09-28 0129 K0AD          599 04 MN  VE3TW         599 04 ON
QSO:  7090 RY 2019-09-28 0129 K0AD          599 04 MN  N5DD          599 04 TX
QSO:  7090 RY 2019-09-28 0130 K0AD          599 04 MN  N0SMX         599 05 FL
QSO:  7090 RY 2019-09-28 0131 K0AD          599 04 MN  NN3RP         599 05 DC
QSO:  7090 RY 2019-09-28 0133 K0AD          599 04 MN  KB1EFS        599 05 MA
QSO:  7090 RY 2019-09-28 0133 K0AD          599 04 MN  AK6A          599 03 OR
QSO:  7090 RY 2019-09-28 0136 K0AD          599 04 MN  K8RCT         599 04 MI
QSO:  7090 RY 2019-09-28 0137 K0AD          599 04 MN  N5RMS         599 04 TX
QSO:  7090 RY 2019-09-28 0138 K0AD          599 04 MN  W0GJ          599 04 IA
QSO:  7090 RY 2019-09-28 0139 K0AD          599 04 MN  K4ADR         599 05 FL
QSO:  7090 RY 2019-09-28 0139 K0AD          599 04 MN  K5XH          599 04 AR
QSO: 14084 RY 2019-09-28 0139 K0AD          599 04 MN  CO2AME        599 08 DX
QSO:  7090 RY 2019-09-28 0140 K0AD          599 04 MN  K3LR          599 05 PA
QSO:  7090 RY 2019-09-28 0141 K0AD          599 04 MN  N6IE          599 03 CA
QSO:  7090 RY 2019-09-28 0142 K0AD          599 04 MN  W8WEU         599 04 TX
QSO:  7090 RY 2019-09-28 0142 K0AD          599 04 MN  VA2FO         599 05 QC
QSO:  7090 RY 2019-09-28 0143 K0AD          599 04 MN  NN5O          599 04 MS
QSO:  7090 RY 2019-09-28 0144 K0AD          599 04 MN  WB9DAR        599 04 IL
QSO:  7090 RY 2019-09-28 0144 K0AD          599 04 MN  K3ODX         599 05 PA
QSO:  7090 RY 2019-09-28 0145 K0AD          599 04 MN  WE8R          599 04 OH
QSO:  7090 RY 2019-09-28 0146 K0AD          599 04 MN  WB9HFK        599 04 IL
QSO:  7090 RY 2019-09-28 0147 K0AD          599 04 MN  KO4OL         599 04 KY
QSO:  7090 RY 2019-09-28 0147 K0AD          599 04 MN  K4JAF         599 05 FL
QSO:  7090 RY 2019-09-28 0148 K0AD          599 04 MN  W8LYJ         599 05 MD
QSO:  7090 RY 2019-09-28 0148 K0AD          599 04 MN  AG4W          599 04 AL
QSO:  7090 RY 2019-09-28 0149 K0AD          599 04 MN  WB8JAY        599 04 OH
QSO:  7090 RY 2019-09-28 0149 K0AD          599 04 MN  K8QKY         599 04 MI
QSO:  7090 RY 2019-09-28 0150 K0AD          599 04 MN  W6SX          599 03 CA
QSO:  7090 RY 2019-09-28 0150 K0AD          599 04 MN  W7QDM         599 03 ID
QSO:  3593 RY 2019-09-28 0151 K0AD          599 04 MN  NW8S          599 04 OH
QSO:  7090 RY 2019-09-28 0151 K0AD          599 04 MN  N3DUE         599 05 MD
QSO:  7090 RY 2019-09-28 0152 K0AD          599 04 MN  KG4IGC        599 05 SC
QSO:  7090 RY 2019-09-28 0152 K0AD          599 04 MN  W5MMW         599 04 TN
QSO:  7090 RY 2019-09-28 0154 K0AD          599 04 MN  AD4TJ         599 05 VA
QSO:  3596 RY 2019-09-28 0155 K0AD          599 04 MN  W4GKM         599 04 TN
QSO:  7090 RY 2019-09-28 0156 K0AD          599 04 MN  W4PJW         599 05 VA
QSO:  7090 RY 2019-09-28 0157 K0AD          599 04 MN  KX1X          599 05 MA
QSO:  7090 RY 2019-09-28 0157 K0AD          599 04 MN  WB8JUI        599 04 OH
QSO:  7090 RY 2019-09-28 0158 K0AD          599 04 MN  VA7RN         599 03 BC
QSO:  7090 RY 2019-09-28 0158 K0AD          599 04 MN  K2YG          599 05 NJ
QSO:  7090 RY 2019-09-28 0202 K0AD          599 04 MN  NE8O          599 04 MI
QSO:  3585 RY 2019-09-28 0202 K0AD          599 04 MN  WX8C/0        599 04 MO
QSO:  7090 RY 2019-09-28 0204 K0AD          599 04 MN  AJ3C          599 05 PA
QSO:  7090 RY 2019-09-28 0205 K0AD          599 04 MN  WB5BHS        599 04 AR
QSO:  7090 RY 2019-09-28 0206 K0AD          599 04 MN  N2RD          599 05 NY
QSO:  7090 RY 2019-09-28 0211 K0AD          599 04 MN  NR9K          599 04 IL
QSO:  7090 RY 2019-09-28 0211 K0AD          599 04 MN  WE6Z          599 03 CA
QSO:  7090 RY 2019-09-28 0212 K0AD          599 04 MN  NR4M          599 05 VA
QSO:  7090 RY 2019-09-28 0213 K0AD          599 04 MN  NG7M          599 03 UT
QSO:  7090 RY 2019-09-28 0214 K0AD          599 04 MN  W3GH          599 05 PA
QSO:  7090 RY 2019-09-28 0215 K0AD          599 04 MN  KW3A          599 05 PA
QSO:  7090 RY 2019-09-28 0216 K0AD          599 04 MN  V31VP         599 07 DX
QSO:  7090 RY 2019-09-28 0217 K0AD          599 04 MN  N2AMG         599 05 NY
QSO:  3583 RY 2019-09-28 0219 K0AD          599 04 MN  K1SFA         599 05 CT
QSO:  7090 RY 2019-09-28 0219 K0AD          599 04 MN  W2JVW         599 05 NY
QSO:  7090 RY 2019-09-28 0220 K0AD          599 04 MN  AJ4VE         599 05 GA
QSO:  7090 RY 2019-09-28 0221 K0AD          599 04 MN  K7EG          599 03 WA
QSO:  7090 RY 2019-09-28 0221 K0AD          599 04 MN  W3TB          599 04 TN
QSO:  7090 RY 2019-09-28 0222 K0AD          599 04 MN  K4JKB         599 05 VA
QSO:  7090 RY 2019-09-28 0222 K0AD          599 04 MN  W3FIZ         599 05 PA
QSO:  7090 RY 2019-09-28 0223 K0AD          599 04 MN  WU6W          599 03 NV
QSO:  7090 RY 2019-09-28 0223 K0AD          599 04 MN  N4ZZ          599 04 TN
QSO:  7090 RY 2019-09-28 0224 K0AD          599 04 MN  K7WP          599 03 AZ
QSO:  7090 RY 2019-09-28 0225 K0AD          599 04 MN  KC3DGM        599 05 PA
QSO:  7090 RY 2019-09-28 0225 K0AD          599 04 MN  K3TEF         599 05 PA
QSO:  3586 RY 2019-09-28 0226 K0AD          599 04 MN  W0LSD         599 04 CO
QSO:  7090 RY 2019-09-28 0228 K0AD          599 04 MN  K7LFY         599 03 WA
QSO:  7090 RY 2019-09-28 0230 K0AD          599 04 MN  AC2OC         599 05 NY
QSO:  7090 RY 2019-09-28 0231 K0AD          599 04 MN  VE2BVV        599 05 QC
QSO:  7090 RY 2019-09-28 0231 K0AD          599 04 MN  W4GHV         599 05 NC
QSO:  7090 RY 2019-09-28 0232 K0AD          599 04 MN  WX0V          599 04 MN
QSO:  7090 RY 2019-09-28 0232 K0AD          599 04 MN  K3OK          599 05 PA
QSO:  7090 RY 2019-09-28 0233 K0AD          599 04 MN  W6RC          599 03 CA
QSO:  7090 RY 2019-09-28 0234 K0AD          599 04 MN  K3WA          599 05 NC
QSO:  7090 RY 2019-09-28 0234 K0AD          599 04 MN  K5DHY         599 04 TX
QSO:  3593 RY 2019-09-28 0245 K0AD          599 04 MN  K0JJR         599 04 MN
QSO:  3593 RY 2019-09-28 0245 K0AD          599 04 MN  W3KB          599 05 PA
QSO:  3593 RY 2019-09-28 0247 K0AD          599 04 MN  NS4X          599 04 TN
QSO:  3593 RY 2019-09-28 0247 K0AD          599 04 MN  N4IQ          599 05 SC
QSO:  7082 RY 2019-09-28 0248 K0AD          599 04 MN  KD9MS         599 04 IL
QSO:  3593 RY 2019-09-28 0249 K0AD          599 04 MN  N3DUE         599 05 MD
QSO:  3593 RY 2019-09-28 0249 K0AD          599 04 MN  K7BTW         599 03 WA
QSO:  3593 RY 2019-09-28 0255 K0AD          599 04 MN  W4TTY         599 05 VA
QSO:  3593 RY 2019-09-28 0256 K0AD          599 04 MN  N0AT          599 04 MN
QSO:  3593 RY 2019-09-28 0257 K0AD          599 04 MN  K5DHY         599 04 TX
QSO:  3593 RY 2019-09-28 0258 K0AD          599 04 MN  K0RC          599 04 MN
QSO:  3593 RY 2019-09-28 0258 K0AD          599 04 MN  VE3TW         599 04 ON
QSO:  3593 RY 2019-09-28 0259 K0AD          599 04 MN  AI0Y/9        599 04 IL
QSO:  7083 RY 2019-09-28 0300 K0AD          599 04 MN  K7RI          599 03 WA
QSO:  3593 RY 2019-09-28 0302 K0AD          599 04 MN  VE3BR         599 04 ON
QSO:  3593 RY 2019-09-28 0302 K0AD          599 04 MN  N6WM          599 03 CA
QSO:  3593 RY 2019-09-28 0304 K0AD          599 04 MN  N8BJQ         599 04 OH
QSO:  3593 RY 2019-09-28 0305 K0AD          599 04 MN  VA3DF         599 04 ON
QSO:  3593 RY 2019-09-28 0307 K0AD          599 04 MN  N1IXF         599 05 CT
QSO:  3593 RY 2019-09-28 0307 K0AD          599 04 MN  NE1D          599 05 MA
QSO:  3593 RY 2019-09-28 0308 K0AD          599 04 MN  W0DC          599 04 MN
QSO:  7085 RY 2019-09-28 0308 K0AD          599 04 MN  P49X          599 09 DX
QSO:  3593 RY 2019-09-28 0315 K0AD          599 04 MN  VE3NI         599 04 ON
QSO:  3593 RY 2019-09-28 0321 K0AD          599 04 MN  W6SX          599 03 CA
QSO:  3593 RY 2019-09-28 0321 K0AD          599 04 MN  K8RCT         599 04 MI
QSO:  3593 RY 2019-09-28 0323 K0AD          599 04 MN  W4JAM         599 05 VA
QSO:  3593 RY 2019-09-28 0324 K0AD          599 04 MN  W3OA          599 05 NC
QSO:  3593 RY 2019-09-28 0325 K0AD          599 04 MN  N6IE          599 03 CA
QSO:  3593 RY 2019-09-28 0326 K0AD          599 04 MN  WA3YZD        599 05 PA
QSO:  3593 RY 2019-09-28 0327 K0AD          599 04 MN  WB9DAR        599 04 IL
QSO:  3593 RY 2019-09-28 0328 K0AD          599 04 MN  K6OK          599 03 CA
QSO:  3593 RY 2019-09-28 0330 K0AD          599 04 MN  K4QD          599 05 FL
QSO:  3593 RY 2019-09-28 0331 K0AD          599 04 MN  WD9FTZ        599 04 OH
QSO:  3593 RY 2019-09-28 0332 K0AD          599 04 MN  K5XH          599 04 AR
QSO:  3593 RY 2019-09-28 0333 K0AD          599 04 MN  N9LYE         599 04 IL
QSO:  3593 RY 2019-09-28 0333 K0AD          599 04 MN  KI6QDH        599 04 WY
QSO:  3593 RY 2019-09-28 0334 K0AD          599 04 MN  N9OK          599 04 IL
QSO:  3593 RY 2019-09-28 0335 K0AD          599 04 MN  W3GH          599 05 PA
QSO:  3593 RY 2019-09-28 0336 K0AD          599 04 MN  NY3B          599 05 PA
QSO:  3593 RY 2019-09-28 0336 K0AD          599 04 MN  W4BCG         599 04 TN
QSO:  3593 RY 2019-09-28 0337 K0AD          599 04 MN  N3XL          599 05 MD
QSO:  3593 RY 2019-09-28 0339 K0AD          599 04 MN  WE6Z          599 03 CA
QSO:  3593 RY 2019-09-28 0340 K0AD          599 04 MN  K8OSF         599 05 NC
QSO:  3593 RY 2019-09-28 0341 K0AD          599 04 MN  W7VXS         599 03 WA
QSO:  3593 RY 2019-09-28 0343 K0AD          599 04 MN  KB1EFS        599 05 MA
QSO:  3593 RY 2019-09-28 0344 K0AD          599 04 MN  K3CCR         599 05 MD
QSO:  3593 RY 2019-09-28 0348 K0AD          599 04 MN  W3RGA         599 05 PA
QSO:  3593 RY 2019-09-28 0349 K0AD          599 04 MN  NN5T          599 04 TX
QSO:  3593 RY 2019-09-28 0350 K0AD          599 04 MN  W3FIZ         599 05 PA
QSO:  3593 RY 2019-09-28 0350 K0AD          599 04 MN  K4MI          599 05 VA
QSO:  3593 RY 2019-09-28 0351 K0AD          599 04 MN  VA3LML        599 04 ON
QSO:  3593 RY 2019-09-28 0352 K0AD          599 04 MN  W7QDM         599 03 ID
QSO:  7057 RY 2019-09-28 1159 K0AD          599 04 MN  VE2PIB        599 05 QC
QSO:  7057 RY 2019-09-28 1202 K0AD          599 04 MN  K8LS          599 04 TX
QSO:  7057 RY 2019-09-28 1203 K0AD          599 04 MN  VE3DZ         599 04 ON
QSO:  3594 RY 2019-09-28 1205 K0AD          599 04 MN  K9CT          599 04 IL
QSO:  7059 RY 2019-09-28 1205 K0AD          599 04 MN  KB7ABJ        599 03 AZ
QSO:  3595 RY 2019-09-28 1207 K0AD          599 04 MN  NV9L          599 04 IL
QSO:  3591 RY 2019-09-28 1209 K0AD          599 04 MN  K7LFY         599 03 WA
QSO:  7057 RY 2019-09-28 1210 K0AD          599 04 MN  W4CU          599 05 FL
QSO:  7055 RY 2019-09-28 1215 K0AD          599 04 MN  VE3GYL        599 04 ON
QSO:  3589 RY 2019-09-28 1215 K0AD          599 04 MN  KD9MS         599 04 IL
QSO:  7055 RY 2019-09-28 1217 K0AD          599 04 MN  K7HKR         599 03 AZ
QSO:  3593 RY 2019-09-28 1220 K0AD          599 04 MN  K4FJ          599 05 VA
QSO:  3593 RY 2019-09-28 1220 K0AD          599 04 MN  N4ZZ          599 04 TN
QSO:  3593 RY 2019-09-28 1221 K0AD          599 04 MN  VE3CX         599 04 ON
QSO:  3593 RY 2019-09-28 1222 K0AD          599 04 MN  W7WW          599 03 AZ
QSO:  3593 RY 2019-09-28 1223 K0AD          599 04 MN  N0KQ          599 04 CO
QSO:  3593 RY 2019-09-28 1223 K0AD          599 04 MN  NA7TB         599 03 AZ
QSO:  3593 RY 2019-09-28 1224 K0AD          599 04 MN  WU6W          599 03 NV
QSO:  3593 RY 2019-09-28 1225 K0AD          599 04 MN  W6RC          599 03 CA
QSO:  3593 RY 2019-09-28 1225 K0AD          599 04 MN  WA0BSW        599 04 MO
QSO:  7064 RY 2019-09-28 1226 K0AD          599 04 MN  NY3B          599 05 PA
QSO:  7056 RY 2019-09-28 1228 K0AD          599 04 MN  N7AT          599 03 AZ
QSO:  3593 RY 2019-09-28 1230 K0AD          599 04 MN  AC0C          599 04 KS
QSO:  3593 RY 2019-09-28 1230 K0AD          599 04 MN  ND9G          599 04 IL
QSO:  3593 RY 2019-09-28 1231 K0AD          599 04 MN  KZ1W          599 03 WA
QSO:  7054 RY 2019-09-28 1235 K0AD          599 04 MN  K4XL          599 05 VA
QSO:  7054 RY 2019-09-28 1235 K0AD          599 04 MN  KI6VC         599 03 CA
QSO:  7054 RY 2019-09-28 1237 K0AD          599 04 MN  N4YCI         599 04 AL
QSO:  7054 RY 2019-09-28 1238 K0AD          599 04 MN  N7GP          599 03 AZ
QSO:  7054 RY 2019-09-28 1239 K0AD          599 04 MN  K7OM/4        599 05 SC
QSO:  7054 RY 2019-09-28 1240 K0AD          599 04 MN  XE2FGC        599 06 DX
QSO: 14087 RY 2019-09-28 1240 K0AD          599 04 MN  P49X          599 09 DX
QSO:  7054 RY 2019-09-28 1242 K0AD          599 04 MN  NV9L          599 04 IL
QSO:  7054 RY 2019-09-28 1244 K0AD          599 04 MN  K3QIA         599 05 PA
QSO: 14094 RY 2019-09-28 1245 K0AD          599 04 MN  PZ5RA         599 09 DX
QSO:  7054 RY 2019-09-28 1247 K0AD          599 04 MN  W7WW          599 03 AZ
QSO:  7054 RY 2019-09-28 1248 K0AD          599 04 MN  N0AT          599 04 MN
QSO:  7054 RY 2019-09-28 1248 K0AD          599 04 MN  N5WNG         599 04 TX
QSO:  7054 RY 2019-09-28 1249 K0AD          599 04 MN  N8BJQ         599 04 OH
QSO: 14089 RY 2019-09-28 1250 K0AD          599 04 MN  CO2YQ         599 08 DX
QSO: 14107 RY 2019-09-28 1253 K0AD          599 04 MN  V31VP         599 07 DX
QSO: 14116 RY 2019-09-28 1255 K0AD          599 04 MN  K2ADA         599 05 FL
QSO:  7054 RY 2019-09-28 1256 K0AD          599 04 MN  NX6T          599 03 CA
QSO:  7054 RY 2019-09-28 1257 K0AD          599 04 MN  K5IB          599 04 TX
QSO:  7054 RY 2019-09-28 1259 K0AD          599 04 MN  KO7SS         599 03 AZ
QSO:  7054 RY 2019-09-28 1300 K0AD          599 04 MN  N4RWG         599 05 FL
QSO:  7054 RY 2019-09-28 1300 K0AD          599 04 MN  AA8EN         599 04 OH
QSO:  7054 RY 2019-09-28 1301 K0AD          599 04 MN  NA7TB         599 03 AZ
QSO:  7054 RY 2019-09-28 1304 K0AD          599 04 MN  K7BTW         599 03 WA
QSO:  7054 RY 2019-09-28 1305 K0AD          599 04 MN  WU3Z          599 05 FL
QSO: 14107 RY 2019-09-28 1342 K0AD          599 04 MN  HQ9X          599 07 DX
QSO: 14093 RY 2019-09-28 1345 K0AD          599 04 MN  XE2B          599 06 DX
QSO: 14093 RY 2019-09-28 1346 K0AD          599 04 MN  NZ5O          599 04 LA
QSO: 14093 RY 2019-09-28 1346 K0AD          599 04 MN  W2JV          599 05 NY
QSO:  7054 RY 2019-09-28 1347 K0AD          599 04 MN  KC4SAW        599 04 TN
QSO: 14093 RY 2019-09-28 1347 K0AD          599 04 MN  K3ZV          599 05 FL
QSO: 14093 RY 2019-09-28 1350 K0AD          599 04 MN  WB2COY        599 05 NY
QSO: 14090 RY 2019-09-28 1353 K0AD          599 04 MN  AC4CA         599 04 TX
QSO:  7047 RY 2019-09-28 1355 K0AD          599 04 MN  N4QS          599 04 KY
QSO: 14088 RY 2019-09-28 1355 K0AD          599 04 MN  K1BZ          599 05 MD
QSO:  7053 RY 2019-09-28 1359 K0AD          599 04 MN  K6OK          599 03 CA
QSO: 14088 RY 2019-09-28 1359 K0AD          599 04 MN  WA0LIF        599 04 MN
QSO: 14088 RY 2019-09-28 1400 K0AD          599 04 MN  KK5JD         599 04 TX
QSO:  7044 RY 2019-09-28 1401 K0AD          599 04 MN  KF7U          599 03 AZ
QSO: 14088 RY 2019-09-28 1402 K0AD          599 04 MN  W4PJW         599 05 VA
QSO:  7052 RY 2019-09-28 1404 K0AD          599 04 MN  W6IA          599 03 CA
QSO:  7053 RY 2019-09-28 1406 K0AD          599 04 MN  VE3MGY        599 04 ON
QSO: 14095 RY 2019-09-28 1408 K0AD          599 04 MN  WM5DX         599 04 MS
QSO: 14102 RY 2019-09-28 1411 K0AD          599 04 MN  YV5AAX        599 09 DX
QSO: 14110 RY 2019-09-28 1413 K0AD          599 04 MN  K1SFA         599 05 CT
QSO:  7068 RY 2019-09-28 1419 K0AD          599 04 MN  N2PA          599 05 NY
QSO: 14112 RY 2019-09-28 1448 K0AD          599 04 MN  K1JSM         599 05 RI
QSO: 14112 RY 2019-09-28 1452 K0AD          599 04 MN  NE1D          599 05 MA
QSO: 14112 RY 2019-09-28 1452 K0AD          599 04 MN  NX2X          599 05 NY
QSO: 14112 RY 2019-09-28 1453 K0AD          599 04 MN  N4TL          599 05 NC
QSO: 14112 RY 2019-09-28 1453 K0AD          599 04 MN  WA3YZD        599 05 PA
QSO: 14112 RY 2019-09-28 1455 K0AD          599 04 MN  NY3B          599 05 PA
QSO: 14112 RY 2019-09-28 1456 K0AD          599 04 MN  DJ9KM         599 14 DX
QSO: 14112 RY 2019-09-28 1501 K0AD          599 04 MN  N7RCS         599 05 FL
QSO: 14112 RY 2019-09-28 1502 K0AD          599 04 MN  W4OX          599 05 FL
QSO: 14112 RY 2019-09-28 1504 K0AD          599 04 MN  NK5P          599 04 TX
QSO: 14112 RY 2019-09-28 1506 K0AD          599 04 MN  EA1AKS        599 14 DX
QSO: 14129 RY 2019-09-28 1509 K0AD          599 04 MN  K3PP          599 05 PA
QSO: 14125 RY 2019-09-28 1511 K0AD          599 04 MN  IV3WMS        599 15 DX
QSO: 14122 RY 2019-09-28 1513 K0AD          599 04 MN  W1BQ          599 05 FL
QSO: 14122 RY 2019-09-28 1514 K0AD          599 04 MN  NE3H          599 05 PA
QSO: 14122 RY 2019-09-28 1516 K0AD          599 04 MN  AI3KS         599 05 PA
QSO: 14122 RY 2019-09-28 1517 K0AD          599 04 MN  W3RGA         599 05 PA
QSO: 14122 RY 2019-09-28 1518 K0AD          599 04 MN  K0TC          599 04 MN
QSO: 14122 RY 2019-09-28 1520 K0AD          599 04 MN  NG3Y          599 05 MD
QSO: 14122 RY 2019-09-28 1521 K0AD          599 04 MN  KB3AAY        599 05 MD
QSO: 14122 RY 2019-09-28 1522 K0AD          599 04 MN  NZ6T          599 05 VA
QSO: 14122 RY 2019-09-28 1522 K0AD          599 04 MN  K3UL          599 05 PA
QSO: 14122 RY 2019-09-28 1523 K0AD          599 04 MN  WX0V          599 04 MN
QSO: 14122 RY 2019-09-28 1523 K0AD          599 04 MN  K2MK          599 05 FL
QSO: 14122 RY 2019-09-28 1524 K0AD          599 04 MN  N6IE          599 03 CA
QSO: 14122 RY 2019-09-28 1525 K0AD          599 04 MN  NU4E          599 05 SC
QSO: 14119 RY 2019-09-28 1529 K0AD          599 04 MN  AA3B          599 05 PA
QSO: 14116 RY 2019-09-28 1531 K0AD          599 04 MN  K2AD          599 05 FL
QSO: 14114 RY 2019-09-28 2139 K0AD          599 04 MN  NN3RP         599 05 DC
QSO: 14116 RY 2019-09-28 2140 K0AD          599 04 MN  NW8S          599 04 OH
QSO: 14116 RY 2019-09-28 2142 K0AD          599 04 MN  K7RBT         599 03 OR
QSO: 14116 RY 2019-09-28 2142 K0AD          599 04 MN  TI2OY         599 07 DX
QSO: 14116 RY 2019-09-28 2143 K0AD          599 04 MN  W7SLS         599 03 WA
QSO: 14116 RY 2019-09-28 2144 K0AD          599 04 MN  N2YBB         599 05 NY
QSO: 14116 RY 2019-09-28 2144 K0AD          599 04 MN  K4XU          599 03 OR
QSO:  7061 RY 2019-09-28 2145 K0AD          599 04 MN  K9CT          599 04 IL
QSO: 14116 RY 2019-09-28 2145 K0AD          599 04 MN  W3GVX         599 05 MD
QSO: 14116 RY 2019-09-28 2146 K0AD          599 04 MN  VA3LML        599 04 ON
QSO: 14116 RY 2019-09-28 2146 K0AD          599 04 MN  K9NW          599 04 IN
QSO: 14116 RY 2019-09-28 2147 K0AD          599 04 MN  K3DMG         599 04 OH
QSO: 14116 RY 2019-09-28 2147 K0AD          599 04 MN  K6ST          599 03 NV
QSO: 14116 RY 2019-09-28 2148 K0AD          599 04 MN  W6QU          599 03 CA
QSO: 14116 RY 2019-09-28 2149 K0AD          599 04 MN  VE7KAJ        599 03 BC
QSO: 14116 RY 2019-09-28 2149 K0AD          599 04 MN  K0PC          599 04 MN
QSO: 21088 RY 2019-09-28 2150 K0AD          599 04 MN  K1SFA         599 05 CT
QSO: 14116 RY 2019-09-28 2154 K0AD          599 04 MN  WT8P          599 03 WA
QSO: 21094 RY 2019-09-28 2155 K0AD          599 04 MN  N2PA          599 05 NY
QSO: 14116 RY 2019-09-28 2155 K0AD          599 04 MN  K3CCR         599 05 MD
QSO: 14116 RY 2019-09-28 2156 K0AD          599 04 MN  W5UHQ         599 04 OH
QSO: 14116 RY 2019-09-28 2157 K0AD          599 04 MN  AA5AU         599 04 LA
QSO: 14116 RY 2019-09-28 2157 K0AD          599 04 MN  N1JM          599 03 AZ
QSO: 14116 RY 2019-09-28 2158 K0AD          599 04 MN  K2RD          599 03 NV
QSO: 14116 RY 2019-09-28 2158 K0AD          599 04 MN  VE2RYY        599 05 QC
QSO: 14116 RY 2019-09-28 2159 K0AD          599 04 MN  KG7VIZ        599 03 WA
QSO: 14116 RY 2019-09-28 2200 K0AD          599 04 MN  WB0N          599 04 MN
QSO: 14116 RY 2019-09-28 2200 K0AD          599 04 MN  K7VAP         599 03 WA
QSO: 14116 RY 2019-09-28 2201 K0AD          599 04 MN  CO0CHE        599 08 DX
QSO: 14116 RY 2019-09-28 2201 K0AD          599 04 MN  N8BJQ         599 04 OH
QSO: 14116 RY 2019-09-28 2203 K0AD          599 04 MN  PY2FRQ        599 11 DX
QSO: 14116 RY 2019-09-28 2204 K0AD          599 04 MN  N7DB          599 03 OR
QSO: 14116 RY 2019-09-28 2204 K0AD          599 04 MN  K7AZT         599 03 AZ
QSO: 14116 RY 2019-09-28 2205 K0AD          599 04 MN  NN4RB         599 05 VA
QSO: 14116 RY 2019-09-28 2207 K0AD          599 04 MN  KV5WS         599 04 TX
QSO: 14116 RY 2019-09-28 2208 K0AD          599 04 MN  VA7EU         599 03 BC
QSO: 14116 RY 2019-09-28 2208 K0AD          599 04 MN  K1VW          599 05 ME
QSO: 14116 RY 2019-09-28 2209 K0AD          599 04 MN  K6GFJ         599 03 CA
QSO: 14116 RY 2019-09-28 2210 K0AD          599 04 MN  W8LYJ         599 05 MD
QSO: 14116 RY 2019-09-28 2211 K0AD          599 04 MN  K1SM          599 05 MA
QSO: 14116 RY 2019-09-28 2212 K0AD          599 04 MN  N3KN          599 05 VA
QSO: 14116 RY 2019-09-28 2212 K0AD          599 04 MN  VE7FO         599 03 BC
QSO: 14116 RY 2019-09-28 2213 K0AD          599 04 MN  KN7K          599 03 OR
QSO: 14116 RY 2019-09-28 2215 K0AD          599 04 MN  WI7N          599 03 OR
QSO: 14116 RY 2019-09-28 2216 K0AD          599 04 MN  W6DR          599 03 CA
QSO: 14116 RY 2019-09-28 2217 K0AD          599 04 MN  K2GLS         599 05 NJ
QSO: 21083 RY 2019-09-28 2217 K0AD          599 04 MN  K3KG          599 05 VA
QSO: 14116 RY 2019-09-28 2220 K0AD          599 04 MN  W7YAQ         599 03 OR
QSO: 21086 RY 2019-09-28 2221 K0AD          599 04 MN  N3GH          599 05 PA
QSO: 14116 RY 2019-09-28 2221 K0AD          599 04 MN  NK6A          599 03 CA
QSO: 14116 RY 2019-09-28 2223 K0AD          599 04 MN  KX7YT         599 03 OR
QSO: 14116 RY 2019-09-28 2224 K0AD          599 04 MN  KS2G          599 05 NY
QSO: 14116 RY 2019-09-28 2224 K0AD          599 04 MN  W4JAM         599 05 VA
QSO: 14116 RY 2019-09-28 2225 K0AD          599 04 MN  W7OM          599 03 WA
QSO: 14116 RY 2019-09-28 2226 K0AD          599 04 MN  W6JBR         599 03 CA
QSO: 14116 RY 2019-09-28 2226 K0AD          599 04 MN  W7XQ          599 03 OR
QSO: 14116 RY 2019-09-28 2227 K0AD          599 04 MN  WS7L          599 03 WA
QSO: 14116 RY 2019-09-28 2227 K0AD          599 04 MN  K6LL          599 03 AZ
QSO: 14116 RY 2019-09-28 2228 K0AD          599 04 MN  KB8VAO        599 04 OH
QSO: 14116 RY 2019-09-28 2229 K0AD          599 04 MN  K8QKY         599 04 MI
QSO: 14116 RY 2019-09-28 2230 K0AD          599 04 MN  VE3FH         599 04 ON
QSO: 14116 RY 2019-09-28 2231 K0AD          599 04 MN  KD6C          599 03 CA
QSO: 14116 RY 2019-09-28 2231 K0AD          599 04 MN  KC3JNW        599 05 PA
QSO: 14116 RY 2019-09-28 2232 K0AD          599 04 MN  KK6KMU        599 03 CA
QSO: 14116 RY 2019-09-28 2233 K0AD          599 04 MN  W6SFI         599 03 CA
QSO: 14116 RY 2019-09-28 2234 K0AD          599 04 MN  KF3EB         599 05 PA
QSO: 14116 RY 2019-09-28 2235 K0AD          599 04 MN  K6BIR         599 03 CA
QSO: 14116 RY 2019-09-28 2235 K0AD          599 04 MN  K2YG          599 05 NJ
QSO: 14116 RY 2019-09-28 2236 K0AD          599 04 MN  KQ4AV         599 05 NC
QSO: 14116 RY 2019-09-28 2237 K0AD          599 04 MN  K8RCT         599 04 MI
QSO: 14116 RY 2019-09-28 2238 K0AD          599 04 MN  KB4QZH        599 04 KY
QSO: 14116 RY 2019-09-28 2238 K0AD          599 04 MN  K6RWM         599 03 CA
QSO: 14116 RY 2019-09-28 2239 K0AD          599 04 MN  KC8GCR        599 05 NC
QSO: 14116 RY 2019-09-28 2240 K0AD          599 04 MN  W1QK          599 05 CT
QSO: 14116 RY 2019-09-28 2240 K0AD          599 04 MN  KT7E          599 03 OR
QSO: 14116 RY 2019-09-28 2241 K0AD          599 04 MN  KK8MM         599 04 MI
QSO: 14116 RY 2019-09-28 2241 K0AD          599 04 MN  K7VIT         599 03 OR
QSO: 14116 RY 2019-09-28 2242 K0AD          599 04 MN  W6RDF         599 03 CA
QSO: 14116 RY 2019-09-28 2242 K0AD          599 04 MN  NR0T          599 04 MN
QSO: 14116 RY 2019-09-28 2245 K0AD          599 04 MN  K4ADR         599 05 FL
QSO: 14116 RY 2019-09-28 2245 K0AD          599 04 MN  N7JI          599 03 OR
QSO: 14116 RY 2019-09-28 2246 K0AD          599 04 MN  XE2AD         599 06 DX
QSO: 14116 RY 2019-09-28 2246 K0AD          599 04 MN  VE3XD         599 04 ON
QSO: 14116 RY 2019-09-28 2247 K0AD          599 04 MN  W6SX          599 03 CA
QSO: 14116 RY 2019-09-28 2248 K0AD          599 04 MN  LU1WI         599 13 DX
QSO: 14116 RY 2019-09-28 2250 K0AD          599 04 MN  N8URE         599 04 OH
QSO: 14116 RY 2019-09-28 2250 K0AD          599 04 MN  W3IK          599 05 FL
QSO: 14116 RY 2019-09-28 2251 K0AD          599 04 MN  LU8EKC        599 13 DX
QSO:  7052 RY 2019-09-28 2251 K0AD          599 04 MN  F4DVX         599 14 DX
QSO: 14092 RY 2019-09-28 2254 K0AD          599 04 MN  AG4W          599 04 AL
QSO:  7050 RY 2019-09-28 2303 K0AD          599 04 MN  AE4ED         599 04 AL
QSO:  7064 RY 2019-09-28 2305 K0AD          599 04 MN  K4FX          599 05 NC
QSO:  7064 RY 2019-09-28 2306 K0AD          599 04 MN  VE2NMB        599 05 QC
QSO:  7064 RY 2019-09-28 2306 K0AD          599 04 MN  NU1B          599 05 CT
QSO:  7064 RY 2019-09-28 2307 K0AD          599 04 MN  K4FTO         599 05 VA
QSO:  7064 RY 2019-09-28 2307 K0AD          599 04 MN  N0GOS         599 04 CO
QSO:  7064 RY 2019-09-28 2308 K0AD          599 04 MN  K1SFA         599 05 CT
QSO:  7064 RY 2019-09-28 2308 K0AD          599 04 MN  KS1J          599 05 RI
QSO: 14093 RY 2019-09-28 2309 K0AD          599 04 MN  VE3TW         599 04 ON
QSO: 14088 RY 2019-09-28 2311 K0AD          599 04 MN  N6WM          599 03 CA
QSO:  7064 RY 2019-09-28 2311 K0AD          599 04 MN  VA6RCN        599 04 AB
QSO: 14088 RY 2019-09-28 2311 K0AD          599 04 MN  N6WM          599 03 CA
QSO:  7064 RY 2019-09-28 2313 K0AD          599 04 MN  K4LPQ         599 04 TN
QSO:  7064 RY 2019-09-28 2314 K0AD          599 04 MN  K2NV          599 05 NY
QSO:  7064 RY 2019-09-28 2314 K0AD          599 04 MN  KC3JNW        599 05 PA
QSO: 14091 RY 2019-09-28 2315 K0AD          599 04 MN  N2PA          599 05 NY
QSO:  7064 RY 2019-09-28 2316 K0AD          599 04 MN  NW8S          599 04 OH
QSO:  7064 RY 2019-09-28 2316 K0AD          599 04 MN  KG9Z          599 04 OH
QSO:  7064 RY 2019-09-28 2317 K0AD          599 04 MN  N2QT          599 05 VA
QSO:  7064 RY 2019-09-28 2318 K0AD          599 04 MN  8SIA          599 04 DX
QSO:  7064 RY 2019-09-28 2319 K0AD          599 04 MN  K4XU          599 03 OR
QSO:  7064 RY 2019-09-28 2320 K0AD          599 04 MN  IQ2CJ         599 15 DX
QSO:  7064 RY 2019-09-28 2320 K0AD          599 04 MN  KC3EF         599 05 FL
QSO:  7064 RY 2019-09-28 2321 K0AD          599 04 MN  9A1A          599 15 DX
QSO:  7064 RY 2019-09-28 2322 K0AD          599 04 MN  N9LQ          599 04 IL
QSO:  7064 RY 2019-09-28 2322 K0AD          599 04 MN  N7IVV         599 05 VA
QSO:  7064 RY 2019-09-28 2323 K0AD          599 04 MN  N8WCP         599 04 OH
QSO: 14093 RY 2019-09-28 2324 K0AD          599 04 MN  W7WW          599 03 AZ
QSO:  7064 RY 2019-09-28 2324 K0AD          599 04 MN  KT9L          599 04 IN
QSO:  7064 RY 2019-09-28 2324 K0AD          599 04 MN  K9NW          599 04 IN
QSO:  7064 RY 2019-09-28 2325 K0AD          599 04 MN  VE3PJ         599 04 ON
QSO:  7064 RY 2019-09-28 2327 K0AD          599 04 MN  W2YK          599 05 NY
QSO:  7064 RY 2019-09-28 2327 K0AD          599 04 MN  N4CF          599 05 VA
QSO:  7064 RY 2019-09-28 2328 K0AD          599 04 MN  N6AR          599 05 FL
QSO:  7064 RY 2019-09-28 2329 K0AD          599 04 MN  N9LYE         599 04 IL
QSO:  7064 RY 2019-09-28 2331 K0AD          599 04 MN  K4QD          599 05 FL
QSO:  7064 RY 2019-09-28 2332 K0AD          599 04 MN  K9CT          599 04 IL
QSO: 14094 RY 2019-09-28 2332 K0AD          599 04 MN  NN2NN         599 05 NY
QSO:  7064 RY 2019-09-28 2332 K0AD          599 04 MN  KW4J          599 04 AL
QSO:  7064 RY 2019-09-28 2333 K0AD          599 04 MN  AD2L          599 05 PA
QSO:  7064 RY 2019-09-28 2333 K0AD          599 04 MN  N3QE          599 05 MD
QSO:  7064 RY 2019-09-28 2334 K0AD          599 04 MN  NM5Z          599 04 MS
QSO:  7064 RY 2019-09-28 2335 K0AD          599 04 MN  K7RB          599 05 ME
QSO:  7064 RY 2019-09-28 2336 K0AD          599 04 MN  N1IA          599 05 NC
QSO:  7064 RY 2019-09-28 2336 K0AD          599 04 MN  VE2FK         599 05 QC
QSO:  7064 RY 2019-09-28 2337 K0AD          599 04 MN  KG3V          599 05 VA
QSO: 14097 RY 2019-09-29 0101 K0AD          599 04 MN  KE6GLA        599 03 CA
QSO:  7064 RY 2019-09-29 0102 K0AD          599 04 MN  N0KE          599 04 CO
QSO: 14098 RY 2019-09-29 0102 K0AD          599 04 MN  WA1FCN        599 04 AL
QSO:  7064 RY 2019-09-29 0103 K0AD          599 04 MN  K6UM          599 03 OR
QSO:  7064 RY 2019-09-29 0104 K0AD          599 04 MN  K2SI          599 05 NY
QSO: 14088 RY 2019-09-29 0105 K0AD          599 04 MN  WC4T          599 04 KY
QSO:  7064 RY 2019-09-29 0105 K0AD          599 04 MN  KF2TI         599 05 NJ
QSO:  7064 RY 2019-09-29 0106 K0AD          599 04 MN  VE3CV         599 04 ON
QSO:  7064 RY 2019-09-29 0106 K0AD          599 04 MN  K9PY          599 04 IL
QSO: 14086 RY 2019-09-29 0107 K0AD          599 04 MN  N6JV          599 03 CA
QSO:  7064 RY 2019-09-29 0107 K0AD          599 04 MN  K3FH          599 05 PA
QSO:  7064 RY 2019-09-29 0108 K0AD          599 04 MN  NC4MI         599 05 NC
QSO:  7064 RY 2019-09-29 0109 K0AD          599 04 MN  K0GEO         599 04 TX
QSO: 14099 RY 2019-09-29 0110 K0AD          599 04 MN  K2RET         599 05 NJ
QSO:  7064 RY 2019-09-29 0110 K0AD          599 04 MN  K0UAS         599 04 KS
QSO:  7064 RY 2019-09-29 0111 K0AD          599 04 MN  KF9US         599 04 WI
QSO:  7064 RY 2019-09-29 0111 K0AD          599 04 MN  W3FV          599 05 PA
QSO:  7064 RY 2019-09-29 0112 K0AD          599 04 MN  W9AKS         599 04 WI
QSO:  7064 RY 2019-09-29 0112 K0AD          599 04 MN  K3MD          599 05 PA
QSO:  7064 RY 2019-09-29 0113 K0AD          599 04 MN  KB9XVC        599 04 IL
QSO:  7064 RY 2019-09-29 0114 K0AD          599 04 MN  N0KQ          599 04 CO
QSO:  7064 RY 2019-09-29 0115 K0AD          599 04 MN  N4TGD         599 04 AL
QSO:  7064 RY 2019-09-29 0116 K0AD          599 04 MN  N5VU          599 04 LA
QSO:  7064 RY 2019-09-29 0116 K0AD          599 04 MN  K9OM          599 04 WI
QSO:  7064 RY 2019-09-29 0117 K0AD          599 04 MN  NN5T          599 04 TX
QSO:  7064 RY 2019-09-29 0118 K0AD          599 04 MN  W7GDS         599 03 AZ
QSO:  7064 RY 2019-09-29 0119 K0AD          599 04 MN  WB4HRL        599 05 SC
QSO:  7064 RY 2019-09-29 0120 K0AD          599 04 MN  K0JJR         599 04 MN
QSO:  7064 RY 2019-09-29 0120 K0AD          599 04 MN  VE4HAZ        599 04 MB
QSO:  7064 RY 2019-09-29 0121 K0AD          599 04 MN  K5UV          599 04 OK
QSO:  7064 RY 2019-09-29 0122 K0AD          599 04 MN  W3IK          599 05 FL
QSO:  7064 RY 2019-09-29 0123 K0AD          599 04 MN  WB8BZK        599 04 IL
QSO:  7064 RY 2019-09-29 0125 K0AD          599 04 MN  VA2QR         599 05 QC
QSO:  7064 RY 2019-09-29 0125 K0AD          599 04 MN  WA9LEY        599 04 IL
QSO:  7064 RY 2019-09-29 0126 K0AD          599 04 MN  KA8G          599 04 OH
QSO: 14089 RY 2019-09-29 0126 K0AD          599 04 MN  NN6NN         599 03 CA
QSO:  7064 RY 2019-09-29 0128 K0AD          599 04 MN  VE1RSM        599 05 NS
QSO:  7064 RY 2019-09-29 0130 K0AD          599 04 MN  AA0O          599 05 FL
QSO:  7064 RY 2019-09-29 0130 K0AD          599 04 MN  W4VIC         599 05 VA
QSO:  7064 RY 2019-09-29 0131 K0AD          599 04 MN  K7MY          599 04 IL
QSO:  7064 RY 2019-09-29 0132 K0AD          599 04 MN  WD9CIR        599 04 IL
QSO:  7064 RY 2019-09-29 0133 K0AD          599 04 MN  AD5CQ         599 04 TX
QSO:  7064 RY 2019-09-29 0134 K0AD          599 04 MN  W6DR          599 03 CA
QSO:  7064 RY 2019-09-29 0135 K0AD          599 04 MN  K8QR          599 04 OH
QSO:  7064 RY 2019-09-29 0136 K0AD          599 04 MN  W0JW          599 04 IA
QSO:  7064 RY 2019-09-29 0138 K0AD          599 04 MN  AC9S          599 04 IL
QSO:  7064 RY 2019-09-29 0139 K0AD          599 04 MN  K5CI          599 04 TX
QSO:  3586 RY 2019-09-29 0139 K0AD          599 04 MN  VE3DZ         599 04 ON
QSO:  7064 RY 2019-09-29 0139 K0AD          599 04 MN  NU4E          599 05 SC
QSO:  7064 RY 2019-09-29 0140 K0AD          599 04 MN  WJ2D          599 05 NC
QSO:  7064 RY 2019-09-29 0141 K0AD          599 04 MN  N6WM          599 03 CA
QSO:  7064 RY 2019-09-29 0142 K0AD          599 04 MN  VE5KS         599 04 SK
QSO:  7064 RY 2019-09-29 0143 K0AD          599 04 MN  N2WK          599 05 NY
QSO:  7064 RY 2019-09-29 0144 K0AD          599 04 MN  K0FX          599 04 CO
QSO:  7064 RY 2019-09-29 0144 K0AD          599 04 MN  WS7V          599 03 WA
QSO:  7064 RY 2019-09-29 0145 K0AD          599 04 MN  WA5LXS        599 04 TX
QSO:  7064 RY 2019-09-29 0146 K0AD          599 04 MN  VE6BBP        599 04 AB
QSO:  7064 RY 2019-09-29 0147 K0AD          599 04 MN  NA3M          599 05 MD
QSO:  7064 RY 2019-09-29 0148 K0AD          599 04 MN  KE8LUE        599 04 MI
QSO:  7064 RY 2019-09-29 0150 K0AD          599 04 MN  K8LS          599 04 TX
QSO:  7064 RY 2019-09-29 0151 K0AD          599 04 MN  KD0ZV         599 04 IA
QSO:  7064 RY 2019-09-29 0152 K0AD          599 04 MN  K0MPH         599 04 MN
QSO:  7064 RY 2019-09-29 0153 K0AD          599 04 MN  WA8MCD        599 04 MI
QSO:  7064 RY 2019-09-29 0153 K0AD          599 04 MN  K0ACP         599 04 MI
QSO:  3591 RY 2019-09-29 0159 K0AD          599 04 MN  W1ARY         599 05 CT
QSO:  7069 RY 2019-09-29 0159 K0AD          599 04 MN  AB0RX         599 04 MO
QSO:  7065 RY 2019-09-29 0201 K0AD          599 04 MN  W3RGA         599 05 PA
QSO:  3591 RY 2019-09-29 0203 K0AD          599 04 MN  NR4O          599 05 NC
QSO:  3591 RY 2019-09-29 0204 K0AD          599 04 MN  KA8G          599 04 OH
QSO:  3591 RY 2019-09-29 0205 K0AD          599 04 MN  VE2BVV        599 05 QC
QSO:  3591 RY 2019-09-29 0206 K0AD          599 04 MN  WA9LEY        599 04 IL
QSO:  3591 RY 2019-09-29 0206 K0AD          599 04 MN  KF5BA         599 04 MS
QSO:  3591 RY 2019-09-29 0208 K0AD          599 04 MN  N4CF          599 05 VA
QSO:  3591 RY 2019-09-29 0209 K0AD          599 04 MN  WV4P          599 04 TN
QSO:  3591 RY 2019-09-29 0211 K0AD          599 04 MN  K5IKB         599 04 TX
QSO:  7058 RY 2019-09-29 0211 K0AD          599 04 MN  VA3MW         599 04 ON
QSO:  3591 RY 2019-09-29 0220 K0AD          599 04 MN  K0MKL/VE3     599 04 ON
QSO:  3591 RY 2019-09-29 0221 K0AD          599 04 MN  W0MB          599 04 MO
QSO:  3591 RY 2019-09-29 0221 K0AD          599 04 MN  AA0AW         599 04 MN
QSO:  3591 RY 2019-09-29 0223 K0AD          599 04 MN  KM4FO         599 04 KY
QSO:  3591 RY 2019-09-29 0223 K0AD          599 04 MN  VE3CV         599 04 ON
QSO:  3591 RY 2019-09-29 0224 K0AD          599 04 MN  K8LS          599 04 TX
QSO:  3591 RY 2019-09-29 0224 K0AD          599 04 MN  WB8BZK        599 04 IL
QSO:  3591 RY 2019-09-29 0225 K0AD          599 04 MN  N5VU          599 04 LA
QSO:  3591 RY 2019-09-29 0226 K0AD          599 04 MN  K9NW          599 04 IN
QSO:  3591 RY 2019-09-29 0227 K0AD          599 04 MN  K4XL          599 05 VA
QSO:  3591 RY 2019-09-29 0228 K0AD          599 04 MN  NJ3I          599 05 PA
QSO:  3591 RY 2019-09-29 0229 K0AD          599 04 MN  K3DMG         599 04 OH
QSO:  3591 RY 2019-09-29 0230 K0AD          599 04 MN  AA8OY         599 04 OH
QSO:  3591 RY 2019-09-29 0230 K0AD          599 04 MN  KW9U          599 04 IL
QSO:  3591 RY 2019-09-29 0233 K0AD          599 04 MN  K0TC          599 04 MN
QSO:  3591 RY 2019-09-29 0233 K0AD          599 04 MN  K0PC          599 04 MN
QSO:  3591 RY 2019-09-29 0234 K0AD          599 04 MN  VE2NMB        599 05 QC
QSO:  3591 RY 2019-09-29 0234 K0AD          599 04 MN  K0MPH         599 04 MN
QSO:  3591 RY 2019-09-29 0235 K0AD          599 04 MN  N9CIQ         599 04 WI
QSO:  3591 RY 2019-09-29 0236 K0AD          599 04 MN  KC9SQW        599 04 IN
QSO:  3591 RY 2019-09-29 0239 K0AD          599 04 MN  N0OK          599 04 MN
QSO:  3591 RY 2019-09-29 0239 K0AD          599 04 MN  W7ZR          599 03 AZ
QSO:  7058 RY 2019-09-29 0240 K0AD          599 04 MN  AA2MF         599 05 FL
QSO:  3591 RY 2019-09-29 0245 K0AD          599 04 MN  W2DXE         599 05 NY
QSO:  3591 RY 2019-09-29 0246 K0AD          599 04 MN  KO0Z          599 04 IL
QSO:  3591 RY 2019-09-29 0251 K0AD          599 04 MN  K9CW          599 04 IL
QSO:  3591 RY 2019-09-29 0251 K0AD          599 04 MN  N4BCD         599 04 TN
QSO:  3591 RY 2019-09-29 0255 K0AD          599 04 MN  NR4C          599 05 VA
QSO:  3591 RY 2019-09-29 0255 K0AD          599 04 MN  W9FY          599 04 IL
QSO:  3591 RY 2019-09-29 0256 K0AD          599 04 MN  KE9UA         599 04 IL
QSO:  3591 RY 2019-09-29 0257 K0AD          599 04 MN  W9JWC         599 04 IL
QSO:  7054 RY 2019-09-29 0301 K0AD          599 04 MN  HQ9X          599 07 DX
QSO:  7055 RY 2019-09-29 0302 K0AD          599 04 MN  NX0I          599 04 MO
QSO:  3592 RY 2019-09-29 1131 K0AD          599 04 MN  K0OO          599 05 MD
QSO:  3592 RY 2019-09-29 1132 K0AD          599 04 MN  WO7U          599 04 MO
QSO:  3592 RY 2019-09-29 1133 K0AD          599 04 MN  KB2CKN        599 05 NY
QSO:  3592 RY 2019-09-29 1134 K0AD          599 04 MN  NK5P          599 04 TX
QSO:  3592 RY 2019-09-29 1135 K0AD          599 04 MN  K8BZ          599 04 MI
QSO:  3592 RY 2019-09-29 1138 K0AD          599 04 MN  W4CU          599 05 FL
QSO:  3592 RY 2019-09-29 1138 K0AD          599 04 MN  AG4W          599 04 AL
QSO:  3592 RY 2019-09-29 1139 K0AD          599 04 MN  NA5NN         599 04 MS
QSO:  3592 RY 2019-09-29 1146 K0AD          599 04 MN  N5RLM         599 04 LA
QSO:  3592 RY 2019-09-29 1147 K0AD          599 04 MN  K0GEO         599 04 TX
QSO:  3592 RY 2019-09-29 1149 K0AD          599 04 MN  AK6A          599 03 OR
QSO:  3592 RY 2019-09-29 1150 K0AD          599 04 MN  N7NM          599 03 WA
QSO:  3592 RY 2019-09-29 1151 K0AD          599 04 MN  VA3MW         599 04 ON
QSO:  3592 RY 2019-09-29 1153 K0AD          599 04 MN  KC7RAD        599 04 IL
QSO:  3592 RY 2019-09-29 1153 K0AD          599 04 MN  K2NV          599 05 NY
QSO:  3592 RY 2019-09-29 1154 K0AD          599 04 MN  N0LEF         599 04 CO
QSO:  3592 RY 2019-09-29 1201 K0AD          599 04 MN  N9VPV         599 04 IL
QSO:  3592 RY 2019-09-29 1202 K0AD          599 04 MN  WD7E          599 03 ID
QSO:  3592 RY 2019-09-29 1204 K0AD          599 04 MN  VE3RUA        599 04 ON
QSO:  3592 RY 2019-09-29 1205 K0AD          599 04 MN  WB0N          599 04 MN
QSO:  7062 RY 2019-09-29 1206 K0AD          599 04 MN  KM4F          599 05 GA
QSO:  7062 RY 2019-09-29 1206 K0AD          599 04 MN  WB0N          599 04 MN
QSO:  3592 RY 2019-09-29 1209 K0AD          599 04 MN  KT7E          599 03 OR
QSO:  3592 RY 2019-09-29 1210 K0AD          599 04 MN  N7IR          599 03 AZ
QSO:  3592 RY 2019-09-29 1211 K0AD          599 04 MN  N9WG          599 04 IN
QSO:  3592 RY 2019-09-29 1212 K0AD          599 04 MN  K7GS          599 03 WA
QSO:  3592 RY 2019-09-29 1214 K0AD          599 04 MN  N2BJ          599 04 IL
QSO:  3592 RY 2019-09-29 1215 K0AD          599 04 MN  KT9L          599 04 IN
QSO:  3592 RY 2019-09-29 1216 K0AD          599 04 MN  KI6VC         599 03 CA
QSO:  3592 RY 2019-09-29 1218 K0AD          599 04 MN  KD4YDD        599 05 GA
QSO:  3592 RY 2019-09-29 1221 K0AD          599 04 MN  KU1CW         599 03 OR
QSO:  3592 RY 2019-09-29 1223 K0AD          599 04 MN  KD0ZV         599 04 IA
QSO:  3592 RY 2019-09-29 1225 K0AD          599 04 MN  W0RON         599 05 GA
QSO:  7053 RY 2019-09-29 1229 K0AD          599 04 MN  NK5P          599 04 TX
QSO:  7053 RY 2019-09-29 1230 K0AD          599 04 MN  W5LA          599 04 LA
QSO:  7053 RY 2019-09-29 1231 K0AD          599 04 MN  K2MK          599 05 FL
QSO:  7053 RY 2019-09-29 1231 K0AD          599 04 MN  N8VV          599 04 OH
QSO:  7053 RY 2019-09-29 1232 K0AD          599 04 MN  KS0CA         599 05 VA
QSO:  7053 RY 2019-09-29 1232 K0AD          599 04 MN  NO4J          599 05 FL
QSO:  7053 RY 2019-09-29 1233 K0AD          599 04 MN  WA8ZBT        599 04 TX
QSO:  7053 RY 2019-09-29 1234 K0AD          599 04 MN  N9WG          599 04 IN
QSO:  3588 RY 2019-09-29 1236 K0AD          599 04 MN  VE3MGY        599 04 ON
QSO:  7053 RY 2019-09-29 1237 K0AD          599 04 MN  N7NM          599 03 WA
QSO:  7053 RY 2019-09-29 1238 K0AD          599 04 MN  W3KB          599 05 PA
QSO:  7053 RY 2019-09-29 1239 K0AD          599 04 MN  KM4RK         599 05 SC
QSO:  7053 RY 2019-09-29 1240 K0AD          599 04 MN  VE2CSM        599 05 QC
QSO:  7053 RY 2019-09-29 1241 K0AD          599 04 MN  W8JGU         599 04 OH
QSO:  7053 RY 2019-09-29 1242 K0AD          599 04 MN  K9EXY         599 04 IN
QSO:  7053 RY 2019-09-29 1243 K0AD          599 04 MN  AA5B          599 04 NM
QSO:  7053 RY 2019-09-29 1244 K0AD          599 04 MN  N5KXI         599 04 OK
QSO:  7053 RY 2019-09-29 1245 K0AD          599 04 MN  W4HM          599 05 FL
QSO:  7053 RY 2019-09-29 1245 K0AD          599 04 MN  W0DET         599 04 CO
QSO:  7053 RY 2019-09-29 1246 K0AD          599 04 MN  AJ4F          599 04 TX
QSO:  7049 RY 2019-09-29 1251 K0AD          599 04 MN  KR7Q          599 04 MT
QSO:  7058 RY 2019-09-29 1319 K0AD          599 04 MN  ZM1A          599 32 DX
QSO: 14114 RY 2019-09-29 1322 K0AD          599 04 MN  DL0WW         599 14 DX
QSO: 14085 RY 2019-09-29 1333 K0AD          599 04 MN  CR3W          599 33 DX
QSO: 14082 RY 2019-09-29 1335 K0AD          599 04 MN  IQ4FC         599 15 DX
QSO: 14080 RY 2019-09-29 1336 K0AD          599 04 MN  CR3DX         599 33 DX
QSO: 14081 RY 2019-09-29 1339 K0AD          599 04 MN  KD4YDD        599 05 GA
QSO:  7052 RY 2019-09-29 1345 K0AD          599 04 MN  VE5MX         599 04 SK
QSO: 14087 RY 2019-09-29 1346 K0AD          599 04 MN  OM0M          599 15 DX
QSO: 14095 RY 2019-09-29 1348 K0AD          599 04 MN  UW1M          599 16 DX
QSO: 14102 RY 2019-09-29 1351 K0AD          599 04 MN  HP3SS         599 07 DX
QSO: 14127 RY 2019-09-29 1354 K0AD          599 04 MN  DK3T          599 14 DX
QSO: 14105 RY 2019-09-29 1402 K0AD          599 04 MN  9A7DX         599 15 DX
QSO: 14105 RY 2019-09-29 1403 K0AD          599 04 MN  AJ3C          599 05 PA
QSO: 14096 RY 2019-09-29 1406 K0AD          599 04 MN  PI4COM        599 14 DX
QSO: 14097 RY 2019-09-29 1434 K0AD          599 04 MN  9A1A          599 15 DX
QSO: 14101 RY 2019-09-29 1435 K0AD          599 04 MN  K2ADA         599 05 FL
QSO: 14112 RY 2019-09-29 1437 K0AD          599 04 MN  MI0SAI        599 14 DX
QSO: 14103 RY 2019-09-29 1440 K0AD          599 04 MN  ED1R          599 14 DX
QSO: 14098 RY 2019-09-29 1442 K0AD          599 04 MN  HA8QZ         599 15 DX
QSO: 14117 RY 2019-09-29 1446 K0AD          599 04 MN  S53S          599 15 DX
QSO: 14135 RY 2019-09-29 1450 K0AD          599 04 MN  IT9ESW        599 15 DX
QSO: 14118 RY 2019-09-29 1453 K0AD          599 04 MN  N3ND          599 05 NC
QSO: 14103 RY 2019-09-29 1859 K0AD          599 04 MN  4U1WB         599 05 DC
QSO: 14111 RY 2019-09-29 1903 K0AD          599 04 MN  IQ1RY         599 15 DX
QSO: 14111 RY 2019-09-29 1904 K0AD          599 04 MN  WA0WWW        599 03 WA
QSO: 14124 RY 2019-09-29 1910 K0AD          599 04 MN  K6NR          599 03 CA
QSO: 14125 RY 2019-09-29 1911 K0AD          599 04 MN  K5ZD          599 05 MA
QSO: 14127 RY 2019-09-29 1913 K0AD          599 04 MN  VO2AC         599 02 LB
QSO: 14129 RY 2019-09-29 1915 K0AD          599 04 MN  WW4LL         599 05 ME
QSO: 14132 RY 2019-09-29 1915 K0AD          599 04 MN  KC7EFP        599 03 WA
QSO: 14100 RY 2019-09-29 1917 K0AD          599 04 MN  K7RL          599 03 WA
QSO: 14092 RY 2019-09-29 1920 K0AD          599 04 MN  KV4T          599 04 AL
QSO: 14088 RY 2019-09-29 1922 K0AD          599 04 MN  KH6TU         599 31 DX
QSO: 14117 RY 2019-09-29 1936 K0AD          599 04 MN  WA8OJR        599 05 SC
QSO: 14117 RY 2019-09-29 1936 K0AD          599 04 MN  NW7WW         599 03 AZ
QSO: 14117 RY 2019-09-29 1937 K0AD          599 04 MN  WA3LXD        599 05 FL
QSO: 14117 RY 2019-09-29 1937 K0AD          599 04 MN  N3DUE         599 05 MD
QSO: 14117 RY 2019-09-29 1938 K0AD          599 04 MN  NF4J          599 04 AL
QSO: 14117 RY 2019-09-29 1941 K0AD          599 04 MN  NN6DX         599 03 CA
QSO: 14117 RY 2019-09-29 1943 K0AD          599 04 MN  W0DC          599 04 MN
QSO: 21083 RY 2019-09-29 1944 K0AD          599 04 MN  P49X          599 09 DX
QSO: 14110 RY 2019-09-29 1947 K0AD          599 04 MN  W4MLB         599 05 FL
QSO: 14104 RY 2019-09-29 1948 K0AD          599 04 MN  XE1CT         599 06 DX
QSO: 14098 RY 2019-09-29 1950 K0AD          599 04 MN  K6AW          599 03 CA
QSO: 21098 RY 2019-09-29 1952 K0AD          599 04 MN  CW4MAX        599 13 DX
QSO: 14085 RY 2019-09-29 1954 K0AD          599 04 MN  K7OM/4        599 05 SC
QSO: 14109 RY 2019-09-29 1956 K0AD          599 04 MN  VE3PJ         599 04 ON
QSO: 14109 RY 2019-09-29 1957 K0AD          599 04 MN  W4GE          599 05 SC
QSO: 14109 RY 2019-09-29 2000 K0AD          599 04 MN  EA8AQV        599 33 DX
QSO: 14109 RY 2019-09-29 2002 K0AD          599 04 MN  NA7TB         599 03 AZ
QSO: 14109 RY 2019-09-29 2003 K0AD          599 04 MN  W7ZR          599 03 AZ
QSO: 14109 RY 2019-09-29 2003 K0AD          599 04 MN  NF7D          599 04 AL
QSO: 14109 RY 2019-09-29 2004 K0AD          599 04 MN  K0RC          599 04 MN
QSO: 28100 RY 2019-09-29 2006 K0AD          599 04 MN  K0RC          599 04 MN
QSO: 14109 RY 2019-09-29 2008 K0AD          599 04 MN  K4QD          599 05 FL
QSO: 14109 RY 2019-09-29 2009 K0AD          599 04 MN  AE1EZ         599 05 NH
QSO: 14109 RY 2019-09-29 2012 K0AD          599 04 MN  KF5BA         599 04 MS
QSO: 21100 RY 2019-09-29 2018 K0AD          599 04 MN  CV7S          599 13 DX
QSO: 21096 RY 2019-09-29 2020 K0AD          599 04 MN  LO5D          599 13 DX
QSO: 14110 RY 2019-09-29 2024 K0AD          599 04 MN  W4TIJ         599 05 FL
QSO: 21104 RY 2019-09-29 2147 K0AD          599 04 MN  PY2UD         599 11 DX
QSO: 21093 RY 2019-09-29 2150 K0AD          599 04 MN  K9CT          599 04 IL
QSO: 21091 RY 2019-09-29 2152 K0AD          599 04 MN  N0AT          599 04 MN
QSO: 21100 RY 2019-09-29 2155 K0AD          599 04 MN  V31VP         599 07 DX
QSO: 14101 RY 2019-09-29 2158 K0AD          599 04 MN  PY2RKG        599 11 DX
QSO: 14107 RY 2019-09-29 2159 K0AD          599 04 MN  PY2NY         599 11 DX
QSO: 21097 RY 2019-09-29 2202 K0AD          599 04 MN  CE2LR         599 12 DX
QSO: 21102 RY 2019-09-29 2206 K0AD          599 04 MN  HQ9X          599 07 DX
QSO: 14086 RY 2019-09-29 2209 K0AD          599 04 MN  KF6RY         599 03 CA
QSO: 14086 RY 2019-09-29 2210 K0AD          599 04 MN  VP8NO         599 13 DX
QSO: 14086 RY 2019-09-29 2211 K0AD          599 04 MN  LU1BJW        599 13 DX
QSO: 14086 RY 2019-09-29 2212 K0AD          599 04 MN  PY2KP         599 11 DX
QSO: 14086 RY 2019-09-29 2213 K0AD          599 04 MN  PY2CAT        599 11 DX
QSO: 14086 RY 2019-09-29 2217 K0AD          599 04 MN  YV5OIE        599 09 DX
QSO: 14086 RY 2019-09-29 2220 K0AD          599 04 MN  N6OPE         599 03 CA
QSO: 14086 RY 2019-09-29 2221 K0AD          599 04 MN  WR4B          599 05 FL
QSO: 14086 RY 2019-09-29 2224 K0AD          599 04 MN  YV5OIE        599 09 DX
QSO: 14086 RY 2019-09-29 2226 K0AD          599 04 MN  K4YDE         599 05 FL
QSO: 14086 RY 2019-09-29 2228 K0AD          599 04 MN  PY2VZ         599 11 DX
QSO: 14086 RY 2019-09-29 2229 K0AD          599 04 MN  LU1KCQ        599 13 DX
QSO: 14086 RY 2019-09-29 2230 K0AD          599 04 MN  XE2NK         599 06 DX
QSO: 14086 RY 2019-09-29 2232 K0AD          599 04 MN  LW3DC         599 13 DX
QSO: 14086 RY 2019-09-29 2235 K0AD          599 04 MN  N7IR          599 03 AZ
QSO: 14086 RY 2019-09-29 2235 K0AD          599 04 MN  WU3Z          599 05 FL
QSO: 14086 RY 2019-09-29 2241 K0AD          599 04 MN  LU3EBG        599 13 DX
QSO:  7058 RY 2019-09-29 2241 K0AD          599 04 MN  K2PAL         599 05 NY
QSO:  7060 RY 2019-09-29 2256 K0AD          599 04 MN  AA3B          599 05 PA
QSO:  7060 RY 2019-09-29 2257 K0AD          599 04 MN  VE3NZ         599 04 ON
QSO:  7060 RY 2019-09-29 2258 K0AD          599 04 MN  WA5LFD        599 04 TX
QSO: 14087 RY 2019-09-29 2304 K0AD          599 04 MN  K6HGF         599 03 CA
QSO: 14087 RY 2019-09-29 2304 K0AD          599 04 MN  N7FUL         599 03 AZ
QSO: 14087 RY 2019-09-29 2306 K0AD          599 04 MN  KM6HB         599 03 CA
QSO:  7060 RY 2019-09-29 2307 K0AD          599 04 MN  CS25ARR       599 14 DX
QSO:  7061 RY 2019-09-29 2309 K0AD          599 04 MN  EA8DED        599 33 DX
QSO: 14087 RY 2019-09-29 2311 K0AD          599 04 MN  N6UTC         599 03 CA
QSO:  7064 RY 2019-09-29 2313 K0AD          599 04 MN  VE5RI         599 04 SK
QSO:  7066 RY 2019-09-29 2315 K0AD          599 04 MN  K2WK          599 05 VA
QSO:  7067 RY 2019-09-29 2316 K0AD          599 04 MN  VE2GSO        599 05 QC
QSO:  7069 RY 2019-09-29 2321 K0AD          599 04 MN  KN4LKC        599 05 KY
QSO:  7069 RY 2019-09-29 2322 K0AD          599 04 MN  AE1EZ         599 05 NH
QSO:  7069 RY 2019-09-29 2322 K0AD          599 04 MN  KB2URI        599 05 NY
QSO:  7069 RY 2019-09-29 2324 K0AD          599 04 MN  WA3HJR        599 05 MD
QSO:  7069 RY 2019-09-29 2324 K0AD          599 04 MN  K1LHO         599 05 CT
QSO:  7069 RY 2019-09-29 2325 K0AD          599 04 MN  K6LL          599 03 AZ
QSO:  7069 RY 2019-09-29 2326 K0AD          599 04 MN  WB8IMY        599 05 CT
QSO:  7069 RY 2019-09-29 2328 K0AD          599 04 MN  KA5M          599 04 LA
QSO:  7069 RY 2019-09-29 2329 K0AD          599 04 MN  K3KZU         599 04 KY
QSO:  7069 RY 2019-09-29 2329 K0AD          599 04 MN  WF7T          599 04 TN
QSO:  7069 RY 2019-09-29 2330 K0AD          599 04 MN  K6HGF         599 03 CA
QSO:  7069 RY 2019-09-29 2331 K0AD          599 04 MN  CO3JN         599 08 DX
QSO: 14094 RY 2019-09-29 2331 K0AD          599 04 MN  CE2LR         599 12 DX
QSO:  7069 RY 2019-09-29 2333 K0AD          599 04 MN  N7NM          599 03 WA
QSO: 14098 RY 2019-09-29 2337 K0AD          599 04 MN  KL7SB         599 01 DX
QSO:  7069 RY 2019-09-29 2338 K0AD          599 04 MN  WB2NFL        599 05 NY
QSO:  7069 RY 2019-09-29 2339 K0AD          599 04 MN  ND2K          599 05 NJ
QSO:  7069 RY 2019-09-29 2340 K0AD          599 04 MN  NN4NT         599 04 AL
QSO:  7069 RY 2019-09-29 2341 K0AD          599 04 MN  VA3IK         599 04 ON
QSO:  7069 RY 2019-09-29 2341 K0AD          599 04 MN  W7GYM         599 03 OR
QSO:  7069 RY 2019-09-29 2342 K0AD          599 04 MN  K0OO          599 05 MD
QSO:  7069 RY 2019-09-29 2344 K0AD          599 04 MN  W4ER          599 04 AL
QSO:  7069 RY 2019-09-29 2345 K0AD          599 04 MN  WB7BBQ        599 03 WA
QSO:  7069 RY 2019-09-29 2346 K0AD          599 04 MN  VA3FF         599 04 ON
QSO:  7069 RY 2019-09-29 2346 K0AD          599 04 MN  VA3LML        599 04 ON
QSO:  7069 RY 2019-09-29 2347 K0AD          599 04 MN  KE3GK         599 05 MD
QSO:  7069 RY 2019-09-29 2347 K0AD          599 04 MN  KA1VF         599 05 MA
QSO:  7069 RY 2019-09-29 2348 K0AD          599 04 MN  N5EK          599 04 TX
QSO:  3590 RY 2019-09-29 2349 K0AD          599 04 MN  VE3NE         599 04 ON
QSO:  7069 RY 2019-09-29 2349 K0AD          599 04 MN  KM4SII        599 05 NC
END-OF-LOG:
