START-OF-LOG: 3.0
CREATED-BY: TR4W v.4.243 [RUS]
CALLSIGN: RK4W
CONTEST: CQ-WPX-SSB
CLAIMED-SCORE: 361088
CATEGORY-ASSISTED: ASSISTED
CATEGORY-BAND: ALL
CATEGORY-MODE: SSB
CATEGORY-OPERATOR: MULTI-OP
CATEGORY-POWER: HIGH
CATEGORY-TRANSMITTER: ONE
OPERATORS: RX4WX, Pupychev_Konstantin
CLUB: Ural Contest Group
NAME: Club station RK4WWQ
SOAPBOX: TNX. 73!
QSO: 14253 PH 2013-03-30 0542 RK4W          59  1      S53M          59  145
QSO: 14147 PH 2013-03-30 0545 RK4W          59  2      VK4HH         59  184
QSO: 14154 PH 2013-03-30 0546 RK4W          59  3      ZM1G          59  280
QSO: 14166 PH 2013-03-30 0547 RK4W          59  4      OL5W          59  62
QSO: 14180 PH 2013-03-30 0547 RK4W          59  5      YT1A          59  102
QSO: 14187 PH 2013-03-30 0548 RK4W          59  6      YT3A          59  43
QSO: 14189 PH 2013-03-30 0549 RK4W          59  7      YT5CT         59  40
QSO: 14199 PH 2013-03-30 0550 RK4W          59  8      RV9UP         59  298
QSO: 14205 PH 2013-03-30 0550 RK4W          59  9      RU1A          59  137
QSO: 14215 PH 2013-03-30 0551 RK4W          59  10     LZ4RR         59  169
QSO: 14219 PH 2013-03-30 0552 RK4W          59  11     YU0T          59  309
QSO: 14231 PH 2013-03-30 0553 RK4W          59  12     DR1A          59  120
QSO: 14262 PH 2013-03-30 0555 RK4W          59  13     ES1C          59  153
QSO: 14266 PH 2013-03-30 0556 RK4W          59  14     A71A          59  128
QSO: 14277 PH 2013-03-30 0557 RK4W          59  15     OT5A          59  84
QSO: 14291 PH 2013-03-30 0558 RK4W          59  16     PY2KJ         59  232
QSO: 14296 PH 2013-03-30 0558 RK4W          59  17     Z320W         59  124
QSO: 14309 PH 2013-03-30 0600 RK4W          59  18     PY1ZV         59  363
QSO: 14314 PH 2013-03-30 0601 RK4W          59  19     PY2EX         59  242
QSO: 14345 PH 2013-03-30 0603 RK4W          59  20     FK8DD         59  214
QSO: 14294 PH 2013-03-30 0604 RK4W          59  21     G5O           59  14
QSO: 14280 PH 2013-03-30 0605 RK4W          59  22     VK4KW         59  222
QSO: 14274 PH 2013-03-30 0606 RK4W          59  23     OS8A          59  381
QSO: 14273 PH 2013-03-30 0606 RK4W          59  24     YL3SM         59  281
QSO: 14265 PH 2013-03-30 0608 RK4W          59  25     SH3Y          59  80
QSO: 14257 PH 2013-03-30 0608 RK4W          59  26     UR3HC         59  19
QSO: 14252 PH 2013-03-30 0609 RK4W          59  27     DL1WA         59  43
QSO: 14243 PH 2013-03-30 0610 RK4W          59  28     9A8M          59  586
QSO: 14241 PH 2013-03-30 0611 RK4W          59  29     TM1T          59  42
QSO: 14222 PH 2013-03-30 0612 RK4W          59  30     HZ1TT         59  434
QSO: 14216 PH 2013-03-30 0614 RK4W          59  31     HG3F          59  55
QSO: 14219 PH 2013-03-30 0615 RK4W          59  32     R4WDX         59  44
QSO: 14221 PH 2013-03-30 0617 RK4W          59  33     D4C           59  187
QSO: 14237 PH 2013-03-30 0618 RK4W          59  34     9K2HN         59  268
QSO: 14296 PH 2013-03-30 0619 RK4W          59  35     PR5D          59  389
QSO: 14289 PH 2013-03-30 0620 RK4W          59  36     VK8AA         59  200
QSO: 14208 PH 2013-03-30 0622 RK4W          59  37     PW7T          59  483
QSO: 14165 PH 2013-03-30 0631 RK4W          59  38     IT9ZGY        59  185
QSO: 14168 PH 2013-03-30 0632 RK4W          59  39     EO7U          59  408
QSO: 14169 PH 2013-03-30 0632 RK4W          59  40     UW7LL         59  633
QSO: 14189 PH 2013-03-30 0634 RK4W          59  41     UT7E          59  494
QSO: 14201 PH 2013-03-30 0635 RK4W          59  42     RW4WA         59  134
QSO: 14206 PH 2013-03-30 0636 RK4W          59  43     SQ6PLH        59  73
QSO: 14216 PH 2013-03-30 0636 RK4W          59  44     IR6T          59  474
QSO: 14224 PH 2013-03-30 0638 RK4W          59  45     PI4DX         59  21
QSO: 14230 PH 2013-03-30 0639 RK4W          59  46     LY7A          59  8
QSO: 14239 PH 2013-03-30 0640 RK4W          59  47     TM0R          59  403
QSO: 14241 PH 2013-03-30 0641 RK4W          59  48     S59ABS        59  409
QSO: 14253 PH 2013-03-30 0641 RK4W          59  49     SM3M          59  254
QSO: 14262 PH 2013-03-30 0643 RK4W          59  50     ES9C          59  225
QSO: 14266 PH 2013-03-30 0643 RK4W          59  51     RM5A          59  658
QSO: 14278 PH 2013-03-30 0645 RK4W          59  52     OG2A          59  43
QSO: 14305 PH 2013-03-30 0647 RK4W          59  53     OM2VL         59  806
QSO: 14284 PH 2013-03-30 0651 RK4W          59  54     OL9Z          59  151
QSO: 14286 PH 2013-03-30 0652 RK4W          59  55     HA8AT         59  71
QSO: 14286 PH 2013-03-30 0652 RK4W          59  56     UT8IK         59  88
QSO: 14286 PH 2013-03-30 0653 RK4W          59  57     HB30OK        59  315
QSO: 14286 PH 2013-03-30 0653 RK4W          59  58     TM6M          59  22
QSO: 14286 PH 2013-03-30 0653 RK4W          59  59     DJ5AN         59  119
QSO: 14286 PH 2013-03-30 0654 RK4W          59  60     UR3PGW        59  13
QSO: 14286 PH 2013-03-30 0655 RK4W          59  61     LX1RS         59  39
QSO: 14286 PH 2013-03-30 0656 RK4W          59  62     HA9FUK        59  59
QSO: 14286 PH 2013-03-30 0656 RK4W          59  63     YR8D          59  263
QSO: 14286 PH 2013-03-30 0657 RK4W          59  64     9A90D         59  76
QSO: 14132 PH 2013-03-30 0659 RK4W          59  65     HA30S         59  145
QSO: 14135 PH 2013-03-30 0700 RK4W          59  66     RN9O          59  72
QSO: 14139 PH 2013-03-30 0701 RK4W          59  67     UR7EN         59  173
QSO: 14145 PH 2013-03-30 0701 RK4W          59  68     UA0SE         59  167
QSO: 14147 PH 2013-03-30 0702 RK4W          59  69     PR5B          59  1097
QSO: 14151 PH 2013-03-30 0703 RK4W          59  70     IN3ZNR        59  210
QSO: 14160 PH 2013-03-30 0704 RK4W          59  71     PH600NYK      59  40
QSO: 14162 PH 2013-03-30 0705 RK4W          59  72     9A65S         59  64
QSO: 14167 PH 2013-03-30 0706 RK4W          59  73     RY6Y          59  408
QSO: 14184 PH 2013-03-30 0709 RK4W          59  74     YT0Z          59  283
QSO: 14195 PH 2013-03-30 0710 RK4W          59  75     8S0C          59  77
QSO: 14198 PH 2013-03-30 0711 RK4W          59  76     LZ9W          59  256
QSO: 14200 PH 2013-03-30 0712 RK4W          59  77     ER3CT         59  310
QSO: 14203 PH 2013-03-30 0713 RK4W          59  78     IZ8CCW        59  138
QSO: 14205 PH 2013-03-30 0714 RK4W          59  79     IT9LED        59  21
QSO: 14213 PH 2013-03-30 0716 RK4W          59  80     SV1JGO        59  197
QSO: 14250 PH 2013-03-30 0718 RK4W          59  81     9A7A          59  707
QSO: 14273 PH 2013-03-30 0720 RK4W          59  82     EW8OM         59  37
QSO: 14273 PH 2013-03-30 0721 RK4W          59  83     OK2BRX        59  7
QSO: 14273 PH 2013-03-30 0722 RK4W          59  84     OK4CW         59  5
QSO: 21225 PH 2013-03-30 0748 RK4W          59  85     AH0BT         59  826
QSO: 21235 PH 2013-03-30 0750 RK4W          59  86     BD5HSV        59  180
QSO: 21138 PH 2013-03-30 0754 RK4W          59  87     9K2HN         59  115
QSO: 21144 PH 2013-03-30 0755 RK4W          59  88     S56A          59  106
QSO: 21144 PH 2013-03-30 0756 RK4W          59  89     IZ3GNG        59  22
QSO: 21144 PH 2013-03-30 0756 RK4W          59  90     EE6E          59  17
QSO: 21144 PH 2013-03-30 0757 RK4W          59  91     Z320R         59  22
QSO: 21144 PH 2013-03-30 0757 RK4W          59  92     YO9HRB        59  27
QSO: 21144 PH 2013-03-30 0758 RK4W          59  93     YO9HP         59  183
QSO: 21144 PH 2013-03-30 0758 RK4W          59  94     YO4RST        59  134
QSO: 21144 PH 2013-03-30 0801 RK4W          59  95     F5PFC         59  1
QSO: 21144 PH 2013-03-30 0802 RK4W          59  96     YU7AU         59  65
QSO: 21144 PH 2013-03-30 0803 RK4W          59  97     S51K          59  47
QSO: 21144 PH 2013-03-30 0803 RK4W          59  98     S50XX         59  461
QSO: 21192 PH 2013-03-30 0806 RK4W          59  99     S56WYB        59  39
QSO: 21192 PH 2013-03-30 0807 RK4W          59  100    YT1BX         59  33
QSO: 21192 PH 2013-03-30 0807 RK4W          59  101    S51A          59  27
QSO: 21192 PH 2013-03-30 0807 RK4W          59  102    IZ3PZI        59  10
QSO: 21192 PH 2013-03-30 0808 RK4W          59  103    EE1B          59  3
QSO: 21192 PH 2013-03-30 0809 RK4W          59  104    F4FZR         59  52
QSO: 21192 PH 2013-03-30 0810 RK4W          59  105    OE7AJT        59  62
QSO: 21192 PH 2013-03-30 0810 RK4W          59  106    YU1QN         59  23
QSO: 21192 PH 2013-03-30 0810 RK4W          59  107    YT1CS         59  35
QSO: 21192 PH 2013-03-30 0811 RK4W          59  108    R0DX          59  422
QSO: 21192 PH 2013-03-30 0811 RK4W          59  109    P33W          59  1577
QSO: 21192 PH 2013-03-30 0812 RK4W          59  110    YU7AJM        59  233
QSO: 21245 PH 2013-03-30 0818 RK4W          59  111    RW4W          59  194
QSO: 21223 PH 2013-03-30 0820 RK4W          59  112    F6DZU         59  23
QSO: 21223 PH 2013-03-30 0820 RK4W          59  113    EE1W          59  23
QSO: 21223 PH 2013-03-30 0820 RK4W          59  114    US7IA         59  44
QSO: 21223 PH 2013-03-30 0821 RK4W          59  115    9A6IV         59  5
QSO: 21223 PH 2013-03-30 0821 RK4W          59  116    9A6A          59  78
QSO: 21223 PH 2013-03-30 0822 RK4W          59  117    RT4W          59  19
QSO: 21223 PH 2013-03-30 0822 RK4W          59  118    IT9CLN        59  44
QSO: 21233 PH 2013-03-30 0824 RK4W          59  119    S53F          59  129
QSO: 21269 PH 2013-03-30 0826 RK4W          59  120    SV9GPV        59  760
QSO: 21280 PH 2013-03-30 0827 RK4W          59  121    IT9ZGY        59  254
QSO: 21283 PH 2013-03-30 0828 RK4W          59  122    HG7T          59  83
QSO: 21288 PH 2013-03-30 0828 RK4W          59  123    YP9W          59  595
QSO: 21291 PH 2013-03-30 0829 RK4W          59  124    YT7Z          59  213
QSO: 21303 PH 2013-03-30 0830 RK4W          59  125    HB9AFI        59  49
QSO: 21307 PH 2013-03-30 0831 RK4W          59  126    OE8Q          59  159
QSO: 21315 PH 2013-03-30 0832 RK4W          59  127    E77XZ         59  219
QSO: 21317 PH 2013-03-30 0832 RK4W          59  128    YT8T          59  147
QSO: 21333 PH 2013-03-30 0834 RK4W          59  129    OM2VL         59  973
QSO: 21343 PH 2013-03-30 0835 RK4W          59  130    9A7A          59  856
QSO: 21348 PH 2013-03-30 0835 RK4W          59  131    S53MM         59  890
QSO: 21359 PH 2013-03-30 0836 RK4W          59  132    RU0FM         59  433
QSO: 21372 PH 2013-03-30 0838 RK4W          59  133    S59ABC        59  584
QSO: 21414 PH 2013-03-30 0839 RK4W          59  134    OM4KK         59  179
QSO: 21380 PH 2013-03-30 0840 RK4W          59  135    5B4KH         59  405
QSO: 21318 PH 2013-03-30 0843 RK4W          59  136    IY4FGM        59  349
QSO: 21305 PH 2013-03-30 0845 RK4W          59  137    JA3NTE        59  90
QSO: 21296 PH 2013-03-30 0846 RK4W          59  138    BY5CD         59  460
QSO: 21272 PH 2013-03-30 0848 RK4W          59  139    S57C          59  136
QSO: 21269 PH 2013-03-30 0848 RK4W          59  140    LZ9W          59  246
QSO: 21267 PH 2013-03-30 0849 RK4W          59  141    D4C           59  137
QSO: 21239 PH 2013-03-30 0851 RK4W          59  142    DS2AGH        59  187
QSO: 21237 PH 2013-03-30 0852 RK4W          59  143    JH1GEX        59  187
QSO: 21211 PH 2013-03-30 0854 RK4W          59  144    UA0WW         59  79
QSO: 21192 PH 2013-03-30 0855 RK4W          59  145    IQ4FA         59  108
QSO: 21181 PH 2013-03-30 0856 RK4W          59  146    H27A          59  1832
QSO: 21177 PH 2013-03-30 0856 RK4W          59  147    DQ4W          59  33
QSO: 21167 PH 2013-03-30 0858 RK4W          59  148    HA4XH         59  110
QSO: 21164 PH 2013-03-30 0859 RK4W          59  149    YO5PBF        59  368
QSO: 21161 PH 2013-03-30 0900 RK4W          59  150    JA6LCJ        59  233
QSO: 21159 PH 2013-03-30 0901 RK4W          59  151    YC1LA         59  277
QSO: 21154 PH 2013-03-30 0901 RK4W          59  152    JH4UYB        59  425
QSO: 21151 PH 2013-03-30 0902 RK4W          59  153    UN7GV         59  617
QSO: 21146 PH 2013-03-30 0903 RK4W          59  154    VU3DJQ        59  109
QSO: 21143 PH 2013-03-30 0903 RK4W          59  155    E21YDP        59  189
QSO: 21140 PH 2013-03-30 0904 RK4W          59  156    IK2IKW        59  28
QSO: 21140 PH 2013-03-30 0905 RK4W          59  157    ON3AR         59  120
QSO: 21140 PH 2013-03-30 0905 RK4W          59  158    DL7ON         59  18
QSO: 21140 PH 2013-03-30 0906 RK4W          59  159    DA9L          59  2
QSO: 21140 PH 2013-03-30 0908 RK4W          59  160    YO8RAC        59  34
QSO: 21140 PH 2013-03-30 0909 RK4W          59  161    F/E73CQ       59  32
QSO: 21140 PH 2013-03-30 0910 RK4W          59  162    LZ2JA         59  136
QSO: 21140 PH 2013-03-30 0910 RK4W          59  163    OT5A          59  66
QSO: 21140 PH 2013-03-30 0911 RK4W          59  164    YO6PVK        59  143
QSO: 21140 PH 2013-03-30 0911 RK4W          59  165    YT7EE         59  34
QSO: 21140 PH 2013-03-30 0912 RK4W          59  166    OM2IV         59  28
QSO: 21140 PH 2013-03-30 0912 RK4W          59  167    YP3A          59  127
QSO: 21140 PH 2013-03-30 0913 RK4W          59  168    YQ6A          59  272
QSO: 21140 PH 2013-03-30 0913 RK4W          59  169    DO4JS         59  52
QSO: 21140 PH 2013-03-30 0913 RK4W          59  170    DN7HS         59  13
QSO: 21140 PH 2013-03-30 0914 RK4W          59  171    EA3FF         59  16
QSO: 21140 PH 2013-03-30 0914 RK4W          59  172    DG1DRS        59  12
QSO: 21140 PH 2013-03-30 0915 RK4W          59  173    HA6NW         59  47
QSO: 21140 PH 2013-03-30 0915 RK4W          59  174    PI4CG         59  29
QSO: 21140 PH 2013-03-30 0916 RK4W          59  175    DJ7WW         59  74
QSO: 21140 PH 2013-03-30 0916 RK4W          59  176    PB0P          59  3
QSO: 21140 PH 2013-03-30 0916 RK4W          59  177    EA5HEU        59  13
QSO: 21140 PH 2013-03-30 0917 RK4W          59  178    OE7KLT        59  228
QSO: 21140 PH 2013-03-30 0918 RK4W          59  179    IZ5WPT        59  6
QSO: 21140 PH 2013-03-30 0918 RK4W          59  180    DM8T          59  333
QSO: 21140 PH 2013-03-30 0918 RK4W          59  181    YU7KM         59  29
QSO: 21140 PH 2013-03-30 0919 RK4W          59  182    ON3ND         59  30
QSO: 21140 PH 2013-03-30 0919 RK4W          59  183    F5POJ         59  88
QSO: 21140 PH 2013-03-30 0919 RK4W          59  184    DD1JN         59  175
QSO: 21140 PH 2013-03-30 0920 RK4W          59  185    LZ5R          59  400
QSO: 21140 PH 2013-03-30 0920 RK4W          59  186    ON6NL         59  28
QSO: 21140 PH 2013-03-30 0920 RK4W          59  187    OK2PBG        59  28
QSO: 21140 PH 2013-03-30 0922 RK4W          59  188    3Z6O          59  33
QSO: 21140 PH 2013-03-30 0922 RK4W          59  189    OM5NL         59  95
QSO: 21140 PH 2013-03-30 0922 RK4W          59  190    IK3OYY        59  63
QSO: 21140 PH 2013-03-30 0923 RK4W          59  191    DG8LX         59  18
QSO: 21140 PH 2013-03-30 0923 RK4W          59  192    OK1DVA        59  33
QSO: 21140 PH 2013-03-30 0923 RK4W          59  193    DL1M          59  64
QSO: 21140 PH 2013-03-30 0924 RK4W          59  194    DL1NKQ        59  327
QSO: 21140 PH 2013-03-30 0924 RK4W          59  195    M7T           59  45
QSO: 21140 PH 2013-03-30 0925 RK4W          59  196    G7TWC         59  14
QSO: 21140 PH 2013-03-30 0925 RK4W          59  197    S56VJM        59  55
QSO: 21140 PH 2013-03-30 0926 RK4W          59  198    OR1T          59  1
QSO: 21140 PH 2013-03-30 0926 RK4W          59  199    ON4BEN        59  3
QSO: 21140 PH 2013-03-30 0927 RK4W          59  200    IZ2SMQ        59  123
QSO: 21140 PH 2013-03-30 0928 RK4W          59  201    SP2BLC        59  1
QSO: 21140 PH 2013-03-30 0928 RK4W          59  202    DO5TMM        59  6
QSO: 21140 PH 2013-03-30 0929 RK4W          59  203    SQ3BDQ        59  5
QSO: 21140 PH 2013-03-30 0929 RK4W          59  204    DH1PAL        59  37
QSO: 21140 PH 2013-03-30 0929 RK4W          59  205    YR8D          59  433
QSO: 21140 PH 2013-03-30 0930 RK4W          59  206    9A4P          59  382
QSO: 21140 PH 2013-03-30 0930 RK4W          59  207    PE1KL         59  53
QSO: 21140 PH 2013-03-30 0930 RK4W          59  208    DP6A          59  244
QSO: 21140 PH 2013-03-30 0931 RK4W          59  209    LZ5X          59  331
QSO: 21140 PH 2013-03-30 0931 RK4W          59  210    IR1X          59  105
QSO: 21140 PH 2013-03-30 0932 RK4W          59  211    ON4ACW        59  14
QSO: 21140 PH 2013-03-30 0932 RK4W          59  212    PA0MIR        59  63
QSO: 21140 PH 2013-03-30 0933 RK4W          59  213    OK2QX         59  83
QSO: 21140 PH 2013-03-30 0933 RK4W          59  214    SV1NK         59  45
QSO: 21140 PH 2013-03-30 0934 RK4W          59  215    OK1PMA        59  72
QSO: 21140 PH 2013-03-30 0934 RK4W          59  216    SQ3SWX        59  67
QSO: 21140 PH 2013-03-30 0935 RK4W          59  217    TM57M         59  17
QSO: 21140 PH 2013-03-30 0935 RK4W          59  218    S57T          59  66
QSO: 21140 PH 2013-03-30 0936 RK4W          59  219    OK1VDJ        59  29
QSO: 21140 PH 2013-03-30 0937 RK4W          59  220    DO2DP         59  22
QSO: 21140 PH 2013-03-30 0937 RK4W          59  221    OE1WWL        59  31
QSO: 21140 PH 2013-03-30 0938 RK4W          59  222    IW1FPK        59  88
QSO: 21140 PH 2013-03-30 0939 RK4W          59  223    9A5RJ         59  1
QSO: 21140 PH 2013-03-30 0939 RK4W          59  224    PW5G          59  561
QSO: 21140 PH 2013-03-30 0939 RK4W          59  225    DJ7JC         59  106
QSO: 21140 PH 2013-03-30 0940 RK4W          59  226    IK3XTV        59  2
QSO: 21140 PH 2013-03-30 0940 RK4W          59  227    PA3T          59  92
QSO: 21140 PH 2013-03-30 0942 RK4W          59  228    F5LIW         59  87
QSO: 21167 PH 2013-03-30 0947 RK4W          59  229    PI4BRD        59  61
QSO: 21206 PH 2013-03-30 0949 RK4W          59  230    IK3UNA        59  180
QSO: 21225 PH 2013-03-30 0950 RK4W          59  231    YU1HFG        59  57
QSO: 21234 PH 2013-03-30 0951 RK4W          59  232    PI4DX         59  72
QSO: 21238 PH 2013-03-30 0952 RK4W          59  233    OK2TBC        59  49
QSO: 21238 PH 2013-03-30 0953 RK4W          59  234    IW2HAJ        59  722
QSO: 21238 PH 2013-03-30 0953 RK4W          59  235    DL9GS         59  53
QSO: 21196 PH 2013-03-30 0957 RK4W          59  236    DJ8UV         59  104
QSO: 21155 PH 2013-03-30 0959 RK4W          59  237    G3ZNR         59  8
QSO: 21155 PH 2013-03-30 1000 RK4W          59  238    M0UTD         59  15
QSO: 21155 PH 2013-03-30 1000 RK4W          59  239    SN9Y          59  121
QSO: 21155 PH 2013-03-30 1001 RK4W          59  240    DL1EJD        59  13
QSO: 21155 PH 2013-03-30 1001 RK4W          59  241    G5O           59  37
QSO: 21155 PH 2013-03-30 1002 RK4W          59  242    DK5MB         59  128
QSO: 21155 PH 2013-03-30 1002 RK4W          59  243    DK1AX         59  130
QSO: 21155 PH 2013-03-30 1003 RK4W          59  244    DH1OK         59  28
QSO: 21155 PH 2013-03-30 1004 RK4W          59  245    DC2TOM        59  10
QSO: 21155 PH 2013-03-30 1004 RK4W          59  246    DF1IAQ        59  11
QSO: 21155 PH 2013-03-30 1005 RK4W          59  247    M0GVZ         59  84
QSO: 21155 PH 2013-03-30 1006 RK4W          59  248    YO9HOW        59  42
QSO: 21155 PH 2013-03-30 1006 RK4W          59  249    M0CKX         59  77
QSO: 21286 PH 2013-03-30 1022 RK4W          59  250    II9P          59  420
QSO: 21233 PH 2013-03-30 1024 RK4W          59  251    DP6T          59  21
QSO: 21233 PH 2013-03-30 1024 RK4W          59  252    PA1H          59  103
QSO: 21233 PH 2013-03-30 1024 RK4W          59  253    YO2LEA        59  44
QSO: 21233 PH 2013-03-30 1025 RK4W          59  254    PA0GNH        59  101
QSO: 21233 PH 2013-03-30 1025 RK4W          59  255    OE5D          59  177
QSO: 21233 PH 2013-03-30 1025 RK4W          59  256    HA6IJM        59  9
QSO: 21233 PH 2013-03-30 1026 RK4W          59  257    DL3OBW        59  19
QSO: 21233 PH 2013-03-30 1027 RK4W          59  258    6V7S          59  818
QSO: 21206 PH 2013-03-30 1029 RK4W          59  259    LZ135LO       59  82
QSO: 21188 PH 2013-03-30 1031 RK4W          59  260    RL3A          59  1428
QSO: 21164 PH 2013-03-30 1033 RK4W          59  261    RW4WA         59  292
QSO: 21145 PH 2013-03-30 1035 RK4W          59  262    RK0AB         59  551
QSO: 21193 PH 2013-03-30 1038 RK4W          59  263    PA3DBS        59  74
QSO: 21222 PH 2013-03-30 1039 RK4W          59  264    EI7M          59  1159
QSO: 21254 PH 2013-03-30 1040 RK4W          59  265    SV1DPI        59  46
QSO: 21262 PH 2013-03-30 1041 RK4W          59  266    9A33P         59  1251
QSO: 21266 PH 2013-03-30 1042 RK4W          59  267    BY4IIG        59  382
QSO: 21269 PH 2013-03-30 1044 RK4W          59  268    B7JA          59  336
QSO: 21279 PH 2013-03-30 1045 RK4W          59  269    SP6ASW        59  187
QSO: 21295 PH 2013-03-30 1046 RK4W          59  270    SQ2RCM        59  103
QSO: 21311 PH 2013-03-30 1048 RK4W          59  271    EI2CN         59  98
QSO: 21313 PH 2013-03-30 1049 RK4W          59  272    YT6T          59  244
QSO: 21321 PH 2013-03-30 1050 RK4W          59  273    PH600NYK      59  54
QSO: 21342 PH 2013-03-30 1052 RK4W          59  274    OE/KH7XX      59  105
QSO: 21347 PH 2013-03-30 1053 RK4W          59  275    IR6T          59  705
QSO: 21352 PH 2013-03-30 1054 RK4W          59  276    S503EO        59  148
QSO: 21358 PH 2013-03-30 1055 RK4W          59  277    OL7M          59  190
QSO: 21361 PH 2013-03-30 1056 RK4W          59  278    PW7T          59  207
QSO: 21374 PH 2013-03-30 1057 RK4W          59  279    DR2W          59  202
QSO: 21376 PH 2013-03-30 1058 RK4W          59  280    7L4MDM        59  277
QSO: 21383 PH 2013-03-30 1059 RK4W          59  281    DP7D          59  491
QSO: 21388 PH 2013-03-30 1059 RK4W          59  282    LX7I          59  516
QSO: 21405 PH 2013-03-30 1101 RK4W          59  283    YT2VP         59  16
QSO: 21413 PH 2013-03-30 1101 RK4W          59  284    GW9T          59  195
QSO: 21416 PH 2013-03-30 1102 RK4W          59  285    M7P           59  79
QSO: 21422 PH 2013-03-30 1103 RK4W          59  286    OO4O          59  137
QSO: 21422 PH 2013-03-30 1103 RK4W          59  287    E72U          59  144
QSO: 21422 PH 2013-03-30 1104 RK4W          59  288    OZ2PBQ        59  35
QSO: 21422 PH 2013-03-30 1104 RK4W          59  289    HA5AGP        59  2
QSO: 21422 PH 2013-03-30 1105 RK4W          59  290    OP1A          59  38
QSO: 21422 PH 2013-03-30 1107 RK4W          59  291    ON4MW         59  37
QSO: 21422 PH 2013-03-30 1107 RK4W          59  292    DJ0MCZ        59  101
QSO: 21422 PH 2013-03-30 1107 RK4W          59  293    PE1FNW        59  17
QSO: 21422 PH 2013-03-30 1110 RK4W          59  294    DM2AWM        59  116
QSO: 21422 PH 2013-03-30 1110 RK4W          59  295    OK1HCU        59  123
QSO: 21422 PH 2013-03-30 1111 RK4W          59  296    2E0CNL        59  41
QSO: 21422 PH 2013-03-30 1111 RK4W          59  297    LZ3RN         59  100
QSO: 21422 PH 2013-03-30 1111 RK4W          59  298    IV3BCA        59  153
QSO: 21422 PH 2013-03-30 1112 RK4W          59  299    DA3X          59  380
QSO: 21422 PH 2013-03-30 1113 RK4W          59  300    OE4VMB        59  21
QSO: 21179 PH 2013-03-30 1116 RK4W          59  301    PI4ZI         59  289
QSO: 21226 PH 2013-03-30 1117 RK4W          59  302    9M4CC         59  72
QSO: 21185 PH 2013-03-30 1119 RK4W          59  303    LX1ER         59  237
QSO: 21225 PH 2013-03-30 1120 RK4W          59  304    HS0ZDG        59  686
QSO: 21184 PH 2013-03-30 1138 RK4W          59  305    3Z2X          59  233
QSO: 21319 PH 2013-03-30 1148 RK4W          59  306    5D5A          59  1751
QSO: 21191 PH 2013-03-30 1215 RK4W          59  307    LV5V          59  419
QSO: 21275 PH 2013-03-30 1216 RK4W          59  308    CR3A          59  583
QSO: 21289 PH 2013-03-30 1217 RK4W          59  309    YU5A          59  393
QSO: 21448 PH 2013-03-30 1218 RK4W          59  310    HD2A          59  1387
QSO: 21360 PH 2013-03-30 1237 RK4W          59  311    M4U           59  143
QSO: 21390 PH 2013-03-30 1242 RK4W          59  312    YW5DX         59  180
QSO: 21229 PH 2013-03-30 1243 RK4W          59  313    PR7AP         59  269
QSO: 21180 PH 2013-03-30 1259 RK4W          59  314    PA4PS         59  192
QSO: 21180 PH 2013-03-30 1300 RK4W          59  315    SQ2MTK        59  172
QSO: 21180 PH 2013-03-30 1301 RK4W          59  316    YO9FTN        59  99
QSO: 21180 PH 2013-03-30 1301 RK4W          59  317    DK8TP         59  11
QSO: 21180 PH 2013-03-30 1302 RK4W          59  318    EC1DBO        59  184
QSO: 21180 PH 2013-03-30 1303 RK4W          59  319    S51I          59  68
QSO: 21180 PH 2013-03-30 1303 RK4W          59  320    DL6DVU        59  85
QSO: 21180 PH 2013-03-30 1303 RK4W          59  321    YO9HG         59  65
QSO: 21180 PH 2013-03-30 1304 RK4W          59  322    S54L          59  25
QSO: 21180 PH 2013-03-30 1304 RK4W          59  323    OK1MDK        59  184
QSO: 21180 PH 2013-03-30 1305 RK4W          59  324    SQ3POX        59  64
QSO: 21180 PH 2013-03-30 1305 RK4W          59  325    E74ACL        59  360
QSO: 21180 PH 2013-03-30 1306 RK4W          59  326    OE6WF         59  2
QSO: 21180 PH 2013-03-30 1307 RK4W          59  327    LA7GNA        59  217
QSO: 21180 PH 2013-03-30 1308 RK4W          59  328    DL9EE         59  18
QSO: 21180 PH 2013-03-30 1309 RK4W          59  329    DL4YAO        59  136
QSO: 21180 PH 2013-03-30 1309 RK4W          59  330    SM6DPB        59  56
QSO: 21180 PH 2013-03-30 1310 RK4W          59  331    SN5V          59  161
QSO: 21180 PH 2013-03-30 1311 RK4W          59  332    OK3KW         59  95
QSO: 21180 PH 2013-03-30 1312 RK4W          59  333    Z320W         59  340
QSO: 21180 PH 2013-03-30 1312 RK4W          59  334    DL3BRA        59  56
QSO: 21180 PH 2013-03-30 1314 RK4W          59  335    EA8CYL        59  33
QSO: 21180 PH 2013-03-30 1314 RK4W          59  336    SM7DQV        59  83
QSO: 21180 PH 2013-03-30 1315 RK4W          59  337    YO8KOC        59  48
QSO: 21180 PH 2013-03-30 1315 RK4W          59  338    PA0RBO        59  23
QSO: 21180 PH 2013-03-30 1316 RK4W          59  339    DC9TH         59  148
QSO: 21180 PH 2013-03-30 1316 RK4W          59  340    OE3RTB        59  116
QSO: 21180 PH 2013-03-30 1316 RK4W          59  341    DK2CX         59  543
QSO: 21180 PH 2013-03-30 1317 RK4W          59  342    SP2AYC        59  30
QSO: 21180 PH 2013-03-30 1317 RK4W          59  343    DF0MU         59  181
QSO: 21180 PH 2013-03-30 1317 RK4W          59  344    ER3CT         59  499
QSO: 21180 PH 2013-03-30 1318 RK4W          59  345    ER4LX         59  493
QSO: 21180 PH 2013-03-30 1318 RK4W          59  346    PE2LZ         59  203
QSO: 21180 PH 2013-03-30 1318 RK4W          59  347    OZ6GH         59  106
QSO: 21180 PH 2013-03-30 1320 RK4W          59  348    DL7GEM        59  6
QSO: 21180 PH 2013-03-30 1320 RK4W          59  349    OM0A          59  420
QSO: 21180 PH 2013-03-30 1320 RK4W          59  350    DH8BQA        59  233
QSO: 21180 PH 2013-03-30 1321 RK4W          59  351    IK3ORD        59  5
QSO: 21180 PH 2013-03-30 1321 RK4W          59  352    DO2JK         59  13
QSO: 21180 PH 2013-03-30 1321 RK4W          59  353    DL4VAI        59  69
QSO: 21180 PH 2013-03-30 1322 RK4W          59  354    DF2SD         59  228
QSO: 21180 PH 2013-03-30 1323 RK4W          59  355    IW2MWC        59  96
QSO: 21180 PH 2013-03-30 1323 RK4W          59  356    EA7EE         59  80
QSO: 21180 PH 2013-03-30 1323 RK4W          59  357    DL5RDP        59  144
QSO: 21180 PH 2013-03-30 1324 RK4W          59  358    DL4GBA        59  192
QSO: 21180 PH 2013-03-30 1324 RK4W          59  359    TA7AB         59  80
QSO: 21180 PH 2013-03-30 1325 RK4W          59  360    ON4VDV        59  305
QSO: 21180 PH 2013-03-30 1325 RK4W          59  361    UY5TE         59  169
QSO: 21180 PH 2013-03-30 1325 RK4W          59  362    HA3OU         59  233
QSO: 21180 PH 2013-03-30 1326 RK4W          59  363    PA3EEG        59  54
QSO: 21180 PH 2013-03-30 1326 RK4W          59  364    DL7UIO        59  61
QSO: 21180 PH 2013-03-30 1326 RK4W          59  365    UR5WX         59  117
QSO: 21180 PH 2013-03-30 1327 RK4W          59  366    DL5DTG        59  89
QSO: 21180 PH 2013-03-30 1327 RK4W          59  367    HA2MM         59  66
QSO: 21180 PH 2013-03-30 1327 RK4W          59  368    SP6QNU        59  51
QSO: 21180 PH 2013-03-30 1328 RK4W          59  369    OK2SGY        59  63
QSO: 21180 PH 2013-03-30 1328 RK4W          59  370    DL1EAL        59  14
QSO: 21180 PH 2013-03-30 1329 RK4W          59  371    YO7ARZ        59  113
QSO: 21180 PH 2013-03-30 1329 RK4W          59  372    PE1FTV        59  58
QSO: 21180 PH 2013-03-30 1330 RK4W          59  373    SP8CGU        59  159
QSO: 21180 PH 2013-03-30 1331 RK4W          59  374    TA3IW         59  144
QSO: 21180 PH 2013-03-30 1331 RK4W          59  375    SP9MRO        59  18
QSO: 21180 PH 2013-03-30 1332 RK4W          59  376    OM4DN         59  168
QSO: 21180 PH 2013-03-30 1332 RK4W          59  377    SA6AIN        59  55
QSO: 21180 PH 2013-03-30 1332 RK4W          59  378    ON4DN         59  110
QSO: 21180 PH 2013-03-30 1333 RK4W          59  379    DF8XC         59  61
QSO: 21180 PH 2013-03-30 1333 RK4W          59  380    SP5IVC        59  250
QSO: 21180 PH 2013-03-30 1334 RK4W          59  381    UN7QF         59  199
QSO: 21180 PH 2013-03-30 1334 RK4W          59  382    4J6RO         59  76
QSO: 21180 PH 2013-03-30 1335 RK4W          59  383    SQ6DGO        59  47
QSO: 21180 PH 2013-03-30 1335 RK4W          59  384    LB9RE         59  175
QSO: 21180 PH 2013-03-30 1336 RK4W          59  385    YF4IJ         59  40
QSO: 21180 PH 2013-03-30 1336 RK4W          59  386    SQ3POS        59  14
QSO: 21180 PH 2013-03-30 1336 RK4W          59  387    US1PM         59  70
QSO: 21180 PH 2013-03-30 1337 RK4W          59  388    EM5R          59  34
QSO: 21180 PH 2013-03-30 1337 RK4W          59  389    DK7CH         59  132
QSO: 21180 PH 2013-03-30 1338 RK4W          59  390    OM6AL         59  291
QSO: 21180 PH 2013-03-30 1338 RK4W          59  391    DA0C          59  320
QSO: 21180 PH 2013-03-30 1339 RK4W          59  392    DL1LQL        59  13
QSO: 21180 PH 2013-03-30 1339 RK4W          59  393    DH2PG         59  88
QSO: 21180 PH 2013-03-30 1339 RK4W          59  394    DL2GW         59  14
QSO: 21180 PH 2013-03-30 1340 RK4W          59  395    ED5C          59  40
QSO: 21180 PH 2013-03-30 1340 RK4W          59  396    SP6FJ         59  132
QSO: 21180 PH 2013-03-30 1341 RK4W          59  397    IZ5UGE        59  54
QSO: 21180 PH 2013-03-30 1341 RK4W          59  398    SQ7LQJ        59  14
QSO: 21180 PH 2013-03-30 1341 RK4W          59  399    DL5SDZ        59  75
QSO: 21180 PH 2013-03-30 1342 RK4W          59  400    SP9WZA        59  117
QSO: 21180 PH 2013-03-30 1342 RK4W          59  401    SP2QG         59  66
QSO: 21180 PH 2013-03-30 1343 RK4W          59  402    LZ7O          59  20
QSO: 21180 PH 2013-03-30 1343 RK4W          59  403    DK4RL         59  33
QSO: 21180 PH 2013-03-30 1344 RK4W          59  404    SA6CBY        59  28
QSO: 21180 PH 2013-03-30 1344 RK4W          59  405    DJ1AA         59  337
QSO: 21180 PH 2013-03-30 1345 RK4W          59  406    LA5LJA        59  157
QSO: 21180 PH 2013-03-30 1345 RK4W          59  407    SN150AW       59  71
QSO: 21180 PH 2013-03-30 1346 RK4W          59  408    OE6HLF        59  184
QSO: 21180 PH 2013-03-30 1346 RK4W          59  409    DL6MDG        59  114
QSO: 21180 PH 2013-03-30 1347 RK4W          59  410    LA9OSA        59  106
QSO: 21180 PH 2013-03-30 1347 RK4W          59  411    DK5QN         59  41
QSO: 21180 PH 2013-03-30 1348 RK4W          59  412    PA3FYM        59  20
QSO: 21180 PH 2013-03-30 1349 RK4W          59  413    YU8A          59  6
QSO: 21180 PH 2013-03-30 1350 RK4W          59  414    HA1TI         59  178
QSO: 21180 PH 2013-03-30 1351 RK4W          59  415    DO9MJ         59  40
QSO: 21175 PH 2013-03-30 1415 RK4W          59  416    ED9Z          59  584
QSO: 21207 PH 2013-03-30 1416 RK4W          59  417    EF5HIH        59  12
QSO: 21431 PH 2013-03-30 1501 RK4W          59  418    YP7P          59  653
QSO: 21341 PH 2013-03-30 1503 RK4W          59  419    4O7ZZ         59  959
QSO: 21326 PH 2013-03-30 1504 RK4W          59  420    CR6K          59  1009
QSO: 21250 PH 2013-03-30 1507 RK4W          59  421    OE5FPL        59  71
QSO: 21250 PH 2013-03-30 1508 RK4W          59  422    OZ7SG         59  228
QSO: 21250 PH 2013-03-30 1508 RK4W          59  423    DL1DTL        59  101
QSO: 21250 PH 2013-03-30 1509 RK4W          59  424    EA1OT         59  23
QSO: 21250 PH 2013-03-30 1509 RK4W          59  425    S55KM         59  71
QSO: 21250 PH 2013-03-30 1509 RK4W          59  426    OL1C          59  896
QSO: 21250 PH 2013-03-30 1510 RK4W          59  427    OK7X          59  99
QSO: 21250 PH 2013-03-30 1510 RK4W          59  428    SQ6PLH        59  196
QSO: 21250 PH 2013-03-30 1510 RK4W          59  429    DJ7RL         59  10
QSO: 21250 PH 2013-03-30 1511 RK4W          59  430    DO7OM         59  17
QSO: 21250 PH 2013-03-30 1512 RK4W          59  431    OM8JP         59  109
QSO: 21250 PH 2013-03-30 1512 RK4W          59  432    OM7AB         59  366
QSO: 21251 PH 2013-03-30 1515 RK4W          59  433    SE6Y          59  157
QSO: 21251 PH 2013-03-30 1515 RK4W          59  434    SP9RTL        59  130
QSO: 21251 PH 2013-03-30 1516 RK4W          59  435    LA6UL         59  159
QSO: 21251 PH 2013-03-30 1516 RK4W          59  436    YO5CUQ        59  50
QSO: 21157 PH 2013-03-30 1518 RK4W          59  437    TA4AU         59  758
QSO: 21142 PH 2013-03-30 1520 RK4W          59  438    H2T           59  1688
QSO: 21132 PH 2013-03-30 1521 RK4W          59  439    YU1KN         59  139
QSO: 21188 PH 2013-03-30 1522 RK4W          59  440    RT4RO         59  1357
QSO: 21353 PH 2013-03-31 0601 RK4W          59  441    JE1ZWT        59  464
QSO: 21330 PH 2013-03-31 0602 RK4W          59  442    RW0UU         59  611
QSO: 21305 PH 2013-03-31 0603 RK4W          59  443    C4Z           59  1247
QSO: 21151 PH 2013-03-31 0604 RK4W          59  444    JO3DDD        59  722
QSO: 21185 PH 2013-03-31 0605 RK4W          59  445    JF3BFS        59  254
QSO: 21215 PH 2013-03-31 0607 RK4W          59  446    IR9W          59  757
QSO: 21220 PH 2013-03-31 0608 RK4W          59  447    JA7COI        59  393
QSO: 21227 PH 2013-03-31 0609 RK4W          59  448    RK0W          59  450
QSO: 21255 PH 2013-03-31 0613 RK4W          59  449    VU2RCT        59  496
QSO: 21262 PH 2013-03-31 0614 RK4W          59  450    YB4IR         59  718
QSO: 21265 PH 2013-03-31 0614 RK4W          59  451    4Z5LA         59  1397
QSO: 21271 PH 2013-03-31 0617 RK4W          59  452    A60A          59  1151
QSO: 21322 PH 2013-03-31 0619 RK4W          59  453    UA0SE         59  492
QSO: 21334 PH 2013-03-31 0621 RK4W          59  454    Z320E         59  448
QSO: 21358 PH 2013-03-31 0622 RK4W          59  455    JI2ZJS        59  1028
QSO: 21202 PH 2013-03-31 0627 RK4W          59  456    R9AE          59  959
QSO: 21249 PH 2013-03-31 0630 RK4W          59  457    RD0WAD        59  22
QSO: 21325 PH 2013-03-31 0633 RK4W          59  458    YM3KM         59  1840
QSO: 21330 PH 2013-03-31 0634 RK4W          59  459    SZ3P          59  1885
QSO: 21339 PH 2013-03-31 0753 RK4W          59  460    BU2AW         59  1051
QSO: 21303 PH 2013-03-31 0754 RK4W          59  461    YE1K          59  1578
QSO: 21304 PH 2013-03-31 0755 RK4W          59  462    S59N          59  2331
QSO: 21394 PH 2013-03-31 0758 RK4W          59  463    UI8U          59  580
QSO: 21308 PH 2013-03-31 0759 RK4W          59  464    BA4WL         59  637
QSO: 21218 PH 2013-03-31 0803 RK4W          59  465    F4KJB         59  862
QSO: 21211 PH 2013-03-31 0804 RK4W          59  466    JA4DPL        59  779
QSO: 21200 PH 2013-03-31 0805 RK4W          59  467    JR1HUA        59  179
QSO: 28496 PH 2013-03-31 0809 RK4W          59  468    SV9GPV        59  2388
QSO: 21336 PH 2013-03-31 0811 RK4W          59  469    JA2KSI        59  69
QSO: 21398 PH 2013-03-31 0812 RK4W          59  470    JA7NVF        59  1175
QSO: 21273 PH 2013-03-31 0814 RK4W          59  471    A71AM         59  1641
QSO: 21309 PH 2013-03-31 0816 RK4W          59  472    A61QQ         59  1501
QSO: 21307 PH 2013-03-31 0817 RK4W          59  473    7Z1TT         59  508
QSO: 21228 PH 2013-03-31 0818 RK4W          59  474    EX7ML         59  518
QSO: 21417 PH 2013-03-31 0824 RK4W          59  475    JI3CJP        59  136
QSO: 21434 PH 2013-03-31 0857 RK4W          59  476    JF2IWL        59  265
QSO: 21414 PH 2013-03-31 0859 RK4W          59  477    UN8GV         59  1305
QSO: 21406 PH 2013-03-31 0900 RK4W          59  478    JI2ZEY        59  829
QSO: 21156 PH 2013-03-31 0902 RK4W          59  479    JR3RIY        59  511
QSO: 21448 PH 2013-03-31 0902 RK4W          59  480    JR5XPG        59  248
QSO: 21314 PH 2013-03-31 0903 RK4W          59  481    B3C           59  948
QSO: 21383 PH 2013-03-31 0904 RK4W          59  482    JF9JTS        59  327
QSO: 21213 PH 2013-03-31 0906 RK4W          59  483    HB30OK        59  2150
QSO: 21324 PH 2013-03-31 0909 RK4W          59  484    IK2VFR        59  270
QSO: 21164 PH 2013-03-31 0912 RK4W          59  485    M0VSQ         59  1341
QSO: 21192 PH 2013-03-31 0915 RK4W          59  486    EI6JK         59  457
QSO: 21275 PH 2013-03-31 0917 RK4W          59  487    YT9A          59  453
QSO: 21281 PH 2013-03-31 0918 RK4W          59  488    ED7R          59  979
QSO: 21289 PH 2013-03-31 0919 RK4W          59  489    S57AL         59  2211
QSO: 21322 PH 2013-03-31 0922 RK4W          59  490    TM0R          59  2307
QSO: 21344 PH 2013-03-31 0924 RK4W          59  491    DQ8N          59  1020
QSO: 21404 PH 2013-03-31 0927 RK4W          59  492    YO4RIU        59  939
QSO: 21132 PH 2013-03-31 0928 RK4W          59  493    EA9CD         59  622
QSO: 21192 PH 2013-03-31 0931 RK4W          59  494    DK5TX         59  18
QSO: 21325 PH 2013-03-31 0937 RK4W          59  495    9K9K          59  1662
QSO: 21350 PH 2013-03-31 0938 RK4W          59  496    YB1C          59  1454
QSO: 21384 PH 2013-03-31 0940 RK4W          59  497    RT0TR         59  707
QSO: 21167 PH 2013-03-31 0942 RK4W          59  498    RA0CHK        59  267
QSO: 21431 PH 2013-03-31 0944 RK4W          59  499    BD3MH         59  787
QSO: 21364 PH 2013-03-31 0945 RK4W          59  500    JA3AOP        59  623
QSO: 21328 PH 2013-03-31 0946 RK4W          59  501    E7DX          59  3580
QSO: 21295 PH 2013-03-31 1244 RK4W          59  502    DL5SD         59  136
QSO: 21295 PH 2013-03-31 1245 RK4W          59  503    DJ3JD         59  377
QSO: 21295 PH 2013-03-31 1246 RK4W          59  504    DK1AUP        59  146
QSO: 21295 PH 2013-03-31 1246 RK4W          59  505    S52W          59  187
QSO: 21295 PH 2013-03-31 1247 RK4W          59  506    DR1A          59  872
QSO: 21295 PH 2013-03-31 1248 RK4W          59  507    IZ1UIA        59  203
QSO: 21295 PH 2013-03-31 1249 RK4W          59  508    OK2KOJ        59  626
QSO: 21295 PH 2013-03-31 1249 RK4W          59  509    EA5FWW        59  606
QSO: 21145 PH 2013-03-31 1252 RK4W          59  510    OK2MBP        59  835
QSO: 21145 PH 2013-03-31 1252 RK4W          59  511    IN3QCI        59  47
QSO: 21145 PH 2013-03-31 1253 RK4W          59  512    OE5GA         59  109
QSO: 21145 PH 2013-03-31 1254 RK4W          59  513    UN9GD         59  655
QSO: 21145 PH 2013-03-31 1254 RK4W          59  514    OM3YAD        59  117
QSO: 21145 PH 2013-03-31 1255 RK4W          59  515    OZ1ACB        59  262
QSO: 21145 PH 2013-03-31 1256 RK4W          59  516    9A3SM         59  9
QSO: 21145 PH 2013-03-31 1257 RK4W          59  517    M0NKR         59  228
QSO: 21145 PH 2013-03-31 1258 RK4W          59  518    OK1RIG        59  75
QSO: 21145 PH 2013-03-31 1258 RK4W          59  519    OE3DXA        59  645
QSO: 21145 PH 2013-03-31 1300 RK4W          59  520    IK2SAI        59  413
QSO: 21145 PH 2013-03-31 1301 RK4W          59  521    LZ5C          59  197
QSO: 21145 PH 2013-03-31 1301 RK4W          59  522    DL1DWR        59  103
QSO: 21145 PH 2013-03-31 1302 RK4W          59  523    HB3YGG        59  99
QSO: 21145 PH 2013-03-31 1302 RK4W          59  524    I1EIS         59  648
QSO: 21145 PH 2013-03-31 1303 RK4W          59  525    OM3TLE        59  102
QSO: 21145 PH 2013-03-31 1303 RK4W          59  526    DK8ZZ         59  322
QSO: 21252 PH 2013-03-31 1308 RK4W          59  527    K3ZO          59  1461
QSO: 21205 PH 2013-03-31 1309 RK4W          59  528    KQ2M          59  2495
QSO: 21200 PH 2013-03-31 1311 RK4W          59  529    KJ3X          59  3501
QSO: 14177 PH 2013-03-31 1314 RK4W          59  530    EI3HDB        59  570
QSO: 14179 PH 2013-03-31 1314 RK4W          59  531    TM71A         59  1100
QSO: 14145 PH 2013-03-31 1315 RK4W          59  532    YL6W          59  329
QSO: 14157 PH 2013-03-31 1316 RK4W          59  533    EI9HX         59  961
QSO: 14163 PH 2013-03-31 1318 RK4W          59  534    WX3B          59  524
QSO: 14205 PH 2013-03-31 1319 RK4W          59  535    G4R           59  609
QSO: 14116 PH 2013-03-31 1319 RK4W          59  536    UC7A          59  838
QSO: 14118 PH 2013-03-31 1320 RK4W          59  537    HB9EOU        59  1084
QSO: 14129 PH 2013-03-31 1323 RK4W          59  538    SV9GPV        59  2822
QSO: 14133 PH 2013-03-31 1323 RK4W          59  539    S51AF         59  522
QSO: 14138 PH 2013-03-31 1325 RK4W          59  540    GW4BKG        59  376
QSO: 14142 PH 2013-03-31 1326 RK4W          59  541    S54O          59  164
QSO: 14153 PH 2013-03-31 1327 RK4W          59  542    OH5Z          59  1143
QSO: 14162 PH 2013-03-31 1328 RK4W          59  543    YU1ARC        59  1843
QSO: 14165 PH 2013-03-31 1330 RK4W          59  544    EA2LMI        59  1166
QSO: 14170 PH 2013-03-31 1331 RK4W          59  545    US1I          59  1389
QSO: 14172 PH 2013-03-31 1334 RK4W          59  546    DL9ZP         59  348
QSO: 14172 PH 2013-03-31 1334 RK4W          59  547    UA2FT         59  164
QSO: 14172 PH 2013-03-31 1334 RK4W          59  548    DL0GEO        59  321
QSO: 14172 PH 2013-03-31 1336 RK4W          59  549    IN3XUG        59  171
QSO: 14172 PH 2013-03-31 1336 RK4W          59  550    YL7A          59  971
QSO: 14172 PH 2013-03-31 1336 RK4W          59  551    DK1AX         59  596
QSO: 14172 PH 2013-03-31 1337 RK4W          59  552    UA6LUQ        59  795
QSO: 14172 PH 2013-03-31 1337 RK4W          59  553    US5ISV        59  290
QSO: 14172 PH 2013-03-31 1337 RK4W          59  554    Z35M          59  124
QSO: 14172 PH 2013-03-31 1338 RK4W          59  555    F5LIW         59  536
QSO: 14172 PH 2013-03-31 1340 RK4W          59  556    LZ1DQ         59  349
QSO: 14172 PH 2013-03-31 1340 RK4W          59  557    US0MS         59  249
QSO: 14172 PH 2013-03-31 1340 RK4W          59  558    SP7SZK        59  151
QSO: 14172 PH 2013-03-31 1342 RK4W          59  559    M0NKR         59  245
QSO: 14172 PH 2013-03-31 1343 RK4W          59  560    9A4P          59  967
QSO: 14172 PH 2013-03-31 1344 RK4W          59  561    I/DM1CM       59  714
QSO: 14172 PH 2013-03-31 1345 RK4W          59  562    UX7U          59  248
QSO: 14172 PH 2013-03-31 1346 RK4W          59  563    OK2GU         59  120
QSO: 14172 PH 2013-03-31 1346 RK4W          59  564    UT8IM         59  619
QSO: 14172 PH 2013-03-31 1346 RK4W          59  565    LZ0M          59  303
QSO: 14126 PH 2013-03-31 1352 RK4W          59  566    UT1XX         59  328
QSO: 14121 PH 2013-03-31 1518 RK4W          59  567    F4GBW         59  60
QSO: 14128 PH 2013-03-31 1518 RK4W          59  568    HB9LCW        59  136
QSO: 14135 PH 2013-03-31 1519 RK4W          59  569    OZ5GX         59  820
QSO: 14130 PH 2013-03-31 1520 RK4W          59  570    TA1CR         59  612
QSO: 14151 PH 2013-03-31 1520 RK4W          59  571    SD6N          59  163
QSO: 14157 PH 2013-03-31 1521 RK4W          59  572    UT3IZ         59  655
QSO: 14160 PH 2013-03-31 1521 RK4W          59  573    RA3Y          59  682
QSO: 14158 PH 2013-03-31 1522 RK4W          59  574    EW6GF         59  754
QSO: 14177 PH 2013-03-31 1522 RK4W          59  575    ON4MW         59  301
QSO: 14200 PH 2013-03-31 1523 RK4W          59  576    OM3TB         59  241
QSO: 14210 PH 2013-03-31 1524 RK4W          59  577    E720IARU      59  1474
QSO: 14218 PH 2013-03-31 1525 RK4W          59  578    LY2FN         59  1284
QSO: 14223 PH 2013-03-31 1525 RK4W          59  579    ON5UR         59  302
QSO: 14237 PH 2013-03-31 1526 RK4W          59  580    IR2P          59  467
QSO: 14242 PH 2013-03-31 1526 RK4W          59  581    ES1O          59  957
QSO: 14250 PH 2013-03-31 1531 RK4W          59  582    PD3MDM        59  744
QSO: 14340 PH 2013-03-31 1533 RK4W          59  583    EW7BR         59  879
QSO: 14182 PH 2013-03-31 1535 RK4W          59  584    EE1W          59  2478
QSO: 14266 PH 2013-03-31 1536 RK4W          59  585    S52NR         59  498
QSO: 14130 PH 2013-03-31 1539 RK4W          59  586    E74ACL        59  1158
QSO: 14130 PH 2013-03-31 1539 RK4W          59  587    DJ5MO         59  229
QSO: 14130 PH 2013-03-31 1539 RK4W          59  588    LZ2XF         59  387
QSO: 14130 PH 2013-03-31 1540 RK4W          59  589    ZS6WN         59  295
QSO: 14130 PH 2013-03-31 1540 RK4W          59  590    UW7M          59  163
QSO: 14130 PH 2013-03-31 1541 RK4W          59  591    DL9LM         59  248
QSO: 14130 PH 2013-03-31 1542 RK4W          59  592    EB1IC         59  3
QSO: 14130 PH 2013-03-31 1543 RK4W          59  593    YL2TB         59  124
QSO: 14130 PH 2013-03-31 1544 RK4W          59  594    OK2KOJ        59  700
QSO: 14130 PH 2013-03-31 1545 RK4W          59  595    OK2MBP        59  905
QSO: 14130 PH 2013-03-31 1545 RK4W          59  596    OK3PJ         59  31
QSO: 14130 PH 2013-03-31 1546 RK4W          59  597    RK9UN         59  407
QSO: 14130 PH 2013-03-31 1546 RK4W          59  598    PF9A          59  232
QSO: 14130 PH 2013-03-31 1547 RK4W          59  599    DL1MFZ        59  199
QSO: 14130 PH 2013-03-31 1547 RK4W          59  600    9A9JZ         59  110
QSO: 14130 PH 2013-03-31 1548 RK4W          59  601    ER4LX         59  922
QSO: 14130 PH 2013-03-31 1548 RK4W          59  602    ES2IPA        59  365
QSO: 14130 PH 2013-03-31 1549 RK4W          59  603    DL9ZWG        59  268
QSO: 14130 PH 2013-03-31 1549 RK4W          59  604    SP9KJU        59  148
QSO: 14130 PH 2013-03-31 1550 RK4W          59  605    F2AR          59  698
QSO: 14130 PH 2013-03-31 1550 RK4W          59  606    PA4HM         59  444
QSO: 14130 PH 2013-03-31 1550 RK4W          59  607    LY5I          59  641
QSO: 14130 PH 2013-03-31 1551 RK4W          59  608    E72U          59  293
QSO: 14130 PH 2013-03-31 1551 RK4W          59  609    US5ZFT        59  302
QSO: 14130 PH 2013-03-31 1552 RK4W          59  610    UR5IRM        59  878
QSO: 14130 PH 2013-03-31 1553 RK4W          59  611    S55N          59  154
QSO: 14130 PH 2013-03-31 1554 RK4W          59  612    G7N           59  375
QSO: 14130 PH 2013-03-31 1554 RK4W          59  613    YO5PRP        59  348
QSO: 14130 PH 2013-03-31 1555 RK4W          59  614    OM5WW         59  475
QSO: 14130 PH 2013-03-31 1555 RK4W          59  615    UR5EFL        59  115
QSO: 14130 PH 2013-03-31 1556 RK4W          59  616    M1DNC         59  280
QSO: 14130 PH 2013-03-31 1557 RK4W          59  617    EW5W          59  865
QSO: 14130 PH 2013-03-31 1558 RK4W          59  618    ES6PA         59  371
QSO: 14130 PH 2013-03-31 1600 RK4W          59  619    YO9XC         59  736
QSO: 14130 PH 2013-03-31 1600 RK4W          59  620    OK1BLU        59  233
QSO: 14130 PH 2013-03-31 1600 RK4W          59  621    DL7DET        59  281
QSO: 14130 PH 2013-03-31 1601 RK4W          59  622    EA3AIZ        59  240
QSO: 14130 PH 2013-03-31 1602 RK4W          59  623    SP8BQL        59  144
QSO: 14130 PH 2013-03-31 1602 RK4W          59  624    UR5UB         59  471
QSO: 14130 PH 2013-03-31 1603 RK4W          59  625    EW7LE         59  293
QSO: 14130 PH 2013-03-31 1604 RK4W          59  626    EI4GNB        59  508
QSO: 14130 PH 2013-03-31 1604 RK4W          59  627    LY2N          59  345
QSO: 14130 PH 2013-03-31 1605 RK4W          59  628    9A6DJX        59  274
QSO: 14130 PH 2013-03-31 1605 RK4W          59  629    DJ0A          59  1208
QSO: 14130 PH 2013-03-31 1605 RK4W          59  630    UT8EL         59  560
QSO:  7098 PH 2013-03-31 1608 RK4W          59  631    OK1WCF        59  935
QSO:  7129 PH 2013-03-31 1609 RK4W          59  632    ES9C          59  1663
QSO:  7141 PH 2013-03-31 1610 RK4W          59  633    YT8A          59  2212
QSO:  7162 PH 2013-03-31 1613 RK4W          59  634    BY4IIG        59  402
QSO:  7166 PH 2013-03-31 1614 RK4W          59  635    LY7A          59  1154
END-OF-LOG:
