START-OF-LOG: 2.0
CATEGORY: Single-OP low
CONTEST: WAE RTTY
CALLSIGN: F6BQG
CLUB:
CLAIMED-SCORE: 9453
OPERATORS: F6BQG
CREATED-BY: N1MM Logger+ 1.0.7983.0, modified by DXHF upload.
QSO: 14069 RY 2019-11-09 1816 F6BQG         599 0001   W4PK          599 0285
QSO:  7001 RY 2019-11-09 2015 F6BQG         599 0002   TM5CQ         599 0021
QSO:  7001 RY 2019-11-09 2022 F6BQG         599 0003   N1IXF         599 0436
QSO:  7001 RY 2019-11-09 2023 F6BQG         599 0004   CR5O          599 0418
QSO:  7001 RY 2019-11-09 2025 F6BQG         599 0005   LY6A          599 0663
QSO:  7001 RY 2019-11-09 2028 F6BQG         599 0006   S51A          599 0785
QSO:  7001 RY 2019-11-09 2030 F6BQG         599 0007   EA8DED        599 0467
QSO:  7001 RY 2019-11-09 2032 F6BQG         599 0008   OH3P          599 0131
QSO:  7001 RY 2019-11-09 2033 F6BQG         599 0009   SN7Q          599 0885
QSO:  7001 RY 2019-11-09 2034 F6BQG         599 0010   IK0FMB        599 0322
QSO:  7001 RY 2019-11-09 2036 F6BQG         599 0011   YL2CI         599 0479
QSO:  7001 RY 2019-11-09 2047 F6BQG         599 0012   AB3CV         599 0410
QSO:  7001 RY 2019-11-09 2049 F6BQG         599 0013   LZ5R          599 0432
QSO:  7001 RY 2019-11-09 2052 F6BQG         599 0014   W3FIZ         599 0510
QSO:  7001 RY 2019-11-09 2054 F6BQG         599 0015   N3QE          599 0511
QSO:  7001 RY 2019-11-09 2057 F6BQG         599 0016   I4JED         599 0336
QSO:  7001 RY 2019-11-09 2100 F6BQG         599 0017   4Z5FI         599 0313
QSO:  7001 RY 2019-11-09 2107 F6BQG         599 0018   K2NV          599 0325
QSO:  7001 RY 2019-11-09 2112 F6BQG         599 0019   W3LL          599 0591
QSO:  7001 RY 2019-11-09 2115 F6BQG         599 0020   RG9A          599 0056
QSO:  7001 RY 2019-11-09 2119 F6BQG         599 0021   EV1R          599 0523
QSO:  7001 RY 2019-11-09 2128 F6BQG         599 0022   VE3UTT        599 0250
QSO:  7001 RY 2019-11-09 2135 F6BQG         599 0023   W4PK          599 0383
QSO:  7001 RY 2019-11-09 2136 F6BQG         599 0024   YO9HP         599 0587
QSO:  7001 RY 2019-11-09 2138 F6BQG         599 0025   EM0I          599 1039
QSO:  7001 RY 2019-11-09 2143 F6BQG         599 0026   SV2BXA        599 0131
QSO:  7001 RY 2019-11-09 2147 F6BQG         599 0027   P3X           599 0677
QSO:  7001 RY 2019-11-09 2151 F6BQG         599 0028   YO4NF         599 0331
QSO:  7001 RY 2019-11-09 2203 F6BQG         599 0029   IT9VCE        599 0287
QSO:  3581 RY 2019-11-09 2211 F6BQG         599 0030   DP6K          599 0070
QSO:  3581 RY 2019-11-09 2212 F6BQG         599 0031   DF8XC         599 0470
QSO:  3581 RY 2019-11-09 2213 F6BQG         599 0032   DK0IU         599 0455
QSO:  3581 RY 2019-11-09 2214 F6BQG         599 0033   ON6MX         599 0267
QSO:  3581 RY 2019-11-09 2215 F6BQG         599 0034   S53M          599 0389
QSO:  3581 RY 2019-11-09 2217 F6BQG         599 0035   TM5CQ         599 0059
QSO:  3581 RY 2019-11-09 2220 F6BQG         599 0036   RG9A          599 0157
QSO:  3581 RY 2019-11-09 2223 F6BQG         599 0037   LX1ER         599 0215
QSO:  3581 RY 2019-11-09 2225 F6BQG         599 0038   S51A          599 0894
QSO:  3581 RY 2019-11-09 2228 F6BQG         599 0039   G0HDV         599 0305
QSO:  3581 RY 2019-11-09 2229 F6BQG         599 0040   DD5A          599 0221
QSO: 14070 RY 2019-11-10 0802 F6BQG         599 0041   LY1R          599 0072
QSO: 14070 RY 2019-11-10 0803 F6BQG         599 0042   EA8DED        599 0584
QSO: 14070 RY 2019-11-10 0808 F6BQG         599 0043   RG9A          599 0562
QSO: 14070 RY 2019-11-10 0822 F6BQG         599 0044   JA6ZPR        599 0349
QSO: 14070 RY 2019-11-10 0824 F6BQG         599 0045   UT4RZ         599 0398
QSO: 14070 RY 2019-11-10 0829 F6BQG         599 0046   ES1ACS        599 0033
QSO: 14070 RY 2019-11-10 0833 F6BQG         599 0047   RK0UT         599 0267
QSO: 14070 RY 2019-11-10 0935 F6BQG         599 0048   UY5VA         599 0673
QSO: 14070 RY 2019-11-10 0937 F6BQG         599 0049   EW8DX         599 0735
QSO: 14070 RY 2019-11-10 0938 F6BQG         599 0050   IK8NBE        599 0289
QSO: 14070 RY 2019-11-10 1002 F6BQG         599 0051   SP9EZM        599 0262
QSO: 14070 RY 2019-11-10 1007 F6BQG         599 0052   SV2BFN        599 0646
QSO: 14070 RY 2019-11-10 1008 F6BQG         599 0053   RD0A          599 0660
QSO: 14070 RY 2019-11-10 1011 F6BQG         599 0054   EV1R          599 0714
QSO: 14070 RY 2019-11-10 1018 F6BQG         599 0055   VE1OP         599 0459
QSO: 14070 RY 2019-11-10 1021 F6BQG         599 0056   UT5EPP        599 0677
QSO: 21000 RY 2019-11-10 1122 F6BQG         599 0057   TC4A          599 0315
QSO:  7001 RY 2019-11-10 2035 F6BQG         599 0058   PY2NY         599 0416
QSO:  7001 RY 2019-11-10 2054 F6BQG         599 0059   RM3DA         599 0084
QSO:  7001 RY 2019-11-10 2107 F6BQG         599 0060   W2JV          599 0416
QSO:  7001 RY 2019-11-10 2115 F6BQG         599 0061   RA3Y          599 0681
QSO:  7001 RY 2019-11-10 2122 F6BQG         599 0062   HA3OU         599 0086
QSO:  7001 RY 2019-11-10 2122 F6BQG         599 0063   K1MK          599 1296
QSO:  7001 RY 2019-11-10 2127 F6BQG         599 0064   K4GMH         599 0465
QSO:  7001 RY 2019-11-10 2130 F6BQG         599 0065   UZ2I          599 1125
QSO:  7001 RY 2019-11-10 2134 F6BQG         599 0066   W9PA          599 0782
QSO:  7001 RY 2019-11-10 2137 F6BQG         599 0067   NX2X          599 0480
QSO:  7001 RY 2019-11-10 2138 F6BQG         599 0068   K4XL          599 0519
QSO:  7001 RY 2019-11-10 2158 F6BQG         599 0069   K1SM          599 0560
END-OF-LOG:
