START-OF-LOG: 3.0
CATEGORY: Single-OP low
CONTEST: WAE RTTY
CALLSIGN: UA3IHJ
CREATED-BY: UR5EQF log v.3.31-61, modified by DXHF upload.
QSO:  7043 RY 2019-11-09 0734 UA3IHJ        599 001    DF1MM         599 188
QSO:  7042 RY 2019-11-09 0735 UA3IHJ        599 002    S58Q          599 061
QSO:  7046 RY 2019-11-09 0740 UA3IHJ        599 003    PA7WW         599 034
QSO:  7047 RY 2019-11-09 0741 UA3IHJ        599 004    DK2AT         599 089
QSO:  7048 RY 2019-11-09 0742 UA3IHJ        599 005    DF8QB         599 035
QSO:  7049 RY 2019-11-09 0746 UA3IHJ        599 006    OK1RPL        599 034
QSO:  7048 RY 2019-11-09 0749 UA3IHJ        599 007    DL9FB         599 063
QSO:  7045 RY 2019-11-09 0752 UA3IHJ        599 008    HA6NL         599 107
QSO:  7043 RY 2019-11-09 0759 UA3IHJ        599 009    DK9FEC        599 060
QSO: 14079 RY 2019-11-09 0801 UA3IHJ        599 010    G4RS          599 182
QSO: 14080 RY 2019-11-09 0802 UA3IHJ        599 011    RQ7R          599 096
QSO: 14083 RY 2019-11-09 0804 UA3IHJ        599 012    YT2AAA        599 247
QSO: 14084 RY 2019-11-09 0805 UA3IHJ        599 013    RO9A          599 142
QSO: 14085 RY 2019-11-09 0806 UA3IHJ        599 014    HB9CAT        599 194
QSO: 14086 RY 2019-11-09 0809 UA3IHJ        599 015    ON5GQ         599 085
QSO: 14089 RY 2019-11-09 0810 UA3IHJ        599 016    PD2PKM        599 010
QSO: 14089 RY 2019-11-09 0811 UA3IHJ        599 017    LX7I          599 359
QSO: 14090 RY 2019-11-09 0813 UA3IHJ        599 018    SV2BFN        599 225
QSO: 14091 RY 2019-11-09 0817 UA3IHJ        599 019    7Z1SJ         599 084
QSO: 14092 RY 2019-11-09 0818 UA3IHJ        599 020    RQ9O          599 084
QSO: 14093 RY 2019-11-09 0820 UA3IHJ        599 021    DL5NAM        599 099
QSO: 14093 RY 2019-11-09 0822 UA3IHJ        599 022    RK0UT         599 145
QSO: 14095 RY 2019-11-09 0824 UA3IHJ        599 023    DD5A          599 009
QSO: 14100 RY 2019-11-09 0827 UA3IHJ        599 024    LX/PA3DUU     599 255
QSO: 14115 RY 2019-11-10 0909 UA3IHJ        599 025    YO9HP         599 804
QSO: 14113 RY 2019-11-10 0911 UA3IHJ        599 026    YO4NF         599 480
QSO: 14112 RY 2019-11-10 0913 UA3IHJ        599 027    DF4WC         599 072
QSO: 14110 RY 2019-11-10 0914 UA3IHJ        599 028    ON8AJ         599 063
QSO: 14109 RY 2019-11-10 0915 UA3IHJ        599 029    IT9VCE        599 443
QSO: 14107 RY 2019-11-10 0922 UA3IHJ        599 030    IK0GDG        599 357
QSO: 14108 RY 2019-11-10 0925 UA3IHJ        599 031    TK5MH         599 105
QSO: 14106 RY 2019-11-10 0926 UA3IHJ        599 032    IK8NBE        599 276
QSO: 14105 RY 2019-11-10 0929 UA3IHJ        599 033    IZ0KBR        599 488
QSO: 14105 RY 2019-11-10 0930 UA3IHJ        599 034    LZ1ZM         599 649
QSO: 14103 RY 2019-11-10 0933 UA3IHJ        599 035    DK6CQ         599 070
QSO: 14103 RY 2019-11-10 0935 UA3IHJ        599 036    DK8EY         599 085
QSO: 14099 RY 2019-11-10 0939 UA3IHJ        599 037    IV3XNF        599 120
QSO: 14099 RY 2019-11-10 0940 UA3IHJ        599 038    S57YK         599 216
QSO: 14094 RY 2019-11-10 0946 UA3IHJ        599 039    DP7D          599 941
QSO: 14093 RY 2019-11-10 0946 UA3IHJ        599 040    DP9A          599 1201
QSO: 14090 RY 2019-11-10 0950 UA3IHJ        599 041    F6AGM         599 1126
QSO: 14088 RY 2019-11-10 0951 UA3IHJ        599 042    IU3FBL        599 485
QSO: 14087 RY 2019-11-10 0953 UA3IHJ        599 043    UA9CTT        599 120
QSO: 14086 RY 2019-11-10 0955 UA3IHJ        599 044    Z33A          599 090
QSO: 14087 RY 2019-11-10 0956 UA3IHJ        599 045    RM0W          599 246
QSO: 14084 RY 2019-11-10 1005 UA3IHJ        599 046    DL1ARJ        599 198
QSO: 14083 RY 2019-11-10 1006 UA3IHJ        599 047    RA0ACM        599 274
QSO: 14119 RY 2019-11-10 1018 UA3IHJ        599 048    4D3X          599 168
QSO: 14116 RY 2019-11-10 1020 UA3IHJ        599 049    YO6BHN        599 397
QSO: 14118 RY 2019-11-10 1026 UA3IHJ        599 050    PB7Z          599 295
QSO: 14118 RY 2019-11-10 1027 UA3IHJ        599 051    DK9FEC        599 226
QSO: 14118 RY 2019-11-10 1028 UA3IHJ        599 052    DL2GPK        599 094
QSO: 14118 RY 2019-11-10 1029 UA3IHJ        599 053    IN3JJI        599 027
QSO: 14118 RY 2019-11-10 1029 UA3IHJ        599 054    DJ7TW         599 050
QSO: 14118 RY 2019-11-10 1030 UA3IHJ        599 055    IZ2JQP        599 068
QSO: 14118 RY 2019-11-10 1030 UA3IHJ        599 056    RA0WHE        599 141
QSO: 14118 RY 2019-11-10 1034 UA3IHJ        599 057    DL9GCG        599 121
QSO: 14118 RY 2019-11-10 1035 UA3IHJ        599 058    DM7W          599 241
QSO: 14118 RY 2019-11-10 1035 UA3IHJ        599 059    PA3DVA        599 052
QSO: 14118 RY 2019-11-10 1036 UA3IHJ        599 060    YO4BEW        599 077
QSO: 14118 RY 2019-11-10 1037 UA3IHJ        599 061    PA0VHA        599 199
QSO: 14118 RY 2019-11-10 1037 UA3IHJ        599 062    OK1KSL        599 980
QSO: 14118 RY 2019-11-10 1039 UA3IHJ        599 063    I2BZN         599 117
QSO: 14118 RY 2019-11-10 1042 UA3IHJ        599 064    PD0MHZ        599 182
QSO: 14118 RY 2019-11-10 1042 UA3IHJ        599 065    HB9CAL        599 178
QSO: 14118 RY 2019-11-10 1044 UA3IHJ        599 066    OK1PMA        599 384
QSO: 14118 RY 2019-11-10 1045 UA3IHJ        599 067    MM0CPZ        599 121
QSO: 14118 RY 2019-11-10 1046 UA3IHJ        599 068    IW1CBG        599 209
QSO: 14118 RY 2019-11-10 1046 UA3IHJ        599 069    DQ9Y          599 658
QSO: 14118 RY 2019-11-10 1048 UA3IHJ        599 070    DK6WH         599 095
QSO: 14118 RY 2019-11-10 1048 UA3IHJ        599 071    IK2BUF        599 039
QSO: 14118 RY 2019-11-10 1049 UA3IHJ        599 072    LX1HD         599 327
QSO: 14118 RY 2019-11-10 1049 UA3IHJ        599 073    IV3VBM        599 210
QSO: 14118 RY 2019-11-10 1050 UA3IHJ        599 074    DK7HA         599 464
QSO: 14118 RY 2019-11-10 1051 UA3IHJ        599 075    DL3SYA        599 611
QSO: 14118 RY 2019-11-10 1052 UA3IHJ        599 076    YO4CVV        599 088
QSO: 14118 RY 2019-11-10 1053 UA3IHJ        599 077    DF1MM         599 561
QSO: 14118 RY 2019-11-10 1055 UA3IHJ        599 078    DK6IM         599 115
QSO: 14118 RY 2019-11-10 1056 UA3IHJ        599 079    RA9AEA        599 367
QSO: 14118 RY 2019-11-10 1059 UA3IHJ        599 080    DG7RO         599 076
QSO: 14118 RY 2019-11-10 1100 UA3IHJ        599 081    DF2LH         599 205
QSO: 14118 RY 2019-11-10 1101 UA3IHJ        599 082    DG6ME         599 081
QSO: 14118 RY 2019-11-10 1101 UA3IHJ        599 083    HA5AGP        599 114
QSO: 14118 RY 2019-11-10 1103 UA3IHJ        599 084    DM4EAX        599 061
QSO: 14118 RY 2019-11-10 1104 UA3IHJ        599 085    DL9FB         599 300
QSO: 14118 RY 2019-11-10 1106 UA3IHJ        599 086    OR6AT         599 153
QSO: 14118 RY 2019-11-10 1110 UA3IHJ        599 087    OM3KWZ        599 499
QSO: 14118 RY 2019-11-10 1111 UA3IHJ        599 088    DL9NCR        599 121
QSO: 14118 RY 2019-11-10 1114 UA3IHJ        599 089    UA9FLK        599 184
QSO: 14118 RY 2019-11-10 1115 UA3IHJ        599 090    S51A          599 1164
QSO: 14118 RY 2019-11-10 1116 UA3IHJ        599 091    IK2SAR        599 264
QSO: 14118 RY 2019-11-10 1117 UA3IHJ        599 092    DJ3JD         599 203
QSO: 14118 RY 2019-11-10 1118 UA3IHJ        599 093    S53X          599 766
QSO: 14118 RY 2019-11-10 1120 UA3IHJ        599 094    DL9SEV        599 061
QSO: 14118 RY 2019-11-10 1122 UA3IHJ        599 095    PA2CVD        599 179
QSO: 14118 RY 2019-11-10 1123 UA3IHJ        599 096    DH8WR         599 422
QSO: 14116 RY 2019-11-10 1126 UA3IHJ        599 097    LZ2ZY         599 247
QSO: 14111 RY 2019-11-10 1129 UA3IHJ        599 098    OE2LCM        599 176
QSO: 14106 RY 2019-11-10 1133 UA3IHJ        599 099    DF3EH         599 065
QSO: 14090 RY 2019-11-10 1153 UA3IHJ        599 100    ON6MX         599 335
QSO: 14134 RY 2019-11-10 1343 UA3IHJ        599 101    AB3CV         599 635
QSO: 14134 RY 2019-11-10 1344 UA3IHJ        599 102    VE2FK         599 542
QSO: 14127 RY 2019-11-10 1350 UA3IHJ        599 103    IK4ZIF        599 277
QSO: 14129 RY 2019-11-10 1351 UA3IHJ        599 104    IZ7XNB        599 130
QSO: 14126 RY 2019-11-10 1355 UA3IHJ        599 105    K4WW          599 392
QSO: 14125 RY 2019-11-10 1356 UA3IHJ        599 106    F6HRP         599 462
QSO: 14124 RY 2019-11-10 1400 UA3IHJ        599 107    MW0CRI        599 409
QSO: 14123 RY 2019-11-10 1401 UA3IHJ        599 108    IV3SKB        599 613
QSO: 14121 RY 2019-11-10 1403 UA3IHJ        599 109    K1MK          599 1001
QSO: 14120 RY 2019-11-10 1407 UA3IHJ        599 110    IW3RUA        599 566
QSO: 14119 RY 2019-11-10 1409 UA3IHJ        599 111    PA7LV         599 192
QSO: 14115 RY 2019-11-10 1413 UA3IHJ        599 112    I1NVU         599 011
QSO: 14114 RY 2019-11-10 1416 UA3IHJ        599 113    W9PA          599 510
QSO: 14115 RY 2019-11-10 1417 UA3IHJ        599 114    K0KX          599 359
QSO: 14104 RY 2019-11-10 1425 UA3IHJ        599 115    HB9FKL        599 032
QSO: 14104 RY 2019-11-10 1426 UA3IHJ        599 116    ON6NL         599 565
QSO: 14095 RY 2019-11-10 1432 UA3IHJ        599 117    I4JED         599 580
QSO: 14132 RY 2019-11-10 1434 UA3IHJ        599 118    IK0FMB        599 506
QSO:  7051 RY 2019-11-10 1437 UA3IHJ        599 119    OZ4NE         599 190
QSO:  7052 RY 2019-11-10 1438 UA3IHJ        599 120    YO4NF         599 527
QSO:  7046 RY 2019-11-10 1439 UA3IHJ        599 121    S57SWR        599 027
QSO:  7045 RY 2019-11-10 1443 UA3IHJ        599 122    IW4ECF        599 150
QSO:  7042 RY 2019-11-10 1446 UA3IHJ        599 123    S55BA         599 632
QSO:  7041 RY 2019-11-10 1447 UA3IHJ        599 124    LZ1QV         599 168
QSO:  7055 RY 2019-11-10 1449 UA3IHJ        599 125    DL1QW         599 386
END-OF-LOG:
