START-OF-LOG: 3.0
CONTEST: ARRL-160
CALLSIGN: N5YT
LOCATION: MS
CATEGORY-OPERATOR: SINGLE-OP
CATEGORY-ASSISTED: ASSISTED
CATEGORY-POWER: HIGH
CATEGORY-BAND: ALL
CATEGORY-MODE: CW
CATEGORY-TRANSMITTER: ONE
CATEGORY-STATION: FIXED
OPERATORS: N5YT
CLUB: 599 DX Association
CREATED-BY: N1MM LOGGER+ 1.0.10090.0
HQ-CATEGORY: Single Operator Unlimited, High Power
HQ-GRID-LOCATOR: EM51GD
QSO: 1821 CW 2023-12-01 2208 N5YT 599 MS K3MM 599 MDC
QSO: 1813 CW 2023-12-01 2208 N5YT 599 MS WF2W 599 WNY
QSO: 1811 CW 2023-12-01 2209 N5YT 599 MS WB8JUI 599 OH
QSO: 1821 CW 2023-12-01 2211 N5YT 599 MS N9TTK 599 IN
QSO: 1823 CW 2023-12-01 2213 N5YT 599 MS N1LN 599 NC
QSO: 1825 CW 2023-12-01 2213 N5YT 599 MS W9RE 599 IN
QSO: 1840 CW 2023-12-01 2342 N5YT 599 MS N3QE 599 MDC
QSO: 1835 CW 2023-12-01 2343 N5YT 599 MS N0TT 599 MO
QSO: 1811 CW 2023-12-01 2343 N5YT 599 MS HQ9X 599
QSO: 1812 CW 2023-12-01 2344 N5YT 599 MS W2GD 599 SNJ
QSO: 1813 CW 2023-12-01 2345 N5YT 599 MS K3CCR 599 MDC
QSO: 1819 CW 2023-12-01 2346 N5YT 599 MS W4TA 599 WCF
QSO: 1823 CW 2023-12-01 2348 N5YT 599 MS VE3MGY 599 ONS
QSO: 1824 CW 2023-12-01 2348 N5YT 599 MS NP2X 599 VI
QSO: 1827 CW 2023-12-01 2349 N5YT 599 MS K5CM 599 OK
QSO: 1829 CW 2023-12-01 2349 N5YT 599 MS K3ZM 599 VA
QSO: 1830 CW 2023-12-01 2350 N5YT 599 MS K9CT 599 IL
QSO: 1831 CW 2023-12-01 2350 N5YT 599 MS AA1K 599 DE
QSO: 1831 CW 2023-12-01 2350 N5YT 599 MS PJ2T 599
QSO: 1831 CW 2023-12-01 2351 N5YT 599 MS K8AC 599 NC
QSO: 1832 CW 2023-12-01 2352 N5YT 599 MS K0ZR 599 VA
QSO: 1836 CW 2023-12-01 2352 N5YT 599 MS K3AJ 599 MDC
QSO: 1838 CW 2023-12-01 2353 N5YT 599 MS KI9A 599 IL
QSO: 1839 CW 2023-12-01 2353 N5YT 599 MS W4CB 599 VA
QSO: 1841 CW 2023-12-01 2354 N5YT 599 MS WA1FCN 599 AL
QSO: 1843 CW 2023-12-01 2355 N5YT 599 MS W0UO 599 NTX
QSO: 1849 CW 2023-12-01 2357 N5YT 599 MS KB9OWD 599 WI
QSO: 1819 CW 2023-12-01 2359 N5YT 599 MS N0AV 599 IA
QSO: 1820 CW 2023-12-02 0000 N5YT 599 MS NO9E 599 GA
QSO: 1822 CW 2023-12-02 0000 N5YT 599 MS AD4EB 599 TN
QSO: 1823 CW 2023-12-02 0001 N5YT 599 MS NN7CW 599 NFL
QSO: 1818 CW 2023-12-02 0003 N5YT 599 MS N3CW 599 VA
QSO: 1818 CW 2023-12-02 0004 N5YT 599 MS N4WE 599 AL
QSO: 1818 CW 2023-12-02 0004 N5YT 599 MS K4HA 599 NC
QSO: 1818 CW 2023-12-02 0005 N5YT 599 MS K3OO 599 EPA
QSO: 1818 CW 2023-12-02 0005 N5YT 599 MS N4IQ 599 SC
QSO: 1818 CW 2023-12-02 0006 N5YT 599 MS K4EA 599 GA
QSO: 1821 CW 2023-12-02 0010 N5YT 599 MS W8MJ 599 MI
QSO: 1818 CW 2023-12-02 0011 N5YT 599 MS NA8V 599 MI
QSO: 1817 CW 2023-12-02 0012 N5YT 599 MS AC9S 599 IL
QSO: 1815 CW 2023-12-02 0016 N5YT 599 MS K4TCG 599 TN
QSO: 1827 CW 2023-12-02 0036 N5YT 599 MS N0NI 599 IA
QSO: 1835 CW 2023-12-02 0037 N5YT 599 MS VA3AR 599 GH
QSO: 1850 CW 2023-12-02 0038 N5YT 599 MS N8OO 599 LA
QSO: 1856 CW 2023-12-02 0040 N5YT 599 MS N3HEE 599 SC
QSO: 1847 CW 2023-12-02 0040 N5YT 599 MS VE3VN 599 ONE
QSO: 1830 CW 2023-12-02 0041 N5YT 599 MS NS4T 599 GA
QSO: 1818 CW 2023-12-02 0043 N5YT 599 MS K5EK 599 NC
QSO: 1829 CW 2023-12-02 0044 N5YT 599 MS K1LT 599 OH
QSO: 1839 CW 2023-12-02 0045 N5YT 599 MS N5IF 599 NTX
QSO: 1844 CW 2023-12-02 0046 N5YT 599 MS N5OT 599 OK
QSO: 1845 CW 2023-12-02 0046 N5YT 599 MS N4HB 599 VA
QSO: 1846 CW 2023-12-02 0047 N5YT 599 MS KT4XA 599 AL
QSO: 1848 CW 2023-12-02 0047 N5YT 599 MS KG9N 599 IL
QSO: 1841 CW 2023-12-02 0048 N5YT 599 MS W5XX 599 MS
QSO: 1848 CW 2023-12-02 0246 N5YT 599 MS K9MA 599 WI
QSO: 1846 CW 2023-12-02 0247 N5YT 599 MS ND8D 599 OH
QSO: 1845 CW 2023-12-02 0247 N5YT 599 MS KG9X 599 IL
QSO: 1844 CW 2023-12-02 0248 N5YT 599 MS KK0U 599 MO
QSO: 1835 CW 2023-12-02 0249 N5YT 599 MS AG3I 599 WPA
QSO: 1830 CW 2023-12-02 0303 N5YT 599 MS ZF2VE 599
QSO: 1825 CW 2023-12-02 0305 N5YT 599 MS N8CC 599 MI
QSO: 1825 CW 2023-12-02 0306 N5YT 599 MS N2RC 599 ENY
QSO: 1825 CW 2023-12-02 0306 N5YT 599 MS W8FJ 599 EPA
QSO: 1825 CW 2023-12-02 0307 N5YT 599 MS K5MR 599 NTX
QSO: 1825 CW 2023-12-02 0307 N5YT 599 MS K5WK 599 MS
QSO: 1825 CW 2023-12-02 0308 N5YT 599 MS N9LQ 599 IL
QSO: 1825 CW 2023-12-02 0308 N5YT 599 MS N2QT 599 VA
QSO: 1825 CW 2023-12-02 0310 N5YT 599 MS K8LX 599 MI
QSO: 1825 CW 2023-12-02 0311 N5YT 599 MS NN3Q 599 EPA
QSO: 1825 CW 2023-12-02 0312 N5YT 599 MS AD4TA 599 KY
QSO: 1825 CW 2023-12-02 0314 N5YT 599 MS N8ECI 599 OH
QSO: 1825 CW 2023-12-02 0314 N5YT 599 MS K5XU 599 MS
QSO: 1825 CW 2023-12-02 0314 N5YT 599 MS WE5P 599 KY
QSO: 1825 CW 2023-12-02 0315 N5YT 599 MS N9CO 599 IL
QSO: 1825 CW 2023-12-02 0317 N5YT 599 MS K5RX 599 NTX
QSO: 1825 CW 2023-12-02 0319 N5YT 599 MS WB0SND 599 MO
QSO: 1825 CW 2023-12-02 0319 N5YT 599 MS W5TEN 599 STX
QSO: 1825 CW 2023-12-02 0319 N5YT 599 MS N5WNG 599 NTX
QSO: 1817 CW 2023-12-02 0325 N5YT 599 MS AA4CF 599 GA
QSO: 1823 CW 2023-12-02 0327 N5YT 599 MS N6AR 599 NFL
QSO: 1826 CW 2023-12-02 0328 N5YT 599 MS K3SV 599 WCF
QSO: 1850 CW 2023-12-02 0330 N5YT 599 MS NA7TB 599 AZ
QSO: 1825 CW 2023-12-02 0332 N5YT 599 MS WA8NLX 599 SC
QSO: 1825 CW 2023-12-02 0333 N5YT 599 MS W9TC 599 IN
QSO: 1825 CW 2023-12-02 0333 N5YT 599 MS N0UI 599 MO
QSO: 1825 CW 2023-12-02 0335 N5YT 599 MS WA2CP 599 NLI
QSO: 1825 CW 2023-12-02 0336 N5YT 599 MS NC0B 599 CO
QSO: 1816 CW 2023-12-02 0338 N5YT 599 MS K2AV 599 NC
QSO: 1814 CW 2023-12-02 0343 N5YT 599 MS W4DAN 599 TN
QSO: 1840 CW 2023-12-02 0345 N5YT 599 MS K3IE 599 TN
QSO: 1814 CW 2023-12-02 0416 N5YT 599 MS N5KWN 599 STX
QSO: 1816 CW 2023-12-02 0417 N5YT 599 MS K9BGL 599 IL
QSO: 1839 CW 2023-12-02 0420 N5YT 599 MS K5TR 599 STX
QSO: 1822 CW 2023-12-02 0421 N5YT 599 MS KY4ID 599 SC
QSO: 1811 CW 2023-12-02 2222 N5YT 599 MS AB3CX 599 WNY
QSO: 1829 CW 2023-12-02 2223 N5YT 599 MS WO4O 599 NFL
QSO: 1833 CW 2023-12-02 2224 N5YT 599 MS KW4CW 599 VA
QSO: 1832 CW 2023-12-02 2225 N5YT 599 MS VE3DZ 599 GH
QSO: 1817 CW 2023-12-02 2226 N5YT 599 MS KF3B 599 EPA
QSO: 1812 CW 2023-12-02 2227 N5YT 599 MS W0PR 599 MN
QSO: 1810 CW 2023-12-02 2228 N5YT 599 MS N9SE 599 IN
QSO: 1817 CW 2023-12-02 2229 N5YT 599 MS KK9V 599 IN
QSO: 1827 CW 2023-12-02 2230 N5YT 599 MS K9MMS 599 IL
QSO: 1835 CW 2023-12-02 2231 N5YT 599 MS N3IQ 599 MDC
QSO: 1821 CW 2023-12-02 2231 N5YT 599 MS NR4M 599 VA
QSO: 1811 CW 2023-12-02 2232 N5YT 599 MS W0AIH 599 WI
QSO: 1834 CW 2023-12-02 2233 N5YT 599 MS KP4AA 599 PR
QSO: 1845 CW 2023-12-02 2244 N5YT 599 MS VA3DF 599 ONS
QSO: 1850 CW 2023-12-02 2245 N5YT 599 MS K8BL 599 OH
QSO: 1834 CW 2023-12-02 2245 N5YT 599 MS N5RZ 599 STX
QSO: 1826 CW 2023-12-02 2300 N5YT 599 MS K8FH 599 OH
QSO: 1823 CW 2023-12-02 2302 N5YT 599 MS VE3EJ 599 GH
QSO: 1824 CW 2023-12-02 2302 N5YT 599 MS KW8N 599 OH
QSO: 1834 CW 2023-12-02 2303 N5YT 599 MS K4XL 599 VA
QSO: 1836 CW 2023-12-02 2304 N5YT 599 MS K8ZR 599 OH
QSO: 1840 CW 2023-12-02 2305 N5YT 599 MS NO8C 599 OH
QSO: 1847 CW 2023-12-02 2305 N5YT 599 MS N5EE 599 AR
QSO: 1839 CW 2023-12-02 2308 N5YT 599 MS N6NT 599 NC
QSO: 1822 CW 2023-12-02 2312 N5YT 599 MS WD8DSB 599 IN
QSO: 1843 CW 2023-12-02 2313 N5YT 599 MS N9TF 599 TN
QSO: 1848 CW 2023-12-02 2315 N5YT 599 MS W4TG 599 VA
QSO: 1838 CW 2023-12-02 2317 N5YT 599 MS K7RB 599 NC
QSO: 1816 CW 2023-12-02 2322 N5YT 599 MS N5UE 599 MS
QSO: 1816 CW 2023-12-02 2323 N5YT 599 MS AC4G 599 TN
QSO: 1816 CW 2023-12-02 2323 N5YT 599 MS N2BJ 599 IL
QSO: 1816 CW 2023-12-02 2324 N5YT 599 MS W5TM 599 OK
QSO: 1816 CW 2023-12-02 2326 N5YT 599 MS W8FIB 599 IN
QSO: 1830 CW 2023-12-02 2328 N5YT 599 MS N2MF 599 WNY
QSO: 1832 CW 2023-12-02 2329 N5YT 599 MS N4DJ 599 VA
QSO: 1833 CW 2023-12-02 2329 N5YT 599 MS K1KD 599 MN
QSO: 1841 CW 2023-12-02 2330 N5YT 599 MS K3MD 599 EPA
QSO: 1843 CW 2023-12-02 2331 N5YT 599 MS K2NV 599 WNY
QSO: 1844 CW 2023-12-02 2332 N5YT 599 MS K8MP 599 OH
QSO: 1851 CW 2023-12-02 2333 N5YT 599 MS WQ5L 599 MS
QSO: 1821 CW 2023-12-02 2334 N5YT 599 MS XE2X 599
QSO: 1816 CW 2023-12-02 2336 N5YT 599 MS KG5OA 599 NTX
QSO: 1816 CW 2023-12-02 2337 N5YT 599 MS WN9O 599 IN
QSO: 1816 CW 2023-12-02 2337 N5YT 599 MS NE8P 599 NFL
QSO: 1816 CW 2023-12-02 2338 N5YT 599 MS N7US 599 IL
QSO: 1816 CW 2023-12-02 2339 N5YT 599 MS KT3T 599 WCF
QSO: 1816 CW 2023-12-02 2339 N5YT 599 MS K5TIA 599 STX
QSO: 1816 CW 2023-12-02 2339 N5YT 599 MS W2TB 599 WNY
QSO: 1816 CW 2023-12-02 2340 N5YT 599 MS KK9DX 599 TN
QSO: 1816 CW 2023-12-02 2340 N5YT 599 MS N3AM 599 MDC
QSO: 1816 CW 2023-12-02 2340 N5YT 599 MS VE3VV 599 ONS
QSO: 1816 CW 2023-12-02 2341 N5YT 599 MS AE2DX 599 NFL
QSO: 1816 CW 2023-12-02 2342 N5YT 599 MS NR0P 599 KS
QSO: 1816 CW 2023-12-02 2342 N5YT 599 MS K5LJ 599 STX
QSO: 1816 CW 2023-12-02 2343 N5YT 599 MS W1EG 599 TN
QSO: 1816 CW 2023-12-02 2343 N5YT 599 MS K5UR 599 AR
QSO: 1816 CW 2023-12-02 2343 N5YT 599 MS ND4Y 599 KY
QSO: 1816 CW 2023-12-02 2344 N5YT 599 MS KA8CNI 599 OH
QSO: 1816 CW 2023-12-02 2344 N5YT 599 MS N6FS 599 MI
QSO: 1816 CW 2023-12-02 2344 N5YT 599 MS AA4DD 599 TN
QSO: 1816 CW 2023-12-02 2345 N5YT 599 MS AG4Q 599 MDC
QSO: 1816 CW 2023-12-02 2345 N5YT 599 MS N3AC 599 VA
QSO: 1843 CW 2023-12-02 2355 N5YT 599 MS NY3B 599 EPA
QSO: 1839 CW 2023-12-03 0139 N5YT 599 MS K3TEJ 599 EPA
QSO: 1826 CW 2023-12-03 0139 N5YT 599 MS N8II 599 WV
QSO: 1829 CW 2023-12-03 0140 N5YT 599 MS N4BP 599 SFL
QSO: 1847 CW 2023-12-03 0140 N5YT 599 MS VA2WA 599 QC
QSO: 1834 CW 2023-12-03 0142 N5YT 599 MS K1DG 599 ME
QSO: 1813 CW 2023-12-03 0143 N5YT 599 MS K5TS 599 LA
QSO: 1815 CW 2023-12-03 0143 N5YT 599 MS WK9M 599 TN
QSO: 1813 CW 2023-12-03 0144 N5YT 599 MS W9KM 599 IL
QSO: 1836 CW 2023-12-03 0148 N5YT 599 MS K3UL 599 EPA
QSO: 1847 CW 2023-12-03 0149 N5YT 599 MS KB1EFS/2 599 NNJ
QSO: 1855 CW 2023-12-03 0151 N5YT 599 MS NC3Y 599 MDC
QSO: 1850 CW 2023-12-03 0153 N5YT 599 MS K8NVR 599 OH
QSO: 1839 CW 2023-12-03 0154 N5YT 599 MS W4NF 599 VA
QSO: 1816 CW 2023-12-03 0155 N5YT 599 MS N3RD 599 EPA
QSO: 1816 CW 2023-12-03 0233 N5YT 599 MS N4AF 599 NC
QSO: 1814 CW 2023-12-03 0233 N5YT 599 MS N3BB 599 STX
QSO: 1824 CW 2023-12-03 0236 N5YT 599 MS W0PF 599 MO
QSO: 1824 CW 2023-12-03 0238 N5YT 599 MS K4PQC 599 GA
QSO: 1824 CW 2023-12-03 0238 N5YT 599 MS NE9U 599 WI
QSO: 1824 CW 2023-12-03 0238 N5YT 599 MS W9AV 599 WI
QSO: 1824 CW 2023-12-03 0239 N5YT 599 MS WJ5K 599 MS
QSO: 1824 CW 2023-12-03 0239 N5YT 599 MS KI0I 599 MO
QSO: 1824 CW 2023-12-03 0239 N5YT 599 MS W3IP 599 VA
QSO: 1824 CW 2023-12-03 0241 N5YT 599 MS WJ9B 599 NFL
QSO: 1824 CW 2023-12-03 0241 N5YT 599 MS WB8BZK 599 IL
QSO: 1824 CW 2023-12-03 0242 N5YT 599 MS N2QT 599 VA
QSO: 1824 CW 2023-12-03 0242 N5YT 599 MS W0PV 599 WCF
QSO: 1824 CW 2023-12-03 0242 N5YT 599 MS K4BX 599 TN
QSO: 1824 CW 2023-12-03 0243 N5YT 599 MS K4EA 599 GA
QSO: 1824 CW 2023-12-03 0243 N5YT 599 MS K0RC 599 MN
QSO: 1824 CW 2023-12-03 0244 N5YT 599 MS AI6O 599 MO
QSO: 1824 CW 2023-12-03 0245 N5YT 599 MS WI9C 599 IL
QSO: 1824 CW 2023-12-03 0245 N5YT 599 MS KB8NNU 599 MI
QSO: 1824 CW 2023-12-03 0246 N5YT 599 MS KY0Q 599 IL
QSO: 1824 CW 2023-12-03 0247 N5YT 599 MS K0JJR 599 MN
QSO: 1824 CW 2023-12-03 0248 N5YT 599 MS N0MH 599 KY
QSO: 1824 CW 2023-12-03 0249 N5YT 599 MS N8LJ 599 MI
QSO: 1824 CW 2023-12-03 0249 N5YT 599 MS N8CWU 599 OH
QSO: 1824 CW 2023-12-03 0250 N5YT 599 MS WE9R 599 WI
QSO: 1824 CW 2023-12-03 0250 N5YT 599 MS NF8M 599 MI
QSO: 1824 CW 2023-12-03 0250 N5YT 599 MS W5DM 599 AR
QSO: 1824 CW 2023-12-03 0251 N5YT 599 MS KX4X 599 AL
QSO: 1824 CW 2023-12-03 0251 N5YT 599 MS WA4APB 599 VA
QSO: 1824 CW 2023-12-03 0251 N5YT 599 MS K2LNS 599 EPA
QSO: 1824 CW 2023-12-03 0252 N5YT 599 MS KG9V 599 WI
QSO: 1824 CW 2023-12-03 0252 N5YT 599 MS W0PMO 599 MN
QSO: 1824 CW 2023-12-03 0253 N5YT 599 MS K0VR 599 MN
QSO: 1824 CW 2023-12-03 0254 N5YT 599 MS VE3JZT 599 ONS
QSO: 1824 CW 2023-12-03 0255 N5YT 599 MS KN2T 599 SNJ
QSO: 1819 CW 2023-12-03 0255 N5YT 599 MS W7IY 599 VA
QSO: 1819 CW 2023-12-03 0256 N5YT 599 MS N2RD 599 WNY
QSO: 1819 CW 2023-12-03 0256 N5YT 599 MS NS3T 599 MDC
QSO: 1819 CW 2023-12-03 0257 N5YT 599 MS WA8UPB 599 MI
QSO: 1819 CW 2023-12-03 0257 N5YT 599 MS W2MKM 599 NNJ
QSO: 1819 CW 2023-12-03 0258 N5YT 599 MS WD4OHD 599 TN
QSO: 1819 CW 2023-12-03 0259 N5YT 599 MS NY1V 599 IN
QSO: 1819 CW 2023-12-03 0259 N5YT 599 MS AK3B 599 MDC
QSO: 1819 CW 2023-12-03 0300 N5YT 599 MS AA2EQ 599 WNY
QSO: 1819 CW 2023-12-03 0300 N5YT 599 MS KB8O 599 OH
QSO: 1819 CW 2023-12-03 0300 N5YT 599 MS K2AX 599 SNJ
QSO: 1819 CW 2023-12-03 0301 N5YT 599 MS KE8PX 599 OH
QSO: 1819 CW 2023-12-03 0301 N5YT 599 MS N0AX 599 MO
QSO: 1819 CW 2023-12-03 0302 N5YT 599 MS AF4PX 599 GA
QSO: 1819 CW 2023-12-03 0302 N5YT 599 MS W8EH 599 OH
QSO: 1819 CW 2023-12-03 0303 N5YT 599 MS WA9LEY 599 IL
QSO: 1819 CW 2023-12-03 0304 N5YT 599 MS W8LVN 599 IL
QSO: 1819 CW 2023-12-03 0305 N5YT 599 MS NX6T 599 ORG
QSO: 1819 CW 2023-12-03 0305 N5YT 599 MS KC9K 599 IL
QSO: 1819 CW 2023-12-03 0305 N5YT 599 MS W7II 599 IA
QSO: 1819 CW 2023-12-03 0306 N5YT 599 MS W0ELT 599 WI
QSO: 1819 CW 2023-12-03 0306 N5YT 599 MS WA1X 599 OH
QSO: 1819 CW 2023-12-03 0308 N5YT 599 MS WB8TDG 599 OH
QSO: 1819 CW 2023-12-03 0308 N5YT 599 MS KE3K 599 MI
QSO: 1818 CW 2023-12-03 0310 N5YT 599 MS NM2O 599 NNY
QSO: 1847 CW 2023-12-03 0311 N5YT 599 MS K1ZK 599 VT
QSO: 1830 CW 2023-12-03 0312 N5YT 599 MS TI7W 599
QSO: 1812 CW 2023-12-03 0315 N5YT 599 MS N0UR 599 MN
QSO: 1814 CW 2023-12-03 0317 N5YT 599 MS W9XG 599 IL
QSO: 1841 CW 2023-12-03 0320 N5YT 599 MS K2QO 599 WNY
QSO: 1847 CW 2023-12-03 0321 N5YT 599 MS KX9RT 599 WI
QSO: 1848 CW 2023-12-03 0321 N5YT 599 MS K3TC 599 MDC
QSO: 1852 CW 2023-12-03 0322 N5YT 599 MS WA5SOG 599 AR
QSO: 1852 CW 2023-12-03 0322 N5YT 599 MS W4JM 599 SC
QSO: 1853 CW 2023-12-03 0324 N5YT 599 MS W1IBQ 599 GA
QSO: 1854 CW 2023-12-03 0325 N5YT 599 MS N3CKI 599 NC
QSO: 1866 CW 2023-12-03 0326 N5YT 599 MS KA9VVQ 599 WI
QSO: 1810 CW 2023-12-03 0326 N5YT 599 MS W4PM 599 VA
QSO: 1815 CW 2023-12-03 0327 N5YT 599 MS WA4JUK 599 VA
QSO: 1818 CW 2023-12-03 0330 N5YT 599 MS K8BB 599 MI
QSO: 1818 CW 2023-12-03 0330 N5YT 599 MS N2HMM 599 NNJ
QSO: 1818 CW 2023-12-03 0331 N5YT 599 MS WB0TEV 599 NTX
QSO: 1818 CW 2023-12-03 0331 N5YT 599 MS K8PK 599 OH
QSO: 1818 CW 2023-12-03 0332 N5YT 599 MS WB0CHS 599 IA
QSO: 1818 CW 2023-12-03 0333 N5YT 599 MS N3FB 599 WPA
QSO: 1818 CW 2023-12-03 0334 N5YT 599 MS N6MA 599 TN
QSO: 1818 CW 2023-12-03 0334 N5YT 599 MS W5ZG 599 STX
QSO: 1818 CW 2023-12-03 0335 N5YT 599 MS KF9D 599 IL
QSO: 1824 CW 2023-12-03 0420 N5YT 599 MS P40L 599
QSO: 1810 CW 2023-12-03 0421 N5YT 599 MS K1GU 599 TN
QSO: 1823 CW 2023-12-03 0426 N5YT 599 MS WA2VYA 599 STX
QSO: 1823 CW 2023-12-03 0431 N5YT 599 MS AJ1G/M 599 CT
QSO: 1823 CW 2023-12-03 0431 N5YT 599 MS N5TJ 599 STX
QSO: 1823 CW 2023-12-03 0432 N5YT 599 MS K9WX 599 IN
QSO: 1823 CW 2023-12-03 0435 N5YT 599 MS N5XE 599 OK
QSO: 1823 CW 2023-12-03 0435 N5YT 599 MS W9ILY 599 IL
QSO: 1823 CW 2023-12-03 0435 N5YT 599 MS N3AD 599 EPA
QSO: 1817 CW 2023-12-03 0437 N5YT 599 MS WB5VZL 599 STX
QSO: 1819 CW 2023-12-03 0437 N5YT 599 MS K9AY 599 WI
QSO: 1852 CW 2023-12-03 0440 N5YT 599 MS KC4WQ 599 KY
QSO: 1853 CW 2023-12-03 0441 N5YT 599 MS WA9LKF 599 IL
QSO: 1855 CW 2023-12-03 0441 N5YT 599 MS K0AP 599 KS
QSO: 1839 CW 2023-12-03 0444 N5YT 599 MS KM5L 599 NTX
QSO: 1837 CW 2023-12-03 0445 N5YT 599 MS WT9Q 599 WI
QSO: 1828 CW 2023-12-03 0447 N5YT 599 MS N9RV 599 MT
QSO: 1826 CW 2023-12-03 0448 N5YT 599 MS W8WTS 599 OH
END-OF-LOG: