START-OF-LOG: 3.0
CREATED-BY: vhfmanager-downloader
CONTEST: ZRS majsko UKV tekmovanje - Official results - VHFManager
CALLSIGN: IQ1KW
CATEGORY: 24 GHz - checklog
CATEGORY-OPERATOR: SINGLE-OP
CATEGORY-ASSISTED: NON-ASSISTED
CATEGORY-TRANSMITTER: ONE
CATEGORY-STATION: FIXED
QSO: 24000000 PH 2025-05-03 1402 IQ1KW         59  1 JN34OP   I1DDS         59  1 JN35WC  
QSO: 24000000 PH 2025-05-03 1516 IQ1KW         59  2 JN34OP   I1GPE         59  1 JN45AN  
QSO: 24000000 PH 2025-05-03 1524 IQ1KW         59  3 JN34OP   IZ2DJP        59  1 JN55EO  
QSO: 24000000 PH 2025-05-03 1525 IQ1KW         59  4 JN34OP   IZ2FLY        59  1 JN55EO  
QSO: 24000000 PH 2025-05-03 1525 IQ1KW         59  5 JN34OP   IK2UJS        59  1 JN55EO  
QSO: 24000000 PH 2025-05-03 1544 IQ1KW         599 6 JN34OP   DK3SE         559 1 JN37UP  
QSO: 24000000 PH 2025-05-03 2010 IQ1KW         59  7 JN34OP   IW1CKM        59  1 JN44HV  
QSO: 24000000 PH 2025-05-04 0535 IQ1KW         59  8 JN34OP   IZ1OTT        59  1 JN35UA  
QSO: 24000000 PH 2025-05-04 0710 IQ1KW         59  9 JN34OP   IZ1ERR        59  1 JN35UI  
QSO: 24000000 PH 2025-05-04 0810 IQ1KW         59  10 JN34OP  I1TEX         59  1 JN35SA  
END-OF-LOG:
