START-OF-LOG: 3.0
CONTEST: CQ-WW-SSB
CALLSIGN: KK2B
LOCATION: WNY
CATEGORY-OPERATOR: SINGLE-OP
CATEGORY-ASSISTED: NON-ASSISTED
CATEGORY-BAND: ALL
CATEGORY-POWER: LOW
CATEGORY-MODE: SSB
CATEGORY-TRANSMITTER: ONE
CATEGORY-STATION: FIXED
CATEGORY-OVERLAY: CLASSIC
GRID-LOCATOR: FN23jb
CLAIMED-SCORE: 66010
NAME: Ed Kobos
OPERATORS: KK2B
CLUB: UTICA AMATEUR RADIO CLUB
CREATED-BY: N3FJP's CQ WW DX Contest Log 6.0.6
QSO:   14000 PH 2025-10-25 0011 KK2B             59  05    OH5Z             59   15      1
QSO:   14000 PH 2025-10-25 0012 KK2B             59  05    VE7WO            59   03      1
QSO:   14000 PH 2025-10-25 0014 KK2B             59  05    ED1R             59   14      1
QSO:   14000 PH 2025-10-25 0027 KK2B             59  05    WP3C             59   08      1
QSO:   14000 PH 2025-10-25 0030 KK2B             59  05    YU2SM            59   15      1
QSO:   14000 PH 2025-10-25 0042 KK2B             59  05    SK3W             59   14      1
QSO:    7000 PH 2025-10-25 0105 KK2B             59  05    EI7M             59   14      1
QSO:    7000 PH 2025-10-25 0106 KK2B             59  05    W4NF             59   05      1
QSO:    7000 PH 2025-10-25 0110 KK2B             59  05    IO8V             59   15      1
QSO:    7000 PH 2025-10-25 0113 KK2B             59  05    IP4X             59   15      1
QSO:    7000 PH 2025-10-25 0115 KK2B             59  05    T70A             59   15      1
QSO:    7000 PH 2025-10-25 0116 KK2B             59  05    OT2A             59   14      1
QSO:    7000 PH 2025-10-25 0120 KK2B             59  05    YU5A             59   15      1
QSO:    7000 PH 2025-10-25 0127 KK2B             59  05    CR6P             59   14      1
QSO:   21000 PH 2025-10-25 0129 KK2B             59  05    N7DD             59   03      1
QSO:   21000 PH 2025-10-25 0133 KK2B             59  05    KH6J             59   31      1
QSO:   21000 PH 2025-10-25 0143 KK2B             59  05    AH2R             59   27      1
QSO:    7000 PH 2025-10-25 0158 KK2B             59  05    9A7A             59   15      1
QSO:    7000 PH 2025-10-25 0305 KK2B             59  05    VY2DS            59   05      1
QSO:    7000 PH 2025-10-25 0307 KK2B             59  05    KP4PR            59   08      1
QSO:    7000 PH 2025-10-25 0312 KK2B             59  05    PJ2T             59   09      1
QSO:    7000 PH 2025-10-25 0314 KK2B             59  05    CQ9A             59   33      1
QSO:    7000 PH 2025-10-25 0317 KK2B             59  05    TM0R             59   14      1
QSO:    7000 PH 2025-10-25 0319 KK2B             59  05    IP4M             59   15      1
QSO:    7000 PH 2025-10-25 0329 KK2B             59  05    WP3C             59   08      1
QSO:   21000 PH 2025-10-25 1601 KK2B             59  05    OG3B             59   15      1
QSO:   21000 PH 2025-10-25 1602 KK2B             59  05    F4DNW            59   14      1
QSO:   21000 PH 2025-10-25 1611 KK2B             59  05    OG8M             59   15      1
QSO:   21000 PH 2025-10-25 1612 KK2B             59  05    J62K             59   08      1
QSO:   21000 PH 2025-10-25 1615 KK2B             59  05    SN5X             59   15      1
QSO:   21000 PH 2025-10-25 1618 KK2B             59  05    IT9STX           59   15      1
QSO:   21000 PH 2025-10-25 1620 KK2B             59  05    PJ6Y             59   08      1
QSO:   21000 PH 2025-10-25 1621 KK2B             59  05    SJ2W             59   14      1
QSO:   21000 PH 2025-10-25 1623 KK2B             59  05    GM2V             59   14      1
QSO:   21000 PH 2025-10-25 1629 KK2B             59  05    EE1G             59   14      1
QSO:   21000 PH 2025-10-25 1632 KK2B             59  05    9A6KX            59   15      1
QSO:   21000 PH 2025-10-25 1634 KK2B             59  05    OH5Z             59   15      1
QSO:   21000 PH 2025-10-25 1636 KK2B             59  05    CR5T             59   14      1
QSO:   21000 PH 2025-10-25 1638 KK2B             59  05    II2S             59   15      1
QSO:   21000 PH 2025-10-25 1640 KK2B             59  05    S50K             59   15      1
QSO:   21000 PH 2025-10-25 1643 KK2B             59  05    DL4ZA            59   14      1
QSO:   21000 PH 2025-10-25 1652 KK2B             59  05    K9CT             59   04      1
QSO:   21000 PH 2025-10-25 1659 KK2B             59  05    TA4A             59   20      1
QSO:   21000 PH 2025-10-25 1703 KK2B             59  05    II2L             59   15      1
QSO:   21000 PH 2025-10-25 1704 KK2B             59  05    VE7SAR           59   03      1
QSO:   21000 PH 2025-10-25 1705 KK2B             59  05    CT7BJG           59   14      1
QSO:   21000 PH 2025-10-25 1709 KK2B             59  05    YP8T             59   20      1
QSO:   21000 PH 2025-10-25 1711 KK2B             59  05    KP4PR            59   08      1
QSO:   21000 PH 2025-10-25 1715 KK2B             59  05    ER4A             59   16      1
QSO:   21000 PH 2025-10-25 1717 KK2B             59  05    DP6T             59   14      1
QSO:   21000 PH 2025-10-25 1720 KK2B             59  05    S53M             59   15      1
QSO:   21000 PH 2025-10-25 1723 KK2B             59  05    LZ9W             59   20      1
QSO:   21000 PH 2025-10-25 1726 KK2B             59  05    SK3W             59   14      1
QSO:   21000 PH 2025-10-25 1730 KK2B             59  05    RU1A             59   16      1
QSO:   28000 PH 2025-10-25 1917 KK2B             59  05    KL1JP            59   01      1
QSO:   28000 PH 2025-10-25 1923 KK2B             59  05    EF8R             59   33      1
QSO:   28000 PH 2025-10-25 1926 KK2B             59  05    V26B             59   08      1
QSO:   28000 PH 2025-10-25 1929 KK2B             59  05    KP2M             59   08      1
QSO:   28000 PH 2025-10-25 1931 KK2B             59  05    PY2HT            59   11      1
QSO:   28000 PH 2025-10-25 1933 KK2B             59  05    PV2G             59   11      1
QSO:   28000 PH 2025-10-25 1938 KK2B             59  05    CR6K             59   14      1
QSO:   28000 PH 2025-10-25 1941 KK2B             59  05    HP1XV            59   07      1
QSO:   28000 PH 2025-10-25 1943 KK2B             59  05    V47T             59   08      1
QSO:   28000 PH 2025-10-25 1945 KK2B             59  05    VE4VT            59   04      1
QSO:   28000 PH 2025-10-25 2003 KK2B             59  05    ED8G             59   33      1
QSO:   28000 PH 2025-10-25 2005 KK2B             59  05    PR2R             59   11      1
QSO:   28000 PH 2025-10-25 2006 KK2B             59  05    VK1A             59   30      1
QSO:   28000 PH 2025-10-25 2009 KK2B             59  05    CR3A             59   33      1
QSO:   28000 PH 2025-10-25 2012 KK2B             59  05    PJ6Y             59   08      1
QSO:   28000 PH 2025-10-25 2020 KK2B             59  05    CE2LE            59   12      1
QSO:   28000 PH 2025-10-25 2028 KK2B             59  05    VP5M             59   08      1
QSO:   28000 PH 2025-10-25 2033 KK2B             59  05    PY4JW            59   11      1
QSO:   28000 PH 2025-10-25 2034 KK2B             59  05    VE7ZO            59   03      1
QSO:   28000 PH 2025-10-25 2048 KK2B             59  05    PP4T             59   11      1
QSO:   28000 PH 2025-10-25 2050 KK2B             59  05    PU2WDX           59   11      1
QSO:   28000 PH 2025-10-25 2051 KK2B             59  05    ZW5B             59   11      1
QSO:   28000 PH 2025-10-25 2056 KK2B             59  05    KL7G             59   01      1
QSO:   28000 PH 2025-10-25 2100 KK2B             59  05    LW1D             59   13      1
QSO:   28000 PH 2025-10-25 2113 KK2B             59  05    PR1T             59   11      1
QSO:   28000 PH 2025-10-25 2119 KK2B             59  05    PY4ET            59   11      1
QSO:   28000 PH 2025-10-25 2121 KK2B             59  05    D4C              59   35      1
QSO:   28000 PH 2025-10-25 2123 KK2B             59  05    J62K             59   08      1
QSO:   28000 PH 2025-10-25 2124 KK2B             59  05    FY5KE            59   09      1
QSO:   28000 PH 2025-10-25 2132 KK2B             59  05    PP5KW            59   11      1
QSO:   28000 PH 2025-10-25 2133 KK2B             59  05    LT7F             59   13      1
QSO:   28000 PH 2025-10-25 2138 KK2B             59  05    KH7M             59   31      1
QSO:   28000 PH 2025-10-25 2141 KK2B             59  05    JG1ZUY           59   25      1
QSO:   28000 PH 2025-10-25 2143 KK2B             59  05    7L4MDM           59   25      1
QSO:   28000 PH 2025-10-25 2144 KK2B             59  05    PX5X             59   11      1
QSO:   28000 PH 2025-10-25 2146 KK2B             59  05    PJ2T             59   09      1
QSO:   28000 PH 2025-10-25 2152 KK2B             59  05    JJ1MBU           59   25      1
QSO:   28000 PH 2025-10-25 2154 KK2B             59  05    AL2F             59   01      1
QSO:   28000 PH 2025-10-25 2210 KK2B             59  05    JA7OWD           59   25      1
QSO:   21000 PH 2025-10-26 0017 KK2B             59  05    VE6SV            59   04      1
QSO:   21000 PH 2025-10-26 0031 KK2B             59  05    JP7DKQ           59   25      1
QSO:   21000 PH 2025-10-26 0034 KK2B             59  05    JH1KRC           59   25      1
QSO:   21000 PH 2025-10-26 0038 KK2B             59  05    JA5OVU           59   25      1
QSO:   21000 PH 2025-10-26 0046 KK2B             59  05    JJ0VNR           59   25      1
QSO:   21000 PH 2025-10-26 0049 KK2B             59  05    JA3YBK           59   25      1
QSO:   14000 PH 2025-10-26 0105 KK2B             59  05    J62K             59   08      1
QSO:    7000 PH 2025-10-26 0123 KK2B             59  05    V26B             59   08      1
QSO:    7000 PH 2025-10-26 0127 KK2B             59  05    VE2DXY           59   02      1
QSO:    7000 PH 2025-10-26 0129 KK2B             59  05    VE2GSO           59   05      1
QSO:    7000 PH 2025-10-26 0138 KK2B             59  05    RU1A             59   16      1
QSO:    7000 PH 2025-10-26 0148 KK2B             59  05    DR1A             59   14      1
QSO:    3500 PH 2025-10-26 0154 KK2B             59  05    K1TTT            59   05      1
QSO:    3500 PH 2025-10-26 0156 KK2B             59  05    W1NA             59   05      1
QSO:    3500 PH 2025-10-26 0157 KK2B             59  05    AA3B             59   05      1
QSO:    3500 PH 2025-10-26 0206 KK2B             59  05    K2PM             59   04      1
QSO:    3500 PH 2025-10-26 0213 KK2B             59  05    8P5A             59   08      1
QSO:   14000 PH 2025-10-26 0224 KK2B             59  05    IP4M             59   15      1
QSO:   14000 PH 2025-10-26 0226 KK2B             59  05    RA9Y             59   18      1
QSO:   14000 PH 2025-10-26 0228 KK2B             59  05    VE6CA            59   04      1
QSO:   14000 PH 2025-10-26 0230 KK2B             59  05    OH8L             59   15      1
QSO:   14000 PH 2025-10-26 0232 KK2B             59  05    CQ9A             59   33      1
QSO:   14000 PH 2025-10-26 0237 KK2B             59  05    SJ2W             59   14      1
QSO:   14000 PH 2025-10-26 0243 KK2B             59  05    PJ4G             59   09      1
QSO:   14000 PH 2025-10-26 0249 KK2B             59  05    VE5PV            59   04      1
QSO:   14000 PH 2025-10-26 0251 KK2B             59  05    RU1A             59   16      1
QSO:   14000 PH 2025-10-26 0252 KK2B             59  05    HC2GRC           59   10      1
QSO:   14000 PH 2025-10-26 1454 KK2B             59  05    M6T              59   14      1
QSO:   14000 PH 2025-10-26 1502 KK2B             59  05    OK7K             59   15      1
QSO:   14000 PH 2025-10-26 1504 KK2B             59  05    GM2T             59   14      1
QSO:   14000 PH 2025-10-26 1509 KK2B             59  05    ES9C             59   15      1
QSO:   14000 PH 2025-10-26 1512 KK2B             59  05    YL2SM            59   15      1
QSO:   14000 PH 2025-10-26 1515 KK2B             59  05    JG1ZUY           59   25      1
QSO:   14000 PH 2025-10-26 1516 KK2B             59  05    W1RCR            59   05      1
QSO:   14000 PH 2025-10-26 1527 KK2B             59  05    HB9H             59   14      1
QSO:   14000 PH 2025-10-26 1529 KK2B             59  05    S52OT            59   15      1
QSO:   14000 PH 2025-10-26 1602 KK2B             59  05    E2K              59   26      1
QSO:   28000 PH 2025-10-26 1629 KK2B             59  05    EA1DR            59   14      1
QSO:   28000 PH 2025-10-26 1631 KK2B             59  05    IP0A             59   15      1
QSO:   28000 PH 2025-10-26 1633 KK2B             59  05    OE2S             59   15      1
QSO:   28000 PH 2025-10-26 1636 KK2B             59  05    IB9X             59   15      1
QSO:   28000 PH 2025-10-26 1637 KK2B             59  05    CQ3W             59   33      1
QSO:   28000 PH 2025-10-26 1639 KK2B             59  05    OK7O             59   15      1
QSO:   28000 PH 2025-10-26 1644 KK2B             59  05    TM2BF            59   14      1
QSO:   28000 PH 2025-10-26 1647 KK2B             59  05    S58D             59   15      1
QSO:   28000 PH 2025-10-26 1652 KK2B             59  05    IZ8DEP           59   15      1
QSO:   28000 PH 2025-10-26 1654 KK2B             59  05    DR1A             59   14      1
QSO:   21000 PH 2025-10-26 2013 KK2B             59  05    PZ5TW            59   09      1
QSO:   21000 PH 2025-10-26 2014 KK2B             59  05    KL5DX            59   01      1
QSO:   21000 PH 2025-10-26 2016 KK2B             59  05    IP4X             59   15      1
QSO:   21000 PH 2025-10-26 2020 KK2B             59  05    EI4KU            59   14      1
QSO:   21000 PH 2025-10-26 2021 KK2B             59  05    M6T              59   14      1
QSO:   21000 PH 2025-10-26 2022 KK2B             59  05    MM9I             59   14      1
QSO:   21000 PH 2025-10-26 2025 KK2B             59  05    D4Z              59   35      1
QSO:   14000 PH 2025-10-26 2037 KK2B             59  05    F6KOP            59   14      1
QSO:   14000 PH 2025-10-26 2041 KK2B             59  05    HA3DX            59   15      1
QSO:   14000 PH 2025-10-26 2042 KK2B             59  05    PE1T             59   14      1
QSO:   14000 PH 2025-10-26 2048 KK2B             59  05    DR1A             59   14      1
QSO:   14000 PH 2025-10-26 2049 KK2B             59  05    II2S             59   15      1
QSO:   14000 PH 2025-10-26 2057 KK2B             59  05    ED8W             59   33      1
QSO:   14000 PH 2025-10-26 2114 KK2B             59  05    PV2K             59   11      1
QSO:   14000 PH 2025-10-26 2118 KK2B             59  05    VA7TU            59   03      1
END-OF-LOG:
