START-OF-LOG: 3.0
CONTEST: CQ-WW-SSB
CALLSIGN: R1CX
LOCATION: DX
CATEGORY-OPERATOR: SINGLE-OP
CATEGORY-ASSISTED: ASSISTED
CATEGORY-BAND: 10M
CATEGORY-POWER: HIGH
CATEGORY-MODE: SSB
CATEGORY-TRANSMITTER: ONE
CATEGORY-STATION: FIXED
CATEGORY-OVERLAY: CLASSIC
GRID-LOCATOR: KO49KN
CLAIMED-SCORE: 37600
NAME: Lisovskiy Konstantin
OPERATORS: R1CX
CREATED-BY: 5MContest ver. 8.0.11
QSO:   28464 PH 2025-10-25 1124 R1CX             59  16    G3MOT            59   14       
QSO:   28464 PH 2025-10-25 1125 R1CX             59  16    YO6BFB           59   20       
QSO:   28464 PH 2025-10-25 1125 R1CX             59  16    G4OZG            59   14       
QSO:   28464 PH 2025-10-25 1126 R1CX             59  16    DL8ZAJ           59   14       
QSO:   28464 PH 2025-10-25 1126 R1CX             59  16    EF7O             59   14       
QSO:   28464 PH 2025-10-25 1126 R1CX             59  16    YT1BX            59   15       
QSO:   28464 PH 2025-10-25 1127 R1CX             59  16    DL8UV            59   14       
QSO:   28464 PH 2025-10-25 1127 R1CX             59  16    PD1GOL           59   14       
QSO:   28464 PH 2025-10-25 1128 R1CX             59  16    DJ8EW            59   14       
QSO:   28464 PH 2025-10-25 1128 R1CX             59  16    G0DDZ            59   14       
QSO:   28464 PH 2025-10-25 1129 R1CX             59  16    YO3RU            59   20       
QSO:   28464 PH 2025-10-25 1129 R1CX             59  16    ON8AH            59   14       
QSO:   28464 PH 2025-10-25 1129 R1CX             59  16    PR1T             59   11       
QSO:   28464 PH 2025-10-25 1130 R1CX             59  16    UA9CUA           59   17       
QSO:   28464 PH 2025-10-25 1130 R1CX             59  16    EA2FEX           59   14       
QSO:   28464 PH 2025-10-25 1130 R1CX             59  16    DF3IS            59   14       
QSO:   28464 PH 2025-10-25 1131 R1CX             59  16    MM7HSC           59   14       
QSO:   28464 PH 2025-10-25 1131 R1CX             59  16    M3WJB            59   14       
QSO:   28464 PH 2025-10-25 1132 R1CX             59  16    DL4ZA            59   14       
QSO:   28464 PH 2025-10-25 1132 R1CX             59  16    SV1AAK           59   20       
QSO:   28464 PH 2025-10-25 1132 R1CX             59  16    ON9KVE           59   14       
QSO:   28464 PH 2025-10-25 1132 R1CX             59  16    IZ5BSA           59   15       
QSO:   28464 PH 2025-10-25 1133 R1CX             59  16    HB9FAB           59   14       
QSO:   28464 PH 2025-10-25 1133 R1CX             59  16    GM7A             59   14       
QSO:   28464 PH 2025-10-25 1133 R1CX             59  16    DL7DS            59   14       
QSO:   28464 PH 2025-10-25 1133 R1CX             59  16    E70Y             59   15       
QSO:   28464 PH 2025-10-25 1133 R1CX             59  16    LU3DK            59   13       
QSO:   28464 PH 2025-10-25 1134 R1CX             59  16    G8GFF            59   14       
QSO:   28464 PH 2025-10-25 1136 R1CX             59  16    PY2PLL           59   11       
QSO:   28464 PH 2025-10-25 1137 R1CX             59  16    DK9ZE            59   14       
QSO:   28464 PH 2025-10-25 1137 R1CX             59  16    IZ2BZP           59   15       
QSO:   28464 PH 2025-10-25 1138 R1CX             59  16    DL1EJD           59   14       
QSO:   28464 PH 2025-10-25 1138 R1CX             59  16    DL3BH            59   14       
QSO:   28464 PH 2025-10-25 1138 R1CX             59  16    CQ9A             59   33       
QSO:   28464 PH 2025-10-25 1138 R1CX             59  16    PD7YY            59   14       
QSO:   28464 PH 2025-10-25 1139 R1CX             59  16    YO9CX            59   20       
QSO:   28464 PH 2025-10-25 1139 R1CX             59  16    DL5RMH           59   14       
QSO:   28464 PH 2025-10-25 1139 R1CX             59  16    M8HAG            59   14       
QSO:   28464 PH 2025-10-25 1140 R1CX             59  16    IB6A             59   15       
QSO:   28464 PH 2025-10-25 1140 R1CX             59  16    G4PLY            59   14       
QSO:   28464 PH 2025-10-25 1141 R1CX             59  16    M0MGP            59   14       
QSO:   28464 PH 2025-10-25 1142 R1CX             59  16    PA3CGJ           59   14       
QSO:   28577 PH 2025-10-25 1145 R1CX             59  16    DL4DBM           59   14       
QSO:   28577 PH 2025-10-25 1145 R1CX             59  16    IU3GJD           59   15       
QSO:   28577 PH 2025-10-25 1145 R1CX             59  16    DO2GGH           59   14       
QSO:   28577 PH 2025-10-25 1146 R1CX             59  16    YT3CT            59   15       
QSO:   28577 PH 2025-10-25 1146 R1CX             59  16    G6SBR            59   14       
QSO:   28577 PH 2025-10-25 1147 R1CX             59  16    DO1DMR           59   14       
QSO:   28577 PH 2025-10-25 1147 R1CX             59  16    IP4X             59   15       
QSO:   28577 PH 2025-10-25 1147 R1CX             59  16    GM4B             59   14       
QSO:   28577 PH 2025-10-25 1148 R1CX             59  16    CX5ACA           59   13       
QSO:   28577 PH 2025-10-25 1148 R1CX             59  16    DK2CX            59   14       
QSO:   28577 PH 2025-10-25 1150 R1CX             59  16    IT9IWD           59   15       
QSO:   28577 PH 2025-10-25 1150 R1CX             59  16    IU1TLD           59   15       
QSO:   28577 PH 2025-10-25 1151 R1CX             59  16    DL1GME           59   14       
QSO:   28577 PH 2025-10-25 1152 R1CX             59  16    F4DUZ            59   14       
QSO:   28577 PH 2025-10-25 1152 R1CX             59  16    F4EQN            59   14       
QSO:   28577 PH 2025-10-25 1153 R1CX             59  16    G2X              59   14       
QSO:   28577 PH 2025-10-25 1154 R1CX             59  16    II2S             59   15       
QSO:   28577 PH 2025-10-25 1155 R1CX             59  16    PP5KW            59   11       
QSO:   28577 PH 2025-10-25 1155 R1CX             59  16    LX5M             59   14       
QSO:   28577 PH 2025-10-25 1155 R1CX             59  16    F6HMQ            59   14       
QSO:   28577 PH 2025-10-25 1155 R1CX             59  16    IK1ZOF           59   15       
QSO:   28577 PH 2025-10-25 1155 R1CX             59  16    TI7W             59   07       
QSO:   28577 PH 2025-10-25 1156 R1CX             59  16    DN9BD            59   14       
QSO:   28577 PH 2025-10-25 1156 R1CX             59  16    PA3MM            59   14       
QSO:   28577 PH 2025-10-25 1156 R1CX             59  16    PA7BM            59   14       
QSO:   28577 PH 2025-10-25 1156 R1CX             59  16    DN9DLH           59   14       
QSO:   28577 PH 2025-10-25 1157 R1CX             59  16    PD5L             59   14       
QSO:   28577 PH 2025-10-25 1157 R1CX             59  16    IZ1DNQ           59   15       
QSO:   28577 PH 2025-10-25 1158 R1CX             59  16    HA3HO            59   15       
QSO:   28577 PH 2025-10-25 1158 R1CX             59  16    PE2GH            59   14       
QSO:   28577 PH 2025-10-25 1159 R1CX             59  16    PY6FP            59   11       
QSO:   28577 PH 2025-10-25 1159 R1CX             59  16    TA2DW            59   20       
QSO:   28577 PH 2025-10-25 1200 R1CX             59  16    DK2ZO            59   14       
QSO:   28577 PH 2025-10-25 1200 R1CX             59  16    DK8EY            59   14       
QSO:   28577 PH 2025-10-25 1200 R1CX             59  16    EA4KD            59   14       
QSO:   28577 PH 2025-10-25 1202 R1CX             59  16    DL9NEI           59   14       
QSO:   28577 PH 2025-10-25 1203 R1CX             59  16    KC1XX            59   05       
QSO:   28577 PH 2025-10-25 1203 R1CX             59  16    MM0KLQ           59   14       
QSO:   28577 PH 2025-10-25 1203 R1CX             59  16    IK2JBY           59   15       
QSO:   28577 PH 2025-10-25 1204 R1CX             59  16    DR4A             59   14       
QSO:   28577 PH 2025-10-25 1204 R1CX             59  16    IZ1QLT           59   15       
QSO:   28577 PH 2025-10-25 1204 R1CX             59  16    F8DVD            59   14       
QSO:   28577 PH 2025-10-25 1205 R1CX             59  16    PA2AF            59   14       
QSO:   28577 PH 2025-10-25 1205 R1CX             59  16    TC29TC           59   20       
QSO:   28577 PH 2025-10-25 1206 R1CX             59  16    MI1M             59   14       
QSO:   28577 PH 2025-10-25 1206 R1CX             59  16    F5KLE            59   14       
QSO:   28577 PH 2025-10-25 1207 R1CX             59  16    DG4SBZ           59   14       
QSO:   28577 PH 2025-10-25 1207 R1CX             59  16    2E0CEA           59   14       
QSO:   28577 PH 2025-10-25 1208 R1CX             59  16    K2LE             59   05       
QSO:   28577 PH 2025-10-25 1208 R1CX             59  16    DK1SI            59   14       
QSO:   28577 PH 2025-10-25 1208 R1CX             59  16    PU2VLW           59   11       
QSO:   28577 PH 2025-10-25 1210 R1CX             59  16    HB9G             59   14       
QSO:   28577 PH 2025-10-25 1212 R1CX             59  16    DL1KAS           59   14       
QSO:   28577 PH 2025-10-25 1212 R1CX             59  16    IZ1OSP           59   15       
QSO:   28577 PH 2025-10-25 1213 R1CX             59  16    EA3FAJ           59   14       
QSO:   28577 PH 2025-10-25 1214 R1CX             59  16    PC1PM            59   14       
QSO:   28577 PH 2025-10-25 1214 R1CX             59  16    F6EZV            59   14       
QSO:   28577 PH 2025-10-25 1215 R1CX             59  16    MI7IHF           59   14       
QSO:   28577 PH 2025-10-25 1216 R1CX             59  16    DL2UW            59   14       
QSO:   28577 PH 2025-10-25 1220 R1CX             59  16    DJ6RN            59   14       
QSO:   28577 PH 2025-10-25 1221 R1CX             59  16    I4VIL            59   15       
QSO:   28577 PH 2025-10-25 1222 R1CX             59  16    EA7BEM           59   14       
QSO:   28577 PH 2025-10-25 1223 R1CX             59  16    AZ6H             59   13       
QSO:   28577 PH 2025-10-25 1223 R1CX             59  16    CR5Y             59   14       
QSO:   28577 PH 2025-10-25 1224 R1CX             59  16    PA9TT            59   14       
QSO:   28577 PH 2025-10-25 1225 R1CX             59  16    G5TAV            59   14       
QSO:   28577 PH 2025-10-25 1227 R1CX             59  16    SV1NK            59   20       
QSO:   28577 PH 2025-10-25 1227 R1CX             59  16    F4IZH            59   14       
QSO:   28577 PH 2025-10-25 1227 R1CX             59  16    K1VMT            59   05       
QSO:   28577 PH 2025-10-25 1228 R1CX             59  16    DL2SBY           59   14       
QSO:   28243 PH 2025-10-25 1232 R1CX             59  16    DL9GK            59   14       
QSO:   28243 PH 2025-10-25 1233 R1CX             59  16    IU3GPT           59   15       
QSO:   28243 PH 2025-10-25 1233 R1CX             59  16    G6XX             59   14       
QSO:   28243 PH 2025-10-25 1233 R1CX             59  16    HB9GOAT          59   14       
QSO:   28243 PH 2025-10-25 1234 R1CX             59  16    2E1HYD           59   03       
QSO:   28243 PH 2025-10-25 1234 R1CX             59  16    PI4M             59   14       
QSO:   28243 PH 2025-10-25 1234 R1CX             59  16    DO1EDK           59   14       
QSO:   28243 PH 2025-10-25 1234 R1CX             59  16    R6DOP            59   16       
QSO:   28243 PH 2025-10-25 1235 R1CX             59  16    DD5M             59   14       
QSO:   28243 PH 2025-10-25 1235 R1CX             59  16    PD0ARI           59   14       
QSO:   28243 PH 2025-10-25 1236 R1CX             59  16    M9XOF            59   14       
QSO:   28397 PH 2025-10-25 1242 R1CX             59  16    DL9YY            59   14       
QSO:   28397 PH 2025-10-25 1243 R1CX             59  16    N4OC             59   05       
QSO:   28397 PH 2025-10-25 1243 R1CX             59  16    IV3CVN           59   15       
QSO:   28397 PH 2025-10-25 1243 R1CX             59  16    I2JSB            59   15       
QSO:   28397 PH 2025-10-25 1244 R1CX             59  16    I1YGQ            59   15       
QSO:   28397 PH 2025-10-25 1244 R1CX             59  16    KB1DK            59   05       
QSO:   28397 PH 2025-10-25 1245 R1CX             59  16    W4RM             59   05       
QSO:   28397 PH 2025-10-25 1245 R1CX             59  16    OT7Q             59   14       
QSO:   28397 PH 2025-10-25 1245 R1CX             59  16    PI4VPO           59   14       
QSO:   28397 PH 2025-10-25 1245 R1CX             59  16    W2A              59   05       
QSO:   28397 PH 2025-10-25 1246 R1CX             59  16    UA6AA            59   16       
QSO:   28397 PH 2025-10-25 1247 R1CX             59  16    LZ4AF            59   20       
QSO:   28397 PH 2025-10-25 1247 R1CX             59  16    DL3MXX           59   14       
QSO:   28397 PH 2025-10-25 1248 R1CX             59  16    IU2SMA           59   15       
QSO:   28397 PH 2025-10-25 1248 R1CX             59  16    DF1DT            59   14       
QSO:   28397 PH 2025-10-25 1248 R1CX             59  16    K1TT             59   05       
QSO:   28397 PH 2025-10-25 1249 R1CX             59  16    N6AR             59   05       
QSO:   28397 PH 2025-10-25 1250 R1CX             59  16    XQ7IR            59   12       
QSO:   28397 PH 2025-10-25 1250 R1CX             59  16    N8RA             59   05       
QSO:   28397 PH 2025-10-25 1250 R1CX             59  16    ON6AT            59   14       
QSO:   28397 PH 2025-10-25 1251 R1CX             59  16    WA2AEY           59   05       
QSO:   28397 PH 2025-10-25 1251 R1CX             59  16    WE2A             59   05       
QSO:   28397 PH 2025-10-25 1251 R1CX             59  16    WA3KCP           59   05       
QSO:   28397 PH 2025-10-25 1252 R1CX             59  16    ON4NYO           59   14       
QSO:   28397 PH 2025-10-25 1252 R1CX             59  16    ON3AR            59   14       
QSO:   28397 PH 2025-10-25 1252 R1CX             59  16    IK8NFU           59   15       
QSO:   28397 PH 2025-10-25 1253 R1CX             59  16    VA2EBI           59   05       
QSO:   28397 PH 2025-10-25 1253 R1CX             59  16    DL4VK            59   14       
QSO:   28397 PH 2025-10-25 1253 R1CX             59  16    GW3UOO           59   14       
QSO:   28397 PH 2025-10-25 1254 R1CX             59  16    MM1BTJ           59   14       
QSO:   28397 PH 2025-10-25 1254 R1CX             59  16    KE2DPK           59   05       
QSO:   28397 PH 2025-10-25 1254 R1CX             59  16    2E0WMN           59   14       
QSO:   28397 PH 2025-10-25 1255 R1CX             59  16    IR3Z             59   15       
QSO:   28397 PH 2025-10-25 1255 R1CX             59  16    R6JY             59   16       
QSO:   28397 PH 2025-10-25 1256 R1CX             59  16    M9MSB            59   14       
QSO:   28397 PH 2025-10-25 1256 R1CX             59  16    DQ5M             59   14       
QSO:   28564 PH 2025-10-25 1301 R1CX             59  16    KM2O             59   05       
QSO:   28564 PH 2025-10-25 1302 R1CX             59  16    N3FCP            59   05       
QSO:   28564 PH 2025-10-25 1302 R1CX             59  16    MW7RHR           59   14       
QSO:   28564 PH 2025-10-25 1303 R1CX             59  16    M7PLV            59   08       
QSO:   28564 PH 2025-10-25 1303 R1CX             59  16    K3AJ             59   05       
QSO:   28564 PH 2025-10-25 1304 R1CX             59  16    K3WJV            59   05       
QSO:   28564 PH 2025-10-25 1304 R1CX             59  16    IW3GID           59   15       
QSO:   28653 PH 2025-10-25 1311 R1CX             59  16    IW2HFU           59   15       
QSO:   28653 PH 2025-10-25 1311 R1CX             59  16    KC1TLY           59   05       
QSO:   28653 PH 2025-10-25 1314 R1CX             59  16    F5TDK            59   14       
QSO:   28653 PH 2025-10-25 1316 R1CX             59  16    G0VXS            59   17       
QSO:   28653 PH 2025-10-25 1316 R1CX             59  16    MM0EDZ           59   14       
QSO:   28653 PH 2025-10-25 1316 R1CX             59  16    IK2YYR           59   15       
QSO:   28653 PH 2025-10-25 1317 R1CX             59  16    F4IXC            59   14       
QSO:   28653 PH 2025-10-25 1318 R1CX             59  16    G0JDL            59   14       
QSO:   28950 PH 2025-10-25 1322 R1CX             59  16    AA4NC            59   05       
QSO:   28950 PH 2025-10-25 1324 R1CX             59  16    WB2AMU           59   05       
QSO:   28950 PH 2025-10-25 1325 R1CX             59  16    NP2Q             59   08       
QSO:   28950 PH 2025-10-25 1325 R1CX             59  16    W8JMV            59   05       
QSO:   28950 PH 2025-10-25 1326 R1CX             59  16    M1STI            59   14       
QSO:   28950 PH 2025-10-25 1327 R1CX             59  16    M1FDS            59   14       
QSO:   28950 PH 2025-10-25 1328 R1CX             59  16    K4OV             59   05       
QSO:   28950 PH 2025-10-25 1329 R1CX             59  16    EA4K             59   14       
QSO:   28950 PH 2025-10-25 1329 R1CX             59  16    G1D              59   14       
QSO:   28950 PH 2025-10-25 1329 R1CX             59  16    F4DPU            59   14       
QSO:   28950 PH 2025-10-25 1330 R1CX             59  16    2E0SVB           59   14       
QSO:   28950 PH 2025-10-25 1330 R1CX             59  16    NF3R             59   05       
QSO:   28950 PH 2025-10-25 1330 R1CX             59  16    IU5LAW           59   15       
QSO:   28950 PH 2025-10-25 1330 R1CX             59  16    YO3JR            59   20       
QSO:   28951 PH 2025-10-25 1332 R1CX             59  16    N4RV             59   05       
QSO:   28951 PH 2025-10-25 1333 R1CX             59  16    K2YG             59   5        
QSO:   28951 PH 2025-10-25 1334 R1CX             59  16    M0REX            59   14       
QSO:   28951 PH 2025-10-25 1335 R1CX             59  16    IU1TKY           59   15       
QSO:   28951 PH 2025-10-25 1336 R1CX             59  16    IZ2OOS           59   15       
QSO:   28364 PH 2025-10-25 1352 R1CX             59  16    HK1T             59   09       
QSO:   28472 PH 2025-10-25 1354 R1CX             59  16    D4C              59   35       
QSO:   28602 PH 2025-10-25 1357 R1CX             59  16    VP5M             59   08       
QSO:   28800 PH 2025-10-25 1400 R1CX             59  16    PJ6Y             59   08       
QSO:   28706 PH 2025-10-25 1401 R1CX             59  16    V26B             59   08       
QSO:   28652 PH 2025-10-25 1401 R1CX             59  16    HP3/VE3DZ        59   07       
QSO:   28638 PH 2025-10-25 1403 R1CX             59  16    PJ2T             59   09       
QSO:   28635 PH 2025-10-25 1403 R1CX             59  16    HC5AI            59   10       
QSO:   28520 PH 2025-10-25 1404 R1CX             59  16    WS7X             59   04       
QSO:   28258 PH 2025-10-25 1407 R1CX             59  16    9K2JJ            59   21       
QSO:   28320 PH 2025-10-25 1408 R1CX             59  16    5Y5K             59   37       
QSO:   28320 PH 2025-10-25 1409 R1CX             59  16    TO2M             59   8        
QSO:   28338 PH 2025-10-25 1411 R1CX             59  16    ZF1A             59   08       
QSO:   28571 PH 2025-10-25 1415 R1CX             59  16    HD8R             59   10       
QSO:   28663 PH 2025-10-25 1416 R1CX             59  16    P49Y             59   09       
QSO:   28802 PH 2025-10-25 1417 R1CX             59  16    V47T             59   08       
QSO:   28828 PH 2025-10-25 1417 R1CX             59  16    PJ4K             59   09       
QSO:   28937 PH 2025-10-25 1418 R1CX             59  16    FY5KE            59   09       
QSO:   28557 PH 2025-10-25 1419 R1CX             59  16    C5R              59   35       
QSO:   28504 PH 2025-10-25 1421 R1CX             59  16    ED8A             59   33       
QSO:   28331 PH 2025-10-25 1421 R1CX             59  16    PZ5DX            59   09       
QSO:   28305 PH 2025-10-25 1423 R1CX             59  16    8P5A             59   08       
QSO:   28954 PH 2025-10-25 1427 R1CX             59  16    M9JPE            59   14       
QSO:   28954 PH 2025-10-25 1427 R1CX             59  16    G1PCR            59   14       
QSO:   28983 PH 2025-10-25 1429 R1CX             59  16    PJ2/DH8BQA       59   09       
QSO:   28962 PH 2025-10-25 1429 R1CX             59  16    W1GD             59   05       
QSO:   28953 PH 2025-10-25 1430 R1CX             59  16    N9NC             59   05       
QSO:   28942 PH 2025-10-25 1430 R1CX             59  16    K9RS             59   05       
QSO:   28945 PH 2025-10-25 1430 R1CX             59  16    AB2E             59   05       
QSO:   28939 PH 2025-10-25 1431 R1CX             59  16    KN2M             59   05       
QSO:   28897 PH 2025-10-25 1432 R1CX             59  16    KP2B             59   08       
QSO:   28891 PH 2025-10-25 1432 R1CX             59  16    LU8YE            59   13       
QSO:   28903 PH 2025-10-25 1432 R1CX             59  16    AB3CX            59   05       
QSO:   28789 PH 2025-10-25 1433 R1CX             59  16    AA4V             59   05       
QSO:   28734 PH 2025-10-25 1434 R1CX             59  16    K2SSS            59   05       
QSO:   28737 PH 2025-10-25 1436 R1CX             59  16    TI1K             59   07       
QSO:   28611 PH 2025-10-25 1438 R1CX             59  16    PJ4PA            59   09       
QSO:   28583 PH 2025-10-25 1439 R1CX             59  16    CX1AR            59   13       
QSO:   28301 PH 2025-10-25 1445 R1CX             59  16    ZF2AA            59   08       
QSO:   28391 PH 2025-10-25 1449 R1CX             59  16    ZW2WSP           59   11       
QSO:   28672 PH 2025-10-25 1457 R1CX             59  16    VP2VRX           59   08       
QSO:   28422 PH 2025-10-25 1458 R1CX             59  16    W4NF             59   05       
QSO:   28664 PH 2025-10-25 1500 R1CX             59  16    EA6MR            59   14       
QSO:   28917 PH 2025-10-25 1501 R1CX             59  16    R2FK             59   15       
QSO:   28735 PH 2025-10-25 1504 R1CX             59  16    LU3WC            59   13       
QSO:   28702 PH 2025-10-25 1505 R1CX             59  16    LQ5A             59   13       
QSO:   28357 PH 2025-10-25 1509 R1CX             59  16    YY4EBD           59   09       
QSO:   28308 PH 2025-10-25 1510 R1CX             59  16    9Z4BM            59   09       
QSO:   28319 PH 2025-10-25 1511 R1CX             59  16    N2QV             59   05       
QSO:   28864 PH 2025-10-25 1515 R1CX             59  16    HI3T             59   08       
QSO:   28943 PH 2025-10-25 1516 R1CX             59  16    PR2A             59   11       
QSO:   28998 PH 2025-10-25 1517 R1CX             59  16    PY4EK            59   11       
QSO:   28843 PH 2025-10-25 1520 R1CX             59  16    VE9CZ            59   05       
QSO:   28872 PH 2025-10-25 1520 R1CX             59  16    K4AB             59   04       
QSO:   28890 PH 2025-10-25 1520 R1CX             59  16    K1TO             59   05       
QSO:   28276 PH 2025-10-25 1524 R1CX             59  16    ZW5B             59   11       
QSO:   28315 PH 2025-10-25 1526 R1CX             59  16    HC2GRC           59   10       
QSO:   28431 PH 2025-10-25 1528 R1CX             59  16    PT5J             59   11       
QSO:   28342 PH 2025-10-25 1529 R1CX             59  16    ZW2A             59   11       
QSO:   28884 PH 2025-10-25 1534 R1CX             59  16    TI8X             59   07       
QSO:   28960 PH 2025-10-25 1536 R1CX             59  16    KP4AA            59   08       
QSO:   28984 PH 2025-10-25 1536 R1CX             59  16    WR2G             59   05       
QSO:   28484 PH 2025-10-25 1539 R1CX             59  16    OA4O             59   10       
QSO:   28515 PH 2025-10-25 1542 R1CX             59  16    CX5A             59   13       
QSO:   28609 PH 2025-10-25 1542 R1CX             59  16    PY4JW            59   11       
QSO:   28705 PH 2025-10-25 1544 R1CX             59  16    PY8ML            59   11       
QSO:   28996 PH 2025-10-25 1547 R1CX             59  16    AK3B             59   05       
QSO:   28693 PH 2025-10-25 1550 R1CX             59  16    TI4A             59   07       
END-OF-LOG:
