START-OF-LOG: 3.0
CONTEST: CQ-WW-SSB
CALLSIGN: YC9GYI
LOCATION: DX
CATEGORY-OPERATOR: SINGLE-OP
CATEGORY-ASSISTED: NON-ASSISTED
CATEGORY-BAND: ALL
CATEGORY-POWER: LOW
CATEGORY-MODE: SSB
CATEGORY-TRANSMITTER: ONE
CATEGORY-STATION: FIXED
CATEGORY-OVERLAY: CLASSIC
GRID-LOCATOR: OI81EH
CLAIMED-SCORE: 3640
NAME: HAFIFUDIN
OPERATORS: YC9GYI
CREATED-BY: N1MM Logger+ 1.0.10386.0
SOAPBOX: success CQ World Wide DX Contest 2025
QSO:    7000 PH 2025-10-25 1058 YC9GYI           59  28    DU1SH            59   27       
QSO:    7000 PH 2025-10-25 1101 YC9GYI           59  28    DX6EVM           59   27       
QSO:    7000 PH 2025-10-25 1105 YC9GYI           59  28    XV9T             59   26       
QSO:    7000 PH 2025-10-25 1109 YC9GYI           59  28    BA7LOK           59   24       
QSO:    7000 PH 2025-10-25 1137 YC9GYI           59  28    DX1HAM           59   27       
QSO:   21000 PH 2025-10-25 1148 YC9GYI           59  28    DF0HQ            59   14       
QSO:   21000 PH 2025-10-25 1149 YC9GYI           59  28    RK4FD            59   16       
QSO:   21000 PH 2025-10-25 1152 YC9GYI           59  28    RW0A             59   18       
QSO:   21000 PH 2025-10-25 1159 YC9GYI           59  28    BD7MM            59   24       
QSO:   21000 PH 2025-10-25 1202 YC9GYI           59  28    RU1A             59   16       
QSO:   21000 PH 2025-10-25 1205 YC9GYI           59  28    ES9C             59   15       
QSO:   21000 PH 2025-10-25 1208 YC9GYI           59  28    BI8AD            59   24       
QSO:    7000 PH 2025-10-25 1218 YC9GYI           59  28    BA8CY            59   24       
QSO:    7000 PH 2025-10-25 1221 YC9GYI           59  28    VU2YVK           59   22       
QSO:    7000 PH 2025-10-25 1225 YC9GYI           59  28    DU1EV            59   27       
QSO:    7000 PH 2025-10-25 1227 YC9GYI           59  28    E2A              59   26       
QSO:   21000 PH 2025-10-25 1250 YC9GYI           59  28    VK4KW            59   08       
QSO:   21000 PH 2025-10-25 1421 YC9GYI           59  28    9M2PIZ           59   28       
QSO:    7000 PH 2025-10-25 1438 YC9GYI           59  28    9W2HAS           59   28       
QSO:    7000 PH 2025-10-25 1440 YC9GYI           59  28    9M2TAM           59   28       
QSO:    7000 PH 2025-10-25 1448 YC9GYI           59  28    9V1PL            59   28       
QSO:   21000 PH 2025-10-25 1451 YC9GYI           59  28    YC1EBM           59   28       
QSO:    7000 PH 2025-10-25 1454 YC9GYI           59  28    YC9BIJ           59   28       
QSO:    7000 PH 2025-10-25 1506 YC9GYI           59  28    UA7K             59   16       
QSO:    7000 PH 2025-10-25 1512 YC9GYI           59  28    V8RH             59   28       
QSO:    7000 PH 2025-10-25 1516 YC9GYI           59  28    9M2M             59   28       
QSO:   21000 PH 2025-10-25 1525 YC9GYI           59  28    VU3FWG           59   22       
QSO:   21000 PH 2025-10-25 1537 YC9GYI           59  28    CN3A             59   33       
QSO:   21000 PH 2025-10-25 1554 YC9GYI           59  28    YB1GAL           59   28       
QSO:    7000 PH 2025-10-25 1601 YC9GYI           59  28    JA7YRR           59   25       
QSO:    7000 PH 2025-10-25 1606 YC9GYI           59  28    DX1ARM           59   27       
QSO:    7000 PH 2025-10-25 1626 YC9GYI           59  28    9M2LAN           59   28       
QSO:    7000 PH 2025-10-25 1628 YC9GYI           59  28    9M2HUS           59   28       
QSO:   21000 PH 2025-10-26 0027 YC9GYI           59  28    DX6EVM           59   27       
QSO:   21000 PH 2025-10-26 0032 YC9GYI           59  28    YB8RW            59   28       
QSO:   21000 PH 2025-10-26 0036 YC9GYI           59  28    DU1EG            59   27       
QSO:   21000 PH 2025-10-26 0048 YC9GYI           59  28    VR2VRC           59   24       
QSO:   21000 PH 2025-10-26 0058 YC9GYI           59  28    9W2HAS           59   28       
QSO:   21000 PH 2025-10-26 0100 YC9GYI           59  28    BY7WZ            59   24       
QSO:   21000 PH 2025-10-26 0105 YC9GYI           59  28    DX9MM            59   27       
QSO:   21000 PH 2025-10-26 0119 YC9GYI           59  28    DX3A             59   27       
END-OF-LOG:
