START-OF-LOG: 3.0
CREATED-BY: vhfmanager-downloader
CONTEST: ZRS marčevsko UKV tekmovanje - Official results - VHFManager
CALLSIGN: DL0NMB
CATEGORY: 435 MHz - checklog
CATEGORY-OPERATOR: SINGLE-OP
CATEGORY-ASSISTED: NON-ASSISTED
CATEGORY-TRANSMITTER: ONE
CATEGORY-STATION: FIXED
QSO: 435000 PH 2021-03-06 1607 DL0NMB        59  1 JO51WH   DL6JUN        59  16 JO60OM 
QSO: 435000 PH 2021-03-06 1612 DL0NMB        59  2 JO51WH   DM2EUN        59  16 JO60IV 
QSO: 435000 PH 2021-03-06 1617 DL0NMB        59  3 JO51WH   DO1MEW        59  5 JO61FU  
QSO: 435000 PH 2021-03-06 1623 DL0NMB        59  4 JO51WH   DK5NJ         59  37 JO50TI 
QSO: 435000 PH 2021-03-06 1629 DL0NMB        59  5 JO51WH   OL3Z          59  98 JN79FX 
QSO: 435000 PH 2021-03-06 1633 DL0NMB        59  6 JO51WH   S57M          59  39 JN76PO 
QSO: 435000 PH 2021-03-06 1638 DL0NMB        59  7 JO51WH   DL5SE         59  50 JO50XL 
QSO: 435000 PH 2021-03-06 1838 DL0NMB        59  8 JO51WH   DM3AWK        59  1 JO50DX  
QSO: 435000 PH 2021-03-06 1940 DL0NMB        59  9 JO51WH   DO3BST        59  37 JO51KW 
QSO: 435000 PH 2021-03-06 1947 DL0NMB        59  10 JO51WH  DL8QS         59  56 JO43KH 
QSO: 435000 PH 2021-03-07 0815 DL0NMB        59  11 JO51WH  DF0MU         59  212 JO32PC
QSO: 435000 PH 2021-03-07 0817 DL0NMB        59  12 JO51WH  OK1VVT        59  24 JO60RN 
QSO: 435000 PH 2021-03-07 0818 DL0NMB        59  13 JO51WH  DG4VW         59  21 JO61VB 
QSO: 435000 PH 2021-03-07 0820 DL0NMB        59  14 JO51WH  OK1IEI        59  24 JO70EC 
QSO: 435000 PH 2021-03-07 0831 DL0NMB        59  15 JO51WH  DF0WF         59  66 JO62XR 
QSO: 435000 PH 2021-03-07 0833 DL0NMB        59  16 JO51WH  DM3D          59  81 JO62IH 
QSO: 435000 PH 2021-03-07 0851 DL0NMB        59  17 JO51WH  DK2GR         54  81 JN59IE 
QSO: 435000 PH 2021-03-07 1127 DL0NMB        59  18 JO51WH  DP4B          59  69 JO52GE 
QSO: 435000 PH 2021-03-07 1128 DL0NMB        59  19 JO51WH  DR7B          59  57 JO61KB 
END-OF-LOG:
