START-OF-LOG: 3.0
CONTEST: ARRL-RTTY
CALLSIGN: W2CDO
LOCATION: MDC
CATEGORY-OPERATOR: SINGLE-OP
CATEGORY-ASSISTED: ASSISTED
CATEGORY-POWER: HIGH
CATEGORY-BAND: ALL
CATEGORY-MODE: RTTY
CATEGORY-TRANSMITTER: ONE
CATEGORY-STATION: FIXED
OPERATORS: W2CDO
CLUB: Potomac Valley Radio Club
CREATED-BY: N1MM LOGGER+ 1.0.10573.0
HQ-CATEGORY: Single Operator Unlimited, High Power
HQ-GRID-LOCATOR: FM19KB
QSO: 28089 RY 2025-01-04 1915 W2CDO 599 MD K5LY 599 TX
QSO: 28111 RY 2025-01-04 1916 W2CDO 599 MD W7YAQ 599 OR
QSO: 28086 RY 2025-01-04 1916 W2CDO 599 MD W7RN 599 NV
QSO: 28106 RY 2025-01-04 1917 W2CDO 599 MD VE6WQ 599 AB
QSO: 28114 RY 2025-01-04 1917 W2CDO 599 MD VE7KAJ 599 BC
QSO: 28124 RY 2025-01-04 1919 W2CDO 599 MD AC7DC 599 WA
QSO: 28085 RY 2025-01-04 1920 W2CDO 599 MD N6WM 599 CA
QSO: 28084 RY 2025-01-04 1921 W2CDO 599 MD ND2T 599 CA
QSO: 28100 RY 2025-01-04 1922 W2CDO 599 MD N3RC 599 CA
QSO: 28119 RY 2025-01-04 1922 W2CDO 599 MD K9YC 599 CA
QSO: 28130 RY 2025-01-04 1923 W2CDO 599 MD W1RH 599 CA
QSO: 28093 RY 2025-01-04 1924 W2CDO 599 MD W0ZA 599 NE
QSO: 28123 RY 2025-01-04 1925 W2CDO 599 MD W0RX 599 MN
QSO: 28110 RY 2025-01-04 1925 W2CDO 599 MD W0LSD 599 CO
QSO: 28105 RY 2025-01-04 1926 W2CDO 599 MD K7QA 599 MT
QSO: 28090 RY 2025-01-04 1927 W2CDO 599 MD N5NA 599 TX
QSO: 28094 RY 2025-01-04 1927 W2CDO 599 MD AI0Y 599 ND
QSO: 28091 RY 2025-01-04 1928 W2CDO 599 MD K6LL 599 AZ
QSO: 28101 RY 2025-01-04 1929 W2CDO 599 MD K7RU 599 WA
QSO: 28129 RY 2025-01-04 1930 W2CDO 599 MD VE5KS 599 SK
QSO: 28133 RY 2025-01-04 1931 W2CDO 599 MD WA7YAZ 599 UT
QSO: 28108 RY 2025-01-04 1932 W2CDO 599 MD N9JYJ 599 OK
QSO: 28104 RY 2025-01-04 1933 W2CDO 599 MD ZF2SS 599 0185
QSO: 28085 RY 2025-01-04 1935 W2CDO 599 MD P49X 599 0325
QSO: 28090 RY 2025-01-04 1936 W2CDO 599 MD AZ1D 599 0118
QSO: 28082 RY 2025-01-04 1937 W2CDO 599 MD PZ5RA 599 0097
QSO: 28135 RY 2025-01-04 1938 W2CDO 599 MD PU2WDX 599 0026
QSO: 28100 RY 2025-01-04 1938 W2CDO 599 MD CE6CGX 599 0041
QSO: 28103 RY 2025-01-04 1939 W2CDO 599 MD PJ4R 599 0207
QSO: 28080 RY 2025-01-04 1940 W2CDO 599 MD K0WA 599 KS
QSO: 28084 RY 2025-01-04 1941 W2CDO 599 MD VA4HZ 599 MB
QSO: 28119 RY 2025-01-04 1941 W2CDO 599 MD WD0T 599 SD
QSO: 21086 RY 2025-01-04 1943 W2CDO 599 MD K0IP 599 ID
QSO: 21082 RY 2025-01-04 1944 W2CDO 599 MD N0AVK 599 IA
QSO: 21106 RY 2025-01-04 1945 W2CDO 599 MD W7RY 599 MO
QSO: 21125 RY 2025-01-04 1946 W2CDO 599 MD NA5NN 599 MS
QSO: 21090 RY 2025-01-04 1947 W2CDO 599 MD N7US 599 IL
QSO: 21084 RY 2025-01-04 1947 W2CDO 599 MD AA5AU 599 LA
QSO: 21119 RY 2025-01-04 1948 W2CDO 599 MD K9WO 599 WI
QSO: 21091 RY 2025-01-04 1948 W2CDO 599 MD VA3LR 599 ON
QSO: 21079 RY 2025-01-04 1950 W2CDO 599 MD W1BOY 599 ME
QSO: 21079 RY 2025-01-04 1951 W2CDO 599 MD W4CU 599 FL
QSO: 21079 RY 2025-01-04 1951 W2CDO 599 MD WA0LPV 599 MN
QSO: 21079 RY 2025-01-04 1952 W2CDO 599 MD KG5EG 599 IL
QSO: 21079 RY 2025-01-04 1952 W2CDO 599 MD N6VH 599 CA
QSO: 21079 RY 2025-01-04 1953 W2CDO 599 MD KE8JVX 599 CT
QSO: 21079 RY 2025-01-04 1954 W2CDO 599 MD AC5XK 599 MA
QSO: 21079 RY 2025-01-04 1955 W2CDO 599 MD N0UR 599 MN
QSO: 21079 RY 2025-01-04 1955 W2CDO 599 MD N3NR 599 PA
QSO: 21079 RY 2025-01-04 1956 W2CDO 599 MD AD5LU 599 TX
QSO: 21079 RY 2025-01-04 1957 W2CDO 599 MD K5CS 599 AR
QSO: 21079 RY 2025-01-04 1957 W2CDO 599 MD W6RDF 599 CA
QSO: 21079 RY 2025-01-04 1958 W2CDO 599 MD AC2RL 599 NY
QSO: 21079 RY 2025-01-04 1958 W2CDO 599 MD W9LU 599 IN
QSO: 21079 RY 2025-01-04 1959 W2CDO 599 MD K9SAT 599 AZ
QSO: 21079 RY 2025-01-04 1959 W2CDO 599 MD KN9P 599 WI
QSO: 21079 RY 2025-01-04 2000 W2CDO 599 MD AJ6V 599 CA
QSO: 21079 RY 2025-01-04 2000 W2CDO 599 MD K9CW 599 IL
QSO: 21079 RY 2025-01-04 2001 W2CDO 599 MD W7YAQ 599 OR
QSO: 21079 RY 2025-01-04 2002 W2CDO 599 MD AB8YZ 599 TX
QSO: 21079 RY 2025-01-04 2003 W2CDO 599 MD AF1R 599 MA
QSO: 21079 RY 2025-01-04 2004 W2CDO 599 MD AB1J 599 MA
QSO: 21079 RY 2025-01-04 2004 W2CDO 599 MD KU2M 599 NJ
QSO: 21079 RY 2025-01-04 2004 W2CDO 599 MD WW5L 599 LA
QSO: 21079 RY 2025-01-04 2005 W2CDO 599 MD WB9HFK 599 IL
QSO: 21079 RY 2025-01-04 2006 W2CDO 599 MD N1MGO 599 MA
QSO: 21129 RY 2025-01-04 2009 W2CDO 599 MD KB9S 599 WI
QSO: 21123 RY 2025-01-04 2010 W2CDO 599 MD SM2M 599 0071
QSO: 21120 RY 2025-01-04 2011 W2CDO 599 MD KG9X 599 IL
QSO: 21102 RY 2025-01-04 2011 W2CDO 599 MD WA1F 599 FL
QSO: 21095 RY 2025-01-04 2012 W2CDO 599 MD NN1SS 599 NH
QSO: 21125 RY 2025-01-04 2012 W2CDO 599 MD AA3S 599 MD
QSO: 21097 RY 2025-01-04 2013 W2CDO 599 MD EA8DO 599 0215
QSO: 21094 RY 2025-01-04 2014 W2CDO 599 MD TI1I 599 0178
QSO: 21101 RY 2025-01-04 2015 W2CDO 599 MD 4U1WB 599 DC
QSO: 28101 RY 2025-01-04 2018 W2CDO 599 MD KE6GLA 599 CA
QSO: 28118 RY 2025-01-04 2019 W2CDO 599 MD ZD7BG 599 0106
QSO: 28123 RY 2025-01-04 2020 W2CDO 599 MD HI3T 599 0093
QSO: 28106 RY 2025-01-04 2023 W2CDO 599 MD K1LZ 599 ME
QSO: 28106 RY 2025-01-04 2024 W2CDO 599 MD NF3R 599 PA
QSO: 28106 RY 2025-01-04 2024 W2CDO 599 MD KK6IK 599 CA
QSO: 28106 RY 2025-01-04 2025 W2CDO 599 MD K3YLW 599 MD
QSO: 28094 RY 2025-01-04 2027 W2CDO 599 MD WE6EZ 599 TX
QSO: 14084 RY 2025-01-04 2029 W2CDO 599 MD K0AD 599 MN
QSO: 14085 RY 2025-01-04 2029 W2CDO 599 MD AD4ES 599 FL
QSO: 14087 RY 2025-01-04 2030 W2CDO 599 MD N8DD 599 OH
QSO: 14087 RY 2025-01-04 2031 W2CDO 599 MD WW5M 599 TN
QSO: 14088 RY 2025-01-04 2032 W2CDO 599 MD NN3RP 599 DC
QSO: 14089 RY 2025-01-04 2032 W2CDO 599 MD VE3MZD 599 ON
QSO: 14095 RY 2025-01-04 2033 W2CDO 599 MD K4EA 599 GA
QSO: 14097 RY 2025-01-04 2033 W2CDO 599 MD K5XH 599 AR
QSO: 14099 RY 2025-01-04 2034 W2CDO 599 MD NN1D 599 NH
QSO: 14103 RY 2025-01-04 2035 W2CDO 599 MD KB1W 599 MA
QSO: 14104 RY 2025-01-04 2035 W2CDO 599 MD KG9X 599 IL
QSO: 14106 RY 2025-01-04 2036 W2CDO 599 MD K8ARY 599 SC
QSO: 14109 RY 2025-01-04 2037 W2CDO 599 MD N0YY 599 VA
QSO: 14112 RY 2025-01-04 2037 W2CDO 599 MD WB8JUI 599 OH
QSO: 14098 RY 2025-01-04 2042 W2CDO 599 MD KE0YI 599 IL
QSO: 14098 RY 2025-01-04 2043 W2CDO 599 MD K6EAK 599 GA
QSO: 14098 RY 2025-01-04 2043 W2CDO 599 MD KQ3K 599 FL
QSO: 14098 RY 2025-01-04 2044 W2CDO 599 MD VE3FH 599 ON
QSO: 14098 RY 2025-01-04 2044 W2CDO 599 MD W8KNO 599 OH
QSO: 14098 RY 2025-01-04 2045 W2CDO 599 MD K9WO 599 WI
QSO: 14098 RY 2025-01-04 2046 W2CDO 599 MD KC9TZO 599 WI
QSO: 14098 RY 2025-01-04 2046 W2CDO 599 MD NJ4P 599 TN
QSO: 14098 RY 2025-01-04 2047 W2CDO 599 MD AA3B 599 PA
QSO: 14098 RY 2025-01-04 2048 W2CDO 599 MD AI9T 599 IL
QSO: 14098 RY 2025-01-04 2049 W2CDO 599 MD NE8O/4 599 NC
QSO: 14098 RY 2025-01-04 2049 W2CDO 599 MD WB4JM 599 KY
QSO: 14098 RY 2025-01-04 2050 W2CDO 599 MD WB9T 599 WI
QSO: 14098 RY 2025-01-04 2050 W2CDO 599 MD N5PD 599 MS
QSO: 14098 RY 2025-01-04 2051 W2CDO 599 MD KI0Y 599 MO
QSO: 14098 RY 2025-01-04 2051 W2CDO 599 MD AB7R 599 ID
QSO: 14098 RY 2025-01-04 2052 W2CDO 599 MD WB4RRD 599 GA
QSO: 14098 RY 2025-01-04 2053 W2CDO 599 MD AI4DB 599 TN
QSO: 14098 RY 2025-01-04 2053 W2CDO 599 MD N0MGK 599 MO
QSO: 14098 RY 2025-01-04 2054 W2CDO 599 MD WT9U 599 IN
QSO: 14098 RY 2025-01-04 2055 W2CDO 599 MD W4TA 599 FL
QSO: 14098 RY 2025-01-04 2055 W2CDO 599 MD N1EN 599 CT
QSO: 14098 RY 2025-01-04 2058 W2CDO 599 MD N1EK 599 MD
QSO: 14098 RY 2025-01-04 2059 W2CDO 599 MD AA4DD 599 TN
QSO: 14098 RY 2025-01-04 2059 W2CDO 599 MD WN7S 599 VA
QSO: 14098 RY 2025-01-04 2100 W2CDO 599 MD KA3MTT 599 KY
QSO: 14098 RY 2025-01-04 2100 W2CDO 599 MD EA4BAS 599 0097
QSO: 14098 RY 2025-01-04 2101 W2CDO 599 MD K0NC 599 NE
QSO: 14098 RY 2025-01-04 2101 W2CDO 599 MD N1SOH 599 MA
QSO: 14098 RY 2025-01-04 2102 W2CDO 599 MD KA2JAI 599 MD
QSO: 14098 RY 2025-01-04 2102 W2CDO 599 MD KD2NQV 599 NY
QSO: 14098 RY 2025-01-04 2103 W2CDO 599 MD NW8S 599 OH
QSO: 14098 RY 2025-01-04 2103 W2CDO 599 MD KI6DY 599 OH
QSO: 14098 RY 2025-01-04 2104 W2CDO 599 MD KV3W 599 VA
QSO: 14098 RY 2025-01-04 2104 W2CDO 599 MD WA3SWJ 599 MA
QSO: 14098 RY 2025-01-04 2105 W2CDO 599 MD KM4FO 599 KY
QSO: 14098 RY 2025-01-04 2106 W2CDO 599 MD EA1B 599 0083
QSO: 14098 RY 2025-01-04 2106 W2CDO 599 MD WX8S 599 OH
QSO: 14098 RY 2025-01-04 2108 W2CDO 599 MD VE2EZD 599 QC
QSO: 14098 RY 2025-01-04 2108 W2CDO 599 MD W4PJW 599 VA
QSO: 14098 RY 2025-01-04 2109 W2CDO 599 MD NA5NN 599 MS
QSO: 14098 RY 2025-01-04 2110 W2CDO 599 MD KF2TI 599 NJ
QSO: 14098 RY 2025-01-04 2112 W2CDO 599 MD K5VIP 599 VA
QSO: 14098 RY 2025-01-04 2112 W2CDO 599 MD EA4GOY 599 0317
QSO: 14098 RY 2025-01-04 2113 W2CDO 599 MD KB9S 599 WI
QSO: 14098 RY 2025-01-04 2114 W2CDO 599 MD K2TV 599 VA
QSO: 14098 RY 2025-01-04 2115 W2CDO 599 MD N3RF 599 PA
QSO: 14098 RY 2025-01-04 2116 W2CDO 599 MD N2MA 599 PA
QSO: 14113 RY 2025-01-04 2117 W2CDO 599 MD KI1G 599 RI
QSO: 14121 RY 2025-01-04 2118 W2CDO 599 MD AA3R 599 NJ
QSO: 14114 RY 2025-01-04 2118 W2CDO 599 MD K8RCT 599 MI
QSO: 14107 RY 2025-01-04 2119 W2CDO 599 MD VK3JA 599 0030
QSO: 14087 RY 2025-01-04 2121 W2CDO 599 MD OZ11A 599 0149
QSO: 14098 RY 2025-01-04 2121 W2CDO 599 MD CT7BJG 599 0137
QSO: 14111 RY 2025-01-04 2122 W2CDO 599 MD NC4S 599 NC
QSO: 14103 RY 2025-01-04 2122 W2CDO 599 MD KC4HW 599 AL
QSO: 14103 RY 2025-01-04 2123 W2CDO 599 MD KC4HW 599 AL
QSO: 21108 RY 2025-01-04 2206 W2CDO 599 MD OH5Z 599 0192
QSO: 21116 RY 2025-01-04 2206 W2CDO 599 MD VE9AA 599 NB
QSO: 21082 RY 2025-01-04 2207 W2CDO 599 MD W1SJ 599 VT
QSO: 21115 RY 2025-01-04 2209 W2CDO 599 MD PJ4R 599 0521
QSO: 28112 RY 2025-01-04 2210 W2CDO 599 MD YV5BRB 599 0015
QSO: 28123 RY 2025-01-04 2211 W2CDO 599 MD WP3C 599 0332
QSO: 28099 RY 2025-01-04 2211 W2CDO 599 MD D4L 599 0408
QSO: 28102 RY 2025-01-04 2212 W2CDO 599 MD CO8ZZ 599 0111
QSO: 28102 RY 2025-01-04 2213 W2CDO 599 MD TI1M 599 0021
QSO: 28082 RY 2025-01-04 2215 W2CDO 599 MD KH6TU 599 0052
QSO: 14101 RY 2025-01-04 2217 W2CDO 599 MD IT9RGY 599 0203
QSO: 14098 RY 2025-01-04 2219 W2CDO 599 MD W7ZR 599 NV
QSO: 14098 RY 2025-01-04 2219 W2CDO 599 MD K1DC 599 MA
QSO: 14098 RY 2025-01-04 2219 W2CDO 599 MD NI1Q 599 CT
QSO: 14098 RY 2025-01-04 2220 W2CDO 599 MD W5VEK 599 TX
QSO: 14098 RY 2025-01-04 2220 W2CDO 599 MD W9LU 599 IN
QSO: 14098 RY 2025-01-04 2221 W2CDO 599 MD N2PX 599 NC
QSO: 14098 RY 2025-01-04 2222 W2CDO 599 MD N3QE 599 MD
QSO: 14098 RY 2025-01-04 2222 W2CDO 599 MD NV0S 599 CO
QSO: 14098 RY 2025-01-04 2223 W2CDO 599 MD K7JQ 599 AZ
QSO: 14098 RY 2025-01-04 2223 W2CDO 599 MD WQ3O 599 PA
QSO: 14098 RY 2025-01-04 2224 W2CDO 599 MD W9TD 599 IL
QSO: 14098 RY 2025-01-04 2225 W2CDO 599 MD W1CRB 599 MA
QSO: 14098 RY 2025-01-04 2225 W2CDO 599 MD N4NTO 599 NC
QSO: 14098 RY 2025-01-04 2226 W2CDO 599 MD KP4JFR 599 0040
QSO: 14098 RY 2025-01-04 2226 W2CDO 599 MD NN4RB 599 VA
QSO: 14098 RY 2025-01-04 2227 W2CDO 599 MD VA3SB 599 ON
QSO: 14098 RY 2025-01-04 2227 W2CDO 599 MD KC9TQR 599 WI
QSO: 14098 RY 2025-01-04 2228 W2CDO 599 MD ND7K 599 AZ
QSO: 14098 RY 2025-01-04 2229 W2CDO 599 MD JA1OVD 599 0027
QSO: 14098 RY 2025-01-04 2230 W2CDO 599 MD K9YY 599 IL
QSO: 14098 RY 2025-01-04 2230 W2CDO 599 MD KG5EG 599 IL
QSO: 14098 RY 2025-01-04 2231 W2CDO 599 MD VE2PI 599 QC
QSO: 14098 RY 2025-01-04 2231 W2CDO 599 MD WB4VFL 599 TN
QSO: 14098 RY 2025-01-04 2232 W2CDO 599 MD NA4DA 599 FL
QSO: 14098 RY 2025-01-04 2233 W2CDO 599 MD N9LQ 599 IL
QSO: 14098 RY 2025-01-04 2233 W2CDO 599 MD WB5K 599 TX
QSO: 14098 RY 2025-01-04 2233 W2CDO 599 MD WA3LXD 599 FL
QSO: 14098 RY 2025-01-04 2235 W2CDO 599 MD W3TB 599 TN
QSO: 14098 RY 2025-01-04 2235 W2CDO 599 MD AA4R 599 NC
QSO: 14098 RY 2025-01-04 2236 W2CDO 599 MD WB0ULX 599 SD
QSO: 14098 RY 2025-01-04 2236 W2CDO 599 MD NR2C 599 NY
QSO: 14098 RY 2025-01-04 2238 W2CDO 599 MD W7GES 599 AZ
QSO: 14098 RY 2025-01-04 2238 W2CDO 599 MD K2TE 599 FL
QSO: 14098 RY 2025-01-04 2240 W2CDO 599 MD K5EK 599 NC
QSO: 14098 RY 2025-01-04 2240 W2CDO 599 MD AJ4VE 599 GA
QSO: 14098 RY 2025-01-04 2241 W2CDO 599 MD AA5KD 599 OK
QSO: 14098 RY 2025-01-04 2241 W2CDO 599 MD CT1BXT 599 0079
QSO: 14098 RY 2025-01-04 2243 W2CDO 599 MD N9SJ 599 IL
QSO: 14098 RY 2025-01-04 2243 W2CDO 599 MD WD5DBV 599 LA
QSO: 14098 RY 2025-01-04 2244 W2CDO 599 MD KI6WJ 599 NV
QSO: 14098 RY 2025-01-04 2244 W2CDO 599 MD WB9VGO 599 IL
QSO: 14098 RY 2025-01-04 2245 W2CDO 599 MD VE3TM 599 ON
QSO: 14098 RY 2025-01-04 2245 W2CDO 599 MD WO9B 599 WI
QSO: 14098 RY 2025-01-04 2246 W2CDO 599 MD KC0INP 599 MN
QSO: 14098 RY 2025-01-04 2246 W2CDO 599 MD N1IVY 599 ME
QSO: 14098 RY 2025-01-04 2246 W2CDO 599 MD W9AV 599 WI
QSO: 14098 RY 2025-01-04 2247 W2CDO 599 MD AA5AU 599 LA
QSO: 14098 RY 2025-01-04 2247 W2CDO 599 MD VA4HZ 599 MB
QSO: 14098 RY 2025-01-04 2248 W2CDO 599 MD W1ARY 599 CT
QSO: 14098 RY 2025-01-04 2251 W2CDO 599 MD W5XY 599 OK
QSO: 14098 RY 2025-01-04 2251 W2CDO 599 MD K6TQ 599 CA
QSO: 14098 RY 2025-01-04 2252 W2CDO 599 MD NK5G 599 TX
QSO: 14098 RY 2025-01-04 2252 W2CDO 599 MD K9SAT 599 AZ
QSO: 14098 RY 2025-01-04 2253 W2CDO 599 MD W0TY 599 MO
QSO: 14098 RY 2025-01-04 2254 W2CDO 599 MD N3ZU 599 CA
QSO: 14098 RY 2025-01-04 2254 W2CDO 599 MD W6SX 599 CA
QSO: 14098 RY 2025-01-04 2255 W2CDO 599 MD N0UR 599 MN
QSO: 14098 RY 2025-01-04 2255 W2CDO 599 MD N5HOT 599 TN
QSO: 14098 RY 2025-01-04 2256 W2CDO 599 MD N9EP 599 IL
QSO: 14098 RY 2025-01-04 2256 W2CDO 599 MD K0DSL 599 MN
QSO: 14098 RY 2025-01-04 2257 W2CDO 599 MD W3KB 599 PA
QSO: 14098 RY 2025-01-04 2259 W2CDO 599 MD KY0Q 599 IL
QSO: 14098 RY 2025-01-04 2300 W2CDO 599 MD KB0IFX 599 IA
QSO: 14098 RY 2025-01-04 2301 W2CDO 599 MD WB9HFK 599 IL
QSO: 14098 RY 2025-01-04 2302 W2CDO 599 MD W1MJ 599 MI
QSO: 14098 RY 2025-01-04 2303 W2CDO 599 MD N9JYJ 599 OK
QSO: 14098 RY 2025-01-04 2304 W2CDO 599 MD W6KGP 599 WY
QSO: 14098 RY 2025-01-04 2304 W2CDO 599 MD VE3NE 599 ON
QSO: 14098 RY 2025-01-04 2305 W2CDO 599 MD WB8SIG 599 OH
QSO: 14098 RY 2025-01-04 2306 W2CDO 599 MD K0VW/4 599 GA
QSO: 14098 RY 2025-01-04 2306 W2CDO 599 MD VE3GTM 599 ON
QSO: 14098 RY 2025-01-04 2307 W2CDO 599 MD TI3DK 599 0020
QSO: 14098 RY 2025-01-04 2308 W2CDO 599 MD KA4OTB 599 AR
QSO: 14098 RY 2025-01-04 2308 W2CDO 599 MD N8TW 599 MI
QSO: 14098 RY 2025-01-04 2311 W2CDO 599 MD K0RJK 599 CO
QSO: 14098 RY 2025-01-04 2311 W2CDO 599 MD AE4ED 599 AL
QSO: 14098 RY 2025-01-04 2312 W2CDO 599 MD W3UWU 599 TN
QSO: 14098 RY 2025-01-04 2312 W2CDO 599 MD KR0P 599 NE
QSO: 14098 RY 2025-01-04 2313 W2CDO 599 MD N2BJ 599 IL
QSO: 14098 RY 2025-01-04 2315 W2CDO 599 MD KW4LU 599 TN
QSO: 14101 RY 2025-01-04 2319 W2CDO 599 MD XE2V 599 0035
QSO: 14083 RY 2025-01-04 2321 W2CDO 599 MD P49X 599 0986
QSO: 14105 RY 2025-01-04 2322 W2CDO 599 MD W4BBT 599 NC
QSO: 7082 RY 2025-01-04 2352 W2CDO 599 MD T77CX 599 0199
QSO: 7052 RY 2025-01-04 2353 W2CDO 599 MD SN7Q 599 0352
QSO: 7062 RY 2025-01-04 2353 W2CDO 599 MD OK7O 599 0309
QSO: 7054 RY 2025-01-04 2354 W2CDO 599 MD N0YY 599 VA
QSO: 7055 RY 2025-01-04 2355 W2CDO 599 MD F4HRG 599 0056
QSO: 7066 RY 2025-01-04 2355 W2CDO 599 MD DP9A 599 0244
QSO: 7060 RY 2025-01-04 2356 W2CDO 599 MD UB7K 599 0339
QSO: 7069 RY 2025-01-04 2358 W2CDO 599 MD EI7M 599 0398
QSO: 7062 RY 2025-01-05 0002 W2CDO 599 MD KW1X 599 MA
QSO: 7063 RY 2025-01-05 0002 W2CDO 599 MD K0SM 599 NY
QSO: 7068 RY 2025-01-05 0003 W2CDO 599 MD OM2ADM 599 0268
QSO: 7068 RY 2025-01-05 0004 W2CDO 599 MD WA1FCN 599 AL
QSO: 7071 RY 2025-01-05 0004 W2CDO 599 MD GW0A 599 0073
QSO: 7073 RY 2025-01-05 0006 W2CDO 599 MD EA2CCG 599 0039
QSO: 7071 RY 2025-01-05 0007 W2CDO 599 MD N1MGO 599 MA
QSO: 7073 RY 2025-01-05 0008 W2CDO 599 MD KC2WUF 599 NJ
QSO: 7073 RY 2025-01-05 0009 W2CDO 599 MD IK3ORD 599 0290
QSO: 7073 RY 2025-01-05 0009 W2CDO 599 MD KI6DY 599 OH
QSO: 7073 RY 2025-01-05 0010 W2CDO 599 MD WA4LDU 599 SC
QSO: 7073 RY 2025-01-05 0010 W2CDO 599 MD WA3JR 599 MD
QSO: 7073 RY 2025-01-05 0010 W2CDO 599 MD DQ9Y 599 0291
QSO: 7073 RY 2025-01-05 0011 W2CDO 599 MD IV3WMS 599 0187
QSO: 7073 RY 2025-01-05 0011 W2CDO 599 MD K4MI 599 VA
QSO: 7073 RY 2025-01-05 0012 W2CDO 599 MD K9SE 599 IN
QSO: 7073 RY 2025-01-05 0012 W2CDO 599 MD N8WXQ 599 PA
QSO: 7073 RY 2025-01-05 0013 W2CDO 599 MD N3MN 599 VA
QSO: 7082 RY 2025-01-05 0017 W2CDO 599 MD WA2TMC 599 NY
QSO: 7083 RY 2025-01-05 0017 W2CDO 599 MD NG1M 599 RI
QSO: 7086 RY 2025-01-05 0019 W2CDO 599 MD KK9V 599 IN
QSO: 7091 RY 2025-01-05 0020 W2CDO 599 MD AC0C 599 KS
QSO: 7092 RY 2025-01-05 0021 W2CDO 599 MD P49X 599 1139
QSO: 7093 RY 2025-01-05 0021 W2CDO 599 MD AE0DX 599 IA
QSO: 7094 RY 2025-01-05 0022 W2CDO 599 MD W3KB 599 PA
QSO: 7095 RY 2025-01-05 0023 W2CDO 599 MD W4MLB 599 FL
QSO: 7095 RY 2025-01-05 0023 W2CDO 599 MD WA3YZD 599 PA
QSO: 7095 RY 2025-01-05 0024 W2CDO 599 MD ON4FF 599 0022
QSO: 7095 RY 2025-01-05 0025 W2CDO 599 MD N0LMQ 599 MO
QSO: 7095 RY 2025-01-05 0026 W2CDO 599 MD VA1UAV 599 NS
QSO: 7095 RY 2025-01-05 0026 W2CDO 599 MD K9WX 599 IN
QSO: 7095 RY 2025-01-05 0028 W2CDO 599 MD PY5AMK 599 0016
QSO: 7095 RY 2025-01-05 0028 W2CDO 599 MD KC9TZO 599 WI
QSO: 7095 RY 2025-01-05 0029 W2CDO 599 MD NA4DA 599 FL
QSO: 7095 RY 2025-01-05 0031 W2CDO 599 MD KV0I 599 NE
QSO: 7095 RY 2025-01-05 0033 W2CDO 599 MD KB8LKH 599 OH
QSO: 7095 RY 2025-01-05 0033 W2CDO 599 MD WD0T 599 SD
QSO: 7095 RY 2025-01-05 0034 W2CDO 599 MD VA3WB 599 ON
QSO: 7095 RY 2025-01-05 0035 W2CDO 599 MD AE4ED 599 AL
QSO: 7095 RY 2025-01-05 0036 W2CDO 599 MD NK5G 599 TX
QSO: 7095 RY 2025-01-05 0036 W2CDO 599 MD K5VIP 599 VA
QSO: 7095 RY 2025-01-05 0037 W2CDO 599 MD CO3VR 599 0100
QSO: 7095 RY 2025-01-05 0038 W2CDO 599 MD K0TQ 599 IN
QSO: 7095 RY 2025-01-05 0038 W2CDO 599 MD N9CK 599 WI
QSO: 7095 RY 2025-01-05 0039 W2CDO 599 MD VA3LR 599 ON
QSO: 7095 RY 2025-01-05 0039 W2CDO 599 MD NJ4P 599 TN
QSO: 7095 RY 2025-01-05 0040 W2CDO 599 MD W4OX 599 FL
QSO: 7095 RY 2025-01-05 0040 W2CDO 599 MD W0ZA 599 NE
QSO: 7095 RY 2025-01-05 0041 W2CDO 599 MD KO4NOL 599 TN
QSO: 7095 RY 2025-01-05 0041 W2CDO 599 MD VE3FH 599 ON
QSO: 7095 RY 2025-01-05 0042 W2CDO 599 MD WA5POK 599 TN
QSO: 7095 RY 2025-01-05 0043 W2CDO 599 MD KA1DAX 599 ME
QSO: 7095 RY 2025-01-05 0045 W2CDO 599 MD EI2FG 599 0065
QSO: 7095 RY 2025-01-05 0045 W2CDO 599 MD WO9B 599 WI
QSO: 7095 RY 2025-01-05 0046 W2CDO 599 MD W4WWQ 599 VA
QSO: 7095 RY 2025-01-05 0048 W2CDO 599 MD K9YY 599 IL
QSO: 7095 RY 2025-01-05 0050 W2CDO 599 MD OL7P 599 0067
QSO: 7095 RY 2025-01-05 0050 W2CDO 599 MD VE3MGY 599 ON
QSO: 7095 RY 2025-01-05 0051 W2CDO 599 MD IK2OWB 599 0128
QSO: 7095 RY 2025-01-05 0052 W2CDO 599 MD N9JYJ 599 OK
QSO: 7095 RY 2025-01-05 0052 W2CDO 599 MD W1BOY 599 ME
QSO: 7095 RY 2025-01-05 0053 W2CDO 599 MD N9EP 599 IL
QSO: 7095 RY 2025-01-05 0053 W2CDO 599 MD AC2XC 599 NY
QSO: 7095 RY 2025-01-05 0054 W2CDO 599 MD WB1DMK 599 CT
QSO: 7095 RY 2025-01-05 0056 W2CDO 599 MD WA0LPV 599 MN
QSO: 7095 RY 2025-01-05 0057 W2CDO 599 MD WB2COY 599 NY
QSO: 7095 RY 2025-01-05 0059 W2CDO 599 MD WT9U 599 IN
QSO: 7095 RY 2025-01-05 0101 W2CDO 599 MD AB9YC 599 IL
QSO: 7097 RY 2025-01-05 0101 W2CDO 599 MD KM4OQO 599 VA
QSO: 7098 RY 2025-01-05 0102 W2CDO 599 MD N8CL 599 NY
QSO: 7099 RY 2025-01-05 0103 W2CDO 599 MD PJ4R 599 0727
QSO: 7100 RY 2025-01-05 0103 W2CDO 599 MD NN1D 599 NH
QSO: 7095 RY 2025-01-05 0105 W2CDO 599 MD K0RC 599 MN
QSO: 7092 RY 2025-01-05 0106 W2CDO 599 MD YT3D 599 0345
QSO: 7090 RY 2025-01-05 0107 W2CDO 599 MD K8RCT 599 MI
QSO: 7088 RY 2025-01-05 0107 W2CDO 599 MD N0AT 599 MN
QSO: 7085 RY 2025-01-05 0108 W2CDO 599 MD W1IE 599 VA
QSO: 7080 RY 2025-01-05 0109 W2CDO 599 MD N1RR 599 MA
QSO: 7079 RY 2025-01-05 0109 W2CDO 599 MD AA4LR 599 GA
QSO: 7070 RY 2025-01-05 0110 W2CDO 599 MD W7RN 599 NV
QSO: 7066 RY 2025-01-05 0111 W2CDO 599 MD W6RW 599 AZ
QSO: 7065 RY 2025-01-05 0111 W2CDO 599 MD W3TB 599 TN
QSO: 7064 RY 2025-01-05 0112 W2CDO 599 MD EA5DFV 599 0110
QSO: 7062 RY 2025-01-05 0113 W2CDO 599 MD N0HJZ 599 MN
QSO: 7060 RY 2025-01-05 0114 W2CDO 599 MD AA3B 599 PA
QSO: 7056 RY 2025-01-05 0116 W2CDO 599 MD IV3UHL 599 0027
QSO: 7054 RY 2025-01-05 0116 W2CDO 599 MD K2QB 599 NY
QSO: 7054 RY 2025-01-05 0117 W2CDO 599 MD N8CWU 599 OH
QSO: 7052 RY 2025-01-05 0118 W2CDO 599 MD WC1X 599 WV
QSO: 7047 RY 2025-01-05 0121 W2CDO 599 MD EA8DO 599 0460
QSO: 7046 RY 2025-01-05 0121 W2CDO 599 MD KI0F 599 MN
QSO: 7042 RY 2025-01-05 0123 W2CDO 599 MD K8BZ 599 MI
QSO: 7042 RY 2025-01-05 0123 W2CDO 599 MD WB8JUI 599 OH
QSO: 7041 RY 2025-01-05 0124 W2CDO 599 MD N1KM 599 RI
QSO: 7036 RY 2025-01-05 0125 W2CDO 599 MD N2BJ 599 IL
QSO: 7107 RY 2025-01-05 0202 W2CDO 599 MD VO2AC 599 LB
QSO: 7106 RY 2025-01-05 0203 W2CDO 599 MD K0TG 599 MN
QSO: 7105 RY 2025-01-05 0203 W2CDO 599 MD N2MA 599 PA
QSO: 7100 RY 2025-01-05 0205 W2CDO 599 MD NW8S 599 OH
QSO: 7100 RY 2025-01-05 0206 W2CDO 599 MD K5CS 599 AR
QSO: 7100 RY 2025-01-05 0206 W2CDO 599 MD AA4DD 599 TN
QSO: 7100 RY 2025-01-05 0207 W2CDO 599 MD NI1Q 599 CT
QSO: 7100 RY 2025-01-05 0208 W2CDO 599 MD K4EA 599 GA
QSO: 7100 RY 2025-01-05 0208 W2CDO 599 MD N9LQ 599 IL
QSO: 7100 RY 2025-01-05 0209 W2CDO 599 MD K8RGI 599 OH
QSO: 7100 RY 2025-01-05 0209 W2CDO 599 MD N9SJ 599 IL
QSO: 7100 RY 2025-01-05 0211 W2CDO 599 MD KS9J 599 IN
QSO: 7100 RY 2025-01-05 0211 W2CDO 599 MD NW8S 599 OH
QSO: 7100 RY 2025-01-05 0212 W2CDO 599 MD AD8Y 599 OH
QSO: 7100 RY 2025-01-05 0214 W2CDO 599 MD WB9VGO 599 IL
QSO: 7100 RY 2025-01-05 0215 W2CDO 599 MD WA8MCD 599 MI
QSO: 7100 RY 2025-01-05 0215 W2CDO 599 MD N9TF 599 TN
QSO: 7100 RY 2025-01-05 0217 W2CDO 599 MD N5NA 599 TX
QSO: 7098 RY 2025-01-05 0218 W2CDO 599 MD AI9T 599 IL
QSO: 7097 RY 2025-01-05 0219 W2CDO 599 MD AG4TT 599 NC
QSO: 7095 RY 2025-01-05 0220 W2CDO 599 MD N8RGA 599 MI
QSO: 7094 RY 2025-01-05 0221 W2CDO 599 MD K4VIG 599 TN
QSO: 7092 RY 2025-01-05 0221 W2CDO 599 MD NG7M 599 UT
QSO: 7088 RY 2025-01-05 0222 W2CDO 599 MD N3QE 599 MD
QSO: 7084 RY 2025-01-05 0223 W2CDO 599 MD N4ZZ 599 TN
QSO: 7082 RY 2025-01-05 0224 W2CDO 599 MD AB0S 599 NE
QSO: 7079 RY 2025-01-05 0224 W2CDO 599 MD IW0RLC 599 0063
QSO: 7063 RY 2025-01-05 0227 W2CDO 599 MD N5YT 599 MS
QSO: 7061 RY 2025-01-05 0227 W2CDO 599 MD VE3DN 599 ON
QSO: 7061 RY 2025-01-05 0228 W2CDO 599 MD W4GKM 599 TN
QSO: 7059 RY 2025-01-05 0228 W2CDO 599 MD AC6ZM 599 TN
QSO: 7050 RY 2025-01-05 0229 W2CDO 599 MD KG9X 599 IL
QSO: 7048 RY 2025-01-05 0230 W2CDO 599 MD N1IXF 599 CT
QSO: 7046 RY 2025-01-05 0231 W2CDO 599 MD N0XR 599 IA
QSO: 7044 RY 2025-01-05 0232 W2CDO 599 MD KR0P 599 NE
QSO: 7044 RY 2025-01-05 0233 W2CDO 599 MD N5RZ 599 TX
QSO: 7042 RY 2025-01-05 0233 W2CDO 599 MD NN1SS 599 NH
QSO: 7039 RY 2025-01-05 0234 W2CDO 599 MD W0GJ 599 IA
QSO: 7042 RY 2025-01-05 0236 W2CDO 599 MD AD4ES 599 FL
QSO: 7051 RY 2025-01-05 0236 W2CDO 599 MD KY7M 599 AZ
QSO: 7052 RY 2025-01-05 0237 W2CDO 599 MD K0WA 599 KS
QSO: 7065 RY 2025-01-05 0238 W2CDO 599 MD N9OK 599 IL
QSO: 7067 RY 2025-01-05 0239 W2CDO 599 MD N4CW 599 NC
QSO: 7067 RY 2025-01-05 0240 W2CDO 599 MD NN3RP 599 DC
QSO: 7066 RY 2025-01-05 0242 W2CDO 599 MD W4CFS 599 FL
QSO: 7068 RY 2025-01-05 0244 W2CDO 599 MD W1RH 599 CA
QSO: 7068 RY 2025-01-05 0244 W2CDO 599 MD K3AJ 599 MD
QSO: 7070 RY 2025-01-05 0245 W2CDO 599 MD KA4RRU 599 VA
QSO: 7073 RY 2025-01-05 0246 W2CDO 599 MD VE3KTB 599 ON
QSO: 7100 RY 2025-01-05 0247 W2CDO 599 MD 9A5Y 599 0054
QSO: 3577 RY 2025-01-05 0249 W2CDO 599 MD N8EA 599 MI
QSO: 3580 RY 2025-01-05 0251 W2CDO 599 MD WY3A 599 PA
QSO: 3583 RY 2025-01-05 0252 W2CDO 599 MD K4MI 599 VA
QSO: 3585 RY 2025-01-05 0252 W2CDO 599 MD AA5AU 599 LA
QSO: 3586 RY 2025-01-05 0253 W2CDO 599 MD KH7X/W7 599 AZ
QSO: 3588 RY 2025-01-05 0254 W2CDO 599 MD NA2NY 599 NY
QSO: 3589 RY 2025-01-05 0255 W2CDO 599 MD W4GKM 599 TN
QSO: 3589 RY 2025-01-05 0255 W2CDO 599 MD KC0VTJ 599 KS
QSO: 3590 RY 2025-01-05 0256 W2CDO 599 MD K4EA 599 GA
QSO: 3592 RY 2025-01-05 0256 W2CDO 599 MD K1LZ 599 ME
QSO: 3592 RY 2025-01-05 0257 W2CDO 599 MD AD4TJ 599 VA
QSO: 3595 RY 2025-01-05 0259 W2CDO 599 MD N6AR 599 FL
QSO: 3597 RY 2025-01-05 0259 W2CDO 599 MD WB8JUI 599 OH
QSO: 3599 RY 2025-01-05 0300 W2CDO 599 MD KB1W 599 MA
QSO: 3600 RY 2025-01-05 0301 W2CDO 599 MD W2FU 599 NY
QSO: 3598 RY 2025-01-05 0301 W2CDO 599 MD KM4OQO 599 VA
QSO: 3597 RY 2025-01-05 0302 W2CDO 599 MD N0MG 599 MO
QSO: 3593 RY 2025-01-05 0302 W2CDO 599 MD K3SV 599 FL
QSO: 3592 RY 2025-01-05 0305 W2CDO 599 MD KE0L 599 TN
QSO: 3591 RY 2025-01-05 0306 W2CDO 599 MD N0TA 599 CO
QSO: 3589 RY 2025-01-05 0306 W2CDO 599 MD ND2T 599 CA
QSO: 3588 RY 2025-01-05 0307 W2CDO 599 MD WT9U 599 IN
QSO: 3588 RY 2025-01-05 0308 W2CDO 599 MD W4TM 599 GA
QSO: 3584 RY 2025-01-05 0308 W2CDO 599 MD WC1X 599 WV
QSO: 3583 RY 2025-01-05 0309 W2CDO 599 MD KI6DY 599 OH
QSO: 3582 RY 2025-01-05 0309 W2CDO 599 MD N5RP 599 IL
QSO: 3582 RY 2025-01-05 0310 W2CDO 599 MD AA3B 599 PA
QSO: 3581 RY 2025-01-05 0310 W2CDO 599 MD W0LSD 599 CO
QSO: 3576 RY 2025-01-05 0311 W2CDO 599 MD W9SN 599 TN
QSO: 3569 RY 2025-01-05 0312 W2CDO 599 MD VA1TTY 599 NS
QSO: 3591 RY 2025-01-05 0316 W2CDO 599 MD WA1FCN 599 AL
QSO: 3592 RY 2025-01-05 0316 W2CDO 599 MD N4QS 599 KY
QSO: 3593 RY 2025-01-05 0317 W2CDO 599 MD K0YR 599 MN
QSO: 3593 RY 2025-01-05 0319 W2CDO 599 MD K8ARY 599 SC
QSO: 3594 RY 2025-01-05 0319 W2CDO 599 MD W3KB 599 PA
QSO: 3594 RY 2025-01-05 0320 W2CDO 599 MD WA8MCD 599 MI
QSO: 3595 RY 2025-01-05 0321 W2CDO 599 MD NN1SS 599 NH
QSO: 3596 RY 2025-01-05 0321 W2CDO 599 MD NW8S 599 OH
QSO: 3596 RY 2025-01-05 0322 W2CDO 599 MD NW3L 599 MD
QSO: 3597 RY 2025-01-05 0323 W2CDO 599 MD N0MGK 599 MO
QSO: 3597 RY 2025-01-05 0323 W2CDO 599 MD AE0DX 599 IA
QSO: 3599 RY 2025-01-05 0324 W2CDO 599 MD NR2C 599 NY
QSO: 7110 RY 2025-01-05 0325 W2CDO 599 MD KG4IGC 599 SC
QSO: 7042 RY 2025-01-05 0328 W2CDO 599 MD NN9DD 599 GA
QSO: 7042 RY 2025-01-05 0329 W2CDO 599 MD W0RX 599 MN
QSO: 7042 RY 2025-01-05 0330 W2CDO 599 MD W0KI 599 CO
QSO: 7042 RY 2025-01-05 0331 W2CDO 599 MD N2NC 599 NJ
QSO: 7042 RY 2025-01-05 0332 W2CDO 599 MD WB5BHS 599 AR
QSO: 7042 RY 2025-01-05 0332 W2CDO 599 MD K7AZT 599 AZ
QSO: 7098 RY 2025-01-05 0334 W2CDO 599 MD 6Y5PW 599 0008
QSO: 7041 RY 2025-01-05 0337 W2CDO 599 MD ZF2SS 599 0822
QSO: 7050 RY 2025-01-05 1017 W2CDO 599 MD W0SD 599 SD
QSO: 3584 RY 2025-01-05 1020 W2CDO 599 MD NJ4P 599 TN
QSO: 3587 RY 2025-01-05 1021 W2CDO 599 MD HI3T 599 0517
QSO: 3595 RY 2025-01-05 1022 W2CDO 599 MD VO1HP 599 NF
QSO: 3596 RY 2025-01-05 1023 W2CDO 599 MD AD4ES 599 FL
QSO: 3593 RY 2025-01-05 1023 W2CDO 599 MD AG4TT 599 NC
QSO: 3592 RY 2025-01-05 1024 W2CDO 599 MD N1MGO 599 MA
QSO: 3583 RY 2025-01-05 1026 W2CDO 599 MD W3ZGD 599 PA
QSO: 3580 RY 2025-01-05 1027 W2CDO 599 MD N9EP 599 IL
QSO: 3581 RY 2025-01-05 1029 W2CDO 599 MD NS4T 599 GA
QSO: 3589 RY 2025-01-05 1032 W2CDO 599 MD WB4DAH 599 FL
QSO: 3589 RY 2025-01-05 1032 W2CDO 599 MD W6JBR 599 CA
QSO: 3589 RY 2025-01-05 1033 W2CDO 599 MD KY7M 599 AZ
QSO: 3589 RY 2025-01-05 1034 W2CDO 599 MD VE1RSM 599 NS
QSO: 3589 RY 2025-01-05 1035 W2CDO 599 MD W4OX 599 FL
QSO: 3589 RY 2025-01-05 1037 W2CDO 599 MD N8XYM 599 OH
QSO: 3590 RY 2025-01-05 1039 W2CDO 599 MD NA4DA 599 FL
QSO: 7051 RY 2025-01-05 1041 W2CDO 599 MD KD9V 599 IN
QSO: 7052 RY 2025-01-05 1045 W2CDO 599 MD HI3T 599 0528
QSO: 3599 RY 2025-01-05 1143 W2CDO 599 MD N2MA 599 PA
QSO: 3595 RY 2025-01-05 1143 W2CDO 599 MD WN7S 599 VA
QSO: 3591 RY 2025-01-05 1144 W2CDO 599 MD K3AJ 599 MD
QSO: 3590 RY 2025-01-05 1145 W2CDO 599 MD NM4AA 599 FL
QSO: 3589 RY 2025-01-05 1145 W2CDO 599 MD W0SD 599 SD
QSO: 3588 RY 2025-01-05 1146 W2CDO 599 MD N7AT 599 AZ
QSO: 3586 RY 2025-01-05 1147 W2CDO 599 MD N1TRK 599 VT
QSO: 3583 RY 2025-01-05 1148 W2CDO 599 MD KD9V 599 IN
QSO: 3583 RY 2025-01-05 1148 W2CDO 599 MD W9YK 599 IL
QSO: 3581 RY 2025-01-05 1149 W2CDO 599 MD K0OO 599 MD
QSO: 3581 RY 2025-01-05 1149 W2CDO 599 MD N6WM 599 CA
QSO: 3580 RY 2025-01-05 1150 W2CDO 599 MD K4QQG 599 SC
QSO: 3579 RY 2025-01-05 1151 W2CDO 599 MD W0PI 599 MN
QSO: 3578 RY 2025-01-05 1152 W2CDO 599 MD N9EP 599 IL
QSO: 3577 RY 2025-01-05 1153 W2CDO 599 MD K9WX 599 IN
QSO: 3577 RY 2025-01-05 1153 W2CDO 599 MD N9WG 599 IN
QSO: 3577 RY 2025-01-05 1154 W2CDO 599 MD N9IO 599 IL
QSO: 3577 RY 2025-01-05 1154 W2CDO 599 MD W9TD 599 IL
QSO: 3577 RY 2025-01-05 1155 W2CDO 599 MD KC9EOQ 599 IL
QSO: 3577 RY 2025-01-05 1156 W2CDO 599 MD N7US 599 IL
QSO: 3577 RY 2025-01-05 1156 W2CDO 599 MD WA8KAN 599 WV
QSO: 3577 RY 2025-01-05 1156 W2CDO 599 MD W2YC 599 NJ
QSO: 3577 RY 2025-01-05 1158 W2CDO 599 MD NK4I 599 TN
QSO: 3582 RY 2025-01-05 1201 W2CDO 599 MD KC9K 599 IL
QSO: 3582 RY 2025-01-05 1201 W2CDO 599 MD K5XH 599 AR
QSO: 3589 RY 2025-01-05 1202 W2CDO 599 MD N3QE 599 MD
QSO: 3592 RY 2025-01-05 1203 W2CDO 599 MD N8CWU 599 OH
QSO: 3594 RY 2025-01-05 1204 W2CDO 599 MD W3FIZ 599 PA
QSO: 3595 RY 2025-01-05 1204 W2CDO 599 MD WS6X 599 VA
QSO: 7050 RY 2025-01-05 1206 W2CDO 599 MD VY2MP 599 PE
QSO: 7050 RY 2025-01-05 1207 W2CDO 599 MD WB3JFS 599 NV
QSO: 7050 RY 2025-01-05 1208 W2CDO 599 MD KD6HOF 599 CA
QSO: 7051 RY 2025-01-05 1209 W2CDO 599 MD NM4AA 599 FL
QSO: 7056 RY 2025-01-05 1209 W2CDO 599 MD N7AT 599 AZ
QSO: 7056 RY 2025-01-05 1210 W2CDO 599 MD AB5EB 599 TX
QSO: 7061 RY 2025-01-05 1211 W2CDO 599 MD ND2T 599 CA
QSO: 7063 RY 2025-01-05 1211 W2CDO 599 MD N6WM 599 CA
QSO: 14094 RY 2025-01-05 1308 W2CDO 599 MD EW8DX 599 0475
QSO: 14110 RY 2025-01-05 1309 W2CDO 599 MD YQ6A 599 0614
QSO: 14114 RY 2025-01-05 1309 W2CDO 599 MD G0TRT 599 0093
QSO: 14117 RY 2025-01-05 1310 W2CDO 599 MD LX1NO 599 0131
QSO: 14119 RY 2025-01-05 1311 W2CDO 599 MD PI4VPO 599 0097
QSO: 21104 RY 2025-01-05 1314 W2CDO 599 MD UT5EPP 599 0535
QSO: 21114 RY 2025-01-05 1315 W2CDO 599 MD LY5W 599 0301
QSO: 21109 RY 2025-01-05 1315 W2CDO 599 MD SV2BFN 599 0404
QSO: 21112 RY 2025-01-05 1316 W2CDO 599 MD LZ2HA 599 0373
QSO: 21103 RY 2025-01-05 1317 W2CDO 599 MD S58M 599 0220
QSO: 14111 RY 2025-01-05 1319 W2CDO 599 MD HA1DAE 599 0108
QSO: 14116 RY 2025-01-05 1320 W2CDO 599 MD VY2MP 599 PE
QSO: 14119 RY 2025-01-05 1321 W2CDO 599 MD M5P 599 0204
QSO: 14109 RY 2025-01-05 1321 W2CDO 599 MD OL5W 599 0081
QSO: 14107 RY 2025-01-05 1322 W2CDO 599 MD OZ59A 599 0227
QSO: 14099 RY 2025-01-05 1325 W2CDO 599 MD W2FU 599 NY
QSO: 14097 RY 2025-01-05 1325 W2CDO 599 MD DP9A 599 0432
QSO: 14095 RY 2025-01-05 1326 W2CDO 599 MD CM8JFL 599 0149
QSO: 14095 RY 2025-01-05 1327 W2CDO 599 MD IP3W 599 0241
QSO: 14093 RY 2025-01-05 1327 W2CDO 599 MD PD2PKM 599 0133
QSO: 14092 RY 2025-01-05 1328 W2CDO 599 MD YT0W 599 0317
QSO: 14091 RY 2025-01-05 1329 W2CDO 599 MD HB9DOS 599 0073
QSO: 14088 RY 2025-01-05 1330 W2CDO 599 MD EA2KU 599 0135
QSO: 14085 RY 2025-01-05 1331 W2CDO 599 MD SO4M 599 0866
QSO: 14120 RY 2025-01-05 1332 W2CDO 599 MD N0HJZ 599 MN
QSO: 14113 RY 2025-01-05 1333 W2CDO 599 MD S58W 599 0094
QSO: 14098 RY 2025-01-05 1335 W2CDO 599 MD EA4AOC 599 0697
QSO: 14090 RY 2025-01-05 1335 W2CDO 599 MD AB5EB 599 TX
QSO: 14088 RY 2025-01-05 1338 W2CDO 599 MD VO1SW 599 NF
QSO: 14088 RY 2025-01-05 1338 W2CDO 599 MD ON3NYL 599 0121
QSO: 14088 RY 2025-01-05 1338 W2CDO 599 MD N9UX 599 WI
QSO: 14088 RY 2025-01-05 1341 W2CDO 599 MD TM3Z 599 1157
QSO: 14088 RY 2025-01-05 1342 W2CDO 599 MD DL3YDP 599 0041
QSO: 14088 RY 2025-01-05 1343 W2CDO 599 MD WA0LIF 599 MN
QSO: 14088 RY 2025-01-05 1343 W2CDO 599 MD K4XL 599 VA
QSO: 14088 RY 2025-01-05 1344 W2CDO 599 MD KS9W 599 IL
QSO: 14088 RY 2025-01-05 1344 W2CDO 599 MD K0EWS 599 IA
QSO: 14088 RY 2025-01-05 1345 W2CDO 599 MD SP1HN 599 0060
QSO: 14088 RY 2025-01-05 1346 W2CDO 599 MD LY6A 599 0104
QSO: 14088 RY 2025-01-05 1348 W2CDO 599 MD AI6O 599 MO
QSO: 14088 RY 2025-01-05 1348 W2CDO 599 MD AD5XD 599 TX
QSO: 14088 RY 2025-01-05 1349 W2CDO 599 MD NX3A 599 VA
QSO: 14088 RY 2025-01-05 1350 W2CDO 599 MD N0BUI 599 MN
QSO: 14088 RY 2025-01-05 1351 W2CDO 599 MD GM0KWW 599 0066
QSO: 14088 RY 2025-01-05 1352 W2CDO 599 MD WA2OTC 599 MD
QSO: 14088 RY 2025-01-05 1352 W2CDO 599 MD VE3EDE 599 ON
QSO: 14088 RY 2025-01-05 1353 W2CDO 599 MD N8QE 599 OH
QSO: 14088 RY 2025-01-05 1354 W2CDO 599 MD N4MCC 599 TN
QSO: 14088 RY 2025-01-05 1355 W2CDO 599 MD W4SYV 599 FL
QSO: 14088 RY 2025-01-05 1355 W2CDO 599 MD N3RM 599 PA
QSO: 14088 RY 2025-01-05 1356 W2CDO 599 MD K9WX 599 IN
QSO: 14088 RY 2025-01-05 1357 W2CDO 599 MD N3ALN 599 MD
QSO: 14088 RY 2025-01-05 1357 W2CDO 599 MD VE4VT 599 MB
QSO: 14088 RY 2025-01-05 1358 W2CDO 599 MD KY7M 599 AZ
QSO: 14088 RY 2025-01-05 1358 W2CDO 599 MD N5ZC 599 TX
QSO: 14088 RY 2025-01-05 1359 W2CDO 599 MD WD0T 599 SD
QSO: 14088 RY 2025-01-05 1400 W2CDO 599 MD AC6ZM 599 TN
QSO: 14088 RY 2025-01-05 1400 W2CDO 599 MD KB9REV 599 IL
QSO: 14088 RY 2025-01-05 1401 W2CDO 599 MD K4JAF 599 GA
QSO: 14088 RY 2025-01-05 1401 W2CDO 599 MD N1MGO 599 MA
QSO: 14088 RY 2025-01-05 1402 W2CDO 599 MD N2KI 599 NY
QSO: 14088 RY 2025-01-05 1403 W2CDO 599 MD WB3JFS 599 NV
QSO: 14088 RY 2025-01-05 1403 W2CDO 599 MD AB0S 599 NE
QSO: 14088 RY 2025-01-05 1404 W2CDO 599 MD NK4I 599 TN
QSO: 14088 RY 2025-01-05 1404 W2CDO 599 MD K0XM 599 MO
QSO: 14088 RY 2025-01-05 1405 W2CDO 599 MD N0UJT 599 NE
QSO: 14088 RY 2025-01-05 1405 W2CDO 599 MD PA3I 599 0155
QSO: 14088 RY 2025-01-05 1408 W2CDO 599 MD VE6BBP 599 AB
QSO: 14088 RY 2025-01-05 1409 W2CDO 599 MD W4SSF 599 TN
QSO: 14088 RY 2025-01-05 1410 W2CDO 599 MD NG0E 599 MN
QSO: 14089 RY 2025-01-05 1411 W2CDO 599 MD AB9YC 599 IL
QSO: 14091 RY 2025-01-05 1411 W2CDO 599 MD DK1WU 599 0027
QSO: 14097 RY 2025-01-05 1413 W2CDO 599 MD WF4W 599 GA
QSO: 14100 RY 2025-01-05 1413 W2CDO 599 MD W4GKM 599 TN
QSO: 14101 RY 2025-01-05 1414 W2CDO 599 MD EA8BW 599 1181
QSO: 14107 RY 2025-01-05 1415 W2CDO 599 MD W0PR 599 MN
QSO: 21078 RY 2025-01-05 1416 W2CDO 599 MD YL2KO 599 0328
QSO: 21080 RY 2025-01-05 1417 W2CDO 599 MD NJ4P 599 TN
QSO: 21082 RY 2025-01-05 1418 W2CDO 599 MD DL8ULF 599 0245
QSO: 21083 RY 2025-01-05 1418 W2CDO 599 MD OM5TX 599 0249
QSO: 21085 RY 2025-01-05 1419 W2CDO 599 MD OZ4GM 599 0120
QSO: 21086 RY 2025-01-05 1420 W2CDO 599 MD SN7Q 599 0586
QSO: 21087 RY 2025-01-05 1421 W2CDO 599 MD EA4HPY 599 0623
QSO: 21088 RY 2025-01-05 1422 W2CDO 599 MD AE7AP 599 MT
QSO: 21089 RY 2025-01-05 1423 W2CDO 599 MD LZ7A 599 0197
QSO: 21091 RY 2025-01-05 1424 W2CDO 599 MD I3FIY 599 0048
QSO: 21091 RY 2025-01-05 1425 W2CDO 599 MD DF8XC 599 0300
QSO: 21092 RY 2025-01-05 1425 W2CDO 599 MD P49X 599 2242
QSO: 21093 RY 2025-01-05 1426 W2CDO 599 MD 9A1CCY 599 0379
QSO: 21093 RY 2025-01-05 1427 W2CDO 599 MD PA2JCB 599 0124
QSO: 21094 RY 2025-01-05 1427 W2CDO 599 MD W4MLB 599 FL
QSO: 21096 RY 2025-01-05 1428 W2CDO 599 MD UB7K 599 0899
QSO: 21097 RY 2025-01-05 1429 W2CDO 599 MD K9CT 599 IL
QSO: 21097 RY 2025-01-05 1430 W2CDO 599 MD K6LL 599 AZ
QSO: 21100 RY 2025-01-05 1431 W2CDO 599 MD YO8DHA 599 0088
QSO: 21100 RY 2025-01-05 1432 W2CDO 599 MD G3ORY 599 0371
QSO: 21101 RY 2025-01-05 1433 W2CDO 599 MD PE1OYB 599 0098
QSO: 21109 RY 2025-01-05 1434 W2CDO 599 MD 5B4AMM 599 0312
QSO: 21103 RY 2025-01-05 1434 W2CDO 599 MD EI7M 599 1219
QSO: 21108 RY 2025-01-05 1436 W2CDO 599 MD DJ9DZ 599 0563
QSO: 21112 RY 2025-01-05 1439 W2CDO 599 MD HB9BTI 599 0047
QSO: 21112 RY 2025-01-05 1440 W2CDO 599 MD KY7M 599 AZ
QSO: 21113 RY 2025-01-05 1440 W2CDO 599 MD YT3D 599 0831
QSO: 21114 RY 2025-01-05 1441 W2CDO 599 MD EA1ACP 599 0529
QSO: 21127 RY 2025-01-05 1444 W2CDO 599 MD W7RN 599 NV
QSO: 21122 RY 2025-01-05 1444 W2CDO 599 MD LX1NO 599 0178
QSO: 21121 RY 2025-01-05 1445 W2CDO 599 MD YQ6A 599 0690
QSO: 28113 RY 2025-01-05 1447 W2CDO 599 MD Z36W 599 0296
QSO: 28084 RY 2025-01-05 1449 W2CDO 599 MD OA4DOS 599 0206
QSO: 28085 RY 2025-01-05 1449 W2CDO 599 MD TI2WMP 599 0169
QSO: 28140 RY 2025-01-05 1450 W2CDO 599 MD PW2L 599 0796
QSO: 28106 RY 2025-01-05 1451 W2CDO 599 MD CT7BJG 599 0482
QSO: 28106 RY 2025-01-05 1452 W2CDO 599 MD HF9M 599 0154
QSO: 28114 RY 2025-01-05 1453 W2CDO 599 MD S54E 599 0385
QSO: 28114 RY 2025-01-05 1453 W2CDO 599 MD G0GQT 599 0297
QSO: 28147 RY 2025-01-05 1535 W2CDO 599 MD IP2A 599 0071
QSO: 28152 RY 2025-01-05 1536 W2CDO 599 MD WZ8P 599 OH
QSO: 28145 RY 2025-01-05 1537 W2CDO 599 MD F5BEG 599 0444
QSO: 28144 RY 2025-01-05 1538 W2CDO 599 MD IK2GZU 599 0073
QSO: 28138 RY 2025-01-05 1539 W2CDO 599 MD T77CX 599 0587
QSO: 28129 RY 2025-01-05 1540 W2CDO 599 MD PA5WT 599 0075
QSO: 28122 RY 2025-01-05 1541 W2CDO 599 MD IQ2DN 599 0460
QSO: 28119 RY 2025-01-05 1542 W2CDO 599 MD N5RZ 599 TX
QSO: 28114 RY 2025-01-05 1543 W2CDO 599 MD PA3DUU 599 0256
QSO: 28112 RY 2025-01-05 1544 W2CDO 599 MD DF4XF 599 0024
QSO: 28109 RY 2025-01-05 1545 W2CDO 599 MD OM3CW 599 0164
QSO: 28105 RY 2025-01-05 1546 W2CDO 599 MD ND7K 599 AZ
QSO: 28103 RY 2025-01-05 1546 W2CDO 599 MD HB9TOC 599 0103
QSO: 28101 RY 2025-01-05 1548 W2CDO 599 MD I4JED 599 0263
QSO: 28099 RY 2025-01-05 1548 W2CDO 599 MD ON5GQ 599 0054
QSO: 28096 RY 2025-01-05 1552 W2CDO 599 MD OK7O 599 1123
QSO: 28090 RY 2025-01-05 1552 W2CDO 599 MD IZ3SQW 599 0435
QSO: 28090 RY 2025-01-05 1553 W2CDO 599 MD DF4WC 599 0093
QSO: 28086 RY 2025-01-05 1556 W2CDO 599 MD WW8L 599 CO
QSO: 28086 RY 2025-01-05 1557 W2CDO 599 MD G8UBJ 599 0069
QSO: 28086 RY 2025-01-05 1558 W2CDO 599 MD OE3TEC 599 0126
QSO: 28086 RY 2025-01-05 1600 W2CDO 599 MD N3AM 599 MD
QSO: 28086 RY 2025-01-05 1600 W2CDO 599 MD K3TN 599 MD
QSO: 28086 RY 2025-01-05 1601 W2CDO 599 MD DM6G 599 0074
QSO: 28086 RY 2025-01-05 1601 W2CDO 599 MD EA4BAS 599 0706
QSO: 28086 RY 2025-01-05 1602 W2CDO 599 MD F4CVO 599 0285
QSO: 28090 RY 2025-01-05 1604 W2CDO 599 MD EA4HPY 599 0712
QSO: 28093 RY 2025-01-05 1605 W2CDO 599 MD KY7M 599 AZ
QSO: 28095 RY 2025-01-05 1607 W2CDO 599 MD EA7TG 599 0101
QSO: 28102 RY 2025-01-05 1608 W2CDO 599 MD DM4X 599 0446
QSO: 28110 RY 2025-01-05 1608 W2CDO 599 MD MW1B 599 0494
QSO: 28111 RY 2025-01-05 1609 W2CDO 599 MD EA8DO 599 0896
QSO: 28113 RY 2025-01-05 1610 W2CDO 599 MD EA8BW 599 1336
QSO: 28121 RY 2025-01-05 1611 W2CDO 599 MD K9CT 599 IL
QSO: 28123 RY 2025-01-05 1612 W2CDO 599 MD W2FU 599 NY
QSO: 21084 RY 2025-01-05 1614 W2CDO 599 MD S58W 599 0244
QSO: 21085 RY 2025-01-05 1614 W2CDO 599 MD HG5D 599 0254
QSO: 21085 RY 2025-01-05 1615 W2CDO 599 MD N0XR 599 IA
QSO: 21098 RY 2025-01-05 1616 W2CDO 599 MD SO4M 599 0132
QSO: 21101 RY 2025-01-05 1617 W2CDO 599 MD OM2ADM 599 1147
QSO: 21133 RY 2025-01-05 1617 W2CDO 599 MD YO9HP 599 0491
QSO: 21110 RY 2025-01-05 1618 W2CDO 599 MD DP9A 599 0394
QSO: 21102 RY 2025-01-05 1619 W2CDO 599 MD DK8ZB 599 0412
QSO: 21102 RY 2025-01-05 1620 W2CDO 599 MD 9A5Y 599 1654
QSO: 21090 RY 2025-01-05 1621 W2CDO 599 MD IZ8EYP 599 0029
QSO: 21111 RY 2025-01-05 1623 W2CDO 599 MD EA8BW 599 1362
QSO: 21107 RY 2025-01-05 1623 W2CDO 599 MD GW5NF 599 0178
QSO: 21105 RY 2025-01-05 1624 W2CDO 599 MD WB0QLU 599 MO
QSO: 21095 RY 2025-01-05 1626 W2CDO 599 MD N9MSG 599 IL
QSO: 28090 RY 2025-01-05 1628 W2CDO 599 MD EA6SK 599 0151
QSO: 28092 RY 2025-01-05 1632 W2CDO 599 MD 7Q2T 599 0118
QSO: 28087 RY 2025-01-05 1634 W2CDO 599 MD AB5EB 599 TX
QSO: 28093 RY 2025-01-05 1636 W2CDO 599 MD NG7M 599 UT
QSO: 28093 RY 2025-01-05 1636 W2CDO 599 MD M0ICR 599 0117
QSO: 28093 RY 2025-01-05 1637 W2CDO 599 MD HB9BUN 599 0030
QSO: 28093 RY 2025-01-05 1637 W2CDO 599 MD CT7AIX 599 0144
QSO: 28093 RY 2025-01-05 1639 W2CDO 599 MD EA8AQV 599 0211
QSO: 28093 RY 2025-01-05 1642 W2CDO 599 MD NC4S 599 NC
QSO: 28093 RY 2025-01-05 1642 W2CDO 599 MD N1RM 599 VA
QSO: 28093 RY 2025-01-05 1642 W2CDO 599 MD AD5LU 599 TX
QSO: 28093 RY 2025-01-05 1643 W2CDO 599 MD DP9A 599 0345
QSO: 28093 RY 2025-01-05 1645 W2CDO 599 MD AC6ZM 599 TN
QSO: 28093 RY 2025-01-05 1647 W2CDO 599 MD NC1M 599 MA
QSO: 28093 RY 2025-01-05 1648 W2CDO 599 MD NN3RP 599 DC
QSO: 28093 RY 2025-01-05 1649 W2CDO 599 MD EA4GOY 599 1450
QSO: 28093 RY 2025-01-05 1650 W2CDO 599 MD CM8JFL 599 0203
QSO: 28129 RY 2025-01-05 1652 W2CDO 599 MD CX6TU 599 0130
QSO: 28109 RY 2025-01-05 1654 W2CDO 599 MD LT4E 599 0083
QSO: 28129 RY 2025-01-05 1654 W2CDO 599 MD ZV1T 599 0524
QSO: 21089 RY 2025-01-05 1953 W2CDO 599 MD ND2T 599 CA
QSO: 14132 RY 2025-01-05 1956 W2CDO 599 MD K3LT 599 DE
QSO: 14127 RY 2025-01-05 1956 W2CDO 599 MD HI3T 599 1163
QSO: 14116 RY 2025-01-05 1958 W2CDO 599 MD N8CWU 599 OH
QSO: 14112 RY 2025-01-05 1959 W2CDO 599 MD W4UK 599 SC
QSO: 14112 RY 2025-01-05 1959 W2CDO 599 MD VE2BVV 599 QC
QSO: 14108 RY 2025-01-05 2001 W2CDO 599 MD K9OM 599 FL
QSO: 14108 RY 2025-01-05 2001 W2CDO 599 MD WB5BHS 599 AR
QSO: 14106 RY 2025-01-05 2002 W2CDO 599 MD KF0UR 599 CO
QSO: 14105 RY 2025-01-05 2003 W2CDO 599 MD K0WA 599 KS
QSO: 14101 RY 2025-01-05 2004 W2CDO 599 MD WA8MCD 599 MI
QSO: 14101 RY 2025-01-05 2005 W2CDO 599 MD AC9S 599 IL
QSO: 14100 RY 2025-01-05 2005 W2CDO 599 MD AB5SE 599 AR
QSO: 14097 RY 2025-01-05 2006 W2CDO 599 MD N6DW 599 VA
QSO: 14096 RY 2025-01-05 2007 W2CDO 599 MD N1RR 599 MA
QSO: 14095 RY 2025-01-05 2007 W2CDO 599 MD N0XR 599 IA
QSO: 14091 RY 2025-01-05 2009 W2CDO 599 MD KO0Z 599 MO
QSO: 14089 RY 2025-01-05 2010 W2CDO 599 MD W1SJ 599 VT
QSO: 14088 RY 2025-01-05 2010 W2CDO 599 MD KD2EFR 599 NY
QSO: 14087 RY 2025-01-05 2011 W2CDO 599 MD N5NA 599 TX
QSO: 14085 RY 2025-01-05 2012 W2CDO 599 MD NN1SS 599 NH
QSO: 14084 RY 2025-01-05 2012 W2CDO 599 MD W7RN 599 NV
QSO: 14087 RY 2025-01-05 2013 W2CDO 599 MD ZF2SS 599 1170
QSO: 14125 RY 2025-01-05 2016 W2CDO 599 MD WW2P 599 NY
QSO: 14125 RY 2025-01-05 2016 W2CDO 599 MD K5CS 599 AR
QSO: 14125 RY 2025-01-05 2017 W2CDO 599 MD AI2U 599 NY
QSO: 14125 RY 2025-01-05 2019 W2CDO 599 MD NF0N 599 NE
QSO: 14125 RY 2025-01-05 2020 W2CDO 599 MD N4TB 599 FL
QSO: 14125 RY 2025-01-05 2021 W2CDO 599 MD N9SB 599 IL
QSO: 14125 RY 2025-01-05 2021 W2CDO 599 MD KN2M 599 NY
QSO: 14125 RY 2025-01-05 2022 W2CDO 599 MD K4SAA 599 CT
QSO: 14125 RY 2025-01-05 2024 W2CDO 599 MD K2DFC 599 NJ
QSO: 14125 RY 2025-01-05 2024 W2CDO 599 MD K9YC 599 CA
QSO: 14125 RY 2025-01-05 2026 W2CDO 599 MD WA8YZB 599 MI
QSO: 14125 RY 2025-01-05 2027 W2CDO 599 MD VE2FK 599 QC
QSO: 14125 RY 2025-01-05 2027 W2CDO 599 MD K1LZ 599 ME
QSO: 14125 RY 2025-01-05 2027 W2CDO 599 MD AG4TT 599 NC
QSO: 14125 RY 2025-01-05 2028 W2CDO 599 MD AD5LU 599 TX
QSO: 14125 RY 2025-01-05 2028 W2CDO 599 MD KG5XR 599 VA
QSO: 14125 RY 2025-01-05 2031 W2CDO 599 MD K9QJS 599 TN
QSO: 14125 RY 2025-01-05 2032 W2CDO 599 MD N8WCP 599 OH
QSO: 14125 RY 2025-01-05 2033 W2CDO 599 MD KM9R 599 NV
QSO: 14125 RY 2025-01-05 2033 W2CDO 599 MD N0KQ 599 CO
QSO: 14125 RY 2025-01-05 2034 W2CDO 599 MD KA0S 599 AL
QSO: 14125 RY 2025-01-05 2034 W2CDO 599 MD N6AR 599 FL
QSO: 14125 RY 2025-01-05 2035 W2CDO 599 MD KD4S 599 SC
QSO: 14125 RY 2025-01-05 2035 W2CDO 599 MD VA3LR 599 ON
QSO: 14125 RY 2025-01-05 2036 W2CDO 599 MD AI4WW 599 FL
QSO: 14125 RY 2025-01-05 2036 W2CDO 599 MD K5TA 599 NM
QSO: 14125 RY 2025-01-05 2038 W2CDO 599 MD N2TU 599 NC
QSO: 14125 RY 2025-01-05 2038 W2CDO 599 MD N5KB 599 IA
QSO: 14125 RY 2025-01-05 2039 W2CDO 599 MD W7RY 599 MO
QSO: 14125 RY 2025-01-05 2039 W2CDO 599 MD VE3KTB 599 ON
QSO: 14125 RY 2025-01-05 2039 W2CDO 599 MD AI0Y 599 ND
QSO: 14125 RY 2025-01-05 2042 W2CDO 599 MD KS1B 599 ME
QSO: 14125 RY 2025-01-05 2042 W2CDO 599 MD W4LC 599 KY
QSO: 14125 RY 2025-01-05 2043 W2CDO 599 MD WQ6X 599 CA
QSO: 14125 RY 2025-01-05 2044 W2CDO 599 MD N6IE 599 CA
QSO: 14125 RY 2025-01-05 2045 W2CDO 599 MD WD1S 599 MA
QSO: 14125 RY 2025-01-05 2046 W2CDO 599 MD W9SN 599 TN
QSO: 14126 RY 2025-01-05 2049 W2CDO 599 MD N8TCP 599 OH
QSO: 14130 RY 2025-01-05 2049 W2CDO 599 MD AD1C 599 CO
QSO: 14132 RY 2025-01-05 2050 W2CDO 599 MD KT3T 599 FL
QSO: 14123 RY 2025-01-05 2051 W2CDO 599 MD N4QS 599 KY
QSO: 14121 RY 2025-01-05 2051 W2CDO 599 MD AD4EB 599 TN
QSO: 14120 RY 2025-01-05 2052 W2CDO 599 MD KK4PJ 599 FL
QSO: 14118 RY 2025-01-05 2053 W2CDO 599 MD WC3N 599 MD
QSO: 14115 RY 2025-01-05 2053 W2CDO 599 MD WC1X 599 WV
QSO: 14111 RY 2025-01-05 2054 W2CDO 599 MD N8RGA 599 MI
QSO: 14110 RY 2025-01-05 2054 W2CDO 599 MD K3AJ 599 MD
QSO: 14105 RY 2025-01-05 2056 W2CDO 599 MD K0IP 599 ID
QSO: 14103 RY 2025-01-05 2056 W2CDO 599 MD W0LSD 599 CO
QSO: 14100 RY 2025-01-05 2057 W2CDO 599 MD VA3IK 599 ON
QSO: 14097 RY 2025-01-05 2059 W2CDO 599 MD N9LAH 599 IL
QSO: 14094 RY 2025-01-05 2100 W2CDO 599 MD N4CW 599 NC
QSO: 14093 RY 2025-01-05 2101 W2CDO 599 MD N9OK 599 IL
QSO: 14091 RY 2025-01-05 2102 W2CDO 599 MD VE9AA 599 NB
QSO: 14090 RY 2025-01-05 2103 W2CDO 599 MD WS4AM 599 FL
QSO: 14085 RY 2025-01-05 2105 W2CDO 599 MD VA3WW 599 ON
QSO: 14081 RY 2025-01-05 2105 W2CDO 599 MD WB4JFS 599 GA
QSO: 14082 RY 2025-01-05 2142 W2CDO 599 MD KB3Z 599 PA
QSO: 14083 RY 2025-01-05 2144 W2CDO 599 MD AC2FA 599 NY
QSO: 14100 RY 2025-01-05 2145 W2CDO 599 MD TI1I 599 0771
QSO: 14100 RY 2025-01-05 2146 W2CDO 599 MD K9MMS 599 IL
QSO: 14098 RY 2025-01-05 2147 W2CDO 599 MD K0GMK 599 MN
QSO: 14098 RY 2025-01-05 2148 W2CDO 599 MD NJ1F 599 NY
QSO: 14098 RY 2025-01-05 2148 W2CDO 599 MD NG7M 599 UT
QSO: 14098 RY 2025-01-05 2149 W2CDO 599 MD VA3PC 599 ON
QSO: 14098 RY 2025-01-05 2150 W2CDO 599 MD NY1V 599 IN
QSO: 14098 RY 2025-01-05 2150 W2CDO 599 MD W1VSX 599 FL
QSO: 14098 RY 2025-01-05 2151 W2CDO 599 MD KA2WIK 599 NY
QSO: 14098 RY 2025-01-05 2152 W2CDO 599 MD KI5PGM 599 TX
QSO: 14098 RY 2025-01-05 2155 W2CDO 599 MD AK2S 599 NJ
QSO: 14098 RY 2025-01-05 2156 W2CDO 599 MD AC8JW 599 MI
QSO: 14098 RY 2025-01-05 2156 W2CDO 599 MD KC9YL 599 WI
QSO: 14098 RY 2025-01-05 2157 W2CDO 599 MD N1NN 599 MA
QSO: 14098 RY 2025-01-05 2158 W2CDO 599 MD WD5FCA 599 AL
QSO: 7055 RY 2025-01-05 2213 W2CDO 599 MD VA2CZ 599 QC
QSO: 7054 RY 2025-01-05 2213 W2CDO 599 MD VA3SB 599 ON
QSO: 7054 RY 2025-01-05 2214 W2CDO 599 MD EA4GOY 599 1741
QSO: 7051 RY 2025-01-05 2215 W2CDO 599 MD AB2E 599 NJ
QSO: 7062 RY 2025-01-05 2216 W2CDO 599 MD OR3A 599 0035
QSO: 7064 RY 2025-01-05 2217 W2CDO 599 MD VE2FK 599 QC
QSO: 7072 RY 2025-01-05 2219 W2CDO 599 MD K3GP 599 OH
QSO: 7083 RY 2025-01-05 2222 W2CDO 599 MD AB8YZ 599 TX
QSO: 14103 RY 2025-01-05 2224 W2CDO 599 MD N0AT 599 MN
QSO: 14104 RY 2025-01-05 2225 W2CDO 599 MD N7ESU 599 ID
QSO: 14105 RY 2025-01-05 2226 W2CDO 599 MD W1WV 599 NY
QSO: 14109 RY 2025-01-05 2227 W2CDO 599 MD W0AAE 599 MN
QSO: 14113 RY 2025-01-05 2228 W2CDO 599 MD KW1X 599 MA
QSO: 14118 RY 2025-01-05 2229 W2CDO 599 MD N5RZ 599 TX
QSO: 14119 RY 2025-01-05 2230 W2CDO 599 MD N4PSE 599 FL
QSO: 14121 RY 2025-01-05 2230 W2CDO 599 MD WA5POK 599 TN
QSO: 14125 RY 2025-01-05 2231 W2CDO 599 MD W5TN 599 TX
QSO: 14133 RY 2025-01-05 2232 W2CDO 599 MD AE0DX 599 IA
QSO: 14134 RY 2025-01-05 2233 W2CDO 599 MD AC0W 599 MN
QSO: 14136 RY 2025-01-05 2233 W2CDO 599 MD K9UC 599 TN
QSO: 14139 RY 2025-01-05 2234 W2CDO 599 MD WT3K 599 MD
QSO: 7083 RY 2025-01-05 2237 W2CDO 599 MD DA0WWA 599 1129
QSO: 7084 RY 2025-01-05 2239 W2CDO 599 MD WA3AAN 599 PA
QSO: 7084 RY 2025-01-05 2239 W2CDO 599 MD N9LAH 599 IL
QSO: 7085 RY 2025-01-05 2240 W2CDO 599 MD W3MLJ 599 PA
QSO: 7086 RY 2025-01-05 2240 W2CDO 599 MD KU2M 599 NJ
QSO: 7087 RY 2025-01-05 2241 W2CDO 599 MD AC2FA 599 NY
QSO: 7089 RY 2025-01-05 2242 W2CDO 599 MD K4SAA 599 CT
QSO: 7091 RY 2025-01-05 2243 W2CDO 599 MD AD4EB 599 TN
QSO: 7093 RY 2025-01-05 2243 W2CDO 599 MD N9MSG 599 IL
QSO: 7094 RY 2025-01-05 2244 W2CDO 599 MD W2FU 599 NY
QSO: 7095 RY 2025-01-05 2245 W2CDO 599 MD K5EK 599 NC
QSO: 7096 RY 2025-01-05 2246 W2CDO 599 MD EA4HPY 599 0905
QSO: 7097 RY 2025-01-05 2246 W2CDO 599 MD N2LK 599 DE
QSO: 7099 RY 2025-01-05 2247 W2CDO 599 MD AC9S 599 IL
QSO: 7100 RY 2025-01-05 2247 W2CDO 599 MD KX1X 599 MA
QSO: 7056 RY 2025-01-05 2250 W2CDO 599 MD KW4J 599 AL
QSO: 7056 RY 2025-01-05 2251 W2CDO 599 MD WD4GBW 599 VA
QSO: 7056 RY 2025-01-05 2252 W2CDO 599 MD W1DYJ 599 MA
QSO: 7056 RY 2025-01-05 2252 W2CDO 599 MD K2RET 599 NJ
QSO: 7056 RY 2025-01-05 2254 W2CDO 599 MD EA7/VE3NZ 599 0283
QSO: 7056 RY 2025-01-05 2255 W2CDO 599 MD TM3Z 599 1694
QSO: 7056 RY 2025-01-05 2255 W2CDO 599 MD N4TII 599 GA
QSO: 7056 RY 2025-01-05 2256 W2CDO 599 MD AC0W 599 MN
QSO: 7056 RY 2025-01-05 2256 W2CDO 599 MD KB2URI 599 NY
QSO: 7056 RY 2025-01-05 2257 W2CDO 599 MD N8UI 599 MI
QSO: 7056 RY 2025-01-05 2257 W2CDO 599 MD K9OM 599 FL
QSO: 7056 RY 2025-01-05 2258 W2CDO 599 MD KM1P 599 NY
QSO: 7056 RY 2025-01-05 2259 W2CDO 599 MD WA8YZB 599 MI
QSO: 7056 RY 2025-01-05 2301 W2CDO 599 MD KB3AAY 599 MD
QSO: 7056 RY 2025-01-05 2302 W2CDO 599 MD KD3TB 599 PA
QSO: 7056 RY 2025-01-05 2302 W2CDO 599 MD CT1BXT 599 0359
QSO: 7056 RY 2025-01-05 2302 W2CDO 599 MD N8GU 599 FL
QSO: 7056 RY 2025-01-05 2303 W2CDO 599 MD KB9REV 599 IL
QSO: 7056 RY 2025-01-05 2303 W2CDO 599 MD KI1G 599 RI
QSO: 7056 RY 2025-01-05 2304 W2CDO 599 MD KF2TI 599 NJ
QSO: 7056 RY 2025-01-05 2304 W2CDO 599 MD K4IU 599 MN
END-OF-LOG: