START-OF-LOG: 3.0
LOCATION: LA
CALLSIGN: N5VU
CLUB: Louisiana Contest Club
CONTEST: CQ-WPX-RTTY
CATEGORY-OPERATOR: SINGLE-OP
CATEGORY-ASSISTED: NON-ASSISTED
CATEGORY-BAND: ALL
CATEGORY-MODE: RTTY
CATEGORY-POWER: HIGH
CATEGORY-STATION: FIXED
CATEGORY-TRANSMITTER: ONE
CLAIMED-SCORE: 150598
OPERATORS: N5VU
NAME: Marcel Livesay
CREATED-BY: N1MM Logger V13.12.0
QSO: 21083 RY 2014-02-08 0001 N5VU          599 0001   KS7AA         599 0003
QSO: 14083 RY 2014-02-08 0009 N5VU          599 0002   W6SFK         599 0014
QSO: 14084 RY 2014-02-08 0011 N5VU          599 0003   WQ6K          599 0011
QSO: 14085 RY 2014-02-08 0011 N5VU          599 0004   VA7AM         599 0007
QSO: 14087 RY 2014-02-08 0014 N5VU          599 0005   KT0DX         599 0016
QSO: 14088 RY 2014-02-08 0015 N5VU          599 0006   W0RAA         599 0010
QSO: 14089 RY 2014-02-08 0017 N5VU          599 0007   TG9ANF        599 0007
QSO: 14089 RY 2014-02-08 0018 N5VU          599 0008   N0NI          599 0020
QSO: 14090 RY 2014-02-08 0019 N5VU          599 0009   KB8O          599 0010
QSO: 14091 RY 2014-02-08 0020 N5VU          599 0010   N2WQ/VE3      599 0011
QSO: 14095 RY 2014-02-08 0021 N5VU          599 0011   VE7CC         599 0052
QSO: 14098 RY 2014-02-08 0024 N5VU          599 0012   AL9A          599 0017
QSO: 14098 RY 2014-02-08 0025 N5VU          599 0013   W2GR          599 0012
QSO: 14101 RY 2014-02-08 0026 N5VU          599 0014   AB4GG         599 0016
QSO: 14104 RY 2014-02-08 0028 N5VU          599 0015   VE7IO         599 0024
QSO: 14108 RY 2014-02-08 0029 N5VU          599 0016   VC7J          599 0018
QSO: 14089 RY 2014-02-08 0034 N5VU          599 0017   K3MJW         599 0026
QSO: 21092 RY 2014-02-08 0036 N5VU          599 0018   PJ2T          599 0046
QSO: 21093 RY 2014-02-08 0037 N5VU          599 0019   KI6VC         599 0043
QSO: 21094 RY 2014-02-08 0039 N5VU          599 0020   WK7S          599 0061
QSO: 21095 RY 2014-02-08 0040 N5VU          599 0021   JR3NZC        599 0047
QSO: 21095 RY 2014-02-08 0042 N5VU          599 0022   K7BTW         599 0038
QSO: 21098 RY 2014-02-08 0043 N5VU          599 0023   W6SX          599 0063
QSO: 21099 RY 2014-02-08 0043 N5VU          599 0024   K3WW          599 0031
QSO: 21106 RY 2014-02-08 0046 N5VU          599 0025   VA7ST         599 0042
QSO: 21107 RY 2014-02-08 0047 N5VU          599 0026   K7TQ          599 0041
QSO: 28082 RY 2014-02-08 1442 N5VU          599 0027   OM7JG         599 0451
QSO: 28083 RY 2014-02-08 1444 N5VU          599 0028   P49X          599 1342
QSO: 28086 RY 2014-02-08 1445 N5VU          599 0029   DK0KC         599 0126
QSO: 28088 RY 2014-02-08 1448 N5VU          599 0030   KF2O          599 0180
QSO: 28091 RY 2014-02-08 1449 N5VU          599 0031   OZ5NJ         599 0470
QSO: 28091 RY 2014-02-08 1451 N5VU          599 0032   9A1A          599 0241
QSO: 28098 RY 2014-02-08 1454 N5VU          599 0033   IZ3SQW        599 0258
QSO: 28102 RY 2014-02-08 1456 N5VU          599 0034   LZ1JZ         599 0318
QSO: 28102 RY 2014-02-08 1457 N5VU          599 0035   IZ3LEY        599 0057
QSO: 28103 RY 2014-02-08 1457 N5VU          599 0036   DQ4W          599 0113
QSO: 28103 RY 2014-02-08 1459 N5VU          599 0037   OM3ROM        599 0524
QSO: 28105 RY 2014-02-08 1459 N5VU          599 0038   DL9NCR        599 0220
QSO: 28106 RY 2014-02-08 1500 N5VU          599 0039   9A5Y          599 0320
QSO: 28108 RY 2014-02-08 1501 N5VU          599 0040   LZ8E          599 0989
QSO: 28109 RY 2014-02-08 1502 N5VU          599 0041   IK8UND        599 0213
QSO: 28109 RY 2014-02-08 1503 N5VU          599 0042   K1SM          599 0082
QSO: 28112 RY 2014-02-08 1505 N5VU          599 0043   OM5ZW         599 0815
QSO: 28114 RY 2014-02-08 1507 N5VU          599 0044   LZ2HM         599 0260
QSO: 28117 RY 2014-02-08 1508 N5VU          599 0045   DL1NEO        599 0242
QSO: 21082 RY 2014-02-08 1512 N5VU          599 0046   SN2M          599 0496
QSO: 21083 RY 2014-02-08 1514 N5VU          599 0047   9A1A          599 0516
QSO: 21084 RY 2014-02-08 1516 N5VU          599 0048   P49X          599 1452
QSO: 21085 RY 2014-02-08 1518 N5VU          599 0049   EA2KU         599 0717
QSO: 21086 RY 2014-02-08 1520 N5VU          599 0050   S51A          599 0317
QSO: 21088 RY 2014-02-08 1520 N5VU          599 0051   OK1KSL        599 0619
QSO: 21090 RY 2014-02-08 1525 N5VU          599 0052   DJ8OG         599 0666
QSO: 21092 RY 2014-02-08 1526 N5VU          599 0053   KU1T          599 0484
QSO: 21093 RY 2014-02-08 1527 N5VU          599 0054   K4GMH         599 1278
QSO: 21096 RY 2014-02-08 1529 N5VU          599 0055   NR4M          599 0343
QSO: 21097 RY 2014-02-08 1530 N5VU          599 0056   VE2NMB        599 0223
QSO: 21098 RY 2014-02-08 1532 N5VU          599 0057   AD4TJ         599 0106
QSO: 21100 RY 2014-02-08 1534 N5VU          599 0058   E77TK         599 0316
QSO: 21101 RY 2014-02-08 1535 N5VU          599 0059   KK9A          599 0870
QSO: 21102 RY 2014-02-08 1536 N5VU          599 0060   K4VV          599 0203
QSO: 21103 RY 2014-02-08 1537 N5VU          599 0061   VA2UP         599 0642
QSO: 21108 RY 2014-02-08 1540 N5VU          599 0062   5C5W          599 0394
QSO: 21115 RY 2014-02-08 1546 N5VU          599 0063   DQ4W          599 0318
QSO: 21115 RY 2014-02-08 1547 N5VU          599 0064   DK1FW         599 0176
QSO: 21117 RY 2014-02-08 1548 N5VU          599 0065   SP3PJY        599 0202
QSO: 21118 RY 2014-02-08 1549 N5VU          599 0066   AK1W          599 0348
QSO: 21125 RY 2014-02-08 1551 N5VU          599 0067   HG1S          599 0342
QSO: 21126 RY 2014-02-08 1552 N5VU          599 0068   WW0WWW        599 0514
QSO: 21128 RY 2014-02-08 1553 N5VU          599 0069   WQ2N          599 0228
QSO: 21129 RY 2014-02-08 1553 N5VU          599 0070   NB3R          599 0142
QSO: 21131 RY 2014-02-08 1554 N5VU          599 0071   SM6NET        599 0204
QSO: 21132 RY 2014-02-08 1555 N5VU          599 0072   DD5M          599 0359
QSO: 21133 RY 2014-02-08 1556 N5VU          599 0073   N2MM          599 0285
QSO: 21135 RY 2014-02-08 1557 N5VU          599 0074   W4PK          599 0604
QSO: 21138 RY 2014-02-08 1559 N5VU          599 0075   OM5ZW         599 0920
QSO: 21140 RY 2014-02-08 1559 N5VU          599 0076   K2NV          599 0246
QSO: 21142 RY 2014-02-08 1600 N5VU          599 0077   WX4G          599 0482
QSO: 28081 RY 2014-02-08 2129 N5VU          599 0078   VO2DX/9       599 0272
QSO: 28087 RY 2014-02-08 2133 N5VU          599 0079   PZ5RA         599 1109
QSO: 28088 RY 2014-02-08 2134 N5VU          599 0080   LU6DC         599 0201
QSO: 28089 RY 2014-02-08 2135 N5VU          599 0081   KH6ZM         599 0692
QSO: 28091 RY 2014-02-08 2136 N5VU          599 0082   NT6K          599 0143
QSO: 28094 RY 2014-02-08 2137 N5VU          599 0083   KL5DX         599 0329
QSO: 28097 RY 2014-02-08 2159 N5VU          599 0084   N0NI          599 0039
QSO: 28106 RY 2014-02-08 2202 N5VU          599 0085   WQ6K          599 0709
QSO: 28109 RY 2014-02-08 2204 N5VU          599 0086   N7ESU         599 0200
QSO: 28110 RY 2014-02-08 2206 N5VU          599 0087   LT0H          599 0624
QSO: 28113 RY 2014-02-08 2207 N5VU          599 0088   KI6RRN        599 0359
QSO: 28114 RY 2014-02-08 2208 N5VU          599 0089   YV5KAJ        599 0153
QSO: 28117 RY 2014-02-08 2209 N5VU          599 0090   WQ2N          599 0150
QSO: 28129 RY 2014-02-08 2211 N5VU          599 0091   K6RC          599 0211
QSO: 21082 RY 2014-02-08 2213 N5VU          599 0092   PZ5RA         599 1160
QSO: 21086 RY 2014-02-08 2214 N5VU          599 0093   WR7Q          599 0170
QSO: 21087 RY 2014-02-08 2218 N5VU          599 0094   JA7IC         599 0440
QSO: 21090 RY 2014-02-08 2220 N5VU          599 0095   VE7IO         599 0473
QSO: 21095 RY 2014-02-08 2240 N5VU          599 0096   NC7J          599 0372
QSO: 21100 RY 2014-02-08 2242 N5VU          599 0097   VC7J          599 0561
QSO: 21100 RY 2014-02-08 2242 N5VU          599 0098   JI3MJK        599 0156
QSO: 21102 RY 2014-02-08 2244 N5VU          599 0099   JF2IWL        599 0085
QSO: 21109 RY 2014-02-08 2245 N5VU          599 0100   AF6SA         599 0341
QSO: 21085 RY 2014-02-09 0052 N5VU          599 0101   N7AT          599 0851
QSO: 21086 RY 2014-02-09 0053 N5VU          599 0102   AG1RL         599 1250
QSO: 21086 RY 2014-02-09 0054 N5VU          599 0103   KV7DX         599 0692
QSO: 21088 RY 2014-02-09 0055 N5VU          599 0104   K6TU          599 0567
QSO: 21092 RY 2014-02-09 0057 N5VU          599 0105   N6QQ          599 0296
QSO: 21093 RY 2014-02-09 0058 N5VU          599 0106   N7NM          599 0389
QSO: 21093 RY 2014-02-09 0059 N5VU          599 0107   KL7IWC        599 0502
QSO: 21098 RY 2014-02-09 0103 N5VU          599 0108   JA5JWQ        599 0142
QSO: 21111 RY 2014-02-09 0110 N5VU          599 0109   JM1XCW        599 0798
QSO: 21114 RY 2014-02-09 0111 N5VU          599 0110   W1AW/KH6      599 0580
QSO: 14083 RY 2014-02-09 0115 N5VU          599 0111   AG1RL         599 1281
QSO: 14084 RY 2014-02-09 0116 N5VU          599 0112   VA7GEM        599 0047
QSO: 14085 RY 2014-02-09 0120 N5VU          599 0113   N4GU          599 0199
QSO: 14086 RY 2014-02-09 0120 N5VU          599 0114   W0FRC         599 0498
QSO: 14089 RY 2014-02-09 0121 N5VU          599 0115   K1ING         599 0342
QSO: 14091 RY 2014-02-09 0122 N5VU          599 0116   N4JOW         599 0137
QSO: 14094 RY 2014-02-09 0123 N5VU          599 0117   RW0A          599 0795
QSO: 14095 RY 2014-02-09 0124 N5VU          599 0118   AD1C          599 0388
QSO: 14097 RY 2014-02-09 0124 N5VU          599 0119   NR4M          599 0768
QSO: 14098 RY 2014-02-09 0125 N5VU          599 0120   VE6QO         599 0433
QSO: 14102 RY 2014-02-09 0126 N5VU          599 0121   K7QQ          599 0767
QSO: 14103 RY 2014-02-09 0127 N5VU          599 0122   YW5T          599 0515
QSO: 14108 RY 2014-02-09 0129 N5VU          599 0123   RK4W          599 0390
QSO: 14112 RY 2014-02-09 0130 N5VU          599 0124   VA2UP         599 1335
QSO: 14118 RY 2014-02-09 0132 N5VU          599 0125   XE2IF         599 0076
QSO: 14123 RY 2014-02-09 0134 N5VU          599 0126   AL1G          599 0070
QSO:  7041 RY 2014-02-09 0138 N5VU          599 0127   KU4V          599 0618
QSO:  7043 RY 2014-02-09 0139 N5VU          599 0128   ED1R          599 1658
QSO:  7043 RY 2014-02-09 0140 N5VU          599 0129   W0SD          599 0963
QSO:  7047 RY 2014-02-09 0143 N5VU          599 0130   WD9FTZ        599 0217
QSO:  7054 RY 2014-02-09 0147 N5VU          599 0131   AB0RX         599 1551
QSO:  7055 RY 2014-02-09 0147 N5VU          599 0132   AA4YL         599 0781
QSO:  7059 RY 2014-02-09 0148 N5VU          599 0133   K8PP          599 0207
QSO:  7062 RY 2014-02-09 0152 N5VU          599 0134   VC7J          599 0398
QSO:  7066 RY 2014-02-09 0153 N5VU          599 0135   VE3FJB        599 0785
QSO:  7067 RY 2014-02-09 0154 N5VU          599 0136   K8SIA         599 0336
QSO:  7072 RY 2014-02-09 0155 N5VU          599 0137   WJ2D          599 0293
QSO:  7072 RY 2014-02-09 0156 N5VU          599 0138   N3XL          599 0266
QSO:  7075 RY 2014-02-09 0157 N5VU          599 0139   K3EL          599 0318
QSO:  7076 RY 2014-02-09 0158 N5VU          599 0140   IW1AYD        599 0695
QSO:  7084 RY 2014-02-09 0159 N5VU          599 0141   AB5K          599 1966
QSO:  7088 RY 2014-02-09 0200 N5VU          599 0142   W3DQN/5       599 0468
QSO:  7089 RY 2014-02-09 0201 N5VU          599 0143   WX4G          599 0859
QSO:  3582 RY 2014-02-09 0207 N5VU          599 0144   NZ3M          599 0199
QSO:  3590 RY 2014-02-09 0209 N5VU          599 0145   AI9T          599 1017
QSO:  3592 RY 2014-02-09 0210 N5VU          599 0146   AB5K          599 1979
QSO:  3594 RY 2014-02-09 0211 N5VU          599 0147   W4ML          599 0077
QSO:  3599 RY 2014-02-09 0213 N5VU          599 0148   VA2AM         599 0529
QSO:  3601 RY 2014-02-09 0214 N5VU          599 0149   WA3FRP        599 0173
QSO:  3576 RY 2014-02-09 0216 N5VU          599 0150   WW1MM         599 0598
QSO:  3585 RY 2014-02-09 0308 N5VU          599 0151   AC0C          599 1622
QSO:  3587 RY 2014-02-09 0309 N5VU          599 0152   K9XD          599 0235
QSO:  3593 RY 2014-02-09 0311 N5VU          599 0153   KK9A          599 1616
QSO:  3597 RY 2014-02-09 0313 N5VU          599 0154   K9NR          599 0852
QSO:  7045 RY 2014-02-09 0315 N5VU          599 0155   W3LL          599 1157
QSO:  7047 RY 2014-02-09 0317 N5VU          599 0156   W2YE          599 0600
QSO:  7048 RY 2014-02-09 0319 N5VU          599 0157   IW9GTD        599 1465
QSO:  7051 RY 2014-02-09 0321 N5VU          599 0158   S51A          599 0755
QSO:  7053 RY 2014-02-09 0323 N5VU          599 0159   NO4S          599 0705
QSO:  7055 RY 2014-02-09 0323 N5VU          599 0160   AJ7G          599 0933
QSO:  7057 RY 2014-02-09 0326 N5VU          599 0161   KD0FW         599 0498
QSO:  7058 RY 2014-02-09 0328 N5VU          599 0162   V31RU         599 0903
QSO:  7060 RY 2014-02-09 0330 N5VU          599 0163   W6CWM         599 0480
QSO:  7061 RY 2014-02-09 0334 N5VU          599 0164   NR4M          599 0797
QSO:  7067 RY 2014-02-09 0337 N5VU          599 0165   K3MJW         599 1213
QSO:  7067 RY 2014-02-09 0338 N5VU          599 0166   KU5B          599 0236
QSO:  7071 RY 2014-02-09 0340 N5VU          599 0167   KB4KBS        599 0065
QSO:  7077 RY 2014-02-09 0344 N5VU          599 0168   W4NF          599 0154
QSO:  7084 RY 2014-02-09 0348 N5VU          599 0169   VE2GSO        599 0596
QSO:  7088 RY 2014-02-09 0348 N5VU          599 0170   WB5TUF        599 0959
QSO:  7090 RY 2014-02-09 0349 N5VU          599 0171   K3MD          599 0702
QSO:  7090 RY 2014-02-09 0350 N5VU          599 0172   K8DXR         599 0298
QSO:  7095 RY 2014-02-09 0352 N5VU          599 0173   W3NR          599 0108
QSO:  7046 RY 2014-02-09 0354 N5VU          599 0174   N4QS          599 0326
QSO:  7070 RY 2014-02-09 0404 N5VU          599 0175   AI4FR         599 0283
QSO: 14089 RY 2014-02-09 0409 N5VU          599 0176   W6BVB         599 0176
QSO: 28081 RY 2014-02-09 1519 N5VU          599 0177   ED1R          599 2437
QSO: 28085 RY 2014-02-09 1522 N5VU          599 0178   IW4EGX        599 0311
QSO: 28086 RY 2014-02-09 1524 N5VU          599 0179   IZ3IBL        599 0294
QSO: 28090 RY 2014-02-09 1526 N5VU          599 0180   TM6M          599 1046
QSO: 28092 RY 2014-02-09 1527 N5VU          599 0181   AK1W          599 1086
QSO: 28095 RY 2014-02-09 1529 N5VU          599 0182   M3I           599 0199
QSO: 28097 RY 2014-02-09 1530 N5VU          599 0183   PD0ME         599 0104
QSO: 28099 RY 2014-02-09 1535 N5VU          599 0184   DL1II         599 0616
QSO: 28102 RY 2014-02-09 1537 N5VU          599 0185   W1AN          599 0964
QSO: 28103 RY 2014-02-09 1538 N5VU          599 0186   HG7T          599 1961
QSO: 28104 RY 2014-02-09 1539 N5VU          599 0187   ON5GQ         599 0990
QSO: 28105 RY 2014-02-09 1540 N5VU          599 0188   TM4P          599 1384
QSO: 28106 RY 2014-02-09 1541 N5VU          599 0189   DM1A          599 0623
QSO: 28108 RY 2014-02-09 1543 N5VU          599 0190   GW4BLE        599 0377
QSO: 28109 RY 2014-02-09 1543 N5VU          599 0191   VE3KI         599 0976
QSO: 28114 RY 2014-02-09 1545 N5VU          599 0192   DL3BQA        599 0625
QSO: 28114 RY 2014-02-09 1546 N5VU          599 0193   GI4SNA        599 0404
QSO: 28115 RY 2014-02-09 1547 N5VU          599 0194   GW0A          599 1198
QSO: 28117 RY 2014-02-09 1549 N5VU          599 0195   DL2SAX        599 0484
QSO: 28118 RY 2014-02-09 1559 N5VU          599 0196   SN7Q          599 1736
QSO: 28123 RY 2014-02-09 1601 N5VU          599 0197   WV1K          599 0570
QSO: 28126 RY 2014-02-09 1603 N5VU          599 0198   KS7AA         599 2124
QSO: 28131 RY 2014-02-09 1605 N5VU          599 0199   I0UZF         599 0494
QSO: 28139 RY 2014-02-09 1608 N5VU          599 0200   DJ60DXMB      599 1330
QSO: 28144 RY 2014-02-09 1612 N5VU          599 0201   PA2WO         599 0181
QSO: 28120 RY 2014-02-09 1613 N5VU          599 0202   EA3FHP        599 21090
QSO: 21086 RY 2014-02-09 1616 N5VU          599 0203   K3MJW         599 1609
QSO: 21090 RY 2014-02-09 1619 N5VU          599 0204   NA3M          599 0207
QSO: 21091 RY 2014-02-09 1620 N5VU          599 0205   EC1DBO        599 0562
QSO: 21092 RY 2014-02-09 1622 N5VU          599 0206   IZ3SQW        599 0909
QSO: 21093 RY 2014-02-09 1623 N5VU          599 0207   HG7T          599 2001
QSO: 21094 RY 2014-02-09 1624 N5VU          599 0208   ED1A          599 0970
QSO: 21097 RY 2014-02-09 1625 N5VU          599 0209   SN7Q          599 1760
QSO: 21100 RY 2014-02-09 1626 N5VU          599 0210   LY8O          599 1202
QSO: 21101 RY 2014-02-09 1628 N5VU          599 0211   S50A          599 1057
QSO: 21103 RY 2014-02-09 1629 N5VU          599 0212   KW3RKW/IT9    599 0962
QSO: 21105 RY 2014-02-09 1709 N5VU          599 0213   LZ1JZ         599 1226
QSO: 21107 RY 2014-02-09 1711 N5VU          599 0214   DK2OY         599 1106
QSO: 21111 RY 2014-02-09 1712 N5VU          599 0215   E77DX         599 0326
QSO: 21112 RY 2014-02-09 1713 N5VU          599 0216   W1AN          599 1035
QSO: 21113 RY 2014-02-09 1714 N5VU          599 0217   DF2SD         599 0885
QSO: 21114 RY 2014-02-09 1715 N5VU          599 0218   K9NR          599 1101
QSO: 21115 RY 2014-02-09 1718 N5VU          599 0219   OE3AIS        599 0136
QSO: 21117 RY 2014-02-09 1719 N5VU          599 0220   DK0KC         599 0513
QSO: 21119 RY 2014-02-09 1719 N5VU          599 0221   SP3GXH        599 0326
QSO: 21120 RY 2014-02-09 1720 N5VU          599 0222   WO4O          599 0556
QSO: 21120 RY 2014-02-09 1721 N5VU          599 0223   WX6V          599 0454
QSO: 21121 RY 2014-02-09 1724 N5VU          599 0224   OE9ICI        599 0232
QSO: 21124 RY 2014-02-09 1725 N5VU          599 0225   DL1NEO        599 0988
QSO: 21134 RY 2014-02-09 1730 N5VU          599 0226   VA7KC         599 0017
QSO: 21136 RY 2014-02-09 1731 N5VU          599 0227   WW3S          599 1096
QSO: 21139 RY 2014-02-09 1733 N5VU          599 0228   KF2O          599 0829
QSO: 28083 RY 2014-02-09 1737 N5VU          599 0229   AB5K          599 2691
QSO: 28084 RY 2014-02-09 1739 N5VU          599 0230   VE5MX         599 1255
QSO: 28085 RY 2014-02-09 1740 N5VU          599 0231   NI7R          599 0412
QSO: 28087 RY 2014-02-09 1741 N5VU          599 0232   NZ3M          599 0308
QSO: 28092 RY 2014-02-09 1744 N5VU          599 0233   W3LL          599 1406
QSO: 28097 RY 2014-02-09 1745 N5VU          599 0234   IT9RGY        599 1094
QSO: 28101 RY 2014-02-09 1748 N5VU          599 0235   N4LV          599 0538
QSO: 28103 RY 2014-02-09 1749 N5VU          599 0236   EA1KY         599 0848
QSO: 28103 RY 2014-02-09 1752 N5VU          599 0237   EA8CYQ        599 0566
QSO: 28106 RY 2014-02-09 1754 N5VU          599 0238   K6HGF         599 0395
QSO: 28112 RY 2014-02-09 1756 N5VU          599 0239   EA7ZY         599 0871
QSO: 28114 RY 2014-02-09 1757 N5VU          599 0240   KA2D          599 0736
QSO: 28120 RY 2014-02-09 1800 N5VU          599 0241   EF8S          599 1692
QSO: 28120 RY 2014-02-09 1800 N5VU          599 0242   W7ZR          599 0840
QSO: 28121 RY 2014-02-09 1801 N5VU          599 0243   VE2GSO        599 0844
QSO: 14084 RY 2014-02-09 1813 N5VU          599 0244   G8DX          599 0269
QSO: 14088 RY 2014-02-09 1814 N5VU          599 0245   WM5DX         599 0872
QSO: 14090 RY 2014-02-09 1817 N5VU          599 0246   LZ1JZ         599 1264
QSO: 14093 RY 2014-02-09 1818 N5VU          599 0247   IW1QN         599 1031
QSO: 14095 RY 2014-02-09 1818 N5VU          599 0248   9A1A          599 1357
QSO: 14099 RY 2014-02-09 1820 N5VU          599 0249   SN2M          599 1318
QSO: 14102 RY 2014-02-09 1821 N5VU          599 0250   DQ4W          599 0593
QSO: 14104 RY 2014-02-09 1822 N5VU          599 0251   AA3B          599 2473
QSO: 14107 RY 2014-02-09 1824 N5VU          599 0252   AI9T          599 1593
QSO: 14108 RY 2014-02-09 1825 N5VU          599 0253   VA2AM         599 0960
QSO: 14115 RY 2014-02-09 1826 N5VU          599 0254   NR2C          599 0897
QSO: 14118 RY 2014-02-09 1827 N5VU          599 0255   WU9D          599 0270
QSO: 14118 RY 2014-02-09 1828 N5VU          599 0256   HG1S          599 0851
QSO: 14121 RY 2014-02-09 1829 N5VU          599 0257   KT4RR         599 0471
QSO: 14122 RY 2014-02-09 1830 N5VU          599 0258   OK6W          599 1143
QSO: 14085 RY 2014-02-09 1831 N5VU          599 0259   S51TA         599 21090
QSO: 21081 RY 2014-02-09 1833 N5VU          599 0260   IW9GTD        599 2260
QSO: 21083 RY 2014-02-09 1834 N5VU          599 0000   N7BT          599 0608
QSO: 21087 RY 2014-02-09 1837 N5VU          599 0262   N9IXD         599 0080
QSO: 21089 RY 2014-02-09 1839 N5VU          599 0263   VE1ZD         599 0204
QSO: 21089 RY 2014-02-09 1840 N5VU          599 0264   W8L           599 0483
QSO: 21091 RY 2014-02-09 1841 N5VU          599 0265   K9XD          599 0808
QSO: 21092 RY 2014-02-09 1846 N5VU          599 0266   K5DU          599 0597
QSO: 21094 RY 2014-02-09 1849 N5VU          599 0267   N9TX          599 0620
QSO: 21100 RY 2014-02-09 1851 N5VU          599 0268   W4ML          599 0376
QSO: 21100 RY 2014-02-09 1851 N5VU          599 0269   GW0A          599 1392
QSO: 21101 RY 2014-02-09 1853 N5VU          599 0270   WV1K          599 0718
QSO: 21104 RY 2014-02-09 1853 N5VU          599 0271   K2QB          599 0247
QSO: 21106 RY 2014-02-09 1855 N5VU          599 0272   VE2GSO        599 0896
QSO: 21106 RY 2014-02-09 1856 N5VU          599 0273   AC2FA         599 0069
QSO: 21109 RY 2014-02-09 1858 N5VU          599 0274   W3FV          599 1211
QSO: 21112 RY 2014-02-09 1859 N5VU          599 0275   KS1J          599 0387
QSO: 21120 RY 2014-02-09 1901 N5VU          599 0276   WA5ZUP        599 1040
QSO: 21121 RY 2014-02-09 1903 N5VU          599 0277   KB8O          599 0602
QSO: 21130 RY 2014-02-09 1906 N5VU          599 0278   AB2ZY         599 0540
QSO: 21131 RY 2014-02-09 1907 N5VU          599 0279   N2NF          599 0829
QSO: 28082 RY 2014-02-09 1910 N5VU          599 0280   KC1BXY        599 0085
QSO: 28084 RY 2014-02-09 1911 N5VU          599 0281   EE7Y          599 1080
QSO: 28085 RY 2014-02-09 1912 N5VU          599 0282   AK6R          599 0334
QSO: 28086 RY 2014-02-09 1914 N5VU          599 0283   K6TU          599 0648
QSO: 28089 RY 2014-02-09 1915 N5VU          599 0284   WI7N          599 0612
QSO: 28092 RY 2014-02-09 1917 N5VU          599 0285   VA7ST         599 1136
QSO: 28092 RY 2014-02-09 1918 N5VU          599 0286   VE1OP         599 0059
QSO: 28093 RY 2014-02-09 1919 N5VU          599 0287   W7LD          599 0581
QSO: 28106 RY 2014-02-09 1920 N5VU          599 0288   K7QQ          599 1250
QSO: 28112 RY 2014-02-09 1922 N5VU          599 0289   N7XR          599 0173
QSO: 28114 RY 2014-02-09 1923 N5VU          599 0290   N3RC          599 0175
QSO: 28116 RY 2014-02-09 1925 N5VU          599 0291   AD7JP         599 1530
QSO: 28117 RY 2014-02-09 1927 N5VU          599 0292   ZV2K          599 2248
QSO: 28118 RY 2014-02-09 1928 N5VU          599 0293   K9YC          599 0093
QSO: 14083 RY 2014-02-09 1955 N5VU          599 0294   AK9D          599 0798
QSO: 14084 RY 2014-02-09 1956 N5VU          599 0295   AI3Q          599 0078
QSO: 14085 RY 2014-02-09 1957 N5VU          599 0296   VE2ESU        599 0304
QSO: 14087 RY 2014-02-09 1959 N5VU          599 0297   N2KI          599 0902
QSO: 14088 RY 2014-02-09 2000 N5VU          599 0298   KK4HEG        599 0445
QSO: 14093 RY 2014-02-09 2003 N5VU          599 0299   KE9I          599 1682
QSO: 14094 RY 2014-02-09 2004 N5VU          599 0300   K9DJ          599 0766
QSO: 14096 RY 2014-02-09 2006 N5VU          599 0301   W1PL          599 0384
QSO: 14098 RY 2014-02-09 2007 N5VU          599 0302   VE2FK         599 0767
QSO: 14099 RY 2014-02-09 2010 N5VU          599 0303   WD4GBW        599 0479
QSO: 14104 RY 2014-02-09 2011 N5VU          599 0304   K4VV          599 0503
QSO: 14104 RY 2014-02-09 2012 N5VU          599 0305   VE2GSO        599 0966
QSO: 14106 RY 2014-02-09 2014 N5VU          599 0306   NX0I          599 0233
QSO: 14109 RY 2014-02-09 2015 N5VU          599 0307   J38XX         599 0199
QSO: 14111 RY 2014-02-09 2017 N5VU          599 0308   W3RTY         599 0424
QSO: 14113 RY 2014-02-09 2018 N5VU          599 0309   W9LHG         599 0537
QSO: 14115 RY 2014-02-09 2019 N5VU          599 0310   W4UK          599 0514
QSO: 14121 RY 2014-02-09 2021 N5VU          599 0311   KZ2R          599 0720
QSO: 14121 RY 2014-02-09 2022 N5VU          599 0312   W2YE          599 0836
QSO: 14127 RY 2014-02-09 2023 N5VU          599 0313   VE3IAE        599 0390
QSO: 14128 RY 2014-02-09 2024 N5VU          599 0314   AB1QB         599 1022
QSO: 14131 RY 2014-02-09 2025 N5VU          599 0315   W4PK          599 1935
QSO: 21086 RY 2014-02-09 2032 N5VU          599 0316   KC2RXS        599 0249
QSO: 21091 RY 2014-02-09 2034 N5VU          599 0317   WP4WW         599 1266
QSO: 21095 RY 2014-02-09 2037 N5VU          599 0318   CO8LY         599 0409
QSO: 21103 RY 2014-02-09 2041 N5VU          599 0319   AG6AU         599 0315
QSO: 21105 RY 2014-02-09 2041 N5VU          599 0320   N7BV          599 0675
QSO: 21106 RY 2014-02-09 2042 N5VU          599 0321   KB2URI        599 0101
QSO: 21108 RY 2014-02-09 2044 N5VU          599 0322   W1BV          599 0062
QSO: 21110 RY 2014-02-09 2046 N5VU          599 0323   NR2C          599 0974
QSO: 21111 RY 2014-02-09 2047 N5VU          599 0324   KI1G          599 2583
QSO: 21112 RY 2014-02-09 2048 N5VU          599 0325   NN6XX         599 1004
QSO: 21116 RY 2014-02-09 2049 N5VU          599 0326   W1ZD          599 0565
QSO: 21122 RY 2014-02-09 2052 N5VU          599 0327   J35X          599 0052
QSO: 21125 RY 2014-02-09 2055 N5VU          599 0328   W4UEF         599 0644
QSO: 21130 RY 2014-02-09 2058 N5VU          599 0329   K3MD          599 1013
QSO: 21131 RY 2014-02-09 2059 N5VU          599 0330   XE2FGC        599 0923
QSO: 21133 RY 2014-02-09 2103 N5VU          599 0331   PX8X          599 0229
QSO: 28085 RY 2014-02-09 2107 N5VU          599 0332   AB1J          599 0338
QSO: 28086 RY 2014-02-09 2110 N5VU          599 0333   CE2MT         599 0208
QSO: 28087 RY 2014-02-09 2112 N5VU          599 0334   CW30A         599 0960
QSO: 28092 RY 2014-02-09 2113 N5VU          599 0335   LU1BJW        599 0363
QSO: 28098 RY 2014-02-09 2117 N5VU          599 0336   KD1YV         599 0108
QSO: 28100 RY 2014-02-09 2119 N5VU          599 0337   KB7EEG        599 0337
QSO: 28123 RY 2014-02-09 2122 N5VU          599 0338   ZZ80RJ        599 0086
QSO: 28126 RY 2014-02-09 2123 N5VU          599 0339   PY5ZW         599 0192
QSO: 14084 RY 2014-02-09 2135 N5VU          599 0340   K4GMH         599 2778
QSO: 14085 RY 2014-02-09 2136 N5VU          599 0341   N0PNQ         599 0113
QSO: 14086 RY 2014-02-09 2138 N5VU          599 0342   KK4EIR        599 0919
QSO: 14086 RY 2014-02-09 2139 N5VU          599 0343   KD0FW         599 0837
QSO: 14087 RY 2014-02-09 2140 N5VU          599 0344   WB8SKP        599 0266
QSO: 14104 RY 2014-02-09 2147 N5VU          599 0345   AC4CA         599 1155
QSO: 14108 RY 2014-02-09 2149 N5VU          599 0346   W1AN          599 1254
QSO: 14108 RY 2014-02-09 2153 N5VU          599 0347   NY6DX         599 0815
QSO: 14112 RY 2014-02-09 2155 N5VU          599 0348   KC4SAW        599 0265
QSO: 14113 RY 2014-02-09 2156 N5VU          599 0349   NF2Z          599 0572
QSO: 14113 RY 2014-02-09 2156 N5VU          599 0350   N1MGO         599 0167
QSO: 14115 RY 2014-02-09 2158 N5VU          599 0351   K7AR          599 0497
QSO: 14118 RY 2014-02-09 2159 N5VU          599 0352   NI7R          599 0494
QSO: 14119 RY 2014-02-09 2201 N5VU          599 0353   KU4V          599 1224
QSO: 14120 RY 2014-02-09 2203 N5VU          599 0354   WL7E          599 0013
QSO: 14125 RY 2014-02-09 2204 N5VU          599 0355   AL2F          599 0507
END-OF-LOG:
