START-OF-LOG: 3.0
CALLSIGN: RK8I
CLUB:
CONTEST: CQ-WPX-RTTY
CLAIMED-SCORE: 319497
OPERATORS: RK8I
NAME: OLEG
CREATED-BY: N1MM Logger V11.12.2
LOCATION: DX
CATEGORY-OPERATOR: SINGLE-OP
CATEGORY-TRANSMITTER: ONE
CATEGORY-ASSISTED: NON-ASSISTED
CATEGORY-BAND: 10M
CATEGORY-POWER: HIGH
CATEGORY-STATION: FIXED
QSO: 28080 RY 2014-02-08 0913 RK8I          599 0001   BH7PFH        599 0315
QSO: 28081 RY 2014-02-08 0915 RK8I          599 0002   JA1AYO        599 0201
QSO: 28081 RY 2014-02-08 0915 RK8I          599 0003   IK5ZTT        599 0054
QSO: 28081 RY 2014-02-08 0916 RK8I          599 0004   LI2MOA        599 0023
QSO: 28081 RY 2014-02-08 0917 RK8I          599 0005   JN3SAC        599 0143
QSO: 28081 RY 2014-02-08 0917 RK8I          599 0006   JH3WKE        599 0172
QSO: 28081 RY 2014-02-08 0918 RK8I          599 0007   ZW7YEF        599 0213
QSO: 28081 RY 2014-02-08 0919 RK8I          599 0008   IZ0ICM        599 0002
QSO: 28081 RY 2014-02-08 0919 RK8I          599 0009   RX3AGQ        599 0033
QSO: 28081 RY 2014-02-08 0921 RK8I          599 0010   RN3Z          599 0068
QSO: 28081 RY 2014-02-08 0922 RK8I          599 0011   F1RHS         599 0035
QSO: 28081 RY 2014-02-08 0924 RK8I          599 0012   RK4W          599 0079
QSO: 28081 RY 2014-02-08 0926 RK8I          599 0013   EV1R          599 0243
QSO: 28081 RY 2014-02-08 0927 RK8I          599 0014   ES5RY         599 0176
QSO: 28081 RY 2014-02-08 0927 RK8I          599 0015   SV7CUD        599 0001
QSO: 28081 RY 2014-02-08 0928 RK8I          599 0016   VK4AFU        599 0028
QSO: 28081 RY 2014-02-08 0929 RK8I          599 0017   UZ7HO         599 0096
QSO: 28081 RY 2014-02-08 0929 RK8I          599 0018   RU3XB         599 0083
QSO: 28081 RY 2014-02-08 0931 RK8I          599 0019   UT2II         599 0169
QSO: 28081 RY 2014-02-08 0931 RK8I          599 0020   R22ALS        599 0267
QSO: 28081 RY 2014-02-08 0932 RK8I          599 0021   IS0DCR        599 0021
QSO: 28081 RY 2014-02-08 0932 RK8I          599 0022   IT9RGY        599 0164
QSO: 28081 RY 2014-02-08 0933 RK8I          599 0023   UA4NCI        599 0027
QSO: 28081 RY 2014-02-08 0934 RK8I          599 0024   RN4HGJ/1      599 0023
QSO: 28081 RY 2014-02-08 0935 RK8I          599 0025   UY7MM         599 0088
QSO: 28081 RY 2014-02-08 0936 RK8I          599 0026   BA1PK         599 0003
QSO: 28081 RY 2014-02-08 0937 RK8I          599 0027   R2AF          599 0028
QSO: 28081 RY 2014-02-08 0937 RK8I          599 0028   UA3EKK        599 0005
QSO: 28081 RY 2014-02-08 0938 RK8I          599 0029   RU4CO         599 0125
QSO: 28081 RY 2014-02-08 0940 RK8I          599 0030   EV25BWA       599 0114
QSO: 28081 RY 2014-02-08 0940 RK8I          599 0031   OH5KT         599 0026
QSO: 28088 RY 2014-02-08 0946 RK8I          599 0032   OH2BBT        599 0100
QSO: 28090 RY 2014-02-08 0948 RK8I          599 0033   IZ8GUM        599 0038
QSO: 28090 RY 2014-02-08 0949 RK8I          599 0034   IW8PQ         599 0058
QSO: 28097 RY 2014-02-08 0951 RK8I          599 0035   IK8UND        599 0110
QSO: 28080 RY 2014-02-08 0954 RK8I          599 0036   UA3TN         599 0065
QSO: 28080 RY 2014-02-08 0955 RK8I          599 0037   UA0CA         599 0424
QSO: 28080 RY 2014-02-08 0955 RK8I          599 0038   F5JY          599 0056
QSO: 28080 RY 2014-02-08 0956 RK8I          599 0039   F5RD          599 0122
QSO: 28080 RY 2014-02-08 0957 RK8I          599 0040   JM1NKT        599 0115
QSO: 28080 RY 2014-02-08 0958 RK8I          599 0041   UA3UBT        599 0035
QSO: 28080 RY 2014-02-08 0959 RK8I          599 0042   IZ7UMS        599 0031
QSO: 28080 RY 2014-02-08 1001 RK8I          599 0043   IC8SQS        599 0001
QSO: 28080 RY 2014-02-08 1003 RK8I          599 0044   EC7AT         599 0087
QSO: 28080 RY 2014-02-08 1005 RK8I          599 0045   IK5PWQ        599 0001
QSO: 28080 RY 2014-02-08 1008 RK8I          599 0046   RX3AFE        599 0001
QSO: 28080 RY 2014-02-08 1008 RK8I          599 0047   IK4JQQ        599 0002
QSO: 28080 RY 2014-02-08 1009 RK8I          599 0048   IK2AHB        599 0039
QSO: 28080 RY 2014-02-08 1012 RK8I          599 0049   9A5Y          599 0135
QSO: 28080 RY 2014-02-08 1012 RK8I          599 0050   I1DXD         599 0128
QSO: 28080 RY 2014-02-08 1014 RK8I          599 0051   IZ7BFB        599 0103
QSO: 28080 RY 2014-02-08 1014 RK8I          599 0052   9A5M          599 0034
QSO: 28080 RY 2014-02-08 1015 RK8I          599 0053   R2OM          599 0132
QSO: 28080 RY 2014-02-08 1016 RK8I          599 0054   IW2MYH        599 0095
QSO: 28080 RY 2014-02-08 1017 RK8I          599 0055   F6FDR         599 0084
QSO: 28080 RY 2014-02-08 1018 RK8I          599 0056   IZ5RVG        599 0031
QSO: 28080 RY 2014-02-08 1019 RK8I          599 0057   RD3FV         599 0005
QSO: 28080 RY 2014-02-08 1019 RK8I          599 0058   DS1QMV        599 0045
QSO: 28080 RY 2014-02-08 1020 RK8I          599 0059   UT7I          599 0220
QSO: 28080 RY 2014-02-08 1020 RK8I          599 0060   IQ2CU         599 0327
QSO: 28080 RY 2014-02-08 1020 RK8I          599 0061   UX1IL         599 0159
QSO: 28080 RY 2014-02-08 1021 RK8I          599 0062   9A3DZH        599 0010
QSO: 28080 RY 2014-02-08 1021 RK8I          599 0063   EC7AKV        599 0002
QSO: 28080 RY 2014-02-08 1022 RK8I          599 0064   R4FO          599 0195
QSO: 28080 RY 2014-02-08 1025 RK8I          599 0065   YO2IS         599 0039
QSO: 28080 RY 2014-02-08 1026 RK8I          599 0066   RX3Z          599 0065
QSO: 28080 RY 2014-02-08 1027 RK8I          599 0067   EB2RA         599 0061
QSO: 28080 RY 2014-02-08 1027 RK8I          599 0068   IZ3NVR        599 0029
QSO: 28080 RY 2014-02-08 1028 RK8I          599 0069   RM3G          599 0068
QSO: 28080 RY 2014-02-08 1030 RK8I          599 0070   IK4UXA        599 0027
QSO: 28080 RY 2014-02-08 1032 RK8I          599 0071   EA7AZA        599 0001
QSO: 28080 RY 2014-02-08 1032 RK8I          599 0072   TM3T          599 0369
QSO: 28080 RY 2014-02-08 1034 RK8I          599 0073   EA7AZA        599 0001
QSO: 28080 RY 2014-02-08 1034 RK8I          599 0074   YU5B          599 0003
QSO: 28080 RY 2014-02-08 1035 RK8I          599 0075   I4UUL         599 0035
QSO: 28080 RY 2014-02-08 1036 RK8I          599 0076   YU5LJ         599 0053
QSO: 28080 RY 2014-02-08 1037 RK8I          599 0077   RA3NC         599 0158
QSO: 28080 RY 2014-02-08 1039 RK8I          599 0078   DM1A          599 0074
QSO: 28080 RY 2014-02-08 1040 RK8I          599 0079   RK4S          599 0193
QSO: 28080 RY 2014-02-08 1040 RK8I          599 0080   JH6WHN        599 0212
QSO: 28080 RY 2014-02-08 1042 RK8I          599 0081   ZW7REF        599 0225
QSO: 28085 RY 2014-02-08 1332 RK8I          599 0082   UA6CE         599 0245
QSO: 28085 RY 2014-02-08 1332 RK8I          599 0083   SP1EG         599 0038
QSO: 28085 RY 2014-02-08 1333 RK8I          599 0084   UR5LAK        599 0071
QSO: 28085 RY 2014-02-08 1333 RK8I          599 0085   DH0GHU        599 0253
QSO: 28085 RY 2014-02-08 1334 RK8I          599 0086   DL1YFF        599 0003
QSO: 28085 RY 2014-02-08 1334 RK8I          599 0087   EW7SM         599 0087
QSO: 28085 RY 2014-02-08 1335 RK8I          599 0088   HG3FMZ        599 0054
QSO: 28085 RY 2014-02-08 1335 RK8I          599 0089   UX8IW         599 0097
QSO: 28085 RY 2014-02-08 1336 RK8I          599 0090   UR7TT         599 0158
QSO: 28085 RY 2014-02-08 1337 RK8I          599 0091   SP8LXE        599 0084
QSO: 28085 RY 2014-02-08 1338 RK8I          599 0092   UT3WWC        599 0139
QSO: 28085 RY 2014-02-08 1339 RK8I          599 0093   SP8QC         599 0097
QSO: 28085 RY 2014-02-08 1339 RK8I          599 0094   DJ1RKL        599 0008
QSO: 28085 RY 2014-02-08 1340 RK8I          599 0095   DL1EAL        599 0083
QSO: 28085 RY 2014-02-08 1341 RK8I          599 0096   R7FK          599 0011
QSO: 28085 RY 2014-02-08 1342 RK8I          599 0097   DL6SFR        599 0217
QSO: 28085 RY 2014-02-08 1342 RK8I          599 0098   OM0A          599 0280
QSO: 28085 RY 2014-02-08 1344 RK8I          599 0099   SQ9CXC        599 0144
QSO: 28085 RY 2014-02-08 1345 RK8I          599 0100   DL2LMS        599 0007
QSO: 28085 RY 2014-02-08 1346 RK8I          599 0101   F5BBD         599 0139
QSO: 28085 RY 2014-02-08 1347 RK8I          599 0102   US7MM         599 0007
QSO: 28085 RY 2014-02-08 1348 RK8I          599 0103   DL1FCU        599 0283
QSO: 28085 RY 2014-02-08 1349 RK8I          599 0104   UT4UQ         599 0081
QSO: 28085 RY 2014-02-08 1349 RK8I          599 0105   IN3EQD        599 0060
QSO: 28085 RY 2014-02-08 1350 RK8I          599 0106   SQ9NFQ        599 0024
QSO: 28085 RY 2014-02-08 1351 RK8I          599 0107   RV3LZ         599 0024
QSO: 28085 RY 2014-02-08 1353 RK8I          599 0108   SQ2WHH        599 0202
QSO: 28085 RY 2014-02-08 1354 RK8I          599 0109   DL8HA         599 0001
QSO: 28085 RY 2014-02-08 1355 RK8I          599 0110   PT7CG         599 0032
QSO: 28085 RY 2014-02-08 1357 RK8I          599 0111   UT5ERV        599 0311
QSO: 28085 RY 2014-02-08 1357 RK8I          599 0112   UT7CA         599 0376
QSO: 28085 RY 2014-02-08 1358 RK8I          599 0113   DK9IO         599 0004
QSO: 28085 RY 2014-02-08 1359 RK8I          599 0114   UT0FC         599 0044
QSO: 28085 RY 2014-02-08 1400 RK8I          599 0115   OM3WFH        599 0005
QSO: 28085 RY 2014-02-08 1400 RK8I          599 0116   HA5KN         599 0114
QSO: 28085 RY 2014-02-08 1403 RK8I          599 0117   UR5LY         599 0001
QSO: 28085 RY 2014-02-08 1404 RK8I          599 0118   RW0A          599 0379
QSO: 28085 RY 2014-02-08 1406 RK8I          599 0119   OK1BA         599 0144
QSO: 28085 RY 2014-02-08 1406 RK8I          599 0120   UT3RS         599 0120
QSO: 28085 RY 2014-02-08 1407 RK8I          599 0121   SQ9FMU        599 0053
QSO: 28085 RY 2014-02-08 1411 RK8I          599 0122   US6IQ         599 0523
QSO: 28085 RY 2014-02-08 1413 RK8I          599 0123   UR3UT         599 0032
QSO: 28083 RY 2014-02-08 1434 RK8I          599 0124   HA7PO         599 0030
QSO: 28080 RY 2014-02-08 1435 RK8I          599 0125   LZ6K          599 0492
QSO: 28087 RY 2014-02-08 1437 RK8I          599 0126   ER5LL         599 0388
QSO: 28093 RY 2014-02-08 1438 RK8I          599 0127   LZ2JA         599 0084
QSO: 28095 RY 2014-02-08 1439 RK8I          599 0128   YQ6A          599 0176
QSO: 28099 RY 2014-02-08 1441 RK8I          599 0129   YT9A          599 0332
QSO: 28082 RY 2014-02-08 1443 RK8I          599 0130   YO3VU         599 0280
QSO: 28082 RY 2014-02-09 0238 RK8I          599 0131   BV1EK         599 0405
QSO: 28085 RY 2014-02-09 0240 RK8I          599 0132   JI3BFC        599 0280
QSO: 28081 RY 2014-02-09 0241 RK8I          599 0133   JA0VTK/7      599 0229
QSO: 28081 RY 2014-02-09 0242 RK8I          599 0134   JA3MIB        599 0137
QSO: 28081 RY 2014-02-09 0245 RK8I          599 0135   UA0JFG        599 0081
QSO: 28081 RY 2014-02-09 0245 RK8I          599 0136   JA5XPD        599 0008
QSO: 28081 RY 2014-02-09 0246 RK8I          599 0137   JE3UHV        599 0041
QSO: 28081 RY 2014-02-09 0247 RK8I          599 0138   JA1SCE        599 0160
QSO: 28081 RY 2014-02-09 0248 RK8I          599 0139   BA3AX         599 0274
QSO: 28081 RY 2014-02-09 0249 RK8I          599 0140   JA7RQK        599 0087
QSO: 28081 RY 2014-02-09 0249 RK8I          599 0141   JF1AZQ        599 0057
QSO: 28081 RY 2014-02-09 0250 RK8I          599 0142   JA8IAF        599 0128
QSO: 28081 RY 2014-02-09 0251 RK8I          599 0143   JR0BUL        599 0022
QSO: 28081 RY 2014-02-09 0251 RK8I          599 0144   JG1RZH        599 0032
QSO: 28081 RY 2014-02-09 0254 RK8I          599 0145   JR3BOT        599 0097
QSO: 28081 RY 2014-02-09 0255 RK8I          599 0146   KH6ZM         599 0904
QSO: 28081 RY 2014-02-09 0255 RK8I          599 0147   JH3EBR        599 0052
QSO: 28081 RY 2014-02-09 0256 RK8I          599 0148   JL7OTC        599 0048
QSO: 28081 RY 2014-02-09 0256 RK8I          599 0149   JA1XGI        599 0030
QSO: 28081 RY 2014-02-09 0257 RK8I          599 0150   JN3DMJ        599 0077
QSO: 28081 RY 2014-02-09 0258 RK8I          599 0151   JF6MGC        599 0052
QSO: 28081 RY 2014-02-09 0300 RK8I          599 0152   JG8FWH        599 0059
QSO: 28081 RY 2014-02-09 0300 RK8I          599 0153   JR7IWL        599 0257
QSO: 28081 RY 2014-02-09 0301 RK8I          599 0154   JG1SWV        599 0099
QSO: 28081 RY 2014-02-09 0301 RK8I          599 0155   JA9LX         599 0162
QSO: 28081 RY 2014-02-09 0302 RK8I          599 0156   VR2VIY        599 0025
QSO: 28081 RY 2014-02-09 0304 RK8I          599 0157   JA3EGE        599 0067
QSO: 28081 RY 2014-02-09 0304 RK8I          599 0158   JH3GMI        599 0044
QSO: 28081 RY 2014-02-09 0305 RK8I          599 0159   JK3RHX        599 0005
QSO: 28081 RY 2014-02-09 0306 RK8I          599 0160   JH5HDA        599 0133
QSO: 28081 RY 2014-02-09 0306 RK8I          599 0161   JA3ZCF        599 0057
QSO: 28081 RY 2014-02-09 0307 RK8I          599 0162   JJ3WPX        599 0024
QSO: 28081 RY 2014-02-09 0308 RK8I          599 0163   JG1WCT        599 0059
QSO: 28081 RY 2014-02-09 0309 RK8I          599 0164   JK3GEW        599 0112
QSO: 28081 RY 2014-02-09 0311 RK8I          599 0165   JF1WCK        599 0043
QSO: 28081 RY 2014-02-09 0312 RK8I          599 0166   JA1HFY        599 0317
QSO: 28081 RY 2014-02-09 0313 RK8I          599 0167   JQ2OUL        599 0026
QSO: 28081 RY 2014-02-09 0314 RK8I          599 0168   JM1LRA        599 0084
QSO: 28081 RY 2014-02-09 0316 RK8I          599 0169   HL4CYG        599 0003
QSO: 28081 RY 2014-02-09 0318 RK8I          599 0170   JH3DMQ        599 0129
QSO: 28081 RY 2014-02-09 0319 RK8I          599 0171   JE1EKC        599 0023
QSO: 28081 RY 2014-02-09 0321 RK8I          599 0172   JA7GYP        599 0159
QSO: 28081 RY 2014-02-09 0321 RK8I          599 0173   JH2MYN        599 0129
QSO: 28081 RY 2014-02-09 0322 RK8I          599 0174   JK1TCV        599 0154
QSO: 28081 RY 2014-02-09 0322 RK8I          599 0175   JH3BYX        599 0208
QSO: 28081 RY 2014-02-09 0331 RK8I          599 0176   JE1GZB        599 0158
QSO: 28080 RY 2014-02-09 0452 RK8I          599 0177   JG3RPL        599 0209
QSO: 28080 RY 2014-02-09 0453 RK8I          599 0178   JH1EYM        599 0064
QSO: 28080 RY 2014-02-09 0453 RK8I          599 0179   JI1CPN        599 0241
QSO: 28080 RY 2014-02-09 0453 RK8I          599 0180   JA2GHP        599 0270
QSO: 28080 RY 2014-02-09 0454 RK8I          599 0181   JR4VEV        599 0186
QSO: 28080 RY 2014-02-09 0455 RK8I          599 0182   JE1FDQ        599 0112
QSO: 28080 RY 2014-02-09 0455 RK8I          599 0183   JA8KGG        599 0071
QSO: 28080 RY 2014-02-09 0456 RK8I          599 0184   JR6GIM        599 0016
QSO: 28080 RY 2014-02-09 0457 RK8I          599 0185   JA2AXB        599 0328
QSO: 28080 RY 2014-02-09 0457 RK8I          599 0186   JE6JNC        599 0256
QSO: 28080 RY 2014-02-09 0458 RK8I          599 0187   JE8NOJ        599 0088
QSO: 28080 RY 2014-02-09 0458 RK8I          599 0188   JI1EWK        599 0039
QSO: 28080 RY 2014-02-09 0459 RK8I          599 0189   JH1RNI        599 0020
QSO: 28080 RY 2014-02-09 0459 RK8I          599 0190   JS1KKY        599 0247
QSO: 28080 RY 2014-02-09 0500 RK8I          599 0191   JA1IE         599 0098
QSO: 28080 RY 2014-02-09 0501 RK8I          599 0192   JQ1SRN        599 0103
QSO: 28080 RY 2014-02-09 0502 RK8I          599 0193   JA1GFB        599 0232
QSO: 28080 RY 2014-02-09 0503 RK8I          599 0194   JF2XGF        599 0141
QSO: 28080 RY 2014-02-09 0505 RK8I          599 0195   JK1WXM        599 0019
QSO: 28080 RY 2014-02-09 0506 RK8I          599 0196   JJ0PTY        599 0080
QSO: 28108 RY 2014-02-09 0515 RK8I          599 0197   JH1VZP        599 0034
QSO: 28101 RY 2014-02-09 0521 RK8I          599 0198   YD1GCL        599 0365
QSO: 28086 RY 2014-02-09 0522 RK8I          599 0199   ZL1BYZ        599 0410
QSO: 28080 RY 2014-02-09 0525 RK8I          599 0200   JA1VBP        599 0021
QSO: 28080 RY 2014-02-09 0527 RK8I          599 0201   VK4WTN        599 0003
QSO: 28080 RY 2014-02-09 0529 RK8I          599 0202   RA6GW         599 0324
QSO: 28080 RY 2014-02-09 0531 RK8I          599 0203   JA1LLG        599 0109
QSO: 28080 RY 2014-02-09 0531 RK8I          599 0204   7K4QOK        599 0435
QSO: 28080 RY 2014-02-09 0533 RK8I          599 0205   JE1RID/1      599 0005
QSO: 28080 RY 2014-02-09 0533 RK8I          599 0206   JA1CCX        599 0164
QSO: 28080 RY 2014-02-09 0534 RK8I          599 0207   7N2UQC        599 0410
QSO: 28080 RY 2014-02-09 0536 RK8I          599 0208   RV3ZN         599 0207
QSO: 28080 RY 2014-02-09 0537 RK8I          599 0209   JA8KSF        599 0075
QSO: 28080 RY 2014-02-09 0537 RK8I          599 0210   RT22ZS        599 0356
QSO: 28080 RY 2014-02-09 0537 RK8I          599 0211   UK7AL         599 0405
QSO: 28080 RY 2014-02-09 0538 RK8I          599 0212   BD4UJ         599 0052
QSO: 28080 RY 2014-02-09 0538 RK8I          599 0213   7M4OOS        599 0122
QSO: 28080 RY 2014-02-09 0539 RK8I          599 0214   JJ2DCB        599 0013
QSO: 28080 RY 2014-02-09 0540 RK8I          599 0215   JF1WNT        599 0240
QSO: 28080 RY 2014-02-09 0541 RK8I          599 0216   UY8IF         599 0054
QSO: 28080 RY 2014-02-09 0542 RK8I          599 0217   JA2KGQ        599 0004
QSO: 28080 RY 2014-02-09 0543 RK8I          599 0218   JA8LSZ        599 0004
QSO: 28080 RY 2014-02-09 0545 RK8I          599 0219   JA1IRH        599 0278
QSO: 28080 RY 2014-02-09 0546 RK8I          599 0220   EM2G          599 1272
QSO: 28080 RY 2014-02-09 0547 RK8I          599 0221   JO1LVZ        599 0026
QSO: 28080 RY 2014-02-09 0547 RK8I          599 0222   RK22KR        599 0266
QSO: 28080 RY 2014-02-09 0549 RK8I          599 0223   JI1LAT        599 0188
QSO: 28080 RY 2014-02-09 0550 RK8I          599 0224   UA6JBQ        599 0042
QSO: 28080 RY 2014-02-09 0550 RK8I          599 0225   JG3FEA        599 0422
QSO: 28080 RY 2014-02-09 0551 RK8I          599 0226   RU3XW         599 0097
QSO: 28080 RY 2014-02-09 0552 RK8I          599 0227   JE2XJW        599 0051
QSO: 28080 RY 2014-02-09 0554 RK8I          599 0228   JO4BOW        599 0072
QSO: 28080 RY 2014-02-09 0555 RK8I          599 0229   JE2SOY        599 0008
QSO: 28080 RY 2014-02-09 0556 RK8I          599 0230   BD4WCK        599 0008
QSO: 28089 RY 2014-02-09 0655 RK8I          599 0231   RA0FF         599 0636
QSO: 28080 RY 2014-02-09 0656 RK8I          599 0232   JA2HYD        599 0261
QSO: 28080 RY 2014-02-09 0657 RK8I          599 0233   UR5MBA        599 0038
QSO: 28080 RY 2014-02-09 0658 RK8I          599 0234   JE1VIF        599 0032
QSO: 28080 RY 2014-02-09 0659 RK8I          599 0235   JK2XXK        599 0506
QSO: 28080 RY 2014-02-09 0659 RK8I          599 0236   R1NW          599 0045
QSO: 28080 RY 2014-02-09 0701 RK8I          599 0237   UR6LEY        599 0299
QSO: 28080 RY 2014-02-09 0702 RK8I          599 0238   JA7BME        599 0539
QSO: 28080 RY 2014-02-09 0702 RK8I          599 0239   SV1XV         599 0054
QSO: 28080 RY 2014-02-09 0703 RK8I          599 0240   JA2IXS        599 0082
QSO: 28080 RY 2014-02-09 0703 RK8I          599 0241   JA3JM         599 0275
QSO: 28080 RY 2014-02-09 0705 RK8I          599 0242   JA4FCC        599 0055
QSO: 28080 RY 2014-02-09 0706 RK8I          599 0243   JG2REJ        599 0216
QSO: 28080 RY 2014-02-09 0707 RK8I          599 0244   JE2CPI        599 0079
QSO: 28080 RY 2014-02-09 0707 RK8I          599 0245   UR4EI         599 0060
QSO: 28080 RY 2014-02-09 0708 RK8I          599 0246   UA6JQ         599 0322
QSO: 28080 RY 2014-02-09 0709 RK8I          599 0247   UC6A          599 0843
QSO: 28080 RY 2014-02-09 0709 RK8I          599 0248   RX3MM         599 0046
QSO: 28080 RY 2014-02-09 0710 RK8I          599 0249   UT2AA         599 0281
QSO: 28080 RY 2014-02-09 0711 RK8I          599 0250   JA1BK         599 0001
QSO: 28080 RY 2014-02-09 0712 RK8I          599 0251   R1NW          599 0051
QSO: 28080 RY 2014-02-09 0712 RK8I          599 0252   JA8DWZ        599 0110
QSO: 28080 RY 2014-02-09 0713 RK8I          599 0253   JJ1NYH        599 0335
QSO: 28096 RY 2014-02-09 0714 RK8I          599 0254   JA5JWQ        599 0232
QSO: 28096 RY 2014-02-09 0715 RK8I          599 0255   JH4UTP        599 0222
QSO: 28098 RY 2014-02-09 0716 RK8I          599 0256   UW1M          599 1825
QSO: 28080 RY 2014-02-09 0717 RK8I          599 0257   JF2OZH        599 0026
QSO: 28080 RY 2014-02-09 0718 RK8I          599 0258   A61DJ/QRP     599 0381
QSO: 28080 RY 2014-02-09 0719 RK8I          599 0259   JA6DIJ        599 0280
QSO: 28080 RY 2014-02-09 0719 RK8I          599 0260   R25ZIN        599 0168
QSO: 28080 RY 2014-02-09 0720 RK8I          599 0261   OH3XR         599 0066
QSO: 28080 RY 2014-02-09 0721 RK8I          599 0262   I8IEQ         599 0088
QSO: 28080 RY 2014-02-09 0721 RK8I          599 0263   TA1BM         599 0078
QSO: 28080 RY 2014-02-09 0723 RK8I          599 0264   JH1QQN        599 0090
QSO: 28080 RY 2014-02-09 0723 RK8I          599 0265   LZ8EPK        599 0206
QSO: 28080 RY 2014-02-09 0723 RK8I          599 0266   JA2VHO        599 0568
QSO: 28080 RY 2014-02-09 0724 RK8I          599 0267   JJ1KZZ        599 0019
QSO: 28080 RY 2014-02-09 0724 RK8I          599 0268   JA1XIA        599 0111
QSO: 28080 RY 2014-02-09 0725 RK8I          599 0269   JA4OPW        599 0066
QSO: 28080 RY 2014-02-09 0726 RK8I          599 0270   JR7QIB        599 0021
QSO: 28080 RY 2014-02-09 0727 RK8I          599 0271   JO1WKO        599 0183
QSO: 28080 RY 2014-02-09 0729 RK8I          599 0272   UT7EJ         599 0177
QSO: 28080 RY 2014-02-09 0730 RK8I          599 0273   JA7IC         599 0671
QSO: 28080 RY 2014-02-09 0730 RK8I          599 0274   JE7HYK        599 0387
QSO: 28081 RY 2014-02-09 0925 RK8I          599 0275   IZ2JPN/QRP    599 0127
QSO: 28081 RY 2014-02-09 0925 RK8I          599 0276   EW7LE         599 0125
QSO: 28081 RY 2014-02-09 0928 RK8I          599 0277   EA8CNR        599 0177
QSO: 28085 RY 2014-02-09 0929 RK8I          599 0278   R11ALS        599 0285
QSO: 28101 RY 2014-02-09 0930 RK8I          599 0279   ED8K          599 0209
QSO: 28104 RY 2014-02-09 0933 RK8I          599 0280   SV2BFN        599 0811
QSO: 28086 RY 2014-02-09 0934 RK8I          599 0281   EA1AP         599 0085
QSO: 28111 RY 2014-02-09 0936 RK8I          599 0282   SV9COL        599 0326
QSO: 28083 RY 2014-02-09 0939 RK8I          599 0283   DK0KCQ        599 0264
QSO: 28083 RY 2014-02-09 0940 RK8I          599 0284   I3EVK         599 0098
QSO: 28083 RY 2014-02-09 0941 RK8I          599 0285   RO1B          599 0203
QSO: 28083 RY 2014-02-09 0942 RK8I          599 0286   IW5EIJ        599 0037
QSO: 28083 RY 2014-02-09 0943 RK8I          599 0287   I3JUK         599 0066
QSO: 28083 RY 2014-02-09 0944 RK8I          599 0288   IK3MLF        599 0001
QSO: 28083 RY 2014-02-09 0944 RK8I          599 0289   RK2A          599 0544
QSO: 28083 RY 2014-02-09 0945 RK8I          599 0290   IZ8BRI        599 0276
QSO: 28083 RY 2014-02-09 0945 RK8I          599 0291   Z36N          599 0563
QSO: 28083 RY 2014-02-09 0947 RK8I          599 0292   RV3DBK        599 0152
QSO: 28083 RY 2014-02-09 0947 RK8I          599 0293   IZ8VMV        599 0446
QSO: 28083 RY 2014-02-09 0948 RK8I          599 0294   UZ5U          599 0587
QSO: 28083 RY 2014-02-09 0948 RK8I          599 0295   F6IRG         599 0084
QSO: 28083 RY 2014-02-09 0950 RK8I          599 0296   EA3FHP        599 0299
QSO: 28083 RY 2014-02-09 0950 RK8I          599 0297   PY4ZO         599 0118
QSO: 28083 RY 2014-02-09 0951 RK8I          599 0298   EA1GT/QRP     599 0240
QSO: 28083 RY 2014-02-09 0952 RK8I          599 0299   E73KM         599 0395
QSO: 28083 RY 2014-02-09 0953 RK8I          599 0300   LA5SJA        599 0022
QSO: 28083 RY 2014-02-09 0954 RK8I          599 0301   EI2FG         599 0086
QSO: 28083 RY 2014-02-09 0954 RK8I          599 0302   I2ORX         599 0206
QSO: 28083 RY 2014-02-09 0955 RK8I          599 0303   9A6T          599 0135
QSO: 28083 RY 2014-02-09 0955 RK8I          599 0304   IN3BFW        599 0244
QSO: 28083 RY 2014-02-09 0956 RK8I          599 0305   IK7DXP        599 0080
QSO: 28083 RY 2014-02-09 0958 RK8I          599 0306   YO2LXW        599 0213
QSO: 28083 RY 2014-02-09 0958 RK8I          599 0307   GU0SUP        599 0447
QSO: 28083 RY 2014-02-09 1000 RK8I          599 0308   I6FDJ         599 0039
QSO: 28083 RY 2014-02-09 1001 RK8I          599 0309   I2WDB         599 0401
QSO: 28083 RY 2014-02-09 1002 RK8I          599 0310   F6IHY         599 0074
QSO: 28083 RY 2014-02-09 1004 RK8I          599 0311   EE7Y          599 0762
QSO: 28083 RY 2014-02-09 1004 RK8I          599 0312   IN3HUU        599 0079
QSO: 28083 RY 2014-02-09 1005 RK8I          599 0313   S56A          599 0806
QSO: 28083 RY 2014-02-09 1006 RK8I          599 0314   UA3XO         599 0243
QSO: 28083 RY 2014-02-09 1007 RK8I          599 0315   UT8IM         599 0335
QSO: 28083 RY 2014-02-09 1007 RK8I          599 0316   UA5A          599 2023
QSO: 28083 RY 2014-02-09 1008 RK8I          599 0317   G4JBA         599 0114
QSO: 28083 RY 2014-02-09 1009 RK8I          599 0318   EA3TA         599 0128
QSO: 28083 RY 2014-02-09 1009 RK8I          599 0319   EW8DZ         599 0430
QSO: 28083 RY 2014-02-09 1010 RK8I          599 0320   Z39A          599 0098
QSO: 28083 RY 2014-02-09 1010 RK8I          599 0321   F5GP          599 0084
QSO: 28083 RY 2014-02-09 1011 RK8I          599 0322   TM6M          599 0837
QSO: 28083 RY 2014-02-09 1011 RK8I          599 0323   EA7JW         599 0364
QSO: 28083 RY 2014-02-09 1012 RK8I          599 0324   IK2SAI        599 0552
QSO: 28083 RY 2014-02-09 1013 RK8I          599 0325   F5FJ          599 0003
QSO: 28083 RY 2014-02-09 1013 RK8I          599 0326   IZ2DII        599 0093
QSO: 28083 RY 2014-02-09 1014 RK8I          599 0327   S51A          599 0099
QSO: 28083 RY 2014-02-09 1014 RK8I          599 0328   Z37M          599 1379
QSO: 28083 RY 2014-02-09 1014 RK8I          599 0329   S51MA         599 0417
QSO: 28083 RY 2014-02-09 1015 RK8I          599 0330   LZ2ZY         599 0326
QSO: 28083 RY 2014-02-09 1017 RK8I          599 0331   EW1MA         599 0430
QSO: 28083 RY 2014-02-09 1018 RK8I          599 0332   IQ0TE         599 0183
QSO: 28083 RY 2014-02-09 1018 RK8I          599 0333   E73X          599 0116
QSO: 28083 RY 2014-02-09 1020 RK8I          599 0334   DK5OS         599 1757
QSO: 28083 RY 2014-02-09 1021 RK8I          599 0335   IZ3QFG        599 0039
QSO: 28083 RY 2014-02-09 1022 RK8I          599 0336   DK1W          599 0299
QSO: 28083 RY 2014-02-09 1022 RK8I          599 0337   IZ3ETC        599 0156
QSO: 28083 RY 2014-02-09 1023 RK8I          599 0338   UA3EKK        599 0065
QSO: 28083 RY 2014-02-09 1024 RK8I          599 0339   RA3C          599 0185
QSO: 28083 RY 2014-02-09 1024 RK8I          599 0340   IW3HXR        599 0238
QSO: 28083 RY 2014-02-09 1025 RK8I          599 0341   OM7JG         599 0293
QSO: 28083 RY 2014-02-09 1029 RK8I          599 0342   F4DSK         599 0465
QSO: 28083 RY 2014-02-09 1029 RK8I          599 0343   IV3BCA        599 0464
QSO: 28083 RY 2014-02-09 1031 RK8I          599 0344   IZ6TSA        599 1496
QSO: 28083 RY 2014-02-09 1032 RK8I          599 0345   UY5AX         599 0940
QSO: 28083 RY 2014-02-09 1033 RK8I          599 0346   LZ5XQ         599 0940
QSO: 28083 RY 2014-02-09 1034 RK8I          599 0347   SN8N          599 1463
QSO: 28083 RY 2014-02-09 1035 RK8I          599 0348   HG1S          599 0349
QSO: 28083 RY 2014-02-09 1035 RK8I          599 0349   I0UZF         599 0369
QSO: 28083 RY 2014-02-09 1036 RK8I          599 0350   F5JMI         599 0055
QSO: 28083 RY 2014-02-09 1036 RK8I          599 0351   UR5IHQ        599 0034
QSO: 28083 RY 2014-02-09 1037 RK8I          599 0352   EU1DX         599 0178
QSO: 28083 RY 2014-02-09 1039 RK8I          599 0353   YU1LM/QRP     599 0303
QSO: 28083 RY 2014-02-09 1040 RK8I          599 0354   RA1ALC        599 0679
QSO: 28083 RY 2014-02-09 1041 RK8I          599 0355   9A1A          599 0546
QSO: 28083 RY 2014-02-09 1042 RK8I          599 0356   IT9DF         599 0092
QSO: 28083 RY 2014-02-09 1043 RK8I          599 0357   I4UKS         599 0030
QSO: 28083 RY 2014-02-09 1043 RK8I          599 0358   OM5PA         599 0081
QSO: 28083 RY 2014-02-09 1045 RK8I          599 0359   EE3CVO        599 0179
QSO: 28083 RY 2014-02-09 1045 RK8I          599 0360   RX1CQ         599 0540
QSO: 28083 RY 2014-02-09 1047 RK8I          599 0361   F2AR          599 0380
QSO: 28083 RY 2014-02-09 1050 RK8I          599 0362   RU3XB         599 0277
QSO: 28083 RY 2014-02-09 1050 RK8I          599 0363   IC8POF        599 0031
QSO: 28083 RY 2014-02-09 1051 RK8I          599 0364   LZ2HM         599 0419
QSO: 28089 RY 2014-02-09 1053 RK8I          599 0365   EA2KU         599 1485
QSO: 28096 RY 2014-02-09 1053 RK8I          599 0366   EA2VE/1       599 0664
QSO: 28117 RY 2014-02-09 1054 RK8I          599 0367   EF8S          599 1306
QSO: 28085 RY 2014-02-09 1056 RK8I          599 0368   UP6P          599 1155
QSO: 28120 RY 2014-02-09 1057 RK8I          599 0369   PY2NY         599 0664
QSO: 28081 RY 2014-02-09 1123 RK8I          599 0370   RW3WX         599 0161
QSO: 28081 RY 2014-02-09 1125 RK8I          599 0371   DD2ML         599 0929
QSO: 28081 RY 2014-02-09 1125 RK8I          599 0372   EA3CS         599 0237
QSO: 28081 RY 2014-02-09 1126 RK8I          599 0373   G0CER         599 0240
QSO: 28081 RY 2014-02-09 1126 RK8I          599 0374   RZ3ATG        599 0092
QSO: 28081 RY 2014-02-09 1127 RK8I          599 0375   R3GZ          599 0903
QSO: 28081 RY 2014-02-09 1127 RK8I          599 0376   PD0RKA        599 0231
QSO: 28081 RY 2014-02-09 1128 RK8I          599 0377   PE1CPJ        599 0301
QSO: 28081 RY 2014-02-09 1128 RK8I          599 0378   SQ9S          599 0061
QSO: 28081 RY 2014-02-09 1129 RK8I          599 0379   I0CMD         599 0012
QSO: 28081 RY 2014-02-09 1129 RK8I          599 0380   LY16W         599 0591
QSO: 28081 RY 2014-02-09 1130 RK8I          599 0381   EA1VRR        599 0103
QSO: 28081 RY 2014-02-09 1131 RK8I          599 0382   OK2PCL        599 0117
QSO: 28081 RY 2014-02-09 1132 RK8I          599 0383   SQ8KEZ        599 0060
QSO: 28081 RY 2014-02-09 1133 RK8I          599 0384   OH10A         599 0518
QSO: 28081 RY 2014-02-09 1133 RK8I          599 0385   IK0PEA        599 0140
QSO: 28081 RY 2014-02-09 1135 RK8I          599 0386   PY5VC         599 0004
QSO: 28081 RY 2014-02-09 1136 RK8I          599 0387   7S5S          599 0228
QSO: 28081 RY 2014-02-09 1137 RK8I          599 0388   IT9VCE        599 0385
QSO: 28081 RY 2014-02-09 1138 RK8I          599 0389   EA3FF         599 0221
QSO: 28081 RY 2014-02-09 1139 RK8I          599 0390   EA1SI         599 0423
QSO: 28081 RY 2014-02-09 1139 RK8I          599 0391   LA7XK         599 0016
QSO: 28081 RY 2014-02-09 1140 RK8I          599 0392   CA3SOC        599 0187
QSO: 28081 RY 2014-02-09 1142 RK8I          599 0393   DL5YM         599 0225
QSO: 28081 RY 2014-02-09 1142 RK8I          599 0394   DM5GI         599 0148
QSO: 28081 RY 2014-02-09 1143 RK8I          599 0395   SQ5LTL        599 0392
QSO: 28081 RY 2014-02-09 1144 RK8I          599 0396   DJ9MH         599 0440
QSO: 28081 RY 2014-02-09 1145 RK8I          599 0397   DL6SFR        599 0509
QSO: 28081 RY 2014-02-09 1146 RK8I          599 0398   ED1R          599 2189
QSO: 28081 RY 2014-02-09 1147 RK8I          599 0399   LY1R          599 0298
QSO: 28081 RY 2014-02-09 1147 RK8I          599 0400   DL3XM         599 0039
QSO: 28081 RY 2014-02-09 1148 RK8I          599 0401   DL3KVR        599 0128
QSO: 28081 RY 2014-02-09 1150 RK8I          599 0402   LU7HW         599 0003
QSO: 28081 RY 2014-02-09 1151 RK8I          599 0403   OT7N          599 0172
QSO: 28081 RY 2014-02-09 1151 RK8I          599 0404   EW1EA         599 0052
QSO: 28081 RY 2014-02-09 1152 RK8I          599 0405   DL1ARJ        599 0296
QSO: 28081 RY 2014-02-09 1153 RK8I          599 0406   DK2AT         599 0449
QSO: 28081 RY 2014-02-09 1154 RK8I          599 0407   IT9JOF        599 0320
QSO: 28081 RY 2014-02-09 1155 RK8I          599 0408   IZ3IBL        599 0216
QSO: 28081 RY 2014-02-09 1155 RK8I          599 0409   IK3ASM        599 0028
QSO: 28081 RY 2014-02-09 1158 RK8I          599 0410   LU6DC         599 0333
QSO: 28081 RY 2014-02-09 1158 RK8I          599 0411   LY2SA         599 0138
QSO: 28081 RY 2014-02-09 1159 RK8I          599 0412   OK8DD         599 0100
QSO: 28081 RY 2014-02-09 1200 RK8I          599 0413   DL8VX         599 0017
QSO: 28081 RY 2014-02-09 1201 RK8I          599 0414   YL4U          599 0033
QSO: 28081 RY 2014-02-09 1201 RK8I          599 0415   DL7UGO        599 0125
QSO: 28081 RY 2014-02-09 1202 RK8I          599 0416   EW7SM         599 0436
QSO: 28081 RY 2014-02-09 1203 RK8I          599 0417   GM1C          599 0700
QSO: 28081 RY 2014-02-09 1204 RK8I          599 0418   EW1IP         599 0424
QSO: 28081 RY 2014-02-09 1205 RK8I          599 0419   DL8ZAJ        599 0077
QSO: 28081 RY 2014-02-09 1206 RK8I          599 0420   DM4JK         599 0280
QSO: 28081 RY 2014-02-09 1207 RK8I          599 0421   DJ3IW         599 0202
QSO: 28081 RY 2014-02-09 1208 RK8I          599 0422   I0QGR         599 0025
QSO: 28081 RY 2014-02-09 1209 RK8I          599 0423   IT9AJP        599 0128
QSO: 28081 RY 2014-02-09 1210 RK8I          599 0424   OZ5BAL        599 0421
QSO: 28081 RY 2014-02-09 1211 RK8I          599 0425   RN6DR         599 0122
QSO: 28081 RY 2014-02-09 1212 RK8I          599 0426   UA7G          599 0295
QSO: 28082 RY 2014-02-09 1246 RK8I          599 0427   UT8EL         599 1098
QSO: 28086 RY 2014-02-09 1249 RK8I          599 0428   DO4DXA        599 0493
QSO: 28086 RY 2014-02-09 1253 RK8I          599 0429   DJ1MM         599 0728
QSO: 28093 RY 2014-02-09 1257 RK8I          599 0430   ZV2K          599 1925
END-OF-LOG:
